<?xml version="1.0" encoding="UTF-8"?>
<testResults version="1.2">
<httpSample t="{{\d+}}" it="0" lt="{{\d+}}" ct="{{\d+}}" ts="{{\d+}}" s="true" lb="{{\d+}} /ecommunications_enu_nsm_aps05524a027/start.swe" rc="200" rm="OK" tn="Thread Group 1-1" dt="text" de="utf-8" by="1091" sby="457" sc="1" ec="0" ng="1" na="1" hn="{{.*?}}">
  <responseHeader class="java.lang.String">HTTP/1.1 200 OK
Connection: close
Server: Oracle-iPlanet-Web-Server/7.0
Date: Tue, 23 Jun 2020 12:47:50 GMT
Set-Cookie: _sn=GXmoeGkdwh1O45lrH7mMIZnLMWvqHkVWiQKqDOICOq1fi95anXYMaCRAX879ujDRD9kS4J75N4kGDX576Q2AKmwZPUBih-4NS80Pc1189OxasEbdAsHiEtIhcnCzZ0zWb5V6QpVraL0TTGU4ktkGZq374g8C0pUBRhKVASKeW21TgUW5eIkswq97I-.qG-kr; Version=1; Path=/ecommunications_enu_nsm_aps05524a027/; HTTPOnly
Pragma: no-cache
Pragma: no-cache
Content-Language: en
Cache-Control: no-cache
Content-Type: text/html;charset=utf-8
Matched-Stub-Id: {{\w+-\w+-\w+-\w+-\w+}}
Vary: Accept-Encoding, User-Agent
Content-Encoding: gzip
</responseHeader>
  <requestHeader class="java.lang.String">Connection: close
Accept-Language: en-GB
DNT: 1
Accept-Encoding: gzip, deflate
Accept: image/jpeg, application/x-ms-application, image/gif, application/xaml+xml, image/pjpeg, application/x-ms-xbap, */*
User-Agent: Mozilla/4.0 (compatible; MSIE 7.0; Windows NT 6.3; WOW64; Trident/7.0; .NET4.0E; .NET4.0C; .NET CLR 3.5.30729; .NET CLR 2.0.50727; .NET CLR 3.0.30729)
Host: localhost:8080
</requestHeader>
  <responseData class="java.lang.String">&lt;html&gt;&lt;body&gt;&lt;form action=&quot;/ecommunications_enu_nsm_aps05524a027/start.swe&quot; method=&quot;GET&quot; name=&quot;RedirectForHost&quot;&gt;&lt;input type = &quot;hidden&quot; name=&quot;SWECmd&quot; value=&quot;Login&quot;&gt;&#xd;
&lt;input type = &quot;hidden&quot; name=&quot;SWEBHWND&quot; value=&quot;&quot;&gt;&#xd;
&lt;input type = &quot;hidden&quot; name=&quot;_sn&quot; value=&quot;GXmoeGkdwh1O45lrH7mMIZnLMWvqHkVWiQKqDOICOq1fi95anXYMaCRAX879ujDRD9kS4J75N4kGDX576Q2AKmwZPUBih-4NS80Pc1189OxasEbdAsHiEtIhcnCzZ0zWb5V6QpVraL0TTGU4ktkGZq374g8C0pUBRhKVASKeW21TgUW5eIkswq97I-.qG-kr&quot;&gt;&#xd;
&lt;input type = &quot;hidden&quot; name=&quot;SRN&quot; value=&quot;&quot;&gt;&#xd;
&lt;input type = &quot;hidden&quot; name=&quot;SWEHo&quot; value=&quot;&quot;&gt;&#xd;
&lt;input type = &quot;hidden&quot; name=&quot;SWETS&quot; value=&quot;1592916470&quot;&gt;&#xd;
&lt;/form&gt;&lt;script language=&quot;javascript&quot;&gt;var formObj = document.forms[&quot;RedirectForHost&quot;];formObj.SWEHo.value=top.location.hostname;formObj.submit();&lt;/script&gt;&lt;/body&gt;&lt;/html&gt;</responseData>
  <responseFile class="java.lang.String"></responseFile>
  <cookies class="java.lang.String"></cookies>
  <method class="java.lang.String">GET</method>
  <queryString class="java.lang.String"></queryString>
  <java.net.URL>http://localhost:8080/ecommunications_enu_nsm_aps05524a027/start.swe</java.net.URL>
</httpSample>
<httpSample t="{{\d+}}" it="0" lt="{{\d+}}" ct="{{\d+}}" ts="{{\d+}}" s="true" lb="{{\d+}} /ecommunications_enu_nsm_aps05524a027/start.swe" rc="200" rm="OK" tn="Thread Group 1-1" dt="text" de="utf-8" by="1952" sby="1004" sc="1" ec="0" ng="1" na="1" hn="{{.*?}}">
  <responseHeader class="java.lang.String">HTTP/1.1 200 OK
Connection: close
Server: Oracle-iPlanet-Web-Server/7.0
Date: Tue, 23 Jun 2020 12:47:50 GMT
Content-Language: en
Cache-Control: no-cache, must-revalidate, max-age=0
Pragma: no-cache
Content-Type: text/html;charset=utf-8
Matched-Stub-Id: {{\w+-\w+-\w+-\w+-\w+}}
Vary: Accept-Encoding, User-Agent
Content-Encoding: gzip
</responseHeader>
  <requestHeader class="java.lang.String">Connection: close
Referer: http://localhost:8080/ecommunications_enu_nsm_aps05524a027/start.swe?
Accept-Language: en-GB
DNT: 1
Accept-Encoding: gzip, deflate
Accept: image/jpeg, application/x-ms-application, image/gif, application/xaml+xml, image/pjpeg, application/x-ms-xbap, */*
User-Agent: Mozilla/4.0 (compatible; MSIE 7.0; Windows NT 6.3; WOW64; Trident/7.0; .NET4.0E; .NET4.0C; .NET CLR 3.5.30729; .NET CLR 2.0.50727; .NET CLR 3.0.30729)
Host: localhost:8080
</requestHeader>
  <responseData class="java.lang.String">&lt;html &gt;&lt;head&gt;&lt;title&gt;oneView Client&lt;/title&gt;&lt;link href=&quot;files/main.css&quot; rel=&quot;stylesheet&quot;&gt;&lt;script language=&quot;javascript&quot; src=&quot;23048/scripts/login.js&quot;&gt;&lt;/script&gt;

&lt;script language=&quot;javascript&quot; src=&quot;23048/scripts/swecommon_top.js&quot;&gt;&lt;/script&gt; 
&lt;script language=&quot;javascript&quot; src=&quot;23048/scripts/swecommon.js&quot;&gt;&lt;/script&gt; 
&lt;script language=&quot;javascript&quot; src=&quot;23048/scripts/swecmn_hi_top.js&quot;&gt;&lt;/script&gt; 
&lt;script language=&quot;javascript&quot; src=&quot;23048/scripts/swecmn_hi.js&quot;&gt;&lt;/script&gt; 
&lt;/head&gt;&lt;body class=&quot;loginBody&quot; leftmargin=&quot;0&quot; topmargin=&quot;118&quot; marginwidth=&quot;0&quot; marginheight=&quot;118&quot; onunload=&quot;pwdcleaner()&quot;&gt;&lt;script&gt;
if(typeof(top._swescript)!=&apos;undefined&apos;&amp;&amp;top._swescript!=null) top._swescript.InitFrame(this);&lt;/script&gt;
&lt;table class=&quot;loginImage&quot; border=&quot;0&quot; cellpadding=&quot;0&quot; cellspacing=&quot;0&quot; align=&quot;center&quot;&gt;&lt;TR&gt;&lt;td class=loginFirstRow&gt;&lt;table cellspacing=0 cellpadding=0 border=0&gt;&lt;tr&gt;&lt;TD height=62 width=500&gt;&amp;nbsp;&lt;/TD&gt;&lt;TD height=62 width=17&gt;&amp;nbsp;&lt;/TD&gt;&lt;/tr&gt;&lt;/table&gt;&lt;/td&gt;&lt;/TR&gt;&lt;tr&gt;&lt;td class=loginSecondRow&gt;&lt;table cellspacing=0 cellpadding=0 border=0&gt;&lt;tr&gt;&lt;td rowspan=2 width=26 height=199&gt;&amp;nbsp;&lt;/td&gt;&lt;td height=50 width=391&gt;&amp;nbsp;&lt;/td&gt;&lt;td rowspan=2&gt;&lt;IMG height=199 width=272 src=&quot;images/globe77_d.gif&quot;&gt;&lt;/TD&gt;&lt;/tr&gt;&lt;tr&gt;&lt;td class=loginAppTitle valign=top&gt;oneView Client&amp;nbsp;&lt;/td&gt;&lt;/tr&gt;&lt;/table&gt;&lt;/td&gt;&lt;/tr&gt;&lt;tr&gt;&lt;td class=loginThirdRow&gt;&lt;IMG src=&quot;images/spacer.gif&quot;&gt;&lt;/td&gt;&lt;/tr&gt;&lt;form name=&quot;SWEEntryForm&quot; method=&quot;post&quot; action=&quot;/ecommunications_enu_nsm_aps05524a027/start.swe&quot; target=&apos;_top&apos;&gt;
&lt;tr&gt;&lt;td class=loginFourthRow&gt;&lt;table cellspacing=0 cellpadding=0 border=0&gt;&lt;tr&gt;&lt;td width=26 rowspan=2&gt;&amp;nbsp;&lt;/td&gt;&lt;td width=200 height=95 valign=bottom&gt;&lt;div class=loginCopy&gt;Copyright Â© 1994-2012, Oracle Corporation and/or its affiliates.&lt;br&gt;&lt;br&gt;All rights reserved. Oracle is a registered trademark of Oracle Corporation and/or its affiliates. Other names may be trademarks of their respective owners.&lt;br&gt;&lt;/div&gt;&lt;/td&gt;&lt;td width=60 rowspan=2&gt;&amp;nbsp;&lt;/td&gt;&lt;td rowspan=2&gt;&lt;table width=403 cellspacing=4 cellpadding=0 border=0&gt;&lt;tr&gt;&lt;td class=loginLabel&gt;User ID:&lt;/td&gt;&lt;td class=loginField&gt;&lt;input type=&quot;text&quot; name=&apos;SWEUserName&apos; value=&apos;&apos; tabindex=1 size=10 maxlength=100 title=&quot;&quot;  id=&apos;s_swepi_1&apos;&gt;&lt;/td&gt;&lt;td width=12 rowspan=2&gt;&amp;nbsp;&lt;/td&gt;&lt;td valign=middle rowspan=2&gt;&lt;a href=&apos;JavaScript:void(0)&apos; onclick=&apos;SWEExecuteLogin(document.SWEEntryForm,&quot;/ecommunications_enu_nsm_aps05524a027/start.swe&quot;,&quot;&quot;); return false;&apos;  tabindex=4 id=&apos;s_swepi_22&apos;&gt;&lt;IMG SRC=&quot;images/login77_d.gif&quot; border=&quot;0&quot; alt=&quot;Login&quot;&gt;&lt;/a&gt;&lt;/TD&gt;&lt;td width=54 rowspan=2&gt;&amp;nbsp;&lt;/td&gt;&lt;/tr&gt;&lt;tr&gt;&lt;td class=loginLabel&gt;Password:&lt;/td&gt;&lt;td class=loginField&gt;&lt;input type=password name=&apos;SWEPassword&apos; autocomplete = &quot;off&quot; tabindex=2 size=10 maxlength=100 title=&quot;&quot;  id=&apos;s_swepi_2&apos;&gt;&lt;/TD&gt;&lt;/tr&gt;&lt;tr&gt;&lt;td width=158&gt;&amp;nbsp;&lt;/td&gt;&lt;td colspan=4 class=loginText&gt;&amp;nbsp;&lt;/TD&gt;&lt;/tr&gt;&lt;/table&gt;&lt;/td&gt;&lt;/tr&gt;&lt;tr&gt;&lt;td width=200 height=20&gt;&amp;nbsp;&lt;/td&gt;&lt;/tr&gt;&lt;/table&gt;&lt;/td&gt;&lt;/tr&gt;&lt;span id=&apos;s_0&apos;&gt;&lt;/span&gt;&lt;/form&gt;
&lt;/table&gt;&lt;script&gt;

SWEIsHighInteract = true; Top().SWEIsHighInteract = true;
var s_0 = new Array(&apos;SWEFo&apos;,&apos;SWENeedContext&apos;,&apos;SWENoHttpRedir&apos;,&apos;SWECmd&apos;,&apos;W&apos;,&apos;SWESPNR&apos;,&apos;SWESPNH&apos;,&apos;SWEH&apos;,&apos;SWEC&apos;,&apos;SWEW&apos;,&apos;SWEBID&apos;,&apos;SRN&apos;,&apos;SWETS&apos;,&apos;SWEWN&apos;);
if (typeof(top._samePage) != &apos;undefined&apos; &amp;&amp; top._samePage!=&quot;&quot;) top._samePage = &quot;&quot;;

g_bInitialized = true;

if(typeof(Top()._swe)!=&quot;undefined&quot;){Top()._swe._sweapp.S_App.ProcessRPCInfo(&quot;@0`1`4`1``0`UC`1`Status`Completed`SWEC`1`SRN``3`0`hui`0`n`NSM Login Page`hnact`top._swescript.SWETargetGotoURL(&amp;quot;/ecommunications_enu_nsm_aps05524a027/start.swe?SWEPage=NSM+Login+Page&amp;amp;SWENeedContext=false&amp;amp;SWECmd=GotoPage&amp;amp;SWEC=1&amp;amp;SRN=&amp;quot;, &amp;quot;_sweview&amp;quot;\)`hisp`1`&quot;);}

document.SWEEntryForm.SWEPassword.onkeypress = SWESubmitOnEnter;
c_h(&quot;s_0&quot;,s_0,new Array(&apos;SWEEntryForm&apos;,&apos;false&apos;,&apos;false&apos;,&apos;ExecuteLogin&apos;,&apos;t&apos;,&apos;&apos;,&apos;&apos;,&apos;&apos;,&apos;1&apos;,&apos;&apos;,&apos;-1&apos;,&apos;&apos;,&apos;&apos;,&apos;&apos;));
&lt;/script&gt;
&lt;script for=window event=onunload&gt;
if (Top() != top) App().SetLayoutUnloaded(&quot;PopupSI&quot;, &quot;&quot;);

&lt;/script&gt;
&lt;script for=window event=onload&gt;
if (Top() != top) App().SetLayoutLoaded(&quot;PopupSI&quot;, &quot;&quot;, window);

&lt;/script&gt;
&lt;script language=&quot;JavaScript&quot;&gt;userfocus()&lt;/script&gt;&lt;/body&gt;&lt;/html&gt;</responseData>
  <responseFile class="java.lang.String"></responseFile>
  <cookies class="java.lang.String">_sn=GXmoeGkdwh1O45lrH7mMIZnLMWvqHkVWiQKqDOICOq1fi95anXYMaCRAX879ujDRD9kS4J75N4kGDX576Q2AKmwZPUBih-4NS80Pc1189OxasEbdAsHiEtIhcnCzZ0zWb5V6QpVraL0TTGU4ktkGZq374g8C0pUBRhKVASKeW21TgUW5eIkswq97I-.qG-kr</cookies>
  <method class="java.lang.String">GET</method>
  <queryString class="java.lang.String"></queryString>
  <java.net.URL>http://localhost:8080/ecommunications_enu_nsm_aps05524a027/start.swe?SWECmd=Login&amp;SWEBHWND=&amp;_sn=GXmoeGkdwh1O45lrH7mMIZnLMWvqHkVWiQKqDOICOq1fi95anXYMaCRAX879ujDRD9kS4J75N4kGDX576Q2AKmwZPUBih-4NS80Pc1189OxasEbdAsHiEtIhcnCzZ0zWb5V6QpVraL0TTGU4ktkGZq374g8C0pUBRhKVASKeW21TgUW5eIkswq97I-.qG-kr&amp;SRN=&amp;SWEHo=aps05524w008&amp;SWETS={{\d+}}</java.net.URL>
</httpSample>
<httpSample t="{{\d+}}" it="0" lt="{{\d+}}" ct="{{\d+}}" ts="{{\d+}}" s="true" lb="{{\d+}} /ecommunications_enu_nsm_aps05524a027/start.swe" rc="200" rm="OK" tn="Thread Group 1-1" dt="text" de="utf-8" by="660" sby="1308" sc="1" ec="0" ng="1" na="1" hn="{{.*?}}">
  <responseHeader class="java.lang.String">HTTP/1.1 200 OK
Connection: close
Server: Oracle-iPlanet-Web-Server/7.0
Date: Tue, 23 Jun 2020 12:48:51 GMT
Cache-Control: no-cache, must-revalidate, max-age=0
Pragma: no-cache
Content-Type: text/html;charset=utf-8
Matched-Stub-Id: {{\w+-\w+-\w+-\w+-\w+}}
Vary: Accept-Encoding, User-Agent
Content-Encoding: gzip
</responseHeader>
  <requestHeader class="java.lang.String">Connection: close
Referer: http://localhost:8080/ecommunications_enu_nsm_aps05524a027/start.swe?SWECmd=Login&amp;SWEBHWND=&amp;_sn=GXmoeGkdwh1O45lrH7mMIZnLMWvqHkVWiQKqDOICOq1fi95anXYMaCRAX879ujDRD9kS4J75N4kGDX576Q2AKmwZPUBih-4NS80Pc1189OxasEbdAsHiEtIhcnCzZ0zWb5V6QpVraL0TTGU4ktkGZq374g8C0pUBRhKVASKeW21TgUW5eIkswq97I-.qG-kr&amp;SRN=&amp;SWEHo=aps05524w008&amp;SWETS={{\d+}}
Accept-Language: en-GB
DNT: 1
Pragma: no-cache
Accept: image/jpeg, application/x-ms-application, image/gif, application/xaml+xml, image/pjpeg, application/x-ms-xbap, */*
Content-Type: application/x-www-form-urlencoded
Accept-Encoding: gzip, deflate
User-Agent: Mozilla/4.0 (compatible; MSIE 7.0; Windows NT 6.3; WOW64; Trident/7.0; .NET4.0E; .NET4.0C; .NET CLR 3.5.30729; .NET CLR 2.0.50727; .NET CLR 3.0.30729)
Content-Length: 216
Host: localhost:8080
</requestHeader>
  <responseData class="java.lang.String">&lt;html&gt;&#xd;
  &lt;head&gt;&#xd;
    &lt;title&gt;      
oneView Client
&lt;/title&gt;&#xd;
  &lt;/head&gt;&#xd;
  &lt;body&gt;
    &lt;script language=&quot;JavaScript&quot;&gt; 
if(window.sessionStorage){ &#xd;
 window.sessionStorage.setItem(&quot;isEligible&quot;,&quot;0&quot;);&#xd;
}
   this.location.replace (&quot;/ecommunications_enu_nsm_aps05524a027/start.swe?SWECmd=Login&amp;SWEPL=1&amp;SRN=xK7T2pIB2ZOV15hwlQxQF5reKcoUB8VpMTZr7we8uAEb&amp;SWETS={{\d+}}&quot;);&#xd;
    &lt;/script&gt;&#xd;
  &lt;/body&gt;&#xd;
&lt;/html&gt;
&lt;script&gt;
&lt;/script&gt;
</responseData>
  <responseFile class="java.lang.String"></responseFile>
  <cookies class="java.lang.String">_sn=GXmoeGkdwh1O45lrH7mMIZnLMWvqHkVWiQKqDOICOq1fi95anXYMaCRAX879ujDRD9kS4J75N4kGDX576Q2AKmwZPUBih-4NS80Pc1189OxasEbdAsHiEtIhcnCzZ0zWb5V6QpVraL0TTGU4ktkGZq374g8C0pUBRhKVASKeW21TgUW5eIkswq97I-.qG-kr</cookies>
  <method class="java.lang.String">POST</method>
  <queryString class="java.lang.String">SWEUserName=BB_CCPEIM5000&amp;SWEPassword=Sc0tland%23975&amp;SWEFo=SWEEntryForm&amp;SWENeedContext=false&amp;SWENoHttpRedir=false&amp;SWECmd=ExecuteLogin&amp;W=t&amp;SWESPNR=&amp;SWESPNH=&amp;SWEH=&amp;SWEC=0&amp;SWEW=&amp;SWEBID=-1&amp;SRN=&amp;SWETS={{\d+}}&amp;SWEWN=</queryString>
  <java.net.URL>http://localhost:8080/ecommunications_enu_nsm_aps05524a027/start.swe</java.net.URL>
</httpSample>
<httpSample t="{{\d+}}" it="0" lt="{{\d+}}" ct="{{\d+}}" ts="{{\d+}}" s="true" lb="{{\d+}} /ecommunications_enu_nsm_aps05524a027/start.swe" rc="200" rm="OK" tn="Thread Group 1-1" dt="text" de="utf-8" by="1552" sby="832" sc="1" ec="0" ng="1" na="1" hn="{{.*?}}">
  <responseHeader class="java.lang.String">HTTP/1.1 200 OK
Connection: close
Server: Oracle-iPlanet-Web-Server/7.0
Date: Tue, 23 Jun 2020 12:48:52 GMT
Content-Language: en
Cache-Control: no-cache
Content-Type: text/html;charset=utf-8
Matched-Stub-Id: {{\w+-\w+-\w+-\w+-\w+}}
Vary: Accept-Encoding, User-Agent
Content-Encoding: gzip
</responseHeader>
  <requestHeader class="java.lang.String">Connection: close
Referer: http://localhost:8080/ecommunications_enu_nsm_aps05524a027/start.swe
Accept-Language: en-GB
DNT: 1
Accept-Encoding: gzip, deflate
Accept: image/jpeg, application/x-ms-application, image/gif, application/xaml+xml, image/pjpeg, application/x-ms-xbap, */*
User-Agent: Mozilla/4.0 (compatible; MSIE 7.0; Windows NT 6.3; WOW64; Trident/7.0; .NET4.0E; .NET4.0C; .NET CLR 3.5.30729; .NET CLR 2.0.50727; .NET CLR 3.0.30729)
Host: localhost:8080
</requestHeader>
  <responseData class="java.lang.String">&lt;html  OT=&apos;SiebWebMainWindow&apos;&gt;
&lt;head&gt;
&lt;title&gt;oneView Client&lt;/title&gt;
&lt;script&gt;document.cookie=&apos;_srn=;expires=Thu, 01 Jan 0000 00:00:00 GMT;&apos;;&lt;/script&gt;&lt;script&gt;var strWindowId = &quot;xK7T2pIB2ZOV15hwlQxQF5reKcoUB8VpMTZr7we8uAEb&quot;;&lt;/script&gt;
&lt;script for=&quot;window&quot; event=&quot;onload&quot; language=&quot;javascript&quot;&gt;HideWait();OnAppReady();&lt;/script&gt;&lt;script language=&quot;javascript&quot;&gt;var winWait = null;function ShowWait(){winWait = window.showModelessDialog(&quot;wait.html&quot;, null, &quot;dialogHeight:127px;dialogWidth:266px;center:yes;help:no;resizable:no;scroll:no;status:no&quot;);}function HideWait(){winWait.close();}ShowWait();&lt;/script&gt;&lt;/head&gt;
&lt;LINK REL=&apos;stylesheet&apos; TYPE=&apos;text/css&apos; HREF=&apos;files/jctrls.css&apos; /&gt;&lt;script language=&quot;javascript&quot;&gt;top._swescript = window;&lt;/script&gt;&lt;script language=&quot;javascript&quot; src=&quot;23048/scripts/rtcEditor.js&quot;&gt;&lt;/script&gt;&lt;script language=&quot;javascript&quot; src=&quot;23048/scripts/swecommon_top.js&quot;&gt;&lt;/script&gt;&lt;script language=&quot;javascript&quot; src=&quot;23048/scripts/swecommon.js&quot;&gt;&lt;/script&gt;&lt;script language=&quot;javascript&quot; src=&quot;23048/scripts/navctrl.js&quot;&gt;&lt;/script&gt;&lt;script language=&quot;javascript&quot; src=&quot;23048/scripts/sweutil_keyboard.js&quot;&gt;&lt;/script&gt;&lt;script language=&quot;javascript&quot; src=&quot;23048/scripts/swecmn_hi_top.js&quot;&gt;&lt;/script&gt;&lt;script language=&quot;javascript&quot; src=&quot;23048/scripts/objbase.js&quot;&gt;&lt;/script&gt;&lt;script language=&quot;javascript&quot; src=&quot;23048/scripts/appearance.js&quot;&gt;&lt;/script&gt;&lt;script language=&quot;javascript&quot; src=&quot;23048/scripts/busobjshadow.js&quot;&gt;&lt;/script&gt;&lt;script language=&quot;javascript&quot; src=&quot;23048/scripts/buscompshadow.js&quot;&gt;&lt;/script&gt;&lt;script language=&quot;javascript&quot; src=&quot;23048/scripts/appletshadow.js&quot;&gt;&lt;/script&gt;&lt;script language=&quot;javascript&quot; src=&quot;23048/scripts/toolbar.js&quot;&gt;&lt;/script&gt;&lt;script language=&quot;javascript&quot; src=&quot;23048/scripts/serviceshadow.js&quot;&gt;&lt;/script&gt;&lt;script language=&quot;javascript&quot; src=&quot;23048/scripts/alarm.js&quot;&gt;&lt;/script&gt;&lt;script language=&quot;javascript&quot; src=&quot;23048/scripts/applicationshadow.js&quot;&gt;&lt;/script&gt;&lt;script language=&quot;javascript&quot; src=&quot;23048/scripts/trainingQueue.js&quot;&gt;&lt;/script&gt;&lt;a id=&quot;jsIncludes&quot;&gt;&lt;/a&gt;
&lt;script for=window event=onstop&gt;SetBusy(false);&lt;/script&gt;
&lt;script&gt;this.ConfirmDeleteMessage =&apos;Are you sure you want to delete this record?&apos;&lt;/script&gt;&lt;script&gt; this.focus(); &lt;/script&gt;
&lt;script&gt;
//&lt;!-- 
var cmdMap = new Array();
cmdMap[cmdMap.length] = { Key:&quot;011221&quot;, Method:&quot;NextApplet&quot;, Applet:&quot;&quot;, Service:&quot;&quot;, Argument:&quot;&quot;};
cmdMap[cmdMap.length] = { Key:&quot;110221&quot;, Method:&quot;NextApplet&quot;, Applet:&quot;&quot;, Service:&quot;&quot;, Argument:&quot;&quot;};
cmdMap[cmdMap.length] = { Key:&quot;011219&quot;, Method:&quot;PrevApplet&quot;, Applet:&quot;&quot;, Service:&quot;&quot;, Argument:&quot;&quot;};
cmdMap[cmdMap.length] = { Key:&quot;110219&quot;, Method:&quot;PrevApplet&quot;, Applet:&quot;&quot;, Service:&quot;&quot;, Argument:&quot;&quot;};
cmdMap[cmdMap.length] = { Key:&quot;11086&quot;, Method:&quot;ViewList&quot;, Applet:&quot;&quot;, Service:&quot;&quot;, Argument:&quot;&quot;};
cmdMap[cmdMap.length] = { Key:&quot;011187&quot;, Method:&quot;NextFrame&quot;, Applet:&quot;&quot;, Service:&quot;&quot;, Argument:&quot;&quot;};
cmdMap[cmdMap.length] = { Key:&quot;110187&quot;, Method:&quot;NextFrame&quot;, Applet:&quot;&quot;, Service:&quot;&quot;, Argument:&quot;&quot;};
cmdMap[cmdMap.length] = { Key:&quot;011189&quot;, Method:&quot;PrevFrame&quot;, Applet:&quot;&quot;, Service:&quot;&quot;, Argument:&quot;&quot;};
cmdMap[cmdMap.length] = { Key:&quot;110189&quot;, Method:&quot;PrevFrame&quot;, Applet:&quot;&quot;, Service:&quot;&quot;, Argument:&quot;&quot;};
cmdMap[cmdMap.length] = { Key:&quot;11071&quot;, Method:&quot;GotoAppletMenu&quot;, Applet:&quot;&quot;, Service:&quot;&quot;, Argument:&quot;&quot;};
cmdMap[cmdMap.length] = { Key:&quot;11077&quot;, Method:&quot;GotoAppletMenu&quot;, Applet:&quot;&quot;, Service:&quot;&quot;, Argument:&quot;&quot;};
cmdMap[cmdMap.length] = { Key:&quot;01177&quot;, Method:&quot;GotoApplicationMenu&quot;, Applet:&quot;&quot;, Service:&quot;&quot;, Argument:&quot;&quot;};
cmdMap[cmdMap.length] = { Key:&quot;11084&quot;, Method:&quot;GotoScrnTab&quot;, Applet:&quot;&quot;, Service:&quot;&quot;, Argument:&quot;&quot;};
cmdMap[cmdMap.length] = { Key:&quot;01184&quot;, Method:&quot;GotoViewTab&quot;, Applet:&quot;&quot;, Service:&quot;&quot;, Argument:&quot;&quot;};
cmdMap[cmdMap.length] = { Key:&quot;100113&quot;, Method:&quot;GotoCTIToolBar&quot;, Applet:&quot;&quot;, Service:&quot;&quot;, Argument:&quot;&quot;};
cmdMap[cmdMap.length] = { Key:&quot;110114&quot;, Method:&quot;GotoMessageBar&quot;, Applet:&quot;&quot;, Service:&quot;&quot;, Argument:&quot;&quot;};
cmdMap[cmdMap.length] = { Key:&quot;01186&quot;, Method:&quot;GotoSubViewTab&quot;, Applet:&quot;&quot;, Service:&quot;&quot;, Argument:&quot;&quot;};
cmdMap[cmdMap.length] = { Key:&quot;11082&quot;, Method:&quot;GotoReportsMenu&quot;, Applet:&quot;&quot;, Service:&quot;&quot;, Argument:&quot;&quot;};

//--&gt;
&lt;/script&gt;
&lt;frameset id=frset1 rows=&apos;100%,0%&apos; border=&apos;0&apos; frameborder=&apos;No&apos; onload=&apos;if (navigator.userAgent.toUpperCase().match(/MAC/)){frset1.rows=&quot;*,0&quot;}&apos;&gt;
&lt;frame name=&quot;_sweclient&quot; src=&quot;javascript:&apos;&lt;!--1592916532--&gt;&apos;&quot; marginheight=&apos;0&apos; marginwidth=&apos;0&apos; noresize scrolling=&apos;No&apos;&gt;
&lt;frame name=&quot;_swe&quot; title=&quot;&quot; src=&quot;http://localhost:8080/ecommunications_enu_nsm_aps05524a027/start.swe?SWECmd=GetCachedFrame&amp;SWEACn=23534&amp;SWEC=3&amp;SWEFrame=top._swe&amp;SRN=xK7T2pIB2ZOV15hwlQxQF5reKcoUB8VpMTZr7we8uAEb&quot; marginheight=&apos;0&apos; marginwidth=&apos;0&apos; noresize scrolling=&apos;No&apos; tabindex=-1&gt;
&lt;/frameset&gt;
&lt;/html&gt;
</responseData>
  <responseFile class="java.lang.String"></responseFile>
  <cookies class="java.lang.String">_sn=GXmoeGkdwh1O45lrH7mMIZnLMWvqHkVWiQKqDOICOq1fi95anXYMaCRAX879ujDRD9kS4J75N4kGDX576Q2AKmwZPUBih-4NS80Pc1189OxasEbdAsHiEtIhcnCzZ0zWb5V6QpVraL0TTGU4ktkGZq374g8C0pUBRhKVASKeW21TgUW5eIkswq97I-.qG-kr</cookies>
  <method class="java.lang.String">GET</method>
  <queryString class="java.lang.String"></queryString>
  <java.net.URL>http://localhost:8080/ecommunications_enu_nsm_aps05524a027/start.swe?SWECmd=Login&amp;SWEPL=1&amp;SRN=xK7T2pIB2ZOV15hwlQxQF5reKcoUB8VpMTZr7we8uAEb&amp;SWETS={{\d+}}</java.net.URL>
</httpSample>
<httpSample t="{{\d+}}" it="0" lt="{{\d+}}" ct="{{\d+}}" ts="{{\d+}}" s="true" lb="{{\d+}} /ecommunications_enu_nsm_aps05524a027/wait.html" rc="200" rm="OK" tn="Thread Group 1-1" dt="text" de="iso-8859-1" by="576" sby="552" sc="1" ec="0" ng="1" na="1" hn="{{.*?}}">
  <responseHeader class="java.lang.String">HTTP/1.1 200 OK
Connection: close
Server: Oracle-iPlanet-Web-Server/7.0
Date: Tue, 23 Jun 2020 12:48:52 GMT
Content-Type: text/html
Last-Modified: Sat, 16 Apr 2016 01:56:25 GMT
ETag: &quot;237-57119bc9--gzip&quot;
Accept-Ranges: bytes
Connection: close
Matched-Stub-Id: {{\w+-\w+-\w+-\w+-\w+}}
Vary: Accept-Encoding, User-Agent
Content-Encoding: gzip
</responseHeader>
  <requestHeader class="java.lang.String">Connection: close
Accept-Language: en-GB
DNT: 1
Accept-Encoding: gzip, deflate
Accept: */*
User-Agent: Mozilla/4.0 (compatible; MSIE 7.0; Windows NT 6.3; WOW64; Trident/7.0; .NET4.0E; .NET4.0C; .NET CLR 3.5.30729; .NET CLR 2.0.50727; .NET CLR 3.0.30729)
Host: localhost:8080
</requestHeader>
  <responseData class="java.lang.String">&lt;HTML&gt;
&lt;HEAD&gt;
&lt;TITLE&gt;Launching...&amp;nbsp;&amp;nbsp;&amp;nbsp;&amp;nbsp;&amp;nbsp;&amp;nbsp;&amp;nbsp;&amp;nbsp;&amp;nbsp;&amp;nbsp;&amp;nbsp;&amp;nbsp;&amp;nbsp;&amp;nbsp;&amp;nbsp;&amp;nbsp;&amp;nbsp;&amp;nbsp;&amp;nbsp;&amp;nbsp;&amp;nbsp;&amp;nbsp;&amp;nbsp;&amp;nbsp;&amp;nbsp;&amp;nbsp;&amp;nbsp;&amp;nbsp;&amp;nbsp;&amp;nbsp;&amp;nbsp;&amp;nbsp;&amp;nbsp;&amp;nbsp;&amp;nbsp;&amp;nbsp;&amp;nbsp;&amp;nbsp;&amp;nbsp;&amp;nbsp;&amp;nbsp;&amp;nbsp;&amp;nbsp;&amp;nbsp;&amp;nbsp;&amp;nbsp;&amp;nbsp;&amp;nbsp;&amp;nbsp;&amp;nbsp;&amp;nbsp;&amp;nbsp;&amp;nbsp;&amp;nbsp;&amp;nbsp;&amp;nbsp;&amp;nbsp;&amp;nbsp;&amp;nbsp;&amp;nbsp;&lt;/TITLE&gt;
&lt;META HTTP-EQUIV=&quot;Content-Type&quot; CONTENT=&quot;text/html; charset=iso-8859-1&quot;&gt;
&lt;/HEAD&gt;
&lt;BODY&gt;
&lt;IMG SRC=&quot;images/launch_window_anim.gif&quot; WIDTH=262 HEIGHT=98&gt;
&lt;/BODY&gt;
&lt;/HTML&gt;</responseData>
  <responseFile class="java.lang.String"></responseFile>
  <cookies class="java.lang.String">_sn=GXmoeGkdwh1O45lrH7mMIZnLMWvqHkVWiQKqDOICOq1fi95anXYMaCRAX879ujDRD9kS4J75N4kGDX576Q2AKmwZPUBih-4NS80Pc1189OxasEbdAsHiEtIhcnCzZ0zWb5V6QpVraL0TTGU4ktkGZq374g8C0pUBRhKVASKeW21TgUW5eIkswq97I-.qG-kr</cookies>
  <method class="java.lang.String">GET</method>
  <queryString class="java.lang.String"></queryString>
  <java.net.URL>http://localhost:8080/ecommunications_enu_nsm_aps05524a027/wait.html</java.net.URL>
</httpSample>
<httpSample t="{{\d+}}" it="0" lt="{{\d+}}" ct="{{\d+}}" ts="{{\d+}}" s="true" lb="{{\d+}} /ecommunications_enu_nsm_aps05524a027/start.swe" rc="200" rm="OK" tn="Thread Group 1-1" dt="text" de="utf-8" by="693" sby="941" sc="1" ec="0" ng="1" na="1" hn="{{.*?}}">
  <responseHeader class="java.lang.String">HTTP/1.1 200 OK
Connection: close
Server: Oracle-iPlanet-Web-Server/7.0
Date: Tue, 23 Jun 2020 12:48:52 GMT
Content-Language: en
Cache-Control: private
Content-Type: text/html;charset=utf-8
Matched-Stub-Id: {{\w+-\w+-\w+-\w+-\w+}}
Vary: Accept-Encoding, User-Agent
Content-Encoding: gzip
</responseHeader>
  <requestHeader class="java.lang.String">Connection: close
Referer: http://localhost:8080/ecommunications_enu_nsm_aps05524a027/start.swe?SWECmd=Login&amp;SWEPL=1&amp;SRN=xK7T2pIB2ZOV15hwlQxQF5reKcoUB8VpMTZr7we8uAEb&amp;SWETS={{\d+}}
Accept-Language: en-GB
DNT: 1
Accept-Encoding: gzip, deflate
Accept: image/jpeg, application/x-ms-application, image/gif, application/xaml+xml, image/pjpeg, application/x-ms-xbap, */*
User-Agent: Mozilla/4.0 (compatible; MSIE 7.0; Windows NT 6.3; WOW64; Trident/7.0; .NET4.0E; .NET4.0C; .NET CLR 3.5.30729; .NET CLR 2.0.50727; .NET CLR 3.0.30729)
Host: localhost:8080
</requestHeader>
  <responseData class="java.lang.String">&lt;html&gt;
&lt;script&gt;
top.swe = window;
&lt;/script&gt;
&lt;frameset cols=&apos;*,*,*,*,*&apos;&gt;
&lt;frame name=&quot;_sweapp&quot; src=&quot;http://localhost:8080/ecommunications_enu_nsm_aps05524a027/start.swe?SWECmd=GetCachedFrame&amp;SWEACn=23534&amp;SWEC=3&amp;SWEFrame=top._swe._sweapp&amp;SRN=xK7T2pIB2ZOV15hwlQxQF5reKcoUB8VpMTZr7we8uAEb&quot; marginheight=&apos;0&apos; marginwidth=&apos;0&apos; noresize scrolling=&apos;No&apos; frameborder=&apos;Yes&apos;&gt;
&lt;frame name=&quot;_swetemp&quot; src=&quot;javascript:&apos;&lt;!--1592916532--&gt;&apos;&quot; marginheight=&apos;0&apos; marginwidth=&apos;0&apos; noresize scrolling=&apos;No&apos; frameborder=&apos;Yes&apos;&gt;
&lt;frame name=&quot;_viewshadow&quot; src=&quot;blank.htm&quot; marginheight=&apos;0&apos; marginwidth=&apos;0&apos; noresize scrolling=&apos;No&apos; frameborder=&apos;Yes&apos;&gt;
&lt;frame name=&quot;_sweattachment&quot; src=&quot;http://localhost:8080/ecommunications_enu_nsm_aps05524a027/start.swe?SWECmd=GetCachedFrame&amp;SWEACn=23534&amp;SWEC=3&amp;SWEFrame=top._swe._sweattachment&amp;SRN=xK7T2pIB2ZOV15hwlQxQF5reKcoUB8VpMTZr7we8uAEb&quot; marginheight=&apos;0&apos; marginwidth=&apos;0&apos; noresize scrolling=&apos;No&apos; frameborder=&apos;Yes&apos;&gt;
&lt;frame name=&quot;_swehist&quot; src=&quot;javascript:&apos;&lt;!--1592916532--&gt;&apos;&quot; marginheight=&apos;0&apos; marginwidth=&apos;0&apos; noresize scrolling=&apos;No&apos; frameborder=&apos;Yes&apos;&gt;
&lt;/frameset&gt;
&lt;/html&gt;
</responseData>
  <responseFile class="java.lang.String"></responseFile>
  <cookies class="java.lang.String">_sn=GXmoeGkdwh1O45lrH7mMIZnLMWvqHkVWiQKqDOICOq1fi95anXYMaCRAX879ujDRD9kS4J75N4kGDX576Q2AKmwZPUBih-4NS80Pc1189OxasEbdAsHiEtIhcnCzZ0zWb5V6QpVraL0TTGU4ktkGZq374g8C0pUBRhKVASKeW21TgUW5eIkswq97I-.qG-kr</cookies>
  <method class="java.lang.String">GET</method>
  <queryString class="java.lang.String"></queryString>
  <java.net.URL>http://localhost:8080/ecommunications_enu_nsm_aps05524a027/start.swe?SWECmd=GetCachedFrame&amp;SWEACn=23534&amp;SWEC=3&amp;SWEFrame=top._swe&amp;SRN=xK7T2pIB2ZOV15hwlQxQF5reKcoUB8VpMTZr7we8uAEb</java.net.URL>
</httpSample>
<httpSample t="{{\d+}}" it="0" lt="{{\d+}}" ct="{{\d+}}" ts="{{\d+}}" s="true" lb="{{\d+}} /ecommunications_enu_nsm_aps05524a027/start.swe" rc="200" rm="OK" tn="Thread Group 1-1" dt="text" de="utf-8" by="7416" sby="968" sc="1" ec="0" ng="1" na="1" hn="{{.*?}}">
  <responseHeader class="java.lang.String">HTTP/1.1 200 OK
Connection: close
Server: Oracle-iPlanet-Web-Server/7.0
Date: Tue, 23 Jun 2020 12:48:52 GMT
Content-Language: en
Cache-Control: private
Content-Type: text/html;charset=utf-8
Matched-Stub-Id: {{\w+-\w+-\w+-\w+-\w+}}
Vary: Accept-Encoding, User-Agent
Content-Encoding: gzip
</responseHeader>
  <requestHeader class="java.lang.String">Connection: close
Referer: http://localhost:8080/ecommunications_enu_nsm_aps05524a027/start.swe?SWECmd=GetCachedFrame&amp;SWEACn=23534&amp;SWEC=3&amp;SWEFrame=top._swe&amp;SRN=xK7T2pIB2ZOV15hwlQxQF5reKcoUB8VpMTZr7we8uAEb
Accept-Language: en-GB
DNT: 1
Accept-Encoding: gzip, deflate
Accept: image/jpeg, application/x-ms-application, image/gif, application/xaml+xml, image/pjpeg, application/x-ms-xbap, */*
User-Agent: Mozilla/4.0 (compatible; MSIE 7.0; Windows NT 6.3; WOW64; Trident/7.0; .NET4.0E; .NET4.0C; .NET CLR 3.5.30729; .NET CLR 2.0.50727; .NET CLR 3.0.30729)
Host: localhost:8080
</requestHeader>
  <responseData class="java.lang.String">&lt;html&gt;
&lt;head&gt;
&lt;script&gt;top._swe._swetemp.location.replace (&quot;http://localhost:8080/ecommunications_enu_nsm_aps05524a027/start.swe?SWECmd=GotoPostedAction&amp;SWEACn=23534&amp;SWEDIC=true&amp;SWEC=3&amp;SWEFrame=top._sweclient&amp;SRN=xK7T2pIB2ZOV15hwlQxQF5reKcoUB8VpMTZr7we8uAEb&amp;SWECS=true&quot;);&lt;/script&gt;
&lt;link href=&quot;files/appearance.css&quot; rel=&quot;stylesheet&quot;/&gt;
&lt;object id=&quot;S_App&quot; classid=&quot;clsid:ca883bee-5f11-4708-a9df-6aef77437cf6&quot; codebase=&quot;23048/applets/SiebelAx_HI_Client.cab&quot;&gt;&lt;/object&gt;
&lt;script language=&quot;javascript&quot; src=&quot;23048/scripts/swemessages_enu.js&quot;&gt;&lt;/script&gt;
&lt;script language=&quot;javascript&quot; src=&quot;23048/scripts/swecommon.js&quot;&gt;&lt;/script&gt;
&lt;script language=&quot;javascript&quot; src=&quot;23048/scripts/swecmn_hi.js&quot;&gt;&lt;/script&gt;
&lt;script language=&quot;javascript&quot; src=&quot;23048/scripts/objbase.js&quot;&gt;&lt;/script&gt;
&lt;script language=&quot;javascript&quot; src=&quot;23048/scripts/serviceshadow.js&quot;&gt;&lt;/script&gt;
&lt;script language=&quot;javascript&quot; src=&quot;23048/scripts/applicationshadow.js&quot;&gt;&lt;/script&gt;
&lt;script language=&quot;javascript&quot; src=&quot;23048/scripts/alarm.js&quot;&gt;&lt;/script&gt;
&lt;script language=&quot;javascript&quot; src=&quot;23048/scripts/appearance.js&quot;&gt;&lt;/script&gt;
&lt;script language=&quot;javascript&quot; src=&quot;23048/scripts/jmenu.js&quot;&gt;&lt;/script&gt;
&lt;script language=&quot;javascript&quot; src=&quot;23048/scripts/consts.js&quot;&gt;&lt;/script&gt;
&lt;script&gt; if(S_App.object == null) { alert(_SWEgetMessage(&quot;SWEWindowsControlWarning&quot;)); var now = new Date(); var actionURL = &quot;start.swe?SWECmd=Logoff&amp;SWETS=&quot; + now.getTime();top.location.replace(actionURL);}&lt;/script&gt;&lt;script language=&quot;javascript&quot; src=&quot;srf1592409810_444/bscripts/all/application_siebel_power_communications.js&quot;&gt;&lt;/script&gt;
&lt;object id=&quot;S_HTMLSrv&quot; classid=&quot;clsid:2C0C5E11-5FE0-4814-AE84-F604F6167593&quot; codebase=&quot;23048/applets/SiebelAx_Desktop_Integration.cab#Version=15,17,0,01&quot;&gt;&lt;/object&gt;
&lt;object id=&quot;S_EMailCOM&quot; classid=&quot;clsid:a4fee628-3538-4bb1-ba5f-8caee2e9a3b3&quot; codebase=&quot;23048/applets/SiebelAx_OutBound_mail.cab&quot;&gt;&lt;/object&gt;
&lt;script language=&quot;javascript&quot; src=&quot;srf1592409810_444/bscripts/all/service_bt_sim_replacement_bs.js&quot;&gt;&lt;/script&gt;
&lt;script language=&quot;javascript&quot; src=&quot;srf1592409810_444/bscripts/all/service_ls_pcd_service.js&quot;&gt;&lt;/script&gt;
&lt;script language=&quot;javascript&quot; src=&quot;srf1592409810_444/bscripts/all/service_bt_broadband_checker_bs.js&quot;&gt;&lt;/script&gt;
&lt;script language=&quot;javascript&quot; src=&quot;srf1592409810_444/bscripts/all/service_bt_cti_business_service_for_iwd_blend.js&quot;&gt;&lt;/script&gt;
&lt;script language=&quot;javascript&quot; src=&quot;srf1592409810_444/bscripts/all/service_bt_customer_kci.js&quot;&gt;&lt;/script&gt;
&lt;script language=&quot;javascript&quot; src=&quot;srf1592409810_444/bscripts/all/service_bt_application_logging.js&quot;&gt;&lt;/script&gt;
&lt;script language=&quot;javascript&quot; src=&quot;srf1592409810_444/bscripts/all/service_bt_gotosystem_common.js&quot;&gt;&lt;/script&gt;
&lt;script language=&quot;javascript&quot; src=&quot;srf1592409810_444/bscripts/all/service_bt_friendsandfamily.js&quot;&gt;&lt;/script&gt;
&lt;script language=&quot;javascript&quot; src=&quot;srf1592409810_444/bscripts/all/service_bt_asseting_line_item_service.js&quot;&gt;&lt;/script&gt;
&lt;script language=&quot;javascript&quot; src=&quot;srf1592409810_444/bscripts/all/service_bt_cra_validation_bs.js&quot;&gt;&lt;/script&gt;
&lt;script language=&quot;javascript&quot; src=&quot;srf1592409810_444/bscripts/all/service_bt_cti_business_service.js&quot;&gt;&lt;/script&gt;
&lt;script language=&quot;javascript&quot; src=&quot;srf1592409810_444/bscripts/all/service_bt_viewscast.js&quot;&gt;&lt;/script&gt;
&lt;script language=&quot;javascript&quot; src=&quot;srf1592409810_444/bscripts/all/service_bt_genient_interface.js&quot;&gt;&lt;/script&gt;
&lt;script language=&quot;javascript&quot; src=&quot;srf1592409810_444/bscripts/all/service_bt_port_in_integration.js&quot;&gt;&lt;/script&gt;
&lt;script language=&quot;javascript&quot; src=&quot;srf1592409810_444/bscripts/all/service_bt_dumgrade_service.js&quot;&gt;&lt;/script&gt;
&lt;script language=&quot;javascript&quot; src=&quot;srf1592409810_444/bscripts/all/service_bt_consumer__modify_installation_name.js&quot;&gt;&lt;/script&gt;
&lt;script language=&quot;javascript&quot; src=&quot;srf1592409810_444/bscripts/all/service_bt_application_logging__wf.js&quot;&gt;&lt;/script&gt;
&lt;script language=&quot;javascript&quot; src=&quot;srf1592409810_444/bscripts/all/service_managebillingdisputeconsumerporttype__3.js&quot;&gt;&lt;/script&gt;
&lt;script language=&quot;javascript&quot; src=&quot;srf1592409810_444/bscripts/all/service_bt_business_service_for_cancelother.js&quot;&gt;&lt;/script&gt;
&lt;script language=&quot;javascript&quot; src=&quot;srf1592409810_444/bscripts/all/service_sis_om_pmt_service.js&quot;&gt;&lt;/script&gt;
&lt;script language=&quot;javascript&quot; src=&quot;srf1592409810_444/bscripts/all/service_bt_smart.js&quot;&gt;&lt;/script&gt;
&lt;script language=&quot;javascript&quot; src=&quot;srf1592409810_444/bscripts/all/service_bt_atrium.js&quot;&gt;&lt;/script&gt;
&lt;script language=&quot;javascript&quot; src=&quot;srf1592409810_444/bscripts/all/service_bt_appointment_api.js&quot;&gt;&lt;/script&gt;
&lt;script language=&quot;javascript&quot; src=&quot;srf1592409810_444/bscripts/all/service_bt_autobook_appointment_api.js&quot;&gt;&lt;/script&gt;
&lt;script language=&quot;javascript&quot; src=&quot;srf1592409810_444/bscripts/all/service_bt_submit_order_dashboardsales.js&quot;&gt;&lt;/script&gt;
&lt;script&gt;
var S_bFrameworkLoaded = false;
var S_HtmlFrameMgr = new Object();
var S_Appearance = new Object();
var S_App_Shadow = new Siebel_Power_Communications_Application(S_App);
var S_AlarmMgr = new Object();
function loadMain() {
S_App.ProcessRPCInfo(&quot;@0`1`0`1``0`26`35`api`0`UC`1`n`Siebel Power Communications`iek`true`sdr`23048/scripts/`ieed`false`plz`33`iauth`0`pu`http://localhost:8080/ecommunications_enu_nsm_aps05524a027/start.swe`tt`oneView Client`dsti`1`vsf`top._swe._viewshadow`sdf``_sn`GXmoeGkdwh1O45lrH7mMIZnLMWvqHkVWiQKqDOICOq1fi95anXYMaCRAX879ujDRD9kS4J75N4kGDX576Q2AKmwZPUBih-4NS80Pc1189OxasEbdAsHiEtIhcnCzZ0zWb5V6QpVraL0TTGU4ktkGZq374g8C0pUBRhKVASKeW21TgUW5eIkswq97I-.qG-kr`lotc`1`phn`_swe1592916470`calp`http://localhost:8080/ecommunications_enu_nsm_aps05524a027/23048/scripts/HICalendarUI.htm`dedup`0`vfn`top._sweclient._swecontent._sweview`lt`1592916530261`cqt`5`ui`BB_CCPEIM5000`ect`Link`SRN`xK7T2pIB2ZOV15hwlQxQF5reKcoUB8VpMTZr7we8uAEb`cks`3-2NTUN-318_Siebel+Power+Communications_43%7c1592409810%7c0_0_23048_PATCHSET18PATCHSET18PATCHSET18_L`USC`1`lodc`0`2`0`lu`0`n`top._sweclient`v`/ecommunications_enu_nsm_aps05524a027/start.swe?SWECmd=GetCachedFrame&amp;SWEACn=23534&amp;SWERT=5&amp;SWEC=3&amp;SWEFrame=top._sweclient&amp;SRN=xK7T2pIB2ZOV15hwlQxQF5reKcoUB8VpMTZr7we8uAEb`1`0`ss`0`v`jctrls.css`2`0`ncm`0`ie`1`msz`10`0`1`nl`0`0`9`li`0`24`0`Profile`0`6`-$###,###,###,###,##0.`11`,`21`,`3`DD/MM/YYYY`7`000000000000`9` x`2`DD/MM/YYYY HH:mm:ss`12`.`17`PM`14`/`15`:`20`L`8`+`22`.`1`###,###,###,###,##0`4`HH:mm:ss`18`+44`0`###,###,###,###,##0.##`10``13``16`AM`19`DD MMMM YYYY`23``5`HH:mm`21`0`DayOfWeek`0`0:1`Sun`4:1`Thu`6:1`Sat`1:0`Monday`6:2`S`1:2`M`5:2`F`2:2`T`4:0`Thursday`0:0`Sunday`6:0`Saturday`1:1`Mon`2:1`Tue`3:1`Wed`3:2`W`2:0`Tuesday`3:0`Wednesday`5:0`Friday`0:2`S`4:2`T`5:1`Fri`24`0`Month`0`4:1`Apr`6:1`Jun`12:0`December`1:0`January`8:1`Aug`4:0`April`11:1`Nov`6:0`June`1:1`Jan`2:1`Feb`3:1`Mar`2:0`February`3:0`March`5:0`May`7:1`Jul`8:0`August`9:0`September`7:0`July`9:1`Sep`12:1`Dec`5:1`May`10:0`October`10:1`Oct`11:0`November`29`0`GetPhoneFormats`0`+32`000000000000`+358`000000000000`+43`000000000000`+46`000000000000`+49`000000000000`+86`000000000000`+61`000000000000`+54`000000000000`+41`000000000000`+57`000000000000`+64`000000000000`+353`000000000000`+354`000000000000`+1`(000\) 000-0000`+34`000000000000`+39`000000000000`+27`000000000000`+44`000000000000`+91`000000000000`+886`000000000000`+81`000000000000`+82`000000000000`+807`000000000000`+31`000000000000`+47`000000000000`+33`000000000000`+55`000000000000`+52`000000000000`+351`000000000000`2`174`GetCurrencyData`0`currencyCode`GBP`currency``6`0``0`symbol`Â¢`minAcctUnit`0.01`extScale`5`stdScale`2`bEuro`0`code`SVC`6`0``0`symbol`BZ$`minAcctUnit`0.01`extScale`5`stdScale`2`bEuro`0`code`BZD`6`0``0`symbol`Â¿Â¿Â¿Â¿`minAcctUnit`0.01`extScale`5`stdScale`2`bEuro`0`code`YER`6`0``0`symbol`fl`minAcctUnit`0.01`extScale`5`stdScale`2`bEuro`1`code`NLG`6`0``0`symbol`$`minAcctUnit`0.01`extScale`5`stdScale`2`bEuro`0`code`SGD`6`0``0`symbol`NT$`minAcctUnit`0.01`extScale`5`stdScale`2`bEuro`0`code`TWD`6`0``0`symbol`Le`minAcctUnit`0.01`extScale`5`stdScale`2`bEuro`0`code`SLL`6`0``0`symbol`$`minAcctUnit`0.01`extScale`5`stdScale`2`bEuro`0`code`USD`6`0``0`symbol`Â¿Â¿`minAcctUnit`0.01`extScale`5`stdScale`2`bEuro`0`code`BGN`6`0``0`symbol`Nfk`minAcctUnit`0.01`extScale`5`stdScale`2`bEuro`0`code`ERN`6`0``0`symbol`Â¿.Â¿.Â¿`minAcctUnit`0.01`extScale`5`stdScale`2`bEuro`0`code`MAD`6`0``0`symbol`Â¿.Â¿.Â¿`minAcctUnit`0.01`extScale`5`stdScale`2`bEuro`0`code`SAR`6`0``0`symbol`$`minAcctUnit`0.01`extScale`5`stdScale`2`bEuro`0`code`AUD`6`0``0`symbol`F`minAcctUnit`0.01`extScale`5`stdScale`2`bEuro`1`code`FRF`6`0``0`symbol`$`minAcctUnit`0.01`extScale`5`stdScale`2`bEuro`0`code`KYD`6`0``0`symbol`Â¢`minAcctUnit`0.01`extScale`5`stdScale`2`bEuro`0`code`CRC`6`0``0`symbol`NGN`minAcctUnit`0.01`extScale`5`stdScale`2`bEuro`0`code`NGN`6`0``0`symbol`KRW`minAcctUnit`0.01`extScale`5`stdScale`2`bEuro`0`code`KRW`6`0``0`symbol`Â£`minAcctUnit`0.01`extScale`5`stdScale`2`bEuro`0`code`GIP`6`0``0`symbol`YTL`minAcctUnit`1`extScale`5`stdScale`0`bEuro`0`code`TRY`6`0``0`symbol`$`minAcctUnit`1`extScale`0`stdScale`0`bEuro`0`code`CLP`6`0``0`symbol`Â¿`minAcctUnit`0.01`extScale`5`stdScale`2`bEuro`0`code`LAK`6`0``0`symbol`Bs.F.`minAcctUnit`0.01`extScale`5`stdScale`2`bEuro`0`code`VEF`6`0``0`symbol`$`minAcctUnit`0.01`extScale`5`stdScale`2`bEuro`0`code`NAD`6`0``0`symbol`Kc`minAcctUnit`0.01`extScale`5`stdScale`2`bEuro`0`code`CZK`6`0``0`symbol`$`minAcctUnit`0.01`extScale`5`stdScale`2`bEuro`0`code`JMD`6`0``0`symbol`Â¿.Â¿.Â¿`minAcctUnit`0.01`extScale`5`stdScale`2`bEuro`0`code`DZD`6`0``0`symbol`$`minAcctUnit`0.01`extScale`5`stdScale`2`bEuro`0`code`BSD`6`0``0`symbol`L`minAcctUnit`0.01`extScale`5`stdScale`2`bEuro`0`code`SZL`6`0``0`symbol`$U`minAcctUnit`0.01`extScale`5`stdScale`2`bEuro`0`code`UYU`6`0``0`symbol`N$`minAcctUnit`0.01`extScale`5`stdScale`2`bEuro`0`code`MXN`6`0``0`symbol`P`minAcctUnit`0.01`extScale`5`stdScale`2`bEuro`0`code`MOP`6`0``0`symbol`P`minAcctUnit`0.01`extScale`5`stdScale`2`bEuro`0`code`BWP`6`0``0`symbol`$`minAcctUnit`0.01`extScale`5`stdScale`2`bEuro`0`code`GYD`6`0``0`symbol`Â¿Â¿Â¿Â¿Â¿Â¿`minAcctUnit`0.001`extScale`5`stdScale`3`bEuro`0`code`LYD`6`0``0`symbol`p.`minAcctUnit`0.01`extScale`5`stdScale`2`bEuro`0`code`BYR`6`0``0`symbol`Â¿.Â¿.Â¿`minAcctUnit`0.01`extScale`5`stdScale`2`bEuro`0`code`EGP`6`0``0`symbol`Ã`minAcctUnit`0.01`extScale`5`stdScale`2`bEuro`0`code`THB`6`0``0`symbol`Â¿`minAcctUnit`0.01`extScale`5`stdScale`2`bEuro`0`code`MUR`6`0``0`symbol`$`minAcctUnit`0.01`extScale`5`stdScale`2`bEuro`0`code`LRD`6`0``0`symbol`Â¿Â¿Â¿`minAcctUnit`0.01`extScale`5`stdScale`2`bEuro`0`code`MKD`6`0``0`symbol`Â£`minAcctUnit`0.01`extScale`5`stdScale`2`bEuro`0`code`SDG`6`0``0`symbol`T`minAcctUnit`0.01`extScale`5`stdScale`2`bEuro`0`code`WST`6`0``0`symbol`Â¿.Â¿`minAcctUnit`0.01`extScale`5`stdScale`2`bEuro`0`code`AED`6`0``0`symbol`K`minAcctUnit`0.01`extScale`5`stdScale`2`bEuro`0`code`MMK`6`0``0`symbol`JD`minAcctUnit`0.01`extScale`5`stdScale`2`bEuro`0`code`JOD`6`0``0`symbol`Â¥`minAcctUnit`1`extScale`5`stdScale`0`bEuro`0`code`JPY`6`0``0`symbol`Â¿Â¿`minAcctUnit`0.01`extScale`5`stdScale`2`bEuro`0`code`KGS`6`0``0`symbol`R`minAcctUnit`0.01`extScale`5`stdScale`2`bEuro`0`code`ZAR`6`0``0`symbol`kn`minAcctUnit`0.01`extScale`5`stdScale`2`bEuro`0`code`HRK`6`0``0`symbol`Fr`minAcctUnit`0.01`extScale`5`stdScale`2`bEuro`0`code`RWF`6`0``0`symbol`Â¿`minAcctUnit`0.001`extScale`5`stdScale`3`bEuro`0`code`PYG`6`0``0`symbol`Rp`minAcctUnit`1`extScale`0`stdScale`0`bEuro`0`code`IDR`6`0``0`symbol`Kz`minAcctUnit`0.01`extScale`5`stdScale`2`bEuro`0`code`AOA`6`0``0`symbol`Q`minAcctUnit`0.01`extScale`5`stdScale`2`bEuro`0`code`GTQ`6`0``0`symbol`$`minAcctUnit`0.01`extScale`5`stdScale`2`bEuro`0`code`CUP`6`0``0`symbol`$`minAcctUnit`0.01`extScale`5`stdScale`2`bEuro`0`code`CAD`6`0``0`symbol`Æ`minAcctUnit`0.01`extScale`5`stdScale`2`bEuro`0`code`AWG`6`0``0`symbol`Rs`minAcctUnit`0.01`extScale`5`stdScale`2`bEuro`0`code`PKR`6`0``0`symbol`Â¿.`minAcctUnit`0.01`extScale`5`stdScale`2`bEuro`0`code`RUR`6`0``0`symbol`TT$`minAcctUnit`0.01`extScale`5`stdScale`2`bEuro`0`code`TTD`6`0``0`symbol`Â¿Â¿`minAcctUnit`0.01`extScale`5`stdScale`2`bEuro`0`code`UZS`6`0``0`symbol`$`minAcctUnit`0.01`extScale`5`stdScale`2`bEuro`0`code`BBD`6`0``0`symbol`K`minAcctUnit`0.001`extScale`5`stdScale`3`bEuro`0`code`PGK`6`0``0`symbol`$`minAcctUnit`0.01`extScale`5`stdScale`2`bEuro`0`code`XCD`6`0``0`symbol`Â¿`minAcctUnit`0.01`extScale`5`stdScale`2`bEuro`0`code`LKR`6`0``0`symbol`lei`minAcctUnit`0.01`extScale`5`stdScale`2`bEuro`0`code`RON`6`0``0`symbol`Vt`minAcctUnit`0.01`extScale`5`stdScale`2`bEuro`0`code`VUV`6`0``0`symbol`Z$`minAcctUnit`0.01`extScale`5`stdScale`2`bEuro`0`code`ZWR`6`0``0`symbol`Fr`minAcctUnit`0.01`extScale`5`stdScale`2`bEuro`0`code`XOF`6`0``0`symbol`BF`minAcctUnit`0.01`extScale`5`stdScale`2`bEuro`1`code`BEF`6`0``0`symbol`lei`minAcctUnit`0.01`extScale`5`stdScale`2`bEuro`0`code`ROL`6`0``0`symbol`Fr`minAcctUnit`0.01`extScale`5`stdScale`2`bEuro`0`code`KMF`6`0``0`symbol`zl`minAcctUnit`0.01`extScale`5`stdScale`2`bEuro`0`code`PLN`6`0``0`symbol`Â¿.Â¿`minAcctUnit`0.001`extScale`5`stdScale`3`bEuro`0`code`IQD`6`0``0`symbol`SM`minAcctUnit`0.01`extScale`5`stdScale`2`bEuro`0`code`TJS`6`0``0`symbol`L`minAcctUnit`0.01`extScale`5`stdScale`2`bEuro`0`code`MDL`6`0``0`symbol`Â¿Â¿Â¿`minAcctUnit`0.01`extScale`5`stdScale`2`bEuro`0`code`AZN`6`0``0`symbol`R`minAcctUnit`1`extScale`5`stdScale`2`bEuro`0`code`MYR`6`0``0`symbol`mk`minAcctUnit`0.01`extScale`5`stdScale`2`bEuro`1`code`FIM`6`0``0`symbol`CNY`minAcctUnit`0.01`extScale`5`stdScale`2`bEuro`0`code`CNY`6`0``0`symbol`Bs`minAcctUnit`0.01`extScale`5`stdScale`2`bEuro`0`code`VEB`6`0``0`symbol`Â¿`minAcctUnit`0.01`extScale`5`stdScale`2`bEuro`0`code`MNT`6`0``0`symbol`Ls`minAcctUnit`0.01`extScale`5`stdScale`2`bEuro`0`code`LVL`6`0``0`symbol`Æ`minAcctUnit`0.01`extScale`5`stdScale`2`bEuro`0`code`ANG`6`0``0`symbol`Â£`minAcctUnit`0.01`extScale`5`stdScale`2`bEuro`0`code`LBP`6`0``0`symbol`L.`minAcctUnit`1`extScale`5`stdScale`0`bEuro`1`code`ITL`6`0``0`symbol`Rs.`minAcctUnit`0.01`extScale`5`stdScale`2`bEuro`0`code`INR`6`0``0`symbol`Nu.`minAcctUnit`0.01`extScale`5`stdScale`2`bEuro`0`code`BTN`6`0``0`symbol`Â£`minAcctUnit`0.01`extScale`5`stdScale`2`bEuro`0`code`FKP`6`0``0`symbol`Â£`minAcctUnit`0.01`extScale`5`stdScale`2`bEuro`0`code`GBP`6`0``0`symbol`Sh`minAcctUnit`0.01`extScale`5`stdScale`2`bEuro`0`code`KES`6`0``0`symbol`C$`minAcctUnit`0.01`extScale`5`stdScale`2`bEuro`0`code`NIO`6`0``0`symbol`Fr`minAcctUnit`0.01`extScale`5`stdScale`2`bEuro`0`code`CDF`6`0``0`symbol`Php`minAcctUnit`0.01`extScale`5`stdScale`2`bEuro`0`code`PHP`6`0``0`symbol`L`minAcctUnit`0.01`extScale`5`stdScale`2`bEuro`0`code`HNL`6`0``0`symbol`Â¿`minAcctUnit`0.01`extScale`5`stdScale`2`bEuro`0`code`AFN`6`0``0`symbol`kr`minAcctUnit`0.01`extScale`5`stdScale`2`bEuro`0`code`SEK`6`0``0`symbol`Â¿Â¿`minAcctUnit`0.01`extScale`5`stdScale`2`bEuro`0`code`KZT`6`0``0`symbol`ZK`minAcctUnit`0.01`extScale`5`stdScale`2`bEuro`0`code`ZMK`6`0``0`symbol`$`minAcctUnit`0.01`extScale`5`stdScale`2`bEuro`0`code`NZD`6`0``0`symbol`HK$`minAcctUnit`0.01`extScale`5`stdScale`2`bEuro`0`code`HKD`6`0``0`symbol`R$`minAcctUnit`0.01`extScale`5`stdScale`2`bEuro`0`code`BRL`6`0``0`symbol`kr`minAcctUnit`0.01`extScale`5`stdScale`2`bEuro`0`code`DKK`6`0``0`symbol`Ã¶S`minAcctUnit`0.01`extScale`5`stdScale`2`bEuro`1`code`ATS`6`0``0`symbol`Â¿Â¿Â¿.`minAcctUnit`0.01`extScale`5`stdScale`2`bEuro`0`code`RSD`6`0``0`symbol`Â¿`minAcctUnit`0.01`extScale`5`stdScale`2`bEuro`0`code`AMD`6`0``0`symbol`kr`minAcctUnit`0.01`extScale`5`stdScale`2`bEuro`0`code`EEK`6`0``0`symbol`Sh`minAcctUnit`0.01`extScale`5`stdScale`2`bEuro`0`code`SOS`6`0``0`symbol`MTn`minAcctUnit`0.01`extScale`5`stdScale`2`bEuro`0`code`MZN`6`0``0`symbol`Â¿`minAcctUnit`0.01`extScale`5`stdScale`2`bEuro`0`code`SCR`6`0``0`symbol`$`minAcctUnit`0.01`extScale`5`stdScale`2`bEuro`0`code`FJD`6`0``0`symbol`kr`minAcctUnit`0.01`extScale`5`stdScale`2`bEuro`0`code`NOK`6`0``0`symbol`Â¿Â¿Â¿Â¿`minAcctUnit`0.01`extScale`5`stdScale`2`bEuro`0`code`GEL`6`0``0`symbol`kr.`minAcctUnit`0.01`extScale`5`stdScale`2`bEuro`0`code`ISK`6`0``0`symbol`Â£`minAcctUnit`0.01`extScale`5`stdScale`2`bEuro`0`code`SHP`6`0``0`symbol`Lek`minAcctUnit`0.01`extScale`5`stdScale`2`bEuro`0`code`ALL`6`0``0`symbol`ILS`minAcctUnit`0.01`extScale`5`stdScale`2`bEuro`0`code`ILS`6`0``0`symbol`T$`minAcctUnit`0.01`extScale`5`stdScale`2`bEuro`0`code`TOP`6`0``0`symbol`L`minAcctUnit`0.01`extScale`5`stdScale`2`bEuro`0`code`LSL`6`0``0`symbol`Ft`minAcctUnit`0.01`extScale`5`stdScale`2`bEuro`0`code`HUF`6`0``0`symbol`pts`minAcctUnit`1`extScale`5`stdScale`0`bEuro`1`code`ESP`6`0``0`symbol`Â¿Â¿Â¿.`minAcctUnit`0.01`extScale`5`stdScale`2`bEuro`0`code`UAH`6`0``0`symbol`Fr`minAcctUnit`0.01`extScale`5`stdScale`2`bEuro`0`code`GWP`6`0``0`symbol`LF`minAcctUnit`0.01`extScale`5`stdScale`2`bEuro`1`code`LUF`6`0``0`symbol`Sh`minAcctUnit`0.01`extScale`5`stdScale`2`bEuro`0`code`UGX`6`0``0`symbol`Fr`minAcctUnit`0.01`extScale`5`stdScale`2`bEuro`0`code`DJF`6`0``0`symbol`Â¿Â¿Â¿Â¿`minAcctUnit`0.001`extScale`5`stdScale`3`bEuro`0`code`OMR`6`0``0`symbol`$`minAcctUnit`0.01`extScale`5`stdScale`2`bEuro`0`code`BND`6`0``0`symbol`Â¿Â¿Â¿.`minAcctUnit`0.01`extScale`5`stdScale`2`bEuro`0`code`RUB`6`0``0`symbol`$`minAcctUnit`0.01`extScale`5`stdScale`2`bEuro`0`code`BMD`6`0``0`symbol`Â¿Â¿Â¿Â¿Â¿`minAcctUnit`0.01`extScale`5`stdScale`2`bEuro`0`code`IRR`6`0``0`symbol`Ar`minAcctUnit`5`extScale`5`stdScale`0`bEuro`0`code`MGA`6`0``0`symbol`Â¿Â¿Â¿Â¿Â¿Â¿`minAcctUnit`0.001`extScale`5`stdScale`3`bEuro`0`code`TND`6`0``0`symbol`Esc.`minAcctUnit`0.01`extScale`5`stdScale`2`bEuro`1`code`PTE`6`0``0`symbol`Â¿Â¿Â¿Â¿`minAcctUnit`0.01`extScale`5`stdScale`2`bEuro`0`code`QAR`6`0``0`symbol`Â¿Â¿Â¿Â¿Â¿Â¿ Â¿Â¿Â¿`minAcctUnit`0.01`extScale`5`stdScale`2`bEuro`0`code`MVR`6`0``0`symbol`IRÂ£`minAcctUnit`0.01`extScale`5`stdScale`2`bEuro`1`code`IEP`6`0``0`symbol`Â¿`minAcctUnit`1`extScale`0`stdScale`0`bEuro`0`code`VND`6`0``0`symbol`UM`minAcctUnit`5`extScale`5`stdScale`0`bEuro`0`code`MRO`6`0``0`symbol`$`minAcctUnit`0.01`extScale`5`stdScale`2`bEuro`0`code`SBD`6`0``0`symbol`Â¢`minAcctUnit`0.01`extScale`5`stdScale`2`bEuro`0`code`GHS`6`0``0`symbol`Fr`minAcctUnit`0.01`extScale`5`stdScale`2`bEuro`0`code`GNF`6`0``0`symbol`Â¿`minAcctUnit`0.01`extScale`5`stdScale`2`bEuro`0`code`NPR`6`0``0`symbol`Bs.`minAcctUnit`0.01`extScale`5`stdScale`2`bEuro`0`code`BOB`6`0``0`symbol`$`minAcctUnit`0.01`extScale`5`stdScale`2`bEuro`0`code`COP`6`0``0`symbol`$`minAcctUnit`0.01`extScale`5`stdScale`2`bEuro`0`code`CVE`6`0``0`symbol`Fr`minAcctUnit`0.01`extScale`5`stdScale`2`bEuro`0`code`BIF`6`0``0`symbol`Sh`minAcctUnit`0.01`extScale`5`stdScale`2`bEuro`0`code`TZS`6`0``0`symbol`$`minAcctUnit`0.01`extScale`5`stdScale`2`bEuro`0`code`ARS`6`0``0`symbol`D`minAcctUnit`0.01`extScale`5`stdScale`2`bEuro`0`code`GMD`6`0``0`symbol`MK`minAcctUnit`0.01`extScale`5`stdScale`2`bEuro`0`code`MWK`6`0``0`symbol`Bt.`minAcctUnit`0.01`extScale`5`stdScale`2`bEuro`0`code`BDT`6`0``0`symbol`Â£`minAcctUnit`0.01`extScale`5`stdScale`2`bEuro`0`code`SYP`6`0``0`symbol`Â¿`minAcctUnit`0.01`extScale`5`stdScale`2`bEuro`0`code`KHR`6`0``0`symbol`GRD`minAcctUnit`0.01`extScale`5`stdScale`2`bEuro`1`code`GRD`6`0``0`symbol`Â¿Â¿Â¿Â¿Â¿`minAcctUnit`0.001`extScale`5`stdScale`3`bEuro`0`code`KWD`6`0``0`symbol`â¬`minAcctUnit`0.01`extScale`5`stdScale`2`bEuro`0`code`EUR`6`0``0`symbol`SFr.`minAcctUnit`0.01`extScale`5`stdScale`2`bEuro`0`code`CHF`6`0``0`symbol`.Â¿.Â¿`minAcctUnit`0.001`extScale`5`stdScale`3`bEuro`0`code`BHD`6`0``0`symbol`DM`minAcctUnit`0.01`extScale`5`stdScale`2`bEuro`1`code`DEM`6`0``0`symbol`G`minAcctUnit`0.01`extScale`5`stdScale`2`bEuro`0`code`HTG`6`0``0`symbol`$`minAcctUnit`0.01`extScale`5`stdScale`2`bEuro`0`code`SRD`6`0``0`symbol`B/.`minAcctUnit`0.001`extScale`5`stdScale`3`bEuro`0`code`PAB`6`0``0`symbol`Db`minAcctUnit`0.01`extScale`5`stdScale`2`bEuro`0`code`STD`6`0``0`symbol`Fr`minAcctUnit`0.01`extScale`5`stdScale`2`bEuro`0`code`XAF`6`0``0`symbol`KM`minAcctUnit`0.01`extScale`5`stdScale`2`bEuro`0`code`BAM`6`0``0`symbol`$`minAcctUnit`0.01`extScale`5`stdScale`2`bEuro`0`code`DOP`6`0``0`symbol`Lt`minAcctUnit`0.01`extScale`5`stdScale`2`bEuro`0`code`LTL`6`0``0`symbol`S/`minAcctUnit`0.01`extScale`5`stdScale`2`bEuro`0`code`PEN`6`0``0`symbol`m`minAcctUnit`0.01`extScale`5`stdScale`2`bEuro`0`code`TMT`6`0``0`symbol`Br`minAcctUnit`0.01`extScale`5`stdScale`2`bEuro`0`code`ETB`6`0``0`symbol`Â¿`minAcctUnit`0.01`extScale`5`stdScale`2`bEuro`0`code`KPW`6`0``0`symbol`Fr`minAcctUnit`0.01`extScale`5`stdScale`2`bEuro`0`code`XPF`16`0`GetLocalString`0`IDS_UPPER_F_RIDAY`F`IDS_SWE_VIEW_CACHE_SERVER`Server`IDS_UPPER_S_ATURDAY`S`IDS_SWE_VIEW_CACHE_MODE`Cache Mode`IDS_SWE_VIEW_CACHE_MEMORY`Memory`IDS_SSA_BUTTON_LABEL_CANCEL`Cancel`IDS_UPPER_T_HURSDAY`T`IDS_UPPER_W_EDNESDAY`W`IDS_CB_STD_OK`OK`IDS_UPPER_S_UNDAY`S`IDS_CHART_STR_OUTOF`%1 out of %2`IDS_SSA_BUTTON_LABEL_SAVE`Save`IDS_SWE_VIEW_CACHE_DISK`Disk`IDS_UPPER_T_UESDAY`T`IDS_UPPER_M_ONDAY`M`IDS_SWE_VIEW_NOT_CACHED`Not Cached`1`0`GetTimeZoneList`0`TimeZoneList`(GMT -04:00\)  CuiabÃ¡, Mato Grosso, Brazil|(GMT -04:00\)  CuiabÃ¡, Mato Grosso, Brazil|(GMT -05:00\) Porto Acre|(GMT -05:00\) Porto Acre|(GMT 00:00\) Ponta Delgada (Azores\)|(GMT 00:00\) Ponta Delgada (Azores\)|(GMT\) Casablanca, Monrovia|(GMT\) Casablanca, Monrovia|(GMT\) Greenwich Mean Time : Dublin, Edinburgh, Lisbon, London|(GMT\) Greenwich Mean Time : Dublin, Edinburgh, Lisbon, London|(GMT\) Rabat|(GMT\) Rabat|(GMT\) UTC - Coordinated Universal Time|(GMT\) UTC - Coordinated Universal Time|(GMT+00:00\) Casablanca, Morocco|(GMT+00:00\) Casablanca, Morocco|(GMT+01:00\) Amsterdam, Berlin, Bern, Rome, Stockholm, Vienna|(GMT+01:00\) Amsterdam, Berlin, Bern, Rome, Stockholm, Vienna|(GMT+01:00\) Belgrade, Bratislava, Budapest, Ljubljana, Prague|(GMT+01:00\) Belgrade, Bratislava, Budapest, Ljubljana, Prague|(GMT+01:00\) Brussels, Copenhagen, Madrid, Paris|(GMT+01:00\) Brussels, Copenhagen, Madrid, Paris|(GMT+01:00\) Sarajevo, Skopje, Warsaw, Zagreb|(GMT+01:00\) Sarajevo, Skopje, Warsaw, Zagreb|(GMT+01:00\) West Central Africa|(GMT+01:00\) West Central Africa|(GMT+01:00\) Windhoek, Namibia|(GMT+01:00\) Windhoek, Namibia|(GMT+02:00\) Amman, Jordan|(GMT+02:00\) Amman, Jordan|(GMT+02:00\) Athens, Istanbul, Minsk|(GMT+02:00\) Athens, Istanbul, Minsk|(GMT+02:00\) Beirut, Lebanon|(GMT+02:00\) Beirut, Lebanon|(GMT+02:00\) Bucharest|(GMT+02:00\) Bucharest|(GMT+02:00\) Cairo|(GMT+02:00\) Cairo|(GMT+02:00\) Damascus, Syria|(GMT+02:00\) Damascus, Syria|(GMT+02:00\) Gaza Strip|(GMT+02:00\) Gaza Strip|(GMT+02:00\) Harare, Pretoria|(GMT+02:00\) Harare, Pretoria|(GMT+02:00\) Helsinki, Kyiv, Riga, Sofia, Tallinn, Vilnius|(GMT+02:00\) Helsinki, Kyiv, Riga, Sofia, Tallinn, Vilnius|(GMT+02:00\) Istanbul, Ankara|(GMT+02:00\) Istanbul, Ankara|(GMT+02:00\) Jerusalem|(GMT+02:00\) Jerusalem|(GMT+02:00\) Tel Aviv, Israel|(GMT+02:00\) Tel Aviv, Israel|(GMT+02:00\) West Bank, Bethlehem|(GMT+02:00\) West Bank, Bethlehem|(GMT+03:00\) Baghdad|(GMT+03:00\) Baghdad|(GMT+03:00\) Kaliningrad|(GMT+03:00\) Kaliningrad|(GMT+03:00\) Kuwait, Riyadh|(GMT+03:00\) Kuwait, Riyadh|(GMT+03:00\) Moscow, St. Petersburg, Volgograd|(GMT+03:00\) Moscow, St. Petersburg, Volgograd|(GMT+03:00\) Nairobi|(GMT+03:00\) Nairobi|(GMT+03:00\) Riyadh, Saudi Arabia|(GMT+03:00\) Riyadh, Saudi Arabia|(GMT+03:30\) Tehran|(GMT+03:30\) Tehran|(GMT+04:00\) Abu Dhabi, Muscat|(GMT+04:00\) Abu Dhabi, Muscat|(GMT+04:00\) Baku, Azerbaijan|(GMT+04:00\) Baku, Azerbaijan|(GMT+04:00\) Port Louis, Mauritius|(GMT+04:00\) Port Louis, Mauritius|(GMT+04:00\) Tbilisi, Georgia|(GMT+04:00\) Tbilisi, Georgia|(GMT+04:00\) Yerevan, Armenia|(GMT+04:00\) Yerevan, Armenia|(GMT+04:30\) Kabul|(GMT+04:30\) Kabul|(GMT+05:00\) Ekaterinburg|(GMT+05:00\) Ekaterinburg|(GMT+05:00\) Islamabad, Karachi, Pakistan|(GMT+05:00\) Islamabad, Karachi, Pakistan|(GMT+05:00\) Tashkent|(GMT+05:00\) Tashkent|(GMT+05:30\) Chennai, Kolkata, Mumbai, New Delhi|(GMT+05:30\) Chennai, Kolkata, Mumbai, New Delhi|(GMT+05:30\) Sri Jayawardenepura|(GMT+05:30\) Sri Jayawardenepura|(GMT+05:45\) Kathmandu|(GMT+05:45\) Kathmandu|(GMT+06:00\) Almaty, Kazakhstan|(GMT+06:00\) Almaty, Kazakhstan|(GMT+06:00\) Astana|(GMT+06:00\) Astana|(GMT+06:00\) Dhaka, Bangladesh|(GMT+06:00\) Dhaka, Bangladesh|(GMT+06:30\) Rangoon|(GMT+06:30\) Rangoon|(GMT+07:00\) Bangkok, Hanoi, Jakarta|(GMT+07:00\) Bangkok, Hanoi, Jakarta|(GMT+07:00\) Bangkok, Thailand|(GMT+07:00\) Bangkok, Thailand|(GMT+07:00\) Krasnoyarsk|(GMT+07:00\) Krasnoyarsk|(GMT+07:00\) Omsk, Novosibirsk, Kermerovo|(GMT+07:00\) Omsk, Novosibirsk, Kermerovo|(GMT+08:00\) Beijing, Chongqing, Hong Kong, Urumqi|(GMT+08:00\) Beijing, Chongqing, Hong Kong, Urumqi|(GMT+08:00\) Kuala Lumpur, Singapore|(GMT+08:00\) Kuala Lumpur, Singapore|(GMT+08:00\) Perth|(GMT+08:00\) Perth|(GMT+08:00\) Singapore|(GMT+08:00\) Singapore|(GMT+08:00\) Taipei|(GMT+08:00\) Taipei|(GMT+08:00\) Irkutsk, Ulaan Bataar|(GMT+08:00\) Irkutsk, Ulaan Bataar|(GMT+09:00\) Irkutsk, Buryatia|(GMT+09:00\) Irkutsk, Buryatia|(GMT+09:00\) Osaka, Sapporo, Tokyo|(GMT+09:00\) Osaka, Sapporo, Tokyo|(GMT+09:00\) Seoul|(GMT+09:00\) Seoul|(GMT+09:00\) Yakutsk|(GMT+09:00\) Yakutsk|(GMT+09:30\) Adelaide|(GMT+09:30\) Adelaide|(GMT+09:30\) Darwin|(GMT+09:30\) Darwin|(GMT+10:00\) Brisbane|(GMT+10:00\) Brisbane|(GMT+10:00\) Canberra, Melbourne, Sydney|(GMT+10:00\) Canberra, Melbourne, Sydney|(GMT+10:00\) Guam, Port Moresby|(GMT+10:00\) Guam, Port Moresby|(GMT+10:00\) Hobart|(GMT+10:00\) Hobart|(GMT+11:00\) Papua New Guinea Time|(GMT+11:00\) Papua New Guinea Time|(GMT+11:00\) Solomon Is., New Caledonia|(GMT+11:00\) Solomon Is., New Caledonia|(GMT+11:00\) Vladivostok|(GMT+11:00\) Vladivostok|(GMT+12:00\) Auckland, Wellington|(GMT+12:00\) Auckland, Wellington|(GMT+12:00\) Fiji|(GMT+12:00\) Fiji|(GMT+12:00\) Magadan, Petropavlovsk-Kamchatsky, Russia|(GMT+12:00\) Magadan, Petropavlovsk-Kamchatsky, Russia|(GMT+12:00\) Marshall Is.|(GMT+12:00\) Marshall Is.|(GMT+13:00\) Nuku\&apos;alofa|(GMT+13:00\) Nuku\&apos;alofa|(GMT-01:00\) Cape Verde Is.|(GMT-01:00\) Cape Verde Is.|(GMT-02:00\) Mid-Atlantic|(GMT-02:00\) Mid-Atlantic|(GMT-03:00\) Brasilia|(GMT-03:00\) Brasilia|(GMT-03:00\) Buenos Aires|(GMT-03:00\) Buenos Aires|(GMT-03:00\) Cayenne, French Guiana|(GMT-03:00\) Cayenne, French Guiana|(GMT-03:00\) Greenland|(GMT-03:00\) Greenland|(GMT-03:00\) Montevideo, Uruguay|(GMT-03:00\) Montevideo, Uruguay|(GMT-03:00\) Salvador, Bahia, Brazil|(GMT-03:00\) Salvador, Bahia, Brazil|(GMT-03:30\) Newfoundland|(GMT-03:30\) Newfoundland|(GMT-04:00\) Asuncion, Paraguay|(GMT-04:00\) Asuncion, Paraguay|(GMT-04:00\) Atlantic Time (Canada\)|(GMT-04:00\) Atlantic Time (Canada\)|(GMT-04:00\) Georgetown, La Paz, San Juan|(GMT-04:00\) Georgetown, La Paz, San Juan|(GMT-04:00\) Rio Branco, Brazil|(GMT-04:00\) Rio Branco, Brazil|(GMT-04:00\) Santiago|(GMT-04:00\) Santiago|(GMT-04:00\) Stanley, Falklands|(GMT-04:00\) Stanley, Falklands|(GMT-04:30\) Caracas, Venezuela|(GMT-04:30\) Caracas, Venezuela|(GMT-05:00\) Bogota, Lima, Quito|(GMT-05:00\) Bogota, Lima, Quito|(GMT-05:00\) Eastern Time (CancÃºn, Quintana Roo, Mexico\)|(GMT-05:00\) Eastern Time (CancÃºn, Quintana Roo, Mexico\)|(GMT-05:00\) Eastern Time (US &amp; Canada\)|(GMT-05:00\) Eastern Time (US &amp; Canada\)|(GMT-05:00\) Havana, Cuba|(GMT-05:00\) Havana, Cuba|(GMT-05:00\) Indiana (East\)|(GMT-05:00\) Indiana (East\)|(GMT-05:00\) Kingston, Port-au-Prince|(GMT-05:00\) Kingston, Port-au-Prince|(GMT-06:00\) Central America|(GMT-06:00\) Central America|(GMT-06:00\) Central Time (US &amp; Canada\)|(GMT-06:00\) Central Time (US &amp; Canada\)|(GMT-06:00\) Guadalajara, Mexico City, Monterrey|(GMT-06:00\) Guadalajara, Mexico City, Monterrey|(GMT-06:00\) Saskatchewan|(GMT-06:00\) Saskatchewan|(GMT-07:00\) Arizona|(GMT-07:00\) Arizona|(GMT-07:00\) Chihuahua, La Paz, Mazatlan|(GMT-07:00\) Chihuahua, La Paz, Mazatlan|(GMT-07:00\) Mountain Time (US &amp; Canada\)|(GMT-07:00\) Mountain Time (US &amp; Canada\)|(GMT-08:00\) Baja California Norte; Tijuana|(GMT-08:00\) Baja California Norte; Tijuana|(GMT-08:00\) Pacific Time (US &amp; Canada\)|(GMT-08:00\) Pacific Time (US &amp; Canada\)|(GMT-09:00\) Alaska|(GMT-09:00\) Alaska|(GMT-10:00\) Hawaii|(GMT-10:00\) Hawaii|(GMT-11:00\) Midway Island, Samoa|(GMT-11:00\) Midway Island, Samoa|(GMT-12:00\) International Date Line West|(GMT-12:00\) International Date Line West`1`0`GetTimeZoneName`0`TimeZoneName`(GMT\) Greenwich Mean Time : Dublin, Edinburgh, Lisbon, London`1`0`GetFirstDayOfWeek`0`StartDayOfWeek``0`1`nncm`0`0`1`nci`0`0`14`SI`0`4`0`II`0`SN`CUT Home Screen`CP`Home`VN`CUT Home Page View (CME\)`sti`http://localhost:8080/ecommunications_enu_nsm_aps05524a027/images/home_icon.gif`3`0`II`0`SN`BT Consumer`CP`Residential`VN`BT Consumer - Activities View`3`0`II`0`SN`BT Queues Screen`CP`Queues`VN`BT My Queues View`3`0`II`0`SN`BT Search`CP`Search`VN`BT Search View`3`0`II`0`SN`BT Interactions Screen`CP`Interactions`VN`BT Interaction Detail View`3`0`II`0`SN`Literature Screen`CP`Weblinks`VN`All Sales Tools across Organizations`3`0`II`0`SN`BT Billing Account Screen`CP`Billing Account`VN`BT Billing Account Profile view`4`0`II`0`SN`Sales Order Screen`CP`Sales Orders`VN`Order Entry - My Orders View (Sales\)`sti`http://localhost:8080/ecommunications_enu_nsm_aps05524a027/images/orders_icon.gif`4`0`II`0`SN`Activities Screen`CP`Activities`VN`Activity List View`sti`http://localhost:8080/ecommunications_enu_nsm_aps05524a027/images/activities_icon.png`3`0`II`0`SN`BT Fulfilment Order Screen`CP`Fulfillment Orders`VN`BT Fulfilment Orders Detail View`3`0`II`0`SN`BT Nevis Pre Order Check`CP`BT Vision Eligibility Check`VN`BT Nevis Pre Order Check View`3`0`II`0`SN`Maxi Wizard Screen`CP`Amend/Cancel Wizard`VN`BT Maxi Wizard View`3`0`II`0`SN`Home Move Screen`CP`Home Move`VN`BT Home Move View`3`0`II`0`SN`BT Billing D &amp; A Screen`CP`Disputes And Adjustments`VN`BT D&amp;A Details Product Charges View`2`0`tn`0`n`bar`v`&lt;img src=\&apos;images/tree_bar_d.gif\&apos;            alt=\&apos;|\&apos; border=0 vspace=0 hspace=0&gt;`2`0`tn`0`n`close`v`&lt;img src=\&apos;images/tree_closed_folder_d.gif\&apos;  alt=\&apos;\&apos;  border=0 vspace=0 hspace=0&gt;`2`0`tn`0`n`collapse`v`&lt;img src=\&apos;images/tree_collapse_d.gif\&apos;       alt=\&apos;-\&apos; border=0 vspace=0 hspace=0&gt;`2`0`tn`0`n`collapseElbow`v`&lt;img src=\&apos;images/tree_coll_elbow_d.gif\&apos;     alt=\&apos;-\&apos; border=0 vspace=0 hspace=0&gt;`2`0`tn`0`n`collapseTee`v`&lt;img src=\&apos;images/tree_closed_folder_d.gif\&apos;  alt=\&apos;\&apos;  border=0 vspace=0 hspace=0&gt;`2`0`tn`0`n`elbow`v`&lt;img src=\&apos;images/tree_elbow_d.gif\&apos;          alt=\&apos;\&apos;  border=0 vspace=0 hspace=0&gt;`2`0`tn`0`n`expand`v`&lt;img src=\&apos;images/tree_expand_d.gif\&apos;         alt=\&apos;+\&apos; border=0 vspace=0 hspace=0&gt;`2`0`tn`0`n`expandElbow`v`&lt;img src=\&apos;images/tree_exp_elbow_d.gif\&apos;      alt=\&apos;+\&apos; border=0 vspace=0 hspace=0&gt;`2`0`tn`0`n`expandTee`v`&lt;img src=\&apos;images/tree_exp_tee_d.gif\&apos;        alt=\&apos;+\&apos; border=0 vspace=0 hspace=0&gt;`2`0`tn`0`n`leaf`v`&lt;img src=\&apos;images/tree_leaf_local_d.gif\&apos;     alt=\&apos;\&apos;  border=0 vspace=0 hspace=0&gt;`2`0`tn`0`n`open`v`&lt;img src=\&apos;images/tree_open_folder_d.gif\&apos;    alt=\&apos;\&apos;  border=0 vspace=0 hspace=0&gt;`2`0`tn`0`n`space`v`&lt;img src=\&apos;images/tree_space.gif\&apos;          alt=\&apos; \&apos; border=0 vspace=0 hspace=0&gt;`2`0`tn`0`n`tee`v`&lt;img src=\&apos;images/tree_tee_d.gif\&apos;            alt=\&apos;\&apos;  border=0 vspace=0 hspace=0&gt;`2`0`msg`0`n`Query Mode Prompt`v`Enter Query.`2`0`msg`0`n`Query Result Prompt`v`Query Results`2`0`rct`0`n`No Records`v`No Records`2`0`rct`0`n`Form Row Counter Last Record`v`Last Record`2`0`rct`0`n`Form Row Counter From Last`v`%1 from Last`2`0`rct`0`n`Form Row Counter Total Known`v`%1 of %2`2`0`rct`0`n`Form Row Counter Total Unknown`v`%1 of %2+`2`0`rct`0`n`List Row Counter Last Record`v`Last %1 Records`2`0`rct`0`n`List Row Counter From Last`v`%1 - %2 from Last`2`0`rct`0`n`List Row Counter Total Known`v`%1 - %2 of %3`2`0`rct`0`n`List Row Counter Total Unknown`v`%1 - %2 of %3+`2`0`up`0`n`DEF_LIST_ROWS`v`10`2`0`up`0`n`MAX_LIST_ROWS`v`20`2`0`up`0`n`MAX_LIST_COLS`v`20`2`0`up`0`n`CharSet`v`0`25`0`ssh`0`BT Dumgrade Service`BT_Dumgrade_Service_Service`BT CTI Business Service for IWD Blend`BT_CTI_Business_Service_for_IWD_Blend_Service`BT FriendsandFamily`BT_FriendsandFamily_Service`BT CTI Business Service`BT_CTI_Business_Service_Service`BT CRA Validation BS`BT_CRA_Validation_BS_Service`BT Business Service for CancelOther`BT_Business_Service_for_CancelOther_Service`BT Port In Integration`BT_Port_In_Integration_Service`BT Customer KCI`BT_Customer_KCI_Service`BT Genient Interface`BT_Genient_Interface_Service`BT Appointment API`BT_Appointment_API_Service`BT ViewsCast`BT_ViewsCast_Service`BT GotoSystem Common`BT_GotoSystem_Common_Service`BT Application Logging`BT_Application_Logging_Service`BT AutoBook Appointment API`BT_AutoBook_Appointment_API_Service`BT Application Logging - WF`BT_Application_Logging__WF_Service`BT SIM Replacement BS`BT_SIM_Replacement_BS_Service`BT Asseting Line Item Service`BT_Asseting_Line_Item_Service_Service`SIS OM PMT Service`SIS_OM_PMT_Service_Service`ManageBillingDisputeConsumerPortType_3`ManageBillingDisputeConsumerPortType__3_Service`LS PCD Service`LS_PCD_Service_Service`BT SMART`BT_SMART_Service`BT Consumer - Modify Installation Name`BT_Consumer__Modify_Installation_Name_Service`BT Atrium`BT_Atrium_Service`BT Submit Order Dashboard(Sales\)`BT_Submit_Order_DashboardSales_Service`BT BroadBand Checker BS`BT_BroadBand_Checker_BS_Service`5`0`clp`0`cltm`0`clac`5`cltu`0`cld`C:\\SiebelLogs`clfs`50`&quot;);
S_Appearance = new JSSAppearance();
S_AlarmMgr = new JSSAlarmMgr();
S_AlarmMgr.SetApplication(S_App);
S_App.SetAlarmMgr(S_AlarmMgr);
S_AlarmMgr.Init (false, 75, 5, &quot;AlarmDismiss&quot;, &quot;AlarmSchedule&quot;, &quot;AlarmCurrentTime&quot;);
window.setTimeout(&quot;S_AlarmMgr.Poll()&quot;, 5000);
try {S_HTMLSrv.AttachAppObject(S_App_Shadow);S_App.SetCOMSrv(S_HTMLSrv)} catch(obj) {};
top.appLoaded=true; top.SetBusy(false);
}
&lt;/script&gt;
&lt;/head&gt;
&lt;body onload=&quot;loadMain()&quot;  onunload=&quot;S_App.OnUnload(false)&quot;&gt;
&lt;/body&gt;
&lt;/html&gt;
</responseData>
  <responseFile class="java.lang.String"></responseFile>
  <cookies class="java.lang.String">_sn=GXmoeGkdwh1O45lrH7mMIZnLMWvqHkVWiQKqDOICOq1fi95anXYMaCRAX879ujDRD9kS4J75N4kGDX576Q2AKmwZPUBih-4NS80Pc1189OxasEbdAsHiEtIhcnCzZ0zWb5V6QpVraL0TTGU4ktkGZq374g8C0pUBRhKVASKeW21TgUW5eIkswq97I-.qG-kr</cookies>
  <method class="java.lang.String">GET</method>
  <queryString class="java.lang.String"></queryString>
  <java.net.URL>http://localhost:8080/ecommunications_enu_nsm_aps05524a027/start.swe?SWECmd=GetCachedFrame&amp;SWEACn=23534&amp;SWEC=3&amp;SWEFrame=top._swe._sweapp&amp;SRN=xK7T2pIB2ZOV15hwlQxQF5reKcoUB8VpMTZr7we8uAEb</java.net.URL>
</httpSample>
<httpSample t="{{\d+}}" it="0" lt="{{\d+}}" ct="{{\d+}}" ts="{{\d+}}" s="true" lb="{{\d+}} /ecommunications_enu_nsm_aps05524a027/blank.htm" rc="200" rm="OK" tn="Thread Group 1-1" dt="text" de="utf-8" by="485" sby="851" sc="1" ec="0" ng="1" na="1" hn="{{.*?}}">
  <responseHeader class="java.lang.String">HTTP/1.1 200 OK
Connection: close
Server: Oracle-iPlanet-Web-Server/7.0
Date: Tue, 23 Jun 2020 12:48:52 GMT
Content-Type: text/html
Last-Modified: Mon, 06 Oct 2014 03:26:30 GMT
ETag: &quot;86-54320be6--gzip&quot;
Accept-Ranges: bytes
Connection: close
Matched-Stub-Id: {{\w+-\w+-\w+-\w+-\w+}}
Vary: Accept-Encoding, User-Agent
Content-Encoding: gzip
</responseHeader>
  <requestHeader class="java.lang.String">Connection: close
Referer: http://localhost:8080/ecommunications_enu_nsm_aps05524a027/start.swe?SWECmd=GetCachedFrame&amp;SWEACn=23534&amp;SWEC=3&amp;SWEFrame=top._swe&amp;SRN=xK7T2pIB2ZOV15hwlQxQF5reKcoUB8VpMTZr7we8uAEb
Accept-Language: en-GB
DNT: 1
Accept-Encoding: gzip, deflate
Accept: image/jpeg, application/x-ms-application, image/gif, application/xaml+xml, image/pjpeg, application/x-ms-xbap, */*
User-Agent: Mozilla/4.0 (compatible; MSIE 7.0; Windows NT 6.3; WOW64; Trident/7.0; .NET4.0E; .NET4.0C; .NET CLR 3.5.30729; .NET CLR 2.0.50727; .NET CLR 3.0.30729)
Host: localhost:8080
</requestHeader>
  <responseData class="java.lang.String">&lt;html&gt;
&lt;head&gt;
     &lt;meta http-equiv=&quot;Content-Type&quot; content=&quot;text/html; charset=utf-8&quot;&gt;
&lt;title&gt;
&lt;/title&gt;
&lt;/head&gt;
&lt;body&gt;
&lt;/body&gt;
&lt;html&gt;
</responseData>
  <responseFile class="java.lang.String"></responseFile>
  <cookies class="java.lang.String">_sn=GXmoeGkdwh1O45lrH7mMIZnLMWvqHkVWiQKqDOICOq1fi95anXYMaCRAX879ujDRD9kS4J75N4kGDX576Q2AKmwZPUBih-4NS80Pc1189OxasEbdAsHiEtIhcnCzZ0zWb5V6QpVraL0TTGU4ktkGZq374g8C0pUBRhKVASKeW21TgUW5eIkswq97I-.qG-kr</cookies>
  <method class="java.lang.String">GET</method>
  <queryString class="java.lang.String"></queryString>
  <java.net.URL>http://localhost:8080/ecommunications_enu_nsm_aps05524a027/blank.htm</java.net.URL>
</httpSample>
<httpSample t="{{\d+}}" it="0" lt="{{\d+}}" ct="{{\d+}}" ts="{{\d+}}" s="true" lb="{{\d+}} /ecommunications_enu_nsm_aps05524a027/start.swe" rc="200" rm="OK" tn="Thread Group 1-1" dt="text" de="utf-8" by="716" sby="975" sc="1" ec="0" ng="1" na="1" hn="{{.*?}}">
  <responseHeader class="java.lang.String">HTTP/1.1 200 OK
Connection: close
Server: Oracle-iPlanet-Web-Server/7.0
Date: Tue, 23 Jun 2020 12:48:52 GMT
Content-Language: en
Cache-Control: private
Content-Type: text/html;charset=utf-8
Matched-Stub-Id: {{\w+-\w+-\w+-\w+-\w+}}
Vary: Accept-Encoding, User-Agent
Content-Encoding: gzip
</responseHeader>
  <requestHeader class="java.lang.String">Connection: close
Referer: http://localhost:8080/ecommunications_enu_nsm_aps05524a027/start.swe?SWECmd=GetCachedFrame&amp;SWEACn=23534&amp;SWEC=3&amp;SWEFrame=top._swe&amp;SRN=xK7T2pIB2ZOV15hwlQxQF5reKcoUB8VpMTZr7we8uAEb
Accept-Language: en-GB
DNT: 1
Accept-Encoding: gzip, deflate
Accept: image/jpeg, application/x-ms-application, image/gif, application/xaml+xml, image/pjpeg, application/x-ms-xbap, */*
User-Agent: Mozilla/4.0 (compatible; MSIE 7.0; Windows NT 6.3; WOW64; Trident/7.0; .NET4.0E; .NET4.0C; .NET CLR 3.5.30729; .NET CLR 2.0.50727; .NET CLR 3.0.30729)
Host: localhost:8080
</requestHeader>
  <responseData class="java.lang.String">&lt;BR&gt;&lt;FORM name=&quot;attachment&quot; action=&quot;/ecommunications_enu_nsm_aps05524a027/start.swe&quot; enctype=&quot;multipart/form-data&quot; method=&quot;post&quot; onsubmit = &quot;return false;&quot;&gt;
&lt;INPUT type=&quot;hidden&quot; name=&quot;SWEC&quot;&gt;
&lt;INPUT type=&quot;hidden&quot; name=&quot;SWENeedContext&quot; value=&quot;false&quot;&gt;
&lt;INPUT type=&quot;hidden&quot; name=&quot;SWETS&quot; value=&quot;&quot;&gt;
&lt;INPUT type=&quot;hidden&quot; name=&quot;SWEBID&quot; value=&quot;-1&quot;&gt;
&lt;INPUT type=&quot;hidden&quot; name=&quot;SWECmd&quot; value=&quot;InvokeMethod&quot;&gt;
&lt;INPUT type=&quot;hidden&quot; name=&quot;SWEMethod&quot;&gt;
&lt;INPUT type=&quot;hidden&quot; name=&quot;SWEVI&quot;&gt;
&lt;INPUT type=&quot;hidden&quot; name=&quot;SWEView&quot;&gt;
&lt;INPUT type=&quot;hidden&quot; name=&quot;SWEApplet&quot;&gt;
&lt;INPUT type=&quot;hidden&quot; name=&quot;SWEP&quot;&gt;
&lt;INPUT type=&quot;hidden&quot; name=&quot;SWEField&quot;&gt;
&lt;INPUT type=&quot;hidden&quot; name=&quot;SWERowId&quot;&gt;
&lt;INPUT type=&quot;hidden&quot; name=&quot;SRN&quot; value=&quot;xK7T2pIB2ZOV15hwlQxQF5reKcoUB8VpMTZr7we8uAEb&quot;&gt;
&lt;INPUT type=&quot;hidden&quot; name=&quot;SWERowIds&quot;&gt;
&lt;INPUT type=&quot;hidden&quot; name=&quot;SWEReqRowId&quot; value=&quot;0&quot;&gt;
&lt;INPUT type=&quot;file&quot; name=&quot;s_SweFileName&quot; onChange=&quot;document.attachment.submit.click();&quot;&gt;
&lt;INPUT type=&quot;submit&quot; name=&quot;submit&quot; onclick=&quot;top._swe._sweapp.S_App.SubmitForm(document.attachment); return false;&quot;&gt;&lt;/FORM&gt;</responseData>
  <responseFile class="java.lang.String"></responseFile>
  <cookies class="java.lang.String">_sn=GXmoeGkdwh1O45lrH7mMIZnLMWvqHkVWiQKqDOICOq1fi95anXYMaCRAX879ujDRD9kS4J75N4kGDX576Q2AKmwZPUBih-4NS80Pc1189OxasEbdAsHiEtIhcnCzZ0zWb5V6QpVraL0TTGU4ktkGZq374g8C0pUBRhKVASKeW21TgUW5eIkswq97I-.qG-kr</cookies>
  <method class="java.lang.String">GET</method>
  <queryString class="java.lang.String"></queryString>
  <java.net.URL>http://localhost:8080/ecommunications_enu_nsm_aps05524a027/start.swe?SWECmd=GetCachedFrame&amp;SWEACn=23534&amp;SWEC=3&amp;SWEFrame=top._swe._sweattachment&amp;SRN=xK7T2pIB2ZOV15hwlQxQF5reKcoUB8VpMTZr7we8uAEb</java.net.URL>
</httpSample>
<httpSample t="{{\d+}}" it="0" lt="{{\d+}}" ct="{{\d+}}" ts="{{\d+}}" s="true" lb="{{\d+}} /ecommunications_enu_nsm_aps05524a027/start.swe" rc="200" rm="OK" tn="Thread Group 1-1" dt="text" de="utf-8" by="343" sby="991" sc="1" ec="0" ng="1" na="1" hn="{{.*?}}">
  <responseHeader class="java.lang.String">HTTP/1.1 200 OK
Connection: close
Server: Oracle-iPlanet-Web-Server/7.0
Date: Tue, 23 Jun 2020 12:48:53 GMT
Content-Language: en
Cache-Control: private
Content-Type: text/html;charset=utf-8
Matched-Stub-Id: {{\w+-\w+-\w+-\w+-\w+}}
Vary: Accept-Encoding, User-Agent
Content-Encoding: gzip
</responseHeader>
  <requestHeader class="java.lang.String">Connection: close
Referer: http://localhost:8080/ecommunications_enu_nsm_aps05524a027/start.swe?SWECmd=GetCachedFrame&amp;SWEACn=23534&amp;SWEC=3&amp;SWEFrame=top._swe&amp;SRN=xK7T2pIB2ZOV15hwlQxQF5reKcoUB8VpMTZr7we8uAEb
Accept-Language: en-GB
DNT: 1
Accept-Encoding: gzip, deflate
Accept: image/jpeg, application/x-ms-application, image/gif, application/xaml+xml, image/pjpeg, application/x-ms-xbap, */*
User-Agent: Mozilla/4.0 (compatible; MSIE 7.0; Windows NT 6.3; WOW64; Trident/7.0; .NET4.0E; .NET4.0C; .NET CLR 3.5.30729; .NET CLR 2.0.50727; .NET CLR 3.0.30729)
Host: localhost:8080
</requestHeader>
  <responseData class="java.lang.String">&lt;HTML&gt;&lt;/HTML&gt;
</responseData>
  <responseFile class="java.lang.String"></responseFile>
  <cookies class="java.lang.String">_sn=GXmoeGkdwh1O45lrH7mMIZnLMWvqHkVWiQKqDOICOq1fi95anXYMaCRAX879ujDRD9kS4J75N4kGDX576Q2AKmwZPUBih-4NS80Pc1189OxasEbdAsHiEtIhcnCzZ0zWb5V6QpVraL0TTGU4ktkGZq374g8C0pUBRhKVASKeW21TgUW5eIkswq97I-.qG-kr</cookies>
  <method class="java.lang.String">GET</method>
  <queryString class="java.lang.String"></queryString>
  <java.net.URL>http://localhost:8080/ecommunications_enu_nsm_aps05524a027/start.swe?SWECmd=GotoPostedAction&amp;SWEACn=23534&amp;SWEDIC=true&amp;SWEC=3&amp;SWEFrame=top._sweclient&amp;SRN=xK7T2pIB2ZOV15hwlQxQF5reKcoUB8VpMTZr7we8uAEb&amp;SWECS=true</java.net.URL>
</httpSample>
<httpSample t="{{\d+}}" it="0" lt="{{\d+}}" ct="{{\d+}}" ts="{{\d+}}" s="true" lb="{{\d+}} /ecommunications_enu_nsm_aps05524a027/start.swe" rc="200" rm="OK" tn="Thread Group 1-1" dt="text" de="utf-8" by="1031" sby="955" sc="1" ec="0" ng="1" na="1" hn="{{.*?}}">
  <responseHeader class="java.lang.String">HTTP/1.1 200 OK
Connection: close
Server: Oracle-iPlanet-Web-Server/7.0
Date: Tue, 23 Jun 2020 12:48:54 GMT
Content-Language: en
Cache-Control: private
Content-Type: text/html;charset=utf-8
Matched-Stub-Id: {{\w+-\w+-\w+-\w+-\w+}}
Vary: Accept-Encoding, User-Agent
Content-Encoding: gzip
</responseHeader>
  <requestHeader class="java.lang.String">Connection: close
Referer: http://localhost:8080/ecommunications_enu_nsm_aps05524a027/start.swe?SWECmd=Login&amp;SWEPL=1&amp;SRN=xK7T2pIB2ZOV15hwlQxQF5reKcoUB8VpMTZr7we8uAEb&amp;SWETS={{\d+}}
Accept-Language: en-GB
DNT: 1
Accept-Encoding: gzip, deflate
Accept: image/jpeg, application/x-ms-application, image/gif, application/xaml+xml, image/pjpeg, application/x-ms-xbap, */*
User-Agent: Mozilla/4.0 (compatible; MSIE 7.0; Windows NT 6.3; WOW64; Trident/7.0; .NET4.0E; .NET4.0C; .NET CLR 3.5.30729; .NET CLR 2.0.50727; .NET CLR 3.0.30729)
Host: localhost:8080
</requestHeader>
  <responseData class="java.lang.String">&lt;HTML &gt;&lt;head&gt;&lt;title&gt;oneView Client&lt;/title&gt;&lt;link href=&quot;files/main.css&quot; rel=&quot;stylesheet&quot;/&gt;&lt;/head&gt;&lt;script language=&quot;javascript&quot; src=&quot;23048/scripts/swecommon.js&quot;&gt;&lt;/script&gt;&lt;frameset rows=&apos;25,27,18,42,*&apos; border=&apos;0&apos; frameborder=&apos;No&apos;&gt;
&lt;frame name=&quot;_sweappmenu&quot; OT=&quot;_sweappmenu Frame&quot; src=&quot;http://localhost:8080/ecommunications_enu_nsm_aps05524a027/start.swe?SWENeedContext=false&amp;SWECmd=GetCachedFrame&amp;SWEACn=23534&amp;SWEC=3&amp;SWEFrame=top._sweclient._sweappmenu&amp;SWEBID=-1&amp;SRN=xK7T2pIB2ZOV15hwlQxQF5reKcoUB8VpMTZr7we8uAEb&amp;SWETS=&quot; marginheight=&apos;0&apos; marginwidth=&apos;0&apos; noresize scrolling=&apos;No&apos;&gt;
&lt;frame name=&quot;_sweviewbar&quot; OT=&quot;_sweviewbar Frame&quot; src=&quot;http://localhost:8080/ecommunications_enu_nsm_aps05524a027/start.swe?SWENeedContext=false&amp;SWECmd=GetCachedFrame&amp;SWEACn=23534&amp;SWEC=3&amp;SWEFrame=top._sweclient._sweviewbar&amp;SWEBID=-1&amp;SRN=xK7T2pIB2ZOV15hwlQxQF5reKcoUB8VpMTZr7we8uAEb&amp;SWETS=&quot; marginheight=&apos;0&apos; marginwidth=&apos;0&apos; noresize scrolling=&apos;No&apos;&gt;
&lt;frame name=&quot;_swethreadbar&quot; OT=&quot;_swethreadbar Frame&quot; src=&quot;http://localhost:8080/ecommunications_enu_nsm_aps05524a027/start.swe?SWENeedContext=false&amp;SWECmd=GetCachedFrame&amp;SWEACn=23534&amp;SWEC=3&amp;SWEFrame=top._sweclient._swethreadbar&amp;SWEBID=-1&amp;SRN=xK7T2pIB2ZOV15hwlQxQF5reKcoUB8VpMTZr7we8uAEb&amp;SWETS=&quot; marginheight=&apos;0&apos; marginwidth=&apos;0&apos; noresize scrolling=&apos;No&apos;&gt;
&lt;frame name=&quot;_swescrnbar&quot; OT=&quot;_swescrnbar Frame&quot; src=&quot;http://localhost:8080/ecommunications_enu_nsm_aps05524a027/start.swe?SWENeedContext=false&amp;SWECmd=GetCachedFrame&amp;SWEACn=23534&amp;SWEC=3&amp;SWEFrame=top._sweclient._swescrnbar&amp;SWEBID=-1&amp;SRN=xK7T2pIB2ZOV15hwlQxQF5reKcoUB8VpMTZr7we8uAEb&amp;SWETS=&quot; marginheight=&apos;0&apos; marginwidth=&apos;0&apos; noresize scrolling=&apos;No&apos;&gt;
&lt;frame name=&quot;_swecontent&quot; OT=&quot;_swecontent Frame&quot; src=&quot;http://localhost:8080/ecommunications_enu_nsm_aps05524a027/start.swe?SWENeedContext=false&amp;SWECmd=GetCachedFrame&amp;SWEACn=23534&amp;SWEC=3&amp;SWEFrame=top._sweclient._swecontent&amp;SWEBID=-1&amp;SRN=xK7T2pIB2ZOV15hwlQxQF5reKcoUB8VpMTZr7we8uAEb&amp;SWETS=&quot; marginheight=&apos;0&apos; marginwidth=&apos;0&apos; noresize scrolling=&apos;Auto&apos;&gt;
&lt;/frameset&gt;
&lt;script&gt;

if (typeof(top._samePage) != &apos;undefined&apos; &amp;&amp; top._samePage!=&quot;&quot;) top._samePage = &quot;&quot;;
if (top.opener == null || typeof top.opener.swetop == &apos;unknown&apos; || typeof top.opener.swetop == &apos;undefined&apos;) top._swe._sweapp.S_App.SWECount = 3;
else top.opener.top._swe._sweapp.S_App.SWECount = 3;
g_bInitialized = true;

var ctrlLookupMap = new Array();
function FindControl (appletName, controlName) { return (ctrlLookupMap [appletName + &quot;.&quot; + controlName]); }
&lt;/script&gt;
&lt;/HTML&gt;</responseData>
  <responseFile class="java.lang.String"></responseFile>
  <cookies class="java.lang.String">_sn=GXmoeGkdwh1O45lrH7mMIZnLMWvqHkVWiQKqDOICOq1fi95anXYMaCRAX879ujDRD9kS4J75N4kGDX576Q2AKmwZPUBih-4NS80Pc1189OxasEbdAsHiEtIhcnCzZ0zWb5V6QpVraL0TTGU4ktkGZq374g8C0pUBRhKVASKeW21TgUW5eIkswq97I-.qG-kr</cookies>
  <method class="java.lang.String">GET</method>
  <queryString class="java.lang.String"></queryString>
  <java.net.URL>http://localhost:8080/ecommunications_enu_nsm_aps05524a027/start.swe?SWECmd=GetCachedFrame&amp;SWEACn=23534&amp;SWERT=5&amp;SWEC=3&amp;SWEFrame=top._sweclient&amp;SRN=xK7T2pIB2ZOV15hwlQxQF5reKcoUB8VpMTZr7we8uAEb</java.net.URL>
</httpSample>
<httpSample t="{{\d+}}" it="0" lt="{{\d+}}" ct="{{\d+}}" ts="{{\d+}}" s="true" lb="{{\d+}} /ecommunications_enu_nsm_aps05524a027/start.swe" rc="200" rm="OK" tn="Thread Group 1-1" dt="text" de="utf-8" by="23326" sby="769" sc="1" ec="0" ng="1" na="1" hn="{{.*?}}">
  <responseHeader class="java.lang.String">HTTP/1.1 200 OK
Connection: close
Server: Oracle-iPlanet-Web-Server/7.0
Date: Tue, 23 Jun 2020 12:48:54 GMT
Content-Language: en
Cache-Control: no-cache
Swerpc: true
Content-Type: text/html;charset=utf-8
Matched-Stub-Id: {{\w+-\w+-\w+-\w+-\w+}}
Vary: Accept-Encoding, User-Agent
</responseHeader>
  <requestHeader class="java.lang.String">Connection: close
Content-Type: application/x-www-form-urlencoded
DNT: 1
Pragma: no-cache
Accept-Encoding: deflate
User-Agent: Mozilla/4.0 (compatible; MSIE 7.0; Windows NT 6.3; WOW64; Trident/7.0; .NET4.0E; .NET4.0C; .NET CLR 3.5.30729; .NET CLR 2.0.50727; .NET CLR 3.0.30729)
Accept: text/html, image/gif, image/jpeg, *; q=.2, */*; q=.2
Content-Length: 109
Host: localhost:8080
</requestHeader>
  <responseData class="java.lang.String">@0`1`4`1``0`UC`1`Status`OK`SWEC`3`SRN`xK7T2pIB2ZOV15hwlQxQF5reKcoUB8VpMTZr7we8uAEb`1`8`Command Manager`0`RefreshToolbar`true`7`0`StateToolBar`0`#35`true`#36`true`#17`true`#34`true`#8`false`#37`true`#38`true`0`1`StateExToolBar`0`1`0`#35`0`Checked`false`0`3`FlagsToolBar`0`3`0`#8`0`SWESP`true`SWEH`0`SWEW`0`3`0`#34`0`SWESP`true`SWEH`600`SWEW`800`3`0`#36`0`SWESP`true`SWEH`20`SWEW`380`32`0`State`0`#32`true`#10`true`#7`false`#2`false`#0`false`#1`false`#27`false`#20`false`#15`false`#31`true`#26`false`#18`true`#28`false`#22`false`#16`false`#4`true`#12`false`#25`false`#13`true`#11`false`#5`true`#29`true`#23`false`#33`true`#30`true`#24`true`#14`true`#9`true`#21`false`#19`true`#6`false`#3`false`0`7`StateEx`0`0`0`#9`0`0`0`#14`0`0`0`#15`0`0`0`#18`0`0`0`#26`0`0`0`#27`0`1`0`#28`0`Checked`false`0`10`Flags`0`3`0`#4`0`SWESP`true`SWEH`20`SWEW`380`3`0`#5`0`SWESP`true`SWEH`290`SWEW`470`3`0`#16`0`SWESP`true`SWEH`0`SWEW`0`3`0`#19`0`SWESP`true`SWEH`230`SWEW`400`3`0`#20`0`SWESP`true`SWEH`230`SWEW`420`4`0`#29`0`SWESP`true`SWEH`0`SWEW`0`SWEFW`true`3`0`#30`0`SWESP`true`SWEH`210`SWEW`620`3`0`#31`0`SWESP`true`SWEH`600`SWEW`800`3`0`#32`0`SWESP`true`SWEH`260`SWEW`560`3`0`#33`0`SWESP`true`SWEH`600`SWEW`800`0`10`GlobalMenu`0`3`19``0`Caption`&amp;File`Type`Menu`Menu`File`3`3``0`Caption`Auto`Type`Menu`Menu`File - Auto`5`0``0`Enabled`false`Command`#0`Caption`&amp;Application`Type`Command`Menu`File - New Application`5`0``0`Enabled`false`Command`#1`Caption`&amp;Call List	[Alt+I]`Type`Command`Menu`File - New Call List`5`0``0`Enabled`false`Command`#2`Caption`Call &amp;Report	[Alt+P]`Type`Command`Menu`File - New Call Report`5`0``0`Enabled`false`Command`*Browser Applet* *GetBookmarkURL* * *300*150*true`Caption`Create Bookmark...`Type`Command`Menu`File - Create Bookmark`1`0``0`Type`Separator`5`0``0`Enabled`false`Command`#3`Caption`Send Letter	[Ctrl+L]`Type`Command`Menu`File - New Correspondence`5`0``0`Enabled`false`Command`*Browser Applet* *FileSendMail* *Email*0*0*true`Caption`Send Email...	[F9]`Type`Command`Menu`File - Send EMail`5`0``0`Enabled`false`Command`*Browser Applet* *FileSendFax* *Fax*0*0*true`Caption`Send Fax...	[Ctrl+F9]`Type`Command`Menu`File - Send Fax`5`0``0`Enabled`false`Command`*Browser Applet* *FileSendWireless* *Wireless*0*0*true`Caption`Send Wireless Message...	[Alt+F9]`Type`Command`Menu`File - Send Wireless Message`1`0``0`Type`Separator`5`0``0`Enabled`true`Command`#4`Caption`Print Preview...`Type`Command`Menu`File - Print Preview`5`0``0`Enabled`true`Command`#5`Caption`Print...	[Ctrl+P]`Type`Command`Menu`File - Custom Print`1`0``0`Type`Separator`5`0``0`Enabled`false`Command`*Browser Applet* *Import* * *420*230*true`Caption`Import Data`Type`Command`Menu`File - Import Data`5`0``0`Enabled`false`Command`*Browser Applet* *ExportQuery* * *420*230*true`Caption`Export Data Map`Type`Command`Menu`File - Export Data`1`0``0`Type`Separator`5`0``0`Enabled`false`Command`#6`Caption`Synchronize Database...	[Shift+F5]`Type`Command`Menu`File - Synchronize Database`1`0``0`Type`Separator`5`0``0`Enabled`false`Command`#7`Caption`Connect	[Ctrl+Shift+W]`Type`Command`Menu`File - Connect`5`0``0`Enabled`true`Command`*Browser* *Logoff* * `Caption`Log Out	[Ctrl+Shift+X]`Type`Command`Menu`File - Logout`8`0`Server`0`#0`false`#2`false`#7`false`#1`false`#4`false`#5`false`#3`false`#6`false`3`17``0`Caption`&amp;Edit`Type`Menu`Menu`Edit`5`0``0`Enabled`false`Command`*Browser Applet* *UndoRecord* * `Caption`Undo Record	[Ctrl+U]`Type`Command`Menu`Edit - Undo Record`5`0``0`Enabled`false`Command`*Browser Applet* *DeleteRecord* * `Caption`Delete Record	[Ctrl+D]`Type`Command`Menu`Edit - Delete Record`5`0``0`Enabled`false`Command`#8`Caption`Save Target List`Type`Command`Menu`Edit - SLM Save Target List`5`0``0`Enabled`false`Command`#8`Caption`Apply Target List`Type`Command`Menu`Edit - SLM Apply Target List`1`0``0`Type`Separator`5`0``0`Enabled`false`Command`*Browser Applet* *NewRecord* * `Caption`New Record	[Ctrl+N]`Type`Command`Menu`Edit - New Record`5`0``0`Enabled`false`Command`*Browser Applet* *CopyRecord* * `Caption`Copy Record	[Ctrl+B]`Type`Command`Menu`Edit - Copy Record`5`0``0`Enabled`false`Command`*Browser Applet* *WriteRecord* * `Caption`Save Record	[Ctrl+S]`Type`Command`Menu`Edit - Save Record`1`0``0`Type`Separator`5`0``0`Enabled`false`Command`*Browser Applet* *ChangeRecords* * *420*230*true`Caption`Change Records...`Type`Command`Menu`Edit - Change Records`5`0``0`Enabled`false`Command`*Browser Applet* *MergeRecords* * *420*230*true`Caption`Merge Records...`Type`Command`Menu`Edit - Merge Records`1`0``0`Type`Separator`5`0``0`Enabled`false`Command`*Browser Applet* *SelectAll* * `Caption`Select All	[Ctrl+A]`Type`Command`Menu`Edit - Select All`5`0``0`Enabled`false`Command`*Browser Applet* *InvertSelection* * `Caption`Invert Selection`Type`Command`Menu`Edit - Invert Selection`1`0``0`Type`Separator`5`0``0`Enabled`true`Command`#9`Caption`Search	[Ctrl+Shift+F]`Type`Command`Menu`Edit - Search`2`0`Server`0`#8`false`#9`false`3`12``0`Caption`&amp;View`Type`Menu`Menu`View`5`0``0`Enabled`false`Command`*Browser Applet* *ColumnsDisplayed* *Columns Displayed Popup Applet (SWE)*500*280*true`Caption`Columns Displayed...	[Ctrl+Shift+B]`Type`Command`Menu`View - Columns Displayed`1`0``0`Type`Separator`5`0``0`Enabled`true`Command`#10`Caption`Open Customer Dashboard	[Ctrl+Shift+D]`Type`Command`Menu`View - OpenCustomerDashboard`5`0``0`Enabled`false`Command`#11`Caption`Clear Customer Dashboard	[Ctrl+Shift+U]`Type`Command`Menu`View - ClearCustomerDashboard`5`0``0`Enabled`false`Command`#12`Caption`Close Customer Dashboard	[Ctrl+Shift+Q]`Type`Command`Menu`View - CloseCustomerDashboard`5`0``0`Enabled`true`Command`#13`Caption`Update Customer Dashboard	[Ctrl+Shift+P]`Type`Command`Menu`View - UpdateCustomerDashboard`1`0``0`Type`Separator`5`0``0`Enabled`true`Command`#14`Caption`Open iHelp	[Ctrl+Shift+E]`Type`Command`Menu`View - OpenTaskAssistant`5`0``0`Enabled`false`Command`#15`Caption`Close iHelp	[Ctrl+Shift+C]`Type`Command`Menu`View - CloseTaskAssistant`5`0``0`Enabled`false`Command`#16`Caption`Audit Trail`Type`Command`Menu`View - Audit Trail`5`0``0`Enabled`false`Command`*Browser* *ArchiveAuditTrail* * `Caption`All Audit Trail inc Archive`Type`Command`Menu`View - All Audit Trail inc Archive`7`0`Server`0`#10`false`#15`false`#16`false`#12`false`#13`false`#11`false`#14`false`3`12``0`Caption`&amp;Navigate`Type`Menu`Menu`Navigate`5`0``0`Enabled`true`Command`#17`Caption`Site Map	[Ctrl+Shift+A]`Type`Command`Menu`Navigate - Site Map`1`0``0`Type`Separator`5`0``0`Enabled`false`Command`*Browser Applet* *GotoPrevious* * `Caption`Previous Record	[Ctrl+Up]`Type`Command`Menu`Navigate - Previous Record`5`0``0`Enabled`false`Command`*Browser Applet* *GotoNext* * `Caption`Next Record	[Ctrl+Down]`Type`Command`Menu`Navigate - Next Record`5`0``0`Enabled`false`Command`*Browser Applet* *GotoPreviousSet* * `Caption`Previous Record Set	[Ctrl+Alt+,]`Type`Command`Menu`Navigate - Previous Records`5`0``0`Enabled`false`Command`*Browser Applet* *GotoNextSet* * `Caption`Next Record Set	[Alt+Ctrl+Y]`Type`Command`Menu`Navigate - Next Records`5`0``0`Enabled`false`Command`*Browser Applet* *GotoFirstSet* * `Caption`First Records	[Alt+F]`Type`Command`Menu`Navigate - First Records`5`0``0`Enabled`false`Command`*Browser Applet* *GotoLastSet* * `Caption`Last Records	[Alt+L]`Type`Command`Menu`Navigate - Last Records`1`0``0`Type`Separator`5`0``0`Enabled`true`Command`#18`Caption`Go to iHelp Map	[Ctrl+Alt+I]`Type`Command`Menu`Navigate - GotoTaskMap`1`0``0`Type`Separator`2`0`Server`0`#18`false`#17`false`3`7``0`Caption`&amp;Application`Type`Menu`Menu`Application`5`0``0`Enabled`false`Command`*Browser* *BTSystemVersion* * `Caption`System &amp;Version`Type`Command`Menu`Application - System Version`5`0``0`Enabled`false`Command`*Browser* *BTAppServer* * `Caption`Application &amp;Server Name`Type`Command`Menu`Application - App Server`5`0``0`Enabled`false`Command`*Browser* *BTSqlTraceOn* * `Caption`Sql Trace On`Type`Command`Menu`Application - Sql Trace On`5`0``0`Enabled`false`Command`*Browser* *BTAllocTraceOn* * `Caption`Allocation Trace On`Type`Command`Menu`Application - Alloc Trace On`5`0``0`Enabled`false`Command`*Browser* *BTTraceOff* * `Caption`Trace Off`Type`Command`Menu`Application - Trace Off`5`0``0`Enabled`false`Command`*Browser Applet* *ShowQueryAssistant* *ShowMode=Edit, Applet=Query Assistant*0*0*true`Caption`QueryAssistant	[Ctrl+Shift+Z]`Type`Command`Menu`Query - QueryAssist`5`0``0`Enabled`false`Command`*Browser Applet* *UndoQuery* * `Caption`UndoQuery	[Ctrl+Shift+9]`Type`Command`Menu`Query-Undo Query`3`9``0`Caption`&amp;Query`Type`Menu`Menu`Query`5`0``0`Enabled`false`Command`*Browser Applet* *NewQuery* * `Caption`New Query	[Alt+Q]`Type`Command`Menu`Query - New Query`5`0``0`Enabled`false`Command`*Browser Applet* *ExecuteQuery* * `Caption`Run Query	[Alt+ENTER]`Type`Command`Menu`Query - Execute Query`5`0``0`Enabled`false`Command`*Browser Applet* *RefineQuery* * `Caption`Refine Query	[Alt+R]`Type`Command`Menu`Query - Refine Query`1`0``0`Type`Separator`5`0``0`Enabled`false`Command`*Browser* *SaveQuery* * `Caption`Save`Type`Command`Menu`Query - Save Query`5`0``0`Enabled`false`Command`*Browser* *SaveQueryAs* *Save Query As Applet*410*250*true`Caption`Save Query As...	[Alt+S]`Type`Command`Menu`Query - Save Query As`1`0``0`Type`Separator`5`0``0`Enabled`true`Command`#19`Caption`Delete Saved Query...`Type`Command`Menu`Query - Delete Query`1`0`Server`0`#19`false`3`15``0`Caption`&amp;Tools`Type`Menu`Menu`Tools`5`0``0`Enabled`false`Command`#20`Caption`Advanced Sort...	[Ctrl+Shift+O]`Type`Command`Menu`Tools - Sort Order`1`0``0`Type`Separator`5`0``0`Enabled`false`Command`#21`Caption`Auto Expense Report`Type`Command`Menu`Tools - New Expense`5`0``0`Enabled`false`Command`#22`Caption`Auto Timesheet`Type`Command`Menu`Tools - New Time Sheet`1`0``0`Type`Separator`5`0``0`Enabled`false`Command`#23`Caption`Communications`Type`Command`Menu`Tools - Communications`5`0``0`Enabled`true`Command`#24`Caption`User Preferences`Type`Command`Menu`Tools - Options`5`0``0`Enabled`false`Command`*Browser* *GetProfile* * `Caption`Get Profile Attribute`Type`Command`Menu`Tools - BT Get Profile Attribute`5`0``0`Enabled`false`Command`*Browser* *WriteProfileAttrtoFile* * `Caption`Write Profile Attributes to File`Type`Command`Menu`Tools - BT Write Attributes to File`5`0``0`Enabled`false`Command`#25`Caption`Reset Active Session Count	[Ctrl + F8]`Type`Command`Menu`Tools - Reset Active Session Count`5`0``0`Enabled`false`Command`#26`Caption`Next Task Step	[Ctrl+SPACE]`Type`Command`Menu`Navigate - Next Task Step`5`0``0`Enabled`false`Command`#27`Caption`Previous Task Step	[Ctrl+Alt+SPACE]`Type`Command`Menu`Navigate - Previous Task Step`1`0``0`Type`Separator`5`0``0`Enabled`false`Command`#28`Caption`Tasks	[Ctrl+Shift+Y]`Type`Command`Menu`View - ToggleTasks`9`0`Server`0`#20`false`#27`false`#26`false`#22`false`#28`false`#25`false`#23`false`#24`false`#21`false`3`10``0`Caption`&amp;Help`Type`Menu`Menu`Help`5`0``0`Enabled`true`Command`#29`Caption`Contents	[Ctrl+H]`Type`Command`Menu`Help - Contents`1`0``0`Type`Separator`5`0``0`Enabled`true`Command`#30`Caption`Technical Support...	[Ctrl+Alt+J]`Type`Command`Menu`Help - Technical Support`5`0``0`Enabled`true`Command`#31`Caption`Suggestion Box`Type`Command`Menu`Help - Suggestion Box`1`0``0`Type`Separator`5`0``0`Enabled`false`Command`*Browser Applet* *AboutRecord* *About Record Applet*450*160*true`Caption`About Record...	[Ctrl+Alt+K]`Type`Command`Menu`Help - About Record`5`0``0`Enabled`false`Command`*Browser* *AboutView* *About View Applet*620*210*true`Caption`About View...`Type`Command`Menu`Help - About View`5`0``0`Enabled`true`Command`#32`Caption`About Repository`Type`Command`Menu`Help - About SRF`5`0``0`Enabled`true`Command`#33`Caption`About Siebel...`Type`Command`Menu`Help - About Siebel`5`0`Server`0`#32`false`#31`false`#29`false`#30`false`#33`false`0`99`Accelerators`0`3`0``0`Enabled`false`key`00173`Command`#1`3`0``0`Enabled`false`key`00180`Command`#2`3`0``0`Enabled`false`key`01076`Command`#3`3`0``0`Enabled`false`key`11076`Command`#3`3`0``0`Enabled`false`key`000120`Command`*Browser Applet* *FileSendMail* *Email*0*0*true`3`0``0`Enabled`false`key`01149`Command`*Browser Applet* *FileSendMail* *Email*0*0*true`3`0``0`Enabled`false`key`010120`Command`*Browser Applet* *FileSendFax* *Fax*0*0*true`3`0``0`Enabled`false`key`01150`Command`*Browser Applet* *FileSendFax* *Fax*0*0*true`3`0``0`Enabled`false`key`001120`Command`*Browser Applet* *FileSendWireless* *Wireless*0*0*true`3`0``0`Enabled`false`key`01152`Command`*Browser Applet* *FileSendWireless* *Wireless*0*0*true`3`0``0`Enabled`true`key`01080`Command`#5`3`0``0`Enabled`false`key`100116`Command`#6`3`0``0`Enabled`false`key`01153`Command`#6`3`0``0`Enabled`false`key`11087`Command`#7`3`0``0`Enabled`true`key`11088`Command`*Browser* *Logoff* * `3`0``0`Enabled`false`key`01085`Command`*Browser Applet* *UndoRecord* * `3`0``0`Enabled`false`key`01185`Command`*Browser Applet* *UndoRecord* * `3`0``0`Enabled`false`key`01068`Command`*Browser Applet* *DeleteRecord* * `3`0``0`Enabled`false`key`01168`Command`*Browser Applet* *DeleteRecord* * `3`0``0`Enabled`false`key`01078`Command`*Browser Applet* *NewRecord* * `3`0``0`Enabled`false`key`01178`Command`*Browser Applet* *NewRecord* * `3`0``0`Enabled`false`key`01066`Command`*Browser Applet* *CopyRecord* * `3`0``0`Enabled`false`key`01167`Command`*Browser Applet* *CopyRecord* * `3`0``0`Enabled`false`key`01083`Command`*Browser Applet* *WriteRecord* * `3`0``0`Enabled`false`key`11083`Command`*Browser Applet* *WriteRecord* * `3`0``0`Enabled`false`key`01165`Command`*Browser Applet* *SelectAll* * `3`0``0`Enabled`false`key`01065`Command`*Browser Applet* *SelectAll* * `3`0``0`Enabled`true`key`11070`Command`#9`3`0``0`Enabled`false`key`11066`Command`*Browser Applet* *ColumnsDisplayed* *Columns Displayed Popup Applet (SWE)*500*280*true`3`0``0`Enabled`false`key`11075`Command`*Browser Applet* *ColumnsDisplayed* *Columns Displayed Popup Applet (SWE)*500*280*true`3`0``0`Enabled`true`key`11068`Command`#10`3`0``0`Enabled`false`key`11085`Command`#11`3`0``0`Enabled`false`key`11081`Command`#12`3`0``0`Enabled`true`key`11080`Command`#13`3`0``0`Enabled`true`key`11069`Command`#14`3`0``0`Enabled`false`key`11067`Command`#15`3`0``0`Enabled`true`key`11065`Command`#17`3`0``0`Enabled`false`key`001188`Command`*Browser Applet* *GotoPrevious* * `3`0``0`Enabled`false`key`01038`Command`*Browser Applet* *GotoPrevious* * `3`0``0`Enabled`false`key`110188`Command`*Browser Applet* *GotoPrevious* * `3`0``0`Enabled`false`key`001190`Command`*Browser Applet* *GotoNext* * `3`0``0`Enabled`false`key`01040`Command`*Browser Applet* *GotoNext* * `3`0``0`Enabled`false`key`110190`Command`*Browser Applet* *GotoNext* * `3`0``0`Enabled`false`key`011188`Command`*Browser Applet* *GotoPreviousSet* * `3`0``0`Enabled`false`key`01189`Command`*Browser Applet* *GotoNextSet* * `3`0``0`Enabled`false`key`011190`Command`*Browser Applet* *GotoNextSet* * `3`0``0`Enabled`false`key`00185`Command`*Browser Applet* *GotoFirstSet* * `3`0``0`Enabled`false`key`00170`Command`*Browser Applet* *GotoFirstSet* * `3`0``0`Enabled`false`key`01170`Command`*Browser Applet* *GotoFirstSet* * `3`0``0`Enabled`false`key`00187`Command`*Browser Applet* *GotoLastSet* * `3`0``0`Enabled`false`key`00176`Command`*Browser Applet* *GotoLastSet* * `3`0``0`Enabled`false`key`01176`Command`*Browser Applet* *GotoLastSet* * `3`0``0`Enabled`true`key`01173`Command`#18`3`0``0`Enabled`false`key`11090`Command`*Browser Applet* *ShowQueryAssistant* *ShowMode=Edit, Applet=Query Assistant*0*0*true`3`0``0`Enabled`false`key`11057`Command`*Browser Applet* *UndoQuery* * `3`0``0`Enabled`false`key`00181`Command`*Browser Applet* *NewQuery* * `3`0``0`Enabled`false`key`01181`Command`*Browser Applet* *NewQuery* * `3`0``0`Enabled`false`key`00113`Command`*Browser Applet* *ExecuteQuery* * `3`0``0`Enabled`false`key`01113`Command`*Browser Applet* *ExecuteQuery* * `3`0``0`Enabled`false`key`00171`Command`*Browser Applet* *RefineQuery* * `3`0``0`Enabled`false`key`00182`Command`*Browser Applet* *RefineQuery* * `3`0``0`Enabled`false`key`01182`Command`*Browser Applet* *RefineQuery* * `3`0``0`Enabled`false`key`00183`Command`*Browser* *SaveQueryAs* *Save Query As Applet*410*250*true`3`0``0`Enabled`false`key`01183`Command`*Browser* *SaveQueryAs* *Save Query As Applet*410*250*true`3`0``0`Enabled`false`key`11079`Command`#20`3`0``0`Enabled`false`key`010119`Command`#25`3`0``0`Enabled`false`key`01032`Command`#26`3`0``0`Enabled`false`key`01132`Command`#27`3`0``0`Enabled`false`key`11089`Command`#28`3`0``0`Enabled`true`key`01072`Command`#29`3`0``0`Enabled`true`key`01172`Command`#29`3`0``0`Enabled`true`key`01174`Command`#30`3`0``0`Enabled`false`key`01175`Command`*Browser Applet* *AboutRecord* *About Record Applet*450*160*true`3`0``0`Enabled`false`key`01180`Command`*Browser Applet* *EditPopup* * `3`0``0`Enabled`false`key`000113`Command`*Browser Applet* *EditPopup* * `3`0``0`Enabled`false`key`01154`Command`*Browser Applet* *ExecuteReply* * `3`0``0`Enabled`false`key`01155`Command`*Browser Applet* *ExecuteReplyAll* * `3`0``0`Enabled`false`key`01157`Command`*Browser Applet* *ExecuteForward* * `3`0``0`Enabled`false`key`01187`Command`*Browser Applet* *EmailSend* * `3`0``0`Enabled`false`key`01171`Command`*Browser Applet* *EmailCancel* * `3`0``0`Enabled`false`key`011221`Command`*SI Plus* *NextApplet* * `3`0``0`Enabled`false`key`110221`Command`*SI Plus* *NextApplet* * `3`0``0`Enabled`false`key`011219`Command`*SI Plus* *PrevApplet* * `3`0``0`Enabled`false`key`110219`Command`*SI Plus* *PrevApplet* * `3`0``0`Enabled`false`key`11086`Command`*SI Plus* *ViewList* * `3`0``0`Enabled`false`key`011187`Command`*SI Plus* *NextFrame* * `3`0``0`Enabled`false`key`110187`Command`*SI Plus* *NextFrame* * `3`0``0`Enabled`false`key`011189`Command`*SI Plus* *PrevFrame* * `3`0``0`Enabled`false`key`110189`Command`*SI Plus* *PrevFrame* * `3`0``0`Enabled`false`key`11071`Command`*SI Plus* *GotoAppletMenu* * `3`0``0`Enabled`false`key`11077`Command`*SI Plus* *GotoAppletMenu* * `3`0``0`Enabled`false`key`01177`Command`*SI Plus* *GotoApplicationMenu* * `3`0``0`Enabled`false`key`11084`Command`*SI Plus* *GotoScrnTab* * `3`0``0`Enabled`false`key`01184`Command`*SI Plus* *GotoViewTab* * `3`0``0`Enabled`false`key`100113`Command`*SI Plus* *GotoCTIToolBar* * `3`0``0`Enabled`false`key`110114`Command`*SI Plus* *GotoMessageBar* * `3`0``0`Enabled`false`key`01186`Command`*SI Plus* *GotoSubViewTab* * `3`0``0`Enabled`false`key`11082`Command`*SI Plus* *GotoReportsMenu* * `3`0``0`Enabled`false`key`11032`Command`*Browser Applet* *Drilldown* * `0`3`BaseAccelerators`0`0`20`#F`0`3`0``0`Enabled`false`key`01085`Command`*Browser Applet* *UndoRecord*#AN* `3`0``0`Enabled`false`key`01185`Command`*Browser Applet* *UndoRecord*#AN* `3`0``0`Enabled`false`key`01068`Command`*Browser Applet* *DeleteRecord*#AN* `3`0``0`Enabled`false`key`01168`Command`*Browser Applet* *DeleteRecord*#AN* `3`0``0`Enabled`false`key`01078`Command`*Browser Applet* *NewRecord*#AN* `3`0``0`Enabled`false`key`01178`Command`*Browser Applet* *NewRecord*#AN* `3`0``0`Enabled`false`key`01066`Command`*Browser Applet* *CopyRecord*#AN* `3`0``0`Enabled`false`key`01167`Command`*Browser Applet* *CopyRecord*#AN* `3`0``0`Enabled`false`key`11083`Command`*Browser Applet* *WriteRecord*#AN* `3`0``0`Enabled`false`key`01083`Command`*Browser Applet* *WriteRecord*#AN* `3`0``0`Enabled`false`key`00181`Command`*Browser Applet* *NewQuery*#AN* `3`0``0`Enabled`false`key`01181`Command`*Browser Applet* *NewQuery*#AN* `3`0``0`Enabled`false`key`00113`Command`*Browser Applet* *ExecuteQuery*#AN* `3`0``0`Enabled`false`key`01113`Command`*Browser Applet* *ExecuteQuery*#AN* `3`0``0`Enabled`false`key`00171`Command`*Browser Applet* *RefineQuery*#AN* `3`0``0`Enabled`false`key`00182`Command`*Browser Applet* *RefineQuery*#AN* `3`0``0`Enabled`false`key`01182`Command`*Browser Applet* *RefineQuery*#AN* `3`0``0`Enabled`false`key`01175`Command`*Browser Applet* *AboutRecord*#AN*About Record Applet*450*160*true`3`0``0`Enabled`false`key`11051`Command`*Browser Applet* *RecordCount*#AN*Record Count Applet*450*160*true`3`0``0`Enabled`false`key`01190`Command`*Browser Applet* *FocusDefaultControl*#AN* `0`5`#FL`0`3`0``0`Enabled`false`key`11066`Command`*Browser Applet* *ColumnsDisplayed*#AN*Columns Displayed Popup Applet (SWE)*500*280*true`3`0``0`Enabled`false`key`11075`Command`*Browser Applet* *ColumnsDisplayed*#AN*Columns Displayed Popup Applet (SWE)*500*280*true`3`0``0`Enabled`false`key`11079`Command`*Server* *SortOrder*#AN*Sort Order Popup Applet (SWE)*420*230*true`3`0``0`Enabled`false`key`01165`Command`*Browser Applet* *SelectAll*#AN* `3`0``0`Enabled`false`key`01065`Command`*Browser Applet* *SelectAll*#AN* `0`0`#FT`0`0`7`Accelerators`0`0`1`Salutation Applet (WCC Home)`0`2`0``0`Command``class`#F`0`23`Layout Controls Applet`0`2`0``0`key`00185`Command`*Browser Applet* *GotoFirstSet*Layout Controls Applet* `2`0``0`key`00170`Command`*Browser Applet* *GotoFirstSet*Layout Controls Applet* `2`0``0`key`01170`Command`*Browser Applet* *GotoFirstSet*Layout Controls Applet* `2`0``0`key`01085`Command`*Browser Applet* *UndoRecord*Layout Controls Applet* `2`0``0`key`01185`Command`*Browser Applet* *UndoRecord*Layout Controls Applet* `2`0``0`key`01068`Command`*Browser Applet* *DeleteRecord*Layout Controls Applet* `2`0``0`key`01168`Command`*Browser Applet* *DeleteRecord*Layout Controls Applet* `2`0``0`key`01078`Command`*Browser Applet* *NewRecord*Layout Controls Applet* `2`0``0`key`01178`Command`*Browser Applet* *NewRecord*Layout Controls Applet* `2`0``0`key`01066`Command`*Browser Applet* *CopyRecord*Layout Controls Applet* `2`0``0`key`01167`Command`*Browser Applet* *CopyRecord*Layout Controls Applet* `2`0``0`key`11083`Command`*Browser Applet* *WriteRecord*Layout Controls Applet* `2`0``0`key`01083`Command`*Browser Applet* *WriteRecord*Layout Controls Applet* `2`0``0`key`00181`Command`*Browser Applet* *NewQuery*Layout Controls Applet* `2`0``0`key`01181`Command`*Browser Applet* *NewQuery*Layout Controls Applet* `2`0``0`key`00113`Command`*Browser Applet* *ExecuteQuery*Layout Controls Applet* `2`0``0`key`01113`Command`*Browser Applet* *ExecuteQuery*Layout Controls Applet* `2`0``0`key`00171`Command`*Browser Applet* *RefineQuery*Layout Controls Applet* `2`0``0`key`00182`Command`*Browser Applet* *RefineQuery*Layout Controls Applet* `2`0``0`key`01182`Command`*Browser Applet* *RefineQuery*Layout Controls Applet* `2`0``0`key`11051`Command`*Browser Applet* *RecordCount*Layout Controls Applet*Record Count Applet*450*160*true`2`0``0`key`01175`Command`*Browser Applet* *AboutRecord*Layout Controls Applet*About Record Applet*450*160*true`2`0``0`Command``class`#F`0`2`CUT Opportunity List Applet (CME Home)`0`2`0``0`Command``class`#FL`2`0``0`Command``class`#F`0`2`CUT Service Request List Applet (CME Home)`0`2`0``0`Command``class`#FL`2`0``0`Command``class`#F`0`2`CUT Order Entry - Order List Applet (CME Home)`0`2`0``0`Command``class`#FL`2`0``0`Command``class`#F`0`2`Home Page Analytics Applet (WCC Home)`0`2`0``0`Command``class`#FL`2`0``0`Command``class`#F`0`2`CUT Activity List Applet (CME Home)`0`2`0``0`Command``class`#FL`2`0``0`Command``class`#F`</responseData>
  <responseFile class="java.lang.String"></responseFile>
  <cookies class="java.lang.String">_sn=GXmoeGkdwh1O45lrH7mMIZnLMWvqHkVWiQKqDOICOq1fi95anXYMaCRAX879ujDRD9kS4J75N4kGDX576Q2AKmwZPUBih-4NS80Pc1189OxasEbdAsHiEtIhcnCzZ0zWb5V6QpVraL0TTGU4ktkGZq374g8C0pUBRhKVASKeW21TgUW5eIkswq97I-.qG-kr</cookies>
  <method class="java.lang.String">POST</method>
  <queryString class="java.lang.String">SWEC=0&amp;SWERPC=1&amp;SWEBHWND=525662&amp;SWETABWND=328698&amp;SRN=xK7T2pIB2ZOV15hwlQxQF5reKcoUB8VpMTZr7we8uAEb&amp;SWEDIC=true</queryString>
  <java.net.URL>http://localhost:8080/ecommunications_enu_nsm_aps05524a027/start.swe</java.net.URL>
</httpSample>
<httpSample t="{{\d+}}" it="0" lt="{{\d+}}" ct="{{\d+}}" ts="{{\d+}}" s="true" lb="{{\d+}} /ecommunications_enu_nsm_aps05524a027/start.swe" rc="200" rm="OK" tn="Thread Group 1-1" dt="text" de="utf-8" by="1312" sby="1030" sc="1" ec="0" ng="1" na="1" hn="{{.*?}}">
  <responseHeader class="java.lang.String">HTTP/1.1 200 OK
Connection: close
Server: Oracle-iPlanet-Web-Server/7.0
Date: Tue, 23 Jun 2020 12:48:54 GMT
Content-Language: en
Cache-Control: private
Content-Type: text/html;charset=utf-8
Matched-Stub-Id: {{\w+-\w+-\w+-\w+-\w+}}
Vary: Accept-Encoding, User-Agent
Content-Encoding: gzip
</responseHeader>
  <requestHeader class="java.lang.String">Connection: close
Referer: http://localhost:8080/ecommunications_enu_nsm_aps05524a027/start.swe?SWECmd=GetCachedFrame&amp;SWEACn=23534&amp;SWERT=5&amp;SWEC=3&amp;SWEFrame=top._sweclient&amp;SRN=xK7T2pIB2ZOV15hwlQxQF5reKcoUB8VpMTZr7we8uAEb
Accept-Language: en-GB
DNT: 1
Accept-Encoding: gzip, deflate
Accept: image/jpeg, application/x-ms-application, image/gif, application/xaml+xml, image/pjpeg, application/x-ms-xbap, */*
User-Agent: Mozilla/4.0 (compatible; MSIE 7.0; Windows NT 6.3; WOW64; Trident/7.0; .NET4.0E; .NET4.0C; .NET CLR 3.5.30729; .NET CLR 2.0.50727; .NET CLR 3.0.30729)
Host: localhost:8080
</requestHeader>
  <responseData class="java.lang.String">&lt;HTML &gt;&lt;head&gt;&lt;title&gt;oneView Client&lt;/title&gt;&lt;link href=&quot;files/main.css&quot; rel=&quot;stylesheet&quot;/&gt;
&lt;script language=&quot;javascript&quot; src=&quot;23048/scripts/swecommon.js&quot;&gt;&lt;/script&gt; 
&lt;script language=&quot;javascript&quot; src=&quot;23048/scripts/swecmn_hi.js&quot;&gt;&lt;/script&gt; 
&lt;script language=&quot;javascript&quot; src=&quot;23048/scripts/jmenubar.js&quot;&gt;&lt;/script&gt; 
&lt;/head&gt;&lt;BODY class=&quot;poweredBy&quot; topmargin=&quot;0&quot; leftmargin=&quot;0&quot; marginheight=&quot;0&quot; marginwidth=&quot;0&quot;&gt;&lt;script&gt;
if(typeof(top._swescript)!=&apos;undefined&apos;&amp;&amp;top._swescript!=null) top._swescript.InitFrame(this);&lt;/script&gt;
&lt;table datatable=&quot;0&quot; summary=&quot;&quot; width=&quot;100%&quot; cellpadding=&apos;0&apos; cellspacing=&apos;0&apos; border=&apos;0&apos;&gt;&lt;tr valign=&quot;top&quot; style=&quot;position:absolute;left:-2;&quot;&gt;&lt;td class=&quot;applicationMenu&quot; nowrap&gt;&lt;span style=&quot;position:relative;width:275;height:20&quot; id=&quot;s_0&quot;&gt;&lt;/span&gt;
&lt;object id= &quot;AppMenuAx&quot; CLASSID=&quot;CLSID:9174862b-ac3b-4f9f-abc9-a0a3c9fd95d4&quot; codebase=&quot;23048/applets/SiebelAx_HI_Client.cab&quot;&gt;&lt;/object&gt;&lt;/td&gt;&lt;td nowrap valign=&quot;center&quot; align=&quot;center&quot; width=&quot;170&quot;&gt;&lt;b&gt;&lt;FONT COLOR = &quot;WHITE&quot;&gt;IN CONFIDENCE&lt;/FONT&gt;&lt;/b&gt;&lt;/td&gt;&lt;td valign=&quot;center&quot; width=&quot;450&quot;&gt;&lt;FONT COLOR = &quot;WHITE&quot;&gt;&lt;div id=&quot;MsgLayer&quot;&gt;&amp;nbsp;&lt;/div&gt;&lt;/td&gt;&lt;td align=&quot;right&quot;&gt;&lt;a href=&quot;http://www.bt.com&quot; target=&quot;_blank&quot;&gt;&lt;img src=&quot;images/BT_Logo.gif&quot; height=&quot;25&quot; Width=&quot;125&quot; border=0&gt;&lt;/a&gt;&lt;/td&gt;&lt;/tr&gt;&lt;/table&gt;&lt;script&gt;

SWEIsHighInteract = true; Top().SWEIsHighInteract = true;
SWEIsHighInteract = true; Top().SWEIsHighInteract = true;
if (typeof(top._samePage) != &apos;undefined&apos; &amp;&amp; top._samePage!=&quot;&quot;) top._samePage = &quot;&quot;;
if (top.opener == null || typeof top.opener.swetop == &apos;unknown&apos; || typeof top.opener.swetop == &apos;undefined&apos;) top._swe._sweapp.S_App.SWECount = 3;
else top.opener.top._swe._sweapp.S_App.SWECount = 3;
g_bInitialized = true;

var ctrlLookupMap = new Array();
function FindControl (appletName, controlName) { return (ctrlLookupMap [appletName + &quot;.&quot; + controlName]); }
var _JMenuBarObj = new JMenuBar();
_JMenuBarObj.CreateMenuBar (&quot;s_0&quot;, 0, 0, &quot;#ffffff&quot;, &quot;#123783&quot;);
_JMenuBarObj.BindAXObj (AppMenuAx, &apos;Application&apos;, &apos;Application&apos;, &quot;s_0&quot;);
App().SetMenu(AppMenuAx);
&lt;/script&gt;
&lt;/BODY&gt;&lt;/HTML&gt;</responseData>
  <responseFile class="java.lang.String"></responseFile>
  <cookies class="java.lang.String">_sn=GXmoeGkdwh1O45lrH7mMIZnLMWvqHkVWiQKqDOICOq1fi95anXYMaCRAX879ujDRD9kS4J75N4kGDX576Q2AKmwZPUBih-4NS80Pc1189OxasEbdAsHiEtIhcnCzZ0zWb5V6QpVraL0TTGU4ktkGZq374g8C0pUBRhKVASKeW21TgUW5eIkswq97I-.qG-kr</cookies>
  <method class="java.lang.String">GET</method>
  <queryString class="java.lang.String"></queryString>
  <java.net.URL>http://localhost:8080/ecommunications_enu_nsm_aps05524a027/start.swe?SWENeedContext=false&amp;SWECmd=GetCachedFrame&amp;SWEACn=23534&amp;SWEC=3&amp;SWEFrame=top._sweclient._sweappmenu&amp;SWEBID=-1&amp;SRN=xK7T2pIB2ZOV15hwlQxQF5reKcoUB8VpMTZr7we8uAEb&amp;SWETS=</java.net.URL>
</httpSample>
<httpSample t="{{\d+}}" it="0" lt="{{\d+}}" ct="{{\d+}}" ts="{{\d+}}" s="true" lb="{{\d+}} /ecommunications_enu_nsm_aps05524a027/start.swe" rc="200" rm="OK" tn="Thread Group 1-1" dt="text" de="utf-8" by="2365" sby="1030" sc="1" ec="0" ng="1" na="1" hn="{{.*?}}">
  <responseHeader class="java.lang.String">HTTP/1.1 200 OK
Connection: close
Server: Oracle-iPlanet-Web-Server/7.0
Date: Tue, 23 Jun 2020 12:48:54 GMT
Content-Language: en
Cache-Control: private
Content-Type: text/html;charset=utf-8
Matched-Stub-Id: {{\w+-\w+-\w+-\w+-\w+}}
Vary: Accept-Encoding, User-Agent
Content-Encoding: gzip
</responseHeader>
  <requestHeader class="java.lang.String">Connection: close
Referer: http://localhost:8080/ecommunications_enu_nsm_aps05524a027/start.swe?SWECmd=GetCachedFrame&amp;SWEACn=23534&amp;SWERT=5&amp;SWEC=3&amp;SWEFrame=top._sweclient&amp;SRN=xK7T2pIB2ZOV15hwlQxQF5reKcoUB8VpMTZr7we8uAEb
Accept-Language: en-GB
DNT: 1
Accept-Encoding: gzip, deflate
Accept: image/jpeg, application/x-ms-application, image/gif, application/xaml+xml, image/pjpeg, application/x-ms-xbap, */*
User-Agent: Mozilla/4.0 (compatible; MSIE 7.0; Windows NT 6.3; WOW64; Trident/7.0; .NET4.0E; .NET4.0C; .NET CLR 3.5.30729; .NET CLR 2.0.50727; .NET CLR 3.0.30729)
Host: localhost:8080
</requestHeader>
  <responseData class="java.lang.String">&lt;HTML &gt;&lt;head&gt;&lt;title&gt;oneView Client&lt;/title&gt;&lt;link href=&quot;files/main.css&quot; rel=&quot;stylesheet&quot;/&gt;
&lt;script language=&quot;javascript&quot; src=&quot;23048/scripts/swecommon.js&quot;&gt;&lt;/script&gt; 
&lt;script language=&quot;javascript&quot; src=&quot;23048/scripts/swecmn_hi.js&quot;&gt;&lt;/script&gt; 
&lt;/head&gt;&lt;BODY class=&quot;toolbar&quot; topmargin=&quot;0&quot; leftmargin=&quot;0&quot; marginheight=&quot;0&quot; marginwidth=&quot;0&quot;&gt;&lt;script&gt;
if(typeof(top._swescript)!=&apos;undefined&apos;&amp;&amp;top._swescript!=null) top._swescript.InitFrame(this);&lt;/script&gt;
&lt;table datatable=&quot;0&quot; summary=&quot;&quot; width=&quot;100%&quot; border=&quot;0&quot; cellspacing=&quot;0&quot; cellpadding=&quot;0&quot;&gt;&lt;tr&gt;&lt;td&gt;&lt;img src=&quot;images/spacer.gif&quot; height=&quot;26&quot; width=&quot;6&quot; alt=&quot;&quot;&gt;&lt;/td&gt;&lt;td nowrap&gt;&lt;span id=&apos;s_1&apos;&gt;&lt;/span&gt;
&lt;script&gt;SWEWriteObjectTag(this,&apos;&lt;object id= &quot;s_1Ax&quot; CLASSID=&quot;CLSID:8cf3eb60-cede-44d5-a7c6-ef094bfcc2c7&quot; codebase=&quot;23048/applets/SiebelAx_HI_Client.cab&quot; WIDTH=0 HEIGHT=0&gt;&lt;/object&gt;&apos;);&lt;/script&gt;&lt;/td&gt;&lt;td&gt;&amp;nbsp;&lt;/td&gt;&lt;td nowrap&gt;&lt;span id=&apos;s_2&apos;&gt;&lt;/span&gt;
&lt;script&gt;SWEWriteObjectTag(this,&apos;&lt;object id= &quot;s_2Ax&quot; CLASSID=&quot;CLSID:8cf3eb60-cede-44d5-a7c6-ef094bfcc2c7&quot; codebase=&quot;23048/applets/SiebelAx_HI_Client.cab&quot; WIDTH=0 HEIGHT=0&gt;&lt;/object&gt;&apos;);&lt;/script&gt;&lt;/td&gt;&lt;td nowrap&gt;&lt;span id=&apos;s_3&apos;&gt;&lt;/span&gt;
&lt;script&gt;SWEWriteObjectTag(this,&apos;&lt;object id= &quot;s_3Ax&quot; CLASSID=&quot;CLSID:8cf3eb60-cede-44d5-a7c6-ef094bfcc2c7&quot; codebase=&quot;23048/applets/SiebelAx_HI_Client.cab&quot; WIDTH=0 HEIGHT=0&gt;&lt;/object&gt;&apos;);&lt;/script&gt;&lt;/td&gt;&lt;td&gt;&amp;nbsp;&lt;/td&gt;&lt;td nowrap&gt;&lt;span id=&apos;s_4&apos;&gt;&lt;/span&gt;
&lt;script&gt;SWEWriteObjectTag(this,&apos;&lt;object id= &quot;s_4Ax&quot; CLASSID=&quot;CLSID:8cf3eb60-cede-44d5-a7c6-ef094bfcc2c7&quot; codebase=&quot;23048/applets/SiebelAx_HI_Client.cab&quot; WIDTH=0 HEIGHT=0&gt;&lt;/object&gt;&apos;);&lt;/script&gt;&lt;/td&gt;&lt;td&gt;&amp;nbsp;&lt;/td&gt;&lt;td nowrap&gt;&lt;span id=&apos;s_5&apos;&gt;&lt;/span&gt;
&lt;script&gt;SWEWriteObjectTag(this,&apos;&lt;object id= &quot;s_5Ax&quot; CLASSID=&quot;CLSID:8cf3eb60-cede-44d5-a7c6-ef094bfcc2c7&quot; codebase=&quot;23048/applets/SiebelAx_HI_Client.cab&quot; WIDTH=0 HEIGHT=0&gt;&lt;/object&gt;&apos;);&lt;/script&gt;&lt;/td&gt;&lt;td&gt;&amp;nbsp;&lt;/td&gt;&lt;td nowrap&gt;&lt;span id=&apos;s_6&apos;&gt;&lt;/span&gt;
&lt;/td&gt;&lt;td&gt;&amp;nbsp;&lt;/td&gt;&lt;td width=&quot;100%&quot;&gt;&amp;nbsp;&lt;/td&gt;&lt;td&gt;&lt;img src=&quot;images/spacer.gif&quot; width=&quot;8&quot; height=&quot;26&quot; alt=&quot;&quot;&gt;&lt;/td&gt;&lt;td valign=&quot;top&quot;&gt;&lt;form name=&quot;SWEForm0&quot; method=&quot;post&quot; action=&quot;/ecommunications_enu_nsm_aps05524a027/start.swe&quot; &gt;
&lt;table datatable=&quot;0&quot; summary=&quot;&quot; border=&quot;0&quot; cellpadding=&quot;0&quot; cellspacing=&quot;0&quot; class=&quot;PDQWidth&quot;&gt;&lt;tr&gt;&lt;td valign=&quot;absmiddle&quot;&gt;&lt;img src=&quot;images/spacer.gif&quot; width=&quot;1&quot; height=&quot;3&quot; alt=&quot;&quot;&gt;&lt;/td&gt;&lt;/tr&gt;&lt;tr&gt;&lt;td valign=&quot;middle&quot; nowrap&gt;&lt;b&gt;Saved Queries:&amp;nbsp;&lt;/b&gt;&lt;/td&gt;&lt;td valign=&quot;middle&quot;&gt;&amp;nbsp;&lt;/td&gt;&lt;td valign=&quot;middle&quot;&gt;&lt;script&gt;SWEWriteObjectTag(this,&apos;&lt;OBJECT ID=&quot;s_pdq&quot; CLASSID=&quot;clsid:1cb4ef94-8549-471a-b73f-54ff5c244212&quot; CODEBASE=&quot;&quot; WIDTH =&quot;175&quot; HEIGHT =&quot;20&quot; &gt;&lt;/OBJECT&gt;&apos;);&lt;/script&gt;&lt;/td&gt;&lt;td nowrap&gt;&amp;nbsp;&amp;nbsp;&amp;nbsp;&lt;/tr&gt;&lt;/table&gt;&lt;span id=&apos;s_7&apos;&gt;&lt;/span&gt;&lt;/form&gt;
&lt;/td&gt;&lt;td nowrap&gt;&lt;span id=&apos;s_8&apos;&gt;&lt;/span&gt;
&lt;script&gt;SWEWriteObjectTag(this,&apos;&lt;object id= &quot;s_8Ax&quot; CLASSID=&quot;CLSID:8cf3eb60-cede-44d5-a7c6-ef094bfcc2c7&quot; codebase=&quot;23048/applets/SiebelAx_HI_Client.cab&quot; WIDTH=0 HEIGHT=0&gt;&lt;/object&gt;&apos;);&lt;/script&gt;&lt;/td&gt;&lt;td&gt;&amp;nbsp;&lt;/td&gt;&lt;td&gt;&amp;nbsp;&lt;/td&gt;&lt;/tr&gt;&lt;/table&gt;&lt;script&gt;

SWEIsHighInteract = true; Top().SWEIsHighInteract = true;
var s_7 = new Array(&apos;SWEFo&apos;,&apos;SWENeedContext&apos;,&apos;SWENoHttpRedir&apos;,&apos;SWESPNR&apos;,&apos;SWESPNH&apos;,&apos;SWEH&apos;,&apos;SWEC&apos;,&apos;SWEBID&apos;,&apos;SWEW&apos;,&apos;SRN&apos;,&apos;SWETS&apos;,&apos;SWEWN&apos;);
if (typeof(top._samePage) != &apos;undefined&apos; &amp;&amp; top._samePage!=&quot;&quot;) top._samePage = &quot;&quot;;
if (top.opener == null || typeof top.opener.swetop == &apos;unknown&apos; || typeof top.opener.swetop == &apos;undefined&apos;) top._swe._sweapp.S_App.SWECount = 3;
else top.opener.top._swe._sweapp.S_App.SWECount = 3;
g_bInitialized = true;

var ctrlLookupMap = new Array();
function FindControl (appletName, controlName) { return (ctrlLookupMap [appletName + &quot;.&quot; + controlName]); }

var tb=new top._swescript.JSSToolbar(0);
var s_1Ax = document.getElementById(&quot;s_1Ax&quot;);
tb.BindAXObj (s_1Ax, &quot;HIMain&quot;, &quot;s_1&quot; );
App().AddToolbar(s_1Ax);
tb.AddItem(&quot;SLM Apply Target List&quot;, &quot;Link&quot;, &quot;#8&quot;, &quot;Apply Target List&quot;, &quot;images/icon_applytarget_1.gif&quot;, &quot;images/icon_applytarget_0.gif&quot;);
tb.AddItem(&quot;SLM Save Target List&quot;, &quot;Link&quot;, &quot;#8&quot;, &quot;Save Target List&quot;, &quot;images/icon_savetarget_1.gif&quot;, &quot;images/icon_savetarget_0.gif&quot;);
tb.AddItem(&quot;SiteMap&quot;, &quot;Link&quot;, &quot;#17&quot;, &quot;Site Map&quot;, &quot;images/icon_sitemap_1.gif&quot;, &quot;&quot;);
tb.AddItem(&quot;BTStartAnalytics&quot;, &quot;Link&quot;, &quot;#34&quot;, &quot;Start Analytics&quot;, &quot;images/icon_report.gif&quot;, &quot;&quot;);
tb.Draw(document.getElementById(&quot;s_1&quot;), false);


var tb=new top._swescript.JSSToolbar(0);
var s_2Ax = document.getElementById(&quot;s_2Ax&quot;);
tb.BindAXObj (s_2Ax, &quot;Task Assistant&quot;, &quot;s_2&quot; );
App().AddToolbar(s_2Ax);
tb.AddItem(&quot;Toggle Task Assistant&quot;, &quot;Link&quot;, &quot;#35&quot;, &quot;iHelp&quot;, &quot;images/icon_opentaskasst.gif&quot;, &quot;&quot;);
tb.Draw(document.getElementById(&quot;s_2&quot;), false);


var tb=new top._swescript.JSSToolbar(0);
var s_3Ax = document.getElementById(&quot;s_3Ax&quot;);
tb.BindAXObj (s_3Ax, &quot;Quick Print&quot;, &quot;s_3&quot; );
App().AddToolbar(s_3Ax);
tb.AddItem(&quot;Quick Print&quot;, &quot;Link&quot;, &quot;#36&quot;, &quot;Quick Print&quot;, &quot;images/icon_quick_print.gif&quot;, &quot;images/icon_quick_print_0.gif&quot;);
tb.Draw(document.getElementById(&quot;s_3&quot;), false);


var tb=new top._swescript.JSSToolbar(0);
var s_4Ax = document.getElementById(&quot;s_4Ax&quot;);
tb.BindAXObj (s_4Ax, &quot;Dashboard&quot;, &quot;s_4&quot; );
App().AddToolbar(s_4Ax);
tb.AddItem(&quot;Open Dashboard&quot;, &quot;Link&quot;, &quot;#37&quot;, &quot;Open Customer Dashboard&quot;, &quot;images/show_dashboard.gif&quot;, &quot;images/spacer.gif&quot;);
tb.AddItem(&quot;Resume Task&quot;, &quot;Link&quot;, &quot;*Browser*BTResumeLatestTask*GetLatestTaskId* * &quot;, &quot;Resume Task&quot;, &quot;images/ResumeTask.gif&quot;, &quot;&quot;);
tb.AddItem(&quot;Logout&quot;, &quot;Link&quot;, &quot;*Browser* *Logoff* * &quot;, &quot;Logout&quot;, &quot;images/logout_button.gif&quot;, &quot;images/logout_button.gif&quot;);
tb.Draw(document.getElementById(&quot;s_4&quot;), false);


var tb=new top._swescript.JSSToolbar(0);
var s_5Ax = document.getElementById(&quot;s_5Ax&quot;);
tb.BindAXObj (s_5Ax, &quot;SearchToolbar&quot;, &quot;s_5&quot; );
App().AddToolbar(s_5Ax);
tb.Draw(document.getElementById(&quot;s_5&quot;), false);

top._swe._sweapp.S_App.ProcessRPCInfo(&quot;@0`1`0`1``0`0`1`nci`0`1`10`PI`0`SX`0`1`0`II`0`CP`Default`1`0`II`0`CP`Flagged`1`0`II`0`CP`Forecasted`1`0`II`0`CP`High Probability`1`0`II`0`CP`High Quality`1`0`II`0`CP`High Value`1`0`II`0`CP`Home Page View PDQ`1`0`II`0`CP`New`1`0`II`0`CP`Opties scheduled to be closed in 7 days`1`0`II`0`CP`Pending`&quot;);

c_h(&quot;s_7&quot;,s_7,new Array(&apos;SWEForm0&apos;,&apos;false&apos;,&apos;false&apos;,&apos;&apos;,&apos;&apos;,&apos;&apos;,&apos;3&apos;,&apos;-1&apos;,&apos;&apos;,&apos;xK7T2pIB2ZOV15hwlQxQF5reKcoUB8VpMTZr7we8uAEb&apos;,&apos;&apos;,&apos;&apos;));

var tb=new top._swescript.JSSToolbar(0);
var s_8Ax = document.getElementById(&quot;s_8Ax&quot;);
tb.BindAXObj (s_8Ax, &quot;HIQuery&quot;, &quot;s_8&quot; );
App().AddToolbar(s_8Ax);
tb.AddItem(&quot;NewQuery&quot;, &quot;Link&quot;, &quot;*Browser Applet* *NewQuery* * &quot;, &quot;New Query&quot;, &quot;images/icon_new_query80.gif&quot;, &quot;images/icon_new_query80_0.gif&quot;);
tb.AddItem(&quot;ExecuteQuery&quot;, &quot;Link&quot;, &quot;*Browser Applet* *ExecuteQuery* * &quot;, &quot;Execute Query&quot;, &quot;images/icon_execute_query.gif&quot;, &quot;images/icon_execute_query80_0.gif&quot;);
tb.AddItem(&quot;Toggle&quot;, &quot;Link&quot;, &quot;#38&quot;, &quot;SEARCH&quot;, &quot;images/icon_opensearch.gif&quot;, &quot;&quot;);
tb.Draw(document.getElementById(&quot;s_8&quot;), false);

&lt;/script&gt;
&lt;script for=window event=onunload&gt;
top._swe._sweapp.S_App.SetLayoutUnloaded(&quot;PDQ&quot;, &quot;&quot;);
&lt;/script&gt;
&lt;script for=window event=onload&gt;
top._swe._sweapp.S_App.SetLayoutLoaded(&quot;PDQ&quot;, &quot;&quot;, window);
&lt;/script&gt;
&lt;/BODY&gt;&lt;/HTML&gt;</responseData>
  <responseFile class="java.lang.String"></responseFile>
  <cookies class="java.lang.String">_sn=GXmoeGkdwh1O45lrH7mMIZnLMWvqHkVWiQKqDOICOq1fi95anXYMaCRAX879ujDRD9kS4J75N4kGDX576Q2AKmwZPUBih-4NS80Pc1189OxasEbdAsHiEtIhcnCzZ0zWb5V6QpVraL0TTGU4ktkGZq374g8C0pUBRhKVASKeW21TgUW5eIkswq97I-.qG-kr</cookies>
  <method class="java.lang.String">GET</method>
  <queryString class="java.lang.String"></queryString>
  <java.net.URL>http://localhost:8080/ecommunications_enu_nsm_aps05524a027/start.swe?SWENeedContext=false&amp;SWECmd=GetCachedFrame&amp;SWEACn=23534&amp;SWEC=3&amp;SWEFrame=top._sweclient._sweviewbar&amp;SWEBID=-1&amp;SRN=xK7T2pIB2ZOV15hwlQxQF5reKcoUB8VpMTZr7we8uAEb&amp;SWETS=</java.net.URL>
</httpSample>
<httpSample t="{{\d+}}" it="0" lt="{{\d+}}" ct="{{\d+}}" ts="{{\d+}}" s="true" lb="{{\d+}} /ecommunications_enu_nsm_aps05524a027/start.swe" rc="200" rm="OK" tn="Thread Group 1-1" dt="text" de="utf-8" by="978" sby="1032" sc="1" ec="0" ng="1" na="1" hn="{{.*?}}">
  <responseHeader class="java.lang.String">HTTP/1.1 200 OK
Connection: close
Server: Oracle-iPlanet-Web-Server/7.0
Date: Tue, 23 Jun 2020 12:48:54 GMT
Content-Language: en
Cache-Control: private
Content-Type: text/html;charset=utf-8
Matched-Stub-Id: {{\w+-\w+-\w+-\w+-\w+}}
Vary: Accept-Encoding, User-Agent
Content-Encoding: gzip
</responseHeader>
  <requestHeader class="java.lang.String">Connection: close
Referer: http://localhost:8080/ecommunications_enu_nsm_aps05524a027/start.swe?SWECmd=GetCachedFrame&amp;SWEACn=23534&amp;SWERT=5&amp;SWEC=3&amp;SWEFrame=top._sweclient&amp;SRN=xK7T2pIB2ZOV15hwlQxQF5reKcoUB8VpMTZr7we8uAEb
Accept-Language: en-GB
DNT: 1
Accept-Encoding: gzip, deflate
Accept: image/jpeg, application/x-ms-application, image/gif, application/xaml+xml, image/pjpeg, application/x-ms-xbap, */*
User-Agent: Mozilla/4.0 (compatible; MSIE 7.0; Windows NT 6.3; WOW64; Trident/7.0; .NET4.0E; .NET4.0C; .NET CLR 3.5.30729; .NET CLR 2.0.50727; .NET CLR 3.0.30729)
Host: localhost:8080
</requestHeader>
  <responseData class="java.lang.String">&lt;HTML &gt;&lt;head&gt;&lt;title&gt;oneView Client&lt;/title&gt;&lt;link href=&quot;files/main.css&quot; rel=&quot;stylesheet&quot;/&gt;
&lt;script language=&quot;javascript&quot; src=&quot;23048/scripts/swecommon.js&quot;&gt;&lt;/script&gt; 
&lt;script language=&quot;javascript&quot; src=&quot;23048/scripts/swecmn_hi.js&quot;&gt;&lt;/script&gt; 
&lt;/head&gt;&lt;BODY class=&quot;threadbarBack&quot; topmargin=&quot;0&quot; leftmargin=&quot;8&quot; marginheight=&quot;0&quot; marginwidth=&quot;0&quot;&gt;&lt;script&gt;
if(typeof(top._swescript)!=&apos;undefined&apos;&amp;&amp;top._swescript!=null) top._swescript.InitFrame(this);&lt;/script&gt;
&lt;span id=&apos;s_tb&apos;&gt;&lt;table datatable=&quot;0&quot; summary=&quot;&quot; cellpadding=&quot;0&quot; cellspacing=&quot;0&quot; border=&quot;0&quot;&gt;&lt;tr&gt;&lt;td&gt;&lt;span class=&quot;threadbar&quot;&gt;&lt;nobr&gt;Home:&lt;/nobr&gt;&lt;/span&gt;&lt;/td&gt;&lt;td&gt;&lt;img src=&quot;images/spacer.gif&quot; width=&quot;5&quot; height=&quot;1&quot; alt=&quot;&quot;&gt;&lt;/td&gt;&lt;td&gt;&lt;/td&gt;&lt;/tr&gt;&lt;/table&gt;&lt;/span&gt;&lt;script&gt;

SWEIsHighInteract = true; Top().SWEIsHighInteract = true;
if (typeof(top._samePage) != &apos;undefined&apos; &amp;&amp; top._samePage!=&quot;&quot;) top._samePage = &quot;&quot;;
if (top.opener == null || typeof top.opener.swetop == &apos;unknown&apos; || typeof top.opener.swetop == &apos;undefined&apos;) top._swe._sweapp.S_App.SWECount = 3;
else top.opener.top._swe._sweapp.S_App.SWECount = 3;
g_bInitialized = true;

var ctrlLookupMap = new Array();
function FindControl (appletName, controlName) { return (ctrlLookupMap [appletName + &quot;.&quot; + controlName]); }
top._swe._sweapp.S_App.SetThreadbarSpan(this.document.getElementById(&quot;s_tb&quot;));
&lt;/script&gt;
&lt;/BODY&gt;&lt;/HTML&gt;</responseData>
  <responseFile class="java.lang.String"></responseFile>
  <cookies class="java.lang.String">_sn=GXmoeGkdwh1O45lrH7mMIZnLMWvqHkVWiQKqDOICOq1fi95anXYMaCRAX879ujDRD9kS4J75N4kGDX576Q2AKmwZPUBih-4NS80Pc1189OxasEbdAsHiEtIhcnCzZ0zWb5V6QpVraL0TTGU4ktkGZq374g8C0pUBRhKVASKeW21TgUW5eIkswq97I-.qG-kr</cookies>
  <method class="java.lang.String">GET</method>
  <queryString class="java.lang.String"></queryString>
  <java.net.URL>http://localhost:8080/ecommunications_enu_nsm_aps05524a027/start.swe?SWENeedContext=false&amp;SWECmd=GetCachedFrame&amp;SWEACn=23534&amp;SWEC=3&amp;SWEFrame=top._sweclient._swethreadbar&amp;SWEBID=-1&amp;SRN=xK7T2pIB2ZOV15hwlQxQF5reKcoUB8VpMTZr7we8uAEb&amp;SWETS=</java.net.URL>
</httpSample>
<httpSample t="{{\d+}}" it="0" lt="{{\d+}}" ct="{{\d+}}" ts="{{\d+}}" s="true" lb="{{\d+}} /ecommunications_enu_nsm_aps05524a027/start.swe" rc="200" rm="OK" tn="Thread Group 1-1" dt="text" de="utf-8" by="1081" sby="1030" sc="1" ec="0" ng="1" na="1" hn="{{.*?}}">
  <responseHeader class="java.lang.String">HTTP/1.1 200 OK
Connection: close
Server: Oracle-iPlanet-Web-Server/7.0
Date: Tue, 23 Jun 2020 12:48:54 GMT
Content-Language: en
Cache-Control: private
Content-Type: text/html;charset=utf-8
Matched-Stub-Id: {{\w+-\w+-\w+-\w+-\w+}}
Vary: Accept-Encoding, User-Agent
Content-Encoding: gzip
</responseHeader>
  <requestHeader class="java.lang.String">Connection: close
Referer: http://localhost:8080/ecommunications_enu_nsm_aps05524a027/start.swe?SWECmd=GetCachedFrame&amp;SWEACn=23534&amp;SWERT=5&amp;SWEC=3&amp;SWEFrame=top._sweclient&amp;SRN=xK7T2pIB2ZOV15hwlQxQF5reKcoUB8VpMTZr7we8uAEb
Accept-Language: en-GB
DNT: 1
Accept-Encoding: gzip, deflate
Accept: image/jpeg, application/x-ms-application, image/gif, application/xaml+xml, image/pjpeg, application/x-ms-xbap, */*
User-Agent: Mozilla/4.0 (compatible; MSIE 7.0; Windows NT 6.3; WOW64; Trident/7.0; .NET4.0E; .NET4.0C; .NET CLR 3.5.30729; .NET CLR 2.0.50727; .NET CLR 3.0.30729)
Host: localhost:8080
</requestHeader>
  <responseData class="java.lang.String">&lt;HTML &gt;&lt;head&gt;&lt;title&gt;oneView Client&lt;/title&gt;&lt;link href=&quot;files/main.css&quot; rel=&quot;stylesheet&quot;/&gt;
&lt;script language=&quot;javascript&quot; src=&quot;23048/scripts/swecommon.js&quot;&gt;&lt;/script&gt; 
&lt;script language=&quot;javascript&quot; src=&quot;23048/scripts/swecmn_hi.js&quot;&gt;&lt;/script&gt; 
&lt;/head&gt;&lt;BODY class=&quot;screenbar&quot; topmargin=&quot;0&quot; leftmargin=&quot;0&quot; marginheight=&quot;0&quot; marginwidth=&quot;0&quot;&gt;&lt;script&gt;
if(typeof(top._swescript)!=&apos;undefined&apos;&amp;&amp;top._swescript!=null) top._swescript.InitFrame(this);&lt;/script&gt;
&lt;div class=&quot;tier1Back&quot; style=&quot;width:100%&quot;&gt;&lt;div&gt; &lt;/div&gt;&lt;script&gt;SWEWriteObjectTag(this,&apos;&lt;OBJECT ID=&quot;s_sctrl&quot; CLASSID=&quot;clsid:bfb7437b-a5ea-4d13-a552-4150b0fdf838&quot; CODEBASE=&quot;&quot; WIDTH =&quot;100%&quot; HEIGHT =&quot;42&quot;  tabindex=-1 &gt;&lt;PARAM NAME=&quot;style&quot; VALUE=&quot;Tab&quot;/&gt;&lt;PARAM NAME=&quot;indentWidth&quot; VALUE=&quot;8&quot;/&gt;&lt;PARAM NAME=&quot;type&quot; VALUE=&quot;Screen With Category&quot;/&gt;&lt;/OBJECT&gt;&apos;);&lt;/script&gt;&lt;/div&gt;&lt;script&gt;

SWEIsHighInteract = true; Top().SWEIsHighInteract = true;
if (typeof(top._samePage) != &apos;undefined&apos; &amp;&amp; top._samePage!=&quot;&quot;) top._samePage = &quot;&quot;;
if (top.opener == null || typeof top.opener.swetop == &apos;unknown&apos; || typeof top.opener.swetop == &apos;undefined&apos;) top._swe._sweapp.S_App.SWECount = 3;
else top.opener.top._swe._sweapp.S_App.SWECount = 3;
g_bInitialized = true;

var ctrlLookupMap = new Array();
function FindControl (appletName, controlName) { return (ctrlLookupMap [appletName + &quot;.&quot; + controlName]); }
&lt;/script&gt;
&lt;script for=window event=onload&gt;
top._swe._sweapp.S_App.SetLayoutLoaded(&quot;ScreenBar&quot;, &quot;&quot;, window);
&lt;/script&gt;
&lt;/BODY&gt;&lt;/HTML&gt;</responseData>
  <responseFile class="java.lang.String"></responseFile>
  <cookies class="java.lang.String">_sn=GXmoeGkdwh1O45lrH7mMIZnLMWvqHkVWiQKqDOICOq1fi95anXYMaCRAX879ujDRD9kS4J75N4kGDX576Q2AKmwZPUBih-4NS80Pc1189OxasEbdAsHiEtIhcnCzZ0zWb5V6QpVraL0TTGU4ktkGZq374g8C0pUBRhKVASKeW21TgUW5eIkswq97I-.qG-kr</cookies>
  <method class="java.lang.String">GET</method>
  <queryString class="java.lang.String"></queryString>
  <java.net.URL>http://localhost:8080/ecommunications_enu_nsm_aps05524a027/start.swe?SWENeedContext=false&amp;SWECmd=GetCachedFrame&amp;SWEACn=23534&amp;SWEC=3&amp;SWEFrame=top._sweclient._swescrnbar&amp;SWEBID=-1&amp;SRN=xK7T2pIB2ZOV15hwlQxQF5reKcoUB8VpMTZr7we8uAEb&amp;SWETS=</java.net.URL>
</httpSample>
<httpSample t="{{\d+}}" it="0" lt="{{\d+}}" ct="{{\d+}}" ts="{{\d+}}" s="true" lb="{{\d+}} /ecommunications_enu_nsm_aps05524a027/start.swe" rc="200" rm="OK" tn="Thread Group 1-1" dt="text" de="utf-8" by="816" sby="1030" sc="1" ec="0" ng="1" na="1" hn="{{.*?}}">
  <responseHeader class="java.lang.String">HTTP/1.1 200 OK
Connection: close
Server: Oracle-iPlanet-Web-Server/7.0
Date: Tue, 23 Jun 2020 12:48:54 GMT
Content-Language: en
Cache-Control: private
Content-Type: text/html;charset=utf-8
Matched-Stub-Id: {{\w+-\w+-\w+-\w+-\w+}}
Vary: Accept-Encoding, User-Agent
Content-Encoding: gzip
</responseHeader>
  <requestHeader class="java.lang.String">Connection: close
Referer: http://localhost:8080/ecommunications_enu_nsm_aps05524a027/start.swe?SWECmd=GetCachedFrame&amp;SWEACn=23534&amp;SWERT=5&amp;SWEC=3&amp;SWEFrame=top._sweclient&amp;SRN=xK7T2pIB2ZOV15hwlQxQF5reKcoUB8VpMTZr7we8uAEb
Accept-Language: en-GB
DNT: 1
Accept-Encoding: gzip, deflate
Accept: image/jpeg, application/x-ms-application, image/gif, application/xaml+xml, image/pjpeg, application/x-ms-xbap, */*
User-Agent: Mozilla/4.0 (compatible; MSIE 7.0; Windows NT 6.3; WOW64; Trident/7.0; .NET4.0E; .NET4.0C; .NET CLR 3.5.30729; .NET CLR 2.0.50727; .NET CLR 3.0.30729)
Host: localhost:8080
</requestHeader>
  <responseData class="java.lang.String">&lt;script language=&quot;javascript&quot; src=&quot;23048/scripts/swecommon.js&quot;&gt;&lt;/script&gt;&lt;frameset rows=&apos;0,*&apos; border=&apos;0&apos; frameborder=&apos;No&apos;&gt;
&lt;frame name=&quot;Dashboard&quot; OT=&quot;Dashboard Frame&quot; src=&quot;javascript:&apos;&lt;!--1592916533--&gt;&apos;&quot; marginheight=&apos;0&apos; marginwidth=&apos;0&apos; scrolling=&apos;Yes&apos;  frameborder=&apos;0&apos;&gt;
&lt;script language=&quot;javascript&quot; src=&quot;23048/scripts/swecommon.js&quot;&gt;&lt;/script&gt;&lt;frameset cols=&apos;0,*&apos; border=&apos;0&apos; frameborder=&apos;No&apos; framespacing=&apos;1&apos;&gt;
&lt;frame name=&quot;SS_SearchCenter&quot; OT=&quot;SS_SearchCenter Frame&quot; src=&quot;javascript:&apos;&lt;!--1592916533--&gt;&apos;&quot; marginheight=&apos;0&apos; marginwidth=&apos;0&apos; scrolling=&apos;Yes&apos; frameborder=&apos;0&apos;&gt;
&lt;script language=&quot;javascript&quot; src=&quot;23048/scripts/swecommon.js&quot;&gt;&lt;/script&gt;&lt;frameset cols=&apos;0,*&apos; border=&apos;0&apos; frameborder=&apos;No&apos;&gt;
&lt;frame name=&quot;TaskAssistant&quot; OT=&quot;TaskAssistant Frame&quot; src=&quot;javascript:&apos;&lt;!--1592916533--&gt;&apos;&quot; marginheight=&apos;0&apos; marginwidth=&apos;0&apos; scrolling=&apos;No&apos; frameborder=&apos;1&apos;&gt;
&lt;script language=&quot;javascript&quot; src=&quot;23048/scripts/swecommon.js&quot;&gt;&lt;/script&gt;&lt;frameset cols=&apos;0,*&apos; border=&apos;0&apos; frameborder=&apos;No&apos;&gt;
&lt;frame name=&quot;SS_TaskUIPane&quot; OT=&quot;SS_TaskUIPane Frame&quot; src=&quot;javascript:&apos;&lt;!--1592916533--&gt;&apos;&quot; marginheight=&apos;0&apos; marginwidth=&apos;0&apos; scrolling=&apos;No&apos; frameborder=&apos;1&apos;&gt;
&lt;script language=&quot;javascript&quot; src=&quot;23048/scripts/swecommon.js&quot;&gt;&lt;/script&gt;&lt;frameset cols=&apos;*,0&apos; border=&apos;0&apos; frameborder=&apos;No&apos;&gt;
&lt;frame name=&quot;_sweview&quot; OT=&quot;_sweview Frame&quot; src=&quot;http://localhost:8080/ecommunications_enu_nsm_aps05524a027/start.swe?SWENeedContext=false&amp;SWECmd=GetCachedFrame&amp;SWEACn=23534&amp;SWEC=3&amp;SWEFrame=top._sweclient._swecontent._sweview&amp;SWEBID=-1&amp;SRN=xK7T2pIB2ZOV15hwlQxQF5reKcoUB8VpMTZr7we8uAEb&amp;SWETS=&quot; marginheight=&apos;0&apos; marginwidth=&apos;0&apos; scrolling=&apos;Yes&apos; frameborder=&apos;0&apos;&gt;
&lt;frame name=&quot;SS_ChatUI&quot; OT=&quot;SS_ChatUI Frame&quot; src=&quot;javascript:&apos;&lt;!--1592916533--&gt;&apos;&quot; marginheight=&apos;0&apos; marginwidth=&apos;0&apos; scrolling=&apos;No&apos; frameborder=&apos;1&apos;&gt;
&lt;/frameset&gt;
&lt;/frameset&gt;
&lt;/frameset&gt;
&lt;/frameset&gt;
&lt;/frameset&gt;
</responseData>
  <responseFile class="java.lang.String"></responseFile>
  <cookies class="java.lang.String">_sn=GXmoeGkdwh1O45lrH7mMIZnLMWvqHkVWiQKqDOICOq1fi95anXYMaCRAX879ujDRD9kS4J75N4kGDX576Q2AKmwZPUBih-4NS80Pc1189OxasEbdAsHiEtIhcnCzZ0zWb5V6QpVraL0TTGU4ktkGZq374g8C0pUBRhKVASKeW21TgUW5eIkswq97I-.qG-kr</cookies>
  <method class="java.lang.String">GET</method>
  <queryString class="java.lang.String"></queryString>
  <java.net.URL>http://localhost:8080/ecommunications_enu_nsm_aps05524a027/start.swe?SWENeedContext=false&amp;SWECmd=GetCachedFrame&amp;SWEACn=23534&amp;SWEC=3&amp;SWEFrame=top._sweclient._swecontent&amp;SWEBID=-1&amp;SRN=xK7T2pIB2ZOV15hwlQxQF5reKcoUB8VpMTZr7we8uAEb&amp;SWETS=</java.net.URL>
</httpSample>
<httpSample t="{{\d+}}" it="0" lt="{{\d+}}" ct="{{\d+}}" ts="{{\d+}}" s="true" lb="{{\d+}} /ecommunications_enu_nsm_aps05524a027/start.swe" rc="200" rm="OK" tn="Thread Group 1-1" dt="text" de="utf-8" by="788" sby="1081" sc="1" ec="0" ng="1" na="1" hn="{{.*?}}">
  <responseHeader class="java.lang.String">HTTP/1.1 200 OK
Connection: close
Server: Oracle-iPlanet-Web-Server/7.0
Date: Tue, 23 Jun 2020 12:48:54 GMT
Content-Language: en
Cache-Control: private
Content-Type: text/html;charset=utf-8
Matched-Stub-Id: {{\w+-\w+-\w+-\w+-\w+}}
Vary: Accept-Encoding, User-Agent
Content-Encoding: gzip
</responseHeader>
  <requestHeader class="java.lang.String">Connection: close
Referer: http://localhost:8080/ecommunications_enu_nsm_aps05524a027/start.swe?SWENeedContext=false&amp;SWECmd=GetCachedFrame&amp;SWEACn=23534&amp;SWEC=3&amp;SWEFrame=top._sweclient._swecontent&amp;SWEBID=-1&amp;SRN=xK7T2pIB2ZOV15hwlQxQF5reKcoUB8VpMTZr7we8uAEb&amp;SWETS=
Accept-Language: en-GB
DNT: 1
Accept-Encoding: gzip, deflate
Accept: image/jpeg, application/x-ms-application, image/gif, application/xaml+xml, image/pjpeg, application/x-ms-xbap, */*
User-Agent: Mozilla/4.0 (compatible; MSIE 7.0; Windows NT 6.3; WOW64; Trident/7.0; .NET4.0E; .NET4.0C; .NET CLR 3.5.30729; .NET CLR 2.0.50727; .NET CLR 3.0.30729)
Host: localhost:8080
</requestHeader>
  <responseData class="java.lang.String">&lt;html&gt;
&lt;frameset id=&quot;_swecache&quot; rows=&quot;*,0,0,0,0,0,0,0,0,0&quot; border=&quot;0&quot; frameborder=&quot;no&quot;&gt;
&lt;frame name=&quot;_svf0&quot; OT=&apos;View Frame&apos;src=&quot;Javascript:top._swe._sweapp.S_App.GotoView(&apos;CUT Home Page View (CME\)&apos;, &apos;&apos;, &apos;?SWECmd=GotoView&amp;SWEView=CUT+Home+Page+View+(CME\)&amp;SWEC=3&amp;SRN=xK7T2pIB2ZOV15hwlQxQF5reKcoUB8VpMTZr7we8uAEb&amp;SWEKeepContext=1&apos;, top._sweclient._swecontent._sweview)&quot; frameborder=&quot;no&quot; marginheight=&quot;0&quot; marginwidth=&quot;0&quot; scrolling=&quot;auto&quot;&gt;
&lt;frame name=&quot;_svf1&quot; OT=&apos;View Frame&apos;src=&quot;Javascript:top._swe._sweapp.S_App.PreloadLayout (&apos;View&apos;, &apos;BT Consumer - Sales Portal View&apos;, 1)&quot; frameborder=&quot;no&quot; marginheight=&quot;0&quot; marginwidth=&quot;0&quot; scrolling=&quot;auto&quot;&gt;
&lt;frame name=&quot;_svf2&quot; OT=&apos;View Frame&apos;src=&quot;Javascript:top._swe._sweapp.S_App.PreloadLayout (&apos;View&apos;, &apos;BT Contact At View&apos;, 2)&quot; frameborder=&quot;no&quot; marginheight=&quot;0&quot; marginwidth=&quot;0&quot; scrolling=&quot;auto&quot;&gt;
&lt;frame name=&quot;_svf3&quot; OT=&apos;View Frame&apos;src=&quot;Javascript:top._swe._sweapp.S_App.PreloadLayout (&apos;View&apos;, &apos;BT Consumer - Activities View&apos;, 3)&quot; frameborder=&quot;no&quot; marginheight=&quot;0&quot; marginwidth=&quot;0&quot; scrolling=&quot;auto&quot;&gt;
&lt;frame name=&quot;_svf4&quot; OT=&apos;View Frame&apos;src=&quot;Javascript:top._swe._sweapp.S_App.PreloadLayout (&apos;View&apos;, &apos;BT Consumer - Orders View&apos;, 4)&quot; frameborder=&quot;no&quot; marginheight=&quot;0&quot; marginwidth=&quot;0&quot; scrolling=&quot;auto&quot;&gt;
&lt;frame name=&quot;_svf5&quot; OT=&apos;View Frame&apos;src=&quot;Javascript:top._swe._sweapp.S_App.PreloadLayout (&apos;View&apos;, &apos;BT Billing Account Asset View&apos;, 5)&quot; frameborder=&quot;no&quot; marginheight=&quot;0&quot; marginwidth=&quot;0&quot; scrolling=&quot;auto&quot;&gt;
&lt;frame name=&quot;_svf6&quot; OT=&apos;View Frame&apos;src=&quot;javascript:&apos;&lt;!--1592916533--&gt;&apos;&quot; frameborder=&quot;no&quot; marginheight=&quot;0&quot; marginwidth=&quot;0&quot; scrolling=&quot;auto&quot;&gt;
&lt;frame name=&quot;_svf7&quot; OT=&apos;View Frame&apos;src=&quot;javascript:&apos;&lt;!--1592916533--&gt;&apos;&quot; frameborder=&quot;no&quot; marginheight=&quot;0&quot; marginwidth=&quot;0&quot; scrolling=&quot;auto&quot;&gt;
&lt;frame name=&quot;_svf8&quot; OT=&apos;View Frame&apos;src=&quot;javascript:&apos;&lt;!--1592916533--&gt;&apos;&quot; frameborder=&quot;no&quot; marginheight=&quot;0&quot; marginwidth=&quot;0&quot; scrolling=&quot;auto&quot;&gt;
&lt;frame name=&quot;_svf9&quot; OT=&apos;View Frame&apos;src=&quot;javascript:&apos;&lt;!--1592916533--&gt;&apos;&quot; frameborder=&quot;no&quot; marginheight=&quot;0&quot; marginwidth=&quot;0&quot; scrolling=&quot;auto&quot;&gt;
&lt;/frameset&gt;&lt;/html&gt;
</responseData>
  <responseFile class="java.lang.String"></responseFile>
  <cookies class="java.lang.String">_sn=GXmoeGkdwh1O45lrH7mMIZnLMWvqHkVWiQKqDOICOq1fi95anXYMaCRAX879ujDRD9kS4J75N4kGDX576Q2AKmwZPUBih-4NS80Pc1189OxasEbdAsHiEtIhcnCzZ0zWb5V6QpVraL0TTGU4ktkGZq374g8C0pUBRhKVASKeW21TgUW5eIkswq97I-.qG-kr</cookies>
  <method class="java.lang.String">GET</method>
  <queryString class="java.lang.String"></queryString>
  <java.net.URL>http://localhost:8080/ecommunications_enu_nsm_aps05524a027/start.swe?SWENeedContext=false&amp;SWECmd=GetCachedFrame&amp;SWEACn=23534&amp;SWEC=3&amp;SWEFrame=top._sweclient._swecontent._sweview&amp;SWEBID=-1&amp;SRN=xK7T2pIB2ZOV15hwlQxQF5reKcoUB8VpMTZr7we8uAEb&amp;SWETS=</java.net.URL>
</httpSample>
<httpSample t="{{\d+}}" it="0" lt="{{\d+}}" ct="{{\d+}}" ts="{{\d+}}" s="true" lb="{{\d+}} /ecommunications_enu_nsm_aps05524a027/start.swe" rc="200" rm="OK" tn="Thread Group 1-1" dt="text" de="utf-8" by="49124" sby="811" sc="1" ec="0" ng="1" na="1" hn="{{.*?}}">
  <responseHeader class="java.lang.String">HTTP/1.1 200 OK
Connection: close
Server: Oracle-iPlanet-Web-Server/7.0
Date: Tue, 23 Jun 2020 12:48:55 GMT
Content-Language: en
Cache-Control: no-cache
Swerpc: true
Content-Type: text/html;charset=utf-8
Matched-Stub-Id: {{\w+-\w+-\w+-\w+-\w+}}
Vary: Accept-Encoding, User-Agent
</responseHeader>
  <requestHeader class="java.lang.String">Connection: close
Content-Type: application/x-www-form-urlencoded
DNT: 1
Accept-Encoding: deflate
Pragma: no-cache
User-Agent: Mozilla/4.0 (compatible; MSIE 7.0; Windows NT 6.3; WOW64; Trident/7.0; .NET4.0E; .NET4.0C; .NET CLR 3.5.30729; .NET CLR 2.0.50727; .NET CLR 3.0.30729)
Accept: text/html, image/gif, image/jpeg, *; q=.2, */*; q=.2
Content-Length: 134
Host: localhost:8080
</requestHeader>
  <responseData class="java.lang.String">@0`1`7`3``0`Target`top._sweclient._swecontent._sweview`UC`1`ViewId``Status`NewLayout`View`CUT Home Page View (CME)`SWEC`4`SRN`xK7T2pIB2ZOV15hwlQxQF5reKcoUB8VpMTZr7we8uAEb`0`5`api`0`2`0`sc`0`rqc`4`v`10*Salutation8*Selected11*NotSelected8*Explorer5*JText0*4*left10*EncodeData2*||14*AppletGraphics4*Link8*GotoView11*AppletTitle11*My Homepage10*HideApplet12*MoveAppletUp14*MaximizeApplet10*ShowApplet14*MinimizeApplet14*MoveAppletDown18*ShowQueryAssistant14*GetBookmarkURL12*FileSendMail11*FileSendFax16*FileSendWireless6*Import11*ExportQuery10*UndoRecord12*DeleteRecord9*NewRecord10*CopyRecord11*WriteRecord13*ChangeRecords12*MergeRecords9*SelectAll15*InvertSelection16*ColumnsDisplayed12*GotoPrevious8*GotoNext15*GotoPreviousSet11*GotoNextSet12*GotoFirstSet11*GotoLastSet9*UndoQuery8*NewQuery12*ExecuteQuery11*RefineQuery11*AboutRecord9*EditPopup12*ExecuteReply15*ExecuteReplyAll14*ExecuteForward9*EmailSend11*EmailCancel9*Drilldown11*RecordCount14*ScrollPrevData14*ScrollNextData16*ButtonHideApplet18*ButtonMoveAppletUp20*ButtonMaximizeApplet16*ButtonShowApplet20*ButtonMinimizeApplet20*ButtonMoveAppletDown14*QueryAssistant11*Edit Layout20*ButtonEditViewLayout6*Button14*EditViewLayout14*DontEncodeData20*ButtonShowViewLayout4*Done14*ShowViewLayout21*ButtonResetViewLayout14*Default Layout15*ResetViewLayout20*ButtonHideAllApplets16*Hide All Applets14*HideAllApplets20*ButtonShowAllApplets16*Show All Applets14*ShowAllApplets24*ButtonMinimizeAllApplets12*Collapse All18*MinimizeAllApplets24*ButtonMaximizeAllApplets10*Expand All18*MaximizeAllApplets20*My New Opportunities5*Label16*My Opportunities10*Row Status9*JCheckBox3*New6*center8*ASTERISK19*Expected Close Date9*JDatePick22*BT Expected Close Date4*Name7*Account7*Revenue13*JCurrencyCalc5*right33*Revenue Currency Code|Close Date|4*List10*Close Date5*Rep %9*Sales Rep11*Sales Stage16*Account Location7*Quality19*My Service Requests9*SR Number4*SR #6*Status9*JComboBox48*The functional condition of the part being moved7*SR Type4*Type17*PickList SR Types11*Description9*JTextArea14*LOY Member Num13*LOY Member Id12*Agreement Id4*Area19*Product Part Number9*Reproduce6*Source8*Sub-Area7*Version8*Abstract19*Customer Ref Number17*Contact Last Name18*Contact First Name22*Contact Business Phone15*Contact Account13*Serial Number12*Asset Number7*Product13*Billable Flag10*Price List9*Rate List15*Created By Name7*Created5*Owner11*Owner Group7*Updated11*Closed Date8*Severity8*Priority10*Sub-Status16*Entitlement Name11*Commit Time12*Organization15*Organization Id9*My Orders12*Order Number7*Order #13*BT Sub-Status10*Sub Status10*Order Date17*JDateTimeZonePick13*Customer Name10*Order Type14*Order Priority12*My Analytics27*CallCenterHomePageAnalytics37*GotoViewWithParameters:ButtonGotoView41*GotoViewWithParameters:ButtonRefineSearch14*ButtonGotoView18*ButtonRefineSearch13*NoDataMessage10*QueryField16*SearchFieldLabel13*My Activities7*Planned13*Planned Start8*Category20*PickList Action Type22*PickList Action Status12*Account Name2*Id3*Due16*Primary Owned By16*Duration Minutes18*Planned Completion7*Started5*Alarm9*Repeating14*Repeating Type17*Repeating Expires7*Private23*Time Sheet Related Flag17*Time Sheet Number20*Expense Related Flag21*Expense Report Number15*Associated Cost12*Project Name12*Activity UID19*Assignment Excluded13*Call Duration7*Call Id5*Class7*Comment10*Defect Num13*Defective Tag11*Opportunity16*Percent Complete15*Resolution Code17*Suppress Calendar14*Service Region17*Schedule Excluded2*id1*|42*Close Date(Descending),Revenue(Descending)33*[Hospitality Template Flag] = &quot;N&quot;4*bool4*date4*text8*currency32*Revenue Currency Code|Close Date21*Revenue Currency Code85*[Service Request Type] &lt;&gt; &quot;Internal&quot; AND [Status] = LookupValue (&quot;SR_STATUS&quot;, &quot;Open&quot;)19*Created(Descending)11*utcdatetime95*([Status] &lt;&gt; LookupValue (&quot;EVENT_STATUS&quot;, &quot;Done&quot;) OR [Status] IS NULL) AND [Planned] = Today ()`0`1`nbo`0`2`6`boi`3``n`WebCallCenter Home`z``0`1`nbc`0`2`2`bci`3`S_BC1`n`Salutation (eApps)`cdl`1`0`1`fl`0`11`0`f`0`itx`1`n`183`sc`0`irq`1`l`15`crf`215`dft`5`ihn`1`iro`1`t`214`dn`183`4`7`rl`0`inrk`1`crnm`1`nmr`6`atr`0`2`0`r`0`v`6*VRId-0`i`VRId-0`2`0`r`0`v`6*VRId-1`i`VRId-1`2`0`r`0`v`6*VRId-2`i`VRId-2`2`0`r`0`v`6*VRId-3`i`VRId-3`2`0`r`0`v`6*VRId-4`i`VRId-4`2`0`r`0`v`6*VRId-5`i`VRId-5`1`0`tr`0`v``0`1`nbc`0`4`2`bci`3`S_BC2`n`Opportunity`st`216`cdl`1`sh`217`0`8`fl`0`8`0`f`0`itx`1`n`91`sc`0`l`1`crf`215`dft`5`t`218`dn`93`7`0`f`0`n`98`sc`0`l`32`crf`215`dft`5`t`219`dn`96`10`0`f`0`itx`1`n`99`sc`0`irq`1`l`100`crf`215`dft`5`iro`1`t`220`dn`99`10`0`f`0`itx`1`n`100`sc`0`l`100`ibp`1`crf`215`dft`5`iro`1`t`220`dn`100`8`0`f`0`n`101`sc`2`inm`1`l`25`crf`222`dft`5`t`221`dn`101`9`0`f`0`itx`1`n`223`sc`0`l`20`ibp`1`crf`215`dft`5`t`220`dn`223`7`0`f`0`n`106`sc`0`l`32`crf`215`dft`5`t`219`dn`106`11`0`f`0`itx`1`n`183`sc`0`irq`1`l`15`crf`215`dft`5`ihn`1`iro`1`t`214`dn`183`3`1`rl`0`inrk`1`nmr`0`atr`-1`1`0`tr`0`v``0`1`nbc`0`4`2`bci`3`S_BC3`n`Service Request`shd`23*Service_Request_BusComp57*srf1592409810_444/bscripts/all/buscomp_service_request.js`cdl`1`sh`224`0`7`fl`0`9`0`f`0`itx`1`n`91`sc`0`irq`1`l`1`crf`215`dft`5`t`218`dn`93`8`0`f`0`itx`1`n`113`sc`0`l`64`crf`215`dft`5`t`220`dn`114`11`0`f`0`itx`1`n`115`sc`0`ipc`1`irq`1`l`30`ibp`1`crf`215`dft`5`t`220`dn`115`11`0`f`0`itx`1`n`118`sc`0`ipc`1`irq`1`l`30`ibp`1`crf`215`dft`5`t`220`dn`119`8`0`f`0`itx`1`n`121`sc`0`l`2000`crf`215`dft`5`t`220`dn`121`9`0`f`0`itx`1`n`100`sc`0`l`100`ibp`1`crf`215`dft`5`t`220`dn`100`11`0`f`0`itx`1`n`183`sc`0`irq`1`l`15`crf`215`dft`5`ihn`1`iro`1`t`214`dn`183`3`1`rl`0`inrk`1`nmr`0`atr`-1`1`0`tr`0`v``0`1`nbc`0`2`2`bci`3`S_BC4`n`Order Entry - Orders Home Page`st`225`0`6`fl`0`9`0`f`0`itx`1`n`158`sc`0`irq`1`l`30`crf`215`dft`5`t`220`dn`159`9`0`f`0`itx`1`n`115`sc`0`irq`1`l`30`crf`215`dft`5`t`220`dn`115`9`0`f`0`itx`1`n`160`sc`0`irq`1`l`30`crf`215`dft`5`t`220`dn`161`8`0`f`0`n`162`sc`0`ipc`1`l`32`crf`215`dft`5`t`226`dn`162`9`0`f`0`itx`1`n`100`sc`0`l`100`crf`215`dft`5`iro`1`t`220`dn`164`11`0`f`0`itx`1`n`183`sc`0`irq`1`l`15`crf`215`dft`5`ihn`1`iro`1`t`214`dn`183`3`6`rl`0`crnm`1`nmr`5`atr`0`2`0`r`0`v`19*VOL013-4732598740494*Open24*Failed Customer Creation19*06/19/2020 23:35:399*Bt Mobile10*3-61EUPJWH`i`3-61EUPJWH`2`0`r`0`v`19*VOL013-4732591224664*Open24*Failed Customer Creation19*06/19/2020 23:16:509*Bt Mobile10*3-61EU9FZ6`i`3-61EU9FZ6`2`0`r`0`v`19*VOL013-4732583611234*Open24*Failed Customer Creation19*06/19/2020 22:58:079*Bt Mobile10*3-61ETT4IR`i`3-61ETT4IR`2`0`r`0`v`19*VOL013-4732575774304*Open24*Failed Customer Creation19*06/19/2020 22:39:049*Bt Mobile10*3-61ETCBTI`i`3-61ETCBTI`2`0`r`0`v`19*VOL013-4732568552274*Open24*Failed Customer Creation19*06/19/2020 22:20:319*Bt Mobile10*3-61ESWUKB`i`3-61ESWUKB`1`0`tr`0`v``0`1`nbc`0`3`2`bci`3`S_BC5`n`Action Home Page`cdl`1`sh`227`0`7`fl`0`8`0`f`0`n`177`sc`0`ipc`1`l`32`crf`215`dft`5`t`226`dn`178`11`0`f`0`itx`1`n`179`sc`0`ipc`1`irq`1`l`30`ibp`1`crf`215`dft`5`t`220`dn`126`11`0`f`0`itx`1`n`119`sc`0`ipc`1`irq`1`l`30`ibp`1`crf`215`dft`5`t`220`dn`119`10`0`f`0`itx`1`n`115`sc`0`ipc`1`l`30`ibp`1`crf`215`dft`5`t`220`dn`115`8`0`f`0`itx`1`n`121`sc`0`l`250`crf`215`dft`5`t`220`dn`121`9`0`f`0`itx`1`n`182`sc`0`l`100`ibp`1`crf`215`dft`5`t`220`dn`100`11`0`f`0`itx`1`n`183`sc`0`irq`1`l`15`crf`215`dft`5`ihn`1`iro`1`t`214`dn`183`3`1`rl`0`inrk`1`nmr`0`atr`-1`1`0`tr`0`v``0`1`nbc`0`2`2`bci`3`S_BC6`n`AnalyticsSSO`cdl`1`0`2`fl`0`10`0`f`0`itx`1`n`168`sc`0`icl`1`l`255`crf`215`dft`5`iro`1`t`220`dn`167`11`0`f`0`itx`1`n`183`sc`0`irq`1`l`15`crf`215`dft`5`ihn`1`iro`1`t`214`dn`183`4`2`rl`0`inrk`1`crnm`1`nmr`1`atr`0`2`0`r`0`v`27*CallCenterHomePageAnalytics6*VRId-0`i`VRId-0`1`0`tr`0`v``1`1`nv`0`imv`1`6`8`vi`3``vt`STANDARD`ich`0`n`CUT Home Page View (CME)`pu`http://localhost:8080/ecommunications_enu_nsm_aps05524a027/start.swe`tt`Siebel Web Call Center Home`tb`&lt;span id=&apos;s_tb&apos;&gt;&lt;table datatable=&quot;0&quot; summary=&quot;&quot; cellpadding=&quot;0&quot; cellspacing=&quot;0&quot; border=&quot;0&quot;&gt;&lt;tr&gt;&lt;td&gt;&lt;span class=&quot;threadbar&quot;&gt;&lt;nobr&gt;Home:&lt;/nobr&gt;&lt;/span&gt;&lt;/td&gt;&lt;td&gt;&lt;img src=&quot;images/spacer.gif&quot; width=&quot;5&quot; height=&quot;1&quot; alt=&quot;&quot;&gt;&lt;/td&gt;&lt;td&gt;&lt;/td&gt;&lt;/tr&gt;&lt;/table&gt;&lt;/span&gt;`0`1`na`0`17`3`ai`3`S_A1`nfi`1`n`Salutation Applet (WCC Home)`cud`1*91*12*581*12*591*12*601*12*611*12*121*02*621*12*631*12*641*11*31*1`dqy`1`cik`2*111*12*141*12*151*02*161*02*171*02*181*12*191*02*201*02*211*12*221*12*231*12*241*12*251*02*261*02*271*02*281*02*291*02*301*02*311*02*321*02*331*12*341*02*351*02*361*02*371*02*381*12*391*02*401*02*411*02*421*02*431*02*441*02*451*12*461*02*471*12*481*02*491*02*501*02*511*02*521*02*531*02*541*12*551*12*561*02*571*0`shd`33*Salutation_Applet_WCC_Home_Applet67*srf1592409810_444/bscripts/all/applet_salutation_applet_wcc_home.js`asq`2`vrn`S_A1`tt`0`inu`0`hmn`1`rsp`false`bnr`0`iem``bci`S_BC1`hlc`3*a_11*11*2`i`1`0`3`cl`0`22`0`c`0`pt`5`sp`s_1_1_9_0`dm`7`w`0`n`3`pw`0`ph`0`ju`6`sq`3997`pan`5`ibp`1`crf`8`sdy`0`h`0`iec`1`dft`5`ime`5`dmc`0`t`4`dn`5`fn`5`msz`32`25`1`c`0`pt`5`sp`s_1_1_0_0`dm`7`w`0`n`9`eb`&lt;img src=&quot;images/applet_salutation1.jpg&quot; border=&quot;0&quot; space=&quot;0&quot; hspace=&quot;0&quot; alt=&quot;Welcome&quot;  title=&quot;Welcome&quot; &gt;`pw`0`db`&lt;img src=&quot;images/applet_salutation1.jpg&quot; border=&quot;0&quot; space=&quot;0&quot; hspace=&quot;0&quot; alt=&quot;Welcome&quot;  title=&quot;Welcome&quot; &gt;`ph`0`ju`6`sq`3997`pan`5`mn`11`ibp`1`crf`8`sdy`0`h`0`iec`1`dft`5`ime`5`dmc`0`t`10`dn`0`fn`5`msz`32`15`0`imp`0`SWEField`s_1_1_0_0`SWENeedContext`true`SWER`0`SWESP`false`SWEMethod`GotoView`SWECmd`GotoView`SWETargetView`CUT Home Page View (CME)`SWEDIC`false`SWEReqRowId`0`SWEView`CUT Home Page View (CME)`SWEC`4`SWEBID`-1`SRN`xK7T2pIB2ZOV15hwlQxQF5reKcoUB8VpMTZr7we8uAEb`SWEKeepContext`0`SWEApplet`Salutation Applet (WCC Home)`22`0`c`0`pt`5`sp`s_1_1_5_0`dm`7`w`0`n`12`pw`0`ph`0`ju`6`sq`3997`pan`5`ibp`1`crf`8`sdy`0`h`0`iec`1`dft`5`ime`5`dmc`0`t`4`dn`13`fn`5`msz`32`1`0`cfm`0`DeleteRecord`IDS_SWE_DELETE_CONFIRM_WARNING`0`2`pcl`0`2`0`pc`0`allowPC`false`AppletTitle``2`0`pc`0`allowPC`false`Explorer``0`1`na`0`16`3`ai`3`S_A2`nfi`2`n`Layout Controls Applet`cud`2*851*02*731*02*791*02*701*02*121*02*661*02*761*02*821*0`dqy`1`cik`2*871*12*751*12*811*12*721*02*681*12*781*12*841*12*211*12*221*12*231*12*241*12*251*02*261*02*271*02*281*02*291*02*301*02*311*02*321*02*331*12*341*02*351*02*361*02*371*02*381*12*391*02*401*12*411*02*421*12*201*02*431*02*441*02*451*12*461*02*471*12*481*02*491*02*501*02*511*02*521*02*531*02*541*12*551*12*561*02*571*1`asq`0`vrn`S_A2`tt`65`inu`1`hmn`1`rsp`false`bnr`0`iem``bci`S_BC1`hlc`3*a_21*11*2`i`2`0`8`cl`0`22`0`c`0`pt`5`sp`s_2_1_4_0`dm`7`w`0`n`12`pw`0`ph`0`ju`6`sq`1997`pan`5`ibp`1`crf`8`sdy`0`h`0`iec`1`dft`5`ime`5`dmc`0`t`4`dn`65`fn`5`msz`32`23`1`c`0`pt`5`sp`s_2_1_5_0`dm`69`w`0`n`66`pw`0`ph`0`ju`6`sq`1997`pan`5`mn`68`ibp`1`crf`8`sdy`0`h`0`iec`1`dft`5`ime`5`dmc`0`t`67`dn`65`fn`5`msz`32`13`0`imp`0`SWEField`s_2_1_5_0`SWENeedContext`true`SWER`0`SWESP`false`SWEMethod`EditViewLayout`SWECmd`InvokeMethod`SWEDIC`false`SWEReqRowId`0`SWEView`CUT Home Page View (CME)`SWEC`4`SWEBID`-1`SRN`xK7T2pIB2ZOV15hwlQxQF5reKcoUB8VpMTZr7we8uAEb`SWEApplet`Layout Controls Applet`23`1`c`0`pt`5`sp`s_2_1_3_0`dm`69`w`0`n`70`pw`0`ph`0`ju`6`sq`1997`pan`5`mn`72`ibp`1`crf`8`sdy`0`h`0`iec`1`dft`5`ime`5`dmc`0`t`67`dn`71`fn`5`msz`32`13`0`imp`0`SWEField`s_2_1_3_0`SWENeedContext`true`SWER`0`SWESP`false`SWEMethod`ShowViewLayout`SWECmd`InvokeMethod`SWEDIC`false`SWEReqRowId`0`SWEView`CUT Home Page View (CME)`SWEC`4`SWEBID`-1`SRN`xK7T2pIB2ZOV15hwlQxQF5reKcoUB8VpMTZr7we8uAEb`SWEApplet`Layout Controls Applet`23`1`c`0`pt`5`sp`s_2_1_1_0`dm`69`w`0`n`73`pw`0`ph`0`ju`6`sq`1997`pan`5`mn`75`ibp`1`crf`8`sdy`0`h`0`iec`1`dft`5`ime`5`dmc`0`t`67`dn`74`fn`5`msz`32`13`0`imp`0`SWEField`s_2_1_1_0`SWENeedContext`true`SWER`0`SWESP`false`SWEMethod`ResetViewLayout`SWECmd`InvokeMethod`SWEDIC`false`SWEReqRowId`0`SWEView`CUT Home Page View (CME)`SWEC`4`SWEBID`-1`SRN`xK7T2pIB2ZOV15hwlQxQF5reKcoUB8VpMTZr7we8uAEb`SWEApplet`Layout Controls Applet`23`1`c`0`pt`5`sp`s_2_1_6_0`dm`69`w`0`n`76`pw`0`ph`0`ju`6`sq`1997`pan`5`mn`78`ibp`1`crf`8`sdy`0`h`0`iec`1`dft`5`ime`5`dmc`0`t`67`dn`77`fn`5`msz`32`13`0`imp`0`SWEField`s_2_1_6_0`SWENeedContext`true`SWER`0`SWESP`false`SWEMethod`HideAllApplets`SWECmd`InvokeMethod`SWEDIC`false`SWEReqRowId`0`SWEView`CUT Home Page View (CME)`SWEC`4`SWEBID`-1`SRN`xK7T2pIB2ZOV15hwlQxQF5reKcoUB8VpMTZr7we8uAEb`SWEApplet`Layout Controls Applet`23`1`c`0`pt`5`sp`s_2_1_2_0`dm`69`w`0`n`79`pw`0`ph`0`ju`6`sq`1997`pan`5`mn`81`ibp`1`crf`8`sdy`0`h`0`iec`1`dft`5`ime`5`dmc`0`t`67`dn`80`fn`5`msz`32`13`0`imp`0`SWEField`s_2_1_2_0`SWENeedContext`true`SWER`0`SWESP`false`SWEMethod`ShowAllApplets`SWECmd`InvokeMethod`SWEDIC`false`SWEReqRowId`0`SWEView`CUT Home Page View (CME)`SWEC`4`SWEBID`-1`SRN`xK7T2pIB2ZOV15hwlQxQF5reKcoUB8VpMTZr7we8uAEb`SWEApplet`Layout Controls Applet`23`1`c`0`pt`5`sp`s_2_1_7_0`dm`69`w`0`n`82`pw`0`ph`0`ju`6`sq`1997`pan`5`mn`84`ibp`1`crf`8`sdy`0`h`0`iec`1`dft`5`ime`5`dmc`0`t`67`dn`83`fn`5`msz`32`13`0`imp`0`SWEField`s_2_1_7_0`SWENeedContext`true`SWER`0`SWESP`false`SWEMethod`MinimizeAllApplets`SWECmd`InvokeMethod`SWEDIC`false`SWEReqRowId`0`SWEView`CUT Home Page View (CME)`SWEC`4`SWEBID`-1`SRN`xK7T2pIB2ZOV15hwlQxQF5reKcoUB8VpMTZr7we8uAEb`SWEApplet`Layout Controls Applet`23`1`c`0`pt`5`sp`s_2_1_0_0`dm`69`w`0`n`85`pw`0`ph`0`ju`6`sq`1997`pan`5`mn`87`ibp`1`crf`8`sdy`0`h`0`iec`1`dft`5`ime`5`dmc`0`t`67`dn`86`fn`5`msz`32`13`0`imp`0`SWEField`s_2_1_0_0`SWENeedContext`true`SWER`0`SWESP`false`SWEMethod`MaximizeAllApplets`SWECmd`InvokeMethod`SWEDIC`false`SWEReqRowId`0`SWEView`CUT Home Page View (CME)`SWEC`4`SWEBID`-1`SRN`xK7T2pIB2ZOV15hwlQxQF5reKcoUB8VpMTZr7we8uAEb`SWEApplet`Layout Controls Applet`1`0`cfm`0`DeleteRecord`IDS_SWE_DELETE_CONFIRM_WARNING`0`1`pcl`0`2`0`pc`0`allowPC`false`AppletTitle``0`1`nla`0`17`3`ai`3`S_A3`nfi`1`n`CUT Opportunity List Applet (CME Home)`cud`2*641*11*91*12*581*12*601*12*621*12*631*12*591*12*611*12*391*12*401*13*1051*12*121*12*961*03*1061*03*1071*03*1081*03*1091*02*911*02*991*03*1001*03*1101*03*1011*03*1111*0`cik`2*201*02*111*12*141*12*161*02*181*12*191*12*151*12*171*02*391*02*401*02*211*02*221*12*231*12*241*12*251*02*261*02*271*02*281*02*291*12*301*02*311*02*321*02*331*02*341*02*351*02*361*12*371*02*381*02*411*02*421*02*431*02*441*12*451*12*461*12*471*02*481*02*491*02*501*02*511*02*521*02*531*02*541*12*551*02*561*12*571*0`pf`VER_1.0_~0|Row Status|100~0|Expected Close Date|100~0|Name|100~0|Account|100~0|Revenue|100`rct`5`asq`4`vrn`S_A3`tt`88`inu`0`hmn`1`rsp`false`bnr`0`iem``bci`S_BC2`hlc`3*a_31*11*2`i`3`0`8`cl`0`25`1`c`0`pt`5`sp`s_3_1_9_0`dm`69`w`0`n`40`eb`&lt;img src=&quot;images/rcnv_nxtset_1.gif&quot; border=&quot;0&quot; space=&quot;0&quot; hspace=&quot;0&quot; alt=&quot;Next record set&quot;  title=&quot;Next record set&quot; &gt;`pw`0`db`&lt;img src=&quot;images/rcnv_nxtset_0.gif&quot; border=&quot;0&quot; space=&quot;0&quot; hspace=&quot;0&quot; alt=&quot;Next record set&quot;  title=&quot;Next record set&quot; &gt;`ph`0`ju`6`sq`5997`pan`5`mn`40`ibp`1`crf`8`sdy`0`h`0`iec`1`dft`5`ime`5`dmc`0`t`67`dn`5`fn`5`msz`32`13`0`imp`0`SWEField`s_3_1_9_0`SWENeedContext`true`SWER`65535`SWESP`false`SWEMethod`GotoNextSet`SWECmd`InvokeMethod`SWEDIC`false`SWEReqRowId`0`SWEView`CUT Home Page View (CME)`SWEC`4`SWEBID`-1`SRN`xK7T2pIB2ZOV15hwlQxQF5reKcoUB8VpMTZr7we8uAEb`SWEApplet`CUT Opportunity List Applet (CME Home)`22`0`c`0`pt`5`sp`s_3_1_11_0`dm`7`w`0`n`12`pw`0`ph`0`ju`6`sq`5997`pan`5`ibp`1`crf`8`sdy`0`h`0`iec`1`dft`5`ime`5`dmc`0`t`89`dn`90`fn`5`msz`32`25`1`c`0`pt`5`sp`s_3_1_4_0`dm`69`w`0`n`62`eb`&lt;img src=&quot;images/btn_aplt_min_1.gif&quot; border=&quot;0&quot; space=&quot;0&quot; hspace=&quot;0&quot; alt=&quot;Collapse&quot;  title=&quot;Collapse&quot; &gt;`pw`0`db`&lt;img src=&quot;images/btn_aplt_min_0.gif&quot; border=&quot;0&quot; space=&quot;0&quot; hspace=&quot;0&quot; alt=&quot;Collapse&quot;  title=&quot;Collapse&quot; &gt;`ph`0`ju`6`sq`5997`pan`5`mn`18`ibp`1`crf`8`sdy`0`h`0`iec`1`dft`5`ime`5`dmc`0`t`10`dn`5`fn`5`msz`32`13`0`imp`0`SWEField`s_3_1_4_0`SWENeedContext`true`SWER`65535`SWESP`false`SWEMethod`MinimizeApplet`SWECmd`InvokeMethod`SWEDIC`false`SWEReqRowId`0`SWEView`CUT Home Page View (CME)`SWEC`4`SWEBID`-1`SRN`xK7T2pIB2ZOV15hwlQxQF5reKcoUB8VpMTZr7we8uAEb`SWEApplet`CUT Opportunity List Applet (CME Home)`25`1`c`0`pt`5`sp`s_3_1_3_0`dm`69`w`0`n`60`eb`&lt;img src=&quot;images/btn_aplt_max_1.gif&quot; border=&quot;0&quot; space=&quot;0&quot; hspace=&quot;0&quot; alt=&quot;Expand&quot;  title=&quot;Expand&quot; &gt;`pw`0`db`&lt;img src=&quot;images/btn_aplt_max_0.gif&quot; border=&quot;0&quot; space=&quot;0&quot; hspace=&quot;0&quot; alt=&quot;Expand&quot;  title=&quot;Expand&quot; &gt;`ph`0`ju`6`sq`5997`pan`5`mn`16`ibp`1`crf`8`sdy`0`h`0`iec`1`dft`5`ime`5`dmc`0`t`10`dn`5`fn`5`msz`32`13`0`imp`0`SWEField`s_3_1_3_0`SWENeedContext`true`SWER`65535`SWESP`false`SWEMethod`MaximizeApplet`SWECmd`InvokeMethod`SWEDIC`false`SWEReqRowId`0`SWEView`CUT Home Page View (CME)`SWEC`4`SWEBID`-1`SRN`xK7T2pIB2ZOV15hwlQxQF5reKcoUB8VpMTZr7we8uAEb`SWEApplet`CUT Opportunity List Applet (CME Home)`25`1`c`0`pt`5`sp`s_3_1_6_0`dm`69`w`0`n`59`eb`&lt;img src=&quot;images/btn_aplt_up_1.gif&quot; border=&quot;0&quot; space=&quot;0&quot; hspace=&quot;0&quot; alt=&quot;Move up&quot;  title=&quot;Move up&quot; &gt;`pw`0`db`&lt;img src=&quot;images/btn_aplt_up_0.gif&quot; border=&quot;0&quot; space=&quot;0&quot; hspace=&quot;0&quot; alt=&quot;Move up&quot;  title=&quot;Move up&quot; &gt;`ph`0`ju`6`sq`5997`pan`5`mn`15`ibp`1`crf`8`sdy`0`h`0`iec`1`dft`5`ime`5`dmc`0`t`10`dn`5`fn`5`msz`32`13`0`imp`0`SWEField`s_3_1_6_0`SWENeedContext`true`SWER`65535`SWESP`false`SWEMethod`MoveAppletUp`SWECmd`InvokeMethod`SWEDIC`false`SWEReqRowId`0`SWEView`CUT Home Page View (CME)`SWEC`4`SWEBID`-1`SRN`xK7T2pIB2ZOV15hwlQxQF5reKcoUB8VpMTZr7we8uAEb`SWEApplet`CUT Opportunity List Applet (CME Home)`25`1`c`0`pt`5`sp`s_3_1_5_0`dm`69`w`0`n`63`eb`&lt;img src=&quot;images/btn_aplt_dwn_1.gif&quot; border=&quot;0&quot; space=&quot;0&quot; hspace=&quot;0&quot; alt=&quot;Move down&quot;  title=&quot;Move down&quot; &gt;`pw`0`db`&lt;img src=&quot;images/btn_aplt_dwn_0.gif&quot; border=&quot;0&quot; space=&quot;0&quot; hspace=&quot;0&quot; alt=&quot;Move down&quot;  title=&quot;Move down&quot; &gt;`ph`0`ju`6`sq`5997`pan`5`mn`19`ibp`1`crf`8`sdy`0`h`0`iec`1`dft`5`ime`5`dmc`0`t`10`dn`5`fn`5`msz`32`13`0`imp`0`SWEField`s_3_1_5_0`SWENeedContext`true`SWER`65535`SWESP`false`SWEMethod`MoveAppletDown`SWECmd`InvokeMethod`SWEDIC`false`SWEReqRowId`0`SWEView`CUT Home Page View (CME)`SWEC`4`SWEBID`-1`SRN`xK7T2pIB2ZOV15hwlQxQF5reKcoUB8VpMTZr7we8uAEb`SWEApplet`CUT Opportunity List Applet (CME Home)`25`1`c`0`pt`5`sp`s_3_1_7_0`dm`69`w`0`n`61`eb`&lt;img src=&quot;images/btn_aplt_shw_1.gif&quot; border=&quot;0&quot; space=&quot;0&quot; hspace=&quot;0&quot; alt=&quot;Show&quot;  title=&quot;Show&quot; &gt;`pw`0`db`&lt;img src=&quot;images/btn_aplt_shw_0.gif&quot; border=&quot;0&quot; space=&quot;0&quot; hspace=&quot;0&quot; alt=&quot;Show&quot;  title=&quot;Show&quot; &gt;`ph`0`ju`6`sq`5997`pan`5`mn`17`ibp`1`crf`8`sdy`0`h`0`iec`1`dft`5`ime`5`dmc`0`t`10`dn`5`fn`5`msz`32`13`0`imp`0`SWEField`s_3_1_7_0`SWENeedContext`true`SWER`65535`SWESP`false`SWEMethod`ShowApplet`SWECmd`InvokeMethod`SWEDIC`false`SWEReqRowId`0`SWEView`CUT Home Page View (CME)`SWEC`4`SWEBID`-1`SRN`xK7T2pIB2ZOV15hwlQxQF5reKcoUB8VpMTZr7we8uAEb`SWEApplet`CUT Opportunity List Applet (CME Home)`25`1`c`0`pt`5`sp`s_3_1_2_0`dm`69`w`0`n`58`eb`&lt;img src=&quot;images/btn_aplt_hide_1.gif&quot; border=&quot;0&quot; space=&quot;0&quot; hspace=&quot;0&quot; alt=&quot;Hide&quot;  title=&quot;Hide&quot; &gt;`pw`0`db`&lt;img src=&quot;images/btn_aplt_hide_0.gif&quot; border=&quot;0&quot; space=&quot;0&quot; hspace=&quot;0&quot; alt=&quot;Hide&quot;  title=&quot;Hide&quot; &gt;`ph`0`ju`6`sq`5997`pan`5`mn`14`ibp`1`crf`8`sdy`0`h`0`iec`1`dft`5`ime`5`dmc`0`t`10`dn`5`fn`5`msz`32`13`0`imp`0`SWEField`s_3_1_2_0`SWENeedContext`true`SWER`65535`SWESP`false`SWEMethod`HideApplet`SWECmd`InvokeMethod`SWEDIC`false`SWEReqRowId`0`SWEView`CUT Home Page View (CME)`SWEC`4`SWEBID`-1`SRN`xK7T2pIB2ZOV15hwlQxQF5reKcoUB8VpMTZr7we8uAEb`SWEApplet`CUT Opportunity List Applet (CME Home)`1`0`cfm`0`DeleteRecord`IDS_SWE_DELETE_CONFIRM_WARNING`0`5`col`0`25`0`co`0`pt`5`sp`s_3_2_17_`dm`7`w`100`n`91`pw`0`ist`1`ph`0`ju`94`sq`5997`pan`5`icm`95`ibp`1`crf`8`sdy`0`h`0`iec`1`dft`5`cix`0`ime`5`dmc`0`t`92`dn`93`fn`91`msz`1`24`0`co`0`pt`5`sp`s_3_2_12_`dm`7`w`100`n`96`pw`0`ist`1`ph`0`ju`6`sq`5997`pan`5`ibp`1`crf`8`sdy`0`h`0`iec`1`dft`5`cix`1`ime`5`dmc`0`t`97`dn`96`fn`98`msz`32`25`0`co`0`pt`5`sp`s_3_2_18_`dm`7`w`100`csq`1`n`99`pw`0`ist`1`ph`0`ju`6`sq`5997`pan`5`ibp`1`crf`8`sdy`0`h`0`iec`1`dft`5`cix`2`ime`5`dmc`0`t`4`dn`99`fn`99`msz`100`27`0`co`0`pt`5`sp`s_3_2_19_`dm`7`w`100`csq`1`n`100`pw`300`pat`Pick`ist`1`ph`100`ju`6`sq`5997`ied`1`pan`5`ibp`1`crf`8`sdy`0`h`0`iec`1`dft`5`cix`3`ime`5`dmc`0`t`4`dn`100`fn`100`msz`100`26`0`co`0`pt`5`sp`s_3_2_21_`dm`7`w`100`n`101`pw`300`pat`Detail`ist`1`ph`100`ju`103`sq`5997`ied`1`pan`5`ibp`1`crf`104`sdy`0`h`0`iec`1`dft`5`cix`4`ime`5`dmc`0`t`102`dn`101`fn`101`msz`25`0`1`nla`0`18`3`ai`3`S_A4`nfi`1`n`CUT Service Request List Applet (CME Home)`cud`2*641*01*91*02*581*02*601*02*621*02*631*02*591*02*611*03*1051*02*121*03*1231*03*1241*03*1251*03*1261*03*1211*03*1271*03*1281*03*1291*03*1301*03*1311*02*911*03*1131*03*1181*03*1321*03*1001*03*1101*03*1331*03*1341*03*1351*03*1361*03*1371*03*1381*03*1391*03*1401*03*1411*03*1421*03*1431*03*1441*03*1451*03*1461*03*1471*03*1481*03*1491*03*1501*03*1511*03*1151*03*1521*03*1531*03*1541*03*1551*03*1561*0`cik`2*201*02*111*12*141*12*161*02*181*12*191*12*151*02*171*02*211*02*221*12*231*12*241*12*251*02*261*02*271*02*281*02*291*02*301*02*311*02*321*02*331*02*341*02*351*02*361*12*371*02*381*02*391*02*401*02*411*02*421*02*431*02*441*12*451*12*461*12*471*02*481*02*491*02*501*02*511*02*521*02*531*02*541*12*551*02*561*12*571*0`pf`VER_1.0_~0|Row Status|100~0|SR Number|100~0|Status|100~0|SR Type|100~0|Description|100~0|Account|100`shd`47*CUT_Service_Request_List_Applet_CME_Home_Applet81*srf1592409810_444/bscripts/all/applet_cut_service_request_list_applet_cme_home.js`rct`3`asq`3`vrn`S_A4`tt`112`inu`1`hmn`1`rsp`false`bnr`0`iem``bci`S_BC3`hlc`3*a_41*11*2`i`4`0`7`cl`0`22`0`c`0`pt`5`sp`s_4_1_9_0`dm`5`w`0`n`12`pw`0`ph`0`ju`6`sq`4997`pan`5`ibp`1`crf`8`sdy`0`h`0`iec`1`dft`5`ime`5`dmc`0`t`89`dn`112`fn`5`msz`32`25`1`c`0`pt`5`sp`s_4_1_4_0`dm`69`w`0`n`62`eb`&lt;img src=&quot;images/btn_aplt_min_1.gif&quot; border=&quot;0&quot; space=&quot;0&quot; hspace=&quot;0&quot; alt=&quot;Collapse&quot;  title=&quot;Collapse&quot; &gt;`pw`0`db`&lt;img src=&quot;images/btn_aplt_min_0.gif&quot; border=&quot;0&quot; space=&quot;0&quot; hspace=&quot;0&quot; alt=&quot;Collapse&quot;  title=&quot;Collapse&quot; &gt;`ph`0`ju`6`sq`4997`pan`5`mn`18`ibp`1`crf`8`sdy`0`h`0`iec`1`dft`5`ime`5`dmc`0`t`10`dn`5`fn`5`msz`32`13`0`imp`0`SWEField`s_4_1_4_0`SWENeedContext`true`SWER`65535`SWESP`false`SWEMethod`MinimizeApplet`SWECmd`InvokeMethod`SWEDIC`false`SWEReqRowId`0`SWEView`CUT Home Page View (CME)`SWEC`4`SWEBID`-1`SRN`xK7T2pIB2ZOV15hwlQxQF5reKcoUB8VpMTZr7we8uAEb`SWEApplet`CUT Service Request List Applet (CME Home)`25`1`c`0`pt`5`sp`s_4_1_3_0`dm`69`w`0`n`60`eb`&lt;img src=&quot;images/btn_aplt_max_1.gif&quot; border=&quot;0&quot; space=&quot;0&quot; hspace=&quot;0&quot; alt=&quot;Expand&quot;  title=&quot;Expand&quot; &gt;`pw`0`db`&lt;img src=&quot;images/btn_aplt_max_0.gif&quot; border=&quot;0&quot; space=&quot;0&quot; hspace=&quot;0&quot; alt=&quot;Expand&quot;  title=&quot;Expand&quot; &gt;`ph`0`ju`6`sq`4997`pan`5`mn`16`ibp`1`crf`8`sdy`0`h`0`iec`1`dft`5`ime`5`dmc`0`t`10`dn`5`fn`5`msz`32`13`0`imp`0`SWEField`s_4_1_3_0`SWENeedContext`true`SWER`65535`SWESP`false`SWEMethod`MaximizeApplet`SWECmd`InvokeMethod`SWEDIC`false`SWEReqRowId`0`SWEView`CUT Home Page View (CME)`SWEC`4`SWEBID`-1`SRN`xK7T2pIB2ZOV15hwlQxQF5reKcoUB8VpMTZr7we8uAEb`SWEApplet`CUT Service Request List Applet (CME Home)`25`1`c`0`pt`5`sp`s_4_1_6_0`dm`69`w`0`n`59`eb`&lt;img src=&quot;images/btn_aplt_up_1.gif&quot; border=&quot;0&quot; space=&quot;0&quot; hspace=&quot;0&quot; alt=&quot;Move up&quot;  title=&quot;Move up&quot; &gt;`pw`0`db`&lt;img src=&quot;images/btn_aplt_up_0.gif&quot; border=&quot;0&quot; space=&quot;0&quot; hspace=&quot;0&quot; alt=&quot;Move up&quot;  title=&quot;Move up&quot; &gt;`ph`0`ju`6`sq`4997`pan`5`mn`15`ibp`1`crf`8`sdy`0`h`0`iec`1`dft`5`ime`5`dmc`0`t`10`dn`5`fn`5`msz`32`13`0`imp`0`SWEField`s_4_1_6_0`SWENeedContext`true`SWER`65535`SWESP`false`SWEMethod`MoveAppletUp`SWECmd`InvokeMethod`SWEDIC`false`SWEReqRowId`0`SWEView`CUT Home Page View (CME)`SWEC`4`SWEBID`-1`SRN`xK7T2pIB2ZOV15hwlQxQF5reKcoUB8VpMTZr7we8uAEb`SWEApplet`CUT Service Request List Applet (CME Home)`25`1`c`0`pt`5`sp`s_4_1_5_0`dm`69`w`0`n`63`eb`&lt;img src=&quot;images/btn_aplt_dwn_1.gif&quot; border=&quot;0&quot; space=&quot;0&quot; hspace=&quot;0&quot; alt=&quot;Move down&quot;  title=&quot;Move down&quot; &gt;`pw`0`db`&lt;img src=&quot;images/btn_aplt_dwn_0.gif&quot; border=&quot;0&quot; space=&quot;0&quot; hspace=&quot;0&quot; alt=&quot;Move down&quot;  title=&quot;Move down&quot; &gt;`ph`0`ju`6`sq`4997`pan`5`mn`19`ibp`1`crf`8`sdy`0`h`0`iec`1`dft`5`ime`5`dmc`0`t`10`dn`5`fn`5`msz`32`13`0`imp`0`SWEField`s_4_1_5_0`SWENeedContext`true`SWER`65535`SWESP`false`SWEMethod`MoveAppletDown`SWECmd`InvokeMethod`SWEDIC`false`SWEReqRowId`0`SWEView`CUT Home Page View (CME)`SWEC`4`SWEBID`-1`SRN`xK7T2pIB2ZOV15hwlQxQF5reKcoUB8VpMTZr7we8uAEb`SWEApplet`CUT Service Request List Applet (CME Home)`25`1`c`0`pt`5`sp`s_4_1_7_0`dm`69`w`0`n`61`eb`&lt;img src=&quot;images/btn_aplt_shw_1.gif&quot; border=&quot;0&quot; space=&quot;0&quot; hspace=&quot;0&quot; alt=&quot;Show&quot;  title=&quot;Show&quot; &gt;`pw`0`db`&lt;img src=&quot;images/btn_aplt_shw_0.gif&quot; border=&quot;0&quot; space=&quot;0&quot; hspace=&quot;0&quot; alt=&quot;Show&quot;  title=&quot;Show&quot; &gt;`ph`0`ju`6`sq`4997`pan`5`mn`17`ibp`1`crf`8`sdy`0`h`0`iec`1`dft`5`ime`5`dmc`0`t`10`dn`5`fn`5`msz`32`13`0`imp`0`SWEField`s_4_1_7_0`SWENeedContext`true`SWER`65535`SWESP`false`SWEMethod`ShowApplet`SWECmd`InvokeMethod`SWEDIC`false`SWEReqRowId`0`SWEView`CUT Home Page View (CME)`SWEC`4`SWEBID`-1`SRN`xK7T2pIB2ZOV15hwlQxQF5reKcoUB8VpMTZr7we8uAEb`SWEApplet`CUT Service Request List Applet (CME Home)`25`1`c`0`pt`5`sp`s_4_1_2_0`dm`69`w`0`n`58`eb`&lt;img src=&quot;images/btn_aplt_hide_1.gif&quot; border=&quot;0&quot; space=&quot;0&quot; hspace=&quot;0&quot; alt=&quot;Hide&quot;  title=&quot;Hide&quot; &gt;`pw`0`db`&lt;img src=&quot;images/btn_aplt_hide_0.gif&quot; border=&quot;0&quot; space=&quot;0&quot; hspace=&quot;0&quot; alt=&quot;Hide&quot;  title=&quot;Hide&quot; &gt;`ph`0`ju`6`sq`4997`pan`5`mn`14`ibp`1`crf`8`sdy`0`h`0`iec`1`dft`5`ime`5`dmc`0`t`10`dn`5`fn`5`msz`32`13`0`imp`0`SWEField`s_4_1_2_0`SWENeedContext`true`SWER`65535`SWESP`false`SWEMethod`HideApplet`SWECmd`InvokeMethod`SWEDIC`false`SWEReqRowId`0`SWEView`CUT Home Page View (CME)`SWEC`4`SWEBID`-1`SRN`xK7T2pIB2ZOV15hwlQxQF5reKcoUB8VpMTZr7we8uAEb`SWEApplet`CUT Service Request List Applet (CME Home)`1`0`cfm`0`DeleteRecord`IDS_SWE_DELETE_CONFIRM_WARNING`0`6`col`0`25`0`co`0`pt`5`sp`s_4_2_20_`dm`5`w`100`n`91`pw`0`ist`1`ph`0`ju`94`sq`4997`pan`5`icm`95`ibp`1`crf`8`sdy`0`h`0`iec`1`dft`5`cix`0`ime`5`dmc`0`t`92`dn`93`fn`91`msz`1`25`0`co`0`pt`5`sp`s_4_2_21_`dm`5`w`100`csq`1`n`113`pw`0`ist`1`ph`0`ju`6`sq`4997`pan`5`ibp`1`crf`8`sdy`0`h`0`iec`1`dft`5`cix`1`ime`5`dmc`0`t`4`dn`114`fn`113`msz`64`25`0`co`0`pt`117`sp`s_4_2_45_`dm`5`w`100`csq`1`n`115`pw`0`ist`1`ph`0`ju`6`sq`4997`pan`5`ibp`1`crf`8`sdy`0`h`0`iec`1`dft`5`cix`2`ime`5`dmc`0`t`116`dn`115`fn`115`msz`30`25`0`co`0`pt`5`sp`s_4_2_22_`dm`5`w`100`csq`1`n`118`pw`0`ist`1`ph`0`ju`6`sq`4997`pan`120`ibp`1`crf`8`sdy`0`h`0`iec`1`dft`5`cix`3`ime`5`dmc`0`t`116`dn`119`fn`118`msz`30`25`0`co`0`pt`5`sp`s_4_2_14_`dm`7`w`100`csq`1`n`121`pw`0`ist`1`ph`0`ju`6`sq`4997`pan`5`ibp`1`crf`8`sdy`0`h`0`iec`1`dft`5`cix`4`ime`5`dmc`0`t`122`dn`121`fn`121`msz`2000`27`0`co`0`pt`5`sp`s_4_2_24_`dm`5`w`100`csq`1`n`100`pw`300`pat`Pick`ist`1`ph`100`ju`6`sq`4997`ied`1`pan`5`ibp`1`crf`8`sdy`0`h`0`iec`1`dft`5`cix`5`ime`5`dmc`0`t`4`dn`100`fn`100`msz`100`0`1`nla`0`17`4`ai`3`S_A5`nfi`1`n`CUT Order Entry - Order List Applet (CME Home)`cud`2*641*11*91*12*581*12*601*12*621*12*631*12*591*12*611*12*401*12*391*13*1051*12*121*13*1581*13*1651*13*1621*13*1601*03*1641*03*1151*03*1001*03*1661*0`cik`2*201*02*111*12*141*12*161*02*181*12*191*02*151*12*171*02*401*12*391*02*211*12*221*12*231*12*241*12*251*02*261*12*271*02*281*02*291*12*301*12*311*12*321*12*331*02*341*12*351*12*361*12*371*02*381*12*411*02*421*12*431*02*441*12*451*12*461*12*471*12*481*02*491*02*501*02*511*02*521*02*531*02*541*12*551*12*561*02*571*1`pf`VER_1.0_~0|Order Number|217~0|Status|100~0|BT Sub-Status|248~0|Order Date|236~0|Customer Name|100`rct`5`asq`6`vrn`S_A5`tt`157`inu`0`hmn`1`rsp`false`bnr`0`iem``bci`S_BC4`hlc`3*a_51*11*2`i`5`0`9`cl`0`25`1`c`0`pt`5`sp`s_5_1_9_0`dm`69`w`0`n`39`eb`&lt;img src=&quot;images/rcnv_prvset_1.gif&quot; border=&quot;0&quot; space=&quot;0&quot; hspace=&quot;0&quot; alt=&quot;Previous record set&quot;  title=&quot;Previous record set&quot; &gt;`pw`0`db`&lt;img src=&quot;images/rcnv_prvset_0.gif&quot; border=&quot;0&quot; space=&quot;0&quot; hspace=&quot;0&quot; alt=&quot;Previous record set&quot;  title=&quot;Previous record set&quot; &gt;`ph`0`ju`6`sq`7997`pan`5`mn`39`ibp`1`crf`8`sdy`0`h`0`iec`1`dft`5`ime`5`dmc`0`t`67`dn`5`fn`5`msz`32`13`0`imp`0`SWEField`s_5_1_9_0`SWENeedContext`true`SWER`0`SWESP`false`SWEMethod`GotoPreviousSet`SWECmd`InvokeMethod`SWEDIC`false`SWEReqRowId`0`SWEView`CUT Home Page View (CME)`SWEC`4`SWEBID`-1`SRN`xK7T2pIB2ZOV15hwlQxQF5reKcoUB8VpMTZr7we8uAEb`SWEApplet`CUT Order Entry - Order List Applet (CME Home)`25`1`c`0`pt`5`sp`s_5_1_8_0`dm`69`w`0`n`40`eb`&lt;img src=&quot;images/rcnv_nxtset_1.gif&quot; border=&quot;0&quot; space=&quot;0&quot; hspace=&quot;0&quot; alt=&quot;Next record set&quot;  title=&quot;Next record set&quot; &gt;`pw`0`db`&lt;img src=&quot;images/rcnv_nxtset_0.gif&quot; border=&quot;0&quot; space=&quot;0&quot; hspace=&quot;0&quot; alt=&quot;Next record set&quot;  title=&quot;Next record set&quot; &gt;`ph`0`ju`6`sq`7997`pan`5`mn`40`ibp`1`crf`8`sdy`0`h`0`iec`1`dft`5`ime`5`dmc`0`t`67`dn`5`fn`5`msz`32`13`0`imp`0`SWEField`s_5_1_8_0`SWENeedContext`true`SWER`0`SWESP`false`SWEMethod`GotoNextSet`SWECmd`InvokeMethod`SWEDIC`false`SWEReqRowId`0`SWEView`CUT Home Page View (CME)`SWEC`4`SWEBID`-1`SRN`xK7T2pIB2ZOV15hwlQxQF5reKcoUB8VpMTZr7we8uAEb`SWEApplet`CUT Order Entry - Order List Applet (CME Home)`22`0`c`0`pt`5`sp`s_5_1_11_0`dm`7`w`0`n`12`pw`0`ph`0`ju`6`sq`7997`pan`5`ibp`1`crf`8`sdy`0`h`0`iec`1`dft`5`ime`5`dmc`0`t`89`dn`157`fn`5`msz`32`25`1`c`0`pt`5`sp`s_5_1_4_0`dm`69`w`0`n`62`eb`&lt;img src=&quot;images/btn_aplt_min_1.gif&quot; border=&quot;0&quot; space=&quot;0&quot; hspace=&quot;0&quot; alt=&quot;Collapse&quot;  title=&quot;Collapse&quot; &gt;`pw`0`db`&lt;img src=&quot;images/btn_aplt_min_0.gif&quot; border=&quot;0&quot; space=&quot;0&quot; hspace=&quot;0&quot; alt=&quot;Collapse&quot;  title=&quot;Collapse&quot; &gt;`ph`0`ju`6`sq`7997`pan`5`mn`18`ibp`1`crf`8`sdy`0`h`0`iec`1`dft`5`ime`5`dmc`0`t`10`dn`5`fn`5`msz`32`13`0`imp`0`SWEField`s_5_1_4_0`SWENeedContext`true`SWER`0`SWESP`false`SWEMethod`MinimizeApplet`SWECmd`InvokeMethod`SWEDIC`false`SWEReqRowId`0`SWEView`CUT Home Page View (CME)`SWEC`4`SWEBID`-1`SRN`xK7T2pIB2ZOV15hwlQxQF5reKcoUB8VpMTZr7we8uAEb`SWEApplet`CUT Order Entry - Order List Applet (CME Home)`25`1`c`0`pt`5`sp`s_5_1_3_0`dm`69`w`0`n`60`eb`&lt;img src=&quot;images/btn_aplt_max_1.gif&quot; border=&quot;0&quot; space=&quot;0&quot; hspace=&quot;0&quot; alt=&quot;Expand&quot;  title=&quot;Expand&quot; &gt;`pw`0`db`&lt;img src=&quot;images/btn_aplt_max_0.gif&quot; border=&quot;0&quot; space=&quot;0&quot; hspace=&quot;0&quot; alt=&quot;Expand&quot;  title=&quot;Expand&quot; &gt;`ph`0`ju`6`sq`7997`pan`5`mn`16`ibp`1`crf`8`sdy`0`h`0`iec`1`dft`5`ime`5`dmc`0`t`10`dn`5`fn`5`msz`32`13`0`imp`0`SWEField`s_5_1_3_0`SWENeedContext`true`SWER`0`SWESP`false`SWEMethod`MaximizeApplet`SWECmd`InvokeMethod`SWEDIC`false`SWEReqRowId`0`SWEView`CUT Home Page View (CME)`SWEC`4`SWEBID`-1`SRN`xK7T2pIB2ZOV15hwlQxQF5reKcoUB8VpMTZr7we8uAEb`SWEApplet`CUT Order Entry - Order List Applet (CME Home)`25`1`c`0`pt`5`sp`s_5_1_6_0`dm`69`w`0`n`59`eb`&lt;img src=&quot;images/btn_aplt_up_1.gif&quot; border=&quot;0&quot; space=&quot;0&quot; hspace=&quot;0&quot; alt=&quot;Move up&quot;  title=&quot;Move up&quot; &gt;`pw`0`db`&lt;img src=&quot;images/btn_aplt_up_0.gif&quot; border=&quot;0&quot; space=&quot;0&quot; hspace=&quot;0&quot; alt=&quot;Move up&quot;  title=&quot;Move up&quot; &gt;`ph`0`ju`6`sq`7997`pan`5`mn`15`ibp`1`crf`8`sdy`0`h`0`iec`1`dft`5`ime`5`dmc`0`t`10`dn`5`fn`5`msz`32`13`0`imp`0`SWEField`s_5_1_6_0`SWENeedContext`true`SWER`0`SWESP`false`SWEMethod`MoveAppletUp`SWECmd`InvokeMethod`SWEDIC`false`SWEReqRowId`0`SWEView`CUT Home Page View (CME)`SWEC`4`SWEBID`-1`SRN`xK7T2pIB2ZOV15hwlQxQF5reKcoUB8VpMTZr7we8uAEb`SWEApplet`CUT Order Entry - Order List Applet (CME Home)`25`1`c`0`pt`5`sp`s_5_1_5_0`dm`69`w`0`n`63`eb`&lt;img src=&quot;images/btn_aplt_dwn_1.gif&quot; border=&quot;0&quot; space=&quot;0&quot; hspace=&quot;0&quot; alt=&quot;Move down&quot;  title=&quot;Move down&quot; &gt;`pw`0`db`&lt;img src=&quot;images/btn_aplt_dwn_0.gif&quot; border=&quot;0&quot; space=&quot;0&quot; hspace=&quot;0&quot; alt=&quot;Move down&quot;  title=&quot;Move down&quot; &gt;`ph`0`ju`6`sq`7997`pan`5`mn`19`ibp`1`crf`8`sdy`0`h`0`iec`1`dft`5`ime`5`dmc`0`t`10`dn`5`fn`5`msz`32`13`0`imp`0`SWEField`s_5_1_5_0`SWENeedContext`true`SWER`0`SWESP`false`SWEMethod`MoveAppletDown`SWECmd`InvokeMethod`SWEDIC`false`SWEReqRowId`0`SWEView`CUT Home Page View (CME)`SWEC`4`SWEBID`-1`SRN`xK7T2pIB2ZOV15hwlQxQF5reKcoUB8VpMTZr7we8uAEb`SWEApplet`CUT Order Entry - Order List Applet (CME Home)`25`1`c`0`pt`5`sp`s_5_1_7_0`dm`69`w`0`n`61`eb`&lt;img src=&quot;images/btn_aplt_shw_1.gif&quot; border=&quot;0&quot; space=&quot;0&quot; hspace=&quot;0&quot; alt=&quot;Show&quot;  title=&quot;Show&quot; &gt;`pw`0`db`&lt;img src=&quot;images/btn_aplt_shw_0.gif&quot; border=&quot;0&quot; space=&quot;0&quot; hspace=&quot;0&quot; alt=&quot;Show&quot;  title=&quot;Show&quot; &gt;`ph`0`ju`6`sq`7997`pan`5`mn`17`ibp`1`crf`8`sdy`0`h`0`iec`1`dft`5`ime`5`dmc`0`t`10`dn`5`fn`5`msz`32`13`0`imp`0`SWEField`s_5_1_7_0`SWENeedContext`true`SWER`0`SWESP`false`SWEMethod`ShowApplet`SWECmd`InvokeMethod`SWEDIC`false`SWEReqRowId`0`SWEView`CUT Home Page View (CME)`SWEC`4`SWEBID`-1`SRN`xK7T2pIB2ZOV15hwlQxQF5reKcoUB8VpMTZr7we8uAEb`SWEApplet`CUT Order Entry - Order List Applet (CME Home)`25`1`c`0`pt`5`sp`s_5_1_2_0`dm`69`w`0`n`58`eb`&lt;img src=&quot;images/btn_aplt_hide_1.gif&quot; border=&quot;0&quot; space=&quot;0&quot; hspace=&quot;0&quot; alt=&quot;Hide&quot;  title=&quot;Hide&quot; &gt;`pw`0`db`&lt;img src=&quot;images/btn_aplt_hide_0.gif&quot; border=&quot;0&quot; space=&quot;0&quot; hspace=&quot;0&quot; alt=&quot;Hide&quot;  title=&quot;Hide&quot; &gt;`ph`0`ju`6`sq`7997`pan`5`mn`14`ibp`1`crf`8`sdy`0`h`0`iec`1`dft`5`ime`5`dmc`0`t`10`dn`5`fn`5`msz`32`13`0`imp`0`SWEField`s_5_1_2_0`SWENeedContext`true`SWER`0`SWESP`false`SWEMethod`HideApplet`SWECmd`InvokeMethod`SWEDIC`false`SWEReqRowId`0`SWEView`CUT Home Page View (CME)`SWEC`4`SWEBID`-1`SRN`xK7T2pIB2ZOV15hwlQxQF5reKcoUB8VpMTZr7we8uAEb`SWEApplet`CUT Order Entry - Order List Applet (CME Home)`1`0`cfm`0`DeleteRecord`IDS_SWE_DELETE_CONFIRM_WARNING`0`5`col`0`25`0`co`0`pt`5`sp`s_5_2_12_`dm`7`w`217`csq`1`n`158`pw`0`ist`1`ph`0`ju`6`sq`7997`pan`5`ibp`1`crf`8`sdy`0`h`0`iec`1`dft`5`cix`0`ime`5`dmc`0`t`4`dn`159`fn`158`msz`30`25`0`co`0`pt`5`sp`s_5_2_17_`dm`7`w`100`csq`1`n`115`pw`0`ist`1`ph`0`ju`6`sq`7997`pan`5`ibp`1`crf`8`sdy`0`h`0`iec`1`dft`5`cix`1`ime`5`dmc`0`t`4`dn`115`fn`115`msz`30`25`0`co`0`pt`5`sp`s_5_2_15_`dm`7`w`248`csq`1`n`160`pw`0`ist`1`ph`0`ju`6`sq`7997`pan`5`ibp`1`crf`8`sdy`0`h`0`iec`1`dft`5`cix`2`ime`5`dmc`0`t`4`dn`161`fn`160`msz`30`24`0`co`0`pt`5`sp`s_5_2_14_`dm`7`w`236`n`162`pw`0`ist`1`ph`0`ju`6`sq`7997`pan`5`ibp`1`crf`8`sdy`0`h`0`iec`1`dft`5`cix`3`ime`5`dmc`0`t`163`dn`162`fn`162`msz`255`25`0`co`0`pt`5`sp`s_5_2_16_`dm`7`w`100`csq`1`n`164`pw`0`ist`1`ph`0`ju`6`sq`7997`pan`5`ibp`1`crf`8`sdy`0`h`0`iec`1`dft`5`cix`4`ime`5`dmc`0`t`4`dn`164`fn`100`msz`100`1`0`cn`0`Order Number`1*11*11*11*11*1`0`1`nla`0`18`4`ai`3`S_A7`nfi`1`n`Home Page Analytics Applet (WCC Home)`cud`2*641*02*121*03*1711*02*581*02*601*03*1721*02*631*02*621*02*591*02*611*03*1731*03*1741*03*1751*03*1051*03*1681*0`dqy`1`cik`2*201*03*1691*02*141*12*161*03*1701*02*191*02*181*12*151*02*171*02*211*12*221*12*231*12*241*12*251*02*261*12*271*02*281*02*291*02*301*02*311*02*321*02*331*02*341*12*351*12*361*12*371*02*381*02*391*02*401*02*411*02*421*02*431*02*441*02*451*12*461*02*471*12*481*02*491*02*501*02*511*02*521*02*531*02*541*12*551*12*561*02*571*0`pf`VER_1.0_~0|CallCenterHomePageAnalytics|100`rct`10`asq`12`vrn`S_A7`tt`167`inu`1`hmn`1`rsp`false`bnr`0`iem``bci`S_BC6`hlc`3*a_71*11*2`i`7`0`7`cl`0`22`0`c`0`pt`5`sp`s_7_1_1_0`dm`7`w`0`n`12`pw`0`ph`0`ju`6`sq`13997`pan`5`ibp`1`crf`8`sdy`0`h`0`iec`1`dft`5`ime`5`dmc`0`t`4`dn`167`fn`5`msz`32`25`1`c`0`pt`5`sp`s_7_1_7_0`dm`69`w`0`n`62`eb`&lt;img src=&quot;images/btn_aplt_min_1.gif&quot; border=&quot;0&quot; space=&quot;0&quot; hspace=&quot;0&quot; alt=&quot;Collapse&quot;  title=&quot;Collapse&quot; &gt;`pw`0`db`&lt;img src=&quot;images/btn_aplt_min_0.gif&quot; border=&quot;0&quot; space=&quot;0&quot; hspace=&quot;0&quot; alt=&quot;Collapse&quot;  title=&quot;Collapse&quot; &gt;`ph`0`ju`6`sq`13997`pan`5`mn`18`ibp`1`crf`8`sdy`0`h`0`iec`1`dft`5`ime`5`dmc`0`t`10`dn`5`fn`5`msz`32`13`0`imp`0`SWEField`s_7_1_7_0`SWENeedContext`true`SWER`0`SWESP`false`SWEMethod`MinimizeApplet`SWECmd`InvokeMethod`SWEDIC`false`SWEReqRowId`0`SWEView`CUT Home Page View (CME)`SWEC`4`SWEBID`-1`SRN`xK7T2pIB2ZOV15hwlQxQF5reKcoUB8VpMTZr7we8uAEb`SWEApplet`Home Page Analytics Applet (WCC Home)`25`1`c`0`pt`5`sp`s_7_1_4_0`dm`69`w`0`n`60`eb`&lt;img src=&quot;images/btn_aplt_max_1.gif&quot; border=&quot;0&quot; space=&quot;0&quot; hspace=&quot;0&quot; alt=&quot;Expand&quot;  title=&quot;Expand&quot; &gt;`pw`0`db`&lt;img src=&quot;images/btn_aplt_max_0.gif&quot; border=&quot;0&quot; space=&quot;0&quot; hspace=&quot;0&quot; alt=&quot;Expand&quot;  title=&quot;Expand&quot; &gt;`ph`0`ju`6`sq`13997`pan`5`mn`16`ibp`1`crf`8`sdy`0`h`0`iec`1`dft`5`ime`5`dmc`0`t`10`dn`5`fn`5`msz`32`13`0`imp`0`SWEField`s_7_1_4_0`SWENeedContext`true`SWER`0`SWESP`false`SWEMethod`MaximizeApplet`SWECmd`InvokeMethod`SWEDIC`false`SWEReqRowId`0`SWEView`CUT Home Page View (CME)`SWEC`4`SWEBID`-1`SRN`xK7T2pIB2ZOV15hwlQxQF5reKcoUB8VpMTZr7we8uAEb`SWEApplet`Home Page Analytics Applet (WCC Home)`25`1`c`0`pt`5`sp`s_7_1_8_0`dm`69`w`0`n`59`eb`&lt;img src=&quot;images/btn_aplt_up_1.gif&quot; border=&quot;0&quot; space=&quot;0&quot; hspace=&quot;0&quot; alt=&quot;Move up&quot;  title=&quot;Move up&quot; &gt;`pw`0`db`&lt;img src=&quot;images/btn_aplt_up_0.gif&quot; border=&quot;0&quot; space=&quot;0&quot; hspace=&quot;0&quot; alt=&quot;Move up&quot;  title=&quot;Move up&quot; &gt;`ph`0`ju`6`sq`13997`pan`5`mn`15`ibp`1`crf`8`sdy`0`h`0`iec`1`dft`5`ime`5`dmc`0`t`10`dn`5`fn`5`msz`32`13`0`imp`0`SWEField`s_7_1_8_0`SWENeedContext`true`SWER`0`SWESP`false`SWEMethod`MoveAppletUp`SWECmd`InvokeMethod`SWEDIC`false`SWEReqRowId`0`SWEView`CUT Home Page View (CME)`SWEC`4`SWEBID`-1`SRN`xK7T2pIB2ZOV15hwlQxQF5reKcoUB8VpMTZr7we8uAEb`SWEApplet`Home Page Analytics Applet (WCC Home)`25`1`c`0`pt`5`sp`s_7_1_6_0`dm`69`w`0`n`63`eb`&lt;img src=&quot;images/btn_aplt_dwn_1.gif&quot; border=&quot;0&quot; space=&quot;0&quot; hspace=&quot;0&quot; alt=&quot;Move down&quot;  title=&quot;Move down&quot; &gt;`pw`0`db`&lt;img src=&quot;images/btn_aplt_dwn_0.gif&quot; border=&quot;0&quot; space=&quot;0&quot; hspace=&quot;0&quot; alt=&quot;Move down&quot;  title=&quot;Move down&quot; &gt;`ph`0`ju`6`sq`13997`pan`5`mn`19`ibp`1`crf`8`sdy`0`h`0`iec`1`dft`5`ime`5`dmc`0`t`10`dn`5`fn`5`msz`32`13`0`imp`0`SWEField`s_7_1_6_0`SWENeedContext`true`SWER`0`SWESP`false`SWEMethod`MoveAppletDown`SWECmd`InvokeMethod`SWEDIC`false`SWEReqRowId`0`SWEView`CUT Home Page View (CME)`SWEC`4`SWEBID`-1`SRN`xK7T2pIB2ZOV15hwlQxQF5reKcoUB8VpMTZr7we8uAEb`SWEApplet`Home Page Analytics Applet (WCC Home)`25`1`c`0`pt`5`sp`s_7_1_9_0`dm`69`w`0`n`61`eb`&lt;img src=&quot;images/btn_aplt_shw_1.gif&quot; border=&quot;0&quot; space=&quot;0&quot; hspace=&quot;0&quot; alt=&quot;Show&quot;  title=&quot;Show&quot; &gt;`pw`0`db`&lt;img src=&quot;images/btn_aplt_shw_0.gif&quot; border=&quot;0&quot; space=&quot;0&quot; hspace=&quot;0&quot; alt=&quot;Show&quot;  title=&quot;Show&quot; &gt;`ph`0`ju`6`sq`13997`pan`5`mn`17`ibp`1`crf`8`sdy`0`h`0`iec`1`dft`5`ime`5`dmc`0`t`10`dn`5`fn`5`msz`32`13`0`imp`0`SWEField`s_7_1_9_0`SWENeedContext`true`SWER`0`SWESP`false`SWEMethod`ShowApplet`SWECmd`InvokeMethod`SWEDIC`false`SWEReqRowId`0`SWEView`CUT Home Page View (CME)`SWEC`4`SWEBID`-1`SRN`xK7T2pIB2ZOV15hwlQxQF5reKcoUB8VpMTZr7we8uAEb`SWEApplet`Home Page Analytics Applet (WCC Home)`25`1`c`0`pt`5`sp`s_7_1_3_0`dm`69`w`0`n`58`eb`&lt;img src=&quot;images/btn_aplt_hide_1.gif&quot; border=&quot;0&quot; space=&quot;0&quot; hspace=&quot;0&quot; alt=&quot;Hide&quot;  title=&quot;Hide&quot; &gt;`pw`0`db`&lt;img src=&quot;images/btn_aplt_hide_0.gif&quot; border=&quot;0&quot; space=&quot;0&quot; hspace=&quot;0&quot; alt=&quot;Hide&quot;  title=&quot;Hide&quot; &gt;`ph`0`ju`6`sq`13997`pan`5`mn`14`ibp`1`crf`8`sdy`0`h`0`iec`1`dft`5`ime`5`dmc`0`t`10`dn`5`fn`5`msz`32`13`0`imp`0`SWEField`s_7_1_3_0`SWENeedContext`true`SWER`0`SWESP`false`SWEMethod`HideApplet`SWECmd`InvokeMethod`SWEDIC`false`SWEReqRowId`0`SWEView`CUT Home Page View (CME)`SWEC`4`SWEBID`-1`SRN`xK7T2pIB2ZOV15hwlQxQF5reKcoUB8VpMTZr7we8uAEb`SWEApplet`Home Page Analytics Applet (WCC Home)`1`0`cfm`0`DeleteRecord`IDS_SWE_DELETE_CONFIRM_WARNING`0`1`col`0`24`0`co`0`pt`5`sp`s_7_2_14_`dm`7`w`100`csq`1`n`168`pw`0`ph`0`ju`6`sq`13997`pan`5`ibp`1`crf`8`sdy`0`h`0`iec`1`dft`5`cix`0`ime`5`dmc`0`t`4`dn`167`fn`168`msz`255`0`4`pcl`0`2`0`pc`0`allowPC`false`AppletTitle``2`0`pc`0`allowPC`false`NoDataMessage``2`0`pc`0`allowPC`false`QueryField``2`0`pc`0`allowPC`false`SearchFieldLabel``0`1`nla`0`17`3`ai`3`S_A6`nfi`1`n`CUT Activity List Applet (CME Home)`cud`2*641*11*91*12*581*12*601*12*621*12*631*12*591*12*611*12*401*12*391*13*1051*12*121*13*1791*02*911*03*1831*03*1841*03*1191*03*1211*03*1511*03*1151*03*1851*03*1861*03*1771*03*1871*03*1881*02*711*03*1891*03*1901*03*1911*03*1921*03*1931*03*1941*03*1951*03*1961*03*1971*03*1981*03*1991*03*1101*03*1821*03*1131*03*2001*03*2011*03*1411*03*2021*03*2031*03*2041*03*2051*03*1351*03*1341*03*1451*03*1441*03*2061*03*2071*03*2081*03*2091*03*1421*03*1431*03*2101*03*2111*03*2121*03*2131*0`cik`2*201*02*111*12*141*12*161*02*181*12*191*12*151*12*171*02*401*02*391*02*211*02*221*12*231*12*241*12*251*02*261*02*271*02*281*02*291*12*301*02*311*02*321*02*331*02*341*02*351*02*361*12*371*02*381*02*411*02*421*02*431*02*441*12*451*12*461*12*471*02*481*02*491*02*501*02*511*02*521*02*531*02*541*12*551*02*561*12*571*0`pf`VER_1.0_~0|Planned|100~0|Category|100~0|Type|100~0|Status|100~0|Description|100~0|Account Name|100`rct`6`asq`5`vrn`S_A6`tt`176`inu`0`hmn`1`rsp`false`bnr`0`iem``bci`S_BC5`hlc`3*a_61*11*2`i`6`0`8`cl`0`25`1`c`0`pt`5`sp`s_6_1_9_0`dm`7`w`0`n`39`eb`&lt;img src=&quot;images/rcnv_prvset_1.gif&quot; border=&quot;0&quot; space=&quot;0&quot; hspace=&quot;0&quot; alt=&quot;Previous record set&quot;  title=&quot;Previous record set&quot; &gt;`pw`0`db`&lt;img src=&quot;images/rcnv_prvset_0.gif&quot; border=&quot;0&quot; space=&quot;0&quot; hspace=&quot;0&quot; alt=&quot;Previous record set&quot;  title=&quot;Previous record set&quot; &gt;`ph`0`ju`6`sq`6997`pan`5`mn`39`ibp`1`crf`8`sdy`0`h`0`iec`1`dft`5`ime`5`dmc`0`t`67`dn`5`fn`5`msz`32`13`0`imp`0`SWEField`s_6_1_9_0`SWENeedContext`true`SWER`65535`SWESP`false`SWEMethod`GotoPreviousSet`SWECmd`InvokeMethod`SWEDIC`false`SWEReqRowId`0`SWEView`CUT Home Page View (CME)`SWEC`4`SWEBID`-1`SRN`xK7T2pIB2ZOV15hwlQxQF5reKcoUB8VpMTZr7we8uAEb`SWEApplet`CUT Activity List Applet (CME Home)`25`1`c`0`pt`5`sp`s_6_1_8_0`dm`7`w`0`n`40`eb`&lt;img src=&quot;images/rcnv_nxtset_1.gif&quot; border=&quot;0&quot; space=&quot;0&quot; hspace=&quot;0&quot; alt=&quot;Next record set&quot;  title=&quot;Next record set&quot; &gt;`pw`0`db`&lt;img src=&quot;images/rcnv_nxtset_0.gif&quot; border=&quot;0&quot; space=&quot;0&quot; hspace=&quot;0&quot; alt=&quot;Next record set&quot;  title=&quot;Next record set&quot; &gt;`ph`0`ju`6`sq`6997`pan`5`mn`40`ibp`1`crf`8`sdy`0`h`0`iec`1`dft`5`ime`5`dmc`0`t`67`dn`5`fn`5`msz`32`13`0`imp`0`SWEField`s_6_1_8_0`SWENeedContext`true`SWER`65535`SWESP`false`SWEMethod`GotoNextSet`SWECmd`InvokeMethod`SWEDIC`false`SWEReqRowId`0`SWEView`CUT Home Page View (CME)`SWEC`4`SWEBID`-1`SRN`xK7T2pIB2ZOV15hwlQxQF5reKcoUB8VpMTZr7we8uAEb`SWEApplet`CUT Activity List Applet (CME Home)`23`1`c`0`pt`5`sp`s_6_1_11_0`dm`5`w`0`n`12`pw`0`ph`0`ju`6`sq`6997`pan`5`mn`11`ibp`1`crf`8`sdy`0`h`0`iec`1`dft`5`ime`5`dmc`0`t`10`dn`176`fn`5`msz`32`15`0`imp`0`SWEField`s_6_1_11_0`SWENeedContext`true`SWER`65535`SWESP`false`SWEMethod`GotoView`SWECmd`GotoView`SWETargetView`Activity List View`SWEDIC`false`SWEReqRowId`0`SWEView`Activity List View`SWEC`4`SWEBID`-1`SRN`xK7T2pIB2ZOV15hwlQxQF5reKcoUB8VpMTZr7we8uAEb`SWEKeepContext`0`SWEApplet`CUT Activity List Applet (CME Home)`25`1`c`0`pt`5`sp`s_6_1_4_0`dm`69`w`0`n`62`eb`&lt;img src=&quot;images/btn_aplt_min_1.gif&quot; border=&quot;0&quot; space=&quot;0&quot; hspace=&quot;0&quot; alt=&quot;Collapse&quot;  title=&quot;Collapse&quot; &gt;`pw`0`db`&lt;img src=&quot;images/btn_aplt_min_0.gif&quot; border=&quot;0&quot; space=&quot;0&quot; hspace=&quot;0&quot; alt=&quot;Collapse&quot;  title=&quot;Collapse&quot; &gt;`ph`0`ju`6`sq`6997`pan`5`mn`18`ibp`1`crf`8`sdy`0`h`0`iec`1`dft`5`ime`5`dmc`0`t`10`dn`5`fn`5`msz`32`13`0`imp`0`SWEField`s_6_1_4_0`SWENeedContext`true`SWER`65535`SWESP`false`SWEMethod`MinimizeApplet`SWECmd`InvokeMethod`SWEDIC`false`SWEReqRowId`0`SWEView`CUT Home Page View (CME)`SWEC`4`SWEBID`-1`SRN`xK7T2pIB2ZOV15hwlQxQF5reKcoUB8VpMTZr7we8uAEb`SWEApplet`CUT Activity List Applet (CME Home)`25`1`c`0`pt`5`sp`s_6_1_3_0`dm`69`w`0`n`60`eb`&lt;img src=&quot;images/btn_aplt_max_1.gif&quot; border=&quot;0&quot; space=&quot;0&quot; hspace=&quot;0&quot; alt=&quot;Expand&quot;  title=&quot;Expand&quot; &gt;`pw`0`db`&lt;img src=&quot;images/btn_aplt_max_0.gif&quot; border=&quot;0&quot; space=&quot;0&quot; hspace=&quot;0&quot; alt=&quot;Expand&quot;  title=&quot;Expand&quot; &gt;`ph`0`ju`6`sq`6997`pan`5`mn`16`ibp`1`crf`8`sdy`0`h`0`iec`1`dft`5`ime`5`dmc`0`t`10`dn`5`fn`5`msz`32`13`0`imp`0`SWEField`s_6_1_3_0`SWENeedContext`true`SWER`65535`SWESP`false`SWEMethod`MaximizeApplet`SWECmd`InvokeMethod`SWEDIC`false`SWEReqRowId`0`SWEView`CUT Home Page View (CME)`SWEC`4`SWEBID`-1`SRN`xK7T2pIB2ZOV15hwlQxQF5reKcoUB8VpMTZr7we8uAEb`SWEApplet`CUT Activity List Applet (CME Home)`25`1`c`0`pt`5`sp`s_6_1_6_0`dm`69`w`0`n`59`eb`&lt;img src=&quot;images/btn_aplt_up_1.gif&quot; border=&quot;0&quot; space=&quot;0&quot; hspace=&quot;0&quot; alt=&quot;Move up&quot;  title=&quot;Move up&quot; &gt;`pw`0`db`&lt;img src=&quot;images/btn_aplt_up_0.gif&quot; border=&quot;0&quot; space=&quot;0&quot; hspace=&quot;0&quot; alt=&quot;Move up&quot;  title=&quot;Move up&quot; &gt;`ph`0`ju`6`sq`6997`pan`5`mn`15`ibp`1`crf`8`sdy`0`h`0`iec`1`dft`5`ime`5`dmc`0`t`10`dn`5`fn`5`msz`32`13`0`imp`0`SWEField`s_6_1_6_0`SWENeedContext`true`SWER`65535`SWESP`false`SWEMethod`MoveAppletUp`SWECmd`InvokeMethod`SWEDIC`false`SWEReqRowId`0`SWEView`CUT Home Page View (CME)`SWEC`4`SWEBID`-1`SRN`xK7T2pIB2ZOV15hwlQxQF5reKcoUB8VpMTZr7we8uAEb`SWEApplet`CUT Activity List Applet (CME Home)`25`1`c`0`pt`5`sp`s_6_1_5_0`dm`69`w`0`n`63`eb`&lt;img src=&quot;images/btn_aplt_dwn_1.gif&quot; border=&quot;0&quot; space=&quot;0&quot; hspace=&quot;0&quot; alt=&quot;Move down&quot;  title=&quot;Move down&quot; &gt;`pw`0`db`&lt;img src=&quot;images/btn_aplt_dwn_0.gif&quot; border=&quot;0&quot; space=&quot;0&quot; hspace=&quot;0&quot; alt=&quot;Move down&quot;  title=&quot;Move down&quot; &gt;`ph`0`ju`6`sq`6997`pan`5`mn`19`ibp`1`crf`8`sdy`0`h`0`iec`1`dft`5`ime`5`dmc`0`t`10`dn`5`fn`5`msz`32`13`0`imp`0`SWEField`s_6_1_5_0`SWENeedContext`true`SWER`65535`SWESP`false`SWEMethod`MoveAppletDown`SWECmd`InvokeMethod`SWEDIC`false`SWEReqRowId`0`SWEView`CUT Home Page View (CME)`SWEC`4`SWEBID`-1`SRN`xK7T2pIB2ZOV15hwlQxQF5reKcoUB8VpMTZr7we8uAEb`SWEApplet`CUT Activity List Applet (CME Home)`25`1`c`0`pt`5`sp`s_6_1_7_0`dm`69`w`0`n`61`eb`&lt;img src=&quot;images/btn_aplt_shw_1.gif&quot; border=&quot;0&quot; space=&quot;0&quot; hspace=&quot;0&quot; alt=&quot;Show&quot;  title=&quot;Show&quot; &gt;`pw`0`db`&lt;img src=&quot;images/btn_aplt_shw_0.gif&quot; border=&quot;0&quot; space=&quot;0&quot; hspace=&quot;0&quot; alt=&quot;Show&quot;  title=&quot;Show&quot; &gt;`ph`0`ju`6`sq`6997`pan`5`mn`17`ibp`1`crf`8`sdy`0`h`0`iec`1`dft`5`ime`5`dmc`0`t`10`dn`5`fn`5`msz`32`13`0`imp`0`SWEField`s_6_1_7_0`SWENeedContext`true`SWER`65535`SWESP`false`SWEMethod`ShowApplet`SWECmd`InvokeMethod`SWEDIC`false`SWEReqRowId`0`SWEView`CUT Home Page View (CME)`SWEC`4`SWEBID`-1`SRN`xK7T2pIB2ZOV15hwlQxQF5reKcoUB8VpMTZr7we8uAEb`SWEApplet`CUT Activity List Applet (CME Home)`1`0`cfm`0`DeleteRecord`IDS_SWE_DELETE_CONFIRM_WARNING`0`6`col`0`24`0`co`0`pt`5`sp`s_6_2_22_`dm`5`w`100`n`177`pw`0`ist`1`ph`0`ju`6`sq`6997`pan`5`ibp`1`crf`8`sdy`0`h`0`iec`1`dft`5`cix`0`ime`5`dmc`0`t`163`dn`178`fn`177`msz`255`25`0`co`0`pt`5`sp`s_6_2_12_`dm`7`w`100`csq`1`n`179`pw`0`ist`1`ph`0`ju`6`sq`6997`pan`5`ibp`1`crf`8`sdy`0`h`0`iec`1`dft`5`cix`1`ime`5`dmc`0`t`4`dn`126`fn`179`msz`30`25`0`co`0`pt`5`sp`s_6_2_16_`dm`5`w`100`csq`1`n`119`pw`0`ist`1`ph`0`ju`6`sq`6997`pan`180`ibp`1`crf`8`sdy`0`h`0`iec`1`dft`5`cix`2`ime`5`dmc`0`t`116`dn`119`fn`119`msz`30`27`0`co`0`pt`5`sp`s_6_2_19_`dm`5`w`100`csq`1`n`115`pw`300`pat`Pick`ist`1`ph`100`ju`6`sq`6997`ied`1`pan`181`ibp`1`crf`8`sdy`0`h`0`iec`1`dft`5`cix`3`ime`5`dmc`0`t`116`dn`115`fn`115`msz`30`25`0`co`0`pt`5`sp`s_6_2_17_`dm`5`w`100`csq`1`n`121`pw`0`ist`1`ph`0`ju`6`sq`6997`pan`5`ibp`1`crf`8`sdy`0`h`0`iec`1`dft`5`cix`4`ime`5`dmc`0`t`4`dn`121`fn`121`msz`250`27`0`co`0`pt`5`sp`s_6_2_38_`dm`5`w`100`csq`1`n`182`pw`300`pat`Pick`ist`1`ph`100`ju`6`sq`6997`ied`1`pan`5`ibp`1`crf`8`sdy`0`h`0`iec`1`dft`5`cix`5`ime`5`dmc`0`t`4`dn`100`fn`182`msz`100`1`0`aa`0`n`Layout Controls Applet`0`6`nci`0`1`0`SI`0`SX`0`1`10`PI`0`SX`0`1`0`II`0`CP`Default`1`0`II`0`CP`Flagged`1`0`II`0`CP`Forecasted`1`0`II`0`CP`High Probability`1`0`II`0`CP`High Quality`1`0`II`0`CP`High Value`1`0`II`0`CP`Home Page View PDQ`1`0`II`0`CP`New`1`0`II`0`CP`Opties scheduled to be closed in 7 days`1`0`II`0`CP`Pending`0`0`VI`0`0`0`AI`0`0`0`DI`0`0`0`SDI`0`1`5`il`0`n`ASTERISK`2`0`i`0`n`Y`ici`&lt;img src=&quot;http://localhost:8080/ecommunications_enu_nsm_aps05524a027/images/asterisk.gif&quot; alt=&quot;New&quot; title=&quot;New&quot; width=&quot;9&quot; height=&quot;13&quot; border=&quot;0&quot; space=&quot;0&quot; hspace=&quot;0&quot;&gt;`2`0`i`0`n`TriState_Y`ici`&lt;img src=&quot;http://localhost:8080/ecommunications_enu_nsm_aps05524a027/images/check_yes.gif&quot; alt=&quot;&quot; title=&quot;&quot; width=&quot;12&quot; height=&quot;12&quot; border=&quot;0&quot; space=&quot;0&quot; hspace=&quot;0&quot;&gt;`2`0`i`0`n`TriState_N`ici`&lt;img src=&quot;http://localhost:8080/ecommunications_enu_nsm_aps05524a027/images/check_no.gif&quot; alt=&quot;&quot; title=&quot;&quot; width=&quot;12&quot; height=&quot;12&quot; border=&quot;0&quot; space=&quot;0&quot; hspace=&quot;0&quot;&gt;`2`0`i`0`n`TriState_I`ici`&lt;img src=&quot;http://localhost:8080/ecommunications_enu_nsm_aps05524a027/images/check_ind.gif&quot; alt=&quot;&quot; title=&quot;&quot; width=&quot;12&quot; height=&quot;12&quot; border=&quot;0&quot; space=&quot;0&quot; hspace=&quot;0&quot;&gt;`2`0`i`0`n`N`ici`&lt;img src=&quot;http://localhost:8080/ecommunications_enu_nsm_aps05524a027/images/white.gif&quot; alt=&quot;&quot; title=&quot;&quot; width=&quot;11&quot; height=&quot;11&quot; border=&quot;0&quot; space=&quot;0&quot; hspace=&quot;0&quot;&gt;`2`0`hui`0`n`Siebel Web Call Center Home`hnact`top._swe._sweapp.S_App.GotoView(&amp;quot;CUT Home Page View (CME\)&amp;quot;, &amp;quot;&amp;quot;, &amp;quot;/ecommunications_enu_nsm_aps05524a027/start.swe?SWENeedContext=false&amp;amp;SWECmd=GotoBookmarkView&amp;amp;SWEBMC=4&amp;amp;SWEC=4&amp;amp;SRN=xK7T2pIB2ZOV15hwlQxQF5reKcoUB8VpMTZr7we8uAEb&amp;quot;, top._sweclient._swecontent._sweview)`1`6`Command Manager`0`RefreshToolbar`true`7`0`StateToolBar`0`#35`true`#36`true`#17`true`#34`true`#8`false`#37`true`#38`true`0`1`StateExToolBar`0`1`0`#35`0`Checked`false`0`3`FlagsToolBar`0`3`0`#8`0`SWESP`true`SWEH`0`SWEW`0`3`0`#34`0`SWESP`true`SWEH`600`SWEW`800`3`0`#36`0`SWESP`true`SWEH`20`SWEW`380`35`0`State`0`#65`true`#53`false`#50`true`#51`true`#42`true`#68`false`#61`true`#56`true`#54`true`#43`true`#48`false`#46`true`#27`false`#58`false`#59`true`#49`true`#26`false`#40`true`#66`true`#60`true`#45`true`#28`false`#67`false`#41`true`#57`false`#39`true`#64`true`#47`false`#44`true`#52`false`#69`true`#62`false`#70`true`#63`false`#55`true`0`3`StateEx`0`0`0`#26`0`0`0`#27`0`1`0`#28`0`Checked`false`0`29`Flags`0`3`0`#39`0`SWESP`true`SWEH`20`SWEW`380`3`0`#40`0`SWESP`true`SWEH`290`SWEW`470`3`0`#44`0`SWESP`true`SWEH`20`SWEW`380`3`0`#45`0`SWESP`true`SWEH`290`SWEW`470`3`0`#46`0`SWESP`true`SWEH`230`SWEW`420`3`0`#47`0`SWESP`true`SWEH`200`SWEW`400`3`0`#48`0`SWESP`true`SWEH`0`SWEW`0`3`0`#49`0`SWESP`true`SWEH`20`SWEW`380`3`0`#50`0`SWESP`true`SWEH`290`SWEW`470`3`0`#51`0`SWESP`true`SWEH`230`SWEW`420`3`0`#52`0`SWESP`true`SWEH`200`SWEW`400`3`0`#53`0`SWESP`true`SWEH`0`SWEW`0`3`0`#54`0`SWESP`true`SWEH`20`SWEW`380`3`0`#55`0`SWESP`true`SWEH`290`SWEW`470`3`0`#56`0`SWESP`true`SWEH`230`SWEW`420`3`0`#57`0`SWESP`true`SWEH`200`SWEW`400`3`0`#58`0`SWESP`true`SWEH`0`SWEW`0`3`0`#59`0`SWESP`true`SWEH`20`SWEW`380`3`0`#60`0`SWESP`true`SWEH`290`SWEW`470`3`0`#61`0`SWESP`true`SWEH`230`SWEW`420`3`0`#62`0`SWESP`true`SWEH`200`SWEW`400`3`0`#63`0`SWESP`true`SWEH`0`SWEW`0`3`0`#64`0`SWESP`true`SWEH`20`SWEW`380`3`0`#65`0`SWESP`true`SWEH`290`SWEW`470`3`0`#66`0`SWESP`true`SWEH`230`SWEW`420`3`0`#67`0`SWESP`true`SWEH`200`SWEW`400`3`0`#68`0`SWESP`true`SWEH`0`SWEW`0`3`0`#69`0`SWESP`true`SWEH`20`SWEW`380`3`0`#70`0`SWESP`true`SWEH`290`SWEW`470`</responseData>
  <responseFile class="java.lang.String"></responseFile>
  <cookies class="java.lang.String">_sn=GXmoeGkdwh1O45lrH7mMIZnLMWvqHkVWiQKqDOICOq1fi95anXYMaCRAX879ujDRD9kS4J75N4kGDX576Q2AKmwZPUBih-4NS80Pc1189OxasEbdAsHiEtIhcnCzZ0zWb5V6QpVraL0TTGU4ktkGZq374g8C0pUBRhKVASKeW21TgUW5eIkswq97I-.qG-kr; SWEUAID=SWEUAID</cookies>
  <method class="java.lang.String">POST</method>
  <queryString class="java.lang.String">SWEC=3&amp;SWERPC=1&amp;SWEView=CUT+Home+Page+View+%28CME%29&amp;SWECmd=GotoView&amp;SRN=xK7T2pIB2ZOV15hwlQxQF5reKcoUB8VpMTZr7we8uAEb&amp;SWEKeepContext=1</queryString>
  <java.net.URL>http://localhost:8080/ecommunications_enu_nsm_aps05524a027/start.swe</java.net.URL>
</httpSample>
<httpSample t="{{\d+}}" it="0" lt="{{\d+}}" ct="{{\d+}}" ts="{{\d+}}" s="true" lb="{{\d+}} /ecommunications_enu_nsm_aps05524a027/start.swe" rc="200" rm="OK" tn="Thread Group 1-1" dt="text" de="utf-8" by="2886" sby="1163" sc="1" ec="0" ng="1" na="1" hn="{{.*?}}">
  <responseHeader class="java.lang.String">HTTP/1.1 200 OK
Connection: close
Server: Oracle-iPlanet-Web-Server/7.0
Date: Tue, 23 Jun 2020 12:48:55 GMT
Content-Language: en
Cache-Control: no-cache, must-revalidate, max-age=0
Pragma: no-cache
Content-Type: text/html;charset=utf-8
Matched-Stub-Id: {{\w+-\w+-\w+-\w+-\w+}}
Vary: Accept-Encoding, User-Agent
Content-Encoding: gzip
</responseHeader>
  <requestHeader class="java.lang.String">Connection: close
Referer: http://localhost:8080/ecommunications_enu_nsm_aps05524a027/start.swe?SWENeedContext=false&amp;SWECmd=GetCachedFrame&amp;SWEACn=23534&amp;SWEC=3&amp;SWEFrame=top._sweclient._swecontent._sweview&amp;SWEBID=-1&amp;SRN=xK7T2pIB2ZOV15hwlQxQF5reKcoUB8VpMTZr7we8uAEb&amp;SWETS=
Accept-Language: en-GB
DNT: 1
Accept-Encoding: gzip, deflate
Accept: image/jpeg, application/x-ms-application, image/gif, application/xaml+xml, image/pjpeg, application/x-ms-xbap, */*
User-Agent: Mozilla/4.0 (compatible; MSIE 7.0; Windows NT 6.3; WOW64; Trident/7.0; .NET4.0E; .NET4.0C; .NET CLR 3.5.30729; .NET CLR 2.0.50727; .NET CLR 3.0.30729)
Host: localhost:8080
</requestHeader>
  <responseData class="java.lang.String">&lt;HTML &gt;&lt;head&gt;&lt;meta HTTP-EQUIV=&quot;Pragma&quot; CONTENT=&quot;no-cache&quot;&gt;
&lt;title&gt;Siebel Web Call Center Home&lt;/title&gt;&lt;link href=&quot;files/main.css&quot; rel=&quot;stylesheet&quot;/&gt;
&lt;script language=&quot;javascript&quot; src=&quot;23048/scripts/swecommon.js&quot;&gt;&lt;/script&gt; 
&lt;script language=&quot;javascript&quot; src=&quot;23048/scripts/swecmn_hi.js&quot;&gt;&lt;/script&gt; 
&lt;/head&gt;&lt;body leftmargin=&quot;8&quot; topmargin=&quot;2&quot; marginwidth=&quot;20&quot; marginheight=&quot;2&quot; class=&quot;ScreenBack&quot;&gt;&lt;script&gt;
if(typeof(top._swescript)!=&apos;undefined&apos;&amp;&amp;top._swescript!=null) top._swescript.InitFrame(this);&lt;/script&gt;
&lt;table datatable=&quot;0&quot; summary=&quot;&quot; border=&quot;0&quot; cellspacing=&quot;0&quot; cellpadding=&quot;1&quot; width=&quot;100%&quot;&gt;&lt;tr&gt;&lt;td align=&quot;right&quot; width=&quot;50%&quot;&gt;&lt;a name=&quot;SWEApplet2&quot; id=&quot;SWEApplet2&quot; href=&quot;#SWEApplet2&quot; title=&quot;Edit Layout&quot;&gt;&lt;/a&gt;
&lt;div id=&apos;s_S_A2_div&apos;oncontextmenu=&apos;HandleContextMenu(&quot;Layout Controls Applet&quot;)&apos; onclick=&apos;HandleAppletClick(&quot;Layout Controls Applet&quot;)&apos;&gt;
&lt;a id=&quot;SWETopHidden2&quot; href=&quot;javascript:void(0);&quot; tabindex=&quot;1000&quot;&gt;&lt;/a&gt;&lt;table datatable=&quot;0&quot; summary=&quot;&quot; height=&quot;16&quot; valign=&quot;top&quot; width=&quot;100%&quot; cellpadding=&quot;0&quot; cellspacing=&quot;0&quot; border=&quot;0&quot;&gt;&lt;tr&gt;&lt;td align=right&gt;&lt;Table datatable=&quot;0&quot; summary=&quot;&quot; cellpadding=2 cellspacing=0&gt;&lt;tr&gt;&lt;td class=&quot;AppletButtons&quot; nowrap&gt;&lt;span id=s_2_1_5_0&gt;&amp;nbsp;&lt;/span&gt;&lt;/td&gt;&lt;/tr&gt;&lt;/table&gt;&lt;/td&gt;&lt;/tr&gt;&lt;/table&gt;&lt;a id=&quot;SWEBottomHidden2&quot; href=&quot;javascript:void(0);&quot; tabindex=&quot;1999&quot; onfocus=&quot;document.getElementById(&apos;SWETopHidden2&apos;).focus();&quot;&gt;&lt;/a&gt;&lt;/div&gt;&lt;/td&gt;&lt;/tr&gt;&lt;/table&gt;&lt;table datatable=&quot;0&quot; summary=&quot;&quot; width=&quot;100%&quot; cellpadding=&quot;5&quot; cellspacing=&quot;0&quot; border=&quot;0&quot;&gt;&lt;tr&gt;&lt;td valign=&quot;top&quot; width=&quot;66%&quot;&gt;&lt;a name=&quot;SWEApplet1&quot; id=&quot;SWEApplet1&quot; href=&quot;#SWEApplet1&quot; title=&quot;Salutation&quot;&gt;&lt;/a&gt;
&lt;div id=&apos;s_S_A1_div&apos;oncontextmenu=&apos;HandleContextMenu(&quot;Salutation Applet (WCC Home\)&quot;)&apos; onclick=&apos;HandleAppletClick(&quot;Salutation Applet (WCC Home\)&quot;)&apos;&gt;
&lt;span class=&quot;AppletStyleParent77&quot;&gt;&lt;form name=&quot;SWEForm1_0&quot; method=&quot;post&quot; action=&quot;/ecommunications_enu_nsm_aps05524a027/start.swe&quot; &gt;
&lt;table datatable=&quot;0&quot; summary=&quot;&quot; valign=&quot;top&quot; width=&quot;100%&quot; cellpadding=&quot;0&quot; cellspacing=&quot;0&quot; border=&quot;0&quot; &gt;&lt;tr&gt;&lt;td class=&quot;pad4&quot;&gt;&lt;span class=&quot;AppHomePageTitle&quot;&gt;My Homepage&lt;/span&gt;&lt;/td&gt;&lt;td class=&quot;pad4&quot;&gt;&lt;span class=&quot;AppHomePageSaluation&quot;&gt;&lt;div class=&apos;Welcome&apos;&gt;&lt;b&gt;Welcome Back FIRSTNAME 5000_BB_CCP_LASTNAME_EMP_EIM.&amp;nbsp;&amp;nbsp;Today is 23 June 2020.&lt;/b&gt;&lt;/div&gt;&lt;/span&gt;&lt;/td&gt;&lt;/tr&gt;&lt;/table&gt;&lt;span id=&apos;s_0&apos;&gt;&lt;/span&gt;&lt;/form&gt;
&lt;/span&gt;&lt;a id=&quot;SWEEndAppletStartAnchor_1&quot; href=&quot;javascript:void(0);&quot; tabindex=&quot;3999&quot;&gt;&lt;/a&gt;&lt;a id=&quot;SWEEndAppletEndAnchor_1&quot; href=&quot;javascript:void(0);&quot; tabindex=&quot;3999&quot; onfocus=&quot;document.getElementById(&apos;SWEEndAppletStartAnchor_1&apos;).focus();&quot;&gt;&lt;/a&gt;&lt;/div&gt;&lt;a name=&quot;SWEApplet4&quot; id=&quot;SWEApplet4&quot; href=&quot;#SWEApplet4&quot; title=&quot;My Service Requests&quot;&gt;&lt;/a&gt;
&lt;div id=&apos;s_S_A4_div&apos;oncontextmenu=&apos;HandleContextMenu(&quot;CUT Service Request List Applet (CME Home\)&quot;)&apos; onclick=&apos;HandleAppletClick(&quot;CUT Service Request List Applet (CME Home\)&quot;)&apos;&gt;
&lt;a id=&quot;SWETopHidden4&quot; href=&quot;javascript:void(0);&quot; tabindex=&quot;4000&quot;&gt;&lt;/a&gt;&lt;table datatable=&quot;0&quot; summary=&quot;&quot; width=&quot;100%&quot; align=&quot;center&quot; cellpadding=&quot;0&quot; cellspacing=&quot;0&quot; border=&quot;0&quot;&gt;&lt;tr valign=&quot;top&quot;&gt;&lt;td&gt;&lt;img src=&quot;images/spacer.gif&quot; width=&quot;1&quot; height=&quot;8&quot; alt=&quot;&quot;&gt;&lt;/td&gt;&lt;/tr&gt;&lt;/table&gt;&lt;span class=&quot;AppletStyle8&quot;&gt;&lt;form name=&quot;SWEForm4_0&quot; method=&quot;post&quot; action=&quot;/ecommunications_enu_nsm_aps05524a027/start.swe&quot; &gt;
&lt;div class=&quot;NotSelected&quot; id=&quot;a_4&quot;&gt;&lt;table datatable=&quot;0&quot; summary=&quot;&quot; width=&quot;100%&quot; cellspacing=&quot;0&quot; cellpadding=&quot;0&quot; border=&quot;0&quot; align=&quot;center&quot;&gt;&lt;tr class=&quot;AppletButtons&quot;&gt;&lt;td valign=&quot;bottom&quot;&gt;&lt;/td&gt;&lt;td valign=&quot;bottom&quot; width=&quot;100%&quot;&gt;&lt;table datatable=&quot;0&quot; summary=&quot;&quot; cellspacing=&quot;0&quot; cellpadding=&quot;3&quot; border=&quot;0&quot;&gt;&lt;tr&gt;&lt;td class=&quot;AppletTitle&quot;&gt;My Service Requests&lt;/td&gt;&lt;/tr&gt;&lt;/table&gt;&lt;/td&gt;&lt;td align=&quot;right&quot; valign=&quot;bottom&quot;&gt;&lt;table datatable=&quot;0&quot; summary=&quot;&quot; cellspacing=&quot;0&quot; cellpadding=&quot;3&quot; border=&quot;0&quot;&gt;&lt;tr&gt;&lt;td&gt;&lt;table datatable=&quot;0&quot; summary=&quot;&quot; cellspacing=&quot;0&quot; cellpadding=&quot;2&quot; border=&quot;0&quot;&gt;&lt;tr class=&quot;AppletButtons&quot;&gt;&lt;td&gt;&lt;span id=s_4_1_4_0&gt;&amp;nbsp;&lt;/span&gt;&lt;/td&gt;&lt;td&gt;&lt;span id=s_4_1_2_0&gt;&amp;nbsp;&lt;/span&gt;&lt;/td&gt;&lt;/tr&gt;&lt;/table&gt;&lt;/td&gt;&lt;/tr&gt;&lt;/table&gt;&lt;/td&gt;&lt;/tr&gt;&lt;/table&gt;&lt;table datatable=&quot;0&quot; summary=&quot;&quot; width=&quot;100%&quot; cellpadding=&quot;0&quot; cellspacing=&quot;0&quot; border=&quot;0&quot;&gt;&lt;tr&gt;&lt;td class=&quot;AppletHIFormBorder&quot;&gt;&lt;span id=4_c_err style=&quot;display: none;&quot;&gt;&lt;table datatable=&quot;0&quot; summary=&quot;&quot; class=&quot;AppletBack&quot; width=&quot;100%&quot; cellpadding=&quot;4&quot; cellspacing=&quot;0&quot; border=&quot;0&quot;&gt;&lt;tr&gt;&lt;td class=&quot;error&quot;&gt;&lt;br&gt;&amp;nbsp;&lt;/td&gt;&lt;/tr&gt;&lt;/table&gt;&lt;/span&gt;&lt;span class=&quot;AppletBottom&quot;&gt;&lt;table datatable=&quot;0&quot; summary=&quot;&quot; width=&quot;100%&quot; cellspacing=&quot;0&quot; cellpadding=&quot;0&quot; border=&quot;0&quot;  align=&quot;center&quot;&gt;&lt;tr class=&quot;AppletButtons&quot;&gt;&lt;td class=&quot;AppletButtons&quot; align=&quot;right&quot;&gt;&lt;img src=&quot;images/spacer.gif&quot; width=&quot;6&quot; height=&quot;2&quot; alt=&quot;&quot;&gt;&lt;/td&gt;&lt;/tr&gt;&lt;/table&gt;&lt;/span&gt;&lt;/td&gt;&lt;/tr&gt;&lt;/table&gt;&lt;/div&gt;&lt;/form&gt;
&lt;/span&gt;&lt;a id=&quot;SWEBottomHidden4&quot; href=&quot;javascript:void(0);&quot; tabindex=&quot;4999&quot; onfocus=&quot;document.getElementById(&apos;SWETopHidden4&apos;).focus();&quot;&gt;&lt;/a&gt;&lt;/div&gt;&lt;a name=&quot;SWEApplet3&quot; id=&quot;SWEApplet3&quot; href=&quot;#SWEApplet3&quot; title=&quot;My New Opportunities&quot;&gt;&lt;/a&gt;
&lt;div id=&apos;s_S_A3_div&apos;oncontextmenu=&apos;HandleContextMenu(&quot;CUT Opportunity List Applet (CME Home\)&quot;)&apos; onclick=&apos;HandleAppletClick(&quot;CUT Opportunity List Applet (CME Home\)&quot;)&apos;&gt;
&lt;a id=&quot;SWETopHidden3&quot; href=&quot;javascript:void(0);&quot; tabindex=&quot;5000&quot;&gt;&lt;/a&gt;&lt;table datatable=&quot;0&quot; summary=&quot;&quot; width=&quot;100%&quot; align=&quot;center&quot; cellpadding=&quot;0&quot; cellspacing=&quot;0&quot; border=&quot;0&quot;&gt;&lt;tr valign=&quot;top&quot;&gt;&lt;td&gt;&lt;img src=&quot;images/spacer.gif&quot; width=&quot;1&quot; height=&quot;8&quot; alt=&quot;&quot;&gt;&lt;/td&gt;&lt;/tr&gt;&lt;/table&gt;&lt;span class=&quot;AppletStyle8&quot;&gt;&lt;form name=&quot;SWEForm3_0&quot; method=&quot;post&quot; action=&quot;/ecommunications_enu_nsm_aps05524a027/start.swe&quot; &gt;
&lt;div class=&quot;NotSelected&quot; id=&quot;a_3&quot;&gt;&lt;table datatable=&quot;0&quot; summary=&quot;&quot; width=&quot;100%&quot; cellspacing=&quot;0&quot; cellpadding=&quot;0&quot; border=&quot;0&quot; align=&quot;center&quot;&gt;&lt;tr class=&quot;AppletButtons&quot;&gt;&lt;td valign=&quot;bottom&quot;&gt;&lt;/td&gt;&lt;td valign=&quot;bottom&quot; width=&quot;100%&quot;&gt;&lt;table datatable=&quot;0&quot; summary=&quot;&quot; cellspacing=&quot;0&quot; cellpadding=&quot;3&quot; border=&quot;0&quot;&gt;&lt;tr&gt;&lt;td class=&quot;AppletTitle&quot;&gt;My Opportunities&lt;/td&gt;&lt;/tr&gt;&lt;/table&gt;&lt;/td&gt;&lt;td align=&quot;right&quot; valign=&quot;bottom&quot;&gt;&lt;table datatable=&quot;0&quot; summary=&quot;&quot; cellspacing=&quot;0&quot; cellpadding=&quot;3&quot; border=&quot;0&quot;&gt;&lt;tr&gt;&lt;td&gt;&lt;table datatable=&quot;0&quot; summary=&quot;&quot; cellspacing=&quot;0&quot; cellpadding=&quot;2&quot; border=&quot;0&quot;&gt;&lt;tr class=&quot;AppletButtons&quot;&gt;&lt;td&gt;&lt;span id=s_3_1_4_0&gt;&amp;nbsp;&lt;/span&gt;&lt;/td&gt;&lt;td&gt;&lt;span id=s_3_1_2_0&gt;&amp;nbsp;&lt;/span&gt;&lt;/td&gt;&lt;/tr&gt;&lt;/table&gt;&lt;/td&gt;&lt;/tr&gt;&lt;/table&gt;&lt;/td&gt;&lt;/tr&gt;&lt;/table&gt;&lt;table datatable=&quot;0&quot; summary=&quot;&quot; width=&quot;100%&quot; cellpadding=&quot;0&quot; cellspacing=&quot;0&quot; border=&quot;0&quot;&gt;&lt;tr&gt;&lt;td class=&quot;AppletHIFormBorder&quot;&gt;&lt;span id=3_c_err style=&quot;display: none;&quot;&gt;&lt;table datatable=&quot;0&quot; summary=&quot;&quot; class=&quot;AppletBack&quot; width=&quot;100%&quot; cellpadding=&quot;4&quot; cellspacing=&quot;0&quot; border=&quot;0&quot;&gt;&lt;tr&gt;&lt;td class=&quot;error&quot;&gt;&lt;br&gt;&amp;nbsp;&lt;/td&gt;&lt;/tr&gt;&lt;/table&gt;&lt;/span&gt;&lt;span class=&quot;AppletBottom&quot;&gt;&lt;table datatable=&quot;0&quot; summary=&quot;&quot; width=&quot;100%&quot; cellspacing=&quot;0&quot; cellpadding=&quot;0&quot; border=&quot;0&quot;  align=&quot;center&quot;&gt;&lt;tr class=&quot;AppletButtons&quot;&gt;&lt;td class=&quot;AppletButtons&quot; align=&quot;right&quot;&gt;&lt;img src=&quot;images/spacer.gif&quot; width=&quot;6&quot; height=&quot;2&quot; alt=&quot;&quot;&gt;&lt;/td&gt;&lt;/tr&gt;&lt;/table&gt;&lt;/span&gt;&lt;/td&gt;&lt;/tr&gt;&lt;/table&gt;&lt;/div&gt;&lt;/form&gt;
&lt;/span&gt;&lt;a id=&quot;SWEBottomHidden3&quot; href=&quot;javascript:void(0);&quot; tabindex=&quot;5999&quot; onfocus=&quot;document.getElementById(&apos;SWETopHidden3&apos;).focus();&quot;&gt;&lt;/a&gt;&lt;/div&gt;&lt;a name=&quot;SWEApplet6&quot; id=&quot;SWEApplet6&quot; href=&quot;#SWEApplet6&quot; title=&quot;My Activities&quot;&gt;&lt;/a&gt;
&lt;div id=&apos;s_S_A6_div&apos;oncontextmenu=&apos;HandleContextMenu(&quot;CUT Activity List Applet (CME Home\)&quot;)&apos; onclick=&apos;HandleAppletClick(&quot;CUT Activity List Applet (CME Home\)&quot;)&apos;&gt;
&lt;a id=&quot;SWETopHidden6&quot; href=&quot;javascript:void(0);&quot; tabindex=&quot;6000&quot;&gt;&lt;/a&gt;&lt;table datatable=&quot;0&quot; summary=&quot;&quot; width=&quot;100%&quot; align=&quot;center&quot; cellpadding=&quot;0&quot; cellspacing=&quot;0&quot; border=&quot;0&quot;&gt;&lt;tr valign=&quot;top&quot;&gt;&lt;td&gt;&lt;img src=&quot;images/spacer.gif&quot; width=&quot;1&quot; height=&quot;8&quot; alt=&quot;&quot;&gt;&lt;/td&gt;&lt;/tr&gt;&lt;/table&gt;&lt;span class=&quot;AppletStyle8&quot;&gt;&lt;form name=&quot;SWEForm6_0&quot; method=&quot;post&quot; action=&quot;/ecommunications_enu_nsm_aps05524a027/start.swe&quot; &gt;
&lt;div class=&quot;NotSelected&quot; id=&quot;a_6&quot;&gt;&lt;table datatable=&quot;0&quot; summary=&quot;&quot; width=&quot;100%&quot; cellspacing=&quot;0&quot; cellpadding=&quot;0&quot; border=&quot;0&quot; align=&quot;center&quot;&gt;&lt;tr class=&quot;AppletButtons&quot;&gt;&lt;td valign=&quot;bottom&quot;&gt;&lt;/td&gt;&lt;td valign=&quot;bottom&quot; width=&quot;100%&quot;&gt;&lt;table datatable=&quot;0&quot; summary=&quot;&quot; cellspacing=&quot;0&quot; cellpadding=&quot;3&quot; border=&quot;0&quot;&gt;&lt;tr&gt;&lt;td class=&quot;AppletTitle&quot;&gt;&lt;span id=s_6_1_11_0&gt;&amp;nbsp;&lt;/span&gt;&lt;/td&gt;&lt;/tr&gt;&lt;/table&gt;&lt;/td&gt;&lt;td align=&quot;right&quot; valign=&quot;bottom&quot;&gt;&lt;table datatable=&quot;0&quot; summary=&quot;&quot; cellspacing=&quot;0&quot; cellpadding=&quot;3&quot; border=&quot;0&quot;&gt;&lt;tr&gt;&lt;td&gt;&lt;table datatable=&quot;0&quot; summary=&quot;&quot; cellspacing=&quot;0&quot; cellpadding=&quot;2&quot; border=&quot;0&quot;&gt;&lt;tr class=&quot;AppletButtons&quot;&gt;&lt;td&gt;&lt;span id=s_6_1_4_0&gt;&amp;nbsp;&lt;/span&gt;&lt;/td&gt;&lt;/tr&gt;&lt;/table&gt;&lt;/td&gt;&lt;/tr&gt;&lt;/table&gt;&lt;/td&gt;&lt;/tr&gt;&lt;/table&gt;&lt;table datatable=&quot;0&quot; summary=&quot;&quot; width=&quot;100%&quot; cellpadding=&quot;0&quot; cellspacing=&quot;0&quot; border=&quot;0&quot;&gt;&lt;tr&gt;&lt;td class=&quot;AppletHIFormBorder&quot;&gt;&lt;span id=6_c_err style=&quot;display: none;&quot;&gt;&lt;table datatable=&quot;0&quot; summary=&quot;&quot; class=&quot;AppletBack&quot; width=&quot;100%&quot; cellpadding=&quot;4&quot; cellspacing=&quot;0&quot; border=&quot;0&quot;&gt;&lt;tr&gt;&lt;td class=&quot;error&quot;&gt;&lt;br&gt;&amp;nbsp;&lt;/td&gt;&lt;/tr&gt;&lt;/table&gt;&lt;/span&gt;&lt;span class=&quot;AppletBottom&quot;&gt;&lt;table datatable=&quot;0&quot; summary=&quot;&quot; width=&quot;100%&quot; cellspacing=&quot;0&quot; cellpadding=&quot;0&quot; border=&quot;0&quot;  align=&quot;center&quot;&gt;&lt;tr class=&quot;AppletButtons&quot;&gt;&lt;td class=&quot;AppletButtons&quot; align=&quot;right&quot;&gt;&lt;img src=&quot;images/spacer.gif&quot; width=&quot;6&quot; height=&quot;2&quot; alt=&quot;&quot;&gt;&lt;/td&gt;&lt;/tr&gt;&lt;/table&gt;&lt;/span&gt;&lt;/td&gt;&lt;/tr&gt;&lt;/table&gt;&lt;/div&gt;&lt;/form&gt;
&lt;/span&gt;&lt;a id=&quot;SWEBottomHidden6&quot; href=&quot;javascript:void(0);&quot; tabindex=&quot;6999&quot; onfocus=&quot;document.getElementById(&apos;SWETopHidden6&apos;).focus();&quot;&gt;&lt;/a&gt;&lt;/div&gt;&lt;a name=&quot;SWEApplet5&quot; id=&quot;SWEApplet5&quot; href=&quot;#SWEApplet5&quot; title=&quot;My Orders&quot;&gt;&lt;/a&gt;
&lt;div id=&apos;s_S_A5_div&apos;oncontextmenu=&apos;HandleContextMenu(&quot;CUT Order Entry - Order List Applet (CME Home\)&quot;)&apos; onclick=&apos;HandleAppletClick(&quot;CUT Order Entry - Order List Applet (CME Home\)&quot;)&apos;&gt;
&lt;a id=&quot;SWETopHidden5&quot; href=&quot;javascript:void(0);&quot; tabindex=&quot;7000&quot;&gt;&lt;/a&gt;&lt;table datatable=&quot;0&quot; summary=&quot;&quot; width=&quot;100%&quot; align=&quot;center&quot; cellpadding=&quot;0&quot; cellspacing=&quot;0&quot; border=&quot;0&quot;&gt;&lt;tr valign=&quot;top&quot;&gt;&lt;td&gt;&lt;img src=&quot;images/spacer.gif&quot; width=&quot;1&quot; height=&quot;8&quot; alt=&quot;&quot;&gt;&lt;/td&gt;&lt;/tr&gt;&lt;/table&gt;&lt;span class=&quot;AppletStyle8&quot;&gt;&lt;form name=&quot;SWEForm5_0&quot; method=&quot;post&quot; action=&quot;/ecommunications_enu_nsm_aps05524a027/start.swe&quot; &gt;
&lt;div class=&quot;NotSelected&quot; id=&quot;a_5&quot;&gt;&lt;table datatable=&quot;0&quot; summary=&quot;&quot; width=&quot;100%&quot; cellspacing=&quot;0&quot; cellpadding=&quot;0&quot; border=&quot;0&quot; align=&quot;center&quot;&gt;&lt;tr class=&quot;AppletButtons&quot;&gt;&lt;td valign=&quot;bottom&quot;&gt;&lt;/td&gt;&lt;td valign=&quot;bottom&quot; width=&quot;100%&quot;&gt;&lt;table datatable=&quot;0&quot; summary=&quot;&quot; cellspacing=&quot;0&quot; cellpadding=&quot;3&quot; border=&quot;0&quot;&gt;&lt;tr&gt;&lt;td class=&quot;AppletTitle&quot;&gt;My Orders&lt;/td&gt;&lt;/tr&gt;&lt;/table&gt;&lt;/td&gt;&lt;td align=&quot;right&quot; valign=&quot;bottom&quot;&gt;&lt;table datatable=&quot;0&quot; summary=&quot;&quot; cellspacing=&quot;0&quot; cellpadding=&quot;3&quot; border=&quot;0&quot;&gt;&lt;tr&gt;&lt;td&gt;&lt;table datatable=&quot;0&quot; summary=&quot;&quot; cellspacing=&quot;0&quot; cellpadding=&quot;2&quot; border=&quot;0&quot;&gt;&lt;tr class=&quot;AppletButtons&quot;&gt;&lt;td&gt;&lt;span id=s_5_1_4_0&gt;&amp;nbsp;&lt;/span&gt;&lt;/td&gt;&lt;td&gt;&lt;span id=s_5_1_2_0&gt;&amp;nbsp;&lt;/span&gt;&lt;/td&gt;&lt;/tr&gt;&lt;/table&gt;&lt;/td&gt;&lt;/tr&gt;&lt;/table&gt;&lt;/td&gt;&lt;/tr&gt;&lt;/table&gt;&lt;table datatable=&quot;0&quot; summary=&quot;&quot; width=&quot;100%&quot; cellpadding=&quot;0&quot; cellspacing=&quot;0&quot; border=&quot;0&quot;&gt;&lt;tr&gt;&lt;td class=&quot;AppletHIFormBorder&quot;&gt;&lt;span id=5_c_err style=&quot;display: none;&quot;&gt;&lt;table datatable=&quot;0&quot; summary=&quot;&quot; class=&quot;AppletBack&quot; width=&quot;100%&quot; cellpadding=&quot;4&quot; cellspacing=&quot;0&quot; border=&quot;0&quot;&gt;&lt;tr&gt;&lt;td class=&quot;error&quot;&gt;&lt;br&gt;&amp;nbsp;&lt;/td&gt;&lt;/tr&gt;&lt;/table&gt;&lt;/span&gt;&lt;div id=&quot;s_5_ld&quot; STYLE=&quot;height:124px&quot;&gt;&lt;div&gt;&lt;/div&gt;&lt;script&gt;SWEWriteObjectTag(this,&apos;&lt;object id=&quot;s_5_l&quot;  CLASSID=&quot;CLSID:a9967980-c623-4092-b952-fcf15f67b8a5&quot; WIDTH=100% HEIGHT=100%&gt;&lt;/OBJECT&gt;&apos;);&lt;/script&gt;&lt;/div&gt;&lt;span class=&quot;AppletBottom&quot;&gt;&lt;table datatable=&quot;0&quot; summary=&quot;&quot; width=&quot;100%&quot; cellspacing=&quot;0&quot; cellpadding=&quot;0&quot; border=&quot;0&quot;  align=&quot;center&quot;&gt;&lt;tr class=&quot;AppletButtons&quot;&gt;&lt;td class=&quot;AppletButtons&quot; align=&quot;right&quot;&gt;&lt;img src=&quot;images/spacer.gif&quot; width=&quot;6&quot; height=&quot;2&quot; alt=&quot;&quot;&gt;&lt;/td&gt;&lt;/tr&gt;&lt;/table&gt;&lt;/span&gt;&lt;/td&gt;&lt;/tr&gt;&lt;/table&gt;&lt;/div&gt;&lt;/form&gt;
&lt;/span&gt;&lt;a id=&quot;SWEBottomHidden5&quot; href=&quot;javascript:void(0);&quot; tabindex=&quot;7999&quot; onfocus=&quot;document.getElementById(&apos;SWETopHidden5&apos;).focus();&quot;&gt;&lt;/a&gt;&lt;/div&gt;&lt;/td&gt;&lt;td valign=&quot;top&quot; width=&quot;33%&quot;&gt;&lt;a name=&quot;SWEApplet7&quot; id=&quot;SWEApplet7&quot; href=&quot;#SWEApplet7&quot; title=&quot;My Analytics&quot;&gt;&lt;/a&gt;
&lt;div id=&apos;s_S_A7_div&apos;oncontextmenu=&apos;HandleContextMenu(&quot;Home Page Analytics Applet (WCC Home\)&quot;)&apos; onclick=&apos;HandleAppletClick(&quot;Home Page Analytics Applet (WCC Home\)&quot;)&apos;&gt;
&lt;a id=&quot;SWETopHidden7&quot; href=&quot;javascript:void(0);&quot; tabindex=&quot;13000&quot;&gt;&lt;/a&gt;&lt;table datatable=&quot;0&quot; summary=&quot;&quot; cellpadding=&quot;0&quot; cellspacing=&quot;0&quot; border=&quot;0&quot;&gt;&lt;tr&gt;&lt;td&gt;&lt;img src=&quot;images/spacer.gif&quot; width=&quot;1&quot; height=&quot;3&quot; alt=&quot;&quot;&gt;&lt;/td&gt;&lt;/tr&gt;&lt;/table&gt;&lt;table datatable=&quot;0&quot; summary=&quot;&quot; width=&quot;100%&quot; cellspacing=&quot;0&quot; cellpadding=&quot;0&quot; border=&quot;0&quot; align=&quot;center&quot;&gt;&lt;tr valign=&quot;top&quot;&gt;&lt;td class=&quot;AppletStyle1&quot;&gt;&lt;table datatable=&quot;0&quot; summary=&quot;&quot; width=&quot;100%&quot; cellspacing=&quot;0&quot; cellpadding=&quot;0&quot; border=&quot;0&quot; align=&quot;center&quot;&gt;&lt;tr class=&quot;AppletButtons&quot;&gt;&lt;td class=&quot;AppletTitle&quot; nowrap&gt;&lt;img src=&quot;images/spacer.gif&quot; width=&quot;6&quot; height=&quot;1&quot; alt=&quot;&quot;&gt;My Analytics&lt;/td&gt;&lt;td width=&quot;100%&quot; class=&quot;AppletTitle&quot; align=&quot;right&quot;&gt;&amp;nbsp;&lt;/td&gt;&lt;td nowrap valign=&quot;absmiddle&quot;&gt;&lt;table datatable=&quot;0&quot; summary=&quot;&quot; cellspacing=&quot;0&quot; cellpadding=&quot;2&quot; border=&quot;0&quot;&gt;&lt;tr class=&quot;AppletButtons&quot;&gt;&lt;td&gt;&lt;span id=s_7_1_7_0&gt;&amp;nbsp;&lt;/span&gt;&lt;/td&gt;&lt;td&gt;&lt;span id=s_7_1_3_0&gt;&amp;nbsp;&lt;/span&gt;&lt;/td&gt;&lt;/tr&gt;&lt;/table&gt;&lt;/td&gt;&lt;/tr&gt;&lt;/table&gt;&lt;table datatable=&quot;0&quot; summary=&quot;&quot; class=&quot;AppletBorder&quot; valign=&quot;top&quot; width=&quot;100%&quot; cellpadding=&quot;1&quot; cellspacing=&quot;0&quot; border=&quot;0&quot;&gt;&lt;tr&gt;&lt;td valign=&quot;top&quot;&gt;&lt;table datatable=&quot;0&quot; summary=&quot;&quot; valign=&quot;top&quot; width=&quot;100%&quot; cellpadding=&quot;3&quot; cellspacing=&quot;0&quot; border=&quot;0&quot;&gt;&lt;tr class=&quot;AppletBlank&quot;&gt;&lt;td valign=&quot;top&quot;&gt;&lt;span id=7_c_err style=&quot;display: none;&quot;&gt;&lt;table datatable=&quot;0&quot; summary=&quot;&quot; class=&quot;AppletBack&quot; width=&quot;100%&quot; cellpadding=&quot;4&quot; cellspacing=&quot;0&quot; border=&quot;0&quot;&gt;&lt;tr&gt;&lt;td class=&quot;error&quot;&gt;&lt;br&gt;&amp;nbsp;&lt;/td&gt;&lt;/tr&gt;&lt;/table&gt;&lt;/span&gt;&lt;table datatable=&quot;0&quot; summary=&quot;&quot; valign=&quot;top&quot; width=&quot;100%&quot;  cellpadding=&quot;2&quot; cellspacing=&quot;0&quot; border=&quot;0&quot;&gt;&lt;tr&gt;&lt;td class=&quot;Row2&quot;&gt;&lt;/td&gt;&lt;/tr&gt;&lt;tr&gt;&lt;td class=&quot;Row2&quot;&gt;&lt;/td&gt;&lt;/tr&gt;&lt;tr&gt;&lt;td class=&quot;Row2&quot;&gt;&lt;/td&gt;&lt;/tr&gt;&lt;tr&gt;&lt;td class=&quot;Row2&quot;&gt;&lt;/td&gt;&lt;/tr&gt;&lt;tr&gt;&lt;td class=&quot;Row2&quot;&gt;&lt;/td&gt;&lt;/tr&gt;&lt;tr&gt;&lt;td class=&quot;Row2&quot;&gt;&lt;/td&gt;&lt;/tr&gt;&lt;tr&gt;&lt;td class=&quot;Row2&quot;&gt;&lt;/td&gt;&lt;/tr&gt;&lt;tr&gt;&lt;td class=&quot;Row2&quot;&gt;&lt;/td&gt;&lt;/tr&gt;&lt;tr&gt;&lt;td class=&quot;Row2&quot;&gt;&lt;/td&gt;&lt;/tr&gt;&lt;tr&gt;&lt;td class=&quot;Row2&quot;&gt;&lt;/td&gt;&lt;/tr&gt;&lt;/table&gt;&lt;/td&gt;&lt;/tr&gt;&lt;/table&gt;&lt;/td&gt;&lt;/tr&gt;&lt;/table&gt;&lt;table datatable=&quot;0&quot; summary=&quot;&quot; width=&quot;100%&quot; cellspacing=&quot;0&quot; cellpadding=&quot;0&quot; border=&quot;0&quot; align=&quot;center&quot;&gt;&lt;tr&gt;&lt;td class=&quot;AppletBorder&quot;&gt;&lt;img src=&quot;images/spacer.gif&quot; width=&quot;1&quot; height=&quot;1&quot; alt=&quot;&quot;&gt;&lt;/td&gt;&lt;/tr&gt;&lt;/table&gt;&lt;/td&gt;&lt;/tr&gt;&lt;/table&gt;&lt;a id=&quot;SWEBottomHidden7&quot; href=&quot;javascript:void(0);&quot; tabindex=&quot;13999&quot; onfocus=&quot;document.getElementById(&apos;SWETopHidden7&apos;).focus();&quot;&gt;&lt;/a&gt;&lt;/div&gt;&lt;/td&gt;&lt;/tr&gt;&lt;/table&gt;&lt;script&gt;

SWEIsHighInteract = true; Top().SWEIsHighInteract = true;
var s_0 = new Array(&apos;SWEField&apos;,&apos;SWEFo&apos;,&apos;SWENeedContext&apos;,&apos;SWESP&apos;,&apos;SWERowIds&apos;,&apos;SWEMethod&apos;,&apos;SWECmd&apos;,&apos;SWENoHttpRedir&apos;,&apos;SWEVI&apos;,&apos;SWEPOC&apos;,&apos;SWESPNR&apos;,&apos;SWETargetView&apos;,&apos;SWESPNH&apos;,&apos;SWEH&apos;,&apos;SWEDIC&apos;,&apos;SWEReqRowId&apos;,&apos;SWEView&apos;,&apos;SWETVI&apos;,&apos;SWERowId&apos;,&apos;SWEC&apos;,&apos;SWEM&apos;,&apos;SWEBID&apos;,&apos;SWEW&apos;,&apos;SWESPa&apos;,&apos;SRN&apos;,&apos;SWEContainer&apos;,&apos;SWETS&apos;,&apos;SWETA&apos;,&apos;SWEApplet&apos;,&apos;SWEWN&apos;);
if (typeof(top._samePage) != &apos;undefined&apos; &amp;&amp; top._samePage!=&quot;&quot;) top._samePage = &quot;&quot;;
if (top.opener == null || typeof top.opener.swetop == &apos;unknown&apos; || typeof top.opener.swetop == &apos;undefined&apos;) top._swe._sweapp.S_App.SWECount = 4;
else top.opener.top._swe._sweapp.S_App.SWECount = 4;
g_bInitialized = true;

if(typeof(top._swescript)!=&apos;undefined&apos; &amp;&amp; top._swescript!=null)top._swescript.InitApplet(&quot;Layout Controls Applet&quot;,&quot;SWEApplet2&quot;,&quot;CUT Home Page View (CME)&quot;,1, this);
document.oncontextmenu = HandleContextMenu;
if(typeof(top._swescript)!=&apos;undefined&apos; &amp;&amp; top._swescript!=null)top._swescript.InitApplet(&quot;Salutation Applet (WCC Home)&quot;,&quot;SWEApplet1&quot;,&quot;CUT Home Page View (CME)&quot;,1, this);
c_h(&quot;s_0&quot;,s_0,new Array(&apos;&apos;,&apos;SWEForm1_0&apos;,&apos;true&apos;,&apos;false&apos;,&apos;&apos;,&apos;Refresh&apos;,&apos;InvokeMethod&apos;,&apos;false&apos;,&apos;&apos;,&apos;&apos;,&apos;&apos;,&apos;&apos;,&apos;&apos;,&apos;&apos;,&apos;false&apos;,&apos;0&apos;,&apos;CUT Home Page View (CME\)&apos;,&apos;&apos;,&apos;VRId-0&apos;,&apos;4&apos;,&apos;&apos;,&apos;-1&apos;,&apos;&apos;,&apos;&apos;,&apos;xK7T2pIB2ZOV15hwlQxQF5reKcoUB8VpMTZr7we8uAEb&apos;,&apos;&apos;,&apos;&apos;,&apos;&apos;,&apos;Salutation Applet (WCC Home\)&apos;,&apos;&apos;));
document.oncontextmenu = HandleContextMenu;
if(typeof(top._swescript)!=&apos;undefined&apos; &amp;&amp; top._swescript!=null)top._swescript.InitApplet(&quot;CUT Service Request List Applet (CME Home)&quot;,&quot;SWEApplet4&quot;,&quot;CUT Home Page View (CME)&quot;,1, this);
document.oncontextmenu = HandleContextMenu;
if(typeof(top._swescript)!=&apos;undefined&apos; &amp;&amp; top._swescript!=null)top._swescript.InitApplet(&quot;CUT Opportunity List Applet (CME Home)&quot;,&quot;SWEApplet3&quot;,&quot;CUT Home Page View (CME)&quot;,1, this);
document.oncontextmenu = HandleContextMenu;
if(typeof(top._swescript)!=&apos;undefined&apos; &amp;&amp; top._swescript!=null)top._swescript.InitApplet(&quot;CUT Activity List Applet (CME Home)&quot;,&quot;SWEApplet6&quot;,&quot;CUT Home Page View (CME)&quot;,1, this);
document.oncontextmenu = HandleContextMenu;
if(typeof(top._swescript)!=&apos;undefined&apos; &amp;&amp; top._swescript!=null)top._swescript.InitApplet(&quot;CUT Order Entry - Order List Applet (CME Home)&quot;,&quot;SWEApplet5&quot;,&quot;CUT Home Page View (CME)&quot;,1, this);
document.oncontextmenu = HandleContextMenu;
if(typeof(top._swescript)!=&apos;undefined&apos; &amp;&amp; top._swescript!=null)top._swescript.InitApplet(&quot;Home Page Analytics Applet (WCC Home)&quot;,&quot;SWEApplet7&quot;,&quot;CUT Home Page View (CME)&quot;,1, this);
document.oncontextmenu = HandleContextMenu;

&lt;/script&gt;
&lt;script for=window event=onunload&gt;
top._swe._sweapp.S_App.SetLayoutUnloaded(&quot;View&quot;, &quot;CUT Home Page View (CME)&quot;);
&lt;/script&gt;
&lt;script for=window event=onload&gt;
top._swe._sweapp.S_App.SetLayoutLoaded(&quot;View&quot;, &quot;CUT Home Page View (CME)&quot;, window, &quot;&quot;);
&lt;/script&gt;
&lt;/body&gt;&lt;/html&gt;</responseData>
  <responseFile class="java.lang.String"></responseFile>
  <cookies class="java.lang.String">_sn=GXmoeGkdwh1O45lrH7mMIZnLMWvqHkVWiQKqDOICOq1fi95anXYMaCRAX879ujDRD9kS4J75N4kGDX576Q2AKmwZPUBih-4NS80Pc1189OxasEbdAsHiEtIhcnCzZ0zWb5V6QpVraL0TTGU4ktkGZq374g8C0pUBRhKVASKeW21TgUW5eIkswq97I-.qG-kr; SWEUAID=SWEUAID</cookies>
  <method class="java.lang.String">GET</method>
  <queryString class="java.lang.String"></queryString>
  <java.net.URL>http://localhost:8080/ecommunications_enu_nsm_aps05524a027/start.swe?SWECmd=GetViewLayout&amp;SWEView=CUT+Home+Page+View+%28CME%29&amp;SWEVI=&amp;SWEVLC=3-2NTUN-318_Siebel%2BPower%2BCommunications_43%257c1592409810%257c0_0_23048_PATCHSET18PATCHSET18PATCHSET18_L&amp;SRN=xK7T2pIB2ZOV15hwlQxQF5reKcoUB8VpMTZr7we8uAEb</java.net.URL>
</httpSample>
<httpSample t="{{\d+}}" it="0" lt="{{\d+}}" ct="{{\d+}}" ts="{{\d+}}" s="true" lb="{{\d+}} /ecommunications_enu_nsm_aps05524a027/start.swe" rc="200" rm="OK" tn="Thread Group 1-1" dt="text" de="utf-8" by="4089" sby="852" sc="1" ec="0" ng="1" na="1" hn="{{.*?}}">
  <responseHeader class="java.lang.String">HTTP/1.1 200 OK
Connection: close
Server: Oracle-iPlanet-Web-Server/7.0
Date: Tue, 23 Jun 2020 12:48:55 GMT
Content-Language: en
Cache-Control: no-cache
Swerpc: true
Content-Type: text/html;charset=utf-8
Connection: close
Matched-Stub-Id: {{\w+-\w+-\w+-\w+-\w+}}
Vary: Accept-Encoding, User-Agent
</responseHeader>
  <requestHeader class="java.lang.String">Connection: close
Content-Type: application/x-www-form-urlencoded
DNT: 1
Accept-Encoding: deflate
Pragma: no-cache
User-Agent: Mozilla/4.0 (compatible; MSIE 7.0; Windows NT 6.3; WOW64; Trident/7.0; .NET4.0E; .NET4.0C; .NET CLR 3.5.30729; .NET CLR 2.0.50727; .NET CLR 3.0.30729)
Accept: text/html, image/gif, image/jpeg, *; q=.2, */*; q=.2
Content-Length: 175
Host: localhost:8080
</requestHeader>
  <responseData class="java.lang.String">@0`1`4`3``0`UC`1`Status`OK`SWEC`5`SRN`xK7T2pIB2ZOV15hwlQxQF5reKcoUB8VpMTZr7we8uAEb`2`0`ResultSet`0`PendingOrderCheck`N`ShowPendingOrderOnLogin`N`0`39`Notifications`0`2`0``0`OP`bn`bc`S_BC1`7`0``0`br`0`ArgsArray`22*Layout Controls Applet1*1`size`100`cr`0`OP`g`bc`S_BC1`type`SWEIRowSelection`7`0``0`br`0`ArgsArray`22*Layout Controls Applet12**AppletTitle1*?`size`100`cr`0`OP`g`bc`S_BC1`type`SWEIPrivFlds`7`0``0`br`0`ArgsArray`22*Layout Controls Applet1*01*11*11*11*21*11*31*01*41*11*51*11*61*11*71*11*81*11*91*12*101*12*111*02*121*02*131*02*141*02*151*02*161*02*171*02*181*02*191*12*201*02*211*02*221*02*231*12*241*02*251*12*261*02*271*12*281*02*291*02*301*02*311*02*321*12*331*02*341*12*351*02*361*02*371*02*381*02*391*02*401*02*411*12*421*12*431*12*441*0`size`100`cr`0`OP`g`bc`S_BC1`type`SWEICanInvokeMethod`7`0``0`br`0`ArgsArray`28*Salutation Applet (WCC Home)1*01*01*01*01*01*1`size`100`cr`0`OP`g`bc`S_BC1`type`SWEIRowSelection`7`0``0`br`0`ArgsArray`28*Salutation Applet (WCC Home)12**AppletTitle1*?9**Explorer1*?`size`100`cr`0`OP`g`bc`S_BC1`type`SWEIPrivFlds`7`0``0`br`0`ArgsArray`28*Salutation Applet (WCC Home)1*01*11*11*11*21*01*31*01*41*01*51*11*61*01*71*01*81*11*91*12*101*12*111*12*121*02*131*02*141*02*151*02*161*02*171*02*181*02*191*02*201*12*211*02*221*02*231*02*241*12*251*02*261*02*271*02*281*02*291*02*301*02*311*02*321*12*331*02*341*12*351*02*361*02*371*02*381*02*391*02*401*02*411*12*421*12*431*02*441*0`size`100`cr`0`OP`g`bc`S_BC1`type`SWEICanInvokeMethod`8`0``0`br`0`value`0`ar`0`state`activeRow`size`100`cr`5`OP`sc`bc`S_BC1`6`0``0`br`0`ar`0`size`100`cr`0`OP`nd`bc`S_BC1`7`0``0`bSelected`false`br`0`ar`0`size`100`cr`0`OP`ns`bc`S_BC1`8`0``0`br`0`value`2`ar`1`state`cr`size`100`cr`0`OP`sc`bc`S_BC1`6`0``0`br`0`ar`1`size`100`cr`0`OP`nar`bc`S_BC1`7`0``0`bSelected`true`br`0`ar`1`size`100`cr`0`OP`ns`bc`S_BC1`7`0``0`bSelected`false`br`0`ar`1`size`100`cr`0`OP`ns`bc`S_BC1`8`0``0`br`0`value`3`ar`2`state`cr`size`100`cr`0`OP`sc`bc`S_BC1`6`0``0`br`0`ar`2`size`100`cr`0`OP`nar`bc`S_BC1`7`0``0`bSelected`true`br`0`ar`2`size`100`cr`0`OP`ns`bc`S_BC1`7`0``0`bSelected`false`br`0`ar`2`size`100`cr`0`OP`ns`bc`S_BC1`8`0``0`br`0`value`4`ar`3`state`cr`size`100`cr`0`OP`sc`bc`S_BC1`6`0``0`br`0`ar`3`size`100`cr`0`OP`nar`bc`S_BC1`7`0``0`bSelected`true`br`0`ar`3`size`100`cr`0`OP`ns`bc`S_BC1`7`0``0`bSelected`false`br`0`ar`3`size`100`cr`0`OP`ns`bc`S_BC1`8`0``0`br`0`value`5`ar`4`state`cr`size`100`cr`0`OP`sc`bc`S_BC1`6`0``0`br`0`ar`4`size`100`cr`0`OP`nar`bc`S_BC1`7`0``0`bSelected`true`br`0`ar`4`size`100`cr`0`OP`ns`bc`S_BC1`7`0``0`bSelected`false`br`0`ar`4`size`100`cr`0`OP`ns`bc`S_BC1`8`0``0`br`0`value`6`ar`5`state`cr`size`100`cr`0`OP`sc`bc`S_BC1`6`0``0`br`0`ar`5`size`100`cr`0`OP`nar`bc`S_BC1`7`0``0`bSelected`true`br`0`ar`5`size`100`cr`0`OP`ns`bc`S_BC1`7`1``0`br`0`ar`5`size`100`index`6`cr`0`OP`iw`bc`S_BC1`1`0`FieldValues`0`ValueArray`0*`8`0``0`br`0`ar`5`size`100`index`6`cr`0`OP`dw`bc`S_BC1`nr`1`8`0``0`br`0`ArgsArray`22*Layout Controls Applet1*5`ar`5`size`100`cr`0`OP`g`bc`S_BC1`type`BegRow`2`0``0`OP`en`bc`S_BC1`2`0``0`OP`bn`bc`S_BC4`7`0``0`br`0`ArgsArray`46*CUT Order Entry - Order List Applet (CME Home)1*11*01*01*01*0`size`5`cr`4`OP`g`bc`S_BC4`type`SWEIRowSelection`2`0``0`OP`en`bc`S_BC4`2`0``0`OP`bn`bc`S_BC6`7`0``0`br`0`ArgsArray`37*Home Page Analytics Applet (WCC Home)1*1`size`10`cr`0`OP`g`bc`S_BC6`type`SWEIRowSelection`2`0``0`OP`en`bc`S_BC6`1`6`Command Manager`0`RefreshToolbar`true`7`0`StateToolBar`0`#35`true`#36`true`#17`true`#34`true`#8`false`#37`true`#38`true`0`1`StateExToolBar`0`1`0`#35`0`Checked`false`0`3`FlagsToolBar`0`3`0`#8`0`SWESP`true`SWEH`0`SWEW`0`3`0`#34`0`SWESP`true`SWEH`600`SWEW`800`3`0`#36`0`SWESP`true`SWEH`20`SWEW`380`3`0`State`0`#27`false`#26`false`#28`false`0`3`StateEx`0`0`0`#26`0`0`0`#27`0`1`0`#28`0`Checked`false`0`0`Flags`0`</responseData>
  <responseFile class="java.lang.String"></responseFile>
  <cookies class="java.lang.String">_sn=GXmoeGkdwh1O45lrH7mMIZnLMWvqHkVWiQKqDOICOq1fi95anXYMaCRAX879ujDRD9kS4J75N4kGDX576Q2AKmwZPUBih-4NS80Pc1189OxasEbdAsHiEtIhcnCzZ0zWb5V6QpVraL0TTGU4ktkGZq374g8C0pUBRhKVASKeW21TgUW5eIkswq97I-.qG-kr; SWEUAID=SWEUAID</cookies>
  <method class="java.lang.String">POST</method>
  <queryString class="java.lang.String">SWEC=4&amp;SWEMethod=ResetDashboard&amp;SWERPC=1&amp;SWECmd=InvokeMethod&amp;SRN=xK7T2pIB2ZOV15hwlQxQF5reKcoUB8VpMTZr7we8uAEb&amp;SWEIPS=%400*0*0*0*0*3*0*&amp;SWEService=Persistent+Customer+Dashboard</queryString>
  <java.net.URL>http://localhost:8080/ecommunications_enu_nsm_aps05524a027/start.swe</java.net.URL>
</httpSample>
<httpSample t="{{\d+}}" it="0" lt="{{\d+}}" ct="{{\d+}}" ts="{{\d+}}" s="true" lb="{{\d+}} /ecommunications_enu_nsm_aps05524a027/start.swe" rc="200" rm="OK" tn="Thread Group 1-1" dt="text" de="utf-8" by="860" sby="878" sc="1" ec="0" ng="1" na="1" hn="{{.*?}}">
  <responseHeader class="java.lang.String">HTTP/1.1 200 OK
Connection: close
Server: Oracle-iPlanet-Web-Server/7.0
Date: Tue, 23 Jun 2020 12:48:55 GMT
Content-Language: en
Cache-Control: no-cache
Swerpc: true
Content-Type: text/html;charset=utf-8
Connection: close
Matched-Stub-Id: {{\w+-\w+-\w+-\w+-\w+}}
Vary: Accept-Encoding, User-Agent
</responseHeader>
  <requestHeader class="java.lang.String">Connection: close
Content-Type: application/x-www-form-urlencoded
DNT: 1
Accept-Encoding: deflate
Pragma: no-cache
User-Agent: Mozilla/4.0 (compatible; MSIE 7.0; Windows NT 6.3; WOW64; Trident/7.0; .NET4.0E; .NET4.0C; .NET CLR 3.5.30729; .NET CLR 2.0.50727; .NET CLR 3.0.30729)
Accept: text/html, image/gif, image/jpeg, *; q=.2, */*; q=.2
Content-Length: 201
Host: localhost:8080
</requestHeader>
  <responseData class="java.lang.String">@0`1`4`2``0`UC`1`Status`OK`SWEC`6`SRN`xK7T2pIB2ZOV15hwlQxQF5reKcoUB8VpMTZr7we8uAEb`2`0`ResultSet`0`Error Msg``AccessAllowed`N`1`6`Command Manager`0`RefreshToolbar`true`7`0`StateToolBar`0`#35`true`#36`true`#17`true`#34`true`#8`false`#37`true`#38`true`0`1`StateExToolBar`0`1`0`#35`0`Checked`false`0`3`FlagsToolBar`0`3`0`#8`0`SWESP`true`SWEH`0`SWEW`0`3`0`#34`0`SWESP`true`SWEH`600`SWEW`800`3`0`#36`0`SWESP`true`SWEH`20`SWEW`380`3`0`State`0`#27`false`#26`false`#28`false`0`3`StateEx`0`0`0`#26`0`0`0`#27`0`1`0`#28`0`Checked`false`0`0`Flags`0`</responseData>
  <responseFile class="java.lang.String"></responseFile>
  <cookies class="java.lang.String">_sn=GXmoeGkdwh1O45lrH7mMIZnLMWvqHkVWiQKqDOICOq1fi95anXYMaCRAX879ujDRD9kS4J75N4kGDX576Q2AKmwZPUBih-4NS80Pc1189OxasEbdAsHiEtIhcnCzZ0zWb5V6QpVraL0TTGU4ktkGZq374g8C0pUBRhKVASKeW21TgUW5eIkswq97I-.qG-kr; SWEUAID=SWEUAID</cookies>
  <method class="java.lang.String">POST</method>
  <queryString class="java.lang.String">SWEC=5&amp;SWEMethod=DPResponsibilityCheck&amp;SWERPC=1&amp;SWECmd=InvokeMethod&amp;SRN=xK7T2pIB2ZOV15hwlQxQF5reKcoUB8VpMTZr7we8uAEb&amp;SWEIPS=%400*0*1*0*0*3*0*14*FunctionalArea15*BTSRDueReminder&amp;SWEService=BT+Validation</queryString>
  <java.net.URL>http://localhost:8080/ecommunications_enu_nsm_aps05524a027/start.swe</java.net.URL>
</httpSample>
<httpSample t="{{\d+}}" it="0" lt="{{\d+}}" ct="{{\d+}}" ts="{{\d+}}" s="true" lb="{{\d+}} /ecommunications_enu_nsm_aps05524a027/start.swe" rc="200" rm="OK" tn="Thread Group 1-1" dt="text" de="utf-8" by="1207" sby="1010" sc="1" ec="0" ng="1" na="1" hn="{{.*?}}">
  <responseHeader class="java.lang.String">HTTP/1.1 200 OK
Connection: close
Server: Oracle-iPlanet-Web-Server/7.0
Date: Tue, 23 Jun 2020 12:48:59 GMT
Content-Language: en
Cache-Control: no-cache
Swerpc: true
Content-Type: text/html;charset=utf-8
Connection: close
Matched-Stub-Id: {{\w+-\w+-\w+-\w+-\w+}}
Vary: Accept-Encoding, User-Agent
</responseHeader>
  <requestHeader class="java.lang.String">Connection: close
Content-Type: application/x-www-form-urlencoded
DNT: 1
Accept-Encoding: deflate
Pragma: no-cache
User-Agent: Mozilla/4.0 (compatible; MSIE 7.0; Windows NT 6.3; WOW64; Trident/7.0; .NET4.0E; .NET4.0C; .NET CLR 3.5.30729; .NET CLR 2.0.50727; .NET CLR 3.0.30729)
Accept: text/html, image/gif, image/jpeg, *; q=.2, */*; q=.2
Content-Length: 333
Host: localhost:8080
</requestHeader>
  <responseData class="java.lang.String">@0`1`4`2``0`UC`1`Status`OK`SWEC`6`SRN`xK7T2pIB2ZOV15hwlQxQF5reKcoUB8VpMTZr7we8uAEb`15`0`ResultSet`0`Dismiss All Button`Dismiss All`Minutes Label`minutes`strSnoozeTimes`5|10|15|20|30|60|90|120`Snooze For Label`Snooze For:`Start Time Label`Start:`Snooze All Button`Snooze All`Title`Siebel Reminder`Dismiss Button`Dismiss`Next Button`Next &gt;`Snooze Button`Snooze`End Time Label`End:`Close Button`Close`Description Label`Description:`Type Label`Type:`Previous Button`&lt; Previous`1`6`Command Manager`0`RefreshToolbar`true`7`0`StateToolBar`0`#35`true`#36`true`#17`true`#34`true`#8`false`#37`true`#38`true`0`1`StateExToolBar`0`1`0`#35`0`Checked`false`0`3`FlagsToolBar`0`3`0`#8`0`SWESP`true`SWEH`0`SWEW`0`3`0`#34`0`SWESP`true`SWEH`600`SWEW`800`3`0`#36`0`SWESP`true`SWEH`20`SWEW`380`3`0`State`0`#27`false`#26`false`#28`false`0`3`StateEx`0`0`0`#26`0`0`0`#27`0`1`0`#28`0`Checked`false`0`0`Flags`0`</responseData>
  <responseFile class="java.lang.String"></responseFile>
  <cookies class="java.lang.String">_sn=GXmoeGkdwh1O45lrH7mMIZnLMWvqHkVWiQKqDOICOq1fi95anXYMaCRAX879ujDRD9kS4J75N4kGDX576Q2AKmwZPUBih-4NS80Pc1189OxasEbdAsHiEtIhcnCzZ0zWb5V6QpVraL0TTGU4ktkGZq374g8C0pUBRhKVASKeW21TgUW5eIkswq97I-.qG-kr; SWEUAID=SWEUAID</cookies>
  <method class="java.lang.String">POST</method>
  <queryString class="java.lang.String">SWEC=6&amp;SWEMethod=GetAlarms&amp;SWERPC=1&amp;SWEActiveApplet=Layout+Controls+Applet&amp;SWECmd=InvokeMethod&amp;SRN=xK7T2pIB2ZOV15hwlQxQF5reKcoUB8VpMTZr7we8uAEb&amp;SWEIPS=%400*0*5*0*0*3*0*8*interval4*151513*packUIStrings4*true9*alarmDate9*6%2F23%2F20205*SWEJI5*false3*now8*13%3A48%3A59&amp;SWEActiveView=CUT+Home+Page+View+%28CME%29&amp;SWEService=Alarm+Manager</queryString>
  <java.net.URL>http://localhost:8080/ecommunications_enu_nsm_aps05524a027/start.swe</java.net.URL>
</httpSample>
<httpSample t="{{\d+}}" it="0" lt="{{\d+}}" ct="{{\d+}}" ts="{{\d+}}" s="true" lb="{{\d+}} /ecommunications_enu_nsm_aps05524a027/start.swe" rc="200" rm="OK" tn="Thread Group 1-1" dt="text" de="utf-8" by="35361" sby="862" sc="1" ec="0" ng="1" na="1" hn="{{.*?}}">
  <responseHeader class="java.lang.String">HTTP/1.1 200 OK
Connection: close
Server: Oracle-iPlanet-Web-Server/7.0
Date: Tue, 23 Jun 2020 12:49:08 GMT
Content-Language: en
Cache-Control: no-cache
Swerpc: true
Content-Type: text/html;charset=utf-8
Matched-Stub-Id: {{\w+-\w+-\w+-\w+-\w+}}
Vary: Accept-Encoding, User-Agent
</responseHeader>
  <requestHeader class="java.lang.String">Connection: close
Content-Type: application/x-www-form-urlencoded
DNT: 1
Accept-Encoding: deflate
Pragma: no-cache
User-Agent: Mozilla/4.0 (compatible; MSIE 7.0; Windows NT 6.3; WOW64; Trident/7.0; .NET4.0E; .NET4.0C; .NET CLR 3.5.30729; .NET CLR 2.0.50727; .NET CLR 3.0.30729)
Accept: text/html, image/gif, image/jpeg, *; q=.2, */*; q=.2
Content-Length: 185
Host: localhost:8080
</requestHeader>
  <responseData class="java.lang.String">@0`1`7`3``0`Target`top._sweclient._swecontent._sweview`UC`1`ViewId``Status`NewLayout`View`BT Search View`SWEC`7`SRN`xK7T2pIB2ZOV15hwlQxQF5reKcoUB8VpMTZr7we8uAEb`0`5`api`0`2`0`sc`0`rqc`7`v`6*Search7*ECRData8*ECR Data13*CreateContact14*Create Contact18*NewCustomerAccount12*New Customer8*CreateCA8*ClearAll10*BTClearAll25*Quick Installation Finder24*Quick Availability Check12*QuickInstall15*Go To Agent.Com8*AgentCom12*ToggleLayout16*Telephone Number43*Telephone No/Service ID/Sky Viewing Card No15*TelephoneNumber11*Progressive15*Search Customer5*Quick14*Search Contact11*AccountCode12*Account Code17*AccountCodeSearch15*Billing Account14*BillingAccount12*Company Name11*CompanyName12*House Number23*Street No/Building Name11*HouseNumber8*Postcode10*SRFaultNum15*SR/Fault Number11*OrderNumber13*Email Address12*EmailAddress13*OpportunityId14*Opportunity Id20*BillingAccountSearch14*PostcodeSearch15*CustomerAddress15*PostcodeSearch214*ContactAddress13*OrderNoSearch7*OrderNo18*EmailAddressSearch9*Emailaddr19*OpportunityIdSearch13*SRFaultSearch7*SRFault17*CompanyNameSearch18*BT Extended Search15*Extended Search14*ExtendedSearch11*Sub Premise10*SubPremise20*ContactIntegrationId22*Contact Integration ID19*IntegrationIDSearch13*IntegrationID11*Street Name10*StreetName10*ONT Ref ID8*ONTRefID24*ServicePointONTRefSearch9*Post Town4*Town17*Sky Subscriber Id22*VSID/Sky Subscriber Id17*SupplierServiceId21*SkySubscriberIdSearch7*EIN/UIN9*EINSearch12*EINUINSearch16*BTForgotPassword10*EditRecord11*ResetRecord11*ContactName9*SearchAll13*PositionOnRow18*BT Forgot Password9*ButtonNew10*First Name9*Last Name10*Search All11*WebNewTitle14*SaveEditRecord7*Results7*Proceed34*&lt;Font Color=&apos;Green&apos;&gt;Proceed&lt;/Font&gt;17*GetAccountManager19*Get Account Manager21*CreateCustomerAccount15*Create Customer14*CreateCAforBAC6*Finish31*&lt;Font Color=&apos;Red&apos;&gt;Finish&lt;/Font&gt;17*BT Search Address14*Search Address13*SearchAddress18*Forgotten Password8*HTML Div13*BT Read Audit8*DataType13*AccountStatus13*StreetAddress7*Address18*StreetAddress Show13*Postcode Show19*Billing Account No.19*BillingAccount Show5*Email14*AccountManager15*Account Manager10*ReferPhNum19*Refer Telephone No.6*Sector13*BillingStatus14*Billing Status19*BT Line of Business16*Line of Business16*BTLOBDescription13*BT Sub Sector10*Sub Sector22*BTSubSectorDescription9*AddressId10*Address Id10*CustomerId11*Customer ID21*CustomerIntegrationId9*ContactId10*Contact ID5*Brand4*Find13*QueryComboBox13*QuerySrchSpec17*PopupQueryExecute6*LECode10*AssetRowId11*AssetStatus12*BillAccRowId12*CompanyRowId13*ConsumerRowId12*ContactRowId10*OrderRowId10*QuoteRowId10*Restricted7*SRRowId9*SiteRowId`0`1`nbo`0`2`2`boi`3``n`BT Search`z``0`1`nbc`0`1`2`bci`3`S_BC1`n`BT Search Criteria`0`19`fl`0`8`0`f`0`itx`1`n`229`sc`0`l`255`crf`215`dft`5`t`220`dn`230`8`0`f`0`itx`1`n`246`sc`0`l`255`crf`215`dft`5`t`220`dn`245`8`0`f`0`itx`1`n`251`sc`0`l`255`crf`215`dft`5`t`220`dn`252`8`0`f`0`itx`1`n`255`sc`0`l`255`crf`215`dft`5`t`220`dn`254`8`0`f`0`itx`1`n`257`sc`0`l`255`crf`215`dft`5`t`220`dn`256`8`0`f`0`itx`1`n`260`sc`0`l`255`crf`215`dft`5`t`220`dn`260`8`0`f`0`itx`1`n`261`sc`0`l`255`crf`215`dft`5`t`220`dn`261`8`0`f`0`itx`1`n`262`sc`0`l`255`crf`215`dft`5`t`220`dn`263`8`0`f`0`itx`1`n`264`sc`0`l`255`crf`215`dft`5`t`220`dn`158`8`0`f`0`itx`1`n`266`sc`0`l`255`crf`215`dft`5`t`220`dn`265`8`0`f`0`itx`1`n`267`sc`0`l`255`crf`215`dft`5`t`220`dn`267`8`0`f`0`itx`1`n`286`sc`0`l`255`crf`215`dft`5`t`220`dn`286`8`0`f`0`itx`1`n`287`sc`0`l`255`crf`215`dft`5`t`220`dn`287`8`0`f`0`itx`1`n`292`sc`0`l`255`crf`215`dft`5`t`220`dn`292`8`0`f`0`itx`1`n`294`sc`0`l`255`crf`215`dft`5`t`220`dn`294`8`0`f`0`itx`1`n`297`sc`0`l`255`crf`215`dft`5`t`220`dn`297`8`0`f`0`itx`1`n`300`sc`0`l`255`crf`215`dft`5`t`220`dn`300`8`0`f`0`itx`1`n`303`sc`0`l`255`crf`215`dft`5`t`220`dn`303`11`0`f`0`itx`1`n`183`sc`0`irq`1`l`15`crf`215`dft`5`ihn`1`iro`1`t`214`dn`183`3`2`rl`0`crnm`1`nmr`1`atr`0`2`0`r`0`v`28*Manual Search - No call data0*0*0*0*0*0*0*0*0*0*0*0*0*0*0*0*0*6*VRId-0`i`VRId-0`1`0`tr`0`v``0`1`nbc`0`2`2`bci`3`S_BC2`n`BT Search Results`cdl`1`0`19`fl`0`10`0`f`0`itx`1`n`333`sc`0`icl`1`l`255`crf`215`dft`5`iro`1`t`220`dn`333`8`0`f`0`itx`1`n`335`sc`0`l`255`crf`215`dft`5`t`220`dn`119`8`0`f`0`itx`1`n`99`sc`0`l`255`crf`215`dft`5`t`220`dn`99`10`0`f`0`itx`1`n`338`sc`0`icl`1`l`255`crf`215`dft`5`iro`1`t`220`dn`337`10`0`f`0`itx`1`n`339`sc`0`icl`1`l`255`crf`215`dft`5`iro`1`t`220`dn`261`8`0`f`0`itx`1`n`246`sc`0`l`255`crf`215`dft`5`t`220`dn`245`10`0`f`0`itx`1`n`341`sc`0`icl`1`l`255`crf`215`dft`5`iro`1`t`220`dn`340`8`0`f`0`itx`1`n`266`sc`0`l`255`crf`215`dft`5`t`220`dn`342`8`0`f`0`itx`1`n`343`sc`0`l`255`crf`215`dft`5`t`220`dn`344`8`0`f`0`itx`1`n`345`sc`0`l`255`crf`215`dft`5`t`220`dn`346`8`0`f`0`itx`1`n`347`sc`0`l`255`crf`215`dft`5`t`220`dn`347`8`0`f`0`itx`1`n`348`sc`0`l`255`crf`215`dft`5`t`220`dn`349`8`0`f`0`itx`1`n`352`sc`0`l`255`crf`215`dft`5`t`220`dn`351`8`0`f`0`itx`1`n`355`sc`0`l`255`crf`215`dft`5`t`220`dn`354`8`0`f`0`itx`1`n`356`sc`0`l`255`crf`215`dft`5`t`220`dn`357`8`0`f`0`itx`1`n`360`sc`0`l`255`crf`215`dft`5`t`220`dn`359`8`0`f`0`itx`1`n`287`sc`0`l`255`crf`215`dft`5`t`220`dn`362`8`0`f`0`itx`1`n`363`sc`0`l`255`crf`215`dft`5`t`220`dn`363`11`0`f`0`itx`1`n`183`sc`0`irq`1`l`15`crf`215`dft`5`ihn`1`iro`1`t`214`dn`183`3`1`rl`0`inrk`1`nmr`0`atr`-1`1`0`tr`0`v``1`1`nv`0`imv`1`7`3`vi`3``vt`STANDARD`ich`0`n`BT Search View`dpq`1`pu`http://localhost:8080/ecommunications_enu_nsm_aps05524a027/start.swe`tt`Search`tb`&lt;span id=&apos;s_tb&apos;&gt;&lt;table datatable=&quot;0&quot; summary=&quot;&quot; cellpadding=&quot;0&quot; cellspacing=&quot;0&quot; border=&quot;0&quot;&gt;&lt;tr&gt;&lt;/tr&gt;&lt;/table&gt;&lt;/span&gt;`0`1`na`0`18`2`ai`3`S_A1`nfi`1`n`BT Search Criteria Form Applet`cud`3*2981*13*3111*13*2821*13*2931*13*2961*13*2381*13*2911*13*2851*13*2331*13*3121*13*3061*12*291*13*3071*13*2511*13*2531*13*2541*13*2691*13*2561*13*2811*13*3081*13*2361*13*2311*13*2411*13*2291*03*2871*13*2651*13*3041*13*2761*13*2891*13*2951*13*3011*13*3131*03*2581*13*3141*03*2671*13*2781*13*1581*13*2741*13*2611*13*2701*13*2721*13*2471*13*2491*13*2621*13*2791*13*3151*13*3021*13*2441*13*3161*12*121*12*451*12*401*13*3171*12*391*12*441*13*3101*12*431*12*271*12*311*13*2431*1`dqy`1`cik`3*3051*03*2841*13*2401*13*2351*02*291*03*3061*03*3071*13*2511*13*2551*13*2571*13*3081*03*2371*13*2311*13*2421*13*3031*13*2771*13*2901*13*2951*13*3001*13*2671*13*2751*13*2711*13*2731*13*2471*13*2491*13*2801*13*3091*02*451*12*401*12*311*12*391*02*441*13*3101*12*431*02*271*03*2431*12*211*12*221*12*231*12*241*12*251*02*261*02*281*02*301*02*321*02*331*12*341*02*351*02*361*02*371*02*381*12*411*02*421*12*201*02*461*12*471*12*481*02*491*02*501*02*511*02*521*02*531*02*541*12*551*12*561*02*571*1`shd`37*BT_Search_Criteria_Form_Applet_Applet71*srf1592409810_444/bscripts/all/applet_bt_search_criteria_form_applet.js`asq`0`ied`1`vrn`S_A1`tt`228`inu`0`hmn`1`rsp`false`bnr`0`iem``bci`S_BC1`hlc`3*a_11*11*2`i`1`0`55`cl`0`22`0`c`0`pt`5`sp`s_1_1_49_0`dm`5`w`0`n`12`pw`0`ph`0`ju`6`sq`1997`pan`5`ibp`1`crf`8`sdy`0`h`0`iec`1`dft`5`ime`5`dmc`0`t`89`dn`228`fn`5`msz`32`23`0`c`0`pt`5`sp`s_1_1_23_0`dm`69`w`500`csq`1`n`229`pw`0`ph`0`ju`6`sq`1997`pan`5`ibp`1`crf`8`sdy`0`h`0`iec`1`dft`5`ime`5`dmc`0`t`4`dn`230`fn`229`msz`255`23`1`c`0`pt`5`sp`s_1_1_21_0`dm`7`w`0`n`231`pw`0`ph`0`ju`6`sq`1997`pan`5`mn`231`ibp`1`crf`8`sdy`0`h`0`iec`1`dft`5`ime`5`dmc`0`t`67`dn`232`fn`5`msz`32`13`0`imp`0`SWEField`s_1_1_21_0`SWENeedContext`true`SWER`0`SWESP`false`SWEMethod`CreateContact`SWECmd`InvokeMethod`SWEDIC`false`SWEReqRowId`0`SWEView`BT Search View`SWEC`7`SWEBID`-1`SRN`xK7T2pIB2ZOV15hwlQxQF5reKcoUB8VpMTZr7we8uAEb`SWEApplet`BT Search Criteria Form Applet`23`1`c`0`pt`5`sp`s_1_1_8_0`dm`7`w`0`n`233`pw`0`ph`0`ju`6`sq`1997`pan`5`mn`235`ibp`1`crf`8`sdy`0`h`0`iec`1`dft`5`ime`5`dmc`0`t`67`dn`234`fn`5`msz`32`13`0`imp`0`SWEField`s_1_1_8_0`SWENeedContext`true`SWER`0`SWESP`false`SWEMethod`CreateCA`SWECmd`InvokeMethod`SWEDIC`false`SWEReqRowId`0`SWEView`BT Search View`SWEC`7`SWEBID`-1`SRN`xK7T2pIB2ZOV15hwlQxQF5reKcoUB8VpMTZr7we8uAEb`SWEApplet`BT Search Criteria Form Applet`23`1`c`0`pt`5`sp`s_1_1_20_0`dm`7`w`0`n`236`pw`0`ph`0`ju`6`sq`1997`pan`5`mn`237`ibp`1`crf`8`sdy`0`h`0`iec`1`dft`5`ime`5`dmc`0`t`67`dn`236`fn`5`msz`32`13`0`imp`0`SWEField`s_1_1_20_0`SWENeedContext`true`SWER`0`SWESP`false`SWEMethod`BTClearAll`SWECmd`InvokeMethod`SWEDIC`false`SWEReqRowId`0`SWEView`BT Search View`SWEC`7`SWEBID`-1`SRN`xK7T2pIB2ZOV15hwlQxQF5reKcoUB8VpMTZr7we8uAEb`SWEApplet`BT Search Criteria Form Applet`23`1`c`0`pt`5`sp`s_1_1_5_0`dm`7`w`120`n`238`pw`0`ph`0`ju`6`sq`1997`pan`5`mn`240`ibp`1`crf`8`sdy`0`h`24`iec`1`dft`5`ime`5`dmc`0`t`67`dn`239`fn`5`msz`32`13`0`imp`0`SWEField`s_1_1_5_0`SWENeedContext`true`SWER`0`SWESP`false`SWEMethod`QuickInstall`SWECmd`InvokeMethod`SWEDIC`false`SWEReqRowId`0`SWEView`BT Search View`SWEC`7`SWEBID`-1`SRN`xK7T2pIB2ZOV15hwlQxQF5reKcoUB8VpMTZr7we8uAEb`SWEApplet`BT Search Criteria Form Applet`23`1`c`0`pt`5`sp`s_1_1_22_0`dm`7`w`0`n`241`pw`0`ph`0`ju`6`sq`1997`pan`5`mn`242`ibp`1`crf`8`sdy`0`h`0`iec`1`dft`5`ime`5`dmc`0`t`67`dn`241`fn`5`msz`32`13`0`imp`0`SWEField`s_1_1_22_0`SWENeedContext`true`SWER`0`SWESP`false`SWEMethod`AgentCom`SWECmd`InvokeMethod`SWEDIC`false`SWEReqRowId`0`SWEView`BT Search View`SWEC`7`SWEBID`-1`SRN`xK7T2pIB2ZOV15hwlQxQF5reKcoUB8VpMTZr7we8uAEb`SWEApplet`BT Search Criteria Form Applet`25`1`c`0`pt`5`sp`s_1_1_59_0`dm`5`w`0`n`243`eb`&lt;img src=&quot;images/btn_more.gif&quot; border=&quot;0&quot; space=&quot;0&quot; hspace=&quot;0&quot; alt=&quot;Show more&quot;  title=&quot;Show more&quot; &gt;`pw`0`ph`0`ju`6`sq`1997`pan`5`icm`243`mn`243`ibp`1`crf`8`sdy`0`h`0`iec`1`dft`5`ime`5`dmc`0`t`10`dn`5`fn`5`msz`32`13`0`imp`0`SWEField`s_1_1_59_0`SWENeedContext`true`SWER`0`SWESP`false`SWEMethod`ToggleLayout`SWECmd`InvokeMethod`SWEDIC`false`SWEReqRowId`0`SWEView`BT Search View`SWEC`7`SWEBID`-1`SRN`xK7T2pIB2ZOV15hwlQxQF5reKcoUB8VpMTZr7we8uAEb`SWEApplet`BT Search Criteria Form Applet`23`0`c`0`pt`5`sp`s_1_1_47_0`dm`5`w`120`csq`1`n`244`pw`0`ph`0`ju`6`sq`1997`pan`5`ibp`1`crf`8`sdy`0`h`24`iec`1`dft`5`ime`5`dmc`0`t`4`dn`245`fn`246`msz`255`23`1`c`0`pt`5`sp`s_1_1_41_0`dm`7`w`120`n`247`pw`0`ph`0`ju`6`sq`1997`pan`5`mn`247`ibp`1`crf`8`sdy`0`h`24`iec`1`dft`5`ime`5`dmc`0`t`67`dn`248`fn`5`msz`32`13`0`imp`0`SWEField`s_1_1_41_0`SWENeedContext`true`SWER`0`SWESP`false`SWEMethod`Progressive`SWECmd`InvokeMethod`SWEDIC`false`SWEReqRowId`0`SWEView`BT Search View`SWEC`7`SWEBID`-1`SRN`xK7T2pIB2ZOV15hwlQxQF5reKcoUB8VpMTZr7we8uAEb`SWEApplet`BT Search Criteria Form Applet`23`1`c`0`pt`5`sp`s_1_1_42_0`dm`7`w`120`n`249`pw`0`ph`0`ju`6`sq`1997`pan`5`mn`249`ibp`1`crf`8`sdy`0`h`24`iec`1`dft`5`ime`5`dmc`0`t`67`dn`250`fn`5`msz`32`13`0`imp`0`SWEField`s_1_1_42_0`SWENeedContext`true`SWER`0`SWESP`false`SWEMethod`Quick`SWECmd`InvokeMethod`SWEDIC`false`SWEReqRowId`0`SWEView`BT Search View`SWEC`7`SWEBID`-1`SRN`xK7T2pIB2ZOV15hwlQxQF5reKcoUB8VpMTZr7we8uAEb`SWEApplet`BT Search Criteria Form Applet`23`0`c`0`pt`5`sp`s_1_1_13_0`dm`5`w`240`csq`1`n`251`pw`0`ph`0`ju`6`sq`1997`pan`5`ibp`1`crf`8`sdy`0`h`24`iec`1`dft`5`ime`5`dmc`0`t`4`dn`252`fn`251`msz`255`23`1`c`0`pt`5`sp`s_1_1_14_0`dm`7`w`120`n`253`pw`0`ph`0`ju`6`sq`1997`pan`5`mn`251`ibp`1`crf`8`sdy`0`h`24`iec`1`dft`5`ime`5`dmc`0`t`67`dn`228`fn`5`msz`32`13`0`imp`0`SWEField`s_1_1_14_0`SWENeedContext`true`SWER`0`SWESP`false`SWEMethod`AccountCode`SWECmd`InvokeMethod`SWEDIC`false`SWEReqRowId`0`SWEView`BT Search View`SWEC`7`SWEBID`-1`SRN`xK7T2pIB2ZOV15hwlQxQF5reKcoUB8VpMTZr7we8uAEb`SWEApplet`BT Search Criteria Form Applet`23`0`c`0`pt`5`sp`s_1_1_15_0`dm`5`w`120`csq`1`n`254`pw`0`ph`0`ju`6`sq`1997`pan`5`ibp`1`crf`8`sdy`0`h`24`iec`1`dft`5`ime`5`dmc`0`t`4`dn`254`fn`255`msz`255`23`0`c`0`pt`5`sp`s_1_1_17_0`dm`5`w`120`csq`1`n`256`pw`0`ph`0`ju`6`sq`1997`pan`5`ibp`1`crf`8`sdy`0`h`24`iec`1`dft`5`ime`5`dmc`0`t`4`dn`256`fn`257`msz`255`23`0`c`0`pt`5`sp`s_1_1_32_0`dm`5`w`120`csq`1`n`258`pw`0`ph`0`ju`6`sq`1997`pan`5`ibp`1`crf`8`sdy`0`h`24`iec`1`dft`5`ime`5`dmc`0`t`4`dn`259`fn`260`msz`255`23`0`c`0`pt`5`sp`s_1_1_38_0`dm`5`w`120`csq`1`n`261`pw`0`ph`0`ju`6`sq`1997`pan`5`ibp`1`crf`8`sdy`0`h`24`iec`1`dft`5`ime`5`dmc`0`t`4`dn`261`fn`261`msz`255`23`0`c`0`pt`5`sp`s_1_1_43_0`dm`5`w`240`csq`1`n`262`pw`0`ph`0`ju`6`sq`1997`pan`5`ibp`1`crf`8`sdy`0`h`24`iec`1`dft`5`ime`5`dmc`0`t`4`dn`263`fn`262`msz`255`23`0`c`0`pt`5`sp`s_1_1_36_0`dm`5`w`240`csq`1`n`158`pw`0`ph`0`ju`6`sq`1997`pan`5`ibp`1`crf`8`sdy`0`h`24`iec`1`dft`5`ime`5`dmc`0`t`4`dn`158`fn`264`msz`255`23`0`c`0`pt`5`sp`s_1_1_25_0`dm`5`w`240`csq`1`n`265`pw`0`ph`0`ju`6`sq`1997`pan`5`ibp`1`crf`8`sdy`0`h`24`iec`1`dft`5`ime`5`dmc`0`t`4`dn`265`fn`266`msz`255`23`0`c`0`pt`5`sp`s_1_1_34_0`dm`5`w`240`csq`1`n`267`pw`0`ph`0`ju`6`sq`1997`pan`5`ibp`1`crf`8`sdy`0`h`24`iec`1`dft`5`ime`5`dmc`0`t`4`dn`268`fn`267`msz`255`23`1`c`0`pt`5`sp`s_1_1_16_0`dm`7`w`120`n`269`pw`0`ph`0`ju`6`sq`1997`pan`5`mn`255`ibp`1`crf`8`sdy`0`h`24`iec`1`dft`5`ime`5`dmc`0`t`67`dn`228`fn`5`msz`32`13`0`imp`0`SWEField`s_1_1_16_0`SWENeedContext`true`SWER`0`SWESP`false`SWEMethod`BillingAccount`SWECmd`InvokeMethod`SWEDIC`false`SWEReqRowId`0`SWEView`BT Search View`SWEC`7`SWEBID`-1`SRN`xK7T2pIB2ZOV15hwlQxQF5reKcoUB8VpMTZr7we8uAEb`SWEApplet`BT Search Criteria Form Applet`23`1`c`0`pt`5`sp`s_1_1_39_0`dm`7`w`120`n`270`pw`0`ph`0`ju`6`sq`1997`pan`5`mn`271`ibp`1`crf`8`sdy`0`h`24`iec`1`dft`5`ime`5`dmc`0`t`67`dn`248`fn`5`msz`32`13`0`imp`0`SWEField`s_1_1_39_0`SWENeedContext`true`SWER`0`SWESP`false`SWEMethod`CustomerAddress`SWECmd`InvokeMethod`SWEDIC`false`SWEReqRowId`0`SWEView`BT Search View`SWEC`7`SWEBID`-1`SRN`xK7T2pIB2ZOV15hwlQxQF5reKcoUB8VpMTZr7we8uAEb`SWEApplet`BT Search Criteria Form Applet`23`1`c`0`pt`5`sp`s_1_1_40_0`dm`7`w`120`n`272`pw`0`ph`0`ju`6`sq`1997`pan`5`mn`273`ibp`1`crf`8`sdy`0`h`24`iec`1`dft`5`ime`5`dmc`0`t`67`dn`250`fn`5`msz`32`13`0`imp`0`SWEField`s_1_1_40_0`SWENeedContext`true`SWER`0`SWESP`false`SWEMethod`ContactAddress`SWECmd`InvokeMethod`SWEDIC`false`SWEReqRowId`0`SWEView`BT Search View`SWEC`7`SWEBID`-1`SRN`xK7T2pIB2ZOV15hwlQxQF5reKcoUB8VpMTZr7we8uAEb`SWEApplet`BT Search Criteria Form Applet`23`0`c`0`pt`5`sp`s_1_1_15_0`dm`5`w`120`csq`1`n`254`pw`0`ph`0`ju`6`sq`1997`pan`5`ibp`1`crf`8`sdy`0`h`24`iec`1`dft`5`ime`5`dmc`0`t`4`dn`254`fn`255`msz`255`23`1`c`0`pt`5`sp`s_1_1_16_0`dm`7`w`120`n`269`pw`0`ph`0`ju`6`sq`1997`pan`5`mn`255`ibp`1`crf`8`sdy`0`h`24`iec`1`dft`5`ime`5`dmc`0`t`67`dn`228`fn`5`msz`32`13`0`imp`0`SWEField`s_1_1_16_0`SWENeedContext`true`SWER`0`SWESP`false`SWEMethod`BillingAccount`SWECmd`InvokeMethod`SWEDIC`false`SWEReqRowId`0`SWEView`BT Search View`SWEC`7`SWEBID`-1`SRN`xK7T2pIB2ZOV15hwlQxQF5reKcoUB8VpMTZr7we8uAEb`SWEApplet`BT Search Criteria Form Applet`23`0`c`0`pt`5`sp`s_1_1_43_0`dm`5`w`240`csq`1`n`262`pw`0`ph`0`ju`6`sq`1997`pan`5`ibp`1`crf`8`sdy`0`h`24`iec`1`dft`5`ime`5`dmc`0`t`4`dn`263`fn`262`msz`255`23`1`c`0`pt`5`sp`s_1_1_37_0`dm`7`w`120`n`274`pw`0`ph`0`ju`6`sq`1997`pan`5`mn`275`ibp`1`crf`8`sdy`0`h`24`iec`1`dft`5`ime`5`dmc`0`t`67`dn`228`fn`5`msz`32`13`0`imp`0`SWEField`s_1_1_37_0`SWENeedContext`true`SWER`0`SWESP`false`SWEMethod`OrderNo`SWECmd`InvokeMethod`SWEDIC`false`SWEReqRowId`0`SWEView`BT Search View`SWEC`7`SWEBID`-1`SRN`xK7T2pIB2ZOV15hwlQxQF5reKcoUB8VpMTZr7we8uAEb`SWEApplet`BT Search Criteria Form Applet`23`1`c`0`pt`5`sp`s_1_1_27_0`dm`7`w`120`n`276`pw`0`ph`0`ju`6`sq`1997`pan`5`mn`277`ibp`1`crf`8`sdy`0`h`24`iec`1`dft`5`ime`5`dmc`0`t`67`dn`228`fn`5`msz`32`13`0`imp`0`SWEField`s_1_1_27_0`SWENeedContext`true`SWER`0`SWESP`false`SWEMethod`Emailaddr`SWECmd`InvokeMethod`SWEDIC`false`SWEReqRowId`0`SWEView`BT Search View`SWEC`7`SWEBID`-1`SRN`xK7T2pIB2ZOV15hwlQxQF5reKcoUB8VpMTZr7we8uAEb`SWEApplet`BT Search Criteria Form Applet`23`1`c`0`pt`5`sp`s_1_1_35_0`dm`7`w`120`n`278`pw`0`ph`0`ju`6`sq`1997`pan`5`mn`267`ibp`1`crf`8`sdy`0`h`24`iec`1`dft`5`ime`5`dmc`0`t`67`dn`228`fn`5`msz`32`13`0`imp`0`SWEField`s_1_1_35_0`SWENeedContext`true`SWER`0`SWESP`false`SWEMethod`OpportunityId`SWECmd`InvokeMethod`SWEDIC`false`SWEReqRowId`0`SWEView`BT Search View`SWEC`7`SWEBID`-1`SRN`xK7T2pIB2ZOV15hwlQxQF5reKcoUB8VpMTZr7we8uAEb`SWEApplet`BT Search Criteria Form Applet`23`1`c`0`pt`5`sp`s_1_1_44_0`dm`7`w`120`n`279`pw`0`ph`0`ju`6`sq`1997`pan`5`mn`280`ibp`1`crf`8`sdy`0`h`24`iec`1`dft`5`ime`5`dmc`0`t`67`dn`228`fn`5`msz`32`13`0`imp`0`SWEField`s_1_1_44_0`SWENeedContext`true`SWER`0`SWESP`false`SWEMethod`SRFault`SWECmd`InvokeMethod`SWEDIC`false`SWEReqRowId`0`SWEView`BT Search View`SWEC`7`SWEBID`-1`SRN`xK7T2pIB2ZOV15hwlQxQF5reKcoUB8VpMTZr7we8uAEb`SWEApplet`BT Search Criteria Form Applet`23`0`c`0`pt`5`sp`s_1_1_17_0`dm`5`w`120`csq`1`n`256`pw`0`ph`0`ju`6`sq`1997`pan`5`ibp`1`crf`8`sdy`0`h`24`iec`1`dft`5`ime`5`dmc`0`t`4`dn`256`fn`257`msz`255`23`1`c`0`pt`5`sp`s_1_1_18_0`dm`7`w`120`n`281`pw`0`ph`0`ju`6`sq`1997`pan`5`mn`257`ibp`1`crf`8`sdy`0`h`24`iec`1`dft`5`ime`5`dmc`0`t`67`dn`228`fn`5`msz`32`13`0`imp`0`SWEField`s_1_1_18_0`SWENeedContext`true`SWER`0`SWESP`false`SWEMethod`CompanyName`SWECmd`InvokeMethod`SWEDIC`false`SWEReqRowId`0`SWEView`BT Search View`SWEC`7`SWEBID`-1`SRN`xK7T2pIB2ZOV15hwlQxQF5reKcoUB8VpMTZr7we8uAEb`SWEApplet`BT Search Criteria Form Applet`23`1`c`0`pt`5`sp`s_1_1_2_0`dm`7`w`120`n`282`pw`0`ph`0`ju`6`sq`1997`pan`5`mn`284`ibp`1`crf`8`sdy`0`h`24`iec`1`dft`5`ime`5`dmc`0`t`67`dn`283`fn`5`msz`32`13`0`imp`0`SWEField`s_1_1_2_0`SWENeedContext`true`SWER`0`SWESP`false`SWEMethod`ExtendedSearch`SWECmd`InvokeMethod`SWEDIC`false`SWEReqRowId`0`SWEView`BT Search View`SWEC`7`SWEBID`-1`SRN`xK7T2pIB2ZOV15hwlQxQF5reKcoUB8VpMTZr7we8uAEb`SWEApplet`BT Search Criteria Form Applet`23`0`c`0`pt`5`sp`s_1_1_36_0`dm`5`w`240`csq`1`n`158`pw`0`ph`0`ju`6`sq`1997`pan`5`ibp`1`crf`8`sdy`0`h`24`iec`1`dft`5`ime`5`dmc`0`t`4`dn`158`fn`264`msz`255`23`1`c`0`pt`5`sp`s_1_1_37_0`dm`7`w`120`n`274`pw`0`ph`0`ju`6`sq`1997`pan`5`mn`275`ibp`1`crf`8`sdy`0`h`24`iec`1`dft`5`ime`5`dmc`0`t`67`dn`228`fn`5`msz`32`13`0`imp`0`SWEField`s_1_1_37_0`SWENeedContext`true`SWER`0`SWESP`false`SWEMethod`OrderNo`SWECmd`InvokeMethod`SWEDIC`false`SWEReqRowId`0`SWEView`BT Search View`SWEC`7`SWEBID`-1`SRN`xK7T2pIB2ZOV15hwlQxQF5reKcoUB8VpMTZr7we8uAEb`SWEApplet`BT Search Criteria Form Applet`23`0`c`0`pt`5`sp`s_1_1_38_0`dm`5`w`120`csq`1`n`261`pw`0`ph`0`ju`6`sq`1997`pan`5`ibp`1`crf`8`sdy`0`h`24`iec`1`dft`5`ime`5`dmc`0`t`4`dn`261`fn`261`msz`255`23`1`c`0`pt`5`sp`s_1_1_39_0`dm`7`w`120`n`270`pw`0`ph`0`ju`6`sq`1997`pan`5`mn`271`ibp`1`crf`8`sdy`0`h`24`iec`1`dft`5`ime`5`dmc`0`t`67`dn`248`fn`5`msz`32`13`0`imp`0`SWEField`s_1_1_39_0`SWENeedContext`true`SWER`0`SWESP`false`SWEMethod`CustomerAddress`SWECmd`InvokeMethod`SWEDIC`false`SWEReqRowId`0`SWEView`BT Search View`SWEC`7`SWEBID`-1`SRN`xK7T2pIB2ZOV15hwlQxQF5reKcoUB8VpMTZr7we8uAEb`SWEApplet`BT Search Criteria Form Applet`23`1`c`0`pt`5`sp`s_1_1_40_0`dm`7`w`120`n`272`pw`0`ph`0`ju`6`sq`1997`pan`5`mn`273`ibp`1`crf`8`sdy`0`h`24`iec`1`dft`5`ime`5`dmc`0`t`67`dn`250`fn`5`msz`32`13`0`imp`0`SWEField`s_1_1_40_0`SWENeedContext`true`SWER`0`SWESP`false`SWEMethod`ContactAddress`SWECmd`InvokeMethod`SWEDIC`false`SWEReqRowId`0`SWEView`BT Search View`SWEC`7`SWEBID`-1`SRN`xK7T2pIB2ZOV15hwlQxQF5reKcoUB8VpMTZr7we8uAEb`SWEApplet`BT Search Criteria Form Applet`23`0`c`0`pt`5`sp`s_1_1_25_0`dm`5`w`240`csq`1`n`265`pw`0`ph`0`ju`6`sq`1997`pan`5`ibp`1`crf`8`sdy`0`h`24`iec`1`dft`5`ime`5`dmc`0`t`4`dn`265`fn`266`msz`255`23`1`c`0`pt`5`sp`s_1_1_27_0`dm`7`w`120`n`276`pw`0`ph`0`ju`6`sq`1997`pan`5`mn`277`ibp`1`crf`8`sdy`0`h`24`iec`1`dft`5`ime`5`dmc`0`t`67`dn`228`fn`5`msz`32`13`0`imp`0`SWEField`s_1_1_27_0`SWENeedContext`true`SWER`0`SWESP`false`SWEMethod`Emailaddr`SWECmd`InvokeMethod`SWEDIC`false`SWEReqRowId`0`SWEView`BT Search View`SWEC`7`SWEBID`-1`SRN`xK7T2pIB2ZOV15hwlQxQF5reKcoUB8VpMTZr7we8uAEb`SWEApplet`BT Search Criteria Form Applet`23`0`c`0`pt`5`sp`s_1_1_7_0`dm`5`w`120`csq`1`n`285`pw`0`ph`0`ju`6`sq`1997`pan`5`ibp`1`crf`8`sdy`0`h`24`iec`1`dft`5`ime`5`dmc`0`t`4`dn`285`fn`286`msz`255`23`0`c`0`pt`5`sp`s_1_1_34_0`dm`5`w`240`csq`1`n`267`pw`0`ph`0`ju`6`sq`1997`pan`5`ibp`1`crf`8`sdy`0`h`24`iec`1`dft`5`ime`5`dmc`0`t`4`dn`268`fn`267`msz`255`23`1`c`0`pt`5`sp`s_1_1_35_0`dm`7`w`120`n`278`pw`0`ph`0`ju`6`sq`1997`pan`5`mn`267`ibp`1`crf`8`sdy`0`h`24`iec`1`dft`5`ime`5`dmc`0`t`67`dn`228`fn`5`msz`32`13`0`imp`0`SWEField`s_1_1_35_0`SWENeedContext`true`SWER`0`SWESP`false`SWEMethod`OpportunityId`SWECmd`InvokeMethod`SWEDIC`false`SWEReqRowId`0`SWEView`BT Search View`SWEC`7`SWEBID`-1`SRN`xK7T2pIB2ZOV15hwlQxQF5reKcoUB8VpMTZr7we8uAEb`SWEApplet`BT Search Criteria Form Applet`23`0`c`0`pt`5`sp`s_1_1_32_0`dm`5`w`120`csq`1`n`258`pw`0`ph`0`ju`6`sq`1997`pan`5`ibp`1`crf`8`sdy`0`h`24`iec`1`dft`5`ime`5`dmc`0`t`4`dn`259`fn`260`msz`255`23`0`c`0`pt`5`sp`s_1_1_24_0`dm`5`w`240`csq`1`n`287`pw`0`ph`0`ju`6`sq`1997`pan`5`ibp`1`crf`8`sdy`0`h`24`iec`1`dft`5`ime`5`dmc`0`t`4`dn`288`fn`287`msz`255`23`1`c`0`pt`5`sp`s_1_1_28_0`dm`7`w`120`n`289`pw`0`ph`0`ju`6`sq`1997`pan`5`mn`290`ibp`1`crf`8`sdy`0`h`24`iec`1`dft`5`ime`5`dmc`0`t`67`dn`228`fn`5`msz`32`13`0`imp`0`SWEField`s_1_1_28_0`SWENeedContext`true`SWER`0`SWESP`false`SWEMethod`IntegrationID`SWECmd`InvokeMethod`SWEDIC`false`SWEReqRowId`0`SWEView`BT Search View`SWEC`7`SWEBID`-1`SRN`xK7T2pIB2ZOV15hwlQxQF5reKcoUB8VpMTZr7we8uAEb`SWEApplet`BT Search Criteria Form Applet`23`0`c`0`pt`5`sp`s_1_1_6_0`dm`5`w`120`csq`1`n`291`pw`0`ph`0`ju`6`sq`1997`pan`5`ibp`1`crf`8`sdy`0`h`24`iec`1`dft`5`ime`5`dmc`0`t`4`dn`291`fn`292`msz`255`23`0`c`0`pt`5`sp`s_1_1_3_0`dm`5`w`240`csq`1`n`293`pw`0`ph`0`ju`6`sq`1997`pan`5`ibp`1`crf`8`sdy`0`h`24`iec`1`dft`5`ime`5`dmc`0`t`4`dn`293`fn`294`msz`255`23`1`c`0`pt`5`sp`s_1_1_29_0`dm`7`w`120`n`295`pw`0`ph`0`ju`6`sq`1997`pan`5`mn`295`ibp`1`crf`8`sdy`0`h`24`iec`1`dft`5`ime`5`dmc`0`t`67`dn`228`fn`5`msz`32`13`0`imp`0`SWEField`s_1_1_29_0`SWENeedContext`true`SWER`0`SWESP`false`SWEMethod`ServicePointONTRefSearch`SWECmd`InvokeMethod`SWEDIC`false`SWEReqRowId`0`SWEView`BT Search View`SWEC`7`SWEBID`-1`SRN`xK7T2pIB2ZOV15hwlQxQF5reKcoUB8VpMTZr7we8uAEb`SWEApplet`BT Search Criteria Form Applet`23`0`c`0`pt`5`sp`s_1_1_4_0`dm`5`w`120`csq`1`n`296`pw`0`ph`0`ju`6`sq`1997`pan`5`ibp`1`crf`8`sdy`0`h`24`iec`1`dft`5`ime`5`dmc`0`t`4`dn`296`fn`297`msz`255`23`0`c`0`pt`5`sp`s_1_1_0_0`dm`7`w`240`csq`1`n`298`pw`0`ph`0`ju`6`sq`1997`pan`5`ibp`1`crf`8`sdy`0`h`24`iec`1`dft`5`ime`5`dmc`0`t`4`dn`299`fn`300`msz`255`23`1`c`0`pt`5`sp`s_1_1_30_0`dm`7`w`120`n`301`pw`0`ph`0`ju`6`sq`1997`pan`5`mn`300`ibp`1`crf`8`sdy`0`h`24`iec`1`dft`5`ime`5`dmc`0`t`67`dn`228`fn`5`msz`32`13`0`imp`0`SWEField`s_1_1_30_0`SWENeedContext`true`SWER`0`SWESP`false`SWEMethod`SupplierServiceId`SWECmd`InvokeMethod`SWEDIC`false`SWEReqRowId`0`SWEView`BT Search View`SWEC`7`SWEBID`-1`SRN`xK7T2pIB2ZOV15hwlQxQF5reKcoUB8VpMTZr7we8uAEb`SWEApplet`BT Search Criteria Form Applet`23`0`c`0`pt`5`sp`s_1_1_46_0`dm`5`w`120`csq`1`n`302`pw`0`ph`0`ju`6`sq`1997`pan`5`ibp`1`crf`8`sdy`0`h`24`iec`1`dft`5`ime`5`dmc`0`t`4`dn`302`fn`303`msz`255`23`1`c`0`pt`5`sp`s_1_1_26_0`dm`7`w`120`n`304`pw`0`ph`0`ju`6`sq`1997`pan`5`mn`303`ibp`1`crf`8`sdy`0`h`24`iec`1`dft`5`ime`5`dmc`0`t`67`dn`228`fn`5`msz`32`13`0`imp`0`SWEField`s_1_1_26_0`SWENeedContext`true`SWER`0`SWESP`false`SWEMethod`EINSearch`SWECmd`InvokeMethod`SWEDIC`false`SWEReqRowId`0`SWEView`BT Search View`SWEC`7`SWEBID`-1`SRN`xK7T2pIB2ZOV15hwlQxQF5reKcoUB8VpMTZr7we8uAEb`SWEApplet`BT Search Criteria Form Applet`1`0`cfm`0`DeleteRecord`IDS_SWE_DELETE_CONFIRM_WARNING`0`1`nla`0`20`4`ai`3`S_A2`nfi`1`n`BT Search Results List Applet`cud`3*3651*13*3661*13*3671*03*3281*03*3231*03*3261*03*3211*03*3191*02*121*03*1051*03*3061*02*451*02*401*02*391*02*441*02*291*03*3101*02*641*02*431*02*271*02*311*03*3321*03*3111*03*3681*03*3631*03*3561*03*3501*03*3531*03*3481*03*3611*03*3581*03*3691*03*3701*03*3711*03*3721*03*3731*03*3741*03*3751*03*3761*03*3771*03*3781*03*3471*03*3791*03*3341*02*991*03*3361*03*2611*03*2461*03*2661*03*2551*03*3431*03*3451*0`dqy`1`cik`3*3641*13*3301*03*3251*03*3261*13*3211*03*3191*03*3061*02*451*12*401*02*391*02*441*12*291*03*3101*02*201*02*431*02*271*02*311*03*3051*02*211*02*221*12*231*12*241*12*251*02*261*02*281*02*301*02*321*02*331*02*341*02*351*02*361*12*371*02*381*02*411*02*421*02*461*12*471*02*481*02*491*02*501*02*511*02*521*02*531*02*541*12*551*02*561*12*571*0`pf`VER_1.0_~0|DataType|100~0|Name|100~0|StreetAddress|200~0|Postcode|100~0|TelephoneNumber|100~0|BillingAccount|100~0|EmailAddress|100~0|AccountManager|100~0|ReferPhNum|100~1|AssetRowId|100~1|BillAccRowId|100~1|CompanyRowId|100~1|ConsumerRowId|100~1|ContactRowId|100~1|OrderRowId|100~1|QuoteRowId|100~1|SiteRowId|100~1|SRRowId|100~1|AssetStatus|100~0|Sector|100~1|Restricted|100~0|BillingStatus|100~0|BT Line of Business|100~0|BT Sub Sector|100~0|AddressId|100~0|CustomerId|100~0|ContactId|100~1|LECode|100~0|Brand|100`shd`36*BT_Search_Results_List_Applet_Applet70*srf1592409810_444/bscripts/all/applet_bt_search_results_list_applet.js`rct`10`asq`1`ied`1`vrn`S_A2`tt`318`inu`1`hmn`1`rsp`false`bnr`0`iem``bci`S_BC2`hlc`3*a_21*11*2`i`2`0`7`cl`0`23`1`c`0`pt`5`sp`s_2_1_7_0`dm`7`w`0`n`319`pw`0`ph`0`ju`6`sq`2997`pan`5`mn`319`ibp`1`crf`8`sdy`0`h`0`iec`1`dft`5`ime`5`dmc`0`t`67`dn`320`fn`5`msz`32`13`0`imp`0`SWEField`s_2_1_7_0`SWENeedContext`true`SWER`65535`SWESP`false`SWEMethod`Proceed`SWECmd`InvokeMethod`SWEDIC`false`SWEReqRowId`0`SWEView`BT Search View`SWEC`7`SWEBID`-1`SRN`xK7T2pIB2ZOV15hwlQxQF5reKcoUB8VpMTZr7we8uAEb`SWEApplet`BT Search Results List Applet`23`1`c`0`pt`5`sp`s_2_1_6_0`dm`7`w`0`n`321`pw`0`ph`0`ju`6`sq`2997`pan`5`mn`321`ibp`1`crf`8`sdy`0`h`0`iec`1`dft`5`ime`5`dmc`0`t`67`dn`322`fn`5`msz`32`13`0`imp`0`SWEField`s_2_1_6_0`SWENeedContext`true`SWER`65535`SWESP`false`SWEMethod`GetAccountManager`SWECmd`InvokeMethod`SWEDIC`false`SWEReqRowId`0`SWEView`BT Search View`SWEC`7`SWEBID`-1`SRN`xK7T2pIB2ZOV15hwlQxQF5reKcoUB8VpMTZr7we8uAEb`SWEApplet`BT Search Results List Applet`23`1`c`0`pt`5`sp`s_2_1_4_0`dm`7`w`0`n`323`pw`0`ph`0`ju`6`sq`2997`pan`5`mn`325`ibp`1`crf`8`sdy`0`h`0`iec`1`dft`5`ime`5`dmc`0`t`67`dn`324`fn`5`msz`32`13`0`imp`0`SWEField`s_2_1_4_0`SWENeedContext`true`SWER`65535`SWESP`false`SWEMethod`CreateCAforBAC`SWECmd`InvokeMethod`SWEDIC`false`SWEReqRowId`0`SWEView`BT Search View`SWEC`7`SWEBID`-1`SRN`xK7T2pIB2ZOV15hwlQxQF5reKcoUB8VpMTZr7we8uAEb`SWEApplet`BT Search Results List Applet`23`1`c`0`pt`5`sp`s_2_1_5_0`dm`7`w`0`n`326`pw`0`ph`0`ju`6`sq`2997`pan`5`mn`326`ibp`1`crf`8`sdy`0`h`0`iec`1`dft`5`ime`5`dmc`0`t`67`dn`327`fn`5`msz`32`13`0`imp`0`SWEField`s_2_1_5_0`SWENeedContext`true`SWER`65535`SWESP`false`SWEMethod`Finish`SWECmd`InvokeMethod`SWEDIC`false`SWEReqRowId`0`SWEView`BT Search View`SWEC`7`SWEBID`-1`SRN`xK7T2pIB2ZOV15hwlQxQF5reKcoUB8VpMTZr7we8uAEb`SWEApplet`BT Search Results List Applet`23`1`c`0`pt`5`sp`s_2_1_3_0`dm`7`w`0`n`328`pw`0`ph`0`ju`6`sq`2997`pan`5`mn`330`ibp`1`crf`8`sdy`0`h`0`iec`1`dft`5`ime`5`dmc`0`t`67`dn`329`fn`5`msz`32`13`0`imp`0`SWEField`s_2_1_3_0`SWENeedContext`true`SWER`65535`SWESP`false`SWEMethod`SearchAddress`SWECmd`InvokeMethod`SWEDIC`false`SWEReqRowId`0`SWEView`BT Search View`SWEC`7`SWEBID`-1`SRN`xK7T2pIB2ZOV15hwlQxQF5reKcoUB8VpMTZr7we8uAEb`SWEApplet`BT Search Results List Applet`23`1`c`0`pt`5`sp`s_2_1_22_0`dm`7`w`0`n`311`pw`0`ph`0`ju`6`sq`2997`pan`5`mn`305`ibp`1`crf`8`sdy`0`h`0`iec`1`dft`5`ime`5`dmc`0`t`67`dn`331`fn`5`msz`32`13`0`imp`0`SWEField`s_2_1_22_0`SWENeedContext`true`SWER`65535`SWESP`false`SWEMethod`BTForgotPassword`SWECmd`InvokeMethod`SWEDIC`false`SWEReqRowId`0`SWEView`BT Search View`SWEC`7`SWEBID`-1`SRN`xK7T2pIB2ZOV15hwlQxQF5reKcoUB8VpMTZr7we8uAEb`SWEApplet`BT Search Results List Applet`23`0`c`0`pt`5`sp`s_2_1_21_0`dm`7`w`0`csq`1`n`332`pw`0`ph`0`ju`6`sq`2997`pan`5`ibp`1`crf`8`sdy`0`h`0`iec`1`dft`5`ime`5`dmc`0`t`10`dn`5`fn`333`msz`255`1`0`cfm`0`DeleteRecord`IDS_SWE_DELETE_CONFIRM_WARNING`0`17`col`0`24`0`co`0`pt`5`sp`s_2_2_43_`dm`7`w`100`csq`1`n`334`pw`0`ph`0`ju`6`sq`2997`pan`5`ibp`1`crf`8`sdy`0`h`0`iec`1`dft`5`cix`0`ime`5`dmc`0`t`4`dn`119`fn`335`msz`255`24`0`co`0`pt`5`sp`s_2_2_44_`dm`7`w`100`csq`1`n`99`pw`0`ph`0`ju`6`sq`2997`pan`5`ibp`1`crf`8`sdy`0`h`0`iec`1`dft`5`cix`1`ime`5`dmc`0`t`4`dn`99`fn`99`msz`255`24`0`co`0`pt`5`sp`s_2_2_45_`dm`7`w`200`csq`1`n`336`pw`0`ph`0`ju`6`sq`2997`pan`5`ibp`1`crf`8`sdy`0`h`0`iec`1`dft`5`cix`2`ime`5`dmc`0`t`4`dn`337`fn`338`msz`255`24`0`co`0`pt`5`sp`s_2_2_46_`dm`7`w`100`csq`1`n`261`pw`0`ph`0`ju`6`sq`2997`pan`5`ibp`1`crf`8`sdy`0`h`0`iec`1`dft`5`cix`3`ime`5`dmc`0`t`4`dn`261`fn`339`msz`255`24`0`co`0`pt`5`sp`s_2_2_47_`dm`7`w`100`csq`1`n`246`pw`0`ph`0`ju`6`sq`2997`pan`5`ibp`1`crf`8`sdy`0`h`0`iec`1`dft`5`cix`4`ime`5`dmc`0`t`4`dn`245`fn`246`msz`255`24`0`co`0`pt`5`sp`s_2_2_49_`dm`7`w`100`csq`1`n`255`pw`0`ph`0`ju`6`sq`2997`pan`5`ibp`1`crf`8`sdy`0`h`0`iec`1`dft`5`cix`5`ime`5`dmc`0`t`4`dn`340`fn`341`msz`255`24`0`co`0`pt`5`sp`s_2_2_48_`dm`7`w`100`csq`1`n`266`pw`0`ph`0`ju`6`sq`2997`pan`5`ibp`1`crf`8`sdy`0`h`0`iec`1`dft`5`cix`6`ime`5`dmc`0`t`4`dn`342`fn`266`msz`255`24`0`co`0`pt`5`sp`s_2_2_50_`dm`7`w`100`csq`1`n`343`pw`0`ph`0`ju`6`sq`2997`pan`5`ibp`1`crf`8`sdy`0`h`0`iec`1`dft`5`cix`7`ime`5`dmc`0`t`4`dn`344`fn`343`msz`255`24`0`co`0`pt`5`sp`s_2_2_51_`dm`7`w`100`csq`1`n`345`pw`0`ph`0`ju`6`sq`2997`pan`5`ibp`1`crf`8`sdy`0`h`0`iec`1`dft`5`cix`8`ime`5`dmc`0`t`4`dn`346`fn`345`msz`255`24`0`co`0`pt`5`sp`s_2_2_41_`dm`7`w`100`csq`1`n`347`pw`0`ph`0`ju`6`sq`2997`pan`5`ibp`1`crf`8`sdy`0`h`0`iec`1`dft`5`cix`9`ime`5`dmc`0`t`4`dn`347`fn`347`msz`255`24`0`co`0`pt`5`sp`s_2_2_28_`dm`7`w`100`csq`1`n`348`pw`0`ph`0`ju`6`sq`2997`pan`5`ibp`1`crf`8`sdy`0`h`0`iec`1`dft`5`cix`10`ime`5`dmc`0`t`4`dn`349`fn`348`msz`255`24`0`co`0`pt`5`sp`s_2_2_26_`dm`7`w`100`csq`1`n`350`pw`0`ph`0`ju`6`sq`2997`pan`5`ibp`1`crf`8`sdy`0`h`0`iec`1`dft`5`cix`11`ime`5`dmc`0`t`4`dn`351`fn`352`msz`255`24`0`co`0`pt`5`sp`s_2_2_27_`dm`7`w`100`csq`1`n`353`pw`0`ph`0`ju`6`sq`2997`pan`5`ibp`1`crf`8`sdy`0`h`0`iec`1`dft`5`cix`12`ime`5`dmc`0`t`4`dn`354`fn`355`msz`255`24`0`co`0`pt`5`sp`s_2_2_25_`dm`7`w`100`csq`1`n`356`pw`0`ph`0`ju`6`sq`2997`pan`5`ibp`1`crf`8`sdy`0`h`0`iec`1`dft`5`cix`13`ime`5`dmc`0`t`4`dn`357`fn`356`msz`255`24`0`co`0`pt`5`sp`s_2_2_30_`dm`7`w`100`csq`1`n`358`pw`0`ph`0`ju`6`sq`2997`pan`5`ibp`1`crf`8`sdy`0`h`0`iec`1`dft`5`cix`14`ime`5`dmc`0`t`4`dn`359`fn`360`msz`255`24`0`co`0`pt`5`sp`s_2_2_29_`dm`7`w`100`csq`1`n`361`pw`0`ph`0`ju`6`sq`2997`pan`5`ibp`1`crf`8`sdy`0`h`0`iec`1`dft`5`cix`15`ime`5`dmc`0`t`4`dn`362`fn`287`msz`255`25`0`co`0`pt`5`sp`s_2_2_24_`dm`7`w`100`csq`1`n`363`pw`0`ist`1`ph`0`ju`6`sq`2997`pan`5`ibp`1`crf`8`sdy`0`h`0`iec`1`dft`5`cix`16`ime`5`dmc`0`t`4`dn`363`fn`363`msz`255`0`3`pcl`0`2`0`pc`0`allowPC`false`QueryComboBox``2`0`pc`0`allowPC`false`QuerySrchSpec``2`0`pc`0`allowPC`false`AppletTitle``1`0`aa`0`n`BT Search Criteria Form Applet`0`6`nci`0`1`0`SI`0`SX`3`0`0`PI`0`0`0`VI`0`0`0`AI`0`0`0`DI`0`0`0`SDI`0`1`2`il`0`n`ToggleLayout`2`0`i`0`n`ToggleToMore`ici`&lt;img src=&quot;http://localhost:8080/ecommunications_enu_nsm_aps05524a027/images/btn_more.gif&quot; alt=&quot;Show more&quot; title=&quot;Show more&quot; border=&quot;0&quot; space=&quot;0&quot; hspace=&quot;0&quot;&gt;`2`0`i`0`n`ToggleToLess`ici`&lt;img src=&quot;http://localhost:8080/ecommunications_enu_nsm_aps05524a027/images/btn_less.gif&quot; alt=&quot;Show less&quot; title=&quot;Show less&quot; border=&quot;0&quot; space=&quot;0&quot; hspace=&quot;0&quot;&gt;`3`0`hui`0`n`- the end -`hnact`top._swe._sweapp.S_App.GotoView(&amp;quot;CUT Home Page View (CME\)&amp;quot;, &amp;quot;&amp;quot;, &amp;quot;/ecommunications_enu_nsm_aps05524a027/start.swe?SWENeedContext=false&amp;amp;SWECmd=GotoBookmarkView&amp;amp;SWEBMC=4&amp;amp;SWEC=4&amp;amp;SRN=xK7T2pIB2ZOV15hwlQxQF5reKcoUB8VpMTZr7we8uAEb&amp;quot;, top._sweclient._swecontent._sweview)`hrpl`1`1`7`Command Manager`0`RefreshToolbar`true`7`0`StateToolBar`0`#35`true`#36`true`#17`true`#34`true`#8`false`#37`true`#38`true`0`1`StateExToolBar`0`1`0`#35`0`Checked`false`0`3`FlagsToolBar`0`3`0`#8`0`SWESP`true`SWEH`0`SWEW`0`3`0`#34`0`SWESP`true`SWEH`600`SWEW`800`3`0`#36`0`SWESP`true`SWEH`20`SWEW`380`3`0`State`0`#27`false`#26`false`#28`false`0`3`StateEx`0`0`0`#26`0`0`0`#27`0`1`0`#28`0`Checked`false`0`0`Flags`0`0`2`Accelerators`0`0`22`BT Search Criteria Form Applet`0`2`0``0`key`00183`Command`*Browser* *SaveQueryAs* *Save Query As Applet*410*250*true`2`0``0`key`01183`Command`*Browser* *SaveQueryAs* *Save Query As Applet*410*250*true`2`0``0`key`11083`Command`*Browser Applet* *WriteRecord*BT Search Criteria Form Applet* `2`0``0`key`01083`Command`*Browser Applet* *WriteRecord*BT Search Criteria Form Applet* `2`0``0`key`01078`Command`*Browser Applet* *NewRecord*BT Search Criteria Form Applet* `2`0``0`key`01178`Command`*Browser Applet* *NewRecord*BT Search Criteria Form Applet* `2`0``0`key`01169`Command`*Browser Applet* *EditRecord*BT Search Criteria Form Applet* `2`0``0`key`01069`Command`*Browser Applet* *EditRecord*BT Search Criteria Form Applet* `2`0``0`key`01066`Command`*Browser Applet* *CopyRecord*BT Search Criteria Form Applet* `2`0``0`key`01167`Command`*Browser Applet* *CopyRecord*BT Search Criteria Form Applet* `2`0``0`key`01085`Command`*Browser Applet* *UndoRecord*BT Search Criteria Form Applet* `2`0``0`key`01185`Command`*Browser Applet* *UndoRecord*BT Search Criteria Form Applet* `2`0``0`key`01068`Command`*Browser Applet* *DeleteRecord*BT Search Criteria Form Applet* `2`0``0`key`01168`Command`*Browser Applet* *DeleteRecord*BT Search Criteria Form Applet* `2`0``0`key`00181`Command`*Browser Applet* *NewQuery*BT Search Criteria Form Applet* `2`0``0`key`01181`Command`*Browser Applet* *NewQuery*BT Search Criteria Form Applet* `2`0``0`key`00113`Command`*Browser Applet* *ExecuteQuery*BT Search Criteria Form Applet* `2`0``0`key`01113`Command`*Browser Applet* *ExecuteQuery*BT Search Criteria Form Applet* `2`0``0`key`00171`Command`*Browser Applet* *RefineQuery*BT Search Criteria Form Applet* `2`0``0`key`00182`Command`*Browser Applet* *RefineQuery*BT Search Criteria Form Applet* `2`0``0`key`01182`Command`*Browser Applet* *RefineQuery*BT Search Criteria Form Applet* `2`0``0`Command``class`#F`0`24`BT Search Results List Applet`0`2`0``0`key`00183`Command`*Browser* *SaveQueryAs* *Save Query As Applet*410*250*true`2`0``0`key`01183`Command`*Browser* *SaveQueryAs* *Save Query As Applet*410*250*true`2`0``0`key`01078`Command`*Browser Applet* *NewRecord*BT Search Results List Applet* `2`0``0`key`01178`Command`*Browser Applet* *NewRecord*BT Search Results List Applet* `2`0``0`key`01169`Command`*Browser Applet* *EditRecord*BT Search Results List Applet* `2`0``0`key`01069`Command`*Browser Applet* *EditRecord*BT Search Results List Applet* `2`0``0`key`11083`Command`*Browser Applet* *WriteRecord*BT Search Results List Applet* `2`0``0`key`01083`Command`*Browser Applet* *WriteRecord*BT Search Results List Applet* `2`0``0`key`01066`Command`*Browser Applet* *CopyRecord*BT Search Results List Applet* `2`0``0`key`01167`Command`*Browser Applet* *CopyRecord*BT Search Results List Applet* `2`0``0`key`01085`Command`*Browser Applet* *UndoRecord*BT Search Results List Applet* `2`0``0`key`01185`Command`*Browser Applet* *UndoRecord*BT Search Results List Applet* `2`0``0`key`01068`Command`*Browser Applet* *DeleteRecord*BT Search Results List Applet* `2`0``0`key`01168`Command`*Browser Applet* *DeleteRecord*BT Search Results List Applet* `2`0``0`key`00181`Command`*Browser Applet* *NewQuery*BT Search Results List Applet* `2`0``0`key`01181`Command`*Browser Applet* *NewQuery*BT Search Results List Applet* `2`0``0`key`00113`Command`*Browser Applet* *ExecuteQuery*BT Search Results List Applet* `2`0``0`key`01113`Command`*Browser Applet* *ExecuteQuery*BT Search Results List Applet* `2`0``0`key`00171`Command`*Browser Applet* *RefineQuery*BT Search Results List Applet* `2`0``0`key`00182`Command`*Browser Applet* *RefineQuery*BT Search Results List Applet* `2`0``0`key`01182`Command`*Browser Applet* *RefineQuery*BT Search Results List Applet* `2`0``0`key`11079`Command`#73`2`0``0`Command``class`#FL`2`0``0`Command``class`#F`</responseData>
  <responseFile class="java.lang.String"></responseFile>
  <cookies class="java.lang.String">_sn=GXmoeGkdwh1O45lrH7mMIZnLMWvqHkVWiQKqDOICOq1fi95anXYMaCRAX879ujDRD9kS4J75N4kGDX576Q2AKmwZPUBih-4NS80Pc1189OxasEbdAsHiEtIhcnCzZ0zWb5V6QpVraL0TTGU4ktkGZq374g8C0pUBRhKVASKeW21TgUW5eIkswq97I-.qG-kr; SWEUAID=SWEUAID</cookies>
  <method class="java.lang.String">POST</method>
  <queryString class="java.lang.String">SWEC=6&amp;SWERPC=1&amp;SWEActiveApplet=Layout+Controls+Applet&amp;SWECmd=GotoPageTab&amp;SRN=xK7T2pIB2ZOV15hwlQxQF5reKcoUB8VpMTZr7we8uAEb&amp;SWEScreen=BT+Search&amp;SWEActiveView=CUT+Home+Page+View+%28CME%29</queryString>
  <java.net.URL>http://localhost:8080/ecommunications_enu_nsm_aps05524a027/start.swe</java.net.URL>
</httpSample>
<httpSample t="{{\d+}}" it="0" lt="{{\d+}}" ct="{{\d+}}" ts="{{\d+}}" s="true" lb="{{\d+}} /ecommunications_enu_nsm_aps05524a027/start.swe" rc="200" rm="OK" tn="Thread Group 1-1" dt="text" de="utf-8" by="3236" sby="1160" sc="1" ec="0" ng="1" na="1" hn="{{.*?}}">
  <responseHeader class="java.lang.String">HTTP/1.1 200 OK
Connection: close
Server: Oracle-iPlanet-Web-Server/7.0
Date: Tue, 23 Jun 2020 12:49:08 GMT
Content-Language: en
Cache-Control: no-cache
Content-Type: text/html;charset=utf-8
Matched-Stub-Id: {{\w+-\w+-\w+-\w+-\w+}}
Vary: Accept-Encoding, User-Agent
Content-Encoding: gzip
</responseHeader>
  <requestHeader class="java.lang.String">Connection: close
Referer: http://localhost:8080/ecommunications_enu_nsm_aps05524a027/start.swe?SWENeedContext=false&amp;SWECmd=GetCachedFrame&amp;SWEACn=23534&amp;SWEC=3&amp;SWEFrame=top._sweclient._swecontent._sweview&amp;SWEBID=-1&amp;SRN=xK7T2pIB2ZOV15hwlQxQF5reKcoUB8VpMTZr7we8uAEb&amp;SWETS=
Accept-Language: en-GB
DNT: 1
Accept-Encoding: gzip, deflate
Accept: image/jpeg, application/x-ms-application, image/gif, application/xaml+xml, image/pjpeg, application/x-ms-xbap, */*
User-Agent: Mozilla/4.0 (compatible; MSIE 7.0; Windows NT 6.3; WOW64; Trident/7.0; .NET4.0E; .NET4.0C; .NET CLR 3.5.30729; .NET CLR 2.0.50727; .NET CLR 3.0.30729)
Host: localhost:8080
</requestHeader>
  <responseData class="java.lang.String">&lt;HTML &gt;&lt;head&gt;&lt;meta HTTP-EQUIV=&quot;Pragma&quot; CONTENT=&quot;no-cache&quot;&gt;
&lt;title&gt;Search&lt;/title&gt;&lt;link href=&quot;files/main.css&quot; rel=&quot;stylesheet&quot;/&gt;
&lt;script language=&quot;javascript&quot; src=&quot;23048/scripts/swecommon.js&quot;&gt;&lt;/script&gt; 
&lt;script language=&quot;javascript&quot; src=&quot;23048/scripts/swecmn_hi.js&quot;&gt;&lt;/script&gt; 
&lt;/head&gt;&lt;body leftmargin=&quot;8&quot; topmargin=&quot;2&quot; marginwidth=&quot;20&quot; marginheight=&quot;2&quot; class=&quot;ScreenBack&quot;&gt;&lt;script&gt;
if(typeof(top._swescript)!=&apos;undefined&apos;&amp;&amp;top._swescript!=null) top._swescript.InitFrame(this);&lt;/script&gt;
&lt;table datatable=&quot;0&quot; summary=&quot;&quot; border=&quot;0&quot; cellspacing=&quot;0&quot; cellpadding=&quot;1&quot; width=&quot;100%&quot;&gt;&lt;tr&gt;&lt;/tr&gt;&lt;/table&gt;&lt;a name=&quot;SWEApplet1&quot; id=&quot;SWEApplet1&quot; href=&quot;#SWEApplet1&quot; title=&quot;Search&quot;&gt;&lt;/a&gt;
&lt;div id=&apos;s_S_A1_div&apos;oncontextmenu=&apos;HandleContextMenu(&quot;BT Search Criteria Form Applet&quot;)&apos; onclick=&apos;HandleAppletClick(&quot;BT Search Criteria Form Applet&quot;)&apos;&gt;
&lt;a id=&quot;SWETopHidden1&quot; href=&quot;javascript:void(0);&quot; tabindex=&quot;1000&quot;&gt;&lt;/a&gt;&lt;table datatable=&quot;0&quot; summary=&quot;&quot; cellpadding=&quot;0&quot; cellspacing=&quot;0&quot; border=&quot;0&quot;&gt;&lt;tr&gt;&lt;td&gt;&lt;img src=&quot;images/spacer.gif&quot; width=&quot;1&quot; height=&quot;3&quot; alt=&quot;&quot;&gt;&lt;/td&gt;&lt;/tr&gt;&lt;/table&gt;&lt;form name=&quot;SWEForm1_0&quot; method=&quot;post&quot; action=&quot;/ecommunications_enu_nsm_aps05524a027/start.swe&quot; onSubmit=&quot;return false;&quot; &gt;
&lt;div class=&quot;NotSelected&quot; id=&quot;a_1&quot;&gt;&lt;table datatable=&quot;0&quot; summary=&quot;&quot; width=&quot;100%&quot; cellpadding=&quot;0&quot; cellspacing=&quot;0&quot; border=&quot;0&quot; align=&quot;center&quot; class=&quot;AppletBack&quot;&gt;&lt;tr&gt;&lt;td class=&quot;AppletHIFormBorder&quot;&gt;&lt;span class=&quot;AppletStyleParent77&quot;&gt;&lt;table datatable=&quot;0&quot; summary=&quot;&quot; width=&quot;100%&quot; cellspacing=&quot;0&quot; cellpadding=&quot;2&quot; border=&quot;0&quot; align=&quot;center&quot;&gt;&lt;tr class=&quot;AppletButtons&quot;&gt;&lt;td nowrap width=&quot;100%&quot; class=&quot;AppletTitle&quot;&gt;&amp;nbsp;Search&lt;div style=&apos;display:none;&apos;&gt;Search&lt;/div&gt;&lt;/td&gt;&lt;td nowrap valign=&quot;absmiddle&quot; class=&quot;legend&quot;&gt;&lt;/td&gt;&lt;td width=&quot;100%&quot;&gt;&amp;nbsp;&lt;img src=&quot;images/btn_div_gray.gif&quot; height=&quot;13&quot; align=&quot;middle&quot; alt=&quot;&quot;&gt;&amp;nbsp;&lt;/td&gt;&lt;td valign=&quot;middle&quot; nowrap&gt;&lt;span id=&apos;SWEApplet1_ctrlmsg&apos;&gt;&lt;/span&gt;&lt;/td&gt;&lt;td class=&quot;AppletTitle&quot; valign=&quot;middle&quot; nowrap&gt;&amp;nbsp;&lt;span id=s_1_rc&gt;&lt;/span&gt;&amp;nbsp;&lt;/td&gt;&lt;td&gt;&amp;nbsp;&lt;/td&gt;&lt;td class=&quot;AppletTitle&quot; valign=&quot;middle&quot;&gt;&lt;img src=&quot;images/btn_div.gif&quot; height=&quot;13&quot; align=&quot;middle&quot; alt=&quot;&quot;&gt;&lt;/td&gt;&lt;td&gt;&amp;nbsp;&lt;/td&gt;&lt;td valign=&quot;middle&quot; nowrap&gt;&lt;span id=s_1_1_59_0&gt;&amp;nbsp;&lt;/span&gt;&lt;/td&gt;&lt;td valign=&quot;top&quot; align=&quot;right&quot;&gt;&lt;/td&gt;&lt;/tr&gt;&lt;/table&gt;&lt;table datatable=&quot;0&quot; summary=&quot;&quot; class=&quot;AppletBackTable&quot; width=&quot;100%&quot; cellspacing=&quot;0&quot; cellpadding=&quot;2&quot; align=&quot;center&quot;&gt;&lt;tr class=&quot;AppletBack&quot; align=&quot;left&quot;&gt;&lt;td nowrap class=&quot;AppletMenu&quot;&gt;&lt;span class=&quot;miniBtnUICTop&quot;&gt;&lt;span class=&quot;miniBtnUIC&quot;&gt;&lt;a id=&apos;s_at_m_1&apos; href=&quot;javascript:void(0)&quot; onclick=&quot;window.event.cancelBubble=true; _JMenu_Initialize(this, &apos;BT Search Criteria Form Applet&apos;, &apos;Applet&apos;, s_at_m_1Ax, 0, false); return false;&quot; onmouseover=&quot;MinibtnHover(this.parentNode)&quot; onmouseout=&quot;MinibtnOut(this.parentNode)&quot; onmousedown=&quot;MinibtnDown(this.parentNode)&quot; onmouseup=&quot;MinibtnUp(this.parentNode)&quot; &gt;Menu&amp;nbsp;&lt;img border=&quot;0&quot; src=&quot;images/img_arrow.gif&quot; align=&quot;center&quot;&gt;&lt;/a&gt;&lt;/span&gt;&lt;/span&gt;&lt;object id= &quot;s_at_m_1Ax&quot; CLASSID=&quot;CLSID:9174862b-ac3b-4f9f-abc9-a0a3c9fd95d4&quot; codebase=&quot;23048/applets/SiebelAx_HI_Client.cab&quot; width=0 height = 0&gt;&lt;/object&gt;&lt;/td&gt;&lt;td&gt;&lt;img height=1 alt=&quot;&quot; src=&quot;images/spacer.gif&quot; width=4&gt;&lt;/td&gt;&lt;td&gt;&lt;img src=&quot;images/btn_div_gray.gif&quot; height=&quot;13&quot; align=&quot;middle&quot; alt=&quot;&quot;&gt;&lt;/td&gt;&lt;td&gt;&lt;img src=&quot;images/spacer.gif&quot; width=&quot;4&quot; height=&quot;1&quot; alt=&quot;&quot;&gt;&lt;/td&gt;&lt;td nowrap&gt;&lt;span style=display:none; id=s_1_1_23_0_s&gt;&amp;nbsp;&lt;/span&gt;&lt;script&gt;SWEWriteObjectTag(this,&apos;&lt;object id=s_1_1_23_0 CLASSID=&quot;CLSID:1cb4ef94-8549-471a-b73f-54ff5c244212&quot; HEIGHT=20 WIDTH=500&gt;&lt;/object&gt;&apos;);&lt;/script&gt;&lt;/td&gt;&lt;td nowrap&gt;&lt;span id=s_1_1_21_0&gt;&amp;nbsp;&lt;/span&gt;&lt;/td&gt;&lt;td nowrap&gt;&lt;span id=s_1_1_8_0&gt;&amp;nbsp;&lt;/span&gt;&lt;/td&gt;&lt;td nowrap&gt;&lt;span id=s_1_1_20_0&gt;&amp;nbsp;&lt;/span&gt;&lt;/td&gt;&lt;td nowrap&gt;&lt;span id=s_1_1_5_0&gt;&amp;nbsp;&lt;/span&gt;&lt;/td&gt;&lt;td nowrap&gt;&lt;span id=s_1_1_22_0&gt;&amp;nbsp;&lt;/span&gt;&lt;/td&gt;&lt;td&gt;&lt;table datatable=&quot;0&quot; summary=&quot;&quot; width=&quot;100%&quot; valign=&quot;top&quot; align=&quot;center&quot; cellpadding=&apos;0&apos; cellspacing=&apos;0&apos; border=&apos;0&apos;&gt;&lt;/table&gt;&lt;/td&gt;&lt;td class=&quot;mceGridLabel&quot; align=&quot;left&quot; width=&quot;100%&quot; nowrap&gt;&amp;nbsp;&lt;b&gt;&lt;span id=1_msg&gt;&lt;/span&gt;&lt;/b&gt;&lt;/td&gt;&lt;/tr&gt;&lt;/table&gt;&lt;table datatable=&quot;0&quot; summary=&quot;&quot; class=&quot;AppletBackTable&quot; width=&quot;100%&quot; cellspacing=&quot;0&quot; cellpadding=&quot;0&quot; align=&quot;center&quot;&gt;&lt;tr class=&quot;AppletBack&quot;&gt;&lt;td class=&quot;AppletBack&quot;&gt;&lt;img src=&quot;images/spacer.gif&quot; height=&quot;1&quot; width=&quot;1&quot; alt=&quot;&quot;&gt;&lt;/td&gt;&lt;td class=&quot;AppletBlank&quot; width=&quot;100%&quot;&gt;&lt;img src=&quot;images/spacer.gif&quot; height=&quot;1&quot; width=&quot;1&quot; alt=&quot;&quot;&gt;&lt;/td&gt;&lt;/tr&gt;&lt;/table&gt;&lt;span id=1_c_err style=&quot;display: none;&quot;&gt;&lt;table datatable=&quot;0&quot; summary=&quot;&quot; class=&quot;AppletBack&quot; width=&quot;100%&quot; cellpadding=&quot;0&quot; cellspacing=&quot;5&quot; border=&quot;0&quot;&gt;&lt;tr&gt;&lt;td class=&quot;error&quot;&gt;&lt;/td&gt;&lt;/tr&gt;&lt;/table&gt;&lt;/span&gt;&lt;div class=&quot;NotSelected&quot; id=&quot;a_1&quot;&gt;&lt;div align=left style=&quot;width:100%;&quot; class=&quot;GridBorder&quot;&gt;&lt;table class=&quot;GridBack&quot; border=0 cellspacing=0 cellpadding=0&gt;&lt;tr&gt;&lt;td&gt;&lt;/td&gt;&lt;td style=&quot;width:8px;&quot;&gt;&lt;/td&gt;&lt;td style=&quot;width:136px;&quot;&gt;&lt;/td&gt;&lt;td style=&quot;width:120px;&quot;&gt;&lt;/td&gt;&lt;td style=&quot;width:8px;&quot;&gt;&lt;/td&gt;&lt;td style=&quot;width:8px;&quot;&gt;&lt;/td&gt;&lt;td style=&quot;width:8px;&quot;&gt;&lt;/td&gt;&lt;td style=&quot;width:112px;&quot;&gt;&lt;/td&gt;&lt;td style=&quot;width:8px;&quot;&gt;&lt;/td&gt;&lt;td style=&quot;width:120px;&quot;&gt;&lt;/td&gt;&lt;td style=&quot;width:8px;&quot;&gt;&lt;/td&gt;&lt;td style=&quot;width:160px;&quot;&gt;&lt;/td&gt;&lt;td style=&quot;width:240px;&quot;&gt;&lt;/td&gt;&lt;td style=&quot;width:496px;&quot;&gt;&lt;/td&gt;&lt;td style=&quot;width:120px;&quot;&gt;&lt;/td&gt;&lt;/tr&gt;&lt;tr&gt;&lt;td style=&quot;height:24;&quot;&gt;&lt;/td&gt;&lt;td rowSpan=7 colSpan=1&gt;&lt;/td&gt;&lt;td nowrap valign=middle colSpan=1 rowSpan=1&gt;&lt;div class=&quot;mceGridLabel&quot; align=&quot;Right&quot;&gt;&amp;nbsp;Telephone No/Service ID/Sky Viewing Card No:&lt;/div&gt;&lt;/td&gt;&lt;td nowrap valign=middle colSpan=1 rowSpan=1&gt;&lt;div class=&quot;mceGridField&quot;&gt;&lt;script&gt;SWEWriteObjectTag(this,&apos;&lt;object id=s_1_1_47_0 CLASSID=&quot;CLSID:1cb4ef94-8549-471a-b73f-54ff5c244212&quot; HEIGHT=24 WIDTH=120&gt;&lt;/object&gt;&apos;);&lt;/script&gt;&lt;/div&gt;&lt;/td&gt;&lt;td rowSpan=7 colSpan=2&gt;&lt;/td&gt;&lt;td nowrap valign=middle colSpan=2 rowSpan=1&gt;&lt;div class=&quot;mceGridField&quot;&gt;&lt;span id=s_1_1_41_0&gt;&amp;nbsp;&lt;/span&gt;&lt;/div&gt;&lt;/td&gt;&lt;td rowSpan=7 colSpan=1&gt;&lt;/td&gt;&lt;td nowrap valign=middle colSpan=1 rowSpan=1&gt;&lt;div class=&quot;mceGridField&quot;&gt;&lt;span id=s_1_1_42_0&gt;&amp;nbsp;&lt;/span&gt;&lt;/div&gt;&lt;/td&gt;&lt;td rowSpan=2 colSpan=1&gt;&lt;/td&gt;&lt;td nowrap valign=middle colSpan=1 rowSpan=1&gt;&lt;div class=&quot;mceGridLabel&quot; align=&quot;Right&quot;&gt;&amp;nbsp;Account Code:&lt;/div&gt;&lt;/td&gt;&lt;td nowrap valign=middle colSpan=1 rowSpan=1&gt;&lt;div class=&quot;mceGridField&quot;&gt;&lt;script&gt;SWEWriteObjectTag(this,&apos;&lt;object id=s_1_1_13_0 CLASSID=&quot;CLSID:1cb4ef94-8549-471a-b73f-54ff5c244212&quot; HEIGHT=24 WIDTH=240&gt;&lt;/object&gt;&apos;);&lt;/script&gt;&lt;/div&gt;&lt;/td&gt;&lt;td rowSpan=7 colSpan=1&gt;&lt;/td&gt;&lt;td nowrap valign=middle colSpan=1 rowSpan=1&gt;&lt;div class=&quot;mceGridField&quot;&gt;&lt;span id=s_1_1_14_0&gt;&amp;nbsp;&lt;/span&gt;&lt;/div&gt;&lt;/td&gt;&lt;/tr&gt;&lt;tr&gt;&lt;td style=&quot;height:8;&quot;&gt;&lt;/td&gt;&lt;td rowSpan=1 colSpan=2&gt;&lt;/td&gt;&lt;td rowSpan=1 colSpan=2&gt;&lt;/td&gt;&lt;td rowSpan=1 colSpan=1&gt;&lt;/td&gt;&lt;td rowSpan=1 colSpan=2&gt;&lt;/td&gt;&lt;td rowSpan=1 colSpan=1&gt;&lt;/td&gt;&lt;/tr&gt;&lt;tr&gt;&lt;td style=&quot;height:24;&quot;&gt;&lt;/td&gt;&lt;td nowrap valign=middle colSpan=1 rowSpan=1&gt;&lt;div class=&quot;mceGridLabel&quot; align=&quot;Right&quot;&gt;&amp;nbsp;Billing Account:&lt;/div&gt;&lt;/td&gt;&lt;td nowrap valign=middle colSpan=1 rowSpan=1&gt;&lt;div class=&quot;mceGridField&quot;&gt;&lt;script&gt;SWEWriteObjectTag(this,&apos;&lt;object id=s_1_1_15_0 CLASSID=&quot;CLSID:1cb4ef94-8549-471a-b73f-54ff5c244212&quot; HEIGHT=24 WIDTH=120&gt;&lt;/object&gt;&apos;);&lt;/script&gt;&lt;/div&gt;&lt;/td&gt;&lt;td nowrap valign=middle colSpan=2 rowSpan=1&gt;&lt;div class=&quot;mceGridField&quot;&gt;&lt;span id=s_1_1_16_0&gt;&amp;nbsp;&lt;/span&gt;&lt;/div&gt;&lt;/td&gt;&lt;td nowrap valign=middle colSpan=3 rowSpan=1&gt;&lt;div class=&quot;mceGridLabel&quot; align=&quot;Right&quot;&gt;&amp;nbsp;SR/Fault Number:&lt;/div&gt;&lt;/td&gt;&lt;td nowrap valign=middle colSpan=1 rowSpan=1&gt;&lt;div class=&quot;mceGridField&quot;&gt;&lt;script&gt;SWEWriteObjectTag(this,&apos;&lt;object id=s_1_1_43_0 CLASSID=&quot;CLSID:1cb4ef94-8549-471a-b73f-54ff5c244212&quot; HEIGHT=24 WIDTH=240&gt;&lt;/object&gt;&apos;);&lt;/script&gt;&lt;/div&gt;&lt;/td&gt;&lt;td nowrap valign=middle colSpan=1 rowSpan=1&gt;&lt;div class=&quot;mceGridField&quot;&gt;&lt;span id=s_1_1_44_0&gt;&amp;nbsp;&lt;/span&gt;&lt;/div&gt;&lt;/td&gt;&lt;/tr&gt;&lt;tr&gt;&lt;td style=&quot;height:8;&quot;&gt;&lt;/td&gt;&lt;td rowSpan=1 colSpan=2&gt;&lt;/td&gt;&lt;td rowSpan=1 colSpan=2&gt;&lt;/td&gt;&lt;td rowSpan=1 colSpan=4&gt;&lt;/td&gt;&lt;td rowSpan=1 colSpan=1&gt;&lt;/td&gt;&lt;/tr&gt;&lt;tr&gt;&lt;td style=&quot;height:24;&quot;&gt;&lt;/td&gt;&lt;td nowrap valign=middle colSpan=1 rowSpan=1&gt;&lt;div class=&quot;mceGridLabel&quot; align=&quot;Right&quot;&gt;&amp;nbsp;Company Name:&lt;/div&gt;&lt;/td&gt;&lt;td nowrap valign=middle colSpan=1 rowSpan=1&gt;&lt;div class=&quot;mceGridField&quot;&gt;&lt;script&gt;SWEWriteObjectTag(this,&apos;&lt;object id=s_1_1_17_0 CLASSID=&quot;CLSID:1cb4ef94-8549-471a-b73f-54ff5c244212&quot; HEIGHT=24 WIDTH=120&gt;&lt;/object&gt;&apos;);&lt;/script&gt;&lt;/div&gt;&lt;/td&gt;&lt;td nowrap valign=middle colSpan=2 rowSpan=1&gt;&lt;div class=&quot;mceGridField&quot;&gt;&lt;span id=s_1_1_18_0&gt;&amp;nbsp;&lt;/span&gt;&lt;/div&gt;&lt;/td&gt;&lt;td nowrap valign=middle colSpan=1 rowSpan=1&gt;&lt;div class=&quot;mceGridField&quot;&gt;&lt;span id=s_1_1_2_0&gt;&amp;nbsp;&lt;/span&gt;&lt;/div&gt;&lt;/td&gt;&lt;td rowSpan=3 colSpan=1&gt;&lt;/td&gt;&lt;td nowrap valign=middle colSpan=1 rowSpan=1&gt;&lt;div class=&quot;mceGridLabel&quot; align=&quot;Right&quot;&gt;&amp;nbsp;Order Number:&lt;/div&gt;&lt;/td&gt;&lt;td nowrap valign=middle colSpan=1 rowSpan=1&gt;&lt;div class=&quot;mceGridField&quot;&gt;&lt;script&gt;SWEWriteObjectTag(this,&apos;&lt;object id=s_1_1_36_0 CLASSID=&quot;CLSID:1cb4ef94-8549-471a-b73f-54ff5c244212&quot; HEIGHT=24 WIDTH=240&gt;&lt;/object&gt;&apos;);&lt;/script&gt;&lt;/div&gt;&lt;/td&gt;&lt;td nowrap valign=middle colSpan=1 rowSpan=1&gt;&lt;div class=&quot;mceGridField&quot;&gt;&lt;span id=s_1_1_37_0&gt;&amp;nbsp;&lt;/span&gt;&lt;/div&gt;&lt;/td&gt;&lt;/tr&gt;&lt;tr&gt;&lt;td style=&quot;height:8;&quot;&gt;&lt;/td&gt;&lt;td rowSpan=1 colSpan=2&gt;&lt;/td&gt;&lt;td rowSpan=1 colSpan=2&gt;&lt;/td&gt;&lt;td rowSpan=1 colSpan=1&gt;&lt;/td&gt;&lt;td rowSpan=1 colSpan=2&gt;&lt;/td&gt;&lt;td rowSpan=1 colSpan=1&gt;&lt;/td&gt;&lt;/tr&gt;&lt;tr&gt;&lt;td style=&quot;height:24;&quot;&gt;&lt;/td&gt;&lt;td nowrap valign=middle colSpan=1 rowSpan=1&gt;&lt;/td&gt;&lt;td nowrap valign=middle colSpan=1 rowSpan=1&gt;&lt;/td&gt;&lt;td nowrap valign=middle colSpan=2 rowSpan=1&gt;&lt;/td&gt;&lt;td nowrap valign=middle colSpan=1 rowSpan=1&gt;&lt;/td&gt;&lt;td nowrap valign=middle colSpan=1 rowSpan=1&gt;&lt;div class=&quot;mceGridLabel&quot; align=&quot;Right&quot;&gt;&amp;nbsp;Email Address:&lt;/div&gt;&lt;/td&gt;&lt;td nowrap valign=middle colSpan=1 rowSpan=1&gt;&lt;div class=&quot;mceGridField&quot;&gt;&lt;script&gt;SWEWriteObjectTag(this,&apos;&lt;object id=s_1_1_25_0 CLASSID=&quot;CLSID:1cb4ef94-8549-471a-b73f-54ff5c244212&quot; HEIGHT=24 WIDTH=240&gt;&lt;/object&gt;&apos;);&lt;/script&gt;&lt;/div&gt;&lt;/td&gt;&lt;td nowrap valign=middle colSpan=1 rowSpan=1&gt;&lt;div class=&quot;mceGridField&quot;&gt;&lt;span id=s_1_1_27_0&gt;&amp;nbsp;&lt;/span&gt;&lt;/div&gt;&lt;/td&gt;&lt;/tr&gt;&lt;/table&gt;&lt;/div&gt;&lt;/div&gt;&lt;/span&gt;&lt;/td&gt;&lt;/tr&gt;&lt;/table&gt;&lt;/div&gt;&lt;/form&gt;
&lt;a id=&quot;SWEBottomHidden1&quot; href=&quot;javascript:void(0);&quot; tabindex=&quot;1999&quot; onfocus=&quot;document.getElementById(&apos;SWETopHidden1&apos;).focus();&quot;&gt;&lt;/a&gt;&lt;/div&gt;&lt;table datatable=&quot;0&quot; summary=&quot;&quot; class=&quot;tier3Back&quot; width=&quot;100%&quot; align=&quot;center&quot; cellpadding=&quot;0&quot; cellspacing=&quot;0&quot; border=&quot;0&quot;&gt;&lt;tr valign=&quot;top&quot;&gt;&lt;td&gt;&lt;img src=&quot;images/spacer.gif&quot; width=&quot;1&quot; height=&quot;3&quot; alt=&quot;&quot;&gt;&lt;/td&gt;&lt;/tr&gt;&lt;/table&gt;&lt;div id=s_vctrl_div STYLE=&quot;height:37px&quot;&gt;&lt;div&gt; &lt;/div&gt;&lt;script&gt;SWEWriteObjectTag(this,&apos;&lt;OBJECT ID=&quot;s_vctrl&quot; CLASSID=&quot;clsid:bfb7437b-a5ea-4d13-a552-4150b0fdf838&quot; CODEBASE=&quot;&quot; WIDTH =&quot;100%&quot; HEIGHT =&quot;100%&quot;  tabindex=-1 &gt;&lt;PARAM NAME=&quot;style&quot; VALUE=&quot;Tab&quot;/&gt;&lt;PARAM NAME=&quot;indentWidth&quot; VALUE=&quot;30&quot;/&gt;&lt;PARAM NAME=&quot;anchorTab&quot; VALUE=&quot;true&quot;/&gt;&lt;PARAM NAME=&quot;type&quot; VALUE=&quot;Detail Category With View&quot;/&gt;&lt;/OBJECT&gt;&apos;);&lt;/script&gt;&lt;/div&gt;&lt;div style=&quot;width:100%; border-color:#E0E5F5; border-style: solid; border-width: 0 1 1 1; padding: 0 3 3 3;&quot;&gt;&lt;a name=&quot;SWEApplet2&quot; id=&quot;SWEApplet2&quot; href=&quot;#SWEApplet2&quot; title=&quot;Results&quot;&gt;&lt;/a&gt;
&lt;div id=&apos;s_S_A2_div&apos;oncontextmenu=&apos;HandleContextMenu(&quot;BT Search Results List Applet&quot;)&apos; onclick=&apos;HandleAppletClick(&quot;BT Search Results List Applet&quot;)&apos;&gt;
&lt;a id=&quot;SWETopHidden2&quot; href=&quot;javascript:void(0);&quot; tabindex=&quot;2000&quot;&gt;&lt;/a&gt;&lt;table datatable=&quot;0&quot; summary=&quot;&quot;&gt;&lt;tr&gt;&lt;td&gt;&lt;img src=&quot;images/spacer.gif&quot; width=&quot;1&quot; height=&quot;3&quot; alt=&quot;&quot;&gt;&lt;/td&gt;&lt;/tr&gt;&lt;/table&gt;&lt;form name=&quot;SWEForm2_0&quot; method=&quot;post&quot; action=&quot;/ecommunications_enu_nsm_aps05524a027/start.swe&quot; &gt;
&lt;span class=&quot;AppletStyleChild77&quot;&gt;&lt;div class=&quot;NotSelected&quot; id=&quot;a_2&quot;&gt;&lt;table datatable=&quot;0&quot; summary=&quot;&quot; width=&quot;100%&quot; cellspacing=&quot;0&quot; cellpadding=&quot;2&quot; border=&quot;0&quot; align=&quot;center&quot;&gt;&lt;tr class=&quot;AppletButtons&quot; align=&quot;left&quot;&gt;&lt;td class=&quot;AppletTitle&quot; nowrap&gt;&amp;nbsp;Results&amp;nbsp;&amp;nbsp;&lt;img src=&quot;images/btn_div_gray.gif&quot; height=&quot;13&quot; align=&quot;middle&quot; alt=&quot;&quot;&gt;&amp;nbsp;&lt;/td&gt;&lt;td nowrap class=&quot;AppletMenu&quot;&gt;&lt;span class=&quot;miniBtnUICTop&quot;&gt;&lt;span class=&quot;miniBtnUIC&quot;&gt;&lt;a id=&apos;s_at_m_2&apos; href=&quot;javascript:void(0)&quot; onclick=&quot;window.event.cancelBubble=true; _JMenu_Initialize(this, &apos;BT Search Results List Applet&apos;, &apos;Applet&apos;, s_at_m_2Ax, 0, false); return false;&quot; onmouseover=&quot;MinibtnHover(this.parentNode)&quot; onmouseout=&quot;MinibtnOut(this.parentNode)&quot; onmousedown=&quot;MinibtnDown(this.parentNode)&quot; onmouseup=&quot;MinibtnUp(this.parentNode)&quot; &gt;Menu&amp;nbsp;&lt;img border=&quot;0&quot; src=&quot;images/img_arrow.gif&quot; align=&quot;center&quot;&gt;&lt;/a&gt;&lt;/span&gt;&lt;/span&gt;&lt;object id= &quot;s_at_m_2Ax&quot; CLASSID=&quot;CLSID:9174862b-ac3b-4f9f-abc9-a0a3c9fd95d4&quot; codebase=&quot;23048/applets/SiebelAx_HI_Client.cab&quot; width=0 height = 0&gt;&lt;/object&gt;&lt;/td&gt;&lt;td&gt;&lt;img height=1 alt=&quot;&quot; src=&quot;images/spacer.gif&quot; width=4&gt;&lt;/td&gt;&lt;td&gt;&lt;img src=&quot;images/btn_div_gray.gif&quot; height=&quot;13&quot; align=&quot;middle&quot; alt=&quot;&quot;&gt;&lt;/td&gt;&lt;td&gt;&lt;img src=&quot;images/spacer.gif&quot; width=&quot;4&quot; height=&quot;1&quot; alt=&quot;&quot;&gt;&lt;/td&gt;&lt;td nowrap&gt;&lt;span id=s_2_1_7_0&gt;&amp;nbsp;&lt;/span&gt;&lt;/td&gt;&lt;td nowrap&gt;&lt;span id=s_2_1_6_0&gt;&amp;nbsp;&lt;/span&gt;&lt;/td&gt;&lt;td nowrap&gt;&lt;span id=s_2_1_4_0&gt;&amp;nbsp;&lt;/span&gt;&lt;/td&gt;&lt;td nowrap&gt;&lt;span id=s_2_1_5_0&gt;&amp;nbsp;&lt;/span&gt;&lt;/td&gt;&lt;td nowrap&gt;&lt;span id=s_2_1_3_0&gt;&amp;nbsp;&lt;/span&gt;&lt;/td&gt;&lt;td nowrap&gt;&lt;span id=s_2_1_22_0&gt;&amp;nbsp;&lt;/span&gt;&lt;/td&gt;&lt;td&gt;&lt;table datatable=&quot;0&quot; summary=&quot;&quot; width=&quot;100%&quot; valign=&quot;top&quot; align=&quot;center&quot; cellpadding=&apos;0&apos; cellspacing=&apos;0&apos; border=&apos;0&apos;&gt;&lt;/table&gt;&lt;/td&gt;&lt;td nowrap&gt;&amp;nbsp;&lt;b&gt;&lt;span id=2_msg&gt;&lt;/span&gt;&lt;/b&gt;&lt;/td&gt;&lt;td align=&quot;right&quot; width=&quot;100%&quot;&gt;&lt;td valign=&quot;middle&quot; nowrap&gt;&lt;span id=&apos;SWEApplet2_ctrlmsg&apos;&gt;&lt;/span&gt;&lt;/td&gt;&lt;td valign=&quot;middle&quot; nowrap&gt;&amp;nbsp;&lt;span id=s_2_rc&gt;&lt;/span&gt;&amp;nbsp;&lt;/td&gt;&lt;td valign=&quot;middle&quot;&gt;&amp;nbsp;&lt;img src=&quot;images/btn_div_gray.gif&quot; height=&quot;13&quot; align=&quot;middle&quot; alt=&quot;&quot;&gt;&amp;nbsp;&lt;/td&gt;&lt;/td&gt;&lt;td valign=&quot;top&quot; align=&quot;right&quot;&gt;&lt;/td&gt;&lt;/tr&gt;&lt;/table&gt;&lt;span id=2_c_err style=&quot;display: none;&quot;&gt;&lt;table datatable=&quot;0&quot; summary=&quot;&quot; class=&quot;AppletBack&quot; width=&quot;100%&quot; cellpadding=&quot;4&quot; cellspacing=&quot;0&quot; border=&quot;0&quot;&gt;&lt;tr&gt;&lt;td class=&quot;error&quot;&gt;&lt;br&gt;&amp;nbsp;&lt;/td&gt;&lt;/tr&gt;&lt;/table&gt;&lt;/span&gt;&lt;div class=&quot;AppletHIListBorder&quot;&gt;&lt;div id=&quot;s_2_ld&quot; STYLE=&quot;height:214px&quot;&gt;&lt;div&gt;&lt;/div&gt;&lt;script&gt;SWEWriteObjectTag(this,&apos;&lt;object id=&quot;s_2_l&quot;  CLASSID=&quot;CLSID:a9967980-c623-4092-b952-fcf15f67b8a5&quot; WIDTH=100% HEIGHT=100%&gt;&lt;/OBJECT&gt;&apos;);&lt;/script&gt;&lt;/div&gt;&lt;/div&gt;&lt;/div&gt;&lt;/span&gt;&lt;/form&gt;
&lt;a id=&quot;SWEBottomHidden2&quot; href=&quot;javascript:void(0);&quot; tabindex=&quot;2999&quot; onfocus=&quot;document.getElementById(&apos;SWETopHidden2&apos;).focus();&quot;&gt;&lt;/a&gt;&lt;/div&gt;&lt;table datatable=&quot;0&quot; summary=&quot;&quot; width=&quot;100%&quot; border=&quot;0&quot; cellspacing=&quot;0&quot; cellpadding=&quot;3&quot;&gt;&lt;tr valign=&quot;top&quot;&gt;&lt;td width=&quot;50%&quot;&gt;&lt;/td&gt;&lt;td width=&quot;50%&quot;&gt;&lt;/td&gt;&lt;/tr&gt;&lt;/table&gt;&lt;/div&gt;&lt;script&gt;

SWEIsHighInteract = true; Top().SWEIsHighInteract = true;
if (typeof(top._samePage) != &apos;undefined&apos; &amp;&amp; top._samePage!=&quot;&quot;) top._samePage = &quot;&quot;;
if (top.opener == null || typeof top.opener.swetop == &apos;unknown&apos; || typeof top.opener.swetop == &apos;undefined&apos;) top._swe._sweapp.S_App.SWECount = 7;
else top.opener.top._swe._sweapp.S_App.SWECount = 7;
g_bInitialized = true;

if(typeof(top._swescript)!=&apos;undefined&apos; &amp;&amp; top._swescript!=null)top._swescript.InitApplet(&quot;BT Search Criteria Form Applet&quot;,&quot;SWEApplet1&quot;,&quot;BT Search View&quot;,3, this);
if (top._swescript!=null) top._swescript.InitMethod(&quot;GotoAppletMenu&quot;, this, &quot;s_at_m_1&quot;, null, null);
if(top._swe._sweapp._JMenuObj == null)                  
top._swe._sweapp._JMenuObj = new top._swe._sweapp.JMenu();
top._swe._sweapp._JMenuObj.BindAXObj (this.document.getElementById(&quot;s_at_m_1Ax&quot;),&apos;Applet&apos;, &apos;BT Search Criteria Form Applet&apos;, this.document.getElementById(&quot;s_at_m_1&quot;), &quot;s_at_m_1&quot;);
document.oncontextmenu = HandleContextMenu;
if(typeof(top._swescript)!=&apos;undefined&apos; &amp;&amp; top._swescript!=null)top._swescript.InitApplet(&quot;BT Search Results List Applet&quot;,&quot;SWEApplet2&quot;,&quot;BT Search View&quot;,6, this);
if (top._swescript!=null) top._swescript.InitMethod(&quot;GotoAppletMenu&quot;, this, &quot;s_at_m_2&quot;, null, null);
if(top._swe._sweapp._JMenuObj == null)                  
top._swe._sweapp._JMenuObj = new top._swe._sweapp.JMenu();
top._swe._sweapp._JMenuObj.BindAXObj (this.document.getElementById(&quot;s_at_m_2Ax&quot;),&apos;Applet&apos;, &apos;BT Search Results List Applet&apos;, this.document.getElementById(&quot;s_at_m_2&quot;), &quot;s_at_m_2&quot;);
document.oncontextmenu = HandleContextMenu;

&lt;/script&gt;
&lt;script for=window event=onunload&gt;
top._swe._sweapp.S_App.SetLayoutUnloaded(&quot;View&quot;, &quot;BT Search View&quot;);
&lt;/script&gt;
&lt;script for=window event=onload&gt;
top._swe._sweapp.S_App.SetLayoutLoaded(&quot;View&quot;, &quot;BT Search View&quot;, window, &quot;&quot;);
&lt;/script&gt;
&lt;/body&gt;&lt;/html&gt;</responseData>
  <responseFile class="java.lang.String"></responseFile>
  <cookies class="java.lang.String">_sn=GXmoeGkdwh1O45lrH7mMIZnLMWvqHkVWiQKqDOICOq1fi95anXYMaCRAX879ujDRD9kS4J75N4kGDX576Q2AKmwZPUBih-4NS80Pc1189OxasEbdAsHiEtIhcnCzZ0zWb5V6QpVraL0TTGU4ktkGZq374g8C0pUBRhKVASKeW21TgUW5eIkswq97I-.qG-kr; SWEUAID=SWEUAID; _srn=_srn</cookies>
  <method class="java.lang.String">GET</method>
  <queryString class="java.lang.String"></queryString>
  <java.net.URL>http://localhost:8080/ecommunications_enu_nsm_aps05524a027/start.swe?SWECmd=GetViewLayout&amp;SWEView=BT+Search+View&amp;SWEVI=&amp;SWEVLC=3-2NTUN-318_Siebel%2BPower%2BCommunications_43%257c1592409810%257c0_0_23048_PATCHSET18PATCHSET18PATCHSET18_L&amp;SRN=xK7T2pIB2ZOV15hwlQxQF5reKcoUB8VpMTZr7we8uAEb</java.net.URL>
</httpSample>
<httpSample t="{{\d+}}" it="0" lt="{{\d+}}" ct="{{\d+}}" ts="{{\d+}}" s="true" lb="{{\d+}} /ecommunications_enu_nsm_aps05524a027/start.swe" rc="200" rm="OK" tn="Thread Group 1-1" dt="text" de="utf-8" by="1383" sby="863" sc="1" ec="0" ng="1" na="1" hn="{{.*?}}">
  <responseHeader class="java.lang.String">HTTP/1.1 200 OK
Connection: close
Server: Oracle-iPlanet-Web-Server/7.0
Date: Tue, 23 Jun 2020 12:49:08 GMT
Content-Language: en
Cache-Control: no-cache
Swerpc: true
Content-Type: text/html;charset=utf-8
Connection: close
Matched-Stub-Id: {{\w+-\w+-\w+-\w+-\w+}}
Vary: Accept-Encoding, User-Agent
</responseHeader>
  <requestHeader class="java.lang.String">Connection: close
Content-Type: application/x-www-form-urlencoded
DNT: 1
Accept-Encoding: deflate
Pragma: no-cache
User-Agent: Mozilla/4.0 (compatible; MSIE 7.0; Windows NT 6.3; WOW64; Trident/7.0; .NET4.0E; .NET4.0C; .NET CLR 3.5.30729; .NET CLR 2.0.50727; .NET CLR 3.0.30729)
Accept: text/html, image/gif, image/jpeg, *; q=.2, */*; q=.2
Content-Length: 175
Host: localhost:8080
</requestHeader>
  <responseData class="java.lang.String">@0`1`4`3``0`UC`1`Status`OK`SWEC`8`SRN`xK7T2pIB2ZOV15hwlQxQF5reKcoUB8VpMTZr7we8uAEb`2`0`ResultSet`0`PendingOrderCheck`N`ShowPendingOrderOnLogin`N`0`3`Notifications`0`2`0``0`OP`bn`bc`S_BC1`7`0``0`br`0`ArgsArray`30*BT Search Criteria Form Applet1*1`size`1`cr`0`OP`g`bc`S_BC1`type`SWEIRowSelection`2`0``0`OP`en`bc`S_BC1`1`6`Command Manager`0`RefreshToolbar`true`7`0`StateToolBar`0`#35`true`#36`true`#17`true`#34`true`#8`false`#37`true`#38`true`0`1`StateExToolBar`0`1`0`#35`0`Checked`false`0`3`FlagsToolBar`0`3`0`#8`0`SWESP`true`SWEH`0`SWEW`0`3`0`#34`0`SWESP`true`SWEH`600`SWEW`800`3`0`#36`0`SWESP`true`SWEH`20`SWEW`380`10`0`State`0`#74`false`#76`true`#27`false`#26`false`#75`false`#71`true`#28`false`#72`true`#73`true`#77`true`0`3`StateEx`0`0`0`#26`0`0`0`#27`0`1`0`#28`0`Checked`false`0`7`Flags`0`3`0`#71`0`SWESP`true`SWEH`20`SWEW`380`3`0`#72`0`SWESP`true`SWEH`290`SWEW`470`3`0`#73`0`SWESP`true`SWEH`230`SWEW`420`3`0`#74`0`SWESP`true`SWEH`200`SWEW`400`3`0`#75`0`SWESP`true`SWEH`0`SWEW`0`3`0`#76`0`SWESP`true`SWEH`20`SWEW`380`3`0`#77`0`SWESP`true`SWEH`290`SWEW`470`</responseData>
  <responseFile class="java.lang.String"></responseFile>
  <cookies class="java.lang.String">_sn=GXmoeGkdwh1O45lrH7mMIZnLMWvqHkVWiQKqDOICOq1fi95anXYMaCRAX879ujDRD9kS4J75N4kGDX576Q2AKmwZPUBih-4NS80Pc1189OxasEbdAsHiEtIhcnCzZ0zWb5V6QpVraL0TTGU4ktkGZq374g8C0pUBRhKVASKeW21TgUW5eIkswq97I-.qG-kr; _srn=_srn; SWEUAID=SWEUAID</cookies>
  <method class="java.lang.String">POST</method>
  <queryString class="java.lang.String">SWEC=7&amp;SWEMethod=ResetDashboard&amp;SWERPC=1&amp;SWECmd=InvokeMethod&amp;SRN=xK7T2pIB2ZOV15hwlQxQF5reKcoUB8VpMTZr7we8uAEb&amp;SWEIPS=%400*0*0*0*0*3*0*&amp;SWEService=Persistent+Customer+Dashboard</queryString>
  <java.net.URL>http://localhost:8080/ecommunications_enu_nsm_aps05524a027/start.swe</java.net.URL>
</httpSample>
<httpSample t="{{\d+}}" it="0" lt="{{\d+}}" ct="{{\d+}}" ts="{{\d+}}" s="true" lb="{{\d+}} /ecommunications_enu_nsm_aps05524a027/start.swe" rc="200" rm="OK" tn="Thread Group 1-1" dt="text" de="utf-8" by="825" sby="874" sc="1" ec="0" ng="1" na="1" hn="{{.*?}}">
  <responseHeader class="java.lang.String">HTTP/1.1 200 OK
Connection: close
Server: Oracle-iPlanet-Web-Server/7.0
Date: Tue, 23 Jun 2020 12:49:09 GMT
Content-Language: en
Cache-Control: no-cache
Swerpc: true
Content-Type: text/html;charset=utf-8
Connection: close
Matched-Stub-Id: {{\w+-\w+-\w+-\w+-\w+}}
Vary: Accept-Encoding, User-Agent
</responseHeader>
  <requestHeader class="java.lang.String">Connection: close
Content-Type: application/x-www-form-urlencoded
DNT: 1
Accept-Encoding: deflate
Pragma: no-cache
User-Agent: Mozilla/4.0 (compatible; MSIE 7.0; Windows NT 6.3; WOW64; Trident/7.0; .NET4.0E; .NET4.0C; .NET CLR 3.5.30729; .NET CLR 2.0.50727; .NET CLR 3.0.30729)
Accept: text/html, image/gif, image/jpeg, *; q=.2, */*; q=.2
Content-Length: 186
Host: localhost:8080
</requestHeader>
  <responseData class="java.lang.String">@0`1`5`1``0`UC`1`Status`OK`Result``SWEC`9`SRN`xK7T2pIB2ZOV15hwlQxQF5reKcoUB8VpMTZr7we8uAEb`1`6`Command Manager`0`RefreshToolbar`true`7`0`StateToolBar`0`#35`true`#36`true`#17`true`#34`true`#8`false`#37`true`#38`true`0`1`StateExToolBar`0`1`0`#35`0`Checked`false`0`3`FlagsToolBar`0`3`0`#8`0`SWESP`true`SWEH`0`SWEW`0`3`0`#34`0`SWESP`true`SWEH`600`SWEW`800`3`0`#36`0`SWESP`true`SWEH`20`SWEW`380`3`0`State`0`#27`false`#26`false`#28`false`0`3`StateEx`0`0`0`#26`0`0`0`#27`0`1`0`#28`0`Checked`false`0`0`Flags`0`</responseData>
  <responseFile class="java.lang.String"></responseFile>
  <cookies class="java.lang.String">_sn=GXmoeGkdwh1O45lrH7mMIZnLMWvqHkVWiQKqDOICOq1fi95anXYMaCRAX879ujDRD9kS4J75N4kGDX576Q2AKmwZPUBih-4NS80Pc1189OxasEbdAsHiEtIhcnCzZ0zWb5V6QpVraL0TTGU4ktkGZq374g8C0pUBRhKVASKeW21TgUW5eIkswq97I-.qG-kr; _srn=_srn; SWEUAID=SWEUAID</cookies>
  <method class="java.lang.String">POST</method>
  <queryString class="java.lang.String">SWEC=8&amp;SWEMethod=GetProfileAttr&amp;SWERPC=1&amp;SWECmd=InvokeMethod&amp;SRN=xK7T2pIB2ZOV15hwlQxQF5reKcoUB8VpMTZr7we8uAEb&amp;SWEIPS=%400*0*1*0*14*GetProfileAttr3*0*8*attrName24*BTConsumerComInteraction</queryString>
  <java.net.URL>http://localhost:8080/ecommunications_enu_nsm_aps05524a027/start.swe</java.net.URL>
</httpSample>
<httpSample t="{{\d+}}" it="0" lt="{{\d+}}" ct="{{\d+}}" ts="{{\d+}}" s="true" lb="{{\d+}} /ecommunications_enu_nsm_aps05524a027/start.swe" rc="200" rm="OK" tn="Thread Group 1-1" dt="text" de="utf-8" by="847" sby="850" sc="1" ec="0" ng="1" na="1" hn="{{.*?}}">
  <responseHeader class="java.lang.String">HTTP/1.1 200 OK
Connection: close
Server: Oracle-iPlanet-Web-Server/7.0
Date: Tue, 23 Jun 2020 12:49:09 GMT
Content-Language: en
Cache-Control: no-cache
Swerpc: true
Content-Type: text/html;charset=utf-8
Connection: close
Matched-Stub-Id: {{\w+-\w+-\w+-\w+-\w+}}
Vary: Accept-Encoding, User-Agent
</responseHeader>
  <requestHeader class="java.lang.String">Connection: close
Content-Type: application/x-www-form-urlencoded
DNT: 1
Accept-Encoding: deflate
Pragma: no-cache
User-Agent: Mozilla/4.0 (compatible; MSIE 7.0; Windows NT 6.3; WOW64; Trident/7.0; .NET4.0E; .NET4.0C; .NET CLR 3.5.30729; .NET CLR 2.0.50727; .NET CLR 3.0.30729)
Accept: text/html, image/gif, image/jpeg, *; q=.2, */*; q=.2
Content-Length: 162
Host: localhost:8080
</requestHeader>
  <responseData class="java.lang.String">@0`1`4`2``0`UC`1`Status`OK`SWEC`10`SRN`xK7T2pIB2ZOV15hwlQxQF5reKcoUB8VpMTZr7we8uAEb`1`0`ResultSet`0`Answer`false`1`6`Command Manager`0`RefreshToolbar`true`7`0`StateToolBar`0`#35`true`#36`true`#17`true`#34`true`#8`false`#37`true`#38`true`0`1`StateExToolBar`0`1`0`#35`0`Checked`false`0`3`FlagsToolBar`0`3`0`#8`0`SWESP`true`SWEH`0`SWEW`0`3`0`#34`0`SWESP`true`SWEH`600`SWEW`800`3`0`#36`0`SWESP`true`SWEH`20`SWEW`380`3`0`State`0`#27`false`#26`false`#28`false`0`3`StateEx`0`0`0`#26`0`0`0`#27`0`1`0`#28`0`Checked`false`0`0`Flags`0`</responseData>
  <responseFile class="java.lang.String"></responseFile>
  <cookies class="java.lang.String">_sn=GXmoeGkdwh1O45lrH7mMIZnLMWvqHkVWiQKqDOICOq1fi95anXYMaCRAX879ujDRD9kS4J75N4kGDX576Q2AKmwZPUBih-4NS80Pc1189OxasEbdAsHiEtIhcnCzZ0zWb5V6QpVraL0TTGU4ktkGZq374g8C0pUBRhKVASKeW21TgUW5eIkswq97I-.qG-kr; _srn=_srn; SWEUAID=SWEUAID</cookies>
  <method class="java.lang.String">POST</method>
  <queryString class="java.lang.String">SWEC=9&amp;SWEMethod=NavigatedBack&amp;SWERPC=1&amp;SWECmd=InvokeMethod&amp;SRN=xK7T2pIB2ZOV15hwlQxQF5reKcoUB8VpMTZr7we8uAEb&amp;SWEIPS=%400*0*0*0*0*3*0*&amp;SWEService=BT+Search+Results</queryString>
  <java.net.URL>http://localhost:8080/ecommunications_enu_nsm_aps05524a027/start.swe</java.net.URL>
</httpSample>
<httpSample t="{{\d+}}" it="0" lt="{{\d+}}" ct="{{\d+}}" ts="{{\d+}}" s="true" lb="{{\d+}} /ecommunications_enu_nsm_aps05524a027/start.swe" rc="200" rm="OK" tn="Thread Group 1-1" dt="text" de="utf-8" by="28710" sby="1284" sc="1" ec="0" ng="1" na="1" hn="{{.*?}}">
  <responseHeader class="java.lang.String">HTTP/1.1 200 OK
Connection: close
Server: Oracle-iPlanet-Web-Server/7.0
Date: Tue, 23 Jun 2020 12:49:24 GMT
Content-Language: en
Cache-Control: no-cache
Swerpc: true
Content-Type: text/html;charset=utf-8
Matched-Stub-Id: {{\w+-\w+-\w+-\w+-\w+}}
Vary: Accept-Encoding, User-Agent
</responseHeader>
  <requestHeader class="java.lang.String">Connection: close
Content-Type: application/x-www-form-urlencoded
DNT: 1
Accept-Encoding: deflate
Pragma: no-cache
User-Agent: Mozilla/4.0 (compatible; MSIE 7.0; Windows NT 6.3; WOW64; Trident/7.0; .NET4.0E; .NET4.0C; .NET CLR 3.5.30729; .NET CLR 2.0.50727; .NET CLR 3.0.30729)
Accept: text/html, image/gif, image/jpeg, *; q=.2, */*; q=.2
Content-Length: 596
Host: localhost:8080
</requestHeader>
  <responseData class="java.lang.String">@0`1`7`3``0`Target`top._sweclient._swecontent._sweview`UC`1`ViewId``Status`NewLayout`View`BT Search View`SWEC`11`SRN`xK7T2pIB2ZOV15hwlQxQF5reKcoUB8VpMTZr7we8uAEb`0`3`api`0`0`1`nbo`0`2`2`boi`3``n`BT Search`z``0`1`nbc`0`1`2`bci`3`S_BC1`n`BT Search Criteria`0`19`fl`0`8`0`f`0`itx`1`n`229`sc`0`l`255`crf`215`dft`5`t`220`dn`230`8`0`f`0`itx`1`n`246`sc`0`l`255`crf`215`dft`5`t`220`dn`245`8`0`f`0`itx`1`n`251`sc`0`l`255`crf`215`dft`5`t`220`dn`252`8`0`f`0`itx`1`n`255`sc`0`l`255`crf`215`dft`5`t`220`dn`254`8`0`f`0`itx`1`n`257`sc`0`l`255`crf`215`dft`5`t`220`dn`256`8`0`f`0`itx`1`n`260`sc`0`l`255`crf`215`dft`5`t`220`dn`260`8`0`f`0`itx`1`n`261`sc`0`l`255`crf`215`dft`5`t`220`dn`261`8`0`f`0`itx`1`n`262`sc`0`l`255`crf`215`dft`5`t`220`dn`263`8`0`f`0`itx`1`n`264`sc`0`l`255`crf`215`dft`5`t`220`dn`158`8`0`f`0`itx`1`n`266`sc`0`l`255`crf`215`dft`5`t`220`dn`265`8`0`f`0`itx`1`n`267`sc`0`l`255`crf`215`dft`5`t`220`dn`267`8`0`f`0`itx`1`n`286`sc`0`l`255`crf`215`dft`5`t`220`dn`286`8`0`f`0`itx`1`n`287`sc`0`l`255`crf`215`dft`5`t`220`dn`287`8`0`f`0`itx`1`n`292`sc`0`l`255`crf`215`dft`5`t`220`dn`292`8`0`f`0`itx`1`n`294`sc`0`l`255`crf`215`dft`5`t`220`dn`294`8`0`f`0`itx`1`n`297`sc`0`l`255`crf`215`dft`5`t`220`dn`297`8`0`f`0`itx`1`n`300`sc`0`l`255`crf`215`dft`5`t`220`dn`300`8`0`f`0`itx`1`n`303`sc`0`l`255`crf`215`dft`5`t`220`dn`303`11`0`f`0`itx`1`n`183`sc`0`irq`1`l`15`crf`215`dft`5`ihn`1`iro`1`t`214`dn`183`3`2`rl`0`crnm`1`nmr`1`atr`0`2`0`r`0`v`28*Manual Search - No call data0*0*0*0*0*0*0*0*0*0*0*0*0*0*0*0*0*6*VRId-0`i`VRId-0`1`0`tr`0`v``0`1`nbc`0`2`2`bci`3`S_BC2`n`BT Search Results`cdl`1`0`19`fl`0`10`0`f`0`itx`1`n`333`sc`0`icl`1`l`255`crf`215`dft`5`iro`1`t`220`dn`333`8`0`f`0`itx`1`n`335`sc`0`l`255`crf`215`dft`5`t`220`dn`119`8`0`f`0`itx`1`n`99`sc`0`l`255`crf`215`dft`5`t`220`dn`99`10`0`f`0`itx`1`n`338`sc`0`icl`1`l`255`crf`215`dft`5`iro`1`t`220`dn`337`10`0`f`0`itx`1`n`339`sc`0`icl`1`l`255`crf`215`dft`5`iro`1`t`220`dn`261`8`0`f`0`itx`1`n`246`sc`0`l`255`crf`215`dft`5`t`220`dn`245`10`0`f`0`itx`1`n`341`sc`0`icl`1`l`255`crf`215`dft`5`iro`1`t`220`dn`340`8`0`f`0`itx`1`n`266`sc`0`l`255`crf`215`dft`5`t`220`dn`342`8`0`f`0`itx`1`n`343`sc`0`l`255`crf`215`dft`5`t`220`dn`344`8`0`f`0`itx`1`n`345`sc`0`l`255`crf`215`dft`5`t`220`dn`346`8`0`f`0`itx`1`n`347`sc`0`l`255`crf`215`dft`5`t`220`dn`347`8`0`f`0`itx`1`n`348`sc`0`l`255`crf`215`dft`5`t`220`dn`349`8`0`f`0`itx`1`n`352`sc`0`l`255`crf`215`dft`5`t`220`dn`351`8`0`f`0`itx`1`n`355`sc`0`l`255`crf`215`dft`5`t`220`dn`354`8`0`f`0`itx`1`n`356`sc`0`l`255`crf`215`dft`5`t`220`dn`357`8`0`f`0`itx`1`n`360`sc`0`l`255`crf`215`dft`5`t`220`dn`359`8`0`f`0`itx`1`n`287`sc`0`l`255`crf`215`dft`5`t`220`dn`362`8`0`f`0`itx`1`n`363`sc`0`l`255`crf`215`dft`5`t`220`dn`363`11`0`f`0`itx`1`n`183`sc`0`irq`1`l`15`crf`215`dft`5`ihn`1`iro`1`t`214`dn`183`3`1`rl`0`inrk`1`nmr`0`atr`-1`1`0`tr`0`v``1`1`nv`0`imv`1`7`3`vi`3``vt`STANDARD`ich`0`n`BT Search View`dpq`1`pu`http://localhost:8080/ecommunications_enu_nsm_aps05524a027/start.swe`tt`Search`tb`&lt;span id=&apos;s_tb&apos;&gt;&lt;table datatable=&quot;0&quot; summary=&quot;&quot; cellpadding=&quot;0&quot; cellspacing=&quot;0&quot; border=&quot;0&quot;&gt;&lt;tr&gt;&lt;/tr&gt;&lt;/table&gt;&lt;/span&gt;`0`1`na`0`18`2`ai`3`S_A1`nfi`1`n`BT Search Criteria Form Applet`cud`3*2981*13*3111*13*2821*13*2931*13*2961*13*2381*13*2911*13*2851*13*2331*13*3121*13*3061*12*291*13*3071*13*2511*13*2531*13*2541*13*2691*13*2561*13*2811*13*3081*13*2361*13*2311*13*2411*13*2291*03*2871*13*2651*13*3041*13*2761*13*2891*13*2951*13*3011*13*3131*03*2581*13*3141*03*2671*13*2781*13*1581*13*2741*13*2611*13*2701*13*2721*13*2471*13*2491*13*2621*13*2791*13*3151*13*3021*13*2441*13*3161*12*121*12*451*12*401*13*3171*12*391*12*441*13*3101*12*431*12*271*12*311*13*2431*1`dqy`1`cik`3*3051*03*2841*13*2401*13*2351*02*291*03*3061*03*3071*13*2511*13*2551*13*2571*13*3081*03*2371*13*2311*13*2421*13*3031*13*2771*13*2901*13*2951*13*3001*13*2671*13*2751*13*2711*13*2731*13*2471*13*2491*13*2801*13*3091*02*451*12*401*12*311*12*391*02*441*13*3101*12*431*02*271*03*2431*12*211*12*221*12*231*12*241*12*251*02*261*02*281*02*301*02*321*02*331*12*341*02*351*02*361*02*371*02*381*12*411*02*421*12*201*02*461*12*471*12*481*02*491*02*501*02*511*02*521*02*531*02*541*12*551*12*561*02*571*1`shd`37*BT_Search_Criteria_Form_Applet_Applet71*srf1592409810_444/bscripts/all/applet_bt_search_criteria_form_applet.js`asq`0`ied`1`vrn`S_A1`tt`228`inu`0`hmn`1`rsp`false`bnr`0`iem``bci`S_BC1`hlc`3*a_11*11*2`i`1`0`55`cl`0`22`0`c`0`pt`5`sp`s_1_1_49_0`dm`5`w`0`n`12`pw`0`ph`0`ju`6`sq`1997`pan`5`ibp`1`crf`8`sdy`0`h`0`iec`1`dft`5`ime`5`dmc`0`t`89`dn`228`fn`5`msz`32`23`0`c`0`pt`5`sp`s_1_1_23_0`dm`69`w`500`csq`1`n`229`pw`0`ph`0`ju`6`sq`1997`pan`5`ibp`1`crf`8`sdy`0`h`0`iec`1`dft`5`ime`5`dmc`0`t`4`dn`230`fn`229`msz`255`23`1`c`0`pt`5`sp`s_1_1_21_0`dm`7`w`0`n`231`pw`0`ph`0`ju`6`sq`1997`pan`5`mn`231`ibp`1`crf`8`sdy`0`h`0`iec`1`dft`5`ime`5`dmc`0`t`67`dn`232`fn`5`msz`32`13`0`imp`0`SWEField`s_1_1_21_0`SWENeedContext`true`SWER`0`SWESP`false`SWEMethod`CreateContact`SWECmd`InvokeMethod`SWEDIC`false`SWEReqRowId`0`SWEView`BT Search View`SWEC`11`SWEBID`-1`SRN`xK7T2pIB2ZOV15hwlQxQF5reKcoUB8VpMTZr7we8uAEb`SWEApplet`BT Search Criteria Form Applet`23`1`c`0`pt`5`sp`s_1_1_8_0`dm`7`w`0`n`233`pw`0`ph`0`ju`6`sq`1997`pan`5`mn`235`ibp`1`crf`8`sdy`0`h`0`iec`1`dft`5`ime`5`dmc`0`t`67`dn`234`fn`5`msz`32`13`0`imp`0`SWEField`s_1_1_8_0`SWENeedContext`true`SWER`0`SWESP`false`SWEMethod`CreateCA`SWECmd`InvokeMethod`SWEDIC`false`SWEReqRowId`0`SWEView`BT Search View`SWEC`11`SWEBID`-1`SRN`xK7T2pIB2ZOV15hwlQxQF5reKcoUB8VpMTZr7we8uAEb`SWEApplet`BT Search Criteria Form Applet`23`1`c`0`pt`5`sp`s_1_1_20_0`dm`7`w`0`n`236`pw`0`ph`0`ju`6`sq`1997`pan`5`mn`237`ibp`1`crf`8`sdy`0`h`0`iec`1`dft`5`ime`5`dmc`0`t`67`dn`236`fn`5`msz`32`13`0`imp`0`SWEField`s_1_1_20_0`SWENeedContext`true`SWER`0`SWESP`false`SWEMethod`BTClearAll`SWECmd`InvokeMethod`SWEDIC`false`SWEReqRowId`0`SWEView`BT Search View`SWEC`11`SWEBID`-1`SRN`xK7T2pIB2ZOV15hwlQxQF5reKcoUB8VpMTZr7we8uAEb`SWEApplet`BT Search Criteria Form Applet`23`1`c`0`pt`5`sp`s_1_1_5_0`dm`7`w`120`n`238`pw`0`ph`0`ju`6`sq`1997`pan`5`mn`240`ibp`1`crf`8`sdy`0`h`24`iec`1`dft`5`ime`5`dmc`0`t`67`dn`239`fn`5`msz`32`13`0`imp`0`SWEField`s_1_1_5_0`SWENeedContext`true`SWER`0`SWESP`false`SWEMethod`QuickInstall`SWECmd`InvokeMethod`SWEDIC`false`SWEReqRowId`0`SWEView`BT Search View`SWEC`11`SWEBID`-1`SRN`xK7T2pIB2ZOV15hwlQxQF5reKcoUB8VpMTZr7we8uAEb`SWEApplet`BT Search Criteria Form Applet`23`1`c`0`pt`5`sp`s_1_1_22_0`dm`7`w`0`n`241`pw`0`ph`0`ju`6`sq`1997`pan`5`mn`242`ibp`1`crf`8`sdy`0`h`0`iec`1`dft`5`ime`5`dmc`0`t`67`dn`241`fn`5`msz`32`13`0`imp`0`SWEField`s_1_1_22_0`SWENeedContext`true`SWER`0`SWESP`false`SWEMethod`AgentCom`SWECmd`InvokeMethod`SWEDIC`false`SWEReqRowId`0`SWEView`BT Search View`SWEC`11`SWEBID`-1`SRN`xK7T2pIB2ZOV15hwlQxQF5reKcoUB8VpMTZr7we8uAEb`SWEApplet`BT Search Criteria Form Applet`25`1`c`0`pt`5`sp`s_1_1_59_0`dm`5`w`0`n`243`eb`&lt;img src=&quot;images/btn_more.gif&quot; border=&quot;0&quot; space=&quot;0&quot; hspace=&quot;0&quot; alt=&quot;Show more&quot;  title=&quot;Show more&quot; &gt;`pw`0`ph`0`ju`6`sq`1997`pan`5`icm`243`mn`243`ibp`1`crf`8`sdy`0`h`0`iec`1`dft`5`ime`5`dmc`0`t`10`dn`5`fn`5`msz`32`13`0`imp`0`SWEField`s_1_1_59_0`SWENeedContext`true`SWER`0`SWESP`false`SWEMethod`ToggleLayout`SWECmd`InvokeMethod`SWEDIC`false`SWEReqRowId`0`SWEView`BT Search View`SWEC`11`SWEBID`-1`SRN`xK7T2pIB2ZOV15hwlQxQF5reKcoUB8VpMTZr7we8uAEb`SWEApplet`BT Search Criteria Form Applet`23`0`c`0`pt`5`sp`s_1_1_47_0`dm`5`w`120`csq`1`n`244`pw`0`ph`0`ju`6`sq`1997`pan`5`ibp`1`crf`8`sdy`0`h`24`iec`1`dft`5`ime`5`dmc`0`t`4`dn`245`fn`246`msz`255`23`1`c`0`pt`5`sp`s_1_1_41_0`dm`7`w`120`n`247`pw`0`ph`0`ju`6`sq`1997`pan`5`mn`247`ibp`1`crf`8`sdy`0`h`24`iec`1`dft`5`ime`5`dmc`0`t`67`dn`248`fn`5`msz`32`13`0`imp`0`SWEField`s_1_1_41_0`SWENeedContext`true`SWER`0`SWESP`false`SWEMethod`Progressive`SWECmd`InvokeMethod`SWEDIC`false`SWEReqRowId`0`SWEView`BT Search View`SWEC`11`SWEBID`-1`SRN`xK7T2pIB2ZOV15hwlQxQF5reKcoUB8VpMTZr7we8uAEb`SWEApplet`BT Search Criteria Form Applet`23`1`c`0`pt`5`sp`s_1_1_42_0`dm`7`w`120`n`249`pw`0`ph`0`ju`6`sq`1997`pan`5`mn`249`ibp`1`crf`8`sdy`0`h`24`iec`1`dft`5`ime`5`dmc`0`t`67`dn`250`fn`5`msz`32`13`0`imp`0`SWEField`s_1_1_42_0`SWENeedContext`true`SWER`0`SWESP`false`SWEMethod`Quick`SWECmd`InvokeMethod`SWEDIC`false`SWEReqRowId`0`SWEView`BT Search View`SWEC`11`SWEBID`-1`SRN`xK7T2pIB2ZOV15hwlQxQF5reKcoUB8VpMTZr7we8uAEb`SWEApplet`BT Search Criteria Form Applet`23`0`c`0`pt`5`sp`s_1_1_13_0`dm`5`w`240`csq`1`n`251`pw`0`ph`0`ju`6`sq`1997`pan`5`ibp`1`crf`8`sdy`0`h`24`iec`1`dft`5`ime`5`dmc`0`t`4`dn`252`fn`251`msz`255`23`1`c`0`pt`5`sp`s_1_1_14_0`dm`7`w`120`n`253`pw`0`ph`0`ju`6`sq`1997`pan`5`mn`251`ibp`1`crf`8`sdy`0`h`24`iec`1`dft`5`ime`5`dmc`0`t`67`dn`228`fn`5`msz`32`13`0`imp`0`SWEField`s_1_1_14_0`SWENeedContext`true`SWER`0`SWESP`false`SWEMethod`AccountCode`SWECmd`InvokeMethod`SWEDIC`false`SWEReqRowId`0`SWEView`BT Search View`SWEC`11`SWEBID`-1`SRN`xK7T2pIB2ZOV15hwlQxQF5reKcoUB8VpMTZr7we8uAEb`SWEApplet`BT Search Criteria Form Applet`23`0`c`0`pt`5`sp`s_1_1_15_0`dm`5`w`120`csq`1`n`254`pw`0`ph`0`ju`6`sq`1997`pan`5`ibp`1`crf`8`sdy`0`h`24`iec`1`dft`5`ime`5`dmc`0`t`4`dn`254`fn`255`msz`255`23`0`c`0`pt`5`sp`s_1_1_17_0`dm`5`w`120`csq`1`n`256`pw`0`ph`0`ju`6`sq`1997`pan`5`ibp`1`crf`8`sdy`0`h`24`iec`1`dft`5`ime`5`dmc`0`t`4`dn`256`fn`257`msz`255`23`0`c`0`pt`5`sp`s_1_1_32_0`dm`5`w`120`csq`1`n`258`pw`0`ph`0`ju`6`sq`1997`pan`5`ibp`1`crf`8`sdy`0`h`24`iec`1`dft`5`ime`5`dmc`0`t`4`dn`259`fn`260`msz`255`23`0`c`0`pt`5`sp`s_1_1_38_0`dm`5`w`120`csq`1`n`261`pw`0`ph`0`ju`6`sq`1997`pan`5`ibp`1`crf`8`sdy`0`h`24`iec`1`dft`5`ime`5`dmc`0`t`4`dn`261`fn`261`msz`255`23`0`c`0`pt`5`sp`s_1_1_43_0`dm`5`w`240`csq`1`n`262`pw`0`ph`0`ju`6`sq`1997`pan`5`ibp`1`crf`8`sdy`0`h`24`iec`1`dft`5`ime`5`dmc`0`t`4`dn`263`fn`262`msz`255`23`0`c`0`pt`5`sp`s_1_1_36_0`dm`5`w`240`csq`1`n`158`pw`0`ph`0`ju`6`sq`1997`pan`5`ibp`1`crf`8`sdy`0`h`24`iec`1`dft`5`ime`5`dmc`0`t`4`dn`158`fn`264`msz`255`23`0`c`0`pt`5`sp`s_1_1_25_0`dm`5`w`240`csq`1`n`265`pw`0`ph`0`ju`6`sq`1997`pan`5`ibp`1`crf`8`sdy`0`h`24`iec`1`dft`5`ime`5`dmc`0`t`4`dn`265`fn`266`msz`255`23`0`c`0`pt`5`sp`s_1_1_34_0`dm`5`w`240`csq`1`n`267`pw`0`ph`0`ju`6`sq`1997`pan`5`ibp`1`crf`8`sdy`0`h`24`iec`1`dft`5`ime`5`dmc`0`t`4`dn`268`fn`267`msz`255`23`1`c`0`pt`5`sp`s_1_1_16_0`dm`7`w`120`n`269`pw`0`ph`0`ju`6`sq`1997`pan`5`mn`255`ibp`1`crf`8`sdy`0`h`24`iec`1`dft`5`ime`5`dmc`0`t`67`dn`228`fn`5`msz`32`13`0`imp`0`SWEField`s_1_1_16_0`SWENeedContext`true`SWER`0`SWESP`false`SWEMethod`BillingAccount`SWECmd`InvokeMethod`SWEDIC`false`SWEReqRowId`0`SWEView`BT Search View`SWEC`11`SWEBID`-1`SRN`xK7T2pIB2ZOV15hwlQxQF5reKcoUB8VpMTZr7we8uAEb`SWEApplet`BT Search Criteria Form Applet`23`1`c`0`pt`5`sp`s_1_1_39_0`dm`7`w`120`n`270`pw`0`ph`0`ju`6`sq`1997`pan`5`mn`271`ibp`1`crf`8`sdy`0`h`24`iec`1`dft`5`ime`5`dmc`0`t`67`dn`248`fn`5`msz`32`13`0`imp`0`SWEField`s_1_1_39_0`SWENeedContext`true`SWER`0`SWESP`false`SWEMethod`CustomerAddress`SWECmd`InvokeMethod`SWEDIC`false`SWEReqRowId`0`SWEView`BT Search View`SWEC`11`SWEBID`-1`SRN`xK7T2pIB2ZOV15hwlQxQF5reKcoUB8VpMTZr7we8uAEb`SWEApplet`BT Search Criteria Form Applet`23`1`c`0`pt`5`sp`s_1_1_40_0`dm`7`w`120`n`272`pw`0`ph`0`ju`6`sq`1997`pan`5`mn`273`ibp`1`crf`8`sdy`0`h`24`iec`1`dft`5`ime`5`dmc`0`t`67`dn`250`fn`5`msz`32`13`0`imp`0`SWEField`s_1_1_40_0`SWENeedContext`true`SWER`0`SWESP`false`SWEMethod`ContactAddress`SWECmd`InvokeMethod`SWEDIC`false`SWEReqRowId`0`SWEView`BT Search View`SWEC`11`SWEBID`-1`SRN`xK7T2pIB2ZOV15hwlQxQF5reKcoUB8VpMTZr7we8uAEb`SWEApplet`BT Search Criteria Form Applet`23`0`c`0`pt`5`sp`s_1_1_15_0`dm`5`w`120`csq`1`n`254`pw`0`ph`0`ju`6`sq`1997`pan`5`ibp`1`crf`8`sdy`0`h`24`iec`1`dft`5`ime`5`dmc`0`t`4`dn`254`fn`255`msz`255`23`1`c`0`pt`5`sp`s_1_1_16_0`dm`7`w`120`n`269`pw`0`ph`0`ju`6`sq`1997`pan`5`mn`255`ibp`1`crf`8`sdy`0`h`24`iec`1`dft`5`ime`5`dmc`0`t`67`dn`228`fn`5`msz`32`13`0`imp`0`SWEField`s_1_1_16_0`SWENeedContext`true`SWER`0`SWESP`false`SWEMethod`BillingAccount`SWECmd`InvokeMethod`SWEDIC`false`SWEReqRowId`0`SWEView`BT Search View`SWEC`11`SWEBID`-1`SRN`xK7T2pIB2ZOV15hwlQxQF5reKcoUB8VpMTZr7we8uAEb`SWEApplet`BT Search Criteria Form Applet`23`0`c`0`pt`5`sp`s_1_1_43_0`dm`5`w`240`csq`1`n`262`pw`0`ph`0`ju`6`sq`1997`pan`5`ibp`1`crf`8`sdy`0`h`24`iec`1`dft`5`ime`5`dmc`0`t`4`dn`263`fn`262`msz`255`23`1`c`0`pt`5`sp`s_1_1_37_0`dm`7`w`120`n`274`pw`0`ph`0`ju`6`sq`1997`pan`5`mn`275`ibp`1`crf`8`sdy`0`h`24`iec`1`dft`5`ime`5`dmc`0`t`67`dn`228`fn`5`msz`32`13`0`imp`0`SWEField`s_1_1_37_0`SWENeedContext`true`SWER`0`SWESP`false`SWEMethod`OrderNo`SWECmd`InvokeMethod`SWEDIC`false`SWEReqRowId`0`SWEView`BT Search View`SWEC`11`SWEBID`-1`SRN`xK7T2pIB2ZOV15hwlQxQF5reKcoUB8VpMTZr7we8uAEb`SWEApplet`BT Search Criteria Form Applet`23`1`c`0`pt`5`sp`s_1_1_27_0`dm`7`w`120`n`276`pw`0`ph`0`ju`6`sq`1997`pan`5`mn`277`ibp`1`crf`8`sdy`0`h`24`iec`1`dft`5`ime`5`dmc`0`t`67`dn`228`fn`5`msz`32`13`0`imp`0`SWEField`s_1_1_27_0`SWENeedContext`true`SWER`0`SWESP`false`SWEMethod`Emailaddr`SWECmd`InvokeMethod`SWEDIC`false`SWEReqRowId`0`SWEView`BT Search View`SWEC`11`SWEBID`-1`SRN`xK7T2pIB2ZOV15hwlQxQF5reKcoUB8VpMTZr7we8uAEb`SWEApplet`BT Search Criteria Form Applet`23`1`c`0`pt`5`sp`s_1_1_35_0`dm`7`w`120`n`278`pw`0`ph`0`ju`6`sq`1997`pan`5`mn`267`ibp`1`crf`8`sdy`0`h`24`iec`1`dft`5`ime`5`dmc`0`t`67`dn`228`fn`5`msz`32`13`0`imp`0`SWEField`s_1_1_35_0`SWENeedContext`true`SWER`0`SWESP`false`SWEMethod`OpportunityId`SWECmd`InvokeMethod`SWEDIC`false`SWEReqRowId`0`SWEView`BT Search View`SWEC`11`SWEBID`-1`SRN`xK7T2pIB2ZOV15hwlQxQF5reKcoUB8VpMTZr7we8uAEb`SWEApplet`BT Search Criteria Form Applet`23`1`c`0`pt`5`sp`s_1_1_44_0`dm`7`w`120`n`279`pw`0`ph`0`ju`6`sq`1997`pan`5`mn`280`ibp`1`crf`8`sdy`0`h`24`iec`1`dft`5`ime`5`dmc`0`t`67`dn`228`fn`5`msz`32`13`0`imp`0`SWEField`s_1_1_44_0`SWENeedContext`true`SWER`0`SWESP`false`SWEMethod`SRFault`SWECmd`InvokeMethod`SWEDIC`false`SWEReqRowId`0`SWEView`BT Search View`SWEC`11`SWEBID`-1`SRN`xK7T2pIB2ZOV15hwlQxQF5reKcoUB8VpMTZr7we8uAEb`SWEApplet`BT Search Criteria Form Applet`23`0`c`0`pt`5`sp`s_1_1_17_0`dm`5`w`120`csq`1`n`256`pw`0`ph`0`ju`6`sq`1997`pan`5`ibp`1`crf`8`sdy`0`h`24`iec`1`dft`5`ime`5`dmc`0`t`4`dn`256`fn`257`msz`255`23`1`c`0`pt`5`sp`s_1_1_18_0`dm`7`w`120`n`281`pw`0`ph`0`ju`6`sq`1997`pan`5`mn`257`ibp`1`crf`8`sdy`0`h`24`iec`1`dft`5`ime`5`dmc`0`t`67`dn`228`fn`5`msz`32`13`0`imp`0`SWEField`s_1_1_18_0`SWENeedContext`true`SWER`0`SWESP`false`SWEMethod`CompanyName`SWECmd`InvokeMethod`SWEDIC`false`SWEReqRowId`0`SWEView`BT Search View`SWEC`11`SWEBID`-1`SRN`xK7T2pIB2ZOV15hwlQxQF5reKcoUB8VpMTZr7we8uAEb`SWEApplet`BT Search Criteria Form Applet`23`1`c`0`pt`5`sp`s_1_1_2_0`dm`7`w`120`n`282`pw`0`ph`0`ju`6`sq`1997`pan`5`mn`284`ibp`1`crf`8`sdy`0`h`24`iec`1`dft`5`ime`5`dmc`0`t`67`dn`283`fn`5`msz`32`13`0`imp`0`SWEField`s_1_1_2_0`SWENeedContext`true`SWER`0`SWESP`false`SWEMethod`ExtendedSearch`SWECmd`InvokeMethod`SWEDIC`false`SWEReqRowId`0`SWEView`BT Search View`SWEC`11`SWEBID`-1`SRN`xK7T2pIB2ZOV15hwlQxQF5reKcoUB8VpMTZr7we8uAEb`SWEApplet`BT Search Criteria Form Applet`23`0`c`0`pt`5`sp`s_1_1_36_0`dm`5`w`240`csq`1`n`158`pw`0`ph`0`ju`6`sq`1997`pan`5`ibp`1`crf`8`sdy`0`h`24`iec`1`dft`5`ime`5`dmc`0`t`4`dn`158`fn`264`msz`255`23`1`c`0`pt`5`sp`s_1_1_37_0`dm`7`w`120`n`274`pw`0`ph`0`ju`6`sq`1997`pan`5`mn`275`ibp`1`crf`8`sdy`0`h`24`iec`1`dft`5`ime`5`dmc`0`t`67`dn`228`fn`5`msz`32`13`0`imp`0`SWEField`s_1_1_37_0`SWENeedContext`true`SWER`0`SWESP`false`SWEMethod`OrderNo`SWECmd`InvokeMethod`SWEDIC`false`SWEReqRowId`0`SWEView`BT Search View`SWEC`11`SWEBID`-1`SRN`xK7T2pIB2ZOV15hwlQxQF5reKcoUB8VpMTZr7we8uAEb`SWEApplet`BT Search Criteria Form Applet`23`0`c`0`pt`5`sp`s_1_1_38_0`dm`5`w`120`csq`1`n`261`pw`0`ph`0`ju`6`sq`1997`pan`5`ibp`1`crf`8`sdy`0`h`24`iec`1`dft`5`ime`5`dmc`0`t`4`dn`261`fn`261`msz`255`23`1`c`0`pt`5`sp`s_1_1_39_0`dm`7`w`120`n`270`pw`0`ph`0`ju`6`sq`1997`pan`5`mn`271`ibp`1`crf`8`sdy`0`h`24`iec`1`dft`5`ime`5`dmc`0`t`67`dn`248`fn`5`msz`32`13`0`imp`0`SWEField`s_1_1_39_0`SWENeedContext`true`SWER`0`SWESP`false`SWEMethod`CustomerAddress`SWECmd`InvokeMethod`SWEDIC`false`SWEReqRowId`0`SWEView`BT Search View`SWEC`11`SWEBID`-1`SRN`xK7T2pIB2ZOV15hwlQxQF5reKcoUB8VpMTZr7we8uAEb`SWEApplet`BT Search Criteria Form Applet`23`1`c`0`pt`5`sp`s_1_1_40_0`dm`7`w`120`n`272`pw`0`ph`0`ju`6`sq`1997`pan`5`mn`273`ibp`1`crf`8`sdy`0`h`24`iec`1`dft`5`ime`5`dmc`0`t`67`dn`250`fn`5`msz`32`13`0`imp`0`SWEField`s_1_1_40_0`SWENeedContext`true`SWER`0`SWESP`false`SWEMethod`ContactAddress`SWECmd`InvokeMethod`SWEDIC`false`SWEReqRowId`0`SWEView`BT Search View`SWEC`11`SWEBID`-1`SRN`xK7T2pIB2ZOV15hwlQxQF5reKcoUB8VpMTZr7we8uAEb`SWEApplet`BT Search Criteria Form Applet`23`0`c`0`pt`5`sp`s_1_1_25_0`dm`5`w`240`csq`1`n`265`pw`0`ph`0`ju`6`sq`1997`pan`5`ibp`1`crf`8`sdy`0`h`24`iec`1`dft`5`ime`5`dmc`0`t`4`dn`265`fn`266`msz`255`23`1`c`0`pt`5`sp`s_1_1_27_0`dm`7`w`120`n`276`pw`0`ph`0`ju`6`sq`1997`pan`5`mn`277`ibp`1`crf`8`sdy`0`h`24`iec`1`dft`5`ime`5`dmc`0`t`67`dn`228`fn`5`msz`32`13`0`imp`0`SWEField`s_1_1_27_0`SWENeedContext`true`SWER`0`SWESP`false`SWEMethod`Emailaddr`SWECmd`InvokeMethod`SWEDIC`false`SWEReqRowId`0`SWEView`BT Search View`SWEC`11`SWEBID`-1`SRN`xK7T2pIB2ZOV15hwlQxQF5reKcoUB8VpMTZr7we8uAEb`SWEApplet`BT Search Criteria Form Applet`23`0`c`0`pt`5`sp`s_1_1_7_0`dm`5`w`120`csq`1`n`285`pw`0`ph`0`ju`6`sq`1997`pan`5`ibp`1`crf`8`sdy`0`h`24`iec`1`dft`5`ime`5`dmc`0`t`4`dn`285`fn`286`msz`255`23`0`c`0`pt`5`sp`s_1_1_34_0`dm`5`w`240`csq`1`n`267`pw`0`ph`0`ju`6`sq`1997`pan`5`ibp`1`crf`8`sdy`0`h`24`iec`1`dft`5`ime`5`dmc`0`t`4`dn`268`fn`267`msz`255`23`1`c`0`pt`5`sp`s_1_1_35_0`dm`7`w`120`n`278`pw`0`ph`0`ju`6`sq`1997`pan`5`mn`267`ibp`1`crf`8`sdy`0`h`24`iec`1`dft`5`ime`5`dmc`0`t`67`dn`228`fn`5`msz`32`13`0`imp`0`SWEField`s_1_1_35_0`SWENeedContext`true`SWER`0`SWESP`false`SWEMethod`OpportunityId`SWECmd`InvokeMethod`SWEDIC`false`SWEReqRowId`0`SWEView`BT Search View`SWEC`11`SWEBID`-1`SRN`xK7T2pIB2ZOV15hwlQxQF5reKcoUB8VpMTZr7we8uAEb`SWEApplet`BT Search Criteria Form Applet`23`0`c`0`pt`5`sp`s_1_1_32_0`dm`5`w`120`csq`1`n`258`pw`0`ph`0`ju`6`sq`1997`pan`5`ibp`1`crf`8`sdy`0`h`24`iec`1`dft`5`ime`5`dmc`0`t`4`dn`259`fn`260`msz`255`23`0`c`0`pt`5`sp`s_1_1_24_0`dm`5`w`240`csq`1`n`287`pw`0`ph`0`ju`6`sq`1997`pan`5`ibp`1`crf`8`sdy`0`h`24`iec`1`dft`5`ime`5`dmc`0`t`4`dn`288`fn`287`msz`255`23`1`c`0`pt`5`sp`s_1_1_28_0`dm`7`w`120`n`289`pw`0`ph`0`ju`6`sq`1997`pan`5`mn`290`ibp`1`crf`8`sdy`0`h`24`iec`1`dft`5`ime`5`dmc`0`t`67`dn`228`fn`5`msz`32`13`0`imp`0`SWEField`s_1_1_28_0`SWENeedContext`true`SWER`0`SWESP`false`SWEMethod`IntegrationID`SWECmd`InvokeMethod`SWEDIC`false`SWEReqRowId`0`SWEView`BT Search View`SWEC`11`SWEBID`-1`SRN`xK7T2pIB2ZOV15hwlQxQF5reKcoUB8VpMTZr7we8uAEb`SWEApplet`BT Search Criteria Form Applet`23`0`c`0`pt`5`sp`s_1_1_6_0`dm`5`w`120`csq`1`n`291`pw`0`ph`0`ju`6`sq`1997`pan`5`ibp`1`crf`8`sdy`0`h`24`iec`1`dft`5`ime`5`dmc`0`t`4`dn`291`fn`292`msz`255`23`0`c`0`pt`5`sp`s_1_1_3_0`dm`5`w`240`csq`1`n`293`pw`0`ph`0`ju`6`sq`1997`pan`5`ibp`1`crf`8`sdy`0`h`24`iec`1`dft`5`ime`5`dmc`0`t`4`dn`293`fn`294`msz`255`23`1`c`0`pt`5`sp`s_1_1_29_0`dm`7`w`120`n`295`pw`0`ph`0`ju`6`sq`1997`pan`5`mn`295`ibp`1`crf`8`sdy`0`h`24`iec`1`dft`5`ime`5`dmc`0`t`67`dn`228`fn`5`msz`32`13`0`imp`0`SWEField`s_1_1_29_0`SWENeedContext`true`SWER`0`SWESP`false`SWEMethod`ServicePointONTRefSearch`SWECmd`InvokeMethod`SWEDIC`false`SWEReqRowId`0`SWEView`BT Search View`SWEC`11`SWEBID`-1`SRN`xK7T2pIB2ZOV15hwlQxQF5reKcoUB8VpMTZr7we8uAEb`SWEApplet`BT Search Criteria Form Applet`23`0`c`0`pt`5`sp`s_1_1_4_0`dm`5`w`120`csq`1`n`296`pw`0`ph`0`ju`6`sq`1997`pan`5`ibp`1`crf`8`sdy`0`h`24`iec`1`dft`5`ime`5`dmc`0`t`4`dn`296`fn`297`msz`255`23`0`c`0`pt`5`sp`s_1_1_0_0`dm`7`w`240`csq`1`n`298`pw`0`ph`0`ju`6`sq`1997`pan`5`ibp`1`crf`8`sdy`0`h`24`iec`1`dft`5`ime`5`dmc`0`t`4`dn`299`fn`300`msz`255`23`1`c`0`pt`5`sp`s_1_1_30_0`dm`7`w`120`n`301`pw`0`ph`0`ju`6`sq`1997`pan`5`mn`300`ibp`1`crf`8`sdy`0`h`24`iec`1`dft`5`ime`5`dmc`0`t`67`dn`228`fn`5`msz`32`13`0`imp`0`SWEField`s_1_1_30_0`SWENeedContext`true`SWER`0`SWESP`false`SWEMethod`SupplierServiceId`SWECmd`InvokeMethod`SWEDIC`false`SWEReqRowId`0`SWEView`BT Search View`SWEC`11`SWEBID`-1`SRN`xK7T2pIB2ZOV15hwlQxQF5reKcoUB8VpMTZr7we8uAEb`SWEApplet`BT Search Criteria Form Applet`23`0`c`0`pt`5`sp`s_1_1_46_0`dm`5`w`120`csq`1`n`302`pw`0`ph`0`ju`6`sq`1997`pan`5`ibp`1`crf`8`sdy`0`h`24`iec`1`dft`5`ime`5`dmc`0`t`4`dn`302`fn`303`msz`255`23`1`c`0`pt`5`sp`s_1_1_26_0`dm`7`w`120`n`304`pw`0`ph`0`ju`6`sq`1997`pan`5`mn`303`ibp`1`crf`8`sdy`0`h`24`iec`1`dft`5`ime`5`dmc`0`t`67`dn`228`fn`5`msz`32`13`0`imp`0`SWEField`s_1_1_26_0`SWENeedContext`true`SWER`0`SWESP`false`SWEMethod`EINSearch`SWECmd`InvokeMethod`SWEDIC`false`SWEReqRowId`0`SWEView`BT Search View`SWEC`11`SWEBID`-1`SRN`xK7T2pIB2ZOV15hwlQxQF5reKcoUB8VpMTZr7we8uAEb`SWEApplet`BT Search Criteria Form Applet`1`0`cfm`0`DeleteRecord`IDS_SWE_DELETE_CONFIRM_WARNING`0`1`nla`0`20`4`ai`3`S_A2`nfi`1`n`BT Search Results List Applet`cud`3*3651*13*3661*13*3671*03*3281*03*3231*03*3261*03*3211*03*3191*02*121*03*1051*03*3061*02*451*02*401*02*391*02*441*02*291*03*3101*02*641*02*431*02*271*02*311*03*3321*03*3111*03*3681*03*3631*03*3561*03*3501*03*3531*03*3481*03*3611*03*3581*03*3691*03*3701*03*3711*03*3721*03*3731*03*3741*03*3751*03*3761*03*3771*03*3781*03*3471*03*3791*03*3341*02*991*03*3361*03*2611*03*2461*03*2661*03*2551*03*3431*03*3451*0`dqy`1`cik`3*3641*13*3301*03*3251*03*3261*13*3211*03*3191*03*3061*02*451*12*401*02*391*02*441*12*291*03*3101*02*201*02*431*02*271*02*311*03*3051*02*211*02*221*12*231*12*241*12*251*02*261*02*281*02*301*02*321*02*331*02*341*02*351*02*361*12*371*02*381*02*411*02*421*02*461*12*471*02*481*02*491*02*501*02*511*02*521*02*531*02*541*12*551*02*561*12*571*0`pf`VER_1.0_~0|DataType|100~0|Name|100~0|StreetAddress|200~0|Postcode|100~0|TelephoneNumber|100~0|BillingAccount|100~0|EmailAddress|100~0|AccountManager|100~0|ReferPhNum|100~1|AssetRowId|100~1|BillAccRowId|100~1|CompanyRowId|100~1|ConsumerRowId|100~1|ContactRowId|100~1|OrderRowId|100~1|QuoteRowId|100~1|SiteRowId|100~1|SRRowId|100~1|AssetStatus|100~0|Sector|100~1|Restricted|100~0|BillingStatus|100~0|BT Line of Business|100~0|BT Sub Sector|100~0|AddressId|100~0|CustomerId|100~0|ContactId|100~1|LECode|100~0|Brand|100`shd`36*BT_Search_Results_List_Applet_Applet70*srf1592409810_444/bscripts/all/applet_bt_search_results_list_applet.js`rct`10`asq`1`ied`1`vrn`S_A2`tt`318`inu`1`hmn`1`rsp`false`bnr`0`iem``bci`S_BC2`hlc`3*a_21*11*2`i`2`0`7`cl`0`23`1`c`0`pt`5`sp`s_2_1_7_0`dm`7`w`0`n`319`pw`0`ph`0`ju`6`sq`2997`pan`5`mn`319`ibp`1`crf`8`sdy`0`h`0`iec`1`dft`5`ime`5`dmc`0`t`67`dn`320`fn`5`msz`32`13`0`imp`0`SWEField`s_2_1_7_0`SWENeedContext`true`SWER`65535`SWESP`false`SWEMethod`Proceed`SWECmd`InvokeMethod`SWEDIC`false`SWEReqRowId`0`SWEView`BT Search View`SWEC`11`SWEBID`-1`SRN`xK7T2pIB2ZOV15hwlQxQF5reKcoUB8VpMTZr7we8uAEb`SWEApplet`BT Search Results List Applet`23`1`c`0`pt`5`sp`s_2_1_6_0`dm`7`w`0`n`321`pw`0`ph`0`ju`6`sq`2997`pan`5`mn`321`ibp`1`crf`8`sdy`0`h`0`iec`1`dft`5`ime`5`dmc`0`t`67`dn`322`fn`5`msz`32`13`0`imp`0`SWEField`s_2_1_6_0`SWENeedContext`true`SWER`65535`SWESP`false`SWEMethod`GetAccountManager`SWECmd`InvokeMethod`SWEDIC`false`SWEReqRowId`0`SWEView`BT Search View`SWEC`11`SWEBID`-1`SRN`xK7T2pIB2ZOV15hwlQxQF5reKcoUB8VpMTZr7we8uAEb`SWEApplet`BT Search Results List Applet`23`1`c`0`pt`5`sp`s_2_1_4_0`dm`7`w`0`n`323`pw`0`ph`0`ju`6`sq`2997`pan`5`mn`325`ibp`1`crf`8`sdy`0`h`0`iec`1`dft`5`ime`5`dmc`0`t`67`dn`324`fn`5`msz`32`13`0`imp`0`SWEField`s_2_1_4_0`SWENeedContext`true`SWER`65535`SWESP`false`SWEMethod`CreateCAforBAC`SWECmd`InvokeMethod`SWEDIC`false`SWEReqRowId`0`SWEView`BT Search View`SWEC`11`SWEBID`-1`SRN`xK7T2pIB2ZOV15hwlQxQF5reKcoUB8VpMTZr7we8uAEb`SWEApplet`BT Search Results List Applet`23`1`c`0`pt`5`sp`s_2_1_5_0`dm`7`w`0`n`326`pw`0`ph`0`ju`6`sq`2997`pan`5`mn`326`ibp`1`crf`8`sdy`0`h`0`iec`1`dft`5`ime`5`dmc`0`t`67`dn`327`fn`5`msz`32`13`0`imp`0`SWEField`s_2_1_5_0`SWENeedContext`true`SWER`65535`SWESP`false`SWEMethod`Finish`SWECmd`InvokeMethod`SWEDIC`false`SWEReqRowId`0`SWEView`BT Search View`SWEC`11`SWEBID`-1`SRN`xK7T2pIB2ZOV15hwlQxQF5reKcoUB8VpMTZr7we8uAEb`SWEApplet`BT Search Results List Applet`23`1`c`0`pt`5`sp`s_2_1_3_0`dm`7`w`0`n`328`pw`0`ph`0`ju`6`sq`2997`pan`5`mn`330`ibp`1`crf`8`sdy`0`h`0`iec`1`dft`5`ime`5`dmc`0`t`67`dn`329`fn`5`msz`32`13`0`imp`0`SWEField`s_2_1_3_0`SWENeedContext`true`SWER`65535`SWESP`false`SWEMethod`SearchAddress`SWECmd`InvokeMethod`SWEDIC`false`SWEReqRowId`0`SWEView`BT Search View`SWEC`11`SWEBID`-1`SRN`xK7T2pIB2ZOV15hwlQxQF5reKcoUB8VpMTZr7we8uAEb`SWEApplet`BT Search Results List Applet`23`1`c`0`pt`5`sp`s_2_1_22_0`dm`7`w`0`n`311`pw`0`ph`0`ju`6`sq`2997`pan`5`mn`305`ibp`1`crf`8`sdy`0`h`0`iec`1`dft`5`ime`5`dmc`0`t`67`dn`331`fn`5`msz`32`13`0`imp`0`SWEField`s_2_1_22_0`SWENeedContext`true`SWER`65535`SWESP`false`SWEMethod`BTForgotPassword`SWECmd`InvokeMethod`SWEDIC`false`SWEReqRowId`0`SWEView`BT Search View`SWEC`11`SWEBID`-1`SRN`xK7T2pIB2ZOV15hwlQxQF5reKcoUB8VpMTZr7we8uAEb`SWEApplet`BT Search Results List Applet`23`0`c`0`pt`5`sp`s_2_1_21_0`dm`7`w`0`csq`1`n`332`pw`0`ph`0`ju`6`sq`2997`pan`5`ibp`1`crf`8`sdy`0`h`0`iec`1`dft`5`ime`5`dmc`0`t`10`dn`5`fn`333`msz`255`1`0`cfm`0`DeleteRecord`IDS_SWE_DELETE_CONFIRM_WARNING`0`17`col`0`24`0`co`0`pt`5`sp`s_2_2_43_`dm`7`w`100`csq`1`n`334`pw`0`ph`0`ju`6`sq`2997`pan`5`ibp`1`crf`8`sdy`0`h`0`iec`1`dft`5`cix`0`ime`5`dmc`0`t`4`dn`119`fn`335`msz`255`24`0`co`0`pt`5`sp`s_2_2_44_`dm`7`w`100`csq`1`n`99`pw`0`ph`0`ju`6`sq`2997`pan`5`ibp`1`crf`8`sdy`0`h`0`iec`1`dft`5`cix`1`ime`5`dmc`0`t`4`dn`99`fn`99`msz`255`24`0`co`0`pt`5`sp`s_2_2_45_`dm`7`w`200`csq`1`n`336`pw`0`ph`0`ju`6`sq`2997`pan`5`ibp`1`crf`8`sdy`0`h`0`iec`1`dft`5`cix`2`ime`5`dmc`0`t`4`dn`337`fn`338`msz`255`24`0`co`0`pt`5`sp`s_2_2_46_`dm`7`w`100`csq`1`n`261`pw`0`ph`0`ju`6`sq`2997`pan`5`ibp`1`crf`8`sdy`0`h`0`iec`1`dft`5`cix`3`ime`5`dmc`0`t`4`dn`261`fn`339`msz`255`24`0`co`0`pt`5`sp`s_2_2_47_`dm`7`w`100`csq`1`n`246`pw`0`ph`0`ju`6`sq`2997`pan`5`ibp`1`crf`8`sdy`0`h`0`iec`1`dft`5`cix`4`ime`5`dmc`0`t`4`dn`245`fn`246`msz`255`24`0`co`0`pt`5`sp`s_2_2_49_`dm`7`w`100`csq`1`n`255`pw`0`ph`0`ju`6`sq`2997`pan`5`ibp`1`crf`8`sdy`0`h`0`iec`1`dft`5`cix`5`ime`5`dmc`0`t`4`dn`340`fn`341`msz`255`24`0`co`0`pt`5`sp`s_2_2_48_`dm`7`w`100`csq`1`n`266`pw`0`ph`0`ju`6`sq`2997`pan`5`ibp`1`crf`8`sdy`0`h`0`iec`1`dft`5`cix`6`ime`5`dmc`0`t`4`dn`342`fn`266`msz`255`24`0`co`0`pt`5`sp`s_2_2_50_`dm`7`w`100`csq`1`n`343`pw`0`ph`0`ju`6`sq`2997`pan`5`ibp`1`crf`8`sdy`0`h`0`iec`1`dft`5`cix`7`ime`5`dmc`0`t`4`dn`344`fn`343`msz`255`24`0`co`0`pt`5`sp`s_2_2_51_`dm`7`w`100`csq`1`n`345`pw`0`ph`0`ju`6`sq`2997`pan`5`ibp`1`crf`8`sdy`0`h`0`iec`1`dft`5`cix`8`ime`5`dmc`0`t`4`dn`346`fn`345`msz`255`24`0`co`0`pt`5`sp`s_2_2_41_`dm`7`w`100`csq`1`n`347`pw`0`ph`0`ju`6`sq`2997`pan`5`ibp`1`crf`8`sdy`0`h`0`iec`1`dft`5`cix`9`ime`5`dmc`0`t`4`dn`347`fn`347`msz`255`24`0`co`0`pt`5`sp`s_2_2_28_`dm`7`w`100`csq`1`n`348`pw`0`ph`0`ju`6`sq`2997`pan`5`ibp`1`crf`8`sdy`0`h`0`iec`1`dft`5`cix`10`ime`5`dmc`0`t`4`dn`349`fn`348`msz`255`24`0`co`0`pt`5`sp`s_2_2_26_`dm`7`w`100`csq`1`n`350`pw`0`ph`0`ju`6`sq`2997`pan`5`ibp`1`crf`8`sdy`0`h`0`iec`1`dft`5`cix`11`ime`5`dmc`0`t`4`dn`351`fn`352`msz`255`24`0`co`0`pt`5`sp`s_2_2_27_`dm`7`w`100`csq`1`n`353`pw`0`ph`0`ju`6`sq`2997`pan`5`ibp`1`crf`8`sdy`0`h`0`iec`1`dft`5`cix`12`ime`5`dmc`0`t`4`dn`354`fn`355`msz`255`24`0`co`0`pt`5`sp`s_2_2_25_`dm`7`w`100`csq`1`n`356`pw`0`ph`0`ju`6`sq`2997`pan`5`ibp`1`crf`8`sdy`0`h`0`iec`1`dft`5`cix`13`ime`5`dmc`0`t`4`dn`357`fn`356`msz`255`24`0`co`0`pt`5`sp`s_2_2_30_`dm`7`w`100`csq`1`n`358`pw`0`ph`0`ju`6`sq`2997`pan`5`ibp`1`crf`8`sdy`0`h`0`iec`1`dft`5`cix`14`ime`5`dmc`0`t`4`dn`359`fn`360`msz`255`24`0`co`0`pt`5`sp`s_2_2_29_`dm`7`w`100`csq`1`n`361`pw`0`ph`0`ju`6`sq`2997`pan`5`ibp`1`crf`8`sdy`0`h`0`iec`1`dft`5`cix`15`ime`5`dmc`0`t`4`dn`362`fn`287`msz`255`25`0`co`0`pt`5`sp`s_2_2_24_`dm`7`w`100`csq`1`n`363`pw`0`ist`1`ph`0`ju`6`sq`2997`pan`5`ibp`1`crf`8`sdy`0`h`0`iec`1`dft`5`cix`16`ime`5`dmc`0`t`4`dn`363`fn`363`msz`255`0`3`pcl`0`2`0`pc`0`allowPC`false`QueryComboBox``2`0`pc`0`allowPC`false`QuerySrchSpec``2`0`pc`0`allowPC`false`AppletTitle``1`0`aa`0`n`BT Search Criteria Form Applet`0`6`nci`0`1`0`SI`0`SX`3`0`0`PI`0`0`0`VI`0`0`0`AI`0`0`0`DI`0`0`0`SDI`0`3`0`hui`0`n`- the end -`hnact`top._swe._sweapp.S_App.GotoView(&amp;quot;CUT Home Page View (CME\)&amp;quot;, &amp;quot;&amp;quot;, &amp;quot;/ecommunications_enu_nsm_aps05524a027/start.swe?SWENeedContext=false&amp;amp;SWECmd=GotoBookmarkView&amp;amp;SWEBMC=4&amp;amp;SWEC=4&amp;amp;SRN=xK7T2pIB2ZOV15hwlQxQF5reKcoUB8VpMTZr7we8uAEb&amp;quot;, top._sweclient._swecontent._sweview)`hrpl`1`1`6`Command Manager`0`RefreshToolbar`true`7`0`StateToolBar`0`#35`true`#36`true`#17`true`#34`true`#8`false`#37`true`#38`true`0`1`StateExToolBar`0`1`0`#35`0`Checked`false`0`3`FlagsToolBar`0`3`0`#8`0`SWESP`true`SWEH`0`SWEW`0`3`0`#34`0`SWESP`true`SWEH`600`SWEW`800`3`0`#36`0`SWESP`true`SWEH`20`SWEW`380`3`0`State`0`#27`false`#26`false`#28`false`0`3`StateEx`0`0`0`#26`0`0`0`#27`0`1`0`#28`0`Checked`false`0`0`Flags`0`</responseData>
  <responseFile class="java.lang.String"></responseFile>
  <cookies class="java.lang.String">_sn=GXmoeGkdwh1O45lrH7mMIZnLMWvqHkVWiQKqDOICOq1fi95anXYMaCRAX879ujDRD9kS4J75N4kGDX576Q2AKmwZPUBih-4NS80Pc1189OxasEbdAsHiEtIhcnCzZ0zWb5V6QpVraL0TTGU4ktkGZq374g8C0pUBRhKVASKeW21TgUW5eIkswq97I-.qG-kr; _srn=_srn; SWEUAID=SWEUAID</cookies>
  <method class="java.lang.String">POST</method>
  <queryString class="java.lang.String">s_1_1_15_0=&amp;SWER=0&amp;s_1_1_38_0=&amp;SWEVI=&amp;SWERowId=VRId-0&amp;s_1_1_17_0=&amp;SWEC=10&amp;SWEMethod=Quick&amp;SWEReqRowId=1&amp;SWERPC=1&amp;s_1_1_0_0=&amp;SWENeedContext=true&amp;SWEApplet=BT+Search+Criteria+Form+Applet&amp;SWEActiveApplet=BT+Search+Criteria+Form+Applet&amp;s_1_1_3_0=&amp;SWEView=BT+Search+View&amp;s_1_1_4_0=&amp;SWECmd=InvokeMethod&amp;SWEField=s_1_1_42_0&amp;SRN=xK7T2pIB2ZOV15hwlQxQF5reKcoUB8VpMTZr7we8uAEb&amp;SWESP=false&amp;s_1_1_6_0=&amp;s_1_1_43_0=&amp;s_1_1_32_0=&amp;s_1_1_7_0=&amp;SWEBID=-1&amp;SWETS={{\d+}}&amp;SWEActiveView=BT+Search+View&amp;s_1_1_34_0=&amp;SWEDIC=false&amp;s_1_1_46_0=&amp;s_1_1_24_0=&amp;s_1_1_13_0=&amp;SWEP=&amp;s_1_1_25_0=&amp;s_1_1_36_0=&amp;s_1_1_47_0=&amp;SWERowIds=</queryString>
  <java.net.URL>http://localhost:8080/ecommunications_enu_nsm_aps05524a027/start.swe</java.net.URL>
</httpSample>
<httpSample t="{{\d+}}" it="0" lt="{{\d+}}" ct="{{\d+}}" ts="{{\d+}}" s="true" lb="{{\d+}} /ecommunications_enu_nsm_aps05524a027/start.swe" rc="200" rm="OK" tn="Thread Group 1-1" dt="text" de="utf-8" by="3236" sby="1160" sc="1" ec="0" ng="1" na="1" hn="{{.*?}}">
  <responseHeader class="java.lang.String">HTTP/1.1 200 OK
Connection: close
Server: Oracle-iPlanet-Web-Server/7.0
Date: Tue, 23 Jun 2020 12:49:08 GMT
Content-Language: en
Cache-Control: no-cache
Content-Type: text/html;charset=utf-8
Matched-Stub-Id: {{\w+-\w+-\w+-\w+-\w+}}
Vary: Accept-Encoding, User-Agent
Content-Encoding: gzip
</responseHeader>
  <requestHeader class="java.lang.String">Connection: close
Referer: http://localhost:8080/ecommunications_enu_nsm_aps05524a027/start.swe?SWENeedContext=false&amp;SWECmd=GetCachedFrame&amp;SWEACn=23534&amp;SWEC=3&amp;SWEFrame=top._sweclient._swecontent._sweview&amp;SWEBID=-1&amp;SRN=xK7T2pIB2ZOV15hwlQxQF5reKcoUB8VpMTZr7we8uAEb&amp;SWETS=
Accept-Language: en-GB
DNT: 1
Accept-Encoding: gzip, deflate
Accept: image/jpeg, application/x-ms-application, image/gif, application/xaml+xml, image/pjpeg, application/x-ms-xbap, */*
User-Agent: Mozilla/4.0 (compatible; MSIE 7.0; Windows NT 6.3; WOW64; Trident/7.0; .NET4.0E; .NET4.0C; .NET CLR 3.5.30729; .NET CLR 2.0.50727; .NET CLR 3.0.30729)
Host: localhost:8080
</requestHeader>
  <responseData class="java.lang.String">&lt;HTML &gt;&lt;head&gt;&lt;meta HTTP-EQUIV=&quot;Pragma&quot; CONTENT=&quot;no-cache&quot;&gt;
&lt;title&gt;Search&lt;/title&gt;&lt;link href=&quot;files/main.css&quot; rel=&quot;stylesheet&quot;/&gt;
&lt;script language=&quot;javascript&quot; src=&quot;23048/scripts/swecommon.js&quot;&gt;&lt;/script&gt; 
&lt;script language=&quot;javascript&quot; src=&quot;23048/scripts/swecmn_hi.js&quot;&gt;&lt;/script&gt; 
&lt;/head&gt;&lt;body leftmargin=&quot;8&quot; topmargin=&quot;2&quot; marginwidth=&quot;20&quot; marginheight=&quot;2&quot; class=&quot;ScreenBack&quot;&gt;&lt;script&gt;
if(typeof(top._swescript)!=&apos;undefined&apos;&amp;&amp;top._swescript!=null) top._swescript.InitFrame(this);&lt;/script&gt;
&lt;table datatable=&quot;0&quot; summary=&quot;&quot; border=&quot;0&quot; cellspacing=&quot;0&quot; cellpadding=&quot;1&quot; width=&quot;100%&quot;&gt;&lt;tr&gt;&lt;/tr&gt;&lt;/table&gt;&lt;a name=&quot;SWEApplet1&quot; id=&quot;SWEApplet1&quot; href=&quot;#SWEApplet1&quot; title=&quot;Search&quot;&gt;&lt;/a&gt;
&lt;div id=&apos;s_S_A1_div&apos;oncontextmenu=&apos;HandleContextMenu(&quot;BT Search Criteria Form Applet&quot;)&apos; onclick=&apos;HandleAppletClick(&quot;BT Search Criteria Form Applet&quot;)&apos;&gt;
&lt;a id=&quot;SWETopHidden1&quot; href=&quot;javascript:void(0);&quot; tabindex=&quot;1000&quot;&gt;&lt;/a&gt;&lt;table datatable=&quot;0&quot; summary=&quot;&quot; cellpadding=&quot;0&quot; cellspacing=&quot;0&quot; border=&quot;0&quot;&gt;&lt;tr&gt;&lt;td&gt;&lt;img src=&quot;images/spacer.gif&quot; width=&quot;1&quot; height=&quot;3&quot; alt=&quot;&quot;&gt;&lt;/td&gt;&lt;/tr&gt;&lt;/table&gt;&lt;form name=&quot;SWEForm1_0&quot; method=&quot;post&quot; action=&quot;/ecommunications_enu_nsm_aps05524a027/start.swe&quot; onSubmit=&quot;return false;&quot; &gt;
&lt;div class=&quot;NotSelected&quot; id=&quot;a_1&quot;&gt;&lt;table datatable=&quot;0&quot; summary=&quot;&quot; width=&quot;100%&quot; cellpadding=&quot;0&quot; cellspacing=&quot;0&quot; border=&quot;0&quot; align=&quot;center&quot; class=&quot;AppletBack&quot;&gt;&lt;tr&gt;&lt;td class=&quot;AppletHIFormBorder&quot;&gt;&lt;span class=&quot;AppletStyleParent77&quot;&gt;&lt;table datatable=&quot;0&quot; summary=&quot;&quot; width=&quot;100%&quot; cellspacing=&quot;0&quot; cellpadding=&quot;2&quot; border=&quot;0&quot; align=&quot;center&quot;&gt;&lt;tr class=&quot;AppletButtons&quot;&gt;&lt;td nowrap width=&quot;100%&quot; class=&quot;AppletTitle&quot;&gt;&amp;nbsp;Search&lt;div style=&apos;display:none;&apos;&gt;Search&lt;/div&gt;&lt;/td&gt;&lt;td nowrap valign=&quot;absmiddle&quot; class=&quot;legend&quot;&gt;&lt;/td&gt;&lt;td width=&quot;100%&quot;&gt;&amp;nbsp;&lt;img src=&quot;images/btn_div_gray.gif&quot; height=&quot;13&quot; align=&quot;middle&quot; alt=&quot;&quot;&gt;&amp;nbsp;&lt;/td&gt;&lt;td valign=&quot;middle&quot; nowrap&gt;&lt;span id=&apos;SWEApplet1_ctrlmsg&apos;&gt;&lt;/span&gt;&lt;/td&gt;&lt;td class=&quot;AppletTitle&quot; valign=&quot;middle&quot; nowrap&gt;&amp;nbsp;&lt;span id=s_1_rc&gt;&lt;/span&gt;&amp;nbsp;&lt;/td&gt;&lt;td&gt;&amp;nbsp;&lt;/td&gt;&lt;td class=&quot;AppletTitle&quot; valign=&quot;middle&quot;&gt;&lt;img src=&quot;images/btn_div.gif&quot; height=&quot;13&quot; align=&quot;middle&quot; alt=&quot;&quot;&gt;&lt;/td&gt;&lt;td&gt;&amp;nbsp;&lt;/td&gt;&lt;td valign=&quot;middle&quot; nowrap&gt;&lt;span id=s_1_1_59_0&gt;&amp;nbsp;&lt;/span&gt;&lt;/td&gt;&lt;td valign=&quot;top&quot; align=&quot;right&quot;&gt;&lt;/td&gt;&lt;/tr&gt;&lt;/table&gt;&lt;table datatable=&quot;0&quot; summary=&quot;&quot; class=&quot;AppletBackTable&quot; width=&quot;100%&quot; cellspacing=&quot;0&quot; cellpadding=&quot;2&quot; align=&quot;center&quot;&gt;&lt;tr class=&quot;AppletBack&quot; align=&quot;left&quot;&gt;&lt;td nowrap class=&quot;AppletMenu&quot;&gt;&lt;span class=&quot;miniBtnUICTop&quot;&gt;&lt;span class=&quot;miniBtnUIC&quot;&gt;&lt;a id=&apos;s_at_m_1&apos; href=&quot;javascript:void(0)&quot; onclick=&quot;window.event.cancelBubble=true; _JMenu_Initialize(this, &apos;BT Search Criteria Form Applet&apos;, &apos;Applet&apos;, s_at_m_1Ax, 0, false); return false;&quot; onmouseover=&quot;MinibtnHover(this.parentNode)&quot; onmouseout=&quot;MinibtnOut(this.parentNode)&quot; onmousedown=&quot;MinibtnDown(this.parentNode)&quot; onmouseup=&quot;MinibtnUp(this.parentNode)&quot; &gt;Menu&amp;nbsp;&lt;img border=&quot;0&quot; src=&quot;images/img_arrow.gif&quot; align=&quot;center&quot;&gt;&lt;/a&gt;&lt;/span&gt;&lt;/span&gt;&lt;object id= &quot;s_at_m_1Ax&quot; CLASSID=&quot;CLSID:9174862b-ac3b-4f9f-abc9-a0a3c9fd95d4&quot; codebase=&quot;23048/applets/SiebelAx_HI_Client.cab&quot; width=0 height = 0&gt;&lt;/object&gt;&lt;/td&gt;&lt;td&gt;&lt;img height=1 alt=&quot;&quot; src=&quot;images/spacer.gif&quot; width=4&gt;&lt;/td&gt;&lt;td&gt;&lt;img src=&quot;images/btn_div_gray.gif&quot; height=&quot;13&quot; align=&quot;middle&quot; alt=&quot;&quot;&gt;&lt;/td&gt;&lt;td&gt;&lt;img src=&quot;images/spacer.gif&quot; width=&quot;4&quot; height=&quot;1&quot; alt=&quot;&quot;&gt;&lt;/td&gt;&lt;td nowrap&gt;&lt;span style=display:none; id=s_1_1_23_0_s&gt;&amp;nbsp;&lt;/span&gt;&lt;script&gt;SWEWriteObjectTag(this,&apos;&lt;object id=s_1_1_23_0 CLASSID=&quot;CLSID:1cb4ef94-8549-471a-b73f-54ff5c244212&quot; HEIGHT=20 WIDTH=500&gt;&lt;/object&gt;&apos;);&lt;/script&gt;&lt;/td&gt;&lt;td nowrap&gt;&lt;span id=s_1_1_21_0&gt;&amp;nbsp;&lt;/span&gt;&lt;/td&gt;&lt;td nowrap&gt;&lt;span id=s_1_1_8_0&gt;&amp;nbsp;&lt;/span&gt;&lt;/td&gt;&lt;td nowrap&gt;&lt;span id=s_1_1_20_0&gt;&amp;nbsp;&lt;/span&gt;&lt;/td&gt;&lt;td nowrap&gt;&lt;span id=s_1_1_5_0&gt;&amp;nbsp;&lt;/span&gt;&lt;/td&gt;&lt;td nowrap&gt;&lt;span id=s_1_1_22_0&gt;&amp;nbsp;&lt;/span&gt;&lt;/td&gt;&lt;td&gt;&lt;table datatable=&quot;0&quot; summary=&quot;&quot; width=&quot;100%&quot; valign=&quot;top&quot; align=&quot;center&quot; cellpadding=&apos;0&apos; cellspacing=&apos;0&apos; border=&apos;0&apos;&gt;&lt;/table&gt;&lt;/td&gt;&lt;td class=&quot;mceGridLabel&quot; align=&quot;left&quot; width=&quot;100%&quot; nowrap&gt;&amp;nbsp;&lt;b&gt;&lt;span id=1_msg&gt;&lt;/span&gt;&lt;/b&gt;&lt;/td&gt;&lt;/tr&gt;&lt;/table&gt;&lt;table datatable=&quot;0&quot; summary=&quot;&quot; class=&quot;AppletBackTable&quot; width=&quot;100%&quot; cellspacing=&quot;0&quot; cellpadding=&quot;0&quot; align=&quot;center&quot;&gt;&lt;tr class=&quot;AppletBack&quot;&gt;&lt;td class=&quot;AppletBack&quot;&gt;&lt;img src=&quot;images/spacer.gif&quot; height=&quot;1&quot; width=&quot;1&quot; alt=&quot;&quot;&gt;&lt;/td&gt;&lt;td class=&quot;AppletBlank&quot; width=&quot;100%&quot;&gt;&lt;img src=&quot;images/spacer.gif&quot; height=&quot;1&quot; width=&quot;1&quot; alt=&quot;&quot;&gt;&lt;/td&gt;&lt;/tr&gt;&lt;/table&gt;&lt;span id=1_c_err style=&quot;display: none;&quot;&gt;&lt;table datatable=&quot;0&quot; summary=&quot;&quot; class=&quot;AppletBack&quot; width=&quot;100%&quot; cellpadding=&quot;0&quot; cellspacing=&quot;5&quot; border=&quot;0&quot;&gt;&lt;tr&gt;&lt;td class=&quot;error&quot;&gt;&lt;/td&gt;&lt;/tr&gt;&lt;/table&gt;&lt;/span&gt;&lt;div class=&quot;NotSelected&quot; id=&quot;a_1&quot;&gt;&lt;div align=left style=&quot;width:100%;&quot; class=&quot;GridBorder&quot;&gt;&lt;table class=&quot;GridBack&quot; border=0 cellspacing=0 cellpadding=0&gt;&lt;tr&gt;&lt;td&gt;&lt;/td&gt;&lt;td style=&quot;width:8px;&quot;&gt;&lt;/td&gt;&lt;td style=&quot;width:136px;&quot;&gt;&lt;/td&gt;&lt;td style=&quot;width:120px;&quot;&gt;&lt;/td&gt;&lt;td style=&quot;width:8px;&quot;&gt;&lt;/td&gt;&lt;td style=&quot;width:8px;&quot;&gt;&lt;/td&gt;&lt;td style=&quot;width:8px;&quot;&gt;&lt;/td&gt;&lt;td style=&quot;width:112px;&quot;&gt;&lt;/td&gt;&lt;td style=&quot;width:8px;&quot;&gt;&lt;/td&gt;&lt;td style=&quot;width:120px;&quot;&gt;&lt;/td&gt;&lt;td style=&quot;width:8px;&quot;&gt;&lt;/td&gt;&lt;td style=&quot;width:160px;&quot;&gt;&lt;/td&gt;&lt;td style=&quot;width:240px;&quot;&gt;&lt;/td&gt;&lt;td style=&quot;width:496px;&quot;&gt;&lt;/td&gt;&lt;td style=&quot;width:120px;&quot;&gt;&lt;/td&gt;&lt;/tr&gt;&lt;tr&gt;&lt;td style=&quot;height:24;&quot;&gt;&lt;/td&gt;&lt;td rowSpan=7 colSpan=1&gt;&lt;/td&gt;&lt;td nowrap valign=middle colSpan=1 rowSpan=1&gt;&lt;div class=&quot;mceGridLabel&quot; align=&quot;Right&quot;&gt;&amp;nbsp;Telephone No/Service ID/Sky Viewing Card No:&lt;/div&gt;&lt;/td&gt;&lt;td nowrap valign=middle colSpan=1 rowSpan=1&gt;&lt;div class=&quot;mceGridField&quot;&gt;&lt;script&gt;SWEWriteObjectTag(this,&apos;&lt;object id=s_1_1_47_0 CLASSID=&quot;CLSID:1cb4ef94-8549-471a-b73f-54ff5c244212&quot; HEIGHT=24 WIDTH=120&gt;&lt;/object&gt;&apos;);&lt;/script&gt;&lt;/div&gt;&lt;/td&gt;&lt;td rowSpan=7 colSpan=2&gt;&lt;/td&gt;&lt;td nowrap valign=middle colSpan=2 rowSpan=1&gt;&lt;div class=&quot;mceGridField&quot;&gt;&lt;span id=s_1_1_41_0&gt;&amp;nbsp;&lt;/span&gt;&lt;/div&gt;&lt;/td&gt;&lt;td rowSpan=7 colSpan=1&gt;&lt;/td&gt;&lt;td nowrap valign=middle colSpan=1 rowSpan=1&gt;&lt;div class=&quot;mceGridField&quot;&gt;&lt;span id=s_1_1_42_0&gt;&amp;nbsp;&lt;/span&gt;&lt;/div&gt;&lt;/td&gt;&lt;td rowSpan=2 colSpan=1&gt;&lt;/td&gt;&lt;td nowrap valign=middle colSpan=1 rowSpan=1&gt;&lt;div class=&quot;mceGridLabel&quot; align=&quot;Right&quot;&gt;&amp;nbsp;Account Code:&lt;/div&gt;&lt;/td&gt;&lt;td nowrap valign=middle colSpan=1 rowSpan=1&gt;&lt;div class=&quot;mceGridField&quot;&gt;&lt;script&gt;SWEWriteObjectTag(this,&apos;&lt;object id=s_1_1_13_0 CLASSID=&quot;CLSID:1cb4ef94-8549-471a-b73f-54ff5c244212&quot; HEIGHT=24 WIDTH=240&gt;&lt;/object&gt;&apos;);&lt;/script&gt;&lt;/div&gt;&lt;/td&gt;&lt;td rowSpan=7 colSpan=1&gt;&lt;/td&gt;&lt;td nowrap valign=middle colSpan=1 rowSpan=1&gt;&lt;div class=&quot;mceGridField&quot;&gt;&lt;span id=s_1_1_14_0&gt;&amp;nbsp;&lt;/span&gt;&lt;/div&gt;&lt;/td&gt;&lt;/tr&gt;&lt;tr&gt;&lt;td style=&quot;height:8;&quot;&gt;&lt;/td&gt;&lt;td rowSpan=1 colSpan=2&gt;&lt;/td&gt;&lt;td rowSpan=1 colSpan=2&gt;&lt;/td&gt;&lt;td rowSpan=1 colSpan=1&gt;&lt;/td&gt;&lt;td rowSpan=1 colSpan=2&gt;&lt;/td&gt;&lt;td rowSpan=1 colSpan=1&gt;&lt;/td&gt;&lt;/tr&gt;&lt;tr&gt;&lt;td style=&quot;height:24;&quot;&gt;&lt;/td&gt;&lt;td nowrap valign=middle colSpan=1 rowSpan=1&gt;&lt;div class=&quot;mceGridLabel&quot; align=&quot;Right&quot;&gt;&amp;nbsp;Billing Account:&lt;/div&gt;&lt;/td&gt;&lt;td nowrap valign=middle colSpan=1 rowSpan=1&gt;&lt;div class=&quot;mceGridField&quot;&gt;&lt;script&gt;SWEWriteObjectTag(this,&apos;&lt;object id=s_1_1_15_0 CLASSID=&quot;CLSID:1cb4ef94-8549-471a-b73f-54ff5c244212&quot; HEIGHT=24 WIDTH=120&gt;&lt;/object&gt;&apos;);&lt;/script&gt;&lt;/div&gt;&lt;/td&gt;&lt;td nowrap valign=middle colSpan=2 rowSpan=1&gt;&lt;div class=&quot;mceGridField&quot;&gt;&lt;span id=s_1_1_16_0&gt;&amp;nbsp;&lt;/span&gt;&lt;/div&gt;&lt;/td&gt;&lt;td nowrap valign=middle colSpan=3 rowSpan=1&gt;&lt;div class=&quot;mceGridLabel&quot; align=&quot;Right&quot;&gt;&amp;nbsp;SR/Fault Number:&lt;/div&gt;&lt;/td&gt;&lt;td nowrap valign=middle colSpan=1 rowSpan=1&gt;&lt;div class=&quot;mceGridField&quot;&gt;&lt;script&gt;SWEWriteObjectTag(this,&apos;&lt;object id=s_1_1_43_0 CLASSID=&quot;CLSID:1cb4ef94-8549-471a-b73f-54ff5c244212&quot; HEIGHT=24 WIDTH=240&gt;&lt;/object&gt;&apos;);&lt;/script&gt;&lt;/div&gt;&lt;/td&gt;&lt;td nowrap valign=middle colSpan=1 rowSpan=1&gt;&lt;div class=&quot;mceGridField&quot;&gt;&lt;span id=s_1_1_44_0&gt;&amp;nbsp;&lt;/span&gt;&lt;/div&gt;&lt;/td&gt;&lt;/tr&gt;&lt;tr&gt;&lt;td style=&quot;height:8;&quot;&gt;&lt;/td&gt;&lt;td rowSpan=1 colSpan=2&gt;&lt;/td&gt;&lt;td rowSpan=1 colSpan=2&gt;&lt;/td&gt;&lt;td rowSpan=1 colSpan=4&gt;&lt;/td&gt;&lt;td rowSpan=1 colSpan=1&gt;&lt;/td&gt;&lt;/tr&gt;&lt;tr&gt;&lt;td style=&quot;height:24;&quot;&gt;&lt;/td&gt;&lt;td nowrap valign=middle colSpan=1 rowSpan=1&gt;&lt;div class=&quot;mceGridLabel&quot; align=&quot;Right&quot;&gt;&amp;nbsp;Company Name:&lt;/div&gt;&lt;/td&gt;&lt;td nowrap valign=middle colSpan=1 rowSpan=1&gt;&lt;div class=&quot;mceGridField&quot;&gt;&lt;script&gt;SWEWriteObjectTag(this,&apos;&lt;object id=s_1_1_17_0 CLASSID=&quot;CLSID:1cb4ef94-8549-471a-b73f-54ff5c244212&quot; HEIGHT=24 WIDTH=120&gt;&lt;/object&gt;&apos;);&lt;/script&gt;&lt;/div&gt;&lt;/td&gt;&lt;td nowrap valign=middle colSpan=2 rowSpan=1&gt;&lt;div class=&quot;mceGridField&quot;&gt;&lt;span id=s_1_1_18_0&gt;&amp;nbsp;&lt;/span&gt;&lt;/div&gt;&lt;/td&gt;&lt;td nowrap valign=middle colSpan=1 rowSpan=1&gt;&lt;div class=&quot;mceGridField&quot;&gt;&lt;span id=s_1_1_2_0&gt;&amp;nbsp;&lt;/span&gt;&lt;/div&gt;&lt;/td&gt;&lt;td rowSpan=3 colSpan=1&gt;&lt;/td&gt;&lt;td nowrap valign=middle colSpan=1 rowSpan=1&gt;&lt;div class=&quot;mceGridLabel&quot; align=&quot;Right&quot;&gt;&amp;nbsp;Order Number:&lt;/div&gt;&lt;/td&gt;&lt;td nowrap valign=middle colSpan=1 rowSpan=1&gt;&lt;div class=&quot;mceGridField&quot;&gt;&lt;script&gt;SWEWriteObjectTag(this,&apos;&lt;object id=s_1_1_36_0 CLASSID=&quot;CLSID:1cb4ef94-8549-471a-b73f-54ff5c244212&quot; HEIGHT=24 WIDTH=240&gt;&lt;/object&gt;&apos;);&lt;/script&gt;&lt;/div&gt;&lt;/td&gt;&lt;td nowrap valign=middle colSpan=1 rowSpan=1&gt;&lt;div class=&quot;mceGridField&quot;&gt;&lt;span id=s_1_1_37_0&gt;&amp;nbsp;&lt;/span&gt;&lt;/div&gt;&lt;/td&gt;&lt;/tr&gt;&lt;tr&gt;&lt;td style=&quot;height:8;&quot;&gt;&lt;/td&gt;&lt;td rowSpan=1 colSpan=2&gt;&lt;/td&gt;&lt;td rowSpan=1 colSpan=2&gt;&lt;/td&gt;&lt;td rowSpan=1 colSpan=1&gt;&lt;/td&gt;&lt;td rowSpan=1 colSpan=2&gt;&lt;/td&gt;&lt;td rowSpan=1 colSpan=1&gt;&lt;/td&gt;&lt;/tr&gt;&lt;tr&gt;&lt;td style=&quot;height:24;&quot;&gt;&lt;/td&gt;&lt;td nowrap valign=middle colSpan=1 rowSpan=1&gt;&lt;/td&gt;&lt;td nowrap valign=middle colSpan=1 rowSpan=1&gt;&lt;/td&gt;&lt;td nowrap valign=middle colSpan=2 rowSpan=1&gt;&lt;/td&gt;&lt;td nowrap valign=middle colSpan=1 rowSpan=1&gt;&lt;/td&gt;&lt;td nowrap valign=middle colSpan=1 rowSpan=1&gt;&lt;div class=&quot;mceGridLabel&quot; align=&quot;Right&quot;&gt;&amp;nbsp;Email Address:&lt;/div&gt;&lt;/td&gt;&lt;td nowrap valign=middle colSpan=1 rowSpan=1&gt;&lt;div class=&quot;mceGridField&quot;&gt;&lt;script&gt;SWEWriteObjectTag(this,&apos;&lt;object id=s_1_1_25_0 CLASSID=&quot;CLSID:1cb4ef94-8549-471a-b73f-54ff5c244212&quot; HEIGHT=24 WIDTH=240&gt;&lt;/object&gt;&apos;);&lt;/script&gt;&lt;/div&gt;&lt;/td&gt;&lt;td nowrap valign=middle colSpan=1 rowSpan=1&gt;&lt;div class=&quot;mceGridField&quot;&gt;&lt;span id=s_1_1_27_0&gt;&amp;nbsp;&lt;/span&gt;&lt;/div&gt;&lt;/td&gt;&lt;/tr&gt;&lt;/table&gt;&lt;/div&gt;&lt;/div&gt;&lt;/span&gt;&lt;/td&gt;&lt;/tr&gt;&lt;/table&gt;&lt;/div&gt;&lt;/form&gt;
&lt;a id=&quot;SWEBottomHidden1&quot; href=&quot;javascript:void(0);&quot; tabindex=&quot;1999&quot; onfocus=&quot;document.getElementById(&apos;SWETopHidden1&apos;).focus();&quot;&gt;&lt;/a&gt;&lt;/div&gt;&lt;table datatable=&quot;0&quot; summary=&quot;&quot; class=&quot;tier3Back&quot; width=&quot;100%&quot; align=&quot;center&quot; cellpadding=&quot;0&quot; cellspacing=&quot;0&quot; border=&quot;0&quot;&gt;&lt;tr valign=&quot;top&quot;&gt;&lt;td&gt;&lt;img src=&quot;images/spacer.gif&quot; width=&quot;1&quot; height=&quot;3&quot; alt=&quot;&quot;&gt;&lt;/td&gt;&lt;/tr&gt;&lt;/table&gt;&lt;div id=s_vctrl_div STYLE=&quot;height:37px&quot;&gt;&lt;div&gt; &lt;/div&gt;&lt;script&gt;SWEWriteObjectTag(this,&apos;&lt;OBJECT ID=&quot;s_vctrl&quot; CLASSID=&quot;clsid:bfb7437b-a5ea-4d13-a552-4150b0fdf838&quot; CODEBASE=&quot;&quot; WIDTH =&quot;100%&quot; HEIGHT =&quot;100%&quot;  tabindex=-1 &gt;&lt;PARAM NAME=&quot;style&quot; VALUE=&quot;Tab&quot;/&gt;&lt;PARAM NAME=&quot;indentWidth&quot; VALUE=&quot;30&quot;/&gt;&lt;PARAM NAME=&quot;anchorTab&quot; VALUE=&quot;true&quot;/&gt;&lt;PARAM NAME=&quot;type&quot; VALUE=&quot;Detail Category With View&quot;/&gt;&lt;/OBJECT&gt;&apos;);&lt;/script&gt;&lt;/div&gt;&lt;div style=&quot;width:100%; border-color:#E0E5F5; border-style: solid; border-width: 0 1 1 1; padding: 0 3 3 3;&quot;&gt;&lt;a name=&quot;SWEApplet2&quot; id=&quot;SWEApplet2&quot; href=&quot;#SWEApplet2&quot; title=&quot;Results&quot;&gt;&lt;/a&gt;
&lt;div id=&apos;s_S_A2_div&apos;oncontextmenu=&apos;HandleContextMenu(&quot;BT Search Results List Applet&quot;)&apos; onclick=&apos;HandleAppletClick(&quot;BT Search Results List Applet&quot;)&apos;&gt;
&lt;a id=&quot;SWETopHidden2&quot; href=&quot;javascript:void(0);&quot; tabindex=&quot;2000&quot;&gt;&lt;/a&gt;&lt;table datatable=&quot;0&quot; summary=&quot;&quot;&gt;&lt;tr&gt;&lt;td&gt;&lt;img src=&quot;images/spacer.gif&quot; width=&quot;1&quot; height=&quot;3&quot; alt=&quot;&quot;&gt;&lt;/td&gt;&lt;/tr&gt;&lt;/table&gt;&lt;form name=&quot;SWEForm2_0&quot; method=&quot;post&quot; action=&quot;/ecommunications_enu_nsm_aps05524a027/start.swe&quot; &gt;
&lt;span class=&quot;AppletStyleChild77&quot;&gt;&lt;div class=&quot;NotSelected&quot; id=&quot;a_2&quot;&gt;&lt;table datatable=&quot;0&quot; summary=&quot;&quot; width=&quot;100%&quot; cellspacing=&quot;0&quot; cellpadding=&quot;2&quot; border=&quot;0&quot; align=&quot;center&quot;&gt;&lt;tr class=&quot;AppletButtons&quot; align=&quot;left&quot;&gt;&lt;td class=&quot;AppletTitle&quot; nowrap&gt;&amp;nbsp;Results&amp;nbsp;&amp;nbsp;&lt;img src=&quot;images/btn_div_gray.gif&quot; height=&quot;13&quot; align=&quot;middle&quot; alt=&quot;&quot;&gt;&amp;nbsp;&lt;/td&gt;&lt;td nowrap class=&quot;AppletMenu&quot;&gt;&lt;span class=&quot;miniBtnUICTop&quot;&gt;&lt;span class=&quot;miniBtnUIC&quot;&gt;&lt;a id=&apos;s_at_m_2&apos; href=&quot;javascript:void(0)&quot; onclick=&quot;window.event.cancelBubble=true; _JMenu_Initialize(this, &apos;BT Search Results List Applet&apos;, &apos;Applet&apos;, s_at_m_2Ax, 0, false); return false;&quot; onmouseover=&quot;MinibtnHover(this.parentNode)&quot; onmouseout=&quot;MinibtnOut(this.parentNode)&quot; onmousedown=&quot;MinibtnDown(this.parentNode)&quot; onmouseup=&quot;MinibtnUp(this.parentNode)&quot; &gt;Menu&amp;nbsp;&lt;img border=&quot;0&quot; src=&quot;images/img_arrow.gif&quot; align=&quot;center&quot;&gt;&lt;/a&gt;&lt;/span&gt;&lt;/span&gt;&lt;object id= &quot;s_at_m_2Ax&quot; CLASSID=&quot;CLSID:9174862b-ac3b-4f9f-abc9-a0a3c9fd95d4&quot; codebase=&quot;23048/applets/SiebelAx_HI_Client.cab&quot; width=0 height = 0&gt;&lt;/object&gt;&lt;/td&gt;&lt;td&gt;&lt;img height=1 alt=&quot;&quot; src=&quot;images/spacer.gif&quot; width=4&gt;&lt;/td&gt;&lt;td&gt;&lt;img src=&quot;images/btn_div_gray.gif&quot; height=&quot;13&quot; align=&quot;middle&quot; alt=&quot;&quot;&gt;&lt;/td&gt;&lt;td&gt;&lt;img src=&quot;images/spacer.gif&quot; width=&quot;4&quot; height=&quot;1&quot; alt=&quot;&quot;&gt;&lt;/td&gt;&lt;td nowrap&gt;&lt;span id=s_2_1_7_0&gt;&amp;nbsp;&lt;/span&gt;&lt;/td&gt;&lt;td nowrap&gt;&lt;span id=s_2_1_6_0&gt;&amp;nbsp;&lt;/span&gt;&lt;/td&gt;&lt;td nowrap&gt;&lt;span id=s_2_1_4_0&gt;&amp;nbsp;&lt;/span&gt;&lt;/td&gt;&lt;td nowrap&gt;&lt;span id=s_2_1_5_0&gt;&amp;nbsp;&lt;/span&gt;&lt;/td&gt;&lt;td nowrap&gt;&lt;span id=s_2_1_3_0&gt;&amp;nbsp;&lt;/span&gt;&lt;/td&gt;&lt;td nowrap&gt;&lt;span id=s_2_1_22_0&gt;&amp;nbsp;&lt;/span&gt;&lt;/td&gt;&lt;td&gt;&lt;table datatable=&quot;0&quot; summary=&quot;&quot; width=&quot;100%&quot; valign=&quot;top&quot; align=&quot;center&quot; cellpadding=&apos;0&apos; cellspacing=&apos;0&apos; border=&apos;0&apos;&gt;&lt;/table&gt;&lt;/td&gt;&lt;td nowrap&gt;&amp;nbsp;&lt;b&gt;&lt;span id=2_msg&gt;&lt;/span&gt;&lt;/b&gt;&lt;/td&gt;&lt;td align=&quot;right&quot; width=&quot;100%&quot;&gt;&lt;td valign=&quot;middle&quot; nowrap&gt;&lt;span id=&apos;SWEApplet2_ctrlmsg&apos;&gt;&lt;/span&gt;&lt;/td&gt;&lt;td valign=&quot;middle&quot; nowrap&gt;&amp;nbsp;&lt;span id=s_2_rc&gt;&lt;/span&gt;&amp;nbsp;&lt;/td&gt;&lt;td valign=&quot;middle&quot;&gt;&amp;nbsp;&lt;img src=&quot;images/btn_div_gray.gif&quot; height=&quot;13&quot; align=&quot;middle&quot; alt=&quot;&quot;&gt;&amp;nbsp;&lt;/td&gt;&lt;/td&gt;&lt;td valign=&quot;top&quot; align=&quot;right&quot;&gt;&lt;/td&gt;&lt;/tr&gt;&lt;/table&gt;&lt;span id=2_c_err style=&quot;display: none;&quot;&gt;&lt;table datatable=&quot;0&quot; summary=&quot;&quot; class=&quot;AppletBack&quot; width=&quot;100%&quot; cellpadding=&quot;4&quot; cellspacing=&quot;0&quot; border=&quot;0&quot;&gt;&lt;tr&gt;&lt;td class=&quot;error&quot;&gt;&lt;br&gt;&amp;nbsp;&lt;/td&gt;&lt;/tr&gt;&lt;/table&gt;&lt;/span&gt;&lt;div class=&quot;AppletHIListBorder&quot;&gt;&lt;div id=&quot;s_2_ld&quot; STYLE=&quot;height:214px&quot;&gt;&lt;div&gt;&lt;/div&gt;&lt;script&gt;SWEWriteObjectTag(this,&apos;&lt;object id=&quot;s_2_l&quot;  CLASSID=&quot;CLSID:a9967980-c623-4092-b952-fcf15f67b8a5&quot; WIDTH=100% HEIGHT=100%&gt;&lt;/OBJECT&gt;&apos;);&lt;/script&gt;&lt;/div&gt;&lt;/div&gt;&lt;/div&gt;&lt;/span&gt;&lt;/form&gt;
&lt;a id=&quot;SWEBottomHidden2&quot; href=&quot;javascript:void(0);&quot; tabindex=&quot;2999&quot; onfocus=&quot;document.getElementById(&apos;SWETopHidden2&apos;).focus();&quot;&gt;&lt;/a&gt;&lt;/div&gt;&lt;table datatable=&quot;0&quot; summary=&quot;&quot; width=&quot;100%&quot; border=&quot;0&quot; cellspacing=&quot;0&quot; cellpadding=&quot;3&quot;&gt;&lt;tr valign=&quot;top&quot;&gt;&lt;td width=&quot;50%&quot;&gt;&lt;/td&gt;&lt;td width=&quot;50%&quot;&gt;&lt;/td&gt;&lt;/tr&gt;&lt;/table&gt;&lt;/div&gt;&lt;script&gt;

SWEIsHighInteract = true; Top().SWEIsHighInteract = true;
if (typeof(top._samePage) != &apos;undefined&apos; &amp;&amp; top._samePage!=&quot;&quot;) top._samePage = &quot;&quot;;
if (top.opener == null || typeof top.opener.swetop == &apos;unknown&apos; || typeof top.opener.swetop == &apos;undefined&apos;) top._swe._sweapp.S_App.SWECount = 7;
else top.opener.top._swe._sweapp.S_App.SWECount = 7;
g_bInitialized = true;

if(typeof(top._swescript)!=&apos;undefined&apos; &amp;&amp; top._swescript!=null)top._swescript.InitApplet(&quot;BT Search Criteria Form Applet&quot;,&quot;SWEApplet1&quot;,&quot;BT Search View&quot;,3, this);
if (top._swescript!=null) top._swescript.InitMethod(&quot;GotoAppletMenu&quot;, this, &quot;s_at_m_1&quot;, null, null);
if(top._swe._sweapp._JMenuObj == null)                  
top._swe._sweapp._JMenuObj = new top._swe._sweapp.JMenu();
top._swe._sweapp._JMenuObj.BindAXObj (this.document.getElementById(&quot;s_at_m_1Ax&quot;),&apos;Applet&apos;, &apos;BT Search Criteria Form Applet&apos;, this.document.getElementById(&quot;s_at_m_1&quot;), &quot;s_at_m_1&quot;);
document.oncontextmenu = HandleContextMenu;
if(typeof(top._swescript)!=&apos;undefined&apos; &amp;&amp; top._swescript!=null)top._swescript.InitApplet(&quot;BT Search Results List Applet&quot;,&quot;SWEApplet2&quot;,&quot;BT Search View&quot;,6, this);
if (top._swescript!=null) top._swescript.InitMethod(&quot;GotoAppletMenu&quot;, this, &quot;s_at_m_2&quot;, null, null);
if(top._swe._sweapp._JMenuObj == null)                  
top._swe._sweapp._JMenuObj = new top._swe._sweapp.JMenu();
top._swe._sweapp._JMenuObj.BindAXObj (this.document.getElementById(&quot;s_at_m_2Ax&quot;),&apos;Applet&apos;, &apos;BT Search Results List Applet&apos;, this.document.getElementById(&quot;s_at_m_2&quot;), &quot;s_at_m_2&quot;);
document.oncontextmenu = HandleContextMenu;

&lt;/script&gt;
&lt;script for=window event=onunload&gt;
top._swe._sweapp.S_App.SetLayoutUnloaded(&quot;View&quot;, &quot;BT Search View&quot;);
&lt;/script&gt;
&lt;script for=window event=onload&gt;
top._swe._sweapp.S_App.SetLayoutLoaded(&quot;View&quot;, &quot;BT Search View&quot;, window, &quot;&quot;);
&lt;/script&gt;
&lt;/body&gt;&lt;/html&gt;</responseData>
  <responseFile class="java.lang.String"></responseFile>
  <cookies class="java.lang.String">_sn=GXmoeGkdwh1O45lrH7mMIZnLMWvqHkVWiQKqDOICOq1fi95anXYMaCRAX879ujDRD9kS4J75N4kGDX576Q2AKmwZPUBih-4NS80Pc1189OxasEbdAsHiEtIhcnCzZ0zWb5V6QpVraL0TTGU4ktkGZq374g8C0pUBRhKVASKeW21TgUW5eIkswq97I-.qG-kr; _srn=_srn; SWEUAID=SWEUAID</cookies>
  <method class="java.lang.String">GET</method>
  <queryString class="java.lang.String"></queryString>
  <java.net.URL>http://localhost:8080/ecommunications_enu_nsm_aps05524a027/start.swe?SWECmd=GetViewLayout&amp;SWEView=BT+Search+View&amp;SWEVI=&amp;SWEVLC=3-2NTUN-318_Siebel%2BPower%2BCommunications_43%257c1592409810%257c0_0_23048_PATCHSET18PATCHSET18PATCHSET18_L&amp;SRN=xK7T2pIB2ZOV15hwlQxQF5reKcoUB8VpMTZr7we8uAEb</java.net.URL>
</httpSample>
<httpSample t="{{\d+}}" it="0" lt="{{\d+}}" ct="{{\d+}}" ts="{{\d+}}" s="true" lb="{{\d+}} /ecommunications_enu_nsm_aps05524a027/start.swe" rc="200" rm="OK" tn="Thread Group 1-1" dt="text" de="utf-8" by="1051" sby="864" sc="1" ec="0" ng="1" na="1" hn="{{.*?}}">
  <responseHeader class="java.lang.String">HTTP/1.1 200 OK
Connection: close
Server: Oracle-iPlanet-Web-Server/7.0
Date: Tue, 23 Jun 2020 12:49:24 GMT
Content-Language: en
Cache-Control: no-cache
Swerpc: true
Content-Type: text/html;charset=utf-8
Connection: close
Matched-Stub-Id: {{\w+-\w+-\w+-\w+-\w+}}
Vary: Accept-Encoding, User-Agent
</responseHeader>
  <requestHeader class="java.lang.String">Connection: close
Content-Type: application/x-www-form-urlencoded
DNT: 1
Accept-Encoding: deflate
Pragma: no-cache
User-Agent: Mozilla/4.0 (compatible; MSIE 7.0; Windows NT 6.3; WOW64; Trident/7.0; .NET4.0E; .NET4.0C; .NET CLR 3.5.30729; .NET CLR 2.0.50727; .NET CLR 3.0.30729)
Accept: text/html, image/gif, image/jpeg, *; q=.2, */*; q=.2
Content-Length: 176
Host: localhost:8080
</requestHeader>
  <responseData class="java.lang.String">@0`1`4`3``0`UC`1`Status`OK`SWEC`12`SRN`xK7T2pIB2ZOV15hwlQxQF5reKcoUB8VpMTZr7we8uAEb`2`0`ResultSet`0`PendingOrderCheck`N`ShowPendingOrderOnLogin`N`0`3`Notifications`0`2`0``0`OP`bn`bc`S_BC1`7`0``0`br`0`ArgsArray`30*BT Search Criteria Form Applet1*1`size`1`cr`0`OP`g`bc`S_BC1`type`SWEIRowSelection`2`0``0`OP`en`bc`S_BC1`1`6`Command Manager`0`RefreshToolbar`true`7`0`StateToolBar`0`#35`true`#36`true`#17`true`#34`true`#8`false`#37`true`#38`true`0`1`StateExToolBar`0`1`0`#35`0`Checked`false`0`3`FlagsToolBar`0`3`0`#8`0`SWESP`true`SWEH`0`SWEW`0`3`0`#34`0`SWESP`true`SWEH`600`SWEW`800`3`0`#36`0`SWESP`true`SWEH`20`SWEW`380`3`0`State`0`#27`false`#26`false`#28`false`0`3`StateEx`0`0`0`#26`0`0`0`#27`0`1`0`#28`0`Checked`false`0`0`Flags`0`</responseData>
  <responseFile class="java.lang.String"></responseFile>
  <cookies class="java.lang.String">_sn=GXmoeGkdwh1O45lrH7mMIZnLMWvqHkVWiQKqDOICOq1fi95anXYMaCRAX879ujDRD9kS4J75N4kGDX576Q2AKmwZPUBih-4NS80Pc1189OxasEbdAsHiEtIhcnCzZ0zWb5V6QpVraL0TTGU4ktkGZq374g8C0pUBRhKVASKeW21TgUW5eIkswq97I-.qG-kr; _srn=_srn; SWEUAID=SWEUAID</cookies>
  <method class="java.lang.String">POST</method>
  <queryString class="java.lang.String">SWEC=11&amp;SWEMethod=ResetDashboard&amp;SWERPC=1&amp;SWECmd=InvokeMethod&amp;SRN=xK7T2pIB2ZOV15hwlQxQF5reKcoUB8VpMTZr7we8uAEb&amp;SWEIPS=%400*0*0*0*0*3*0*&amp;SWEService=Persistent+Customer+Dashboard</queryString>
  <java.net.URL>http://localhost:8080/ecommunications_enu_nsm_aps05524a027/start.swe</java.net.URL>
</httpSample>
<httpSample t="{{\d+}}" it="0" lt="{{\d+}}" ct="{{\d+}}" ts="{{\d+}}" s="true" lb="{{\d+}} /ecommunications_enu_nsm_aps05524a027/start.swe" rc="200" rm="OK" tn="Thread Group 1-1" dt="text" de="utf-8" by="826" sby="875" sc="1" ec="0" ng="1" na="1" hn="{{.*?}}">
  <responseHeader class="java.lang.String">HTTP/1.1 200 OK
Connection: close
Server: Oracle-iPlanet-Web-Server/7.0
Date: Tue, 23 Jun 2020 12:49:24 GMT
Content-Language: en
Cache-Control: no-cache
Swerpc: true
Content-Type: text/html;charset=utf-8
Connection: close
Matched-Stub-Id: {{\w+-\w+-\w+-\w+-\w+}}
Vary: Accept-Encoding, User-Agent
</responseHeader>
  <requestHeader class="java.lang.String">Connection: close
Content-Type: application/x-www-form-urlencoded
DNT: 1
Accept-Encoding: deflate
Pragma: no-cache
User-Agent: Mozilla/4.0 (compatible; MSIE 7.0; Windows NT 6.3; WOW64; Trident/7.0; .NET4.0E; .NET4.0C; .NET CLR 3.5.30729; .NET CLR 2.0.50727; .NET CLR 3.0.30729)
Accept: text/html, image/gif, image/jpeg, *; q=.2, */*; q=.2
Content-Length: 187
Host: localhost:8080
</requestHeader>
  <responseData class="java.lang.String">@0`1`5`1``0`UC`1`Status`OK`Result``SWEC`13`SRN`xK7T2pIB2ZOV15hwlQxQF5reKcoUB8VpMTZr7we8uAEb`1`6`Command Manager`0`RefreshToolbar`true`7`0`StateToolBar`0`#35`true`#36`true`#17`true`#34`true`#8`false`#37`true`#38`true`0`1`StateExToolBar`0`1`0`#35`0`Checked`false`0`3`FlagsToolBar`0`3`0`#8`0`SWESP`true`SWEH`0`SWEW`0`3`0`#34`0`SWESP`true`SWEH`600`SWEW`800`3`0`#36`0`SWESP`true`SWEH`20`SWEW`380`3`0`State`0`#27`false`#26`false`#28`false`0`3`StateEx`0`0`0`#26`0`0`0`#27`0`1`0`#28`0`Checked`false`0`0`Flags`0`</responseData>
  <responseFile class="java.lang.String"></responseFile>
  <cookies class="java.lang.String">_sn=GXmoeGkdwh1O45lrH7mMIZnLMWvqHkVWiQKqDOICOq1fi95anXYMaCRAX879ujDRD9kS4J75N4kGDX576Q2AKmwZPUBih-4NS80Pc1189OxasEbdAsHiEtIhcnCzZ0zWb5V6QpVraL0TTGU4ktkGZq374g8C0pUBRhKVASKeW21TgUW5eIkswq97I-.qG-kr; _srn=_srn; SWEUAID=SWEUAID</cookies>
  <method class="java.lang.String">POST</method>
  <queryString class="java.lang.String">SWEC=12&amp;SWEMethod=GetProfileAttr&amp;SWERPC=1&amp;SWECmd=InvokeMethod&amp;SRN=xK7T2pIB2ZOV15hwlQxQF5reKcoUB8VpMTZr7we8uAEb&amp;SWEIPS=%400*0*1*0*14*GetProfileAttr3*0*8*attrName24*BTConsumerComInteraction</queryString>
  <java.net.URL>http://localhost:8080/ecommunications_enu_nsm_aps05524a027/start.swe</java.net.URL>
</httpSample>
<httpSample t="{{\d+}}" it="0" lt="{{\d+}}" ct="{{\d+}}" ts="{{\d+}}" s="true" lb="{{\d+}} /ecommunications_enu_nsm_aps05524a027/start.swe" rc="200" rm="OK" tn="Thread Group 1-1" dt="text" de="utf-8" by="847" sby="851" sc="1" ec="0" ng="1" na="1" hn="{{.*?}}">
  <responseHeader class="java.lang.String">HTTP/1.1 200 OK
Connection: close
Server: Oracle-iPlanet-Web-Server/7.0
Date: Tue, 23 Jun 2020 12:49:24 GMT
Content-Language: en
Cache-Control: no-cache
Swerpc: true
Content-Type: text/html;charset=utf-8
Connection: close
Matched-Stub-Id: {{\w+-\w+-\w+-\w+-\w+}}
Vary: Accept-Encoding, User-Agent
</responseHeader>
  <requestHeader class="java.lang.String">Connection: close
Content-Type: application/x-www-form-urlencoded
DNT: 1
Accept-Encoding: deflate
Pragma: no-cache
User-Agent: Mozilla/4.0 (compatible; MSIE 7.0; Windows NT 6.3; WOW64; Trident/7.0; .NET4.0E; .NET4.0C; .NET CLR 3.5.30729; .NET CLR 2.0.50727; .NET CLR 3.0.30729)
Accept: text/html, image/gif, image/jpeg, *; q=.2, */*; q=.2
Content-Length: 163
Host: localhost:8080
</requestHeader>
  <responseData class="java.lang.String">@0`1`4`2``0`UC`1`Status`OK`SWEC`14`SRN`xK7T2pIB2ZOV15hwlQxQF5reKcoUB8VpMTZr7we8uAEb`1`0`ResultSet`0`Answer`false`1`6`Command Manager`0`RefreshToolbar`true`7`0`StateToolBar`0`#35`true`#36`true`#17`true`#34`true`#8`false`#37`true`#38`true`0`1`StateExToolBar`0`1`0`#35`0`Checked`false`0`3`FlagsToolBar`0`3`0`#8`0`SWESP`true`SWEH`0`SWEW`0`3`0`#34`0`SWESP`true`SWEH`600`SWEW`800`3`0`#36`0`SWESP`true`SWEH`20`SWEW`380`3`0`State`0`#27`false`#26`false`#28`false`0`3`StateEx`0`0`0`#26`0`0`0`#27`0`1`0`#28`0`Checked`false`0`0`Flags`0`</responseData>
  <responseFile class="java.lang.String"></responseFile>
  <cookies class="java.lang.String">_sn=GXmoeGkdwh1O45lrH7mMIZnLMWvqHkVWiQKqDOICOq1fi95anXYMaCRAX879ujDRD9kS4J75N4kGDX576Q2AKmwZPUBih-4NS80Pc1189OxasEbdAsHiEtIhcnCzZ0zWb5V6QpVraL0TTGU4ktkGZq374g8C0pUBRhKVASKeW21TgUW5eIkswq97I-.qG-kr; _srn=_srn; SWEUAID=SWEUAID</cookies>
  <method class="java.lang.String">POST</method>
  <queryString class="java.lang.String">SWEC=13&amp;SWEMethod=NavigatedBack&amp;SWERPC=1&amp;SWECmd=InvokeMethod&amp;SRN=xK7T2pIB2ZOV15hwlQxQF5reKcoUB8VpMTZr7we8uAEb&amp;SWEIPS=%400*0*0*0*0*3*0*&amp;SWEService=BT+Search+Results</queryString>
  <java.net.URL>http://localhost:8080/ecommunications_enu_nsm_aps05524a027/start.swe</java.net.URL>
</httpSample>
<httpSample t="{{\d+}}" it="0" lt="{{\d+}}" ct="{{\d+}}" ts="{{\d+}}" s="true" lb="{{\d+}} /ecommunications_enu_nsm_aps05524a027/start.swe" rc="200" rm="OK" tn="Thread Group 1-1" dt="text" de="utf-8" by="834" sby="931" sc="1" ec="0" ng="1" na="1" hn="{{.*?}}">
  <responseHeader class="java.lang.String">HTTP/1.1 200 OK
Connection: close
Server: Oracle-iPlanet-Web-Server/7.0
Date: Tue, 23 Jun 2020 12:49:34 GMT
Content-Language: en
Cache-Control: no-cache
Swerpc: true
Content-Type: text/html;charset=utf-8
Connection: close
Matched-Stub-Id: {{\w+-\w+-\w+-\w+-\w+}}
Vary: Accept-Encoding, User-Agent
</responseHeader>
  <requestHeader class="java.lang.String">Connection: close
Content-Type: application/x-www-form-urlencoded
DNT: 1
Accept-Encoding: deflate
Pragma: no-cache
User-Agent: Mozilla/4.0 (compatible; MSIE 7.0; Windows NT 6.3; WOW64; Trident/7.0; .NET4.0E; .NET4.0C; .NET CLR 3.5.30729; .NET CLR 2.0.50727; .NET CLR 3.0.30729)
Accept: text/html, image/gif, image/jpeg, *; q=.2, */*; q=.2
Content-Length: 243
Host: localhost:8080
</requestHeader>
  <responseData class="java.lang.String">@0`1`4`2``0`UC`1`Status`OK`SWEC`15`SRN`xK7T2pIB2ZOV15hwlQxQF5reKcoUB8VpMTZr7we8uAEb`0`0`ResultSet`0`1`6`Command Manager`0`RefreshToolbar`true`7`0`StateToolBar`0`#35`true`#36`true`#17`true`#34`true`#8`false`#37`true`#38`true`0`1`StateExToolBar`0`1`0`#35`0`Checked`false`0`3`FlagsToolBar`0`3`0`#8`0`SWESP`true`SWEH`0`SWEW`0`3`0`#34`0`SWESP`true`SWEH`600`SWEW`800`3`0`#36`0`SWESP`true`SWEH`20`SWEW`380`3`0`State`0`#27`false`#26`false`#28`false`0`3`StateEx`0`0`0`#26`0`0`0`#27`0`1`0`#28`0`Checked`false`0`0`Flags`0`</responseData>
  <responseFile class="java.lang.String"></responseFile>
  <cookies class="java.lang.String">_sn=GXmoeGkdwh1O45lrH7mMIZnLMWvqHkVWiQKqDOICOq1fi95anXYMaCRAX879ujDRD9kS4J75N4kGDX576Q2AKmwZPUBih-4NS80Pc1189OxasEbdAsHiEtIhcnCzZ0zWb5V6QpVraL0TTGU4ktkGZq374g8C0pUBRhKVASKeW21TgUW5eIkswq97I-.qG-kr; _srn=_srn; SWEUAID=SWEUAID</cookies>
  <method class="java.lang.String">POST</method>
  <queryString class="java.lang.String">SWEC=14&amp;SWEMethod=GetSearchPerform&amp;SWERPC=1&amp;SWEActiveApplet=BT+Search+Criteria+Form+Applet&amp;SWECmd=InvokeMethod&amp;SRN=xK7T2pIB2ZOV15hwlQxQF5reKcoUB8VpMTZr7we8uAEb&amp;SWEIPS=%400*0*0*0*0*3*0*&amp;SWEActiveView=BT+Search+View&amp;SWEService=BT+Search+Criteria</queryString>
  <java.net.URL>http://localhost:8080/ecommunications_enu_nsm_aps05524a027/start.swe</java.net.URL>
</httpSample>
<httpSample t="{{\d+}}" it="0" lt="{{\d+}}" ct="{{\d+}}" ts="{{\d+}}" s="true" lb="{{\d+}} /ecommunications_enu_nsm_aps05524a027/start.swe" rc="200" rm="OK" tn="Thread Group 1-1" dt="text" de="utf-8" by="26332" sby="1292" sc="1" ec="0" ng="1" na="1" hn="{{.*?}}">
  <responseHeader class="java.lang.String">HTTP/1.1 200 OK
Connection: close
Server: Oracle-iPlanet-Web-Server/7.0
Date: Tue, 23 Jun 2020 12:49:34 GMT
Content-Language: en
Cache-Control: no-cache
Swerpc: true
Content-Type: text/html;charset=utf-8
Matched-Stub-Id: {{\w+-\w+-\w+-\w+-\w+}}
Vary: Accept-Encoding, User-Agent
</responseHeader>
  <requestHeader class="java.lang.String">Connection: close
Content-Type: application/x-www-form-urlencoded
DNT: 1
Accept-Encoding: deflate
Pragma: no-cache
User-Agent: Mozilla/4.0 (compatible; MSIE 7.0; Windows NT 6.3; WOW64; Trident/7.0; .NET4.0E; .NET4.0C; .NET CLR 3.5.30729; .NET CLR 2.0.50727; .NET CLR 3.0.30729)
Accept: text/html, image/gif, image/jpeg, *; q=.2, */*; q=.2
Content-Length: 604
Host: localhost:8080
</requestHeader>
  <responseData class="java.lang.String">@0`1`8`3``0`Target`top._sweclient._swecontent._sweview`UC`1`ViewId``Status`NewLayout`View`BT Contact At View`SWEC`16`SRN`xK7T2pIB2ZOV15hwlQxQF5reKcoUB8VpMTZr7we8uAEb`cks``0`5`api`0`2`0`sc`0`rqc`16`v`13*Contact Phone8*Previous4*Next4*Save11*HTML SSPrv217*SSA Primary Field7*Primary5*CHECK7*Phone #33*Com PickList Communication Method10*HTML SSPrv8*Contacts2*Go6*Cancel16*BT EINValidation17*Validate Employee13*EINValidation13*ManageContact15*Manage Contacts28*BT Re-Validate Credit Result23*Refresh External Result23*Re-ValidateCreditResult10*BT Set MMN24*Set Mother&apos;s Maiden Name14*InvokeMMNPopup11*NewConsumer14*CreateConsumer3*M/M5*Title13*PickList MrMs16*BT Date Of Birth13*Date Of Birth13*Date of Birth12*Address Type19*BT CUT Address Type9*FirstName18*Mother Maiden Name20*Mother&apos;s Maiden Name8*MMN Calc11*HTML Label214*BT Postal Code26*BT CUT Address Postal Code8*LastName13*BT ODM Status22*BT Address Calc - Full12*Full Address30*Preferred Communication Method16*Pref Comm Method19*Special Information14*BT Service SMS11*Service SMS22*PickList Boolean Value21*BT Employee Validated18*Employee Validated17*Type/Organisation20*BT Impairment String19*Contact Impairments7*BT Type6*Hidden20*ReadAuditContactCalc15*Audited Contact22*ReadAudit Contact Calc10*MiddleName14*Middle Initial11*Middle Name19*BT Primary Phone No16*Primary Phone No17*Alternate Phone #18*BT Contact RO Flag15*Contact RO Flag15*BT Display NINO21*BT Name Change Reason23*BT Name Chg Reason Text22*Social Security Number24*Wedding Anniversary Date18*BT Building Number17*BT Cherished Name7*BT City25*BT Contact Delivery Point9*BT County17*BT Delivery Point25*BT Dependent Thoroughfare14*BT Do Not Mail13*BT Do Not SMS20*BT Dot Com User Name28*BT Double Dependent Locality18*BT Employee Number9*BT PO Box10*BT Premise11*BT Province24*BT Salary Direct Company14*BT Search Calc14*BT Street Name14*BT Sub Premise15*BT Thoroughfare14*Decision Maker12*Relationship4*Role12*ButtonDelete17*ButtonBasedOnlast12*ButtonCancel8*LabelM/M14*LabelFirstName15*LabelMiddleName13*LabelLastName10*LableTitle11*LabelSuffix6*Suffix12*LabelAccount12*LabelComment17*LabelConsumerFlag14*BT Do Not Call12*ConsumerFlag18*LabelIntegrationId13*IntegrationId9*HTML Text10*HTML Label24*HTML RTCEmbeddedTextOnly13*HTML TextArea13*Contact Email14*BT Get Details11*Get Details12*BTGetDetails28*Com Bill Media Type PickList23*Email Consent Timestamp12*Last Updated13*Email Consent45*[Id] = &quot;3-61EV7QEC&quot; AND [Active Status] = &quot;Y&quot;5*phone23*Alternate Email Address18*BT Contact At View15*Contacts Screen87*http://localhost:8080/ecommunications_enu_nsm_aps05524a027/images/contacts_icon.gifXXXX23*BT Contact Consent View8*Consents10*Contact At28*BT Contact Interactions View12*Interactions27*BT Contact Audit Trail View19*Contact Audit Trail19*Contact Detail View20*TechCheck Activities`0`1`nbo`0`2`3`boi`3``n`Contact`z``0`1`nbc`0`3`2`bci`3`S_BC2`n`Contact`shd`15*Contact_BusComp49*srf1592409810_444/bscripts/all/buscomp_contact.js`sh`507`0`20`fl`0`9`0`f`0`itx`1`n`407`sc`0`l`15`ibp`1`crf`215`dft`5`t`220`dn`408`7`0`f`0`n`412`sc`0`l`32`crf`215`dft`5`t`219`dn`411`9`0`f`0`itx`1`n`414`sc`0`l`30`ibp`1`crf`215`dft`5`t`220`dn`413`10`0`f`0`itx`1`n`313`sc`0`ipc`1`irq`1`l`50`crf`215`dft`5`t`220`dn`313`11`0`f`0`itx`1`n`418`sc`0`icl`1`ipc`1`l`255`crf`215`dft`5`iro`1`t`220`dn`417`9`0`f`0`itx`1`n`421`sc`0`l`30`crf`215`dft`5`iro`1`t`220`dn`261`10`0`f`0`itx`1`n`314`sc`0`ipc`1`irq`1`l`50`crf`215`dft`5`t`220`dn`314`10`0`f`0`itx`1`n`423`sc`0`ipc`1`l`30`ibp`1`crf`215`dft`5`t`220`dn`115`10`0`f`0`itx`1`n`424`sc`0`icl`1`l`255`crf`215`dft`5`iro`1`t`220`dn`425`9`0`f`0`itx`1`n`426`sc`0`l`30`ibp`1`crf`215`dft`5`t`220`dn`427`8`0`f`0`itx`1`n`205`sc`0`l`255`crf`215`dft`5`t`220`dn`428`10`0`f`0`itx`1`n`429`sc`0`ipc`1`l`1`ibp`1`crf`215`dft`5`t`218`dn`430`7`0`f`0`n`432`sc`0`l`32`crf`215`dft`5`t`219`dn`433`9`0`f`0`itx`1`n`119`sc`0`l`30`ibp`1`crf`215`dft`5`t`220`dn`434`10`0`f`0`itx`1`n`435`sc`0`icl`1`l`255`crf`215`dft`5`iro`1`t`220`dn`436`10`0`f`0`itx`1`n`441`sc`0`icl`1`l`255`crf`215`dft`5`iro`1`t`220`dn`440`8`0`f`0`itx`1`n`444`sc`0`l`50`crf`215`dft`5`t`220`dn`444`9`0`f`0`itx`1`n`447`sc`0`ipc`1`l`40`crf`215`dft`5`t`508`dn`447`8`0`f`0`itx`1`n`448`sc`0`l`1`crf`215`dft`5`t`218`dn`448`11`0`f`0`itx`1`n`183`sc`0`irq`1`l`15`crf`215`dft`5`ihn`1`iro`1`t`214`dn`183`3`2`rl`0`crnm`1`nmr`1`atr`0`2`0`r`0`v`0*0*0*3*New0*0*7*Contact18*Under Construction0*6*Letter0*0*0*8*Consumer0*0*0*0*0*10*3-61EV7QEC`i`3-61EV7QEC`1`0`tr`0`v``0`1`nbc`0`4`2`bci`3`S_BC1`n`Alternate Phone`cdl`1`cac`1`pi`S_BC2`0`6`fl`0`10`0`f`0`itx`1`n`333`sc`0`icl`1`l`255`crf`215`dft`5`iro`1`t`220`dn`333`11`0`f`0`itx`1`n`385`sc`0`icl`1`ipc`1`l`1`crf`215`dft`5`ihn`1`t`218`dn`386`9`0`f`0`itx`1`n`337`sc`0`irq`1`l`40`crf`215`dft`5`t`508`dn`388`10`0`f`0`itx`1`n`99`sc`0`irq`1`l`50`ibp`1`crf`215`dft`5`t`220`dn`121`9`0`f`0`itx`1`n`115`sc`0`l`50`ibp`1`crf`215`dft`5`t`220`dn`115`11`0`f`0`itx`1`n`183`sc`0`irq`1`l`15`crf`215`dft`5`ihn`1`iro`1`t`214`dn`183`3`1`rl`0`inrk`1`nmr`0`atr`-1`1`0`tr`0`v``0`1`nbc`0`4`2`bci`3`S_BC3`n`Communication Address`cdl`1`cac`1`pi`S_BC2`0`6`fl`0`10`0`f`0`itx`1`n`333`sc`0`icl`1`l`255`crf`215`dft`5`iro`1`t`220`dn`333`11`0`f`0`itx`1`n`385`sc`0`icl`1`ipc`1`l`1`crf`215`dft`5`ihn`1`t`218`dn`386`9`0`f`0`itx`1`n`337`sc`0`irq`1`l`100`crf`215`dft`5`t`220`dn`509`9`0`f`0`itx`1`n`99`sc`0`l`50`ibp`1`crf`215`dft`5`t`220`dn`121`9`0`f`0`itx`1`n`115`sc`0`l`50`ibp`1`crf`215`dft`5`t`220`dn`115`11`0`f`0`itx`1`n`183`sc`0`irq`1`l`15`crf`215`dft`5`ihn`1`iro`1`t`214`dn`183`3`1`rl`0`inrk`1`nmr`0`atr`-1`1`0`tr`0`v``1`1`nv`0`imv`1`6`4`vi`3``vt`STANDARD`ich`1`n`BT Contact At View`pu`http://localhost:8080/ecommunications_enu_nsm_aps05524a027/start.swe`tt`Contact`tb`&lt;span id=&apos;s_tb&apos;&gt;&lt;table datatable=&quot;0&quot; summary=&quot;&quot; cellpadding=&quot;0&quot; cellspacing=&quot;0&quot; border=&quot;0&quot;&gt;&lt;tr&gt;&lt;td&gt;&lt;span class=&quot;threadbar&quot;&gt;&lt;nobr&gt;Contacts:&lt;/nobr&gt;&lt;/span&gt;&lt;/td&gt;&lt;td&gt;&lt;img src=&quot;images/spacer.gif&quot; width=&quot;5&quot; height=&quot;1&quot; alt=&quot;&quot;&gt;&lt;/td&gt;&lt;td&gt;&lt;/td&gt;&lt;/tr&gt;&lt;/table&gt;&lt;/span&gt;`0`1`nla`0`18`4`ai`3`S_A1`nfi`1`n`BT Contact Phone List Applet`cud`2*121*13*1051*12*451*12*401*12*391*12*441*12*291*13*3101*12*641*12*431*12*271*12*311*13*3901*13*3841*03*3321*03*3851*03*3371*02*991*03*1151*0`cik`2*451*12*401*02*391*02*441*12*291*13*3101*02*201*02*431*02*271*02*311*02*211*02*221*12*231*12*241*12*251*02*261*02*281*02*301*02*321*02*331*02*341*02*351*02*361*12*371*02*381*02*411*02*421*02*461*12*471*02*481*02*491*02*501*02*511*02*521*02*531*02*541*12*551*02*561*12*571*0`pf`VER_1.0_~0|SSA Primary Field|50~0|Address|250~0|Name|100~0|Status|100`rct`5`asq`1`ied`1`vrn`S_A1`tt`380`inu`0`hmn`1`rsp`false`bnr`0`iem``bci`S_BC1`hlc`3*a_11*11*2`i`1`0`5`cl`0`23`1`c`0`pt`5`sp`s_1_1_4_0`dm`7`w`0`n`39`pw`0`ph`0`ju`6`sq`2997`pan`5`mn`39`ibp`1`crf`8`sdy`0`h`0`iec`1`dft`5`ime`5`dmc`0`t`67`dn`381`fn`5`msz`32`14`0`imp`0`SWEField`s_1_1_4_0`SWENeedContext`true`SWER`65535`SWESP`false`SWERowIds`SWERowId0=3-61EV7QEC`SWEMethod`GotoPreviousSet`SWECmd`InvokeMethod`SWEDIC`false`SWEReqRowId`0`SWEView`BT Contact At View`SWEC`16`SWEBID`-1`SRN`xK7T2pIB2ZOV15hwlQxQF5reKcoUB8VpMTZr7we8uAEb`SWEApplet`BT Contact Phone List Applet`23`1`c`0`pt`5`sp`s_1_1_3_0`dm`7`w`0`n`40`pw`0`ph`0`ju`6`sq`2997`pan`5`mn`40`ibp`1`crf`8`sdy`0`h`0`iec`1`dft`5`ime`5`dmc`0`t`67`dn`382`fn`5`msz`32`14`0`imp`0`SWEField`s_1_1_3_0`SWENeedContext`true`SWER`65535`SWESP`false`SWERowIds`SWERowId0=3-61EV7QEC`SWEMethod`GotoNextSet`SWECmd`InvokeMethod`SWEDIC`false`SWEReqRowId`0`SWEView`BT Contact At View`SWEC`16`SWEBID`-1`SRN`xK7T2pIB2ZOV15hwlQxQF5reKcoUB8VpMTZr7we8uAEb`SWEApplet`BT Contact Phone List Applet`23`1`c`0`pt`5`sp`s_1_1_6_0`dm`7`w`0`n`29`pw`0`ph`0`ju`6`sq`2997`pan`5`mn`29`ibp`1`crf`8`sdy`0`h`0`iec`1`dft`5`ime`5`dmc`0`t`67`dn`93`fn`5`msz`32`14`0`imp`0`SWEField`s_1_1_6_0`SWENeedContext`true`SWER`65535`SWESP`false`SWERowIds`SWERowId0=3-61EV7QEC`SWEMethod`NewRecord`SWECmd`InvokeMethod`SWEDIC`false`SWEReqRowId`0`SWEView`BT Contact At View`SWEC`16`SWEBID`-1`SRN`xK7T2pIB2ZOV15hwlQxQF5reKcoUB8VpMTZr7we8uAEb`SWEApplet`BT Contact Phone List Applet`23`1`c`0`pt`5`sp`s_1_1_11_0`dm`7`w`0`n`31`pw`0`ph`0`ju`6`sq`2997`pan`5`mn`31`ibp`1`crf`8`sdy`0`h`0`iec`1`dft`5`ime`5`dmc`0`t`67`dn`383`fn`5`msz`32`14`0`imp`0`SWEField`s_1_1_11_0`SWENeedContext`true`SWER`65535`SWESP`false`SWERowIds`SWERowId0=3-61EV7QEC`SWEMethod`WriteRecord`SWECmd`InvokeMethod`SWEDIC`false`SWEReqRowId`1`SWEView`BT Contact At View`SWEC`16`SWEBID`-1`SRN`xK7T2pIB2ZOV15hwlQxQF5reKcoUB8VpMTZr7we8uAEb`SWEApplet`BT Contact Phone List Applet`23`0`c`0`pt`5`sp`s_1_1_13_0`dm`7`w`0`csq`1`n`384`pw`0`ph`0`ju`6`sq`2997`pan`5`ibp`1`crf`8`sdy`0`h`0`iec`1`dft`5`ime`5`dmc`0`t`10`dn`5`fn`333`msz`255`1`0`cfm`0`DeleteRecord`IDS_SWE_DELETE_CONFIRM_WARNING`0`4`col`0`24`0`co`0`pt`5`sp`s_1_2_15_`dm`7`w`50`n`385`pw`0`ph`0`ju`94`sq`2997`pan`5`icm`387`ibp`1`crf`8`sdy`0`h`0`iec`1`dft`5`cix`0`ime`5`dmc`0`t`92`dn`386`fn`385`msz`1`24`0`co`0`pt`5`sp`s_1_2_16_`dm`7`w`250`n`337`pw`0`ist`1`ph`0`ju`6`sq`2997`pan`5`ibp`1`crf`8`sdy`0`h`0`iec`1`dft`5`cix`1`ime`5`dmc`0`t`4`dn`388`fn`337`msz`40`25`0`co`0`pt`5`sp`s_1_2_17_`dm`7`w`100`csq`1`n`99`pw`0`ist`1`ph`0`ju`6`sq`2997`pan`389`ibp`1`crf`8`sdy`0`h`0`iec`1`dft`5`cix`2`ime`5`dmc`0`t`116`dn`121`fn`99`msz`50`25`0`co`0`pt`5`sp`s_1_2_18_`dm`7`w`100`csq`1`n`115`pw`0`ist`1`ph`0`ju`6`sq`2997`pan`5`ibp`1`crf`8`sdy`0`h`0`iec`1`dft`5`cix`3`ime`5`dmc`0`t`116`dn`115`fn`115`msz`50`0`2`pcl`0`2`0`pc`0`allowPC`false`AppletTitle``2`0`pc`0`allowPC`false`HTML SSPrv``0`1`na`0`17`3`ai`3`S_A2`nfi`1`n`BT Contact Form Applet`cud`3*4291*13*1191*13*4481*03*4501*03*3941*13*4321*03*4351*03*4511*03*4521*03*3991*13*3971*13*4391*03*4531*03*4131*03*4161*03*4541*03*4241*03*4551*03*4561*03*4571*03*4581*03*4591*03*4101*13*4601*03*4611*03*4621*03*4631*03*4641*03*4651*03*4661*03*4671*03*4201*03*4681*03*4451*03*4691*03*3331*03*4701*03*4711*03*4721*03*4731*03*4741*03*4371*03*2561*03*4751*03*4051*13*4021*13*4261*13*4761*03*4771*03*1151*13*2431*13*3121*13*4781*13*4791*13*4801*13*4811*13*4071*13*4821*13*4151*13*4831*13*4421*13*4841*13*4851*13*4221*13*4861*13*4871*03*4881*13*1001*13*4891*13*2051*13*4901*13*4911*03*4921*03*4931*13*4941*13*3061*12*451*12*441*13*3101*12*641*12*431*12*271*12*311*13*3901*13*3841*03*4951*13*4961*13*3321*13*4971*13*4981*13*4191*1`cik`3*3961*13*4011*03*3971*13*4061*13*4041*13*2431*12*291*12*281*02*301*12*271*03*3061*02*451*02*441*03*3101*12*201*02*431*02*311*12*211*12*221*12*231*12*241*12*251*02*261*02*321*02*331*12*341*02*351*02*361*02*371*02*381*12*391*02*401*12*411*02*421*12*461*12*471*12*481*02*491*02*501*02*511*02*521*02*531*02*541*12*551*12*561*02*571*1`shd`29*BT_Contact_Form_Applet_Applet72*srf1592409810_444/bscripts/all/controls_applet_bt_contact_form_applet.js63*srf1592409810_444/bscripts/all/applet_bt_contact_form_applet.js`asq`0`ied`1`vrn`S_A2`tt`391`inu`0`hmn`1`rsp`false`bnr`0`iem``bci`S_BC2`hlc`3*a_21*11*2`i`2`0`30`cl`0`23`1`c`0`pt`5`sp`s_2_1_76_0`dm`7`w`0`n`45`pw`0`ph`0`ju`6`sq`1997`pan`5`mn`45`ibp`1`crf`8`sdy`0`h`0`iec`1`dft`5`ime`5`dmc`0`t`67`dn`392`fn`5`msz`32`13`0`imp`0`SWEField`s_2_1_76_0`SWENeedContext`true`SWER`0`SWESP`false`SWEMethod`ExecuteQuery`SWECmd`InvokeMethod`SWEDIC`false`SWEReqRowId`0`SWEView`BT Contact At View`SWEC`16`SWEBID`-1`SRN`xK7T2pIB2ZOV15hwlQxQF5reKcoUB8VpMTZr7we8uAEb`SWEApplet`BT Contact Form Applet`23`1`c`0`pt`5`sp`s_2_1_80_0`dm`7`w`0`n`43`pw`0`ph`0`ju`6`sq`1997`pan`5`mn`43`ibp`1`crf`8`sdy`0`h`0`iec`1`dft`5`ime`5`dmc`0`t`67`dn`393`fn`5`msz`32`13`0`imp`0`SWEField`s_2_1_80_0`SWENeedContext`true`SWER`0`SWESP`false`SWEMethod`UndoQuery`SWECmd`InvokeMethod`SWEDIC`false`SWEReqRowId`0`SWEView`BT Contact At View`SWEC`16`SWEBID`-1`SRN`xK7T2pIB2ZOV15hwlQxQF5reKcoUB8VpMTZr7we8uAEb`SWEApplet`BT Contact Form Applet`23`1`c`0`pt`5`sp`s_2_1_4_0`dm`7`w`0`n`394`pw`0`ph`0`ju`6`sq`1997`pan`5`mn`396`ibp`1`crf`8`sdy`0`h`0`iec`1`dft`5`ime`5`dmc`0`t`67`dn`395`fn`5`msz`32`13`0`imp`0`SWEField`s_2_1_4_0`SWENeedContext`true`SWER`0`SWESP`false`SWEMethod`EINValidation`SWECmd`InvokeMethod`SWEDIC`false`SWEReqRowId`0`SWEView`BT Contact At View`SWEC`16`SWEBID`-1`SRN`xK7T2pIB2ZOV15hwlQxQF5reKcoUB8VpMTZr7we8uAEb`SWEApplet`BT Contact Form Applet`23`1`c`0`pt`5`sp`s_2_1_10_0`dm`7`w`0`n`397`pw`0`ph`0`ju`6`sq`1997`pan`5`mn`397`ibp`1`crf`8`sdy`0`h`0`iec`1`dft`5`ime`5`dmc`0`t`67`dn`398`fn`5`msz`32`13`0`imp`0`SWEField`s_2_1_10_0`SWENeedContext`true`SWER`0`SWESP`false`SWEMethod`ManageContact`SWECmd`InvokeMethod`SWEDIC`false`SWEReqRowId`0`SWEView`BT Contact At View`SWEC`16`SWEBID`-1`SRN`xK7T2pIB2ZOV15hwlQxQF5reKcoUB8VpMTZr7we8uAEb`SWEApplet`BT Contact Form Applet`23`1`c`0`pt`5`sp`s_2_1_9_0`dm`7`w`0`n`399`pw`0`ph`0`ju`6`sq`1997`pan`5`mn`401`ibp`1`crf`8`sdy`0`h`0`iec`1`dft`5`ime`5`dmc`0`t`67`dn`400`fn`5`msz`32`13`0`imp`0`SWEField`s_2_1_9_0`SWENeedContext`true`SWER`0`SWESP`false`SWEMethod`Re-ValidateCreditResult`SWECmd`InvokeMethod`SWEDIC`false`SWEReqRowId`0`SWEView`BT Contact At View`SWEC`16`SWEBID`-1`SRN`xK7T2pIB2ZOV15hwlQxQF5reKcoUB8VpMTZr7we8uAEb`SWEApplet`BT Contact Form Applet`23`1`c`0`pt`5`sp`s_2_1_82_0`dm`7`w`0`n`31`pw`0`ph`0`ju`6`sq`1997`pan`5`mn`31`ibp`1`crf`8`sdy`0`h`0`iec`1`dft`5`ime`5`dmc`0`t`67`dn`383`fn`5`msz`32`13`0`imp`0`SWEField`s_2_1_82_0`SWENeedContext`true`SWER`0`SWESP`false`SWEMethod`WriteRecord`SWECmd`InvokeMethod`SWEDIC`false`SWEReqRowId`1`SWEView`BT Contact At View`SWEC`16`SWEBID`-1`SRN`xK7T2pIB2ZOV15hwlQxQF5reKcoUB8VpMTZr7we8uAEb`SWEApplet`BT Contact Form Applet`23`1`c`0`pt`5`sp`s_2_1_45_0`dm`7`w`0`n`402`pw`0`ph`0`ju`6`sq`1997`pan`5`mn`404`ibp`1`crf`8`sdy`0`h`0`iec`1`dft`5`ime`5`dmc`0`t`67`dn`403`fn`5`msz`32`13`0`imp`0`SWEField`s_2_1_45_0`SWENeedContext`true`SWER`0`SWESP`false`SWEMethod`InvokeMMNPopup`SWECmd`InvokeMethod`SWEDIC`false`SWEReqRowId`0`SWEView`BT Contact At View`SWEC`16`SWEBID`-1`SRN`xK7T2pIB2ZOV15hwlQxQF5reKcoUB8VpMTZr7we8uAEb`SWEApplet`BT Contact Form Applet`25`1`c`0`pt`5`sp`s_2_1_50_0`dm`5`w`0`n`243`eb`&lt;img src=&quot;images/btn_more.gif&quot; border=&quot;0&quot; space=&quot;0&quot; hspace=&quot;0&quot; alt=&quot;Show more&quot;  title=&quot;Show more&quot; &gt;`pw`0`ph`0`ju`6`sq`1997`pan`5`icm`243`mn`243`ibp`1`crf`8`sdy`0`h`0`iec`1`dft`5`ime`5`dmc`0`t`10`dn`5`fn`5`msz`32`13`0`imp`0`SWEField`s_2_1_50_0`SWENeedContext`true`SWER`0`SWESP`false`SWEMethod`ToggleLayout`SWECmd`InvokeMethod`SWEDIC`false`SWEReqRowId`0`SWEView`BT Contact At View`SWEC`16`SWEBID`-1`SRN`xK7T2pIB2ZOV15hwlQxQF5reKcoUB8VpMTZr7we8uAEb`SWEApplet`BT Contact Form Applet`23`1`c`0`pt`5`sp`s_2_1_44_0`dm`7`w`0`n`405`pw`0`ph`0`ju`6`sq`1997`pan`5`mn`406`ibp`1`crf`8`sdy`0`h`0`iec`1`dft`5`ime`5`dmc`0`t`67`dn`324`fn`5`msz`32`13`0`imp`0`SWEField`s_2_1_44_0`SWENeedContext`true`SWER`0`SWESP`false`SWEMethod`CreateConsumer`SWECmd`InvokeMethod`SWEDIC`false`SWEReqRowId`0`SWEView`BT Contact At View`SWEC`16`SWEBID`-1`SRN`xK7T2pIB2ZOV15hwlQxQF5reKcoUB8VpMTZr7we8uAEb`SWEApplet`BT Contact Form Applet`23`0`c`0`pt`5`sp`s_2_1_56_0`dm`7`w`120`csq`1`n`407`pw`0`ph`0`ju`6`sq`1001`pan`409`ibp`1`crf`8`sdy`0`h`24`iec`1`dft`5`ime`5`dmc`0`t`116`dn`408`fn`407`msz`15`22`0`c`0`pt`5`sp`s_2_1_22_0`dm`7`w`120`n`410`pw`0`ph`0`ju`6`sq`1002`pan`5`ibp`1`crf`8`sdy`0`h`24`iec`1`dft`5`ime`5`dmc`0`t`97`dn`411`fn`412`msz`32`23`0`c`0`pt`5`sp`s_2_1_13_0`dm`7`w`120`csq`1`n`413`pw`0`ph`0`ju`6`sq`1003`pan`5`ibp`1`crf`8`sdy`0`h`24`iec`1`dft`5`ime`5`dmc`0`t`4`dn`413`fn`414`msz`30`23`0`c`0`pt`5`sp`s_2_1_58_0`dm`7`w`120`csq`1`n`415`pw`0`ph`0`ju`6`sq`1004`pan`5`ibp`1`crf`8`sdy`0`h`24`iec`1`dft`5`ime`5`dmc`0`t`4`dn`313`fn`313`msz`50`23`0`c`0`pt`5`sp`s_2_1_14_0`dm`7`w`120`csq`1`n`416`pw`0`ph`0`ju`6`sq`1005`pan`5`ibp`1`crf`8`sdy`0`h`24`iec`1`dft`5`ime`5`dmc`0`t`4`dn`417`fn`418`msz`255`22`0`c`0`pt`5`sp`s_2_1_90_0`dm`7`w`56`n`419`pw`0`ph`0`ju`6`sq`1997`pan`5`ibp`1`crf`8`sdy`0`h`24`iec`1`dft`5`ime`5`dmc`0`t`89`dn`261`fn`5`msz`32`25`0`c`0`pt`5`sp`s_2_1_31_0`dm`7`w`120`csq`1`n`420`pw`300`pat`Mvg`ph`100`ju`6`sq`1006`ied`1`pan`5`ibp`1`crf`8`sdy`0`h`24`iec`1`dft`5`ime`5`dmc`0`t`4`dn`261`fn`421`msz`30`23`0`c`0`pt`5`sp`s_2_1_63_0`dm`7`w`120`csq`1`n`422`pw`0`ph`0`ju`6`sq`1007`pan`5`ibp`1`crf`8`sdy`0`h`24`iec`1`dft`5`ime`5`dmc`0`t`4`dn`314`fn`314`msz`50`23`0`c`0`pt`5`sp`s_2_1_49_0`dm`7`w`120`csq`1`n`115`pw`0`ph`0`ju`6`sq`1008`pan`5`ibp`1`crf`8`sdy`0`h`24`iec`1`dft`5`ime`5`dmc`0`t`116`dn`115`fn`423`msz`30`23`0`c`0`pt`5`sp`s_2_1_16_0`dm`69`w`120`csq`1`n`424`pw`0`ph`0`ju`6`sq`1009`pan`5`ibp`1`crf`8`sdy`0`h`90`iec`1`dft`5`ime`5`dmc`0`t`4`dn`425`fn`424`msz`255`23`0`c`0`pt`5`sp`s_2_1_46_0`dm`7`w`120`csq`1`n`426`pw`0`ph`0`ju`6`sq`1010`pan`5`ibp`1`crf`8`sdy`0`h`24`iec`1`dft`5`ime`5`dmc`0`t`116`dn`427`fn`426`msz`30`23`0`c`0`pt`5`sp`s_2_1_69_0`dm`7`w`120`csq`1`n`205`pw`0`ph`0`ju`6`sq`1011`pan`5`ibp`1`crf`8`sdy`0`h`24`iec`1`dft`5`ime`5`dmc`0`t`122`dn`428`fn`205`msz`255`22`0`c`0`pt`5`sp`s_2_1_0_0`dm`7`w`56`n`429`pw`0`ph`0`ju`6`sq`1012`pan`431`ibp`1`crf`8`sdy`0`h`24`iec`1`dft`5`ime`5`dmc`0`t`116`dn`430`fn`429`msz`1`22`0`c`0`pt`5`sp`s_2_1_5_0`dm`7`w`120`n`432`pw`0`ph`0`ju`6`sq`1013`pan`5`ibp`1`crf`8`sdy`0`h`24`iec`1`dft`5`ime`5`dmc`0`t`4`dn`433`fn`432`msz`32`23`0`c`0`pt`5`sp`s_2_1_1_0`dm`7`w`120`csq`1`n`119`pw`0`ph`0`ju`6`sq`1997`pan`5`ibp`1`crf`8`sdy`0`h`24`iec`1`dft`5`ime`5`dmc`0`t`116`dn`434`fn`119`msz`30`23`0`c`0`pt`5`sp`s_2_1_6_0`dm`7`w`120`csq`1`n`435`pw`0`ph`0`ju`6`sq`1014`pan`5`ibp`1`crf`8`sdy`0`h`56`iec`1`dft`5`ime`5`dmc`0`t`122`dn`436`fn`435`msz`255`23`0`c`0`pt`5`sp`s_2_1_41_0`dm`7`w`104`csq`1`n`437`pw`0`ph`0`ju`6`sq`1997`pan`5`ibp`1`crf`8`sdy`0`h`24`iec`1`dft`5`ime`5`dmc`0`t`438`dn`119`fn`119`msz`30`23`0`c`0`pt`5`sp`s_2_1_11_0`dm`69`w`120`csq`1`n`439`pw`0`ph`0`ju`6`sq`1997`pan`5`ibp`1`crf`8`sdy`0`h`24`iec`1`dft`5`ime`5`dmc`0`t`4`dn`440`fn`441`msz`255`23`0`c`0`pt`5`sp`s_2_1_60_0`dm`7`w`120`csq`1`n`442`pw`0`ph`0`ju`6`sq`1997`pan`5`ibp`1`crf`8`sdy`0`h`24`iec`1`dft`5`ime`5`dmc`0`t`4`dn`443`fn`444`msz`50`22`0`c`0`pt`5`sp`s_2_1_33_0`dm`7`w`120`n`445`pw`0`ph`0`ju`6`sq`1997`pan`5`ibp`1`crf`8`sdy`0`h`24`iec`1`dft`5`ime`5`dmc`0`t`4`dn`446`fn`447`msz`40`22`0`c`0`pt`5`sp`s_2_1_2_0`dm`7`w`120`n`448`pw`0`ph`0`ju`6`sq`1997`pan`5`ibp`1`crf`8`sdy`0`h`24`iec`1`dft`5`ime`5`dmc`0`t`438`dn`449`fn`448`msz`1`1`0`cfm`0`DeleteRecord`IDS_SWE_DELETE_CONFIRM_WARNING`0`4`pcl`0`2`0`pc`0`allowPC`false`HTML SSPrv``2`0`pc`0`allowPC`false`HTML Text``2`0`pc`0`allowPC`false`HTML RTCEmbeddedTextOnly``2`0`pc`0`allowPC`false`HTML TextArea``0`1`nla`0`18`4`ai`3`S_A3`nfi`1`n`BT Contact Email List Applet`cud`3*5001*12*121*13*1051*12*451*12*401*12*391*12*441*12*291*13*3101*12*641*12*431*12*271*12*311*13*3901*13*3841*03*5041*03*5051*03*3851*03*3371*02*991*03*5061*03*1151*0`cik`3*5021*12*451*12*401*02*391*02*441*12*291*13*3101*02*201*02*431*02*271*02*311*02*211*02*221*12*231*12*241*12*251*02*261*02*281*02*301*02*321*02*331*02*341*02*351*02*361*12*371*02*381*02*411*02*421*02*461*12*471*02*481*02*491*02*501*02*511*02*521*02*531*02*541*12*551*02*561*12*571*0`pf`VER_1.0_~0|SSA Primary Field|50~0|Address|100~0|Name|50~0|Status|100`rct`5`asq`2`ied`1`vrn`S_A3`tt`499`inu`0`hmn`1`rsp`false`bnr`0`iem``bci`S_BC3`hlc`3*a_31*11*2`i`3`0`6`cl`0`23`1`c`0`pt`5`sp`s_3_1_5_0`dm`7`w`0`n`39`pw`0`ph`0`ju`6`sq`3997`pan`5`mn`39`ibp`1`crf`8`sdy`0`h`0`iec`1`dft`5`ime`5`dmc`0`t`67`dn`381`fn`5`msz`32`14`0`imp`0`SWEField`s_3_1_5_0`SWENeedContext`true`SWER`65535`SWESP`false`SWERowIds`SWERowId0=3-61EV7QEC`SWEMethod`GotoPreviousSet`SWECmd`InvokeMethod`SWEDIC`false`SWEReqRowId`0`SWEView`BT Contact At View`SWEC`16`SWEBID`-1`SRN`xK7T2pIB2ZOV15hwlQxQF5reKcoUB8VpMTZr7we8uAEb`SWEApplet`BT Contact Email List Applet`23`1`c`0`pt`5`sp`s_3_1_4_0`dm`7`w`0`n`40`pw`0`ph`0`ju`6`sq`3997`pan`5`mn`40`ibp`1`crf`8`sdy`0`h`0`iec`1`dft`5`ime`5`dmc`0`t`67`dn`382`fn`5`msz`32`14`0`imp`0`SWEField`s_3_1_4_0`SWENeedContext`true`SWER`65535`SWESP`false`SWERowIds`SWERowId0=3-61EV7QEC`SWEMethod`GotoNextSet`SWECmd`InvokeMethod`SWEDIC`false`SWEReqRowId`0`SWEView`BT Contact At View`SWEC`16`SWEBID`-1`SRN`xK7T2pIB2ZOV15hwlQxQF5reKcoUB8VpMTZr7we8uAEb`SWEApplet`BT Contact Email List Applet`23`1`c`0`pt`5`sp`s_3_1_7_0`dm`7`w`0`n`29`pw`0`ph`0`ju`6`sq`3997`pan`5`mn`29`ibp`1`crf`8`sdy`0`h`0`iec`1`dft`5`ime`5`dmc`0`t`67`dn`93`fn`5`msz`32`14`0`imp`0`SWEField`s_3_1_7_0`SWENeedContext`true`SWER`65535`SWESP`false`SWERowIds`SWERowId0=3-61EV7QEC`SWEMethod`NewRecord`SWECmd`InvokeMethod`SWEDIC`false`SWEReqRowId`0`SWEView`BT Contact At View`SWEC`16`SWEBID`-1`SRN`xK7T2pIB2ZOV15hwlQxQF5reKcoUB8VpMTZr7we8uAEb`SWEApplet`BT Contact Email List Applet`23`1`c`0`pt`5`sp`s_3_1_12_0`dm`7`w`0`n`31`pw`0`ph`0`ju`6`sq`3997`pan`5`mn`31`ibp`1`crf`8`sdy`0`h`0`iec`1`dft`5`ime`5`dmc`0`t`67`dn`383`fn`5`msz`32`14`0`imp`0`SWEField`s_3_1_12_0`SWENeedContext`true`SWER`65535`SWESP`false`SWERowIds`SWERowId0=3-61EV7QEC`SWEMethod`WriteRecord`SWECmd`InvokeMethod`SWEDIC`false`SWEReqRowId`1`SWEView`BT Contact At View`SWEC`16`SWEBID`-1`SRN`xK7T2pIB2ZOV15hwlQxQF5reKcoUB8VpMTZr7we8uAEb`SWEApplet`BT Contact Email List Applet`23`0`c`0`pt`5`sp`s_3_1_14_0`dm`7`w`0`csq`1`n`384`pw`0`ph`0`ju`6`sq`3997`pan`5`ibp`1`crf`8`sdy`0`h`0`iec`1`dft`5`ime`5`dmc`0`t`10`dn`5`fn`333`msz`255`23`1`c`0`pt`5`sp`s_3_1_0_0`dm`7`w`0`n`500`pw`0`ph`0`ju`6`sq`3997`pan`5`mn`502`ibp`1`crf`8`sdy`0`h`0`iec`1`dft`5`ime`5`dmc`0`t`67`dn`501`fn`5`msz`32`14`0`imp`0`SWEField`s_3_1_0_0`SWENeedContext`true`SWER`65535`SWESP`false`SWERowIds`SWERowId0=3-61EV7QEC`SWEMethod`BTGetDetails`SWECmd`InvokeMethod`SWEDIC`false`SWEReqRowId`0`SWEView`BT Contact At View`SWEC`16`SWEBID`-1`SRN`xK7T2pIB2ZOV15hwlQxQF5reKcoUB8VpMTZr7we8uAEb`SWEApplet`BT Contact Email List Applet`1`0`cfm`0`DeleteRecord`IDS_SWE_DELETE_CONFIRM_WARNING`0`4`col`0`24`0`co`0`pt`5`sp`s_3_2_17_`dm`7`w`50`n`385`pw`0`ph`0`ju`94`sq`3997`pan`5`icm`387`ibp`1`crf`8`sdy`0`h`0`iec`1`dft`5`cix`0`ime`5`dmc`0`t`92`dn`386`fn`385`msz`1`25`0`co`0`pt`5`sp`s_3_2_18_`dm`7`w`100`csq`1`n`337`pw`0`ist`1`ph`0`ju`6`sq`3997`pan`5`ibp`1`crf`8`sdy`0`h`0`iec`1`dft`5`cix`1`ime`5`dmc`0`t`4`dn`342`fn`337`msz`100`25`0`co`0`pt`5`sp`s_3_2_19_`dm`7`w`50`csq`1`n`99`pw`0`ist`1`ph`0`ju`6`sq`3997`pan`503`ibp`1`crf`8`sdy`0`h`0`iec`1`dft`5`cix`2`ime`5`dmc`0`t`116`dn`121`fn`99`msz`50`25`0`co`0`pt`5`sp`s_3_2_21_`dm`7`w`100`csq`1`n`115`pw`0`ist`1`ph`0`ju`6`sq`3997`pan`5`ibp`1`crf`8`sdy`0`h`0`iec`1`dft`5`cix`3`ime`5`dmc`0`t`116`dn`115`fn`115`msz`50`0`2`pcl`0`2`0`pc`0`allowPC`false`AppletTitle``2`0`pc`0`allowPC`false`HTML SSPrv``1`0`aa`0`n`BT Contact Form Applet`0`7`nci`0`0`0`SI`0`0`28`PI`0`1`0`II`0`CP` * Current Contact`1`0`II`0`CP`* All Contacts`1`0`II`0`CP`All Callbacks`1`0`II`0`CP`All Contacts`1`0`II`0`CP`All Contacts at VP level or higher`1`0`II`0`CP`All Employees at VP level or higher`1`0`II`0`CP`All Executive Administration`1`0`II`0`CP`All Personal Contacts at VP level or higher`1`0`II`0`CP`Available Offline`1`0`II`0`CP`Call List`1`0`II`0`CP`Candidate Contacts`1`0`II`0`CP`Customer Contacts`1`0`II`0`CP`Failed, Cancelled and Completed Callbacks`1`0`II`0`CP`Hold Payment List`1`0`II`0`CP`INS All Agents`1`0`II`0`CP`Internal Watchlist`1`0`II`0`CP`Members`1`0`II`0`CP`NICB Watchlist`1`0`II`0`CP`New Contacts`1`0`II`0`CP`No Contacts`1`0`II`0`CP`No Employees`1`0`II`0`CP`No Personal Contacts`1`0`II`0`CP`Open, In Progress and Scheduled Callbacks`1`0`II`0`CP`PDA_ContactSyncFilter`1`0`II`0`CP`SWLS`1`0`II`0`CP`Service Requests`1`0`II`0`CP`Survey Contacts`1`0`II`0`CP`Sync List`0`0`VI`0`1`5`AI`0`SX`1`2`0`II`0`CP`514`VN`513`2`0`II`0`CP`515`VN`510`2`0`II`0`CP`517`VN`516`2`0`II`0`CP`519`VN`518`2`0`II`0`CP`521`VN`520`0`0`DI`0`0`0`SDI`0`0`1`FTI`0`4`0`II`0`SN`511`CP`391`VN`510`sti`512`1`5`il`0`n`CHECK`2`0`i`0`n`Y`ici`&lt;img src=&quot;http://localhost:8080/ecommunications_enu_nsm_aps05524a027/images/check_d.gif&quot; alt=&quot;Selected&quot; title=&quot;Selected&quot; border=&quot;0&quot; space=&quot;0&quot; hspace=&quot;0&quot;&gt;`2`0`i`0`n`TriState_Y`ici`&lt;img src=&quot;http://localhost:8080/ecommunications_enu_nsm_aps05524a027/images/check_yes.gif&quot; alt=&quot;&quot; title=&quot;&quot; width=&quot;12&quot; height=&quot;12&quot; border=&quot;0&quot; space=&quot;0&quot; hspace=&quot;0&quot;&gt;`2`0`i`0`n`TriState_N`ici`&lt;img src=&quot;http://localhost:8080/ecommunications_enu_nsm_aps05524a027/images/check_no.gif&quot; alt=&quot;&quot; title=&quot;&quot; width=&quot;12&quot; height=&quot;12&quot; border=&quot;0&quot; space=&quot;0&quot; hspace=&quot;0&quot;&gt;`2`0`i`0`n`TriState_I`ici`&lt;img src=&quot;http://localhost:8080/ecommunications_enu_nsm_aps05524a027/images/check_ind.gif&quot; alt=&quot;&quot; title=&quot;&quot; width=&quot;12&quot; height=&quot;12&quot; border=&quot;0&quot; space=&quot;0&quot; hspace=&quot;0&quot;&gt;`2`0`i`0`n`N`ici`&lt;img src=&quot;http://localhost:8080/ecommunications_enu_nsm_aps05524a027/images/white.gif&quot; alt=&quot;&quot; title=&quot;&quot; width=&quot;11&quot; height=&quot;11&quot; border=&quot;0&quot; space=&quot;0&quot; hspace=&quot;0&quot;&gt;`2`0`hui`0`n`Contact: Contact`hnact`top._swe._sweapp.S_App.GotoView(&amp;quot;BT Contact At View&amp;quot;, &amp;quot;&amp;quot;, &amp;quot;/ecommunications_enu_nsm_aps05524a027/start.swe?SWENeedContext=false&amp;amp;SWECmd=GotoBookmarkView&amp;amp;SWEBMC=16&amp;amp;SWEC=16&amp;amp;SRN=xK7T2pIB2ZOV15hwlQxQF5reKcoUB8VpMTZr7we8uAEb&amp;quot;, top._sweclient._swecontent._sweview)`1`7`Command Manager`0`RefreshToolbar`true`7`0`StateToolBar`0`#35`true`#36`true`#17`true`#34`true`#8`false`#37`true`#38`true`0`1`StateExToolBar`0`1`0`#35`0`Checked`false`0`3`FlagsToolBar`0`3`0`#8`0`SWESP`true`SWEH`0`SWEW`0`3`0`#34`0`SWESP`true`SWEH`600`SWEW`800`3`0`#36`0`SWESP`true`SWEH`20`SWEW`380`3`0`State`0`#27`false`#26`false`#28`false`0`3`StateEx`0`0`0`#26`0`0`0`#27`0`1`0`#28`0`Checked`false`0`0`Flags`0`0`3`Accelerators`0`0`2`BT Contact Phone List Applet`0`2`0``0`Command``class`#FL`2`0``0`Command``class`#F`0`14`BT Contact Form Applet`0`2`0``0`key`01078`Command`*Browser Applet* *NewRecord*BT Contact Form Applet* `2`0``0`key`01178`Command`*Browser Applet* *NewRecord*BT Contact Form Applet* `2`0``0`key`00185`Command`*Browser Applet* *GotoFirstSet*BT Contact Form Applet* `2`0``0`key`00170`Command`*Browser Applet* *GotoFirstSet*BT Contact Form Applet* `2`0``0`key`01170`Command`*Browser Applet* *GotoFirstSet*BT Contact Form Applet* `2`0``0`key`00187`Command`*Browser Applet* *GotoLastSet*BT Contact Form Applet* `2`0``0`key`00176`Command`*Browser Applet* *GotoLastSet*BT Contact Form Applet* `2`0``0`key`01176`Command`*Browser Applet* *GotoLastSet*BT Contact Form Applet* `2`0``0`key`00171`Command`*Browser Applet* *RefineQuery*BT Contact Form Applet* `2`0``0`key`00182`Command`*Browser Applet* *RefineQuery*BT Contact Form Applet* `2`0``0`key`01182`Command`*Browser Applet* *RefineQuery*BT Contact Form Applet* `2`0``0`key`00183`Command`*Browser* *SaveQueryAs* *Save Query As Applet*410*250*true`2`0``0`key`01183`Command`*Browser* *SaveQueryAs* *Save Query As Applet*410*250*true`2`0``0`Command``class`#F`0`2`BT Contact Email List Applet`0`2`0``0`Command``class`#FL`2`0``0`Command``class`#F`</responseData>
  <responseFile class="java.lang.String"></responseFile>
  <cookies class="java.lang.String">_sn=GXmoeGkdwh1O45lrH7mMIZnLMWvqHkVWiQKqDOICOq1fi95anXYMaCRAX879ujDRD9kS4J75N4kGDX576Q2AKmwZPUBih-4NS80Pc1189OxasEbdAsHiEtIhcnCzZ0zWb5V6QpVraL0TTGU4ktkGZq374g8C0pUBRhKVASKeW21TgUW5eIkswq97I-.qG-kr; _srn=_srn; SWEUAID=SWEUAID</cookies>
  <method class="java.lang.String">POST</method>
  <queryString class="java.lang.String">s_1_1_15_0=&amp;SWER=0&amp;s_1_1_38_0=&amp;SWEVI=&amp;SWERowId=VRId-0&amp;s_1_1_17_0=&amp;SWEC=15&amp;SWEMethod=CreateContact&amp;SWEReqRowId=1&amp;SWERPC=1&amp;s_1_1_0_0=&amp;SWENeedContext=true&amp;SWEApplet=BT+Search+Criteria+Form+Applet&amp;SWEActiveApplet=BT+Search+Criteria+Form+Applet&amp;s_1_1_3_0=&amp;SWEView=BT+Search+View&amp;s_1_1_4_0=&amp;SWECmd=InvokeMethod&amp;SWEField=s_1_1_21_0&amp;SRN=xK7T2pIB2ZOV15hwlQxQF5reKcoUB8VpMTZr7we8uAEb&amp;SWESP=false&amp;s_1_1_6_0=&amp;s_1_1_43_0=&amp;s_1_1_32_0=&amp;s_1_1_7_0=&amp;SWEBID=-1&amp;SWETS={{\d+}}&amp;SWEActiveView=BT+Search+View&amp;s_1_1_34_0=&amp;SWEDIC=false&amp;s_1_1_46_0=&amp;s_1_1_24_0=&amp;s_1_1_13_0=&amp;SWEP=&amp;s_1_1_25_0=&amp;s_1_1_36_0=&amp;s_1_1_47_0=&amp;SWERowIds=</queryString>
  <java.net.URL>http://localhost:8080/ecommunications_enu_nsm_aps05524a027/start.swe</java.net.URL>
</httpSample>
<httpSample t="{{\d+}}" it="0" lt="{{\d+}}" ct="{{\d+}}" ts="{{\d+}}" s="true" lb="{{\d+}} /ecommunications_enu_nsm_aps05524a027/start.swe" rc="200" rm="OK" tn="Thread Group 1-1" dt="text" de="utf-8" by="3425" sby="1164" sc="1" ec="0" ng="1" na="1" hn="{{.*?}}">
  <responseHeader class="java.lang.String">HTTP/1.1 200 OK
Connection: close
Server: Oracle-iPlanet-Web-Server/7.0
Date: Tue, 23 Jun 2020 12:49:34 GMT
Content-Language: en
Cache-Control: private
Expires: Wed, 23 Jun 2021 13:49:34 GMT
Content-Type: text/html;charset=utf-8
Matched-Stub-Id: {{\w+-\w+-\w+-\w+-\w+}}
Vary: Accept-Encoding, User-Agent
Content-Encoding: gzip
</responseHeader>
  <requestHeader class="java.lang.String">Connection: close
Referer: http://localhost:8080/ecommunications_enu_nsm_aps05524a027/start.swe?SWENeedContext=false&amp;SWECmd=GetCachedFrame&amp;SWEACn=23534&amp;SWEC=3&amp;SWEFrame=top._sweclient._swecontent._sweview&amp;SWEBID=-1&amp;SRN=xK7T2pIB2ZOV15hwlQxQF5reKcoUB8VpMTZr7we8uAEb&amp;SWETS=
Accept-Language: en-GB
DNT: 1
Accept-Encoding: gzip, deflate
Accept: image/jpeg, application/x-ms-application, image/gif, application/xaml+xml, image/pjpeg, application/x-ms-xbap, */*
User-Agent: Mozilla/4.0 (compatible; MSIE 7.0; Windows NT 6.3; WOW64; Trident/7.0; .NET4.0E; .NET4.0C; .NET CLR 3.5.30729; .NET CLR 2.0.50727; .NET CLR 3.0.30729)
Host: localhost:8080
</requestHeader>
  <responseData class="java.lang.String">&lt;HTML &gt;&lt;head&gt;&lt;meta HTTP-EQUIV=&quot;Content-Type&quot; CONTENT=&quot;text/html; charset=UTF-8&quot;&gt;
&lt;title&gt;Contact&lt;/title&gt;&lt;link href=&quot;files/main.css&quot; rel=&quot;stylesheet&quot;/&gt;
&lt;script language=&quot;javascript&quot; src=&quot;23048/scripts/swecommon.js&quot;&gt;&lt;/script&gt; 
&lt;script language=&quot;javascript&quot; src=&quot;23048/scripts/swecmn_hi.js&quot;&gt;&lt;/script&gt; 
&lt;/head&gt;&lt;body leftmargin=&quot;8&quot; topmargin=&quot;2&quot; marginwidth=&quot;20&quot; marginheight=&quot;2&quot; class=&quot;ScreenBack&quot;&gt;&lt;script&gt;
if(typeof(top._swescript)!=&apos;undefined&apos;&amp;&amp;top._swescript!=null) top._swescript.InitFrame(this);&lt;/script&gt;
&lt;table datatable=&quot;0&quot; summary=&quot;&quot; border=&quot;0&quot; cellspacing=&quot;0&quot; cellpadding=&quot;1&quot; width=&quot;100%&quot;&gt;&lt;tr&gt;&lt;/tr&gt;&lt;/table&gt;&lt;a name=&quot;SWEApplet2&quot; id=&quot;SWEApplet2&quot; href=&quot;#SWEApplet2&quot; title=&quot;Contacts&quot;&gt;&lt;/a&gt;
&lt;div id=&apos;s_S_A2_div&apos;oncontextmenu=&apos;HandleContextMenu(&quot;BT Contact Form Applet&quot;)&apos; onclick=&apos;HandleAppletClick(&quot;BT Contact Form Applet&quot;)&apos;&gt;
&lt;a id=&quot;SWETopHidden2&quot; href=&quot;javascript:void(0);&quot; tabindex=&quot;1000&quot;&gt;&lt;/a&gt;&lt;table datatable=&quot;0&quot; summary=&quot;&quot; cellpadding=&quot;0&quot; cellspacing=&quot;0&quot; border=&quot;0&quot;&gt;&lt;tr&gt;&lt;td&gt;&lt;img src=&quot;images/spacer.gif&quot; width=&quot;1&quot; height=&quot;3&quot; alt=&quot;&quot;&gt;&lt;/td&gt;&lt;/tr&gt;&lt;/table&gt;&lt;form name=&quot;SWEForm2_0&quot; method=&quot;post&quot; action=&quot;/ecommunications_enu_nsm_aps05524a027/start.swe&quot; onSubmit=&quot;return false;&quot; &gt;
&lt;div class=&quot;NotSelected&quot; id=&quot;a_2&quot;&gt;&lt;table datatable=&quot;0&quot; summary=&quot;&quot; width=&quot;100%&quot; cellpadding=&quot;0&quot; cellspacing=&quot;0&quot; border=&quot;0&quot; align=&quot;center&quot; class=&quot;AppletBack&quot;&gt;&lt;tr&gt;&lt;td class=&quot;AppletHIFormBorder&quot;&gt;&lt;span class=&quot;AppletStyleParent77&quot;&gt;&lt;table datatable=&quot;0&quot; summary=&quot;&quot; width=&quot;100%&quot; cellspacing=&quot;0&quot; cellpadding=&quot;2&quot; border=&quot;0&quot; align=&quot;center&quot;&gt;&lt;tr class=&quot;AppletButtons&quot;&gt;&lt;td nowrap width=&quot;100%&quot; class=&quot;AppletTitle&quot;&gt;&amp;nbsp;Contacts&lt;/td&gt;&lt;td nowrap valign=&quot;absmiddle&quot; class=&quot;legend&quot;&gt;&lt;/td&gt;&lt;td width=&quot;100%&quot;&gt;&amp;nbsp;&lt;img src=&quot;images/btn_div_gray.gif&quot; height=&quot;13&quot; align=&quot;middle&quot; alt=&quot;&quot;&gt;&amp;nbsp;&lt;/td&gt;&lt;td valign=&quot;middle&quot; nowrap&gt;&lt;span id=&apos;SWEApplet2_ctrlmsg&apos;&gt;&lt;/span&gt;&lt;/td&gt;&lt;td class=&quot;AppletTitle&quot; valign=&quot;middle&quot; nowrap&gt;&amp;nbsp;&lt;span id=s_2_rc&gt;&lt;/span&gt;&amp;nbsp;&lt;/td&gt;&lt;td&gt;&amp;nbsp;&lt;/td&gt;&lt;td class=&quot;AppletTitle&quot; valign=&quot;middle&quot;&gt;&lt;img src=&quot;images/btn_div.gif&quot; height=&quot;13&quot; align=&quot;middle&quot; alt=&quot;&quot;&gt;&lt;/td&gt;&lt;td&gt;&amp;nbsp;&lt;/td&gt;&lt;td valign=&quot;middle&quot; nowrap&gt;&lt;span id=s_2_1_50_0&gt;&amp;nbsp;&lt;/span&gt;&lt;/td&gt;&lt;td valign=&quot;top&quot; align=&quot;right&quot;&gt;&lt;/td&gt;&lt;/tr&gt;&lt;/table&gt;&lt;table datatable=&quot;0&quot; summary=&quot;&quot; class=&quot;AppletBackTable&quot; width=&quot;100%&quot; cellspacing=&quot;0&quot; cellpadding=&quot;2&quot; align=&quot;center&quot;&gt;&lt;tr class=&quot;AppletBack&quot; align=&quot;left&quot;&gt;&lt;td nowrap class=&quot;AppletMenu&quot;&gt;&lt;span class=&quot;miniBtnUICTop&quot;&gt;&lt;span class=&quot;miniBtnUIC&quot;&gt;&lt;a id=&apos;s_at_m_2&apos; href=&quot;javascript:void(0)&quot; onclick=&quot;window.event.cancelBubble=true; _JMenu_Initialize(this, &apos;BT Contact Form Applet&apos;, &apos;Applet&apos;, s_at_m_2Ax, 0, false); return false;&quot; onmouseover=&quot;MinibtnHover(this.parentNode)&quot; onmouseout=&quot;MinibtnOut(this.parentNode)&quot; onmousedown=&quot;MinibtnDown(this.parentNode)&quot; onmouseup=&quot;MinibtnUp(this.parentNode)&quot; &gt;Menu&amp;nbsp;&lt;img border=&quot;0&quot; src=&quot;images/img_arrow.gif&quot; align=&quot;center&quot;&gt;&lt;/a&gt;&lt;/span&gt;&lt;/span&gt;&lt;object id= &quot;s_at_m_2Ax&quot; CLASSID=&quot;CLSID:9174862b-ac3b-4f9f-abc9-a0a3c9fd95d4&quot; codebase=&quot;23048/applets/SiebelAx_HI_Client.cab&quot; width=0 height = 0&gt;&lt;/object&gt;&lt;/td&gt;&lt;td&gt;&lt;img height=1 alt=&quot;&quot; src=&quot;images/spacer.gif&quot; width=4&gt;&lt;/td&gt;&lt;td&gt;&lt;img src=&quot;images/btn_div_gray.gif&quot; height=&quot;13&quot; align=&quot;middle&quot; alt=&quot;&quot;&gt;&lt;/td&gt;&lt;td&gt;&lt;img src=&quot;images/spacer.gif&quot; width=&quot;4&quot; height=&quot;1&quot; alt=&quot;&quot;&gt;&lt;/td&gt;&lt;td nowrap&gt;&lt;span id=s_2_1_44_0&gt;&amp;nbsp;&lt;/span&gt;&lt;/td&gt;&lt;td nowrap&gt;&lt;span id=s_2_1_76_0&gt;&amp;nbsp;&lt;/span&gt;&lt;/td&gt;&lt;td nowrap&gt;&lt;span id=s_2_1_80_0&gt;&amp;nbsp;&lt;/span&gt;&lt;/td&gt;&lt;td nowrap&gt;&lt;span id=s_2_1_4_0&gt;&amp;nbsp;&lt;/span&gt;&lt;/td&gt;&lt;td nowrap&gt;&lt;span id=s_2_1_10_0&gt;&amp;nbsp;&lt;/span&gt;&lt;/td&gt;&lt;td nowrap&gt;&lt;span id=s_2_1_9_0&gt;&amp;nbsp;&lt;/span&gt;&lt;/td&gt;&lt;td nowrap&gt;&lt;span id=s_2_1_45_0&gt;&amp;nbsp;&lt;/span&gt;&lt;/td&gt;&lt;td&gt;&lt;table datatable=&quot;0&quot; summary=&quot;&quot; width=&quot;100%&quot; valign=&quot;top&quot; align=&quot;center&quot; cellpadding=&apos;0&apos; cellspacing=&apos;0&apos; border=&apos;0&apos;&gt;&lt;/table&gt;&lt;/td&gt;&lt;td class=&quot;mceGridLabel&quot; align=&quot;left&quot; width=&quot;100%&quot; nowrap&gt;&amp;nbsp;&lt;b&gt;&lt;span id=2_msg&gt;&lt;/span&gt;&lt;/b&gt;&lt;/td&gt;&lt;/tr&gt;&lt;/table&gt;&lt;table datatable=&quot;0&quot; summary=&quot;&quot; class=&quot;AppletBackTable&quot; width=&quot;100%&quot; cellspacing=&quot;0&quot; cellpadding=&quot;0&quot; align=&quot;center&quot;&gt;&lt;tr class=&quot;AppletBack&quot;&gt;&lt;td class=&quot;AppletBack&quot;&gt;&lt;img src=&quot;images/spacer.gif&quot; height=&quot;1&quot; width=&quot;1&quot; alt=&quot;&quot;&gt;&lt;/td&gt;&lt;td class=&quot;AppletBlank&quot; width=&quot;100%&quot;&gt;&lt;img src=&quot;images/spacer.gif&quot; height=&quot;1&quot; width=&quot;1&quot; alt=&quot;&quot;&gt;&lt;/td&gt;&lt;/tr&gt;&lt;/table&gt;&lt;span id=2_c_err style=&quot;display: none;&quot;&gt;&lt;table datatable=&quot;0&quot; summary=&quot;&quot; class=&quot;AppletBack&quot; width=&quot;100%&quot; cellpadding=&quot;0&quot; cellspacing=&quot;5&quot; border=&quot;0&quot;&gt;&lt;tr&gt;&lt;td class=&quot;error&quot;&gt;&lt;/td&gt;&lt;/tr&gt;&lt;/table&gt;&lt;/span&gt;&lt;div class=&quot;NotSelected&quot; id=&quot;a_2&quot;&gt;&lt;div align=left style=&quot;width:100%;&quot; class=&quot;GridBorder&quot;&gt;&lt;table class=&quot;GridBack&quot; border=0 cellspacing=0 cellpadding=0&gt;&lt;tr&gt;&lt;td&gt;&lt;/td&gt;&lt;td style=&quot;width:8px;&quot;&gt;&lt;/td&gt;&lt;td style=&quot;width:112px;&quot;&gt;&lt;/td&gt;&lt;td style=&quot;width:56px;&quot;&gt;&lt;/td&gt;&lt;td style=&quot;width:8px;&quot;&gt;&lt;/td&gt;&lt;td style=&quot;width:56px;&quot;&gt;&lt;/td&gt;&lt;td style=&quot;width:8px;&quot;&gt;&lt;/td&gt;&lt;td style=&quot;width:128px;&quot;&gt;&lt;/td&gt;&lt;td style=&quot;width:120px;&quot;&gt;&lt;/td&gt;&lt;td style=&quot;width:8px;&quot;&gt;&lt;/td&gt;&lt;td style=&quot;width:24px;&quot;&gt;&lt;/td&gt;&lt;td style=&quot;width:8px;&quot;&gt;&lt;/td&gt;&lt;td style=&quot;width:48px;&quot;&gt;&lt;/td&gt;&lt;td style=&quot;width:72px;&quot;&gt;&lt;/td&gt;&lt;td style=&quot;width:48px;&quot;&gt;&lt;/td&gt;&lt;td style=&quot;width:8px;&quot;&gt;&lt;/td&gt;&lt;td style=&quot;width:88px;&quot;&gt;&lt;/td&gt;&lt;td style=&quot;width:16px;&quot;&gt;&lt;/td&gt;&lt;td style=&quot;width:24px;&quot;&gt;&lt;/td&gt;&lt;td style=&quot;width:64px;&quot;&gt;&lt;/td&gt;&lt;/tr&gt;&lt;tr&gt;&lt;td style=&quot;height:16;&quot;&gt;&lt;/td&gt;&lt;td rowSpan=1 colSpan=19&gt;&lt;/td&gt;&lt;/tr&gt;&lt;tr&gt;&lt;td style=&quot;height:24;&quot;&gt;&lt;/td&gt;&lt;td nowrap valign=middle colSpan=2 rowSpan=1&gt;&lt;div class=&quot;mceGridLabel&quot; align=&quot;Right&quot;&gt;&amp;nbsp;Title:&lt;/div&gt;&lt;/td&gt;&lt;td nowrap valign=middle colSpan=3 rowSpan=1&gt;&lt;div class=&quot;mceGridField&quot;&gt;&lt;script&gt;SWEWriteObjectTag(this,&apos;&lt;object id=s_2_1_56_0 CLASSID=&quot;CLSID:1cb4ef94-8549-471a-b73f-54ff5c244212&quot; HEIGHT=24 WIDTH=120&gt;&lt;/object&gt;&apos;);&lt;/script&gt;&lt;/div&gt;&lt;/td&gt;&lt;td rowSpan=4 colSpan=1&gt;&lt;/td&gt;&lt;td nowrap valign=middle colSpan=1 rowSpan=1&gt;&lt;div class=&quot;mceGridLabel&quot; align=&quot;Right&quot;&gt;&amp;nbsp;Date Of Birth:&lt;/div&gt;&lt;/td&gt;&lt;td nowrap valign=middle colSpan=1 rowSpan=1&gt;&lt;div class=&quot;mceGridField&quot;&gt;&lt;script&gt;SWEWriteObjectTag(this,&apos;&lt;object id=s_2_1_22_0 CLASSID=&quot;CLSID:1cb4ef94-8549-471a-b73f-54ff5c244212&quot; HEIGHT=24 WIDTH=120&gt;&lt;/object&gt;&apos;);&lt;/script&gt;&lt;/div&gt;&lt;/td&gt;&lt;td rowSpan=10 colSpan=1&gt;&lt;/td&gt;&lt;td nowrap valign=middle colSpan=3 rowSpan=1&gt;&lt;div class=&quot;mceGridLabel&quot; align=&quot;Right&quot;&gt;&amp;nbsp;Address Type:&lt;/div&gt;&lt;/td&gt;&lt;td nowrap valign=middle colSpan=2 rowSpan=1&gt;&lt;div class=&quot;mceGridField&quot;&gt;&lt;script&gt;SWEWriteObjectTag(this,&apos;&lt;object id=s_2_1_13_0 CLASSID=&quot;CLSID:1cb4ef94-8549-471a-b73f-54ff5c244212&quot; HEIGHT=24 WIDTH=120&gt;&lt;/object&gt;&apos;);&lt;/script&gt;&lt;/div&gt;&lt;/td&gt;&lt;td rowSpan=10 colSpan=1&gt;&lt;/td&gt;&lt;td nowrap valign=middle colSpan=1 rowSpan=1&gt;&lt;/td&gt;&lt;td nowrap valign=middle colSpan=3 rowSpan=1&gt;&lt;/td&gt;&lt;/tr&gt;&lt;tr&gt;&lt;td style=&quot;height:24;&quot;&gt;&lt;/td&gt;&lt;td nowrap valign=middle colSpan=2 rowSpan=1&gt;&lt;div class=&quot;mceGridLabel&quot; align=&quot;Right&quot;&gt;&amp;nbsp;First Name:&lt;img src=&quot;images/icon_req.gif&quot; border=&quot;0&quot; space=&quot;0&quot; hspace=&quot;0&quot; alt=&quot;Required&quot;  title=&quot;Required&quot; &gt;&lt;/img&gt;&lt;/div&gt;&lt;/td&gt;&lt;td nowrap valign=middle colSpan=3 rowSpan=1&gt;&lt;div class=&quot;mceGridField&quot;&gt;&lt;script&gt;SWEWriteObjectTag(this,&apos;&lt;object id=s_2_1_58_0 CLASSID=&quot;CLSID:1cb4ef94-8549-471a-b73f-54ff5c244212&quot; HEIGHT=24 WIDTH=120&gt;&lt;/object&gt;&apos;);&lt;/script&gt;&lt;/div&gt;&lt;/td&gt;&lt;td nowrap valign=middle colSpan=1 rowSpan=1&gt;&lt;div class=&quot;mceGridLabel&quot; align=&quot;Right&quot;&gt;&amp;nbsp;Mother&apos;s Maiden Name:&lt;/div&gt;&lt;/td&gt;&lt;td nowrap valign=middle colSpan=1 rowSpan=1&gt;&lt;div class=&quot;mceGridField&quot;&gt;&lt;script&gt;SWEWriteObjectTag(this,&apos;&lt;object id=s_2_1_14_0 CLASSID=&quot;CLSID:1cb4ef94-8549-471a-b73f-54ff5c244212&quot; HEIGHT=24 WIDTH=120&gt;&lt;/object&gt;&apos;);&lt;/script&gt;&lt;/div&gt;&lt;/td&gt;&lt;td rowSpan=1 colSpan=1&gt;&lt;/td&gt;&lt;td nowrap valign=middle colSpan=2 rowSpan=1&gt;&lt;div class=&quot;mceGridField&quot;&gt;Postcode&lt;/div&gt;&lt;/td&gt;&lt;td nowrap valign=middle colSpan=2 rowSpan=1&gt;&lt;div class=&quot;mceGridField&quot;&gt;&lt;script&gt;SWEWriteObjectTag(this,&apos;&lt;object id=s_2_1_31_0 CLASSID=&quot;CLSID:1cb4ef94-8549-471a-b73f-54ff5c244212&quot; HEIGHT=24 WIDTH=120&gt;&lt;/object&gt;&apos;);&lt;/script&gt;&lt;/div&gt;&lt;/td&gt;&lt;td nowrap valign=middle colSpan=1 rowSpan=1&gt;&lt;/td&gt;&lt;td nowrap valign=middle colSpan=2 rowSpan=1&gt;&lt;/td&gt;&lt;td rowSpan=1 colSpan=1&gt;&lt;/td&gt;&lt;/tr&gt;&lt;tr&gt;&lt;td style=&quot;height:24;&quot;&gt;&lt;/td&gt;&lt;td nowrap valign=middle colSpan=2 rowSpan=1&gt;&lt;div class=&quot;mceGridLabel&quot; align=&quot;Right&quot;&gt;&amp;nbsp;Last Name&lt;FONT Color=Red&gt;&lt;b&gt;*&lt;/b&gt;&lt;/FONT&gt;:&lt;/div&gt;&lt;/td&gt;&lt;td nowrap valign=middle colSpan=3 rowSpan=1&gt;&lt;div class=&quot;mceGridField&quot;&gt;&lt;script&gt;SWEWriteObjectTag(this,&apos;&lt;object id=s_2_1_63_0 CLASSID=&quot;CLSID:1cb4ef94-8549-471a-b73f-54ff5c244212&quot; HEIGHT=24 WIDTH=120&gt;&lt;/object&gt;&apos;);&lt;/script&gt;&lt;/div&gt;&lt;/td&gt;&lt;td nowrap valign=middle colSpan=1 rowSpan=1&gt;&lt;div class=&quot;mceGridLabel&quot; align=&quot;Right&quot;&gt;&amp;nbsp;Status:&lt;/div&gt;&lt;/td&gt;&lt;td nowrap valign=middle colSpan=1 rowSpan=1&gt;&lt;div class=&quot;mceGridField&quot;&gt;&lt;script&gt;SWEWriteObjectTag(this,&apos;&lt;object id=s_2_1_49_0 CLASSID=&quot;CLSID:1cb4ef94-8549-471a-b73f-54ff5c244212&quot; HEIGHT=24 WIDTH=120&gt;&lt;/object&gt;&apos;);&lt;/script&gt;&lt;/div&gt;&lt;/td&gt;&lt;td nowrap valign=middle colSpan=3 rowSpan=1&gt;&lt;div class=&quot;mceGridLabel&quot; align=&quot;Right&quot;&gt;&amp;nbsp;Full Address:&lt;/div&gt;&lt;/td&gt;&lt;td nowrap valign=middle colSpan=2 rowSpan=5&gt;&lt;div class=&quot;mceGridField&quot;&gt;&lt;span style=display:none; id=s_2_1_16_0_s&gt;&amp;nbsp;&lt;/span&gt;&lt;script&gt;SWEWriteObjectTag(this,&apos;&lt;object id=s_2_1_16_0 CLASSID=&quot;CLSID:1cb4ef94-8549-471a-b73f-54ff5c244212&quot; HEIGHT=90 WIDTH=120&gt;&lt;/object&gt;&apos;);&lt;/script&gt;&lt;/div&gt;&lt;/td&gt;&lt;td nowrap valign=middle colSpan=1 rowSpan=1&gt;&lt;/td&gt;&lt;td nowrap valign=middle colSpan=3 rowSpan=1&gt;&lt;/td&gt;&lt;/tr&gt;&lt;tr&gt;&lt;td style=&quot;height:24;&quot;&gt;&lt;/td&gt;&lt;td nowrap valign=middle colSpan=2 rowSpan=1&gt;&lt;div class=&quot;mceGridLabel&quot; align=&quot;Right&quot;&gt;&amp;nbsp;Pref Comm Method:&lt;/div&gt;&lt;/td&gt;&lt;td nowrap valign=middle colSpan=3 rowSpan=1&gt;&lt;div class=&quot;mceGridField&quot;&gt;&lt;script&gt;SWEWriteObjectTag(this,&apos;&lt;object id=s_2_1_46_0 CLASSID=&quot;CLSID:1cb4ef94-8549-471a-b73f-54ff5c244212&quot; HEIGHT=24 WIDTH=120&gt;&lt;/object&gt;&apos;);&lt;/script&gt;&lt;/div&gt;&lt;/td&gt;&lt;td nowrap valign=middle colSpan=1 rowSpan=1&gt;&lt;div class=&quot;mceGridLabel&quot; align=&quot;Right&quot;&gt;&amp;nbsp;Special Information:&lt;/div&gt;&lt;/td&gt;&lt;td valign=middle colSpan=1 rowSpan=1&gt;&lt;div class=&quot;mceGridField&quot;&gt;&lt;script&gt;SWEWriteObjectTag(this,&apos;&lt;object id=s_2_1_69_0 CLASSID=&quot;CLSID:1cb4ef94-8549-471a-b73f-54ff5c244212&quot; HEIGHT=24 WIDTH=120&gt;&lt;/object&gt;&apos;);&lt;/script&gt;&lt;/div&gt;&lt;/td&gt;&lt;td rowSpan=7 colSpan=2&gt;&lt;/td&gt;&lt;td rowSpan=3 colSpan=1&gt;&lt;/td&gt;&lt;td nowrap valign=middle colSpan=1 rowSpan=1&gt;&lt;/td&gt;&lt;td nowrap valign=middle colSpan=3 rowSpan=1&gt;&lt;/td&gt;&lt;/tr&gt;&lt;tr&gt;&lt;td style=&quot;height:24;&quot;&gt;&lt;/td&gt;&lt;td nowrap valign=middle colSpan=2 rowSpan=1&gt;&lt;div class=&quot;mceGridLabel&quot; align=&quot;Right&quot;&gt;&amp;nbsp;Service SMS:&lt;/div&gt;&lt;/td&gt;&lt;td nowrap valign=middle colSpan=1 rowSpan=1&gt;&lt;div class=&quot;mceGridField&quot;&gt;&lt;script&gt;SWEWriteObjectTag(this,&apos;&lt;object id=s_2_1_0_0 CLASSID=&quot;CLSID:1cb4ef94-8549-471a-b73f-54ff5c244212&quot; HEIGHT=24 WIDTH=56&gt;&lt;/object&gt;&apos;);&lt;/script&gt;&lt;/div&gt;&lt;/td&gt;&lt;td rowSpan=1 colSpan=1&gt;&lt;/td&gt;&lt;td nowrap valign=middle colSpan=3 rowSpan=1&gt;&lt;div class=&quot;mceGridLabel&quot; align=&quot;Right&quot;&gt;&amp;nbsp;Employee Validated:&lt;/div&gt;&lt;/td&gt;&lt;td nowrap valign=middle colSpan=1 rowSpan=1&gt;&lt;div class=&quot;mceGridField&quot;&gt;&lt;script&gt;SWEWriteObjectTag(this,&apos;&lt;object id=s_2_1_5_0 CLASSID=&quot;CLSID:1cb4ef94-8549-471a-b73f-54ff5c244212&quot; HEIGHT=24 WIDTH=120&gt;&lt;/object&gt;&apos;);&lt;/script&gt;&lt;/div&gt;&lt;/td&gt;&lt;td nowrap valign=middle colSpan=1 rowSpan=1&gt;&lt;/td&gt;&lt;td nowrap valign=middle colSpan=3 rowSpan=1&gt;&lt;/td&gt;&lt;/tr&gt;&lt;tr&gt;&lt;td style=&quot;height:16;&quot;&gt;&lt;/td&gt;&lt;td nowrap valign=middle colSpan=2 rowSpan=2&gt;&lt;div class=&quot;mceGridLabel&quot; align=&quot;Right&quot;&gt;&amp;nbsp;Type/Organisation:&lt;/div&gt;&lt;/td&gt;&lt;td nowrap valign=middle colSpan=3 rowSpan=2&gt;&lt;div class=&quot;mceGridField&quot;&gt;&lt;script&gt;SWEWriteObjectTag(this,&apos;&lt;object id=s_2_1_1_0 CLASSID=&quot;CLSID:1cb4ef94-8549-471a-b73f-54ff5c244212&quot; HEIGHT=24 WIDTH=120&gt;&lt;/object&gt;&apos;);&lt;/script&gt;&lt;/div&gt;&lt;/td&gt;&lt;td rowSpan=5 colSpan=1&gt;&lt;/td&gt;&lt;td nowrap valign=middle colSpan=1 rowSpan=2&gt;&lt;div class=&quot;mceGridLabel&quot; align=&quot;Right&quot;&gt;&amp;nbsp;Contact Impairments:&lt;/div&gt;&lt;/td&gt;&lt;td valign=middle colSpan=1 rowSpan=5&gt;&lt;div class=&quot;mceGridField&quot;&gt;&lt;script&gt;SWEWriteObjectTag(this,&apos;&lt;object id=s_2_1_6_0 CLASSID=&quot;CLSID:1cb4ef94-8549-471a-b73f-54ff5c244212&quot; HEIGHT=56 WIDTH=120&gt;&lt;/object&gt;&apos;);&lt;/script&gt;&lt;/div&gt;&lt;/td&gt;&lt;td nowrap valign=middle colSpan=2 rowSpan=2&gt;&lt;/td&gt;&lt;td rowSpan=5 colSpan=2&gt;&lt;/td&gt;&lt;/tr&gt;&lt;tr&gt;&lt;td style=&quot;height:8;&quot;&gt;&lt;/td&gt;&lt;td nowrap valign=middle colSpan=2 rowSpan=2&gt;&lt;div class=&quot;mceGridField&quot;&gt;&lt;span style=display:none; id=s_2_1_11_0_s&gt;&amp;nbsp;&lt;/span&gt;&lt;script&gt;SWEWriteObjectTag(this,&apos;&lt;object id=s_2_1_11_0 CLASSID=&quot;CLSID:1cb4ef94-8549-471a-b73f-54ff5c244212&quot; HEIGHT=24 WIDTH=120&gt;&lt;/object&gt;&apos;);&lt;/script&gt;&lt;/div&gt;&lt;/td&gt;&lt;/tr&gt;&lt;tr&gt;&lt;td style=&quot;height:16;&quot;&gt;&lt;/td&gt;&lt;td nowrap valign=middle colSpan=2 rowSpan=2&gt;&lt;/td&gt;&lt;td nowrap valign=middle colSpan=3 rowSpan=2&gt;&lt;/td&gt;&lt;td rowSpan=3 colSpan=1&gt;&lt;/td&gt;&lt;td rowSpan=3 colSpan=1&gt;&lt;/td&gt;&lt;td rowSpan=3 colSpan=2&gt;&lt;/td&gt;&lt;/tr&gt;&lt;tr&gt;&lt;td style=&quot;height:8;&quot;&gt;&lt;/td&gt;&lt;td rowSpan=2 colSpan=2&gt;&lt;/td&gt;&lt;/tr&gt;&lt;tr&gt;&lt;td style=&quot;height:8;&quot;&gt;&lt;/td&gt;&lt;td nowrap valign=middle colSpan=2 rowSpan=2&gt;&lt;/td&gt;&lt;td nowrap valign=middle colSpan=3 rowSpan=2&gt;&lt;/td&gt;&lt;/tr&gt;&lt;/table&gt;&lt;/div&gt;&lt;/div&gt;&lt;/span&gt;&lt;/td&gt;&lt;/tr&gt;&lt;/table&gt;&lt;/div&gt;&lt;/form&gt;
&lt;a id=&quot;SWEBottomHidden2&quot; href=&quot;javascript:void(0);&quot; tabindex=&quot;1999&quot; onfocus=&quot;document.getElementById(&apos;SWETopHidden2&apos;).focus();&quot;&gt;&lt;/a&gt;&lt;/div&gt;&lt;table datatable=&quot;0&quot; summary=&quot;&quot; width=&quot;100%&quot; align=&quot;center&quot; cellpadding=&quot;0&quot; cellspacing=&quot;0&quot; border=&quot;0&quot;&gt;&lt;tr&gt;&lt;td&gt;&lt;img src=&quot;images/spacer.gif&quot; width=&quot;1&quot; height=&quot;3&quot; alt=&quot;&quot;&gt;&lt;/td&gt;&lt;/tr&gt;&lt;/table&gt;&lt;table datatable=&quot;0&quot; summary=&quot;&quot; width=&quot;100%&quot; border=&quot;0&quot; cellspacing=&quot;0&quot; cellpadding=&quot;3&quot;&gt;&lt;tr valign=&quot;top&quot;&gt;&lt;td width=&quot;50%&quot;&gt;&lt;a name=&quot;SWEApplet1&quot; id=&quot;SWEApplet1&quot; href=&quot;#SWEApplet1&quot; title=&quot;Contact Phone&quot;&gt;&lt;/a&gt;
&lt;div id=&apos;s_S_A1_div&apos;oncontextmenu=&apos;HandleContextMenu(&quot;BT Contact Phone List Applet&quot;)&apos; onclick=&apos;HandleAppletClick(&quot;BT Contact Phone List Applet&quot;)&apos;&gt;
&lt;a id=&quot;SWETopHidden1&quot; href=&quot;javascript:void(0);&quot; tabindex=&quot;2000&quot;&gt;&lt;/a&gt;&lt;table datatable=&quot;0&quot; summary=&quot;&quot;&gt;&lt;tr&gt;&lt;td&gt;&lt;img src=&quot;images/spacer.gif&quot; width=&quot;1&quot; height=&quot;3&quot; alt=&quot;&quot;&gt;&lt;/td&gt;&lt;/tr&gt;&lt;/table&gt;&lt;form name=&quot;SWEForm1_0&quot; method=&quot;post&quot; action=&quot;/ecommunications_enu_nsm_aps05524a027/start.swe&quot; &gt;
&lt;span class=&quot;AppletStyleChild77&quot;&gt;&lt;div class=&quot;NotSelected&quot; id=&quot;a_1&quot;&gt;&lt;table datatable=&quot;0&quot; summary=&quot;&quot; width=&quot;100%&quot; cellspacing=&quot;0&quot; cellpadding=&quot;2&quot; border=&quot;0&quot; align=&quot;center&quot;&gt;&lt;tr class=&quot;AppletButtons&quot; align=&quot;left&quot;&gt;&lt;td class=&quot;AppletTitle&quot; nowrap&gt;&amp;nbsp;Contact Phone&amp;nbsp;&amp;nbsp;&lt;img src=&quot;images/btn_div_gray.gif&quot; height=&quot;13&quot; align=&quot;middle&quot; alt=&quot;&quot;&gt;&amp;nbsp;&lt;/td&gt;&lt;td nowrap class=&quot;AppletMenu&quot;&gt;&lt;span class=&quot;miniBtnUICTop&quot;&gt;&lt;span class=&quot;miniBtnUIC&quot;&gt;&lt;a id=&apos;s_at_m_1&apos; href=&quot;javascript:void(0)&quot; onclick=&quot;window.event.cancelBubble=true; _JMenu_Initialize(this, &apos;BT Contact Phone List Applet&apos;, &apos;Applet&apos;, s_at_m_1Ax, 0, false); return false;&quot; onmouseover=&quot;MinibtnHover(this.parentNode)&quot; onmouseout=&quot;MinibtnOut(this.parentNode)&quot; onmousedown=&quot;MinibtnDown(this.parentNode)&quot; onmouseup=&quot;MinibtnUp(this.parentNode)&quot; &gt;Menu&amp;nbsp;&lt;img border=&quot;0&quot; src=&quot;images/img_arrow.gif&quot; align=&quot;center&quot;&gt;&lt;/a&gt;&lt;/span&gt;&lt;/span&gt;&lt;object id= &quot;s_at_m_1Ax&quot; CLASSID=&quot;CLSID:9174862b-ac3b-4f9f-abc9-a0a3c9fd95d4&quot; codebase=&quot;23048/applets/SiebelAx_HI_Client.cab&quot; width=0 height = 0&gt;&lt;/object&gt;&lt;/td&gt;&lt;td&gt;&lt;img height=1 alt=&quot;&quot; src=&quot;images/spacer.gif&quot; width=4&gt;&lt;/td&gt;&lt;td&gt;&lt;img src=&quot;images/btn_div_gray.gif&quot; height=&quot;13&quot; align=&quot;middle&quot; alt=&quot;&quot;&gt;&lt;/td&gt;&lt;td&gt;&lt;img src=&quot;images/spacer.gif&quot; width=&quot;4&quot; height=&quot;1&quot; alt=&quot;&quot;&gt;&lt;/td&gt;&lt;td nowrap&gt;&lt;span id=s_1_1_6_0&gt;&amp;nbsp;&lt;/span&gt;&lt;/td&gt;&lt;td&gt;&lt;table datatable=&quot;0&quot; summary=&quot;&quot; width=&quot;100%&quot; valign=&quot;top&quot; align=&quot;center&quot; cellpadding=&apos;0&apos; cellspacing=&apos;0&apos; border=&apos;0&apos;&gt;&lt;/table&gt;&lt;/td&gt;&lt;td nowrap&gt;&amp;nbsp;&lt;b&gt;&lt;span id=1_msg&gt;&lt;/span&gt;&lt;/b&gt;&lt;/td&gt;&lt;td align=&quot;right&quot; width=&quot;100%&quot;&gt;&lt;td valign=&quot;middle&quot; nowrap&gt;&lt;span id=&apos;SWEApplet1_ctrlmsg&apos;&gt;&lt;/span&gt;&lt;/td&gt;&lt;td valign=&quot;middle&quot; nowrap&gt;&amp;nbsp;&lt;span id=s_1_rc&gt;&lt;/span&gt;&amp;nbsp;&lt;/td&gt;&lt;td valign=&quot;middle&quot;&gt;&amp;nbsp;&lt;img src=&quot;images/btn_div_gray.gif&quot; height=&quot;13&quot; align=&quot;middle&quot; alt=&quot;&quot;&gt;&amp;nbsp;&lt;/td&gt;&lt;/td&gt;&lt;td valign=&quot;top&quot; align=&quot;right&quot;&gt;&lt;/td&gt;&lt;/tr&gt;&lt;/table&gt;&lt;span id=1_c_err style=&quot;display: none;&quot;&gt;&lt;table datatable=&quot;0&quot; summary=&quot;&quot; class=&quot;AppletBack&quot; width=&quot;100%&quot; cellpadding=&quot;4&quot; cellspacing=&quot;0&quot; border=&quot;0&quot;&gt;&lt;tr&gt;&lt;td class=&quot;error&quot;&gt;&lt;br&gt;&amp;nbsp;&lt;/td&gt;&lt;/tr&gt;&lt;/table&gt;&lt;/span&gt;&lt;div class=&quot;AppletHIListBorder&quot;&gt;&lt;div id=&quot;s_1_ld&quot; STYLE=&quot;height:124px&quot;&gt;&lt;div&gt;&lt;/div&gt;&lt;script&gt;SWEWriteObjectTag(this,&apos;&lt;object id=&quot;s_1_l&quot;  CLASSID=&quot;CLSID:a9967980-c623-4092-b952-fcf15f67b8a5&quot; WIDTH=100% HEIGHT=100%&gt;&lt;/OBJECT&gt;&apos;);&lt;/script&gt;&lt;/div&gt;&lt;/div&gt;&lt;/div&gt;&lt;/span&gt;&lt;/form&gt;
&lt;a id=&quot;SWEBottomHidden1&quot; href=&quot;javascript:void(0);&quot; tabindex=&quot;2999&quot; onfocus=&quot;document.getElementById(&apos;SWETopHidden1&apos;).focus();&quot;&gt;&lt;/a&gt;&lt;/div&gt;&lt;/td&gt;&lt;td width=&quot;50%&quot;&gt;&lt;a name=&quot;SWEApplet3&quot; id=&quot;SWEApplet3&quot; href=&quot;#SWEApplet3&quot; title=&quot;Contact Email&quot;&gt;&lt;/a&gt;
&lt;div id=&apos;s_S_A3_div&apos;oncontextmenu=&apos;HandleContextMenu(&quot;BT Contact Email List Applet&quot;)&apos; onclick=&apos;HandleAppletClick(&quot;BT Contact Email List Applet&quot;)&apos;&gt;
&lt;a id=&quot;SWETopHidden3&quot; href=&quot;javascript:void(0);&quot; tabindex=&quot;3000&quot;&gt;&lt;/a&gt;&lt;table datatable=&quot;0&quot; summary=&quot;&quot;&gt;&lt;tr&gt;&lt;td&gt;&lt;img src=&quot;images/spacer.gif&quot; width=&quot;1&quot; height=&quot;3&quot; alt=&quot;&quot;&gt;&lt;/td&gt;&lt;/tr&gt;&lt;/table&gt;&lt;form name=&quot;SWEForm3_0&quot; method=&quot;post&quot; action=&quot;/ecommunications_enu_nsm_aps05524a027/start.swe&quot; &gt;
&lt;span class=&quot;AppletStyleChild77&quot;&gt;&lt;div class=&quot;NotSelected&quot; id=&quot;a_3&quot;&gt;&lt;table datatable=&quot;0&quot; summary=&quot;&quot; width=&quot;100%&quot; cellspacing=&quot;0&quot; cellpadding=&quot;2&quot; border=&quot;0&quot; align=&quot;center&quot;&gt;&lt;tr class=&quot;AppletButtons&quot; align=&quot;left&quot;&gt;&lt;td class=&quot;AppletTitle&quot; nowrap&gt;&amp;nbsp;Contact Email&amp;nbsp;&amp;nbsp;&lt;img src=&quot;images/btn_div_gray.gif&quot; height=&quot;13&quot; align=&quot;middle&quot; alt=&quot;&quot;&gt;&amp;nbsp;&lt;/td&gt;&lt;td nowrap class=&quot;AppletMenu&quot;&gt;&lt;span class=&quot;miniBtnUICTop&quot;&gt;&lt;span class=&quot;miniBtnUIC&quot;&gt;&lt;a id=&apos;s_at_m_3&apos; href=&quot;javascript:void(0)&quot; onclick=&quot;window.event.cancelBubble=true; _JMenu_Initialize(this, &apos;BT Contact Email List Applet&apos;, &apos;Applet&apos;, s_at_m_3Ax, 0, false); return false;&quot; onmouseover=&quot;MinibtnHover(this.parentNode)&quot; onmouseout=&quot;MinibtnOut(this.parentNode)&quot; onmousedown=&quot;MinibtnDown(this.parentNode)&quot; onmouseup=&quot;MinibtnUp(this.parentNode)&quot; &gt;Menu&amp;nbsp;&lt;img border=&quot;0&quot; src=&quot;images/img_arrow.gif&quot; align=&quot;center&quot;&gt;&lt;/a&gt;&lt;/span&gt;&lt;/span&gt;&lt;object id= &quot;s_at_m_3Ax&quot; CLASSID=&quot;CLSID:9174862b-ac3b-4f9f-abc9-a0a3c9fd95d4&quot; codebase=&quot;23048/applets/SiebelAx_HI_Client.cab&quot; width=0 height = 0&gt;&lt;/object&gt;&lt;/td&gt;&lt;td&gt;&lt;img height=1 alt=&quot;&quot; src=&quot;images/spacer.gif&quot; width=4&gt;&lt;/td&gt;&lt;td&gt;&lt;img src=&quot;images/btn_div_gray.gif&quot; height=&quot;13&quot; align=&quot;middle&quot; alt=&quot;&quot;&gt;&lt;/td&gt;&lt;td&gt;&lt;img src=&quot;images/spacer.gif&quot; width=&quot;4&quot; height=&quot;1&quot; alt=&quot;&quot;&gt;&lt;/td&gt;&lt;td nowrap&gt;&lt;span id=s_3_1_7_0&gt;&amp;nbsp;&lt;/span&gt;&lt;/td&gt;&lt;td nowrap&gt;&lt;span id=s_3_1_0_0&gt;&amp;nbsp;&lt;/span&gt;&lt;/td&gt;&lt;td&gt;&lt;table datatable=&quot;0&quot; summary=&quot;&quot; width=&quot;100%&quot; valign=&quot;top&quot; align=&quot;center&quot; cellpadding=&apos;0&apos; cellspacing=&apos;0&apos; border=&apos;0&apos;&gt;&lt;/table&gt;&lt;/td&gt;&lt;td nowrap&gt;&amp;nbsp;&lt;b&gt;&lt;span id=3_msg&gt;&lt;/span&gt;&lt;/b&gt;&lt;/td&gt;&lt;td align=&quot;right&quot; width=&quot;100%&quot;&gt;&lt;td valign=&quot;middle&quot; nowrap&gt;&lt;span id=&apos;SWEApplet3_ctrlmsg&apos;&gt;&lt;/span&gt;&lt;/td&gt;&lt;td valign=&quot;middle&quot; nowrap&gt;&amp;nbsp;&lt;span id=s_3_rc&gt;&lt;/span&gt;&amp;nbsp;&lt;/td&gt;&lt;td valign=&quot;middle&quot;&gt;&amp;nbsp;&lt;img src=&quot;images/btn_div_gray.gif&quot; height=&quot;13&quot; align=&quot;middle&quot; alt=&quot;&quot;&gt;&amp;nbsp;&lt;/td&gt;&lt;/td&gt;&lt;td valign=&quot;top&quot; align=&quot;right&quot;&gt;&lt;/td&gt;&lt;/tr&gt;&lt;/table&gt;&lt;span id=3_c_err style=&quot;display: none;&quot;&gt;&lt;table datatable=&quot;0&quot; summary=&quot;&quot; class=&quot;AppletBack&quot; width=&quot;100%&quot; cellpadding=&quot;4&quot; cellspacing=&quot;0&quot; border=&quot;0&quot;&gt;&lt;tr&gt;&lt;td class=&quot;error&quot;&gt;&lt;br&gt;&amp;nbsp;&lt;/td&gt;&lt;/tr&gt;&lt;/table&gt;&lt;/span&gt;&lt;div class=&quot;AppletHIListBorder&quot;&gt;&lt;div id=&quot;s_3_ld&quot; STYLE=&quot;height:124px&quot;&gt;&lt;div&gt;&lt;/div&gt;&lt;script&gt;SWEWriteObjectTag(this,&apos;&lt;object id=&quot;s_3_l&quot;  CLASSID=&quot;CLSID:a9967980-c623-4092-b952-fcf15f67b8a5&quot; WIDTH=100% HEIGHT=100%&gt;&lt;/OBJECT&gt;&apos;);&lt;/script&gt;&lt;/div&gt;&lt;/div&gt;&lt;/div&gt;&lt;/span&gt;&lt;/form&gt;
&lt;a id=&quot;SWEBottomHidden3&quot; href=&quot;javascript:void(0);&quot; tabindex=&quot;3999&quot; onfocus=&quot;document.getElementById(&apos;SWETopHidden3&apos;).focus();&quot;&gt;&lt;/a&gt;&lt;/div&gt;&lt;/td&gt;&lt;/tr&gt;&lt;/table&gt;&lt;script&gt;

SWEIsHighInteract = true; Top().SWEIsHighInteract = true;
if (typeof(top._samePage) != &apos;undefined&apos; &amp;&amp; top._samePage!=&quot;&quot;) top._samePage = &quot;&quot;;
if (top.opener == null || typeof top.opener.swetop == &apos;unknown&apos; || typeof top.opener.swetop == &apos;undefined&apos;) top._swe._sweapp.S_App.SWECount = 16;
else top.opener.top._swe._sweapp.S_App.SWECount = 16;
g_bInitialized = true;

if(typeof(top._swescript)!=&apos;undefined&apos; &amp;&amp; top._swescript!=null)top._swescript.InitApplet(&quot;BT Contact Form Applet&quot;,&quot;SWEApplet2&quot;,&quot;BT Contact At View&quot;,3, this);
if (top._swescript!=null) top._swescript.InitMethod(&quot;GotoAppletMenu&quot;, this, &quot;s_at_m_2&quot;, null, null);
if(top._swe._sweapp._JMenuObj == null)                  
top._swe._sweapp._JMenuObj = new top._swe._sweapp.JMenu();
top._swe._sweapp._JMenuObj.BindAXObj (this.document.getElementById(&quot;s_at_m_2Ax&quot;),&apos;Applet&apos;, &apos;BT Contact Form Applet&apos;, this.document.getElementById(&quot;s_at_m_2&quot;), &quot;s_at_m_2&quot;);
document.oncontextmenu = HandleContextMenu;
if(typeof(top._swescript)!=&apos;undefined&apos; &amp;&amp; top._swescript!=null)top._swescript.InitApplet(&quot;BT Contact Phone List Applet&quot;,&quot;SWEApplet1&quot;,&quot;BT Contact At View&quot;,6, this);
if (top._swescript!=null) top._swescript.InitMethod(&quot;GotoAppletMenu&quot;, this, &quot;s_at_m_1&quot;, null, null);
if(top._swe._sweapp._JMenuObj == null)                  
top._swe._sweapp._JMenuObj = new top._swe._sweapp.JMenu();
top._swe._sweapp._JMenuObj.BindAXObj (this.document.getElementById(&quot;s_at_m_1Ax&quot;),&apos;Applet&apos;, &apos;BT Contact Phone List Applet&apos;, this.document.getElementById(&quot;s_at_m_1&quot;), &quot;s_at_m_1&quot;);
document.oncontextmenu = HandleContextMenu;
if(typeof(top._swescript)!=&apos;undefined&apos; &amp;&amp; top._swescript!=null)top._swescript.InitApplet(&quot;BT Contact Email List Applet&quot;,&quot;SWEApplet3&quot;,&quot;BT Contact At View&quot;,6, this);
if (top._swescript!=null) top._swescript.InitMethod(&quot;GotoAppletMenu&quot;, this, &quot;s_at_m_3&quot;, null, null);
if(top._swe._sweapp._JMenuObj == null)                  
top._swe._sweapp._JMenuObj = new top._swe._sweapp.JMenu();
top._swe._sweapp._JMenuObj.BindAXObj (this.document.getElementById(&quot;s_at_m_3Ax&quot;),&apos;Applet&apos;, &apos;BT Contact Email List Applet&apos;, this.document.getElementById(&quot;s_at_m_3&quot;), &quot;s_at_m_3&quot;);
document.oncontextmenu = HandleContextMenu;

&lt;/script&gt;
&lt;script for=window event=onunload&gt;
top._swe._sweapp.S_App.SetLayoutUnloaded(&quot;View&quot;, &quot;BT Contact At View&quot;);
&lt;/script&gt;
&lt;script for=window event=onload&gt;
top._swe._sweapp.S_App.SetLayoutLoaded(&quot;View&quot;, &quot;BT Contact At View&quot;, window, &quot;&quot;);
&lt;/script&gt;
&lt;/body&gt;&lt;/html&gt;</responseData>
  <responseFile class="java.lang.String"></responseFile>
  <cookies class="java.lang.String">_sn=GXmoeGkdwh1O45lrH7mMIZnLMWvqHkVWiQKqDOICOq1fi95anXYMaCRAX879ujDRD9kS4J75N4kGDX576Q2AKmwZPUBih-4NS80Pc1189OxasEbdAsHiEtIhcnCzZ0zWb5V6QpVraL0TTGU4ktkGZq374g8C0pUBRhKVASKeW21TgUW5eIkswq97I-.qG-kr; _srn=_srn; SWEUAID=SWEUAID</cookies>
  <method class="java.lang.String">GET</method>
  <queryString class="java.lang.String"></queryString>
  <java.net.URL>http://localhost:8080/ecommunications_enu_nsm_aps05524a027/start.swe?SWECmd=GetViewLayout&amp;SWEView=BT+Contact+At+View&amp;SWEVI=&amp;SWEVLC=3-2NTUN-318_Siebel%2BPower%2BCommunications_43%257c1592409810%257c0_0_23048_PATCHSET18PATCHSET18PATCHSET18_L&amp;SRN=xK7T2pIB2ZOV15hwlQxQF5reKcoUB8VpMTZr7we8uAEb</java.net.URL>
</httpSample>
<httpSample t="{{\d+}}" it="0" lt="{{\d+}}" ct="{{\d+}}" ts="{{\d+}}" s="true" lb="{{\d+}} /ecommunications_enu_nsm_aps05524a027/start.swe" rc="200" rm="OK" tn="Thread Group 1-1" dt="text" de="utf-8" by="1568" sby="893" sc="1" ec="0" ng="1" na="1" hn="{{.*?}}">
  <responseHeader class="java.lang.String">HTTP/1.1 200 OK
Connection: close
Server: Oracle-iPlanet-Web-Server/7.0
Date: Tue, 23 Jun 2020 12:49:35 GMT
Content-Language: en
Cache-Control: no-cache
Swerpc: true
Content-Type: text/html;charset=utf-8
Connection: close
Matched-Stub-Id: {{\w+-\w+-\w+-\w+-\w+}}
Vary: Accept-Encoding, User-Agent
</responseHeader>
  <requestHeader class="java.lang.String">Connection: close
Content-Type: application/x-www-form-urlencoded
DNT: 1
Accept-Encoding: deflate
Pragma: no-cache
User-Agent: Mozilla/4.0 (compatible; MSIE 7.0; Windows NT 6.3; WOW64; Trident/7.0; .NET4.0E; .NET4.0C; .NET CLR 3.5.30729; .NET CLR 2.0.50727; .NET CLR 3.0.30729)
Accept: text/html, image/gif, image/jpeg, *; q=.2, */*; q=.2
Content-Length: 205
Host: localhost:8080
</requestHeader>
  <responseData class="java.lang.String">@0`1`4`3``0`UC`1`Status`OK`SWEC`17`SRN`xK7T2pIB2ZOV15hwlQxQF5reKcoUB8VpMTZr7we8uAEb`0`0`ResultSet`0`0`3`Notifications`0`2`0``0`OP`bn`bc`S_BC2`7`0``0`br`0`ArgsArray`22*BT Contact Form Applet1*1`size`1`cr`0`OP`g`bc`S_BC2`type`SWEIRowSelection`2`0``0`OP`en`bc`S_BC2`1`6`Command Manager`0`RefreshToolbar`true`7`0`StateToolBar`0`#35`true`#36`true`#17`true`#34`true`#8`false`#37`true`#38`true`0`1`StateExToolBar`0`1`0`#35`0`Checked`false`0`3`FlagsToolBar`0`3`0`#8`0`SWESP`true`SWEH`0`SWEW`0`3`0`#34`0`SWESP`true`SWEH`600`SWEW`800`3`0`#36`0`SWESP`true`SWEH`20`SWEW`380`15`0`State`0`#86`false`#83`true`#81`true`#88`true`#27`false`#87`false`#80`false`#26`false`#84`true`#28`false`#82`true`#79`false`#78`true`#85`true`#89`true`0`3`StateEx`0`0`0`#26`0`0`0`#27`0`1`0`#28`0`Checked`false`0`12`Flags`0`3`0`#78`0`SWESP`true`SWEH`230`SWEW`420`3`0`#79`0`SWESP`true`SWEH`200`SWEW`400`3`0`#80`0`SWESP`true`SWEH`0`SWEW`0`3`0`#81`0`SWESP`true`SWEH`20`SWEW`380`3`0`#82`0`SWESP`true`SWEH`290`SWEW`470`3`0`#83`0`SWESP`true`SWEH`20`SWEW`380`3`0`#84`0`SWESP`true`SWEH`290`SWEW`470`3`0`#85`0`SWESP`true`SWEH`230`SWEW`420`3`0`#86`0`SWESP`true`SWEH`200`SWEW`400`3`0`#87`0`SWESP`true`SWEH`0`SWEW`0`3`0`#88`0`SWESP`true`SWEH`20`SWEW`380`3`0`#89`0`SWESP`true`SWEH`290`SWEW`470`</responseData>
  <responseFile class="java.lang.String"></responseFile>
  <cookies class="java.lang.String">_sn=GXmoeGkdwh1O45lrH7mMIZnLMWvqHkVWiQKqDOICOq1fi95anXYMaCRAX879ujDRD9kS4J75N4kGDX576Q2AKmwZPUBih-4NS80Pc1189OxasEbdAsHiEtIhcnCzZ0zWb5V6QpVraL0TTGU4ktkGZq374g8C0pUBRhKVASKeW21TgUW5eIkswq97I-.qG-kr; _srn=_srn; SWEUAID=SWEUAID</cookies>
  <method class="java.lang.String">POST</method>
  <queryString class="java.lang.String">SWEC=16&amp;SWEMethod=bsSetProf&amp;SWERPC=1&amp;SWECmd=InvokeMethod&amp;SRN=xK7T2pIB2ZOV15hwlQxQF5reKcoUB8VpMTZr7we8uAEb&amp;SWEIPS=%400*0*2*0*0*3*0*12*ContactRowId10*3-61EV7QEC10*EntityType7*CONTACT&amp;SWEService=BT+Validation</queryString>
  <java.net.URL>http://localhost:8080/ecommunications_enu_nsm_aps05524a027/start.swe</java.net.URL>
</httpSample>
<httpSample t="{{\d+}}" it="0" lt="{{\d+}}" ct="{{\d+}}" ts="{{\d+}}" s="true" lb="{{\d+}} /ecommunications_enu_nsm_aps05524a027/start.swe" rc="200" rm="OK" tn="Thread Group 1-1" dt="text" de="utf-8" by="834" sby="964" sc="1" ec="0" ng="1" na="1" hn="{{.*?}}">
  <responseHeader class="java.lang.String">HTTP/1.1 200 OK
Connection: close
Server: Oracle-iPlanet-Web-Server/7.0
Date: Tue, 23 Jun 2020 12:49:54 GMT
Content-Language: en
Cache-Control: no-cache
Swerpc: true
Content-Type: text/html;charset=utf-8
Connection: close
Matched-Stub-Id: {{\w+-\w+-\w+-\w+-\w+}}
Vary: Accept-Encoding, User-Agent
</responseHeader>
  <requestHeader class="java.lang.String">Connection: close
Content-Type: application/x-www-form-urlencoded
DNT: 1
Accept-Encoding: deflate
Pragma: no-cache
User-Agent: Mozilla/4.0 (compatible; MSIE 7.0; Windows NT 6.3; WOW64; Trident/7.0; .NET4.0E; .NET4.0C; .NET CLR 3.5.30729; .NET CLR 2.0.50727; .NET CLR 3.0.30729)
Accept: text/html, image/gif, image/jpeg, *; q=.2, */*; q=.2
Content-Length: 276
Host: localhost:8080
</requestHeader>
  <responseData class="java.lang.String">@0`1`4`2``0`UC`1`Status`OK`SWEC`18`SRN`xK7T2pIB2ZOV15hwlQxQF5reKcoUB8VpMTZr7we8uAEb`0`0`ResultSet`0`1`6`Command Manager`0`RefreshToolbar`true`7`0`StateToolBar`0`#35`true`#36`true`#17`true`#34`true`#8`false`#37`true`#38`true`0`1`StateExToolBar`0`1`0`#35`0`Checked`false`0`3`FlagsToolBar`0`3`0`#8`0`SWESP`true`SWEH`0`SWEW`0`3`0`#34`0`SWESP`true`SWEH`600`SWEW`800`3`0`#36`0`SWESP`true`SWEH`20`SWEW`380`3`0`State`0`#27`false`#26`false`#28`false`0`3`StateEx`0`0`0`#26`0`0`0`#27`0`1`0`#28`0`Checked`false`0`0`Flags`0`</responseData>
  <responseFile class="java.lang.String"></responseFile>
  <cookies class="java.lang.String">_sn=GXmoeGkdwh1O45lrH7mMIZnLMWvqHkVWiQKqDOICOq1fi95anXYMaCRAX879ujDRD9kS4J75N4kGDX576Q2AKmwZPUBih-4NS80Pc1189OxasEbdAsHiEtIhcnCzZ0zWb5V6QpVraL0TTGU4ktkGZq374g8C0pUBRhKVASKeW21TgUW5eIkswq97I-.qG-kr; _srn=_srn; SWEUAID=SWEUAID</cookies>
  <method class="java.lang.String">POST</method>
  <queryString class="java.lang.String">SWEC=17&amp;SWEMethod=fnValidateCustExists&amp;SWERPC=1&amp;SWEActiveApplet=BT+Contact+Form+Applet&amp;SWECmd=InvokeMethod&amp;SRN=xK7T2pIB2ZOV15hwlQxQF5reKcoUB8VpMTZr7we8uAEb&amp;SWEIPS=%400*0*1*0*0*3*0*10*pContactId10*3-61EV7QEC&amp;SWEActiveView=BT+Contact+At+View&amp;SWEService=BT+Account+Simplification</queryString>
  <java.net.URL>http://localhost:8080/ecommunications_enu_nsm_aps05524a027/start.swe</java.net.URL>
</httpSample>
<httpSample t="{{\d+}}" it="0" lt="{{\d+}}" ct="{{\d+}}" ts="{{\d+}}" s="true" lb="{{\d+}} /ecommunications_enu_nsm_aps05524a027/start.swe" rc="200" rm="OK" tn="Thread Group 1-1" dt="text" de="utf-8" by="1020" sby="1250" sc="1" ec="0" ng="1" na="1" hn="{{.*?}}">
  <responseHeader class="java.lang.String">HTTP/1.1 200 OK
Connection: close
Server: Oracle-iPlanet-Web-Server/7.0
Date: Tue, 23 Jun 2020 12:49:55 GMT
Content-Language: en
Cache-Control: no-cache
Swerpc: true
Content-Type: text/html;charset=utf-8
Connection: close
Matched-Stub-Id: {{\w+-\w+-\w+-\w+-\w+}}
Vary: Accept-Encoding, User-Agent
</responseHeader>
  <requestHeader class="java.lang.String">Connection: close
Content-Type: application/x-www-form-urlencoded
DNT: 1
Accept-Encoding: deflate
Pragma: no-cache
User-Agent: Mozilla/4.0 (compatible; MSIE 7.0; Windows NT 6.3; WOW64; Trident/7.0; .NET4.0E; .NET4.0C; .NET CLR 3.5.30729; .NET CLR 2.0.50727; .NET CLR 3.0.30729)
Accept: text/html, image/gif, image/jpeg, *; q=.2, */*; q=.2
Content-Length: 562
Host: localhost:8080
</requestHeader>
  <responseData class="java.lang.String">@0`1`4`2``0`UC`1`Status`Error`SWEC`19`SRN`xK7T2pIB2ZOV15hwlQxQF5reKcoUB8VpMTZr7we8uAEb`0`1`Errors`0`2`0`Level0`0`ErrMsg`Please correctly complete the Mother&amp;#039;s Maiden Name and/or Date of Birth fields as they are mandatory for primary Contact records.(SBL-EXL-00151)`ErrCode`8126615`1`6`Command Manager`0`RefreshToolbar`true`7`0`StateToolBar`0`#35`true`#36`true`#17`true`#34`true`#8`false`#37`true`#38`true`0`1`StateExToolBar`0`1`0`#35`0`Checked`false`0`3`FlagsToolBar`0`3`0`#8`0`SWESP`true`SWEH`0`SWEW`0`3`0`#34`0`SWESP`true`SWEH`600`SWEW`800`3`0`#36`0`SWESP`true`SWEH`20`SWEW`380`3`0`State`0`#27`false`#26`false`#28`false`0`3`StateEx`0`0`0`#26`0`0`0`#27`0`1`0`#28`0`Checked`false`0`0`Flags`0`</responseData>
  <responseFile class="java.lang.String"></responseFile>
  <cookies class="java.lang.String">_sn=GXmoeGkdwh1O45lrH7mMIZnLMWvqHkVWiQKqDOICOq1fi95anXYMaCRAX879ujDRD9kS4J75N4kGDX576Q2AKmwZPUBih-4NS80Pc1189OxasEbdAsHiEtIhcnCzZ0zWb5V6QpVraL0TTGU4ktkGZq374g8C0pUBRhKVASKeW21TgUW5eIkswq97I-.qG-kr; _srn=_srn; SWEUAID=SWEUAID</cookies>
  <method class="java.lang.String">POST</method>
  <queryString class="java.lang.String">SWER=0&amp;SWEVI=&amp;SWERowId=3-61EV7QEC&amp;s_2_1_22_0=&amp;SWEC=18&amp;SWEMethod=CreateConsumer&amp;s_2_1_56_0=&amp;SWEReqRowId=1&amp;SWERPC=1&amp;s_2_1_46_0=Letter&amp;s_2_1_69_0=&amp;s_2_1_58_0=New&amp;s_2_1_0_0=&amp;s_2_1_49_0=Under+Construction&amp;SWENeedContext=true&amp;s_2_1_1_0=Consumer&amp;SWEApplet=BT+Contact+Form+Applet&amp;SWEActiveApplet=BT+Contact+Form+Applet&amp;SWEView=BT+Contact+At+View&amp;SWECmd=InvokeMethod&amp;SWEField=s_2_1_44_0&amp;SRN=xK7T2pIB2ZOV15hwlQxQF5reKcoUB8VpMTZr7we8uAEb&amp;SWESP=false&amp;s_2_1_60_0=&amp;SWEBID=-1&amp;SWETS={{\d+}}&amp;SWEActiveView=BT+Contact+At+View&amp;SWEDIC=false&amp;SWEP=&amp;s_2_1_63_0=Contact&amp;SWERowIds=</queryString>
  <java.net.URL>http://localhost:8080/ecommunications_enu_nsm_aps05524a027/start.swe</java.net.URL>
</httpSample>
<httpSample t="{{\d+}}" it="0" lt="{{\d+}}" ct="{{\d+}}" ts="{{\d+}}" s="true" lb="{{\d+}} /ecommunications_enu_nsm_aps05524a027/start.swe" rc="200" rm="OK" tn="Thread Group 1-1" dt="text" de="utf-8" by="2249" sby="1190" sc="1" ec="0" ng="1" na="1" hn="{{.*?}}">
  <responseHeader class="java.lang.String">HTTP/1.1 200 OK
Connection: close
Server: Oracle-iPlanet-Web-Server/7.0
Date: Tue, 23 Jun 2020 12:54:09 GMT
Content-Language: en
Cache-Control: no-cache
Swerpc: true
Content-Type: text/html;charset=utf-8
Connection: close
Matched-Stub-Id: {{\w+-\w+-\w+-\w+-\w+}}
Vary: Accept-Encoding, User-Agent
</responseHeader>
  <requestHeader class="java.lang.String">Connection: close
Content-Type: application/x-www-form-urlencoded
DNT: 1
Accept-Encoding: deflate
Pragma: no-cache
User-Agent: Mozilla/4.0 (compatible; MSIE 7.0; Windows NT 6.3; WOW64; Trident/7.0; .NET4.0E; .NET4.0C; .NET CLR 3.5.30729; .NET CLR 2.0.50727; .NET CLR 3.0.30729)
Accept: text/html, image/gif, image/jpeg, *; q=.2, */*; q=.2
Content-Length: 502
Host: localhost:8080
</requestHeader>
  <responseData class="java.lang.String">@0`1`4`2``0`UC`1`Status`Completed`SWEC`20`SRN`xK7T2pIB2ZOV15hwlQxQF5reKcoUB8VpMTZr7we8uAEb`0`15`Notifications`0`2`0``0`OP`bn`bc`S_BC2`7`0``0`br`0`ArgsArray`22*BT Contact Form Applet11**HTML SSPrv1*?10**HTML Text1*?25**HTML RTCEmbeddedTextOnly1*?14**HTML TextArea1*?`size`1`cr`0`OP`g`bc`S_BC2`type`SWEIPrivFlds`7`0``0`br`0`ArgsArray`22*BT Contact Form Applet1*01*11*11*01*21*11*31*11*41*11*51*11*61*11*71*01*81*11*91*12*101*02*111*02*121*02*131*12*141*02*151*02*161*12*171*12*181*12*191*12*201*12*211*02*221*02*231*02*241*12*251*02*261*02*271*02*281*02*291*12*301*02*311*12*321*02*331*12*341*12*351*12*361*02*371*02*381*02*391*02*401*02*411*02*421*12*431*12*441*02*451*1`size`1`cr`0`OP`g`bc`S_BC2`type`SWEICanInvokeMethod`8`0``0`br`0`value`1`ar`0`state`cp`size`1`cr`0`OP`sc`bc`S_BC2`7`0``0`br`0`ar`0`size`1`cr`0`OP`nfd`bc`S_BC2`f`Party Name`7`0``0`br`0`ar`0`size`1`cr`0`OP`nfd`bc`S_BC2`f`BT First Name Upper`7`1``0`br`0`ar`0`size`1`cr`0`OP`ndw`bc`S_BC2`f`First Name`2`0`FieldValues`0`ValueArray`10*Blazemeter`FieldArray`1*3`7`0``0`br`0`ar`0`size`1`cr`0`OP`nfd`bc`S_BC2`f`First Name`7`0``0`br`0`ar`0`size`1`cr`0`OP`nfd`bc`S_BC2`f`Full Name For Outlook JPN`7`0``0`br`0`ar`0`size`1`cr`0`OP`nfd`bc`S_BC2`f`Full Name For Outlook`7`0``0`br`0`ar`0`size`1`cr`0`OP`nfd`bc`S_BC2`f`BT Interaction Full Name`7`0``0`br`0`ar`0`size`1`cr`0`OP`nfd`bc`S_BC2`f`Full Name For Outlook ENU`7`0``0`br`0`ar`0`size`1`cr`0`OP`nfd`bc`S_BC2`f`First Name Last Name`7`0``0`br`0`ar`0`size`1`cr`0`OP`nfd`bc`S_BC2`f`Full Name`2`0``0`OP`en`bc`S_BC2`1`6`Command Manager`0`RefreshToolbar`true`7`0`StateToolBar`0`#35`true`#36`true`#17`true`#34`true`#8`false`#37`true`#38`true`0`1`StateExToolBar`0`1`0`#35`0`Checked`false`0`3`FlagsToolBar`0`3`0`#8`0`SWESP`true`SWEH`0`SWEW`0`3`0`#34`0`SWESP`true`SWEH`600`SWEW`800`3`0`#36`0`SWESP`true`SWEH`20`SWEW`380`3`0`State`0`#27`false`#26`false`#28`false`0`3`StateEx`0`0`0`#26`0`0`0`#27`0`1`0`#28`0`Checked`false`0`0`Flags`0`</responseData>
  <responseFile class="java.lang.String"></responseFile>
  <cookies class="java.lang.String">_sn=GXmoeGkdwh1O45lrH7mMIZnLMWvqHkVWiQKqDOICOq1fi95anXYMaCRAX879ujDRD9kS4J75N4kGDX576Q2AKmwZPUBih-4NS80Pc1189OxasEbdAsHiEtIhcnCzZ0zWb5V6QpVraL0TTGU4ktkGZq374g8C0pUBRhKVASKeW21TgUW5eIkswq97I-.qG-kr; _srn=_srn; SWEUAID=SWEUAID</cookies>
  <method class="java.lang.String">POST</method>
  <queryString class="java.lang.String">SWEVI=&amp;SWERowId=3-61EV7QEC&amp;SWEC=19&amp;s_2_1_22_0=&amp;SWEMethod=PostChanges&amp;s_2_1_56_0=&amp;SWEPOC=First+Name&amp;SWEReqRowId=1&amp;SWERPC=1&amp;s_2_1_46_0=Letter&amp;s_2_1_69_0=&amp;s_2_1_58_0=Blazemeter&amp;s_2_1_0_0=&amp;s_2_1_49_0=Under+Construction&amp;s_2_1_1_0=Consumer&amp;SWEApplet=BT+Contact+Form+Applet&amp;SWEActiveApplet=BT+Contact+Form+Applet&amp;SWEView=BT+Contact+At+View&amp;SWECmd=InvokeMethod&amp;SRN=xK7T2pIB2ZOV15hwlQxQF5reKcoUB8VpMTZr7we8uAEb&amp;s_2_1_60_0=&amp;SWETS={{\d+}}&amp;SWEActiveView=BT+Contact+At+View&amp;SWEP=&amp;s_2_1_63_0=Contact&amp;SWERowIds=</queryString>
  <java.net.URL>http://localhost:8080/ecommunications_enu_nsm_aps05524a027/start.swe</java.net.URL>
</httpSample>
<httpSample t="{{\d+}}" it="0" lt="{{\d+}}" ct="{{\d+}}" ts="{{\d+}}" s="true" lb="{{\d+}} /ecommunications_enu_nsm_aps05524a027/start.swe" rc="200" rm="OK" tn="Thread Group 1-1" dt="text" de="utf-8" by="1973" sby="1186" sc="1" ec="0" ng="1" na="1" hn="{{.*?}}">
  <responseHeader class="java.lang.String">HTTP/1.1 200 OK
Connection: close
Server: Oracle-iPlanet-Web-Server/7.0
Date: Tue, 23 Jun 2020 12:54:14 GMT
Content-Language: en
Cache-Control: no-cache
Swerpc: true
Content-Type: text/html;charset=utf-8
Connection: close
Matched-Stub-Id: {{\w+-\w+-\w+-\w+-\w+}}
Vary: Accept-Encoding, User-Agent
</responseHeader>
  <requestHeader class="java.lang.String">Connection: close
Content-Type: application/x-www-form-urlencoded
DNT: 1
Accept-Encoding: deflate
Pragma: no-cache
User-Agent: Mozilla/4.0 (compatible; MSIE 7.0; Windows NT 6.3; WOW64; Trident/7.0; .NET4.0E; .NET4.0C; .NET CLR 3.5.30729; .NET CLR 2.0.50727; .NET CLR 3.0.30729)
Accept: text/html, image/gif, image/jpeg, *; q=.2, */*; q=.2
Content-Length: 498
Host: localhost:8080
</requestHeader>
  <responseData class="java.lang.String">@0`1`4`2``0`UC`1`Status`Completed`SWEC`21`SRN`xK7T2pIB2ZOV15hwlQxQF5reKcoUB8VpMTZr7we8uAEb`0`16`Notifications`0`2`0``0`OP`bn`bc`S_BC2`7`0``0`br`0`ArgsArray`22*BT Contact Form Applet11**HTML SSPrv1*?10**HTML Text1*?25**HTML RTCEmbeddedTextOnly1*?14**HTML TextArea1*?`size`1`cr`0`OP`g`bc`S_BC2`type`SWEIPrivFlds`7`0``0`br`0`ar`0`size`1`cr`0`OP`nfd`bc`S_BC2`f`Party Name`7`0``0`br`0`ar`0`size`1`cr`0`OP`nfd`bc`S_BC2`f`BT Last Name Upper`7`1``0`br`0`ar`0`size`1`cr`0`OP`ndw`bc`S_BC2`f`Last Name`2`0`FieldValues`0`ValueArray`4*Demo`FieldArray`1*6`7`0``0`br`0`ar`0`size`1`cr`0`OP`nfd`bc`S_BC2`f`Last Name`7`0``0`br`0`ar`0`size`1`cr`0`OP`nfd`bc`S_BC2`f`Full Name For Outlook JPN`7`0``0`br`0`ar`0`size`1`cr`0`OP`nfd`bc`S_BC2`f`Full Name For Outlook`7`0``0`br`0`ar`0`size`1`cr`0`OP`nfd`bc`S_BC2`f`BT Interaction Full Name`7`0``0`br`0`ar`0`size`1`cr`0`OP`nfd`bc`S_BC2`f`Full Name For Outlook ENU`7`0``0`br`0`ar`0`size`1`cr`0`OP`nfd`bc`S_BC2`f`BT Contact Read Only3`7`0``0`br`0`ar`0`size`1`cr`0`OP`nfd`bc`S_BC2`f`BT Contact Read Only2`7`0``0`br`0`ar`0`size`1`cr`0`OP`nfd`bc`S_BC2`f`BT Contact Read Only`7`0``0`br`0`ar`0`size`1`cr`0`OP`nfd`bc`S_BC2`f`First Name Last Name`7`0``0`br`0`ar`0`size`1`cr`0`OP`nfd`bc`S_BC2`f`Full Name`2`0``0`OP`en`bc`S_BC2`1`6`Command Manager`0`RefreshToolbar`true`7`0`StateToolBar`0`#35`true`#36`true`#17`true`#34`true`#8`false`#37`true`#38`true`0`1`StateExToolBar`0`1`0`#35`0`Checked`false`0`3`FlagsToolBar`0`3`0`#8`0`SWESP`true`SWEH`0`SWEW`0`3`0`#34`0`SWESP`true`SWEH`600`SWEW`800`3`0`#36`0`SWESP`true`SWEH`20`SWEW`380`3`0`State`0`#27`false`#26`false`#28`false`0`3`StateEx`0`0`0`#26`0`0`0`#27`0`1`0`#28`0`Checked`false`0`0`Flags`0`</responseData>
  <responseFile class="java.lang.String"></responseFile>
  <cookies class="java.lang.String">_sn=GXmoeGkdwh1O45lrH7mMIZnLMWvqHkVWiQKqDOICOq1fi95anXYMaCRAX879ujDRD9kS4J75N4kGDX576Q2AKmwZPUBih-4NS80Pc1189OxasEbdAsHiEtIhcnCzZ0zWb5V6QpVraL0TTGU4ktkGZq374g8C0pUBRhKVASKeW21TgUW5eIkswq97I-.qG-kr; _srn=_srn; SWEUAID=SWEUAID</cookies>
  <method class="java.lang.String">POST</method>
  <queryString class="java.lang.String">SWEVI=&amp;SWERowId=3-61EV7QEC&amp;SWEC=20&amp;s_2_1_22_0=&amp;SWEMethod=PostChanges&amp;s_2_1_56_0=&amp;SWEPOC=Last+Name&amp;SWEReqRowId=1&amp;SWERPC=1&amp;s_2_1_46_0=Letter&amp;s_2_1_69_0=&amp;s_2_1_58_0=Blazemeter&amp;s_2_1_0_0=&amp;s_2_1_49_0=Under+Construction&amp;s_2_1_1_0=Consumer&amp;SWEApplet=BT+Contact+Form+Applet&amp;SWEActiveApplet=BT+Contact+Form+Applet&amp;SWEView=BT+Contact+At+View&amp;SWECmd=InvokeMethod&amp;SRN=xK7T2pIB2ZOV15hwlQxQF5reKcoUB8VpMTZr7we8uAEb&amp;s_2_1_60_0=&amp;SWETS={{\d+}}&amp;SWEActiveView=BT+Contact+At+View&amp;SWEP=&amp;s_2_1_63_0=Demo&amp;SWERowIds=</queryString>
  <java.net.URL>http://localhost:8080/ecommunications_enu_nsm_aps05524a027/start.swe</java.net.URL>
</httpSample>
<httpSample t="{{\d+}}" it="0" lt="{{\d+}}" ct="{{\d+}}" ts="{{\d+}}" s="true" lb="{{\d+}} /ecommunications_enu_nsm_aps05524a027/start.swe" rc="200" rm="OK" tn="Thread Group 1-1" dt="text" de="utf-8" by="853" sby="945" sc="1" ec="0" ng="1" na="1" hn="{{.*?}}">
  <responseHeader class="java.lang.String">HTTP/1.1 200 OK
Connection: close
Server: Oracle-iPlanet-Web-Server/7.0
Date: Tue, 23 Jun 2020 12:54:14 GMT
Content-Language: en
Cache-Control: no-cache
Swerpc: true
Content-Type: text/html;charset=utf-8
Connection: close
Matched-Stub-Id: {{\w+-\w+-\w+-\w+-\w+}}
Vary: Accept-Encoding, User-Agent
</responseHeader>
  <requestHeader class="java.lang.String">Connection: close
Content-Type: application/x-www-form-urlencoded
DNT: 1
Accept-Encoding: deflate
Pragma: no-cache
User-Agent: Mozilla/4.0 (compatible; MSIE 7.0; Windows NT 6.3; WOW64; Trident/7.0; .NET4.0E; .NET4.0C; .NET CLR 3.5.30729; .NET CLR 2.0.50727; .NET CLR 3.0.30729)
Accept: text/html, image/gif, image/jpeg, *; q=.2, */*; q=.2
Content-Length: 257
Host: localhost:8080
</requestHeader>
  <responseData class="java.lang.String">@0`1`4`2``0`UC`1`Status`OK`SWEC`22`SRN`xK7T2pIB2ZOV15hwlQxQF5reKcoUB8VpMTZr7we8uAEb`1`0`ResultSet`0`sChngLastName`Demo`1`6`Command Manager`0`RefreshToolbar`true`7`0`StateToolBar`0`#35`true`#36`true`#17`true`#34`true`#8`false`#37`true`#38`true`0`1`StateExToolBar`0`1`0`#35`0`Checked`false`0`3`FlagsToolBar`0`3`0`#8`0`SWESP`true`SWEH`0`SWEW`0`3`0`#34`0`SWESP`true`SWEH`600`SWEW`800`3`0`#36`0`SWESP`true`SWEH`20`SWEW`380`3`0`State`0`#27`false`#26`false`#28`false`0`3`StateEx`0`0`0`#26`0`0`0`#27`0`1`0`#28`0`Checked`false`0`0`Flags`0`</responseData>
  <responseFile class="java.lang.String"></responseFile>
  <cookies class="java.lang.String">_sn=GXmoeGkdwh1O45lrH7mMIZnLMWvqHkVWiQKqDOICOq1fi95anXYMaCRAX879ujDRD9kS4J75N4kGDX576Q2AKmwZPUBih-4NS80Pc1189OxasEbdAsHiEtIhcnCzZ0zWb5V6QpVraL0TTGU4ktkGZq374g8C0pUBRhKVASKeW21TgUW5eIkswq97I-.qG-kr; _srn=_srn; SWEUAID=SWEUAID</cookies>
  <method class="java.lang.String">POST</method>
  <queryString class="java.lang.String">SWEC=21&amp;SWEMethod=ValidateLastname&amp;SWERPC=1&amp;SWEActiveApplet=BT+Contact+Form+Applet&amp;SWECmd=InvokeMethod&amp;SRN=xK7T2pIB2ZOV15hwlQxQF5reKcoUB8VpMTZr7we8uAEb&amp;SWEIPS=%400*0*1*0*0*3*0*9*sLastName4*Demo&amp;SWEActiveView=BT+Contact+At+View&amp;SWEService=BT+Validate+Contact</queryString>
  <java.net.URL>http://localhost:8080/ecommunications_enu_nsm_aps05524a027/start.swe</java.net.URL>
</httpSample>
<httpSample t="{{\d+}}" it="0" lt="{{\d+}}" ct="{{\d+}}" ts="{{\d+}}" s="true" lb="{{\d+}} /ecommunications_enu_nsm_aps05524a027/start.swe" rc="200" rm="OK" tn="Thread Group 1-1" dt="text" de="utf-8" by="3760" sby="1268" sc="1" ec="0" ng="1" na="1" hn="{{.*?}}">
  <responseHeader class="java.lang.String">HTTP/1.1 200 OK
Connection: close
Server: Oracle-iPlanet-Web-Server/7.0
Date: Tue, 23 Jun 2020 12:54:21 GMT
Content-Language: en
Cache-Control: no-cache
Swerpc: true
Content-Type: text/html;charset=utf-8
Connection: close
Matched-Stub-Id: {{\w+-\w+-\w+-\w+-\w+}}
Vary: Accept-Encoding, User-Agent
</responseHeader>
  <requestHeader class="java.lang.String">Connection: close
Content-Type: application/x-www-form-urlencoded
DNT: 1
Accept-Encoding: deflate
Pragma: no-cache
User-Agent: Mozilla/4.0 (compatible; MSIE 7.0; Windows NT 6.3; WOW64; Trident/7.0; .NET4.0E; .NET4.0C; .NET CLR 3.5.30729; .NET CLR 2.0.50727; .NET CLR 3.0.30729)
Accept: text/html, image/gif, image/jpeg, *; q=.2, */*; q=.2
Content-Length: 580
Host: localhost:8080
</requestHeader>
  <responseData class="java.lang.String">@0`1`7`2``0`URL`/ecommunications_enu_nsm_aps05524a027/start.swe?SWEField=&amp;SWEMethod=ShowPopup&amp;SWECmd=InvokeMethod&amp;SWEView=BT+Contact+At+View&amp;SWEC=23&amp;SWEM=Edit+List&amp;SRN=xK7T2pIB2ZOV15hwlQxQF5reKcoUB8VpMTZr7we8uAEb&amp;SWEApplet=BT+Contact+Form+Applet&amp;SWETA=BT+ISC+Edit+MMN+Applet`UC`1`Status`NewPopup`SWEH`500`SWEC`23`SWEW`500`SRN`xK7T2pIB2ZOV15hwlQxQF5reKcoUB8VpMTZr7we8uAEb`0`20`Notifications`0`2`0``0`OP`bn`bc`S_BC2`7`0``0`br`0`ArgsArray`22*BT Contact Form Applet11**HTML SSPrv1*?10**HTML Text1*?25**HTML RTCEmbeddedTextOnly1*?14**HTML TextArea1*?`size`1`cr`0`OP`g`bc`S_BC2`type`SWEIPrivFlds`7`0``0`br`0`ArgsArray`22*BT Contact Form Applet1*01*11*11*11*21*01*31*01*41*11*51*01*61*01*71*01*81*01*91*12*101*12*111*02*121*02*131*02*141*02*151*02*161*02*171*02*181*02*191*02*201*02*211*02*221*12*231*02*241*02*251*02*261*02*271*02*281*02*291*02*301*02*311*02*321*02*331*02*341*02*351*02*361*02*371*02*381*02*391*02*401*02*411*02*421*02*431*02*441*12*451*12*461*12*471*02*481*02*491*12*501*12*511*12*521*12*531*12*541*12*551*12*561*02*571*12*581*02*591*12*601*02*611*12*621*12*631*02*641*12*651*02*661*12*671*12*681*12*691*12*701*12*711*02*721*02*731*12*741*12*751*12*761*12*771*12*781*12*791*12*801*12*811*12*821*12*831*12*841*02*851*12*861*12*871*12*881*12*891*12*901*1`size`1`cr`0`OP`g`bc`S_BC2`type`SWEICanUpdate`7`0``0`br`0`ArgsArray`22*BT Contact Form Applet1*01*11*11*01*21*11*31*11*41*11*51*11*61*11*71*01*81*11*91*02*101*02*111*02*121*02*131*12*141*02*151*02*161*12*171*12*181*12*191*12*201*12*211*02*221*02*231*02*241*12*251*02*261*02*271*02*281*02*291*12*301*02*311*12*321*02*331*12*341*12*351*12*361*02*371*02*381*02*391*02*401*02*411*02*421*12*431*12*441*02*451*1`size`1`cr`0`OP`g`bc`S_BC2`type`SWEICanInvokeMethod`7`1``0`br`0`ar`0`size`1`cr`0`OP`ndw`bc`S_BC2`f`Date of Birth`2`0`FieldValues`0`ValueArray`10*06/01/1982`FieldArray`1*1`7`0``0`br`0`ar`0`size`1`cr`0`OP`nfd`bc`S_BC2`f`Date of Birth`8`0``0`br`0`value`0`ar`0`state`cp`size`1`cr`0`OP`sc`bc`S_BC2`6`1``0`br`0`ar`0`size`1`cr`0`OP`nrdw`bc`S_BC2`1`0`FieldValues`0`ValueArray`0*10*06/01/19820*10*Blazemeter0*0*4*Demo18*Under Construction0*6*Letter0*0*0*8*Consumer0*0*0*0*1*Y10*3-61EV7QEC`6`0``0`br`0`ar`0`size`1`cr`0`OP`nrd`bc`S_BC2`8`0``0`br`0`value`1`ar`0`state`cp`size`1`cr`0`OP`sc`bc`S_BC2`7`1``0`br`0`ar`0`size`1`cr`0`OP`ndw`bc`S_BC2`f`BT Contact RO Flag`2`0`FieldValues`0`ValueArray`1*Y`FieldArray`2*18`7`0``0`br`0`ar`0`size`1`cr`0`OP`nfd`bc`S_BC2`f`BT Contact RO Flag`7`0``0`br`0`ar`0`size`1`cr`0`OP`nfd`bc`S_BC2`f`BT Contact Read Only5`7`0``0`br`0`ar`0`size`1`cr`0`OP`nfd`bc`S_BC2`f`BT Contact Read Only4`7`0``0`br`0`ar`0`size`1`cr`0`OP`nfd`bc`S_BC2`f`BT Contact Read Only2`7`0``0`br`0`ar`0`size`1`cr`0`OP`nfd`bc`S_BC2`f`BT Contact Read Only`8`0``0`br`0`value`0`ar`0`state`cp`size`1`cr`0`OP`sc`bc`S_BC2`6`1``0`br`0`ar`0`size`1`cr`0`OP`nrdw`bc`S_BC2`1`0`FieldValues`0`ValueArray`0*10*06/01/19820*10*Blazemeter0*0*4*Demo18*Under Construction0*6*Letter0*0*0*8*Consumer0*0*0*0*1*Y10*3-61EV7QEC`6`0``0`br`0`ar`0`size`1`cr`0`OP`nrd`bc`S_BC2`2`0``0`OP`en`bc`S_BC2`1`6`Command Manager`0`RefreshToolbar`true`7`0`StateToolBar`0`#35`true`#36`true`#17`true`#34`true`#8`false`#37`true`#38`true`0`1`StateExToolBar`0`1`0`#35`0`Checked`false`0`3`FlagsToolBar`0`3`0`#8`0`SWESP`true`SWEH`0`SWEW`0`3`0`#34`0`SWESP`true`SWEH`600`SWEW`800`3`0`#36`0`SWESP`true`SWEH`20`SWEW`380`3`0`State`0`#27`false`#26`false`#28`false`0`3`StateEx`0`0`0`#26`0`0`0`#27`0`1`0`#28`0`Checked`false`0`0`Flags`0`</responseData>
  <responseFile class="java.lang.String"></responseFile>
  <cookies class="java.lang.String">_sn=GXmoeGkdwh1O45lrH7mMIZnLMWvqHkVWiQKqDOICOq1fi95anXYMaCRAX879ujDRD9kS4J75N4kGDX576Q2AKmwZPUBih-4NS80Pc1189OxasEbdAsHiEtIhcnCzZ0zWb5V6QpVraL0TTGU4ktkGZq374g8C0pUBRhKVASKeW21TgUW5eIkswq97I-.qG-kr; _srn=_srn; SWEUAID=SWEUAID</cookies>
  <method class="java.lang.String">POST</method>
  <queryString class="java.lang.String">SWER=0&amp;SWEVI=&amp;SWERowId=3-61EV7QEC&amp;s_2_1_22_0=01%2F06%2F1982&amp;SWEC=22&amp;SWEMethod=InvokeMMNPopup&amp;s_2_1_56_0=&amp;SWEReqRowId=1&amp;SWERPC=1&amp;s_2_1_46_0=Letter&amp;s_2_1_69_0=&amp;s_2_1_58_0=Blazemeter&amp;s_2_1_0_0=&amp;s_2_1_49_0=Under+Construction&amp;SWENeedContext=true&amp;s_2_1_1_0=Consumer&amp;SWEApplet=BT+Contact+Form+Applet&amp;SWEActiveApplet=BT+Contact+Form+Applet&amp;SWEView=BT+Contact+At+View&amp;SWECmd=InvokeMethod&amp;SWEField=s_2_1_45_0&amp;SRN=xK7T2pIB2ZOV15hwlQxQF5reKcoUB8VpMTZr7we8uAEb&amp;SWESP=false&amp;s_2_1_60_0=&amp;SWEBID=-1&amp;SWETS={{\d+}}&amp;SWEActiveView=BT+Contact+At+View&amp;SWEDIC=false&amp;SWEP=&amp;s_2_1_63_0=Demo&amp;SWERowIds=</queryString>
  <java.net.URL>http://localhost:8080/ecommunications_enu_nsm_aps05524a027/start.swe</java.net.URL>
</httpSample>
<httpSample t="{{\d+}}" it="0" lt="{{\d+}}" ct="{{\d+}}" ts="{{\d+}}" s="true" lb="{{\d+}} /ecommunications_enu_nsm_aps05524a027/start.swe" rc="200" rm="OK" tn="Thread Group 1-1" dt="text" de="utf-8" by="879" sby="1052" sc="1" ec="0" ng="1" na="1" hn="{{.*?}}">
  <responseHeader class="java.lang.String">HTTP/1.1 200 OK
Connection: close
Server: Oracle-iPlanet-Web-Server/7.0
Date: Tue, 23 Jun 2020 12:54:21 GMT
Content-Language: en
Cache-Control: private
Content-Type: text/html;charset=utf-8
Matched-Stub-Id: {{\w+-\w+-\w+-\w+-\w+}}
Vary: Accept-Encoding, User-Agent
Content-Encoding: gzip
</responseHeader>
  <requestHeader class="java.lang.String">Connection: close
Accept-Language: en-GB
DNT: 1
Accept-Encoding: gzip, deflate
Accept: */*
User-Agent: Mozilla/4.0 (compatible; MSIE 7.0; Windows NT 6.3; WOW64; Trident/7.0; .NET4.0E; .NET4.0C; .NET CLR 3.5.30729; .NET CLR 2.0.50727; .NET CLR 3.0.30729)
Host: localhost:8080
</requestHeader>
  <responseData class="java.lang.String">&lt;html OT=&apos;SiebWebPopupWindow&apos;&gt;
&lt;head&gt;&lt;title&gt;Set MMN&lt;/title&gt;
&lt;script&gt;
function loadPopup() {
_sweapp.S_CmdMgr.Initialize(top.opener.top._swe._sweapp.S_App,true);
top._sweapp.cmdInit = true;
}
&lt;/script&gt;
&lt;/head&gt;
&lt;script language=&quot;javascript&quot; src=&quot;23048/scripts/swecommon.js&quot;&gt;&lt;/script&gt;
&lt;frameset onLoad=&quot;loadPopup()&quot; rows=&quot;100%,*&quot; border=&quot;0&quot; frameborder=&quot;no&quot;&gt;
&lt;frame name=&quot;_swepopcontent&quot; OT=&quot;_swepopcontent Frame&quot; src=&quot;/ecommunications_enu_nsm_aps05524a027/start.swe?SWEField=&amp;amp;SWEMethod=ShowPopup&amp;amp;SWECmd=InvokeMethod&amp;amp;SWEView=BT+Contact+At+View&amp;amp;SWEC=23&amp;amp;SWEM=Edit+List&amp;amp;SRN=xK7T2pIB2ZOV15hwlQxQF5reKcoUB8VpMTZr7we8uAEb&amp;amp;SWEApplet=BT+Contact+Form+Applet&amp;amp;SWETA=BT+ISC+Edit+MMN+Applet&amp;amp;SWESP=1&amp;amp;SRN=xK7T2pIB2ZOV15hwlQxQF5reKcoUB8VpMTZr7we8uAEb&quot; marginheight=&apos;0&apos; marginwidth=&apos;0&apos; noresize scrolling=&apos;No&apos; frameborder=&apos;Yes&apos;&gt;
&lt;frame name=&quot;_sweapp&quot; title=&quot;&quot; src=&quot;?SWECmd=GetCachedFrame&amp;SWEC=23&amp;SWEFrame=_sweapp&amp;SRN=xK7T2pIB2ZOV15hwlQxQF5reKcoUB8VpMTZr7we8uAEb&quot; marginheight=&apos;0&apos; marginwidth=&apos;0&apos; noresize scrolling=&apos;No&apos; frameborder=&apos;Yes&apos;&gt;
&lt;/frameset&gt;

&lt;/html&gt;

</responseData>
  <responseFile class="java.lang.String"></responseFile>
  <cookies class="java.lang.String">_sn=GXmoeGkdwh1O45lrH7mMIZnLMWvqHkVWiQKqDOICOq1fi95anXYMaCRAX879ujDRD9kS4J75N4kGDX576Q2AKmwZPUBih-4NS80Pc1189OxasEbdAsHiEtIhcnCzZ0zWb5V6QpVraL0TTGU4ktkGZq374g8C0pUBRhKVASKeW21TgUW5eIkswq97I-.qG-kr; _srn=_srn; SWEUAID=SWEUAID</cookies>
  <method class="java.lang.String">GET</method>
  <queryString class="java.lang.String"></queryString>
  <java.net.URL>http://localhost:8080/ecommunications_enu_nsm_aps05524a027/start.swe?SWECmd=ShowPopupFrames&amp;SWEDIC=1&amp;SWEU=%2Fecommunications_enu_nsm_aps05524a027%2Fstart.swe%3FSWEField%3D%26SWEMethod%3DShowPopup%26SWECmd%3DInvokeMethod%26SWEView%3DBT%2BContact%2BAt%2BView%26SWEC%3D23%26SWEM%3DEdit%2BList%26SRN%3DxK7T2pIB2ZOV15hwlQxQF5reKcoUB8VpMTZr7we8uAEb%26SWEApplet%3DBT%2BContact%2BForm%2BApplet%26SWETA%3DBT%2BISC%2BEdit%2BMMN%2BApplet%26SWESP%3D1%26SRN%3DxK7T2pIB2ZOV15hwlQxQF5reKcoUB8VpMTZr7we8uAEb&amp;SRN=xK7T2pIB2ZOV15hwlQxQF5reKcoUB8VpMTZr7we8uAEb</java.net.URL>
</httpSample>
<httpSample t="{{\d+}}" it="0" lt="{{\d+}}" ct="{{\d+}}" ts="{{\d+}}" s="true" lb="{{\d+}} /ecommunications_enu_nsm_aps05524a027/start.swe" rc="200" rm="OK" tn="Thread Group 1-1" dt="text" de="utf-8" by="2805" sby="1506" sc="1" ec="0" ng="1" na="1" hn="{{.*?}}">
  <responseHeader class="java.lang.String">HTTP/1.1 200 OK
Connection: close
Server: Oracle-iPlanet-Web-Server/7.0
Date: Tue, 23 Jun 2020 12:54:21 GMT
Content-Language: en
Cache-Control: private
Content-Type: text/html;charset=utf-8
Matched-Stub-Id: {{\w+-\w+-\w+-\w+-\w+}}
Vary: Accept-Encoding, User-Agent
Content-Encoding: gzip
</responseHeader>
  <requestHeader class="java.lang.String">Connection: close
Referer: http://localhost:8080/ecommunications_enu_nsm_aps05524a027/start.swe?SWECmd=ShowPopupFrames&amp;SWEDIC=1&amp;SWEU=/ecommunications_enu_nsm_aps05524a027/start.swe%3fSWEField%3d%26SWEMethod%3dShowPopup%26SWECmd%3dInvokeMethod%26SWEView%3dBT%2bContact%2bAt%2bView%26SWEC%3d23%26SWEM%3dEdit%2bList%26SRN%3dxK7T2pIB2ZOV15hwlQxQF5reKcoUB8VpMTZr7we8uAEb%26SWEApplet%3dBT%2bContact%2bForm%2bApplet%26SWETA%3dBT%2bISC%2bEdit%2bMMN%2bApplet%26SWESP%3d1%26SRN%3dxK7T2pIB2ZOV15hwlQxQF5reKcoUB8VpMTZr7we8uAEb&amp;SRN=xK7T2pIB2ZOV15hwlQxQF5reKcoUB8VpMTZr7we8uAEb
Accept-Language: en-GB
DNT: 1
Accept-Encoding: gzip, deflate
Accept: image/jpeg, application/x-ms-application, image/gif, application/xaml+xml, image/pjpeg, application/x-ms-xbap, */*
User-Agent: Mozilla/4.0 (compatible; MSIE 7.0; Windows NT 6.3; WOW64; Trident/7.0; .NET4.0E; .NET4.0C; .NET CLR 3.5.30729; .NET CLR 2.0.50727; .NET CLR 3.0.30729)
Host: localhost:8080
</requestHeader>
  <responseData class="java.lang.String">&lt;a id=&quot;SWETopHidden4&quot; href=&quot;javascript:void(0);&quot; tabindex=&quot;0&quot;&gt;&lt;/a&gt;&lt;HTML  OT=&apos;SiebWebPopupWindow&apos;&gt;&lt;head&gt;&lt;title&gt;Set MMN&lt;/title&gt;&lt;link href=&quot;files/main.css&quot; rel=&quot;stylesheet&quot;/&gt;
&lt;script language=&quot;javascript&quot; src=&quot;23048/scripts/swecommon.js&quot;&gt;&lt;/script&gt; 
&lt;script language=&quot;javascript&quot; src=&quot;23048/scripts/swecmn_hi.js&quot;&gt;&lt;/script&gt; 
&lt;/head&gt;&lt;script language=&quot;javascript&quot; src=&quot;23048/scripts/AppletTitle.js&quot;&gt;&lt;/script&gt;&lt;script language=&quot;javascript&quot; src=&quot;23048/scripts/IeVersion.js&quot;&gt;&lt;/script&gt;&lt;script language=&quot;javascript&quot; src=&quot;23048/scripts/ResizeApplet.js&quot;&gt;&lt;/script&gt;&lt;body bgcolor=&quot;#dedede&quot; topmargin=&quot;0&quot; leftmargin=&quot;0&quot; marginwidth=&quot;0&quot; marginheight=&quot;0&quot; onbeforeunload=&quot;ResizeApplet();&quot;&gt;&lt;form name=&quot;SWEForm4_0&quot; method=&quot;post&quot; action=&quot;/ecommunications_enu_nsm_aps05524a027/start.swe&quot; &gt;
&lt;div class=&quot;NotSelected&quot; id=&quot;a_4&quot;&gt;&lt;table datatable=&quot;0&quot; summary=&quot;&quot; width=&quot;100%&quot; cellspacing=&quot;0&quot; cellpadding=&quot;2&quot; border=&quot;0&quot; align=&quot;center&quot;&gt;&lt;tr class=&quot;AppletButtons&quot; align=&quot;left&quot;&gt;&lt;td&gt;&lt;img src=&quot;images/spacer.gif&quot; width=&quot;4&quot; height=&quot;1&quot; alt=&quot;&quot;&gt;&lt;/td&gt;&lt;td nowrap&gt;&lt;span id=s_4_1_91_0&gt;&amp;nbsp;&lt;/span&gt;&lt;/td&gt;&lt;td nowrap&gt;&lt;span id=s_4_1_92_0&gt;&amp;nbsp;&lt;/span&gt;&lt;/td&gt;&lt;td&gt;&lt;table datatable=&quot;0&quot; summary=&quot;&quot; width=&quot;100%&quot; valign=&quot;top&quot; align=&quot;center&quot; cellpadding=&apos;0&apos; cellspacing=&apos;0&apos; border=&apos;0&apos;&gt;&lt;/table&gt;&lt;/td&gt;&lt;td nowrap&gt;&amp;nbsp;&lt;b&gt;&lt;span id=4_msg&gt;&lt;/span&gt;&lt;/b&gt;&lt;/td&gt;&lt;td align=&quot;right&quot; width=&quot;100%&quot;&gt;&lt;td valign=&quot;middle&quot; nowrap&gt;&lt;span id=&apos;SWEApplet4_ctrlmsg&apos;&gt;&lt;/span&gt;&lt;/td&gt;&lt;td valign=&quot;middle&quot; nowrap&gt;&amp;nbsp;&lt;span id=s_4_rc&gt;&lt;/span&gt;&amp;nbsp;&lt;/td&gt;&lt;td valign=&quot;middle&quot;&gt;&amp;nbsp;&lt;img src=&quot;images/btn_div_gray.gif&quot; height=&quot;13&quot; align=&quot;middle&quot; alt=&quot;&quot;&gt;&amp;nbsp;&lt;/td&gt;&lt;/td&gt;&lt;td valign=&quot;top&quot; align=&quot;right&quot;&gt;&lt;/td&gt;&lt;/tr&gt;&lt;/table&gt;&lt;span id=4_c_err style=&quot;display: none;&quot;&gt;&lt;table datatable=&quot;0&quot; summary=&quot;&quot; class=&quot;AppletBack&quot; width=&quot;100%&quot; cellpadding=&quot;4&quot; cellspacing=&quot;0&quot; border=&quot;0&quot;&gt;&lt;tr&gt;&lt;td class=&quot;error&quot;&gt;&lt;br&gt;&amp;nbsp;&lt;/td&gt;&lt;/tr&gt;&lt;/table&gt;&lt;/span&gt;&lt;div class=&quot;AppletHIListBorder&quot;&gt;&lt;div id=&quot;s_4_ld&quot; STYLE=&quot;height:214px&quot;&gt;&lt;div&gt;&lt;/div&gt;&lt;script&gt;SWEWriteObjectTag(this,&apos;&lt;object id=&quot;s_4_l&quot;  CLASSID=&quot;CLSID:a9967980-c623-4092-b952-fcf15f67b8a5&quot; WIDTH=100% HEIGHT=100%&gt;&lt;/OBJECT&gt;&apos;);&lt;/script&gt;&lt;/div&gt;&lt;/div&gt;&lt;/div&gt;&lt;/span&gt;&lt;/form&gt;
&lt;script&gt;

SWEIsHighInteract = true; Top().SWEIsHighInteract = true;
if (typeof(top._samePage) != &apos;undefined&apos; &amp;&amp; top._samePage!=&quot;&quot;) top._samePage = &quot;&quot;;
if (top.opener == null || typeof top.opener.swetop == &apos;unknown&apos; || typeof top.opener.swetop == &apos;undefined&apos;) top._swe._sweapp.S_App.SWECount = 24;
else top.opener.top._swe._sweapp.S_App.SWECount = 24;
g_bInitialized = true;

Top()._swe._sweapp.S_App.ProcessRPCInfo(&quot;@0`1`4`2``0`UC`1`Status`OK`SWEC`24`SRN`xK7T2pIB2ZOV15hwlQxQF5reKcoUB8VpMTZr7we8uAEb`0`3`api`0`2`0`sc`0`rqc`24`v`7*Set MMN11*CloseApplet13*Cancel Button9*OK Button2*OK12*SubmitChange3*MMN`0`1`boi`3``0`1`nbc`0`1`2`bci`3`S_BC4`n`BT ISC MMN VBC`0`2`fl`0`8`0`f`0`itx`1`n`528`sc`0`l`50`crf`215`dft`5`t`220`dn`417`11`0`f`0`itx`1`n`183`sc`0`irq`1`l`15`crf`215`dft`5`ihn`1`iro`1`t`214`dn`183`4`2`rl`0`inrk`1`crnm`1`nmr`1`atr`0`2`0`r`0`v`0*6*VRId-0`i`VRId-0`1`0`tr`0`v``2`2`vi`3``vt`STANDARD`ich`1`0`1`nla`0`24`5`ai`3`S_A4`nfi`1`n`BT ISC Edit MMN Applet`cud`2*121*13*5241*13*1051*13*5251*12*271*12*311*13*5281*1`dqy`1`pbk`16_BT Contact Form Applet9_ShowPopupA_3-61EV7QEC0_2_24`cik`3*5231*13*5271*12*271*02*311*12*211*12*221*02*231*02*241*02*251*02*261*12*281*12*291*12*301*12*321*12*331*02*341*12*351*12*361*02*371*02*381*02*391*02*401*02*411*02*421*02*201*02*431*02*441*12*451*12*461*12*471*12*481*02*491*02*501*02*511*02*521*02*531*02*541*12*551*12*561*02*571*0`pf`VER_1.0_~0|MMN|100`shd`29*BT_ISC_Edit_MMN_Applet_Applet63*srf1592409810_444/bscripts/all/applet_bt_isc_edit_mmn_applet.js`rct`10`asq`-1`ied`1`vrn`S_A4`tt`522`pan`BT ISC Edit MMN Applet`inu`0`hmn`1`dbckmd`523`dmd`523`rsp`false`bnr`0`iem``bci`S_BC4`hlc`3*a_41*11*2`i`4`0`2`cl`0`23`1`c`0`pt`5`sp`s_4_1_91_0`dm`7`w`0`n`524`pw`0`ph`0`ju`6`sq`997`pan`5`mn`523`ibp`1`crf`8`sdy`0`h`0`iec`1`dft`5`ime`5`dmc`0`t`67`dn`393`fn`5`msz`32`15`0`imp`0`SWEField`s_4_1_91_0`SWENeedContext`false`SWER`0`SWESP`false`SWERowIds`SWERowId0=3-61EV7QEC`SWEMethod`CloseApplet`SWECmd`InvokeMethod`SWEP`16_BT Contact Form Applet9_ShowPopupA_3-61EV7QEC0_2_24`SWEDIC`true`SWEReqRowId`0`SWEView`BT Contact At View`SWEC`24`SWEBID`-1`SRN`xK7T2pIB2ZOV15hwlQxQF5reKcoUB8VpMTZr7we8uAEb`SWEApplet`BT ISC Edit MMN Applet`23`1`c`0`pt`5`sp`s_4_1_92_0`dm`7`w`0`n`525`pw`0`ph`0`ju`6`sq`997`pan`5`mn`527`ibp`1`crf`8`sdy`0`h`0`iec`1`dft`5`ime`5`dmc`0`t`67`dn`526`fn`5`msz`32`15`0`imp`0`SWEField`s_4_1_92_0`SWENeedContext`false`SWER`0`SWESP`false`SWERowIds`SWERowId0=3-61EV7QEC`SWEMethod`SubmitChange`SWECmd`InvokeMethod`SWEP`16_BT Contact Form Applet9_ShowPopupA_3-61EV7QEC0_2_24`SWEDIC`true`SWEReqRowId`0`SWEView`BT Contact At View`SWEC`24`SWEBID`-1`SRN`xK7T2pIB2ZOV15hwlQxQF5reKcoUB8VpMTZr7we8uAEb`SWEApplet`BT ISC Edit MMN Applet`1`0`cfm`0`DeleteRecord`IDS_SWE_DELETE_CONFIRM_WARNING`0`1`col`0`25`0`co`0`pt`5`sp`s_4_2_93_`dm`7`w`100`csq`1`n`528`pw`0`ist`1`ph`0`ju`6`sq`997`pan`5`ibp`1`crf`8`sdy`0`h`0`iec`1`dft`5`cix`0`ime`5`dmc`0`t`4`dn`417`fn`528`msz`50`0`2`pcl`0`2`0`pc`0`allowPC`false`AppletTitle``2`0`pc`0`List``allowPC`false`1`0`pif`3`S_A2`pmd``1`0`aa`0`n`BT ISC Edit MMN Applet`1`6`Command Manager`0`RefreshToolbar`true`7`0`StateToolBar`0`#35`true`#36`true`#17`true`#34`true`#8`false`#37`true`#38`true`0`1`StateExToolBar`0`1`0`#35`0`Checked`false`0`3`FlagsToolBar`0`3`0`#8`0`SWESP`true`SWEH`0`SWEW`0`3`0`#34`0`SWESP`true`SWEH`600`SWEW`800`3`0`#36`0`SWESP`true`SWEH`20`SWEW`380`3`0`State`0`#27`false`#26`false`#28`false`0`3`StateEx`0`0`0`#26`0`0`0`#27`0`1`0`#28`0`Checked`false`0`0`Flags`0`&quot;);

&lt;/script&gt;
&lt;script for=window event=onunload&gt;
if (top.opener != null &amp;&amp; typeof(top.opener) != &apos;undefined&apos; &amp;&amp; top.opener.top._swe != null &amp;&amp; typeof(top.opener.top._swe) != &apos;undefined&apos; &amp;&amp; top.opener.top._swe._sweapp  != null &amp;&amp; typeof(top.opener.top._swe._sweapp)  != &apos;undefined&apos;) {top.opener.top._swe._sweapp.S_App.SetLayoutUnloaded (&quot;Popup&quot;, &quot;BT ISC Edit MMN Applet&quot;);}
if ( top._sweapp.cmdInit == true ) {  top._sweapp.S_CmdMgr.Enable(1);}
&lt;/script&gt;
&lt;script for=window event=onload&gt;
top.document.title=&quot;Set MMN&quot;;
top.opener.top._swe._sweapp.S_App.SetLayoutLoaded (&quot;Popup&quot;, &quot;BT ISC Edit MMN Applet&quot;, window);
if ( top._sweapp.cmdInit == true ) {  top._sweapp.S_CmdMgr.Enable(1);}
&lt;/script&gt;
&lt;/body&gt;&lt;/html&gt;&lt;a id=&quot;SWEBottomHidden4&quot; href=&quot;javascript:void(0);&quot; tabindex=&quot;999&quot; onfocus=&quot;document.getElementById(&apos;SWETopHidden4&apos;).focus();&quot;&gt;&lt;/a&gt;</responseData>
  <responseFile class="java.lang.String"></responseFile>
  <cookies class="java.lang.String">_sn=GXmoeGkdwh1O45lrH7mMIZnLMWvqHkVWiQKqDOICOq1fi95anXYMaCRAX879ujDRD9kS4J75N4kGDX576Q2AKmwZPUBih-4NS80Pc1189OxasEbdAsHiEtIhcnCzZ0zWb5V6QpVraL0TTGU4ktkGZq374g8C0pUBRhKVASKeW21TgUW5eIkswq97I-.qG-kr; _srn=_srn; SWEUAID=SWEUAID</cookies>
  <method class="java.lang.String">GET</method>
  <queryString class="java.lang.String"></queryString>
  <java.net.URL>http://localhost:8080/ecommunications_enu_nsm_aps05524a027/start.swe?SWEField=&amp;SWEMethod=ShowPopup&amp;SWECmd=InvokeMethod&amp;SWEView=BT+Contact+At+View&amp;SWEC=23&amp;SWEM=Edit+List&amp;SRN=xK7T2pIB2ZOV15hwlQxQF5reKcoUB8VpMTZr7we8uAEb&amp;SWEApplet=BT+Contact+Form+Applet&amp;SWETA=BT+ISC+Edit+MMN+Applet&amp;SWESP=1&amp;SRN=xK7T2pIB2ZOV15hwlQxQF5reKcoUB8VpMTZr7we8uAEb</java.net.URL>
</httpSample>
<httpSample t="{{\d+}}" it="0" lt="{{\d+}}" ct="{{\d+}}" ts="{{\d+}}" s="true" lb="{{\d+}} /ecommunications_enu_nsm_aps05524a027/start.swe" rc="200" rm="OK" tn="Thread Group 1-1" dt="text" de="utf-8" by="522" sby="1334" sc="1" ec="0" ng="1" na="1" hn="{{.*?}}">
  <responseHeader class="java.lang.String">HTTP/1.1 200 OK
Connection: close
Server: Oracle-iPlanet-Web-Server/7.0
Date: Tue, 23 Jun 2020 12:54:21 GMT
Content-Language: en
Cache-Control: private
Content-Type: text/html;charset=utf-8
Matched-Stub-Id: {{\w+-\w+-\w+-\w+-\w+}}
Vary: Accept-Encoding, User-Agent
Content-Encoding: gzip
</responseHeader>
  <requestHeader class="java.lang.String">Connection: close
Referer: http://localhost:8080/ecommunications_enu_nsm_aps05524a027/start.swe?SWECmd=ShowPopupFrames&amp;SWEDIC=1&amp;SWEU=/ecommunications_enu_nsm_aps05524a027/start.swe%3fSWEField%3d%26SWEMethod%3dShowPopup%26SWECmd%3dInvokeMethod%26SWEView%3dBT%2bContact%2bAt%2bView%26SWEC%3d23%26SWEM%3dEdit%2bList%26SRN%3dxK7T2pIB2ZOV15hwlQxQF5reKcoUB8VpMTZr7we8uAEb%26SWEApplet%3dBT%2bContact%2bForm%2bApplet%26SWETA%3dBT%2bISC%2bEdit%2bMMN%2bApplet%26SWESP%3d1%26SRN%3dxK7T2pIB2ZOV15hwlQxQF5reKcoUB8VpMTZr7we8uAEb&amp;SRN=xK7T2pIB2ZOV15hwlQxQF5reKcoUB8VpMTZr7we8uAEb
Accept-Language: en-GB
DNT: 1
Accept-Encoding: gzip, deflate
Accept: image/jpeg, application/x-ms-application, image/gif, application/xaml+xml, image/pjpeg, application/x-ms-xbap, */*
User-Agent: Mozilla/4.0 (compatible; MSIE 7.0; Windows NT 6.3; WOW64; Trident/7.0; .NET4.0E; .NET4.0C; .NET CLR 3.5.30729; .NET CLR 2.0.50727; .NET CLR 3.0.30729)
Host: localhost:8080
</requestHeader>
  <responseData class="java.lang.String">&lt;html&gt;&lt;body&gt;
&lt;script language=&quot;javascript&quot; src=&quot;23048/scripts/swecommon.js&quot;&gt;&lt;/script&gt;
var cmdInit = false;&lt;OBJECT ID=&quot;S_CmdMgr&quot; WIDTH=100 HEIGHT=50 CLASSID=&quot;CLSID:9ac8b9a4-0b02-4351-8578-79a095ef8537&quot;&gt;&lt;/OBJECT&gt;

&lt;/body&gt;&lt;/html&gt;
</responseData>
  <responseFile class="java.lang.String"></responseFile>
  <cookies class="java.lang.String">_sn=GXmoeGkdwh1O45lrH7mMIZnLMWvqHkVWiQKqDOICOq1fi95anXYMaCRAX879ujDRD9kS4J75N4kGDX576Q2AKmwZPUBih-4NS80Pc1189OxasEbdAsHiEtIhcnCzZ0zWb5V6QpVraL0TTGU4ktkGZq374g8C0pUBRhKVASKeW21TgUW5eIkswq97I-.qG-kr; _srn=_srn; SWEUAID=SWEUAID</cookies>
  <method class="java.lang.String">GET</method>
  <queryString class="java.lang.String"></queryString>
  <java.net.URL>http://localhost:8080/ecommunications_enu_nsm_aps05524a027/start.swe?SWECmd=GetCachedFrame&amp;SWEC=23&amp;SWEFrame=_sweapp&amp;SRN=xK7T2pIB2ZOV15hwlQxQF5reKcoUB8VpMTZr7we8uAEb</java.net.URL>
</httpSample>
<httpSample t="{{\d+}}" it="0" lt="{{\d+}}" ct="{{\d+}}" ts="{{\d+}}" s="true" lb="{{\d+}} /ecommunications_enu_nsm_aps05524a027/start.swe" rc="200" rm="OK" tn="Thread Group 1-1" dt="text" de="utf-8" by="3013" sby="1109" sc="1" ec="0" ng="1" na="1" hn="{{.*?}}">
  <responseHeader class="java.lang.String">HTTP/1.1 200 OK
Connection: close
Server: Oracle-iPlanet-Web-Server/7.0
Date: Tue, 23 Jun 2020 12:54:29 GMT
Content-Language: en
Cache-Control: no-cache
Swerpc: true
Content-Type: text/html;charset=utf-8
Connection: close
Matched-Stub-Id: {{\w+-\w+-\w+-\w+-\w+}}
Vary: Accept-Encoding, User-Agent
</responseHeader>
  <requestHeader class="java.lang.String">Connection: close
Content-Type: application/x-www-form-urlencoded
DNT: 1
Accept-Encoding: deflate
Pragma: no-cache
User-Agent: Mozilla/4.0 (compatible; MSIE 7.0; Windows NT 6.3; WOW64; Trident/7.0; .NET4.0E; .NET4.0C; .NET CLR 3.5.30729; .NET CLR 2.0.50727; .NET CLR 3.0.30729)
Accept: text/html, image/gif, image/jpeg, *; q=.2, */*; q=.2
Content-Length: 421
Host: localhost:8080
</requestHeader>
  <responseData class="java.lang.String">@0`1`4`2``0`UC`1`Status`ClosePopup`SWEC`24`SRN`xK7T2pIB2ZOV15hwlQxQF5reKcoUB8VpMTZr7we8uAEb`0`31`Notifications`0`2`0``0`OP`bn`bc`S_BC2`7`0``0`br`0`ArgsArray`22*BT Contact Form Applet11**HTML SSPrv1*?10**HTML Text1*?25**HTML RTCEmbeddedTextOnly1*?14**HTML TextArea1*?`size`1`cr`0`OP`g`bc`S_BC2`type`SWEIPrivFlds`8`0``0`br`0`ArgsArray`22*BT Contact Form Applet`ar`0`size`1`cr`0`OP`g`bc`S_BC2`type`ClosePopup`8`0``0`br`0`ar`0`size`1`index`0`cr`0`OP`dw`bc`S_BC2`nr`1`8`0``0`br`0`value`0`ar`-1`state`bExecuted`size`1`cr`0`OP`sc`bc`S_BC2`8`0``0`br`0`value`1`ar`-1`state`bExecuted`size`1`cr`0`OP`sc`bc`S_BC2`8`0``0`br`0`srt``s`[Id] = &quot;3-61EV7QEC&quot;`ar`-1`size`1`cr`0`OP`e`bc`S_BC2`7`1``0`br`0`ar`-1`size`1`index`0`cr`0`OP`iw`bc`S_BC2`1`0`FieldValues`0`ValueArray`0*10*06/01/19820*10*Blazemeter9*newplugin0*4*Demo18*Under Construction0*6*Letter0*0*0*8*Consumer0*0*0*0*1*Y10*3-61EV7QEC`8`0``0`br`0`value`0`ar`0`state`activeRow`size`1`cr`0`OP`sc`bc`S_BC2`6`0``0`br`0`ar`0`size`1`cr`0`OP`nd`bc`S_BC2`2`0``0`OP`en`bc`S_BC2`2`0``0`OP`bn`bc`S_BC1`7`0``0`br`0`ArgsArray`28*BT Contact Phone List Applet12**AppletTitle1*?11**HTML SSPrv1*?`size`5`cr`0`OP`g`bc`S_BC1`type`SWEIPrivFlds`8`0``0`br`0`value`0`ar`-1`state`bExecuted`size`5`cr`0`OP`sc`bc`S_BC1`8`0``0`br`0`value`1`ar`-1`state`bExecuted`size`5`cr`0`OP`sc`bc`S_BC1`8`0``0`br`0`srt``s``ar`-1`size`5`cr`0`OP`e`bc`S_BC1`7`1``0`br`0`ar`-1`size`5`index`0`cr`0`OP`iw`bc`S_BC1`1`0`FieldValues`0`ValueArray`0*0*0*0*0*0*`8`0``0`br`0`ar`-1`size`5`index`0`cr`0`OP`dw`bc`S_BC1`nr`1`8`0``0`br`0`value`-1`ar`-1`state`activeRow`size`5`cr`0`OP`sc`bc`S_BC1`6`0``0`br`0`ar`-1`size`5`cr`0`OP`nd`bc`S_BC1`2`0``0`OP`en`bc`S_BC1`2`0``0`OP`bn`bc`S_BC3`7`0``0`br`0`ArgsArray`28*BT Contact Email List Applet12**AppletTitle1*?11**HTML SSPrv1*?`size`5`cr`0`OP`g`bc`S_BC3`type`SWEIPrivFlds`8`0``0`br`0`value`0`ar`-1`state`bExecuted`size`5`cr`0`OP`sc`bc`S_BC3`8`0``0`br`0`value`1`ar`-1`state`bExecuted`size`5`cr`0`OP`sc`bc`S_BC3`8`0``0`br`0`srt``s``ar`-1`size`5`cr`0`OP`e`bc`S_BC3`7`1``0`br`0`ar`-1`size`5`index`0`cr`0`OP`iw`bc`S_BC3`1`0`FieldValues`0`ValueArray`0*0*0*0*0*0*`8`0``0`br`0`ar`-1`size`5`index`0`cr`0`OP`dw`bc`S_BC3`nr`1`8`0``0`br`0`value`-1`ar`-1`state`activeRow`size`5`cr`0`OP`sc`bc`S_BC3`6`0``0`br`0`ar`-1`size`5`cr`0`OP`nd`bc`S_BC3`2`0``0`OP`en`bc`S_BC3`1`6`Command Manager`0`RefreshToolbar`true`7`0`StateToolBar`0`#35`true`#36`true`#17`true`#34`true`#8`false`#37`true`#38`true`0`1`StateExToolBar`0`1`0`#35`0`Checked`false`0`3`FlagsToolBar`0`3`0`#8`0`SWESP`true`SWEH`0`SWEW`0`3`0`#34`0`SWESP`true`SWEH`600`SWEW`800`3`0`#36`0`SWESP`true`SWEH`20`SWEW`380`3`0`State`0`#27`false`#26`false`#28`false`0`3`StateEx`0`0`0`#26`0`0`0`#27`0`1`0`#28`0`Checked`false`0`0`Flags`0`</responseData>
  <responseFile class="java.lang.String"></responseFile>
  <cookies class="java.lang.String">_sn=GXmoeGkdwh1O45lrH7mMIZnLMWvqHkVWiQKqDOICOq1fi95anXYMaCRAX879ujDRD9kS4J75N4kGDX576Q2AKmwZPUBih-4NS80Pc1189OxasEbdAsHiEtIhcnCzZ0zWb5V6QpVraL0TTGU4ktkGZq374g8C0pUBRhKVASKeW21TgUW5eIkswq97I-.qG-kr; _srn=_srn; SWEUAID=SWEUAID</cookies>
  <method class="java.lang.String">POST</method>
  <queryString class="java.lang.String">SWER=0&amp;SWEVI=&amp;SWERowId=VRId-0&amp;SWEC=24&amp;SWEMethod=SubmitChange&amp;SWEReqRowId=1&amp;SWERPC=1&amp;s_4_2_93_0=newplugin&amp;SWENeedContext=false&amp;SWEApplet=BT+ISC+Edit+MMN+Applet&amp;SWEView=BT+Contact+At+View&amp;SWECmd=InvokeMethod&amp;SWEField=s_4_1_92_0&amp;SRN=xK7T2pIB2ZOV15hwlQxQF5reKcoUB8VpMTZr7we8uAEb&amp;SWESP=false&amp;SWEBID=-1&amp;SWETS={{\d+}}&amp;SWEDIC=true&amp;SWEP=16_BT+Contact+Form+Applet9_ShowPopupA_3-61EV7QEC0_2_24&amp;SWERowIds=SWERowId0%3D3-61EV7QEC</queryString>
  <java.net.URL>http://localhost:8080/ecommunications_enu_nsm_aps05524a027/start.swe</java.net.URL>
</httpSample>
<httpSample t="{{\d+}}" it="0" lt="{{\d+}}" ct="{{\d+}}" ts="{{\d+}}" s="true" lb="{{\d+}} /ecommunications_enu_nsm_aps05524a027/start.swe" rc="200" rm="OK" tn="Thread Group 1-1" dt="text" de="utf-8" by="26939" sby="1180" sc="1" ec="0" ng="1" na="1" hn="{{.*?}}">
  <responseHeader class="java.lang.String">HTTP/1.1 200 OK
Connection: close
Server: Oracle-iPlanet-Web-Server/7.0
Date: Tue, 23 Jun 2020 12:57:18 GMT
Content-Language: en
Cache-Control: no-cache
Swerpc: true
Content-Type: text/html;charset=utf-8
Matched-Stub-Id: {{\w+-\w+-\w+-\w+-\w+}}
Vary: Accept-Encoding, User-Agent
</responseHeader>
  <requestHeader class="java.lang.String">Connection: close
Content-Type: application/x-www-form-urlencoded
DNT: 1
Accept-Encoding: deflate
Pragma: no-cache
User-Agent: Mozilla/4.0 (compatible; MSIE 7.0; Windows NT 6.3; WOW64; Trident/7.0; .NET4.0E; .NET4.0C; .NET CLR 3.5.30729; .NET CLR 2.0.50727; .NET CLR 3.0.30729)
Accept: text/html, image/gif, image/jpeg, *; q=.2, */*; q=.2
Content-Length: 492
Host: localhost:8080
</requestHeader>
  <responseData class="java.lang.String">@0`1`10`3``0`URL`/ecommunications_enu_nsm_aps05524a027/start.swe?SWECmd=GetCachedFrame&amp;SWEC=25&amp;SWEFrame=top._sweclient._swecontent._sweview._swetmp&amp;SRN=xK7T2pIB2ZOV15hwlQxQF5reKcoUB8VpMTZr7we8uAEb`UC`1`Target`top.SWEPopupWin._swecontent`ViewId``Status`NewPopup`View``SWEH`100`SWEC`25`SWEW`300`SRN`xK7T2pIB2ZOV15hwlQxQF5reKcoUB8VpMTZr7we8uAEb`0`32`Notifications`0`2`0``0`OP`bn`bc`S_BC2`7`0``0`br`0`ar`0`size`1`cr`0`OP`nfd`bc`S_BC2`f`BT Double Dependent Locality`7`0``0`br`0`ar`0`size`1`cr`0`OP`nfd`bc`S_BC2`f`BT CUT Address Matched`7`0``0`br`0`ar`0`size`1`cr`0`OP`nfd`bc`S_BC2`f`BT CUT Address Id`7`1``0`br`0`ar`0`size`1`cr`0`OP`ndw`bc`S_BC2`f`BT Address Calc - Full`2`0`FieldValues`0`ValueArray`0*`FieldArray`1*8`7`0``0`br`0`ar`0`size`1`cr`0`OP`nfd`bc`S_BC2`f`BT Address Calc - Full`7`0``0`br`0`ar`0`size`1`cr`0`OP`nfd`bc`S_BC2`f`BT Dependent Thoroughfare`7`0``0`br`0`ar`0`size`1`cr`0`OP`nfd`bc`S_BC2`f`BT CUT Address Street Address 2`7`0``0`br`0`ar`0`size`1`cr`0`OP`nfd`bc`S_BC2`f`BT Upper Case Premise`7`0``0`br`0`ar`0`size`1`cr`0`OP`nfd`bc`S_BC2`f`BT Delivery Point`7`0``0`br`0`ar`0`size`1`cr`0`OP`nfd`bc`S_BC2`f`BT Contact Delivery Point`7`0``0`br`0`ar`0`size`1`cr`0`OP`nfd`bc`S_BC2`f`BT CUT Address County`7`0``0`br`0`ar`0`size`1`cr`0`OP`nfd`bc`S_BC2`f`BT Street Address`7`0``0`br`0`ar`0`size`1`cr`0`OP`nfd`bc`S_BC2`f`BT City`7`0``0`br`0`ar`0`size`1`cr`0`OP`nfd`bc`S_BC2`f`BT CUT Address Thoroughfare`7`0``0`br`0`ar`0`size`1`cr`0`OP`nfd`bc`S_BC2`f`BT CUT Address Building Number`7`0``0`br`0`ar`0`size`1`cr`0`OP`nfd`bc`S_BC2`f`BT PO Box`7`0``0`br`0`ar`0`size`1`cr`0`OP`nfd`bc`S_BC2`f`CUT Address Integration Id`7`0``0`br`0`ar`0`size`1`cr`0`OP`nfd`bc`S_BC2`f`CUT Address BT Business Name`7`0``0`br`0`ar`0`size`1`cr`0`OP`nfd`bc`S_BC2`f`BT CUT Address Country`7`1``0`br`0`ar`0`size`1`cr`0`OP`ndw`bc`S_BC2`f`BT CUT Address Type`2`0`FieldValues`0`ValueArray`0*`FieldArray`1*2`7`0``0`br`0`ar`0`size`1`cr`0`OP`nfd`bc`S_BC2`f`BT CUT Address Type`7`0``0`br`0`ar`0`size`1`cr`0`OP`nfd`bc`S_BC2`f`BT CUT Address Organisation Name`7`0``0`br`0`ar`0`size`1`cr`0`OP`nfd`bc`S_BC2`f`BT CUT Address End Date`7`0``0`br`0`ar`0`size`1`cr`0`OP`nfd`bc`S_BC2`f`BT Upper Case Thoroughfare Number`7`0``0`br`0`ar`0`size`1`cr`0`OP`nfd`bc`S_BC2`f`Province`7`0``0`br`0`ar`0`size`1`cr`0`OP`nfd`bc`S_BC2`f`BT CUT Address Descriptor`7`0``0`br`0`ar`0`size`1`cr`0`OP`nfd`bc`S_BC2`f`BT CUT Address Cherished Name`7`1``0`br`0`ar`0`size`1`cr`0`OP`ndw`bc`S_BC2`f`BT CUT Address Postal Code`2`0`FieldValues`0`ValueArray`0*`FieldArray`1*5`7`0``0`br`0`ar`0`size`1`cr`0`OP`nfd`bc`S_BC2`f`BT CUT Address Postal Code`7`1``0`br`0`ar`0`size`1`cr`0`OP`ndw`bc`S_BC2`f`BT Address Calc - Full`2`0`FieldValues`0`ValueArray`0*`FieldArray`1*8`2`0``0`OP`en`bc`S_BC2`0`3`api`0`2`0`sc`0`rqc`25`v`20*Associated Addresses5*Query6*Delete3*Add4*Idok5*Close23*LabelSelected - Shuttle13*Add - Shuttle5*Add &gt;10*AddRecords16*AddAll - Shuttle10*Add All &gt;&gt;13*AddAllRecords16*Remove - Shuttle8*&lt; Remove13*DeleteRecords19*RemoveAll - Shuttle13*&lt;&lt; Remove All16*DeleteAllRecords26*BT Contact Time At Address15*Time at Address33*BT Contact Time At Address String23*BT Contact Credit Check17*Credit Check Flag20*BT Street Address RO14*Street Address19*BT Building Name RO13*Building Name16*Street Address 221*BT Building Number RO9*Street No18*BT Thoroughfare RO28*BT Dependent Thoroughfare RO22*Dependent Thoroughfare25*BT Dependant Thoroughfare14*BT Province RO8*Locality8*Province10*BT City RO4*City12*BT County RO6*County17*BT Postal Code RO9*Post Code11*Postal Code23*BT Organisation Name RO17*Organisation Name20*BT Organisation Name25*Com Address Type PickList8*End Date14*Delivery Point31*BT Double Dependent Locality RO25*Double Dependent Locality28*BT Double Dependant Locality13*BT Country RO7*Country10*PickRecord17*BT Integration Id11*CancelQuery8*PickLink12*WebEditTitle13*WebQueryTitle18*HTML PositionOnRow16*BT Building Name13*BT Descriptor16*BT Descriptor RO17*BT Street Address12*BT PO Box RO13*All Addresses9*AddRecord20*BT GoToAddressSearch15*Advanced Search17*GoToAddressSearch8*Idcancel24*LabelAvailable - Shuttle9*Available19*BT Subpremise Query24*BT Upper Case Subpremise16*BT Premise Query21*BT Upper Case Premise28*BT Thoroughfare Number Query33*BT Upper Case Thoroughfare Number26*BT Thoroughfare Name Query31*BT Upper Case Thoroughfare Name17*BT Locality Query22*BT Upper Case Locality18*BT Post Town Query23*BT Upper Case Post Town15*BT County Query20*BT Upper Case County9*LabelFind17*Labelstartingwith18*PopupQuerySrchspec18*PopupQueryCombobox19*BT Street Address 25*State10*BT Country12*Premise Flag21*Last Updated Con Addr17*BT CUT Address Id66*BT Upper Case Thoroughfare Number,BT Upper Case Premise(ASCENDING)5*1 = 0`0`2`boi`3``0`1`nbc`0`7`2`bci`3`S_BC5`n`CUT Address`shd`19*CUT_Address_BusComp53*srf1592409810_444/bscripts/all/buscomp_cut_address.js`st`627`cdl`1`cac`1`hac`1`pi`S_BC2`0`20`fl`0`10`0`f`0`itx`1`n`333`sc`0`icl`1`l`255`crf`215`dft`5`iro`1`t`220`dn`333`11`0`f`0`itx`1`n`385`sc`0`icl`1`ipc`1`l`1`crf`215`dft`5`ihn`1`t`218`dn`386`9`0`f`0`itx`1`n`550`sc`0`l`10`ibp`1`crf`215`dft`5`t`220`dn`549`8`0`f`0`itx`1`n`551`sc`0`l`1`crf`215`dft`5`t`218`dn`552`9`0`f`0`itx`1`n`554`sc`0`ipc`1`l`200`crf`215`dft`5`t`220`dn`285`9`0`f`0`itx`1`n`557`sc`0`ipc`1`l`100`crf`215`dft`5`t`220`dn`556`8`0`f`0`itx`1`n`455`sc`0`l`30`crf`215`dft`5`t`220`dn`559`8`0`f`0`itx`1`n`474`sc`0`l`100`crf`215`dft`5`t`220`dn`291`8`0`f`0`itx`1`n`563`sc`0`l`100`crf`215`dft`5`t`220`dn`562`8`0`f`0`itx`1`n`566`sc`0`l`50`crf`215`dft`5`t`220`dn`565`9`0`f`0`itx`1`n`568`sc`0`ipc`1`l`50`crf`215`dft`5`t`220`dn`296`8`0`f`0`itx`1`n`570`sc`0`l`50`crf`215`dft`5`t`220`dn`570`8`0`f`0`itx`1`n`573`sc`0`l`30`crf`215`dft`5`t`220`dn`572`8`0`f`0`itx`1`n`576`sc`0`l`100`crf`215`dft`5`t`220`dn`575`9`0`f`0`itx`1`n`413`sc`0`l`30`ibp`1`crf`215`dft`5`t`220`dn`413`7`0`f`0`n`578`sc`0`l`32`crf`215`dft`5`t`219`dn`578`10`0`f`0`itx`1`n`460`sc`0`icl`1`l`255`crf`215`dft`5`iro`1`t`220`dn`579`8`0`f`0`itx`1`n`582`sc`0`l`50`crf`215`dft`5`t`220`dn`581`8`0`f`0`itx`1`n`584`sc`0`l`30`crf`215`dft`5`t`220`dn`584`11`0`f`0`itx`1`n`183`sc`0`irq`1`l`15`crf`215`dft`5`ihn`1`iro`1`t`214`dn`628`3`1`rl`0`inrk`1`nmr`0`atr`-1`1`0`tr`0`v``0`1`nbc`0`5`2`bci`3`S_BC6`n`CUT Address`shd`19*CUT_Address_BusComp53*srf1592409810_444/bscripts/all/buscomp_cut_address.js`st`629`cdl`1`sh`630`0`11`fl`0`8`0`f`0`itx`1`n`606`sc`0`l`200`crf`215`dft`5`t`220`dn`285`8`0`f`0`itx`1`n`608`sc`0`l`100`crf`215`dft`5`t`220`dn`556`8`0`f`0`itx`1`n`610`sc`0`l`30`crf`215`dft`5`t`220`dn`559`8`0`f`0`itx`1`n`612`sc`0`l`100`crf`215`dft`5`t`220`dn`291`8`0`f`0`itx`1`n`563`sc`0`l`100`crf`215`dft`5`t`220`dn`562`8`0`f`0`itx`1`n`614`sc`0`l`50`crf`215`dft`5`t`220`dn`565`8`0`f`0`itx`1`n`616`sc`0`l`50`crf`215`dft`5`t`220`dn`296`8`0`f`0`itx`1`n`618`sc`0`l`50`crf`215`dft`5`t`220`dn`570`8`0`f`0`itx`1`n`573`sc`0`l`30`crf`215`dft`5`t`220`dn`572`8`0`f`0`itx`1`n`576`sc`0`l`100`crf`215`dft`5`t`220`dn`575`11`0`f`0`itx`1`n`183`sc`0`irq`1`l`15`crf`215`dft`5`ihn`1`iro`1`t`214`dn`357`3`1`rl`0`inrk`1`nmr`0`atr`-1`1`0`tr`0`v``2`3`vi`3``vt`STANDARD`ich`1`0`1`nla`0`25`4`ai`3`S_A5`nfi`1`n`BT Address Mvg Applet - Contact`cud`3*5361*13*5391*13*5861*03*5351*13*5421*13*5451*12*431*13*1051*13*3121*12*281*13*4781*13*5331*13*5871*13*3061*12*451*12*401*12*391*12*441*13*5881*12*291*13*3071*12*271*13*5231*13*5891*12*121*13*3161*12*311*13*5901*13*5911*13*3171*13*3901*03*5921*03*5551*03*4551*03*5581*03*4561*03*4571*03*5671*03*5511*03*4581*03*5481*03*4591*03*5691*03*4601*03*5931*03*5941*03*5761*03*5741*03*4691*03*5641*03*5951*03*5531*03*4741*03*5601*03*3851*03*4131*03*4611*03*5611*03*4651*03*5801*03*4671*03*5961*03*4201*03*5711*03*5781*03*5831*03*5841*0`pbk`16_BT Contact Form Applet9_EditFieldA_3-61EV7QECA_s_2_1_31_02_25`cik`3*5381*03*5411*03*5441*03*5471*02*431*02*291*02*281*03*5231*12*271*03*3061*02*451*12*401*02*391*02*441*13*5851*13*3071*12*311*03*3101*02*211*02*221*02*231*02*241*02*251*02*261*02*301*02*321*02*331*02*341*02*351*02*361*02*371*02*381*02*411*02*421*02*201*02*461*12*471*02*481*02*491*02*501*02*511*02*521*02*531*02*541*12*551*02*561*12*571*0`pf`VER_1.0_~0|SSA Primary Field|100~0|BT Contact Time At Address|100~0|BT Contact Credit Check|100~0|BT Street Address RO|100~0|BT Building Name RO|100~0|BT Building Number RO|100~0|BT Thoroughfare RO|100~0|BT Dependent Thoroughfare RO|100~0|BT Province RO|100~0|BT City RO|100~0|BT County RO|100~0|BT Postal Code RO|100~0|BT Organisation Name RO|100~0|Address Type|100~0|End Date|100~0|BT Delivery Point|100~0|BT Double Dependent Locality RO|100~0|BT Country RO|100`shd`37*BT_Address_Mvg_Applet__Contact_Applet71*srf1592409810_444/bscripts/all/applet_bt_address_mvg_applet__contact.js`rct`10`asq`-1`iis`1`ied`1`vrn`S_A5`tt`529`pan`BT Address Mvg Applet - Contact`inu`0`hmn`1`dbckmd`523`pmsan`BT Address Mvg Applet - Contact`dmd`523`rsp`false`bnr`0`iem``bci`S_BC5`hlc`3*a_51*11*2`i`5`0`15`cl`0`23`1`c`0`pt`5`sp`s_5_1_77_0`dm`7`w`0`n`44`pw`0`ph`0`ju`6`sq`997`pan`5`mn`44`ibp`1`crf`8`sdy`0`h`0`iec`1`dft`5`ime`5`dmc`0`t`67`dn`530`fn`5`msz`32`15`0`imp`0`SWEField`s_5_1_77_0`SWENeedContext`false`SWER`65535`SWESP`false`SWERowIds`SWERowId0=3-61EV7QEC`SWEMethod`NewQuery`SWECmd`InvokeMethod`SWEP`16_BT Contact Form Applet9_EditFieldA_3-61EV7QECA_s_2_1_31_02_25`SWEDIC`true`SWEReqRowId`0`SWEView`BT Contact At View`SWEC`25`SWEBID`-1`SRN`xK7T2pIB2ZOV15hwlQxQF5reKcoUB8VpMTZr7we8uAEb`SWEApplet`BT Address Mvg Applet - Contact`23`1`c`0`pt`5`sp`s_5_1_76_0`dm`7`w`0`n`45`pw`0`ph`0`ju`6`sq`997`pan`5`mn`45`ibp`1`crf`8`sdy`0`h`0`iec`1`dft`5`ime`5`dmc`0`t`67`dn`392`fn`5`msz`32`15`0`imp`0`SWEField`s_5_1_76_0`SWENeedContext`false`SWER`65535`SWESP`false`SWERowIds`SWERowId0=3-61EV7QEC`SWEMethod`ExecuteQuery`SWECmd`InvokeMethod`SWEP`16_BT Contact Form Applet9_EditFieldA_3-61EV7QECA_s_2_1_31_02_25`SWEDIC`true`SWEReqRowId`0`SWEView`BT Contact At View`SWEC`25`SWEBID`-1`SRN`xK7T2pIB2ZOV15hwlQxQF5reKcoUB8VpMTZr7we8uAEb`SWEApplet`BT Address Mvg Applet - Contact`23`1`c`0`pt`5`sp`s_5_1_80_0`dm`7`w`0`n`43`pw`0`ph`0`ju`6`sq`997`pan`5`mn`43`ibp`1`crf`8`sdy`0`h`0`iec`1`dft`5`ime`5`dmc`0`t`67`dn`393`fn`5`msz`32`15`0`imp`0`SWEField`s_5_1_80_0`SWENeedContext`false`SWER`65535`SWESP`false`SWERowIds`SWERowId0=3-61EV7QEC`SWEMethod`UndoQuery`SWECmd`InvokeMethod`SWEP`16_BT Contact Form Applet9_EditFieldA_3-61EV7QECA_s_2_1_31_02_25`SWEDIC`true`SWEReqRowId`0`SWEView`BT Contact At View`SWEC`25`SWEBID`-1`SRN`xK7T2pIB2ZOV15hwlQxQF5reKcoUB8VpMTZr7we8uAEb`SWEApplet`BT Address Mvg Applet - Contact`23`1`c`0`pt`5`sp`s_5_1_95_0`dm`7`w`0`n`28`pw`0`ph`0`ju`6`sq`997`pan`5`mn`28`ibp`1`crf`8`sdy`0`h`0`iec`1`dft`5`ime`5`dmc`0`t`67`dn`531`fn`5`msz`32`15`0`imp`0`SWEField`s_5_1_95_0`SWENeedContext`false`SWER`65535`SWESP`false`SWERowIds`SWERowId0=3-61EV7QEC`SWEMethod`DeleteRecord`SWECmd`InvokeMethod`SWEP`16_BT Contact Form Applet9_EditFieldA_3-61EV7QECA_s_2_1_31_02_25`SWEDIC`true`SWEReqRowId`0`SWEView`BT Contact At View`SWEC`25`SWEBID`-1`SRN`xK7T2pIB2ZOV15hwlQxQF5reKcoUB8VpMTZr7we8uAEb`SWEApplet`BT Address Mvg Applet - Contact`25`1`c`0`pt`5`sp`s_5_1_96_0`dm`7`w`0`n`39`eb`&lt;img src=&quot;images/rcnv_prvset_1.gif&quot; border=&quot;0&quot; space=&quot;0&quot; hspace=&quot;0&quot; alt=&quot;Previous record set&quot;  title=&quot;Previous record set&quot; &gt;`pw`0`db`&lt;img src=&quot;images/rcnv_prvset_0.gif&quot; border=&quot;0&quot; space=&quot;0&quot; hspace=&quot;0&quot; alt=&quot;Previous record set&quot;  title=&quot;Previous record set&quot; &gt;`ph`0`ju`6`sq`997`pan`5`mn`39`ibp`1`crf`8`sdy`0`h`0`iec`1`dft`5`ime`5`dmc`0`t`67`dn`381`fn`5`msz`32`15`0`imp`0`SWEField`s_5_1_96_0`SWENeedContext`false`SWER`65535`SWESP`false`SWERowIds`SWERowId0=3-61EV7QEC`SWEMethod`GotoPreviousSet`SWECmd`InvokeMethod`SWEP`16_BT Contact Form Applet9_EditFieldA_3-61EV7QECA_s_2_1_31_02_25`SWEDIC`true`SWEReqRowId`0`SWEView`BT Contact At View`SWEC`25`SWEBID`-1`SRN`xK7T2pIB2ZOV15hwlQxQF5reKcoUB8VpMTZr7we8uAEb`SWEApplet`BT Address Mvg Applet - Contact`25`1`c`0`pt`5`sp`s_5_1_97_0`dm`7`w`0`n`40`eb`&lt;img src=&quot;images/rcnv_nxtset_1.gif&quot; border=&quot;0&quot; space=&quot;0&quot; hspace=&quot;0&quot; alt=&quot;Next record set&quot;  title=&quot;Next record set&quot; &gt;`pw`0`db`&lt;img src=&quot;images/rcnv_nxtset_0.gif&quot; border=&quot;0&quot; space=&quot;0&quot; hspace=&quot;0&quot; alt=&quot;Next record set&quot;  title=&quot;Next record set&quot; &gt;`ph`0`ju`6`sq`997`pan`5`mn`40`ibp`1`crf`8`sdy`0`h`0`iec`1`dft`5`ime`5`dmc`0`t`67`dn`382`fn`5`msz`32`15`0`imp`0`SWEField`s_5_1_97_0`SWENeedContext`false`SWER`65535`SWESP`false`SWERowIds`SWERowId0=3-61EV7QEC`SWEMethod`GotoNextSet`SWECmd`InvokeMethod`SWEP`16_BT Contact Form Applet9_EditFieldA_3-61EV7QECA_s_2_1_31_02_25`SWEDIC`true`SWEReqRowId`0`SWEView`BT Contact At View`SWEC`25`SWEBID`-1`SRN`xK7T2pIB2ZOV15hwlQxQF5reKcoUB8VpMTZr7we8uAEb`SWEApplet`BT Address Mvg Applet - Contact`23`1`c`0`pt`5`sp`s_5_1_98_0`dm`7`w`0`n`29`pw`0`ph`0`ju`6`sq`997`pan`5`mn`29`ibp`1`crf`8`sdy`0`h`0`iec`1`dft`5`ime`5`dmc`0`t`67`dn`532`fn`5`msz`32`17`0`imp`0`SWEField`s_5_1_98_0`SWENeedContext`false`SWER`65535`SWESP`true`SWERowIds`SWERowId0=3-61EV7QEC`SWEMethod`NewRecord`SWECmd`InvokeMethod`SWEP`16_BT Contact Form Applet9_EditFieldA_3-61EV7QECA_s_2_1_31_02_25`SWEH`100`SWEDIC`true`SWEReqRowId`0`SWEView`BT Contact At View`SWEC`25`SWEW`300`SWEBID`-1`SRN`xK7T2pIB2ZOV15hwlQxQF5reKcoUB8VpMTZr7we8uAEb`SWEApplet`BT Address Mvg Applet - Contact`23`1`c`0`pt`5`sp`s_5_1_94_0`dm`5`w`0`n`533`pw`0`ph`0`ju`6`sq`997`pan`5`mn`523`ibp`1`crf`8`sdy`0`h`0`iec`1`dft`5`ime`5`dmc`0`t`67`dn`534`fn`5`msz`32`15`0`imp`0`SWEField`s_5_1_94_0`SWENeedContext`false`SWER`65535`SWESP`false`SWERowIds`SWERowId0=3-61EV7QEC`SWEMethod`CloseApplet`SWECmd`InvokeMethod`SWEP`16_BT Contact Form Applet9_EditFieldA_3-61EV7QECA_s_2_1_31_02_25`SWEDIC`true`SWEReqRowId`0`SWEView`BT Contact At View`SWEC`25`SWEBID`-1`SRN`xK7T2pIB2ZOV15hwlQxQF5reKcoUB8VpMTZr7we8uAEb`SWEApplet`BT Address Mvg Applet - Contact`23`0`c`0`pt`5`sp`s_5_1_83_0`dm`7`w`0`csq`1`n`390`pw`0`ph`0`ju`6`sq`997`pan`5`ibp`1`crf`8`sdy`0`h`0`iec`1`dft`5`ime`5`dmc`0`t`10`dn`5`fn`333`msz`255`23`1`c`0`pt`5`sp`s_5_1_82_0`dm`7`w`0`n`31`pw`0`ph`0`ju`6`sq`997`pan`5`mn`31`ibp`1`crf`8`sdy`0`h`0`iec`1`dft`5`ime`5`dmc`0`t`67`dn`383`fn`5`msz`32`15`0`imp`0`SWEField`s_5_1_82_0`SWENeedContext`false`SWER`65535`SWESP`false`SWERowIds`SWERowId0=3-61EV7QEC`SWEMethod`WriteRecord`SWECmd`InvokeMethod`SWEP`16_BT Contact Form Applet9_EditFieldA_3-61EV7QECA_s_2_1_31_02_25`SWEDIC`true`SWEReqRowId`1`SWEView`BT Contact At View`SWEC`25`SWEBID`-1`SRN`xK7T2pIB2ZOV15hwlQxQF5reKcoUB8VpMTZr7we8uAEb`SWEApplet`BT Address Mvg Applet - Contact`22`0`c`0`pt`5`sp`s_5_1_99_0`dm`7`w`0`n`535`pw`0`ph`0`ju`6`sq`997`pan`5`ibp`1`crf`8`sdy`0`h`0`iec`1`dft`5`ime`5`dmc`0`t`89`dn`1`fn`5`msz`32`23`1`c`0`pt`5`sp`s_5_1_91_0`dm`7`w`0`n`536`pw`0`ph`0`ju`6`sq`997`pan`5`mn`538`ibp`1`crf`8`sdy`0`h`0`iec`1`dft`5`ime`5`dmc`0`t`67`dn`537`fn`5`msz`32`15`0`imp`0`SWEField`s_5_1_91_0`SWENeedContext`false`SWER`65535`SWESP`false`SWERowIds`SWERowId0=3-61EV7QEC`SWEMethod`AddRecords`SWECmd`InvokeMethod`SWEP`16_BT Contact Form Applet9_EditFieldA_3-61EV7QECA_s_2_1_31_02_25`SWEDIC`true`SWEReqRowId`0`SWEView`BT Contact At View`SWEC`25`SWEBID`-1`SRN`xK7T2pIB2ZOV15hwlQxQF5reKcoUB8VpMTZr7we8uAEb`SWEApplet`BT Address Mvg Applet - Contact`23`1`c`0`pt`5`sp`s_5_1_100_0`dm`7`w`0`n`539`pw`0`ph`0`ju`6`sq`997`pan`5`mn`541`ibp`1`crf`8`sdy`0`h`0`iec`1`dft`5`ime`5`dmc`0`t`67`dn`540`fn`5`msz`32`15`0`imp`0`SWEField`s_5_1_100_0`SWENeedContext`false`SWER`65535`SWESP`false`SWERowIds`SWERowId0=3-61EV7QEC`SWEMethod`AddAllRecords`SWECmd`InvokeMethod`SWEP`16_BT Contact Form Applet9_EditFieldA_3-61EV7QECA_s_2_1_31_02_25`SWEDIC`true`SWEReqRowId`0`SWEView`BT Contact At View`SWEC`25`SWEBID`-1`SRN`xK7T2pIB2ZOV15hwlQxQF5reKcoUB8VpMTZr7we8uAEb`SWEApplet`BT Address Mvg Applet - Contact`23`1`c`0`pt`5`sp`s_5_1_92_0`dm`7`w`0`n`542`pw`0`ph`0`ju`6`sq`997`pan`5`mn`544`ibp`1`crf`8`sdy`0`h`0`iec`1`dft`5`ime`5`dmc`0`t`67`dn`543`fn`5`msz`32`15`0`imp`0`SWEField`s_5_1_92_0`SWENeedContext`false`SWER`65535`SWESP`false`SWERowIds`SWERowId0=3-61EV7QEC`SWEMethod`DeleteRecords`SWECmd`InvokeMethod`SWEP`16_BT Contact Form Applet9_EditFieldA_3-61EV7QECA_s_2_1_31_02_25`SWEDIC`true`SWEReqRowId`0`SWEView`BT Contact At View`SWEC`25`SWEBID`-1`SRN`xK7T2pIB2ZOV15hwlQxQF5reKcoUB8VpMTZr7we8uAEb`SWEApplet`BT Address Mvg Applet - Contact`23`1`c`0`pt`5`sp`s_5_1_93_0`dm`7`w`0`n`545`pw`0`ph`0`ju`6`sq`997`pan`5`mn`547`ibp`1`crf`8`sdy`0`h`0`iec`1`dft`5`ime`5`dmc`0`t`67`dn`546`fn`5`msz`32`15`0`imp`0`SWEField`s_5_1_93_0`SWENeedContext`false`SWER`65535`SWESP`false`SWERowIds`SWERowId0=3-61EV7QEC`SWEMethod`DeleteAllRecords`SWECmd`InvokeMethod`SWEP`16_BT Contact Form Applet9_EditFieldA_3-61EV7QECA_s_2_1_31_02_25`SWEDIC`true`SWEReqRowId`0`SWEView`BT Contact At View`SWEC`25`SWEBID`-1`SRN`xK7T2pIB2ZOV15hwlQxQF5reKcoUB8VpMTZr7we8uAEb`SWEApplet`BT Address Mvg Applet - Contact`1`0`cfm`0`DeleteRecord`IDS_SWE_DELETE_CONFIRM_WARNING`0`18`col`0`24`0`co`0`pt`5`sp`s_5_2_101_`dm`5`w`100`n`385`pw`0`ph`0`ju`6`sq`997`pan`5`icm`387`ibp`1`crf`8`sdy`0`h`0`iec`1`dft`5`cix`0`ime`5`dmc`0`t`92`dn`386`fn`385`msz`1`25`0`co`0`pt`5`sp`s_5_2_102_`dm`7`w`100`csq`1`n`548`pw`0`ist`1`ph`0`ju`6`sq`997`pan`5`ibp`1`crf`8`sdy`0`h`0`iec`1`dft`5`cix`1`ime`5`dmc`0`t`116`dn`549`fn`550`msz`10`24`0`co`0`pt`5`sp`s_5_2_103_`dm`7`w`100`n`551`pw`0`ist`1`ph`0`ju`6`sq`997`pan`5`ibp`1`crf`8`sdy`0`h`0`iec`1`dft`5`cix`2`ime`5`dmc`0`t`92`dn`552`fn`551`msz`1`25`0`co`0`pt`5`sp`s_5_2_104_`dm`7`w`100`csq`1`n`553`pw`0`ist`1`ph`0`ju`6`sq`997`pan`5`ibp`1`crf`8`sdy`0`h`0`iec`1`dft`5`cix`3`ime`5`dmc`0`t`4`dn`285`fn`554`msz`200`25`0`co`0`pt`5`sp`s_5_2_105_`dm`7`w`100`csq`1`n`555`pw`0`ist`1`ph`0`ju`6`sq`997`pan`5`ibp`1`crf`8`sdy`0`h`0`iec`1`dft`5`cix`4`ime`5`dmc`0`t`4`dn`556`fn`557`msz`100`25`0`co`0`pt`5`sp`s_5_2_106_`dm`7`w`100`csq`1`n`558`pw`0`ist`1`ph`0`ju`6`sq`997`pan`5`ibp`1`crf`8`sdy`0`h`0`iec`1`dft`5`cix`5`ime`5`dmc`0`t`4`dn`559`fn`455`msz`30`25`0`co`0`pt`5`sp`s_5_2_107_`dm`7`w`100`csq`1`n`560`pw`0`ist`1`ph`0`ju`6`sq`997`pan`5`ibp`1`crf`8`sdy`0`h`0`iec`1`dft`5`cix`6`ime`5`dmc`0`t`4`dn`291`fn`474`msz`100`25`0`co`0`pt`5`sp`s_5_2_108_`dm`5`w`100`csq`1`n`561`pw`0`ist`1`ph`0`ju`6`sq`997`pan`5`ibp`1`crf`8`sdy`0`h`0`iec`1`dft`5`cix`7`ime`5`dmc`0`t`4`dn`562`fn`563`msz`100`25`0`co`0`pt`5`sp`s_5_2_109_`dm`7`w`100`csq`1`n`564`pw`0`ist`1`ph`0`ju`6`sq`997`pan`5`ibp`1`crf`8`sdy`0`h`0`iec`1`dft`5`cix`8`ime`5`dmc`0`t`4`dn`565`fn`566`msz`50`25`0`co`0`pt`5`sp`s_5_2_110_`dm`7`w`100`csq`1`n`567`pw`0`ist`1`ph`0`ju`6`sq`997`pan`5`ibp`1`crf`8`sdy`0`h`0`iec`1`dft`5`cix`9`ime`5`dmc`0`t`4`dn`296`fn`568`msz`50`25`0`co`0`pt`5`sp`s_5_2_111_`dm`7`w`100`csq`1`n`569`pw`0`ist`1`ph`0`ju`6`sq`997`pan`5`ibp`1`crf`8`sdy`0`h`0`iec`1`dft`5`cix`10`ime`5`dmc`0`t`4`dn`570`fn`570`msz`50`24`0`co`0`pt`5`sp`s_5_2_112_`dm`5`w`100`csq`1`n`571`pw`0`ist`1`ph`0`ju`6`sq`997`pan`5`crf`8`sdy`0`h`0`iec`1`dft`5`cix`11`ime`5`dmc`0`t`4`dn`572`fn`573`msz`30`25`0`co`0`pt`5`sp`s_5_2_113_`dm`7`w`100`csq`1`n`574`pw`0`ist`1`ph`0`ju`6`sq`997`pan`5`ibp`1`crf`8`sdy`0`h`0`iec`1`dft`5`cix`12`ime`5`dmc`0`t`4`dn`575`fn`576`msz`100`25`0`co`0`pt`5`sp`s_5_2_13_`dm`7`w`100`csq`1`n`413`pw`0`ist`1`ph`0`ju`6`sq`997`pan`577`ibp`1`crf`8`sdy`0`h`0`iec`1`dft`5`cix`13`ime`5`dmc`0`t`116`dn`413`fn`413`msz`30`24`0`co`0`pt`5`sp`s_5_2_114_`dm`5`w`100`n`578`pw`0`ist`1`ph`0`ju`6`sq`997`pan`5`ibp`1`crf`8`sdy`0`h`0`iec`1`dft`5`cix`14`ime`5`dmc`0`t`97`dn`578`fn`578`msz`32`24`0`co`0`pt`5`sp`s_5_2_23_`dm`7`w`100`csq`1`n`460`pw`0`ph`0`ju`6`sq`997`pan`5`ibp`1`crf`8`sdy`0`h`0`iec`1`dft`5`cix`15`ime`5`dmc`0`t`4`dn`579`fn`460`msz`255`25`0`co`0`pt`5`sp`s_5_2_115_`dm`5`w`100`csq`1`n`580`pw`0`ist`1`ph`0`ju`6`sq`997`pan`5`ibp`1`crf`8`sdy`0`h`0`iec`1`dft`5`cix`16`ime`5`dmc`0`t`4`dn`581`fn`582`msz`50`25`0`co`0`pt`5`sp`s_5_2_116_`dm`7`w`100`csq`1`n`583`pw`0`ist`1`ph`0`ju`6`sq`997`pan`5`ibp`1`crf`8`sdy`0`h`0`iec`1`dft`5`cix`17`ime`5`dmc`0`t`4`dn`584`fn`584`msz`30`2`0`pif`3`S_A2`pc`BT Postal Code`pmd`NewRecord`0`1`nla`0`24`5`ai`3`S_A6`nfi`1`n`BT All Address Assoc Applet`cud`3*4561*13*6031*13*1051*13*5871*13*6191*13*6201*12*451*12*401*12*391*12*441*12*291*13*5981*13*3171*13*6211*12*271*13*6221*13*3671*13*6021*13*5991*13*4551*03*4561*03*4571*03*4591*03*6171*03*4601*03*4611*03*5931*03*4651*03*6131*03*5761*03*6151*03*4201*03*6071*03*4691*03*3331*03*5951*03*6231*03*6051*03*4741*03*6111*03*6091*03*5541*03*5681*03*6241*03*5731*03*6251*03*5841*03*6261*0`pbk`16_BT Contact Form Applet9_EditFieldA_3-61EV7QECA_s_2_1_31_02_259_NewRecord0_0_2_25`cik`2*431*02*451*12*401*02*391*02*441*12*291*13*5981*02*311*02*271*03*3641*13*5231*03*6011*02*211*02*221*02*231*02*241*02*251*02*261*02*281*02*301*02*321*02*331*02*341*02*351*02*361*02*371*02*381*02*411*02*421*02*201*02*461*12*471*02*481*02*491*02*501*02*511*02*521*02*531*02*541*12*551*02*561*12*571*0`pf`VER_1.0_~0|BT Subpremise Query|100~0|BT Premise Query|100~0|BT Thoroughfare Number Query|100~0|BT Thoroughfare Name Query|100~0|BT Dependent Thoroughfare|100~0|BT Locality Query|100~0|BT Post Town Query|100~0|BT County Query|100~0|BT Postal Code|100~0|BT Organisation Name|100`shd`34*BT_All_Address_Assoc_Applet_Applet68*srf1592409810_444/bscripts/all/applet_bt_all_address_assoc_applet.js`rct`10`asq`-1`ied`1`vrn`S_A6`tt`597`pan`BT All Address Assoc Applet`inu`0`hmn`1`dbckmd`598`dmd`598`rsp`false`bnr`0`pmaan`BT All Address Assoc Applet`iem``bci`S_BC6`hlc`3*a_61*11*2`i`6`0`7`cl`0`23`1`c`0`pt`5`sp`s_6_1_77_0`dm`7`w`0`n`44`pw`0`ph`0`ju`6`sq`997`pan`5`mn`44`ibp`1`crf`8`sdy`0`h`0`iec`1`dft`5`ime`5`dmc`0`t`67`dn`530`fn`5`msz`32`15`0`imp`0`SWEField`s_6_1_77_0`SWENeedContext`false`SWER`65535`SWESP`false`SWERowIds`SWERowId0=3-61EV7QEC`SWEMethod`NewQuery`SWECmd`InvokeMethod`SWEP`16_BT Contact Form Applet9_EditFieldA_3-61EV7QECA_s_2_1_31_02_259_NewRecord0_0_2_25`SWEDIC`true`SWEReqRowId`0`SWEView`BT Contact At View`SWEC`25`SWEBID`-1`SRN`xK7T2pIB2ZOV15hwlQxQF5reKcoUB8VpMTZr7we8uAEb`SWEApplet`BT All Address Assoc Applet`23`1`c`0`pt`5`sp`s_6_1_76_0`dm`7`w`0`n`45`pw`0`ph`0`ju`6`sq`997`pan`5`mn`45`ibp`1`crf`8`sdy`0`h`0`iec`1`dft`5`ime`5`dmc`0`t`67`dn`392`fn`5`msz`32`15`0`imp`0`SWEField`s_6_1_76_0`SWENeedContext`false`SWER`65535`SWESP`false`SWERowIds`SWERowId0=3-61EV7QEC`SWEMethod`ExecuteQuery`SWECmd`InvokeMethod`SWEP`16_BT Contact Form Applet9_EditFieldA_3-61EV7QECA_s_2_1_31_02_259_NewRecord0_0_2_25`SWEDIC`true`SWEReqRowId`0`SWEView`BT Contact At View`SWEC`25`SWEBID`-1`SRN`xK7T2pIB2ZOV15hwlQxQF5reKcoUB8VpMTZr7we8uAEb`SWEApplet`BT All Address Assoc Applet`23`1`c`0`pt`5`sp`s_6_1_91_0`dm`7`w`0`n`587`pw`0`ph`0`ju`6`sq`997`pan`5`mn`43`ibp`1`crf`8`sdy`0`h`0`iec`1`dft`5`ime`5`dmc`0`t`67`dn`393`fn`5`msz`32`15`0`imp`0`SWEField`s_6_1_91_0`SWENeedContext`false`SWER`65535`SWESP`false`SWERowIds`SWERowId0=3-61EV7QEC`SWEMethod`UndoQuery`SWECmd`InvokeMethod`SWEP`16_BT Contact Form Applet9_EditFieldA_3-61EV7QECA_s_2_1_31_02_259_NewRecord0_0_2_25`SWEDIC`true`SWEReqRowId`0`SWEView`BT Contact At View`SWEC`25`SWEBID`-1`SRN`xK7T2pIB2ZOV15hwlQxQF5reKcoUB8VpMTZr7we8uAEb`SWEApplet`BT All Address Assoc Applet`23`1`c`0`pt`5`sp`s_6_1_92_0`dm`7`w`0`n`599`pw`0`ph`0`ju`6`sq`997`pan`5`mn`601`ibp`1`crf`8`sdy`0`h`0`iec`1`dft`5`ime`5`dmc`0`t`67`dn`600`fn`5`msz`32`15`0`imp`0`SWEField`s_6_1_92_0`SWENeedContext`false`SWER`65535`SWESP`false`SWERowIds`SWERowId0=3-61EV7QEC`SWEMethod`GoToAddressSearch`SWECmd`InvokeMethod`SWEP`16_BT Contact Form Applet9_EditFieldA_3-61EV7QECA_s_2_1_31_02_259_NewRecord0_0_2_25`SWEDIC`true`SWEReqRowId`0`SWEView`BT Contact At View`SWEC`25`SWEBID`-1`SRN`xK7T2pIB2ZOV15hwlQxQF5reKcoUB8VpMTZr7we8uAEb`SWEApplet`BT All Address Assoc Applet`23`1`c`0`pt`5`sp`s_6_1_93_0`dm`5`w`0`n`598`pw`0`ph`0`ju`6`sq`997`pan`5`mn`598`ibp`1`crf`8`sdy`0`h`0`iec`1`dft`5`ime`5`dmc`0`t`67`dn`526`fn`5`msz`32`15`0`imp`0`SWEField`s_6_1_93_0`SWENeedContext`false`SWER`65535`SWESP`false`SWERowIds`SWERowId0=3-61EV7QEC`SWEMethod`AddRecord`SWECmd`InvokeMethod`SWEP`16_BT Contact Form Applet9_EditFieldA_3-61EV7QECA_s_2_1_31_02_259_NewRecord0_0_2_25`SWEDIC`true`SWEReqRowId`0`SWEView`BT Contact At View`SWEC`25`SWEBID`-1`SRN`xK7T2pIB2ZOV15hwlQxQF5reKcoUB8VpMTZr7we8uAEb`SWEApplet`BT All Address Assoc Applet`23`1`c`0`pt`5`sp`s_6_1_94_0`dm`5`w`0`n`602`pw`0`ph`0`ju`6`sq`997`pan`5`mn`523`ibp`1`crf`8`sdy`0`h`0`iec`1`dft`5`ime`5`dmc`0`t`67`dn`393`fn`5`msz`32`15`0`imp`0`SWEField`s_6_1_94_0`SWENeedContext`false`SWER`65535`SWESP`false`SWERowIds`SWERowId0=3-61EV7QEC`SWEMethod`CloseApplet`SWECmd`InvokeMethod`SWEP`16_BT Contact Form Applet9_EditFieldA_3-61EV7QECA_s_2_1_31_02_259_NewRecord0_0_2_25`SWEDIC`true`SWEReqRowId`0`SWEView`BT Contact At View`SWEC`25`SWEBID`-1`SRN`xK7T2pIB2ZOV15hwlQxQF5reKcoUB8VpMTZr7we8uAEb`SWEApplet`BT All Address Assoc Applet`22`0`c`0`pt`5`sp`s_6_1_95_0`dm`7`w`0`n`603`pw`0`ph`0`ju`6`sq`997`pan`5`ibp`1`crf`8`sdy`0`h`0`iec`1`dft`5`ime`5`dmc`0`t`89`dn`604`fn`5`msz`32`1`0`cfm`0`DeleteRecord`IDS_SWE_DELETE_CONFIRM_WARNING`0`10`col`0`25`0`co`0`pt`5`sp`s_6_2_96_`dm`7`w`100`csq`1`n`605`pw`0`ist`1`ph`0`ju`6`sq`997`pan`5`ibp`1`crf`8`sdy`0`h`0`iec`1`dft`5`cix`0`ime`5`dmc`0`t`4`dn`285`fn`606`msz`200`25`0`co`0`pt`5`sp`s_6_2_97_`dm`7`w`100`csq`1`n`607`pw`0`ist`1`ph`0`ju`6`sq`997`pan`5`ibp`1`crf`8`sdy`0`h`0`iec`1`dft`5`cix`1`ime`5`dmc`0`t`4`dn`556`fn`608`msz`100`25`0`co`0`pt`5`sp`s_6_2_98_`dm`7`w`100`csq`1`n`609`pw`0`ist`1`ph`0`ju`6`sq`997`pan`5`ibp`1`crf`8`sdy`0`h`0`iec`1`dft`5`cix`2`ime`5`dmc`0`t`4`dn`559`fn`610`msz`30`25`0`co`0`pt`5`sp`s_6_2_99_`dm`7`w`100`csq`1`n`611`pw`0`ist`1`ph`0`ju`6`sq`997`pan`5`ibp`1`crf`8`sdy`0`h`0`iec`1`dft`5`cix`3`ime`5`dmc`0`t`4`dn`291`fn`612`msz`100`25`0`co`0`pt`5`sp`s_6_2_24_`dm`7`w`100`csq`1`n`461`pw`0`ist`1`ph`0`ju`6`sq`997`pan`5`ibp`1`crf`8`sdy`0`h`0`iec`1`dft`5`cix`4`ime`5`dmc`0`t`4`dn`562`fn`563`msz`100`25`0`co`0`pt`5`sp`s_6_2_100_`dm`7`w`100`csq`1`n`613`pw`0`ist`1`ph`0`ju`6`sq`997`pan`5`ibp`1`crf`8`sdy`0`h`0`iec`1`dft`5`cix`5`ime`5`dmc`0`t`4`dn`565`fn`614`msz`50`25`0`co`0`pt`5`sp`s_6_2_101_`dm`7`w`100`csq`1`n`615`pw`0`ist`1`ph`0`ju`6`sq`997`pan`5`ibp`1`crf`8`sdy`0`h`0`iec`1`dft`5`cix`6`ime`5`dmc`0`t`4`dn`296`fn`616`msz`50`25`0`co`0`pt`5`sp`s_6_2_102_`dm`7`w`100`csq`1`n`617`pw`0`ist`1`ph`0`ju`6`sq`997`pan`5`ibp`1`crf`8`sdy`0`h`0`iec`1`dft`5`cix`7`ime`5`dmc`0`t`4`dn`570`fn`618`msz`50`25`0`co`0`pt`5`sp`s_6_2_31_`dm`7`w`100`csq`1`n`420`pw`0`ist`1`ph`0`ju`6`sq`997`pan`5`ibp`1`crf`8`sdy`0`h`0`iec`1`dft`5`cix`8`ime`5`dmc`0`t`4`dn`572`fn`573`msz`30`25`0`co`0`pt`5`sp`s_6_2_103_`dm`7`w`100`csq`1`n`576`pw`0`ist`1`ph`0`ju`6`sq`997`pan`5`ibp`1`crf`8`sdy`0`h`0`iec`1`dft`5`cix`9`ime`5`dmc`0`t`4`dn`575`fn`576`msz`100`0`3`pcl`0`2`0`pc`0`allowPC`false`BT Cherished Name``2`0`pc`0`allowPC`false`PopupQuerySrchspec``2`0`pc`0`allowPC`false`PopupQueryCombobox`Sub Premise`1`0`pif`3`S_A5`pmd``1`0`aa`0`n`BT Address Mvg Applet - Contact`1`6`Command Manager`0`RefreshToolbar`true`7`0`StateToolBar`0`#35`true`#36`true`#17`true`#34`true`#8`false`#37`true`#38`true`0`1`StateExToolBar`0`1`0`#35`0`Checked`false`0`3`FlagsToolBar`0`3`0`#8`0`SWESP`true`SWEH`0`SWEW`0`3`0`#34`0`SWESP`true`SWEH`600`SWEW`800`3`0`#36`0`SWESP`true`SWEH`20`SWEW`380`3`0`State`0`#27`false`#26`false`#28`false`0`3`StateEx`0`0`0`#26`0`0`0`#27`0`1`0`#28`0`Checked`false`0`0`Flags`0`</responseData>
  <responseFile class="java.lang.String"></responseFile>
  <cookies class="java.lang.String">_sn=GXmoeGkdwh1O45lrH7mMIZnLMWvqHkVWiQKqDOICOq1fi95anXYMaCRAX879ujDRD9kS4J75N4kGDX576Q2AKmwZPUBih-4NS80Pc1189OxasEbdAsHiEtIhcnCzZ0zWb5V6QpVraL0TTGU4ktkGZq374g8C0pUBRhKVASKeW21TgUW5eIkswq97I-.qG-kr; _srn=_srn; SWEUAID=SWEUAID</cookies>
  <method class="java.lang.String">POST</method>
  <queryString class="java.lang.String">SWEVI=&amp;SWERowId=3-61EV7QEC&amp;SWEC=24&amp;s_2_1_22_0=01%2F06%2F1982&amp;SWEMethod=EditField&amp;SWEReqRowId=1&amp;SWERPC=1&amp;s_2_1_46_0=Letter&amp;s_2_1_69_0=&amp;SWEW=300&amp;s_2_1_0_0=&amp;s_2_1_49_0=Under+Construction&amp;SWEH=100&amp;s_2_1_1_0=Consumer&amp;SWEApplet=BT+Contact+Form+Applet&amp;SWEActiveApplet=BT+Contact+Form+Applet&amp;SWEView=BT+Contact+At+View&amp;SWEField=s_2_1_31_0&amp;SWECmd=InvokeMethod&amp;SRN=xK7T2pIB2ZOV15hwlQxQF5reKcoUB8VpMTZr7we8uAEb&amp;SWESP=true&amp;SWEJI=false&amp;SWETS={{\d+}}&amp;SWEActiveView=BT+Contact+At+View&amp;SWEP=&amp;SWERowIds=</queryString>
  <java.net.URL>http://localhost:8080/ecommunications_enu_nsm_aps05524a027/start.swe</java.net.URL>
</httpSample>
<httpSample t="{{\d+}}" it="0" lt="{{\d+}}" ct="{{\d+}}" ts="{{\d+}}" s="true" lb="{{\d+}} /ecommunications_enu_nsm_aps05524a027/start.swe" rc="200" rm="OK" tn="Thread Group 1-1" dt="text" de="utf-8" by="2094" sby="1427" sc="1" ec="0" ng="1" na="1" hn="{{.*?}}">
  <responseHeader class="java.lang.String">HTTP/1.1 200 OK
Connection: close
Server: Oracle-iPlanet-Web-Server/7.0
Date: Tue, 23 Jun 2020 12:57:18 GMT
Content-Language: en
Cache-Control: private
Content-Type: text/html;charset=utf-8
Matched-Stub-Id: {{\w+-\w+-\w+-\w+-\w+}}
Vary: Accept-Encoding, User-Agent
Content-Encoding: gzip
</responseHeader>
  <requestHeader class="java.lang.String">Connection: close
Referer: http://localhost:8080/ecommunications_enu_nsm_aps05524a027/start.swe?SWECmd=ShowPopupFrames&amp;SWEDIC=1&amp;SWEU=/ecommunications_enu_nsm_aps05524a027/start.swe%3fSWEField%3d%26SWEMethod%3dShowPopup%26SWECmd%3dInvokeMethod%26SWEView%3dBT%2bContact%2bAt%2bView%26SWEC%3d23%26SWEM%3dEdit%2bList%26SRN%3dxK7T2pIB2ZOV15hwlQxQF5reKcoUB8VpMTZr7we8uAEb%26SWEApplet%3dBT%2bContact%2bForm%2bApplet%26SWETA%3dBT%2bISC%2bEdit%2bMMN%2bApplet%26SWESP%3d1%26SRN%3dxK7T2pIB2ZOV15hwlQxQF5reKcoUB8VpMTZr7we8uAEb&amp;SRN=xK7T2pIB2ZOV15hwlQxQF5reKcoUB8VpMTZr7we8uAEb
Accept-Language: en-GB
DNT: 1
Accept-Encoding: gzip, deflate
Accept: image/jpeg, application/x-ms-application, image/gif, application/xaml+xml, image/pjpeg, application/x-ms-xbap, */*
User-Agent: Mozilla/4.0 (compatible; MSIE 7.0; Windows NT 6.3; WOW64; Trident/7.0; .NET4.0E; .NET4.0C; .NET CLR 3.5.30729; .NET CLR 2.0.50727; .NET CLR 3.0.30729)
Host: localhost:8080
</requestHeader>
  <responseData class="java.lang.String">&lt;a id=&quot;SWETopHidden5&quot; href=&quot;javascript:void(0);&quot; tabindex=&quot;0&quot;&gt;&lt;/a&gt;&lt;HTML  OT=&apos;SiebWebPopupWindow&apos;&gt;&lt;head&gt;&lt;title&gt;Associated Addresses&lt;/title&gt;&lt;link href=&quot;files/main.css&quot; rel=&quot;stylesheet&quot;/&gt;
&lt;script language=&quot;javascript&quot; src=&quot;23048/scripts/swecommon.js&quot;&gt;&lt;/script&gt; 
&lt;script language=&quot;javascript&quot; src=&quot;23048/scripts/swecmn_hi.js&quot;&gt;&lt;/script&gt; 
&lt;/head&gt;&lt;script language=&quot;javascript&quot; src=&quot;23048/scripts/AppletTitle.js&quot;&gt;&lt;/script&gt;&lt;script language=&quot;javascript&quot; src=&quot;23048/scripts/IeVersion.js&quot;&gt;&lt;/script&gt;&lt;script language=&quot;javascript&quot; src=&quot;23048/scripts/ResizeApplet.js&quot;&gt;&lt;/script&gt;&lt;body bgcolor=&quot;#dedede&quot; topmargin=&quot;0&quot; leftmargin=&quot;0&quot; marginwidth=&quot;0&quot; marginheight=&quot;0&quot; onbeforeunload=&quot;ResizeApplet();&quot;&gt;&lt;table datatable=&quot;0&quot; summary=&quot;&quot; width=&apos;100%&apos; cellspacing=0 cellpadding=0 border=0 align=center&gt;&lt;a id=&quot;SWETopHidden6&quot; href=&quot;javascript:void(0);&quot; tabindex=&quot;0&quot;&gt;&lt;/a&gt;&lt;HTML  OT=&apos;SiebWebPopupWindow&apos;&gt;&lt;head&gt;&lt;title&gt;All Addresses&lt;/title&gt;&lt;link href=&quot;files/main.css&quot; rel=&quot;stylesheet&quot;/&gt;&lt;/head&gt;&lt;script language=&quot;javascript&quot; src=&quot;23048/scripts/AppletTitle.js&quot;&gt;&lt;/script&gt;&lt;script language=&quot;javascript&quot; src=&quot;23048/scripts/IeVersion.js&quot;&gt;&lt;/script&gt;&lt;script language=&quot;javascript&quot; src=&quot;23048/scripts/ResizeApplet.js&quot;&gt;&lt;/script&gt;&lt;body bgcolor=&quot;#dedede&quot; topmargin=&quot;0&quot; leftmargin=&quot;0&quot; marginwidth=&quot;0&quot; marginheight=&quot;0&quot; onbeforeunload=&quot;ResizeApplet();&quot;&gt;&lt;form name=&quot;SWEForm6_0&quot; method=&quot;post&quot; action=&quot;/ecommunications_enu_nsm_aps05524a027/start.swe&quot; &gt;
&lt;tr valign=top&gt;&lt;td colSpan=2 class=AppletStylePopup&gt;&lt;table datatable=&quot;0&quot; summary=&quot;&quot; width=&quot;100%&quot; cellspacing=&quot;0&quot; cellpadding=&quot;0&quot; border=&quot;0&quot; align=&quot;center&quot;&gt;&lt;tr class=AppletButtons&gt;&lt;td&gt;&lt;img src=&quot;images/spacer.gif&quot; height=&quot;1&quot; width=&quot;10&quot; alt=&quot;&quot;&gt;&lt;/td&gt;&lt;td colspan=&quot;2&quot;&gt;&lt;table datatable=&quot;0&quot; summary=&quot;&quot; cellpadding=&quot;2&quot; cellspacing=&quot;0&quot; border=&quot;0&quot;&gt;&lt;tr class=AppletButtons&gt;&lt;td nowrap&gt;&lt;span id=s_6_1_77_0&gt;&amp;nbsp;&lt;/span&gt;&lt;/td&gt;&lt;td nowrap&gt;&lt;span id=s_6_1_76_0&gt;&amp;nbsp;&lt;/span&gt;&lt;/td&gt;&lt;td nowrap&gt;&lt;span id=s_6_1_91_0&gt;&amp;nbsp;&lt;/span&gt;&lt;/td&gt;&lt;td nowrap&gt;&lt;span id=s_6_1_92_0&gt;&amp;nbsp;&lt;/span&gt;&lt;/td&gt;&lt;td&gt;&lt;table datatable=&quot;0&quot; summary=&quot;&quot; width=&quot;100%&quot; valign=&quot;top&quot; align=&quot;center&quot; cellpadding=&apos;0&apos; cellspacing=&apos;0&apos; border=&apos;0&apos;&gt;&lt;/table&gt;&lt;/td&gt;&lt;td nowrap&gt;&amp;nbsp;&lt;b&gt;&lt;span id=6_msg&gt;&lt;/span&gt;&lt;/b&gt;&lt;/td&gt;&lt;/tr&gt;&lt;/table&gt;&lt;/td&gt;&lt;td align=&quot;right&quot; width=&quot;100%&quot;&gt;&lt;table datatable=&quot;0&quot; summary=&quot;&quot; cellpadding=&quot;2&quot; cellspacing=&quot;0&quot; border=&quot;0&quot;&gt;&lt;tr class=&quot;AppletButtons&quot;&gt;&lt;td width=&quot;100%&quot;&gt;&lt;img src=&quot;images/spacer.gif&quot; valign=&quot;top&quot; width=&quot;1&quot; height=&quot;1&quot; alt=&quot;&quot;&gt;&lt;/td&gt;&lt;/tr&gt;&lt;/table&gt;&lt;/td&gt;&lt;td valign=&quot;top&quot; align=&quot;right&quot;&gt;&lt;/td&gt;&lt;/tr&gt;&lt;/table&gt;&lt;/td&gt;&lt;/tr&gt;&lt;tr valign=top class=AppletStylePopup&gt;&lt;td width=&apos;47%&apos; class=AppletTD1&gt;&lt;table datatable=&quot;0&quot; summary=&quot;&quot; width=&quot;100%&quot; border=0 cellpadding=0 cellspacing=0 style=&apos;background:#F0F0F0;padding-left:10;&apos;&gt;&lt;tr&gt;&lt;td&gt;&lt;table datatable=&quot;0&quot; summary=&quot;&quot; width=&apos;100%&apos; style=&apos;padding-top:5;&apos; cellspacing=0 cellpadding=0 border=0 align=center&gt;&lt;tr style=&apos;background:#F0F0F0;&apos;&gt;&lt;td width=&apos;100%&apos; class=AppletTD2&gt;Available&lt;/td&gt;&lt;td valign=&quot;middle&quot;&gt;&lt;img src=&apos;images/spacer.gif&apos; width=&apos;1&apos; height=&apos;16&apos; alt=&quot;&quot;&gt;&amp;nbsp;&lt;img src=&quot;images/btn_div.gif&quot; height=&quot;13&quot; align=&quot;middle&quot; alt=&quot;&quot;&gt;&lt;/td&gt;&lt;td valign=&quot;middle&quot; align=&quot;right&quot; class=AppletTD3 nowrap&gt;&amp;nbsp;&lt;span id=s_6_rc&gt;&lt;/span&gt;&amp;nbsp;&lt;/td&gt;&lt;/tr&gt;&lt;/table&gt;&lt;span id=6_c_err style=&quot;display: none;&quot;&gt;&lt;table datatable=&quot;0&quot; summary=&quot;&quot; class=&quot;AppletBack&quot; width=&quot;100%&quot; cellpadding=&quot;4&quot; cellspacing=&quot;0&quot; border=&quot;0&quot;&gt;&lt;tr&gt;&lt;td class=&quot;error&quot;&gt;&lt;br&gt;&amp;nbsp;&lt;/td&gt;&lt;/tr&gt;&lt;/table&gt;&lt;/span&gt;&lt;div class=&quot;NotSelected&quot; id=&quot;a_6&quot;&gt;&lt;div class=&quot;AppletHIFormBorder&quot;&gt;&lt;div id=&quot;s_6_ld&quot; STYLE=&quot;height:214px&quot;&gt;&lt;div&gt;&lt;/div&gt;&lt;script&gt;SWEWriteObjectTag(this,&apos;&lt;object id=&quot;s_6_l&quot;  CLASSID=&quot;CLSID:a9967980-c623-4092-b952-fcf15f67b8a5&quot; WIDTH=100% HEIGHT=100%&gt;&lt;/OBJECT&gt;&apos;);&lt;/script&gt;&lt;/div&gt;&lt;/div&gt;&lt;/div&gt;&lt;/td&gt;&lt;/tr&gt;&lt;/table&gt;&lt;table datatable=&quot;0&quot; summary=&quot;&quot; width=&quot;100%&quot; cellpadding=&quot;2&quot; cellspacing=&quot;0&quot; border=&quot;0&quot; Class=&quot;AppletBttm&quot;&gt;&lt;tr&gt;&lt;td width=&quot;100%&quot;&gt;&lt;img src=&quot;images/spacer.gif&quot; valign=&quot;top&quot; width=&quot;10&quot; alt=&quot;&quot;&gt;&lt;/td&gt;&lt;td&gt;&lt;img src=&quot;images/spacer.gif&quot; valign=&quot;top&quot; width=&quot;10&quot; alt=&quot;&quot;&gt;&lt;/td&gt;&lt;/tr&gt;&lt;/table&gt;&lt;/td&gt;&lt;/form&gt;
&lt;script&gt;

SWEIsHighInteract = true; Top().SWEIsHighInteract = true;
SWEIsHighInteract = true; Top().SWEIsHighInteract = true;
if (typeof(top._samePage) != &apos;undefined&apos; &amp;&amp; top._samePage!=&quot;&quot;) top._samePage = &quot;&quot;;
if (top.opener == null || typeof top.opener.swetop == &apos;unknown&apos; || typeof top.opener.swetop == &apos;undefined&apos;) top._swe._sweapp.S_App.SWECount = 25;
else top.opener.top._swe._sweapp.S_App.SWECount = 25;
g_bInitialized = true;
&lt;/script&gt;
&lt;script for=window event=onunload&gt;
if (top.opener != null &amp;&amp; typeof(top.opener) != &apos;undefined&apos; &amp;&amp; top.opener.top._swe != null &amp;&amp; typeof(top.opener.top._swe) != &apos;undefined&apos; &amp;&amp; top.opener.top._swe._sweapp  != null &amp;&amp; typeof(top.opener.top._swe._sweapp)  != &apos;undefined&apos;) {top.opener.top._swe._sweapp.S_App.SetLayoutUnloaded (&quot;Popup&quot;, &quot;BT Address Mvg Applet - Contact&quot;);}
if ( top._sweapp.cmdInit == true ) {  top._sweapp.S_CmdMgr.Enable(1);}
&lt;/script&gt;
&lt;script for=window event=onload&gt;
top.document.title=&quot;Associated Addresses&quot;;
top.opener.top._swe._sweapp.S_App.SetLayoutLoaded (&quot;Popup&quot;, &quot;BT Address Mvg Applet - Contact&quot;, window);
if ( top._sweapp.cmdInit == true ) {  top._sweapp.S_CmdMgr.Enable(1);}
&lt;/script&gt;
&lt;/body&gt;&lt;/html&gt;&lt;a id=&quot;SWEBottomHidden6&quot; href=&quot;javascript:void(0);&quot; tabindex=&quot;999&quot; onfocus=&quot;document.getElementById(&apos;SWETopHidden6&apos;).focus();&quot;&gt;&lt;/a&gt;&lt;td nowrap&gt;&lt;form name=&quot;SWEForm5_0&quot; method=&quot;post&quot; action=&quot;/ecommunications_enu_nsm_aps05524a027/start.swe&quot; &gt;
&lt;table datatable=&quot;0&quot; summary=&quot;&quot; border=0 cellpadding=0 cellspacing=0&gt;&lt;tr&gt;&lt;td valign=middle style=&apos;background:#F0F0F0;&apos; nowrap&gt;&lt;table datatable=&quot;0&quot; summary=&quot;&quot; cellspacing=&quot;2&quot; cellpadding=&quot;1&quot; border=&quot;0&quot;&gt;&lt;tr&gt;&lt;td align=center nowrap&gt;&lt;span id=s_5_1_91_0&gt;&amp;nbsp;&lt;/span&gt;&lt;/td&gt;&lt;/tr&gt;&lt;tr&gt;&lt;td&gt;&amp;nbsp;&lt;/td&gt;&lt;/tr&gt;&lt;tr&gt;&lt;td align=center nowrap&gt;&lt;span id=s_5_1_92_0&gt;&amp;nbsp;&lt;/span&gt;&lt;/td&gt;&lt;/tr&gt;&lt;tr&gt;&lt;td align=center nowrap&gt;&lt;span id=s_5_1_93_0&gt;&amp;nbsp;&lt;/span&gt;&lt;/td&gt;&lt;/tr&gt;&lt;/table&gt;&lt;/td&gt;&lt;td class=AppletStyle1 width=&apos;100%&apos; style=&apos;padding-right:10;background:#F0F0F0;&apos;&gt;&lt;table datatable=&quot;0&quot; summary=&quot;&quot; width=&apos;100%&apos; style=&apos;padding-top:5;&apos; border=0 cellspacing=0 cellpadding=0&apos;&gt;&#xd;
										&lt;tr style=&apos;background:#F0F0F0;&apos;&gt;&lt;td class=AppletTD2 nowrap&gt;Selected&lt;/td&gt;&lt;td width=&apos;100%&apos;&gt;&lt;table datatable=&quot;0&quot; summary=&quot;&quot; width=&quot;100%&quot; cellspacing=&quot;0&quot; cellpadding=&quot;0&quot; border=&quot;0&quot; align=&quot;center&quot;&gt;&lt;tr class=AppletButtons style=&apos;background:#F0F0F0;&apos;&gt;&lt;td&gt;&lt;img src=&quot;images/spacer.gif&quot; height=&quot;1&quot; width=&quot;10&quot; alt=&quot;&quot;&gt;&lt;/td&gt;&lt;td colspan=&quot;2&quot;&gt;&lt;table datatable=&quot;0&quot; summary=&quot;&quot; cellpadding=&quot;2&quot; cellspacing=&quot;0&quot; border=&quot;0&quot;&gt;&lt;tr class=AppletButtons style=&apos;background:#F0F0F0;&apos;&gt;&lt;td nowrap&gt;&lt;span id=s_5_1_76_0&gt;&amp;nbsp;&lt;/span&gt;&lt;/td&gt;&lt;td nowrap&gt;&lt;span id=s_5_1_80_0&gt;&amp;nbsp;&lt;/span&gt;&lt;/td&gt;&lt;td&gt;&lt;table datatable=&quot;0&quot; summary=&quot;&quot; width=&quot;100%&quot; valign=&quot;top&quot; align=&quot;center&quot; cellpadding=&apos;0&apos; cellspacing=&apos;0&apos; border=&apos;0&apos;&gt;&lt;/table&gt;&lt;/td&gt;&lt;td style=&apos;color:#000000;&apos; nowrap&gt;&amp;nbsp;&lt;b&gt;&lt;span id=5_msg&gt;&lt;/span&gt;&lt;/b&gt;&lt;/td&gt;&lt;/tr&gt;&lt;/table&gt;&lt;/td&gt;&lt;td align=&quot;right&quot; width=&quot;100%&quot;&gt;&lt;table datatable=&quot;0&quot; summary=&quot;&quot; cellpadding=&quot;2&quot; cellspacing=&quot;0&quot; border=&quot;0&quot;&gt;&lt;tr class=AppletButtons style=&apos;background:#F0F0F0;&apos;&gt;&lt;td width=&quot;100%&quot;&gt;&lt;img src=&quot;images/spacer.gif&quot; valign=&quot;top&quot; width=&quot;1&quot; height=&quot;1&quot; alt=&quot;&quot;&gt;&lt;/td&gt;&lt;td valign=&quot;middle&quot;&gt;&amp;nbsp;&lt;img src=&quot;images/btn_div.gif&quot; height=&quot;13&quot; align=&quot;middle&quot; alt=&quot;&quot;&gt;&lt;/td&gt;&lt;td valign=&quot;middle&quot; style=&quot;color:#000000;&quot; align=&quot;right&quot; nowrap&gt;&amp;nbsp;&lt;span id=s_5_rc&gt;&lt;/span&gt;&amp;nbsp;&lt;/td&gt;&lt;/tr&gt;&lt;/table&gt;&lt;/td&gt;&lt;td valign=&quot;top&quot; align=&quot;right&quot;&gt;&lt;/td&gt;&lt;/tr&gt;&lt;/table&gt;&lt;/td&gt;&lt;/tr&gt;&lt;/table&gt;&lt;span id=5_c_err style=&quot;display: none;&quot;&gt;&lt;table datatable=&quot;0&quot; summary=&quot;&quot; class=&quot;AppletBack&quot; width=&quot;100%&quot; cellpadding=&quot;4&quot; cellspacing=&quot;0&quot; border=&quot;0&quot;&gt;&lt;tr&gt;&lt;td class=&quot;error&quot;&gt;&lt;br&gt;&amp;nbsp;&lt;/td&gt;&lt;/tr&gt;&lt;/table&gt;&lt;/span&gt;&lt;div class=&quot;NotSelected&quot; id=&quot;a_5&quot;&gt;&lt;div class=&quot;AppletHIFormBorder&quot;&gt;&lt;div id=&quot;s_5_ld&quot; STYLE=&quot;height:214px&quot;&gt;&lt;div&gt;&lt;/div&gt;&lt;script&gt;SWEWriteObjectTag(this,&apos;&lt;object id=&quot;s_5_l&quot;  CLASSID=&quot;CLSID:a9967980-c623-4092-b952-fcf15f67b8a5&quot; WIDTH=100% HEIGHT=100%&gt;&lt;/OBJECT&gt;&apos;);&lt;/script&gt;&lt;/div&gt;&lt;/div&gt;&lt;/div&gt;&lt;/td&gt;&lt;/tr&gt;&lt;/table&gt;&lt;table datatable=&quot;0&quot; summary=&quot;&quot; width=&quot;100%&quot; cellpadding=&quot;2&quot; cellspacing=&quot;0&quot; border=&quot;0&quot;  class=&quot;AppletStylePopup&quot;&gt;&lt;tr class=&quot;AppletBttm&quot;&gt;&lt;td width=&quot;100%&quot;&gt;&lt;img src=&quot;images/spacer.gif&quot; valign=&quot;top&quot; width=&quot;10&quot; alt=&quot;&quot;&gt;&lt;/td&gt;&lt;td nowrap&gt;&lt;span id=s_5_1_94_0&gt;&amp;nbsp;&lt;/span&gt;&lt;/td&gt;&lt;td&gt;&lt;img src=&quot;images/spacer.gif&quot; valign=&quot;top&quot; width=&quot;10&quot; alt=&quot;&quot;&gt;&lt;/td&gt;&lt;/tr&gt;&lt;/table&gt;&lt;/form&gt;
&lt;/td&gt;&lt;/tr&gt;&lt;/table&gt;&lt;script&gt;

if (typeof(top._samePage) != &apos;undefined&apos; &amp;&amp; top._samePage!=&quot;&quot;) top._samePage = &quot;&quot;;
if (top.opener == null || typeof top.opener.swetop == &apos;unknown&apos; || typeof top.opener.swetop == &apos;undefined&apos;) top._swe._sweapp.S_App.SWECount = 25;
else top.opener.top._swe._sweapp.S_App.SWECount = 25;
g_bInitialized = true;
&lt;/script&gt;
&lt;/body&gt;&lt;/html&gt;&lt;a id=&quot;SWEBottomHidden5&quot; href=&quot;javascript:void(0);&quot; tabindex=&quot;999&quot; onfocus=&quot;document.getElementById(&apos;SWETopHidden5&apos;).focus();&quot;&gt;&lt;/a&gt;</responseData>
  <responseFile class="java.lang.String"></responseFile>
  <cookies class="java.lang.String">_sn=GXmoeGkdwh1O45lrH7mMIZnLMWvqHkVWiQKqDOICOq1fi95anXYMaCRAX879ujDRD9kS4J75N4kGDX576Q2AKmwZPUBih-4NS80Pc1189OxasEbdAsHiEtIhcnCzZ0zWb5V6QpVraL0TTGU4ktkGZq374g8C0pUBRhKVASKeW21TgUW5eIkswq97I-.qG-kr; _srn=_srn; SWEUAID=SWEUAID</cookies>
  <method class="java.lang.String">GET</method>
  <queryString class="java.lang.String"></queryString>
  <java.net.URL>http://localhost:8080/ecommunications_enu_nsm_aps05524a027/start.swe?SWECmd=GetCachedFrame&amp;SWEC=25&amp;SWEFrame=top._sweclient._swecontent._sweview._swetmp&amp;SRN=xK7T2pIB2ZOV15hwlQxQF5reKcoUB8VpMTZr7we8uAEb&amp;SWESP=1&amp;SRN=xK7T2pIB2ZOV15hwlQxQF5reKcoUB8VpMTZr7we8uAEb</java.net.URL>
</httpSample>
<httpSample t="{{\d+}}" it="0" lt="{{\d+}}" ct="{{\d+}}" ts="{{\d+}}" s="true" lb="{{\d+}} /ecommunications_enu_nsm_aps05524a027/start.swe" rc="200" rm="OK" tn="Thread Group 1-1" dt="text" de="utf-8" by="3105" sby="1116" sc="1" ec="0" ng="1" na="1" hn="{{.*?}}">
  <responseHeader class="java.lang.String">HTTP/1.1 200 OK
Connection: close
Server: Oracle-iPlanet-Web-Server/7.0
Date: Tue, 23 Jun 2020 12:57:33 GMT
Content-Language: en
Cache-Control: no-cache
Swerpc: true
Content-Type: text/html;charset=utf-8
Connection: close
Matched-Stub-Id: {{\w+-\w+-\w+-\w+-\w+}}
Vary: Accept-Encoding, User-Agent
</responseHeader>
  <requestHeader class="java.lang.String">Connection: close
Content-Type: application/x-www-form-urlencoded
DNT: 1
Accept-Encoding: deflate
Pragma: no-cache
User-Agent: Mozilla/4.0 (compatible; MSIE 7.0; Windows NT 6.3; WOW64; Trident/7.0; .NET4.0E; .NET4.0C; .NET CLR 3.5.30729; .NET CLR 2.0.50727; .NET CLR 3.0.30729)
Accept: text/html, image/gif, image/jpeg, *; q=.2, */*; q=.2
Content-Length: 428
Host: localhost:8080
</requestHeader>
  <responseData class="java.lang.String">@0`1`4`2``0`UC`1`Status`Completed`SWEC`25`SRN`xK7T2pIB2ZOV15hwlQxQF5reKcoUB8VpMTZr7we8uAEb`0`22`Notifications`0`2`0``0`OP`bn`bc`S_BC5`8`0``0`br`0`ArgsArray`31*BT Address Mvg Applet - Contact64*16_BT Contact Form Applet9_EditFieldA_3-61EV7QECA_s_2_1_31_02_25`ar`-1`size`10`cr`0`OP`g`bc`S_BC5`type`SetPopupBookmark`2`0``0`OP`en`bc`S_BC5`2`0``0`OP`bn`bc`S_BC6`7`0``0`br`0`ArgsArray`27*BT All Address Assoc Applet1*01*11*11*11*21*11*31*11*41*11*51*11*61*11*71*11*81*11*91*12*101*12*111*12*121*12*131*12*141*12*151*12*161*12*171*12*181*12*191*12*201*12*211*12*221*12*231*12*241*12*251*12*261*12*271*12*281*12*291*12*301*12*311*12*321*12*331*12*341*12*351*12*361*12*371*12*381*12*391*12*401*12*411*12*421*12*431*12*441*12*451*12*461*12*471*1`size`10`cr`0`OP`g`bc`S_BC6`type`SWEICanUpdate`7`0``0`br`0`ArgsArray`27*BT All Address Assoc Applet1*01*11*11*11*21*01*31*01*41*11*51*01*61*01*71*01*81*01*91*12*101*02*111*02*121*02*131*02*141*02*151*02*161*02*171*02*181*02*191*02*201*02*211*02*221*02*231*02*241*02*251*02*261*02*271*02*281*02*291*12*301*12*311*02*321*02*331*02*341*02*351*02*361*02*371*02*381*12*391*02*401*02*411*0`size`10`cr`0`OP`g`bc`S_BC6`type`SWEICanInvokeMethod`8`0``0`br`0`value`1`ar`-1`state`bInQueryState`size`10`cr`0`OP`sc`bc`S_BC6`6`0``0`br`0`ar`-1`size`10`cr`0`OP`bq`bc`S_BC6`7`0``0`br`0`s``ar`-1`size`10`cr`0`OP`nq`bc`S_BC6`8`0``0`br`0`v``ar`-1`size`10`cr`0`OP`nfq`bc`S_BC6`f`BT Upper Case Subpremise`8`0``0`br`0`v``ar`-1`size`10`cr`0`OP`nfq`bc`S_BC6`f`BT Upper Case Premise`8`0``0`br`0`v``ar`-1`size`10`cr`0`OP`nfq`bc`S_BC6`f`BT Upper Case Thoroughfare Number`8`0``0`br`0`v``ar`-1`size`10`cr`0`OP`nfq`bc`S_BC6`f`BT Upper Case Thoroughfare Name`8`0``0`br`0`v``ar`-1`size`10`cr`0`OP`nfq`bc`S_BC6`f`BT Dependant Thoroughfare`8`0``0`br`0`v``ar`-1`size`10`cr`0`OP`nfq`bc`S_BC6`f`BT Upper Case Locality`8`0``0`br`0`v``ar`-1`size`10`cr`0`OP`nfq`bc`S_BC6`f`BT Upper Case Post Town`8`0``0`br`0`v``ar`-1`size`10`cr`0`OP`nfq`bc`S_BC6`f`BT Upper Case County`8`0``0`br`0`v``ar`-1`size`10`cr`0`OP`nfq`bc`S_BC6`f`Postal Code`8`0``0`br`0`v``ar`-1`size`10`cr`0`OP`nfq`bc`S_BC6`f`BT Organisation Name`8`0``0`br`0`v``ar`-1`size`10`cr`0`OP`nfq`bc`S_BC6`f`Id`8`0``0`br`0`ArgsArray`27*BT All Address Assoc Applet83*16_BT Contact Form Applet9_EditFieldA_3-61EV7QECA_s_2_1_31_02_259_NewRecord0_0_2_25`ar`-1`size`10`cr`0`OP`g`bc`S_BC6`type`SetPopupBookmark`2`0``0`OP`en`bc`S_BC6`1`6`Command Manager`0`RefreshToolbar`true`7`0`StateToolBar`0`#35`true`#36`true`#17`true`#34`true`#8`false`#37`true`#38`true`0`1`StateExToolBar`0`1`0`#35`0`Checked`false`0`3`FlagsToolBar`0`3`0`#8`0`SWESP`true`SWEH`0`SWEW`0`3`0`#34`0`SWESP`true`SWEH`600`SWEW`800`3`0`#36`0`SWESP`true`SWEH`20`SWEW`380`3`0`State`0`#27`false`#26`false`#28`false`0`3`StateEx`0`0`0`#26`0`0`0`#27`0`1`0`#28`0`Checked`false`0`0`Flags`0`</responseData>
  <responseFile class="java.lang.String"></responseFile>
  <cookies class="java.lang.String">_sn=GXmoeGkdwh1O45lrH7mMIZnLMWvqHkVWiQKqDOICOq1fi95anXYMaCRAX879ujDRD9kS4J75N4kGDX576Q2AKmwZPUBih-4NS80Pc1189OxasEbdAsHiEtIhcnCzZ0zWb5V6QpVraL0TTGU4ktkGZq374g8C0pUBRhKVASKeW21TgUW5eIkswq97I-.qG-kr; _srn=_srn; SWEUAID=SWEUAID</cookies>
  <method class="java.lang.String">POST</method>
  <queryString class="java.lang.String">SWER=65535&amp;SWEVI=&amp;SWERowId=&amp;SWEC=25&amp;SWEMethod=NewQuery&amp;SWEReqRowId=0&amp;SWERPC=1&amp;SWENeedContext=false&amp;SWEApplet=BT+All+Address+Assoc+Applet&amp;SWEView=BT+Contact+At+View&amp;SWECmd=InvokeMethod&amp;SWEField=s_6_1_77_0&amp;SRN=xK7T2pIB2ZOV15hwlQxQF5reKcoUB8VpMTZr7we8uAEb&amp;SWESP=false&amp;SWEBID=-1&amp;SWETS={{\d+}}&amp;SWEDIC=true&amp;SWEP=16_BT+Contact+Form+Applet9_EditFieldA_3-61EV7QECA_s_2_1_31_02_259_NewRecord0_0_2_25&amp;SWERowIds=SWERowId0%3D3-61EV7QEC</queryString>
  <java.net.URL>http://localhost:8080/ecommunications_enu_nsm_aps05524a027/start.swe</java.net.URL>
</httpSample>
<httpSample t="{{\d+}}" it="0" lt="{{\d+}}" ct="{{\d+}}" ts="{{\d+}}" s="true" lb="{{\d+}} /ecommunications_enu_nsm_aps05524a027/start.swe" rc="200" rm="OK" tn="Thread Group 1-1" dt="text" de="utf-8" by="869" sby="940" sc="1" ec="0" ng="1" na="1" hn="{{.*?}}">
  <responseHeader class="java.lang.String">HTTP/1.1 200 OK
Connection: close
Server: Oracle-iPlanet-Web-Server/7.0
Date: Tue, 23 Jun 2020 12:57:33 GMT
Content-Language: en
Cache-Control: no-cache
Swerpc: true
Content-Type: text/html;charset=utf-8
Connection: close
Matched-Stub-Id: {{\w+-\w+-\w+-\w+-\w+}}
Vary: Accept-Encoding, User-Agent
</responseHeader>
  <requestHeader class="java.lang.String">Connection: close
Content-Type: application/x-www-form-urlencoded
DNT: 1
Accept-Encoding: deflate
Pragma: no-cache
User-Agent: Mozilla/4.0 (compatible; MSIE 7.0; Windows NT 6.3; WOW64; Trident/7.0; .NET4.0E; .NET4.0C; .NET CLR 3.5.30729; .NET CLR 2.0.50727; .NET CLR 3.0.30729)
Accept: text/html, image/gif, image/jpeg, *; q=.2, */*; q=.2
Content-Length: 252
Host: localhost:8080
</requestHeader>
  <responseData class="java.lang.String">@0`1`4`2``0`UC`1`Status`OK`SWEC`26`SRN`xK7T2pIB2ZOV15hwlQxQF5reKcoUB8VpMTZr7we8uAEb`2`0`ResultSet`0`BTSearchKeyType``BTSearchKeyValue``1`6`Command Manager`0`RefreshToolbar`true`7`0`StateToolBar`0`#35`true`#36`true`#17`true`#34`true`#8`false`#37`true`#38`true`0`1`StateExToolBar`0`1`0`#35`0`Checked`false`0`3`FlagsToolBar`0`3`0`#8`0`SWESP`true`SWEH`0`SWEW`0`3`0`#34`0`SWESP`true`SWEH`600`SWEW`800`3`0`#36`0`SWESP`true`SWEH`20`SWEW`380`3`0`State`0`#27`false`#26`false`#28`false`0`3`StateEx`0`0`0`#26`0`0`0`#27`0`1`0`#28`0`Checked`false`0`0`Flags`0`</responseData>
  <responseFile class="java.lang.String"></responseFile>
  <cookies class="java.lang.String">_sn=GXmoeGkdwh1O45lrH7mMIZnLMWvqHkVWiQKqDOICOq1fi95anXYMaCRAX879ujDRD9kS4J75N4kGDX576Q2AKmwZPUBih-4NS80Pc1189OxasEbdAsHiEtIhcnCzZ0zWb5V6QpVraL0TTGU4ktkGZq374g8C0pUBRhKVASKeW21TgUW5eIkswq97I-.qG-kr; _srn=_srn; SWEUAID=SWEUAID</cookies>
  <method class="java.lang.String">POST</method>
  <queryString class="java.lang.String">SWEC=25&amp;SWEMethod=GetProfileAttributes&amp;SWERPC=1&amp;SWECmd=InvokeMethod&amp;SRN=xK7T2pIB2ZOV15hwlQxQF5reKcoUB8VpMTZr7we8uAEb&amp;SWEIPS=%400*0*2*0*0*3*0*16*BTSearchKeyValue16*BTSearchKeyValue15*BTSearchKeyType15*BTSearchKeyType&amp;SWEService=BT+Set+Profile+Attributes</queryString>
  <java.net.URL>http://localhost:8080/ecommunications_enu_nsm_aps05524a027/start.swe</java.net.URL>
</httpSample>
<httpSample t="{{\d+}}" it="0" lt="{{\d+}}" ct="{{\d+}}" ts="{{\d+}}" s="true" lb="{{\d+}} /ecommunications_enu_nsm_aps05524a027/start.swe" rc="200" rm="OK" tn="Thread Group 1-1" dt="text" de="utf-8" by="1287" sby="1014" sc="1" ec="0" ng="1" na="1" hn="{{.*?}}">
  <responseHeader class="java.lang.String">HTTP/1.1 200 OK
Connection: close
Server: Oracle-iPlanet-Web-Server/7.0
Date: Tue, 23 Jun 2020 12:58:18 GMT
Content-Language: en
Cache-Control: no-cache
Swerpc: true
Content-Type: text/html;charset=utf-8
Connection: close
Matched-Stub-Id: {{\w+-\w+-\w+-\w+-\w+}}
Vary: Accept-Encoding, User-Agent
</responseHeader>
  <requestHeader class="java.lang.String">Connection: close
Content-Type: application/x-www-form-urlencoded
DNT: 1
Accept-Encoding: deflate
Pragma: no-cache
User-Agent: Mozilla/4.0 (compatible; MSIE 7.0; Windows NT 6.3; WOW64; Trident/7.0; .NET4.0E; .NET4.0C; .NET CLR 3.5.30729; .NET CLR 2.0.50727; .NET CLR 3.0.30729)
Accept: text/html, image/gif, image/jpeg, *; q=.2, */*; q=.2
Content-Length: 326
Host: localhost:8080
</requestHeader>
  <responseData class="java.lang.String">@0`1`4`3``0`UC`1`Status`OK`SWEC`27`SRN`xK7T2pIB2ZOV15hwlQxQF5reKcoUB8VpMTZr7we8uAEb`0`0`ResultSet`0`0`3`Notifications`0`2`0``0`OP`bn`bc`S_BC6`7`0``0`br`0`ArgsArray`27*BT All Address Assoc Applet1*01*11*11*11*21*01*31*01*41*11*51*01*61*01*71*01*81*01*91*12*101*02*111*12*121*02*131*02*141*02*151*02*161*02*171*02*181*02*191*02*201*02*211*02*221*02*231*02*241*02*251*02*261*02*271*02*281*02*291*12*301*12*311*02*321*02*331*02*341*02*351*02*361*02*371*02*381*12*391*02*401*02*411*0`size`10`cr`0`OP`g`bc`S_BC6`type`SWEICanInvokeMethod`2`0``0`OP`en`bc`S_BC6`1`6`Command Manager`0`RefreshToolbar`true`7`0`StateToolBar`0`#35`true`#36`true`#17`true`#34`true`#8`false`#37`true`#38`true`0`1`StateExToolBar`0`1`0`#35`0`Checked`false`0`3`FlagsToolBar`0`3`0`#8`0`SWESP`true`SWEH`0`SWEW`0`3`0`#34`0`SWESP`true`SWEH`600`SWEW`800`3`0`#36`0`SWESP`true`SWEH`20`SWEW`380`3`0`State`0`#27`false`#26`false`#28`false`0`3`StateEx`0`0`0`#26`0`0`0`#27`0`1`0`#28`0`Checked`false`0`0`Flags`0`</responseData>
  <responseFile class="java.lang.String"></responseFile>
  <cookies class="java.lang.String">_sn=GXmoeGkdwh1O45lrH7mMIZnLMWvqHkVWiQKqDOICOq1fi95anXYMaCRAX879ujDRD9kS4J75N4kGDX576Q2AKmwZPUBih-4NS80Pc1189OxasEbdAsHiEtIhcnCzZ0zWb5V6QpVraL0TTGU4ktkGZq374g8C0pUBRhKVASKeW21TgUW5eIkswq97I-.qG-kr; _srn=_srn; SWEUAID=SWEUAID</cookies>
  <method class="java.lang.String">POST</method>
  <queryString class="java.lang.String">SWEC=26&amp;SWEMethod=SetProfileAttributes&amp;SWERPC=1&amp;SWECmd=InvokeMethod&amp;SRN=xK7T2pIB2ZOV15hwlQxQF5reKcoUB8VpMTZr7we8uAEb&amp;SWEIPS=%400*0*9*0*0*3*0*11*PremiseName0*10*SubPremise0*10*PostalCode7*FY3+9QX4*Town0*15*ThoroughfareNum3*16919*EnableAdvanceSearch1*Y6*County0*8*Locality0*12*Thoroughfare0*&amp;SWEService=BT+Set+Profile+Attributes</queryString>
  <java.net.URL>http://localhost:8080/ecommunications_enu_nsm_aps05524a027/start.swe</java.net.URL>
</httpSample>
<httpSample t="{{\d+}}" it="0" lt="{{\d+}}" ct="{{\d+}}" ts="{{\d+}}" s="true" lb="{{\d+}} /ecommunications_enu_nsm_aps05524a027/start.swe" rc="200" rm="OK" tn="Thread Group 1-1" dt="text" de="utf-8" by="4867" sby="1285" sc="1" ec="0" ng="1" na="1" hn="{{.*?}}">
  <responseHeader class="java.lang.String">HTTP/1.1 200 OK
Connection: close
Server: Oracle-iPlanet-Web-Server/7.0
Date: Tue, 23 Jun 2020 12:58:18 GMT
Content-Language: en
Cache-Control: no-cache
Swerpc: true
Content-Type: text/html;charset=utf-8
Connection: close
Matched-Stub-Id: {{\w+-\w+-\w+-\w+-\w+}}
Vary: Accept-Encoding, User-Agent
</responseHeader>
  <requestHeader class="java.lang.String">Connection: close
Content-Type: application/x-www-form-urlencoded
DNT: 1
Accept-Encoding: deflate
Pragma: no-cache
User-Agent: Mozilla/4.0 (compatible; MSIE 7.0; Windows NT 6.3; WOW64; Trident/7.0; .NET4.0E; .NET4.0C; .NET CLR 3.5.30729; .NET CLR 2.0.50727; .NET CLR 3.0.30729)
Accept: text/html, image/gif, image/jpeg, *; q=.2, */*; q=.2
Content-Length: 597
Host: localhost:8080
</requestHeader>
  <responseData class="java.lang.String">@0`1`4`3``0`UC`1`Status`Completed`SWEC`27`SRN`xK7T2pIB2ZOV15hwlQxQF5reKcoUB8VpMTZr7we8uAEb`0`33`Notifications`0`2`0``0`OP`bn`bc`S_BC5`7`0``0`br`0`ArgsArray`31*BT Address Mvg Applet - Contact1*01*11*11*11*21*01*31*01*41*01*51*01*61*01*71*11*81*01*91*02*101*12*111*02*121*02*131*12*141*12*151*12*161*02*171*02*181*02*191*02*201*02*211*02*221*02*231*02*241*02*251*02*261*02*271*02*281*02*291*02*301*02*311*02*321*02*331*02*341*02*351*12*361*02*371*02*381*02*391*02*401*02*411*02*421*02*431*12*441*02*451*12*461*0`size`10`cr`0`OP`g`bc`S_BC5`type`SWEICanInvokeMethod`2`0``0`OP`en`bc`S_BC5`2`0``0`OP`bn`bc`S_BC6`7`0``0`br`0`ArgsArray`27*BT All Address Assoc Applet1*1`size`10`cr`0`OP`g`bc`S_BC6`type`SWEIRowSelection`7`0``0`br`0`ArgsArray`27*BT All Address Assoc Applet18**BT Cherished Name1*?19**PopupQuerySrchspec1*?19**PopupQueryCombobox12*?Sub Premise`size`10`cr`0`OP`g`bc`S_BC6`type`SWEIPrivFlds`7`0``0`br`0`ArgsArray`27*BT All Address Assoc Applet1*01*11*11*11*21*11*31*11*41*11*51*11*61*11*71*11*81*11*91*12*101*12*111*12*121*12*131*12*141*12*151*12*161*12*171*12*181*12*191*02*201*02*211*02*221*02*231*02*241*02*251*02*261*02*271*02*281*02*291*02*301*02*311*02*321*02*331*02*341*02*351*02*361*02*371*02*381*02*391*02*401*02*411*02*421*02*431*02*441*02*451*02*461*02*471*0`size`10`cr`0`OP`g`bc`S_BC6`type`SWEICanUpdate`7`0``0`br`0`ArgsArray`27*BT All Address Assoc Applet1*01*01*11*11*21*01*31*01*41*11*51*11*61*11*71*01*81*01*91*12*101*02*111*12*121*12*131*02*141*02*151*02*161*02*171*12*181*02*191*02*201*02*211*02*221*12*231*12*241*02*251*02*261*02*271*02*281*02*291*02*301*12*311*12*321*02*331*02*341*02*351*02*361*02*371*02*381*12*391*12*401*02*411*0`size`10`cr`0`OP`g`bc`S_BC6`type`SWEICanInvokeMethod`8`0``0`br`0`v``ar`-1`size`10`cr`0`OP`nfq`bc`S_BC6`f`BT Upper Case Subpremise`8`0``0`br`0`v``ar`-1`size`10`cr`0`OP`nfq`bc`S_BC6`f`BT Upper Case Premise`8`0``0`br`0`v``ar`-1`size`10`cr`0`OP`nfq`bc`S_BC6`f`BT Dependant Thoroughfare`8`0``0`br`0`v`FY3 9QX`ar`-1`size`10`cr`0`OP`nfq`bc`S_BC6`f`Postal Code`8`0``0`br`0`v``ar`-1`size`10`cr`0`OP`nfq`bc`S_BC6`f`BT Upper Case County`8`0``0`br`0`v``ar`-1`size`10`cr`0`OP`nfq`bc`S_BC6`f`BT Upper Case Locality`8`0``0`br`0`v``ar`-1`size`10`cr`0`OP`nfq`bc`S_BC6`f`BT Organisation Name`8`0``0`br`0`v``ar`-1`size`10`cr`0`OP`nfq`bc`S_BC6`f`BT Upper Case Post Town`8`0``0`br`0`v``ar`-1`size`10`cr`0`OP`nfq`bc`S_BC6`f`BT Upper Case Thoroughfare Name`8`0``0`br`0`v`169`ar`-1`size`10`cr`0`OP`nfq`bc`S_BC6`f`BT Upper Case Thoroughfare Number`7`0``0`br`0`s`[BT Upper Case Thoroughfare Number] = &quot;169&quot; AND [Postal Code] = &quot;FY3 9QX&quot;`ar`-1`size`10`cr`0`OP`nq`bc`S_BC6`8`0``0`br`0`value`0`ar`-1`state`bInQueryState`size`10`cr`0`OP`sc`bc`S_BC6`8`0``0`br`0`value`0`ar`-1`state`bExecuted`size`10`cr`0`OP`sc`bc`S_BC6`8`0``0`br`0`value`1`ar`-1`state`bExecuted`size`10`cr`0`OP`sc`bc`S_BC6`6`0``0`br`0`ar`-1`size`10`cr`0`OP`eq`bc`S_BC6`8`0``0`br`0`srt`Last Updated Con Addr`s`[BT Upper Case Thoroughfare Number] = &quot;169&quot; AND [Postal Code] = &quot;FY3 9QX&quot;`ar`-1`size`10`cr`0`OP`e`bc`S_BC6`7`1``0`br`0`ar`-1`size`10`index`0`cr`0`OP`iw`bc`S_BC6`1`0`FieldValues`0`ValueArray`0*0*3*16916*PRESTON OLD ROAD0*0*9*BLACKPOOL10*LANCASHIRE7*FY3 9QX0*10*3-2BOM9D67`7`1``0`br`0`ar`-1`size`10`index`1`cr`0`OP`iw`bc`S_BC6`1`0`FieldValues`0`ValueArray`0*0*0*0*0*0*0*0*0*0*0*`8`0``0`br`0`ar`-1`size`10`index`1`cr`0`OP`dw`bc`S_BC6`nr`1`8`0``0`br`0`value`0`ar`0`state`activeRow`size`10`cr`0`OP`sc`bc`S_BC6`8`0``0`br`0`value`1`ar`0`state`cr`size`10`cr`0`OP`sc`bc`S_BC6`8`0``0`br`0`value`1`ar`0`state`nr`size`10`cr`0`OP`sc`bc`S_BC6`6`0``0`br`0`ar`0`size`10`cr`0`OP`nd`bc`S_BC6`8`0``0`br`0`ArgsArray`27*BT All Address Assoc Applet83*16_BT Contact Form Applet9_EditFieldA_3-61EV7QECA_s_2_1_31_12_259_NewRecord0_0_2_25`ar`0`size`10`cr`0`OP`g`bc`S_BC6`type`SetPopupBookmark`2`0``0`OP`en`bc`S_BC6`3`0`hui`0`n`Contact: Demo`hupd`1`hnact`top._swe._sweapp.S_App.GotoView(&amp;quot;BT Contact At View&amp;quot;, &amp;quot;&amp;quot;, &amp;quot;/ecommunications_enu_nsm_aps05524a027/start.swe?SWENeedContext=false&amp;amp;SWECmd=GotoBookmarkView&amp;amp;SWEBMC=27&amp;amp;SWEC=27&amp;amp;SRN=xK7T2pIB2ZOV15hwlQxQF5reKcoUB8VpMTZr7we8uAEb&amp;quot;, top._sweclient._swecontent._sweview)`1`6`Command Manager`0`RefreshToolbar`true`7`0`StateToolBar`0`#35`true`#36`true`#17`true`#34`true`#8`false`#37`true`#38`true`0`1`StateExToolBar`0`1`0`#35`0`Checked`false`0`3`FlagsToolBar`0`3`0`#8`0`SWESP`true`SWEH`0`SWEW`0`3`0`#34`0`SWESP`true`SWEH`600`SWEW`800`3`0`#36`0`SWESP`true`SWEH`20`SWEW`380`3`0`State`0`#27`false`#26`false`#28`false`0`3`StateEx`0`0`0`#26`0`0`0`#27`0`1`0`#28`0`Checked`false`0`0`Flags`0`</responseData>
  <responseFile class="java.lang.String"></responseFile>
  <cookies class="java.lang.String">_sn=GXmoeGkdwh1O45lrH7mMIZnLMWvqHkVWiQKqDOICOq1fi95anXYMaCRAX879ujDRD9kS4J75N4kGDX576Q2AKmwZPUBih-4NS80Pc1189OxasEbdAsHiEtIhcnCzZ0zWb5V6QpVraL0TTGU4ktkGZq374g8C0pUBRhKVASKeW21TgUW5eIkswq97I-.qG-kr; _srn=_srn; SWEUAID=SWEUAID</cookies>
  <method class="java.lang.String">POST</method>
  <queryString class="java.lang.String">SWER=65535&amp;s_6_2_100_0=&amp;SWEVI=&amp;SWERowId=&amp;s_6_2_101_0=&amp;SWEC=27&amp;SWEMethod=ExecuteQuery&amp;crpc=1&amp;s_6_2_102_0=&amp;SWEReqRowId=0&amp;SWERPC=1&amp;s_6_2_103_0=&amp;s_6_2_96_0=&amp;s_6_2_31_0=FY3+9QX&amp;s_6_2_97_0=&amp;SWENeedContext=false&amp;s_6_2_98_0=169&amp;SWEApplet=BT+All+Address+Assoc+Applet&amp;s_6_2_99_0=&amp;SWEView=BT+Contact+At+View&amp;SWECmd=InvokeMethod&amp;SWEField=s_6_1_76_0&amp;s_6_2_24_0=&amp;SRN=xK7T2pIB2ZOV15hwlQxQF5reKcoUB8VpMTZr7we8uAEb&amp;SWESP=false&amp;SWEBID=-1&amp;SWETS={{\d+}}&amp;SWEDIC=true&amp;SWEP=16_BT+Contact+Form+Applet9_EditFieldA_3-61EV7QECA_s_2_1_31_02_259_NewRecord0_0_2_25&amp;SWSECancelID=1592917098&amp;SWERowIds=SWERowId0%3D3-61EV7QEC</queryString>
  <java.net.URL>http://localhost:8080/ecommunications_enu_nsm_aps05524a027/start.swe</java.net.URL>
</httpSample>
<httpSample t="{{\d+}}" it="0" lt="{{\d+}}" ct="{{\d+}}" ts="{{\d+}}" s="true" lb="{{\d+}} /ecommunications_enu_nsm_aps05524a027/start.swe" rc="200" rm="OK" tn="Thread Group 1-1" dt="text" de="utf-8" by="6438" sby="1103" sc="1" ec="0" ng="1" na="1" hn="{{.*?}}">
  <responseHeader class="java.lang.String">HTTP/1.1 200 OK
Connection: close
Server: Oracle-iPlanet-Web-Server/7.0
Date: Tue, 23 Jun 2020 12:58:35 GMT
Content-Language: en
Cache-Control: no-cache
Swerpc: true
Content-Type: text/html;charset=utf-8
Connection: close
Matched-Stub-Id: {{\w+-\w+-\w+-\w+-\w+}}
Vary: Accept-Encoding, User-Agent
</responseHeader>
  <requestHeader class="java.lang.String">Connection: close
Content-Type: application/x-www-form-urlencoded
DNT: 1
Accept-Encoding: deflate
Pragma: no-cache
User-Agent: Mozilla/4.0 (compatible; MSIE 7.0; Windows NT 6.3; WOW64; Trident/7.0; .NET4.0E; .NET4.0C; .NET CLR 3.5.30729; .NET CLR 2.0.50727; .NET CLR 3.0.30729)
Accept: text/html, image/gif, image/jpeg, *; q=.2, */*; q=.2
Content-Length: 415
Host: localhost:8080
</requestHeader>
  <responseData class="java.lang.String">@0`1`4`2``0`UC`1`Status`Completed`SWEC`27`SRN`xK7T2pIB2ZOV15hwlQxQF5reKcoUB8VpMTZr7we8uAEb`0`62`Notifications`0`2`0``0`OP`bn`bc`S_BC2`8`0``0`br`0`value`1`ar`0`state`cp`size`1`cr`0`OP`sc`bc`S_BC2`7`0``0`br`0`ar`0`size`1`cr`0`OP`nfd`bc`S_BC2`f`BT Double Dependent Locality`7`0``0`br`0`ar`0`size`1`cr`0`OP`nfd`bc`S_BC2`f`BT CUT Address Matched`7`0``0`br`0`ar`0`size`1`cr`0`OP`nfd`bc`S_BC2`f`BT CUT Address Id`7`1``0`br`0`ar`0`size`1`cr`0`OP`ndw`bc`S_BC2`f`BT Address Calc - Full`2`0`FieldValues`0`ValueArray`47*169 Preston Old Road&lt;BR&gt;Blackpool&lt;BR&gt;Lancashire`FieldArray`1*8`7`0``0`br`0`ar`0`size`1`cr`0`OP`nfd`bc`S_BC2`f`BT Address Calc - Full`7`0``0`br`0`ar`0`size`1`cr`0`OP`nfd`bc`S_BC2`f`BT Dependent Thoroughfare`7`0``0`br`0`ar`0`size`1`cr`0`OP`nfd`bc`S_BC2`f`BT CUT Address Street Address 2`7`0``0`br`0`ar`0`size`1`cr`0`OP`nfd`bc`S_BC2`f`BT Upper Case Premise`7`0``0`br`0`ar`0`size`1`cr`0`OP`nfd`bc`S_BC2`f`BT Delivery Point`7`0``0`br`0`ar`0`size`1`cr`0`OP`nfd`bc`S_BC2`f`BT Contact Delivery Point`7`0``0`br`0`ar`0`size`1`cr`0`OP`nfd`bc`S_BC2`f`BT CUT Address County`7`0``0`br`0`ar`0`size`1`cr`0`OP`nfd`bc`S_BC2`f`BT Street Address`7`0``0`br`0`ar`0`size`1`cr`0`OP`nfd`bc`S_BC2`f`BT City`7`0``0`br`0`ar`0`size`1`cr`0`OP`nfd`bc`S_BC2`f`BT CUT Address Thoroughfare`7`0``0`br`0`ar`0`size`1`cr`0`OP`nfd`bc`S_BC2`f`BT CUT Address Building Number`7`0``0`br`0`ar`0`size`1`cr`0`OP`nfd`bc`S_BC2`f`BT PO Box`7`0``0`br`0`ar`0`size`1`cr`0`OP`nfd`bc`S_BC2`f`CUT Address Integration Id`7`0``0`br`0`ar`0`size`1`cr`0`OP`nfd`bc`S_BC2`f`CUT Address BT Business Name`7`0``0`br`0`ar`0`size`1`cr`0`OP`nfd`bc`S_BC2`f`BT CUT Address Country`7`1``0`br`0`ar`0`size`1`cr`0`OP`ndw`bc`S_BC2`f`BT CUT Address Type`2`0`FieldValues`0`ValueArray`0*`FieldArray`1*2`7`0``0`br`0`ar`0`size`1`cr`0`OP`nfd`bc`S_BC2`f`BT CUT Address Type`7`0``0`br`0`ar`0`size`1`cr`0`OP`nfd`bc`S_BC2`f`BT CUT Address Organisation Name`7`0``0`br`0`ar`0`size`1`cr`0`OP`nfd`bc`S_BC2`f`BT CUT Address End Date`7`0``0`br`0`ar`0`size`1`cr`0`OP`nfd`bc`S_BC2`f`BT Upper Case Thoroughfare Number`7`0``0`br`0`ar`0`size`1`cr`0`OP`nfd`bc`S_BC2`f`Province`7`0``0`br`0`ar`0`size`1`cr`0`OP`nfd`bc`S_BC2`f`BT CUT Address Descriptor`7`0``0`br`0`ar`0`size`1`cr`0`OP`nfd`bc`S_BC2`f`BT CUT Address Cherished Name`7`1``0`br`0`ar`0`size`1`cr`0`OP`ndw`bc`S_BC2`f`BT CUT Address Postal Code`2`0`FieldValues`0`ValueArray`7*FY3 9QX`FieldArray`1*5`7`0``0`br`0`ar`0`size`1`cr`0`OP`nfd`bc`S_BC2`f`BT CUT Address Postal Code`7`1``0`br`0`ar`0`size`1`cr`0`OP`ndw`bc`S_BC2`f`BT Address Calc - Full`2`0`FieldValues`0`ValueArray`47*169 Preston Old Road&lt;BR&gt;Blackpool&lt;BR&gt;Lancashire`FieldArray`1*8`2`0``0`OP`en`bc`S_BC2`2`0``0`OP`bn`bc`S_BC5`7`0``0`br`0`ArgsArray`31*BT Address Mvg Applet - Contact1*1`size`10`cr`0`OP`g`bc`S_BC5`type`SWEIRowSelection`7`0``0`br`0`ArgsArray`31*BT Address Mvg Applet - Contact1*01*11*11*11*21*11*31*11*41*11*51*11*61*11*71*11*81*11*91*12*101*12*111*12*121*12*131*12*141*12*151*12*161*12*171*12*181*12*191*12*201*12*211*12*221*12*231*12*241*12*251*12*261*12*271*12*281*12*291*12*301*02*311*12*321*02*331*12*341*02*351*12*361*12*371*02*381*12*391*12*401*12*411*12*421*02*431*02*441*12*451*02*461*12*471*02*481*12*491*02*501*12*511*02*521*12*531*02*541*02*551*12*561*12*571*02*581*12*591*02*601*12*611*02*621*12*631*02*641*12*651*02*661*1`size`10`cr`0`OP`g`bc`S_BC5`type`SWEICanUpdate`7`0``0`br`0`ArgsArray`31*BT Address Mvg Applet - Contact1*01*11*11*11*21*01*31*01*41*01*51*01*61*01*71*11*81*01*91*02*101*12*111*02*121*02*131*12*141*12*151*12*161*12*171*12*181*12*191*02*201*02*211*02*221*02*231*12*241*02*251*12*261*02*271*12*281*12*291*02*301*02*311*02*321*02*331*02*341*02*351*12*361*02*371*02*381*02*391*02*401*02*411*02*421*02*431*12*441*02*451*02*461*0`size`10`cr`0`OP`g`bc`S_BC5`type`SWEICanInvokeMethod`8`0``0`br`0`value`0`ar`-1`state`n`size`10`cr`0`OP`sc`bc`S_BC5`8`0``0`br`0`ar`0`size`10`index`0`cr`0`OP`dw`bc`S_BC5`nr`-1`7`1``0`br`0`ar`0`size`10`index`0`cr`0`OP`iw`bc`S_BC5`1`0`FieldValues`0`ValueArray`2*N 1*Y9*6+ months0*0*0*3*16916*Preston Old Road0*0*9*Blackpool10*Lancashire7*FY3 9QX0*0*0*2*  0*14*United Kingdom10*3-2BOM9D67`8`0``0`br`0`value`1`ar`0`state`bExecuted`size`10`cr`0`OP`sc`bc`S_BC5`8`0``0`br`0`value`0`ar`0`state`activeRow`size`10`cr`0`OP`sc`bc`S_BC5`8`0``0`br`0`value`0`ar`0`state`cp`size`10`cr`0`OP`sc`bc`S_BC5`8`0``0`br`0`value`0`ar`0`state`np`size`10`cr`0`OP`sc`bc`S_BC5`8`0``0`br`0`value`1`ar`0`state`n`size`10`cr`0`OP`sc`bc`S_BC5`8`0``0`br`0`ArgsArray`31*BT Address Mvg Applet - Contact64*16_BT Contact Form Applet9_EditFieldA_3-61EV7QECA_s_2_1_31_12_25`ar`0`size`10`cr`0`OP`g`bc`S_BC5`type`SetPopupBookmark`8`0``0`br`0`value`1`ar`0`state`cd`size`10`cr`0`OP`sc`bc`S_BC5`8`0``0`br`0`value`1`ar`0`state`cud`size`10`cr`0`OP`sc`bc`S_BC5`8`0``0`br`0`value`1`ar`0`state`cr`size`10`cr`0`OP`sc`bc`S_BC5`8`0``0`br`0`value`1`ar`0`state`nr`size`10`cr`0`OP`sc`bc`S_BC5`2`0``0`OP`en`bc`S_BC5`2`0``0`OP`bn`bc`S_BC6`8`0``0`br`0`value`0`ar`0`state`n`size`10`cr`0`OP`sc`bc`S_BC6`8`0``0`br`0`ar`0`size`10`index`0`cr`0`OP`dw`bc`S_BC6`nr`-1`7`1``0`br`0`ar`0`size`10`index`0`cr`0`OP`iw`bc`S_BC6`1`0`FieldValues`0`ValueArray`0*0*3*16916*PRESTON OLD ROAD0*0*9*BLACKPOOL10*LANCASHIRE7*FY3 9QX0*10*3-2BOM9D67`8`0``0`br`0`value`1`ar`0`state`bExecuted`size`10`cr`0`OP`sc`bc`S_BC6`8`0``0`br`0`value`0`ar`0`state`activeRow`size`10`cr`0`OP`sc`bc`S_BC6`8`0``0`br`0`value`0`ar`0`state`cp`size`10`cr`0`OP`sc`bc`S_BC6`8`0``0`br`0`value`0`ar`0`state`np`size`10`cr`0`OP`sc`bc`S_BC6`8`0``0`br`0`value`1`ar`0`state`n`size`10`cr`0`OP`sc`bc`S_BC6`8`0``0`br`0`ArgsArray`27*BT All Address Assoc Applet93*16_BT Contact Form Applet9_EditFieldA_3-61EV7QECA_s_2_1_31_12_259_NewRecordA_3-2BOM9D670_2_25`ar`0`size`10`cr`0`OP`g`bc`S_BC6`type`SetPopupBookmark`2`0``0`OP`en`bc`S_BC6`1`6`Command Manager`0`RefreshToolbar`true`7`0`StateToolBar`0`#35`true`#36`true`#17`true`#34`true`#8`false`#37`true`#38`true`0`1`StateExToolBar`0`1`0`#35`0`Checked`false`0`3`FlagsToolBar`0`3`0`#8`0`SWESP`true`SWEH`0`SWEW`0`3`0`#34`0`SWESP`true`SWEH`600`SWEW`800`3`0`#36`0`SWESP`true`SWEH`20`SWEW`380`3`0`State`0`#27`false`#26`false`#28`false`0`3`StateEx`0`0`0`#26`0`0`0`#27`0`1`0`#28`0`Checked`false`0`0`Flags`0`</responseData>
  <responseFile class="java.lang.String"></responseFile>
  <cookies class="java.lang.String">_sn=GXmoeGkdwh1O45lrH7mMIZnLMWvqHkVWiQKqDOICOq1fi95anXYMaCRAX879ujDRD9kS4J75N4kGDX576Q2AKmwZPUBih-4NS80Pc1189OxasEbdAsHiEtIhcnCzZ0zWb5V6QpVraL0TTGU4ktkGZq374g8C0pUBRhKVASKeW21TgUW5eIkswq97I-.qG-kr; _srn=_srn; SWEUAID=SWEUAID</cookies>
  <method class="java.lang.String">POST</method>
  <queryString class="java.lang.String">SWER=65535&amp;SWEVI=&amp;SWERowId=&amp;SWEC=27&amp;SWEMethod=AddRecords&amp;SWEReqRowId=0&amp;SWERPC=1&amp;SWENeedContext=false&amp;SWEApplet=BT+Address+Mvg+Applet+-+Contact&amp;SWEView=BT+Contact+At+View&amp;SWECmd=InvokeMethod&amp;SWEField=s_5_1_91_0&amp;SRN=xK7T2pIB2ZOV15hwlQxQF5reKcoUB8VpMTZr7we8uAEb&amp;SWESP=false&amp;SWEBID=-1&amp;SWETS={{\d+}}&amp;SWEDIC=true&amp;SWEP=16_BT+Contact+Form+Applet9_EditFieldA_3-61EV7QECA_s_2_1_31_02_25&amp;SWERowIds=SWERowId0%3D3-61EV7QEC</queryString>
  <java.net.URL>http://localhost:8080/ecommunications_enu_nsm_aps05524a027/start.swe</java.net.URL>
</httpSample>
<httpSample t="{{\d+}}" it="0" lt="{{\d+}}" ct="{{\d+}}" ts="{{\d+}}" s="true" lb="{{\d+}} /ecommunications_enu_nsm_aps05524a027/start.swe" rc="200" rm="OK" tn="Thread Group 1-1" dt="text" de="utf-8" by="1137" sby="1128" sc="1" ec="0" ng="1" na="1" hn="{{.*?}}">
  <responseHeader class="java.lang.String">HTTP/1.1 200 OK
Connection: close
Server: Oracle-iPlanet-Web-Server/7.0
Date: Tue, 23 Jun 2020 12:58:48 GMT
Content-Language: en
Cache-Control: no-cache
Swerpc: true
Content-Type: text/html;charset=utf-8
Connection: close
Matched-Stub-Id: {{\w+-\w+-\w+-\w+-\w+}}
Vary: Accept-Encoding, User-Agent
</responseHeader>
  <requestHeader class="java.lang.String">Connection: close
Content-Type: application/x-www-form-urlencoded
DNT: 1
Accept-Encoding: deflate
Pragma: no-cache
User-Agent: Mozilla/4.0 (compatible; MSIE 7.0; Windows NT 6.3; WOW64; Trident/7.0; .NET4.0E; .NET4.0C; .NET CLR 3.5.30729; .NET CLR 2.0.50727; .NET CLR 3.0.30729)
Accept: text/html, image/gif, image/jpeg, *; q=.2, */*; q=.2
Content-Length: 440
Host: localhost:8080
</requestHeader>
  <responseData class="java.lang.String">@0`1`4`2``0`UC`1`Status`Completed`SWEC`28`SRN`xK7T2pIB2ZOV15hwlQxQF5reKcoUB8VpMTZr7we8uAEb`0`3`Notifications`0`2`0``0`OP`bn`bc`S_BC5`8`0``0`br`0`ArgsArray`0*18*BT Contact At View31*BT Address Mvg Applet - Contact11*s_5_2_102_04*true0*10*&lt; 3 months9*3+ months9*6+ months9*9+ months10*12+ months10*18+ months8*2+ years8*3+ years`ar`0`size`10`cr`0`OP`g`bc`S_BC5`type`GetQuickPickInfo`2`0``0`OP`en`bc`S_BC5`1`6`Command Manager`0`RefreshToolbar`true`7`0`StateToolBar`0`#35`true`#36`true`#17`true`#34`true`#8`false`#37`true`#38`true`0`1`StateExToolBar`0`1`0`#35`0`Checked`false`0`3`FlagsToolBar`0`3`0`#8`0`SWESP`true`SWEH`0`SWEW`0`3`0`#34`0`SWESP`true`SWEH`600`SWEW`800`3`0`#36`0`SWESP`true`SWEH`20`SWEW`380`3`0`State`0`#27`false`#26`false`#28`false`0`3`StateEx`0`0`0`#26`0`0`0`#27`0`1`0`#28`0`Checked`false`0`0`Flags`0`</responseData>
  <responseFile class="java.lang.String"></responseFile>
  <cookies class="java.lang.String">_sn=GXmoeGkdwh1O45lrH7mMIZnLMWvqHkVWiQKqDOICOq1fi95anXYMaCRAX879ujDRD9kS4J75N4kGDX576Q2AKmwZPUBih-4NS80Pc1189OxasEbdAsHiEtIhcnCzZ0zWb5V6QpVraL0TTGU4ktkGZq374g8C0pUBRhKVASKeW21TgUW5eIkswq97I-.qG-kr; _srn=_srn; SWEUAID=SWEUAID</cookies>
  <method class="java.lang.String">POST</method>
  <queryString class="java.lang.String">SWEVI=&amp;SWERowId=3-2BOM9D67&amp;SWEC=27&amp;SWEMethod=GetQuickPickInfo&amp;SWEReqRowId=1&amp;SWERPC=1&amp;s_5_2_13_0=&amp;s_5_2_102_0=6%2B+months&amp;s_5_2_114_0=&amp;s_5_2_103_0=&amp;SWEApplet=BT+Address+Mvg+Applet+-+Contact&amp;SWEView=BT+Contact+At+View&amp;SWEField=s_5_2_102_0&amp;SWECmd=InvokeMethod&amp;SRN=xK7T2pIB2ZOV15hwlQxQF5reKcoUB8VpMTZr7we8uAEb&amp;SWEJI=false&amp;SWETS={{\d+}}&amp;SWEP=16_BT+Contact+Form+Applet9_EditFieldA_3-61EV7QECA_s_2_1_31_12_25&amp;SWERowIds=SWERowId0%3D3-61EV7QEC</queryString>
  <java.net.URL>http://localhost:8080/ecommunications_enu_nsm_aps05524a027/start.swe</java.net.URL>
</httpSample>
<httpSample t="{{\d+}}" it="0" lt="{{\d+}}" ct="{{\d+}}" ts="{{\d+}}" s="true" lb="{{\d+}} /ecommunications_enu_nsm_aps05524a027/start.swe" rc="200" rm="OK" tn="Thread Group 1-1" dt="text" de="utf-8" by="1170" sby="1130" sc="1" ec="0" ng="1" na="1" hn="{{.*?}}">
  <responseHeader class="java.lang.String">HTTP/1.1 200 OK
Connection: close
Server: Oracle-iPlanet-Web-Server/7.0
Date: Tue, 23 Jun 2020 12:58:51 GMT
Content-Language: en
Cache-Control: no-cache
Swerpc: true
Content-Type: text/html;charset=utf-8
Connection: close
Matched-Stub-Id: {{\w+-\w+-\w+-\w+-\w+}}
Vary: Accept-Encoding, User-Agent
</responseHeader>
  <requestHeader class="java.lang.String">Connection: close
Content-Type: application/x-www-form-urlencoded
DNT: 1
Accept-Encoding: deflate
Pragma: no-cache
User-Agent: Mozilla/4.0 (compatible; MSIE 7.0; Windows NT 6.3; WOW64; Trident/7.0; .NET4.0E; .NET4.0C; .NET CLR 3.5.30729; .NET CLR 2.0.50727; .NET CLR 3.0.30729)
Accept: text/html, image/gif, image/jpeg, *; q=.2, */*; q=.2
Content-Length: 442
Host: localhost:8080
</requestHeader>
  <responseData class="java.lang.String">@0`1`4`2``0`UC`1`Status`Completed`SWEC`29`SRN`xK7T2pIB2ZOV15hwlQxQF5reKcoUB8VpMTZr7we8uAEb`0`5`Notifications`0`2`0``0`OP`bn`bc`S_BC5`8`0``0`br`0`value`1`ar`0`state`cp`size`10`cr`0`OP`sc`bc`S_BC5`7`1``0`br`0`ar`0`size`10`cr`0`OP`ndw`bc`S_BC5`f`BT Contact Time At Address String`2`0`FieldValues`0`ValueArray`8*3+ years`FieldArray`1*2`7`0``0`br`0`ar`0`size`10`cr`0`OP`nfd`bc`S_BC5`f`BT Contact Time At Address String`2`0``0`OP`en`bc`S_BC5`1`6`Command Manager`0`RefreshToolbar`true`7`0`StateToolBar`0`#35`true`#36`true`#17`true`#34`true`#8`false`#37`true`#38`true`0`1`StateExToolBar`0`1`0`#35`0`Checked`false`0`3`FlagsToolBar`0`3`0`#8`0`SWESP`true`SWEH`0`SWEW`0`3`0`#34`0`SWESP`true`SWEH`600`SWEW`800`3`0`#36`0`SWESP`true`SWEH`20`SWEW`380`3`0`State`0`#27`false`#26`false`#28`false`0`3`StateEx`0`0`0`#26`0`0`0`#27`0`1`0`#28`0`Checked`false`0`0`Flags`0`</responseData>
  <responseFile class="java.lang.String"></responseFile>
  <cookies class="java.lang.String">_sn=GXmoeGkdwh1O45lrH7mMIZnLMWvqHkVWiQKqDOICOq1fi95anXYMaCRAX879ujDRD9kS4J75N4kGDX576Q2AKmwZPUBih-4NS80Pc1189OxasEbdAsHiEtIhcnCzZ0zWb5V6QpVraL0TTGU4ktkGZq374g8C0pUBRhKVASKeW21TgUW5eIkswq97I-.qG-kr; _srn=_srn; SWEUAID=SWEUAID</cookies>
  <method class="java.lang.String">POST</method>
  <queryString class="java.lang.String">SWEVI=&amp;SWERowId=3-2BOM9D67&amp;SWEC=28&amp;SWEMethod=PostChanges&amp;SWEPOC=BT+Contact+Time+At+Address+String&amp;SWEReqRowId=1&amp;SWERPC=1&amp;s_5_2_13_0=&amp;s_5_2_102_0=3%2B+years&amp;s_5_2_114_0=&amp;s_5_2_103_0=&amp;SWEApplet=BT+Address+Mvg+Applet+-+Contact&amp;SWEView=BT+Contact+At+View&amp;SWECmd=InvokeMethod&amp;SRN=xK7T2pIB2ZOV15hwlQxQF5reKcoUB8VpMTZr7we8uAEb&amp;SWETS={{\d+}}&amp;SWEP=16_BT+Contact+Form+Applet9_EditFieldA_3-61EV7QECA_s_2_1_31_12_25&amp;SWERowIds=SWERowId0%3D3-61EV7QEC</queryString>
  <java.net.URL>http://localhost:8080/ecommunications_enu_nsm_aps05524a027/start.swe</java.net.URL>
</httpSample>
<httpSample t="{{\d+}}" it="0" lt="{{\d+}}" ct="{{\d+}}" ts="{{\d+}}" s="true" lb="{{\d+}} /ecommunications_enu_nsm_aps05524a027/start.swe" rc="200" rm="OK" tn="Thread Group 1-1" dt="text" de="utf-8" by="8784" sby="1176" sc="1" ec="0" ng="1" na="1" hn="{{.*?}}">
  <responseHeader class="java.lang.String">HTTP/1.1 200 OK
Connection: close
Server: Oracle-iPlanet-Web-Server/7.0
Date: Tue, 23 Jun 2020 12:59:02 GMT
Content-Language: en
Cache-Control: no-cache
Swerpc: true
Content-Type: text/html;charset=utf-8
Matched-Stub-Id: {{\w+-\w+-\w+-\w+-\w+}}
Vary: Accept-Encoding, User-Agent
</responseHeader>
  <requestHeader class="java.lang.String">Connection: close
Content-Type: application/x-www-form-urlencoded
DNT: 1
Accept-Encoding: deflate
Pragma: no-cache
User-Agent: Mozilla/4.0 (compatible; MSIE 7.0; Windows NT 6.3; WOW64; Trident/7.0; .NET4.0E; .NET4.0C; .NET CLR 3.5.30729; .NET CLR 2.0.50727; .NET CLR 3.0.30729)
Accept: text/html, image/gif, image/jpeg, *; q=.2, */*; q=.2
Content-Length: 488
Host: localhost:8080
</requestHeader>
  <responseData class="java.lang.String">@0`1`4`2``0`UC`1`Status`ClosePopup`SWEC`29`SRN`xK7T2pIB2ZOV15hwlQxQF5reKcoUB8VpMTZr7we8uAEb`0`95`Notifications`0`2`0``0`OP`bn`bc`S_BC2`7`0``0`br`0`ArgsArray`22*BT Contact Form Applet11**HTML SSPrv1*?10**HTML Text1*?25**HTML RTCEmbeddedTextOnly1*?14**HTML TextArea1*?`size`1`cr`0`OP`g`bc`S_BC2`type`SWEIPrivFlds`7`0``0`br`0`ArgsArray`22*BT Contact Form Applet1*01*11*11*01*21*11*31*11*41*11*51*11*61*11*71*01*81*11*91*12*101*02*111*02*121*02*131*12*141*02*151*02*161*12*171*12*181*12*191*12*201*12*211*02*221*02*231*02*241*12*251*02*261*02*271*02*281*02*291*12*301*02*311*12*321*02*331*12*341*12*351*12*361*02*371*02*381*02*391*02*401*02*411*02*421*12*431*12*441*02*451*1`size`1`cr`0`OP`g`bc`S_BC2`type`SWEICanInvokeMethod`7`0``0`br`0`ar`0`size`1`cr`0`OP`nfd`bc`S_BC2`f`BT Double Dependent Locality`7`0``0`br`0`ar`0`size`1`cr`0`OP`nfd`bc`S_BC2`f`BT CUT Address Matched`7`0``0`br`0`ar`0`size`1`cr`0`OP`nfd`bc`S_BC2`f`BT CUT Address Id`7`1``0`br`0`ar`0`size`1`cr`0`OP`ndw`bc`S_BC2`f`BT Address Calc - Full`2`0`FieldValues`0`ValueArray`47*169 Preston Old Road&lt;BR&gt;Blackpool&lt;BR&gt;Lancashire`FieldArray`1*8`7`0``0`br`0`ar`0`size`1`cr`0`OP`nfd`bc`S_BC2`f`BT Address Calc - Full`7`0``0`br`0`ar`0`size`1`cr`0`OP`nfd`bc`S_BC2`f`BT Dependent Thoroughfare`7`0``0`br`0`ar`0`size`1`cr`0`OP`nfd`bc`S_BC2`f`BT CUT Address Street Address 2`7`0``0`br`0`ar`0`size`1`cr`0`OP`nfd`bc`S_BC2`f`BT Upper Case Premise`7`0``0`br`0`ar`0`size`1`cr`0`OP`nfd`bc`S_BC2`f`BT Delivery Point`7`0``0`br`0`ar`0`size`1`cr`0`OP`nfd`bc`S_BC2`f`BT Contact Delivery Point`7`0``0`br`0`ar`0`size`1`cr`0`OP`nfd`bc`S_BC2`f`BT CUT Address County`7`0``0`br`0`ar`0`size`1`cr`0`OP`nfd`bc`S_BC2`f`BT Street Address`7`0``0`br`0`ar`0`size`1`cr`0`OP`nfd`bc`S_BC2`f`BT City`7`0``0`br`0`ar`0`size`1`cr`0`OP`nfd`bc`S_BC2`f`BT CUT Address Thoroughfare`7`0``0`br`0`ar`0`size`1`cr`0`OP`nfd`bc`S_BC2`f`BT CUT Address Building Number`7`0``0`br`0`ar`0`size`1`cr`0`OP`nfd`bc`S_BC2`f`BT PO Box`7`0``0`br`0`ar`0`size`1`cr`0`OP`nfd`bc`S_BC2`f`CUT Address Integration Id`7`0``0`br`0`ar`0`size`1`cr`0`OP`nfd`bc`S_BC2`f`CUT Address BT Business Name`7`0``0`br`0`ar`0`size`1`cr`0`OP`nfd`bc`S_BC2`f`BT CUT Address Country`7`1``0`br`0`ar`0`size`1`cr`0`OP`ndw`bc`S_BC2`f`BT CUT Address Type`2`0`FieldValues`0`ValueArray`0*`FieldArray`1*2`7`0``0`br`0`ar`0`size`1`cr`0`OP`nfd`bc`S_BC2`f`BT CUT Address Type`7`0``0`br`0`ar`0`size`1`cr`0`OP`nfd`bc`S_BC2`f`BT CUT Address Organisation Name`7`0``0`br`0`ar`0`size`1`cr`0`OP`nfd`bc`S_BC2`f`BT CUT Address End Date`7`0``0`br`0`ar`0`size`1`cr`0`OP`nfd`bc`S_BC2`f`BT Upper Case Thoroughfare Number`7`0``0`br`0`ar`0`size`1`cr`0`OP`nfd`bc`S_BC2`f`Province`7`0``0`br`0`ar`0`size`1`cr`0`OP`nfd`bc`S_BC2`f`BT CUT Address Descriptor`7`0``0`br`0`ar`0`size`1`cr`0`OP`nfd`bc`S_BC2`f`BT CUT Address Cherished Name`7`1``0`br`0`ar`0`size`1`cr`0`OP`ndw`bc`S_BC2`f`BT CUT Address Postal Code`2`0`FieldValues`0`ValueArray`7*FY3 9QX`FieldArray`1*5`7`0``0`br`0`ar`0`size`1`cr`0`OP`nfd`bc`S_BC2`f`BT CUT Address Postal Code`7`1``0`br`0`ar`0`size`1`cr`0`OP`ndw`bc`S_BC2`f`BT Address Calc - Full`2`0`FieldValues`0`ValueArray`47*169 Preston Old Road&lt;BR&gt;Blackpool&lt;BR&gt;Lancashire`FieldArray`1*8`7`0``0`br`0`ar`0`size`1`cr`0`OP`nfd`bc`S_BC2`f`BT Double Dependent Locality`7`0``0`br`0`ar`0`size`1`cr`0`OP`nfd`bc`S_BC2`f`BT CUT Address Matched`7`0``0`br`0`ar`0`size`1`cr`0`OP`nfd`bc`S_BC2`f`BT CUT Address Id`7`1``0`br`0`ar`0`size`1`cr`0`OP`ndw`bc`S_BC2`f`BT Address Calc - Full`2`0`FieldValues`0`ValueArray`47*169 Preston Old Road&lt;BR&gt;Blackpool&lt;BR&gt;Lancashire`FieldArray`1*8`7`0``0`br`0`ar`0`size`1`cr`0`OP`nfd`bc`S_BC2`f`BT Address Calc - Full`7`0``0`br`0`ar`0`size`1`cr`0`OP`nfd`bc`S_BC2`f`BT Dependent Thoroughfare`7`0``0`br`0`ar`0`size`1`cr`0`OP`nfd`bc`S_BC2`f`BT CUT Address Street Address 2`7`0``0`br`0`ar`0`size`1`cr`0`OP`nfd`bc`S_BC2`f`BT Upper Case Premise`7`0``0`br`0`ar`0`size`1`cr`0`OP`nfd`bc`S_BC2`f`BT Delivery Point`7`0``0`br`0`ar`0`size`1`cr`0`OP`nfd`bc`S_BC2`f`BT Contact Delivery Point`7`0``0`br`0`ar`0`size`1`cr`0`OP`nfd`bc`S_BC2`f`BT CUT Address County`7`0``0`br`0`ar`0`size`1`cr`0`OP`nfd`bc`S_BC2`f`BT Street Address`7`0``0`br`0`ar`0`size`1`cr`0`OP`nfd`bc`S_BC2`f`BT City`7`0``0`br`0`ar`0`size`1`cr`0`OP`nfd`bc`S_BC2`f`BT CUT Address Thoroughfare`7`0``0`br`0`ar`0`size`1`cr`0`OP`nfd`bc`S_BC2`f`BT CUT Address Building Number`7`0``0`br`0`ar`0`size`1`cr`0`OP`nfd`bc`S_BC2`f`BT PO Box`7`0``0`br`0`ar`0`size`1`cr`0`OP`nfd`bc`S_BC2`f`CUT Address Integration Id`7`0``0`br`0`ar`0`size`1`cr`0`OP`nfd`bc`S_BC2`f`CUT Address BT Business Name`7`0``0`br`0`ar`0`size`1`cr`0`OP`nfd`bc`S_BC2`f`BT CUT Address Country`7`1``0`br`0`ar`0`size`1`cr`0`OP`ndw`bc`S_BC2`f`BT CUT Address Type`2`0`FieldValues`0`ValueArray`0*`FieldArray`1*2`7`0``0`br`0`ar`0`size`1`cr`0`OP`nfd`bc`S_BC2`f`BT CUT Address Type`7`0``0`br`0`ar`0`size`1`cr`0`OP`nfd`bc`S_BC2`f`BT CUT Address Organisation Name`7`0``0`br`0`ar`0`size`1`cr`0`OP`nfd`bc`S_BC2`f`BT CUT Address End Date`7`0``0`br`0`ar`0`size`1`cr`0`OP`nfd`bc`S_BC2`f`BT Upper Case Thoroughfare Number`7`0``0`br`0`ar`0`size`1`cr`0`OP`nfd`bc`S_BC2`f`Province`7`0``0`br`0`ar`0`size`1`cr`0`OP`nfd`bc`S_BC2`f`BT CUT Address Descriptor`7`0``0`br`0`ar`0`size`1`cr`0`OP`nfd`bc`S_BC2`f`BT CUT Address Cherished Name`7`1``0`br`0`ar`0`size`1`cr`0`OP`ndw`bc`S_BC2`f`BT CUT Address Postal Code`2`0`FieldValues`0`ValueArray`7*FY3 9QX`FieldArray`1*5`7`0``0`br`0`ar`0`size`1`cr`0`OP`nfd`bc`S_BC2`f`BT CUT Address Postal Code`7`1``0`br`0`ar`0`size`1`cr`0`OP`ndw`bc`S_BC2`f`BT Address Calc - Full`2`0`FieldValues`0`ValueArray`47*169 Preston Old Road&lt;BR&gt;Blackpool&lt;BR&gt;Lancashire`FieldArray`1*8`7`0``0`br`0`ar`0`size`1`cr`0`OP`nfd`bc`S_BC2`f`BT Double Dependent Locality`7`0``0`br`0`ar`0`size`1`cr`0`OP`nfd`bc`S_BC2`f`BT CUT Address Matched`7`0``0`br`0`ar`0`size`1`cr`0`OP`nfd`bc`S_BC2`f`BT CUT Address Id`7`1``0`br`0`ar`0`size`1`cr`0`OP`ndw`bc`S_BC2`f`BT Address Calc - Full`2`0`FieldValues`0`ValueArray`47*169 Preston Old Road&lt;BR&gt;Blackpool&lt;BR&gt;Lancashire`FieldArray`1*8`7`0``0`br`0`ar`0`size`1`cr`0`OP`nfd`bc`S_BC2`f`BT Address Calc - Full`7`0``0`br`0`ar`0`size`1`cr`0`OP`nfd`bc`S_BC2`f`BT Dependent Thoroughfare`7`0``0`br`0`ar`0`size`1`cr`0`OP`nfd`bc`S_BC2`f`BT CUT Address Street Address 2`7`0``0`br`0`ar`0`size`1`cr`0`OP`nfd`bc`S_BC2`f`BT Upper Case Premise`7`0``0`br`0`ar`0`size`1`cr`0`OP`nfd`bc`S_BC2`f`BT Delivery Point`7`0``0`br`0`ar`0`size`1`cr`0`OP`nfd`bc`S_BC2`f`BT Contact Delivery Point`7`0``0`br`0`ar`0`size`1`cr`0`OP`nfd`bc`S_BC2`f`BT CUT Address County`7`0``0`br`0`ar`0`size`1`cr`0`OP`nfd`bc`S_BC2`f`BT Street Address`7`0``0`br`0`ar`0`size`1`cr`0`OP`nfd`bc`S_BC2`f`BT City`7`0``0`br`0`ar`0`size`1`cr`0`OP`nfd`bc`S_BC2`f`BT CUT Address Thoroughfare`7`0``0`br`0`ar`0`size`1`cr`0`OP`nfd`bc`S_BC2`f`BT CUT Address Building Number`7`0``0`br`0`ar`0`size`1`cr`0`OP`nfd`bc`S_BC2`f`BT PO Box`7`0``0`br`0`ar`0`size`1`cr`0`OP`nfd`bc`S_BC2`f`CUT Address Integration Id`7`0``0`br`0`ar`0`size`1`cr`0`OP`nfd`bc`S_BC2`f`CUT Address BT Business Name`7`0``0`br`0`ar`0`size`1`cr`0`OP`nfd`bc`S_BC2`f`BT CUT Address Country`7`1``0`br`0`ar`0`size`1`cr`0`OP`ndw`bc`S_BC2`f`BT CUT Address Type`2`0`FieldValues`0`ValueArray`0*`FieldArray`1*2`7`0``0`br`0`ar`0`size`1`cr`0`OP`nfd`bc`S_BC2`f`BT CUT Address Type`7`0``0`br`0`ar`0`size`1`cr`0`OP`nfd`bc`S_BC2`f`BT CUT Address Organisation Name`7`0``0`br`0`ar`0`size`1`cr`0`OP`nfd`bc`S_BC2`f`BT CUT Address End Date`7`0``0`br`0`ar`0`size`1`cr`0`OP`nfd`bc`S_BC2`f`BT Upper Case Thoroughfare Number`7`0``0`br`0`ar`0`size`1`cr`0`OP`nfd`bc`S_BC2`f`Province`7`0``0`br`0`ar`0`size`1`cr`0`OP`nfd`bc`S_BC2`f`BT CUT Address Descriptor`7`0``0`br`0`ar`0`size`1`cr`0`OP`nfd`bc`S_BC2`f`BT CUT Address Cherished Name`7`1``0`br`0`ar`0`size`1`cr`0`OP`ndw`bc`S_BC2`f`BT CUT Address Postal Code`2`0`FieldValues`0`ValueArray`7*FY3 9QX`FieldArray`1*5`7`0``0`br`0`ar`0`size`1`cr`0`OP`nfd`bc`S_BC2`f`BT CUT Address Postal Code`7`1``0`br`0`ar`0`size`1`cr`0`OP`ndw`bc`S_BC2`f`BT Address Calc - Full`2`0`FieldValues`0`ValueArray`47*169 Preston Old Road&lt;BR&gt;Blackpool&lt;BR&gt;Lancashire`FieldArray`1*8`8`0``0`br`0`ArgsArray`22*BT Contact Form Applet`ar`0`size`1`cr`0`OP`g`bc`S_BC2`type`ClosePopup`2`0``0`OP`en`bc`S_BC2`1`6`Command Manager`0`RefreshToolbar`true`7`0`StateToolBar`0`#35`true`#36`true`#17`true`#34`true`#8`false`#37`true`#38`true`0`1`StateExToolBar`0`1`0`#35`0`Checked`false`0`3`FlagsToolBar`0`3`0`#8`0`SWESP`true`SWEH`0`SWEW`0`3`0`#34`0`SWESP`true`SWEH`600`SWEW`800`3`0`#36`0`SWESP`true`SWEH`20`SWEW`380`3`0`State`0`#27`false`#26`false`#28`false`0`3`StateEx`0`0`0`#26`0`0`0`#27`0`1`0`#28`0`Checked`false`0`0`Flags`0`</responseData>
  <responseFile class="java.lang.String"></responseFile>
  <cookies class="java.lang.String">_sn=GXmoeGkdwh1O45lrH7mMIZnLMWvqHkVWiQKqDOICOq1fi95anXYMaCRAX879ujDRD9kS4J75N4kGDX576Q2AKmwZPUBih-4NS80Pc1189OxasEbdAsHiEtIhcnCzZ0zWb5V6QpVraL0TTGU4ktkGZq374g8C0pUBRhKVASKeW21TgUW5eIkswq97I-.qG-kr; _srn=_srn; SWEUAID=SWEUAID</cookies>
  <method class="java.lang.String">POST</method>
  <queryString class="java.lang.String">SWER=65535&amp;SWEVI=&amp;SWERowId=3-2BOM9D67&amp;SWEC=29&amp;SWEMethod=CloseApplet&amp;SWEReqRowId=1&amp;SWERPC=1&amp;s_5_2_13_0=&amp;s_5_2_102_0=3%2B+years&amp;s_5_2_114_0=&amp;s_5_2_103_0=Y&amp;SWENeedContext=false&amp;SWEApplet=BT+Address+Mvg+Applet+-+Contact&amp;SWEView=BT+Contact+At+View&amp;SWECmd=InvokeMethod&amp;SWEField=s_5_1_94_0&amp;SRN=xK7T2pIB2ZOV15hwlQxQF5reKcoUB8VpMTZr7we8uAEb&amp;SWESP=false&amp;SWEBID=-1&amp;SWETS={{\d+}}&amp;SWEDIC=true&amp;SWEP=16_BT+Contact+Form+Applet9_EditFieldA_3-61EV7QECA_s_2_1_31_12_25&amp;SWERowIds=SWERowId0%3D3-61EV7QEC</queryString>
  <java.net.URL>http://localhost:8080/ecommunications_enu_nsm_aps05524a027/start.swe</java.net.URL>
</httpSample>
<httpSample t="{{\d+}}" it="0" lt="{{\d+}}" ct="{{\d+}}" ts="{{\d+}}" s="true" lb="{{\d+}} /ecommunications_enu_nsm_aps05524a027/start.swe" rc="200" rm="OK" tn="Thread Group 1-1" dt="text" de="utf-8" by="2000" sby="1121" sc="1" ec="0" ng="1" na="1" hn="{{.*?}}">
  <responseHeader class="java.lang.String">HTTP/1.1 200 OK
Connection: close
Server: Oracle-iPlanet-Web-Server/7.0
Date: Tue, 23 Jun 2020 13:00:24 GMT
Content-Language: en
Cache-Control: no-cache
Swerpc: true
Content-Type: text/html;charset=utf-8
Connection: close
Matched-Stub-Id: {{\w+-\w+-\w+-\w+-\w+}}
Vary: Accept-Encoding, User-Agent
</responseHeader>
  <requestHeader class="java.lang.String">Connection: close
Content-Type: application/x-www-form-urlencoded
DNT: 1
Accept-Encoding: deflate
Pragma: no-cache
User-Agent: Mozilla/4.0 (compatible; MSIE 7.0; Windows NT 6.3; WOW64; Trident/7.0; .NET4.0E; .NET4.0C; .NET CLR 3.5.30729; .NET CLR 2.0.50727; .NET CLR 3.0.30729)
Accept: text/html, image/gif, image/jpeg, *; q=.2, */*; q=.2
Content-Length: 433
Host: localhost:8080
</requestHeader>
  <responseData class="java.lang.String">@0`1`4`3``0`UC`1`Status`Completed`SWEC`30`SRN`xK7T2pIB2ZOV15hwlQxQF5reKcoUB8VpMTZr7we8uAEb`0`6`Notifications`0`2`0``0`OP`bn`bc`S_BC2`7`0``0`br`0`ArgsArray`22*BT Contact Form Applet1*01*11*11*01*21*11*31*11*41*11*51*11*61*11*71*01*81*11*91*02*101*02*111*02*121*02*131*12*141*02*151*02*161*12*171*12*181*12*191*12*201*12*211*02*221*02*231*02*241*12*251*02*261*02*271*02*281*02*291*12*301*02*311*12*321*02*331*12*341*12*351*12*361*02*371*02*381*02*391*02*401*02*411*02*421*12*431*12*441*02*451*1`size`1`cr`0`OP`g`bc`S_BC2`type`SWEICanInvokeMethod`8`0``0`br`0`value`0`ar`0`state`cp`size`1`cr`0`OP`sc`bc`S_BC2`6`1``0`br`0`ar`0`size`1`cr`0`OP`nrdw`bc`S_BC2`1`0`FieldValues`0`ValueArray`0*10*06/01/19820*10*Blazemeter9*newplugin7*FY3 9QX4*Demo18*Under Construction47*169 Preston Old Road&lt;BR&gt;Blackpool&lt;BR&gt;Lancashire6*Letter0*0*0*8*Consumer0*0*0*0*1*Y10*3-61EV7QEC`6`0``0`br`0`ar`0`size`1`cr`0`OP`nrd`bc`S_BC2`2`0``0`OP`en`bc`S_BC2`3`0`hui`0`n`Contact: Demo`hupd`1`hnact`top._swe._sweapp.S_App.GotoView(&amp;quot;BT Contact At View&amp;quot;, &amp;quot;&amp;quot;, &amp;quot;/ecommunications_enu_nsm_aps05524a027/start.swe?SWENeedContext=false&amp;amp;SWECmd=GotoBookmarkView&amp;amp;SWEBMC=30&amp;amp;SWEC=30&amp;amp;SRN=xK7T2pIB2ZOV15hwlQxQF5reKcoUB8VpMTZr7we8uAEb&amp;quot;, top._sweclient._swecontent._sweview)`1`6`Command Manager`0`RefreshToolbar`true`7`0`StateToolBar`0`#35`true`#36`true`#17`true`#34`true`#8`false`#37`true`#38`true`0`1`StateExToolBar`0`1`0`#35`0`Checked`false`0`3`FlagsToolBar`0`3`0`#8`0`SWESP`true`SWEH`0`SWEW`0`3`0`#34`0`SWESP`true`SWEH`600`SWEW`800`3`0`#36`0`SWESP`true`SWEH`20`SWEW`380`3`0`State`0`#27`false`#26`false`#28`false`0`3`StateEx`0`0`0`#26`0`0`0`#27`0`1`0`#28`0`Checked`false`0`0`Flags`0`</responseData>
  <responseFile class="java.lang.String"></responseFile>
  <cookies class="java.lang.String">_sn=GXmoeGkdwh1O45lrH7mMIZnLMWvqHkVWiQKqDOICOq1fi95anXYMaCRAX879ujDRD9kS4J75N4kGDX576Q2AKmwZPUBih-4NS80Pc1189OxasEbdAsHiEtIhcnCzZ0zWb5V6QpVraL0TTGU4ktkGZq374g8C0pUBRhKVASKeW21TgUW5eIkswq97I-.qG-kr; _srn=_srn; SWEUAID=SWEUAID</cookies>
  <method class="java.lang.String">POST</method>
  <queryString class="java.lang.String">SWEVI=&amp;SWERowId=3-61EV7QEC&amp;SWEC=29&amp;s_2_1_22_0=01%2F06%2F1982&amp;SWEMethod=WriteRecord&amp;SWEReqRowId=1&amp;SWERPC=1&amp;s_2_1_46_0=Letter&amp;s_2_1_69_0=&amp;s_2_1_0_0=&amp;s_2_1_49_0=Under+Construction&amp;s_2_1_1_0=Consumer&amp;SWEApplet=BT+Contact+Form+Applet&amp;SWEActiveApplet=BT+Contact+Form+Applet&amp;SWEView=BT+Contact+At+View&amp;SWECmd=InvokeMethod&amp;SRN=xK7T2pIB2ZOV15hwlQxQF5reKcoUB8VpMTZr7we8uAEb&amp;SWETS={{\d+}}&amp;SWEActiveView=BT+Contact+At+View&amp;SWEP=&amp;SWERowIds=</queryString>
  <java.net.URL>http://localhost:8080/ecommunications_enu_nsm_aps05524a027/start.swe</java.net.URL>
</httpSample>
<httpSample t="{{\d+}}" it="0" lt="{{\d+}}" ct="{{\d+}}" ts="{{\d+}}" s="true" lb="{{\d+}} /ecommunications_enu_nsm_aps05524a027/start.swe" rc="200" rm="OK" tn="Thread Group 1-1" dt="text" de="utf-8" by="3434" sby="1112" sc="1" ec="0" ng="1" na="1" hn="{{.*?}}">
  <responseHeader class="java.lang.String">HTTP/1.1 200 OK
Connection: close
Server: Oracle-iPlanet-Web-Server/7.0
Date: Tue, 23 Jun 2020 13:00:24 GMT
Content-Language: en
Cache-Control: no-cache
Swerpc: true
Content-Type: text/html;charset=utf-8
Connection: close
Matched-Stub-Id: {{\w+-\w+-\w+-\w+-\w+}}
Vary: Accept-Encoding, User-Agent
</responseHeader>
  <requestHeader class="java.lang.String">Connection: close
Content-Type: application/x-www-form-urlencoded
DNT: 1
Accept-Encoding: deflate
Pragma: no-cache
User-Agent: Mozilla/4.0 (compatible; MSIE 7.0; Windows NT 6.3; WOW64; Trident/7.0; .NET4.0E; .NET4.0C; .NET CLR 3.5.30729; .NET CLR 2.0.50727; .NET CLR 3.0.30729)
Accept: text/html, image/gif, image/jpeg, *; q=.2, */*; q=.2
Content-Length: 424
Host: localhost:8080
</requestHeader>
  <responseData class="java.lang.String">@0`1`4`3``0`UC`1`Status`Completed`SWEC`31`SRN`xK7T2pIB2ZOV15hwlQxQF5reKcoUB8VpMTZr7we8uAEb`0`21`Notifications`0`2`0``0`OP`bn`bc`S_BC2`7`0``0`br`0`ArgsArray`22*BT Contact Form Applet11**HTML SSPrv1*?10**HTML Text1*?25**HTML RTCEmbeddedTextOnly1*?14**HTML TextArea1*?`size`1`cr`0`OP`g`bc`S_BC2`type`SWEIPrivFlds`7`0``0`br`0`ArgsArray`22*BT Contact Form Applet1*01*11*11*01*21*11*31*11*41*11*51*11*61*11*71*01*81*11*91*12*101*02*111*02*121*02*131*12*141*02*151*02*161*12*171*12*181*12*191*12*201*12*211*02*221*02*231*02*241*12*251*02*261*02*271*02*281*02*291*12*301*02*311*12*321*02*331*12*341*12*351*12*361*02*371*02*381*02*391*02*401*02*411*02*421*12*431*12*441*02*451*1`size`1`cr`0`OP`g`bc`S_BC2`type`SWEICanInvokeMethod`8`0``0`br`0`value`1`ar`0`state`cp`size`1`cr`0`OP`sc`bc`S_BC2`7`0``0`br`0`ar`0`size`1`cr`0`OP`nfd`bc`S_BC2`f`Primary Alternate Phone Id`2`0``0`OP`en`bc`S_BC2`2`0``0`OP`bn`bc`S_BC1`7`0``0`br`0`ArgsArray`28*BT Contact Phone List Applet1*1`size`5`cr`0`OP`g`bc`S_BC1`type`SWEIRowSelection`7`0``0`br`0`ArgsArray`28*BT Contact Phone List Applet12**AppletTitle1*?11**HTML SSPrv1*?`size`5`cr`0`OP`g`bc`S_BC1`type`SWEIPrivFlds`7`0``0`br`0`ArgsArray`28*BT Contact Phone List Applet1*01*11*11*11*21*11*31*11*41*11*51*11*61*11*71*11*81*11*91*12*101*12*111*12*121*12*131*02*141*02*151*12*161*12*171*12*181*1`size`5`cr`0`OP`g`bc`S_BC1`type`SWEICanUpdate`7`0``0`br`0`ArgsArray`28*BT Contact Phone List Applet1*01*11*11*01*21*01*31*11*41*11*51*11*61*01*71*01*81*11*91*12*101*12*111*12*121*12*131*12*141*02*151*12*161*02*171*12*181*02*191*02*201*02*211*02*221*12*231*02*241*02*251*02*261*02*271*12*281*12*291*02*301*02*311*02*321*02*331*02*341*02*351*12*361*12*371*02*381*0`size`5`cr`0`OP`g`bc`S_BC1`type`SWEICanInvokeMethod`7`1``0`br`0`ar`-1`size`5`index`0`cr`0`OP`iw`bc`S_BC1`1`0`FieldValues`0`ValueArray`2*N 1*Y0*0*6*Active10*3-61EV7QFO`8`0``0`br`0`value`1`ar`0`state`cp`size`5`cr`0`OP`sc`bc`S_BC1`8`0``0`br`0`value`1`ar`0`state`np`size`5`cr`0`OP`sc`bc`S_BC1`8`0``0`br`0`value`1`ar`0`state`cd`size`5`cr`0`OP`sc`bc`S_BC1`7`0``0`br`0`ar`0`size`5`cr`0`OP`nr`bInsertBefore`true`bc`S_BC1`8`0``0`br`0`value`1`ar`0`state`cm`size`5`cr`0`OP`sc`bc`S_BC1`8`0``0`br`0`value`1`ar`0`state`cud`size`5`cr`0`OP`sc`bc`S_BC1`8`0``0`br`0`value`1`ar`0`state`cr`size`5`cr`0`OP`sc`bc`S_BC1`8`0``0`br`0`value`1`ar`0`state`nr`size`5`cr`0`OP`sc`bc`S_BC1`2`0``0`OP`en`bc`S_BC1`3`0`hui`0`n`Contact: Demo`hupd`1`hnact`top._swe._sweapp.S_App.GotoView(&amp;quot;BT Contact At View&amp;quot;, &amp;quot;&amp;quot;, &amp;quot;/ecommunications_enu_nsm_aps05524a027/start.swe?SWENeedContext=false&amp;amp;SWECmd=GotoBookmarkView&amp;amp;SWEBMC=31&amp;amp;SWEC=31&amp;amp;SRN=xK7T2pIB2ZOV15hwlQxQF5reKcoUB8VpMTZr7we8uAEb&amp;quot;, top._sweclient._swecontent._sweview)`1`6`Command Manager`0`RefreshToolbar`true`7`0`StateToolBar`0`#35`true`#36`false`#17`true`#34`true`#8`false`#37`true`#38`true`0`1`StateExToolBar`0`1`0`#35`0`Checked`false`0`3`FlagsToolBar`0`3`0`#8`0`SWESP`true`SWEH`0`SWEW`0`3`0`#34`0`SWESP`true`SWEH`600`SWEW`800`3`0`#36`0`SWESP`true`SWEH`20`SWEW`380`3`0`State`0`#27`false`#26`false`#28`false`0`3`StateEx`0`0`0`#26`0`0`0`#27`0`1`0`#28`0`Checked`false`0`0`Flags`0`</responseData>
  <responseFile class="java.lang.String"></responseFile>
  <cookies class="java.lang.String">_sn=GXmoeGkdwh1O45lrH7mMIZnLMWvqHkVWiQKqDOICOq1fi95anXYMaCRAX879ujDRD9kS4J75N4kGDX576Q2AKmwZPUBih-4NS80Pc1189OxasEbdAsHiEtIhcnCzZ0zWb5V6QpVraL0TTGU4ktkGZq374g8C0pUBRhKVASKeW21TgUW5eIkswq97I-.qG-kr; _srn=_srn; SWEUAID=SWEUAID</cookies>
  <method class="java.lang.String">POST</method>
  <queryString class="java.lang.String">SWER=65535&amp;SWEVI=&amp;SWERowId=&amp;SWEMethod=NewRecord&amp;SWEC=30&amp;SWEReqRowId=0&amp;SWERPC=1&amp;SWENeedContext=true&amp;SWEApplet=BT+Contact+Phone+List+Applet&amp;SWEActiveApplet=BT+Contact+Phone+List+Applet&amp;SWEView=BT+Contact+At+View&amp;SWEField=s_1_1_6_0&amp;SWECmd=InvokeMethod&amp;SWESP=false&amp;SRN=xK7T2pIB2ZOV15hwlQxQF5reKcoUB8VpMTZr7we8uAEb&amp;SWEBID=-1&amp;SWETS={{\d+}}&amp;SWEActiveView=BT+Contact+At+View&amp;SWEDIC=false&amp;SWEP=&amp;SWERowIds=SWERowId0%3D3-61EV7QEC</queryString>
  <java.net.URL>http://localhost:8080/ecommunications_enu_nsm_aps05524a027/start.swe</java.net.URL>
</httpSample>
<httpSample t="{{\d+}}" it="0" lt="{{\d+}}" ct="{{\d+}}" ts="{{\d+}}" s="true" lb="{{\d+}} /ecommunications_enu_nsm_aps05524a027/start.swe" rc="200" rm="OK" tn="Thread Group 1-1" dt="text" de="utf-8" by="1338" sby="1142" sc="1" ec="0" ng="1" na="1" hn="{{.*?}}">
  <responseHeader class="java.lang.String">HTTP/1.1 200 OK
Connection: close
Server: Oracle-iPlanet-Web-Server/7.0
Date: Tue, 23 Jun 2020 13:01:00 GMT
Content-Language: en
Cache-Control: no-cache
Swerpc: true
Content-Type: text/html;charset=utf-8
Connection: close
Matched-Stub-Id: {{\w+-\w+-\w+-\w+-\w+}}
Vary: Accept-Encoding, User-Agent
</responseHeader>
  <requestHeader class="java.lang.String">Connection: close
Content-Type: application/x-www-form-urlencoded
DNT: 1
Accept-Encoding: deflate
Pragma: no-cache
User-Agent: Mozilla/4.0 (compatible; MSIE 7.0; Windows NT 6.3; WOW64; Trident/7.0; .NET4.0E; .NET4.0C; .NET CLR 3.5.30729; .NET CLR 2.0.50727; .NET CLR 3.0.30729)
Accept: text/html, image/gif, image/jpeg, *; q=.2, */*; q=.2
Content-Length: 454
Host: localhost:8080
</requestHeader>
  <responseData class="java.lang.String">@0`1`4`2``0`UC`1`Status`Completed`SWEC`32`SRN`xK7T2pIB2ZOV15hwlQxQF5reKcoUB8VpMTZr7we8uAEb`0`5`Notifications`0`2`0``0`OP`bn`bc`S_BC1`7`1``0`br`0`ar`0`size`5`cr`0`OP`ndw`bc`S_BC1`f`Address`2`0`FieldValues`0`ValueArray`14*+4401212345678`FieldArray`1*2`7`0``0`br`0`ar`0`size`5`cr`0`OP`nfd`bc`S_BC1`f`Address`8`0``0`br`0`ArgsArray`0*18*BT Contact At View28*BT Contact Phone List Applet10*s_1_2_17_04*true33*Com PickList Communication Method9*Alternate5*Email3*Fax4*Home6*Letter4*Mail6*Mobile5*Pager5*Swift5*Telex4*Work10*Work Phone`ar`0`size`5`cr`0`OP`g`bc`S_BC1`type`GetQuickPickInfo`2`0``0`OP`en`bc`S_BC1`1`6`Command Manager`0`RefreshToolbar`true`7`0`StateToolBar`0`#35`true`#36`false`#17`true`#34`true`#8`false`#37`true`#38`true`0`1`StateExToolBar`0`1`0`#35`0`Checked`false`0`3`FlagsToolBar`0`3`0`#8`0`SWESP`true`SWEH`0`SWEW`0`3`0`#34`0`SWESP`true`SWEH`600`SWEW`800`3`0`#36`0`SWESP`true`SWEH`20`SWEW`380`3`0`State`0`#27`false`#26`false`#28`false`0`3`StateEx`0`0`0`#26`0`0`0`#27`0`1`0`#28`0`Checked`false`0`0`Flags`0`</responseData>
  <responseFile class="java.lang.String"></responseFile>
  <cookies class="java.lang.String">_sn=GXmoeGkdwh1O45lrH7mMIZnLMWvqHkVWiQKqDOICOq1fi95anXYMaCRAX879ujDRD9kS4J75N4kGDX576Q2AKmwZPUBih-4NS80Pc1189OxasEbdAsHiEtIhcnCzZ0zWb5V6QpVraL0TTGU4ktkGZq374g8C0pUBRhKVASKeW21TgUW5eIkswq97I-.qG-kr; _srn=_srn; SWEUAID=SWEUAID</cookies>
  <method class="java.lang.String">POST</method>
  <queryString class="java.lang.String">s_1_2_16_0=01212345678&amp;s_1_2_17_0=&amp;SWEVI=&amp;SWERowId=3-61EV7QFO&amp;SWEC=31&amp;s_1_2_18_0=Active&amp;SWEMethod=GetQuickPickInfo&amp;SWEReqRowId=1&amp;SWERPC=1&amp;SWEApplet=BT+Contact+Phone+List+Applet&amp;SWEActiveApplet=BT+Contact+Phone+List+Applet&amp;SWEView=BT+Contact+At+View&amp;SWEField=s_1_2_17_0&amp;SWECmd=InvokeMethod&amp;SRN=xK7T2pIB2ZOV15hwlQxQF5reKcoUB8VpMTZr7we8uAEb&amp;SWEJI=false&amp;SWETS={{\d+}}&amp;SWEActiveView=BT+Contact+At+View&amp;SWEP=&amp;s_1_2_15_0=Y&amp;SWERowIds=SWERowId0%3D3-61EV7QEC</queryString>
  <java.net.URL>http://localhost:8080/ecommunications_enu_nsm_aps05524a027/start.swe</java.net.URL>
</httpSample>
<httpSample t="{{\d+}}" it="0" lt="{{\d+}}" ct="{{\d+}}" ts="{{\d+}}" s="true" lb="{{\d+}} /ecommunications_enu_nsm_aps05524a027/start.swe" rc="200" rm="OK" tn="Thread Group 1-1" dt="text" de="utf-8" by="1183" sby="1126" sc="1" ec="0" ng="1" na="1" hn="{{.*?}}">
  <responseHeader class="java.lang.String">HTTP/1.1 200 OK
Connection: close
Server: Oracle-iPlanet-Web-Server/7.0
Date: Tue, 23 Jun 2020 13:01:03 GMT
Content-Language: en
Cache-Control: no-cache
Swerpc: true
Content-Type: text/html;charset=utf-8
Connection: close
Matched-Stub-Id: {{\w+-\w+-\w+-\w+-\w+}}
Vary: Accept-Encoding, User-Agent
</responseHeader>
  <requestHeader class="java.lang.String">Connection: close
Content-Type: application/x-www-form-urlencoded
DNT: 1
Accept-Encoding: deflate
Pragma: no-cache
User-Agent: Mozilla/4.0 (compatible; MSIE 7.0; Windows NT 6.3; WOW64; Trident/7.0; .NET4.0E; .NET4.0C; .NET CLR 3.5.30729; .NET CLR 2.0.50727; .NET CLR 3.0.30729)
Accept: text/html, image/gif, image/jpeg, *; q=.2, */*; q=.2
Content-Length: 438
Host: localhost:8080
</requestHeader>
  <responseData class="java.lang.String">@0`1`4`2``0`UC`1`Status`Completed`SWEC`33`SRN`xK7T2pIB2ZOV15hwlQxQF5reKcoUB8VpMTZr7we8uAEb`0`5`Notifications`0`2`0``0`OP`bn`bc`S_BC1`7`0``0`br`0`ArgsArray`28*BT Contact Phone List Applet12**AppletTitle1*?11**HTML SSPrv1*?`size`5`cr`0`OP`g`bc`S_BC1`type`SWEIPrivFlds`7`1``0`br`0`ar`0`size`5`cr`0`OP`ndw`bc`S_BC1`f`Name`2`0`FieldValues`0`ValueArray`9*Alternate`FieldArray`1*3`7`0``0`br`0`ar`0`size`5`cr`0`OP`nfd`bc`S_BC1`f`Name`2`0``0`OP`en`bc`S_BC1`1`6`Command Manager`0`RefreshToolbar`true`7`0`StateToolBar`0`#35`true`#36`false`#17`true`#34`true`#8`false`#37`true`#38`true`0`1`StateExToolBar`0`1`0`#35`0`Checked`false`0`3`FlagsToolBar`0`3`0`#8`0`SWESP`true`SWEH`0`SWEW`0`3`0`#34`0`SWESP`true`SWEH`600`SWEW`800`3`0`#36`0`SWESP`true`SWEH`20`SWEW`380`3`0`State`0`#27`false`#26`false`#28`false`0`3`StateEx`0`0`0`#26`0`0`0`#27`0`1`0`#28`0`Checked`false`0`0`Flags`0`</responseData>
  <responseFile class="java.lang.String"></responseFile>
  <cookies class="java.lang.String">_sn=GXmoeGkdwh1O45lrH7mMIZnLMWvqHkVWiQKqDOICOq1fi95anXYMaCRAX879ujDRD9kS4J75N4kGDX576Q2AKmwZPUBih-4NS80Pc1189OxasEbdAsHiEtIhcnCzZ0zWb5V6QpVraL0TTGU4ktkGZq374g8C0pUBRhKVASKeW21TgUW5eIkswq97I-.qG-kr; _srn=_srn; SWEUAID=SWEUAID</cookies>
  <method class="java.lang.String">POST</method>
  <queryString class="java.lang.String">s_1_2_16_0=01212345678&amp;s_1_2_17_0=Alternate&amp;SWEVI=&amp;SWERowId=3-61EV7QFO&amp;SWEC=32&amp;s_1_2_18_0=Active&amp;SWEMethod=PostChanges&amp;SWEPOC=Name&amp;SWEReqRowId=1&amp;SWERPC=1&amp;SWEApplet=BT+Contact+Phone+List+Applet&amp;SWEActiveApplet=BT+Contact+Phone+List+Applet&amp;SWEView=BT+Contact+At+View&amp;SWECmd=InvokeMethod&amp;SRN=xK7T2pIB2ZOV15hwlQxQF5reKcoUB8VpMTZr7we8uAEb&amp;SWETS={{\d+}}&amp;SWEActiveView=BT+Contact+At+View&amp;SWEP=&amp;s_1_2_15_0=Y&amp;SWERowIds=SWERowId0%3D3-61EV7QEC</queryString>
  <java.net.URL>http://localhost:8080/ecommunications_enu_nsm_aps05524a027/start.swe</java.net.URL>
</httpSample>
<httpSample t="{{\d+}}" it="0" lt="{{\d+}}" ct="{{\d+}}" ts="{{\d+}}" s="true" lb="{{\d+}} /ecommunications_enu_nsm_aps05524a027/start.swe" rc="200" rm="OK" tn="Thread Group 1-1" dt="text" de="utf-8" by="3687" sby="1012" sc="1" ec="0" ng="1" na="1" hn="{{.*?}}">
  <responseHeader class="java.lang.String">HTTP/1.1 200 OK
Connection: close
Server: Oracle-iPlanet-Web-Server/7.0
Date: Tue, 23 Jun 2020 13:01:04 GMT
Content-Language: en
Cache-Control: no-cache
Swerpc: true
Content-Type: text/html;charset=utf-8
Connection: close
Matched-Stub-Id: {{\w+-\w+-\w+-\w+-\w+}}
Vary: Accept-Encoding, User-Agent
</responseHeader>
  <requestHeader class="java.lang.String">Connection: close
Content-Type: application/x-www-form-urlencoded
DNT: 1
Accept-Encoding: deflate
Pragma: no-cache
User-Agent: Mozilla/4.0 (compatible; MSIE 7.0; Windows NT 6.3; WOW64; Trident/7.0; .NET4.0E; .NET4.0C; .NET CLR 3.5.30729; .NET CLR 2.0.50727; .NET CLR 3.0.30729)
Accept: text/html, image/gif, image/jpeg, *; q=.2, */*; q=.2
Content-Length: 324
Host: localhost:8080
</requestHeader>
  <responseData class="java.lang.String">@0`1`4`2``0`UC`1`Status`OK`SWEC`33`SRN`xK7T2pIB2ZOV15hwlQxQF5reKcoUB8VpMTZr7we8uAEb`0`29`ResultSet`0`1`0``0`Type`Separator`5`0``0`Enabled`true`Caption`Undo Record	[Ctrl+U]`Command`*Browser Applet* *UndoRecord*BT Contact Phone List Applet* `Type`Command`Menu`100`5`0``0`Enabled`false`Caption`Delete Record	[Ctrl+D]`Command`*Browser Applet* *DeleteRecord*BT Contact Phone List Applet* `Type`Command`Menu`110`1`0``0`Type`Separator`5`0``0`Enabled`true`Caption`New Record	[Ctrl+N]`Command`*Browser Applet* *NewRecord*BT Contact Phone List Applet* `Type`Command`Menu`200`5`0``0`Enabled`true`Caption`Copy Record	[Ctrl+B]`Command`*Browser Applet* *CopyRecord*BT Contact Phone List Applet* `Type`Command`Menu`210`5`0``0`Enabled`true`Caption`Save Record	[Ctrl+S]`Command`*Browser Applet* *WriteRecord*BT Contact Phone List Applet* `Type`Command`Menu`220`1`0``0`Type`Separator`5`0``0`Enabled`true`Caption`New Query	[Alt+Q]`Command`*Browser Applet* *NewQuery*BT Contact Phone List Applet* `Type`Command`Menu`400`5`0``0`Enabled`true`Caption`Run Query	[Alt+ENTER]`Command`*Browser Applet* *ExecuteQuery*BT Contact Phone List Applet* `Type`Command`Menu`410`5`0``0`Enabled`true`Caption`Refine Query	[Alt+R]`Command`*Browser Applet* *RefineQuery*BT Contact Phone List Applet* `Type`Command`Menu`420`1`0``0`Type`Separator`5`0``0`Enabled`true`Caption`About Record	[Ctrl+Alt+K]`Command`*Browser Applet* *AboutRecord*BT Contact Phone List Applet*About Record Applet*450*160*true`Type`Command`Menu`510`5`0``0`Enabled`true`Caption`Record Count	[Ctrl+Shift+3]`Command`*Browser Applet* *RecordCount*BT Contact Phone List Applet*Record Count Applet*450*160*true`Type`Command`Menu`520`1`0``0`Type`Separator`5`0``0`Enabled`true`Caption`Create Bookmark...`Command`*Browser Applet* *GetBookmarkURL*BT Contact Phone List Applet* *300*150*true`Type`Command`Menu`600`5`0``0`Enabled`false`Caption`Print Preview...`Command`#81`Type`Command`Menu`800`5`0``0`Enabled`false`Caption`Print...`Command`#82`Type`Command`Menu`810`1`0``0`Type`Separator`5`0``0`Enabled`true`Caption`Columns Displayed	[Ctrl+Shift+B]`Command`*Browser Applet* *ColumnsDisplayed*BT Contact Phone List Applet*Columns Displayed Popup Applet (SWE)*500*280*true`Type`Command`Menu`100`5`0``0`Enabled`true`Caption`Advanced Sort	[Ctrl+Shift+O]`Command`#78`Type`Command`Menu`110`1`0``0`Type`Separator`5`0``0`Enabled`false`Caption`Import...`Command`*Browser Applet* *Import*BT Contact Phone List Applet* *420*230*true`Type`Command`Menu`200`5`0``0`Enabled`true`Caption`Export...`Command`*Browser Applet* *ExportQuery*BT Contact Phone List Applet* *420*230*true`Type`Command`Menu`210`1`0``0`Type`Separator`5`0``0`Enabled`false`Caption`Apply List`Command`#79`Type`Command`Menu`510`5`0``0`Enabled`false`Caption`Save List`Command`#80`Type`Command`Menu`520`0`2`BT Contact Phone List Applet`0`3`0``0`Enabled`false`Command``class`#FL`3`0``0`Enabled`false`Command``class`#F`5`0`Server`0`#81`false`#80`false`#82`false`#79`false`#78`false`1`6`Command Manager`0`RefreshToolbar`true`7`0`StateToolBar`0`#35`true`#36`false`#17`true`#34`true`#8`false`#37`true`#38`true`0`1`StateExToolBar`0`1`0`#35`0`Checked`false`0`3`FlagsToolBar`0`3`0`#8`0`SWESP`true`SWEH`0`SWEW`0`3`0`#34`0`SWESP`true`SWEH`600`SWEW`800`3`0`#36`0`SWESP`true`SWEH`20`SWEW`380`3`0`State`0`#27`false`#26`false`#28`false`0`3`StateEx`0`0`0`#26`0`0`0`#27`0`1`0`#28`0`Checked`false`0`0`Flags`0`</responseData>
  <responseFile class="java.lang.String"></responseFile>
  <cookies class="java.lang.String">_sn=GXmoeGkdwh1O45lrH7mMIZnLMWvqHkVWiQKqDOICOq1fi95anXYMaCRAX879ujDRD9kS4J75N4kGDX576Q2AKmwZPUBih-4NS80Pc1189OxasEbdAsHiEtIhcnCzZ0zWb5V6QpVraL0TTGU4ktkGZq374g8C0pUBRhKVASKeW21TgUW5eIkswq97I-.qG-kr; _srn=_srn; SWEUAID=SWEUAID</cookies>
  <method class="java.lang.String">POST</method>
  <queryString class="java.lang.String">SWEC=33&amp;SWEMethod=PrepareAppletMenu&amp;SWERPC=1&amp;SWEActiveApplet=BT+Contact+Phone+List+Applet&amp;SWECmd=InvokeMethod&amp;SRN=xK7T2pIB2ZOV15hwlQxQF5reKcoUB8VpMTZr7we8uAEb&amp;SWEIPS=%400*0*3*0*0*3*0*4*Name28*BT+Contact+Phone+List+Applet5*SWEJI5*false6*SWEDIC4*true&amp;SWEActiveView=BT+Contact+At+View&amp;SWEService=SWE+Command+Manager&amp;SWEDIC=true</queryString>
  <java.net.URL>http://localhost:8080/ecommunications_enu_nsm_aps05524a027/start.swe</java.net.URL>
</httpSample>
<httpSample t="{{\d+}}" it="0" lt="{{\d+}}" ct="{{\d+}}" ts="{{\d+}}" s="true" lb="{{\d+}} /ecommunications_enu_nsm_aps05524a027/start.swe" rc="200" rm="OK" tn="Thread Group 1-1" dt="text" de="utf-8" by="909" sby="1017" sc="1" ec="0" ng="1" na="1" hn="{{.*?}}">
  <responseHeader class="java.lang.String">HTTP/1.1 200 OK
Connection: close
Server: Oracle-iPlanet-Web-Server/7.0
Date: Tue, 23 Jun 2020 13:01:04 GMT
Content-Language: en
Cache-Control: no-cache
Swerpc: true
Content-Type: text/html;charset=utf-8
Connection: close
Matched-Stub-Id: {{\w+-\w+-\w+-\w+-\w+}}
Vary: Accept-Encoding, User-Agent
</responseHeader>
  <requestHeader class="java.lang.String">Connection: close
Content-Type: application/x-www-form-urlencoded
DNT: 1
Accept-Encoding: deflate
Pragma: no-cache
User-Agent: Mozilla/4.0 (compatible; MSIE 7.0; Windows NT 6.3; WOW64; Trident/7.0; .NET4.0E; .NET4.0C; .NET CLR 3.5.30729; .NET CLR 2.0.50727; .NET CLR 3.0.30729)
Accept: text/html, image/gif, image/jpeg, *; q=.2, */*; q=.2
Content-Length: 329
Host: localhost:8080
</requestHeader>
  <responseData class="java.lang.String">@0`1`4`2``0`UC`1`Status`OK`SWEC`33`SRN`xK7T2pIB2ZOV15hwlQxQF5reKcoUB8VpMTZr7we8uAEb`7`0`ResultSet`0`#81`false`SWEJI`false`#80`false`SWEDIC`false`#82`false`#78`true`#79`false`1`6`Command Manager`0`RefreshToolbar`true`7`0`StateToolBar`0`#35`true`#36`false`#17`true`#34`true`#8`false`#37`true`#38`true`0`1`StateExToolBar`0`1`0`#35`0`Checked`false`0`3`FlagsToolBar`0`3`0`#8`0`SWESP`true`SWEH`0`SWEW`0`3`0`#34`0`SWESP`true`SWEH`600`SWEW`800`3`0`#36`0`SWESP`true`SWEH`20`SWEW`380`3`0`State`0`#27`false`#26`false`#28`false`0`3`StateEx`0`0`0`#26`0`0`0`#27`0`1`0`#28`0`Checked`false`0`0`Flags`0`</responseData>
  <responseFile class="java.lang.String"></responseFile>
  <cookies class="java.lang.String">_sn=GXmoeGkdwh1O45lrH7mMIZnLMWvqHkVWiQKqDOICOq1fi95anXYMaCRAX879ujDRD9kS4J75N4kGDX576Q2AKmwZPUBih-4NS80Pc1189OxasEbdAsHiEtIhcnCzZ0zWb5V6QpVraL0TTGU4ktkGZq374g8C0pUBRhKVASKeW21TgUW5eIkswq97I-.qG-kr; _srn=_srn; SWEUAID=SWEUAID</cookies>
  <method class="java.lang.String">POST</method>
  <queryString class="java.lang.String">SWEC=33&amp;SWEMethod=BatchCanInvoke&amp;SWERPC=1&amp;SWEActiveApplet=BT+Contact+Phone+List+Applet&amp;SWECmd=InvokeMethod&amp;SRN=xK7T2pIB2ZOV15hwlQxQF5reKcoUB8VpMTZr7we8uAEb&amp;SWEIPS=%400*0*7*0*0*3*0*3*%23780*3*%23790*3*%23800*3*%23810*3*%23820*5*SWEJI5*false6*SWEDIC4*true&amp;SWEActiveView=BT+Contact+At+View&amp;SWEService=SWE+Command+Manager&amp;SWEDIC=true</queryString>
  <java.net.URL>http://localhost:8080/ecommunications_enu_nsm_aps05524a027/start.swe</java.net.URL>
</httpSample>
<httpSample t="{{\d+}}" it="0" lt="{{\d+}}" ct="{{\d+}}" ts="{{\d+}}" s="true" lb="{{\d+}} /ecommunications_enu_nsm_aps05524a027/start.swe" rc="200" rm="OK" tn="Thread Group 1-1" dt="text" de="utf-8" by="6647" sby="1231" sc="1" ec="0" ng="1" na="1" hn="{{.*?}}">
  <responseHeader class="java.lang.String">HTTP/1.1 200 OK
Connection: close
Server: Oracle-iPlanet-Web-Server/7.0
Date: Tue, 23 Jun 2020 13:01:06 GMT
Content-Language: en
Cache-Control: no-cache
Swerpc: true
Content-Type: text/html;charset=utf-8
Connection: close
Matched-Stub-Id: {{\w+-\w+-\w+-\w+-\w+}}
Vary: Accept-Encoding, User-Agent
</responseHeader>
  <requestHeader class="java.lang.String">Connection: close
Content-Type: application/x-www-form-urlencoded
DNT: 1
Accept-Encoding: deflate
Pragma: no-cache
User-Agent: Mozilla/4.0 (compatible; MSIE 7.0; Windows NT 6.3; WOW64; Trident/7.0; .NET4.0E; .NET4.0C; .NET CLR 3.5.30729; .NET CLR 2.0.50727; .NET CLR 3.0.30729)
Accept: text/html, image/gif, image/jpeg, *; q=.2, */*; q=.2
Content-Length: 543
Host: localhost:8080
</requestHeader>
  <responseData class="java.lang.String">@0`1`4`3``0`UC`1`Status`Completed`SWEC`34`SRN`xK7T2pIB2ZOV15hwlQxQF5reKcoUB8VpMTZr7we8uAEb`0`60`Notifications`0`2`0``0`OP`bn`bc`S_BC2`7`0``0`br`0`ArgsArray`22*BT Contact Form Applet11**HTML SSPrv1*?10**HTML Text1*?25**HTML RTCEmbeddedTextOnly1*?14**HTML TextArea1*?`size`1`cr`0`OP`g`bc`S_BC2`type`SWEIPrivFlds`7`0``0`br`0`ArgsArray`22*BT Contact Form Applet1*01*11*11*01*21*11*31*11*41*11*51*11*61*11*71*01*81*11*91*02*101*02*111*02*121*02*131*12*141*02*151*02*161*12*171*12*181*12*191*12*201*12*211*02*221*02*231*02*241*12*251*02*261*02*271*02*281*02*291*12*301*02*311*12*321*02*331*12*341*12*351*12*361*02*371*02*381*02*391*02*401*02*411*02*421*12*431*12*441*02*451*1`size`1`cr`0`OP`g`bc`S_BC2`type`SWEICanInvokeMethod`7`0``0`br`0`ar`0`size`1`cr`0`OP`nfd`bc`S_BC2`f`Communication Address Person Id`7`0``0`br`0`ar`0`size`1`cr`0`OP`nfd`bc`S_BC2`f`Communication Address Effective End Date`7`0``0`br`0`ar`0`size`1`cr`0`OP`nfd`bc`S_BC2`f`Communication Address Id`7`0``0`br`0`ar`0`size`1`cr`0`OP`nfd`bc`S_BC2`f`Communication Address Use Type`7`0``0`br`0`ar`0`size`1`cr`0`OP`nfd`bc`S_BC2`f`Alternate Email Address`7`0``0`br`0`ar`0`size`1`cr`0`OP`nfd`bc`S_BC2`f`Alternate Email Address Calc`7`0``0`br`0`ar`0`size`1`cr`0`OP`nfd`bc`S_BC2`f`Communication Address Integration Id`7`0``0`br`0`ar`0`size`1`cr`0`OP`nfd`bc`S_BC2`f`Communication Address Medium Type`7`0``0`br`0`ar`0`size`1`cr`0`OP`nfd`bc`S_BC2`f`Communication Address Effective Start Date`7`0``0`br`0`ar`0`size`1`cr`0`OP`nfd`bc`S_BC2`f`BT Alternate Email Consent`7`0``0`br`0`ar`0`size`1`cr`0`OP`nfd`bc`S_BC2`f`Communication Address Name`7`0``0`br`0`ar`0`size`1`cr`0`OP`nfd`bc`S_BC2`f`Communication Address Person Id`7`0``0`br`0`ar`0`size`1`cr`0`OP`nfd`bc`S_BC2`f`Communication Address Effective End Date`7`0``0`br`0`ar`0`size`1`cr`0`OP`nfd`bc`S_BC2`f`Communication Address Id`7`0``0`br`0`ar`0`size`1`cr`0`OP`nfd`bc`S_BC2`f`Communication Address Use Type`7`0``0`br`0`ar`0`size`1`cr`0`OP`nfd`bc`S_BC2`f`Alternate Email Address`7`0``0`br`0`ar`0`size`1`cr`0`OP`nfd`bc`S_BC2`f`Alternate Email Address Calc`7`0``0`br`0`ar`0`size`1`cr`0`OP`nfd`bc`S_BC2`f`Communication Address Integration Id`7`0``0`br`0`ar`0`size`1`cr`0`OP`nfd`bc`S_BC2`f`Communication Address Medium Type`7`0``0`br`0`ar`0`size`1`cr`0`OP`nfd`bc`S_BC2`f`Communication Address Effective Start Date`7`0``0`br`0`ar`0`size`1`cr`0`OP`nfd`bc`S_BC2`f`BT Alternate Email Consent`7`0``0`br`0`ar`0`size`1`cr`0`OP`nfd`bc`S_BC2`f`Communication Address Name`7`0``0`br`0`ar`0`size`1`cr`0`OP`nfd`bc`S_BC2`f`Primary Alternate Email Id`7`0``0`br`0`ar`0`size`1`cr`0`OP`nfd`bc`S_BC2`f`Alternate Phone Effective End Date`7`0``0`br`0`ar`0`size`1`cr`0`OP`nfd`bc`S_BC2`f`Alternate Phone Id`7`0``0`br`0`ar`0`size`1`cr`0`OP`nfd`bc`S_BC2`f`Alternate Phone Use Type`7`1``0`br`0`ar`0`size`1`cr`0`OP`ndw`bc`S_BC2`f`Alternate Phone #`2`0`FieldValues`0`ValueArray`14*+4401212345678`FieldArray`2*17`7`0``0`br`0`ar`0`size`1`cr`0`OP`nfd`bc`S_BC2`f`Alternate Phone #`7`0``0`br`0`ar`0`size`1`cr`0`OP`nfd`bc`S_BC2`f`BT Alternate Phone Calc`7`0``0`br`0`ar`0`size`1`cr`0`OP`nfd`bc`S_BC2`f`Alternate Phone Integration Id`7`0``0`br`0`ar`0`size`1`cr`0`OP`nfd`bc`S_BC2`f`Alternate Phone Text`7`0``0`br`0`ar`0`size`1`cr`0`OP`nfd`bc`S_BC2`f`Alternate Phone Medium Type`7`0``0`br`0`ar`0`size`1`cr`0`OP`nfd`bc`S_BC2`f`Alternate Phone Effective Start Date`7`0``0`br`0`ar`0`size`1`cr`0`OP`nfd`bc`S_BC2`f`Alternate Phone Name`7`0``0`br`0`ar`0`size`1`cr`0`OP`nfd`bc`S_BC2`f`Alternate Phone Effective End Date`7`0``0`br`0`ar`0`size`1`cr`0`OP`nfd`bc`S_BC2`f`Alternate Phone Id`7`0``0`br`0`ar`0`size`1`cr`0`OP`nfd`bc`S_BC2`f`Alternate Phone Use Type`7`1``0`br`0`ar`0`size`1`cr`0`OP`ndw`bc`S_BC2`f`Alternate Phone #`2`0`FieldValues`0`ValueArray`14*+4401212345678`FieldArray`2*17`7`0``0`br`0`ar`0`size`1`cr`0`OP`nfd`bc`S_BC2`f`Alternate Phone #`7`0``0`br`0`ar`0`size`1`cr`0`OP`nfd`bc`S_BC2`f`BT Alternate Phone Calc`7`0``0`br`0`ar`0`size`1`cr`0`OP`nfd`bc`S_BC2`f`Alternate Phone Integration Id`7`0``0`br`0`ar`0`size`1`cr`0`OP`nfd`bc`S_BC2`f`Alternate Phone Text`7`0``0`br`0`ar`0`size`1`cr`0`OP`nfd`bc`S_BC2`f`Alternate Phone Medium Type`7`0``0`br`0`ar`0`size`1`cr`0`OP`nfd`bc`S_BC2`f`Alternate Phone Effective Start Date`7`0``0`br`0`ar`0`size`1`cr`0`OP`nfd`bc`S_BC2`f`Alternate Phone Name`8`0``0`br`0`value`0`ar`0`state`cp`size`1`cr`0`OP`sc`bc`S_BC2`6`1``0`br`0`ar`0`size`1`cr`0`OP`nrdw`bc`S_BC2`1`0`FieldValues`0`ValueArray`0*10*06/01/19820*10*Blazemeter9*newplugin7*FY3 9QX4*Demo18*Under Construction47*169 Preston Old Road&lt;BR&gt;Blackpool&lt;BR&gt;Lancashire6*Letter0*0*0*8*Consumer0*0*0*14*+44012123456781*Y10*3-61EV7QEC`6`0``0`br`0`ar`0`size`1`cr`0`OP`nrd`bc`S_BC2`2`0``0`OP`en`bc`S_BC2`2`0``0`OP`bn`bc`S_BC1`7`0``0`br`0`ArgsArray`28*BT Contact Phone List Applet1*01*11*11*11*21*11*31*11*41*11*51*11*61*11*71*11*81*11*91*12*101*12*111*12*121*12*131*02*141*02*151*12*161*02*171*02*181*1`size`5`cr`0`OP`g`bc`S_BC1`type`SWEICanUpdate`7`0``0`br`0`ArgsArray`28*BT Contact Phone List Applet1*01*11*11*01*21*01*31*11*41*11*51*11*61*01*71*01*81*01*91*12*101*12*111*12*121*12*131*12*141*02*151*12*161*02*171*12*181*12*191*02*201*12*211*12*221*12*231*02*241*02*251*02*261*02*271*12*281*12*291*02*301*02*311*02*321*02*331*02*341*02*351*12*361*12*371*02*381*0`size`5`cr`0`OP`g`bc`S_BC1`type`SWEICanInvokeMethod`8`0``0`br`0`value`0`ar`0`state`cp`size`5`cr`0`OP`sc`bc`S_BC1`8`0``0`br`0`value`0`ar`0`state`np`size`5`cr`0`OP`sc`bc`S_BC1`6`1``0`br`0`ar`0`size`5`cr`0`OP`nrdw`bc`S_BC1`1`0`FieldValues`0`ValueArray`2*N 1*Y14*+44012123456789*Alternate6*Active10*3-61EV7QFO`6`0``0`br`0`ar`0`size`5`cr`0`OP`nrd`bc`S_BC1`2`0``0`OP`en`bc`S_BC1`3`0`hui`0`n`Contact: Demo`hupd`1`hnact`top._swe._sweapp.S_App.GotoView(&amp;quot;BT Contact At View&amp;quot;, &amp;quot;&amp;quot;, &amp;quot;/ecommunications_enu_nsm_aps05524a027/start.swe?SWENeedContext=false&amp;amp;SWECmd=GotoBookmarkView&amp;amp;SWEBMC=34&amp;amp;SWEC=34&amp;amp;SRN=xK7T2pIB2ZOV15hwlQxQF5reKcoUB8VpMTZr7we8uAEb&amp;quot;, top._sweclient._swecontent._sweview)`1`6`Command Manager`0`RefreshToolbar`true`7`0`StateToolBar`0`#35`true`#36`true`#17`true`#34`true`#8`false`#37`true`#38`true`0`1`StateExToolBar`0`1`0`#35`0`Checked`false`0`3`FlagsToolBar`0`3`0`#8`0`SWESP`true`SWEH`0`SWEW`0`3`0`#34`0`SWESP`true`SWEH`600`SWEW`800`3`0`#36`0`SWESP`true`SWEH`20`SWEW`380`3`0`State`0`#27`false`#26`false`#28`false`0`3`StateEx`0`0`0`#26`0`0`0`#27`0`1`0`#28`0`Checked`false`0`0`Flags`0`</responseData>
  <responseFile class="java.lang.String"></responseFile>
  <cookies class="java.lang.String">_sn=GXmoeGkdwh1O45lrH7mMIZnLMWvqHkVWiQKqDOICOq1fi95anXYMaCRAX879ujDRD9kS4J75N4kGDX576Q2AKmwZPUBih-4NS80Pc1189OxasEbdAsHiEtIhcnCzZ0zWb5V6QpVraL0TTGU4ktkGZq374g8C0pUBRhKVASKeW21TgUW5eIkswq97I-.qG-kr; _srn=_srn; SWEUAID=SWEUAID</cookies>
  <method class="java.lang.String">POST</method>
  <queryString class="java.lang.String">s_1_2_16_0=01212345678&amp;s_1_2_17_0=Alternate&amp;SWEVI=&amp;SWERowId=3-61EV7QFO&amp;SWEC=33&amp;s_1_2_18_0=Active&amp;SWEMethod=WriteRecord&amp;SWEReqRowId=1&amp;SWERPC=1&amp;SWEApplet=BT+Contact+Phone+List+Applet&amp;SWEActiveApplet=BT+Contact+Phone+List+Applet&amp;SWEView=BT+Contact+At+View&amp;SWECmd=InvokeMethod&amp;SRN=xK7T2pIB2ZOV15hwlQxQF5reKcoUB8VpMTZr7we8uAEb&amp;SWEIPS=%400*0*2*0*0*3*0*15*Method+Argument0*7*Command60**Browser+Applet*+*WriteRecord*BT+Contact+Phone+List+Applet*+&amp;SWETS={{\d+}}&amp;SWEActiveView=BT+Contact+At+View&amp;SWEP=&amp;s_1_2_15_0=Y&amp;SWERowIds=SWERowId0%3D3-61EV7QEC</queryString>
  <java.net.URL>http://localhost:8080/ecommunications_enu_nsm_aps05524a027/start.swe</java.net.URL>
</httpSample>
<httpSample t="{{\d+}}" it="0" lt="{{\d+}}" ct="{{\d+}}" ts="{{\d+}}" s="true" lb="{{\d+}} /ecommunications_enu_nsm_aps05524a027/start.swe" rc="200" rm="OK" tn="Thread Group 1-1" dt="text" de="utf-8" by="834" sby="964" sc="1" ec="0" ng="1" na="1" hn="{{.*?}}">
  <responseHeader class="java.lang.String">HTTP/1.1 200 OK
Connection: close
Server: Oracle-iPlanet-Web-Server/7.0
Date: Tue, 23 Jun 2020 13:01:21 GMT
Content-Language: en
Cache-Control: no-cache
Swerpc: true
Content-Type: text/html;charset=utf-8
Connection: close
Matched-Stub-Id: {{\w+-\w+-\w+-\w+-\w+}}
Vary: Accept-Encoding, User-Agent
</responseHeader>
  <requestHeader class="java.lang.String">Connection: close
Content-Type: application/x-www-form-urlencoded
DNT: 1
Accept-Encoding: deflate
Pragma: no-cache
User-Agent: Mozilla/4.0 (compatible; MSIE 7.0; Windows NT 6.3; WOW64; Trident/7.0; .NET4.0E; .NET4.0C; .NET CLR 3.5.30729; .NET CLR 2.0.50727; .NET CLR 3.0.30729)
Accept: text/html, image/gif, image/jpeg, *; q=.2, */*; q=.2
Content-Length: 276
Host: localhost:8080
</requestHeader>
  <responseData class="java.lang.String">@0`1`4`2``0`UC`1`Status`OK`SWEC`35`SRN`xK7T2pIB2ZOV15hwlQxQF5reKcoUB8VpMTZr7we8uAEb`0`0`ResultSet`0`1`6`Command Manager`0`RefreshToolbar`true`7`0`StateToolBar`0`#35`true`#36`true`#17`true`#34`true`#8`false`#37`true`#38`true`0`1`StateExToolBar`0`1`0`#35`0`Checked`false`0`3`FlagsToolBar`0`3`0`#8`0`SWESP`true`SWEH`0`SWEW`0`3`0`#34`0`SWESP`true`SWEH`600`SWEW`800`3`0`#36`0`SWESP`true`SWEH`20`SWEW`380`3`0`State`0`#27`false`#26`false`#28`false`0`3`StateEx`0`0`0`#26`0`0`0`#27`0`1`0`#28`0`Checked`false`0`0`Flags`0`</responseData>
  <responseFile class="java.lang.String"></responseFile>
  <cookies class="java.lang.String">_sn=GXmoeGkdwh1O45lrH7mMIZnLMWvqHkVWiQKqDOICOq1fi95anXYMaCRAX879ujDRD9kS4J75N4kGDX576Q2AKmwZPUBih-4NS80Pc1189OxasEbdAsHiEtIhcnCzZ0zWb5V6QpVraL0TTGU4ktkGZq374g8C0pUBRhKVASKeW21TgUW5eIkswq97I-.qG-kr; _srn=_srn; SWEUAID=SWEUAID</cookies>
  <method class="java.lang.String">POST</method>
  <queryString class="java.lang.String">SWEC=34&amp;SWEMethod=fnValidateCustExists&amp;SWERPC=1&amp;SWEActiveApplet=BT+Contact+Form+Applet&amp;SWECmd=InvokeMethod&amp;SRN=xK7T2pIB2ZOV15hwlQxQF5reKcoUB8VpMTZr7we8uAEb&amp;SWEIPS=%400*0*1*0*0*3*0*10*pContactId10*3-61EV7QEC&amp;SWEActiveView=BT+Contact+At+View&amp;SWEService=BT+Account+Simplification</queryString>
  <java.net.URL>http://localhost:8080/ecommunications_enu_nsm_aps05524a027/start.swe</java.net.URL>
</httpSample>
<httpSample t="{{\d+}}" it="0" lt="{{\d+}}" ct="{{\d+}}" ts="{{\d+}}" s="true" lb="{{\d+}} /ecommunications_enu_nsm_aps05524a027/start.swe" rc="200" rm="OK" tn="Thread Group 1-1" dt="text" de="utf-8" by="106241" sby="1206" sc="1" ec="0" ng="1" na="1" hn="{{.*?}}">
  <responseHeader class="java.lang.String">HTTP/1.1 200 OK
Connection: close
Server: Oracle-iPlanet-Web-Server/7.0
Date: Tue, 23 Jun 2020 13:01:22 GMT
Content-Language: en
Cache-Control: no-cache
Swerpc: true
Content-Type: text/html;charset=utf-8
Matched-Stub-Id: {{\w+-\w+-\w+-\w+-\w+}}
Vary: Accept-Encoding, User-Agent
</responseHeader>
  <requestHeader class="java.lang.String">Connection: close
Content-Type: application/x-www-form-urlencoded
DNT: 1
Accept-Encoding: deflate
Pragma: no-cache
User-Agent: Mozilla/4.0 (compatible; MSIE 7.0; Windows NT 6.3; WOW64; Trident/7.0; .NET4.0E; .NET4.0C; .NET CLR 3.5.30729; .NET CLR 2.0.50727; .NET CLR 3.0.30729)
Accept: text/html, image/gif, image/jpeg, *; q=.2, */*; q=.2
Content-Length: 518
Host: localhost:8080
</requestHeader>
  <responseData class="java.lang.String">@0`1`8`3``0`Target`top._sweclient._swecontent._sweview`UC`1`ViewId``Status`NewLayout`View`BT Consumer - Sales Portal View`SWEC`36`SRN`xK7T2pIB2ZOV15hwlQxQF5reKcoUB8VpMTZr7we8uAEb`cks``0`6`api`0`2`0`sc`0`rqc`36`v`12*Sales Orders10*BReviseCME6*Revise25*EventMethodSalesNewRecord18*ToggleListRowCount11*HTML Hidden19*DD/MM/YYYY HH:mm:ss13*BT Line Items10*Line Items27*BT External Order Reference24*External Order Reference27*BT Back Office Order Number13*Return Reason17*EventMethodZDSync17*CanCancelRevision13*WebQueryLabel11*HTML Label37*ZDTSync19*Parent Order Number15*Reason Category10*Attributes15*Query Assistant12*Display Name14*Attribute Name5*Value7*GotoUrl9*All Notes10*Created By4*Note11*Note Source9*Note Type9*Source Id6*Recent11*Recent Note10*New Record14*Service Points15*SupplierAddress16*Supplier Address13*FetchORNADKey16*Service Point Id13*Service Point12*Install Date33*CUT PickList Service Point Status15*Voice-Substatus23*BT High Band Sub-Status14*Data-Substatus32*BT High Band Sub-Status Picklist12*Service Type25*CUT PickList Service Type12*Product Name14*Uninstall Date12*Removal Date13*Exchange Code17*Address Qualifier9*BT Hazard12*Hazard Notes8*Location22*BT Supplier Service Id19*Supplier Service Id13*District Code15*Address Nad Key13*Openreach NAD20*BT Installation Type17*Installation Type35*BT PSTN Installation Type Pick List8*Capacity19*Tech Check - Portal34*Check Line OR Product Availability9*ShowPopup15*Telephonenumber14*Product Family26*BT Product Family Picklist20*SIM Provide Scenario15*BT SIM Scenario24*BT SIM Scenario Picklist13*SIM Reference16*BT SIM Reference20*LabelTelephonenumber14*Order Payments14*PaymentHistory15*Payment History17*BT Create Payment14*Create Payment14*CreatePayments15*BT Payment Date12*Payment Date21*BT Authorization Date18*Authorization Date16*Transaction Time12*Payment Type18*Transaction Amount28*Currency Code|Exchange Date|14*Payment Status40*eService Billing Payment Status Picklist15*BT Paybcak Date14*Paid Back Date15*BT Payback Date19*BT Desired Pay Date16*Desired Pay Date26*BT Authorization Timed out23*Authorization Timed out31*BT Authorization Timed out Calc14*Payment Method17*BT Payback Amount11*JCalculator16*Paid Back Amount20*Payment Account Name13*Actual Charge18*Authorization Code23*BT Card Owner Confirmed20*Card Owner Confirmed23*BT Credit Check Message20*Credit Check Message19*BT Payment Category16*Payment Category29*BT Payment Category Pick List15*BT Product Name14*BT Description21*BT Transaction Status18*Transaction Status13*Currency Code9*AVS Match8*AVS Code14*BT Paid Amount11*Paid Amount19*Transaction Message16*Transaction Type30*PickList MMOP Transaction Type14*GroupedProceed18*BT Grouped Proceed23*BT Grouped Payment Flag11*Line Number28*Mobile Sim Scenario selector13*BTActivateSim47*Activate Sim&lt;/div&gt;&lt;div style=\&quot;display:none;\&quot;&gt;15*BT Activate Sim8*BTSimBar42*Sim Bar&lt;/div&gt;&lt;div style=\&quot;display:none;\&quot;&gt;10*BT Sim Bar10*BTSimUnbar44*Sim Unbar&lt;/div&gt;&lt;div style=\&quot;display:none;\&quot;&gt;12*BT Sim Unbar6*Submit23*BTNon-Accountholdername26*Name of Non-Account holder26*BT Non-Account holder name9*Addresses10*Account Id9*AccountId10*Contact Id12*Address Name7*NAD Key22*Dependant Thoroughfare16*PickList Country10*Descriptor6*Assets17*Cessation Charges15*Cessationcharge6*Modify13*ModifyProdSvc10*Disconnect5*Cease17*DisconnectProdSvc8*DuMgrade8*Unbundle18*Billing Account Id9*Home Move4*Move25*Contract/Discount Details17*Contract/Discount8*IssueMAC9*Issue PAC10*BTIssueMAC8*Mupgrade19*Change&lt;br&gt;Promotion18*Modify After Cease16*ModifyAfterCease25*BT Provision Product Type14*Provision Type8*Asset Id23*BT IsCoreServiceProduct15*StrategicBundle16*Strategic Bundle12*Product Type15*Go To Agent.com20*Renew Caller Display18*RenewCallerDisplay10*ProdPromId12*Prod Prom Id18*ProdPromInstanceId21*Prod Prom Instance Id13*ParentAssetId15*Parent Asset Id14*Outline Number4*Seq.25*BT Billing Account Number25*Promotion Asset Indicator6*Promo.28*BT Promotion Asset Indicator27*Dispatch Board Color Scheme20*BT Source Prom Scode22*Source Promotion Scode10*Service Id17*Asset Description22*BT Brand Product Label27*BT Promised Service Quality15*POS Speed Quote25*BT Wholesale Min BB Speed13*Low POS Speed25*BT Wholesale Max BB Speed14*High POS Speed21*BT Effective End Date18*Effective End Date7*Regrade21*BT Billing Account Id26*BT Min Guaranteed BB Speed20*Min Guaranteed Speed12*BT ONT Floor9*ONT Floor11*BT ONT Room8*ONT Room15*BT ONT Position12*ONT Position24*BT MinThreshold Breached20*MinThresholdBreached12*BT OFCOM COP22*Ofcom Code of Practice14*Integration Id32*BT Base Promotion Integration Id11*NPF Base Id33*BT Offer Promotion Integration Id12*NPF Offer Id32*BT TBYB Promotion Integration Id7*TBYB Id19*Asset Purchase Date13*Purchase Date19*BT OFCOM Speed COP224*Ofcom Code of Practice 213*ResumeProdSvc14*SuspendProdSvc23*eSalesDisconnectProdSvc21*EventMethodNewProdSvc19*eSalesModifyProdSvc18*eChannelNewProdSvc6*Resume7*Suspend10*Deactivate19*Disconnect (eSales)10*NewProdSvc15*Modify (eSales)16*NewProdSvc (SCW)11*BT RTE Date17*BT Billing System23*BT Effective Start Date29*Order Header Status Indicator16*Owner Account Id14*Prod Prom Name15*Service Account21*Service Length Period10*Start Date19*Adjusted List Price8*Quantity19*Product Description15*Unit of Measure27*Service Point Serial Number8*Customer9*SubmitReq16*BT Service Start13*Service Start20*Primary Contact Name22*BT Special Information16*Customer Summary27*BT Special Information Calc18*BT Billing Summary15*Billing Summary20*BT Last Contact Date17*Last Contact Date20*BT Last Contact Type17*Last Contact Type18*BT Contact Summary15*Contact Summary23*BT Last Contact Outcome20*Last Contact Outcome20*ReadAuditAccountCalc15*Audited Account22*ReadAudit Account Calc13*Customer Type8*Add Jump10*ModifyName14*UndoModifyName21*BT Anonymous Customer20*BT Registration Date14*BT Tax Invoice10*ADL Status6*BT CAK13*BT Complaints15*BT Credit Score28*BT Credit Score Last Updated9*BT Faults19*BT Follow Up Rating26*BT Follow Up Rating (Calc)26*BT Follow Up Rating (Desc)22*BT Hazard Warning Flag25*BT Last Contact Full Name17*BT External Score17*BT Internal Score6*BT OCB9*BT Orders12*BT Pricelist13*BT TB Consent18*BT TB Last Updated6*BT TOS25*BT eBilling Last Promoted21*BT eBilling Promotion14*Inclusive Flag12*Privacy Code16*Privacy Code URL11*Total Lives18*Fund Eligible Flag15*Account Channel14*Annual Revenue6*Client15*AccountTypeCode14*Company Region13*Company Value5*Brick16*ButtonRecordCall9*Employees11*BuyingGroup12*Equity Value13*CallFrequency8*Facility16*Financing Method16*DistributionCode10*Firm Value8*Investor11*HardToReach8*Industry15*MarketPotential16*Service Provider17*NumberOfConsumers23*Position Last Call Date21*ProductDifferentiator5*Route10*TradeClass9*WeeklyACV5*Alias15*StreetAddress 218*AssignmentAreaCode21*AssignmentCountryCode10*Competitor8*Currency7*DUNSNum16*DisableCleansing20*DomesticUltimateDUNS9*Expertise18*GlobalUltimateDUNS8*HomePage9*Mail Code14*LockAssignment9*DONT_CALL9*DONT_MAIL11*PO Approved13*Parent/HQDUNS13*ParentAccount17*ParentAccountSite7*Partner10*PostalCode12*ShippingInfo13*ShippingTerms12*RevenueClass15*MainPhoneNumber13*MainFaxNumber8*SalesRep22*PO Auto Approval Limit14*Current Volume22*Total Potential Volume13*OwnerInstance9*Site Flag14*Reference Date15*Reference Stage11*HTML Button12*HTML Button17*Submit219*[Id] = &quot;3-61EV7QGN&quot;8*datetime17*Joined Account Id24*Product Type(DESCENDING)15*Last Child Info5*\&quot;|\&quot;12*Has Children11*Is Expanded22*Order Date(DESCENDING)9*Date Time4*note24*Install Date(DESCENDING)27*Currency Code|Exchange Date13*Exchange Date6*number31*BT Consumer - Sales Portal View12*Sales Portal24*BT Consumer Address View19*Addresses/Techcheck32*BT Customer Summary Profile View16*Customer Profile31*BT Techcheck Wizard Intial View16*Techcheck Wizard29*BT Consumer - Activities View31*BT Consumer - Appointments View10*Activities27*BT Consumer - Contacts View30*BT Consumer - Root Assets View13*Active Assets35*BT Consumer - Billing Accounts View7*Billing25*BT Consumer - Orders View6*Orders33*Residentail - All Revision Orders15*Revision Orders25*BT Consumer - Faults View6*Faults35*BT Consumer Complaints Enquiry View18*Complaints/Enquiry18*BT Home Moves View10*Home Moves31*BT Residential Maxi Wizard View20*Amend/Cancel SR List24*BT Consumer - Notes View5*Notes31*BT Consumer Collated Notes View33*BT Suitability Check Console View25*Eligibility Check Console39*BT Consumer - Generic Appointments View12*Appointments27*BT AOT Loss Service Request20*Loss Service Request29*BT Consumer - CPE Orders View10*CPE Orders`0`1`nbo`0`2`10`boi`3``n`Account`z``0`1`nbc`0`3`2`bci`3`S_BC10`n`Account`shd`15*Account_BusComp49*srf1592409810_444/bscripts/all/buscomp_account.js`sh`1015`0`12`fl`0`7`0`f`0`n`898`sc`0`l`32`crf`215`dft`5`t`1016`dn`899`9`0`f`0`itx`1`n`99`sc`0`irq`1`l`100`crf`215`dft`5`t`220`dn`896`10`0`f`0`itx`1`n`903`sc`0`icl`1`l`255`crf`215`dft`5`iro`1`t`220`dn`902`10`0`f`0`itx`1`n`904`sc`0`icl`1`l`255`crf`215`dft`5`iro`1`t`220`dn`905`10`0`f`0`itx`1`n`333`sc`0`icl`1`l`255`crf`215`dft`5`iro`1`t`220`dn`333`10`0`f`0`itx`1`n`906`sc`0`icl`1`l`255`crf`215`dft`5`iro`1`t`220`dn`907`10`0`f`0`itx`1`n`908`sc`0`icl`1`l`255`crf`215`dft`5`iro`1`t`220`dn`909`10`0`f`0`itx`1`n`910`sc`0`icl`1`l`255`crf`215`dft`5`iro`1`t`220`dn`911`10`0`f`0`itx`1`n`912`sc`0`icl`1`l`255`crf`215`dft`5`iro`1`t`220`dn`913`10`0`f`0`itx`1`n`916`sc`0`icl`1`l`255`crf`215`dft`5`iro`1`t`220`dn`915`10`0`f`0`itx`1`n`119`sc`0`irq`1`l`30`ibp`1`crf`215`dft`5`t`220`dn`119`11`0`f`0`itx`1`n`183`sc`0`irq`1`l`15`crf`215`dft`5`ihn`1`iro`1`t`214`dn`1017`3`2`rl`0`crnm`1`nmr`1`atr`0`2`0`r`0`v`19*06/23/2020 14:01:2115*Blazemeter Demo0*0*2*N 0*0*118*No open opportunities, No open orders, No open faults, No open complaints, No open req/enq, No open HLCs, No open NCBs0*0*8*Consumer10*3-61EV7QGN`i`3-61EV7QGN`1`0`tr`0`v``0`1`nbc`0`6`2`bci`3`S_BC8`n`Asset Mgmt - Asset (Order Mgmt)`st`1018`cdl`1`cac`1`pi`S_BC10`hhr`1`0`39`fl`0`9`0`f`0`itx`1`n`127`sc`0`l`50`crf`215`dft`5`iro`1`t`220`dn`127`8`0`f`0`itx`1`n`796`sc`0`l`15`crf`215`dft`5`t`214`dn`796`9`0`f`0`itx`1`n`808`sc`0`l`30`crf`215`dft`5`iro`1`t`220`dn`809`8`0`f`0`itx`1`n`810`sc`0`l`15`crf`215`dft`5`t`214`dn`810`9`0`f`0`itx`1`n`811`sc`0`l`1`crf`215`dft`5`iro`1`t`218`dn`811`9`0`f`0`itx`1`n`813`sc`0`l`1`crf`215`dft`5`iro`1`t`218`dn`813`9`0`f`0`itx`1`n`814`sc`0`l`30`crf`215`dft`5`iro`1`t`220`dn`814`8`0`f`0`itx`1`n`819`sc`0`l`15`crf`215`dft`5`t`214`dn`818`8`0`f`0`itx`1`n`821`sc`0`l`30`crf`215`dft`5`t`220`dn`820`8`0`f`0`itx`1`n`670`sc`0`l`15`crf`215`dft`5`t`214`dn`670`8`0`f`0`itx`1`n`823`sc`0`l`15`crf`215`dft`5`t`214`dn`823`9`0`f`0`itx`1`n`824`sc`0`icl`1`l`255`crf`215`dft`5`t`220`dn`825`9`0`f`0`itx`1`n`826`sc`0`l`30`crf`215`dft`5`iro`1`t`220`dn`254`10`0`f`0`itx`1`n`829`sc`0`icl`1`l`255`crf`215`dft`5`iro`1`t`220`dn`828`10`0`f`0`itx`1`n`680`sc`0`irq`1`l`100`ibp`1`crf`215`dft`5`t`220`dn`140`8`0`f`0`itx`1`n`831`sc`0`l`50`crf`215`dft`5`t`220`dn`832`9`0`f`0`itx`1`n`138`sc`0`ipc`1`l`100`crf`215`dft`5`t`220`dn`833`10`0`f`0`itx`1`n`835`sc`0`icl`1`l`255`crf`215`dft`5`iro`1`t`220`dn`834`10`0`f`0`itx`1`n`836`sc`0`icl`1`l`255`crf`215`dft`5`iro`1`t`220`dn`837`10`0`f`0`itx`1`n`838`sc`0`icl`1`l`255`crf`215`dft`5`iro`1`t`220`dn`839`10`0`f`0`itx`1`n`840`sc`0`icl`1`l`255`crf`215`dft`5`iro`1`t`220`dn`841`7`0`f`0`n`842`sc`0`l`32`crf`215`dft`5`t`219`dn`843`8`0`f`0`itx`1`n`844`sc`0`l`1`crf`215`dft`5`t`218`dn`844`10`0`f`0`itx`1`n`846`sc`0`icl`1`l`255`crf`215`dft`5`iro`1`t`220`dn`847`9`0`f`0`itx`1`n`848`sc`0`l`50`crf`215`dft`5`iro`1`t`220`dn`849`9`0`f`0`itx`1`n`850`sc`0`l`50`crf`215`dft`5`iro`1`t`220`dn`851`9`0`f`0`itx`1`n`852`sc`0`l`100`crf`215`dft`5`iro`1`t`220`dn`853`7`0`f`0`n`854`sc`0`l`32`crf`215`dft`5`t`219`dn`855`8`0`f`0`itx`1`n`856`sc`0`l`1`crf`215`dft`5`t`220`dn`857`8`0`f`0`itx`1`n`858`sc`0`l`30`crf`215`dft`5`t`220`dn`858`8`0`f`0`itx`1`n`859`sc`0`l`30`crf`215`dft`5`t`220`dn`860`8`0`f`0`itx`1`n`861`sc`0`l`30`crf`215`dft`5`t`220`dn`862`8`0`f`0`itx`1`n`863`sc`0`l`30`crf`215`dft`5`t`220`dn`864`7`0`f`0`n`866`sc`0`l`32`crf`215`dft`5`t`219`dn`865`8`0`f`0`itx`1`n`867`sc`0`l`1`crf`215`dft`5`t`220`dn`868`11`0`f`0`itx`1`n`183`sc`0`irq`1`l`15`crf`215`dft`5`ihn`1`iro`1`t`214`dn`183`8`0`f`0`sc`0`n`1019`l`255`crf`1020`ihn`1`iro`1`dn`1019`t`220`8`0`f`0`sc`0`n`1021`l`255`crf`1020`ihn`1`iro`1`dn`1021`t`220`8`0`f`0`sc`0`n`1022`l`255`crf`1020`ihn`1`iro`1`dn`1022`t`220`3`1`rl`0`inrk`1`nmr`0`atr`-1`1`0`tr`0`v``0`1`nbc`0`3`2`bci`3`S_BC1`n`Asset Mgmt - Asset XA`cdl`1`pi`S_BC8`0`3`fl`0`8`0`f`0`itx`1`n`653`sc`0`l`100`crf`215`dft`5`t`220`dn`654`9`0`f`0`itx`1`n`655`sc`0`icl`1`l`255`crf`215`dft`5`t`220`dn`655`11`0`f`0`itx`1`n`183`sc`0`irq`1`l`15`crf`215`dft`5`ihn`1`iro`1`t`214`dn`183`2`1`rl`0`nmr`0`atr`-1`1`0`tr`0`v``0`1`nbc`0`6`2`bci`3`S_BC2`n`Order Entry - Orders`shd`27*Order_Entry__Orders_BusComp61*srf1592409810_444/bscripts/all/buscomp_order_entry__orders.js`st`1023`cdl`1`cac`1`pi`S_BC10`0`9`fl`0`10`0`f`0`itx`1`n`333`sc`0`icl`1`l`255`crf`215`dft`5`iro`1`t`220`dn`333`9`0`f`0`itx`1`n`158`sc`0`irq`1`l`30`crf`215`dft`5`t`220`dn`159`11`0`f`0`itx`1`n`115`sc`0`ipc`1`irq`1`l`30`ibp`1`crf`215`dft`5`t`220`dn`115`10`0`f`0`itx`1`n`160`sc`0`ipc`1`l`30`ibp`1`crf`215`dft`5`t`220`dn`152`8`0`f`0`n`162`sc`0`ipc`1`l`32`crf`215`dft`1024`t`226`dn`162`9`0`f`0`itx`1`n`638`sc`0`l`100`ibp`1`crf`215`dft`5`t`220`dn`639`8`0`f`0`itx`1`n`642`sc`0`l`30`crf`215`dft`5`t`220`dn`641`10`0`f`0`itx`1`n`643`sc`0`ipc`1`l`30`ibp`1`crf`215`dft`5`t`220`dn`643`11`0`f`0`itx`1`n`183`sc`0`irq`1`l`15`crf`215`dft`5`ihn`1`iro`1`t`214`dn`183`3`1`rl`0`inrk`1`nmr`0`atr`-1`1`0`tr`0`v``0`1`nbc`0`3`2`bci`3`S_BC3`n`BT Consumer Collated Notes VBC`cdl`1`pi`S_BC10`0`8`fl`0`8`0`f`0`n`145`sc`0`l`32`crf`215`dft`5`iro`1`t`1016`dn`145`9`0`f`0`itx`1`n`658`sc`0`l`255`crf`215`dft`5`iro`1`t`220`dn`658`9`0`f`0`itx`1`n`659`sc`0`l`16350`crf`215`dft`5`iro`1`t`1025`dn`659`9`0`f`0`itx`1`n`660`sc`0`l`255`crf`215`dft`5`iro`1`t`220`dn`660`9`0`f`0`itx`1`n`661`sc`0`l`255`crf`215`dft`5`iro`1`t`220`dn`661`9`0`f`0`itx`1`n`662`sc`0`l`255`crf`215`dft`5`iro`1`t`220`dn`662`9`0`f`0`itx`1`n`664`sc`0`l`1`crf`215`dft`5`iro`1`t`218`dn`663`11`0`f`0`itx`1`n`183`sc`0`irq`1`l`15`crf`215`dft`5`ihn`1`iro`1`t`214`dn`183`3`1`rl`0`inrk`1`nmr`0`atr`-1`1`0`tr`0`v``0`1`nbc`0`3`2`bci`3`S_BC9`n`CUT Address for Primary Customer Address`cac`1`pi`S_BC10`0`14`fl`0`8`0`f`0`itx`1`n`778`sc`0`l`15`crf`215`dft`5`t`214`dn`778`8`0`f`0`itx`1`n`780`sc`0`l`15`crf`215`dft`5`t`214`dn`780`9`0`f`0`itx`1`n`781`sc`0`l`100`crf`215`dft`5`iro`1`t`220`dn`782`9`0`f`0`itx`1`n`554`sc`0`l`200`crf`215`dft`5`iro`1`t`220`dn`285`9`0`f`0`itx`1`n`557`sc`0`l`100`crf`215`dft`5`iro`1`t`220`dn`556`9`0`f`0`itx`1`n`455`sc`0`l`30`crf`215`dft`5`iro`1`t`220`dn`559`9`0`f`0`itx`1`n`474`sc`0`l`100`crf`215`dft`5`iro`1`t`220`dn`291`9`0`f`0`itx`1`n`563`sc`0`l`100`crf`215`dft`5`iro`1`t`220`dn`783`9`0`f`0`itx`1`n`566`sc`0`l`50`crf`215`dft`5`iro`1`t`220`dn`565`9`0`f`0`itx`1`n`568`sc`0`l`50`crf`215`dft`5`iro`1`t`220`dn`296`9`0`f`0`itx`1`n`570`sc`0`l`50`crf`215`dft`5`iro`1`t`220`dn`570`8`0`f`0`itx`1`n`573`sc`0`l`30`crf`215`dft`5`t`220`dn`572`9`0`f`0`itx`1`n`584`sc`0`l`30`ibp`1`crf`215`dft`5`t`220`dn`584`11`0`f`0`itx`1`n`183`sc`0`irq`1`l`15`crf`215`dft`5`ihn`1`iro`1`t`214`dn`183`4`2`rl`0`inrk`1`crnm`1`nmr`1`atr`0`2`0`r`0`v`10*3-61EV7QGN10*3-61EV7QEC12*R012033189250*0*3*16916*Preston Old Road0*0*9*Blackpool10*Lancashire7*FY3 9QX14*United Kingdom10*3-61EV7QFK`i`3-61EV7QFK`1`0`tr`0`v``0`1`nbc`0`4`2`bci`3`S_BC4`n`CUT Asset Mgmt - Service Point`st`1026`cac`1`pi`S_BC9`0`17`fl`0`9`0`f`0`itx`1`n`670`sc`0`irq`1`l`100`crf`215`dft`5`t`220`dn`671`8`0`f`0`n`672`sc`0`irq`1`l`32`crf`215`dft`5`t`226`dn`672`9`0`f`0`itx`1`n`115`sc`0`l`30`ibp`1`crf`215`dft`5`t`220`dn`115`9`0`f`0`itx`1`n`152`sc`0`l`30`ibp`1`crf`215`dft`5`t`220`dn`674`9`0`f`0`itx`1`n`675`sc`0`l`30`ibp`1`crf`215`dft`5`t`220`dn`676`9`0`f`0`itx`1`n`678`sc`0`l`30`ibp`1`crf`215`dft`5`t`220`dn`678`10`0`f`0`itx`1`n`680`sc`0`irq`1`l`100`ibp`1`crf`215`dft`5`t`220`dn`140`7`0`f`0`n`681`sc`0`l`32`crf`215`dft`5`t`226`dn`682`8`0`f`0`itx`1`n`683`sc`0`l`30`crf`215`dft`5`t`220`dn`683`8`0`f`0`itx`1`n`684`sc`0`l`30`crf`215`dft`5`t`220`dn`684`8`0`f`0`itx`1`n`685`sc`0`l`100`crf`215`dft`5`t`220`dn`686`8`0`f`0`itx`1`n`687`sc`0`l`50`crf`215`dft`5`t`220`dn`687`8`0`f`0`itx`1`n`688`sc`0`l`50`crf`215`dft`5`t`220`dn`689`8`0`f`0`itx`1`n`690`sc`0`l`30`crf`215`dft`5`t`220`dn`690`8`0`f`0`itx`1`n`691`sc`0`l`30`crf`215`dft`5`t`220`dn`692`9`0`f`0`itx`1`n`693`sc`0`l`30`ibp`1`crf`215`dft`5`t`220`dn`694`11`0`f`0`itx`1`n`183`sc`0`irq`1`l`15`crf`215`dft`5`ihn`1`iro`1`t`214`dn`183`3`5`rl`0`crnm`1`nmr`4`atr`0`2`0`r`0`v`11*0207595483319*06/23/2020 13:46:157*Planned12*AssignedStop8*Inactive11*Copper Pair27*Service Point â Copper Pair0*3*GOL4*Gold0*0*0*2*ND12*R000000318828*Standard10*3-61EV87UT`i`3-61EV87UT`2`0`r`0`v`11*0207595483219*06/23/2020 13:45:057*Planned12*AssignedStop8*Inactive11*Copper Pair27*Service Point â Copper Pair0*3*GOL4*Gold0*0*0*2*ND12*R000000318828*Standard10*3-61EV85BL`i`3-61EV85BL`2`0`r`0`v`11*0207595483119*06/23/2020 13:42:067*Planned12*AssignedStop8*Inactive11*Copper Pair27*Service Point â Copper Pair0*3*GOL4*Gold0*0*0*2*ND12*R000000318828*Standard10*3-61EV83CW`i`3-61EV83CW`2`0`r`0`v`11*0207595483019*06/23/2020 13:41:367*Planned12*AssignedStop8*Inactive11*Copper Pair27*Service Point â Copper Pair0*3*GOL4*Gold0*0*0*2*ND12*R000000318828*Standard10*3-61EV7LSJ`i`3-61EV7LSJ`1`0`tr`0`v``0`1`nbc`0`2`2`bci`3`S_BC5`n`BT TechCheck VBC - Portal`pi`S_BC10`0`7`fl`0`9`0`f`0`itx`1`n`700`sc`0`ipc`1`l`20`crf`215`dft`5`t`220`dn`244`10`0`f`0`itx`1`n`701`sc`0`ipc`1`l`50`ibp`1`crf`215`dft`5`t`220`dn`701`9`0`f`0`itx`1`n`704`sc`0`ipc`1`l`100`crf`215`dft`5`t`220`dn`703`9`0`f`0`itx`1`n`707`sc`0`ipc`1`l`50`crf`215`dft`5`t`220`dn`706`9`0`f`0`itx`1`n`573`sc`0`l`30`ibp`1`crf`215`dft`5`t`220`dn`573`10`0`f`0`itx`1`n`425`sc`0`icl`1`l`255`crf`215`dft`5`iro`1`t`220`dn`425`11`0`f`0`itx`1`n`183`sc`0`irq`1`l`15`crf`215`dft`5`ihn`1`iro`1`t`214`dn`183`3`2`rl`0`crnm`1`nmr`1`atr`0`2`0`r`0`v`0*4*PSTN0*0*7*FY3 9QX47*169 Preston Old Road&lt;BR&gt;Blackpool&lt;BR&gt;Lancashire6*VRId-0`i`VRId-0`1`0`tr`0`v``0`1`nbc`0`5`2`bci`3`S_BC6`n`Payments`shd`16*Payments_BusComp50*srf1592409810_444/bscripts/all/buscomp_payments.js`st`145`cdl`1`pi`S_BC2`0`27`fl`0`7`0`f`0`n`716`sc`0`l`32`crf`215`dft`5`t`226`dn`716`7`0`f`0`n`718`sc`0`l`32`crf`215`dft`5`t`226`dn`718`7`0`f`0`n`719`sc`0`l`32`crf`215`dft`5`t`226`dn`719`10`0`f`0`itx`1`n`720`sc`0`ipc`1`l`30`ibp`1`crf`215`dft`5`t`220`dn`720`9`0`f`0`n`721`sc`7`ipc`1`inm`1`l`25`crf`1027`dft`5`t`221`dn`721`9`0`f`0`itx`1`n`751`sc`0`l`20`ibp`1`crf`215`dft`5`t`220`dn`751`7`0`f`0`n`1028`sc`0`l`32`crf`215`dft`5`t`219`dn`1028`9`0`f`0`itx`1`n`723`sc`0`l`30`ibp`1`crf`215`dft`5`t`220`dn`723`7`0`f`0`n`727`sc`0`l`32`crf`215`dft`5`t`226`dn`726`7`0`f`0`n`729`sc`0`l`32`crf`215`dft`5`t`226`dn`729`10`0`f`0`itx`1`n`732`sc`0`icl`1`l`1`crf`215`dft`5`iro`1`t`218`dn`731`11`0`f`0`itx`1`n`733`sc`0`ipc`1`irq`1`l`30`ibp`1`crf`215`dft`5`t`220`dn`733`8`0`f`0`n`734`sc`2`inm`1`l`25`crf`215`dft`5`t`221`dn`736`9`0`f`0`itx`1`n`737`sc`0`l`100`ibp`1`crf`215`dft`5`t`220`dn`182`8`0`f`0`n`738`sc`6`inm`1`l`18`crf`215`dft`5`t`1029`dn`738`8`0`f`0`itx`1`n`739`sc`0`l`40`crf`215`dft`5`t`220`dn`739`9`0`f`0`itx`1`n`740`sc`0`ipc`1`l`1`crf`215`dft`5`t`218`dn`741`8`0`f`0`itx`1`n`743`sc`0`l`250`crf`215`dft`5`t`220`dn`743`10`0`f`0`itx`1`n`744`sc`0`ipc`1`l`30`ibp`1`crf`215`dft`5`t`220`dn`745`9`0`f`0`itx`1`n`747`sc`0`l`100`ibp`1`crf`215`dft`5`t`220`dn`680`9`0`f`0`itx`1`n`121`sc`0`ipc`1`l`255`crf`215`dft`5`t`220`dn`121`10`0`f`0`itx`1`n`749`sc`0`icl`1`l`255`crf`215`dft`5`iro`1`t`220`dn`750`8`0`f`0`itx`1`n`753`sc`0`l`30`crf`215`dft`5`t`220`dn`752`8`0`f`0`n`754`sc`2`inm`1`l`25`crf`215`dft`5`t`221`dn`755`8`0`f`0`itx`1`n`756`sc`0`l`30`crf`215`dft`5`t`220`dn`756`9`0`f`0`itx`1`n`757`sc`0`l`30`ibp`1`crf`215`dft`5`t`220`dn`757`11`0`f`0`itx`1`n`183`sc`0`irq`1`l`15`crf`215`dft`5`ihn`1`iro`1`t`214`dn`183`2`1`rl`0`nmr`0`atr`-1`1`0`tr`0`v``0`1`nbc`0`3`2`bci`3`S_BC7`n`BT Mobile Sim Scenario selector_CPM Advisor`cdl`1`pi`S_BC8`0`5`fl`0`9`0`f`0`itx`1`n`766`sc`0`ipc`1`l`1`crf`215`dft`5`t`218`dn`765`9`0`f`0`itx`1`n`769`sc`0`ipc`1`l`1`crf`215`dft`5`t`218`dn`768`9`0`f`0`itx`1`n`772`sc`0`ipc`1`l`1`crf`215`dft`5`t`218`dn`771`8`0`f`0`itx`1`n`776`sc`0`l`255`crf`215`dft`5`t`220`dn`775`11`0`f`0`itx`1`n`183`sc`0`irq`1`l`15`crf`215`dft`5`ihn`1`iro`1`t`214`dn`183`2`1`rl`0`nmr`0`atr`-1`1`0`tr`0`v``1`1`nv`0`imv`1`6`11`vi`3``vt`STANDARD`ich`1`n`BT Consumer - Sales Portal View`pu`http://localhost:8080/ecommunications_enu_nsm_aps05524a027/start.swe`tt`Sales Portal View`tb`&lt;span id=&apos;s_tb&apos;&gt;&lt;table datatable=&quot;0&quot; summary=&quot;&quot; cellpadding=&quot;0&quot; cellspacing=&quot;0&quot; border=&quot;0&quot;&gt;&lt;tr&gt;&lt;td&gt;&lt;span class=&quot;threadbar&quot;&gt;&lt;nobr&gt;Sales Portal View:&lt;/nobr&gt;&lt;/span&gt;&lt;/td&gt;&lt;td&gt;&lt;img src=&quot;images/spacer.gif&quot; width=&quot;5&quot; height=&quot;1&quot; alt=&quot;&quot;&gt;&lt;/td&gt;&lt;td&gt;&lt;/td&gt;&lt;/tr&gt;&lt;/table&gt;&lt;/span&gt;`0`1`nla`0`19`4`ai`3`S_A2`nfi`1`n`BT Sales Orders List Applet`cud`3*3671*13*3651*13*3661*13*6321*13*5871*12*451*12*641*13*3171*13*6351*12*431*13*5891*13*1051*13*3161*12*121*13*6461*13*5901*12*281*13*3061*12*401*12*391*12*441*12*291*13*3071*12*271*12*311*13*5911*13*4961*13*4191*13*6471*13*6481*13*3901*03*6361*03*6491*03*6381*03*6501*03*6431*03*1621*03*6401*03*1601*03*1581*03*1151*0`cik`3*3641*13*6331*02*431*02*451*12*201*02*311*03*6351*12*281*03*3061*02*401*02*391*02*441*13*6341*13*3071*12*271*03*3101*03*6441*12*211*02*221*12*231*12*241*12*251*02*261*02*291*12*301*02*321*02*331*02*341*02*351*02*361*12*371*02*381*02*411*02*421*02*461*12*471*02*481*02*491*02*501*02*511*02*521*02*531*02*541*12*551*03*6451*02*561*12*571*0`pf`VER_1.0_~0|Order Number|100~0|Status|100~0|BT Sub-Status|100~0|Order Date|100~0|BT Line Items|100~0|BT External Order Reference|100~0|Return Reason|100`shd`34*BT_Sales_Orders_List_Applet_Applet68*srf1592409810_444/bscripts/all/applet_bt_sales_orders_list_applet.js`rct`6`asq`3`ied`1`vrn`S_A2`tt`631`inu`0`hmn`1`rsp`false`bnr`0`iem``bci`S_BC2`hlc`3*a_21*11*2`i`2`0`10`cl`0`23`1`c`0`pt`5`sp`s_2_1_20_0`dm`7`w`0`n`44`pw`0`ph`0`ju`6`sq`4997`pan`5`mn`44`ibp`1`crf`8`sdy`0`h`0`iec`1`dft`5`ime`5`dmc`0`t`67`dn`530`fn`5`msz`32`14`0`imp`0`SWEField`s_2_1_20_0`SWENeedContext`true`SWER`65535`SWESP`false`SWERowIds`SWERowId0=3-61EV7QGN`SWEMethod`NewQuery`SWECmd`InvokeMethod`SWEDIC`false`SWEReqRowId`0`SWEView`BT Consumer - Sales Portal View`SWEC`36`SWEBID`-1`SRN`xK7T2pIB2ZOV15hwlQxQF5reKcoUB8VpMTZr7we8uAEb`SWEApplet`BT Sales Orders List Applet`23`1`c`0`pt`5`sp`s_2_1_5_0`dm`7`w`0`n`45`pw`0`ph`0`ju`6`sq`4997`pan`5`mn`45`ibp`1`crf`8`sdy`0`h`0`iec`1`dft`5`ime`5`dmc`0`t`67`dn`392`fn`5`msz`32`14`0`imp`0`SWEField`s_2_1_5_0`SWENeedContext`true`SWER`65535`SWESP`false`SWERowIds`SWERowId0=3-61EV7QGN`SWEMethod`ExecuteQuery`SWECmd`InvokeMethod`SWEDIC`false`SWEReqRowId`0`SWEView`BT Consumer - Sales Portal View`SWEC`36`SWEBID`-1`SRN`xK7T2pIB2ZOV15hwlQxQF5reKcoUB8VpMTZr7we8uAEb`SWEApplet`BT Sales Orders List Applet`23`1`c`0`pt`5`sp`s_2_1_9_0`dm`7`w`0`n`43`pw`0`ph`0`ju`6`sq`4997`pan`5`mn`43`ibp`1`crf`8`sdy`0`h`0`iec`1`dft`5`ime`5`dmc`0`t`67`dn`393`fn`5`msz`32`14`0`imp`0`SWEField`s_2_1_9_0`SWENeedContext`true`SWER`65535`SWESP`false`SWERowIds`SWERowId0=3-61EV7QGN`SWEMethod`UndoQuery`SWECmd`InvokeMethod`SWEDIC`false`SWEReqRowId`0`SWEView`BT Consumer - Sales Portal View`SWEC`36`SWEBID`-1`SRN`xK7T2pIB2ZOV15hwlQxQF5reKcoUB8VpMTZr7we8uAEb`SWEApplet`BT Sales Orders List Applet`23`1`c`0`pt`5`sp`s_2_1_3_0`dm`7`w`0`n`632`pw`0`ph`0`ju`6`sq`4997`pan`5`mn`633`ibp`1`crf`8`sdy`0`h`0`iec`1`dft`5`ime`5`dmc`0`t`67`dn`633`fn`5`msz`32`14`0`imp`0`SWEField`s_2_1_3_0`SWENeedContext`true`SWER`65535`SWESP`false`SWERowIds`SWERowId0=3-61EV7QGN`SWEMethod`Revise`SWECmd`InvokeMethod`SWEDIC`false`SWEReqRowId`0`SWEView`BT Consumer - Sales Portal View`SWEC`36`SWEBID`-1`SRN`xK7T2pIB2ZOV15hwlQxQF5reKcoUB8VpMTZr7we8uAEb`SWEApplet`BT Sales Orders List Applet`25`1`c`0`pt`5`sp`s_2_1_19_0`dm`7`w`0`n`39`eb`&lt;img src=&quot;images/rcnv_prvset_1.gif&quot; border=&quot;0&quot; space=&quot;0&quot; hspace=&quot;0&quot; alt=&quot;Previous record set&quot;  title=&quot;Previous record set&quot; &gt;`pw`0`db`&lt;img src=&quot;images/rcnv_prvset_0.gif&quot; border=&quot;0&quot; space=&quot;0&quot; hspace=&quot;0&quot; alt=&quot;Previous record set&quot;  title=&quot;Previous record set&quot; &gt;`ph`0`ju`6`sq`4997`pan`5`mn`39`ibp`1`crf`8`sdy`0`h`0`iec`1`dft`5`ime`5`dmc`0`t`67`dn`5`fn`5`msz`32`14`0`imp`0`SWEField`s_2_1_19_0`SWENeedContext`true`SWER`65535`SWESP`false`SWERowIds`SWERowId0=3-61EV7QGN`SWEMethod`GotoPreviousSet`SWECmd`InvokeMethod`SWEDIC`false`SWEReqRowId`0`SWEView`BT Consumer - Sales Portal View`SWEC`36`SWEBID`-1`SRN`xK7T2pIB2ZOV15hwlQxQF5reKcoUB8VpMTZr7we8uAEb`SWEApplet`BT Sales Orders List Applet`25`1`c`0`pt`5`sp`s_2_1_18_0`dm`7`w`0`n`40`eb`&lt;img src=&quot;images/rcnv_nxtset_1.gif&quot; border=&quot;0&quot; space=&quot;0&quot; hspace=&quot;0&quot; alt=&quot;Next record set&quot;  title=&quot;Next record set&quot; &gt;`pw`0`db`&lt;img src=&quot;images/rcnv_nxtset_0.gif&quot; border=&quot;0&quot; space=&quot;0&quot; hspace=&quot;0&quot; alt=&quot;Next record set&quot;  title=&quot;Next record set&quot; &gt;`ph`0`ju`6`sq`4997`pan`5`mn`40`ibp`1`crf`8`sdy`0`h`0`iec`1`dft`5`ime`5`dmc`0`t`67`dn`5`fn`5`msz`32`14`0`imp`0`SWEField`s_2_1_18_0`SWENeedContext`true`SWER`65535`SWESP`false`SWERowIds`SWERowId0=3-61EV7QGN`SWEMethod`GotoNextSet`SWECmd`InvokeMethod`SWEDIC`false`SWEReqRowId`0`SWEView`BT Consumer - Sales Portal View`SWEC`36`SWEBID`-1`SRN`xK7T2pIB2ZOV15hwlQxQF5reKcoUB8VpMTZr7we8uAEb`SWEApplet`BT Sales Orders List Applet`23`1`c`0`pt`5`sp`s_2_1_21_0`dm`7`w`0`n`29`pw`0`ph`0`ju`6`sq`4997`pan`5`mn`634`ibp`1`crf`8`sdy`0`h`0`iec`1`dft`5`ime`5`dmc`0`t`67`dn`93`fn`5`msz`32`14`0`imp`0`SWEField`s_2_1_21_0`SWENeedContext`true`SWER`65535`SWESP`false`SWERowIds`SWERowId0=3-61EV7QGN`SWEMethod`EventMethodSalesNewRecord`SWECmd`InvokeMethod`SWEDIC`false`SWEReqRowId`0`SWEView`BT Consumer - Sales Portal View`SWEC`36`SWEBID`-1`SRN`xK7T2pIB2ZOV15hwlQxQF5reKcoUB8VpMTZr7we8uAEb`SWEApplet`BT Sales Orders List Applet`25`1`c`0`pt`5`sp`s_2_1_25_0`dm`7`w`0`n`591`eb`&lt;img src=&quot;images/row_off_d.gif&quot; border=&quot;0&quot; space=&quot;0&quot; hspace=&quot;0&quot; alt=&quot;Select record&quot;  title=&quot;Select record&quot; &gt;`pw`0`db`&lt;img src=&quot;images/row_on_d.gif&quot; border=&quot;0&quot; space=&quot;0&quot; hspace=&quot;0&quot; alt=&quot;Record selected&quot;  title=&quot;Record selected&quot; &gt;`ph`0`ju`6`sq`4997`pan`5`mn`310`ibp`1`crf`8`sdy`0`h`0`iec`1`dft`5`ime`5`dmc`0`t`67`dn`5`fn`5`msz`32`14`0`imp`0`SWEField`s_2_1_25_0`SWENeedContext`true`SWER`65535`SWESP`false`SWERowIds`SWERowId0=3-61EV7QGN`SWEMethod`PositionOnRow`SWECmd`InvokeMethod`SWEDIC`false`SWEReqRowId`0`SWEView`BT Consumer - Sales Portal View`SWEC`36`SWEBID`-1`SRN`xK7T2pIB2ZOV15hwlQxQF5reKcoUB8VpMTZr7we8uAEb`SWEApplet`BT Sales Orders List Applet`25`1`c`0`pt`5`sp`s_2_1_8_0`dm`7`w`0`n`635`eb`&lt;img src=&quot;images/btn_more.gif&quot; border=&quot;0&quot; space=&quot;0&quot; hspace=&quot;0&quot; alt=&quot;Show more&quot;  title=&quot;Show more&quot; &gt;`pw`0`ph`0`ju`6`sq`4997`pan`5`icm`635`mn`635`ibp`1`crf`8`sdy`0`h`0`iec`1`dft`5`ime`5`dmc`0`t`10`dn`5`fn`5`msz`32`14`0`imp`0`SWEField`s_2_1_8_0`SWENeedContext`true`SWER`65535`SWESP`false`SWERowIds`SWERowId0=3-61EV7QGN`SWEMethod`ToggleListRowCount`SWECmd`InvokeMethod`SWEDIC`false`SWEReqRowId`0`SWEView`BT Consumer - Sales Portal View`SWEC`36`SWEBID`-1`SRN`xK7T2pIB2ZOV15hwlQxQF5reKcoUB8VpMTZr7we8uAEb`SWEApplet`BT Sales Orders List Applet`23`0`c`0`pt`5`sp`s_2_1_31_0`dm`7`w`0`csq`1`n`636`pw`0`ph`0`ju`6`sq`4997`pan`5`ibp`1`crf`8`sdy`0`h`0`iec`1`dft`5`ime`5`dmc`0`t`438`dn`5`fn`333`msz`255`1`0`cfm`0`DeleteRecord`IDS_SWE_DELETE_CONFIRM_WARNING`0`7`col`0`25`0`co`0`pt`5`sp`s_2_2_39_`dm`5`w`100`csq`1`n`158`pw`0`ist`1`ph`0`ju`6`sq`4997`pan`5`ibp`1`crf`8`sdy`0`h`0`iec`1`dft`5`cix`0`ime`5`dmc`0`t`4`dn`159`fn`158`msz`30`25`0`co`0`pt`117`sp`s_2_2_40_`dm`5`w`100`csq`1`n`115`pw`0`ist`1`ph`0`ju`6`sq`4997`pan`5`ibp`1`crf`8`sdy`0`h`0`iec`1`dft`5`cix`1`ime`5`dmc`0`t`116`dn`115`fn`115`msz`30`25`0`co`0`pt`5`sp`s_2_2_38_`dm`5`w`100`csq`1`n`160`pw`0`ist`1`ph`0`ju`6`sq`4997`pan`5`ibp`1`crf`8`sdy`0`h`0`iec`1`dft`5`cix`2`ime`5`dmc`0`t`116`dn`152`fn`160`msz`30`24`0`co`0`pt`5`sp`s_2_2_36_`dm`7`w`100`n`162`pw`0`ist`1`ph`0`ju`6`sq`4997`pan`5`ibp`1`crf`8`sdy`0`h`0`iec`1`dft`637`cix`3`ime`5`dmc`0`t`163`dn`162`fn`162`msz`255`26`0`co`0`pt`5`sp`s_2_2_33_`dm`7`w`100`csq`1`n`638`pw`300`pat`Pick`ph`100`ju`6`sq`4997`ied`1`pan`5`ibp`1`crf`8`sdy`0`h`0`iec`1`dft`5`cix`4`ime`5`dmc`0`t`4`dn`639`fn`638`msz`100`25`0`co`0`pt`5`sp`s_2_2_37_`dm`5`w`100`csq`1`n`640`pw`0`ist`1`ph`0`ju`6`sq`4997`pan`5`ibp`1`crf`8`sdy`0`h`0`iec`1`dft`5`cix`5`ime`5`dmc`0`t`4`dn`641`fn`642`msz`30`25`0`co`0`pt`5`sp`s_2_2_35_`dm`7`w`100`csq`1`n`643`pw`0`ist`1`ph`0`ju`6`sq`4997`pan`5`ibp`1`crf`8`sdy`0`h`0`iec`1`dft`5`cix`6`ime`5`dmc`0`t`116`dn`643`fn`643`msz`30`0`2`pcl`0`2`0`pc`0`allowPC`false`QueryComboBox``2`0`pc`0`allowPC`false`QuerySrchSpec``0`1`nla`0`18`4`ai`3`S_A1`nfi`1`n`BT Sales Portal Asset Mgmt - Asset XA List Applet`cud`3*3651*13*3661*13*3671*03*3101*02*641*03*6351*02*431*02*121*03*1051*03*5871*03*3061*02*451*02*401*03*3071*02*391*02*271*02*441*02*311*03*6531*03*6551*0`cik`3*3641*13*3101*02*201*03*6351*12*431*03*6561*03*3061*02*451*12*401*03*3071*12*391*02*271*02*441*12*311*02*211*02*221*12*231*12*241*12*251*02*261*02*281*02*291*02*301*02*321*02*331*02*341*02*351*02*361*12*371*02*381*02*411*02*421*02*461*12*471*02*481*02*491*02*501*02*511*02*521*02*531*02*541*12*551*02*561*12*571*0`pf`VER_1.0_~0|Display Name|100~0|Value|100`rct`5`asq`5`ied`1`vrn`S_A1`tt`651`inu`1`hmn`1`rsp`false`bnr`0`iem``bci`S_BC1`hlc`3*a_11*11*2`i`1`0`9`cl`0`23`1`c`0`pt`5`sp`s_1_1_16_0`dm`7`w`0`n`44`pw`0`ph`0`ju`6`sq`6997`pan`5`mn`44`ibp`1`crf`8`sdy`0`h`0`iec`1`dft`5`ime`5`dmc`0`t`67`dn`530`fn`5`msz`32`13`0`imp`0`SWEField`s_1_1_16_0`SWENeedContext`true`SWER`65535`SWESP`false`SWEMethod`NewQuery`SWECmd`InvokeMethod`SWEDIC`false`SWEReqRowId`0`SWEView`BT Consumer - Sales Portal View`SWEC`36`SWEBID`-1`SRN`xK7T2pIB2ZOV15hwlQxQF5reKcoUB8VpMTZr7we8uAEb`SWEApplet`BT Sales Portal Asset Mgmt - Asset XA List Applet`23`1`c`0`pt`5`sp`s_1_1_11_0`dm`7`w`0`n`45`pw`0`ph`0`ju`6`sq`6997`pan`5`mn`45`ibp`1`crf`8`sdy`0`h`0`iec`1`dft`5`ime`5`dmc`0`t`67`dn`392`fn`5`msz`32`13`0`imp`0`SWEField`s_1_1_11_0`SWENeedContext`true`SWER`65535`SWESP`false`SWEMethod`ExecuteQuery`SWECmd`InvokeMethod`SWEDIC`false`SWEReqRowId`0`SWEView`BT Consumer - Sales Portal View`SWEC`36`SWEBID`-1`SRN`xK7T2pIB2ZOV15hwlQxQF5reKcoUB8VpMTZr7we8uAEb`SWEApplet`BT Sales Portal Asset Mgmt - Asset XA List Applet`23`1`c`0`pt`5`sp`s_1_1_6_0`dm`7`w`0`n`43`pw`0`ph`0`ju`6`sq`6997`pan`5`mn`43`ibp`1`crf`8`sdy`0`h`0`iec`1`dft`5`ime`5`dmc`0`t`67`dn`393`fn`5`msz`32`13`0`imp`0`SWEField`s_1_1_6_0`SWENeedContext`true`SWER`65535`SWESP`false`SWEMethod`UndoQuery`SWECmd`InvokeMethod`SWEDIC`false`SWEReqRowId`0`SWEView`BT Consumer - Sales Portal View`SWEC`36`SWEBID`-1`SRN`xK7T2pIB2ZOV15hwlQxQF5reKcoUB8VpMTZr7we8uAEb`SWEApplet`BT Sales Portal Asset Mgmt - Asset XA List Applet`25`1`c`0`pt`5`sp`s_1_1_14_0`dm`7`w`0`n`39`eb`&lt;img src=&quot;images/rcnv_prvset_1.gif&quot; border=&quot;0&quot; space=&quot;0&quot; hspace=&quot;0&quot; alt=&quot;Previous record set&quot;  title=&quot;Previous record set&quot; &gt;`pw`0`db`&lt;img src=&quot;images/rcnv_prvset_0.gif&quot; border=&quot;0&quot; space=&quot;0&quot; hspace=&quot;0&quot; alt=&quot;Previous record set&quot;  title=&quot;Previous record set&quot; &gt;`ph`0`ju`6`sq`6997`pan`5`mn`39`ibp`1`crf`8`sdy`0`h`0`iec`1`dft`5`ime`5`dmc`0`t`67`dn`5`fn`5`msz`32`13`0`imp`0`SWEField`s_1_1_14_0`SWENeedContext`true`SWER`65535`SWESP`false`SWEMethod`GotoPreviousSet`SWECmd`InvokeMethod`SWEDIC`false`SWEReqRowId`0`SWEView`BT Consumer - Sales Portal View`SWEC`36`SWEBID`-1`SRN`xK7T2pIB2ZOV15hwlQxQF5reKcoUB8VpMTZr7we8uAEb`SWEApplet`BT Sales Portal Asset Mgmt - Asset XA List Applet`25`1`c`0`pt`5`sp`s_1_1_12_0`dm`7`w`0`n`40`eb`&lt;img src=&quot;images/rcnv_nxtset_1.gif&quot; border=&quot;0&quot; space=&quot;0&quot; hspace=&quot;0&quot; alt=&quot;Next record set&quot;  title=&quot;Next record set&quot; &gt;`pw`0`db`&lt;img src=&quot;images/rcnv_nxtset_0.gif&quot; border=&quot;0&quot; space=&quot;0&quot; hspace=&quot;0&quot; alt=&quot;Next record set&quot;  title=&quot;Next record set&quot; &gt;`ph`0`ju`6`sq`6997`pan`5`mn`40`ibp`1`crf`8`sdy`0`h`0`iec`1`dft`5`ime`5`dmc`0`t`67`dn`5`fn`5`msz`32`13`0`imp`0`SWEField`s_1_1_12_0`SWENeedContext`true`SWER`65535`SWESP`false`SWEMethod`GotoNextSet`SWECmd`InvokeMethod`SWEDIC`false`SWEReqRowId`0`SWEView`BT Consumer - Sales Portal View`SWEC`36`SWEBID`-1`SRN`xK7T2pIB2ZOV15hwlQxQF5reKcoUB8VpMTZr7we8uAEb`SWEApplet`BT Sales Portal Asset Mgmt - Asset XA List Applet`23`1`c`0`pt`5`sp`s_1_1_4_0`dm`7`w`0`n`64`pw`0`ph`0`ju`6`sq`6997`pan`5`mn`20`ibp`1`crf`8`sdy`0`h`0`iec`1`dft`5`ime`5`dmc`0`t`67`dn`652`fn`5`msz`32`17`0`imp`0`SWEField`s_1_1_4_0`SWENeedContext`true`SWER`65535`SWESP`true`SWEMethod`ShowQueryAssistant`SWECmd`InvokeMethod`SWEH`100`SWEDIC`true`SWEReqRowId`0`SWEView`BT Consumer - Sales Portal View`SWEC`36`SWEW`300`SWEM`Edit`SWEBID`-1`SRN`xK7T2pIB2ZOV15hwlQxQF5reKcoUB8VpMTZr7we8uAEb`SWETA`Query Assistant`SWEApplet`BT Sales Portal Asset Mgmt - Asset XA List Applet`23`1`c`0`pt`5`sp`s_1_1_17_0`dm`7`w`0`n`31`pw`0`ph`0`ju`6`sq`6997`pan`5`mn`31`ibp`1`crf`8`sdy`0`h`0`iec`1`dft`5`ime`5`dmc`0`t`67`dn`383`fn`5`msz`32`13`0`imp`0`SWEField`s_1_1_17_0`SWENeedContext`true`SWER`65535`SWESP`false`SWEMethod`WriteRecord`SWECmd`InvokeMethod`SWEDIC`false`SWEReqRowId`1`SWEView`BT Consumer - Sales Portal View`SWEC`36`SWEBID`-1`SRN`xK7T2pIB2ZOV15hwlQxQF5reKcoUB8VpMTZr7we8uAEb`SWEApplet`BT Sales Portal Asset Mgmt - Asset XA List Applet`25`1`c`0`pt`5`sp`s_1_1_3_0`dm`7`w`0`n`310`eb`&lt;img src=&quot;images/row_off_d.gif&quot; border=&quot;0&quot; space=&quot;0&quot; hspace=&quot;0&quot; alt=&quot;Select record&quot;  title=&quot;Select record&quot; &gt;`pw`0`db`&lt;img src=&quot;images/row_on_d.gif&quot; border=&quot;0&quot; space=&quot;0&quot; hspace=&quot;0&quot; alt=&quot;Record selected&quot;  title=&quot;Record selected&quot; &gt;`ph`0`ju`6`sq`6997`pan`5`mn`310`ibp`1`crf`8`sdy`0`h`0`iec`1`dft`5`ime`5`dmc`0`t`67`dn`5`fn`5`msz`32`13`0`imp`0`SWEField`s_1_1_3_0`SWENeedContext`true`SWER`65535`SWESP`false`SWEMethod`PositionOnRow`SWECmd`InvokeMethod`SWEDIC`false`SWEReqRowId`0`SWEView`BT Consumer - Sales Portal View`SWEC`36`SWEBID`-1`SRN`xK7T2pIB2ZOV15hwlQxQF5reKcoUB8VpMTZr7we8uAEb`SWEApplet`BT Sales Portal Asset Mgmt - Asset XA List Applet`25`1`c`0`pt`5`sp`s_1_1_5_0`dm`7`w`0`n`635`eb`&lt;img src=&quot;images/btn_more.gif&quot; border=&quot;0&quot; space=&quot;0&quot; hspace=&quot;0&quot; alt=&quot;Show more&quot;  title=&quot;Show more&quot; &gt;`pw`0`ph`0`ju`6`sq`6997`pan`5`icm`635`mn`635`ibp`1`crf`8`sdy`0`h`0`iec`1`dft`5`ime`5`dmc`0`t`10`dn`5`fn`5`msz`32`13`0`imp`0`SWEField`s_1_1_5_0`SWENeedContext`true`SWER`65535`SWESP`false`SWEMethod`ToggleListRowCount`SWECmd`InvokeMethod`SWEDIC`false`SWEReqRowId`0`SWEView`BT Consumer - Sales Portal View`SWEC`36`SWEBID`-1`SRN`xK7T2pIB2ZOV15hwlQxQF5reKcoUB8VpMTZr7we8uAEb`SWEApplet`BT Sales Portal Asset Mgmt - Asset XA List Applet`1`0`cfm`0`DeleteRecord`IDS_SWE_DELETE_CONFIRM_WARNING`0`2`col`0`25`0`co`0`pt`5`sp`s_1_2_18_`dm`7`w`100`csq`1`n`653`pw`0`ist`1`ph`0`ju`6`sq`6997`pan`5`ibp`1`crf`8`sdy`0`h`0`iec`1`dft`5`cix`0`ime`5`dmc`0`t`4`dn`654`fn`653`msz`100`24`0`co`0`pt`5`sp`s_1_2_19_`dm`7`w`100`csq`1`n`655`pw`0`ph`0`ju`6`sq`6997`pan`5`ibp`1`crf`8`sdy`1`h`0`iec`1`dft`5`cix`1`ime`5`dmc`0`t`4`dn`655`fn`655`msz`255`0`4`pcl`0`2`0`pc`0`allowPC`false`QueryComboBox``2`0`pc`0`allowPC`false`QuerySrchSpec``2`0`pc`0`allowPC`false`AppletTitle``2`0`pco`0`allowPC`false`Value``0`1`nla`0`19`2`ai`3`S_A3`nfi`1`n`BT Consumer Collated Notes List Applet`cud`3*6651*03*6621*03*6631*03*6611*03*6601*03*6591*03*1451*03*6581*0`dqy`1`cik`2*291*02*211*02*221*12*231*12*241*12*251*02*261*02*271*02*281*02*301*02*311*02*321*02*331*02*341*02*351*02*361*12*371*02*381*02*391*02*401*02*411*02*421*02*201*02*431*02*441*12*451*12*461*12*471*02*481*02*491*02*501*02*511*02*521*02*531*02*541*12*551*03*3061*02*561*12*571*0`pf`VER_1.0_~0|Created|100~0|Created By|100~0|Note|100~0|Note Source|100~0|Note Type|100~0|Source Id|100~0|Recent|100`shd`45*BT_Consumer_Collated_Notes_List_Applet_Applet79*srf1592409810_444/bscripts/all/applet_bt_consumer_collated_notes_list_applet.js`rct`10`asq`9`vrn`S_A3`tt`657`inu`1`hmn`1`rsp`false`bnr`0`iem``bci`S_BC3`hlc`3*a_31*11*2`i`3`1`0`cfm`0`DeleteRecord`IDS_SWE_DELETE_CONFIRM_WARNING`0`7`col`0`25`0`co`0`pt`5`sp`s_3_2_6_`dm`7`w`100`csq`1`n`145`pw`0`ist`1`ph`0`ju`6`sq`10997`pan`5`ibp`1`crf`8`sdy`0`h`0`iec`1`dft`5`cix`0`ime`5`dmc`0`t`4`dn`145`fn`145`msz`255`25`0`co`0`pt`5`sp`s_3_2_7_`dm`7`w`100`csq`1`n`658`pw`0`ist`1`ph`0`ju`6`sq`10997`pan`5`ibp`1`crf`8`sdy`0`h`0`iec`1`dft`5`cix`1`ime`5`dmc`0`t`4`dn`658`fn`658`msz`255`24`0`co`0`pt`5`sp`s_3_2_5_`dm`7`w`100`csq`1`n`659`pw`0`ph`0`ju`6`sq`10997`pan`5`ibp`1`crf`8`sdy`0`h`0`iec`1`dft`5`cix`2`ime`5`dmc`0`t`4`dn`659`fn`659`msz`16350`25`0`co`0`pt`5`sp`s_3_2_4_`dm`7`w`100`csq`1`n`660`pw`0`ist`1`ph`0`ju`6`sq`10997`pan`5`ibp`1`crf`8`sdy`0`h`0`iec`1`dft`5`cix`3`ime`5`dmc`0`t`4`dn`660`fn`660`msz`255`25`0`co`0`pt`5`sp`s_3_2_3_`dm`7`w`100`csq`1`n`661`pw`0`ist`1`ph`0`ju`6`sq`10997`pan`5`ibp`1`crf`8`sdy`0`h`0`iec`1`dft`5`cix`4`ime`5`dmc`0`t`4`dn`661`fn`661`msz`255`25`0`co`0`pt`5`sp`s_3_2_1_`dm`7`w`100`csq`1`n`662`pw`0`ist`1`ph`0`ju`6`sq`10997`pan`5`ibp`1`crf`8`sdy`0`h`0`iec`1`dft`5`cix`5`ime`5`dmc`0`t`4`dn`662`fn`662`msz`255`25`0`co`0`pt`5`sp`s_3_2_2_`dm`7`w`100`csq`1`n`663`pw`0`ist`1`ph`0`ju`6`sq`10997`pan`5`ibp`1`crf`8`sdy`0`h`0`iec`1`dft`5`cix`6`ime`5`dmc`0`t`92`dn`663`fn`664`msz`1`0`1`nla`0`19`4`ai`3`S_A4`nfi`1`n`CUT Address Service Point List Applet`cud`3*3651*13*3661*13*3671*13*6671*12*641*13*6351*13*3101*13*1051*13*5871*12*451*12*401*12*391*12*441*12*271*12*311*13*6911*03*6841*03*6851*03*6751*13*6931*13*6881*03*6901*13*6831*13*6961*03*6701*03*6721*03*6811*03*6871*03*1151*03*1611*03*6801*03*6781*0`cik`3*3641*13*6691*12*201*03*6351*13*3101*12*431*02*451*12*401*12*391*02*441*12*271*02*311*12*211*12*221*12*231*12*241*12*251*02*261*12*281*02*291*12*301*12*321*12*331*02*341*12*351*12*361*12*371*02*381*12*411*02*421*12*461*12*471*12*481*02*491*02*501*02*511*02*521*02*531*02*541*12*551*12*561*02*571*1`pf`VER_1.0_~0|Service Point Id|100~0|Install Date|100~0|Status|100~0|Sub Status|100~0|BT High Band Sub-Status|100~0|Service Type|100~0|Product Name|100~0|Uninstall Date|100~0|Exchange Code|100~0|Address Qualifier|100~0|BT Hazard|100~0|Location|100~0|BT Supplier Service Id|100~0|District Code|100~0|Address Nad Key|100~0|BT Installation Type|100`shd`44*CUT_Address_Service_Point_List_Applet_Applet78*srf1592409810_444/bscripts/all/applet_cut_address_service_point_list_applet.js`rct`4`asq`7`ied`1`vrn`S_A4`tt`666`inu`0`hmn`1`rsp`false`bnr`0`iem``bci`S_BC4`hlc`3*a_41*11*2`i`4`0`8`cl`0`23`1`c`0`pt`5`sp`s_4_1_9_0`dm`7`w`0`n`45`pw`0`ph`0`ju`6`sq`8997`pan`5`mn`45`ibp`1`crf`8`sdy`0`h`0`iec`1`dft`5`ime`5`dmc`0`t`67`dn`392`fn`5`msz`32`14`0`imp`0`SWEField`s_4_1_9_0`SWENeedContext`true`SWER`0`SWESP`false`SWERowIds`SWERowId0=3-61EV7QGN,SWERowId1=3-61EV7QFK`SWEMethod`ExecuteQuery`SWECmd`InvokeMethod`SWEDIC`false`SWEReqRowId`0`SWEView`BT Consumer - Sales Portal View`SWEC`36`SWEBID`-1`SRN`xK7T2pIB2ZOV15hwlQxQF5reKcoUB8VpMTZr7we8uAEb`SWEApplet`CUT Address Service Point List Applet`23`1`c`0`pt`5`sp`s_4_1_8_0`dm`7`w`0`n`587`pw`0`ph`0`ju`6`sq`8997`pan`5`mn`43`ibp`1`crf`8`sdy`0`h`0`iec`1`dft`5`ime`5`dmc`0`t`67`dn`393`fn`5`msz`32`14`0`imp`0`SWEField`s_4_1_8_0`SWENeedContext`true`SWER`0`SWESP`false`SWERowIds`SWERowId0=3-61EV7QGN,SWERowId1=3-61EV7QFK`SWEMethod`UndoQuery`SWECmd`InvokeMethod`SWEDIC`false`SWEReqRowId`0`SWEView`BT Consumer - Sales Portal View`SWEC`36`SWEBID`-1`SRN`xK7T2pIB2ZOV15hwlQxQF5reKcoUB8VpMTZr7we8uAEb`SWEApplet`CUT Address Service Point List Applet`23`1`c`0`pt`5`sp`s_4_1_3_0`dm`7`w`0`n`667`pw`0`ph`0`ju`6`sq`8997`pan`5`mn`669`ibp`1`crf`8`sdy`0`h`0`iec`1`dft`5`ime`5`dmc`0`t`67`dn`668`fn`5`msz`32`14`0`imp`0`SWEField`s_4_1_3_0`SWENeedContext`true`SWER`0`SWESP`false`SWERowIds`SWERowId0=3-61EV7QGN,SWERowId1=3-61EV7QFK`SWEMethod`FetchORNADKey`SWECmd`InvokeMethod`SWEDIC`false`SWEReqRowId`0`SWEView`BT Consumer - Sales Portal View`SWEC`36`SWEBID`-1`SRN`xK7T2pIB2ZOV15hwlQxQF5reKcoUB8VpMTZr7we8uAEb`SWEApplet`CUT Address Service Point List Applet`25`1`c`0`pt`5`sp`s_4_1_11_0`dm`7`w`0`n`39`eb`&lt;img src=&quot;images/rcnv_prvset_1.gif&quot; border=&quot;0&quot; space=&quot;0&quot; hspace=&quot;0&quot; alt=&quot;Previous record set&quot;  title=&quot;Previous record set&quot; &gt;`pw`0`db`&lt;img src=&quot;images/rcnv_prvset_0.gif&quot; border=&quot;0&quot; space=&quot;0&quot; hspace=&quot;0&quot; alt=&quot;Previous record set&quot;  title=&quot;Previous record set&quot; &gt;`ph`0`ju`6`sq`8997`pan`5`mn`39`ibp`1`crf`8`sdy`0`h`0`iec`1`dft`5`ime`5`dmc`0`t`67`dn`5`fn`5`msz`32`14`0`imp`0`SWEField`s_4_1_11_0`SWENeedContext`true`SWER`0`SWESP`false`SWERowIds`SWERowId0=3-61EV7QGN,SWERowId1=3-61EV7QFK`SWEMethod`GotoPreviousSet`SWECmd`InvokeMethod`SWEDIC`false`SWEReqRowId`0`SWEView`BT Consumer - Sales Portal View`SWEC`36`SWEBID`-1`SRN`xK7T2pIB2ZOV15hwlQxQF5reKcoUB8VpMTZr7we8uAEb`SWEApplet`CUT Address Service Point List Applet`25`1`c`0`pt`5`sp`s_4_1_10_0`dm`7`w`0`n`40`eb`&lt;img src=&quot;images/rcnv_nxtset_1.gif&quot; border=&quot;0&quot; space=&quot;0&quot; hspace=&quot;0&quot; alt=&quot;Next record set&quot;  title=&quot;Next record set&quot; &gt;`pw`0`db`&lt;img src=&quot;images/rcnv_nxtset_0.gif&quot; border=&quot;0&quot; space=&quot;0&quot; hspace=&quot;0&quot; alt=&quot;Next record set&quot;  title=&quot;Next record set&quot; &gt;`ph`0`ju`6`sq`8997`pan`5`mn`40`ibp`1`crf`8`sdy`0`h`0`iec`1`dft`5`ime`5`dmc`0`t`67`dn`5`fn`5`msz`32`14`0`imp`0`SWEField`s_4_1_10_0`SWENeedContext`true`SWER`0`SWESP`false`SWERowIds`SWERowId0=3-61EV7QGN,SWERowId1=3-61EV7QFK`SWEMethod`GotoNextSet`SWECmd`InvokeMethod`SWEDIC`false`SWEReqRowId`0`SWEView`BT Consumer - Sales Portal View`SWEC`36`SWEBID`-1`SRN`xK7T2pIB2ZOV15hwlQxQF5reKcoUB8VpMTZr7we8uAEb`SWEApplet`CUT Address Service Point List Applet`23`1`c`0`pt`5`sp`s_4_1_4_0`dm`7`w`0`n`64`pw`0`ph`0`ju`6`sq`8997`pan`5`mn`20`ibp`1`crf`8`sdy`0`h`0`iec`1`dft`5`ime`5`dmc`0`t`67`dn`652`fn`5`msz`32`18`0`imp`0`SWEField`s_4_1_4_0`SWENeedContext`true`SWER`0`SWESP`true`SWERowIds`SWERowId0=3-61EV7QGN,SWERowId1=3-61EV7QFK`SWEMethod`ShowQueryAssistant`SWECmd`InvokeMethod`SWEH`100`SWEDIC`true`SWEReqRowId`0`SWEView`BT Consumer - Sales Portal View`SWEC`36`SWEW`300`SWEM`Edit`SWEBID`-1`SRN`xK7T2pIB2ZOV15hwlQxQF5reKcoUB8VpMTZr7we8uAEb`SWETA`Query Assistant`SWEApplet`CUT Address Service Point List Applet`23`1`c`0`pt`5`sp`s_4_1_14_0`dm`7`w`0`n`31`pw`0`ph`0`ju`6`sq`8997`pan`5`mn`31`ibp`1`crf`8`sdy`0`h`0`iec`1`dft`5`ime`5`dmc`0`t`67`dn`383`fn`5`msz`32`14`0`imp`0`SWEField`s_4_1_14_0`SWENeedContext`true`SWER`0`SWESP`false`SWERowIds`SWERowId0=3-61EV7QGN,SWERowId1=3-61EV7QFK`SWEMethod`WriteRecord`SWECmd`InvokeMethod`SWEDIC`false`SWEReqRowId`1`SWEView`BT Consumer - Sales Portal View`SWEC`36`SWEBID`-1`SRN`xK7T2pIB2ZOV15hwlQxQF5reKcoUB8VpMTZr7we8uAEb`SWEApplet`CUT Address Service Point List Applet`25`1`c`0`pt`5`sp`s_4_1_6_0`dm`7`w`0`n`310`eb`&lt;img src=&quot;images/row_off_d.gif&quot; border=&quot;0&quot; space=&quot;0&quot; hspace=&quot;0&quot; alt=&quot;Select record&quot;  title=&quot;Select record&quot; &gt;`pw`0`db`&lt;img src=&quot;images/row_on_d.gif&quot; border=&quot;0&quot; space=&quot;0&quot; hspace=&quot;0&quot; alt=&quot;Record selected&quot;  title=&quot;Record selected&quot; &gt;`ph`0`ju`6`sq`8997`pan`5`mn`310`ibp`1`crf`8`sdy`0`h`0`iec`1`dft`5`ime`5`dmc`0`t`67`dn`5`fn`5`msz`32`14`0`imp`0`SWEField`s_4_1_6_0`SWENeedContext`true`SWER`0`SWESP`false`SWERowIds`SWERowId0=3-61EV7QGN,SWERowId1=3-61EV7QFK`SWEMethod`PositionOnRow`SWECmd`InvokeMethod`SWEDIC`false`SWEReqRowId`0`SWEView`BT Consumer - Sales Portal View`SWEC`36`SWEBID`-1`SRN`xK7T2pIB2ZOV15hwlQxQF5reKcoUB8VpMTZr7we8uAEb`SWEApplet`CUT Address Service Point List Applet`1`0`cfm`0`DeleteRecord`IDS_SWE_DELETE_CONFIRM_WARNING`0`16`col`0`25`0`co`0`pt`5`sp`s_4_2_24_`dm`7`w`100`csq`1`n`670`pw`0`ist`1`ph`0`ju`6`sq`8997`pan`5`ibp`1`crf`8`sdy`0`h`0`iec`1`dft`5`cix`0`ime`5`dmc`0`t`4`dn`671`fn`670`msz`100`24`0`co`0`pt`5`sp`s_4_2_25_`dm`7`w`100`n`672`pw`0`ist`1`ph`0`ju`6`sq`8997`pan`5`ibp`1`crf`8`sdy`0`h`0`iec`1`dft`5`cix`1`ime`5`dmc`0`t`163`dn`672`fn`672`msz`255`25`0`co`0`pt`5`sp`s_4_2_28_`dm`7`w`100`csq`1`n`115`pw`0`ist`1`ph`0`ju`6`sq`8997`pan`673`ibp`1`crf`8`sdy`0`h`0`iec`1`dft`5`cix`2`ime`5`dmc`0`t`116`dn`115`fn`115`msz`30`25`0`co`0`pt`5`sp`s_4_2_29_`dm`7`w`100`csq`1`n`161`pw`0`ist`1`ph`0`ju`6`sq`8997`pan`5`ibp`1`crf`8`sdy`0`h`0`iec`1`dft`5`cix`3`ime`5`dmc`0`t`116`dn`674`fn`152`msz`30`25`0`co`0`pt`5`sp`s_4_2_18_`dm`7`w`100`csq`1`n`675`pw`0`ist`1`ph`0`ju`6`sq`8997`pan`677`ibp`1`crf`8`sdy`0`h`0`iec`1`dft`5`cix`4`ime`5`dmc`0`t`116`dn`676`fn`675`msz`30`25`0`co`0`pt`5`sp`s_4_2_31_`dm`7`w`100`csq`1`n`678`pw`0`ist`1`ph`0`ju`6`sq`8997`pan`679`ibp`1`crf`8`sdy`0`h`0`iec`1`dft`5`cix`5`ime`5`dmc`0`t`116`dn`678`fn`678`msz`30`27`0`co`0`pt`5`sp`s_4_2_30_`dm`7`w`100`csq`1`n`680`pw`300`pat`Pick`ist`1`ph`100`ju`6`sq`8997`ied`1`pan`5`ibp`1`crf`8`sdy`0`h`0`iec`1`dft`5`cix`6`ime`5`dmc`0`t`4`dn`140`fn`680`msz`100`24`0`co`0`pt`5`sp`s_4_2_26_`dm`7`w`100`n`681`pw`0`ist`1`ph`0`ju`6`sq`8997`pan`5`ibp`1`crf`8`sdy`0`h`0`iec`1`dft`5`cix`7`ime`5`dmc`0`t`163`dn`682`fn`681`msz`255`25`0`co`0`pt`5`sp`s_4_2_22_`dm`7`w`100`csq`1`n`683`pw`0`ist`1`ph`0`ju`6`sq`8997`pan`5`ibp`1`crf`8`sdy`0`h`0`iec`1`dft`5`cix`8`ime`5`dmc`0`t`4`dn`683`fn`683`msz`30`25`0`co`0`pt`5`sp`s_4_2_16_`dm`7`w`100`csq`1`n`684`pw`0`ist`1`ph`0`ju`6`sq`8997`pan`5`ibp`1`crf`8`sdy`0`h`0`iec`1`dft`5`cix`9`ime`5`dmc`0`t`4`dn`684`fn`684`msz`30`25`0`co`0`pt`5`sp`s_4_2_17_`dm`7`w`100`csq`1`n`685`pw`0`ist`1`ph`0`ju`6`sq`8997`pan`5`ibp`1`crf`8`sdy`0`h`0`iec`1`dft`5`cix`10`ime`5`dmc`0`t`122`dn`686`fn`685`msz`100`25`0`co`0`pt`5`sp`s_4_2_27_`dm`7`w`100`csq`1`n`687`pw`0`ist`1`ph`0`ju`6`sq`8997`pan`5`ibp`1`crf`8`sdy`0`h`0`iec`1`dft`5`cix`11`ime`5`dmc`0`t`4`dn`687`fn`687`msz`50`25`0`co`0`pt`5`sp`s_4_2_20_`dm`7`w`100`csq`1`n`688`pw`0`ist`1`ph`0`ju`6`sq`8997`pan`5`ibp`1`crf`8`sdy`0`h`0`iec`1`dft`5`cix`12`ime`5`dmc`0`t`4`dn`689`fn`688`msz`50`25`0`co`0`pt`5`sp`s_4_2_21_`dm`7`w`100`csq`1`n`690`pw`0`ist`1`ph`0`ju`6`sq`8997`pan`5`ibp`1`crf`8`sdy`0`h`0`iec`1`dft`5`cix`13`ime`5`dmc`0`t`4`dn`690`fn`690`msz`30`25`0`co`0`pt`5`sp`s_4_2_15_`dm`7`w`100`csq`1`n`691`pw`0`ist`1`ph`0`ju`6`sq`8997`pan`5`ibp`1`crf`8`sdy`0`h`0`iec`1`dft`5`cix`14`ime`5`dmc`0`t`4`dn`692`fn`691`msz`30`25`0`co`0`pt`5`sp`s_4_2_19_`dm`7`w`100`csq`1`n`693`pw`0`ist`1`ph`0`ju`6`sq`8997`pan`695`ibp`1`crf`8`sdy`0`h`0`iec`1`dft`5`cix`15`ime`5`dmc`0`t`116`dn`694`fn`693`msz`30`0`2`pcl`0`2`0`pc`0`allowPC`false`QueryComboBox``2`0`pc`0`allowPC`false`QuerySrchSpec``0`1`na`0`18`2`ai`3`S_A5`nfi`1`n`BT Techcheck Form Applet - Portal`cud`3*3571*13*4251*03*5731*13*7011*13*7031*13*7061*13*6711*03*6981*13*3121*13*4781*13*4791*13*4801*13*7081*13*2441*13*3061*12*451*12*401*12*391*12*441*12*291*13*3101*12*641*12*431*12*271*12*311*1`dqy`1`cik`3*6991*12*291*02*281*02*301*02*271*03*3061*02*451*02*401*12*391*02*441*03*3101*12*201*02*431*02*311*12*211*12*221*12*231*12*241*12*251*02*261*02*321*02*331*12*341*02*351*02*361*02*371*02*381*12*411*02*421*12*461*02*471*12*481*02*491*02*501*02*511*02*521*02*531*02*541*12*551*12*561*02*571*1`shd`39*BT_Techcheck_Form_Applet__Portal_Applet73*srf1592409810_444/bscripts/all/applet_bt_techcheck_form_applet__portal.js`asq`6`ied`1`vrn`S_A5`tt`697`inu`0`hmn`1`rsp`false`bnr`0`iem``bci`S_BC5`hlc`3*a_51*11*2`i`5`0`10`cl`0`23`1`c`0`pt`5`sp`s_5_1_7_0`dm`7`w`0`n`698`pw`0`ph`0`ju`6`sq`7997`pan`5`mn`699`ibp`1`crf`8`sdy`0`h`0`iec`1`dft`5`ime`5`dmc`0`t`67`dn`698`fn`5`msz`32`18`0`imp`0`SWEField`s_5_1_7_0`SWENeedContext`true`SWER`0`SWESP`true`SWERowIds`SWERowId0=3-61EV7QGN`SWEMethod`ShowPopup`SWECmd`InvokeMethod`SWEH`100`SWEDIC`true`SWEReqRowId`0`SWEView`BT Consumer - Sales Portal View`SWEC`36`SWEW`300`SWEM`Edit List`SWEBID`-1`SRN`xK7T2pIB2ZOV15hwlQxQF5reKcoUB8VpMTZr7we8uAEb`SWETA`BT Address Returned from Address Match`SWEApplet`BT Techcheck Form Applet - Portal`23`1`c`0`pt`5`sp`s_5_1_17_0`dm`7`w`0`n`39`pw`0`ph`0`ju`6`sq`7997`pan`5`mn`39`ibp`1`crf`8`sdy`0`h`0`iec`1`dft`5`ime`5`dmc`0`t`67`dn`381`fn`5`msz`32`14`0`imp`0`SWEField`s_5_1_17_0`SWENeedContext`true`SWER`0`SWESP`false`SWERowIds`SWERowId0=3-61EV7QGN`SWEMethod`GotoPreviousSet`SWECmd`InvokeMethod`SWEDIC`false`SWEReqRowId`0`SWEView`BT Consumer - Sales Portal View`SWEC`36`SWEBID`-1`SRN`xK7T2pIB2ZOV15hwlQxQF5reKcoUB8VpMTZr7we8uAEb`SWEApplet`BT Techcheck Form Applet - Portal`23`1`c`0`pt`5`sp`s_5_1_16_0`dm`7`w`0`n`40`pw`0`ph`0`ju`6`sq`7997`pan`5`mn`40`ibp`1`crf`8`sdy`0`h`0`iec`1`dft`5`ime`5`dmc`0`t`67`dn`382`fn`5`msz`32`14`0`imp`0`SWEField`s_5_1_16_0`SWENeedContext`true`SWER`0`SWESP`false`SWERowIds`SWERowId0=3-61EV7QGN`SWEMethod`GotoNextSet`SWECmd`InvokeMethod`SWEDIC`false`SWEReqRowId`0`SWEView`BT Consumer - Sales Portal View`SWEC`36`SWEBID`-1`SRN`xK7T2pIB2ZOV15hwlQxQF5reKcoUB8VpMTZr7we8uAEb`SWEApplet`BT Techcheck Form Applet - Portal`23`1`c`0`pt`5`sp`s_5_1_21_0`dm`7`w`0`n`64`pw`0`ph`0`ju`6`sq`7997`pan`5`mn`20`ibp`1`crf`8`sdy`0`h`0`iec`1`dft`5`ime`5`dmc`0`t`67`dn`652`fn`5`msz`32`16`0`imp`0`SWEField`s_5_1_21_0`SWENeedContext`true`SWER`0`SWESP`true`SWERowIds`SWERowId0=3-61EV7QGN`SWEMethod`ShowQueryAssistant`SWECmd`InvokeMethod`SWEH`0`SWEDIC`true`SWEReqRowId`0`SWEView`BT Consumer - Sales Portal View`SWEC`36`SWEW`0`SWEBID`-1`SRN`xK7T2pIB2ZOV15hwlQxQF5reKcoUB8VpMTZr7we8uAEb`SWEApplet`BT Techcheck Form Applet - Portal`24`0`c`0`pt`5`sp`s_5_1_13_0`dm`7`w`0`csq`1`n`244`pw`300`pat`Pick`ph`100`ju`6`sq`7997`ied`1`pan`5`crf`8`sdy`0`h`0`iec`1`dft`5`ime`5`dmc`0`t`4`dn`244`fn`700`msz`20`23`0`c`0`pt`5`sp`s_5_1_3_0`dm`7`w`0`csq`1`n`701`pw`0`ph`0`ju`6`sq`7997`pan`702`ibp`1`crf`8`sdy`0`h`0`iec`1`dft`5`ime`5`dmc`0`t`116`dn`701`fn`701`msz`50`22`0`c`0`pt`5`sp`s_5_1_4_0`dm`7`w`0`csq`1`n`703`pw`0`ph`0`ju`6`sq`7997`pan`705`crf`8`sdy`0`h`0`iec`1`dft`5`ime`5`dmc`0`t`116`dn`703`fn`704`msz`100`23`0`c`0`pt`5`sp`s_5_1_5_0`dm`7`w`0`csq`1`n`706`pw`0`ph`0`ju`6`sq`7997`pan`5`ibp`1`crf`8`sdy`0`h`0`iec`1`dft`5`ime`5`dmc`0`t`4`dn`706`fn`707`msz`50`25`0`c`0`pt`5`sp`s_5_1_2_0`dm`7`w`0`csq`1`n`573`pw`300`pat`Pick`ph`100`ju`6`sq`7997`ied`1`pan`5`ibp`1`crf`8`sdy`0`h`0`iec`1`dft`5`ime`5`dmc`0`t`4`dn`573`fn`573`msz`30`23`0`c`0`pt`5`sp`s_5_1_1_0`dm`69`w`120`csq`1`n`425`pw`0`ph`0`ju`6`sq`7997`pan`5`ibp`1`crf`8`sdy`0`h`90`iec`1`dft`5`ime`5`dmc`0`t`4`dn`425`fn`425`msz`255`1`0`cfm`0`DeleteRecord`IDS_SWE_DELETE_CONFIRM_WARNING`0`1`nla`0`18`4`ai`3`S_A6`nfi`1`n`BT Payment List Applet`cud`3*7601*13*3651*13*3661*13*3671*12*641*13*6351*13*7101*12*121*13*1051*12*451*12*401*12*391*12*441*13*3101*12*431*13*7121*13*7611*03*7401*03*7541*03*7171*03*7301*03*7421*03*7481*03*7281*03*7341*03*7251*03*7441*03*7151*03*7471*03*7491*03*7511*03*7381*03*7181*03*7621*03*7561*03*1821*03*7211*03*7331*03*7201*03*7571*03*7231*03*7191*03*7391*03*7521*0`cik`3*7591*03*3641*12*201*03*6351*13*6991*12*451*12*401*02*391*02*441*13*3101*02*431*03*7141*12*211*02*221*12*231*12*241*12*251*02*261*02*271*02*281*02*291*02*301*02*311*02*321*02*331*02*341*02*351*02*361*12*371*02*381*02*411*02*421*02*461*12*471*02*481*02*491*02*501*02*511*02*521*02*531*02*541*12*551*02*561*12*571*0`pf`VER_1.0_~0|BT Payment Date|100~0|BT Authorization Date|100~0|Transaction Time|100~0|Payment Type|100~0|Transaction Amount|100~0|Payment Status|100~0|BT Paybcak Date|100~0|BT Desired Pay Date|100~0|BT Authorization Timed out|100~0|Payment Method|100~0|BT Payback Amount|100~0|Account Name|100~0|Actual Charge|100~0|Authorization Code|100~0|Authorization Date|100~0|BT Card Owner Confirmed|100~0|BT Credit Check Message|100~0|BT Payment Category|100~0|BT Product Name|100~0|BT Description|100~0|BT Transaction Status|100~0|Currency Code|100~0|AVS Match|100~0|BT Paid Amount|100~0|Transaction Message|100~0|Transaction Type|100`shd`29*BT_Payment_List_Applet_Applet63*srf1592409810_444/bscripts/all/applet_bt_payment_list_applet.js`rct`3`asq`8`vrn`S_A6`tt`709`inu`0`hmn`1`rsp`false`bnr`0`iem``bci`S_BC6`hlc`3*a_61*11*2`i`6`0`8`cl`0`23`1`c`0`pt`5`sp`s_6_1_12_0`dm`7`w`0`n`44`pw`0`ph`0`ju`6`sq`9997`pan`5`mn`44`ibp`1`crf`8`sdy`0`h`0`iec`1`dft`5`ime`5`dmc`0`t`67`dn`530`fn`5`msz`32`13`0`imp`0`SWEField`s_6_1_12_0`SWENeedContext`true`SWER`65535`SWESP`false`SWEMethod`NewQuery`SWECmd`InvokeMethod`SWEDIC`false`SWEReqRowId`0`SWEView`BT Consumer - Sales Portal View`SWEC`36`SWEBID`-1`SRN`xK7T2pIB2ZOV15hwlQxQF5reKcoUB8VpMTZr7we8uAEb`SWEApplet`BT Payment List Applet`23`1`c`0`pt`5`sp`s_6_1_6_0`dm`7`w`0`n`710`pw`0`ph`0`ju`6`sq`9997`pan`5`mn`699`ibp`1`crf`8`sdy`0`h`0`iec`1`dft`5`ime`5`dmc`0`t`67`dn`711`fn`5`msz`32`17`0`imp`0`SWEField`s_6_1_6_0`SWENeedContext`true`SWER`65535`SWESP`true`SWEMethod`ShowPopup`SWECmd`InvokeMethod`SWEH`100`SWEDIC`true`SWEReqRowId`0`SWEView`BT Consumer - Sales Portal View`SWEC`36`SWEW`300`SWEM`Base`SWEBID`-1`SRN`xK7T2pIB2ZOV15hwlQxQF5reKcoUB8VpMTZr7we8uAEb`SWETA`Payment History Popup List Applet`SWEApplet`BT Payment List Applet`25`1`c`0`pt`5`sp`s_6_1_11_0`dm`7`w`0`n`39`eb`&lt;img src=&quot;images/rcnv_prvset_1.gif&quot; border=&quot;0&quot; space=&quot;0&quot; hspace=&quot;0&quot; alt=&quot;Previous record set&quot;  title=&quot;Previous record set&quot; &gt;`pw`0`db`&lt;img src=&quot;images/rcnv_prvset_0.gif&quot; border=&quot;0&quot; space=&quot;0&quot; hspace=&quot;0&quot; alt=&quot;Previous record set&quot;  title=&quot;Previous record set&quot; &gt;`ph`0`ju`6`sq`9997`pan`5`mn`39`ibp`1`crf`8`sdy`0`h`0`iec`1`dft`5`ime`5`dmc`0`t`67`dn`5`fn`5`msz`32`13`0`imp`0`SWEField`s_6_1_11_0`SWENeedContext`true`SWER`65535`SWESP`false`SWEMethod`GotoPreviousSet`SWECmd`InvokeMethod`SWEDIC`false`SWEReqRowId`0`SWEView`BT Consumer - Sales Portal View`SWEC`36`SWEBID`-1`SRN`xK7T2pIB2ZOV15hwlQxQF5reKcoUB8VpMTZr7we8uAEb`SWEApplet`BT Payment List Applet`25`1`c`0`pt`5`sp`s_6_1_10_0`dm`7`w`0`n`40`eb`&lt;img src=&quot;images/rcnv_nxtset_1.gif&quot; border=&quot;0&quot; space=&quot;0&quot; hspace=&quot;0&quot; alt=&quot;Next record set&quot;  title=&quot;Next record set&quot; &gt;`pw`0`db`&lt;img src=&quot;images/rcnv_nxtset_0.gif&quot; border=&quot;0&quot; space=&quot;0&quot; hspace=&quot;0&quot; alt=&quot;Next record set&quot;  title=&quot;Next record set&quot; &gt;`ph`0`ju`6`sq`9997`pan`5`mn`40`ibp`1`crf`8`sdy`0`h`0`iec`1`dft`5`ime`5`dmc`0`t`67`dn`5`fn`5`msz`32`13`0`imp`0`SWEField`s_6_1_10_0`SWENeedContext`true`SWER`65535`SWESP`false`SWEMethod`GotoNextSet`SWECmd`InvokeMethod`SWEDIC`false`SWEReqRowId`0`SWEView`BT Consumer - Sales Portal View`SWEC`36`SWEBID`-1`SRN`xK7T2pIB2ZOV15hwlQxQF5reKcoUB8VpMTZr7we8uAEb`SWEApplet`BT Payment List Applet`23`1`c`0`pt`5`sp`s_6_1_4_0`dm`7`w`0`n`64`pw`0`ph`0`ju`6`sq`9997`pan`5`mn`20`ibp`1`crf`8`sdy`0`h`0`iec`1`dft`5`ime`5`dmc`0`t`67`dn`652`fn`5`msz`32`17`0`imp`0`SWEField`s_6_1_4_0`SWENeedContext`true`SWER`65535`SWESP`true`SWEMethod`ShowQueryAssistant`SWECmd`InvokeMethod`SWEH`100`SWEDIC`true`SWEReqRowId`0`SWEView`BT Consumer - Sales Portal View`SWEC`36`SWEW`300`SWEM`Edit`SWEBID`-1`SRN`xK7T2pIB2ZOV15hwlQxQF5reKcoUB8VpMTZr7we8uAEb`SWETA`Query Assistant`SWEApplet`BT Payment List Applet`23`1`c`0`pt`5`sp`s_6_1_15_0`dm`7`w`0`n`712`pw`0`ph`0`ju`6`sq`9997`pan`5`mn`714`ibp`1`crf`8`sdy`0`h`0`iec`1`dft`5`ime`5`dmc`0`t`67`dn`713`fn`5`msz`32`13`0`imp`0`SWEField`s_6_1_15_0`SWENeedContext`true`SWER`65535`SWESP`false`SWEMethod`CreatePayments`SWECmd`InvokeMethod`SWEDIC`false`SWEReqRowId`0`SWEView`BT Consumer - Sales Portal View`SWEC`36`SWEBID`-1`SRN`xK7T2pIB2ZOV15hwlQxQF5reKcoUB8VpMTZr7we8uAEb`SWEApplet`BT Payment List Applet`25`1`c`0`pt`5`sp`s_6_1_13_0`dm`7`w`0`n`310`eb`&lt;img src=&quot;images/row_off_d.gif&quot; border=&quot;0&quot; space=&quot;0&quot; hspace=&quot;0&quot; alt=&quot;Select record&quot;  title=&quot;Select record&quot; &gt;`pw`0`db`&lt;img src=&quot;images/row_on_d.gif&quot; border=&quot;0&quot; space=&quot;0&quot; hspace=&quot;0&quot; alt=&quot;Record selected&quot;  title=&quot;Record selected&quot; &gt;`ph`0`ju`6`sq`9997`pan`5`mn`310`ibp`1`crf`8`sdy`0`h`0`iec`1`dft`5`ime`5`dmc`0`t`67`dn`5`fn`5`msz`32`13`0`imp`0`SWEField`s_6_1_13_0`SWENeedContext`true`SWER`65535`SWESP`false`SWEMethod`PositionOnRow`SWECmd`InvokeMethod`SWEDIC`false`SWEReqRowId`0`SWEView`BT Consumer - Sales Portal View`SWEC`36`SWEBID`-1`SRN`xK7T2pIB2ZOV15hwlQxQF5reKcoUB8VpMTZr7we8uAEb`SWEApplet`BT Payment List Applet`25`1`c`0`pt`5`sp`s_6_1_5_0`dm`7`w`0`n`635`eb`&lt;img src=&quot;images/btn_more.gif&quot; border=&quot;0&quot; space=&quot;0&quot; hspace=&quot;0&quot; alt=&quot;Show more&quot;  title=&quot;Show more&quot; &gt;`pw`0`ph`0`ju`6`sq`9997`pan`5`icm`635`mn`635`ibp`1`crf`8`sdy`0`h`0`iec`1`dft`5`ime`5`dmc`0`t`10`dn`5`fn`5`msz`32`13`0`imp`0`SWEField`s_6_1_5_0`SWENeedContext`true`SWER`65535`SWESP`false`SWEMethod`ToggleListRowCount`SWECmd`InvokeMethod`SWEDIC`false`SWEReqRowId`0`SWEView`BT Consumer - Sales Portal View`SWEC`36`SWEBID`-1`SRN`xK7T2pIB2ZOV15hwlQxQF5reKcoUB8VpMTZr7we8uAEb`SWEApplet`BT Payment List Applet`1`0`cfm`0`DeleteRecord`IDS_SWE_DELETE_CONFIRM_WARNING`0`26`col`0`24`0`co`0`pt`5`sp`s_6_2_27_`dm`7`w`100`n`715`pw`0`ist`1`ph`0`ju`6`sq`9997`pan`5`ibp`1`crf`8`sdy`0`h`0`iec`1`dft`5`cix`0`ime`5`dmc`0`t`4`dn`716`fn`716`msz`255`24`0`co`0`pt`5`sp`s_6_2_19_`dm`7`w`100`n`717`pw`0`ist`1`ph`0`ju`6`sq`9997`pan`5`ibp`1`crf`8`sdy`0`h`0`iec`1`dft`5`cix`1`ime`5`dmc`0`t`4`dn`718`fn`718`msz`255`24`0`co`0`pt`5`sp`s_6_2_41_`dm`7`w`100`n`719`pw`0`ist`1`ph`0`ju`6`sq`9997`pan`5`ibp`1`crf`8`sdy`0`h`0`iec`1`dft`5`cix`2`ime`5`dmc`0`t`163`dn`719`fn`719`msz`255`27`0`co`0`pt`5`sp`s_6_2_38_`dm`7`w`100`csq`1`n`720`pw`300`pat`Pick`ist`1`ph`100`ju`6`sq`9997`ied`1`pan`5`ibp`1`crf`8`sdy`0`h`0`iec`1`dft`5`cix`3`ime`5`dmc`0`t`116`dn`720`fn`720`msz`30`24`0`co`0`pt`5`sp`s_6_2_36_`dm`7`w`100`n`721`pw`0`ist`1`ph`0`ju`6`sq`9997`pan`5`ibp`1`crf`722`sdy`0`h`0`iec`1`dft`5`cix`4`ime`5`dmc`0`t`4`dn`721`fn`721`msz`25`25`0`co`0`pt`5`sp`s_6_2_40_`dm`7`w`100`csq`1`n`723`pw`0`ist`1`ph`0`ju`6`sq`9997`pan`724`ibp`1`crf`8`sdy`0`h`0`iec`1`dft`5`cix`5`ime`5`dmc`0`t`116`dn`723`fn`723`msz`30`24`0`co`0`pt`5`sp`s_6_2_25_`dm`7`w`100`n`725`pw`0`ist`1`ph`0`ju`6`sq`9997`pan`5`ibp`1`crf`8`sdy`0`h`0`iec`1`dft`5`cix`6`ime`5`dmc`0`t`4`dn`726`fn`727`msz`255`24`0`co`0`pt`5`sp`s_6_2_23_`dm`7`w`100`n`728`pw`0`ist`1`ph`0`ju`6`sq`9997`pan`5`ibp`1`crf`8`sdy`0`h`0`iec`1`dft`5`cix`7`ime`5`dmc`0`t`4`dn`729`fn`729`msz`255`23`0`co`0`pt`5`sp`s_6_2_20_`dm`7`w`100`n`730`pw`0`ph`0`ju`6`sq`9997`pan`5`ibp`1`crf`8`sdy`0`h`0`iec`1`dft`5`cix`8`ime`5`dmc`0`t`4`dn`731`fn`732`msz`1`25`0`co`0`pt`5`sp`s_6_2_37_`dm`7`w`100`csq`1`n`733`pw`0`ist`1`ph`0`ju`6`sq`9997`pan`5`ibp`1`crf`8`sdy`0`h`0`iec`1`dft`5`cix`9`ime`5`dmc`0`t`116`dn`733`fn`733`msz`30`24`0`co`0`pt`5`sp`s_6_2_24_`dm`7`w`100`n`734`pw`0`ist`1`ph`0`ju`6`sq`9997`pan`5`ibp`1`crf`8`sdy`0`h`0`iec`1`dft`5`cix`10`ime`5`dmc`0`t`735`dn`736`fn`734`msz`25`25`0`co`0`pt`5`sp`s_6_2_35_`dm`7`w`100`csq`1`n`182`pw`0`ist`1`ph`0`ju`6`sq`9997`pan`5`ibp`1`crf`8`sdy`0`h`0`iec`1`dft`5`cix`11`ime`5`dmc`0`t`4`dn`182`fn`737`msz`100`24`0`co`0`pt`5`sp`s_6_2_31_`dm`7`w`100`n`738`pw`0`ist`1`ph`0`ju`6`sq`9997`pan`5`ibp`1`crf`8`sdy`0`h`0`iec`1`dft`5`cix`12`ime`5`dmc`0`t`4`dn`738`fn`738`msz`18`25`0`co`0`pt`5`sp`s_6_2_42_`dm`7`w`100`csq`1`n`739`pw`0`ist`1`ph`0`ju`6`sq`9997`pan`5`ibp`1`crf`8`sdy`0`h`0`iec`1`dft`5`cix`13`ime`5`dmc`0`t`4`dn`739`fn`739`msz`40`24`0`co`0`pt`5`sp`s_6_2_32_`dm`7`w`100`n`718`pw`0`ist`1`ph`0`ju`6`sq`9997`pan`5`ibp`1`crf`8`sdy`0`h`0`iec`1`dft`5`cix`14`ime`5`dmc`0`t`163`dn`718`fn`718`msz`255`24`0`co`0`pt`5`sp`s_6_2_17_`dm`7`w`100`n`740`pw`0`ist`1`ph`0`ju`6`sq`9997`pan`5`ibp`1`crf`8`sdy`0`h`0`iec`1`dft`5`cix`15`ime`5`dmc`0`t`92`dn`741`fn`740`msz`1`25`0`co`0`pt`5`sp`s_6_2_21_`dm`7`w`100`csq`1`n`742`pw`0`ist`1`ph`0`ju`6`sq`9997`pan`5`ibp`1`crf`8`sdy`0`h`0`iec`1`dft`5`cix`16`ime`5`dmc`0`t`4`dn`743`fn`743`msz`250`25`0`co`0`pt`5`sp`s_6_2_26_`dm`7`w`100`csq`1`n`744`pw`0`ist`1`ph`0`ju`6`sq`9997`pan`746`ibp`1`crf`8`sdy`0`h`0`iec`1`dft`5`cix`17`ime`5`dmc`0`t`116`dn`745`fn`744`msz`30`27`0`co`0`pt`5`sp`s_6_2_28_`dm`7`w`100`csq`1`n`747`pw`300`pat`Pick`ist`1`ph`100`ju`6`sq`9997`ied`1`pan`5`ibp`1`crf`8`sdy`0`h`0`iec`1`dft`5`cix`18`ime`5`dmc`0`t`4`dn`680`fn`747`msz`100`25`0`co`0`pt`5`sp`s_6_2_22_`dm`7`w`100`csq`1`n`748`pw`0`ist`1`ph`0`ju`6`sq`9997`pan`5`ibp`1`crf`8`sdy`0`h`0`iec`1`dft`5`cix`19`ime`5`dmc`0`t`4`dn`121`fn`121`msz`255`24`0`co`0`pt`5`sp`s_6_2_29_`dm`7`w`100`csq`1`n`749`pw`0`ph`0`ju`6`sq`9997`pan`5`ibp`1`crf`8`sdy`0`h`0`iec`1`dft`5`cix`20`ime`5`dmc`0`t`4`dn`750`fn`749`msz`255`25`0`co`0`pt`5`sp`s_6_2_30_`dm`7`w`100`csq`1`n`751`pw`0`ist`1`ph`0`ju`6`sq`9997`pan`5`ibp`1`crf`8`sdy`0`h`0`iec`1`dft`5`cix`21`ime`5`dmc`0`t`4`dn`751`fn`751`msz`20`25`0`co`0`pt`5`sp`s_6_2_43_`dm`7`w`100`csq`1`n`752`pw`0`ist`1`ph`0`ju`6`sq`9997`pan`5`ibp`1`crf`8`sdy`0`h`0`iec`1`dft`5`cix`22`ime`5`dmc`0`t`4`dn`752`fn`753`msz`30`24`0`co`0`pt`5`sp`s_6_2_18_`dm`7`w`100`n`754`pw`0`ist`1`ph`0`ju`6`sq`9997`pan`5`ibp`1`crf`8`sdy`0`h`0`iec`1`dft`5`cix`23`ime`5`dmc`0`t`735`dn`755`fn`754`msz`25`25`0`co`0`pt`5`sp`s_6_2_34_`dm`7`w`100`csq`1`n`756`pw`0`ist`1`ph`0`ju`6`sq`9997`pan`5`ibp`1`crf`8`sdy`0`h`0`iec`1`dft`5`cix`24`ime`5`dmc`0`t`4`dn`756`fn`756`msz`30`25`0`co`0`pt`5`sp`s_6_2_39_`dm`7`w`100`csq`1`n`757`pw`0`ist`1`ph`0`ju`6`sq`9997`pan`758`ibp`1`crf`8`sdy`0`h`0`iec`1`dft`5`cix`25`ime`5`dmc`0`t`116`dn`757`fn`757`msz`30`0`3`pcl`0`2`0`pc`0`allowPC`false`QueryComboBox``2`0`pc`0`allowPC`false`QuerySrchSpec``2`0`pc`0`allowPC`false`AppletTitle``0`1`na`0`18`2`ai`3`S_A7`nfi`1`n`BT Mobile Sim Scenario selector form applet_CPM Advisor`cud`3*7731*13*7741*03*7641*03*7671*03*7701*0`dqy`1`cik`3*7731*12*211*02*221*12*231*12*241*12*251*02*261*02*271*02*281*02*291*02*301*02*311*02*321*02*331*12*341*02*351*02*361*02*371*02*381*02*391*02*401*02*411*02*421*02*201*02*431*02*441*12*451*12*461*12*471*02*481*02*491*02*501*02*511*02*521*02*531*02*541*12*551*02*561*12*571*0`shd`63*BT_Mobile_Sim_Scenario_selector_form_applet__CPM_Advisor_Applet97*srf1592409810_444/bscripts/all/applet_bt_mobile_sim_scenario_selector_form_applet__cpm_advisor.js`asq`2`ied`1`vrn`S_A7`tt`763`inu`0`hmn`1`rsp`false`bnr`0`iem``bci`S_BC7`hlc`3*a_71*11*2`i`7`0`5`cl`0`23`0`c`0`pt`5`sp`s_7_1_2_0`dm`7`w`25`csq`1`n`764`pw`0`ph`0`ju`6`sq`3997`pan`5`ibp`1`crf`8`sdy`0`h`24`iec`1`dft`5`ime`5`dmc`0`t`92`dn`765`fn`766`msz`1`23`0`c`0`pt`5`sp`s_7_1_3_0`dm`7`w`25`csq`1`n`767`pw`0`ph`0`ju`6`sq`3997`pan`5`ibp`1`crf`8`sdy`0`h`24`iec`1`dft`5`ime`5`dmc`0`t`92`dn`768`fn`769`msz`1`23`0`c`0`pt`5`sp`s_7_1_4_0`dm`7`w`25`csq`1`n`770`pw`0`ph`0`ju`6`sq`3997`pan`5`ibp`1`crf`8`sdy`0`h`24`iec`1`dft`5`ime`5`dmc`0`t`92`dn`771`fn`772`msz`1`23`1`c`0`pt`5`sp`s_7_1_0_0`dm`7`w`120`n`773`pw`0`ph`0`ju`6`sq`3997`pan`5`mn`773`ibp`1`crf`8`sdy`0`h`24`iec`1`dft`5`ime`5`dmc`0`t`67`dn`773`fn`5`msz`32`13`0`imp`0`SWEField`s_7_1_0_0`SWENeedContext`true`SWER`0`SWESP`false`SWEMethod`Submit`SWECmd`InvokeMethod`SWEDIC`false`SWEReqRowId`0`SWEView`BT Consumer - Sales Portal View`SWEC`36`SWEBID`-1`SRN`xK7T2pIB2ZOV15hwlQxQF5reKcoUB8VpMTZr7we8uAEb`SWEApplet`BT Mobile Sim Scenario selector form applet_CPM Advisor`23`0`c`0`pt`5`sp`s_7_1_1_0`dm`7`w`120`csq`1`n`774`pw`0`ph`0`ju`6`sq`3997`pan`5`ibp`1`crf`8`sdy`0`h`24`iec`1`dft`5`ime`5`dmc`0`t`4`dn`775`fn`776`msz`255`1`0`cfm`0`DeleteRecord`IDS_SWE_DELETE_CONFIRM_WARNING`0`1`nla`0`18`5`ai`3`S_A9`nfi`1`n`BT Consumer Primary Contact Address List Applet`cud`3*3651*13*3661*13*3671*13*7781*13*7801*12*121*13*1051*12*451*12*441*12*291*12*641*13*7781*03*3571*03*7811*03*4551*03*4561*03*5631*03*5821*03*5761*03*4671*03*4741*03*5681*03*7801*03*5841*03*5701*03*7851*03*5731*13*5661*03*5541*03*5571*0`cik`3*3641*13*7791*03*3611*02*451*12*441*13*6991*12*201*02*211*12*221*12*231*12*241*12*251*02*261*12*271*02*281*12*291*12*301*12*311*12*321*12*331*12*341*12*351*12*361*12*371*02*381*02*391*02*401*02*411*02*421*02*431*02*461*12*471*12*481*02*491*02*501*02*511*02*521*02*531*02*541*12*551*12*561*02*571*0`pf`VER_1.0_~0|Address Name|100~0|Street Address|100~0|Street Address 2|100~0|BT Building Number|100~0|BT Thoroughfare|100~0|BT Dependant Thoroughfare|100~0|Province|100~0|City|100~0|County|100~0|Postal Code|100~0|Country|100`rct`4`asq`4`ied`1`vrn`S_A9`tt`777`inu`0`hmn`1`rsp`false`bnr`0`iem``bci`S_BC9`hlc`3*a_91*11*2`i`9`0`5`cl`0`23`1`c`0`pt`5`sp`s_9_1_8_0`dm`7`w`0`n`44`pw`0`ph`0`ju`6`sq`5997`pan`5`mn`44`ibp`1`crf`8`sdy`0`h`0`iec`1`dft`5`ime`5`dmc`0`t`67`dn`530`fn`5`msz`32`14`0`imp`0`SWEField`s_9_1_8_0`SWENeedContext`true`SWER`0`SWESP`false`SWERowIds`SWERowId0=3-61EV7QGN`SWEMethod`NewQuery`SWECmd`InvokeMethod`SWEDIC`false`SWEReqRowId`0`SWEView`BT Consumer - Sales Portal View`SWEC`36`SWEBID`-1`SRN`xK7T2pIB2ZOV15hwlQxQF5reKcoUB8VpMTZr7we8uAEb`SWEApplet`BT Consumer Primary Contact Address List Applet`24`1`c`0`pt`5`sp`s_9_1_3_0`dm`7`w`0`csq`1`n`778`pw`0`ph`0`ju`6`sq`5997`pan`5`mn`779`ibp`1`crf`8`sdy`0`h`0`iec`1`dft`5`ime`5`dmc`0`t`438`dn`5`fn`778`msz`15`14`0`imp`0`SWEField`s_9_1_3_0`SWENeedContext`true`SWER`0`SWESP`false`SWERowIds`SWERowId0=3-61EV7QGN`SWEMethod`AccountId`SWECmd`InvokeMethod`SWEDIC`false`SWEReqRowId`0`SWEView`BT Consumer - Sales Portal View`SWEC`36`SWEBID`-1`SRN`xK7T2pIB2ZOV15hwlQxQF5reKcoUB8VpMTZr7we8uAEb`SWEApplet`BT Consumer Primary Contact Address List Applet`24`1`c`0`pt`5`sp`s_9_1_4_0`dm`7`w`0`csq`1`n`780`pw`0`ph`0`ju`6`sq`5997`pan`5`mn`361`ibp`1`crf`8`sdy`0`h`0`iec`1`dft`5`ime`5`dmc`0`t`438`dn`5`fn`780`msz`15`14`0`imp`0`SWEField`s_9_1_4_0`SWENeedContext`true`SWER`0`SWESP`false`SWERowIds`SWERowId0=3-61EV7QGN`SWEMethod`ContactId`SWECmd`InvokeMethod`SWEDIC`false`SWEReqRowId`0`SWEView`BT Consumer - Sales Portal View`SWEC`36`SWEBID`-1`SRN`xK7T2pIB2ZOV15hwlQxQF5reKcoUB8VpMTZr7we8uAEb`SWEApplet`BT Consumer Primary Contact Address List Applet`23`1`c`0`pt`5`sp`s_9_1_10_0`dm`7`w`0`n`64`pw`0`ph`0`ju`6`sq`5997`pan`5`mn`20`ibp`1`crf`8`sdy`0`h`0`iec`1`dft`5`ime`5`dmc`0`t`67`dn`652`fn`5`msz`32`16`0`imp`0`SWEField`s_9_1_10_0`SWENeedContext`true`SWER`0`SWESP`true`SWERowIds`SWERowId0=3-61EV7QGN`SWEMethod`ShowQueryAssistant`SWECmd`InvokeMethod`SWEH`0`SWEDIC`true`SWEReqRowId`0`SWEView`BT Consumer - Sales Portal View`SWEC`36`SWEW`0`SWEBID`-1`SRN`xK7T2pIB2ZOV15hwlQxQF5reKcoUB8VpMTZr7we8uAEb`SWEApplet`BT Consumer Primary Contact Address List Applet`23`1`c`0`pt`5`sp`s_9_1_9_0`dm`7`w`0`n`29`pw`0`ph`0`ju`6`sq`5997`pan`5`mn`699`ibp`1`crf`8`sdy`0`h`0`iec`1`dft`5`ime`5`dmc`0`t`67`dn`93`fn`5`msz`32`18`0`imp`0`SWEField`s_9_1_9_0`SWENeedContext`true`SWER`0`SWESP`true`SWERowIds`SWERowId0=3-61EV7QGN`SWEMethod`ShowPopup`SWECmd`InvokeMethod`SWEH`100`SWEDIC`true`SWEReqRowId`0`SWEView`BT Consumer - Sales Portal View`SWEC`36`SWEW`300`SWEM`Edit List`SWEBID`-1`SRN`xK7T2pIB2ZOV15hwlQxQF5reKcoUB8VpMTZr7we8uAEb`SWETA`BT Consumer Techcheck Address Applet`SWEApplet`BT Consumer Primary Contact Address List Applet`1`0`cfm`0`DeleteRecord`IDS_SWE_DELETE_CONFIRM_WARNING`0`11`col`0`25`0`co`0`pt`5`sp`s_9_2_13_`dm`7`w`100`csq`1`n`781`pw`0`ist`1`ph`0`ju`6`sq`5997`pan`5`ibp`1`crf`8`sdy`0`h`0`iec`1`dft`5`cix`0`ime`5`dmc`0`t`4`dn`782`fn`781`msz`100`25`0`co`0`pt`5`sp`s_9_2_28_`dm`7`w`100`csq`1`n`554`pw`0`ist`1`ph`0`ju`6`sq`5997`pan`5`ibp`1`crf`8`sdy`0`h`0`iec`1`dft`5`cix`1`ime`5`dmc`0`t`4`dn`285`fn`554`msz`200`25`0`co`0`pt`5`sp`s_9_2_29_`dm`7`w`100`csq`1`n`557`pw`0`ist`1`ph`0`ju`6`sq`5997`pan`5`ibp`1`crf`8`sdy`0`h`0`iec`1`dft`5`cix`2`ime`5`dmc`0`t`4`dn`556`fn`557`msz`100`25`0`co`0`pt`5`sp`s_9_2_14_`dm`7`w`100`csq`1`n`455`pw`0`ist`1`ph`0`ju`6`sq`5997`pan`5`ibp`1`crf`8`sdy`0`h`0`iec`1`dft`5`cix`3`ime`5`dmc`0`t`4`dn`559`fn`455`msz`30`25`0`co`0`pt`5`sp`s_9_2_20_`dm`7`w`100`csq`1`n`474`pw`0`ist`1`ph`0`ju`6`sq`5997`pan`5`ibp`1`crf`8`sdy`0`h`0`iec`1`dft`5`cix`4`ime`5`dmc`0`t`4`dn`291`fn`474`msz`100`25`0`co`0`pt`5`sp`s_9_2_16_`dm`7`w`100`csq`1`n`563`pw`0`ist`1`ph`0`ju`6`sq`5997`pan`5`ibp`1`crf`8`sdy`0`h`0`iec`1`dft`5`cix`5`ime`5`dmc`0`t`4`dn`783`fn`563`msz`100`25`0`co`0`pt`5`sp`s_9_2_27_`dm`7`w`100`csq`1`n`566`pw`0`ist`1`ph`0`ju`6`sq`5997`pan`5`ibp`1`crf`8`sdy`0`h`0`iec`1`dft`5`cix`6`ime`5`dmc`0`t`4`dn`565`fn`566`msz`50`25`0`co`0`pt`5`sp`s_9_2_21_`dm`7`w`100`csq`1`n`568`pw`0`ist`1`ph`0`ju`6`sq`5997`pan`5`ibp`1`crf`8`sdy`0`h`0`iec`1`dft`5`cix`7`ime`5`dmc`0`t`4`dn`296`fn`568`msz`50`25`0`co`0`pt`5`sp`s_9_2_24_`dm`7`w`100`csq`1`n`570`pw`0`ist`1`ph`0`ju`6`sq`5997`pan`5`ibp`1`crf`8`sdy`0`h`0`iec`1`dft`5`cix`8`ime`5`dmc`0`t`4`dn`570`fn`570`msz`50`26`0`co`0`pt`5`sp`s_9_2_26_`dm`7`w`100`csq`1`n`573`pw`300`pat`Pick`ist`1`ph`100`ju`6`sq`5997`ied`1`pan`5`crf`8`sdy`0`h`0`iec`1`dft`5`cix`9`ime`5`dmc`0`t`4`dn`572`fn`573`msz`30`25`0`co`0`pt`5`sp`s_9_2_23_`dm`7`w`100`csq`1`n`584`pw`0`ist`1`ph`0`ju`6`sq`5997`pan`784`ibp`1`crf`8`sdy`0`h`0`iec`1`dft`5`cix`10`ime`5`dmc`0`t`116`dn`584`fn`584`msz`30`1`0`cn`0`Address Name`1*1`0`3`pcl`0`2`0`pc`0`allowPC`false`QueryComboBox``2`0`pc`0`allowPC`false`QuerySrchSpec``2`0`pc`0`allowPC`false`AppletTitle``0`1`nla`0`19`4`ai`3`S_A8`nfi`1`n`BT Active Assets List Applet`cud`3*3661*13*3651*13*3671*13*8101*03*8111*03*8081*03*7961*03*7871*13*8161*13*7991*13*7941*13*8151*13*8581*03*8041*13*8221*03*8181*03*8201*03*8141*03*6701*03*8121*02*641*13*8751*13*8761*13*6351*13*3101*12*121*12*311*12*581*13*1051*12*601*13*5871*12*621*12*631*12*281*12*591*12*451*12*611*12*401*12*391*12*441*13*3071*12*271*13*5891*13*3161*13*5901*13*8771*13*8781*13*7891*13*8791*13*8801*13*8811*13*7911*13*7971*13*8011*13*8061*13*1271*03*8581*03*8631*03*8821*03*8611*03*8671*03*8561*03*8311*03*8591*03*8651*03*8451*03*8831*03*8421*03*8841*03*8461*03*8541*03*8481*03*8521*03*8501*03*8361*03*8401*03*8381*03*8851*03*8241*03*8861*03*8191*03*8211*03*8871*03*8271*03*1391*03*2541*03*8431*03*6721*03*8881*03*8891*03*6701*03*5781*03*1151*03*8141*03*8901*03*1381*03*6781*03*8341*03*8911*03*8441*03*8921*03*6801*03*8931*03*8941*03*8951*0`cik`3*3641*13*7881*13*8171*03*6991*03*2421*12*201*03*8691*03*8701*03*6351*13*3101*02*311*02*141*02*161*02*431*02*181*02*191*02*281*02*151*02*451*12*171*02*401*02*391*02*441*13*3071*12*271*03*7931*03*8711*13*7901*13*8721*13*8731*13*8741*13*8031*13*8071*12*211*02*221*12*231*12*241*12*251*02*261*02*291*02*301*02*321*02*331*02*341*02*351*02*361*12*371*02*381*02*411*02*421*02*461*12*471*02*481*02*491*02*501*02*511*02*521*02*531*02*541*12*551*02*561*12*571*0`pf`VER_1.0_~0|Outline Number|50~0|Billing Account|100~0|Promotion Asset Indicator|42~0|Product Name|100~0|BT Source Prom Scode|100~0|Serial Number|100~0|Asset Description|100~0|BT Promised Service Quality|100~1|Effective End Date|100~0|BT Wholesale Min BB Speed|100~0|BT Wholesale Max BB Speed|100~0|BT Effective End Date|100~0|Regrade|100~0|BT Billing Account Id|100~0|BT Min Guaranteed BB Speed|100~0|BT ONT Floor|100~0|BT ONT Room|100~0|BT ONT Position|100~0|BT MinThreshold Breached|100~0|BT OFCOM COP|100~0|Integration Id|100~0|BT Base Promotion Integration Id|100~0|BT Offer Promotion Integration Id|100~0|BT TBYB Promotion Integration Id|100~1|BT RTE Date|100~0|Asset Purchase Date|100~0|BT OFCOM Speed COP2|100`shd`35*BT_Active_Assets_List_Applet_Applet69*srf1592409810_444/bscripts/all/applet_bt_active_assets_list_applet.js`rct`5`asq`1`ied`1`vrn`S_A8`tt`786`inu`0`hmn`1`rsp`false`bnr`0`iem``bci`S_BC8`hlc`3*a_81*11*2`i`8`0`32`cl`0`23`1`c`0`pt`5`sp`s_8_1_39_0`dm`7`w`0`n`44`pw`0`ph`0`ju`6`sq`2997`pan`5`mn`44`ibp`1`crf`8`sdy`0`h`0`iec`1`dft`5`ime`5`dmc`0`t`67`dn`530`fn`5`msz`32`14`0`imp`0`SWEField`s_8_1_39_0`SWENeedContext`true`SWER`65535`SWESP`false`SWERowIds`SWERowId0=3-61EV7QGN`SWEMethod`NewQuery`SWECmd`InvokeMethod`SWEDIC`false`SWEReqRowId`0`SWEView`BT Consumer - Sales Portal View`SWEC`36`SWEBID`-1`SRN`xK7T2pIB2ZOV15hwlQxQF5reKcoUB8VpMTZr7we8uAEb`SWEApplet`BT Active Assets List Applet`23`1`c`0`pt`5`sp`s_8_1_35_0`dm`7`w`0`n`45`pw`0`ph`0`ju`6`sq`2997`pan`5`mn`45`ibp`1`crf`8`sdy`0`h`0`iec`1`dft`5`ime`5`dmc`0`t`67`dn`392`fn`5`msz`32`14`0`imp`0`SWEField`s_8_1_35_0`SWENeedContext`true`SWER`65535`SWESP`false`SWERowIds`SWERowId0=3-61EV7QGN`SWEMethod`ExecuteQuery`SWECmd`InvokeMethod`SWEDIC`false`SWEReqRowId`0`SWEView`BT Consumer - Sales Portal View`SWEC`36`SWEBID`-1`SRN`xK7T2pIB2ZOV15hwlQxQF5reKcoUB8VpMTZr7we8uAEb`SWEApplet`BT Active Assets List Applet`23`1`c`0`pt`5`sp`s_8_1_30_0`dm`7`w`0`n`587`pw`0`ph`0`ju`6`sq`2997`pan`5`mn`43`ibp`1`crf`8`sdy`0`h`0`iec`1`dft`5`ime`5`dmc`0`t`67`dn`393`fn`5`msz`32`14`0`imp`0`SWEField`s_8_1_30_0`SWENeedContext`true`SWER`65535`SWESP`false`SWERowIds`SWERowId0=3-61EV7QGN`SWEMethod`UndoQuery`SWECmd`InvokeMethod`SWEDIC`false`SWEReqRowId`0`SWEView`BT Consumer - Sales Portal View`SWEC`36`SWEBID`-1`SRN`xK7T2pIB2ZOV15hwlQxQF5reKcoUB8VpMTZr7we8uAEb`SWEApplet`BT Active Assets List Applet`23`1`c`0`pt`5`sp`s_8_1_7_0`dm`7`w`0`n`787`pw`0`ph`0`ju`6`sq`2997`pan`5`mn`788`ibp`1`crf`8`sdy`0`h`0`iec`1`dft`5`ime`5`dmc`0`t`67`dn`787`fn`5`msz`32`14`0`imp`0`SWEField`s_8_1_7_0`SWENeedContext`true`SWER`65535`SWESP`false`SWERowIds`SWERowId0=3-61EV7QGN`SWEMethod`Cessationcharge`SWECmd`InvokeMethod`SWEDIC`false`SWEReqRowId`0`SWEView`BT Consumer - Sales Portal View`SWEC`36`SWEBID`-1`SRN`xK7T2pIB2ZOV15hwlQxQF5reKcoUB8VpMTZr7we8uAEb`SWEApplet`BT Active Assets List Applet`23`1`c`0`pt`5`sp`s_8_1_47_0`dm`7`w`0`n`789`pw`0`ph`0`ju`6`sq`2997`pan`5`mn`790`ibp`1`crf`8`sdy`0`h`0`iec`1`dft`5`ime`5`dmc`0`t`67`dn`789`fn`5`msz`32`14`0`imp`0`SWEField`s_8_1_47_0`SWENeedContext`true`SWER`65535`SWESP`false`SWERowIds`SWERowId0=3-61EV7QGN`SWEMethod`ModifyProdSvc`SWECmd`InvokeMethod`SWEDIC`false`SWEReqRowId`0`SWEView`BT Consumer - Sales Portal View`SWEC`36`SWEBID`-1`SRN`xK7T2pIB2ZOV15hwlQxQF5reKcoUB8VpMTZr7we8uAEb`SWEApplet`BT Active Assets List Applet`23`1`c`0`pt`5`sp`s_8_1_51_0`dm`7`w`0`n`791`pw`0`ph`0`ju`6`sq`2997`pan`5`mn`793`ibp`1`crf`8`sdy`0`h`0`iec`1`dft`5`ime`5`dmc`0`t`67`dn`792`fn`5`msz`32`14`0`imp`0`SWEField`s_8_1_51_0`SWENeedContext`true`SWER`65535`SWESP`false`SWERowIds`SWERowId0=3-61EV7QGN`SWEMethod`DisconnectProdSvc`SWECmd`InvokeMethod`SWEDIC`false`SWEReqRowId`0`SWEView`BT Consumer - Sales Portal View`SWEC`36`SWEBID`-1`SRN`xK7T2pIB2ZOV15hwlQxQF5reKcoUB8VpMTZr7we8uAEb`SWEApplet`BT Active Assets List Applet`25`1`c`0`pt`5`sp`s_8_1_38_0`dm`7`w`0`n`39`eb`&lt;img src=&quot;images/rcnv_prvset_1.gif&quot; border=&quot;0&quot; space=&quot;0&quot; hspace=&quot;0&quot; alt=&quot;Previous record set&quot;  title=&quot;Previous record set&quot; &gt;`pw`0`db`&lt;img src=&quot;images/rcnv_prvset_0.gif&quot; border=&quot;0&quot; space=&quot;0&quot; hspace=&quot;0&quot; alt=&quot;Previous record set&quot;  title=&quot;Previous record set&quot; &gt;`ph`0`ju`6`sq`2997`pan`5`mn`39`ibp`1`crf`8`sdy`0`h`0`iec`1`dft`5`ime`5`dmc`0`t`67`dn`381`fn`5`msz`32`14`0`imp`0`SWEField`s_8_1_38_0`SWENeedContext`true`SWER`65535`SWESP`false`SWERowIds`SWERowId0=3-61EV7QGN`SWEMethod`GotoPreviousSet`SWECmd`InvokeMethod`SWEDIC`false`SWEReqRowId`0`SWEView`BT Consumer - Sales Portal View`SWEC`36`SWEBID`-1`SRN`xK7T2pIB2ZOV15hwlQxQF5reKcoUB8VpMTZr7we8uAEb`SWEApplet`BT Active Assets List Applet`25`1`c`0`pt`5`sp`s_8_1_37_0`dm`7`w`0`n`40`eb`&lt;img src=&quot;images/rcnv_nxtset_1.gif&quot; border=&quot;0&quot; space=&quot;0&quot; hspace=&quot;0&quot; alt=&quot;Next record set&quot;  title=&quot;Next record set&quot; &gt;`pw`0`db`&lt;img src=&quot;images/rcnv_nxtset_0.gif&quot; border=&quot;0&quot; space=&quot;0&quot; hspace=&quot;0&quot; alt=&quot;Next record set&quot;  title=&quot;Next record set&quot; &gt;`ph`0`ju`6`sq`2997`pan`5`mn`40`ibp`1`crf`8`sdy`0`h`0`iec`1`dft`5`ime`5`dmc`0`t`67`dn`382`fn`5`msz`32`14`0`imp`0`SWEField`s_8_1_37_0`SWENeedContext`true`SWER`65535`SWESP`false`SWERowIds`SWERowId0=3-61EV7QGN`SWEMethod`GotoNextSet`SWECmd`InvokeMethod`SWEDIC`false`SWEReqRowId`0`SWEView`BT Consumer - Sales Portal View`SWEC`36`SWEBID`-1`SRN`xK7T2pIB2ZOV15hwlQxQF5reKcoUB8VpMTZr7we8uAEb`SWEApplet`BT Active Assets List Applet`23`1`c`0`pt`5`sp`s_8_1_10_0`dm`7`w`0`n`794`pw`0`ph`0`ju`6`sq`2997`pan`5`mn`699`ibp`1`crf`8`sdy`0`h`0`iec`1`dft`5`ime`5`dmc`0`t`67`dn`795`fn`5`msz`32`18`0`imp`0`SWEField`s_8_1_10_0`SWENeedContext`true`SWER`65535`SWESP`true`SWERowIds`SWERowId0=3-61EV7QGN`SWEMethod`ShowPopup`SWECmd`InvokeMethod`SWEH`800`SWEDIC`true`SWEReqRowId`0`SWEView`BT Consumer - Sales Portal View`SWEC`36`SWEW`500`SWEM`Edit List`SWEBID`-1`SRN`xK7T2pIB2ZOV15hwlQxQF5reKcoUB8VpMTZr7we8uAEb`SWETA`BT Dumgrade Target List Applet`SWEApplet`BT Active Assets List Applet`23`1`c`0`pt`5`sp`s_8_1_20_0`dm`7`w`0`n`64`pw`0`ph`0`ju`6`sq`2997`pan`5`mn`20`ibp`1`crf`8`sdy`0`h`0`iec`1`dft`5`ime`5`dmc`0`t`67`dn`652`fn`5`msz`32`18`0`imp`0`SWEField`s_8_1_20_0`SWENeedContext`true`SWER`65535`SWESP`true`SWERowIds`SWERowId0=3-61EV7QGN`SWEMethod`ShowQueryAssistant`SWECmd`InvokeMethod`SWEH`100`SWEDIC`true`SWEReqRowId`0`SWEView`BT Consumer - Sales Portal View`SWEC`36`SWEW`300`SWEM`Edit`SWEBID`-1`SRN`xK7T2pIB2ZOV15hwlQxQF5reKcoUB8VpMTZr7we8uAEb`SWETA`Query Assistant`SWEApplet`BT Active Assets List Applet`23`0`c`0`pt`5`sp`s_8_1_55_0`dm`7`w`0`csq`1`n`127`pw`0`ph`0`ju`6`sq`2997`pan`5`ibp`1`crf`8`sdy`0`h`0`iec`1`dft`5`ime`5`dmc`0`t`438`dn`127`fn`127`msz`50`23`0`c`0`pt`5`sp`s_8_1_6_0`dm`7`w`0`csq`1`n`796`pw`0`ph`0`ju`6`sq`2997`pan`5`ibp`1`crf`8`sdy`0`h`0`iec`1`dft`5`ime`5`dmc`0`t`438`dn`796`fn`796`msz`15`23`1`c`0`pt`5`sp`s_8_1_52_0`dm`7`w`0`n`797`pw`0`ph`0`ju`6`sq`2997`pan`5`mn`699`ibp`1`crf`8`sdy`0`h`0`iec`1`dft`5`ime`5`dmc`0`t`67`dn`798`fn`5`msz`32`18`0`imp`0`SWEField`s_8_1_52_0`SWENeedContext`true`SWER`65535`SWESP`true`SWERowIds`SWERowId0=3-61EV7QGN`SWEMethod`ShowPopup`SWECmd`InvokeMethod`SWEH`100`SWEDIC`true`SWEReqRowId`0`SWEView`BT Consumer - Sales Portal View`SWEC`36`SWEW`300`SWEM`Edit List`SWEBID`-1`SRN`xK7T2pIB2ZOV15hwlQxQF5reKcoUB8VpMTZr7we8uAEb`SWETA`BT Home Move Address Applet`SWEApplet`BT Active Assets List Applet`23`1`c`0`pt`5`sp`s_8_1_9_0`dm`7`w`0`n`799`pw`0`ph`0`ju`6`sq`2997`pan`5`mn`699`ibp`1`crf`8`sdy`0`h`0`iec`1`dft`5`ime`5`dmc`0`t`67`dn`800`fn`5`msz`32`18`0`imp`0`SWEField`s_8_1_9_0`SWENeedContext`true`SWER`65535`SWESP`true`SWERowIds`SWERowId0=3-61EV7QGN`SWEMethod`ShowPopup`SWECmd`InvokeMethod`SWEH`100`SWEDIC`true`SWEReqRowId`0`SWEView`BT Consumer - Sales Portal View`SWEC`36`SWEW`300`SWEM`Edit List`SWEBID`-1`SRN`xK7T2pIB2ZOV15hwlQxQF5reKcoUB8VpMTZr7we8uAEb`SWETA`BT Customer Contract Discount Details VBC Applet`SWEApplet`BT Active Assets List Applet`23`1`c`0`pt`5`sp`s_8_1_53_0`dm`7`w`0`n`801`pw`0`ph`0`ju`6`sq`2997`pan`5`mn`803`ibp`1`crf`8`sdy`0`h`0`iec`1`dft`5`ime`5`dmc`0`t`67`dn`802`fn`5`msz`32`14`0`imp`0`SWEField`s_8_1_53_0`SWENeedContext`true`SWER`65535`SWESP`false`SWERowIds`SWERowId0=3-61EV7QGN`SWEMethod`BTIssueMAC`SWECmd`InvokeMethod`SWEDIC`false`SWEReqRowId`0`SWEView`BT Consumer - Sales Portal View`SWEC`36`SWEBID`-1`SRN`xK7T2pIB2ZOV15hwlQxQF5reKcoUB8VpMTZr7we8uAEb`SWEApplet`BT Active Assets List Applet`23`1`c`0`pt`5`sp`s_8_1_13_0`dm`7`w`0`n`804`pw`0`ph`0`ju`6`sq`2997`pan`5`mn`699`ibp`1`crf`8`sdy`0`h`0`iec`1`dft`5`ime`5`dmc`0`t`67`dn`805`fn`5`msz`32`18`0`imp`0`SWEField`s_8_1_13_0`SWENeedContext`true`SWER`65535`SWESP`true`SWERowIds`SWERowId0=3-61EV7QGN`SWEMethod`ShowPopup`SWECmd`InvokeMethod`SWEH`400`SWEDIC`true`SWEReqRowId`0`SWEView`BT Consumer - Sales Portal View`SWEC`36`SWEW`800`SWEM`Edit`SWEBID`-1`SRN`xK7T2pIB2ZOV15hwlQxQF5reKcoUB8VpMTZr7we8uAEb`SWETA`BT Change Promotion Target List Applet`SWEApplet`BT Active Assets List Applet`23`1`c`0`pt`5`sp`s_8_1_54_0`dm`7`w`0`n`806`pw`0`ph`0`ju`6`sq`2997`pan`5`mn`807`ibp`1`crf`8`sdy`0`h`0`iec`1`dft`5`ime`5`dmc`0`t`67`dn`806`fn`5`msz`32`14`0`imp`0`SWEField`s_8_1_54_0`SWENeedContext`true`SWER`65535`SWESP`false`SWERowIds`SWERowId0=3-61EV7QGN`SWEMethod`ModifyAfterCease`SWECmd`InvokeMethod`SWEDIC`false`SWEReqRowId`0`SWEView`BT Consumer - Sales Portal View`SWEC`36`SWEBID`-1`SRN`xK7T2pIB2ZOV15hwlQxQF5reKcoUB8VpMTZr7we8uAEb`SWEApplet`BT Active Assets List Applet`23`0`c`0`pt`5`sp`s_8_1_5_0`dm`7`w`0`csq`1`n`808`pw`0`ph`0`ju`6`sq`2997`pan`5`ibp`1`crf`8`sdy`0`h`0`iec`1`dft`5`ime`5`dmc`0`t`438`dn`809`fn`808`msz`30`23`0`c`0`pt`5`sp`s_8_1_3_0`dm`7`w`0`csq`1`n`810`pw`0`ph`0`ju`6`sq`2997`pan`5`ibp`1`crf`8`sdy`0`h`0`iec`1`dft`5`ime`5`dmc`0`t`438`dn`810`fn`810`msz`15`22`0`c`0`pt`5`sp`s_8_1_4_0`dm`7`w`0`n`811`pw`0`ph`0`ju`6`sq`2997`pan`5`ibp`1`crf`8`sdy`0`h`0`iec`1`dft`5`ime`5`dmc`0`t`438`dn`811`fn`811`msz`1`22`0`c`0`pt`5`sp`s_8_1_19_0`dm`7`w`0`n`812`pw`0`ph`0`ju`6`sq`2997`pan`5`ibp`1`crf`8`sdy`0`h`0`iec`1`dft`5`ime`5`dmc`0`t`438`dn`813`fn`813`msz`1`23`0`c`0`pt`5`sp`s_8_1_17_0`dm`7`w`0`csq`1`n`814`pw`0`ph`0`ju`6`sq`2997`pan`5`ibp`1`crf`8`sdy`0`h`0`iec`1`dft`5`ime`5`dmc`0`t`438`dn`814`fn`814`msz`30`23`1`c`0`pt`5`sp`s_8_1_11_0`dm`7`w`0`n`815`pw`0`ph`0`ju`6`sq`2997`pan`5`mn`242`ibp`1`crf`8`sdy`0`h`0`iec`1`dft`5`ime`5`dmc`0`t`67`dn`815`fn`5`msz`32`14`0`imp`0`SWEField`s_8_1_11_0`SWENeedContext`true`SWER`65535`SWESP`false`SWERowIds`SWERowId0=3-61EV7QGN`SWEMethod`AgentCom`SWECmd`InvokeMethod`SWEDIC`false`SWEReqRowId`0`SWEView`BT Consumer - Sales Portal View`SWEC`36`SWEBID`-1`SRN`xK7T2pIB2ZOV15hwlQxQF5reKcoUB8VpMTZr7we8uAEb`SWEApplet`BT Active Assets List Applet`23`1`c`0`pt`5`sp`s_8_1_8_0`dm`7`w`0`n`816`pw`0`ph`0`ju`6`sq`2997`pan`5`mn`817`ibp`1`crf`8`sdy`0`h`0`iec`1`dft`5`ime`5`dmc`0`t`67`dn`816`fn`5`msz`32`14`0`imp`0`SWEField`s_8_1_8_0`SWENeedContext`true`SWER`65535`SWESP`false`SWERowIds`SWERowId0=3-61EV7QGN`SWEMethod`RenewCallerDisplay`SWECmd`InvokeMethod`SWEDIC`false`SWEReqRowId`0`SWEView`BT Consumer - Sales Portal View`SWEC`36`SWEBID`-1`SRN`xK7T2pIB2ZOV15hwlQxQF5reKcoUB8VpMTZr7we8uAEb`SWEApplet`BT Active Assets List Applet`23`0`c`0`pt`5`sp`s_8_1_15_0`dm`7`w`0`csq`1`n`818`pw`0`ph`0`ju`6`sq`2997`pan`5`ibp`1`crf`8`sdy`0`h`0`iec`1`dft`5`ime`5`dmc`0`t`438`dn`818`fn`819`msz`15`23`0`c`0`pt`5`sp`s_8_1_16_0`dm`7`w`0`csq`1`n`820`pw`0`ph`0`ju`6`sq`2997`pan`5`ibp`1`crf`8`sdy`0`h`0`iec`1`dft`5`ime`5`dmc`0`t`438`dn`820`fn`821`msz`30`25`1`c`0`pt`5`sp`s_8_1_23_0`dm`7`w`0`n`635`eb`&lt;img src=&quot;images/btn_more.gif&quot; border=&quot;0&quot; space=&quot;0&quot; hspace=&quot;0&quot; alt=&quot;Show more&quot;  title=&quot;Show more&quot; &gt;`pw`0`ph`0`ju`6`sq`2997`pan`5`icm`635`mn`635`ibp`1`crf`8`sdy`0`h`0`iec`1`dft`5`ime`5`dmc`0`t`10`dn`5`fn`5`msz`32`14`0`imp`0`SWEField`s_8_1_23_0`SWENeedContext`true`SWER`65535`SWESP`false`SWERowIds`SWERowId0=3-61EV7QGN`SWEMethod`ToggleListRowCount`SWECmd`InvokeMethod`SWEDIC`false`SWEReqRowId`0`SWEView`BT Consumer - Sales Portal View`SWEC`36`SWEBID`-1`SRN`xK7T2pIB2ZOV15hwlQxQF5reKcoUB8VpMTZr7we8uAEb`SWEApplet`BT Active Assets List Applet`25`1`c`0`pt`5`sp`s_8_1_24_0`dm`7`w`0`n`310`eb`&lt;img src=&quot;images/row_off_d.gif&quot; border=&quot;0&quot; space=&quot;0&quot; hspace=&quot;0&quot; alt=&quot;Select record&quot;  title=&quot;Select record&quot; &gt;`pw`0`db`&lt;img src=&quot;images/row_on_d.gif&quot; border=&quot;0&quot; space=&quot;0&quot; hspace=&quot;0&quot; alt=&quot;Record selected&quot;  title=&quot;Record selected&quot; &gt;`ph`0`ju`6`sq`2997`pan`5`mn`310`ibp`1`crf`8`sdy`0`h`0`iec`1`dft`5`ime`5`dmc`0`t`67`dn`5`fn`5`msz`32`14`0`imp`0`SWEField`s_8_1_24_0`SWENeedContext`true`SWER`65535`SWESP`false`SWERowIds`SWERowId0=3-61EV7QGN`SWEMethod`PositionOnRow`SWECmd`InvokeMethod`SWEDIC`false`SWEReqRowId`0`SWEView`BT Consumer - Sales Portal View`SWEC`36`SWEBID`-1`SRN`xK7T2pIB2ZOV15hwlQxQF5reKcoUB8VpMTZr7we8uAEb`SWEApplet`BT Active Assets List Applet`23`0`c`0`pt`5`sp`s_8_1_18_0`dm`7`w`0`csq`1`n`670`pw`0`ph`0`ju`6`sq`2997`pan`5`ibp`1`crf`8`sdy`0`h`0`iec`1`dft`5`ime`5`dmc`0`t`438`dn`670`fn`670`msz`15`23`0`c`0`pt`5`sp`s_8_1_14_0`dm`7`w`0`csq`1`n`822`pw`0`ph`0`ju`6`sq`2997`pan`5`ibp`1`crf`8`sdy`0`h`0`iec`1`dft`5`ime`5`dmc`0`t`438`dn`823`fn`823`msz`15`23`0`c`0`pt`5`sp`s_8_1_15_0`dm`7`w`0`csq`1`n`818`pw`0`ph`0`ju`6`sq`2997`pan`5`ibp`1`crf`8`sdy`0`h`0`iec`1`dft`5`ime`5`dmc`0`t`438`dn`818`fn`819`msz`15`23`0`c`0`pt`5`sp`s_8_1_17_0`dm`7`w`0`csq`1`n`814`pw`0`ph`0`ju`6`sq`2997`pan`5`ibp`1`crf`8`sdy`0`h`0`iec`1`dft`5`ime`5`dmc`0`t`438`dn`814`fn`814`msz`30`1`0`cfm`0`DeleteRecord`IDS_SWE_DELETE_CONFIRM_WARNING`0`25`col`0`24`0`co`0`pt`5`sp`s_8_2_78_`dm`7`w`50`csq`1`n`824`pw`0`ph`0`ju`6`sq`2997`pan`5`ibp`1`crf`8`sdy`0`h`0`iec`1`dft`5`cix`0`ime`5`dmc`0`t`4`dn`825`fn`824`msz`255`25`0`co`0`pt`5`sp`s_8_2_85_`dm`7`w`100`csq`1`n`254`pw`0`ist`1`ph`0`ju`6`sq`2997`pan`5`ibp`1`crf`8`sdy`0`h`0`iec`1`dft`5`cix`1`ime`5`dmc`0`t`4`dn`254`fn`826`msz`30`25`0`co`0`pt`5`sp`s_8_2_83_`dm`7`w`42`csq`1`n`827`pw`0`ph`0`ju`6`sq`2997`pan`5`icm`830`ibp`1`crf`8`sdy`0`h`0`iec`1`dft`5`cix`2`ime`5`dmc`0`t`4`dn`828`fn`829`msz`255`25`0`co`0`pt`5`sp`s_8_2_101_`dm`7`w`100`csq`1`n`680`pw`0`ist`1`ph`0`ju`6`sq`2997`pan`5`ibp`1`crf`8`sdy`0`h`0`iec`1`dft`5`cix`3`ime`5`dmc`0`t`4`dn`140`fn`680`msz`100`25`0`co`0`pt`5`sp`s_8_2_62_`dm`7`w`100`csq`1`n`831`pw`0`ist`1`ph`0`ju`6`sq`2997`pan`5`ibp`1`crf`8`sdy`0`h`0`iec`1`dft`5`cix`4`ime`5`dmc`0`t`4`dn`832`fn`831`msz`50`25`0`co`0`pt`5`sp`s_8_2_95_`dm`7`w`100`csq`1`n`138`pw`0`ist`1`ph`0`ju`6`sq`2997`pan`5`ibp`1`crf`8`sdy`0`h`0`iec`1`dft`5`cix`5`ime`5`dmc`0`t`4`dn`833`fn`138`msz`100`24`0`co`0`pt`5`sp`s_8_2_97_`dm`7`w`100`csq`1`n`834`pw`0`ph`0`ju`6`sq`2997`pan`5`ibp`1`crf`8`sdy`0`h`0`iec`1`dft`5`cix`6`ime`5`dmc`0`t`4`dn`834`fn`835`msz`255`24`0`co`0`pt`5`sp`s_8_2_74_`dm`7`w`100`csq`1`n`836`pw`0`ph`0`ju`6`sq`2997`pan`5`ibp`1`crf`8`sdy`0`h`0`iec`1`dft`5`cix`7`ime`5`dmc`0`t`4`dn`837`fn`836`msz`255`24`0`co`0`pt`5`sp`s_8_2_76_`dm`7`w`100`csq`1`n`838`pw`0`ph`0`ju`6`sq`2997`pan`5`ibp`1`crf`8`sdy`0`h`0`iec`1`dft`5`cix`8`ime`5`dmc`0`t`4`dn`839`fn`838`msz`255`24`0`co`0`pt`5`sp`s_8_2_75_`dm`7`w`100`csq`1`n`840`pw`0`ph`0`ju`6`sq`2997`pan`5`ibp`1`crf`8`sdy`0`h`0`iec`1`dft`5`cix`9`ime`5`dmc`0`t`4`dn`841`fn`840`msz`255`24`0`co`0`pt`5`sp`s_8_2_67_`dm`7`w`100`n`842`pw`0`ist`1`ph`0`ju`6`sq`2997`pan`5`ibp`1`crf`8`sdy`0`h`0`iec`1`dft`5`cix`10`ime`5`dmc`0`t`4`dn`843`fn`842`msz`32`24`0`co`0`pt`5`sp`s_8_2_99_`dm`7`w`100`n`844`pw`0`ist`1`ph`0`ju`6`sq`2997`pan`5`ibp`1`crf`8`sdy`0`h`0`iec`1`dft`5`cix`11`ime`5`dmc`0`t`92`dn`844`fn`844`msz`1`25`0`co`0`pt`5`sp`s_8_2_65_`dm`7`w`100`csq`1`n`845`pw`0`ist`1`ph`0`ju`6`sq`2997`pan`5`ibp`1`crf`8`sdy`0`h`0`iec`1`dft`5`cix`12`ime`5`dmc`0`t`4`dn`796`fn`796`msz`15`24`0`co`0`pt`5`sp`s_8_2_69_`dm`7`w`100`csq`1`n`846`pw`0`ph`0`ju`6`sq`2997`pan`5`ibp`1`crf`8`sdy`0`h`0`iec`1`dft`5`cix`13`ime`5`dmc`0`t`4`dn`847`fn`846`msz`255`25`0`co`0`pt`5`sp`s_8_2_71_`dm`7`w`100`csq`1`n`848`pw`0`ist`1`ph`0`ju`6`sq`2997`pan`5`ibp`1`crf`8`sdy`0`h`0`iec`1`dft`5`cix`14`ime`5`dmc`0`t`4`dn`849`fn`848`msz`50`25`0`co`0`pt`5`sp`s_8_2_73_`dm`7`w`100`csq`1`n`850`pw`0`ist`1`ph`0`ju`6`sq`2997`pan`5`ibp`1`crf`8`sdy`0`h`0`iec`1`dft`5`cix`15`ime`5`dmc`0`t`4`dn`851`fn`850`msz`50`25`0`co`0`pt`5`sp`s_8_2_72_`dm`7`w`100`csq`1`n`852`pw`0`ist`1`ph`0`ju`6`sq`2997`pan`5`ibp`1`crf`8`sdy`0`h`0`iec`1`dft`5`cix`16`ime`5`dmc`0`t`4`dn`853`fn`852`msz`100`24`0`co`0`pt`5`sp`s_8_2_70_`dm`7`w`100`n`854`pw`0`ist`1`ph`0`ju`6`sq`2997`pan`5`ibp`1`crf`8`sdy`0`h`0`iec`1`dft`5`cix`17`ime`5`dmc`0`t`4`dn`855`fn`854`msz`32`25`0`co`0`pt`5`sp`s_8_2_61_`dm`7`w`100`csq`1`n`856`pw`0`ist`1`ph`0`ju`6`sq`2997`pan`5`ibp`1`crf`8`sdy`0`h`0`iec`1`dft`5`cix`18`ime`5`dmc`0`t`4`dn`857`fn`856`msz`1`25`0`co`0`pt`5`sp`s_8_2_12_`dm`7`w`100`csq`1`n`858`pw`0`ist`1`ph`0`ju`6`sq`2997`pan`5`ibp`1`crf`8`sdy`0`h`0`iec`1`dft`5`cix`19`ime`5`dmc`0`t`4`dn`858`fn`858`msz`30`25`0`co`0`pt`5`sp`s_8_2_63_`dm`7`w`100`csq`1`n`859`pw`0`ist`1`ph`0`ju`6`sq`2997`pan`5`ibp`1`crf`8`sdy`0`h`0`iec`1`dft`5`cix`20`ime`5`dmc`0`t`4`dn`860`fn`859`msz`30`25`0`co`0`pt`5`sp`s_8_2_59_`dm`7`w`100`csq`1`n`861`pw`0`ist`1`ph`0`ju`6`sq`2997`pan`5`ibp`1`crf`8`sdy`0`h`0`iec`1`dft`5`cix`21`ime`5`dmc`0`t`4`dn`862`fn`861`msz`30`25`0`co`0`pt`5`sp`s_8_2_57_`dm`7`w`100`csq`1`n`863`pw`0`ist`1`ph`0`ju`6`sq`2997`pan`5`ibp`1`crf`8`sdy`0`h`0`iec`1`dft`5`cix`22`ime`5`dmc`0`t`4`dn`864`fn`863`msz`30`24`0`co`0`pt`5`sp`s_8_2_64_`dm`7`w`100`n`865`pw`0`ist`1`ph`0`ju`6`sq`2997`pan`5`ibp`1`crf`8`sdy`0`h`0`iec`1`dft`5`cix`23`ime`5`dmc`0`t`4`dn`865`fn`866`msz`32`25`0`co`0`pt`5`sp`s_8_2_60_`dm`7`w`100`csq`1`n`867`pw`0`ist`1`ph`0`ju`6`sq`2997`pan`5`ibp`1`crf`8`sdy`0`h`0`iec`1`dft`5`cix`24`ime`5`dmc`0`t`4`dn`868`fn`867`msz`1`0`3`pcl`0`2`0`pc`0`allowPC`false`QuerySrchSpec``2`0`pc`0`allowPC`false`QueryComboBox``2`0`pc`0`allowPC`false`AppletTitle``0`1`na`0`17`2`ai`3`S_A10`nfi`1`n`BT Sales Portal Customer Account Form Applet`cud`3*9211*03*9221*03*9231*03*9171*03*9141*03*8971*13*9241*03*9041*03*9251*03*9261*03*9101*03*9271*03*9281*03*9291*03*9301*13*9311*03*9321*03*9331*03*9061*03*9341*03*9121*03*9351*03*9361*03*9081*03*9371*03*9381*03*9391*03*8981*03*9011*03*9401*03*9411*03*9421*03*9431*03*9441*03*9451*03*9001*03*9461*03*9471*03*9481*13*9491*03*9501*13*9511*03*9521*13*2431*13*9531*13*9541*03*9551*03*9561*03*9571*13*9581*13*9591*03*9601*03*9611*03*9621*13*9631*03*9641*13*9651*03*9661*13*9671*03*9681*03*1421*03*9691*03*9701*13*9711*03*9721*03*9731*13*9741*03*9751*03*9761*03*9771*02*451*12*401*12*391*12*441*12*291*12*431*12*271*12*311*12*991*03*6871*13*3361*13*5681*13*5701*03*6241*13*5841*13*9781*03*9791*03*9801*03*9811*13*9821*13*9831*13*9841*03*9851*03*9861*03*9871*03*9881*03*9891*03*9901*03*9911*03*1551*03*9921*03*9931*03*9941*13*9951*13*9961*03*9971*13*9981*13*9991*14*10001*03*7851*03*1191*14*10011*03*3351*14*10021*14*10031*04*10041*04*10051*04*10061*04*10071*04*10081*04*10091*04*10101*04*10111*03*6361*04*10121*14*10131*13*7731*14*10141*1`cik`3*8971*13*2431*13*9181*02*451*12*401*12*391*02*441*12*291*02*431*02*271*02*311*13*9191*03*9201*03*7731*02*211*12*221*12*231*12*241*12*251*02*261*02*281*02*301*02*321*02*331*12*341*02*351*02*361*02*371*02*381*12*411*02*421*12*201*02*461*12*471*12*481*02*491*02*501*02*511*02*521*02*531*02*541*12*551*13*3061*02*561*02*571*1`shd`51*BT_Sales_Portal_Customer_Account_Form_Applet_Applet94*srf1592409810_444/bscripts/all/controls_applet_bt_sales_portal_customer_account_form_applet.js85*srf1592409810_444/bscripts/all/applet_bt_sales_portal_customer_account_form_applet.js`asq`0`ied`1`vrn`S_A10`tt`896`inu`0`hmn`1`rsp`false`bnr`0`iem``bci`S_BC10`hlc`4*a_101*11*2`i`10`0`15`cl`0`23`1`c`0`pt`5`sp`s_10_1_70_0`dm`7`w`0`n`45`pw`0`ph`0`ju`6`sq`1997`pan`5`mn`45`ibp`1`crf`8`sdy`0`h`0`iec`1`dft`5`ime`5`dmc`0`t`67`dn`392`fn`5`msz`32`13`0`imp`0`SWEField`s_10_1_70_0`SWENeedContext`true`SWER`0`SWESP`false`SWEMethod`ExecuteQuery`SWECmd`InvokeMethod`SWEDIC`false`SWEReqRowId`0`SWEView`BT Consumer - Sales Portal View`SWEC`36`SWEBID`-1`SRN`xK7T2pIB2ZOV15hwlQxQF5reKcoUB8VpMTZr7we8uAEb`SWEApplet`BT Sales Portal Customer Account Form Applet`23`1`c`0`pt`5`sp`s_10_1_75_0`dm`7`w`0`n`43`pw`0`ph`0`ju`6`sq`1997`pan`5`mn`43`ibp`1`crf`8`sdy`0`h`0`iec`1`dft`5`ime`5`dmc`0`t`67`dn`393`fn`5`msz`32`13`0`imp`0`SWEField`s_10_1_75_0`SWENeedContext`true`SWER`0`SWESP`false`SWEMethod`UndoQuery`SWECmd`InvokeMethod`SWEDIC`false`SWEReqRowId`0`SWEView`BT Consumer - Sales Portal View`SWEC`36`SWEBID`-1`SRN`xK7T2pIB2ZOV15hwlQxQF5reKcoUB8VpMTZr7we8uAEb`SWEApplet`BT Sales Portal Customer Account Form Applet`23`1`c`0`pt`5`sp`s_10_1_5_0`dm`7`w`0`n`897`pw`0`ph`0`ju`103`sq`1997`pan`5`mn`897`ibp`1`crf`8`sdy`0`h`0`iec`1`dft`5`ime`5`dmc`0`t`67`dn`773`fn`5`msz`32`13`0`imp`0`SWEField`s_10_1_5_0`SWENeedContext`true`SWER`0`SWESP`false`SWEMethod`SubmitReq`SWECmd`InvokeMethod`SWEDIC`false`SWEReqRowId`0`SWEView`BT Consumer - Sales Portal View`SWEC`36`SWEBID`-1`SRN`xK7T2pIB2ZOV15hwlQxQF5reKcoUB8VpMTZr7we8uAEb`SWEApplet`BT Sales Portal Customer Account Form Applet`24`1`c`0`pt`5`sp`s_10_1_43_0`dm`5`w`0`n`243`eb`&lt;img src=&quot;images/btn_more.gif&quot; border=&quot;0&quot; space=&quot;0&quot; hspace=&quot;0&quot; alt=&quot;Show more&quot;  title=&quot;Show more&quot; &gt;`pw`0`ph`0`ju`6`sq`1997`pan`5`mn`243`ibp`1`crf`8`sdy`0`h`0`iec`1`dft`5`ime`5`dmc`0`t`10`dn`5`fn`5`msz`32`13`0`imp`0`SWEField`s_10_1_43_0`SWENeedContext`true`SWER`0`SWESP`false`SWEMethod`ToggleLayout`SWECmd`InvokeMethod`SWEDIC`false`SWEReqRowId`0`SWEView`BT Consumer - Sales Portal View`SWEC`36`SWEBID`-1`SRN`xK7T2pIB2ZOV15hwlQxQF5reKcoUB8VpMTZr7we8uAEb`SWEApplet`BT Sales Portal Customer Account Form Applet`22`0`c`0`pt`5`sp`s_10_1_27_0`dm`7`w`0`n`898`pw`0`ph`0`ju`6`sq`1997`pan`5`ibp`1`crf`8`sdy`0`h`0`iec`1`dft`5`ime`5`dmc`0`t`4`dn`899`fn`898`msz`255`23`0`c`0`pt`5`sp`s_10_1_35_0`dm`7`w`120`csq`1`n`900`pw`0`ph`0`ju`6`sq`1997`pan`5`ibp`1`crf`8`sdy`0`h`24`iec`1`dft`5`ime`5`dmc`0`t`4`dn`896`fn`99`msz`100`23`0`c`0`pt`5`sp`s_10_1_28_0`dm`7`w`184`csq`1`n`901`pw`0`ph`0`ju`6`sq`1997`pan`5`ibp`1`crf`8`sdy`0`h`96`iec`1`dft`5`ime`5`dmc`0`t`122`dn`902`fn`903`msz`255`23`0`c`0`pt`5`sp`s_10_1_7_0`dm`7`w`224`csq`1`n`904`pw`0`ph`0`ju`6`sq`1997`pan`5`ibp`1`crf`8`sdy`0`h`56`iec`1`dft`5`ime`5`dmc`0`t`122`dn`905`fn`904`msz`255`23`0`c`0`pt`5`sp`s_10_1_123_0`dm`7`w`8`csq`1`n`636`pw`0`ph`0`ju`6`sq`1997`pan`5`ibp`1`crf`8`sdy`0`h`8`iec`1`dft`5`ime`5`dmc`0`t`438`dn`5`fn`333`msz`255`23`0`c`0`pt`5`sp`s_10_1_18_0`dm`7`w`120`csq`1`n`906`pw`0`ph`0`ju`6`sq`1997`pan`5`ibp`1`crf`8`sdy`0`h`24`iec`1`dft`5`ime`5`dmc`0`t`4`dn`907`fn`906`msz`255`23`0`c`0`pt`5`sp`s_10_1_23_0`dm`7`w`120`csq`1`n`908`pw`0`ph`0`ju`6`sq`1997`pan`5`ibp`1`crf`8`sdy`0`h`24`iec`1`dft`5`ime`5`dmc`0`t`4`dn`909`fn`908`msz`255`23`0`c`0`pt`5`sp`s_10_1_10_0`dm`7`w`224`csq`1`n`910`pw`0`ph`0`ju`6`sq`1997`pan`5`ibp`1`crf`8`sdy`0`h`64`iec`1`dft`5`ime`5`dmc`0`t`122`dn`911`fn`910`msz`255`23`0`c`0`pt`5`sp`s_10_1_20_0`dm`7`w`120`csq`1`n`912`pw`0`ph`0`ju`6`sq`1997`pan`5`ibp`1`crf`8`sdy`0`h`24`iec`1`dft`5`ime`5`dmc`0`t`4`dn`913`fn`912`msz`255`23`0`c`0`pt`5`sp`s_10_1_4_0`dm`69`w`120`csq`1`n`914`pw`0`ph`0`ju`6`sq`1997`pan`5`ibp`1`crf`8`sdy`0`h`24`iec`1`dft`5`ime`5`dmc`0`t`4`dn`915`fn`916`msz`255`23`0`c`0`pt`5`sp`s_10_1_3_0`dm`7`w`120`csq`1`n`917`pw`0`ph`0`ju`6`sq`1997`pan`5`ibp`1`crf`8`sdy`0`h`24`iec`1`dft`5`ime`5`dmc`0`t`4`dn`917`fn`119`msz`30`1`0`cfm`0`DeleteRecord`IDS_SWE_DELETE_CONFIRM_WARNING`1`0`aa`0`n`BT Sales Portal Customer Account Form Applet`0`6`nci`0`1`0`SI`0`SX`1`0`33`PI`0`1`0`II`0`CP` * Current Consumer`1`0`II`0`CP` * No Accounts`1`0`II`0`CP` ** Current Consumer`1`0`II`0`CP`* BUSActive Asset`1`0`II`0`CP`* BUSAll Accounts`1`0`II`0`CP`* Dummy Consumer`1`0`II`0`CP`* No Accounts`1`0`II`0`CP`*BT Sport Assets by INSTALL DATE`1`0`II`0`CP`*BT Sports Product`1`0`II`0`CP`All Accounts`1`0`II`0`CP`All Callbacks`1`0`II`0`CP`All Fraud Accounts`1`0`II`0`CP`Available Offline`1`0`II`0`CP`Candidate Accounts`1`0`II`0`CP`Current Account - All Cancelled Orders`1`0`II`0`CP`Current Account - All Closed Orders`1`0`II`0`CP`Current Account - All Complete Orders`1`0`II`0`CP`Current Account - All Open Orders`1`0`II`0`CP`Current Account - All Orders`1`0`II`0`CP`Current Account - All Pending Orders`1`0`II`0`CP`Current Consumer - All Interactions`1`0`II`0`CP`Current Consumer - Unsuccessful Interactions`1`0`II`0`CP`Customer Accounts`1`0`II`0`CP`Failed, Cancelled and Completed Callbacks`1`0`II`0`CP`INS All Agencies`1`0`II`0`CP`Open, In Progress and Scheduled Callbacks`1`0`II`0`CP`PDA_AccountSyncFilter`1`0`II`0`CP`PDA_High Mkt Potential Accounts`1`0`II`0`CP`PDA_Hospital Accounts`1`0`II`0`CP`PDA_Pharmacy Accounts`1`0`II`0`CP`Red Flagged Accounts`1`0`II`0`CP`SWLS`1`0`II`0`CP`Survey Accounts`0`0`VI`0`1`21`AI`0`SX`0`2`0`II`0`CP`1031`VN`1030`2`0`II`0`CP`1033`VN`1032`2`0`II`0`CP`1035`VN`1034`2`0`II`0`CP`1037`VN`1036`2`0`II`0`CP`517`VN`1038`2`0`II`0`CP`1040`VN`1039`2`0`II`0`CP`391`VN`1041`2`0`II`0`CP`1043`VN`1042`2`0`II`0`CP`1045`VN`1044`2`0`II`0`CP`1047`VN`1046`2`0`II`0`CP`1049`VN`1048`2`0`II`0`CP`1051`VN`1050`2`0`II`0`CP`1053`VN`1052`2`0`II`0`CP`1055`VN`1054`2`0`II`0`CP`1057`VN`1056`2`0`II`0`CP`1059`VN`1058`2`0`II`0`CP`657`VN`1060`2`0`II`0`CP`1062`VN`1061`2`0`II`0`CP`1064`VN`1063`2`0`II`0`CP`1066`VN`1065`2`0`II`0`CP`1068`VN`1067`0`0`DI`0`0`0`SDI`0`1`29`il`0`n`Dispatch Board Color Scheme`2`0`i`0`n`Yellow Medium`ici`&lt;img src=&quot;http://localhost:8080/ecommunications_enu_nsm_aps05524a027/images/icon_yellow_md.gif&quot; alt=&quot;Medium Yellow&quot; title=&quot;Medium Yellow&quot; border=&quot;0&quot; space=&quot;0&quot; hspace=&quot;0&quot;&gt;`2`0`i`0`n`Yellow Light`ici`&lt;img src=&quot;http://localhost:8080/ecommunications_enu_nsm_aps05524a027/images/icon_yellow_lt.gif&quot; alt=&quot;Light Yellow&quot; title=&quot;Light Yellow&quot; border=&quot;0&quot; space=&quot;0&quot; hspace=&quot;0&quot;&gt;`2`0`i`0`n`Yellow Dark`ici`&lt;img src=&quot;http://localhost:8080/ecommunications_enu_nsm_aps05524a027/images/icon_yellow_dk.gif&quot; alt=&quot;Dark Yellow&quot; title=&quot;Dark Yellow&quot; border=&quot;0&quot; space=&quot;0&quot; hspace=&quot;0&quot;&gt;`2`0`i`0`n`Yellow`ici`&lt;img src=&quot;http://localhost:8080/ecommunications_enu_nsm_aps05524a027/images/icon_yellow.gif&quot; alt=&quot;Yellow&quot; title=&quot;Yellow&quot; border=&quot;0&quot; space=&quot;0&quot; hspace=&quot;0&quot;&gt;`2`0`i`0`n`Green Light`ici`&lt;img src=&quot;http://localhost:8080/ecommunications_enu_nsm_aps05524a027/images/icon_green_lt.gif&quot; alt=&quot;Light Green&quot; title=&quot;Light Green&quot; border=&quot;0&quot; space=&quot;0&quot; hspace=&quot;0&quot;&gt;`2`0`i`0`n`Green`ici`&lt;img src=&quot;http://localhost:8080/ecommunications_enu_nsm_aps05524a027/images/icon_green.gif&quot; alt=&quot;Green&quot; title=&quot;Green&quot; border=&quot;0&quot; space=&quot;0&quot; hspace=&quot;0&quot;&gt;`2`0`i`0`n`Gray Medium 2`ici`&lt;img src=&quot;http://localhost:8080/ecommunications_enu_nsm_aps05524a027/images/icon_gray_md2.gif&quot; alt=&quot;Medium Gray 2&quot; title=&quot;Medium Gray 2&quot; border=&quot;0&quot; space=&quot;0&quot; hspace=&quot;0&quot;&gt;`2`0`i`0`n`Gray Medium 1`ici`&lt;img src=&quot;http://localhost:8080/ecommunications_enu_nsm_aps05524a027/images/icon_gray_md1.gif&quot; alt=&quot;Medium Gray 1&quot; title=&quot;Medium Gray 1&quot; border=&quot;0&quot; space=&quot;0&quot; hspace=&quot;0&quot;&gt;`2`0`i`0`n`Gray Light 2`ici`&lt;img src=&quot;http://localhost:8080/ecommunications_enu_nsm_aps05524a027/images/icon_gray_lt2.gif&quot; alt=&quot;Light Gray 2&quot; title=&quot;Light Gray 2&quot; border=&quot;0&quot; space=&quot;0&quot; hspace=&quot;0&quot;&gt;`2`0`i`0`n`Gray Light 1`ici`&lt;img src=&quot;http://localhost:8080/ecommunications_enu_nsm_aps05524a027/images/icon_gray_lt1.gif&quot; alt=&quot;Light Gray 1&quot; title=&quot;Light Gray 1&quot; border=&quot;0&quot; space=&quot;0&quot; hspace=&quot;0&quot;&gt;`2`0`i`0`n`Gray Dark 2`ici`&lt;img src=&quot;http://localhost:8080/ecommunications_enu_nsm_aps05524a027/images/icon_gray_dk2.gif&quot; alt=&quot;Dark Gray 2&quot; title=&quot;Dark Gray 2&quot; border=&quot;0&quot; space=&quot;0&quot; hspace=&quot;0&quot;&gt;`2`0`i`0`n`Gray Dark 1`ici`&lt;img src=&quot;http://localhost:8080/ecommunications_enu_nsm_aps05524a027/images/icon_gray_dk1.gif&quot; alt=&quot;Dark Gray 1&quot; title=&quot;Dark Gray 1&quot; border=&quot;0&quot; space=&quot;0&quot; hspace=&quot;0&quot;&gt;`2`0`i`0`n`Gold Medium`ici`&lt;img src=&quot;http://localhost:8080/ecommunications_enu_nsm_aps05524a027/images/icon_gold_md.gif&quot; alt=&quot;Medium Gold&quot; title=&quot;Medium Gold&quot; border=&quot;0&quot; space=&quot;0&quot; hspace=&quot;0&quot;&gt;`2`0`i`0`n`Current Invoices`ici`&lt;img src=&quot;http://localhost:8080/ecommunications_enu_nsm_aps05524a027/images/Invoice_flg.GIF&quot; alt=&quot;Current Invoices&quot; title=&quot;Current Invoices&quot; border=&quot;0&quot; space=&quot;0&quot; hspace=&quot;0&quot;&gt;`2`0`i`0`n`Red`ici`&lt;img src=&quot;http://localhost:8080/ecommunications_enu_nsm_aps05524a027/images/icon_red.gif&quot; alt=&quot;Red&quot; title=&quot;Red&quot; border=&quot;0&quot; space=&quot;0&quot; hspace=&quot;0&quot;&gt;`2`0`i`0`n`Purple Medium`ici`&lt;img src=&quot;http://localhost:8080/ecommunications_enu_nsm_aps05524a027/images/icon_purple_dk.gif&quot; alt=&quot;Medium Purple&quot; title=&quot;Medium Purple&quot; border=&quot;0&quot; space=&quot;0&quot; hspace=&quot;0&quot;&gt;`2`0`i`0`n`Purple Light`ici`&lt;img src=&quot;http://localhost:8080/ecommunications_enu_nsm_aps05524a027/images/icon_purple_lt.gif&quot; alt=&quot;Light Purple&quot; title=&quot;Light Purple&quot; border=&quot;0&quot; space=&quot;0&quot; hspace=&quot;0&quot;&gt;`2`0`i`0`n`Purple Dark`ici`&lt;img src=&quot;http://localhost:8080/ecommunications_enu_nsm_aps05524a027/images/icon_purple_dk.gif&quot; alt=&quot;Dark Purple&quot; title=&quot;Dark Purple&quot; border=&quot;0&quot; space=&quot;0&quot; hspace=&quot;0&quot;&gt;`2`0`i`0`n`Orange Medium`ici`&lt;img src=&quot;http://localhost:8080/ecommunications_enu_nsm_aps05524a027/images/icon_orange_md.gif&quot; alt=&quot;Medium Orange&quot; title=&quot;Medium Orange&quot; border=&quot;0&quot; space=&quot;0&quot; hspace=&quot;0&quot;&gt;`2`0`i`0`n`Orange Light`ici`&lt;img src=&quot;http://localhost:8080/ecommunications_enu_nsm_aps05524a027/images/icon_orange_lt.gif&quot; alt=&quot;Light Orange&quot; title=&quot;Light Orange&quot; border=&quot;0&quot; space=&quot;0&quot; hspace=&quot;0&quot;&gt;`2`0`i`0`n`Orange Dark`ici`&lt;img src=&quot;http://localhost:8080/ecommunications_enu_nsm_aps05524a027/images/icon_orange_dk.gif&quot; alt=&quot;Dark Orange&quot; title=&quot;Dark Orange&quot; border=&quot;0&quot; space=&quot;0&quot; hspace=&quot;0&quot;&gt;`2`0`i`0`n`BT Red`ici`&lt;img src=&quot;http://localhost:8080/ecommunications_enu_nsm_aps05524a027/images/icon_configure_requiredcat.gif&quot; alt=&quot;BT Red&quot; title=&quot;BT Red&quot; border=&quot;0&quot; space=&quot;0&quot; hspace=&quot;0&quot;&gt;`2`0`i`0`n`BT Promotion Asset Indicator`ici`&lt;img src=&quot;http://localhost:8080/ecommunications_enu_nsm_aps05524a027/images/icon_Promotion_Green.gif&quot; alt=&quot;BT Promotion Asset Indicator&quot; title=&quot;BT Promotion Asset Indicator&quot; border=&quot;0&quot; space=&quot;0&quot; hspace=&quot;0&quot;&gt;`2`0`i`0`n`BT Exclamation`ici`&lt;img src=&quot;http://localhost:8080/ecommunications_enu_nsm_aps05524a027/images/icon_configure_conflict.gif&quot; alt=&quot;BT Exclamation&quot; title=&quot;BT Exclamation&quot; border=&quot;0&quot; space=&quot;0&quot; hspace=&quot;0&quot;&gt;`2`0`i`0`n`Blue Medium`ici`&lt;img src=&quot;http://localhost:8080/ecommunications_enu_nsm_aps05524a027/images/icon_blue_md.gif&quot; alt=&quot;Medium Blue&quot; title=&quot;Medium Blue&quot; border=&quot;0&quot; space=&quot;0&quot; hspace=&quot;0&quot;&gt;`2`0`i`0`n`Blue Light`ici`&lt;img src=&quot;http://localhost:8080/ecommunications_enu_nsm_aps05524a027/images/icon_blue_lt.gif&quot; alt=&quot;Light Blue&quot; title=&quot;Light Blue&quot; border=&quot;0&quot; space=&quot;0&quot; hspace=&quot;0&quot;&gt;`2`0`i`0`n`Blue Dark`ici`&lt;img src=&quot;http://localhost:8080/ecommunications_enu_nsm_aps05524a027/images/icon_blue_dk.gif&quot; alt=&quot;Dark Blue&quot; title=&quot;Dark Blue&quot; border=&quot;0&quot; space=&quot;0&quot; hspace=&quot;0&quot;&gt;`2`0`i`0`n`Blue`ici`&lt;img src=&quot;http://localhost:8080/ecommunications_enu_nsm_aps05524a027/images/icon_blue.gif&quot; alt=&quot;Blue&quot; title=&quot;Blue&quot; border=&quot;0&quot; space=&quot;0&quot; hspace=&quot;0&quot;&gt;`2`0`i`0`n`Blank`ici`&lt;img src=&quot;http://localhost:8080/ecommunications_enu_nsm_aps05524a027/images/icon_Clear.gif&quot; alt=&quot;Blank&quot; title=&quot;Blank&quot; border=&quot;0&quot; space=&quot;0&quot; hspace=&quot;0&quot;&gt;`1`2`il`0`n`ToggleListRowCount`2`0`i`0`n`ToggleToMore`ici`&lt;img src=&quot;http://localhost:8080/ecommunications_enu_nsm_aps05524a027/images/btn_more.gif&quot; alt=&quot;Show more&quot; title=&quot;Show more&quot; border=&quot;0&quot; space=&quot;0&quot; hspace=&quot;0&quot;&gt;`2`0`i`0`n`ToggleToLess`ici`&lt;img src=&quot;http://localhost:8080/ecommunications_enu_nsm_aps05524a027/images/btn_less.gif&quot; alt=&quot;Show less&quot; title=&quot;Show less&quot; border=&quot;0&quot; space=&quot;0&quot; hspace=&quot;0&quot;&gt;`2`0`hui`0`n`Sales Portal View`hnact`top._swe._sweapp.S_App.GotoView(&amp;quot;BT Consumer - Sales Portal View&amp;quot;, &amp;quot;&amp;quot;, &amp;quot;/ecommunications_enu_nsm_aps05524a027/start.swe?SWENeedContext=false&amp;amp;SWECmd=GotoBookmarkView&amp;amp;SWEBMC=36&amp;amp;SWEC=36&amp;amp;SRN=xK7T2pIB2ZOV15hwlQxQF5reKcoUB8VpMTZr7we8uAEb&amp;quot;, top._sweclient._swecontent._sweview)`1`7`Command Manager`0`RefreshToolbar`true`7`0`StateToolBar`0`#35`true`#36`true`#17`true`#34`true`#8`false`#37`true`#38`true`0`1`StateExToolBar`0`1`0`#35`0`Checked`false`0`3`FlagsToolBar`0`3`0`#8`0`SWESP`true`SWEH`0`SWEW`0`3`0`#34`0`SWESP`true`SWEH`600`SWEW`800`3`0`#36`0`SWESP`true`SWEH`20`SWEW`380`3`0`State`0`#27`false`#26`false`#28`false`0`3`StateEx`0`0`0`#26`0`0`0`#27`0`1`0`#28`0`Checked`false`0`0`Flags`0`0`10`Accelerators`0`0`6`BT Sales Orders List Applet`0`2`0``0`key`01078`Command`*Browser Applet* *NewRecord*BT Sales Orders List Applet* `2`0``0`key`01178`Command`*Browser Applet* *NewRecord*BT Sales Orders List Applet* `2`0``0`key`01066`Command`*Browser Applet* *CopyRecord*BT Sales Orders List Applet* `2`0``0`key`01167`Command`*Browser Applet* *CopyRecord*BT Sales Orders List Applet* `2`0``0`Command``class`#FL`2`0``0`Command``class`#F`0`2`BT Sales Portal Asset Mgmt - Asset XA List Applet`0`2`0``0`Command``class`#FL`2`0``0`Command``class`#F`0`24`BT Consumer Collated Notes List Applet`0`2`0``0`key`00181`Command`*Browser Applet* *NewQuery*BT Consumer Collated Notes List Applet* `2`0``0`key`01181`Command`*Browser Applet* *NewQuery*BT Consumer Collated Notes List Applet* `2`0``0`key`00171`Command`*Browser Applet* *RefineQuery*BT Consumer Collated Notes List Applet* `2`0``0`key`00182`Command`*Browser Applet* *RefineQuery*BT Consumer Collated Notes List Applet* `2`0``0`key`01182`Command`*Browser Applet* *RefineQuery*BT Consumer Collated Notes List Applet* `2`0``0`key`00113`Command`*Browser Applet* *ExecuteQuery*BT Consumer Collated Notes List Applet* `2`0``0`key`01113`Command`*Browser Applet* *ExecuteQuery*BT Consumer Collated Notes List Applet* `2`0``0`key`00183`Command`*Browser* *SaveQueryAs* *Save Query As Applet*410*250*true`2`0``0`key`01183`Command`*Browser* *SaveQueryAs* *Save Query As Applet*410*250*true`2`0``0`key`01078`Command`*Browser Applet* *NewRecord*BT Consumer Collated Notes List Applet* `2`0``0`key`01178`Command`*Browser Applet* *NewRecord*BT Consumer Collated Notes List Applet* `2`0``0`key`01169`Command`*Browser Applet* *EditRecord*BT Consumer Collated Notes List Applet* `2`0``0`key`01069`Command`*Browser Applet* *EditRecord*BT Consumer Collated Notes List Applet* `2`0``0`key`11083`Command`*Browser Applet* *WriteRecord*BT Consumer Collated Notes List Applet* `2`0``0`key`01083`Command`*Browser Applet* *WriteRecord*BT Consumer Collated Notes List Applet* `2`0``0`key`01066`Command`*Browser Applet* *CopyRecord*BT Consumer Collated Notes List Applet* `2`0``0`key`01167`Command`*Browser Applet* *CopyRecord*BT Consumer Collated Notes List Applet* `2`0``0`key`01085`Command`*Browser Applet* *UndoRecord*BT Consumer Collated Notes List Applet* `2`0``0`key`01185`Command`*Browser Applet* *UndoRecord*BT Consumer Collated Notes List Applet* `2`0``0`key`01068`Command`*Browser Applet* *DeleteRecord*BT Consumer Collated Notes List Applet* `2`0``0`key`01168`Command`*Browser Applet* *DeleteRecord*BT Consumer Collated Notes List Applet* `2`0``0`key`11079`Command`#102`2`0``0`Command``class`#FL`2`0``0`Command``class`#F`0`2`CUT Address Service Point List Applet`0`2`0``0`Command``class`#FL`2`0``0`Command``class`#F`0`8`BT Techcheck Form Applet - Portal`0`2`0``0`key`00181`Command`*Browser Applet* *NewQuery*BT Techcheck Form Applet - Portal* `2`0``0`key`01181`Command`*Browser Applet* *NewQuery*BT Techcheck Form Applet - Portal* `2`0``0`key`00171`Command`*Browser Applet* *RefineQuery*BT Techcheck Form Applet - Portal* `2`0``0`key`00182`Command`*Browser Applet* *RefineQuery*BT Techcheck Form Applet - Portal* `2`0``0`key`01182`Command`*Browser Applet* *RefineQuery*BT Techcheck Form Applet - Portal* `2`0``0`key`00113`Command`*Browser Applet* *ExecuteQuery*BT Techcheck Form Applet - Portal* `2`0``0`key`01113`Command`*Browser Applet* *ExecuteQuery*BT Techcheck Form Applet - Portal* `2`0``0`Command``class`#F`0`2`BT Payment List Applet`0`2`0``0`Command``class`#FL`2`0``0`Command``class`#F`0`7`BT Mobile Sim Scenario selector form applet_CPM Advisor`0`2`0``0`key`01066`Command`*Browser Applet* *CopyRecord*BT Mobile Sim Scenario selector form applet_CPM Advisor* `2`0``0`key`01167`Command`*Browser Applet* *CopyRecord*BT Mobile Sim Scenario selector form applet_CPM Advisor* `2`0``0`key`01078`Command`*Browser Applet* *NewRecord*BT Mobile Sim Scenario selector form applet_CPM Advisor* `2`0``0`key`01178`Command`*Browser Applet* *NewRecord*BT Mobile Sim Scenario selector form applet_CPM Advisor* `2`0``0`key`00181`Command`*Browser Applet* *NewQuery*BT Mobile Sim Scenario selector form applet_CPM Advisor* `2`0``0`key`01181`Command`*Browser Applet* *NewQuery*BT Mobile Sim Scenario selector form applet_CPM Advisor* `2`0``0`Command``class`#F`0`2`BT Consumer Primary Contact Address List Applet`0`2`0``0`Command``class`#FL`2`0``0`Command``class`#F`0`2`BT Active Assets List Applet`0`2`0``0`Command``class`#FL`2`0``0`Command``class`#F`0`22`BT Sales Portal Customer Account Form Applet`0`2`0``0`key`00181`Command`*Browser Applet* *NewQuery*BT Sales Portal Customer Account Form Applet* `2`0``0`key`01181`Command`*Browser Applet* *NewQuery*BT Sales Portal Customer Account Form Applet* `2`0``0`key`00171`Command`*Browser Applet* *RefineQuery*BT Sales Portal Customer Account Form Applet* `2`0``0`key`00182`Command`*Browser Applet* *RefineQuery*BT Sales Portal Customer Account Form Applet* `2`0``0`key`01182`Command`*Browser Applet* *RefineQuery*BT Sales Portal Customer Account Form Applet* `2`0``0`key`01078`Command`*Browser Applet* *NewRecord*BT Sales Portal Customer Account Form Applet* `2`0``0`key`01178`Command`*Browser Applet* *NewRecord*BT Sales Portal Customer Account Form Applet* `2`0``0`key`00183`Command`*Browser* *SaveQueryAs* *Save Query As Applet*410*250*true`2`0``0`key`01183`Command`*Browser* *SaveQueryAs* *Save Query As Applet*410*250*true`2`0``0`key`01169`Command`*Browser Applet* *EditRecord*BT Sales Portal Customer Account Form Applet* `2`0``0`key`01069`Command`*Browser Applet* *EditRecord*BT Sales Portal Customer Account Form Applet* `2`0``0`key`01066`Command`*Browser Applet* *CopyRecord*BT Sales Portal Customer Account Form Applet* `2`0``0`key`01167`Command`*Browser Applet* *CopyRecord*BT Sales Portal Customer Account Form Applet* `2`0``0`key`11083`Command`*Browser Applet* *WriteRecord*BT Sales Portal Customer Account Form Applet* `2`0``0`key`01083`Command`*Browser Applet* *WriteRecord*BT Sales Portal Customer Account Form Applet* `2`0``0`key`01085`Command`*Browser Applet* *UndoRecord*BT Sales Portal Customer Account Form Applet* `2`0``0`key`01185`Command`*Browser Applet* *UndoRecord*BT Sales Portal Customer Account Form Applet* `2`0``0`key`01068`Command`*Browser Applet* *DeleteRecord*BT Sales Portal Customer Account Form Applet* `2`0``0`key`01168`Command`*Browser Applet* *DeleteRecord*BT Sales Portal Customer Account Form Applet* `2`0``0`key`00113`Command`*Browser Applet* *ExecuteQuery*BT Sales Portal Customer Account Form Applet* `2`0``0`key`01113`Command`*Browser Applet* *ExecuteQuery*BT Sales Portal Customer Account Form Applet* `2`0``0`Command``class`#F`</responseData>
  <responseFile class="java.lang.String"></responseFile>
  <cookies class="java.lang.String">_sn=GXmoeGkdwh1O45lrH7mMIZnLMWvqHkVWiQKqDOICOq1fi95anXYMaCRAX879ujDRD9kS4J75N4kGDX576Q2AKmwZPUBih-4NS80Pc1189OxasEbdAsHiEtIhcnCzZ0zWb5V6QpVraL0TTGU4ktkGZq374g8C0pUBRhKVASKeW21TgUW5eIkswq97I-.qG-kr; _srn=_srn; SWEUAID=SWEUAID</cookies>
  <method class="java.lang.String">POST</method>
  <queryString class="java.lang.String">SWER=0&amp;SWEVI=&amp;SWERowId=3-61EV7QEC&amp;s_2_1_22_0=01%2F06%2F1982&amp;SWEC=35&amp;SWEMethod=CreateConsumer&amp;SWEReqRowId=1&amp;SWERPC=1&amp;s_2_1_46_0=Letter&amp;s_2_1_69_0=&amp;s_2_1_0_0=&amp;s_2_1_49_0=Under+Construction&amp;SWENeedContext=true&amp;s_2_1_1_0=Consumer&amp;SWEApplet=BT+Contact+Form+Applet&amp;SWEActiveApplet=BT+Contact+Form+Applet&amp;SWEView=BT+Contact+At+View&amp;SWECmd=InvokeMethod&amp;SWEField=s_2_1_44_0&amp;SRN=xK7T2pIB2ZOV15hwlQxQF5reKcoUB8VpMTZr7we8uAEb&amp;SWESP=false&amp;SWEBID=-1&amp;SWETS={{\d+}}&amp;SWEActiveView=BT+Contact+At+View&amp;SWEDIC=false&amp;SWEP=&amp;SWERowIds=</queryString>
  <java.net.URL>http://localhost:8080/ecommunications_enu_nsm_aps05524a027/start.swe</java.net.URL>
</httpSample>
<httpSample t="{{\d+}}" it="0" lt="{{\d+}}" ct="{{\d+}}" ts="{{\d+}}" s="true" lb="{{\d+}} /ecommunications_enu_nsm_aps05524a027/start.swe" rc="200" rm="OK" tn="Thread Group 1-1" dt="text" de="utf-8" by="5156" sby="1177" sc="1" ec="0" ng="1" na="1" hn="{{.*?}}">
  <responseHeader class="java.lang.String">HTTP/1.1 200 OK
Connection: close
Server: Oracle-iPlanet-Web-Server/7.0
Date: Tue, 23 Jun 2020 13:01:23 GMT
Content-Language: en
Cache-Control: private
Expires: Wed, 23 Jun 2021 14:01:23 GMT
Content-Type: text/html;charset=utf-8
Matched-Stub-Id: {{\w+-\w+-\w+-\w+-\w+}}
Vary: Accept-Encoding, User-Agent
Content-Encoding: gzip
</responseHeader>
  <requestHeader class="java.lang.String">Connection: close
Referer: http://localhost:8080/ecommunications_enu_nsm_aps05524a027/start.swe?SWENeedContext=false&amp;SWECmd=GetCachedFrame&amp;SWEACn=23534&amp;SWEC=3&amp;SWEFrame=top._sweclient._swecontent._sweview&amp;SWEBID=-1&amp;SRN=xK7T2pIB2ZOV15hwlQxQF5reKcoUB8VpMTZr7we8uAEb&amp;SWETS=
Accept-Language: en-GB
DNT: 1
Accept-Encoding: gzip, deflate
Accept: image/jpeg, application/x-ms-application, image/gif, application/xaml+xml, image/pjpeg, application/x-ms-xbap, */*
User-Agent: Mozilla/4.0 (compatible; MSIE 7.0; Windows NT 6.3; WOW64; Trident/7.0; .NET4.0E; .NET4.0C; .NET CLR 3.5.30729; .NET CLR 2.0.50727; .NET CLR 3.0.30729)
Host: localhost:8080
</requestHeader>
  <responseData class="java.lang.String">&lt;HTML &gt;&lt;head&gt;&lt;meta HTTP-EQUIV=&quot;Content-Type&quot; CONTENT=&quot;text/html; charset=UTF-8&quot;&gt;
&lt;title&gt;Sales Portal View&lt;/title&gt;&lt;link href=&quot;files/main.css&quot; rel=&quot;stylesheet&quot;/&gt;
&lt;script language=&quot;javascript&quot; src=&quot;23048/scripts/swecommon.js&quot;&gt;&lt;/script&gt; 
&lt;script language=&quot;javascript&quot; src=&quot;23048/scripts/swecmn_hi.js&quot;&gt;&lt;/script&gt; 
&lt;/head&gt;&lt;body leftmargin=&quot;8&quot; topmargin=&quot;2&quot; marginwidth=&quot;20&quot; marginheight=&quot;2&quot; class=&quot;ScreenBack&quot;&gt;&lt;script&gt;
if(typeof(top._swescript)!=&apos;undefined&apos;&amp;&amp;top._swescript!=null) top._swescript.InitFrame(this);&lt;/script&gt;
&lt;table datatable=&quot;0&quot; summary=&quot;&quot; border=&quot;0&quot; cellspacing=&quot;0&quot; cellpadding=&quot;1&quot; width=&quot;100%&quot;&gt;&lt;tr&gt;&lt;/tr&gt;&lt;/table&gt;&lt;a name=&quot;SWEApplet10&quot; id=&quot;SWEApplet10&quot; href=&quot;#SWEApplet10&quot; title=&quot;Customer&quot;&gt;&lt;/a&gt;
&lt;div id=&apos;s_S_A10_div&apos;oncontextmenu=&apos;HandleContextMenu(&quot;BT Sales Portal Customer Account Form Applet&quot;)&apos; onclick=&apos;HandleAppletClick(&quot;BT Sales Portal Customer Account Form Applet&quot;)&apos;&gt;
&lt;a id=&quot;SWETopHidden10&quot; href=&quot;javascript:void(0);&quot; tabindex=&quot;1000&quot;&gt;&lt;/a&gt;&lt;table datatable=&quot;0&quot; summary=&quot;&quot;&gt;&lt;tr&gt;&lt;td&gt;&lt;img src=&quot;images/spacer.gif&quot; width=&quot;1&quot; height=&quot;3&quot; alt=&quot;&quot;&gt;&lt;/td&gt;&lt;/tr&gt;&lt;/table&gt;&lt;form name=&quot;SWEForm10_0&quot; method=&quot;post&quot; action=&quot;/ecommunications_enu_nsm_aps05524a027/start.swe&quot; onSubmit=&quot;return false;&quot; &gt;
&lt;div class=&quot;NotSelected&quot; id=&quot;a_10&quot;&gt;&lt;table datatable=&quot;0&quot; summary=&quot;&quot; width=&quot;100%&quot; cellpadding=&quot;0&quot; cellspacing=&quot;0&quot; border=&quot;0&quot; align=&quot;center&quot; class=&quot;AppletBack&quot;&gt;&lt;tr&gt;&lt;td class=&quot;AppletHIFormBorder&quot;&gt;&lt;span class=&quot;AppletStyleChild77&quot;&gt;&lt;table datatable=&quot;0&quot; summary=&quot;&quot; width=&quot;100%&quot; cellspacing=&quot;0&quot; cellpadding=&quot;2&quot; border=&quot;0&quot; align=&quot;center&quot;&gt;&lt;tr class=&quot;AppletButtons&quot;&gt;&lt;td nowrap width=&quot;100%&quot; class=&quot;AppletTitle&quot;&gt;&amp;nbsp;Customer&lt;/td&gt;&lt;td nowrap valign=&quot;absmiddle&quot; class=&quot;legend&quot;&gt;&lt;/td&gt;&lt;td width=&quot;100%&quot;&gt;&amp;nbsp;&lt;img src=&quot;images/btn_div_gray.gif&quot; height=&quot;13&quot; align=&quot;middle&quot; alt=&quot;&quot;&gt;&amp;nbsp;&lt;/td&gt;&lt;td valign=&quot;middle&quot; nowrap&gt;&lt;span id=&apos;SWEApplet10_ctrlmsg&apos;&gt;&lt;/span&gt;&lt;/td&gt;&lt;td class=&quot;AppletTitle&quot; valign=&quot;middle&quot; nowrap&gt;&amp;nbsp;&lt;span id=s_10_rc&gt;&lt;/span&gt;&amp;nbsp;&lt;/td&gt;&lt;td&gt;&amp;nbsp;&lt;/td&gt;&lt;td class=&quot;AppletTitle&quot; valign=&quot;middle&quot;&gt;&lt;img src=&quot;images/btn_div.gif&quot; height=&quot;13&quot; align=&quot;middle&quot; alt=&quot;&quot;&gt;&lt;/td&gt;&lt;td&gt;&amp;nbsp;&lt;/td&gt;&lt;td valign=&quot;middle&quot; nowrap&gt;&lt;span id=s_10_1_43_0&gt;&amp;nbsp;&lt;/span&gt;&lt;/td&gt;&lt;td valign=&quot;top&quot; align=&quot;right&quot;&gt;&lt;/td&gt;&lt;/tr&gt;&lt;/table&gt;&lt;table datatable=&quot;0&quot; summary=&quot;&quot; class=&quot;AppletBackTable&quot; width=&quot;100%&quot; cellspacing=&quot;0&quot; cellpadding=&quot;2&quot; align=&quot;center&quot;&gt;&lt;tr class=&quot;AppletBack&quot; align=&quot;left&quot;&gt;&lt;td nowrap class=&quot;AppletMenu&quot;&gt;&lt;span class=&quot;miniBtnUICTop&quot;&gt;&lt;span class=&quot;miniBtnUIC&quot;&gt;&lt;a id=&apos;s_at_m_10&apos; href=&quot;javascript:void(0)&quot; onclick=&quot;window.event.cancelBubble=true; _JMenu_Initialize(this, &apos;BT Sales Portal Customer Account Form Applet&apos;, &apos;Applet&apos;, s_at_m_10Ax, 0, false); return false;&quot; onmouseover=&quot;MinibtnHover(this.parentNode)&quot; onmouseout=&quot;MinibtnOut(this.parentNode)&quot; onmousedown=&quot;MinibtnDown(this.parentNode)&quot; onmouseup=&quot;MinibtnUp(this.parentNode)&quot; &gt;Menu&amp;nbsp;&lt;img border=&quot;0&quot; src=&quot;images/img_arrow.gif&quot; align=&quot;center&quot;&gt;&lt;/a&gt;&lt;/span&gt;&lt;/span&gt;&lt;object id= &quot;s_at_m_10Ax&quot; CLASSID=&quot;CLSID:9174862b-ac3b-4f9f-abc9-a0a3c9fd95d4&quot; codebase=&quot;23048/applets/SiebelAx_HI_Client.cab&quot; width=0 height = 0&gt;&lt;/object&gt;&lt;/td&gt;&lt;td&gt;&lt;img height=1 alt=&quot;&quot; src=&quot;images/spacer.gif&quot; width=4&gt;&lt;/td&gt;&lt;td&gt;&lt;img src=&quot;images/btn_div_gray.gif&quot; height=&quot;13&quot; align=&quot;middle&quot; alt=&quot;&quot;&gt;&lt;/td&gt;&lt;td&gt;&lt;img src=&quot;images/spacer.gif&quot; width=&quot;4&quot; height=&quot;1&quot; alt=&quot;&quot;&gt;&lt;/td&gt;&lt;td nowrap&gt;&lt;span id=s_10_1_70_0&gt;&amp;nbsp;&lt;/span&gt;&lt;/td&gt;&lt;td nowrap&gt;&lt;span id=s_10_1_75_0&gt;&amp;nbsp;&lt;/span&gt;&lt;/td&gt;&lt;td nowrap&gt;&lt;span id=s_10_1_5_0&gt;&amp;nbsp;&lt;/span&gt;&lt;/td&gt;&lt;td&gt;&lt;table datatable=&quot;0&quot; summary=&quot;&quot; width=&quot;100%&quot; valign=&quot;top&quot; align=&quot;center&quot; cellpadding=&apos;0&apos; cellspacing=&apos;0&apos; border=&apos;0&apos;&gt;&lt;/table&gt;&lt;/td&gt;&lt;td class=&quot;mceGridLabel&quot; align=&quot;left&quot; width=&quot;100%&quot; nowrap&gt;&amp;nbsp;&lt;b&gt;&lt;span id=10_msg&gt;&lt;/span&gt;&lt;/b&gt;&lt;/td&gt;&lt;/tr&gt;&lt;/table&gt;&lt;table datatable=&quot;0&quot; summary=&quot;&quot; class=&quot;AppletBackTable&quot; width=&quot;100%&quot; cellspacing=&quot;0&quot; cellpadding=&quot;0&quot; align=&quot;center&quot;&gt;&lt;tr class=&quot;AppletBack&quot;&gt;&lt;td class=&quot;AppletBack&quot;&gt;&lt;img src=&quot;images/spacer.gif&quot; height=&quot;1&quot; width=&quot;1&quot; alt=&quot;&quot;&gt;&lt;/td&gt;&lt;td class=&quot;AppletBlank&quot; width=&quot;100%&quot;&gt;&lt;img src=&quot;images/spacer.gif&quot; height=&quot;1&quot; width=&quot;1&quot; alt=&quot;&quot;&gt;&lt;/td&gt;&lt;/tr&gt;&lt;/table&gt;&lt;span id=10_c_err style=&quot;display: none;&quot;&gt;&lt;table datatable=&quot;0&quot; summary=&quot;&quot; class=&quot;AppletBack&quot; width=&quot;100%&quot; cellpadding=&quot;0&quot; cellspacing=&quot;5&quot; border=&quot;0&quot;&gt;&lt;tr&gt;&lt;td class=&quot;error&quot;&gt;&lt;/td&gt;&lt;/tr&gt;&lt;/table&gt;&lt;/span&gt;&lt;div class=&quot;NotSelected&quot; id=&quot;a_10&quot;&gt;&lt;div align=left style=&quot;width:100%;&quot; class=&quot;GridBorder&quot;&gt;&lt;table class=&quot;GridBack&quot; border=0 cellspacing=0 cellpadding=0&gt;&lt;tr&gt;&lt;td&gt;&lt;/td&gt;&lt;td style=&quot;width:8px;&quot;&gt;&lt;/td&gt;&lt;td style=&quot;width:136px;&quot;&gt;&lt;/td&gt;&lt;td style=&quot;width:120px;&quot;&gt;&lt;/td&gt;&lt;td style=&quot;width:8px;&quot;&gt;&lt;/td&gt;&lt;td style=&quot;width:120px;&quot;&gt;&lt;/td&gt;&lt;td style=&quot;width:64px;&quot;&gt;&lt;/td&gt;&lt;td style=&quot;width:40px;&quot;&gt;&lt;/td&gt;&lt;td style=&quot;width:8px;&quot;&gt;&lt;/td&gt;&lt;td style=&quot;width:72px;&quot;&gt;&lt;/td&gt;&lt;td style=&quot;width:8px;&quot;&gt;&lt;/td&gt;&lt;td style=&quot;width:112px;&quot;&gt;&lt;/td&gt;&lt;td style=&quot;width:16px;&quot;&gt;&lt;/td&gt;&lt;td style=&quot;width:104px;&quot;&gt;&lt;/td&gt;&lt;td style=&quot;width:120px;&quot;&gt;&lt;/td&gt;&lt;/tr&gt;&lt;tr&gt;&lt;td style=&quot;height:8;&quot;&gt;&lt;/td&gt;&lt;td rowSpan=9 colSpan=1&gt;&lt;/td&gt;&lt;td rowSpan=1 colSpan=13&gt;&lt;/td&gt;&lt;/tr&gt;&lt;tr&gt;&lt;td style=&quot;height:24;&quot;&gt;&lt;/td&gt;&lt;td nowrap valign=middle colSpan=1 rowSpan=1&gt;&lt;div class=&quot;mceGridLabel&quot; align=&quot;Right&quot;&gt;&amp;nbsp;Customer:&lt;img src=&quot;images/icon_req.gif&quot; border=&quot;0&quot; space=&quot;0&quot; hspace=&quot;0&quot; alt=&quot;Required&quot;  title=&quot;Required&quot; &gt;&lt;/img&gt;&lt;/div&gt;&lt;/td&gt;&lt;td nowrap valign=middle colSpan=1 rowSpan=1&gt;&lt;div class=&quot;mceGridField&quot;&gt;&lt;script&gt;SWEWriteObjectTag(this,&apos;&lt;object id=s_10_1_35_0 CLASSID=&quot;CLSID:1cb4ef94-8549-471a-b73f-54ff5c244212&quot; HEIGHT=24 WIDTH=120&gt;&lt;/object&gt;&apos;);&lt;/script&gt;&lt;/div&gt;&lt;/td&gt;&lt;td rowSpan=8 colSpan=1&gt;&lt;/td&gt;&lt;td nowrap valign=middle colSpan=1 rowSpan=1&gt;&lt;div class=&quot;mceGridLabel&quot; align=&quot;Right&quot;&gt;&amp;nbsp;Customer Summary:&lt;/div&gt;&lt;/td&gt;&lt;td valign=middle colSpan=4 rowSpan=6&gt;&lt;div class=&quot;mceGridField&quot;&gt;&lt;script&gt;SWEWriteObjectTag(this,&apos;&lt;object id=s_10_1_28_0 CLASSID=&quot;CLSID:1cb4ef94-8549-471a-b73f-54ff5c244212&quot; HEIGHT=96 WIDTH=184&gt;&lt;/object&gt;&apos;);&lt;/script&gt;&lt;/div&gt;&lt;/td&gt;&lt;td rowSpan=8 colSpan=1&gt;&lt;/td&gt;&lt;td nowrap valign=middle colSpan=2 rowSpan=1&gt;&lt;div class=&quot;mceGridLabel&quot; align=&quot;Right&quot;&gt;&amp;nbsp;Billing Summary:&lt;/div&gt;&lt;/td&gt;&lt;td valign=middle colSpan=2 rowSpan=3&gt;&lt;div class=&quot;mceGridField&quot;&gt;&lt;script&gt;SWEWriteObjectTag(this,&apos;&lt;object id=s_10_1_7_0 CLASSID=&quot;CLSID:1cb4ef94-8549-471a-b73f-54ff5c244212&quot; HEIGHT=56 WIDTH=224&gt;&lt;/object&gt;&apos;);&lt;/script&gt;&lt;/div&gt;&lt;/td&gt;&lt;/tr&gt;&lt;tr&gt;&lt;td style=&quot;height:24;&quot;&gt;&lt;/td&gt;&lt;td nowrap valign=middle colSpan=1 rowSpan=1&gt;&lt;div class=&quot;mceGridLabel&quot; align=&quot;Right&quot;&gt;&amp;nbsp;Last Contact Date:&lt;/div&gt;&lt;/td&gt;&lt;td nowrap valign=middle colSpan=1 rowSpan=1&gt;&lt;div class=&quot;mceGridField&quot;&gt;&lt;script&gt;SWEWriteObjectTag(this,&apos;&lt;object id=s_10_1_18_0 CLASSID=&quot;CLSID:1cb4ef94-8549-471a-b73f-54ff5c244212&quot; HEIGHT=24 WIDTH=120&gt;&lt;/object&gt;&apos;);&lt;/script&gt;&lt;/div&gt;&lt;/td&gt;&lt;td rowSpan=5 colSpan=1&gt;&lt;/td&gt;&lt;td rowSpan=2 colSpan=2&gt;&lt;/td&gt;&lt;/tr&gt;&lt;tr&gt;&lt;td style=&quot;height:8;&quot;&gt;&lt;/td&gt;&lt;td nowrap valign=middle colSpan=1 rowSpan=2&gt;&lt;div class=&quot;mceGridLabel&quot; align=&quot;Right&quot;&gt;&amp;nbsp;Last Contact Type:&lt;/div&gt;&lt;/td&gt;&lt;td nowrap valign=middle colSpan=1 rowSpan=2&gt;&lt;div class=&quot;mceGridField&quot;&gt;&lt;script&gt;SWEWriteObjectTag(this,&apos;&lt;object id=s_10_1_23_0 CLASSID=&quot;CLSID:1cb4ef94-8549-471a-b73f-54ff5c244212&quot; HEIGHT=24 WIDTH=120&gt;&lt;/object&gt;&apos;);&lt;/script&gt;&lt;/div&gt;&lt;/td&gt;&lt;/tr&gt;&lt;tr&gt;&lt;td style=&quot;height:16;&quot;&gt;&lt;/td&gt;&lt;td nowrap valign=middle colSpan=2 rowSpan=2&gt;&lt;div class=&quot;mceGridLabel&quot; align=&quot;Right&quot;&gt;&amp;nbsp;Contact Summary:&lt;/div&gt;&lt;/td&gt;&lt;td valign=middle colSpan=2 rowSpan=4&gt;&lt;div class=&quot;mceGridField&quot;&gt;&lt;script&gt;SWEWriteObjectTag(this,&apos;&lt;object id=s_10_1_10_0 CLASSID=&quot;CLSID:1cb4ef94-8549-471a-b73f-54ff5c244212&quot; HEIGHT=64 WIDTH=224&gt;&lt;/object&gt;&apos;);&lt;/script&gt;&lt;/div&gt;&lt;/td&gt;&lt;/tr&gt;&lt;tr&gt;&lt;td style=&quot;height:8;&quot;&gt;&lt;/td&gt;&lt;td nowrap valign=middle colSpan=1 rowSpan=2&gt;&lt;div class=&quot;mceGridLabel&quot; align=&quot;Right&quot;&gt;&amp;nbsp;Last Contact Outcome:&lt;/div&gt;&lt;/td&gt;&lt;td nowrap valign=middle colSpan=1 rowSpan=2&gt;&lt;div class=&quot;mceGridField&quot;&gt;&lt;script&gt;SWEWriteObjectTag(this,&apos;&lt;object id=s_10_1_20_0 CLASSID=&quot;CLSID:1cb4ef94-8549-471a-b73f-54ff5c244212&quot; HEIGHT=24 WIDTH=120&gt;&lt;/object&gt;&apos;);&lt;/script&gt;&lt;/div&gt;&lt;/td&gt;&lt;/tr&gt;&lt;tr&gt;&lt;td style=&quot;height:16;&quot;&gt;&lt;/td&gt;&lt;td rowSpan=3 colSpan=2&gt;&lt;/td&gt;&lt;/tr&gt;&lt;tr&gt;&lt;td style=&quot;height:24;&quot;&gt;&lt;/td&gt;&lt;td nowrap valign=middle colSpan=1 rowSpan=1&gt;&lt;div class=&quot;mceGridLabel&quot; align=&quot;Right&quot;&gt;&amp;nbsp;External Worthiness:&lt;/div&gt;&lt;/td&gt;&lt;td nowrap valign=middle colSpan=1 rowSpan=1&gt;&lt;div class=&quot;mceGridField&quot;&gt;&lt;script&gt;SWEWriteObjectTag(this,&apos;&lt;object id=s_10_1_21_0 CLASSID=&quot;CLSID:1cb4ef94-8549-471a-b73f-54ff5c244212&quot; HEIGHT=24 WIDTH=120&gt;&lt;/object&gt;&apos;);&lt;/script&gt;&lt;/div&gt;&lt;/td&gt;&lt;td nowrap valign=middle colSpan=1 rowSpan=1&gt;&lt;div class=&quot;mceGridLabel&quot; align=&quot;Right&quot;&gt;&amp;nbsp;Internal Worthiness:&lt;/div&gt;&lt;/td&gt;&lt;td nowrap valign=middle colSpan=4 rowSpan=1&gt;&lt;div class=&quot;mceGridField&quot;&gt;&lt;script&gt;SWEWriteObjectTag(this,&apos;&lt;object id=s_10_1_22_0 CLASSID=&quot;CLSID:1cb4ef94-8549-471a-b73f-54ff5c244212&quot; HEIGHT=24 WIDTH=184&gt;&lt;/object&gt;&apos;);&lt;/script&gt;&lt;/div&gt;&lt;/td&gt;&lt;/tr&gt;&lt;tr&gt;&lt;td style=&quot;height:24;&quot;&gt;&lt;/td&gt;&lt;td rowSpan=1 colSpan=1&gt;&lt;/td&gt;&lt;td nowrap valign=middle colSpan=1 rowSpan=1&gt;&lt;div class=&quot;mceGridField&quot;&gt;&lt;span style=display:none; id=s_10_1_4_0_s&gt;&amp;nbsp;&lt;/span&gt;&lt;script&gt;SWEWriteObjectTag(this,&apos;&lt;object id=s_10_1_4_0 CLASSID=&quot;CLSID:1cb4ef94-8549-471a-b73f-54ff5c244212&quot; HEIGHT=24 WIDTH=120&gt;&lt;/object&gt;&apos;);&lt;/script&gt;&lt;/div&gt;&lt;/td&gt;&lt;td rowSpan=1 colSpan=5&gt;&lt;/td&gt;&lt;td rowSpan=1 colSpan=2&gt;&lt;/td&gt;&lt;/tr&gt;&lt;/table&gt;&lt;/div&gt;&lt;/div&gt;&lt;/span&gt;&lt;/td&gt;&lt;/tr&gt;&lt;/table&gt;&lt;/div&gt;&lt;/form&gt;
&lt;a id=&quot;SWEBottomHidden10&quot; href=&quot;javascript:void(0);&quot; tabindex=&quot;1999&quot; onfocus=&quot;document.getElementById(&apos;SWETopHidden10&apos;).focus();&quot;&gt;&lt;/a&gt;&lt;/div&gt;&lt;table datatable=&quot;0&quot; summary=&quot;&quot; width=&quot;100%&quot; align=&quot;center&quot; cellpadding=&quot;0&quot; cellspacing=&quot;0&quot; border=&quot;0&quot;&gt;&lt;tr&gt;&lt;td&gt;&lt;img src=&quot;images/spacer.gif&quot; width=&quot;1&quot; height=&quot;3&quot; alt=&quot;&quot;&gt;&lt;/td&gt;&lt;/tr&gt;&lt;/table&gt;&lt;table datatable=&quot;0&quot; summary=&quot;&quot; width=&quot;100%&quot; cellpadding=&quot;3&quot; border=&quot;0&quot; cellspacing=&quot;0&quot;&gt;&lt;tr&gt;&lt;td valign=&quot;top&quot;&gt;&lt;a name=&quot;SWEApplet8&quot; id=&quot;SWEApplet8&quot; href=&quot;#SWEApplet8&quot; title=&quot;Assets&quot;&gt;&lt;/a&gt;
&lt;div id=&apos;s_S_A8_div&apos;oncontextmenu=&apos;HandleContextMenu(&quot;BT Active Assets List Applet&quot;)&apos; onclick=&apos;HandleAppletClick(&quot;BT Active Assets List Applet&quot;)&apos;&gt;
&lt;a id=&quot;SWETopHidden8&quot; href=&quot;javascript:void(0);&quot; tabindex=&quot;2000&quot;&gt;&lt;/a&gt;&lt;table datatable=&quot;0&quot; summary=&quot;&quot;&gt;&lt;tr&gt;&lt;td&gt;&lt;img src=&quot;images/spacer.gif&quot; width=&quot;1&quot; height=&quot;3&quot; alt=&quot;&quot;&gt;&lt;/td&gt;&lt;/tr&gt;&lt;/table&gt;&lt;form name=&quot;SWEForm8_0&quot; method=&quot;post&quot; action=&quot;/ecommunications_enu_nsm_aps05524a027/start.swe&quot; &gt;
&lt;span class=&quot;AppletStyleChild77&quot;&gt;&lt;div class=&quot;NotSelected&quot; id=&quot;a_8&quot;&gt;&lt;table datatable=&quot;0&quot; summary=&quot;&quot; width=&quot;100%&quot; cellspacing=&quot;0&quot; cellpadding=&quot;2&quot; border=&quot;0&quot; align=&quot;center&quot;&gt;&lt;tr class=&quot;AppletButtons&quot; align=&quot;left&quot;&gt;&lt;td class=&quot;AppletTitle&quot; nowrap&gt;&amp;nbsp;Assets&amp;nbsp;&amp;nbsp;&lt;img src=&quot;images/btn_div_gray.gif&quot; height=&quot;13&quot; align=&quot;middle&quot; alt=&quot;&quot;&gt;&amp;nbsp;&lt;/td&gt;&lt;td nowrap class=&quot;AppletMenu&quot;&gt;&lt;span class=&quot;miniBtnUICTop&quot;&gt;&lt;span class=&quot;miniBtnUIC&quot;&gt;&lt;a id=&apos;s_at_m_8&apos; href=&quot;javascript:void(0)&quot; onclick=&quot;window.event.cancelBubble=true; _JMenu_Initialize(this, &apos;BT Active Assets List Applet&apos;, &apos;Applet&apos;, s_at_m_8Ax, 0, false); return false;&quot; onmouseover=&quot;MinibtnHover(this.parentNode)&quot; onmouseout=&quot;MinibtnOut(this.parentNode)&quot; onmousedown=&quot;MinibtnDown(this.parentNode)&quot; onmouseup=&quot;MinibtnUp(this.parentNode)&quot; &gt;Menu&amp;nbsp;&lt;img border=&quot;0&quot; src=&quot;images/img_arrow.gif&quot; align=&quot;center&quot;&gt;&lt;/a&gt;&lt;/span&gt;&lt;/span&gt;&lt;object id= &quot;s_at_m_8Ax&quot; CLASSID=&quot;CLSID:9174862b-ac3b-4f9f-abc9-a0a3c9fd95d4&quot; codebase=&quot;23048/applets/SiebelAx_HI_Client.cab&quot; width=0 height = 0&gt;&lt;/object&gt;&lt;/td&gt;&lt;td&gt;&lt;img height=1 alt=&quot;&quot; src=&quot;images/spacer.gif&quot; width=4&gt;&lt;/td&gt;&lt;td&gt;&lt;img src=&quot;images/btn_div_gray.gif&quot; height=&quot;13&quot; align=&quot;middle&quot; alt=&quot;&quot;&gt;&lt;/td&gt;&lt;td&gt;&lt;img src=&quot;images/spacer.gif&quot; width=&quot;4&quot; height=&quot;1&quot; alt=&quot;&quot;&gt;&lt;/td&gt;&lt;td nowrap&gt;&lt;span id=s_8_1_55_0&gt;&amp;nbsp;&lt;/span&gt;&lt;/td&gt;&lt;td nowrap&gt;&lt;span id=s_8_1_6_0&gt;&amp;nbsp;&lt;/span&gt;&lt;/td&gt;&lt;td nowrap&gt;&lt;span id=s_8_1_39_0&gt;&amp;nbsp;&lt;/span&gt;&lt;/td&gt;&lt;td nowrap&gt;&lt;span id=s_8_1_35_0&gt;&amp;nbsp;&lt;/span&gt;&lt;/td&gt;&lt;td nowrap&gt;&lt;span id=s_8_1_30_0&gt;&amp;nbsp;&lt;/span&gt;&lt;/td&gt;&lt;td nowrap&gt;&lt;span id=s_8_1_20_0&gt;&amp;nbsp;&lt;/span&gt;&lt;/td&gt;&lt;td nowrap&gt;&lt;span id=s_8_1_7_0&gt;&amp;nbsp;&lt;/span&gt;&lt;/td&gt;&lt;td nowrap&gt;&lt;span id=s_8_1_47_0&gt;&amp;nbsp;&lt;/span&gt;&lt;/td&gt;&lt;td nowrap&gt;&lt;span id=s_8_1_51_0&gt;&amp;nbsp;&lt;/span&gt;&lt;/td&gt;&lt;td nowrap&gt;&lt;span id=s_8_1_52_0&gt;&amp;nbsp;&lt;/span&gt;&lt;/td&gt;&lt;td nowrap&gt;&lt;span id=s_8_1_9_0&gt;&amp;nbsp;&lt;/span&gt;&lt;/td&gt;&lt;td nowrap&gt;&lt;span id=s_8_1_53_0&gt;&amp;nbsp;&lt;/span&gt;&lt;/td&gt;&lt;td nowrap&gt;&lt;span id=s_8_1_13_0&gt;&amp;nbsp;&lt;/span&gt;&lt;/td&gt;&lt;td nowrap&gt;&lt;span id=s_8_1_54_0&gt;&amp;nbsp;&lt;/span&gt;&lt;/td&gt;&lt;td valign=&quot;middle&quot;&gt;&lt;img src=&quot;images/btn_div_gray.gif&quot; height=&quot;13&quot; align=&quot;middle&quot; alt=&quot;&quot;&gt;&lt;/td&gt;&lt;td valign=&quot;middle&quot; nowrap&gt;&lt;span id=s_8_1_10_0&gt;&amp;nbsp;&lt;/span&gt;&lt;/td&gt;&lt;td&gt;&amp;nbsp;&lt;/td&gt;&lt;td&gt;&lt;table datatable=&quot;0&quot; summary=&quot;&quot; width=&quot;100%&quot; valign=&quot;top&quot; align=&quot;center&quot; cellpadding=&apos;0&apos; cellspacing=&apos;0&apos; border=&apos;0&apos;&gt;&lt;/table&gt;&lt;/td&gt;&lt;td nowrap&gt;&amp;nbsp;&lt;b&gt;&lt;span id=8_msg&gt;&lt;/span&gt;&lt;/b&gt;&lt;/td&gt;&lt;td align=&quot;right&quot; width=&quot;100%&quot;&gt;&lt;td valign=&quot;middle&quot; nowrap&gt;&lt;span id=&apos;SWEApplet8_ctrlmsg&apos;&gt;&lt;/span&gt;&lt;/td&gt;&lt;td valign=&quot;middle&quot; nowrap&gt;&amp;nbsp;&lt;span id=s_8_rc&gt;&lt;/span&gt;&amp;nbsp;&lt;/td&gt;&lt;td valign=&quot;middle&quot;&gt;&amp;nbsp;&lt;img src=&quot;images/btn_div_gray.gif&quot; height=&quot;13&quot; align=&quot;middle&quot; alt=&quot;&quot;&gt;&amp;nbsp;&lt;/td&gt;&lt;td valign=&quot;middle&quot; nowrap&gt;&lt;b&gt;&lt;span id=s_8_1_17_0&gt;&amp;nbsp;&lt;/span&gt;&lt;/b&gt;&lt;/td&gt;&lt;td valign=&quot;middle&quot; nowrap&gt;&lt;span id=s_8_1_11_0&gt;&amp;nbsp;&lt;/span&gt;&lt;/td&gt;&lt;td valign=&quot;middle&quot; nowrap&gt;&lt;b&gt;&lt;span id=s_8_1_8_0&gt;&amp;nbsp;&lt;/span&gt;&lt;/b&gt;&lt;/td&gt;&lt;td valign=&quot;middle&quot; nowrap&gt;&lt;span id=s_8_1_15_0&gt;&amp;nbsp;&lt;/span&gt;&lt;/td&gt;&lt;td valign=&quot;middle&quot; nowrap&gt;&lt;span id=s_8_1_16_0&gt;&amp;nbsp;&lt;/span&gt;&lt;/td&gt;&lt;td valign=&quot;middle&quot; nowrap&gt;&lt;span id=s_8_1_3_0&gt;&amp;nbsp;&lt;/span&gt;&lt;/td&gt;&lt;td valign=&quot;middle&quot; nowrap&gt;&lt;span id=s_8_1_4_0&gt;&amp;nbsp;&lt;/span&gt;&lt;/td&gt;&lt;/td&gt;&lt;td valign=&quot;top&quot; align=&quot;right&quot;&gt;&lt;/td&gt;&lt;/tr&gt;&lt;/table&gt;&lt;span id=8_c_err style=&quot;display: none;&quot;&gt;&lt;table datatable=&quot;0&quot; summary=&quot;&quot; class=&quot;AppletBack&quot; width=&quot;100%&quot; cellpadding=&quot;4&quot; cellspacing=&quot;0&quot; border=&quot;0&quot;&gt;&lt;tr&gt;&lt;td class=&quot;error&quot;&gt;&lt;br&gt;&amp;nbsp;&lt;/td&gt;&lt;/tr&gt;&lt;/table&gt;&lt;/span&gt;&lt;div class=&quot;AppletHIListBorder&quot;&gt;&lt;div id=&quot;s_8_ld&quot; STYLE=&quot;height:124px&quot;&gt;&lt;div&gt;&lt;/div&gt;&lt;script&gt;SWEWriteObjectTag(this,&apos;&lt;object id=&quot;s_8_l&quot;  CLASSID=&quot;CLSID:a9967980-c623-4092-b952-fcf15f67b8a5&quot; WIDTH=100% HEIGHT=100%&gt;&lt;/OBJECT&gt;&apos;);&lt;/script&gt;&lt;/div&gt;&lt;/div&gt;&lt;/div&gt;&lt;/span&gt;&lt;/form&gt;
&lt;a id=&quot;SWEBottomHidden8&quot; href=&quot;javascript:void(0);&quot; tabindex=&quot;2999&quot; onfocus=&quot;document.getElementById(&apos;SWETopHidden8&apos;).focus();&quot;&gt;&lt;/a&gt;&lt;/div&gt;&lt;a name=&quot;SWEApplet7&quot; id=&quot;SWEApplet7&quot; href=&quot;#SWEApplet7&quot; title=&quot;Mobile Sim Scenario selector&quot;&gt;&lt;/a&gt;
&lt;div id=&apos;s_S_A7_div&apos;oncontextmenu=&apos;HandleContextMenu(&quot;BT Mobile Sim Scenario selector form applet_CPM Advisor&quot;)&apos; onclick=&apos;HandleAppletClick(&quot;BT Mobile Sim Scenario selector form applet_CPM Advisor&quot;)&apos;&gt;
&lt;a id=&quot;SWETopHidden7&quot; href=&quot;javascript:void(0);&quot; tabindex=&quot;3000&quot;&gt;&lt;/a&gt;&lt;table datatable=&quot;0&quot; summary=&quot;&quot;&gt;&lt;tr&gt;&lt;td&gt;&lt;img src=&quot;images/spacer.gif&quot; width=&quot;1&quot; height=&quot;3&quot; alt=&quot;&quot;&gt;&lt;/td&gt;&lt;/tr&gt;&lt;/table&gt;&lt;form name=&quot;SWEForm7_0&quot; method=&quot;post&quot; action=&quot;/ecommunications_enu_nsm_aps05524a027/start.swe&quot; onSubmit=&quot;return false;&quot; &gt;
&lt;div class=&quot;NotSelected&quot; id=&quot;a_7&quot;&gt;&lt;table datatable=&quot;0&quot; summary=&quot;&quot; width=&quot;100%&quot; cellpadding=&quot;0&quot; cellspacing=&quot;0&quot; border=&quot;0&quot; align=&quot;center&quot; class=&quot;AppletBack&quot;&gt;&lt;tr&gt;&lt;td class=&quot;AppletHIFormBorder&quot;&gt;&lt;span class=&quot;AppletStyleChild77&quot;&gt;&lt;table datatable=&quot;0&quot; summary=&quot;&quot; width=&quot;100%&quot; cellspacing=&quot;0&quot; cellpadding=&quot;2&quot; border=&quot;0&quot; align=&quot;center&quot;&gt;&lt;tr class=&quot;AppletButtons&quot;&gt;&lt;td nowrap width=&quot;100%&quot; class=&quot;AppletTitle&quot;&gt;&amp;nbsp;Mobile Sim Scenario selector&lt;/td&gt;&lt;td nowrap valign=&quot;absmiddle&quot; class=&quot;legend&quot;&gt;&lt;/td&gt;&lt;td width=&quot;100%&quot;&gt;&amp;nbsp;&lt;img src=&quot;images/btn_div_gray.gif&quot; height=&quot;13&quot; align=&quot;middle&quot; alt=&quot;&quot;&gt;&amp;nbsp;&lt;/td&gt;&lt;td valign=&quot;middle&quot; nowrap&gt;&lt;span id=&apos;SWEApplet7_ctrlmsg&apos;&gt;&lt;/span&gt;&lt;/td&gt;&lt;td class=&quot;AppletTitle&quot; valign=&quot;middle&quot; nowrap&gt;&amp;nbsp;&lt;span id=s_7_rc&gt;&lt;/span&gt;&amp;nbsp;&lt;/td&gt;&lt;td valign=&quot;top&quot; align=&quot;right&quot;&gt;&lt;/td&gt;&lt;/tr&gt;&lt;/table&gt;&lt;table datatable=&quot;0&quot; summary=&quot;&quot; class=&quot;AppletBackTable&quot; width=&quot;100%&quot; cellspacing=&quot;0&quot; cellpadding=&quot;2&quot; align=&quot;center&quot;&gt;&lt;tr class=&quot;AppletBack&quot; align=&quot;left&quot;&gt;&lt;td nowrap class=&quot;AppletMenu&quot;&gt;&lt;span class=&quot;miniBtnUICTop&quot;&gt;&lt;span class=&quot;miniBtnUIC&quot;&gt;&lt;a id=&apos;s_at_m_7&apos; href=&quot;javascript:void(0)&quot; onclick=&quot;window.event.cancelBubble=true; _JMenu_Initialize(this, &apos;BT Mobile Sim Scenario selector form applet_CPM Advisor&apos;, &apos;Applet&apos;, s_at_m_7Ax, 0, false); return false;&quot; onmouseover=&quot;MinibtnHover(this.parentNode)&quot; onmouseout=&quot;MinibtnOut(this.parentNode)&quot; onmousedown=&quot;MinibtnDown(this.parentNode)&quot; onmouseup=&quot;MinibtnUp(this.parentNode)&quot; &gt;Menu&amp;nbsp;&lt;img border=&quot;0&quot; src=&quot;images/img_arrow.gif&quot; align=&quot;center&quot;&gt;&lt;/a&gt;&lt;/span&gt;&lt;/span&gt;&lt;object id= &quot;s_at_m_7Ax&quot; CLASSID=&quot;CLSID:9174862b-ac3b-4f9f-abc9-a0a3c9fd95d4&quot; codebase=&quot;23048/applets/SiebelAx_HI_Client.cab&quot; width=0 height = 0&gt;&lt;/object&gt;&lt;/td&gt;&lt;td&gt;&lt;img height=1 alt=&quot;&quot; src=&quot;images/spacer.gif&quot; width=4&gt;&lt;/td&gt;&lt;td&gt;&lt;img src=&quot;images/btn_div_gray.gif&quot; height=&quot;13&quot; align=&quot;middle&quot; alt=&quot;&quot;&gt;&lt;/td&gt;&lt;td&gt;&lt;img src=&quot;images/spacer.gif&quot; width=&quot;4&quot; height=&quot;1&quot; alt=&quot;&quot;&gt;&lt;/td&gt;&lt;td&gt;&lt;table datatable=&quot;0&quot; summary=&quot;&quot; width=&quot;100%&quot; valign=&quot;top&quot; align=&quot;center&quot; cellpadding=&apos;0&apos; cellspacing=&apos;0&apos; border=&apos;0&apos;&gt;&lt;/table&gt;&lt;/td&gt;&lt;td class=&quot;mceGridLabel&quot; align=&quot;left&quot; width=&quot;100%&quot; nowrap&gt;&amp;nbsp;&lt;b&gt;&lt;span id=7_msg&gt;&lt;/span&gt;&lt;/b&gt;&lt;/td&gt;&lt;/tr&gt;&lt;/table&gt;&lt;table datatable=&quot;0&quot; summary=&quot;&quot; class=&quot;AppletBackTable&quot; width=&quot;100%&quot; cellspacing=&quot;0&quot; cellpadding=&quot;0&quot; align=&quot;center&quot;&gt;&lt;tr class=&quot;AppletBack&quot;&gt;&lt;td class=&quot;AppletBack&quot;&gt;&lt;img src=&quot;images/spacer.gif&quot; height=&quot;1&quot; width=&quot;1&quot; alt=&quot;&quot;&gt;&lt;/td&gt;&lt;td class=&quot;AppletBlank&quot; width=&quot;100%&quot;&gt;&lt;img src=&quot;images/spacer.gif&quot; height=&quot;1&quot; width=&quot;1&quot; alt=&quot;&quot;&gt;&lt;/td&gt;&lt;/tr&gt;&lt;/table&gt;&lt;span id=7_c_err style=&quot;display: none;&quot;&gt;&lt;table datatable=&quot;0&quot; summary=&quot;&quot; class=&quot;AppletBack&quot; width=&quot;100%&quot; cellpadding=&quot;0&quot; cellspacing=&quot;5&quot; border=&quot;0&quot;&gt;&lt;tr&gt;&lt;td class=&quot;error&quot;&gt;&lt;/td&gt;&lt;/tr&gt;&lt;/table&gt;&lt;/span&gt;&lt;div class=&quot;NotSelected&quot; id=&quot;a_7&quot;&gt;&lt;div align=left style=&quot;width:100%;&quot; class=&quot;GridBorder&quot;&gt;&lt;table class=&quot;GridBack&quot; border=0 cellspacing=0 cellpadding=0&gt;&lt;tr&gt;&lt;td&gt;&lt;/td&gt;&lt;td style=&quot;width:120px;&quot;&gt;&lt;/td&gt;&lt;td style=&quot;width:32px;&quot;&gt;&lt;/td&gt;&lt;td style=&quot;width:120px;&quot;&gt;&lt;/td&gt;&lt;td style=&quot;width:8px;&quot;&gt;&lt;/td&gt;&lt;td style=&quot;width:40px;&quot;&gt;&lt;/td&gt;&lt;td style=&quot;width:120px;&quot;&gt;&lt;/td&gt;&lt;td style=&quot;width:192px;&quot;&gt;&lt;/td&gt;&lt;td style=&quot;width:120px;&quot;&gt;&lt;/td&gt;&lt;/tr&gt;&lt;tr&gt;&lt;td style=&quot;height:8;&quot;&gt;&lt;/td&gt;&lt;td rowSpan=4 colSpan=1&gt;&lt;/td&gt;&lt;td nowrap valign=middle colSpan=1 rowSpan=2&gt;&lt;div class=&quot;mceGridField&quot;&gt;&lt;script&gt;SWEWriteObjectTag(this,&apos;&lt;object id=s_7_1_2_0 CLASSID=&quot;CLSID:1cb4ef94-8549-471a-b73f-54ff5c244212&quot; HEIGHT=12 WIDTH=12&gt;&lt;/object&gt;&apos;);&lt;/script&gt;&lt;/div&gt;&lt;/td&gt;&lt;td nowrap valign=middle colSpan=1 rowSpan=2&gt;&lt;div class=&quot;mceGridLabel&quot; align=&quot;Left&quot;&gt;Activate Sim&lt;/div&gt;&lt;div style=&quot;display:none;&quot;&gt;:&lt;/div&gt;&lt;/td&gt;&lt;td rowSpan=4 colSpan=1&gt;&lt;/td&gt;&lt;td rowSpan=3 colSpan=1&gt;&lt;/td&gt;&lt;td rowSpan=1 colSpan=3&gt;&lt;/td&gt;&lt;/tr&gt;&lt;tr&gt;&lt;td style=&quot;height:16;&quot;&gt;&lt;/td&gt;&lt;td nowrap valign=middle colSpan=1 rowSpan=2&gt;&lt;div class=&quot;mceGridField&quot;&gt;&lt;span id=s_7_1_0_0&gt;&amp;nbsp;&lt;/span&gt;&lt;/div&gt;&lt;/td&gt;&lt;td rowSpan=2 colSpan=2&gt;&lt;/td&gt;&lt;/tr&gt;&lt;tr&gt;&lt;td style=&quot;height:8;&quot;&gt;&lt;/td&gt;&lt;td rowSpan=1 colSpan=2&gt;&lt;/td&gt;&lt;/tr&gt;&lt;tr&gt;&lt;td style=&quot;height:24;&quot;&gt;&lt;/td&gt;&lt;td nowrap valign=middle colSpan=1 rowSpan=1&gt;&lt;div class=&quot;mceGridField&quot;&gt;&lt;script&gt;SWEWriteObjectTag(this,&apos;&lt;object id=s_7_1_3_0 CLASSID=&quot;CLSID:1cb4ef94-8549-471a-b73f-54ff5c244212&quot; HEIGHT=12 WIDTH=12&gt;&lt;/object&gt;&apos;);&lt;/script&gt;&lt;/div&gt;&lt;/td&gt;&lt;td nowrap valign=middle colSpan=1 rowSpan=1&gt;&lt;div class=&quot;mceGridLabel&quot; align=&quot;Left&quot;&gt;Sim Bar&lt;/div&gt;&lt;div style=&quot;display:none;&quot;&gt;:&lt;/div&gt;&lt;/td&gt;&lt;td nowrap valign=middle colSpan=3 rowSpan=1&gt;&lt;div class=&quot;mceGridLabel&quot; align=&quot;Right&quot;&gt;&amp;nbsp;Name of Non-Account holder:&lt;/div&gt;&lt;/td&gt;&lt;td nowrap valign=middle colSpan=1 rowSpan=1&gt;&lt;div class=&quot;mceGridField&quot;&gt;&lt;script&gt;SWEWriteObjectTag(this,&apos;&lt;object id=s_7_1_1_0 CLASSID=&quot;CLSID:1cb4ef94-8549-471a-b73f-54ff5c244212&quot; HEIGHT=24 WIDTH=120&gt;&lt;/object&gt;&apos;);&lt;/script&gt;&lt;/div&gt;&lt;/td&gt;&lt;/tr&gt;&lt;/table&gt;&lt;/div&gt;&lt;/div&gt;&lt;/span&gt;&lt;/td&gt;&lt;/tr&gt;&lt;/table&gt;&lt;/div&gt;&lt;/form&gt;
&lt;a id=&quot;SWEBottomHidden7&quot; href=&quot;javascript:void(0);&quot; tabindex=&quot;3999&quot; onfocus=&quot;document.getElementById(&apos;SWETopHidden7&apos;).focus();&quot;&gt;&lt;/a&gt;&lt;/div&gt;&lt;a name=&quot;SWEApplet2&quot; id=&quot;SWEApplet2&quot; href=&quot;#SWEApplet2&quot; title=&quot;Sales Orders&quot;&gt;&lt;/a&gt;
&lt;div id=&apos;s_S_A2_div&apos;oncontextmenu=&apos;HandleContextMenu(&quot;BT Sales Orders List Applet&quot;)&apos; onclick=&apos;HandleAppletClick(&quot;BT Sales Orders List Applet&quot;)&apos;&gt;
&lt;a id=&quot;SWETopHidden2&quot; href=&quot;javascript:void(0);&quot; tabindex=&quot;4000&quot;&gt;&lt;/a&gt;&lt;table datatable=&quot;0&quot; summary=&quot;&quot;&gt;&lt;tr&gt;&lt;td&gt;&lt;img src=&quot;images/spacer.gif&quot; width=&quot;1&quot; height=&quot;3&quot; alt=&quot;&quot;&gt;&lt;/td&gt;&lt;/tr&gt;&lt;/table&gt;&lt;form name=&quot;SWEForm2_0&quot; method=&quot;post&quot; action=&quot;/ecommunications_enu_nsm_aps05524a027/start.swe&quot; &gt;
&lt;span class=&quot;AppletStyleChild77&quot;&gt;&lt;div class=&quot;NotSelected&quot; id=&quot;a_2&quot;&gt;&lt;table datatable=&quot;0&quot; summary=&quot;&quot; width=&quot;100%&quot; cellspacing=&quot;0&quot; cellpadding=&quot;2&quot; border=&quot;0&quot; align=&quot;center&quot;&gt;&lt;tr class=&quot;AppletButtons&quot; align=&quot;left&quot;&gt;&lt;td class=&quot;AppletTitle&quot; nowrap&gt;&amp;nbsp;Sales Orders&amp;nbsp;&amp;nbsp;&lt;img src=&quot;images/btn_div_gray.gif&quot; height=&quot;13&quot; align=&quot;middle&quot; alt=&quot;&quot;&gt;&amp;nbsp;&lt;/td&gt;&lt;td nowrap class=&quot;AppletMenu&quot;&gt;&lt;span class=&quot;miniBtnUICTop&quot;&gt;&lt;span class=&quot;miniBtnUIC&quot;&gt;&lt;a id=&apos;s_at_m_2&apos; href=&quot;javascript:void(0)&quot; onclick=&quot;window.event.cancelBubble=true; _JMenu_Initialize(this, &apos;BT Sales Orders List Applet&apos;, &apos;Applet&apos;, s_at_m_2Ax, 0, false); return false;&quot; onmouseover=&quot;MinibtnHover(this.parentNode)&quot; onmouseout=&quot;MinibtnOut(this.parentNode)&quot; onmousedown=&quot;MinibtnDown(this.parentNode)&quot; onmouseup=&quot;MinibtnUp(this.parentNode)&quot; &gt;Menu&amp;nbsp;&lt;img border=&quot;0&quot; src=&quot;images/img_arrow.gif&quot; align=&quot;center&quot;&gt;&lt;/a&gt;&lt;/span&gt;&lt;/span&gt;&lt;object id= &quot;s_at_m_2Ax&quot; CLASSID=&quot;CLSID:9174862b-ac3b-4f9f-abc9-a0a3c9fd95d4&quot; codebase=&quot;23048/applets/SiebelAx_HI_Client.cab&quot; width=0 height = 0&gt;&lt;/object&gt;&lt;/td&gt;&lt;td&gt;&lt;img height=1 alt=&quot;&quot; src=&quot;images/spacer.gif&quot; width=4&gt;&lt;/td&gt;&lt;td&gt;&lt;img src=&quot;images/btn_div_gray.gif&quot; height=&quot;13&quot; align=&quot;middle&quot; alt=&quot;&quot;&gt;&lt;/td&gt;&lt;td&gt;&lt;img src=&quot;images/spacer.gif&quot; width=&quot;4&quot; height=&quot;1&quot; alt=&quot;&quot;&gt;&lt;/td&gt;&lt;td nowrap&gt;&lt;span id=s_2_1_21_0&gt;&amp;nbsp;&lt;/span&gt;&lt;/td&gt;&lt;td nowrap&gt;&lt;span id=s_2_1_20_0&gt;&amp;nbsp;&lt;/span&gt;&lt;/td&gt;&lt;td nowrap&gt;&lt;span id=s_2_1_5_0&gt;&amp;nbsp;&lt;/span&gt;&lt;/td&gt;&lt;td nowrap&gt;&lt;span id=s_2_1_9_0&gt;&amp;nbsp;&lt;/span&gt;&lt;/td&gt;&lt;td nowrap&gt;&lt;span id=s_2_1_3_0&gt;&amp;nbsp;&lt;/span&gt;&lt;/td&gt;&lt;td nowrap&gt;&lt;span id=s_2_1_25_0&gt;&amp;nbsp;&lt;/span&gt;&lt;/td&gt;&lt;td&gt;&lt;table datatable=&quot;0&quot; summary=&quot;&quot; width=&quot;100%&quot; valign=&quot;top&quot; align=&quot;center&quot; cellpadding=&apos;0&apos; cellspacing=&apos;0&apos; border=&apos;0&apos;&gt;&lt;/table&gt;&lt;/td&gt;&lt;td nowrap&gt;&amp;nbsp;&lt;b&gt;&lt;span id=2_msg&gt;&lt;/span&gt;&lt;/b&gt;&lt;/td&gt;&lt;td align=&quot;right&quot; width=&quot;100%&quot;&gt;&lt;td valign=&quot;middle&quot; nowrap&gt;&lt;span id=&apos;SWEApplet2_ctrlmsg&apos;&gt;&lt;/span&gt;&lt;/td&gt;&lt;td valign=&quot;middle&quot; nowrap&gt;&amp;nbsp;&lt;span id=s_2_rc&gt;&lt;/span&gt;&amp;nbsp;&lt;/td&gt;&lt;td valign=&quot;middle&quot;&gt;&amp;nbsp;&lt;img src=&quot;images/btn_div_gray.gif&quot; height=&quot;13&quot; align=&quot;middle&quot; alt=&quot;&quot;&gt;&amp;nbsp;&lt;/td&gt;&lt;td valign=&quot;middle&quot; nowrap&gt;&lt;span id=s_2_1_31_0&gt;&amp;nbsp;&lt;/span&gt;&lt;/td&gt;&lt;td valign=&quot;middle&quot; nowrap&gt;&lt;span id=s_2_1_8_0&gt;&amp;nbsp;&lt;/span&gt;&lt;/td&gt;&lt;/td&gt;&lt;td valign=&quot;top&quot; align=&quot;right&quot;&gt;&lt;/td&gt;&lt;/tr&gt;&lt;/table&gt;&lt;span id=2_c_err style=&quot;display: none;&quot;&gt;&lt;table datatable=&quot;0&quot; summary=&quot;&quot; class=&quot;AppletBack&quot; width=&quot;100%&quot; cellpadding=&quot;4&quot; cellspacing=&quot;0&quot; border=&quot;0&quot;&gt;&lt;tr&gt;&lt;td class=&quot;error&quot;&gt;&lt;br&gt;&amp;nbsp;&lt;/td&gt;&lt;/tr&gt;&lt;/table&gt;&lt;/span&gt;&lt;div class=&quot;AppletHIListBorder&quot;&gt;&lt;div id=&quot;s_2_ld&quot; STYLE=&quot;height:142px&quot;&gt;&lt;div&gt;&lt;/div&gt;&lt;script&gt;SWEWriteObjectTag(this,&apos;&lt;object id=&quot;s_2_l&quot;  CLASSID=&quot;CLSID:a9967980-c623-4092-b952-fcf15f67b8a5&quot; WIDTH=100% HEIGHT=100%&gt;&lt;/OBJECT&gt;&apos;);&lt;/script&gt;&lt;/div&gt;&lt;/div&gt;&lt;/div&gt;&lt;/span&gt;&lt;/form&gt;
&lt;a id=&quot;SWEBottomHidden2&quot; href=&quot;javascript:void(0);&quot; tabindex=&quot;4999&quot; onfocus=&quot;document.getElementById(&apos;SWETopHidden2&apos;).focus();&quot;&gt;&lt;/a&gt;&lt;/div&gt;&lt;a name=&quot;SWEApplet9&quot; id=&quot;SWEApplet9&quot; href=&quot;#SWEApplet9&quot; title=&quot;Addresses&quot;&gt;&lt;/a&gt;
&lt;div id=&apos;s_S_A9_div&apos;oncontextmenu=&apos;HandleContextMenu(&quot;BT Consumer Primary Contact Address List Applet&quot;)&apos; onclick=&apos;HandleAppletClick(&quot;BT Consumer Primary Contact Address List Applet&quot;)&apos;&gt;
&lt;a id=&quot;SWETopHidden9&quot; href=&quot;javascript:void(0);&quot; tabindex=&quot;5000&quot;&gt;&lt;/a&gt;&lt;table datatable=&quot;0&quot; summary=&quot;&quot;&gt;&lt;tr&gt;&lt;td&gt;&lt;img src=&quot;images/spacer.gif&quot; width=&quot;1&quot; height=&quot;3&quot; alt=&quot;&quot;&gt;&lt;/td&gt;&lt;/tr&gt;&lt;/table&gt;&lt;form name=&quot;SWEForm9_0&quot; method=&quot;post&quot; action=&quot;/ecommunications_enu_nsm_aps05524a027/start.swe&quot; &gt;
&lt;span class=&quot;AppletStyleChild77&quot;&gt;&lt;div class=&quot;NotSelected&quot; id=&quot;a_9&quot;&gt;&lt;table datatable=&quot;0&quot; summary=&quot;&quot; width=&quot;100%&quot; cellspacing=&quot;0&quot; cellpadding=&quot;2&quot; border=&quot;0&quot; align=&quot;center&quot;&gt;&lt;tr class=&quot;AppletButtons&quot; align=&quot;left&quot;&gt;&lt;td class=&quot;AppletTitle&quot; nowrap&gt;&amp;nbsp;Addresses&amp;nbsp;&amp;nbsp;&lt;img src=&quot;images/btn_div_gray.gif&quot; height=&quot;13&quot; align=&quot;middle&quot; alt=&quot;&quot;&gt;&amp;nbsp;&lt;/td&gt;&lt;td nowrap class=&quot;AppletMenu&quot;&gt;&lt;span class=&quot;miniBtnUICTop&quot;&gt;&lt;span class=&quot;miniBtnUIC&quot;&gt;&lt;a id=&apos;s_at_m_9&apos; href=&quot;javascript:void(0)&quot; onclick=&quot;window.event.cancelBubble=true; _JMenu_Initialize(this, &apos;BT Consumer Primary Contact Address List Applet&apos;, &apos;Applet&apos;, s_at_m_9Ax, 0, false); return false;&quot; onmouseover=&quot;MinibtnHover(this.parentNode)&quot; onmouseout=&quot;MinibtnOut(this.parentNode)&quot; onmousedown=&quot;MinibtnDown(this.parentNode)&quot; onmouseup=&quot;MinibtnUp(this.parentNode)&quot; &gt;Menu&amp;nbsp;&lt;img border=&quot;0&quot; src=&quot;images/img_arrow.gif&quot; align=&quot;center&quot;&gt;&lt;/a&gt;&lt;/span&gt;&lt;/span&gt;&lt;object id= &quot;s_at_m_9Ax&quot; CLASSID=&quot;CLSID:9174862b-ac3b-4f9f-abc9-a0a3c9fd95d4&quot; codebase=&quot;23048/applets/SiebelAx_HI_Client.cab&quot; width=0 height = 0&gt;&lt;/object&gt;&lt;/td&gt;&lt;td&gt;&lt;img height=1 alt=&quot;&quot; src=&quot;images/spacer.gif&quot; width=4&gt;&lt;/td&gt;&lt;td&gt;&lt;img src=&quot;images/btn_div_gray.gif&quot; height=&quot;13&quot; align=&quot;middle&quot; alt=&quot;&quot;&gt;&lt;/td&gt;&lt;td&gt;&lt;img src=&quot;images/spacer.gif&quot; width=&quot;4&quot; height=&quot;1&quot; alt=&quot;&quot;&gt;&lt;/td&gt;&lt;td nowrap&gt;&lt;span id=s_9_1_9_0&gt;&amp;nbsp;&lt;/span&gt;&lt;/td&gt;&lt;td nowrap&gt;&lt;span id=s_9_1_8_0&gt;&amp;nbsp;&lt;/span&gt;&lt;/td&gt;&lt;td nowrap&gt;&lt;span id=s_9_1_10_0&gt;&amp;nbsp;&lt;/span&gt;&lt;/td&gt;&lt;td nowrap&gt;&lt;span id=s_9_1_3_0&gt;&amp;nbsp;&lt;/span&gt;&lt;/td&gt;&lt;td nowrap&gt;&lt;span id=s_9_1_4_0&gt;&amp;nbsp;&lt;/span&gt;&lt;/td&gt;&lt;td&gt;&lt;table datatable=&quot;0&quot; summary=&quot;&quot; width=&quot;100%&quot; valign=&quot;top&quot; align=&quot;center&quot; cellpadding=&apos;0&apos; cellspacing=&apos;0&apos; border=&apos;0&apos;&gt;&lt;/table&gt;&lt;/td&gt;&lt;td nowrap&gt;&amp;nbsp;&lt;b&gt;&lt;span id=9_msg&gt;&lt;/span&gt;&lt;/b&gt;&lt;/td&gt;&lt;td align=&quot;right&quot; width=&quot;100%&quot;&gt;&lt;td valign=&quot;middle&quot; nowrap&gt;&lt;span id=&apos;SWEApplet9_ctrlmsg&apos;&gt;&lt;/span&gt;&lt;/td&gt;&lt;td valign=&quot;middle&quot; nowrap&gt;&amp;nbsp;&lt;span id=s_9_rc&gt;&lt;/span&gt;&amp;nbsp;&lt;/td&gt;&lt;td valign=&quot;middle&quot;&gt;&amp;nbsp;&lt;img src=&quot;images/btn_div_gray.gif&quot; height=&quot;13&quot; align=&quot;middle&quot; alt=&quot;&quot;&gt;&amp;nbsp;&lt;/td&gt;&lt;/td&gt;&lt;td valign=&quot;top&quot; align=&quot;right&quot;&gt;&lt;/td&gt;&lt;/tr&gt;&lt;/table&gt;&lt;span id=9_c_err style=&quot;display: none;&quot;&gt;&lt;table datatable=&quot;0&quot; summary=&quot;&quot; class=&quot;AppletBack&quot; width=&quot;100%&quot; cellpadding=&quot;4&quot; cellspacing=&quot;0&quot; border=&quot;0&quot;&gt;&lt;tr&gt;&lt;td class=&quot;error&quot;&gt;&lt;br&gt;&amp;nbsp;&lt;/td&gt;&lt;/tr&gt;&lt;/table&gt;&lt;/span&gt;&lt;div class=&quot;AppletHIListBorder&quot;&gt;&lt;div id=&quot;s_9_ld&quot; STYLE=&quot;height:106px&quot;&gt;&lt;div&gt;&lt;/div&gt;&lt;script&gt;SWEWriteObjectTag(this,&apos;&lt;object id=&quot;s_9_l&quot;  CLASSID=&quot;CLSID:a9967980-c623-4092-b952-fcf15f67b8a5&quot; WIDTH=100% HEIGHT=100%&gt;&lt;/OBJECT&gt;&apos;);&lt;/script&gt;&lt;/div&gt;&lt;/div&gt;&lt;/div&gt;&lt;/span&gt;&lt;/form&gt;
&lt;a id=&quot;SWEBottomHidden9&quot; href=&quot;javascript:void(0);&quot; tabindex=&quot;5999&quot; onfocus=&quot;document.getElementById(&apos;SWETopHidden9&apos;).focus();&quot;&gt;&lt;/a&gt;&lt;/div&gt;&lt;/td&gt;&lt;td valign=&quot;top&quot;&gt;&lt;a name=&quot;SWEApplet1&quot; id=&quot;SWEApplet1&quot; href=&quot;#SWEApplet1&quot; title=&quot;Attributes&quot;&gt;&lt;/a&gt;
&lt;div id=&apos;s_S_A1_div&apos;oncontextmenu=&apos;HandleContextMenu(&quot;BT Sales Portal Asset Mgmt - Asset XA List Applet&quot;)&apos; onclick=&apos;HandleAppletClick(&quot;BT Sales Portal Asset Mgmt - Asset XA List Applet&quot;)&apos;&gt;
&lt;a id=&quot;SWETopHidden1&quot; href=&quot;javascript:void(0);&quot; tabindex=&quot;6000&quot;&gt;&lt;/a&gt;&lt;table datatable=&quot;0&quot; summary=&quot;&quot;&gt;&lt;tr&gt;&lt;td&gt;&lt;img src=&quot;images/spacer.gif&quot; width=&quot;1&quot; height=&quot;3&quot; alt=&quot;&quot;&gt;&lt;/td&gt;&lt;/tr&gt;&lt;/table&gt;&lt;form name=&quot;SWEForm1_0&quot; method=&quot;post&quot; action=&quot;/ecommunications_enu_nsm_aps05524a027/start.swe&quot; &gt;
&lt;span class=&quot;AppletStyleChild77&quot;&gt;&lt;div class=&quot;NotSelected&quot; id=&quot;a_1&quot;&gt;&lt;table datatable=&quot;0&quot; summary=&quot;&quot; width=&quot;100%&quot; cellspacing=&quot;0&quot; cellpadding=&quot;2&quot; border=&quot;0&quot; align=&quot;center&quot;&gt;&lt;tr class=&quot;AppletButtons&quot; align=&quot;left&quot;&gt;&lt;td class=&quot;AppletTitle&quot; nowrap&gt;&amp;nbsp;Attributes&amp;nbsp;&amp;nbsp;&lt;img src=&quot;images/btn_div_gray.gif&quot; height=&quot;13&quot; align=&quot;middle&quot; alt=&quot;&quot;&gt;&amp;nbsp;&lt;/td&gt;&lt;td nowrap class=&quot;AppletMenu&quot;&gt;&lt;span class=&quot;miniBtnUICTop&quot;&gt;&lt;span class=&quot;miniBtnUIC&quot;&gt;&lt;a id=&apos;s_at_m_1&apos; href=&quot;javascript:void(0)&quot; onclick=&quot;window.event.cancelBubble=true; _JMenu_Initialize(this, &apos;BT Sales Portal Asset Mgmt - Asset XA List Applet&apos;, &apos;Applet&apos;, s_at_m_1Ax, 0, false); return false;&quot; onmouseover=&quot;MinibtnHover(this.parentNode)&quot; onmouseout=&quot;MinibtnOut(this.parentNode)&quot; onmousedown=&quot;MinibtnDown(this.parentNode)&quot; onmouseup=&quot;MinibtnUp(this.parentNode)&quot; &gt;Menu&amp;nbsp;&lt;img border=&quot;0&quot; src=&quot;images/img_arrow.gif&quot; align=&quot;center&quot;&gt;&lt;/a&gt;&lt;/span&gt;&lt;/span&gt;&lt;object id= &quot;s_at_m_1Ax&quot; CLASSID=&quot;CLSID:9174862b-ac3b-4f9f-abc9-a0a3c9fd95d4&quot; codebase=&quot;23048/applets/SiebelAx_HI_Client.cab&quot; width=0 height = 0&gt;&lt;/object&gt;&lt;/td&gt;&lt;td&gt;&lt;img height=1 alt=&quot;&quot; src=&quot;images/spacer.gif&quot; width=4&gt;&lt;/td&gt;&lt;td&gt;&lt;img src=&quot;images/btn_div_gray.gif&quot; height=&quot;13&quot; align=&quot;middle&quot; alt=&quot;&quot;&gt;&lt;/td&gt;&lt;td&gt;&lt;img src=&quot;images/spacer.gif&quot; width=&quot;4&quot; height=&quot;1&quot; alt=&quot;&quot;&gt;&lt;/td&gt;&lt;td nowrap&gt;&lt;span id=s_1_1_16_0&gt;&amp;nbsp;&lt;/span&gt;&lt;/td&gt;&lt;td nowrap&gt;&lt;span id=s_1_1_11_0&gt;&amp;nbsp;&lt;/span&gt;&lt;/td&gt;&lt;td nowrap&gt;&lt;span id=s_1_1_6_0&gt;&amp;nbsp;&lt;/span&gt;&lt;/td&gt;&lt;td nowrap&gt;&lt;span id=s_1_1_4_0&gt;&amp;nbsp;&lt;/span&gt;&lt;/td&gt;&lt;td nowrap&gt;&lt;span id=s_1_1_3_0&gt;&amp;nbsp;&lt;/span&gt;&lt;/td&gt;&lt;td&gt;&lt;table datatable=&quot;0&quot; summary=&quot;&quot; width=&quot;100%&quot; valign=&quot;top&quot; align=&quot;center&quot; cellpadding=&apos;0&apos; cellspacing=&apos;0&apos; border=&apos;0&apos;&gt;&lt;/table&gt;&lt;/td&gt;&lt;td nowrap&gt;&amp;nbsp;&lt;b&gt;&lt;span id=1_msg&gt;&lt;/span&gt;&lt;/b&gt;&lt;/td&gt;&lt;td align=&quot;right&quot; width=&quot;100%&quot;&gt;&lt;td valign=&quot;middle&quot; nowrap&gt;&lt;span id=&apos;SWEApplet1_ctrlmsg&apos;&gt;&lt;/span&gt;&lt;/td&gt;&lt;td valign=&quot;middle&quot; nowrap&gt;&amp;nbsp;&lt;span id=s_1_rc&gt;&lt;/span&gt;&amp;nbsp;&lt;/td&gt;&lt;td valign=&quot;middle&quot;&gt;&amp;nbsp;&lt;img src=&quot;images/btn_div_gray.gif&quot; height=&quot;13&quot; align=&quot;middle&quot; alt=&quot;&quot;&gt;&amp;nbsp;&lt;/td&gt;&lt;td valign=&quot;middle&quot; nowrap&gt;&lt;span id=s_1_1_5_0&gt;&amp;nbsp;&lt;/span&gt;&lt;/td&gt;&lt;/td&gt;&lt;td valign=&quot;top&quot; align=&quot;right&quot;&gt;&lt;/td&gt;&lt;/tr&gt;&lt;/table&gt;&lt;span id=1_c_err style=&quot;display: none;&quot;&gt;&lt;table datatable=&quot;0&quot; summary=&quot;&quot; class=&quot;AppletBack&quot; width=&quot;100%&quot; cellpadding=&quot;4&quot; cellspacing=&quot;0&quot; border=&quot;0&quot;&gt;&lt;tr&gt;&lt;td class=&quot;error&quot;&gt;&lt;br&gt;&amp;nbsp;&lt;/td&gt;&lt;/tr&gt;&lt;/table&gt;&lt;/span&gt;&lt;div class=&quot;AppletHIListBorder&quot;&gt;&lt;div id=&quot;s_1_ld&quot; STYLE=&quot;height:124px&quot;&gt;&lt;div&gt;&lt;/div&gt;&lt;script&gt;SWEWriteObjectTag(this,&apos;&lt;object id=&quot;s_1_l&quot;  CLASSID=&quot;CLSID:a9967980-c623-4092-b952-fcf15f67b8a5&quot; WIDTH=100% HEIGHT=100%&gt;&lt;/OBJECT&gt;&apos;);&lt;/script&gt;&lt;/div&gt;&lt;/div&gt;&lt;/div&gt;&lt;/span&gt;&lt;/form&gt;
&lt;a id=&quot;SWEBottomHidden1&quot; href=&quot;javascript:void(0);&quot; tabindex=&quot;6999&quot; onfocus=&quot;document.getElementById(&apos;SWETopHidden1&apos;).focus();&quot;&gt;&lt;/a&gt;&lt;/div&gt;&lt;a name=&quot;SWEApplet5&quot; id=&quot;SWEApplet5&quot; href=&quot;#SWEApplet5&quot; title=&quot;Tech Check - Portal&quot;&gt;&lt;/a&gt;
&lt;div id=&apos;s_S_A5_div&apos;oncontextmenu=&apos;HandleContextMenu(&quot;BT Techcheck Form Applet - Portal&quot;)&apos; onclick=&apos;HandleAppletClick(&quot;BT Techcheck Form Applet - Portal&quot;)&apos;&gt;
&lt;a id=&quot;SWETopHidden5&quot; href=&quot;javascript:void(0);&quot; tabindex=&quot;7000&quot;&gt;&lt;/a&gt;&lt;table datatable=&quot;0&quot; summary=&quot;&quot;&gt;&lt;tr&gt;&lt;td&gt;&lt;img src=&quot;images/spacer.gif&quot; width=&quot;1&quot; height=&quot;3&quot; alt=&quot;&quot;&gt;&lt;/td&gt;&lt;/tr&gt;&lt;/table&gt;&lt;form name=&quot;SWEForm5_0&quot; method=&quot;post&quot; action=&quot;/ecommunications_enu_nsm_aps05524a027/start.swe&quot; onSubmit=&quot;return false;&quot; &gt;
&lt;div class=&quot;NotSelected&quot; id=&quot;a_5&quot;&gt;&lt;table datatable=&quot;0&quot; summary=&quot;&quot; width=&quot;100%&quot; cellpadding=&quot;0&quot; cellspacing=&quot;0&quot; border=&quot;0&quot; align=&quot;center&quot; class=&quot;AppletBack&quot;&gt;&lt;tr&gt;&lt;td class=&quot;AppletHIFormBorder&quot;&gt;&lt;span class=&quot;AppletStyleChild77&quot;&gt;&lt;table datatable=&quot;0&quot; summary=&quot;&quot; width=&quot;100%&quot; cellspacing=&quot;0&quot; cellpadding=&quot;2&quot; border=&quot;0&quot; align=&quot;center&quot;&gt;&lt;tr class=&quot;AppletButtons&quot;&gt;&lt;td nowrap width=&quot;100%&quot; class=&quot;AppletTitle&quot;&gt;&amp;nbsp;Tech Check - Portal&lt;/td&gt;&lt;td nowrap valign=&quot;absmiddle&quot; class=&quot;legend&quot;&gt;&lt;/td&gt;&lt;td width=&quot;100%&quot;&gt;&amp;nbsp;&lt;img src=&quot;images/btn_div_gray.gif&quot; height=&quot;13&quot; align=&quot;middle&quot; alt=&quot;&quot;&gt;&amp;nbsp;&lt;/td&gt;&lt;td valign=&quot;middle&quot; nowrap&gt;&lt;span id=&apos;SWEApplet5_ctrlmsg&apos;&gt;&lt;/span&gt;&lt;/td&gt;&lt;td class=&quot;AppletTitle&quot; valign=&quot;middle&quot; nowrap&gt;&lt;span id=s_5_1_17_0&gt;&amp;nbsp;&lt;/span&gt;&lt;/td&gt;&lt;td class=&quot;AppletTitle&quot; valign=&quot;middle&quot; nowrap&gt;&amp;nbsp;&lt;span id=s_5_rc&gt;&lt;/span&gt;&amp;nbsp;&lt;/td&gt;&lt;td class=&quot;AppletTitle&quot; valign=&quot;middle&quot; nowrap&gt;&lt;span id=s_5_1_16_0&gt;&amp;nbsp;&lt;/span&gt;&lt;/td&gt;&lt;td valign=&quot;top&quot; align=&quot;right&quot;&gt;&lt;/td&gt;&lt;/tr&gt;&lt;/table&gt;&lt;table datatable=&quot;0&quot; summary=&quot;&quot; class=&quot;AppletBackTable&quot; width=&quot;100%&quot; cellspacing=&quot;0&quot; cellpadding=&quot;2&quot; align=&quot;center&quot;&gt;&lt;tr class=&quot;AppletBack&quot; align=&quot;left&quot;&gt;&lt;td nowrap class=&quot;AppletMenu&quot;&gt;&lt;span class=&quot;miniBtnUICTop&quot;&gt;&lt;span class=&quot;miniBtnUIC&quot;&gt;&lt;a id=&apos;s_at_m_5&apos; href=&quot;javascript:void(0)&quot; onclick=&quot;window.event.cancelBubble=true; _JMenu_Initialize(this, &apos;BT Techcheck Form Applet - Portal&apos;, &apos;Applet&apos;, s_at_m_5Ax, 0, false); return false;&quot; onmouseover=&quot;MinibtnHover(this.parentNode)&quot; onmouseout=&quot;MinibtnOut(this.parentNode)&quot; onmousedown=&quot;MinibtnDown(this.parentNode)&quot; onmouseup=&quot;MinibtnUp(this.parentNode)&quot; &gt;Menu&amp;nbsp;&lt;img border=&quot;0&quot; src=&quot;images/img_arrow.gif&quot; align=&quot;center&quot;&gt;&lt;/a&gt;&lt;/span&gt;&lt;/span&gt;&lt;object id= &quot;s_at_m_5Ax&quot; CLASSID=&quot;CLSID:9174862b-ac3b-4f9f-abc9-a0a3c9fd95d4&quot; codebase=&quot;23048/applets/SiebelAx_HI_Client.cab&quot; width=0 height = 0&gt;&lt;/object&gt;&lt;/td&gt;&lt;td&gt;&lt;img height=1 alt=&quot;&quot; src=&quot;images/spacer.gif&quot; width=4&gt;&lt;/td&gt;&lt;td&gt;&lt;img src=&quot;images/btn_div_gray.gif&quot; height=&quot;13&quot; align=&quot;middle&quot; alt=&quot;&quot;&gt;&lt;/td&gt;&lt;td&gt;&lt;img src=&quot;images/spacer.gif&quot; width=&quot;4&quot; height=&quot;1&quot; alt=&quot;&quot;&gt;&lt;/td&gt;&lt;td nowrap&gt;&lt;span id=s_5_1_21_0&gt;&amp;nbsp;&lt;/span&gt;&lt;/td&gt;&lt;td nowrap&gt;&lt;span id=s_5_1_7_0&gt;&amp;nbsp;&lt;/span&gt;&lt;/td&gt;&lt;td&gt;&lt;table datatable=&quot;0&quot; summary=&quot;&quot; width=&quot;100%&quot; valign=&quot;top&quot; align=&quot;center&quot; cellpadding=&apos;0&apos; cellspacing=&apos;0&apos; border=&apos;0&apos;&gt;&lt;/table&gt;&lt;/td&gt;&lt;td class=&quot;mceGridLabel&quot; align=&quot;left&quot; width=&quot;100%&quot; nowrap&gt;&amp;nbsp;&lt;b&gt;&lt;span id=5_msg&gt;&lt;/span&gt;&lt;/b&gt;&lt;/td&gt;&lt;/tr&gt;&lt;/table&gt;&lt;table datatable=&quot;0&quot; summary=&quot;&quot; class=&quot;AppletBackTable&quot; width=&quot;100%&quot; cellspacing=&quot;0&quot; cellpadding=&quot;0&quot; align=&quot;center&quot;&gt;&lt;tr class=&quot;AppletBack&quot;&gt;&lt;td class=&quot;AppletBack&quot;&gt;&lt;img src=&quot;images/spacer.gif&quot; height=&quot;1&quot; width=&quot;1&quot; alt=&quot;&quot;&gt;&lt;/td&gt;&lt;td class=&quot;AppletBlank&quot; width=&quot;100%&quot;&gt;&lt;img src=&quot;images/spacer.gif&quot; height=&quot;1&quot; width=&quot;1&quot; alt=&quot;&quot;&gt;&lt;/td&gt;&lt;/tr&gt;&lt;/table&gt;&lt;table datatable=&quot;0&quot; summary=&quot;&quot; width=&quot;100%&quot; cellpadding=&quot;0&quot; cellspacing=&quot;0&quot; border=&quot;0&quot; align=&quot;center&quot; class=&quot;AppletBack&quot;&gt;&lt;tr&gt;&lt;td&gt;&lt;span id=5_c_err style=&quot;display: none;&quot;&gt;&lt;table datatable=&quot;0&quot; summary=&quot;&quot; class=&quot;AppletBack&quot; width=&quot;100%&quot; cellpadding=&quot;0&quot; cellspacing=&quot;5&quot; border=&quot;0&quot;&gt;&lt;tr&gt;&lt;td class=&quot;error&quot;&gt;&lt;/td&gt;&lt;/tr&gt;&lt;/table&gt;&lt;/span&gt;&lt;table datatable=&quot;0&quot; summary=&quot;&quot; class=&quot;AppletBack&quot; width=&quot;100%&quot; cellpadding=&quot;0&quot; cellspacing=&quot;5&quot; border=&quot;0&quot;&gt;&lt;tr valign=&quot;top&quot;&gt;&lt;td width=&quot;50%&quot;&gt;&lt;table datatable=&quot;0&quot; summary=&quot;&quot; width=&quot;100%&quot; cellpadding=&quot;0&quot; cellspacing=&quot;0&quot; border=&quot;0&quot;&gt;&lt;tr valign=&quot;top&quot;&gt;&lt;td&gt;&lt;table datatable=&quot;0&quot; summary=&quot;&quot; width=&quot;100%&quot; border=&quot;0&quot; cellspacing=&quot;2&quot; cellpadding=&quot;0&quot; align=&quot;center&quot;&gt;&lt;tr valign=&quot;middle&quot;&gt;&lt;td nowrap&gt;&lt;div class=&quot;mceLabel&quot; align=&quot;Right&quot;&gt;Telephone Number:&lt;/div&gt;&lt;/td&gt;&lt;td&gt;&lt;span class=&quot;mceField&quot; &gt;&lt;script&gt;SWEWriteObjectTag(this,&apos;&lt;object id=s_5_1_13_0 CLASSID=&quot;CLSID:1cb4ef94-8549-471a-b73f-54ff5c244212&quot; HEIGHT=20 WIDTH=175&gt;&lt;/object&gt;&apos;);&lt;/script&gt;&lt;/span&gt;&lt;/td&gt;&lt;/tr&gt;&lt;tr valign=&quot;middle&quot;&gt;&lt;td nowrap&gt;&lt;div class=&quot;mceLabel&quot; align=&quot;Right&quot;&gt;Product Family:&lt;/div&gt;&lt;/td&gt;&lt;td&gt;&lt;span class=&quot;mceField&quot; &gt;&lt;script&gt;SWEWriteObjectTag(this,&apos;&lt;object id=s_5_1_3_0 CLASSID=&quot;CLSID:1cb4ef94-8549-471a-b73f-54ff5c244212&quot; HEIGHT=20 WIDTH=175&gt;&lt;/object&gt;&apos;);&lt;/script&gt;&lt;/span&gt;&lt;/td&gt;&lt;/tr&gt;&lt;tr valign=&quot;middle&quot;&gt;&lt;td nowrap&gt;&lt;div class=&quot;mceLabel&quot; align=&quot;Right&quot;&gt;SIM Provide Scenario:&lt;/div&gt;&lt;/td&gt;&lt;td&gt;&lt;span class=&quot;mceField&quot; &gt;&lt;script&gt;SWEWriteObjectTag(this,&apos;&lt;object id=s_5_1_4_0 CLASSID=&quot;CLSID:1cb4ef94-8549-471a-b73f-54ff5c244212&quot; HEIGHT=20 WIDTH=175&gt;&lt;/object&gt;&apos;);&lt;/script&gt;&lt;/span&gt;&lt;/td&gt;&lt;/tr&gt;&lt;tr valign=&quot;middle&quot;&gt;&lt;td nowrap&gt;&lt;div class=&quot;mceLabel&quot; align=&quot;Right&quot;&gt;SIM Reference:&lt;/div&gt;&lt;/td&gt;&lt;td&gt;&lt;span class=&quot;mceField&quot; &gt;&lt;script&gt;SWEWriteObjectTag(this,&apos;&lt;object id=s_5_1_5_0 CLASSID=&quot;CLSID:1cb4ef94-8549-471a-b73f-54ff5c244212&quot; HEIGHT=20 WIDTH=175&gt;&lt;/object&gt;&apos;);&lt;/script&gt;&lt;/span&gt;&lt;/td&gt;&lt;/tr&gt;&lt;tr valign=&quot;middle&quot;&gt;&lt;td nowrap&gt;&lt;div class=&quot;mceLabel&quot; align=&quot;Right&quot;&gt;Postal Code:&lt;/div&gt;&lt;/td&gt;&lt;td&gt;&lt;span class=&quot;mceField&quot; &gt;&lt;script&gt;SWEWriteObjectTag(this,&apos;&lt;object id=s_5_1_2_0 CLASSID=&quot;CLSID:1cb4ef94-8549-471a-b73f-54ff5c244212&quot; HEIGHT=20 WIDTH=175&gt;&lt;/object&gt;&apos;);&lt;/script&gt;&lt;/span&gt;&lt;/td&gt;&lt;/tr&gt;&lt;tr valign=&quot;middle&quot;&gt;&lt;td nowrap&gt;&lt;div class=&quot;mceLabel&quot; align=&quot;Right&quot;&gt;Full Address:&lt;/div&gt;&lt;/td&gt;&lt;td&gt;&lt;span class=&quot;mceField&quot; &gt;&lt;span style=display:none; id=s_5_1_1_0_s&gt;&amp;nbsp;&lt;/span&gt;&lt;script&gt;SWEWriteObjectTag(this,&apos;&lt;object id=s_5_1_1_0 CLASSID=&quot;CLSID:1cb4ef94-8549-471a-b73f-54ff5c244212&quot; HEIGHT=90 WIDTH=120&gt;&lt;/object&gt;&apos;);&lt;/script&gt;&lt;/span&gt;&lt;/td&gt;&lt;/tr&gt;&lt;/table&gt;&lt;/td&gt;&lt;td&gt;&lt;table datatable=&quot;0&quot; summary=&quot;&quot; width=&quot;100%&quot; border=&quot;0&quot; cellspacing=&quot;2&quot; cellpadding=&quot;0&quot;&gt;&lt;/table&gt;&lt;/td&gt;&lt;/tr&gt;&lt;/table&gt;&lt;/td&gt;&lt;td width=&quot;50%&quot;&gt;&lt;table datatable=&quot;0&quot; summary=&quot;&quot; width=&quot;100%&quot; cellpadding=&quot;0&quot; cellspacing=&quot;0&quot; border=&quot;0&quot;&gt;&lt;tr valign=&quot;top&quot;&gt;&lt;td&gt;&lt;table datatable=&quot;0&quot; summary=&quot;&quot; width=&quot;100%&quot; border=&quot;0&quot; cellspacing=&quot;2&quot; cellpadding=&quot;0&quot; align=&quot;center&quot;&gt;&lt;/table&gt;&lt;/td&gt;&lt;td&gt;&lt;table datatable=&quot;0&quot; summary=&quot;&quot; width=&quot;100%&quot; border=&quot;0&quot; cellspacing=&quot;2&quot; cellpadding=&quot;0&quot;&gt;&lt;/table&gt;&lt;/td&gt;&lt;/tr&gt;&lt;/table&gt;&lt;/td&gt;&lt;/tr&gt;&lt;/table&gt;&lt;/td&gt;&lt;/tr&gt;&lt;/table&gt;&lt;/div&gt;&lt;/span&gt;&lt;/td&gt;&lt;/tr&gt;&lt;/table&gt;&lt;/div&gt;&lt;/form&gt;
&lt;a id=&quot;SWEBottomHidden5&quot; href=&quot;javascript:void(0);&quot; tabindex=&quot;7999&quot; onfocus=&quot;document.getElementById(&apos;SWETopHidden5&apos;).focus();&quot;&gt;&lt;/a&gt;&lt;/div&gt;&lt;a name=&quot;SWEApplet4&quot; id=&quot;SWEApplet4&quot; href=&quot;#SWEApplet4&quot; title=&quot;Service Points&quot;&gt;&lt;/a&gt;
&lt;div id=&apos;s_S_A4_div&apos;oncontextmenu=&apos;HandleContextMenu(&quot;CUT Address Service Point List Applet&quot;)&apos; onclick=&apos;HandleAppletClick(&quot;CUT Address Service Point List Applet&quot;)&apos;&gt;
&lt;a id=&quot;SWETopHidden4&quot; href=&quot;javascript:void(0);&quot; tabindex=&quot;8000&quot;&gt;&lt;/a&gt;&lt;table datatable=&quot;0&quot; summary=&quot;&quot;&gt;&lt;tr&gt;&lt;td&gt;&lt;img src=&quot;images/spacer.gif&quot; width=&quot;1&quot; height=&quot;3&quot; alt=&quot;&quot;&gt;&lt;/td&gt;&lt;/tr&gt;&lt;/table&gt;&lt;form name=&quot;SWEForm4_0&quot; method=&quot;post&quot; action=&quot;/ecommunications_enu_nsm_aps05524a027/start.swe&quot; &gt;
&lt;span class=&quot;AppletStyleChild77&quot;&gt;&lt;div class=&quot;NotSelected&quot; id=&quot;a_4&quot;&gt;&lt;table datatable=&quot;0&quot; summary=&quot;&quot; width=&quot;100%&quot; cellspacing=&quot;0&quot; cellpadding=&quot;2&quot; border=&quot;0&quot; align=&quot;center&quot;&gt;&lt;tr class=&quot;AppletButtons&quot; align=&quot;left&quot;&gt;&lt;td class=&quot;AppletTitle&quot; nowrap&gt;&amp;nbsp;Service Points&amp;nbsp;&amp;nbsp;&lt;img src=&quot;images/btn_div_gray.gif&quot; height=&quot;13&quot; align=&quot;middle&quot; alt=&quot;&quot;&gt;&amp;nbsp;&lt;/td&gt;&lt;td nowrap class=&quot;AppletMenu&quot;&gt;&lt;span class=&quot;miniBtnUICTop&quot;&gt;&lt;span class=&quot;miniBtnUIC&quot;&gt;&lt;a id=&apos;s_at_m_4&apos; href=&quot;javascript:void(0)&quot; onclick=&quot;window.event.cancelBubble=true; _JMenu_Initialize(this, &apos;CUT Address Service Point List Applet&apos;, &apos;Applet&apos;, s_at_m_4Ax, 0, false); return false;&quot; onmouseover=&quot;MinibtnHover(this.parentNode)&quot; onmouseout=&quot;MinibtnOut(this.parentNode)&quot; onmousedown=&quot;MinibtnDown(this.parentNode)&quot; onmouseup=&quot;MinibtnUp(this.parentNode)&quot; &gt;Menu&amp;nbsp;&lt;img border=&quot;0&quot; src=&quot;images/img_arrow.gif&quot; align=&quot;center&quot;&gt;&lt;/a&gt;&lt;/span&gt;&lt;/span&gt;&lt;object id= &quot;s_at_m_4Ax&quot; CLASSID=&quot;CLSID:9174862b-ac3b-4f9f-abc9-a0a3c9fd95d4&quot; codebase=&quot;23048/applets/SiebelAx_HI_Client.cab&quot; width=0 height = 0&gt;&lt;/object&gt;&lt;/td&gt;&lt;td&gt;&lt;img height=1 alt=&quot;&quot; src=&quot;images/spacer.gif&quot; width=4&gt;&lt;/td&gt;&lt;td&gt;&lt;img src=&quot;images/btn_div_gray.gif&quot; height=&quot;13&quot; align=&quot;middle&quot; alt=&quot;&quot;&gt;&lt;/td&gt;&lt;td&gt;&lt;img src=&quot;images/spacer.gif&quot; width=&quot;4&quot; height=&quot;1&quot; alt=&quot;&quot;&gt;&lt;/td&gt;&lt;td nowrap&gt;&lt;span id=s_4_1_9_0&gt;&amp;nbsp;&lt;/span&gt;&lt;/td&gt;&lt;td nowrap&gt;&lt;span id=s_4_1_8_0&gt;&amp;nbsp;&lt;/span&gt;&lt;/td&gt;&lt;td nowrap&gt;&lt;span id=s_4_1_4_0&gt;&amp;nbsp;&lt;/span&gt;&lt;/td&gt;&lt;td nowrap&gt;&lt;span id=s_4_1_3_0&gt;&amp;nbsp;&lt;/span&gt;&lt;/td&gt;&lt;td nowrap&gt;&lt;span id=s_4_1_6_0&gt;&amp;nbsp;&lt;/span&gt;&lt;/td&gt;&lt;td&gt;&lt;table datatable=&quot;0&quot; summary=&quot;&quot; width=&quot;100%&quot; valign=&quot;top&quot; align=&quot;center&quot; cellpadding=&apos;0&apos; cellspacing=&apos;0&apos; border=&apos;0&apos;&gt;&lt;/table&gt;&lt;/td&gt;&lt;td nowrap&gt;&amp;nbsp;&lt;b&gt;&lt;span id=4_msg&gt;&lt;/span&gt;&lt;/b&gt;&lt;/td&gt;&lt;td align=&quot;right&quot; width=&quot;100%&quot;&gt;&lt;td valign=&quot;middle&quot; nowrap&gt;&lt;span id=&apos;SWEApplet4_ctrlmsg&apos;&gt;&lt;/span&gt;&lt;/td&gt;&lt;td valign=&quot;middle&quot; nowrap&gt;&amp;nbsp;&lt;span id=s_4_rc&gt;&lt;/span&gt;&amp;nbsp;&lt;/td&gt;&lt;td valign=&quot;middle&quot;&gt;&amp;nbsp;&lt;img src=&quot;images/btn_div_gray.gif&quot; height=&quot;13&quot; align=&quot;middle&quot; alt=&quot;&quot;&gt;&amp;nbsp;&lt;/td&gt;&lt;/td&gt;&lt;td valign=&quot;top&quot; align=&quot;right&quot;&gt;&lt;/td&gt;&lt;/tr&gt;&lt;/table&gt;&lt;span id=4_c_err style=&quot;display: none;&quot;&gt;&lt;table datatable=&quot;0&quot; summary=&quot;&quot; class=&quot;AppletBack&quot; width=&quot;100%&quot; cellpadding=&quot;4&quot; cellspacing=&quot;0&quot; border=&quot;0&quot;&gt;&lt;tr&gt;&lt;td class=&quot;error&quot;&gt;&lt;br&gt;&amp;nbsp;&lt;/td&gt;&lt;/tr&gt;&lt;/table&gt;&lt;/span&gt;&lt;div class=&quot;AppletHIListBorder&quot;&gt;&lt;div id=&quot;s_4_ld&quot; STYLE=&quot;height:106px&quot;&gt;&lt;div&gt;&lt;/div&gt;&lt;script&gt;SWEWriteObjectTag(this,&apos;&lt;object id=&quot;s_4_l&quot;  CLASSID=&quot;CLSID:a9967980-c623-4092-b952-fcf15f67b8a5&quot; WIDTH=100% HEIGHT=100%&gt;&lt;/OBJECT&gt;&apos;);&lt;/script&gt;&lt;/div&gt;&lt;/div&gt;&lt;/div&gt;&lt;/span&gt;&lt;/form&gt;
&lt;a id=&quot;SWEBottomHidden4&quot; href=&quot;javascript:void(0);&quot; tabindex=&quot;8999&quot; onfocus=&quot;document.getElementById(&apos;SWETopHidden4&apos;).focus();&quot;&gt;&lt;/a&gt;&lt;/div&gt;&lt;/td&gt;&lt;/tr&gt;&lt;/table&gt;&lt;a name=&quot;SWEApplet6&quot; id=&quot;SWEApplet6&quot; href=&quot;#SWEApplet6&quot; title=&quot;Order Payments&quot;&gt;&lt;/a&gt;
&lt;div id=&apos;s_S_A6_div&apos;oncontextmenu=&apos;HandleContextMenu(&quot;BT Payment List Applet&quot;)&apos; onclick=&apos;HandleAppletClick(&quot;BT Payment List Applet&quot;)&apos;&gt;
&lt;a id=&quot;SWETopHidden6&quot; href=&quot;javascript:void(0);&quot; tabindex=&quot;9000&quot;&gt;&lt;/a&gt;&lt;table datatable=&quot;0&quot; summary=&quot;&quot;&gt;&lt;tr&gt;&lt;td&gt;&lt;img src=&quot;images/spacer.gif&quot; width=&quot;1&quot; height=&quot;3&quot; alt=&quot;&quot;&gt;&lt;/td&gt;&lt;/tr&gt;&lt;/table&gt;&lt;table datatable=&quot;0&quot; summary=&quot;&quot; width=&quot;100%&quot; cellspacing=&quot;0&quot; cellpadding=&quot;0&quot; border=&quot;0&quot; align=&quot;center&quot;&gt;&lt;form name=&quot;SWEForm6_0&quot; method=&quot;post&quot; action=&quot;/ecommunications_enu_nsm_aps05524a027/start.swe&quot; &gt;
&lt;tr valign=&quot;top&quot;&gt;&lt;td&gt;&lt;span class=&quot;AppletStyleChild77&quot;&gt;&lt;div class=&quot;NotSelected&quot; id=&quot;a_6&quot;&gt;&lt;table datatable=&quot;0&quot; summary=&quot;&quot; width=&quot;100%&quot; cellspacing=&quot;0&quot; cellpadding=&quot;2&quot; border=&quot;0&quot; align=&quot;center&quot;&gt;&lt;tr class=&quot;AppletButtons&quot; align=&quot;left&quot;&gt;&lt;td class=&quot;AppletTitle&quot; nowrap&gt;&amp;nbsp;Order Payments&amp;nbsp;&amp;nbsp;&lt;img src=&quot;images/btn_div_gray.gif&quot; height=&quot;13&quot; align=&quot;middle&quot; alt=&quot;&quot;&gt;&amp;nbsp;&lt;/td&gt;&lt;td nowrap class=&quot;AppletMenu&quot;&gt;&lt;span class=&quot;miniBtnUICTop&quot;&gt;&lt;span class=&quot;miniBtnUIC&quot;&gt;&lt;a id=&apos;s_at_m_6&apos; href=&quot;javascript:void(0)&quot; onclick=&quot;window.event.cancelBubble=true; _JMenu_Initialize(this, &apos;BT Payment List Applet&apos;, &apos;Applet&apos;, s_at_m_6Ax, 0, false); return false;&quot; onmouseover=&quot;MinibtnHover(this.parentNode)&quot; onmouseout=&quot;MinibtnOut(this.parentNode)&quot; onmousedown=&quot;MinibtnDown(this.parentNode)&quot; onmouseup=&quot;MinibtnUp(this.parentNode)&quot; &gt;Menu&amp;nbsp;&lt;img border=&quot;0&quot; src=&quot;images/img_arrow.gif&quot; align=&quot;center&quot;&gt;&lt;/a&gt;&lt;/span&gt;&lt;/span&gt;&lt;object id= &quot;s_at_m_6Ax&quot; CLASSID=&quot;CLSID:9174862b-ac3b-4f9f-abc9-a0a3c9fd95d4&quot; codebase=&quot;23048/applets/SiebelAx_HI_Client.cab&quot; width=0 height = 0&gt;&lt;/object&gt;&lt;/td&gt;&lt;td&gt;&lt;img height=1 alt=&quot;&quot; src=&quot;images/spacer.gif&quot; width=4&gt;&lt;/td&gt;&lt;td&gt;&lt;img src=&quot;images/btn_div_gray.gif&quot; height=&quot;13&quot; align=&quot;middle&quot; alt=&quot;&quot;&gt;&lt;/td&gt;&lt;td&gt;&lt;img src=&quot;images/spacer.gif&quot; width=&quot;4&quot; height=&quot;1&quot; alt=&quot;&quot;&gt;&lt;/td&gt;&lt;td nowrap&gt;&lt;span id=s_6_1_15_0&gt;&amp;nbsp;&lt;/span&gt;&lt;/td&gt;&lt;td nowrap&gt;&lt;span id=s_6_1_12_0&gt;&amp;nbsp;&lt;/span&gt;&lt;/td&gt;&lt;td nowrap&gt;&lt;span id=s_6_1_4_0&gt;&amp;nbsp;&lt;/span&gt;&lt;/td&gt;&lt;td nowrap&gt;&lt;span id=s_6_1_6_0&gt;&amp;nbsp;&lt;/span&gt;&lt;/td&gt;&lt;td nowrap&gt;&lt;span id=s_6_1_13_0&gt;&amp;nbsp;&lt;/span&gt;&lt;/td&gt;&lt;td&gt;&lt;table datatable=&quot;0&quot; summary=&quot;&quot; width=&quot;100%&quot; valign=&quot;top&quot; align=&quot;center&quot; cellpadding=&apos;0&apos; cellspacing=&apos;0&apos; border=&apos;0&apos;&gt;&lt;/table&gt;&lt;/td&gt;&lt;td nowrap&gt;&amp;nbsp;&lt;b&gt;&lt;span id=6_msg&gt;&lt;/span&gt;&lt;/b&gt;&lt;/td&gt;&lt;td align=&quot;right&quot; width=&quot;100%&quot;&gt;&lt;td valign=&quot;middle&quot; nowrap&gt;&lt;span id=&apos;SWEApplet6_ctrlmsg&apos;&gt;&lt;/span&gt;&lt;/td&gt;&lt;td valign=&quot;middle&quot; nowrap&gt;&amp;nbsp;&lt;span id=s_6_rc&gt;&lt;/span&gt;&amp;nbsp;&lt;/td&gt;&lt;td valign=&quot;middle&quot;&gt;&amp;nbsp;&lt;img src=&quot;images/btn_div_gray.gif&quot; height=&quot;13&quot; align=&quot;middle&quot; alt=&quot;&quot;&gt;&amp;nbsp;&lt;/td&gt;&lt;td valign=&quot;middle&quot; nowrap&gt;&lt;span id=s_6_1_5_0&gt;&amp;nbsp;&lt;/span&gt;&lt;/td&gt;&lt;/td&gt;&lt;td valign=&quot;top&quot; align=&quot;right&quot;&gt;&lt;/td&gt;&lt;/tr&gt;&lt;/table&gt;&lt;span id=6_c_err style=&quot;display: none;&quot;&gt;&lt;table datatable=&quot;0&quot; summary=&quot;&quot; class=&quot;AppletBack&quot; width=&quot;100%&quot; cellpadding=&quot;4&quot; cellspacing=&quot;0&quot; border=&quot;0&quot;&gt;&lt;tr&gt;&lt;td class=&quot;error&quot;&gt;&lt;br&gt;&amp;nbsp;&lt;/td&gt;&lt;/tr&gt;&lt;/table&gt;&lt;/span&gt;&lt;div class=&quot;AppletHIListBorder&quot;&gt;&lt;div id=&quot;s_6_ld&quot; STYLE=&quot;height:88px&quot;&gt;&lt;div&gt;&lt;/div&gt;&lt;script&gt;SWEWriteObjectTag(this,&apos;&lt;object id=&quot;s_6_l&quot;  CLASSID=&quot;CLSID:a9967980-c623-4092-b952-fcf15f67b8a5&quot; WIDTH=100% HEIGHT=100%&gt;&lt;/OBJECT&gt;&apos;);&lt;/script&gt;&lt;/div&gt;&lt;i&gt;&lt;/i&gt;&lt;/div&gt;&lt;/div&gt;&lt;/span&gt;&lt;/td&gt;&lt;/tr&gt;&lt;/form&gt;
&lt;/table&gt;&lt;a id=&quot;SWEBottomHidden6&quot; href=&quot;javascript:void(0);&quot; tabindex=&quot;9999&quot; onfocus=&quot;document.getElementById(&apos;SWETopHidden6&apos;).focus();&quot;&gt;&lt;/a&gt;&lt;/div&gt;&lt;a name=&quot;SWEApplet3&quot; id=&quot;SWEApplet3&quot; href=&quot;#SWEApplet3&quot; title=&quot;All Notes&quot;&gt;&lt;/a&gt;
&lt;div id=&apos;s_S_A3_div&apos;oncontextmenu=&apos;HandleContextMenu(&quot;BT Consumer Collated Notes List Applet&quot;)&apos; onclick=&apos;HandleAppletClick(&quot;BT Consumer Collated Notes List Applet&quot;)&apos;&gt;
&lt;a id=&quot;SWETopHidden3&quot; href=&quot;javascript:void(0);&quot; tabindex=&quot;10000&quot;&gt;&lt;/a&gt;&lt;table datatable=&quot;0&quot; summary=&quot;&quot;&gt;&lt;tr&gt;&lt;td&gt;&lt;img src=&quot;images/spacer.gif&quot; width=&quot;1&quot; height=&quot;3&quot; alt=&quot;&quot;&gt;&lt;/td&gt;&lt;/tr&gt;&lt;/table&gt;&lt;form name=&quot;SWEForm3_0&quot; method=&quot;post&quot; action=&quot;/ecommunications_enu_nsm_aps05524a027/start.swe&quot; &gt;
&lt;span class=&quot;AppletStyleChild77&quot;&gt;&lt;div class=&quot;NotSelected&quot; id=&quot;a_3&quot;&gt;&lt;table datatable=&quot;0&quot; summary=&quot;&quot; width=&quot;100%&quot; cellspacing=&quot;0&quot; cellpadding=&quot;2&quot; border=&quot;0&quot; align=&quot;center&quot;&gt;&lt;tr class=&quot;AppletButtons&quot; align=&quot;left&quot;&gt;&lt;td class=&quot;AppletTitle&quot; nowrap&gt;&amp;nbsp;All Notes&amp;nbsp;&amp;nbsp;&lt;img src=&quot;images/btn_div_gray.gif&quot; height=&quot;13&quot; align=&quot;middle&quot; alt=&quot;&quot;&gt;&amp;nbsp;&lt;/td&gt;&lt;td nowrap class=&quot;AppletMenu&quot;&gt;&lt;span class=&quot;miniBtnUICTop&quot;&gt;&lt;span class=&quot;miniBtnUIC&quot;&gt;&lt;a id=&apos;s_at_m_3&apos; href=&quot;javascript:void(0)&quot; onclick=&quot;window.event.cancelBubble=true; _JMenu_Initialize(this, &apos;BT Consumer Collated Notes List Applet&apos;, &apos;Applet&apos;, s_at_m_3Ax, 0, false); return false;&quot; onmouseover=&quot;MinibtnHover(this.parentNode)&quot; onmouseout=&quot;MinibtnOut(this.parentNode)&quot; onmousedown=&quot;MinibtnDown(this.parentNode)&quot; onmouseup=&quot;MinibtnUp(this.parentNode)&quot; &gt;Menu&amp;nbsp;&lt;img border=&quot;0&quot; src=&quot;images/img_arrow.gif&quot; align=&quot;center&quot;&gt;&lt;/a&gt;&lt;/span&gt;&lt;/span&gt;&lt;object id= &quot;s_at_m_3Ax&quot; CLASSID=&quot;CLSID:9174862b-ac3b-4f9f-abc9-a0a3c9fd95d4&quot; codebase=&quot;23048/applets/SiebelAx_HI_Client.cab&quot; width=0 height = 0&gt;&lt;/object&gt;&lt;/td&gt;&lt;td&gt;&lt;img height=1 alt=&quot;&quot; src=&quot;images/spacer.gif&quot; width=4&gt;&lt;/td&gt;&lt;td&gt;&lt;img src=&quot;images/btn_div_gray.gif&quot; height=&quot;13&quot; align=&quot;middle&quot; alt=&quot;&quot;&gt;&lt;/td&gt;&lt;td&gt;&lt;img src=&quot;images/spacer.gif&quot; width=&quot;4&quot; height=&quot;1&quot; alt=&quot;&quot;&gt;&lt;/td&gt;&lt;td&gt;&lt;table datatable=&quot;0&quot; summary=&quot;&quot; width=&quot;100%&quot; valign=&quot;top&quot; align=&quot;center&quot; cellpadding=&apos;0&apos; cellspacing=&apos;0&apos; border=&apos;0&apos;&gt;&lt;/table&gt;&lt;/td&gt;&lt;td nowrap&gt;&amp;nbsp;&lt;b&gt;&lt;span id=3_msg&gt;&lt;/span&gt;&lt;/b&gt;&lt;/td&gt;&lt;td align=&quot;right&quot; width=&quot;100%&quot;&gt;&lt;td valign=&quot;middle&quot; nowrap&gt;&lt;span id=&apos;SWEApplet3_ctrlmsg&apos;&gt;&lt;/span&gt;&lt;/td&gt;&lt;td valign=&quot;middle&quot; nowrap&gt;&amp;nbsp;&lt;span id=s_3_rc&gt;&lt;/span&gt;&amp;nbsp;&lt;/td&gt;&lt;td valign=&quot;middle&quot;&gt;&amp;nbsp;&lt;img src=&quot;images/btn_div_gray.gif&quot; height=&quot;13&quot; align=&quot;middle&quot; alt=&quot;&quot;&gt;&amp;nbsp;&lt;/td&gt;&lt;/td&gt;&lt;td valign=&quot;top&quot; align=&quot;right&quot;&gt;&lt;/td&gt;&lt;/tr&gt;&lt;/table&gt;&lt;span id=3_c_err style=&quot;display: none;&quot;&gt;&lt;table datatable=&quot;0&quot; summary=&quot;&quot; class=&quot;AppletBack&quot; width=&quot;100%&quot; cellpadding=&quot;4&quot; cellspacing=&quot;0&quot; border=&quot;0&quot;&gt;&lt;tr&gt;&lt;td class=&quot;error&quot;&gt;&lt;br&gt;&amp;nbsp;&lt;/td&gt;&lt;/tr&gt;&lt;/table&gt;&lt;/span&gt;&lt;div class=&quot;AppletHIListBorder&quot;&gt;&lt;div id=&quot;s_3_ld&quot; STYLE=&quot;height:214px&quot;&gt;&lt;div&gt;&lt;/div&gt;&lt;script&gt;SWEWriteObjectTag(this,&apos;&lt;object id=&quot;s_3_l&quot;  CLASSID=&quot;CLSID:a9967980-c623-4092-b952-fcf15f67b8a5&quot; WIDTH=100% HEIGHT=100%&gt;&lt;/OBJECT&gt;&apos;);&lt;/script&gt;&lt;/div&gt;&lt;/div&gt;&lt;/div&gt;&lt;/span&gt;&lt;/form&gt;
&lt;a id=&quot;SWEBottomHidden3&quot; href=&quot;javascript:void(0);&quot; tabindex=&quot;10999&quot; onfocus=&quot;document.getElementById(&apos;SWETopHidden3&apos;).focus();&quot;&gt;&lt;/a&gt;&lt;/div&gt;&lt;table datatable=&quot;0&quot; summary=&quot;&quot; width=&quot;100%&quot; cellpadding=&quot;3&quot; border=&quot;0&quot; cellspacing=&quot;0&quot;&gt;&lt;tr&gt;&lt;td valign=&quot;top&quot;&gt;&lt;/td&gt;&lt;td valign=&quot;top&quot;&gt;&lt;/td&gt;&lt;/tr&gt;&lt;/table&gt;&lt;script&gt;

SWEIsHighInteract = true; Top().SWEIsHighInteract = true;
if (typeof(top._samePage) != &apos;undefined&apos; &amp;&amp; top._samePage!=&quot;&quot;) top._samePage = &quot;&quot;;
if (top.opener == null || typeof top.opener.swetop == &apos;unknown&apos; || typeof top.opener.swetop == &apos;undefined&apos;) top._swe._sweapp.S_App.SWECount = 36;
else top.opener.top._swe._sweapp.S_App.SWECount = 36;
g_bInitialized = true;

if(typeof(top._swescript)!=&apos;undefined&apos; &amp;&amp; top._swescript!=null)top._swescript.InitApplet(&quot;BT Sales Portal Customer Account Form Applet&quot;,&quot;SWEApplet10&quot;,&quot;BT Consumer - Sales Portal View&quot;,3, this);
if (top._swescript!=null) top._swescript.InitMethod(&quot;GotoAppletMenu&quot;, this, &quot;s_at_m_10&quot;, null, null);
if(top._swe._sweapp._JMenuObj == null)                  
top._swe._sweapp._JMenuObj = new top._swe._sweapp.JMenu();
top._swe._sweapp._JMenuObj.BindAXObj (this.document.getElementById(&quot;s_at_m_10Ax&quot;),&apos;Applet&apos;, &apos;BT Sales Portal Customer Account Form Applet&apos;, this.document.getElementById(&quot;s_at_m_10&quot;), &quot;s_at_m_10&quot;);
document.oncontextmenu = HandleContextMenu;
if(typeof(top._swescript)!=&apos;undefined&apos; &amp;&amp; top._swescript!=null)top._swescript.InitApplet(&quot;BT Active Assets List Applet&quot;,&quot;SWEApplet8&quot;,&quot;BT Consumer - Sales Portal View&quot;,6, this);
if (top._swescript!=null) top._swescript.InitMethod(&quot;GotoAppletMenu&quot;, this, &quot;s_at_m_8&quot;, null, null);
if(top._swe._sweapp._JMenuObj == null)                  
top._swe._sweapp._JMenuObj = new top._swe._sweapp.JMenu();
top._swe._sweapp._JMenuObj.BindAXObj (this.document.getElementById(&quot;s_at_m_8Ax&quot;),&apos;Applet&apos;, &apos;BT Active Assets List Applet&apos;, this.document.getElementById(&quot;s_at_m_8&quot;), &quot;s_at_m_8&quot;);
document.oncontextmenu = HandleContextMenu;
if(typeof(top._swescript)!=&apos;undefined&apos; &amp;&amp; top._swescript!=null)top._swescript.InitApplet(&quot;BT Mobile Sim Scenario selector form applet_CPM Advisor&quot;,&quot;SWEApplet7&quot;,&quot;BT Consumer - Sales Portal View&quot;,3, this);
if (top._swescript!=null) top._swescript.InitMethod(&quot;GotoAppletMenu&quot;, this, &quot;s_at_m_7&quot;, null, null);
if(top._swe._sweapp._JMenuObj == null)                  
top._swe._sweapp._JMenuObj = new top._swe._sweapp.JMenu();
top._swe._sweapp._JMenuObj.BindAXObj (this.document.getElementById(&quot;s_at_m_7Ax&quot;),&apos;Applet&apos;, &apos;BT Mobile Sim Scenario selector form applet_CPM Advisor&apos;, this.document.getElementById(&quot;s_at_m_7&quot;), &quot;s_at_m_7&quot;);
document.oncontextmenu = HandleContextMenu;
if(typeof(top._swescript)!=&apos;undefined&apos; &amp;&amp; top._swescript!=null)top._swescript.InitApplet(&quot;BT Sales Orders List Applet&quot;,&quot;SWEApplet2&quot;,&quot;BT Consumer - Sales Portal View&quot;,6, this);
if (top._swescript!=null) top._swescript.InitMethod(&quot;GotoAppletMenu&quot;, this, &quot;s_at_m_2&quot;, null, null);
if(top._swe._sweapp._JMenuObj == null)                  
top._swe._sweapp._JMenuObj = new top._swe._sweapp.JMenu();
top._swe._sweapp._JMenuObj.BindAXObj (this.document.getElementById(&quot;s_at_m_2Ax&quot;),&apos;Applet&apos;, &apos;BT Sales Orders List Applet&apos;, this.document.getElementById(&quot;s_at_m_2&quot;), &quot;s_at_m_2&quot;);
document.oncontextmenu = HandleContextMenu;
if(typeof(top._swescript)!=&apos;undefined&apos; &amp;&amp; top._swescript!=null)top._swescript.InitApplet(&quot;BT Consumer Primary Contact Address List Applet&quot;,&quot;SWEApplet9&quot;,&quot;BT Consumer - Sales Portal View&quot;,6, this);
if (top._swescript!=null) top._swescript.InitMethod(&quot;GotoAppletMenu&quot;, this, &quot;s_at_m_9&quot;, null, null);
if(top._swe._sweapp._JMenuObj == null)                  
top._swe._sweapp._JMenuObj = new top._swe._sweapp.JMenu();
top._swe._sweapp._JMenuObj.BindAXObj (this.document.getElementById(&quot;s_at_m_9Ax&quot;),&apos;Applet&apos;, &apos;BT Consumer Primary Contact Address List Applet&apos;, this.document.getElementById(&quot;s_at_m_9&quot;), &quot;s_at_m_9&quot;);
document.oncontextmenu = HandleContextMenu;
if(typeof(top._swescript)!=&apos;undefined&apos; &amp;&amp; top._swescript!=null)top._swescript.InitApplet(&quot;BT Sales Portal Asset Mgmt - Asset XA List Applet&quot;,&quot;SWEApplet1&quot;,&quot;BT Consumer - Sales Portal View&quot;,6, this);
if (top._swescript!=null) top._swescript.InitMethod(&quot;GotoAppletMenu&quot;, this, &quot;s_at_m_1&quot;, null, null);
if(top._swe._sweapp._JMenuObj == null)                  
top._swe._sweapp._JMenuObj = new top._swe._sweapp.JMenu();
top._swe._sweapp._JMenuObj.BindAXObj (this.document.getElementById(&quot;s_at_m_1Ax&quot;),&apos;Applet&apos;, &apos;BT Sales Portal Asset Mgmt - Asset XA List Applet&apos;, this.document.getElementById(&quot;s_at_m_1&quot;), &quot;s_at_m_1&quot;);
document.oncontextmenu = HandleContextMenu;
if(typeof(top._swescript)!=&apos;undefined&apos; &amp;&amp; top._swescript!=null)top._swescript.InitApplet(&quot;BT Techcheck Form Applet - Portal&quot;,&quot;SWEApplet5&quot;,&quot;BT Consumer - Sales Portal View&quot;,3, this);
if (top._swescript!=null) top._swescript.InitMethod(&quot;GotoAppletMenu&quot;, this, &quot;s_at_m_5&quot;, null, null);
if(top._swe._sweapp._JMenuObj == null)                  
top._swe._sweapp._JMenuObj = new top._swe._sweapp.JMenu();
top._swe._sweapp._JMenuObj.BindAXObj (this.document.getElementById(&quot;s_at_m_5Ax&quot;),&apos;Applet&apos;, &apos;BT Techcheck Form Applet - Portal&apos;, this.document.getElementById(&quot;s_at_m_5&quot;), &quot;s_at_m_5&quot;);
document.oncontextmenu = HandleContextMenu;
if(typeof(top._swescript)!=&apos;undefined&apos; &amp;&amp; top._swescript!=null)top._swescript.InitApplet(&quot;CUT Address Service Point List Applet&quot;,&quot;SWEApplet4&quot;,&quot;BT Consumer - Sales Portal View&quot;,6, this);
if (top._swescript!=null) top._swescript.InitMethod(&quot;GotoAppletMenu&quot;, this, &quot;s_at_m_4&quot;, null, null);
if(top._swe._sweapp._JMenuObj == null)                  
top._swe._sweapp._JMenuObj = new top._swe._sweapp.JMenu();
top._swe._sweapp._JMenuObj.BindAXObj (this.document.getElementById(&quot;s_at_m_4Ax&quot;),&apos;Applet&apos;, &apos;CUT Address Service Point List Applet&apos;, this.document.getElementById(&quot;s_at_m_4&quot;), &quot;s_at_m_4&quot;);
document.oncontextmenu = HandleContextMenu;
if(typeof(top._swescript)!=&apos;undefined&apos; &amp;&amp; top._swescript!=null)top._swescript.InitApplet(&quot;BT Payment List Applet&quot;,&quot;SWEApplet6&quot;,&quot;BT Consumer - Sales Portal View&quot;,1, this);
if (top._swescript!=null) top._swescript.InitMethod(&quot;GotoAppletMenu&quot;, this, &quot;s_at_m_6&quot;, null, null);
if(top._swe._sweapp._JMenuObj == null)                  
top._swe._sweapp._JMenuObj = new top._swe._sweapp.JMenu();
top._swe._sweapp._JMenuObj.BindAXObj (this.document.getElementById(&quot;s_at_m_6Ax&quot;),&apos;Applet&apos;, &apos;BT Payment List Applet&apos;, this.document.getElementById(&quot;s_at_m_6&quot;), &quot;s_at_m_6&quot;);
document.oncontextmenu = HandleContextMenu;
if(typeof(top._swescript)!=&apos;undefined&apos; &amp;&amp; top._swescript!=null)top._swescript.InitApplet(&quot;BT Consumer Collated Notes List Applet&quot;,&quot;SWEApplet3&quot;,&quot;BT Consumer - Sales Portal View&quot;,1, this);
if (top._swescript!=null) top._swescript.InitMethod(&quot;GotoAppletMenu&quot;, this, &quot;s_at_m_3&quot;, null, null);
if(top._swe._sweapp._JMenuObj == null)                  
top._swe._sweapp._JMenuObj = new top._swe._sweapp.JMenu();
top._swe._sweapp._JMenuObj.BindAXObj (this.document.getElementById(&quot;s_at_m_3Ax&quot;),&apos;Applet&apos;, &apos;BT Consumer Collated Notes List Applet&apos;, this.document.getElementById(&quot;s_at_m_3&quot;), &quot;s_at_m_3&quot;);
document.oncontextmenu = HandleContextMenu;

&lt;/script&gt;
&lt;script for=window event=onunload&gt;
top._swe._sweapp.S_App.SetLayoutUnloaded(&quot;View&quot;, &quot;BT Consumer - Sales Portal View&quot;);
&lt;/script&gt;
&lt;script for=window event=onload&gt;
top._swe._sweapp.S_App.SetLayoutLoaded(&quot;View&quot;, &quot;BT Consumer - Sales Portal View&quot;, window, &quot;&quot;);
&lt;/script&gt;
&lt;/body&gt;&lt;/html&gt;</responseData>
  <responseFile class="java.lang.String"></responseFile>
  <cookies class="java.lang.String">_sn=GXmoeGkdwh1O45lrH7mMIZnLMWvqHkVWiQKqDOICOq1fi95anXYMaCRAX879ujDRD9kS4J75N4kGDX576Q2AKmwZPUBih-4NS80Pc1189OxasEbdAsHiEtIhcnCzZ0zWb5V6QpVraL0TTGU4ktkGZq374g8C0pUBRhKVASKeW21TgUW5eIkswq97I-.qG-kr; _srn=_srn; SWEUAID=SWEUAID</cookies>
  <method class="java.lang.String">GET</method>
  <queryString class="java.lang.String"></queryString>
  <java.net.URL>http://localhost:8080/ecommunications_enu_nsm_aps05524a027/start.swe?SWECmd=GetViewLayout&amp;SWEView=BT+Consumer+-+Sales+Portal+View&amp;SWEVI=&amp;SWEVLC=3-2NTUN-318_Siebel%2BPower%2BCommunications_43%257c1592409810%257c0_0_23048_PATCHSET18PATCHSET18PATCHSET18_L&amp;SRN=xK7T2pIB2ZOV15hwlQxQF5reKcoUB8VpMTZr7we8uAEb</java.net.URL>
</httpSample>
<httpSample t="{{\d+}}" it="0" lt="{{\d+}}" ct="{{\d+}}" ts="{{\d+}}" s="true" lb="{{\d+}} /ecommunications_enu_nsm_aps05524a027/start.swe" rc="200" rm="OK" tn="Thread Group 1-1" dt="text" de="utf-8" by="3564" sby="916" sc="1" ec="0" ng="1" na="1" hn="{{.*?}}">
  <responseHeader class="java.lang.String">HTTP/1.1 200 OK
Connection: close
Server: Oracle-iPlanet-Web-Server/7.0
Date: Tue, 23 Jun 2020 13:01:23 GMT
Content-Language: en
Cache-Control: no-cache
Swerpc: true
Content-Type: text/html;charset=utf-8
Connection: close
Matched-Stub-Id: {{\w+-\w+-\w+-\w+-\w+}}
Vary: Accept-Encoding, User-Agent
</responseHeader>
  <requestHeader class="java.lang.String">Connection: close
Content-Type: application/x-www-form-urlencoded
DNT: 1
Accept-Encoding: deflate
Pragma: no-cache
User-Agent: Mozilla/4.0 (compatible; MSIE 7.0; Windows NT 6.3; WOW64; Trident/7.0; .NET4.0E; .NET4.0C; .NET CLR 3.5.30729; .NET CLR 2.0.50727; .NET CLR 3.0.30729)
Accept: text/html, image/gif, image/jpeg, *; q=.2, */*; q=.2
Content-Length: 228
Host: localhost:8080
</requestHeader>
  <responseData class="java.lang.String">@0`1`4`3``0`UC`1`Status`OK`SWEC`37`SRN`xK7T2pIB2ZOV15hwlQxQF5reKcoUB8VpMTZr7we8uAEb`2`0`ResultSet`0`DPCheck`Y`ViewCheck`N`0`12`Notifications`0`2`0``0`OP`bn`bc`S_BC10`7`0``0`br`0`ArgsArray`44*BT Sales Portal Customer Account Form Applet1*1`size`1`cr`0`OP`g`bc`S_BC10`type`SWEIRowSelection`2`0``0`OP`en`bc`S_BC10`2`0``0`OP`bn`bc`S_BC9`7`0``0`br`0`ArgsArray`47*BT Consumer Primary Contact Address List Applet1*1`size`4`cr`0`OP`g`bc`S_BC9`type`SWEIRowSelection`2`0``0`OP`en`bc`S_BC9`2`0``0`OP`bn`bc`S_BC4`7`0``0`br`0`ArgsArray`37*CUT Address Service Point List Applet1*11*01*01*0`size`4`cr`3`OP`g`bc`S_BC4`type`SWEIRowSelection`2`0``0`OP`en`bc`S_BC4`2`0``0`OP`bn`bc`S_BC5`7`0``0`br`0`ArgsArray`33*BT Techcheck Form Applet - Portal1*1`size`1`cr`0`OP`g`bc`S_BC5`type`SWEIRowSelection`2`0``0`OP`en`bc`S_BC5`1`6`Command Manager`0`RefreshToolbar`true`7`0`StateToolBar`0`#35`true`#36`true`#17`true`#34`true`#8`false`#37`true`#38`true`0`1`StateExToolBar`0`1`0`#35`0`Checked`false`0`3`FlagsToolBar`0`3`0`#8`0`SWESP`true`SWEH`0`SWEW`0`3`0`#34`0`SWESP`true`SWEH`600`SWEW`800`3`0`#36`0`SWESP`true`SWEH`20`SWEW`380`46`0`State`0`#109`false`#106`true`#118`true`#100`true`#90`true`#128`false`#112`true`#119`true`#110`true`#96`true`#93`false`#27`false`#117`true`#127`false`#113`true`#101`false`#26`false`#126`true`#114`true`#105`true`#131`true`#124`true`#116`false`#111`true`#103`false`#99`true`#92`false`#28`false`#121`true`#102`true`#91`true`#122`false`#104`false`#120`true`#125`true`#115`false`#108`false`#107`true`#98`false`#132`true`#129`true`#123`false`#95`true`#94`true`#130`true`#97`false`0`3`StateEx`0`0`0`#26`0`0`0`#27`0`1`0`#28`0`Checked`false`0`41`Flags`0`3`0`#91`0`SWESP`true`SWEH`230`SWEW`420`3`0`#92`0`SWESP`true`SWEH`200`SWEW`400`3`0`#93`0`SWESP`true`SWEH`0`SWEW`0`3`0`#94`0`SWESP`true`SWEH`20`SWEW`380`3`0`#95`0`SWESP`true`SWEH`290`SWEW`470`3`0`#96`0`SWESP`true`SWEH`230`SWEW`420`3`0`#97`0`SWESP`true`SWEH`200`SWEW`400`3`0`#98`0`SWESP`true`SWEH`0`SWEW`0`3`0`#99`0`SWESP`true`SWEH`20`SWEW`380`3`0`#100`0`SWESP`true`SWEH`290`SWEW`470`3`0`#102`0`SWESP`true`SWEH`230`SWEW`420`3`0`#103`0`SWESP`true`SWEH`200`SWEW`400`3`0`#104`0`SWESP`true`SWEH`0`SWEW`0`3`0`#105`0`SWESP`true`SWEH`20`SWEW`380`3`0`#106`0`SWESP`true`SWEH`290`SWEW`470`3`0`#107`0`SWESP`true`SWEH`230`SWEW`420`3`0`#108`0`SWESP`true`SWEH`200`SWEW`400`3`0`#109`0`SWESP`true`SWEH`0`SWEW`0`3`0`#110`0`SWESP`true`SWEH`20`SWEW`380`3`0`#111`0`SWESP`true`SWEH`290`SWEW`470`3`0`#112`0`SWESP`true`SWEH`20`SWEW`380`3`0`#113`0`SWESP`true`SWEH`290`SWEW`470`3`0`#114`0`SWESP`true`SWEH`230`SWEW`420`3`0`#115`0`SWESP`true`SWEH`200`SWEW`400`3`0`#116`0`SWESP`true`SWEH`0`SWEW`0`3`0`#117`0`SWESP`true`SWEH`20`SWEW`380`3`0`#118`0`SWESP`true`SWEH`290`SWEW`470`3`0`#119`0`SWESP`true`SWEH`20`SWEW`380`3`0`#120`0`SWESP`true`SWEH`290`SWEW`470`3`0`#121`0`SWESP`true`SWEH`230`SWEW`420`3`0`#122`0`SWESP`true`SWEH`200`SWEW`400`3`0`#123`0`SWESP`true`SWEH`0`SWEW`0`3`0`#124`0`SWESP`true`SWEH`20`SWEW`380`3`0`#125`0`SWESP`true`SWEH`290`SWEW`470`3`0`#126`0`SWESP`true`SWEH`230`SWEW`420`3`0`#127`0`SWESP`true`SWEH`200`SWEW`400`3`0`#128`0`SWESP`true`SWEH`0`SWEW`0`3`0`#129`0`SWESP`true`SWEH`20`SWEW`380`3`0`#130`0`SWESP`true`SWEH`290`SWEW`470`3`0`#131`0`SWESP`true`SWEH`20`SWEW`380`3`0`#132`0`SWESP`true`SWEH`290`SWEW`470`</responseData>
  <responseFile class="java.lang.String"></responseFile>
  <cookies class="java.lang.String">_sn=GXmoeGkdwh1O45lrH7mMIZnLMWvqHkVWiQKqDOICOq1fi95anXYMaCRAX879ujDRD9kS4J75N4kGDX576Q2AKmwZPUBih-4NS80Pc1189OxasEbdAsHiEtIhcnCzZ0zWb5V6QpVraL0TTGU4ktkGZq374g8C0pUBRhKVASKeW21TgUW5eIkswq97I-.qG-kr; _srn=_srn; SWEUAID=SWEUAID</cookies>
  <method class="java.lang.String">POST</method>
  <queryString class="java.lang.String">SWEC=36&amp;SWEMethod=BTRouteToInteractionServices&amp;SWERPC=1&amp;SWECmd=InvokeMethod&amp;SRN=xK7T2pIB2ZOV15hwlQxQF5reKcoUB8VpMTZr7we8uAEb&amp;SWEIPS=%400*0*2*0*0*3*0*7*LOVType20*BT_CHARGEABLE_BB_MSG7*LOVName14*BP_2037_Switch&amp;SWEService=BT+Action</queryString>
  <java.net.URL>http://localhost:8080/ecommunications_enu_nsm_aps05524a027/start.swe</java.net.URL>
</httpSample>
<httpSample t="{{\d+}}" it="0" lt="{{\d+}}" ct="{{\d+}}" ts="{{\d+}}" s="true" lb="{{\d+}} /ecommunications_enu_nsm_aps05524a027/start.swe" rc="200" rm="OK" tn="Thread Group 1-1" dt="text" de="utf-8" by="1522" sby="1172" sc="1" ec="0" ng="1" na="1" hn="{{.*?}}">
  <responseHeader class="java.lang.String">HTTP/1.1 200 OK
Connection: close
Server: Oracle-iPlanet-Web-Server/7.0
Date: Tue, 23 Jun 2020 13:01:47 GMT
Content-Language: en
Cache-Control: no-cache
Swerpc: true
Content-Type: text/html;charset=utf-8
Connection: close
Matched-Stub-Id: {{\w+-\w+-\w+-\w+-\w+}}
Vary: Accept-Encoding, User-Agent
</responseHeader>
  <requestHeader class="java.lang.String">Connection: close
Content-Type: application/x-www-form-urlencoded
DNT: 1
Accept-Encoding: deflate
Pragma: no-cache
User-Agent: Mozilla/4.0 (compatible; MSIE 7.0; Windows NT 6.3; WOW64; Trident/7.0; .NET4.0E; .NET4.0C; .NET CLR 3.5.30729; .NET CLR 2.0.50727; .NET CLR 3.0.30729)
Accept: text/html, image/gif, image/jpeg, *; q=.2, */*; q=.2
Content-Length: 484
Host: localhost:8080
</requestHeader>
  <responseData class="java.lang.String">@0`1`4`2``0`UC`1`Status`Completed`SWEC`38`SRN`xK7T2pIB2ZOV15hwlQxQF5reKcoUB8VpMTZr7we8uAEb`0`6`Notifications`0`2`0``0`OP`bn`bc`S_BC5`7`0``0`br`0`ArgsArray`33*BT Techcheck Form Applet - Portal1*01*11*11*01*21*01*31*01*41*11*51*01*61*01*71*11*81*01*91*02*101*12*111*02*121*02*131*12*141*12*151*12*161*12*171*12*181*02*191*02*201*02*211*12*221*02*231*02*241*02*251*02*261*12*271*02*281*12*291*02*301*12*311*02*321*02*331*02*341*02*351*02*361*02*371*12*381*12*391*02*401*1`size`1`cr`0`OP`g`bc`S_BC5`type`SWEICanInvokeMethod`8`0``0`br`0`value`1`ar`0`state`cp`size`1`cr`0`OP`sc`bc`S_BC5`7`1``0`br`0`ar`0`size`1`cr`0`OP`ndw`bc`S_BC5`f`Telephonenumber`2`0`FieldValues`0`ValueArray`11*01212345678`FieldArray`1*0`7`0``0`br`0`ar`0`size`1`cr`0`OP`nfd`bc`S_BC5`f`Telephonenumber`2`0``0`OP`en`bc`S_BC5`1`6`Command Manager`0`RefreshToolbar`true`7`0`StateToolBar`0`#35`true`#36`true`#17`true`#34`true`#8`false`#37`true`#38`true`0`1`StateExToolBar`0`1`0`#35`0`Checked`false`0`3`FlagsToolBar`0`3`0`#8`0`SWESP`true`SWEH`0`SWEW`0`3`0`#34`0`SWESP`true`SWEH`600`SWEW`800`3`0`#36`0`SWESP`true`SWEH`20`SWEW`380`3`0`State`0`#27`false`#26`false`#28`false`0`3`StateEx`0`0`0`#26`0`0`0`#27`0`1`0`#28`0`Checked`false`0`0`Flags`0`</responseData>
  <responseFile class="java.lang.String"></responseFile>
  <cookies class="java.lang.String">_sn=GXmoeGkdwh1O45lrH7mMIZnLMWvqHkVWiQKqDOICOq1fi95anXYMaCRAX879ujDRD9kS4J75N4kGDX576Q2AKmwZPUBih-4NS80Pc1189OxasEbdAsHiEtIhcnCzZ0zWb5V6QpVraL0TTGU4ktkGZq374g8C0pUBRhKVASKeW21TgUW5eIkswq97I-.qG-kr; _srn=_srn; SWEUAID=SWEUAID</cookies>
  <method class="java.lang.String">POST</method>
  <queryString class="java.lang.String">SWEVI=&amp;SWERowId=VRId-0&amp;SWEC=37&amp;SWEMethod=PostChanges&amp;SWEPOC=Telephonenumber&amp;SWEReqRowId=1&amp;SWERPC=1&amp;s_5_1_13_0=01212345678&amp;SWEApplet=BT+Techcheck+Form+Applet+-+Portal&amp;SWEActiveApplet=BT+Techcheck+Form+Applet+-+Portal&amp;SWEView=BT+Consumer+-+Sales+Portal+View&amp;SWECmd=InvokeMethod&amp;SRN=xK7T2pIB2ZOV15hwlQxQF5reKcoUB8VpMTZr7we8uAEb&amp;s_5_1_2_0=FY3+9QX&amp;s_5_1_3_0=PSTN&amp;s_5_1_4_0=&amp;SWETS={{\d+}}&amp;SWEActiveView=BT+Consumer+-+Sales+Portal+View&amp;s_5_1_5_0=&amp;SWEP=&amp;SWERowIds=SWERowId0%3D3-61EV7QGN</queryString>
  <java.net.URL>http://localhost:8080/ecommunications_enu_nsm_aps05524a027/start.swe</java.net.URL>
</httpSample>
<httpSample t="{{\d+}}" it="0" lt="{{\d+}}" ct="{{\d+}}" ts="{{\d+}}" s="true" lb="{{\d+}} /ecommunications_enu_nsm_aps05524a027/start.swe" rc="200" rm="OK" tn="Thread Group 1-1" dt="text" de="utf-8" by="1149" sby="1185" sc="1" ec="0" ng="1" na="1" hn="{{.*?}}">
  <responseHeader class="java.lang.String">HTTP/1.1 200 OK
Connection: close
Server: Oracle-iPlanet-Web-Server/7.0
Date: Tue, 23 Jun 2020 13:02:04 GMT
Content-Language: en
Cache-Control: no-cache
Swerpc: true
Content-Type: text/html;charset=utf-8
Connection: close
Matched-Stub-Id: {{\w+-\w+-\w+-\w+-\w+}}
Vary: Accept-Encoding, User-Agent
</responseHeader>
  <requestHeader class="java.lang.String">Connection: close
Content-Type: application/x-www-form-urlencoded
DNT: 1
Accept-Encoding: deflate
Pragma: no-cache
User-Agent: Mozilla/4.0 (compatible; MSIE 7.0; Windows NT 6.3; WOW64; Trident/7.0; .NET4.0E; .NET4.0C; .NET CLR 3.5.30729; .NET CLR 2.0.50727; .NET CLR 3.0.30729)
Accept: text/html, image/gif, image/jpeg, *; q=.2, */*; q=.2
Content-Length: 497
Host: localhost:8080
</requestHeader>
  <responseData class="java.lang.String">@0`1`4`2``0`UC`1`Status`Completed`SWEC`39`SRN`xK7T2pIB2ZOV15hwlQxQF5reKcoUB8VpMTZr7we8uAEb`0`3`Notifications`0`2`0``0`OP`bn`bc`S_BC5`8`0``0`br`0`ArgsArray`0*31*BT Consumer - Sales Portal View33*BT Techcheck Form Applet - Portal9*s_5_1_3_04*true26*BT Product Family Picklist9*Broadband4*PSTN14*PSTN+Broadband21*PSTN+Broadband+Vision6*Vision`ar`0`size`1`cr`0`OP`g`bc`S_BC5`type`GetQuickPickInfo`2`0``0`OP`en`bc`S_BC5`1`6`Command Manager`0`RefreshToolbar`true`7`0`StateToolBar`0`#35`true`#36`true`#17`true`#34`true`#8`false`#37`true`#38`true`0`1`StateExToolBar`0`1`0`#35`0`Checked`false`0`3`FlagsToolBar`0`3`0`#8`0`SWESP`true`SWEH`0`SWEW`0`3`0`#34`0`SWESP`true`SWEH`600`SWEW`800`3`0`#36`0`SWESP`true`SWEH`20`SWEW`380`3`0`State`0`#27`false`#26`false`#28`false`0`3`StateEx`0`0`0`#26`0`0`0`#27`0`1`0`#28`0`Checked`false`0`0`Flags`0`</responseData>
  <responseFile class="java.lang.String"></responseFile>
  <cookies class="java.lang.String">_sn=GXmoeGkdwh1O45lrH7mMIZnLMWvqHkVWiQKqDOICOq1fi95anXYMaCRAX879ujDRD9kS4J75N4kGDX576Q2AKmwZPUBih-4NS80Pc1189OxasEbdAsHiEtIhcnCzZ0zWb5V6QpVraL0TTGU4ktkGZq374g8C0pUBRhKVASKeW21TgUW5eIkswq97I-.qG-kr; _srn=_srn; SWEUAID=SWEUAID</cookies>
  <method class="java.lang.String">POST</method>
  <queryString class="java.lang.String">SWEVI=&amp;SWERowId=VRId-0&amp;SWEC=38&amp;SWEMethod=GetQuickPickInfo&amp;SWEReqRowId=1&amp;SWERPC=1&amp;s_5_1_13_0=01212345678&amp;SWEApplet=BT+Techcheck+Form+Applet+-+Portal&amp;SWEActiveApplet=BT+Techcheck+Form+Applet+-+Portal&amp;SWEView=BT+Consumer+-+Sales+Portal+View&amp;SWEField=s_5_1_3_0&amp;SWECmd=InvokeMethod&amp;SRN=xK7T2pIB2ZOV15hwlQxQF5reKcoUB8VpMTZr7we8uAEb&amp;s_5_1_2_0=FY3+9QX&amp;s_5_1_3_0=PSTN&amp;s_5_1_4_0=&amp;SWEJI=false&amp;SWETS={{\d+}}&amp;SWEActiveView=BT+Consumer+-+Sales+Portal+View&amp;s_5_1_5_0=&amp;SWEP=&amp;SWERowIds=SWERowId0%3D3-61EV7QGN</queryString>
  <java.net.URL>http://localhost:8080/ecommunications_enu_nsm_aps05524a027/start.swe</java.net.URL>
</httpSample>
<httpSample t="{{\d+}}" it="0" lt="{{\d+}}" ct="{{\d+}}" ts="{{\d+}}" s="true" lb="{{\d+}} /ecommunications_enu_nsm_aps05524a027/start.swe" rc="200" rm="OK" tn="Thread Group 1-1" dt="text" de="utf-8" by="1403" sby="1176" sc="1" ec="0" ng="1" na="1" hn="{{.*?}}">
  <responseHeader class="java.lang.String">HTTP/1.1 200 OK
Connection: close
Server: Oracle-iPlanet-Web-Server/7.0
Date: Tue, 23 Jun 2020 13:02:06 GMT
Content-Language: en
Cache-Control: no-cache
Swerpc: true
Content-Type: text/html;charset=utf-8
Connection: close
Matched-Stub-Id: {{\w+-\w+-\w+-\w+-\w+}}
Vary: Accept-Encoding, User-Agent
</responseHeader>
  <requestHeader class="java.lang.String">Connection: close
Content-Type: application/x-www-form-urlencoded
DNT: 1
Accept-Encoding: deflate
Pragma: no-cache
User-Agent: Mozilla/4.0 (compatible; MSIE 7.0; Windows NT 6.3; WOW64; Trident/7.0; .NET4.0E; .NET4.0C; .NET CLR 3.5.30729; .NET CLR 2.0.50727; .NET CLR 3.0.30729)
Accept: text/html, image/gif, image/jpeg, *; q=.2, */*; q=.2
Content-Length: 488
Host: localhost:8080
</requestHeader>
  <responseData class="java.lang.String">@0`1`4`2``0`UC`1`Status`Completed`SWEC`40`SRN`xK7T2pIB2ZOV15hwlQxQF5reKcoUB8VpMTZr7we8uAEb`0`6`Notifications`0`2`0``0`OP`bn`bc`S_BC5`7`0``0`br`0`ArgsArray`33*BT Techcheck Form Applet - Portal1*01*11*11*01*21*11*31*11*41*11*51*11*61*11*71*11*81*11*91*12*101*12*111*12*121*12*131*12*141*12*151*12*161*12*171*12*181*12*191*12*201*12*211*12*221*12*231*12*241*1`size`1`cr`0`OP`g`bc`S_BC5`type`SWEICanUpdate`7`1``0`br`0`ar`0`size`1`cr`0`OP`ndw`bc`S_BC5`f`Product Family`2`0`FieldValues`0`ValueArray`9*Broadband`FieldArray`1*1`7`0``0`br`0`ar`0`size`1`cr`0`OP`nfd`bc`S_BC5`f`Product Family`7`0``0`br`0`ar`0`size`1`cr`0`OP`nfd`bc`S_BC5`f`Service Point Flg`2`0``0`OP`en`bc`S_BC5`1`6`Command Manager`0`RefreshToolbar`true`7`0`StateToolBar`0`#35`true`#36`true`#17`true`#34`true`#8`false`#37`true`#38`true`0`1`StateExToolBar`0`1`0`#35`0`Checked`false`0`3`FlagsToolBar`0`3`0`#8`0`SWESP`true`SWEH`0`SWEW`0`3`0`#34`0`SWESP`true`SWEH`600`SWEW`800`3`0`#36`0`SWESP`true`SWEH`20`SWEW`380`3`0`State`0`#27`false`#26`false`#28`false`0`3`StateEx`0`0`0`#26`0`0`0`#27`0`1`0`#28`0`Checked`false`0`0`Flags`0`</responseData>
  <responseFile class="java.lang.String"></responseFile>
  <cookies class="java.lang.String">_sn=GXmoeGkdwh1O45lrH7mMIZnLMWvqHkVWiQKqDOICOq1fi95anXYMaCRAX879ujDRD9kS4J75N4kGDX576Q2AKmwZPUBih-4NS80Pc1189OxasEbdAsHiEtIhcnCzZ0zWb5V6QpVraL0TTGU4ktkGZq374g8C0pUBRhKVASKeW21TgUW5eIkswq97I-.qG-kr; _srn=_srn; SWEUAID=SWEUAID</cookies>
  <method class="java.lang.String">POST</method>
  <queryString class="java.lang.String">SWEVI=&amp;SWERowId=VRId-0&amp;SWEC=39&amp;SWEMethod=PostChanges&amp;SWEPOC=Product+Family&amp;SWEReqRowId=1&amp;SWERPC=1&amp;s_5_1_13_0=01212345678&amp;SWEApplet=BT+Techcheck+Form+Applet+-+Portal&amp;SWEActiveApplet=BT+Techcheck+Form+Applet+-+Portal&amp;SWEView=BT+Consumer+-+Sales+Portal+View&amp;SWECmd=InvokeMethod&amp;SRN=xK7T2pIB2ZOV15hwlQxQF5reKcoUB8VpMTZr7we8uAEb&amp;s_5_1_2_0=FY3+9QX&amp;s_5_1_3_0=Broadband&amp;s_5_1_4_0=&amp;SWETS={{\d+}}&amp;SWEActiveView=BT+Consumer+-+Sales+Portal+View&amp;s_5_1_5_0=&amp;SWEP=&amp;SWERowIds=SWERowId0%3D3-61EV7QGN</queryString>
  <java.net.URL>http://localhost:8080/ecommunications_enu_nsm_aps05524a027/start.swe</java.net.URL>
</httpSample>
<httpSample t="{{\d+}}" it="0" lt="{{\d+}}" ct="{{\d+}}" ts="{{\d+}}" s="true" lb="{{\d+}} /ecommunications_enu_nsm_aps05524a027/start.swe" rc="200" rm="OK" tn="Thread Group 1-1" dt="text" de="utf-8" by="43085" sby="1309" sc="1" ec="0" ng="1" na="1" hn="{{.*?}}">
  <responseHeader class="java.lang.String">HTTP/1.1 200 OK
Connection: close
Server: Oracle-iPlanet-Web-Server/7.0
Date: Tue, 23 Jun 2020 13:02:22 GMT
Content-Language: en
Cache-Control: no-cache
Swerpc: true
Content-Type: text/html;charset=utf-8
Matched-Stub-Id: {{\w+-\w+-\w+-\w+-\w+}}
Vary: Accept-Encoding, User-Agent
</responseHeader>
  <requestHeader class="java.lang.String">Connection: close
Content-Type: application/x-www-form-urlencoded
DNT: 1
Accept-Encoding: deflate
Pragma: no-cache
User-Agent: Mozilla/4.0 (compatible; MSIE 7.0; Windows NT 6.3; WOW64; Trident/7.0; .NET4.0E; .NET4.0C; .NET CLR 3.5.30729; .NET CLR 2.0.50727; .NET CLR 3.0.30729)
Accept: text/html, image/gif, image/jpeg, *; q=.2, */*; q=.2
Content-Length: 621
Host: localhost:8080
</requestHeader>
  <responseData class="java.lang.String">@0`1`7`3``0`Target`top._sweclient._swecontent._sweview`UC`1`ViewId``Status`NewLayout`View`BT Techcheck Activity Notes View`SWEC`40`SRN`xK7T2pIB2ZOV15hwlQxQF5reKcoUB8VpMTZr7we8uAEb`0`4`api`0`2`0`sc`0`rqc`40`v`16*Techcheck Result17*BT FreeView Check23*Check Freeview Coverage12*BT GoTo View16*Go to CPM Portal8*GoToView24*Techcheck Result Message18*BT BB Message Calc19*Result of Techcheck17*Service Line Type4*Edit7*Provide24*Service Type Description18*User Friendly Name9*Max Speed10*Preference16*Preference Value3*SLT3*RAG10*RAG Status16*Exchange Enabled17*Exchange Enabled?14*Exchange State18*Techcheck Activity9*Techcheck17*Perform Techcheck9*GoToOrder11*Go To Order12*BTValMigCode23*Validate Migration Code15*BTValidateBBMAC19*Return to Home Move14*ReturnHomeMove10*GoToAssets12*Go To Assets19*GoToRetailOnlyOrder23*Go To Retail-Only Order11*GoToROOrder13*Activity Area36*BT Pharma PickList Activity Category19*BT Telephone Number8*Comments26*Comment about the activity15*MeetingLocation16*Meeting Location8*Due Date16*DD/MM/YYYY HH:mm16*Type of activity39*Planned date and time to start activity16*BT_Email_Data_1517*Original Priority20*BT Original Priority27*Description of the activity22*BT External Error Code10*Error Info11*Reason Code16*BT_Email_Data_1410*Alarm Lead19*Appt Alarm Time Min23*Alarm LeadTime PickList22*Status of the activity42*Planned date and time to complete activity24*Priority of the activity26*PickList Activity Priority18*BT Override Reason15*Override Reason17*BT OverrideReason22*BT Vision Amber Reason22*External Reference No.28*BT External Reference Number11*AccountName32*Name of company which owns asset16*ContactFirstName51*First name of contact associated with this activity24*External Reference No. 230*BT External Reference Number 213*AccountNumber15*Customer Number16*BT BillAc Int Id15*BT_Email_Data_215*ContactLastName50*Last name of contact associated with this activity15*BT_Email_Data_833*BT Billing Account Integration Id22*Billing Account Number18*BT Billing Account22*BT Contact Alt Phone #20*Contact Phone Number20*External System Type23*BT External System Type10*Payment Id31*BT External System Information16*Info 126*BT Additional Phone Number23*Additional Phone Number17*Call Me Phone No.20*BT Original Owned By22*Originally Assigned To11*Created Age18*Created Age (Days)14*BT Created Age12*Account Type15*BT Account Type31*BT External System Information26*Info 213*Current Queue16*BT Current Queue12*Actual Start41*Actual date and time activity was started7*Outcome19*BT Activity Outcome15*BT Days Overdue12*Days Overdue17*Actual Completion17*External Queue Id20*BT External Queue Id13*Assigned Date16*BT Assigned Date17*PlannedCompletion15*CSS Database Id18*BT CSS Database Id25*BT Contact Alt Email Addr11*Assigned To19*No Sooner Than Date14*No Sooner Than14*ActivityNumber11*Activity Id16*Activity User ID20*BT Advisor Full Name17*Advisor Full Name37*&lt;FONT SIZE=2&gt;&lt;B&gt;Created By&lt;/B&gt;&lt;/FONT&gt;9*DrillDown12*Assigned Age19*Assigned Age (Days)15*BT Assigned Age12*Repeat Until7*Display10*Display In30*PickList Activity Display Code15*Duration (Mins)17*PickList Duration16*Repeat Frequency35*PickList Repeating Appointment Type18*Parent Activity Id6*Repeat15*Parent Activity20*Parent Activity Desc16*Letter Reference23*Sample Reference Number8*Template15*Letter Template24*BT ConCust Template Name13*Retry Counter8*BT Level13*CheckBenefits8*SendForm8*ViewForm9*GoToSMART10*ViewParent12*ResendLetter6*ViewSR6*Assign10*GotoApplet17*BT Check Benefits12*BT Send Form12*BT View Form15*External Access9*MacStatus14*Activity SR Id10*Attachment15*BT Bill MaintId23*BT Reason for Rejection18*BT Secret Activity11*Call Report13*Customer Ref.11*Go To SMART9*Is Active8*Property5*Quote10*Type Title11*View Parent16*BT Resend Letter7*View SR10*LS Address18*LS Chosen Template7*LS Cost13*LS First Name12*LS Last Name26*LS Sample Reference Number15*AccountLocation8*Audience13*Campaign Name10*Order Name6*Parent11*Source Name18*Status Report Flag12*Claim Number13*Asset Number29*Done Flag15*Lock Assignment26*BT Appt Group Product Type26*BT BB SLT Preference Value13*MigrationCode16*Effort Remaining7*LS Type14*LS Description9*Objective10*EmptyLine110*EmptyLine213*Cost Estimate8*Defect #10*LS Account11*LS Contacts5*LS Id11*LS Priority19*LS Duration Minures9*LS Status10*LS Planned23*FINS Planned Completion8*Comment311*LS Comments18*LabelAccountNumber12*AssignButton18*LabelHouseholdName14*LabelObjective17*LabelActualStart218*LabelAcivityNumber12*INS Policy #12*HTML Button212*HTML Button315*HTML MiniButton16*HTML MiniButton216*HTML MiniButton316*HTML MiniButton419*[Id] = &quot;3-61EV7QGW&quot;14*Date TimeNoSec19*External Error Code7*integer21*Equifax Reference Num25*Equifax Legal Entity Name20*Letter Template Code13*Send Attempts32*BT Techcheck Activity Notes View17*TechCheck Results18*Activity List View13*Activity List22*Activity Explorer View33*BT Techcheck Activity Result View17*Techcheck Details`0`1`nbo`0`2`2`boi`3``n`Action`z``0`1`nbc`0`4`2`bci`3`S_BC1`n`Action`shd`14*Action_BusComp48*srf1592409810_444/bscripts/all/buscomp_action.js`cdl`1`sh`1303`0`70`fl`0`10`0`f`0`itx`1`n`1076`sc`0`icl`1`l`255`crf`215`dft`5`iro`1`t`220`dn`1075`9`0`f`0`itx`1`n`420`sc`0`l`30`crf`215`dft`5`iro`1`t`220`dn`420`11`0`f`0`itx`1`n`179`sc`0`ipc`1`irq`1`l`30`ibp`1`crf`215`dft`5`t`220`dn`1107`9`0`f`0`itx`1`n`1109`sc`0`ipc`1`l`40`crf`215`dft`5`t`220`dn`244`8`0`f`0`itx`1`n`1112`sc`0`l`100`crf`215`dft`5`t`220`dn`1113`8`0`f`0`n`184`sc`0`ipc`1`l`32`crf`215`dft`1304`t`226`dn`1114`11`0`f`0`itx`1`n`119`sc`0`ipc`1`irq`1`l`30`ibp`1`crf`215`dft`5`t`220`dn`119`9`0`f`0`itx`1`n`210`sc`0`l`30`ibp`1`crf`215`dft`5`t`220`dn`210`8`0`f`0`n`177`sc`0`ipc`1`l`32`crf`215`dft`1304`t`226`dn`178`8`0`f`0`itx`1`n`1118`sc`0`l`50`crf`215`dft`5`t`220`dn`970`8`0`f`0`itx`1`n`781`sc`0`l`100`crf`215`dft`5`t`220`dn`781`8`0`f`0`itx`1`n`1120`sc`0`l`30`crf`215`dft`5`t`220`dn`1119`9`0`f`0`itx`1`n`189`sc`0`ipc`1`l`1`crf`215`dft`5`t`218`dn`189`8`0`f`0`itx`1`n`121`sc`0`l`250`crf`215`dft`5`t`220`dn`121`8`0`f`0`itx`1`n`1122`sc`0`l`2000`crf`215`dft`5`t`220`dn`1305`8`0`f`0`itx`1`n`1125`sc`0`l`50`crf`215`dft`5`t`220`dn`1124`9`0`f`0`n`1127`sc`0`ipc`1`inm`1`l`16`crf`215`dft`5`t`1306`dn`1126`10`0`f`0`itx`1`n`115`sc`0`ipc`1`l`30`ibp`1`crf`215`dft`5`t`220`dn`115`10`0`f`0`n`145`sc`0`irq`1`l`32`crf`215`dft`5`ihn`1`iro`1`t`226`dn`145`9`0`f`0`itx`1`n`151`sc`0`l`30`ibp`1`crf`215`dft`5`t`220`dn`151`10`0`f`0`itx`1`n`1135`sc`0`ipc`1`l`100`ibp`1`crf`215`dft`5`t`220`dn`1134`8`0`f`0`itx`1`n`1138`sc`0`l`30`crf`215`dft`5`t`220`dn`1307`9`0`f`0`itx`1`n`182`sc`0`l`100`ibp`1`crf`215`dft`5`t`220`dn`182`8`0`f`0`itx`1`n`135`sc`0`l`50`crf`215`dft`5`t`220`dn`135`8`0`f`0`itx`1`n`1144`sc`0`l`30`crf`215`dft`5`t`220`dn`1143`9`0`f`0`itx`1`n`1147`sc`0`l`30`ibp`1`crf`215`dft`5`t`220`dn`1146`8`0`f`0`itx`1`n`1148`sc`0`l`100`crf`215`dft`5`t`220`dn`703`10`0`f`0`itx`1`n`134`sc`0`l`50`ibp`1`crf`215`dft`5`iro`1`t`220`dn`134`8`0`f`0`itx`1`n`1151`sc`0`l`50`crf`215`dft`5`t`220`dn`706`9`0`f`0`itx`1`n`1154`sc`0`l`30`ibp`1`crf`215`dft`5`t`220`dn`1153`8`0`f`0`itx`1`n`1155`sc`0`l`40`crf`215`dft`5`t`508`dn`1156`8`0`f`0`itx`1`n`1158`sc`0`l`10`crf`215`dft`5`t`220`dn`1157`8`0`f`0`itx`1`n`1159`sc`0`l`15`crf`215`dft`5`t`214`dn`1159`8`0`f`0`itx`1`n`1160`sc`0`l`2500`crf`215`dft`5`t`220`dn`1161`8`0`f`0`itx`1`n`1164`sc`0`l`40`crf`215`dft`5`t`508`dn`1163`8`0`f`0`n`505`sc`0`l`32`crf`215`dft`5`iro`1`t`226`dn`505`8`0`f`0`itx`1`n`1165`sc`0`l`50`crf`215`dft`5`t`220`dn`1166`10`0`f`0`n`1169`sc`6`icl`1`inm`1`l`18`crf`215`dft`5`iro`1`t`1029`dn`1168`9`0`f`0`itx`1`n`1171`sc`0`l`30`crf`215`dft`5`iro`1`t`220`dn`1170`8`0`f`0`itx`1`n`1172`sc`0`l`100`crf`215`dft`5`t`220`dn`1308`8`0`f`0`itx`1`n`1175`sc`0`l`50`crf`215`dft`5`t`220`dn`1174`8`0`f`0`n`188`sc`0`ipc`1`l`32`crf`215`dft`5`t`226`dn`1176`10`0`f`0`itx`1`n`1180`sc`0`icl`1`l`255`crf`215`dft`5`iro`1`t`220`dn`1181`8`0`f`0`n`71`sc`0`ipc`1`l`32`crf`215`dft`5`t`226`dn`1182`8`0`f`0`itx`1`n`1184`sc`0`l`32`crf`215`dft`5`t`220`dn`1183`7`0`f`0`n`1186`sc`0`l`32`crf`215`dft`5`t`226`dn`1185`8`0`f`0`n`187`sc`0`ipc`1`l`32`crf`215`dft`1304`t`226`dn`187`8`0`f`0`itx`1`n`1189`sc`0`l`10`crf`215`dft`5`t`220`dn`1188`8`0`f`0`itx`1`n`1190`sc`0`l`100`crf`215`dft`5`t`220`dn`499`11`0`f`0`itx`1`n`185`sc`0`ipc`1`irq`1`l`50`ibp`1`crf`215`dft`5`t`220`dn`1191`7`0`f`0`n`1192`sc`0`l`32`crf`215`dft`5`t`226`dn`1193`8`0`f`0`itx`1`n`200`sc`0`l`30`crf`215`dft`5`t`220`dn`1195`9`0`f`0`itx`1`n`158`sc`0`l`30`crf`215`dft`5`iro`1`t`220`dn`1047`10`0`f`0`itx`1`n`1197`sc`0`icl`1`l`255`crf`215`dft`5`iro`1`t`220`dn`1198`9`0`f`0`itx`1`n`113`sc`0`l`64`ibp`1`crf`215`dft`5`t`220`dn`113`10`0`f`0`itx`1`n`144`sc`0`ipc`1`l`50`crf`215`dft`5`iro`1`t`220`dn`658`10`0`f`0`n`1203`sc`6`icl`1`inm`1`l`18`crf`215`dft`5`iro`1`t`1029`dn`1202`9`0`f`0`itx`1`n`208`sc`0`l`100`ibp`1`crf`215`dft`5`t`220`dn`208`8`0`f`0`n`192`sc`0`ipc`1`l`32`crf`215`dft`5`t`226`dn`1204`11`0`f`0`itx`1`n`1205`sc`0`ipc`1`irq`1`l`30`ibp`1`crf`215`dft`5`t`220`dn`1206`9`0`f`0`n`186`sc`0`ipc`1`inm`1`l`16`crf`215`dft`5`t`1306`dn`1208`8`0`f`0`itx`1`n`193`sc`0`l`1`crf`215`dft`5`t`218`dn`193`10`0`f`0`itx`1`n`191`sc`0`ipc`1`l`30`ibp`1`crf`215`dft`5`t`220`dn`1210`8`0`f`0`itx`1`n`1212`sc`0`l`15`crf`215`dft`5`t`214`dn`1212`9`0`f`0`itx`1`n`190`sc`0`ipc`1`l`1`crf`215`dft`5`t`218`dn`1213`9`0`f`0`itx`1`n`1215`sc`0`l`250`ibp`1`crf`215`dft`5`t`220`dn`1214`8`0`f`0`itx`1`n`1217`sc`0`l`30`crf`215`dft`5`t`220`dn`1216`8`0`f`0`itx`1`n`1220`sc`0`l`75`crf`215`dft`5`t`220`dn`1309`8`0`f`0`n`1222`sc`0`inm`1`l`16`crf`215`dft`5`t`1306`dn`1310`11`0`f`0`itx`1`n`183`sc`0`irq`1`l`15`crf`215`dft`5`ihn`1`iro`1`t`214`dn`183`3`2`rl`0`crnm`1`nmr`1`atr`0`2`0`r`0`v`218*We have tested your line and the estimated broadband speed is between bps and bps.

However, we are sorry to inform you that your exchange currently does not have additional capacity to provide BB service to you.





7*FY3 9QX16*Technology Check11*0121234567810*ProvLQbyDN19*06/24/2020 14:02:189*Broadband5*Green0*0*12*R012033189250*1*N28*Technology Check - Broadband18*Request Successful1*Z0*6*Closed19*06/23/2020 14:02:180*0*0*15*Blazemeter Demo0*2*OK10*13384053560*0*0*0*0*0*0*0*11*0121234567819*06/23/2020 14:02:2125*BT_WLR3_INTERNAL_ACTIVITY1*08*Consumer4*000025*BT_WLR3_INTERNAL_ACTIVITY0*1* 0*0*19*06/23/2020 14:02:1819*06/23/2020 14:02:180*0*25*BT_WLR3_INTERNAL_ACTIVITY19*06/23/2020 14:02:1810*3-61EV7QGW0*33*cbb065f6647cd0c5 cbb065f6647cd0c50*13*BB_CCPEIM50001*00*0*23*Calendar and Activities1*01*N0*0*1*N0*0*0*1*010*3-61EV7QGW`i`3-61EV7QGW`1`0`tr`0`v``0`1`nbc`0`2`2`bci`3`S_BC2`n`BT BB Techcheck SLT VBC`pi`S_BC1`0`9`fl`0`9`0`f`0`itx`1`n`1080`sc`0`ipc`1`l`1`crf`215`dft`5`t`218`dn`1080`8`0`f`0`itx`1`n`1082`sc`0`l`255`crf`215`dft`5`t`220`dn`1081`8`0`f`0`itx`1`n`1083`sc`0`l`255`crf`215`dft`5`t`220`dn`1083`8`0`f`0`itx`1`n`1085`sc`0`l`255`crf`215`dft`5`t`220`dn`1085`8`0`f`0`itx`1`n`1086`sc`0`l`255`crf`215`dft`5`t`220`dn`1078`8`0`f`0`itx`1`n`1087`sc`0`l`255`crf`215`dft`5`t`220`dn`1088`8`0`f`0`itx`1`n`1089`sc`0`l`255`crf`215`dft`5`t`220`dn`1090`8`0`f`0`itx`1`n`1091`sc`0`l`255`crf`215`dft`5`t`220`dn`1091`11`0`f`0`itx`1`n`183`sc`0`irq`1`l`15`crf`215`dft`5`ihn`1`iro`1`t`214`dn`183`4`4`rl`0`inrk`1`crnm`1`nmr`3`atr`0`2`0`r`0`v`1*Y21*CCP-Broadband DSL MAX2*4M1*117*BBSLT_UPTO_8M_MAX5*GREEN3*Yes1*L6*VRId-0`i`VRId-0`2`0`r`0`v`0*27*CCP-Broadband WBC up to 24M3*12M1*218*BBSLT_UPTO_24M_WBC5*GREEN3*Yes1*L6*VRId-1`i`VRId-1`2`0`r`0`v`0*49*Fibre to the Cabinet with speeds upto 2M Upstream3*16M1*322*BBSLT_UPTO_40M_FTTCWBC5*GREEN3*Yes1*L6*VRId-2`i`VRId-2`1`0`tr`0`v``1`1`nv`0`imv`1`6`4`vi`3``vt`STANDARD`ich`0`n`BT Techcheck Activity Notes View`pu`http://localhost:8080/ecommunications_enu_nsm_aps05524a027/start.swe`tt`Activity Attachments`tb`&lt;span id=&apos;s_tb&apos;&gt;&lt;table datatable=&quot;0&quot; summary=&quot;&quot; cellpadding=&quot;0&quot; cellspacing=&quot;0&quot; border=&quot;0&quot;&gt;&lt;tr&gt;&lt;td&gt;&lt;span class=&quot;threadbar&quot;&gt;&lt;nobr&gt;Techcheck Activity:&lt;/nobr&gt;&lt;/span&gt;&lt;/td&gt;&lt;td&gt;&lt;img src=&quot;images/spacer.gif&quot; width=&quot;5&quot; height=&quot;1&quot; alt=&quot;&quot;&gt;&lt;/td&gt;&lt;td&gt;&lt;/td&gt;&lt;/tr&gt;&lt;/table&gt;&lt;/span&gt;`0`1`na`0`16`2`ai`3`S_A1`nfi`1`n`BT Techcheck Notes Form Applet`cud`4*10701*14*10721*13*2051*0`cik`3*6991*14*10741*12*211*12*221*12*231*12*241*12*251*02*261*02*271*02*281*02*291*12*301*12*311*02*321*02*331*12*341*02*351*02*361*02*371*02*381*12*391*02*401*12*411*02*421*12*201*02*431*02*441*12*451*12*461*12*471*12*481*02*491*02*501*02*511*02*521*02*531*02*541*12*551*12*561*02*571*1`asq`1`ied`1`vrn`S_A1`tt`1069`inu`0`hmn`1`rsp`false`bnr`0`iem``bci`S_BC1`hlc`3*a_11*11*2`i`1`0`3`cl`0`23`1`c`0`pt`5`sp`s_1_1_0_0`dm`7`w`0`n`1070`pw`0`ph`0`ju`6`sq`2997`pan`5`mn`699`ibp`1`crf`8`sdy`0`h`0`iec`1`dft`5`ime`5`dmc`0`t`67`dn`1071`fn`5`msz`32`17`0`imp`0`SWEField`s_1_1_0_0`SWENeedContext`true`SWER`0`SWESP`true`SWEMethod`ShowPopup`SWECmd`InvokeMethod`SWEH`100`SWEDIC`true`SWEReqRowId`0`SWEView`BT Techcheck Activity Notes View`SWEC`40`SWEW`300`SWEM`Base`SWEBID`-1`SRN`xK7T2pIB2ZOV15hwlQxQF5reKcoUB8VpMTZr7we8uAEb`SWETA`BT Free View Check Applet`SWEApplet`BT Techcheck Notes Form Applet`23`1`c`0`pt`5`sp`s_1_1_1_0`dm`7`w`0`n`1072`pw`0`ph`0`ju`6`sq`2997`pan`5`mn`1074`ibp`1`crf`8`sdy`0`h`0`iec`1`dft`5`ime`5`dmc`0`t`67`dn`1073`fn`5`msz`32`13`0`imp`0`SWEField`s_1_1_1_0`SWENeedContext`true`SWER`0`SWESP`false`SWEMethod`GoToView`SWECmd`InvokeMethod`SWEDIC`false`SWEReqRowId`0`SWEView`BT Techcheck Activity Notes View`SWEC`40`SWEBID`-1`SRN`xK7T2pIB2ZOV15hwlQxQF5reKcoUB8VpMTZr7we8uAEb`SWEApplet`BT Techcheck Notes Form Applet`23`0`c`0`pt`1077`sp`s_1_1_2_0`dm`5`w`700`csq`1`n`205`pw`0`ph`0`ju`6`sq`2005`pan`5`ibp`1`crf`8`sdy`0`h`100`iec`1`dft`5`ime`5`dmc`0`t`122`dn`1075`fn`1076`msz`255`1`0`cfm`0`DeleteRecord`IDS_SWE_DELETE_CONFIRM_WARNING`0`1`nla`0`20`4`ai`3`S_A2`nfi`1`n`BT BB Techcheck SLT VBC Applet`cud`3*3651*13*3661*13*3671*12*121*13*1051*12*281*13*3061*12*451*12*401*12*391*12*441*12*291*13*3101*12*641*12*431*12*271*12*311*14*10891*04*10911*04*10831*04*10841*04*10871*04*10781*04*10811*03*3861*1`dqy`1`cik`3*3641*12*281*03*3061*02*451*12*401*02*391*02*441*12*291*13*3101*12*201*02*431*02*271*02*311*12*211*12*221*12*231*12*241*12*251*02*261*12*301*12*321*12*331*02*341*12*351*12*361*12*371*02*381*12*411*02*421*02*461*12*471*12*481*02*491*02*501*02*511*02*521*02*531*02*541*12*551*12*561*02*571*0`pf`VER_1.0_~0|Primary|100~0|Service Type Description|450~0|Max Speed|2~0|Preference|5~0|Service Line Type|100~0|RAG|10~0|Exchange Enabled|100~0|Exchange State|10`shd`37*BT_BB_Techcheck_SLT_VBC_Applet_Applet71*srf1592409810_444/bscripts/all/applet_bt_bb_techcheck_slt_vbc_applet.js`rct`10`asq`2`ied`1`vrn`S_A2`tt`1078`inu`0`hmn`1`rsp`false`bnr`0`iem``bci`S_BC2`hlc`3*a_21*11*2`i`2`0`5`cl`0`23`1`c`0`pt`5`sp`s_2_1_9_0`dm`7`w`0`n`39`pw`0`ph`0`ju`6`sq`3997`pan`5`mn`39`ibp`1`crf`8`sdy`0`h`0`iec`1`dft`5`ime`5`dmc`0`t`67`dn`5`fn`5`msz`32`14`0`imp`0`SWEField`s_2_1_9_0`SWENeedContext`true`SWER`0`SWESP`false`SWERowIds`SWERowId0=3-61EV7QGW`SWEMethod`GotoPreviousSet`SWECmd`InvokeMethod`SWEDIC`false`SWEReqRowId`0`SWEView`BT Techcheck Activity Notes View`SWEC`40`SWEBID`-1`SRN`xK7T2pIB2ZOV15hwlQxQF5reKcoUB8VpMTZr7we8uAEb`SWEApplet`BT BB Techcheck SLT VBC Applet`23`1`c`0`pt`5`sp`s_2_1_8_0`dm`7`w`0`n`40`pw`0`ph`0`ju`6`sq`3997`pan`5`mn`40`ibp`1`crf`8`sdy`0`h`0`iec`1`dft`5`ime`5`dmc`0`t`67`dn`5`fn`5`msz`32`14`0`imp`0`SWEField`s_2_1_8_0`SWENeedContext`true`SWER`0`SWESP`false`SWERowIds`SWERowId0=3-61EV7QGW`SWEMethod`GotoNextSet`SWECmd`InvokeMethod`SWEDIC`false`SWEReqRowId`0`SWEView`BT Techcheck Activity Notes View`SWEC`40`SWEBID`-1`SRN`xK7T2pIB2ZOV15hwlQxQF5reKcoUB8VpMTZr7we8uAEb`SWEApplet`BT BB Techcheck SLT VBC Applet`23`1`c`0`pt`5`sp`s_2_1_13_0`dm`7`w`0`n`64`pw`0`ph`0`ju`6`sq`3997`pan`5`mn`20`ibp`1`crf`8`sdy`0`h`0`iec`1`dft`5`ime`5`dmc`0`t`67`dn`652`fn`5`msz`32`16`0`imp`0`SWEField`s_2_1_13_0`SWENeedContext`true`SWER`0`SWESP`true`SWERowIds`SWERowId0=3-61EV7QGW`SWEMethod`ShowQueryAssistant`SWECmd`InvokeMethod`SWEH`0`SWEDIC`true`SWEReqRowId`0`SWEView`BT Techcheck Activity Notes View`SWEC`40`SWEW`0`SWEBID`-1`SRN`xK7T2pIB2ZOV15hwlQxQF5reKcoUB8VpMTZr7we8uAEb`SWEApplet`BT BB Techcheck SLT VBC Applet`23`1`c`0`pt`5`sp`s_2_1_6_0`dm`7`w`0`n`306`pw`0`ph`0`ju`6`sq`3997`pan`5`mn`306`ibp`1`crf`8`sdy`0`h`0`iec`1`dft`5`ime`5`dmc`0`t`67`dn`1079`fn`5`msz`32`14`0`imp`0`SWEField`s_2_1_6_0`SWENeedContext`true`SWER`0`SWESP`false`SWERowIds`SWERowId0=3-61EV7QGW`SWEMethod`EditRecord`SWECmd`InvokeMethod`SWEDIC`false`SWEReqRowId`0`SWEView`BT Techcheck Activity Notes View`SWEC`40`SWEBID`-1`SRN`xK7T2pIB2ZOV15hwlQxQF5reKcoUB8VpMTZr7we8uAEb`SWEApplet`BT BB Techcheck SLT VBC Applet`23`1`c`0`pt`5`sp`s_2_1_16_0`dm`7`w`0`n`31`pw`0`ph`0`ju`6`sq`3997`pan`5`mn`31`ibp`1`crf`8`sdy`0`h`0`iec`1`dft`5`ime`5`dmc`0`t`67`dn`383`fn`5`msz`32`14`0`imp`0`SWEField`s_2_1_16_0`SWENeedContext`true`SWER`0`SWESP`false`SWERowIds`SWERowId0=3-61EV7QGW`SWEMethod`WriteRecord`SWECmd`InvokeMethod`SWEDIC`false`SWEReqRowId`1`SWEView`BT Techcheck Activity Notes View`SWEC`40`SWEBID`-1`SRN`xK7T2pIB2ZOV15hwlQxQF5reKcoUB8VpMTZr7we8uAEb`SWEApplet`BT BB Techcheck SLT VBC Applet`1`0`cfm`0`DeleteRecord`IDS_SWE_DELETE_CONFIRM_WARNING`0`8`col`0`26`0`co`0`pt`5`sp`s_2_2_24_`dm`7`w`100`csq`1`n`386`pw`0`ist`1`ph`0`ju`94`sq`3997`pan`5`icm`387`ibp`1`crf`8`sdy`0`h`0`iec`1`dft`5`cix`0`ime`5`dmc`0`t`92`dn`1080`fn`1080`msz`1`25`0`co`0`pt`5`sp`s_2_2_23_`dm`7`w`450`csq`1`n`1081`pw`0`ist`1`ph`0`ju`6`sq`3997`pan`5`ibp`1`crf`8`sdy`0`h`0`iec`1`dft`5`cix`1`ime`5`dmc`0`t`4`dn`1081`fn`1082`msz`255`25`0`co`0`pt`5`sp`s_2_2_19_`dm`7`w`2`csq`1`n`1083`pw`0`ist`1`ph`0`ju`6`sq`3997`pan`5`ibp`1`crf`8`sdy`0`h`0`iec`1`dft`5`cix`2`ime`5`dmc`0`t`4`dn`1083`fn`1083`msz`255`25`0`co`0`pt`5`sp`s_2_2_20_`dm`7`w`5`csq`1`n`1084`pw`0`ist`1`ph`0`ju`6`sq`3997`pan`5`ibp`1`crf`8`sdy`0`h`0`iec`1`dft`5`cix`3`ime`5`dmc`0`t`4`dn`1085`fn`1085`msz`255`25`0`co`0`pt`5`sp`s_2_2_22_`dm`7`w`100`csq`1`n`1078`pw`0`ist`1`ph`0`ju`6`sq`3997`pan`5`ibp`1`crf`8`sdy`0`h`0`iec`1`dft`5`cix`4`ime`5`dmc`0`t`4`dn`1078`fn`1086`msz`255`25`0`co`0`pt`5`sp`s_2_2_21_`dm`7`w`10`csq`1`n`1087`pw`0`ist`1`ph`0`ju`6`sq`3997`pan`5`ibp`1`crf`8`sdy`0`h`0`iec`1`dft`5`cix`5`ime`5`dmc`0`t`4`dn`1088`fn`1087`msz`255`25`0`co`0`pt`5`sp`s_2_2_17_`dm`7`w`100`csq`1`n`1089`pw`0`ist`1`ph`0`ju`6`sq`3997`pan`5`ibp`1`crf`8`sdy`0`h`0`iec`1`dft`5`cix`6`ime`5`dmc`0`t`4`dn`1090`fn`1089`msz`255`25`0`co`0`pt`5`sp`s_2_2_18_`dm`7`w`10`csq`1`n`1091`pw`0`ist`1`ph`0`ju`6`sq`3997`pan`5`ibp`1`crf`8`sdy`0`h`0`iec`1`dft`5`cix`7`ime`5`dmc`0`t`4`dn`1091`fn`1091`msz`255`0`3`pcl`0`2`0`pc`0`allowPC`false`QueryComboBox``2`0`pc`0`allowPC`false`QuerySrchSpec``2`0`pc`0`allowPC`false`AppletTitle``0`1`na`0`17`3`ai`3`S_A3`nfi`2`n`BT Techcheck Activity Form Applet`cud`3*4201*03*7811*03*1891*04*12321*14*12331*14*11091*04*12341*14*12351*04*12361*04*11241*03*2101*04*11001*13*7031*03*7061*03*9701*04*11701*04*12371*04*12011*04*11851*04*12381*04*12161*04*12211*04*12181*04*11621*04*11971*04*12391*04*11521*04*11551*04*11801*04*11651*03*3331*04*11331*04*12401*04*12411*03*3631*04*11881*04*12421*03*4991*04*11671*04*12431*04*11831*04*11371*04*11431*04*11571*04*12441*14*12451*03*5051*04*11191*04*11661*04*12121*04*11591*04*12461*04*12471*04*12481*04*12491*14*12501*14*12511*14*12521*04*12531*04*12541*04*12551*04*12561*04*12571*04*12581*04*11261*04*12591*04*12601*04*12051*04*12611*13*1581*04*12621*04*12141*02*641*14*12631*04*12641*04*12651*04*12661*03*1391*03*1411*03*2031*04*12671*03*1841*03*1851*04*12681*04*12691*04*12701*04*11121*04*12711*03*2021*03*2081*04*12721*03*2091*03*1421*03*1931*03*1431*04*12131*03*1381*04*11781*03*2111*03*2431*14*11221*04*11601*04*11721*02*431*14*12731*03*1191*03*1211*04*12741*03*3061*14*12751*04*12761*14*12771*13*1791*04*12781*04*12791*03*2071*02*451*14*11391*04*12801*02*401*14*11451*02*391*14*11491*04*12811*03*1831*04*12821*02*441*14*11411*02*291*14*11921*04*12831*03*1511*03*1991*03*3071*13*1131*03*1451*03*1441*03*1861*04*12841*03*1921*03*2041*03*1911*04*12851*03*1151*02*271*14*12861*03*1771*03*5891*14*12871*03*1871*04*11871*03*3161*13*1881*02*711*03*3171*13*2051*04*12881*04*11101*04*12891*04*12901*14*12911*14*12921*14*12931*13*3121*13*4781*13*4791*13*4801*14*12941*14*12951*14*11941*04*12961*04*12301*14*10971*14*11021*14*10951*14*11041*14*10931*14*10121*14*12971*14*12981*14*12991*14*13001*14*13011*14*13021*1`cik`4*12231*04*12241*04*12251*04*11011*14*12261*04*12271*04*12281*04*12291*02*201*03*2431*12*431*03*3061*02*451*12*401*12*391*02*441*12*291*13*3071*14*12001*12*271*02*311*04*12301*12*281*02*301*14*10991*14*11021*14*10951*14*11061*13*6991*12*211*12*221*12*231*12*241*12*251*02*261*02*321*02*331*12*341*02*351*02*361*02*371*02*381*12*411*02*421*12*461*12*471*12*481*02*491*02*501*02*511*02*521*02*531*02*541*12*551*14*12311*12*561*02*571*1`shd`40*BT_Techcheck_Activity_Form_Applet_Applet74*srf1592409810_444/bscripts/all/applet_bt_techcheck_activity_form_applet.js`asq`0`ied`1`vrn`S_A3`tt`1092`inu`0`hmn`1`rsp`false`bnr`0`iem``bci`S_BC1`hlc`3*a_31*11*2`i`3`0`83`cl`0`23`1`c`0`pt`5`sp`s_3_1_126_0`dm`69`w`0`n`44`pw`0`ph`0`ju`6`sq`1997`pan`5`mn`44`ibp`1`crf`8`sdy`0`h`0`iec`1`dft`5`ime`5`dmc`0`t`67`dn`530`fn`5`msz`32`13`0`imp`0`SWEField`s_3_1_126_0`SWENeedContext`true`SWER`0`SWESP`false`SWEMethod`NewQuery`SWECmd`InvokeMethod`SWEDIC`false`SWEReqRowId`0`SWEView`BT Techcheck Activity Notes View`SWEC`40`SWEBID`-1`SRN`xK7T2pIB2ZOV15hwlQxQF5reKcoUB8VpMTZr7we8uAEb`SWEApplet`BT Techcheck Activity Form Applet`23`1`c`0`pt`5`sp`s_3_1_116_0`dm`69`w`0`n`45`pw`0`ph`0`ju`6`sq`1997`pan`5`mn`45`ibp`1`crf`8`sdy`0`h`0`iec`1`dft`5`ime`5`dmc`0`t`67`dn`392`fn`5`msz`32`13`0`imp`0`SWEField`s_3_1_116_0`SWENeedContext`true`SWER`0`SWESP`false`SWEMethod`ExecuteQuery`SWECmd`InvokeMethod`SWEDIC`false`SWEReqRowId`0`SWEView`BT Techcheck Activity Notes View`SWEC`40`SWEBID`-1`SRN`xK7T2pIB2ZOV15hwlQxQF5reKcoUB8VpMTZr7we8uAEb`SWEApplet`BT Techcheck Activity Form Applet`23`1`c`0`pt`5`sp`s_3_1_103_0`dm`7`w`0`n`43`pw`0`ph`0`ju`6`sq`1997`pan`5`mn`43`ibp`1`crf`8`sdy`0`h`0`iec`1`dft`5`ime`5`dmc`0`t`67`dn`393`fn`5`msz`32`13`0`imp`0`SWEField`s_3_1_103_0`SWENeedContext`true`SWER`0`SWESP`false`SWEMethod`UndoQuery`SWECmd`InvokeMethod`SWEDIC`false`SWEReqRowId`0`SWEView`BT Techcheck Activity Notes View`SWEC`40`SWEBID`-1`SRN`xK7T2pIB2ZOV15hwlQxQF5reKcoUB8VpMTZr7we8uAEb`SWEApplet`BT Techcheck Activity Form Applet`23`1`c`0`pt`5`sp`s_3_1_176_0`dm`7`w`0`n`1093`pw`0`ph`0`ju`6`sq`1997`pan`5`mn`699`ibp`1`crf`8`sdy`0`h`0`iec`1`dft`5`ime`5`dmc`0`t`67`dn`1094`fn`5`msz`32`17`0`imp`0`SWEField`s_3_1_176_0`SWENeedContext`true`SWER`0`SWESP`true`SWEMethod`ShowPopup`SWECmd`InvokeMethod`SWEH`100`SWEDIC`true`SWEReqRowId`0`SWEView`BT Techcheck Activity Notes View`SWEC`40`SWEW`300`SWEM`Edit List`SWEBID`-1`SRN`xK7T2pIB2ZOV15hwlQxQF5reKcoUB8VpMTZr7we8uAEb`SWETA`BT Address Returned from Address Match`SWEApplet`BT Techcheck Activity Form Applet`23`1`c`0`pt`5`sp`s_3_1_174_0`dm`7`w`0`n`1095`pw`0`ph`0`ju`6`sq`1997`pan`5`mn`1095`ibp`1`crf`8`sdy`0`h`0`iec`1`dft`5`ime`5`dmc`0`t`67`dn`1096`fn`5`msz`32`13`0`imp`0`SWEField`s_3_1_174_0`SWENeedContext`true`SWER`0`SWESP`false`SWEMethod`GoToOrder`SWECmd`InvokeMethod`SWEDIC`false`SWEReqRowId`0`SWEView`BT Techcheck Activity Notes View`SWEC`40`SWEBID`-1`SRN`xK7T2pIB2ZOV15hwlQxQF5reKcoUB8VpMTZr7we8uAEb`SWEApplet`BT Techcheck Activity Form Applet`23`1`c`0`pt`5`sp`s_3_1_172_0`dm`7`w`0`n`1097`pw`0`ph`0`ju`6`sq`1997`pan`5`mn`1099`ibp`1`crf`8`sdy`0`h`0`iec`1`dft`5`ime`5`dmc`0`t`67`dn`1098`fn`5`msz`32`13`0`imp`0`SWEField`s_3_1_172_0`SWENeedContext`true`SWER`0`SWESP`false`SWEMethod`BTValidateBBMAC`SWECmd`InvokeMethod`SWEDIC`false`SWEReqRowId`0`SWEView`BT Techcheck Activity Notes View`SWEC`40`SWEBID`-1`SRN`xK7T2pIB2ZOV15hwlQxQF5reKcoUB8VpMTZr7we8uAEb`SWEApplet`BT Techcheck Activity Form Applet`23`1`c`0`pt`5`sp`s_3_1_72_0`dm`7`w`0`n`64`pw`0`ph`0`ju`6`sq`1997`pan`5`mn`20`ibp`1`crf`8`sdy`0`h`0`iec`1`dft`5`ime`5`dmc`0`t`67`dn`652`fn`5`msz`32`17`0`imp`0`SWEField`s_3_1_72_0`SWENeedContext`true`SWER`0`SWESP`true`SWEMethod`ShowQueryAssistant`SWECmd`InvokeMethod`SWEH`100`SWEDIC`true`SWEReqRowId`0`SWEView`BT Techcheck Activity Notes View`SWEC`40`SWEW`300`SWEM`Edit`SWEBID`-1`SRN`xK7T2pIB2ZOV15hwlQxQF5reKcoUB8VpMTZr7we8uAEb`SWETA`Query Assistant`SWEApplet`BT Techcheck Activity Form Applet`23`1`c`0`pt`5`sp`s_3_1_128_0`dm`69`w`0`n`29`pw`0`ph`0`ju`6`sq`1997`pan`5`mn`29`ibp`1`crf`8`sdy`0`h`0`iec`1`dft`5`ime`5`dmc`0`t`67`dn`93`fn`5`msz`32`13`0`imp`0`SWEField`s_3_1_128_0`SWENeedContext`true`SWER`0`SWESP`false`SWEMethod`NewRecord`SWECmd`InvokeMethod`SWEDIC`false`SWEReqRowId`0`SWEView`BT Techcheck Activity Notes View`SWEC`40`SWEBID`-1`SRN`xK7T2pIB2ZOV15hwlQxQF5reKcoUB8VpMTZr7we8uAEb`SWEApplet`BT Techcheck Activity Form Applet`23`1`c`0`pt`5`sp`s_3_1_144_0`dm`69`w`0`n`27`pw`0`ph`0`ju`6`sq`1997`pan`5`mn`27`ibp`1`crf`8`sdy`0`h`0`iec`1`dft`5`ime`5`dmc`0`t`67`dn`393`fn`5`msz`32`13`0`imp`0`SWEField`s_3_1_144_0`SWENeedContext`true`SWER`0`SWESP`false`SWEMethod`UndoRecord`SWECmd`InvokeMethod`SWEDIC`false`SWEReqRowId`0`SWEView`BT Techcheck Activity Notes View`SWEC`40`SWEBID`-1`SRN`xK7T2pIB2ZOV15hwlQxQF5reKcoUB8VpMTZr7we8uAEb`SWEApplet`BT Techcheck Activity Form Applet`23`1`c`0`pt`5`sp`s_3_1_11_0`dm`7`w`0`n`1100`pw`0`ph`0`ju`6`sq`1997`pan`5`mn`1101`ibp`1`crf`8`sdy`0`h`0`iec`1`dft`5`ime`5`dmc`0`t`67`dn`1100`fn`5`msz`32`13`0`imp`0`SWEField`s_3_1_11_0`SWENeedContext`true`SWER`0`SWESP`false`SWEMethod`ReturnHomeMove`SWECmd`InvokeMethod`SWEDIC`false`SWEReqRowId`0`SWEView`BT Techcheck Activity Notes View`SWEC`40`SWEBID`-1`SRN`xK7T2pIB2ZOV15hwlQxQF5reKcoUB8VpMTZr7we8uAEb`SWEApplet`BT Techcheck Activity Form Applet`23`1`c`0`pt`5`sp`s_3_1_173_0`dm`7`w`0`n`1102`pw`0`ph`0`ju`6`sq`1997`pan`5`mn`1102`ibp`1`crf`8`sdy`0`h`0`iec`1`dft`5`ime`5`dmc`0`t`67`dn`1103`fn`5`msz`32`13`0`imp`0`SWEField`s_3_1_173_0`SWENeedContext`true`SWER`0`SWESP`false`SWEMethod`GoToAssets`SWECmd`InvokeMethod`SWEDIC`false`SWEReqRowId`0`SWEView`BT Techcheck Activity Notes View`SWEC`40`SWEBID`-1`SRN`xK7T2pIB2ZOV15hwlQxQF5reKcoUB8VpMTZr7we8uAEb`SWEApplet`BT Techcheck Activity Form Applet`23`1`c`0`pt`5`sp`s_3_1_175_0`dm`7`w`0`n`1104`pw`0`ph`0`ju`6`sq`1997`pan`5`mn`1106`ibp`1`crf`8`sdy`0`h`0`iec`1`dft`5`ime`5`dmc`0`t`67`dn`1105`fn`5`msz`32`13`0`imp`0`SWEField`s_3_1_175_0`SWENeedContext`true`SWER`0`SWESP`false`SWEMethod`GoToROOrder`SWECmd`InvokeMethod`SWEDIC`false`SWEReqRowId`0`SWEView`BT Techcheck Activity Notes View`SWEC`40`SWEBID`-1`SRN`xK7T2pIB2ZOV15hwlQxQF5reKcoUB8VpMTZr7we8uAEb`SWEApplet`BT Techcheck Activity Form Applet`23`0`c`0`pt`5`sp`s_3_1_0_0`dm`7`w`20`csq`1`n`420`pw`0`ph`0`ju`6`sq`1997`pan`5`ibp`1`crf`8`sdy`0`h`10`iec`1`dft`5`ime`5`dmc`0`t`438`dn`420`fn`420`msz`30`25`1`c`0`pt`5`sp`s_3_1_99_0`dm`5`w`0`n`243`eb`&lt;img src=&quot;images/btn_more.gif&quot; border=&quot;0&quot; space=&quot;0&quot; hspace=&quot;0&quot; alt=&quot;Show more&quot;  title=&quot;Show more&quot; &gt;`pw`0`ph`0`ju`6`sq`1997`pan`5`icm`243`mn`243`ibp`1`crf`8`sdy`0`h`0`iec`1`dft`5`ime`5`dmc`0`t`10`dn`5`fn`5`msz`32`13`0`imp`0`SWEField`s_3_1_99_0`SWENeedContext`true`SWER`0`SWESP`false`SWEMethod`ToggleLayout`SWECmd`InvokeMethod`SWEDIC`false`SWEReqRowId`0`SWEView`BT Techcheck Activity Notes View`SWEC`40`SWEBID`-1`SRN`xK7T2pIB2ZOV15hwlQxQF5reKcoUB8VpMTZr7we8uAEb`SWEApplet`BT Techcheck Activity Form Applet`23`0`c`0`pt`5`sp`s_3_1_112_0`dm`5`w`120`csq`1`n`179`pw`0`ph`0`ju`6`sq`1001`pan`1108`ibp`1`crf`8`sdy`0`h`24`iec`1`dft`5`ime`5`dmc`0`t`116`dn`1107`fn`179`msz`30`23`0`c`0`pt`5`sp`s_3_1_5_0`dm`7`w`120`csq`1`n`1109`pw`0`ph`0`ju`6`sq`1997`pan`5`ibp`1`crf`8`sdy`0`h`24`iec`1`dft`5`ime`5`dmc`0`t`4`dn`244`fn`1109`msz`40`23`0`c`0`pt`1111`sp`s_3_1_155_0`dm`5`w`120`csq`1`n`205`pw`0`ph`0`ju`6`sq`1007`pan`5`ibp`1`crf`8`sdy`0`h`48`iec`1`dft`5`ime`5`dmc`0`t`122`dn`1110`fn`1076`msz`255`23`0`c`0`pt`5`sp`s_3_1_86_0`dm`5`w`0`csq`1`n`1112`pw`0`ph`0`ju`6`sq`1006`pan`5`ibp`1`crf`8`sdy`0`h`24`iec`1`dft`5`ime`5`dmc`0`t`438`dn`1113`fn`1112`msz`100`22`0`c`0`pt`5`sp`s_3_1_81_0`dm`7`w`120`n`184`pw`0`ph`0`ju`6`sq`1007`pan`5`ibp`1`crf`8`sdy`0`h`24`iec`1`dft`1115`ime`5`dmc`0`t`163`dn`1114`fn`184`msz`255`23`0`c`0`pt`1116`sp`s_3_1_105_0`dm`5`w`120`csq`1`n`119`pw`0`ph`0`ju`6`sq`1002`pan`5`ibp`1`crf`8`sdy`0`h`24`iec`1`dft`5`ime`5`dmc`0`t`116`dn`119`fn`119`msz`30`23`0`c`0`pt`5`sp`s_3_1_10_0`dm`7`w`120`csq`1`n`210`pw`0`ph`0`ju`6`sq`1997`pan`5`ibp`1`crf`8`sdy`0`h`24`iec`1`dft`5`ime`5`dmc`0`t`4`dn`210`fn`210`msz`30`22`0`c`0`pt`1117`sp`s_3_1_146_0`dm`5`w`120`n`177`pw`0`ph`0`ju`6`sq`1005`pan`5`ibp`1`crf`8`sdy`0`h`24`iec`1`dft`1115`ime`5`dmc`0`t`163`dn`178`fn`177`msz`255`23`0`c`0`pt`5`sp`s_3_1_14_0`dm`7`w`120`csq`1`n`970`pw`0`ph`0`ju`6`sq`1997`pan`5`ibp`1`crf`8`sdy`0`h`24`iec`1`dft`5`ime`5`dmc`0`t`438`dn`970`fn`1118`msz`50`25`0`c`0`pt`5`sp`s_3_1_1_0`dm`7`w`120`csq`1`n`781`pw`300`pat`Pick`ph`100`ju`6`sq`1997`ied`1`pan`5`ibp`1`crf`8`sdy`0`h`24`iec`1`dft`5`ime`5`dmc`0`t`4`dn`781`fn`781`msz`100`23`0`c`0`pt`5`sp`s_3_1_47_0`dm`7`w`120`csq`1`n`1119`pw`0`ph`0`ju`6`sq`1997`pan`5`ibp`1`crf`8`sdy`0`h`24`iec`1`dft`5`ime`5`dmc`0`t`4`dn`1119`fn`1120`msz`30`22`0`c`0`pt`5`sp`s_3_1_2_0`dm`7`w`24`n`189`pw`0`ph`0`ju`6`sq`1997`pan`5`ibp`1`crf`8`sdy`0`h`0`iec`1`dft`5`ime`5`dmc`0`t`92`dn`189`fn`189`msz`1`23`0`c`0`pt`1121`sp`s_3_1_106_0`dm`5`w`120`csq`1`n`121`pw`0`ph`0`ju`6`sq`1005`pan`5`ibp`1`crf`8`sdy`0`h`56`iec`1`dft`5`ime`5`dmc`0`t`122`dn`121`fn`121`msz`250`23`0`c`0`pt`5`sp`s_3_1_100_0`dm`7`w`120`csq`1`n`1122`pw`0`ph`0`ju`6`sq`1997`pan`5`ibp`1`crf`8`sdy`0`h`48`iec`1`dft`5`ime`5`dmc`0`t`122`dn`1123`fn`1122`msz`2000`23`0`c`0`pt`5`sp`s_3_1_9_0`dm`7`w`120`csq`1`n`1124`pw`0`ph`0`ju`6`sq`1997`pan`5`ibp`1`crf`8`sdy`0`h`24`iec`1`dft`5`ime`5`dmc`0`t`438`dn`1124`fn`1125`msz`50`21`0`c`0`pt`5`sp`s_3_1_64_0`dm`7`w`120`n`1126`pw`0`ph`0`ju`6`sq`1997`pan`1128`crf`8`sdy`0`h`24`iec`1`dft`5`ime`5`dmc`0`t`116`dn`1126`fn`1127`msz`16`23`0`c`0`pt`1129`sp`s_3_1_143_0`dm`5`w`120`csq`1`n`115`pw`0`ph`0`ju`6`sq`1003`pan`5`ibp`1`crf`8`sdy`0`h`24`iec`1`dft`5`ime`5`dmc`0`t`116`dn`115`fn`115`msz`30`22`0`c`0`pt`1130`sp`s_3_1_135_0`dm`5`w`120`n`145`pw`0`ph`0`ju`6`sq`1009`pan`5`ibp`1`crf`8`sdy`0`h`24`iec`1`dft`5`ime`5`dmc`0`t`163`dn`145`fn`145`msz`255`23`0`c`0`pt`1131`sp`s_3_1_131_0`dm`5`w`120`csq`1`n`151`pw`0`ph`0`ju`6`sq`1004`pan`1132`ibp`1`crf`8`sdy`0`h`24`iec`1`dft`5`ime`5`dmc`0`t`116`dn`151`fn`151`msz`30`23`0`c`0`pt`5`sp`s_3_1_31_0`dm`7`w`120`csq`1`n`1133`pw`0`ph`0`ju`6`sq`1006`pan`1136`ibp`1`crf`8`sdy`0`h`24`iec`1`dft`5`ime`5`dmc`0`t`116`dn`1134`fn`1135`msz`100`23`0`c`0`pt`5`sp`s_3_1_41_0`dm`7`w`120`csq`1`n`1137`pw`0`ph`0`ju`6`sq`1997`pan`5`ibp`1`crf`8`sdy`0`h`24`iec`1`dft`5`ime`5`dmc`0`t`4`dn`1137`fn`1138`msz`30`23`0`c`0`pt`1140`sp`s_3_1_117_0`dm`5`w`120`csq`1`n`1139`pw`0`ph`0`ju`6`sq`1014`pan`5`ibp`1`crf`8`sdy`0`h`24`iec`1`dft`5`ime`5`dmc`0`t`4`dn`896`fn`182`msz`100`23`0`c`0`pt`1142`sp`s_3_1_127_0`dm`5`w`120`csq`1`n`1141`pw`0`ph`0`ju`6`sq`1997`pan`5`ibp`1`crf`8`sdy`0`h`24`iec`1`dft`5`ime`5`dmc`0`t`4`dn`135`fn`135`msz`50`23`0`c`0`pt`5`sp`s_3_1_42_0`dm`7`w`120`csq`1`n`1143`pw`0`ph`0`ju`6`sq`1997`pan`5`ibp`1`crf`8`sdy`0`h`24`iec`1`dft`5`ime`5`dmc`0`t`4`dn`1143`fn`1144`msz`30`23`0`c`0`pt`5`sp`s_3_1_120_0`dm`5`w`120`csq`1`n`1145`pw`0`ph`0`ju`6`sq`1997`pan`5`ibp`1`crf`8`sdy`0`h`24`iec`1`dft`5`ime`5`dmc`0`t`4`dn`1146`fn`1147`msz`30`23`0`c`0`pt`5`sp`s_3_1_12_0`dm`7`w`225`csq`1`n`703`pw`0`ph`0`ju`6`sq`1997`pan`5`ibp`1`crf`8`sdy`0`h`24`iec`1`dft`5`ime`5`dmc`0`t`4`dn`703`fn`1148`msz`100`23`0`c`0`pt`1150`sp`s_3_1_122_0`dm`5`w`120`csq`1`n`1149`pw`0`ph`0`ju`6`sq`1019`pan`5`ibp`1`crf`8`sdy`0`h`24`iec`1`dft`5`ime`5`dmc`0`t`4`dn`134`fn`134`msz`50`23`0`c`0`pt`5`sp`s_3_1_13_0`dm`7`w`120`csq`1`n`706`pw`0`ph`0`ju`6`sq`1997`pan`5`ibp`1`crf`8`sdy`0`h`24`iec`1`dft`5`ime`5`dmc`0`t`4`dn`706`fn`1151`msz`50`23`0`c`0`pt`5`sp`s_3_1_26_0`dm`7`w`120`csq`1`n`1152`pw`0`ph`0`ju`6`sq`1997`pan`5`ibp`1`crf`8`sdy`0`h`24`iec`1`dft`5`ime`5`dmc`0`t`4`dn`1153`fn`1154`msz`30`22`0`c`0`pt`5`sp`s_3_1_27_0`dm`7`w`120`n`1155`pw`0`ph`0`ju`6`sq`1997`pan`5`ibp`1`crf`8`sdy`0`h`24`iec`1`dft`5`ime`5`dmc`0`t`4`dn`1156`fn`1155`msz`40`23`0`c`0`pt`5`sp`s_3_1_43_0`dm`7`w`120`csq`1`n`1157`pw`0`ph`0`ju`6`sq`1997`pan`5`ibp`1`crf`8`sdy`0`h`24`iec`1`dft`5`ime`5`dmc`0`t`4`dn`1157`fn`1158`msz`10`23`0`c`0`pt`5`sp`s_3_1_50_0`dm`7`w`120`csq`1`n`1159`pw`0`ph`0`ju`6`sq`1997`pan`5`ibp`1`crf`8`sdy`0`h`24`iec`1`dft`5`ime`5`dmc`0`t`4`dn`1159`fn`1159`msz`15`23`0`c`0`pt`5`sp`s_3_1_101_0`dm`7`w`120`csq`1`n`1160`pw`0`ph`0`ju`6`sq`1997`pan`5`ibp`1`crf`8`sdy`0`h`48`iec`1`dft`5`ime`5`dmc`0`t`122`dn`1161`fn`1160`msz`2500`23`0`c`0`pt`5`sp`s_3_1_23_0`dm`7`w`120`n`1162`pw`300`pat`Pick`ph`100`ju`6`sq`1997`ied`1`pan`5`crf`8`sdy`0`h`24`iec`1`dft`5`ime`5`dmc`0`t`4`dn`1163`fn`1164`msz`40`22`0`c`0`pt`5`sp`s_3_1_46_0`dm`7`w`120`n`505`pw`0`ph`0`ju`6`sq`1997`pan`5`ibp`1`crf`8`sdy`0`h`24`iec`1`dft`5`ime`5`dmc`0`t`4`dn`505`fn`505`msz`255`23`0`c`0`pt`5`sp`s_3_1_29_0`dm`7`w`120`csq`1`n`1165`pw`0`ph`0`ju`6`sq`1997`pan`5`ibp`1`crf`8`sdy`0`h`24`iec`1`dft`5`ime`5`dmc`0`t`4`dn`1166`fn`1165`msz`50`22`0`c`0`pt`5`sp`s_3_1_38_0`dm`7`w`120`n`1167`pw`0`ph`0`ju`6`sq`1997`pan`5`ibp`1`crf`8`sdy`0`h`24`iec`1`dft`5`ime`5`dmc`0`t`4`dn`1168`fn`1169`msz`18`23`0`c`0`pt`5`sp`s_3_1_15_0`dm`7`w`120`csq`1`n`1170`pw`0`ph`0`ju`6`sq`1997`pan`5`ibp`1`crf`8`sdy`0`h`24`iec`1`dft`5`ime`5`dmc`0`t`4`dn`917`fn`1171`msz`30`23`0`c`0`pt`5`sp`s_3_1_102_0`dm`7`w`120`csq`1`n`1172`pw`0`ph`0`ju`6`sq`1997`pan`5`ibp`1`crf`8`sdy`0`h`64`iec`1`dft`5`ime`5`dmc`0`t`4`dn`1173`fn`1172`msz`100`23`0`c`0`pt`5`sp`s_3_1_48_0`dm`7`w`120`csq`1`n`1166`pw`0`ph`0`ju`6`sq`1997`pan`5`ibp`1`crf`8`sdy`0`h`24`iec`1`dft`5`ime`5`dmc`0`t`4`dn`1174`fn`1175`msz`50`22`0`c`0`pt`1177`sp`s_3_1_152_0`dm`5`w`120`n`188`pw`0`ph`0`ju`6`sq`1018`pan`5`ibp`1`crf`8`sdy`0`h`24`iec`1`dft`5`ime`5`dmc`0`t`163`dn`1176`fn`188`msz`255`25`0`c`0`pt`5`sp`s_3_1_97_0`dm`5`w`120`csq`1`n`1178`pw`300`pat`Pick`ph`100`ju`6`sq`1032`ied`1`pan`1179`ibp`1`crf`8`sdy`0`h`24`iec`1`dft`5`ime`5`dmc`0`t`116`dn`1178`fn`210`msz`30`23`0`c`0`pt`5`sp`s_3_1_28_0`dm`7`w`120`csq`1`n`1180`pw`0`ph`0`ju`6`sq`1997`pan`5`ibp`1`crf`8`sdy`0`h`24`iec`1`dft`5`ime`5`dmc`0`t`4`dn`1181`fn`1180`msz`255`22`0`c`0`pt`5`sp`s_3_1_153_0`dm`7`w`120`n`71`pw`0`ph`0`ju`6`sq`1019`pan`5`ibp`1`crf`8`sdy`0`h`24`iec`1`dft`5`ime`5`dmc`0`t`163`dn`1182`fn`71`msz`255`23`0`c`0`pt`5`sp`s_3_1_40_0`dm`7`w`120`csq`1`n`1183`pw`0`ph`0`ju`6`sq`1997`pan`5`ibp`1`crf`8`sdy`0`h`24`iec`1`dft`5`ime`5`dmc`0`t`4`dn`1183`fn`1184`msz`32`22`0`c`0`pt`5`sp`s_3_1_18_0`dm`7`w`120`n`1185`pw`0`ph`0`ju`6`sq`1997`pan`5`ibp`1`crf`8`sdy`0`h`24`iec`1`dft`5`ime`5`dmc`0`t`4`dn`1185`fn`1186`msz`255`22`0`c`0`pt`1130`sp`s_3_1_150_0`dm`5`w`120`n`1187`pw`0`ph`0`ju`6`sq`1008`pan`5`ibp`1`crf`8`sdy`0`h`24`iec`1`dft`1115`ime`5`dmc`0`t`163`dn`187`fn`187`msz`255`23`0`c`0`pt`5`sp`s_3_1_35_0`dm`7`w`120`csq`1`n`1188`pw`0`ph`0`ju`6`sq`1997`pan`5`ibp`1`crf`8`sdy`0`h`24`iec`1`dft`5`ime`5`dmc`0`t`4`dn`1188`fn`1189`msz`10`23`0`c`0`pt`5`sp`s_3_1_37_0`dm`7`w`120`csq`1`n`499`pw`0`ph`0`ju`6`sq`1997`pan`5`ibp`1`crf`8`sdy`0`h`24`iec`1`dft`5`ime`5`dmc`0`t`4`dn`499`fn`1190`msz`100`25`0`c`0`pt`5`sp`s_3_1_82_0`dm`5`w`120`csq`1`n`185`pw`300`pat`Pick`ph`100`ju`6`sq`1017`ied`1`pan`5`ibp`1`crf`8`sdy`0`h`24`iec`1`dft`5`ime`5`dmc`0`t`4`dn`1191`fn`185`msz`50`22`0`c`0`pt`1117`sp`s_3_1_129_0`dm`5`w`120`n`1192`pw`0`ph`0`ju`6`sq`1017`pan`5`ibp`1`crf`8`sdy`0`h`24`iec`1`dft`5`ime`5`dmc`0`t`163`dn`1193`fn`1192`msz`255`23`0`c`0`pt`1196`sp`s_3_1_169_0`dm`5`w`120`csq`1`n`1194`pw`0`ph`0`ju`6`sq`1997`pan`5`ibp`1`crf`8`sdy`0`h`24`iec`1`dft`5`ime`5`dmc`0`t`4`dn`1195`fn`200`msz`30`25`0`c`0`pt`5`sp`s_3_1_69_0`dm`7`w`120`csq`1`n`158`pw`300`pat`Mvg`ph`100`ju`6`sq`1014`ied`1`pan`5`ibp`1`crf`8`sdy`0`h`24`iec`1`dft`5`ime`5`dmc`0`t`4`dn`1047`fn`158`msz`30`23`0`c`0`pt`5`sp`s_3_1_24_0`dm`7`w`120`csq`1`n`1197`pw`0`ph`0`ju`6`sq`1997`pan`5`ibp`1`crf`8`sdy`0`h`24`iec`1`dft`5`ime`5`dmc`0`t`4`dn`1198`fn`1197`msz`255`25`0`c`0`pt`1117`sp`s_3_1_134_0`dm`5`w`120`csq`1`n`113`pw`300`pat`Pick`ph`100`ju`6`sq`1020`ied`1`pan`5`ibp`1`crf`8`sdy`0`h`24`iec`1`dft`5`ime`5`dmc`0`t`4`dn`113`fn`113`msz`64`24`1`c`0`pt`1130`sp`s_3_1_136_0`dm`5`w`120`csq`1`n`144`pw`0`ph`0`ju`6`sq`1024`pan`5`mn`1200`ibp`1`crf`8`sdy`0`h`10`iec`1`dft`5`ime`5`dmc`0`t`10`dn`1199`fn`144`msz`50`13`0`imp`0`SWEField`s_3_1_136_0`SWENeedContext`true`SWER`0`SWESP`false`SWEMethod`DrillDown`SWECmd`InvokeMethod`SWEDIC`false`SWEReqRowId`0`SWEView`BT Techcheck Activity Notes View`SWEC`40`SWEBID`-1`SRN`xK7T2pIB2ZOV15hwlQxQF5reKcoUB8VpMTZr7we8uAEb`SWEApplet`BT Techcheck Activity Form Applet`22`0`c`0`pt`5`sp`s_3_1_17_0`dm`7`w`120`n`1201`pw`0`ph`0`ju`6`sq`1997`pan`5`ibp`1`crf`8`sdy`0`h`24`iec`1`dft`5`ime`5`dmc`0`t`4`dn`1202`fn`1203`msz`18`25`0`c`0`pt`1117`sp`s_3_1_89_0`dm`5`w`120`csq`1`n`208`pw`300`pat`Pick`ph`100`ju`6`sq`1013`ied`1`pan`5`ibp`1`crf`8`sdy`0`h`24`iec`1`dft`5`ime`5`dmc`0`t`4`dn`208`fn`208`msz`100`22`0`c`0`pt`1130`sp`s_3_1_139_0`dm`5`w`120`n`192`pw`0`ph`0`ju`6`sq`1026`pan`5`ibp`1`crf`8`sdy`0`h`24`iec`1`dft`5`ime`5`dmc`0`t`163`dn`1204`fn`192`msz`255`23`0`c`0`pt`5`sp`s_3_1_67_0`dm`5`w`120`csq`1`n`1205`pw`0`ph`0`ju`6`sq`1020`pan`1207`ibp`1`crf`8`sdy`0`h`24`iec`1`dft`5`ime`5`dmc`0`t`116`dn`1206`fn`1205`msz`30`21`0`c`0`pt`1130`sp`s_3_1_137_0`dm`5`w`120`n`186`pw`0`ph`0`ju`6`sq`1006`pan`1209`crf`8`sdy`0`h`24`iec`1`dft`5`ime`5`dmc`0`t`116`dn`1208`fn`186`msz`16`22`0`c`0`pt`5`sp`s_3_1_93_0`dm`7`w`24`n`193`pw`0`ph`0`ju`6`sq`1010`pan`5`ibp`1`crf`8`sdy`0`h`0`iec`1`dft`5`ime`5`dmc`0`t`92`dn`193`fn`193`msz`1`23`0`c`0`pt`1130`sp`s_3_1_141_0`dm`5`w`120`csq`1`n`191`pw`0`ph`0`ju`6`sq`1025`pan`1211`ibp`1`crf`8`sdy`0`h`24`iec`1`dft`5`ime`5`dmc`0`t`116`dn`1210`fn`191`msz`30`23`0`c`0`pt`5`sp`s_3_1_49_0`dm`7`w`120`csq`1`n`1212`pw`0`ph`0`ju`6`sq`1997`pan`5`ibp`1`crf`8`sdy`0`h`24`iec`1`dft`5`ime`5`dmc`0`t`4`dn`1212`fn`1212`msz`15`22`0`c`0`pt`5`sp`s_3_1_95_0`dm`7`w`24`n`1213`pw`0`ph`0`ju`6`sq`1997`pan`5`ibp`1`crf`8`sdy`0`h`24`iec`1`dft`5`ime`5`dmc`0`t`92`dn`1213`fn`190`msz`1`25`0`c`0`pt`5`sp`s_3_1_71_0`dm`5`w`120`csq`1`n`1214`pw`300`pat`Pick`ph`100`ju`6`sq`1997`ied`1`pan`5`ibp`1`crf`8`sdy`0`h`24`iec`1`dft`5`ime`5`dmc`0`t`4`dn`1214`fn`1215`msz`250`23`0`c`0`pt`5`sp`s_3_1_20_0`dm`7`w`120`csq`1`n`1216`pw`0`ph`0`ju`6`sq`1997`pan`5`ibp`1`crf`8`sdy`0`h`24`iec`1`dft`5`ime`5`dmc`0`t`4`dn`1216`fn`1217`msz`30`23`0`c`0`pt`5`sp`s_3_1_22_0`dm`7`w`120`csq`1`n`1218`pw`0`ph`0`ju`6`sq`1997`pan`5`ibp`1`crf`8`sdy`0`h`24`iec`1`dft`5`ime`5`dmc`0`t`4`dn`1219`fn`1220`msz`75`22`0`c`0`pt`5`sp`s_3_1_21_0`dm`7`w`120`n`1221`pw`0`ph`0`ju`6`sq`1997`pan`5`ibp`1`crf`8`sdy`0`h`24`iec`1`dft`5`ime`5`dmc`0`t`4`dn`1221`fn`1222`msz`16`1`0`cfm`0`DeleteRecord`IDS_SWE_DELETE_CONFIRM_WARNING`0`8`pcl`0`2`0`pc`0`allowPC`false`Order Name``2`0`pc`0`allowPC`false`HTML Button``2`0`pc`0`allowPC`false`HTML Button2``2`0`pc`0`allowPC`false`HTML Button3``2`0`pc`0`allowPC`false`HTML MiniButton``2`0`pc`0`allowPC`false`HTML MiniButton2``2`0`pc`0`allowPC`false`HTML MiniButton3``2`0`pc`0`allowPC`false`HTML MiniButton4``1`0`aa`0`n`BT Techcheck Notes Form Applet`0`6`nci`0`1`0`SI`0`SX`8`0`41`PI`0`1`0`II`0`CP`All Activities`1`0`II`0`CP`All Callbacks`1`0`II`0`CP`All Open Ins CB`1`0`II`0`CP`BB Res CPE`1`0`II`0`CP`BB Res Filter`1`0`II`0`CP`BB Res WP`1`0`II`0`CP`BUS My Activities for the Week`1`0`II`0`CP`BUS My Closed Activites`1`0`II`0`CP`BUS My Open Activities`1`0`II`0`CP`Callbacks missed by &lt;1hr`1`0`II`0`CP`Callbacks missed by &lt;2hr`1`0`II`0`CP`Callbacks missed by &lt;5hr`1`0`II`0`CP`Callbacks missed today`1`0`II`0`CP`Failed, Cancelled and Completed Callbacks`1`0`II`0`CP`Mobile Unexpired credit check error activities`1`0`II`0`CP`My Activities for the Day`1`0`II`0`CP`My Activities for the Last Week`1`0`II`0`CP`My Activities for the Month`1`0`II`0`CP`My Activities for the Week`1`0`II`0`CP`My Activities for the next 3 Months`1`0`II`0`CP`My Completed Activities`1`0`II`0`CP`My InProgress Activities`1`0`II`0`CP`My Open Order Discrepancies`1`0`II`0`CP`My Uncompleted Activities`1`0`II`0`CP`Non Cancelled`1`0`II`0`CP`Open Activities due date in day 3`1`0`II`0`CP`Open Activities due date in day 4`1`0`II`0`CP`Open Activities due date in day 5`1`0`II`0`CP`Open Activities due date today`1`0`II`0`CP`Open Activities due date tomm`1`0`II`0`CP`Open MNP_COMPLETE Activities`1`0`II`0`CP`Open, In Progress and Scheduled Callbacks`1`0`II`0`CP`PAC Codes`1`0`II`0`CP`PDADef_*All Calendar Activities`1`0`II`0`CP`PDA_ActionSyncFilter`1`0`II`0`CP`Port In Activities`1`0`II`0`CP`Port Out Activities &gt; 30 Days`1`0`II`0`CP`SWLS`1`0`II`0`CP`Todays Activities`1`0`II`0`CP`x_Replay_Activities_Today`1`0`II`0`CP`x_Replay_Holding_Queue`0`0`VI`0`1`3`AI`0`SX`0`2`0`II`0`CP`1312`VN`1311`2`0`II`0`CP`1314`VN`1313`2`0`II`0`CP`3`VN`1315`1`2`DI`0`SX`0`2`0`II`0`CP`1069`VN`1311`2`0`II`0`CP`1317`VN`1316`0`0`SDI`0`2`0`hui`0`n`Activity Attachments`hnact`top._swe._sweapp.S_App.GotoView(&amp;quot;BT Techcheck Activity Notes View&amp;quot;, &amp;quot;&amp;quot;, &amp;quot;/ecommunications_enu_nsm_aps05524a027/start.swe?SWENeedContext=false&amp;amp;SWECmd=GotoBookmarkView&amp;amp;SWEBMC=40&amp;amp;SWEC=40&amp;amp;SRN=xK7T2pIB2ZOV15hwlQxQF5reKcoUB8VpMTZr7we8uAEb&amp;quot;, top._sweclient._swecontent._sweview)`1`7`Command Manager`0`RefreshToolbar`true`7`0`StateToolBar`0`#35`true`#36`true`#17`true`#34`true`#8`false`#37`true`#38`true`0`1`StateExToolBar`0`1`0`#35`0`Checked`false`0`3`FlagsToolBar`0`3`0`#8`0`SWESP`true`SWEH`0`SWEW`0`3`0`#34`0`SWESP`true`SWEH`600`SWEW`800`3`0`#36`0`SWESP`true`SWEH`20`SWEW`380`3`0`State`0`#27`false`#26`false`#28`false`0`3`StateEx`0`0`0`#26`0`0`0`#27`0`1`0`#28`0`Checked`false`0`0`Flags`0`0`3`Accelerators`0`0`1`BT Techcheck Notes Form Applet`0`2`0``0`Command``class`#F`0`21`BT BB Techcheck SLT VBC Applet`0`2`0``0`key`01078`Command`*Browser Applet* *NewRecord*BT BB Techcheck SLT VBC Applet* `2`0``0`key`01178`Command`*Browser Applet* *NewRecord*BT BB Techcheck SLT VBC Applet* `2`0``0`key`01068`Command`*Browser Applet* *DeleteRecord*BT BB Techcheck SLT VBC Applet* `2`0``0`key`01168`Command`*Browser Applet* *DeleteRecord*BT BB Techcheck SLT VBC Applet* `2`0``0`key`11083`Command`*Browser Applet* *WriteRecord*BT BB Techcheck SLT VBC Applet* `2`0``0`key`01083`Command`*Browser Applet* *WriteRecord*BT BB Techcheck SLT VBC Applet* `2`0``0`key`00181`Command`*Browser Applet* *NewQuery*BT BB Techcheck SLT VBC Applet* `2`0``0`key`01181`Command`*Browser Applet* *NewQuery*BT BB Techcheck SLT VBC Applet* `2`0``0`key`00113`Command`*Browser Applet* *ExecuteQuery*BT BB Techcheck SLT VBC Applet* `2`0``0`key`01113`Command`*Browser Applet* *ExecuteQuery*BT BB Techcheck SLT VBC Applet* `2`0``0`key`00171`Command`*Browser Applet* *RefineQuery*BT BB Techcheck SLT VBC Applet* `2`0``0`key`00182`Command`*Browser Applet* *RefineQuery*BT BB Techcheck SLT VBC Applet* `2`0``0`key`01182`Command`*Browser Applet* *RefineQuery*BT BB Techcheck SLT VBC Applet* `2`0``0`key`01085`Command`*Browser Applet* *UndoRecord*BT BB Techcheck SLT VBC Applet* `2`0``0`key`01185`Command`*Browser Applet* *UndoRecord*BT BB Techcheck SLT VBC Applet* `2`0``0`key`01066`Command`*Browser Applet* *CopyRecord*BT BB Techcheck SLT VBC Applet* `2`0``0`key`01167`Command`*Browser Applet* *CopyRecord*BT BB Techcheck SLT VBC Applet* `2`0``0`key`01169`Command`*Browser Applet* *EditRecord*BT BB Techcheck SLT VBC Applet* `2`0``0`key`01069`Command`*Browser Applet* *EditRecord*BT BB Techcheck SLT VBC Applet* `2`0``0`Command``class`#FL`2`0``0`Command``class`#F`0`4`BT Techcheck Activity Form Applet`0`2`0``0`key`01081`Command`#140`2`0``0`key`01075`Command`#142`2`0``0`key`01074`Command`#143`2`0``0`Command``class`#F`</responseData>
  <responseFile class="java.lang.String"></responseFile>
  <cookies class="java.lang.String">_sn=GXmoeGkdwh1O45lrH7mMIZnLMWvqHkVWiQKqDOICOq1fi95anXYMaCRAX879ujDRD9kS4J75N4kGDX576Q2AKmwZPUBih-4NS80Pc1189OxasEbdAsHiEtIhcnCzZ0zWb5V6QpVraL0TTGU4ktkGZq374g8C0pUBRhKVASKeW21TgUW5eIkswq97I-.qG-kr; _srn=_srn; SWEUAID=SWEUAID</cookies>
  <method class="java.lang.String">POST</method>
  <queryString class="java.lang.String">SWER=0&amp;SWEVI=&amp;SWERowId=VRId-0&amp;SWEC=40&amp;SWEMethod=ShowPopup&amp;SWEReqRowId=1&amp;SWERPC=1&amp;SWEW=300&amp;s_5_1_13_0=01212345678&amp;SWEH=100&amp;SWENeedContext=true&amp;SWEApplet=BT+Techcheck+Form+Applet+-+Portal&amp;SWEActiveApplet=BT+Techcheck+Form+Applet+-+Portal&amp;SWEView=BT+Consumer+-+Sales+Portal+View&amp;SWECmd=InvokeMethod&amp;SWEField=s_5_1_7_0&amp;s_5_1_2_0=FY3+9QX&amp;SRN=xK7T2pIB2ZOV15hwlQxQF5reKcoUB8VpMTZr7we8uAEb&amp;SWESP=true&amp;s_5_1_3_0=Broadband&amp;SWETA=BT+Address+Returned+from+Address+Match&amp;SWEM=Edit+List&amp;s_5_1_4_0=&amp;SWEBID=-1&amp;SWETS={{\d+}}&amp;SWEActiveView=BT+Consumer+-+Sales+Portal+View&amp;s_5_1_5_0=&amp;SWEDIC=true&amp;SWEP=&amp;SWERowIds=SWERowId0%3D3-61EV7QGN</queryString>
  <java.net.URL>http://localhost:8080/ecommunications_enu_nsm_aps05524a027/start.swe</java.net.URL>
</httpSample>
<httpSample t="{{\d+}}" it="0" lt="{{\d+}}" ct="{{\d+}}" ts="{{\d+}}" s="true" lb="{{\d+}} /ecommunications_enu_nsm_aps05524a027/start.swe" rc="200" rm="OK" tn="Thread Group 1-1" dt="text" de="utf-8" by="3986" sby="1178" sc="1" ec="0" ng="1" na="1" hn="{{.*?}}">
  <responseHeader class="java.lang.String">HTTP/1.1 200 OK
Connection: close
Server: Oracle-iPlanet-Web-Server/7.0
Date: Tue, 23 Jun 2020 13:02:22 GMT
Content-Language: en
Cache-Control: no-cache
Content-Type: text/html;charset=utf-8
Matched-Stub-Id: {{\w+-\w+-\w+-\w+-\w+}}
Vary: Accept-Encoding, User-Agent
Content-Encoding: gzip
</responseHeader>
  <requestHeader class="java.lang.String">Connection: close
Referer: http://localhost:8080/ecommunications_enu_nsm_aps05524a027/start.swe?SWENeedContext=false&amp;SWECmd=GetCachedFrame&amp;SWEACn=23534&amp;SWEC=3&amp;SWEFrame=top._sweclient._swecontent._sweview&amp;SWEBID=-1&amp;SRN=xK7T2pIB2ZOV15hwlQxQF5reKcoUB8VpMTZr7we8uAEb&amp;SWETS=
Accept-Language: en-GB
DNT: 1
Accept-Encoding: gzip, deflate
Accept: image/jpeg, application/x-ms-application, image/gif, application/xaml+xml, image/pjpeg, application/x-ms-xbap, */*
User-Agent: Mozilla/4.0 (compatible; MSIE 7.0; Windows NT 6.3; WOW64; Trident/7.0; .NET4.0E; .NET4.0C; .NET CLR 3.5.30729; .NET CLR 2.0.50727; .NET CLR 3.0.30729)
Host: localhost:8080
</requestHeader>
  <responseData class="java.lang.String">&lt;HTML &gt;&lt;head&gt;&lt;meta HTTP-EQUIV=&quot;Pragma&quot; CONTENT=&quot;no-cache&quot;&gt;
&lt;title&gt;Activity Attachments&lt;/title&gt;&lt;link href=&quot;files/main.css&quot; rel=&quot;stylesheet&quot;/&gt;
&lt;script language=&quot;javascript&quot; src=&quot;23048/scripts/swecommon.js&quot;&gt;&lt;/script&gt; 
&lt;script language=&quot;javascript&quot; src=&quot;23048/scripts/swecmn_hi.js&quot;&gt;&lt;/script&gt; 
&lt;/head&gt;&lt;body leftmargin=&quot;8&quot; topmargin=&quot;2&quot; marginwidth=&quot;20&quot; marginheight=&quot;2&quot; class=&quot;ScreenBack&quot;&gt;&lt;script&gt;
if(typeof(top._swescript)!=&apos;undefined&apos;&amp;&amp;top._swescript!=null) top._swescript.InitFrame(this);&lt;/script&gt;
&lt;table datatable=&quot;0&quot; summary=&quot;&quot; border=&quot;0&quot; cellspacing=&quot;0&quot; cellpadding=&quot;1&quot; width=&quot;100%&quot;&gt;&lt;tr&gt;&lt;/tr&gt;&lt;/table&gt;&lt;a name=&quot;SWEApplet3&quot; id=&quot;SWEApplet3&quot; href=&quot;#SWEApplet3&quot; title=&quot;Techcheck Activity&quot;&gt;&lt;/a&gt;
&lt;div id=&apos;s_S_A3_div&apos;oncontextmenu=&apos;HandleContextMenu(&quot;BT Techcheck Activity Form Applet&quot;)&apos; onclick=&apos;HandleAppletClick(&quot;BT Techcheck Activity Form Applet&quot;)&apos;&gt;
&lt;a id=&quot;SWETopHidden3&quot; href=&quot;javascript:void(0);&quot; tabindex=&quot;1000&quot;&gt;&lt;/a&gt;&lt;table datatable=&quot;0&quot; summary=&quot;&quot; cellpadding=&quot;0&quot; cellspacing=&quot;0&quot; border=&quot;0&quot;&gt;&lt;tr&gt;&lt;td&gt;&lt;img src=&quot;images/spacer.gif&quot; width=&quot;1&quot; height=&quot;3&quot; alt=&quot;&quot;&gt;&lt;/td&gt;&lt;/tr&gt;&lt;/table&gt;&lt;form name=&quot;SWEForm3_0&quot; method=&quot;post&quot; action=&quot;/ecommunications_enu_nsm_aps05524a027/start.swe&quot; onSubmit=&quot;return false;&quot; &gt;
&lt;div class=&quot;NotSelected&quot; id=&quot;a_3&quot;&gt;&lt;table datatable=&quot;0&quot; summary=&quot;&quot; width=&quot;100%&quot; cellpadding=&quot;0&quot; cellspacing=&quot;0&quot; border=&quot;0&quot; align=&quot;center&quot; class=&quot;AppletBack&quot;&gt;&lt;tr&gt;&lt;td class=&quot;AppletHIFormBorder&quot;&gt;&lt;span class=&quot;AppletStyleParent77&quot;&gt;&lt;table datatable=&quot;0&quot; summary=&quot;&quot; width=&quot;100%&quot; cellspacing=&quot;0&quot; cellpadding=&quot;2&quot; border=&quot;0&quot; align=&quot;center&quot;&gt;&lt;tr class=&quot;AppletButtons&quot;&gt;&lt;td nowrap width=&quot;100%&quot; class=&quot;AppletTitle&quot;&gt;&amp;nbsp;Techcheck Activity&lt;/td&gt;&lt;td nowrap valign=&quot;absmiddle&quot; class=&quot;legend&quot;&gt;&lt;/td&gt;&lt;td width=&quot;100%&quot;&gt;&amp;nbsp;&lt;img src=&quot;images/btn_div_gray.gif&quot; height=&quot;13&quot; align=&quot;middle&quot; alt=&quot;&quot;&gt;&amp;nbsp;&lt;/td&gt;&lt;td valign=&quot;middle&quot; nowrap&gt;&lt;span id=&apos;SWEApplet3_ctrlmsg&apos;&gt;&lt;/span&gt;&lt;/td&gt;&lt;td class=&quot;AppletTitle&quot; valign=&quot;middle&quot; nowrap&gt;&amp;nbsp;&lt;span id=s_3_rc&gt;&lt;/span&gt;&amp;nbsp;&lt;/td&gt;&lt;td&gt;&amp;nbsp;&lt;/td&gt;&lt;td class=&quot;AppletTitle&quot; valign=&quot;middle&quot;&gt;&lt;img src=&quot;images/btn_div.gif&quot; height=&quot;13&quot; align=&quot;middle&quot; alt=&quot;&quot;&gt;&lt;/td&gt;&lt;td&gt;&amp;nbsp;&lt;/td&gt;&lt;td valign=&quot;middle&quot; nowrap&gt;&lt;span id=s_3_1_99_0&gt;&amp;nbsp;&lt;/span&gt;&lt;/td&gt;&lt;td valign=&quot;top&quot; align=&quot;right&quot;&gt;&lt;/td&gt;&lt;/tr&gt;&lt;/table&gt;&lt;table datatable=&quot;0&quot; summary=&quot;&quot; class=&quot;AppletBackTable&quot; width=&quot;100%&quot; cellspacing=&quot;0&quot; cellpadding=&quot;2&quot; align=&quot;center&quot;&gt;&lt;tr class=&quot;AppletBack&quot; align=&quot;left&quot;&gt;&lt;td nowrap class=&quot;AppletMenu&quot;&gt;&lt;span class=&quot;miniBtnUICTop&quot;&gt;&lt;span class=&quot;miniBtnUIC&quot;&gt;&lt;a id=&apos;s_at_m_3&apos; href=&quot;javascript:void(0)&quot; onclick=&quot;window.event.cancelBubble=true; _JMenu_Initialize(this, &apos;BT Techcheck Activity Form Applet&apos;, &apos;Applet&apos;, s_at_m_3Ax, 0, false); return false;&quot; onmouseover=&quot;MinibtnHover(this.parentNode)&quot; onmouseout=&quot;MinibtnOut(this.parentNode)&quot; onmousedown=&quot;MinibtnDown(this.parentNode)&quot; onmouseup=&quot;MinibtnUp(this.parentNode)&quot; &gt;Menu&amp;nbsp;&lt;img border=&quot;0&quot; src=&quot;images/img_arrow.gif&quot; align=&quot;center&quot;&gt;&lt;/a&gt;&lt;/span&gt;&lt;/span&gt;&lt;object id= &quot;s_at_m_3Ax&quot; CLASSID=&quot;CLSID:9174862b-ac3b-4f9f-abc9-a0a3c9fd95d4&quot; codebase=&quot;23048/applets/SiebelAx_HI_Client.cab&quot; width=0 height = 0&gt;&lt;/object&gt;&lt;/td&gt;&lt;td&gt;&lt;img height=1 alt=&quot;&quot; src=&quot;images/spacer.gif&quot; width=4&gt;&lt;/td&gt;&lt;td&gt;&lt;img src=&quot;images/btn_div_gray.gif&quot; height=&quot;13&quot; align=&quot;middle&quot; alt=&quot;&quot;&gt;&lt;/td&gt;&lt;td&gt;&lt;img src=&quot;images/spacer.gif&quot; width=&quot;4&quot; height=&quot;1&quot; alt=&quot;&quot;&gt;&lt;/td&gt;&lt;td nowrap&gt;&lt;span id=s_3_1_128_0&gt;&amp;nbsp;&lt;/span&gt;&lt;/td&gt;&lt;td nowrap&gt;&lt;span id=s_3_1_144_0&gt;&amp;nbsp;&lt;/span&gt;&lt;/td&gt;&lt;td nowrap&gt;&lt;span id=s_3_1_126_0&gt;&amp;nbsp;&lt;/span&gt;&lt;/td&gt;&lt;td nowrap&gt;&lt;span id=s_3_1_116_0&gt;&amp;nbsp;&lt;/span&gt;&lt;/td&gt;&lt;td nowrap&gt;&lt;span id=s_3_1_103_0&gt;&amp;nbsp;&lt;/span&gt;&lt;/td&gt;&lt;td nowrap&gt;&lt;span id=s_3_1_72_0&gt;&amp;nbsp;&lt;/span&gt;&lt;/td&gt;&lt;td nowrap&gt;&lt;span id=s_3_1_176_0&gt;&amp;nbsp;&lt;/span&gt;&lt;/td&gt;&lt;td nowrap&gt;&lt;span id=s_3_1_174_0&gt;&amp;nbsp;&lt;/span&gt;&lt;/td&gt;&lt;td nowrap&gt;&lt;span id=s_3_1_11_0&gt;&amp;nbsp;&lt;/span&gt;&lt;/td&gt;&lt;td nowrap&gt;&lt;span id=s_3_1_173_0&gt;&amp;nbsp;&lt;/span&gt;&lt;/td&gt;&lt;td nowrap&gt;&lt;span id=s_3_1_175_0&gt;&amp;nbsp;&lt;/span&gt;&lt;/td&gt;&lt;td nowrap&gt;&lt;span id=s_3_1_0_0&gt;&amp;nbsp;&lt;/span&gt;&lt;/td&gt;&lt;td nowrap&gt;&lt;span id=s_3_1_11_0&gt;&amp;nbsp;&lt;/span&gt;&lt;/td&gt;&lt;td&gt;&lt;table datatable=&quot;0&quot; summary=&quot;&quot; width=&quot;100%&quot; valign=&quot;top&quot; align=&quot;center&quot; cellpadding=&apos;0&apos; cellspacing=&apos;0&apos; border=&apos;0&apos;&gt;&lt;/table&gt;&lt;/td&gt;&lt;td class=&quot;mceGridLabel&quot; align=&quot;left&quot; width=&quot;100%&quot; nowrap&gt;&amp;nbsp;&lt;b&gt;&lt;span id=3_msg&gt;&lt;/span&gt;&lt;/b&gt;&lt;/td&gt;&lt;/tr&gt;&lt;/table&gt;&lt;table datatable=&quot;0&quot; summary=&quot;&quot; class=&quot;AppletBackTable&quot; width=&quot;100%&quot; cellspacing=&quot;0&quot; cellpadding=&quot;0&quot; align=&quot;center&quot;&gt;&lt;tr class=&quot;AppletBack&quot;&gt;&lt;td class=&quot;AppletBack&quot;&gt;&lt;img src=&quot;images/spacer.gif&quot; height=&quot;1&quot; width=&quot;1&quot; alt=&quot;&quot;&gt;&lt;/td&gt;&lt;td class=&quot;AppletBlank&quot; width=&quot;100%&quot;&gt;&lt;img src=&quot;images/spacer.gif&quot; height=&quot;1&quot; width=&quot;1&quot; alt=&quot;&quot;&gt;&lt;/td&gt;&lt;/tr&gt;&lt;/table&gt;&lt;span id=3_c_err style=&quot;display: none;&quot;&gt;&lt;table datatable=&quot;0&quot; summary=&quot;&quot; class=&quot;AppletBack&quot; width=&quot;100%&quot; cellpadding=&quot;0&quot; cellspacing=&quot;5&quot; border=&quot;0&quot;&gt;&lt;tr&gt;&lt;td class=&quot;error&quot;&gt;&lt;/td&gt;&lt;/tr&gt;&lt;/table&gt;&lt;/span&gt;&lt;div class=&quot;NotSelected&quot; id=&quot;a_3&quot;&gt;&lt;div align=left style=&quot;width:100%;&quot; class=&quot;GridBorder&quot;&gt;&lt;table class=&quot;GridBack&quot; border=0 cellspacing=0 cellpadding=0&gt;&lt;tr&gt;&lt;td&gt;&lt;/td&gt;&lt;td style=&quot;width:8px;&quot;&gt;&lt;/td&gt;&lt;td style=&quot;width:88px;&quot;&gt;&lt;/td&gt;&lt;td style=&quot;width:120px;&quot;&gt;&lt;/td&gt;&lt;td style=&quot;width:8px;&quot;&gt;&lt;/td&gt;&lt;td style=&quot;width:120px;&quot;&gt;&lt;/td&gt;&lt;td style=&quot;width:24px;&quot;&gt;&lt;/td&gt;&lt;td style=&quot;width:96px;&quot;&gt;&lt;/td&gt;&lt;td style=&quot;width:8px;&quot;&gt;&lt;/td&gt;&lt;td style=&quot;width:8px;&quot;&gt;&lt;/td&gt;&lt;td style=&quot;width:128px;&quot;&gt;&lt;/td&gt;&lt;td style=&quot;width:8px;&quot;&gt;&lt;/td&gt;&lt;td style=&quot;width:24px;&quot;&gt;&lt;/td&gt;&lt;td style=&quot;width:88px;&quot;&gt;&lt;/td&gt;&lt;td style=&quot;width:8px;&quot;&gt;&lt;/td&gt;&lt;td style=&quot;width:8px;&quot;&gt;&lt;/td&gt;&lt;td style=&quot;width:24px;&quot;&gt;&lt;/td&gt;&lt;td style=&quot;width:72px;&quot;&gt;&lt;/td&gt;&lt;td style=&quot;width:8px;&quot;&gt;&lt;/td&gt;&lt;td style=&quot;width:40px;&quot;&gt;&lt;/td&gt;&lt;td style=&quot;width:8px;&quot;&gt;&lt;/td&gt;&lt;td style=&quot;width:8px;&quot;&gt;&lt;/td&gt;&lt;td style=&quot;width:72px;&quot;&gt;&lt;/td&gt;&lt;td style=&quot;width:24px;&quot;&gt;&lt;/td&gt;&lt;td style=&quot;width:96px;&quot;&gt;&lt;/td&gt;&lt;/tr&gt;&lt;tr&gt;&lt;td style=&quot;height:8;&quot;&gt;&lt;/td&gt;&lt;td rowSpan=4 colSpan=1&gt;&lt;/td&gt;&lt;td rowSpan=1 colSpan=23&gt;&lt;/td&gt;&lt;/tr&gt;&lt;tr&gt;&lt;td style=&quot;height:24;&quot;&gt;&lt;/td&gt;&lt;td nowrap valign=middle colSpan=1 rowSpan=1&gt;&lt;div class=&quot;mceGridLabel&quot; align=&quot;Right&quot;&gt;&amp;nbsp;Activity Area:&lt;img src=&quot;images/icon_req.gif&quot; border=&quot;0&quot; space=&quot;0&quot; hspace=&quot;0&quot; alt=&quot;Required&quot;  title=&quot;Required&quot; &gt;&lt;/img&gt;&lt;/div&gt;&lt;/td&gt;&lt;td nowrap valign=middle colSpan=1 rowSpan=1&gt;&lt;div class=&quot;mceGridField&quot;&gt;&lt;script&gt;SWEWriteObjectTag(this,&apos;&lt;object id=s_3_1_112_0 CLASSID=&quot;CLSID:1cb4ef94-8549-471a-b73f-54ff5c244212&quot; HEIGHT=24 WIDTH=120&gt;&lt;/object&gt;&apos;);&lt;/script&gt;&lt;/div&gt;&lt;/td&gt;&lt;td rowSpan=21 colSpan=1&gt;&lt;/td&gt;&lt;td nowrap valign=middle colSpan=1 rowSpan=1&gt;&lt;div class=&quot;mceGridLabel&quot; align=&quot;Right&quot;&gt;&amp;nbsp;Telephone Number:&lt;/div&gt;&lt;/td&gt;&lt;td nowrap valign=middle colSpan=2 rowSpan=1&gt;&lt;div class=&quot;mceGridField&quot;&gt;&lt;script&gt;SWEWriteObjectTag(this,&apos;&lt;object id=s_3_1_5_0 CLASSID=&quot;CLSID:1cb4ef94-8549-471a-b73f-54ff5c244212&quot; HEIGHT=24 WIDTH=120&gt;&lt;/object&gt;&apos;);&lt;/script&gt;&lt;/div&gt;&lt;/td&gt;&lt;td rowSpan=9 colSpan=1&gt;&lt;/td&gt;&lt;td nowrap valign=middle colSpan=2 rowSpan=1&gt;&lt;div class=&quot;mceGridLabel&quot; align=&quot;Right&quot;&gt;&amp;nbsp;Comments:&lt;/div&gt;&lt;/td&gt;&lt;td valign=middle colSpan=3 rowSpan=3&gt;&lt;div class=&quot;mceGridField&quot;&gt;&lt;script&gt;SWEWriteObjectTag(this,&apos;&lt;object id=s_3_1_155_0 CLASSID=&quot;CLSID:1cb4ef94-8549-471a-b73f-54ff5c244212&quot; HEIGHT=48 WIDTH=120&gt;&lt;/object&gt;&apos;);&lt;/script&gt;&lt;/div&gt;&lt;/td&gt;&lt;td rowSpan=10 colSpan=1&gt;&lt;/td&gt;&lt;td rowSpan=7 colSpan=2&gt;&lt;/td&gt;&lt;td nowrap valign=middle colSpan=4 rowSpan=1&gt;&lt;div class=&quot;mceGridField&quot;&gt;&lt;span id=s_3_1_86_0&gt;&amp;nbsp;&lt;/span&gt;&lt;/div&gt;&lt;/td&gt;&lt;td rowSpan=1 colSpan=1&gt;&lt;/td&gt;&lt;td nowrap valign=middle colSpan=1 rowSpan=1&gt;&lt;div class=&quot;mceGridLabel&quot; align=&quot;Right&quot;&gt;&amp;nbsp;Due Date:&lt;/div&gt;&lt;/td&gt;&lt;td nowrap valign=middle colSpan=2 rowSpan=1&gt;&lt;div class=&quot;mceGridField&quot;&gt;&lt;script&gt;SWEWriteObjectTag(this,&apos;&lt;object id=s_3_1_81_0 CLASSID=&quot;CLSID:1cb4ef94-8549-471a-b73f-54ff5c244212&quot; HEIGHT=24 WIDTH=120&gt;&lt;/object&gt;&apos;);&lt;/script&gt;&lt;/div&gt;&lt;/td&gt;&lt;/tr&gt;&lt;tr&gt;&lt;td style=&quot;height:8;&quot;&gt;&lt;/td&gt;&lt;td nowrap valign=middle colSpan=1 rowSpan=2&gt;&lt;div class=&quot;mceGridLabel&quot; align=&quot;Right&quot;&gt;&amp;nbsp;Type:&lt;img src=&quot;images/icon_req.gif&quot; border=&quot;0&quot; space=&quot;0&quot; hspace=&quot;0&quot; alt=&quot;Required&quot;  title=&quot;Required&quot; &gt;&lt;/img&gt;&lt;/div&gt;&lt;/td&gt;&lt;td nowrap valign=middle colSpan=1 rowSpan=2&gt;&lt;div class=&quot;mceGridField&quot;&gt;&lt;script&gt;SWEWriteObjectTag(this,&apos;&lt;object id=s_3_1_105_0 CLASSID=&quot;CLSID:1cb4ef94-8549-471a-b73f-54ff5c244212&quot; HEIGHT=24 WIDTH=120&gt;&lt;/object&gt;&apos;);&lt;/script&gt;&lt;/div&gt;&lt;/td&gt;&lt;td nowrap valign=middle colSpan=1 rowSpan=2&gt;&lt;div class=&quot;mceGridLabel&quot; align=&quot;Right&quot;&gt;&amp;nbsp;Resolution Code:&lt;/div&gt;&lt;/td&gt;&lt;td nowrap valign=middle colSpan=2 rowSpan=2&gt;&lt;div class=&quot;mceGridField&quot;&gt;&lt;script&gt;SWEWriteObjectTag(this,&apos;&lt;object id=s_3_1_10_0 CLASSID=&quot;CLSID:1cb4ef94-8549-471a-b73f-54ff5c244212&quot; HEIGHT=24 WIDTH=120&gt;&lt;/object&gt;&apos;);&lt;/script&gt;&lt;/div&gt;&lt;/td&gt;&lt;td rowSpan=2 colSpan=2&gt;&lt;/td&gt;&lt;td rowSpan=1 colSpan=4&gt;&lt;/td&gt;&lt;td nowrap valign=middle colSpan=2 rowSpan=2&gt;&lt;div class=&quot;mceGridLabel&quot; align=&quot;Right&quot;&gt;&amp;nbsp;Planned Start:&lt;/div&gt;&lt;/td&gt;&lt;td nowrap valign=middle colSpan=2 rowSpan=2&gt;&lt;div class=&quot;mceGridField&quot;&gt;&lt;script&gt;SWEWriteObjectTag(this,&apos;&lt;object id=s_3_1_146_0 CLASSID=&quot;CLSID:1cb4ef94-8549-471a-b73f-54ff5c244212&quot; HEIGHT=24 WIDTH=120&gt;&lt;/object&gt;&apos;);&lt;/script&gt;&lt;/div&gt;&lt;/td&gt;&lt;/tr&gt;&lt;tr&gt;&lt;td style=&quot;height:16;&quot;&gt;&lt;/td&gt;&lt;td nowrap valign=middle colSpan=3 rowSpan=2&gt;&lt;div class=&quot;mceGridField&quot;&gt;&lt;span id=s_3_1_14_0&gt;&amp;nbsp;&lt;/span&gt;&lt;/div&gt;&lt;/td&gt;&lt;td rowSpan=5 colSpan=1&gt;&lt;/td&gt;&lt;/tr&gt;&lt;tr&gt;&lt;td style=&quot;height:8;&quot;&gt;&lt;/td&gt;&lt;td nowrap valign=middle colSpan=2 rowSpan=2&gt;&lt;div class=&quot;mceGridLabel&quot; align=&quot;Right&quot;&gt;&amp;nbsp;Address Name:&lt;/div&gt;&lt;/td&gt;&lt;td nowrap valign=middle colSpan=1 rowSpan=2&gt;&lt;div class=&quot;mceGridField&quot;&gt;&lt;script&gt;SWEWriteObjectTag(this,&apos;&lt;object id=s_3_1_1_0 CLASSID=&quot;CLSID:1cb4ef94-8549-471a-b73f-54ff5c244212&quot; HEIGHT=24 WIDTH=120&gt;&lt;/object&gt;&apos;);&lt;/script&gt;&lt;/div&gt;&lt;/td&gt;&lt;td rowSpan=1 colSpan=3&gt;&lt;/td&gt;&lt;td nowrap valign=middle colSpan=2 rowSpan=2&gt;&lt;div class=&quot;mceGridLabel&quot; align=&quot;Right&quot;&gt;&amp;nbsp;Original Priority:&lt;/div&gt;&lt;/td&gt;&lt;td nowrap valign=middle colSpan=3 rowSpan=2&gt;&lt;div class=&quot;mceGridField&quot;&gt;&lt;script&gt;SWEWriteObjectTag(this,&apos;&lt;object id=s_3_1_47_0 CLASSID=&quot;CLSID:1cb4ef94-8549-471a-b73f-54ff5c244212&quot; HEIGHT=24 WIDTH=120&gt;&lt;/object&gt;&apos;);&lt;/script&gt;&lt;/div&gt;&lt;/td&gt;&lt;td nowrap valign=middle colSpan=2 rowSpan=2&gt;&lt;div class=&quot;mceGridLabel&quot; align=&quot;Right&quot;&gt;&amp;nbsp;Alarm:&lt;/div&gt;&lt;/td&gt;&lt;td nowrap valign=middle colSpan=1 rowSpan=2&gt;&lt;div class=&quot;mceGridField&quot;&gt;&lt;script&gt;SWEWriteObjectTag(this,&apos;&lt;object id=s_3_1_2_0 CLASSID=&quot;CLSID:1cb4ef94-8549-471a-b73f-54ff5c244212&quot; HEIGHT=12 WIDTH=12&gt;&lt;/object&gt;&apos;);&lt;/script&gt;&lt;/div&gt;&lt;/td&gt;&lt;td rowSpan=2 colSpan=1&gt;&lt;/td&gt;&lt;/tr&gt;&lt;tr&gt;&lt;td style=&quot;height:16;&quot;&gt;&lt;/td&gt;&lt;td nowrap valign=middle colSpan=1 rowSpan=2&gt;&lt;div class=&quot;mceGridLabel&quot; align=&quot;Right&quot;&gt;&amp;nbsp;Description:&lt;/div&gt;&lt;/td&gt;&lt;td valign=middle colSpan=2 rowSpan=5&gt;&lt;div class=&quot;mceGridField&quot;&gt;&lt;script&gt;SWEWriteObjectTag(this,&apos;&lt;object id=s_3_1_106_0 CLASSID=&quot;CLSID:1cb4ef94-8549-471a-b73f-54ff5c244212&quot; HEIGHT=56 WIDTH=120&gt;&lt;/object&gt;&apos;);&lt;/script&gt;&lt;/div&gt;&lt;/td&gt;&lt;td rowSpan=1 colSpan=3&gt;&lt;/td&gt;&lt;/tr&gt;&lt;tr&gt;&lt;td style=&quot;height:8;&quot;&gt;&lt;/td&gt;&lt;td rowSpan=1 colSpan=3&gt;&lt;/td&gt;&lt;td nowrap valign=middle colSpan=2 rowSpan=2&gt;&lt;div class=&quot;mceGridLabel&quot; align=&quot;Right&quot;&gt;&amp;nbsp;Error Info:&lt;/div&gt;&lt;/td&gt;&lt;td valign=middle colSpan=3 rowSpan=5&gt;&lt;div class=&quot;mceGridField&quot;&gt;&lt;script&gt;SWEWriteObjectTag(this,&apos;&lt;object id=s_3_1_100_0 CLASSID=&quot;CLSID:1cb4ef94-8549-471a-b73f-54ff5c244212&quot; HEIGHT=48 WIDTH=120&gt;&lt;/object&gt;&apos;);&lt;/script&gt;&lt;/div&gt;&lt;/td&gt;&lt;td nowrap valign=middle colSpan=3 rowSpan=2&gt;&lt;div class=&quot;mceGridField&quot;&gt;&lt;span id=s_3_1_9_0&gt;&amp;nbsp;&lt;/span&gt;&lt;/div&gt;&lt;/td&gt;&lt;td nowrap valign=middle colSpan=2 rowSpan=2&gt;&lt;div class=&quot;mceGridLabel&quot; align=&quot;Right&quot;&gt;&amp;nbsp;Alarm Lead:&lt;/div&gt;&lt;/td&gt;&lt;td nowrap valign=middle colSpan=2 rowSpan=2&gt;&lt;div class=&quot;mceGridField&quot;&gt;&lt;script&gt;SWEWriteObjectTag(this,&apos;&lt;object id=s_3_1_64_0 CLASSID=&quot;CLSID:1cb4ef94-8549-471a-b73f-54ff5c244212&quot; HEIGHT=24 WIDTH=120&gt;&lt;/object&gt;&apos;);&lt;/script&gt;&lt;/div&gt;&lt;/td&gt;&lt;/tr&gt;&lt;tr&gt;&lt;td style=&quot;height:16;&quot;&gt;&lt;/td&gt;&lt;td nowrap valign=middle colSpan=2 rowSpan=2&gt;&lt;div class=&quot;mceGridLabel&quot; align=&quot;Right&quot;&gt;&amp;nbsp;Status:&lt;/div&gt;&lt;/td&gt;&lt;td nowrap valign=middle colSpan=1 rowSpan=2&gt;&lt;div class=&quot;mceGridField&quot;&gt;&lt;script&gt;SWEWriteObjectTag(this,&apos;&lt;object id=s_3_1_143_0 CLASSID=&quot;CLSID:1cb4ef94-8549-471a-b73f-54ff5c244212&quot; HEIGHT=24 WIDTH=120&gt;&lt;/object&gt;&apos;);&lt;/script&gt;&lt;/div&gt;&lt;/td&gt;&lt;td rowSpan=3 colSpan=1&gt;&lt;/td&gt;&lt;/tr&gt;&lt;tr&gt;&lt;td style=&quot;height:8;&quot;&gt;&lt;/td&gt;&lt;td rowSpan=7 colSpan=1&gt;&lt;/td&gt;&lt;td rowSpan=3 colSpan=1&gt;&lt;/td&gt;&lt;td nowrap valign=middle colSpan=8 rowSpan=3&gt;&lt;div class=&quot;mceGridLabel&quot; align=&quot;Right&quot;&gt;&amp;nbsp;Created:&lt;img src=&quot;images/icon_req.gif&quot; border=&quot;0&quot; space=&quot;0&quot; hspace=&quot;0&quot; alt=&quot;Required&quot;  title=&quot;Required&quot; &gt;&lt;/img&gt;&lt;/div&gt;&lt;/td&gt;&lt;td nowrap valign=middle colSpan=2 rowSpan=3&gt;&lt;div class=&quot;mceGridField&quot;&gt;&lt;script&gt;SWEWriteObjectTag(this,&apos;&lt;object id=s_3_1_135_0 CLASSID=&quot;CLSID:1cb4ef94-8549-471a-b73f-54ff5c244212&quot; HEIGHT=24 WIDTH=120&gt;&lt;/object&gt;&apos;);&lt;/script&gt;&lt;/div&gt;&lt;/td&gt;&lt;/tr&gt;&lt;tr&gt;&lt;td style=&quot;height:8;&quot;&gt;&lt;/td&gt;&lt;td nowrap valign=middle colSpan=2 rowSpan=3&gt;&lt;div class=&quot;mceGridLabel&quot; align=&quot;Right&quot;&gt;&amp;nbsp;Priority:&lt;/div&gt;&lt;/td&gt;&lt;td nowrap valign=middle colSpan=1 rowSpan=3&gt;&lt;div class=&quot;mceGridField&quot;&gt;&lt;script&gt;SWEWriteObjectTag(this,&apos;&lt;object id=s_3_1_131_0 CLASSID=&quot;CLSID:1cb4ef94-8549-471a-b73f-54ff5c244212&quot; HEIGHT=24 WIDTH=120&gt;&lt;/object&gt;&apos;);&lt;/script&gt;&lt;/div&gt;&lt;/td&gt;&lt;/tr&gt;&lt;tr&gt;&lt;td style=&quot;height:8;&quot;&gt;&lt;/td&gt;&lt;td nowrap valign=middle colSpan=1 rowSpan=3&gt;&lt;div class=&quot;mceGridLabel&quot; align=&quot;Right&quot;&gt;&amp;nbsp;Override Reason:&lt;/div&gt;&lt;/td&gt;&lt;td nowrap valign=middle colSpan=3 rowSpan=3&gt;&lt;div class=&quot;mceGridField&quot;&gt;&lt;script&gt;SWEWriteObjectTag(this,&apos;&lt;object id=s_3_1_31_0 CLASSID=&quot;CLSID:1cb4ef94-8549-471a-b73f-54ff5c244212&quot; HEIGHT=24 WIDTH=120&gt;&lt;/object&gt;&apos;);&lt;/script&gt;&lt;/div&gt;&lt;/td&gt;&lt;/tr&gt;&lt;tr&gt;&lt;td style=&quot;height:8;&quot;&gt;&lt;/td&gt;&lt;td nowrap valign=middle colSpan=13 rowSpan=3&gt;&lt;div class=&quot;mceGridLabel&quot; align=&quot;Right&quot;&gt;&amp;nbsp;External Reference No.:&lt;/div&gt;&lt;/td&gt;&lt;td nowrap valign=middle colSpan=2 rowSpan=3&gt;&lt;div class=&quot;mceGridField&quot;&gt;&lt;script&gt;SWEWriteObjectTag(this,&apos;&lt;object id=s_3_1_41_0 CLASSID=&quot;CLSID:1cb4ef94-8549-471a-b73f-54ff5c244212&quot; HEIGHT=24 WIDTH=120&gt;&lt;/object&gt;&apos;);&lt;/script&gt;&lt;/div&gt;&lt;/td&gt;&lt;/tr&gt;&lt;tr&gt;&lt;td style=&quot;height:8;&quot;&gt;&lt;/td&gt;&lt;td nowrap valign=middle colSpan=2 rowSpan=3&gt;&lt;div class=&quot;mceGridLabel&quot; align=&quot;Right&quot;&gt;&amp;nbsp;Customer:&lt;/div&gt;&lt;/td&gt;&lt;td nowrap valign=middle colSpan=1 rowSpan=3&gt;&lt;div class=&quot;mceGridField&quot;&gt;&lt;script&gt;SWEWriteObjectTag(this,&apos;&lt;object id=s_3_1_117_0 CLASSID=&quot;CLSID:1cb4ef94-8549-471a-b73f-54ff5c244212&quot; HEIGHT=24 WIDTH=120&gt;&lt;/object&gt;&apos;);&lt;/script&gt;&lt;/div&gt;&lt;/td&gt;&lt;/tr&gt;&lt;tr&gt;&lt;td style=&quot;height:8;&quot;&gt;&lt;/td&gt;&lt;td nowrap valign=middle colSpan=1 rowSpan=3&gt;&lt;div class=&quot;mceGridLabel&quot; align=&quot;Right&quot;&gt;&amp;nbsp;Contact First Name:&lt;/div&gt;&lt;/td&gt;&lt;td nowrap valign=middle colSpan=2 rowSpan=3&gt;&lt;div class=&quot;mceGridField&quot;&gt;&lt;script&gt;SWEWriteObjectTag(this,&apos;&lt;object id=s_3_1_127_0 CLASSID=&quot;CLSID:1cb4ef94-8549-471a-b73f-54ff5c244212&quot; HEIGHT=24 WIDTH=120&gt;&lt;/object&gt;&apos;);&lt;/script&gt;&lt;/div&gt;&lt;/td&gt;&lt;td rowSpan=9 colSpan=1&gt;&lt;/td&gt;&lt;/tr&gt;&lt;tr&gt;&lt;td style=&quot;height:8;&quot;&gt;&lt;/td&gt;&lt;td rowSpan=1 colSpan=9&gt;&lt;/td&gt;&lt;td nowrap valign=middle colSpan=4 rowSpan=3&gt;&lt;div class=&quot;mceGridLabel&quot; align=&quot;Right&quot;&gt;&amp;nbsp;External Reference No. 2:&lt;/div&gt;&lt;/td&gt;&lt;td nowrap valign=middle colSpan=2 rowSpan=3&gt;&lt;div class=&quot;mceGridField&quot;&gt;&lt;script&gt;SWEWriteObjectTag(this,&apos;&lt;object id=s_3_1_42_0 CLASSID=&quot;CLSID:1cb4ef94-8549-471a-b73f-54ff5c244212&quot; HEIGHT=24 WIDTH=120&gt;&lt;/object&gt;&apos;);&lt;/script&gt;&lt;/div&gt;&lt;/td&gt;&lt;/tr&gt;&lt;tr&gt;&lt;td style=&quot;height:8;&quot;&gt;&lt;/td&gt;&lt;td rowSpan=7 colSpan=1&gt;&lt;/td&gt;&lt;td nowrap valign=middle colSpan=1 rowSpan=3&gt;&lt;div class=&quot;mceGridLabel&quot; align=&quot;Right&quot;&gt;&amp;nbsp;Customer Number:&lt;/div&gt;&lt;/td&gt;&lt;td nowrap valign=middle colSpan=1 rowSpan=3&gt;&lt;div class=&quot;mceGridField&quot;&gt;&lt;script&gt;SWEWriteObjectTag(this,&apos;&lt;object id=s_3_1_120_0 CLASSID=&quot;CLSID:1cb4ef94-8549-471a-b73f-54ff5c244212&quot; HEIGHT=24 WIDTH=120&gt;&lt;/object&gt;&apos;);&lt;/script&gt;&lt;/div&gt;&lt;/td&gt;&lt;td nowrap valign=middle colSpan=2 rowSpan=3&gt;&lt;div class=&quot;mceGridLabel&quot; align=&quot;Right&quot;&gt;&amp;nbsp;SIM Provide Scenario:&lt;/div&gt;&lt;/td&gt;&lt;td nowrap valign=middle colSpan=7 rowSpan=3&gt;&lt;div class=&quot;mceGridField&quot;&gt;&lt;script&gt;SWEWriteObjectTag(this,&apos;&lt;object id=s_3_1_12_0 CLASSID=&quot;CLSID:1cb4ef94-8549-471a-b73f-54ff5c244212&quot; HEIGHT=24 WIDTH=225&gt;&lt;/object&gt;&apos;);&lt;/script&gt;&lt;/div&gt;&lt;/td&gt;&lt;td rowSpan=5 colSpan=1&gt;&lt;/td&gt;&lt;/tr&gt;&lt;tr&gt;&lt;td style=&quot;height:8;&quot;&gt;&lt;/td&gt;&lt;td nowrap valign=middle colSpan=1 rowSpan=3&gt;&lt;div class=&quot;mceGridLabel&quot; align=&quot;Right&quot;&gt;&amp;nbsp;Contact Last Name:&lt;/div&gt;&lt;/td&gt;&lt;td nowrap valign=middle colSpan=2 rowSpan=3&gt;&lt;div class=&quot;mceGridField&quot;&gt;&lt;script&gt;SWEWriteObjectTag(this,&apos;&lt;object id=s_3_1_122_0 CLASSID=&quot;CLSID:1cb4ef94-8549-471a-b73f-54ff5c244212&quot; HEIGHT=24 WIDTH=120&gt;&lt;/object&gt;&apos;);&lt;/script&gt;&lt;/div&gt;&lt;/td&gt;&lt;/tr&gt;&lt;tr&gt;&lt;td style=&quot;height:8;&quot;&gt;&lt;/td&gt;&lt;td nowrap valign=middle colSpan=4 rowSpan=3&gt;&lt;div class=&quot;mceGridLabel&quot; align=&quot;Right&quot;&gt;&amp;nbsp;SIM Reference:&lt;/div&gt;&lt;/td&gt;&lt;td nowrap valign=middle colSpan=2 rowSpan=3&gt;&lt;div class=&quot;mceGridField&quot;&gt;&lt;script&gt;SWEWriteObjectTag(this,&apos;&lt;object id=s_3_1_13_0 CLASSID=&quot;CLSID:1cb4ef94-8549-471a-b73f-54ff5c244212&quot; HEIGHT=24 WIDTH=120&gt;&lt;/object&gt;&apos;);&lt;/script&gt;&lt;/div&gt;&lt;/td&gt;&lt;/tr&gt;&lt;tr&gt;&lt;td style=&quot;height:8;&quot;&gt;&lt;/td&gt;&lt;td nowrap valign=middle colSpan=1 rowSpan=3&gt;&lt;div class=&quot;mceGridLabel&quot; align=&quot;Right&quot;&gt;&amp;nbsp;Billing Account Number:&lt;/div&gt;&lt;/td&gt;&lt;td nowrap valign=middle colSpan=1 rowSpan=3&gt;&lt;div class=&quot;mceGridField&quot;&gt;&lt;script&gt;SWEWriteObjectTag(this,&apos;&lt;object id=s_3_1_26_0 CLASSID=&quot;CLSID:1cb4ef94-8549-471a-b73f-54ff5c244212&quot; HEIGHT=24 WIDTH=120&gt;&lt;/object&gt;&apos;);&lt;/script&gt;&lt;/div&gt;&lt;/td&gt;&lt;td rowSpan=2 colSpan=9&gt;&lt;/td&gt;&lt;/tr&gt;&lt;tr&gt;&lt;td style=&quot;height:8;&quot;&gt;&lt;/td&gt;&lt;td nowrap valign=middle colSpan=1 rowSpan=3&gt;&lt;div class=&quot;mceGridLabel&quot; align=&quot;Right&quot;&gt;&amp;nbsp;Contact Phone Number:&lt;/div&gt;&lt;/td&gt;&lt;td nowrap valign=middle colSpan=2 rowSpan=3&gt;&lt;div class=&quot;mceGridField&quot;&gt;&lt;script&gt;SWEWriteObjectTag(this,&apos;&lt;object id=s_3_1_27_0 CLASSID=&quot;CLSID:1cb4ef94-8549-471a-b73f-54ff5c244212&quot; HEIGHT=24 WIDTH=120&gt;&lt;/object&gt;&apos;);&lt;/script&gt;&lt;/div&gt;&lt;/td&gt;&lt;/tr&gt;&lt;tr&gt;&lt;td style=&quot;height:8;&quot;&gt;&lt;/td&gt;&lt;td nowrap valign=middle colSpan=14 rowSpan=3&gt;&lt;/td&gt;&lt;td nowrap valign=middle colSpan=2 rowSpan=3&gt;&lt;/td&gt;&lt;/tr&gt;&lt;tr&gt;&lt;td style=&quot;height:8;&quot;&gt;&lt;/td&gt;&lt;td nowrap valign=middle colSpan=1 rowSpan=3&gt;&lt;/td&gt;&lt;td nowrap valign=middle colSpan=1 rowSpan=3&gt;&lt;/td&gt;&lt;/tr&gt;&lt;/table&gt;&lt;/div&gt;&lt;/div&gt;&lt;/span&gt;&lt;/td&gt;&lt;/tr&gt;&lt;/table&gt;&lt;/div&gt;&lt;/form&gt;
&lt;a id=&quot;SWEBottomHidden3&quot; href=&quot;javascript:void(0);&quot; tabindex=&quot;1999&quot; onfocus=&quot;document.getElementById(&apos;SWETopHidden3&apos;).focus();&quot;&gt;&lt;/a&gt;&lt;/div&gt;&lt;table datatable=&quot;0&quot; summary=&quot;&quot; class=&quot;tier3Back&quot; width=&quot;100%&quot; align=&quot;center&quot; cellpadding=&quot;0&quot; cellspacing=&quot;0&quot; border=&quot;0&quot;&gt;&lt;tr valign=&quot;top&quot;&gt;&lt;td&gt;&lt;img src=&quot;images/spacer.gif&quot; width=&quot;1&quot; height=&quot;3&quot; alt=&quot;&quot;&gt;&lt;/td&gt;&lt;/tr&gt;&lt;/table&gt;&lt;div id=s_vctrl_div STYLE=&quot;height:37px&quot;&gt;&lt;div&gt; &lt;/div&gt;&lt;script&gt;SWEWriteObjectTag(this,&apos;&lt;OBJECT ID=&quot;s_vctrl&quot; CLASSID=&quot;clsid:bfb7437b-a5ea-4d13-a552-4150b0fdf838&quot; CODEBASE=&quot;&quot; WIDTH =&quot;100%&quot; HEIGHT =&quot;100%&quot;  tabindex=-1 &gt;&lt;PARAM NAME=&quot;style&quot; VALUE=&quot;Tab&quot;/&gt;&lt;PARAM NAME=&quot;indentWidth&quot; VALUE=&quot;30&quot;/&gt;&lt;PARAM NAME=&quot;anchorTab&quot; VALUE=&quot;true&quot;/&gt;&lt;PARAM NAME=&quot;type&quot; VALUE=&quot;Detail Category&quot;/&gt;&lt;/OBJECT&gt;&apos;);&lt;/script&gt;&lt;/div&gt;&lt;div style=&quot;width:100%; border-color:#E0E5F5; border-style: solid; border-width: 0 1 1 1; padding: 0 3 3 3;&quot;&gt;&lt;a name=&quot;SWEApplet1&quot; id=&quot;SWEApplet1&quot; href=&quot;#SWEApplet1&quot; title=&quot;Techcheck Result&quot;&gt;&lt;/a&gt;
&lt;div id=&apos;s_S_A1_div&apos;oncontextmenu=&apos;HandleContextMenu(&quot;BT Techcheck Notes Form Applet&quot;)&apos; onclick=&apos;HandleAppletClick(&quot;BT Techcheck Notes Form Applet&quot;)&apos;&gt;
&lt;a id=&quot;SWETopHidden1&quot; href=&quot;javascript:void(0);&quot; tabindex=&quot;2000&quot;&gt;&lt;/a&gt;&lt;form name=&quot;SWEForm1_0&quot; method=&quot;post&quot; action=&quot;/ecommunications_enu_nsm_aps05524a027/start.swe&quot; onSubmit=&quot;return false;&quot; &gt;
&lt;div class=&quot;NotSelected&quot; id=&quot;a_1&quot;&gt;&lt;table datatable=&quot;0&quot; summary=&quot;&quot; width=&quot;100%&quot; cellpadding=&quot;0&quot; cellspacing=&quot;0&quot; border=&quot;0&quot; align=&quot;center&quot; class=&quot;AppletBack&quot;&gt;&lt;tr&gt;&lt;td class=&quot;AppletHIFormBorder&quot;&gt;&lt;span class=&quot;AppletStyleChild77&quot;&gt;&lt;table datatable=&quot;0&quot; summary=&quot;&quot; width=&quot;100%&quot; cellspacing=&quot;0&quot; cellpadding=&quot;2&quot; border=&quot;0&quot; align=&quot;center&quot;&gt;&lt;tr class=&quot;AppletButtons&quot;&gt;&lt;td nowrap width=&quot;100%&quot; class=&quot;AppletTitle&quot;&gt;&amp;nbsp;&lt;/td&gt;&lt;td nowrap valign=&quot;absmiddle&quot; class=&quot;legend&quot;&gt;&lt;/td&gt;&lt;td width=&quot;100%&quot;&gt;&amp;nbsp;&lt;img src=&quot;images/btn_div_gray.gif&quot; height=&quot;13&quot; align=&quot;middle&quot; alt=&quot;&quot;&gt;&amp;nbsp;&lt;/td&gt;&lt;td valign=&quot;middle&quot; nowrap&gt;&lt;span id=&apos;SWEApplet1_ctrlmsg&apos;&gt;&lt;/span&gt;&lt;/td&gt;&lt;td class=&quot;AppletTitle&quot; valign=&quot;middle&quot; nowrap&gt;&amp;nbsp;&lt;span id=s_1_rc&gt;&lt;/span&gt;&amp;nbsp;&lt;/td&gt;&lt;td valign=&quot;top&quot; align=&quot;right&quot;&gt;&lt;/td&gt;&lt;/tr&gt;&lt;/table&gt;&lt;table datatable=&quot;0&quot; summary=&quot;&quot; class=&quot;AppletBackTable&quot; width=&quot;100%&quot; cellspacing=&quot;0&quot; cellpadding=&quot;2&quot; align=&quot;center&quot;&gt;&lt;tr class=&quot;AppletBack&quot; align=&quot;left&quot;&gt;&lt;td nowrap class=&quot;AppletMenu&quot;&gt;&lt;span class=&quot;miniBtnUICTop&quot;&gt;&lt;span class=&quot;miniBtnUIC&quot;&gt;&lt;a id=&apos;s_at_m_1&apos; href=&quot;javascript:void(0)&quot; onclick=&quot;window.event.cancelBubble=true; _JMenu_Initialize(this, &apos;BT Techcheck Notes Form Applet&apos;, &apos;Applet&apos;, s_at_m_1Ax, 0, false); return false;&quot; onmouseover=&quot;MinibtnHover(this.parentNode)&quot; onmouseout=&quot;MinibtnOut(this.parentNode)&quot; onmousedown=&quot;MinibtnDown(this.parentNode)&quot; onmouseup=&quot;MinibtnUp(this.parentNode)&quot; &gt;Menu&amp;nbsp;&lt;img border=&quot;0&quot; src=&quot;images/img_arrow.gif&quot; align=&quot;center&quot;&gt;&lt;/a&gt;&lt;/span&gt;&lt;/span&gt;&lt;object id= &quot;s_at_m_1Ax&quot; CLASSID=&quot;CLSID:9174862b-ac3b-4f9f-abc9-a0a3c9fd95d4&quot; codebase=&quot;23048/applets/SiebelAx_HI_Client.cab&quot; width=0 height = 0&gt;&lt;/object&gt;&lt;/td&gt;&lt;td&gt;&lt;img height=1 alt=&quot;&quot; src=&quot;images/spacer.gif&quot; width=4&gt;&lt;/td&gt;&lt;td&gt;&lt;img src=&quot;images/btn_div_gray.gif&quot; height=&quot;13&quot; align=&quot;middle&quot; alt=&quot;&quot;&gt;&lt;/td&gt;&lt;td&gt;&lt;img src=&quot;images/spacer.gif&quot; width=&quot;4&quot; height=&quot;1&quot; alt=&quot;&quot;&gt;&lt;/td&gt;&lt;td nowrap&gt;&lt;span id=s_1_1_1_0&gt;&amp;nbsp;&lt;/span&gt;&lt;/td&gt;&lt;td nowrap&gt;&lt;span id=s_1_1_0_0&gt;&amp;nbsp;&lt;/span&gt;&lt;/td&gt;&lt;td&gt;&lt;table datatable=&quot;0&quot; summary=&quot;&quot; width=&quot;100%&quot; valign=&quot;top&quot; align=&quot;center&quot; cellpadding=&apos;0&apos; cellspacing=&apos;0&apos; border=&apos;0&apos;&gt;&lt;/table&gt;&lt;/td&gt;&lt;td class=&quot;mceGridLabel&quot; align=&quot;left&quot; width=&quot;100%&quot; nowrap&gt;&amp;nbsp;&lt;b&gt;&lt;span id=1_msg&gt;&lt;/span&gt;&lt;/b&gt;&lt;/td&gt;&lt;/tr&gt;&lt;/table&gt;&lt;table datatable=&quot;0&quot; summary=&quot;&quot; class=&quot;AppletBackTable&quot; width=&quot;100%&quot; cellspacing=&quot;0&quot; cellpadding=&quot;0&quot; align=&quot;center&quot;&gt;&lt;tr class=&quot;AppletBack&quot;&gt;&lt;td class=&quot;AppletBack&quot;&gt;&lt;img src=&quot;images/spacer.gif&quot; height=&quot;1&quot; width=&quot;1&quot; alt=&quot;&quot;&gt;&lt;/td&gt;&lt;td class=&quot;AppletBlank&quot; width=&quot;100%&quot;&gt;&lt;img src=&quot;images/spacer.gif&quot; height=&quot;1&quot; width=&quot;1&quot; alt=&quot;&quot;&gt;&lt;/td&gt;&lt;/tr&gt;&lt;/table&gt;&lt;span id=1_c_err style=&quot;display: none;&quot;&gt;&lt;table datatable=&quot;0&quot; summary=&quot;&quot; class=&quot;AppletBack&quot; width=&quot;100%&quot; cellpadding=&quot;0&quot; cellspacing=&quot;5&quot; border=&quot;0&quot;&gt;&lt;tr&gt;&lt;td class=&quot;error&quot;&gt;&lt;/td&gt;&lt;/tr&gt;&lt;/table&gt;&lt;/span&gt;&lt;div class=&quot;NotSelected&quot; id=&quot;a_1&quot;&gt;&lt;div align=left style=&quot;width:100%;&quot; class=&quot;GridBorder&quot;&gt;&lt;table class=&quot;GridBack&quot; border=0 cellspacing=0 cellpadding=0&gt;&lt;tr&gt;&lt;td&gt;&lt;/td&gt;&lt;td style=&quot;width:8px;&quot;&gt;&lt;/td&gt;&lt;td style=&quot;width:120px;&quot;&gt;&lt;/td&gt;&lt;td style=&quot;width:704px;&quot;&gt;&lt;/td&gt;&lt;/tr&gt;&lt;tr&gt;&lt;td style=&quot;height:24;&quot;&gt;&lt;/td&gt;&lt;td rowSpan=2 colSpan=1&gt;&lt;/td&gt;&lt;td nowrap valign=middle colSpan=1 rowSpan=1&gt;&lt;div class=&quot;mceGridLabel&quot; align=&quot;Right&quot;&gt;&amp;nbsp;Techcheck Result Message:&lt;/div&gt;&lt;/td&gt;&lt;td valign=middle colSpan=1 rowSpan=2&gt;&lt;div class=&quot;mceGridField&quot;&gt;&lt;script&gt;SWEWriteObjectTag(this,&apos;&lt;object id=s_1_1_2_0 CLASSID=&quot;CLSID:1cb4ef94-8549-471a-b73f-54ff5c244212&quot; HEIGHT=100 WIDTH=700&gt;&lt;/object&gt;&apos;);&lt;/script&gt;&lt;/div&gt;&lt;/td&gt;&lt;/tr&gt;&lt;tr&gt;&lt;td style=&quot;height:80;&quot;&gt;&lt;/td&gt;&lt;td rowSpan=1 colSpan=1&gt;&lt;/td&gt;&lt;/tr&gt;&lt;/table&gt;&lt;/div&gt;&lt;/div&gt;&lt;/span&gt;&lt;/td&gt;&lt;/tr&gt;&lt;/table&gt;&lt;/div&gt;&lt;/form&gt;
&lt;a id=&quot;SWEBottomHidden1&quot; href=&quot;javascript:void(0);&quot; tabindex=&quot;2999&quot; onfocus=&quot;document.getElementById(&apos;SWETopHidden1&apos;).focus();&quot;&gt;&lt;/a&gt;&lt;/div&gt;&lt;table datatable=&quot;0&quot; summary=&quot;&quot; class=&quot;tier3Back&quot; width=&quot;100%&quot; align=&quot;center&quot; cellpadding=&quot;0&quot; cellspacing=&quot;0&quot; border=&quot;0&quot;&gt;&lt;tr valign=&quot;top&quot;&gt;&lt;td&gt;&lt;img src=&quot;images/spacer.gif&quot; width=&quot;1&quot; height=&quot;3&quot; alt=&quot;&quot;&gt;&lt;/td&gt;&lt;/tr&gt;&lt;/table&gt;&lt;div id=s_svctrl_div STYLE=&quot;height:37px&quot;&gt;&lt;div&gt; &lt;/div&gt;&lt;script&gt;SWEWriteObjectTag(this,&apos;&lt;OBJECT ID=&quot;s_svctrl&quot; CLASSID=&quot;clsid:bfb7437b-a5ea-4d13-a552-4150b0fdf838&quot; CODEBASE=&quot;&quot; WIDTH =&quot;100%&quot; HEIGHT =&quot;100%&quot;  tabindex=-1 &gt;&lt;PARAM NAME=&quot;style&quot; VALUE=&quot;Tab&quot;/&gt;&lt;PARAM NAME=&quot;indentWidth&quot; VALUE=&quot;60&quot;/&gt;&lt;PARAM NAME=&quot;anchorTab&quot; VALUE=&quot;true&quot;/&gt;&lt;PARAM NAME=&quot;type&quot; VALUE=&quot;Detail Category View&quot;/&gt;&lt;/OBJECT&gt;&apos;);&lt;/script&gt;&lt;/div&gt;&lt;a name=&quot;SWEApplet2&quot; id=&quot;SWEApplet2&quot; href=&quot;#SWEApplet2&quot; title=&quot;Service Line Type&quot;&gt;&lt;/a&gt;
&lt;div id=&apos;s_S_A2_div&apos;oncontextmenu=&apos;HandleContextMenu(&quot;BT BB Techcheck SLT VBC Applet&quot;)&apos; onclick=&apos;HandleAppletClick(&quot;BT BB Techcheck SLT VBC Applet&quot;)&apos;&gt;
&lt;a id=&quot;SWETopHidden2&quot; href=&quot;javascript:void(0);&quot; tabindex=&quot;3000&quot;&gt;&lt;/a&gt;&lt;table datatable=&quot;0&quot; summary=&quot;&quot;&gt;&lt;tr&gt;&lt;td&gt;&lt;img src=&quot;images/spacer.gif&quot; width=&quot;1&quot; height=&quot;3&quot; alt=&quot;&quot;&gt;&lt;/td&gt;&lt;/tr&gt;&lt;/table&gt;&lt;form name=&quot;SWEForm2_0&quot; method=&quot;post&quot; action=&quot;/ecommunications_enu_nsm_aps05524a027/start.swe&quot; &gt;
&lt;span class=&quot;AppletStyleChild77&quot;&gt;&lt;div class=&quot;NotSelected&quot; id=&quot;a_2&quot;&gt;&lt;table datatable=&quot;0&quot; summary=&quot;&quot; width=&quot;100%&quot; cellspacing=&quot;0&quot; cellpadding=&quot;2&quot; border=&quot;0&quot; align=&quot;center&quot;&gt;&lt;tr class=&quot;AppletButtons&quot; align=&quot;left&quot;&gt;&lt;td class=&quot;AppletTitle&quot; nowrap&gt;&amp;nbsp;Service Line Type&amp;nbsp;&amp;nbsp;&lt;img src=&quot;images/btn_div_gray.gif&quot; height=&quot;13&quot; align=&quot;middle&quot; alt=&quot;&quot;&gt;&amp;nbsp;&lt;/td&gt;&lt;td nowrap class=&quot;AppletMenu&quot;&gt;&lt;span class=&quot;miniBtnUICTop&quot;&gt;&lt;span class=&quot;miniBtnUIC&quot;&gt;&lt;a id=&apos;s_at_m_2&apos; href=&quot;javascript:void(0)&quot; onclick=&quot;window.event.cancelBubble=true; _JMenu_Initialize(this, &apos;BT BB Techcheck SLT VBC Applet&apos;, &apos;Applet&apos;, s_at_m_2Ax, 0, false); return false;&quot; onmouseover=&quot;MinibtnHover(this.parentNode)&quot; onmouseout=&quot;MinibtnOut(this.parentNode)&quot; onmousedown=&quot;MinibtnDown(this.parentNode)&quot; onmouseup=&quot;MinibtnUp(this.parentNode)&quot; &gt;Menu&amp;nbsp;&lt;img border=&quot;0&quot; src=&quot;images/img_arrow.gif&quot; align=&quot;center&quot;&gt;&lt;/a&gt;&lt;/span&gt;&lt;/span&gt;&lt;object id= &quot;s_at_m_2Ax&quot; CLASSID=&quot;CLSID:9174862b-ac3b-4f9f-abc9-a0a3c9fd95d4&quot; codebase=&quot;23048/applets/SiebelAx_HI_Client.cab&quot; width=0 height = 0&gt;&lt;/object&gt;&lt;/td&gt;&lt;td&gt;&lt;img height=1 alt=&quot;&quot; src=&quot;images/spacer.gif&quot; width=4&gt;&lt;/td&gt;&lt;td&gt;&lt;img src=&quot;images/btn_div_gray.gif&quot; height=&quot;13&quot; align=&quot;middle&quot; alt=&quot;&quot;&gt;&lt;/td&gt;&lt;td&gt;&lt;img src=&quot;images/spacer.gif&quot; width=&quot;4&quot; height=&quot;1&quot; alt=&quot;&quot;&gt;&lt;/td&gt;&lt;td nowrap&gt;&lt;span id=s_2_1_6_0&gt;&amp;nbsp;&lt;/span&gt;&lt;/td&gt;&lt;td nowrap&gt;&lt;span id=s_2_1_13_0&gt;&amp;nbsp;&lt;/span&gt;&lt;/td&gt;&lt;td&gt;&lt;table datatable=&quot;0&quot; summary=&quot;&quot; width=&quot;100%&quot; valign=&quot;top&quot; align=&quot;center&quot; cellpadding=&apos;0&apos; cellspacing=&apos;0&apos; border=&apos;0&apos;&gt;&lt;/table&gt;&lt;/td&gt;&lt;td nowrap&gt;&amp;nbsp;&lt;b&gt;&lt;span id=2_msg&gt;&lt;/span&gt;&lt;/b&gt;&lt;/td&gt;&lt;td align=&quot;right&quot; width=&quot;100%&quot;&gt;&lt;td valign=&quot;middle&quot; nowrap&gt;&lt;span id=&apos;SWEApplet2_ctrlmsg&apos;&gt;&lt;/span&gt;&lt;/td&gt;&lt;td valign=&quot;middle&quot; nowrap&gt;&amp;nbsp;&lt;span id=s_2_rc&gt;&lt;/span&gt;&amp;nbsp;&lt;/td&gt;&lt;td valign=&quot;middle&quot;&gt;&amp;nbsp;&lt;img src=&quot;images/btn_div_gray.gif&quot; height=&quot;13&quot; align=&quot;middle&quot; alt=&quot;&quot;&gt;&amp;nbsp;&lt;/td&gt;&lt;/td&gt;&lt;td valign=&quot;top&quot; align=&quot;right&quot;&gt;&lt;/td&gt;&lt;/tr&gt;&lt;/table&gt;&lt;span id=2_c_err style=&quot;display: none;&quot;&gt;&lt;table datatable=&quot;0&quot; summary=&quot;&quot; class=&quot;AppletBack&quot; width=&quot;100%&quot; cellpadding=&quot;4&quot; cellspacing=&quot;0&quot; border=&quot;0&quot;&gt;&lt;tr&gt;&lt;td class=&quot;error&quot;&gt;&lt;br&gt;&amp;nbsp;&lt;/td&gt;&lt;/tr&gt;&lt;/table&gt;&lt;/span&gt;&lt;div class=&quot;AppletHIListBorder&quot;&gt;&lt;div id=&quot;s_2_ld&quot; STYLE=&quot;height:214px&quot;&gt;&lt;div&gt;&lt;/div&gt;&lt;script&gt;SWEWriteObjectTag(this,&apos;&lt;object id=&quot;s_2_l&quot;  CLASSID=&quot;CLSID:a9967980-c623-4092-b952-fcf15f67b8a5&quot; WIDTH=100% HEIGHT=100%&gt;&lt;/OBJECT&gt;&apos;);&lt;/script&gt;&lt;/div&gt;&lt;/div&gt;&lt;/div&gt;&lt;/span&gt;&lt;/form&gt;
&lt;a id=&quot;SWEBottomHidden2&quot; href=&quot;javascript:void(0);&quot; tabindex=&quot;3999&quot; onfocus=&quot;document.getElementById(&apos;SWETopHidden2&apos;).focus();&quot;&gt;&lt;/a&gt;&lt;/div&gt;&lt;table datatable=&quot;0&quot; summary=&quot;&quot; width=&quot;100%&quot; border=&quot;0&quot; cellspacing=&quot;0&quot; cellpadding=&quot;3&quot;&gt;&lt;tr valign=&quot;top&quot;&gt;&lt;td width=&quot;50%&quot;&gt;&lt;/td&gt;&lt;td width=&quot;50%&quot;&gt;&lt;/td&gt;&lt;/tr&gt;&lt;/table&gt;&lt;/div&gt;&lt;script&gt;

SWEIsHighInteract = true; Top().SWEIsHighInteract = true;
if (typeof(top._samePage) != &apos;undefined&apos; &amp;&amp; top._samePage!=&quot;&quot;) top._samePage = &quot;&quot;;
if (top.opener == null || typeof top.opener.swetop == &apos;unknown&apos; || typeof top.opener.swetop == &apos;undefined&apos;) top._swe._sweapp.S_App.SWECount = 40;
else top.opener.top._swe._sweapp.S_App.SWECount = 40;
g_bInitialized = true;

if(typeof(top._swescript)!=&apos;undefined&apos; &amp;&amp; top._swescript!=null)top._swescript.InitApplet(&quot;BT Techcheck Activity Form Applet&quot;,&quot;SWEApplet3&quot;,&quot;BT Techcheck Activity Notes View&quot;,3, this);
if (top._swescript!=null) top._swescript.InitMethod(&quot;GotoAppletMenu&quot;, this, &quot;s_at_m_3&quot;, null, null);
if(top._swe._sweapp._JMenuObj == null)                  
top._swe._sweapp._JMenuObj = new top._swe._sweapp.JMenu();
top._swe._sweapp._JMenuObj.BindAXObj (this.document.getElementById(&quot;s_at_m_3Ax&quot;),&apos;Applet&apos;, &apos;BT Techcheck Activity Form Applet&apos;, this.document.getElementById(&quot;s_at_m_3&quot;), &quot;s_at_m_3&quot;);
document.oncontextmenu = HandleContextMenu;
if(typeof(top._swescript)!=&apos;undefined&apos; &amp;&amp; top._swescript!=null)top._swescript.InitApplet(&quot;BT Techcheck Notes Form Applet&quot;,&quot;SWEApplet1&quot;,&quot;BT Techcheck Activity Notes View&quot;,3, this);
if (top._swescript!=null) top._swescript.InitMethod(&quot;GotoAppletMenu&quot;, this, &quot;s_at_m_1&quot;, null, null);
if(top._swe._sweapp._JMenuObj == null)                  
top._swe._sweapp._JMenuObj = new top._swe._sweapp.JMenu();
top._swe._sweapp._JMenuObj.BindAXObj (this.document.getElementById(&quot;s_at_m_1Ax&quot;),&apos;Applet&apos;, &apos;BT Techcheck Notes Form Applet&apos;, this.document.getElementById(&quot;s_at_m_1&quot;), &quot;s_at_m_1&quot;);
document.oncontextmenu = HandleContextMenu;
if(typeof(top._swescript)!=&apos;undefined&apos; &amp;&amp; top._swescript!=null)top._swescript.InitApplet(&quot;BT BB Techcheck SLT VBC Applet&quot;,&quot;SWEApplet2&quot;,&quot;BT Techcheck Activity Notes View&quot;,6, this);
if (top._swescript!=null) top._swescript.InitMethod(&quot;GotoAppletMenu&quot;, this, &quot;s_at_m_2&quot;, null, null);
if(top._swe._sweapp._JMenuObj == null)                  
top._swe._sweapp._JMenuObj = new top._swe._sweapp.JMenu();
top._swe._sweapp._JMenuObj.BindAXObj (this.document.getElementById(&quot;s_at_m_2Ax&quot;),&apos;Applet&apos;, &apos;BT BB Techcheck SLT VBC Applet&apos;, this.document.getElementById(&quot;s_at_m_2&quot;), &quot;s_at_m_2&quot;);
document.oncontextmenu = HandleContextMenu;

&lt;/script&gt;
&lt;script for=window event=onunload&gt;
top._swe._sweapp.S_App.SetLayoutUnloaded(&quot;View&quot;, &quot;BT Techcheck Activity Notes View&quot;);
&lt;/script&gt;
&lt;script for=window event=onload&gt;
top._swe._sweapp.S_App.SetLayoutLoaded(&quot;View&quot;, &quot;BT Techcheck Activity Notes View&quot;, window, &quot;&quot;);
&lt;/script&gt;
&lt;/body&gt;&lt;/html&gt;</responseData>
  <responseFile class="java.lang.String"></responseFile>
  <cookies class="java.lang.String">_sn=GXmoeGkdwh1O45lrH7mMIZnLMWvqHkVWiQKqDOICOq1fi95anXYMaCRAX879ujDRD9kS4J75N4kGDX576Q2AKmwZPUBih-4NS80Pc1189OxasEbdAsHiEtIhcnCzZ0zWb5V6QpVraL0TTGU4ktkGZq374g8C0pUBRhKVASKeW21TgUW5eIkswq97I-.qG-kr; _srn=_srn; SWEUAID=SWEUAID</cookies>
  <method class="java.lang.String">GET</method>
  <queryString class="java.lang.String"></queryString>
  <java.net.URL>http://localhost:8080/ecommunications_enu_nsm_aps05524a027/start.swe?SWECmd=GetViewLayout&amp;SWEView=BT+Techcheck+Activity+Notes+View&amp;SWEVI=&amp;SWEVLC=3-2NTUN-318_Siebel%2BPower%2BCommunications_43%257c1592409810%257c0_0_23048_PATCHSET18PATCHSET18PATCHSET18_L&amp;SRN=xK7T2pIB2ZOV15hwlQxQF5reKcoUB8VpMTZr7we8uAEb</java.net.URL>
</httpSample>
<httpSample t="{{\d+}}" it="0" lt="{{\d+}}" ct="{{\d+}}" ts="{{\d+}}" s="true" lb="{{\d+}} /ecommunications_enu_nsm_aps05524a027/start.swe" rc="200" rm="OK" tn="Thread Group 1-1" dt="text" de="utf-8" by="2016" sby="883" sc="1" ec="0" ng="1" na="1" hn="{{.*?}}">
  <responseHeader class="java.lang.String">HTTP/1.1 200 OK
Connection: close
Server: Oracle-iPlanet-Web-Server/7.0
Date: Tue, 23 Jun 2020 13:02:22 GMT
Content-Language: en
Cache-Control: no-cache
Swerpc: true
Content-Type: text/html;charset=utf-8
Connection: close
Matched-Stub-Id: {{\w+-\w+-\w+-\w+-\w+}}
Vary: Accept-Encoding, User-Agent
</responseHeader>
  <requestHeader class="java.lang.String">Connection: close
Content-Type: application/x-www-form-urlencoded
DNT: 1
Accept-Encoding: deflate
Pragma: no-cache
User-Agent: Mozilla/4.0 (compatible; MSIE 7.0; Windows NT 6.3; WOW64; Trident/7.0; .NET4.0E; .NET4.0C; .NET CLR 3.5.30729; .NET CLR 2.0.50727; .NET CLR 3.0.30729)
Accept: text/html, image/gif, image/jpeg, *; q=.2, */*; q=.2
Content-Length: 195
Host: localhost:8080
</requestHeader>
  <responseData class="java.lang.String">@0`1`4`3``0`UC`1`Status`OK`SWEC`41`SRN`xK7T2pIB2ZOV15hwlQxQF5reKcoUB8VpMTZr7we8uAEb`2`0`ResultSet`0`Flag``GoTo Order`Y`0`8`Notifications`0`2`0``0`OP`bn`bc`S_BC1`7`0``0`br`0`ArgsArray`33*BT Techcheck Activity Form Applet1*1`size`1`cr`0`OP`g`bc`S_BC1`type`SWEIRowSelection`7`0``0`br`0`ArgsArray`33*BT Techcheck Activity Form Applet16**Created By Name1*1`size`1`cr`0`OP`g`bc`S_BC1`type`SWEICanNavigate`7`0``0`br`0`ArgsArray`30*BT Techcheck Notes Form Applet1*1`size`1`cr`0`OP`g`bc`S_BC1`type`SWEIRowSelection`2`0``0`OP`en`bc`S_BC1`2`0``0`OP`bn`bc`S_BC2`7`0``0`br`0`ArgsArray`30*BT BB Techcheck SLT VBC Applet1*11*01*0`size`10`cr`2`OP`g`bc`S_BC2`type`SWEIRowSelection`2`0``0`OP`en`bc`S_BC2`1`6`Command Manager`0`RefreshToolbar`true`7`0`StateToolBar`0`#35`true`#36`true`#17`true`#34`true`#8`false`#37`true`#38`true`0`1`StateExToolBar`0`1`0`#35`0`Checked`false`0`3`FlagsToolBar`0`3`0`#8`0`SWESP`true`SWEH`0`SWEW`0`3`0`#34`0`SWESP`true`SWEH`600`SWEW`800`3`0`#36`0`SWESP`true`SWEH`20`SWEW`380`16`0`State`0`#141`true`#137`false`#134`true`#27`false`#135`true`#26`false`#139`true`#140`false`#138`true`#28`false`#143`true`#144`true`#142`true`#133`true`#145`true`#136`false`0`3`StateEx`0`0`0`#26`0`0`0`#27`0`1`0`#28`0`Checked`false`0`12`Flags`0`3`0`#133`0`SWESP`true`SWEH`20`SWEW`380`3`0`#134`0`SWESP`true`SWEH`290`SWEW`470`3`0`#135`0`SWESP`true`SWEH`230`SWEW`420`3`0`#136`0`SWESP`true`SWEH`200`SWEW`400`3`0`#137`0`SWESP`true`SWEH`0`SWEW`0`3`0`#138`0`SWESP`true`SWEH`20`SWEW`380`3`0`#139`0`SWESP`true`SWEH`290`SWEW`470`3`0`#140`0`SWESP`true`SWEH`0`SWEW`0`3`0`#141`0`SWESP`true`SWEH`0`SWEW`0`3`0`#142`0`SWESP`true`SWEH`0`SWEW`0`3`0`#144`0`SWESP`true`SWEH`20`SWEW`380`3`0`#145`0`SWESP`true`SWEH`290`SWEW`470`</responseData>
  <responseFile class="java.lang.String"></responseFile>
  <cookies class="java.lang.String">_sn=GXmoeGkdwh1O45lrH7mMIZnLMWvqHkVWiQKqDOICOq1fi95anXYMaCRAX879ujDRD9kS4J75N4kGDX576Q2AKmwZPUBih-4NS80Pc1189OxasEbdAsHiEtIhcnCzZ0zWb5V6QpVraL0TTGU4ktkGZq374g8C0pUBRhKVASKeW21TgUW5eIkswq97I-.qG-kr; _srn=_srn; SWEUAID=SWEUAID</cookies>
  <method class="java.lang.String">POST</method>
  <queryString class="java.lang.String">SWEC=40&amp;SWEMethod=GetHMFlg&amp;SWERPC=1&amp;SWECmd=InvokeMethod&amp;SRN=xK7T2pIB2ZOV15hwlQxQF5reKcoUB8VpMTZr7we8uAEb&amp;SWEIPS=%400*0*1*0*0*3*0*12*Product+Type9*Broadband&amp;SWEService=Business+Service+for+MTA+API</queryString>
  <java.net.URL>http://localhost:8080/ecommunications_enu_nsm_aps05524a027/start.swe</java.net.URL>
</httpSample>
<httpSample t="{{\d+}}" it="0" lt="{{\d+}}" ct="{{\d+}}" ts="{{\d+}}" s="true" lb="{{\d+}} /ecommunications_enu_nsm_aps05524a027/start.swe" rc="200" rm="OK" tn="Thread Group 1-1" dt="text" de="utf-8" by="1171" sby="990" sc="1" ec="0" ng="1" na="1" hn="{{.*?}}">
  <responseHeader class="java.lang.String">HTTP/1.1 200 OK
Connection: close
Server: Oracle-iPlanet-Web-Server/7.0
Date: Tue, 23 Jun 2020 13:02:51 GMT
Content-Language: en
Cache-Control: no-cache
Swerpc: true
Content-Type: text/html;charset=utf-8
Connection: close
Matched-Stub-Id: {{\w+-\w+-\w+-\w+-\w+}}
Vary: Accept-Encoding, User-Agent
</responseHeader>
  <requestHeader class="java.lang.String">Connection: close
Content-Type: application/x-www-form-urlencoded
DNT: 1
Accept-Encoding: deflate
Pragma: no-cache
User-Agent: Mozilla/4.0 (compatible; MSIE 7.0; Windows NT 6.3; WOW64; Trident/7.0; .NET4.0E; .NET4.0C; .NET CLR 3.5.30729; .NET CLR 2.0.50727; .NET CLR 3.0.30729)
Accept: text/html, image/gif, image/jpeg, *; q=.2, */*; q=.2
Content-Length: 302
Host: localhost:8080
</requestHeader>
  <responseData class="java.lang.String">@0`1`4`3``0`UC`1`Status`OK`SWEC`42`SRN`xK7T2pIB2ZOV15hwlQxQF5reKcoUB8VpMTZr7we8uAEb`0`0`ResultSet`0`0`5`Notifications`0`2`0``0`OP`bn`bc`S_BC2`7`0``0`br`0`ArgsArray`30*BT BB Techcheck SLT VBC Applet14**QueryComboBox1*?14**QuerySrchSpec1*?12**AppletTitle1*?`size`10`cr`0`OP`g`bc`S_BC2`type`SWEIPrivFlds`8`0``0`br`0`value`0`ar`0`state`activeRow`size`10`cr`2`OP`sc`bc`S_BC2`6`0``0`br`0`ar`0`size`10`cr`0`OP`nd`bc`S_BC2`2`0``0`OP`en`bc`S_BC2`1`6`Command Manager`0`RefreshToolbar`true`7`0`StateToolBar`0`#35`true`#36`true`#17`true`#34`true`#8`false`#37`true`#38`true`0`1`StateExToolBar`0`1`0`#35`0`Checked`false`0`3`FlagsToolBar`0`3`0`#8`0`SWESP`true`SWEH`0`SWEW`0`3`0`#34`0`SWESP`true`SWEH`600`SWEW`800`3`0`#36`0`SWESP`true`SWEH`20`SWEW`380`3`0`State`0`#27`false`#26`false`#28`false`0`3`StateEx`0`0`0`#26`0`0`0`#27`0`1`0`#28`0`Checked`false`0`0`Flags`0`</responseData>
  <responseFile class="java.lang.String"></responseFile>
  <cookies class="java.lang.String">_sn=GXmoeGkdwh1O45lrH7mMIZnLMWvqHkVWiQKqDOICOq1fi95anXYMaCRAX879ujDRD9kS4J75N4kGDX576Q2AKmwZPUBih-4NS80Pc1189OxasEbdAsHiEtIhcnCzZ0zWb5V6QpVraL0TTGU4ktkGZq374g8C0pUBRhKVASKeW21TgUW5eIkswq97I-.qG-kr; _srn=_srn; SWEUAID=SWEUAID</cookies>
  <method class="java.lang.String">POST</method>
  <queryString class="java.lang.String">SWEC=41&amp;SWEMethod=ValidationForMacNA&amp;SWERPC=1&amp;SWEActiveApplet=BT+Techcheck+Activity+Form+Applet&amp;SWECmd=InvokeMethod&amp;SRN=xK7T2pIB2ZOV15hwlQxQF5reKcoUB8VpMTZr7we8uAEb&amp;SWEIPS=%400*0*1*0*0*3*0*10*ActivityId10*3-61EV7QGW&amp;SWEActiveView=BT+Techcheck+Activity+Notes+View&amp;SWEService=Business+Service+for+MTA+API</queryString>
  <java.net.URL>http://localhost:8080/ecommunications_enu_nsm_aps05524a027/start.swe</java.net.URL>
</httpSample>
<httpSample t="{{\d+}}" it="0" lt="{{\d+}}" ct="{{\d+}}" ts="{{\d+}}" s="true" lb="{{\d+}} /ecommunications_enu_nsm_aps05524a027/start.swe" rc="200" rm="OK" tn="Thread Group 1-1" dt="text" de="utf-8" by="878" sby="956" sc="1" ec="0" ng="1" na="1" hn="{{.*?}}">
  <responseHeader class="java.lang.String">HTTP/1.1 200 OK
Connection: close
Server: Oracle-iPlanet-Web-Server/7.0
Date: Tue, 23 Jun 2020 13:02:51 GMT
Content-Language: en
Cache-Control: no-cache
Swerpc: true
Content-Type: text/html;charset=utf-8
Connection: close
Matched-Stub-Id: {{\w+-\w+-\w+-\w+-\w+}}
Vary: Accept-Encoding, User-Agent
</responseHeader>
  <requestHeader class="java.lang.String">Connection: close
Content-Type: application/x-www-form-urlencoded
DNT: 1
Accept-Encoding: deflate
Pragma: no-cache
User-Agent: Mozilla/4.0 (compatible; MSIE 7.0; Windows NT 6.3; WOW64; Trident/7.0; .NET4.0E; .NET4.0C; .NET CLR 3.5.30729; .NET CLR 2.0.50727; .NET CLR 3.0.30729)
Accept: text/html, image/gif, image/jpeg, *; q=.2, */*; q=.2
Content-Length: 268
Host: localhost:8080
</requestHeader>
  <responseData class="java.lang.String">@0`1`4`2``0`UC`1`Status`OK`SWEC`43`SRN`xK7T2pIB2ZOV15hwlQxQF5reKcoUB8VpMTZr7we8uAEb`3`0`ResultSet`0`SIMScenario``SIM2Msg`undefined`SIMEligible``1`6`Command Manager`0`RefreshToolbar`true`7`0`StateToolBar`0`#35`true`#36`true`#17`true`#34`true`#8`false`#37`true`#38`true`0`1`StateExToolBar`0`1`0`#35`0`Checked`false`0`3`FlagsToolBar`0`3`0`#8`0`SWESP`true`SWEH`0`SWEW`0`3`0`#34`0`SWESP`true`SWEH`600`SWEW`800`3`0`#36`0`SWESP`true`SWEH`20`SWEW`380`3`0`State`0`#27`false`#26`false`#28`false`0`3`StateEx`0`0`0`#26`0`0`0`#27`0`1`0`#28`0`Checked`false`0`0`Flags`0`</responseData>
  <responseFile class="java.lang.String"></responseFile>
  <cookies class="java.lang.String">_sn=GXmoeGkdwh1O45lrH7mMIZnLMWvqHkVWiQKqDOICOq1fi95anXYMaCRAX879ujDRD9kS4J75N4kGDX576Q2AKmwZPUBih-4NS80Pc1189OxasEbdAsHiEtIhcnCzZ0zWb5V6QpVraL0TTGU4ktkGZq374g8C0pUBRhKVASKeW21TgUW5eIkswq97I-.qG-kr; _srn=_srn; SWEUAID=SWEUAID</cookies>
  <method class="java.lang.String">POST</method>
  <queryString class="java.lang.String">SWEC=42&amp;SWEMethod=GetSim2Msg&amp;SWERPC=1&amp;SWEActiveApplet=BT+Techcheck+Activity+Form+Applet&amp;SWECmd=InvokeMethod&amp;SRN=xK7T2pIB2ZOV15hwlQxQF5reKcoUB8VpMTZr7we8uAEb&amp;SWEIPS=%400*0*0*0*0*3*0*&amp;SWEActiveView=BT+Techcheck+Activity+Notes+View&amp;SWEService=Business+Service+for+MTA+API</queryString>
  <java.net.URL>http://localhost:8080/ecommunications_enu_nsm_aps05524a027/start.swe</java.net.URL>
</httpSample>
<httpSample t="{{\d+}}" it="0" lt="{{\d+}}" ct="{{\d+}}" ts="{{\d+}}" s="true" lb="{{\d+}} /ecommunications_enu_nsm_aps05524a027/start.swe" rc="200" rm="OK" tn="Thread Group 1-1" dt="text" de="utf-8" by="843" sby="1007" sc="1" ec="0" ng="1" na="1" hn="{{.*?}}">
  <responseHeader class="java.lang.String">HTTP/1.1 200 OK
Connection: close
Server: Oracle-iPlanet-Web-Server/7.0
Date: Tue, 23 Jun 2020 13:02:52 GMT
Content-Language: en
Cache-Control: no-cache
Swerpc: true
Content-Type: text/html;charset=utf-8
Connection: close
Matched-Stub-Id: {{\w+-\w+-\w+-\w+-\w+}}
Vary: Accept-Encoding, User-Agent
</responseHeader>
  <requestHeader class="java.lang.String">Connection: close
Content-Type: application/x-www-form-urlencoded
DNT: 1
Accept-Encoding: deflate
Pragma: no-cache
User-Agent: Mozilla/4.0 (compatible; MSIE 7.0; Windows NT 6.3; WOW64; Trident/7.0; .NET4.0E; .NET4.0C; .NET CLR 3.5.30729; .NET CLR 2.0.50727; .NET CLR 3.0.30729)
Accept: text/html, image/gif, image/jpeg, *; q=.2, */*; q=.2
Content-Length: 319
Host: localhost:8080
</requestHeader>
  <responseData class="java.lang.String">@0`1`4`2``0`UC`1`Status`OK`SWEC`44`SRN`xK7T2pIB2ZOV15hwlQxQF5reKcoUB8VpMTZr7we8uAEb`1`0`ResultSet`0`Message``1`6`Command Manager`0`RefreshToolbar`true`7`0`StateToolBar`0`#35`true`#36`true`#17`true`#34`true`#8`false`#37`true`#38`true`0`1`StateExToolBar`0`1`0`#35`0`Checked`false`0`3`FlagsToolBar`0`3`0`#8`0`SWESP`true`SWEH`0`SWEW`0`3`0`#34`0`SWESP`true`SWEH`600`SWEW`800`3`0`#36`0`SWESP`true`SWEH`20`SWEW`380`3`0`State`0`#27`false`#26`false`#28`false`0`3`StateEx`0`0`0`#26`0`0`0`#27`0`1`0`#28`0`Checked`false`0`0`Flags`0`</responseData>
  <responseFile class="java.lang.String"></responseFile>
  <cookies class="java.lang.String">_sn=GXmoeGkdwh1O45lrH7mMIZnLMWvqHkVWiQKqDOICOq1fi95anXYMaCRAX879ujDRD9kS4J75N4kGDX576Q2AKmwZPUBih-4NS80Pc1189OxasEbdAsHiEtIhcnCzZ0zWb5V6QpVraL0TTGU4ktkGZq374g8C0pUBRhKVASKeW21TgUW5eIkswq97I-.qG-kr; _srn=_srn; SWEUAID=SWEUAID</cookies>
  <method class="java.lang.String">POST</method>
  <queryString class="java.lang.String">SWEC=43&amp;SWEMethod=SearchAccessPt&amp;SWERPC=1&amp;SWEActiveApplet=BT+Techcheck+Activity+Form+Applet&amp;SWECmd=InvokeMethod&amp;SRN=xK7T2pIB2ZOV15hwlQxQF5reKcoUB8VpMTZr7we8uAEb&amp;SWEIPS=%400*0*2*0*0*3*0*12*Premise+Name12*R0120331892513*Telephone+Num11*01212345678&amp;SWEActiveView=BT+Techcheck+Activity+Notes+View&amp;SWEService=BT+GoToOrder+BS</queryString>
  <java.net.URL>http://localhost:8080/ecommunications_enu_nsm_aps05524a027/start.swe</java.net.URL>
</httpSample>
<httpSample t="{{\d+}}" it="0" lt="{{\d+}}" ct="{{\d+}}" ts="{{\d+}}" s="true" lb="{{\d+}} /ecommunications_enu_nsm_aps05524a027/start.swe" rc="200" rm="OK" tn="Thread Group 1-1" dt="text" de="utf-8" by="64303" sby="1136" sc="1" ec="0" ng="1" na="1" hn="{{.*?}}">
  <responseHeader class="java.lang.String">HTTP/1.1 200 OK
Connection: close
Server: Oracle-iPlanet-Web-Server/7.0
Date: Tue, 23 Jun 2020 13:02:54 GMT
Content-Language: en
Cache-Control: no-cache
Swerpc: true
Content-Type: text/html;charset=utf-8
Matched-Stub-Id: {{\w+-\w+-\w+-\w+-\w+}}
Vary: Accept-Encoding, User-Agent
</responseHeader>
  <requestHeader class="java.lang.String">Connection: close
Content-Type: application/x-www-form-urlencoded
DNT: 1
Accept-Encoding: deflate
Pragma: no-cache
User-Agent: Mozilla/4.0 (compatible; MSIE 7.0; Windows NT 6.3; WOW64; Trident/7.0; .NET4.0E; .NET4.0C; .NET CLR 3.5.30729; .NET CLR 2.0.50727; .NET CLR 3.0.30729)
Accept: text/html, image/gif, image/jpeg, *; q=.2, */*; q=.2
Content-Length: 448
Host: localhost:8080
</requestHeader>
  <responseData class="java.lang.String">@0`1`7`3``0`Target`top._sweclient._swecontent._sweview`UC`1`ViewId``Status`NewLayout`View`Sales Order-Favorites Catalog View`SWEC`45`SRN`xK7T2pIB2ZOV15hwlQxQF5reKcoUB8VpMTZr7we8uAEb`0`4`api`0`2`0`sc`0`rqc`45`v`8*Products16*AddSelectedItems18*Add Selected Items9*Breconfig9*Customize17*ReconfigureCxProd18*Quantity Requested3*Qty18*Eligibility Status18*Eligibility Reason9*Net Price5*Price6*MoveUp8*MoveDown10*DeleteItem17*BPopupAddProducts12*Customizable8*Messages13*CustomControl15*ProdSelectionCC9*Response06*Accept15*ResponseMethod09*Response16*Reject15*ResponseMethod118*GotoPreviousRecord14*GotoNextRecord9*Response28*Response15*ResponseMethod29*Response315*ResponseMethod39*Response415*ResponseMethod412*Message Text7*Message14*Has Response 014*Has Response 114*Has Response 214*Has Response 314*Has Response 410*Response 010*Response 110*Response 210*Response 310*Response 411*Sales Order18*Order Number Title9*PlainText7*BRevise11*ReviseOrder7*BSubmit11*SubmitOrder36*Automatically generated order number15*Sold To Account5*Total11*Order Total8*Revision4*Site49*Location of the account associated with the order23*The status of the order39*Price list on which this order is based9*OrderType17*The type of order19*Contact&apos;s Last Name26*Date the Order was created20*Contact&apos;s First Name19*Requested Ship Date46*Date the customer would like the order shipped8*Discount5*0.##%39*Percentage discount given(e.g. 10% off)17*PickList Discount10*As Of Date12*Status As Of15*Billing Profile20*Billing Profile Name16*Purchase Order #20*Account Order Number4*Hold9*Hold Flag7*Network23*Compound Product Number11*Hold Readon11*Hold Reason14*Delivery Block43*SAP Order Entry Header Deliv Block PickList9*MRC Total33*Current Order Total Net Price MRC9*NRC Total33*Current Order Total Net Price NRC9*SubmitTSQ11*GotoCatalog13*EventGetOrder7*ShowCDA14*GenPickTickets17*SynchWithOptyTeam11*ApproveItem12*Account FINS4*BTSQ6*Branch15*Account Address9*Agreement8*Approved13*Approved Date14*BBrowseCatalog10*BGetStatus10*BSubmitCME8*Billable8*BshowCDA8*Campaign8*Contract29*Credit Assignment Description16*External Order #19*Integration Message18*Integration Status29*Moved To Transaction Workbook8*PONumber10*Partner Id16*Primary Offer Id12*Account Fins18*Primary Offer Name10*Total Fins15*Sold To Address12*Sold To Site11*Submit date4*Team22*Contact Last Name Fins15*Price List Fins24*Credit Assignment Status13*OrderPriority6*Active23*Contact First Name Fins7*Project22*Contact Last Name FINS23*Approved By - Emp Login11*Entitlement23*Contact First Name FINS22*Service Request Number12*Quote Number13*LabelPosition20*ButtonGenPickTickets16*BTDeleteLineItem20*Item Price - Display8*Eligible15*Product Deposit15*BT Prod Deposit12*OrderToAsset18*FulfillAllLineItem12*MessagePopup7*Reprice17*CalculatePriceAll8*Sequence14*UngroupProdSvc7*Outdent6*Indent19*MergeIntoOnePackage17*RemoveFromPackage14*CalculatePrice10*BAutoAsset11*BDeltaOrder11*BFulfillAll8*BShowCDA13*ButtonMsgList12*BupdatePrice15*BupdatePriceAll8*AddItems9*Bsequence7*Ungroup8*Boutdent7*Bindent22*Promotion Relationship11*Action Code10*Base Price12*Carrier Code11*Change Cost4*Cost15*Covered Product16*Created By Login30*Destination Inventory Location15*Discount Amount16*Discount Percent15*Discount Source20*Display Package Name18*Earliest Term Date14*Effective From12*Effective To20*Eligibility Comments20*Exclude Pricing Flag22*Expected Delivery Date19*Extended Line Total17*Extended Quantity12*Forecastable13*Freight Terms17*Item Display Name10*Item Price9*Item Type10*Line Total11*Loaner Flag13*Maximum Price13*Minimum Price19*Net Discount Amount20*Net Discount Percent4*Node25*Non-Discounted Line Total14*Original Price12*Original Qty11*Part Number12*Partial Ship16*Pricing Comments16*Pricing Quantity19*Product Status Code14*Promotion Role17*Product Type Code19*Product XA Class Id16*Quantity Shipped12*Revenue Type13*Rollup Amount17*Rollup Item Price18*Sales Rep Position18*Sales Service Flag19*Scheduled Ship Date18*Ship Complete Flag11*Ship Method15*Ship To Address12*Ship To City28*Ship To Contact - First Name27*Ship To Contact - Last Name15*Ship To Country13*Ship To State11*Ship To Zip18*Ship Together Flag20*Skip Validation Flag25*Source Inventory Location10*Tax Amount15*Tax Exempt Flag17*Tax Exempt Number17*Tax Exempt Reason7*To Node18*To Service Account10*Unit Price16*Updated By Login15*Validation Date17*Validation Status22*Warranty Recovery Flag16*Write-In Product9*Favorites13*OrderTemplate9*Add Items12*CreateRecord10*AddToQuote14*DeleteTemplate11*Public Flag9*Data Type14*ToggleRowCount19*[Id] = &quot;3-61EV8AO3&quot;36*Order Entry - My Orders View (Sales)15*My Sales Orders37*Order Entry - All Orders View (Sales)16*All Sales Orders31*Sales Order-Browse Catalog View9*Catalogue44*Order Entry - Line Items Detail View (Sales)34*BT Order Entry - Credit Check View17*Credit Check View26*Order Ship To View (Sales)8*Delivery34*BT Sales Order - Appointments View34*Order Entry - Payment View (Sales)8*Payments24*Sales Order Summary View7*Summary35*BT Order Entry - Activities (Sales)8*Activity51*Order Entry - Order Status Audit Trail View (Sales)11*Audit Trail28*BT AOSO Recommendations View20*AOSO Recommendations21*BT Plus Benefits View13*Halo Benefits38*Order Entry - Attachments View (Sales)11*Attachments43*BT Order Entry - Activity - Line Items View14*Activity Items37*BT Sales Order Fulfilment Orders View18*Fulfillment Orders46*BT Suitability Check Console View-Sales Orders25*Suitability Check Console22*BT Order Entry - Notes12*Order  Notes29*BT Order Service Request View15*Service Request6*Browse31*Sales Order-Search Catalog View34*Sales Order-Favorites Catalog View`0`1`nbo`0`2`6`boi`3``n`Order Entry (Sales)`z``0`1`nbc`0`3`2`bci`3`S_BC6`n`Quote Catalog - Template Header`st`121`cdl`1`0`3`fl`0`9`0`f`0`itx`1`n`99`sc`0`irq`1`l`50`crf`215`dft`5`t`220`dn`99`8`0`f`0`itx`1`n`121`sc`0`l`255`crf`215`dft`5`t`220`dn`121`11`0`f`0`itx`1`n`183`sc`0`irq`1`l`15`crf`215`dft`5`ihn`1`iro`1`t`214`dn`183`3`8`rl`0`crnm`1`nmr`7`atr`0`2`0`r`0`v`26*UAP 12m Renewable Contract56*001 Unlimited Anytime Plan on 12month Renewable Contract9*1-9UIZ08I`i`1-9UIZ08I`2`0`r`0`v`3*UWP26*002 Unlimited Weekend Plan9*1-5FW9PTA`i`1-5FW9PTA`2`0`r`0`v`21*BBOp3,18m term,DV,CPE92*003 Â£5.87 off for 3mths, free Hub+Phone, BBTalk Eve+Wkends, Advanced Security, Digital Vault9*1-5FW9PTE`i`1-5FW9PTE`2`0`r`0`v`21*BBOp2,18m term,DV,Hub86*004 Â£6.85 off for 3mths, free Hub, BBTalk Eve+Wkends, Advanced Security, Digital Vault9*1-5FW9PTP`i`1-5FW9PTP`2`0`r`0`v`21*BBOp1,18m term,DV,Hub64*005 Â£7.86 off for 3mths, free Hub, Basic Security, Digital Vault9*1-9UIZ08G`i`1-9UIZ08G`2`0`r`0`v`45*Sim:UEWP renew 12m term,BBOp3,18m term,DV,CPE125*006 Unlimited Eve+Wkend Plan, BB OP3 Â£5.87 off for 3mths, free Hub+Phone, BBTalk Eve+Wkends, Advanced Security, Digital Vault9*1-5FW9PU2`i`1-5FW9PU2`2`0`r`0`v`45*Sim:UEWP renew 12m term,BBOp2,18m term,DV,Hub119*007 Unlimited Eve+Wkend Plan, BB OP2 Â£6.85 off for 3mths, free Hub, BBTalk Eve+Wkends, Advanced Security, Digital Vault9*1-9UIZ08H`i`1-9UIZ08H`1`0`tr`0`v``0`1`nbc`0`5`2`bci`3`S_BC1`n`Quote Catalog - Template Item`st`762`cdl`1`pi`S_BC6`hhr`1`0`13`fl`0`9`0`f`0`itx`1`n`140`sc`0`l`100`ibp`1`crf`215`dft`5`t`220`dn`140`8`0`f`0`itx`1`n`121`sc`0`l`255`crf`215`dft`5`t`220`dn`121`10`0`f`0`n`1324`sc`0`ipc`1`inm`1`irq`1`l`16`crf`215`dft`5`t`1306`dn`1325`8`0`f`0`itx`1`n`1326`sc`0`l`30`crf`215`dft`5`t`220`dn`1326`8`0`f`0`itx`1`n`1327`sc`0`l`500`crf`215`dft`5`t`220`dn`1327`8`0`f`0`n`1328`sc`2`inm`1`l`25`crf`1027`dft`5`t`221`dn`1329`11`0`f`0`itx`1`n`751`sc`0`ipc`1`irq`1`l`20`ibp`1`crf`215`dft`5`t`220`dn`751`9`0`f`0`n`1028`sc`0`ipc`1`irq`1`l`32`crf`215`dft`5`t`219`dn`1028`11`0`f`0`itx`1`n`183`sc`0`irq`1`l`15`crf`215`dft`5`ihn`1`iro`1`t`214`dn`183`8`0`f`0`sc`0`n`824`l`255`crf`1020`ihn`1`iro`1`dn`824`t`220`8`0`f`0`sc`0`n`1019`l`255`crf`1020`ihn`1`iro`1`dn`1019`t`220`8`0`f`0`sc`0`n`1021`l`255`crf`1020`ihn`1`iro`1`dn`1021`t`220`8`0`f`0`sc`0`n`1022`l`255`crf`1020`ihn`1`iro`1`dn`1022`t`220`4`2`rl`0`inrk`1`crnm`1`nmr`1`atr`0`2`0`r`0`v`76*UAP + Unlimited Anytime Plan Deal 12 Mth Renewable Contract. Ex Auto Renewal0*1*10*0*5*11.343*GBP10*07/11/20099*1-9UIZ08Q1*11*11*N1*N`i`1-9UIZ08Q`1`0`tr`0`v``0`1`nbc`0`2`2`bci`3`S_BC2`n`UMF Passive Message Virtual BusComp`cdl`1`0`2`fl`0`8`0`f`0`itx`1`n`1353`sc`0`l`2500`crf`215`dft`5`t`220`dn`1354`11`0`f`0`itx`1`n`183`sc`0`irq`1`l`15`crf`215`dft`5`ihn`1`iro`1`t`214`dn`183`3`1`rl`0`inrk`1`nmr`0`atr`-1`1`0`tr`0`v``0`1`nbc`0`3`2`bci`3`S_BC3`n`Order Entry - Orders`shd`27*Order_Entry__Orders_BusComp61*srf1592409810_444/bscripts/all/buscomp_order_entry__orders.js`sh`1574`0`28`fl`0`9`0`f`0`itx`1`n`158`sc`0`irq`1`l`30`crf`215`dft`5`t`220`dn`159`9`0`f`0`itx`1`n`100`sc`0`l`100`ibp`1`crf`215`dft`5`t`220`dn`100`9`0`f`0`itx`1`n`208`sc`0`l`100`ibp`1`crf`215`dft`5`t`220`dn`208`10`0`f`0`n`1375`sc`2`icl`1`inm`1`l`25`crf`1027`dft`5`iro`1`t`221`dn`1374`11`0`f`0`itx`1`n`751`sc`0`ipc`1`irq`1`l`20`ibp`1`crf`215`dft`5`t`220`dn`982`7`0`f`0`n`1028`sc`0`l`32`crf`215`dft`5`t`219`dn`1028`8`0`f`0`n`1376`sc`0`inm`1`l`16`crf`215`dft`5`t`1306`dn`1376`9`0`f`0`itx`1`n`110`sc`0`l`50`ibp`1`crf`215`dft`5`t`220`dn`1377`11`0`f`0`itx`1`n`115`sc`0`ipc`1`irq`1`l`30`ibp`1`crf`215`dft`5`t`220`dn`115`9`0`f`0`itx`1`n`142`sc`0`l`50`ibp`1`crf`215`dft`5`t`220`dn`142`10`0`f`0`itx`1`n`165`sc`0`ipc`1`l`50`ibp`1`crf`215`dft`5`t`220`dn`165`9`0`f`0`itx`1`n`134`sc`0`l`50`ibp`1`crf`215`dft`5`t`220`dn`134`10`0`f`0`n`145`sc`0`irq`1`l`32`crf`215`dft`5`ihn`1`iro`1`t`226`dn`145`9`0`f`0`itx`1`n`135`sc`0`l`50`crf`215`dft`5`iro`1`t`220`dn`135`8`0`f`0`n`1386`sc`0`ipc`1`l`32`crf`215`dft`5`t`226`dn`1386`9`0`f`0`n`1388`sc`7`ipc`1`inm`1`l`18`crf`215`dft`5`t`1029`dn`1388`8`0`f`0`itx`1`n`121`sc`0`l`255`crf`215`dft`5`t`220`dn`121`9`0`f`0`itx`1`n`888`sc`0`l`100`ibp`1`crf`215`dft`5`t`220`dn`888`8`0`f`0`n`162`sc`0`ipc`1`l`32`crf`215`dft`1024`t`226`dn`162`7`0`f`0`n`1392`sc`0`l`32`crf`215`dft`5`t`226`dn`1392`9`0`f`0`itx`1`n`1395`sc`0`l`100`ibp`1`crf`215`dft`5`t`220`dn`1395`10`0`f`0`itx`1`n`1397`sc`0`icl`1`l`255`crf`215`dft`5`iro`1`t`220`dn`1397`8`0`f`0`itx`1`n`1399`sc`0`l`1`crf`215`dft`5`t`218`dn`1399`8`0`f`0`itx`1`n`1401`sc`0`l`100`crf`215`dft`5`t`220`dn`1401`9`0`f`0`itx`1`n`1404`sc`0`l`30`ibp`1`crf`215`dft`5`t`220`dn`1404`10`0`f`0`n`1407`sc`2`icl`1`inm`1`l`25`crf`1027`dft`5`iro`1`t`221`dn`1407`10`0`f`0`n`1409`sc`2`icl`1`inm`1`l`25`crf`1027`dft`5`iro`1`t`221`dn`1409`11`0`f`0`itx`1`n`183`sc`0`irq`1`l`15`crf`215`dft`5`ihn`1`iro`1`t`214`dn`183`3`2`rl`0`crnm`1`nmr`1`atr`0`2`0`r`0`v`19*VOL013-47326074854715*Blazemeter Demo0*1*03*GBP10*06/23/20201*110*13384053567*Pending19*Consumer Price List11*Sales Order4*Demo19*06/23/2020 14:02:5210*Blazemeter19*06/24/2020 00:00:000*0*15*Blazemeter Demo19*06/23/2020 14:02:5219*06/23/2020 14:02:520*0*1*N10*3-61EV8AO30*1*01*010*3-61EV8AO3`i`3-61EV8AO3`1`0`tr`0`v``0`1`nbc`0`7`2`bci`3`S_BC4`n`Order Entry - Line Items`shd`31*Order_Entry__Line_Items_BusComp65*srf1592409810_444/bscripts/all/buscomp_order_entry__line_items.js`st`762`cdl`1`cac`1`pi`S_BC3`hhr`1`0`12`fl`0`9`0`f`0`itx`1`n`140`sc`0`l`100`ibp`1`crf`215`dft`5`t`220`dn`140`10`0`f`0`n`1324`sc`0`ipc`1`inm`1`irq`1`l`16`crf`215`dft`5`t`1306`dn`1325`10`0`f`0`n`1462`sc`2`icl`1`inm`1`l`25`crf`1027`dft`5`iro`1`t`221`dn`1329`11`0`f`0`itx`1`n`751`sc`0`ipc`1`irq`1`l`20`ibp`1`crf`215`dft`5`t`220`dn`751`9`0`f`0`n`1028`sc`0`ipc`1`irq`1`l`32`crf`215`dft`5`t`219`dn`1028`8`0`f`0`itx`1`n`1326`sc`0`l`30`crf`215`dft`5`t`220`dn`1463`8`0`f`0`n`1465`sc`6`inm`1`l`18`crf`215`dft`5`t`1029`dn`1464`11`0`f`0`itx`1`n`183`sc`0`irq`1`l`15`crf`215`dft`5`ihn`1`iro`1`t`214`dn`183`8`0`f`0`sc`0`n`824`l`255`crf`1020`ihn`1`iro`1`dn`824`t`220`8`0`f`0`sc`0`n`1019`l`255`crf`1020`ihn`1`iro`1`dn`1019`t`220`8`0`f`0`sc`0`n`1021`l`255`crf`1020`ihn`1`iro`1`dn`1021`t`220`8`0`f`0`sc`0`n`1022`l`255`crf`1020`ihn`1`iro`1`dn`1022`t`220`3`1`rl`0`inrk`1`nmr`0`atr`-1`1`0`tr`0`v``0`1`nbc`0`3`2`bci`3`S_BC5`n`Quote Catalog - Template Item XA`cdl`1`pi`S_BC1`0`5`fl`0`8`0`f`0`itx`1`n`653`sc`0`l`100`crf`215`dft`5`t`220`dn`654`9`0`f`0`itx`1`n`1572`sc`0`l`30`ibp`1`crf`215`dft`5`t`220`dn`1572`8`0`f`0`itx`1`n`121`sc`0`l`250`crf`215`dft`5`t`220`dn`121`9`0`f`0`itx`1`n`655`sc`0`icl`1`l`255`crf`215`dft`5`t`220`dn`655`11`0`f`0`itx`1`n`183`sc`0`irq`1`l`15`crf`215`dft`5`ihn`1`iro`1`t`214`dn`183`3`1`rl`0`inrk`1`nmr`0`atr`-1`1`0`tr`0`v``1`1`nv`0`imv`1`6`7`vi`3``vt`STANDARD`ich`0`n`Sales Order-Favorites Catalog View`pu`http://localhost:8080/ecommunications_enu_nsm_aps05524a027/start.swe`tt`Favorites`tb`&lt;span id=&apos;s_tb&apos;&gt;&lt;table datatable=&quot;0&quot; summary=&quot;&quot; cellpadding=&quot;0&quot; cellspacing=&quot;0&quot; border=&quot;0&quot;&gt;&lt;tr&gt;&lt;td&gt;&lt;span class=&quot;threadbar&quot;&gt;&lt;nobr&gt;Order:&lt;/nobr&gt;&lt;/span&gt;&lt;/td&gt;&lt;td&gt;&lt;img src=&quot;images/spacer.gif&quot; width=&quot;5&quot; height=&quot;1&quot; alt=&quot;&quot;&gt;&lt;/td&gt;&lt;td&gt;&lt;/td&gt;&lt;/tr&gt;&lt;/table&gt;&lt;/span&gt;`0`1`nla`0`19`3`ai`3`S_A1`nfi`1`n`Quote Catalog Template Item List Applet`cud`3*6351*13*5871*12*451*12*441*14*13191*14*13321*12*401*12*391*13*3101*12*641*12*121*14*13211*14*13331*14*13261*04*13271*04*13341*04*13281*03*1191*04*13241*03*1401*03*8941*03*1211*03*8241*0`cik`3*6351*12*431*02*451*12*441*14*13191*12*281*02*401*02*391*03*3101*12*201*04*13231*03*6991*12*211*12*221*12*231*12*241*12*251*02*261*12*271*02*291*02*301*02*311*02*321*02*331*02*341*12*351*12*361*12*371*02*381*02*411*02*421*02*461*12*471*12*481*02*491*02*501*02*511*02*521*02*531*02*541*12*551*14*13301*04*13311*02*561*02*571*0`pf`VER_1.0_~0|Product|100~0|Description|100~0|Quantity Requested|100~0|Eligibility Status|100~0|Eligibility Reason|100~0|Net Price|100`shd`46*Quote_Catalog_Template_Item_List_Applet_Applet80*srf1592409810_444/bscripts/all/applet_quote_catalog_template_item_list_applet.js`rct`7`asq`2`ied`1`vrn`S_A1`tt`1318`inu`0`hmn`1`rsp`false`bnr`0`iem``bci`S_BC1`hlc`3*a_11*11*2`i`1`0`10`cl`0`23`1`c`0`pt`5`sp`s_1_1_3_0`dm`7`w`0`n`44`pw`0`ph`0`ju`6`sq`3997`pan`5`mn`44`ibp`1`crf`8`sdy`0`h`0`iec`1`dft`5`ime`5`dmc`0`t`67`dn`530`fn`5`msz`32`14`0`imp`0`SWEField`s_1_1_3_0`SWENeedContext`true`SWER`0`SWESP`false`SWERowIds`SWERowId0=1-9UIZ08I`SWEMethod`NewQuery`SWECmd`InvokeMethod`SWEDIC`false`SWEReqRowId`0`SWEView`Sales Order-Favorites Catalog View`SWEC`45`SWEBID`-1`SRN`xK7T2pIB2ZOV15hwlQxQF5reKcoUB8VpMTZr7we8uAEb`SWEApplet`Quote Catalog Template Item List Applet`23`1`c`0`pt`5`sp`s_1_1_2_0`dm`7`w`0`n`45`pw`0`ph`0`ju`6`sq`3997`pan`5`mn`45`ibp`1`crf`8`sdy`0`h`0`iec`1`dft`5`ime`5`dmc`0`t`67`dn`392`fn`5`msz`32`14`0`imp`0`SWEField`s_1_1_2_0`SWENeedContext`true`SWER`0`SWESP`false`SWERowIds`SWERowId0=1-9UIZ08I`SWEMethod`ExecuteQuery`SWECmd`InvokeMethod`SWEDIC`false`SWEReqRowId`0`SWEView`Sales Order-Favorites Catalog View`SWEC`45`SWEBID`-1`SRN`xK7T2pIB2ZOV15hwlQxQF5reKcoUB8VpMTZr7we8uAEb`SWEApplet`Quote Catalog Template Item List Applet`23`1`c`0`pt`5`sp`s_1_1_1_0`dm`7`w`0`n`587`pw`0`ph`0`ju`6`sq`3997`pan`5`mn`43`ibp`1`crf`8`sdy`0`h`0`iec`1`dft`5`ime`5`dmc`0`t`67`dn`393`fn`5`msz`32`14`0`imp`0`SWEField`s_1_1_1_0`SWENeedContext`true`SWER`0`SWESP`false`SWERowIds`SWERowId0=1-9UIZ08I`SWEMethod`UndoQuery`SWECmd`InvokeMethod`SWEDIC`false`SWEReqRowId`0`SWEView`Sales Order-Favorites Catalog View`SWEC`45`SWEBID`-1`SRN`xK7T2pIB2ZOV15hwlQxQF5reKcoUB8VpMTZr7we8uAEb`SWEApplet`Quote Catalog Template Item List Applet`23`1`c`0`pt`5`sp`s_1_1_4_0`dm`7`w`0`n`1319`pw`0`ph`0`ju`6`sq`3997`pan`5`mn`1319`ibp`1`crf`8`sdy`0`h`0`iec`1`dft`5`ime`5`dmc`0`t`67`dn`1320`fn`5`msz`32`14`0`imp`0`SWEField`s_1_1_4_0`SWENeedContext`true`SWER`0`SWESP`false`SWERowIds`SWERowId0=1-9UIZ08I`SWEMethod`AddSelectedItems`SWECmd`InvokeMethod`SWEDIC`false`SWEReqRowId`0`SWEView`Sales Order-Favorites Catalog View`SWEC`45`SWEBID`-1`SRN`xK7T2pIB2ZOV15hwlQxQF5reKcoUB8VpMTZr7we8uAEb`SWEApplet`Quote Catalog Template Item List Applet`23`1`c`0`pt`5`sp`s_1_1_11_0`dm`7`w`0`n`1321`pw`0`ph`0`ju`6`sq`3997`pan`5`mn`1323`ibp`1`crf`8`sdy`0`h`0`iec`1`dft`5`ime`5`dmc`0`t`67`dn`1322`fn`5`msz`32`14`0`imp`0`SWEField`s_1_1_11_0`SWENeedContext`true`SWER`0`SWESP`false`SWERowIds`SWERowId0=1-9UIZ08I`SWEMethod`ReconfigureCxProd`SWECmd`InvokeMethod`SWEDIC`false`SWEReqRowId`0`SWEView`Sales Order-Favorites Catalog View`SWEC`45`SWEBID`-1`SRN`xK7T2pIB2ZOV15hwlQxQF5reKcoUB8VpMTZr7we8uAEb`SWEApplet`Quote Catalog Template Item List Applet`25`1`c`0`pt`5`sp`s_1_1_7_0`dm`7`w`0`n`39`eb`&lt;img src=&quot;images/rcnv_prvset_1.gif&quot; border=&quot;0&quot; space=&quot;0&quot; hspace=&quot;0&quot; alt=&quot;Previous record set&quot;  title=&quot;Previous record set&quot; &gt;`pw`0`db`&lt;img src=&quot;images/rcnv_prvset_0.gif&quot; border=&quot;0&quot; space=&quot;0&quot; hspace=&quot;0&quot; alt=&quot;Previous record set&quot;  title=&quot;Previous record set&quot; &gt;`ph`0`ju`6`sq`3997`pan`5`mn`39`ibp`1`crf`8`sdy`0`h`0`iec`1`dft`5`ime`5`dmc`0`t`67`dn`381`fn`5`msz`32`14`0`imp`0`SWEField`s_1_1_7_0`SWENeedContext`true`SWER`0`SWESP`false`SWERowIds`SWERowId0=1-9UIZ08I`SWEMethod`GotoPreviousSet`SWECmd`InvokeMethod`SWEDIC`false`SWEReqRowId`0`SWEView`Sales Order-Favorites Catalog View`SWEC`45`SWEBID`-1`SRN`xK7T2pIB2ZOV15hwlQxQF5reKcoUB8VpMTZr7we8uAEb`SWEApplet`Quote Catalog Template Item List Applet`25`1`c`0`pt`5`sp`s_1_1_6_0`dm`7`w`0`n`40`eb`&lt;img src=&quot;images/rcnv_nxtset_1.gif&quot; border=&quot;0&quot; space=&quot;0&quot; hspace=&quot;0&quot; alt=&quot;Next record set&quot;  title=&quot;Next record set&quot; &gt;`pw`0`db`&lt;img src=&quot;images/rcnv_nxtset_0.gif&quot; border=&quot;0&quot; space=&quot;0&quot; hspace=&quot;0&quot; alt=&quot;Next record set&quot;  title=&quot;Next record set&quot; &gt;`ph`0`ju`6`sq`3997`pan`5`mn`40`ibp`1`crf`8`sdy`0`h`0`iec`1`dft`5`ime`5`dmc`0`t`67`dn`382`fn`5`msz`32`14`0`imp`0`SWEField`s_1_1_6_0`SWENeedContext`true`SWER`0`SWESP`false`SWERowIds`SWERowId0=1-9UIZ08I`SWEMethod`GotoNextSet`SWECmd`InvokeMethod`SWEDIC`false`SWEReqRowId`0`SWEView`Sales Order-Favorites Catalog View`SWEC`45`SWEBID`-1`SRN`xK7T2pIB2ZOV15hwlQxQF5reKcoUB8VpMTZr7we8uAEb`SWEApplet`Quote Catalog Template Item List Applet`23`1`c`0`pt`5`sp`s_1_1_9_0`dm`7`w`0`n`64`pw`0`ph`0`ju`6`sq`3997`pan`5`mn`20`ibp`1`crf`8`sdy`0`h`0`iec`1`dft`5`ime`5`dmc`0`t`67`dn`652`fn`5`msz`32`18`0`imp`0`SWEField`s_1_1_9_0`SWENeedContext`true`SWER`0`SWESP`true`SWERowIds`SWERowId0=1-9UIZ08I`SWEMethod`ShowQueryAssistant`SWECmd`InvokeMethod`SWEH`100`SWEDIC`true`SWEReqRowId`0`SWEView`Sales Order-Favorites Catalog View`SWEC`45`SWEW`300`SWEM`Edit`SWEBID`-1`SRN`xK7T2pIB2ZOV15hwlQxQF5reKcoUB8VpMTZr7we8uAEb`SWETA`Query Assistant`SWEApplet`Quote Catalog Template Item List Applet`25`1`c`0`pt`5`sp`s_1_1_8_0`dm`69`w`0`n`310`eb`&lt;img src=&quot;images/row_off_d.gif&quot; border=&quot;0&quot; space=&quot;0&quot; hspace=&quot;0&quot; alt=&quot;Select record&quot;  title=&quot;Select record&quot; &gt;`pw`0`db`&lt;img src=&quot;images/row_on_d.gif&quot; border=&quot;0&quot; space=&quot;0&quot; hspace=&quot;0&quot; alt=&quot;Record selected&quot;  title=&quot;Record selected&quot; &gt;`ph`0`ju`6`sq`3997`pan`5`mn`310`ibp`1`crf`8`sdy`0`h`0`iec`1`dft`5`ime`5`dmc`0`t`67`dn`5`fn`5`msz`32`14`0`imp`0`SWEField`s_1_1_8_0`SWENeedContext`true`SWER`0`SWESP`false`SWERowIds`SWERowId0=1-9UIZ08I`SWEMethod`PositionOnRow`SWECmd`InvokeMethod`SWEDIC`false`SWEReqRowId`0`SWEView`Sales Order-Favorites Catalog View`SWEC`45`SWEBID`-1`SRN`xK7T2pIB2ZOV15hwlQxQF5reKcoUB8VpMTZr7we8uAEb`SWEApplet`Quote Catalog Template Item List Applet`25`1`c`0`pt`5`sp`s_1_1_0_0`dm`7`w`0`n`635`eb`&lt;img src=&quot;images/btn_more.gif&quot; border=&quot;0&quot; space=&quot;0&quot; hspace=&quot;0&quot; alt=&quot;Show more&quot;  title=&quot;Show more&quot; &gt;`pw`0`ph`0`ju`6`sq`3997`pan`5`icm`635`mn`635`ibp`1`crf`8`sdy`0`h`0`iec`1`dft`5`ime`5`dmc`0`t`10`dn`5`fn`5`msz`32`14`0`imp`0`SWEField`s_1_1_0_0`SWENeedContext`true`SWER`0`SWESP`false`SWERowIds`SWERowId0=1-9UIZ08I`SWEMethod`ToggleListRowCount`SWECmd`InvokeMethod`SWEDIC`false`SWEReqRowId`0`SWEView`Sales Order-Favorites Catalog View`SWEC`45`SWEBID`-1`SRN`xK7T2pIB2ZOV15hwlQxQF5reKcoUB8VpMTZr7we8uAEb`SWEApplet`Quote Catalog Template Item List Applet`1`0`cfm`0`DeleteRecord`IDS_SWE_DELETE_CONFIRM_WARNING`0`6`col`0`27`0`co`0`pt`5`sp`s_1_2_19_`dm`7`w`100`csq`1`n`140`pw`300`pat`Pick`ist`1`ph`100`ju`6`sq`3997`ied`1`pan`5`ibp`1`crf`8`sdy`0`h`0`iec`1`dft`5`cix`0`ime`5`dmc`0`t`4`dn`140`fn`140`msz`100`25`0`co`0`pt`5`sp`s_1_2_21_`dm`7`w`100`csq`1`n`121`pw`0`ist`1`ph`0`ju`6`sq`3997`pan`5`ibp`1`crf`8`sdy`0`h`0`iec`1`dft`5`cix`1`ime`5`dmc`0`t`4`dn`121`fn`121`msz`255`24`0`co`0`pt`5`sp`s_1_2_18_`dm`7`w`100`n`1324`pw`0`ist`1`ph`0`ju`103`sq`3997`pan`5`ibp`1`crf`8`sdy`0`h`0`iec`1`dft`5`cix`2`ime`5`dmc`0`t`735`dn`1325`fn`1324`msz`16`25`0`co`0`pt`5`sp`s_1_2_13_`dm`7`w`100`csq`1`n`1326`pw`0`ist`1`ph`0`ju`6`sq`3997`pan`5`ibp`1`crf`8`sdy`0`h`0`iec`1`dft`5`cix`3`ime`5`dmc`0`t`4`dn`1326`fn`1326`msz`30`25`0`co`0`pt`5`sp`s_1_2_14_`dm`7`w`100`csq`1`n`1327`pw`0`ist`1`ph`0`ju`6`sq`3997`pan`5`ibp`1`crf`8`sdy`0`h`0`iec`1`dft`5`cix`4`ime`5`dmc`0`t`4`dn`1327`fn`1327`msz`500`24`0`co`0`pt`5`sp`s_1_2_16_`dm`7`w`100`n`1328`pw`0`ist`1`ph`0`ju`6`sq`3997`pan`5`ibp`1`crf`722`sdy`0`h`0`iec`1`dft`5`cix`5`ime`5`dmc`0`t`735`dn`1329`fn`1328`msz`25`0`1`nla`0`18`4`ai`3`S_A2`nfi`1`n`UMF Message List Applet - SI`cud`2*451*04*13451*04*13441*03*3101*04*13371*04*13381*04*13411*04*13461*04*13491*04*13511*03*6351*02*431*02*121*02*401*02*391*04*13551*04*13561*04*13571*04*13581*04*13591*04*13601*04*13611*04*13621*04*13631*04*13641*04*13531*0`dqy`1`cik`2*451*12*401*02*391*03*3101*04*13401*14*13431*14*13481*14*13501*14*13521*13*6351*12*431*02*211*02*221*12*231*12*241*12*251*02*261*02*271*02*281*02*291*02*301*02*311*02*321*02*331*02*341*02*351*02*361*12*371*02*381*02*411*02*421*02*201*02*441*12*461*12*471*02*481*02*491*02*501*02*511*02*521*02*531*02*541*12*551*02*561*12*571*0`pf`VER_1.0_~0|Message Text|100`rct`5`asq`5`vrn`S_A2`tt`1335`inu`1`hmn`1`rsp`false`bnr`0`iem``bci`S_BC2`hlc`3*a_21*11*2`i`2`0`9`cl`0`4`1`cc`0`sp`s_2_1_4_0`n`1337`t`1336`fn`5`0`2`cc`0`2`0`SpanInnerHTML`0`HTML_SPAN_ID`PRODUCT_SELECTION_UMF Message List Applet - SI`HTML_SRC`&lt;a id=&quot;SWETopHidden2&quot; href=&quot;javascript:void(0);&quot; tabindex=&quot;6000&quot; title=&quot;Not Used&quot;&gt;&lt;/a&gt;&lt;form name=&quot;SWEForm2_0&quot; method=&quot;post&quot; action=&quot;/ecommunications_enu_nsm_aps05524a027/start.swe&quot; &gt;
&lt;div class=&quot;NotSelected&quot; id=&quot;a_2&quot;&gt;&lt;table datatable=&quot;0&quot; summary=&quot;&quot; width=&quot;100%&quot; cellspacing=&quot;0&quot; cellpadding=&quot;2&quot; border=&quot;0&quot; align=&quot;center&quot;&gt;&lt;tr class=&quot;AppletButtons&quot; align=&quot;left&quot;&gt;&lt;td&gt;&lt;img src=&quot;images/spacer.gif&quot; width=&quot;4&quot; height=&quot;1&quot; alt=&quot;&quot;&gt;&lt;/td&gt;&lt;td nowrap&gt;&lt;a href=&apos;JavaScript:void(0)&apos; onclick=&apos;window.s_2_1_4_0.EventPreInvoke(&quot;PositionOnRow&quot;,&quot;False&quot;,&quot;&quot;,&quot;&quot;); return false;&apos;  tabindex=6997  id=&apos;s_2_1_3_0_si&apos;&gt;&lt;img src=&quot;images/row_off_d.gif&quot; border=&quot;0&quot; space=&quot;0&quot; hspace=&quot;0&quot; alt=&quot;Select record&quot;  title=&quot;Select record&quot; &gt;&lt;/img&gt;&lt;/a&gt;&lt;/td&gt;&lt;td&gt;&lt;table datatable=&quot;0&quot; summary=&quot;&quot; width=&quot;100%&quot; valign=&quot;top&quot; align=&quot;center&quot; cellpadding=&apos;0&apos; cellspacing=&apos;0&apos; border=&apos;0&apos;&gt;&lt;/table&gt;&lt;/td&gt;&lt;td nowrap&gt;&amp;nbsp;&lt;b&gt;&lt;/b&gt;&lt;/td&gt;&lt;td align=&quot;right&quot; width=&quot;100%&quot;&gt;&lt;td valign=&quot;middle&quot; nowrap&gt;&lt;span id=&apos;SWEApplet2_ctrlmsg&apos;&gt;&lt;/span&gt;&lt;/td&gt;&lt;td valign=&quot;middle&quot; nowrap&gt;&amp;nbsp;No Records&amp;nbsp;&lt;/td&gt;&lt;td valign=&quot;middle&quot;&gt;&amp;nbsp;&lt;img src=&quot;images/btn_div_gray.gif&quot; height=&quot;13&quot; align=&quot;middle&quot; alt=&quot;&quot;&gt;&amp;nbsp;&lt;/td&gt;&lt;/td&gt;&lt;td valign=&quot;top&quot; align=&quot;right&quot;&gt;&lt;/td&gt;&lt;/tr&gt;&lt;/table&gt;&lt;div class=&quot;AppletHIListBorder&quot;&gt;&lt;table width=&quot;100%&quot; cellpadding=&quot;0&quot; cellspacing=&quot;0&quot; border=&quot;0&quot; align=&quot;center&quot; class=&quot;AppletBack&quot; datatable=&quot;0&quot; summary=&quot;&quot;&gt;&lt;tr&gt;&lt;td class = &quot;AppletHIListBorder&quot;&gt;&lt;table valign=&quot;top&quot; width=&quot;100%&quot; cellpadding=&quot;2&quot; cellspacing=&quot;0&quot; border=&quot;0&quot; borderColor=&quot;#cccccc&quot; datatable=&quot;1&quot; summary=&quot;&quot;&gt;&lt;tr class=&quot;Header&quot;&gt;&lt;th class=&quot;Header&quot; align=&quot;center&quot; scope=&quot;col&quot;&gt;&amp;nbsp;&lt;/th&gt;&lt;th  width=&quot;100&quot; class=&quot;Header&quot; scope=&quot;col&quot; abbr=&quot;&quot;&gt;&lt;table cellpadding=&quot;0&quot; cellspacing=&quot;0&quot; border=&quot;0&quot; datatable=&quot;0&quot; summary=&quot;&quot;&gt;&lt;tr&gt;&lt;td&gt;Message&lt;/td&gt;&lt;td&gt;&amp;nbsp;&lt;/td&gt;&lt;td&gt; &lt;table cellpadding=&quot;0&quot; cellspacing=&quot;0&quot; border=&quot;0&quot; datatable=&quot;0&quot; summary=&quot;&quot;&gt;&lt;tr&gt;&lt;td&gt;&lt;/td&gt;&lt;/tr&gt;&lt;tr&gt;&lt;td&gt;&lt;/td&gt;&lt;/tr&gt;&lt;/table&gt;&lt;/td&gt;&lt;/tr&gt;&lt;/table&gt;&lt;/th&gt;&lt;/tr&gt;&lt;/table&gt;&lt;/td&gt;&lt;/tr&gt;&lt;/table&gt;&lt;/div&gt;&lt;/div&gt;&lt;/span&gt;&lt;span id=&apos;s_0&apos;&gt;&lt;/span&gt;&lt;/form&gt;
&lt;a id=&quot;SWEEndAppletStartAnchor_2&quot; href=&quot;javascript:void(0);&quot; tabindex=&quot;6999&quot;&gt;&lt;/a&gt;&lt;a id=&quot;SWEEndAppletEndAnchor_2&quot; href=&quot;javascript:void(0);&quot; tabindex=&quot;6999&quot; onfocus=&quot;document.getElementById(&apos;SWEEndAppletStartAnchor_2&apos;).focus();&quot;&gt;&lt;/a&gt;`0`0`AppletRowData`0`23`1`c`0`pt`5`sp`s_2_1_5_0`dm`7`w`0`n`1338`pw`0`ph`0`ju`6`sq`6997`pan`5`mn`1340`ibp`1`crf`8`sdy`0`h`0`iec`1`dft`5`ime`5`dmc`0`t`67`dn`1339`fn`5`msz`32`13`0`imp`0`SWEField`s_2_1_5_0`SWENeedContext`true`SWER`65535`SWESP`false`SWEMethod`ResponseMethod0`SWECmd`InvokeMethod`SWEDIC`false`SWEReqRowId`0`SWEView`Sales Order-Favorites Catalog View`SWEC`45`SWEBID`-1`SRN`xK7T2pIB2ZOV15hwlQxQF5reKcoUB8VpMTZr7we8uAEb`SWEApplet`UMF Message List Applet - SI`23`1`c`0`pt`5`sp`s_2_1_6_0`dm`7`w`0`n`1341`pw`0`ph`0`ju`6`sq`6997`pan`5`mn`1343`ibp`1`crf`8`sdy`0`h`0`iec`1`dft`5`ime`5`dmc`0`t`67`dn`1342`fn`5`msz`32`13`0`imp`0`SWEField`s_2_1_6_0`SWENeedContext`true`SWER`65535`SWESP`false`SWEMethod`ResponseMethod1`SWECmd`InvokeMethod`SWEDIC`false`SWEReqRowId`0`SWEView`Sales Order-Favorites Catalog View`SWEC`45`SWEBID`-1`SRN`xK7T2pIB2ZOV15hwlQxQF5reKcoUB8VpMTZr7we8uAEb`SWEApplet`UMF Message List Applet - SI`25`1`c`0`pt`5`sp`s_2_1_2_0`dm`69`w`0`n`1344`eb`&lt;img src=&quot;images/rcnv_prvset_1.gif&quot; border=&quot;0&quot; space=&quot;0&quot; hspace=&quot;0&quot; alt=&quot;Previous record set&quot;  title=&quot;Previous record set&quot; &gt;`pw`0`db`&lt;img src=&quot;images/rcnv_prvset_0.gif&quot; border=&quot;0&quot; space=&quot;0&quot; hspace=&quot;0&quot; alt=&quot;Previous record set&quot;  title=&quot;Previous record set&quot; &gt;`ph`0`ju`6`sq`6997`pan`5`mn`39`ibp`1`crf`8`sdy`0`h`0`iec`1`dft`5`ime`5`dmc`0`t`67`dn`5`fn`5`msz`32`13`0`imp`0`SWEField`s_2_1_2_0`SWENeedContext`true`SWER`65535`SWESP`false`SWEMethod`GotoPreviousSet`SWECmd`InvokeMethod`SWEDIC`false`SWEReqRowId`0`SWEView`Sales Order-Favorites Catalog View`SWEC`45`SWEBID`-1`SRN`xK7T2pIB2ZOV15hwlQxQF5reKcoUB8VpMTZr7we8uAEb`SWEApplet`UMF Message List Applet - SI`25`1`c`0`pt`5`sp`s_2_1_1_0`dm`69`w`0`n`1345`eb`&lt;img src=&quot;images/rcnv_nxtset_1.gif&quot; border=&quot;0&quot; space=&quot;0&quot; hspace=&quot;0&quot; alt=&quot;Next record set&quot;  title=&quot;Next record set&quot; &gt;`pw`0`db`&lt;img src=&quot;images/rcnv_nxtset_0.gif&quot; border=&quot;0&quot; space=&quot;0&quot; hspace=&quot;0&quot; alt=&quot;Next record set&quot;  title=&quot;Next record set&quot; &gt;`ph`0`ju`6`sq`6997`pan`5`mn`40`ibp`1`crf`8`sdy`0`h`0`iec`1`dft`5`ime`5`dmc`0`t`67`dn`5`fn`5`msz`32`13`0`imp`0`SWEField`s_2_1_1_0`SWENeedContext`true`SWER`65535`SWESP`false`SWEMethod`GotoNextSet`SWECmd`InvokeMethod`SWEDIC`false`SWEReqRowId`0`SWEView`Sales Order-Favorites Catalog View`SWEC`45`SWEBID`-1`SRN`xK7T2pIB2ZOV15hwlQxQF5reKcoUB8VpMTZr7we8uAEb`SWEApplet`UMF Message List Applet - SI`23`1`c`0`pt`5`sp`s_2_1_7_0`dm`7`w`0`n`1346`pw`0`ph`0`ju`6`sq`6997`pan`5`mn`1348`ibp`1`crf`8`sdy`0`h`0`iec`1`dft`5`ime`5`dmc`0`t`67`dn`1347`fn`5`msz`32`13`0`imp`0`SWEField`s_2_1_7_0`SWENeedContext`true`SWER`65535`SWESP`false`SWEMethod`ResponseMethod2`SWECmd`InvokeMethod`SWEDIC`false`SWEReqRowId`0`SWEView`Sales Order-Favorites Catalog View`SWEC`45`SWEBID`-1`SRN`xK7T2pIB2ZOV15hwlQxQF5reKcoUB8VpMTZr7we8uAEb`SWEApplet`UMF Message List Applet - SI`23`1`c`0`pt`5`sp`s_2_1_8_0`dm`7`w`0`n`1349`pw`0`ph`0`ju`6`sq`6997`pan`5`mn`1350`ibp`1`crf`8`sdy`0`h`0`iec`1`dft`5`ime`5`dmc`0`t`67`dn`1347`fn`5`msz`32`13`0`imp`0`SWEField`s_2_1_8_0`SWENeedContext`true`SWER`65535`SWESP`false`SWEMethod`ResponseMethod3`SWECmd`InvokeMethod`SWEDIC`false`SWEReqRowId`0`SWEView`Sales Order-Favorites Catalog View`SWEC`45`SWEBID`-1`SRN`xK7T2pIB2ZOV15hwlQxQF5reKcoUB8VpMTZr7we8uAEb`SWEApplet`UMF Message List Applet - SI`23`1`c`0`pt`5`sp`s_2_1_9_0`dm`7`w`0`n`1351`pw`0`ph`0`ju`6`sq`6997`pan`5`mn`1352`ibp`1`crf`8`sdy`0`h`0`iec`1`dft`5`ime`5`dmc`0`t`67`dn`1347`fn`5`msz`32`13`0`imp`0`SWEField`s_2_1_9_0`SWENeedContext`true`SWER`65535`SWESP`false`SWEMethod`ResponseMethod4`SWECmd`InvokeMethod`SWEDIC`false`SWEReqRowId`0`SWEView`Sales Order-Favorites Catalog View`SWEC`45`SWEBID`-1`SRN`xK7T2pIB2ZOV15hwlQxQF5reKcoUB8VpMTZr7we8uAEb`SWEApplet`UMF Message List Applet - SI`25`1`c`0`pt`5`sp`s_2_1_3_0`dm`69`w`0`n`310`eb`&lt;img src=&quot;images/row_off_d.gif&quot; border=&quot;0&quot; space=&quot;0&quot; hspace=&quot;0&quot; alt=&quot;Select record&quot;  title=&quot;Select record&quot; &gt;`pw`0`db`&lt;img src=&quot;images/row_on_d.gif&quot; border=&quot;0&quot; space=&quot;0&quot; hspace=&quot;0&quot; alt=&quot;Record selected&quot;  title=&quot;Record selected&quot; &gt;`ph`0`ju`6`sq`6997`pan`5`mn`310`ibp`1`crf`8`sdy`0`h`0`iec`1`dft`5`ime`5`dmc`0`t`67`dn`5`fn`5`msz`32`13`0`imp`0`SWEField`s_2_1_3_0`SWENeedContext`true`SWER`65535`SWESP`false`SWEMethod`PositionOnRow`SWECmd`InvokeMethod`SWEDIC`false`SWEReqRowId`0`SWEView`Sales Order-Favorites Catalog View`SWEC`45`SWEBID`-1`SRN`xK7T2pIB2ZOV15hwlQxQF5reKcoUB8VpMTZr7we8uAEb`SWEApplet`UMF Message List Applet - SI`1`0`cfm`0`DeleteRecord`IDS_SWE_DELETE_CONFIRM_WARNING`0`1`col`0`24`0`co`0`pt`5`sp`s_2_2_25_`dm`69`w`100`csq`1`n`1353`pw`0`ph`0`ju`6`sq`6997`pan`5`ibp`1`crf`8`sdy`0`h`0`iec`1`dft`5`cix`0`ime`5`dmc`0`t`4`dn`1354`fn`1353`msz`2500`0`2`pcl`0`2`0`pc`0`allowPC`false`ProdSelectionCC``2`0`pc`0`allowPC`false`AppletTitle``0`1`na`0`17`3`ai`3`S_A3`nfi`1`n`Catalog Order Header Form Applet`cud`4*14171*14*14181*14*13941*14*13951*14*14191*04*14061*04*14081*04*14201*04*13971*04*14211*04*14221*04*14231*04*13921*14*14241*14*14251*14*13681*14*13701*14*14261*14*14271*14*14281*14*14291*03*5871*14*14301*04*14311*13*7511*13*1211*12*451*14*14321*14*13981*14*14021*14*14331*14*14341*14*14351*04*14001*13*2081*03*1621*14*13661*03*1551*04*14361*04*14371*04*14381*04*14391*14*14401*03*1511*04*13961*02*641*13*6431*13*3171*14*14411*04*13731*14*14421*14*14431*14*14441*04*14451*03*2431*14*13741*02*431*13*1311*03*6461*13*2641*04*14461*14*14471*14*13811*14*14481*13*1151*14*14491*14*14501*14*14511*04*14521*04*14531*13*1341*13*1421*14*13881*14*14541*04*14551*03*1101*04*14561*03*1351*03*2541*03*8881*14*14571*04*14581*04*13861*13*1451*03*6581*04*14591*12*121*12*281*14*14601*13*3061*12*401*12*391*12*441*12*291*13*3071*12*271*1`cik`4*14101*14*14111*14*14121*14*13691*14*13711*04*14131*02*431*02*451*12*201*02*311*13*2431*12*281*14*14141*13*3061*02*401*12*391*02*441*12*291*13*3071*12*271*02*211*12*221*12*231*12*241*12*251*02*261*02*301*12*321*02*331*12*341*02*351*02*361*02*371*02*381*12*411*02*421*12*461*12*471*12*481*02*491*02*501*02*511*02*521*02*531*02*541*12*551*14*14151*13*6451*04*14161*12*561*02*571*1`shd`39*Catalog_Order_Header_Form_Applet_Applet73*srf1592409810_444/bscripts/all/applet_catalog_order_header_form_applet.js`asq`0`ied`1`vrn`S_A3`tt`1365`inu`0`hmn`1`rsp`false`bnr`0`iem``bci`S_BC3`hlc`3*a_31*11*2`i`3`0`35`cl`0`23`0`c`0`pt`5`sp`s_3_1_36_0`dm`69`w`0`csq`1`n`1366`pw`0`ph`0`ju`6`sq`1997`pan`5`ibp`1`crf`8`sdy`0`h`0`iec`1`dft`5`ime`5`dmc`0`t`1367`dn`159`fn`158`msz`30`23`1`c`0`pt`5`sp`s_3_1_26_0`dm`7`w`0`n`45`pw`0`ph`0`ju`6`sq`1997`pan`5`mn`45`ibp`1`crf`8`sdy`0`h`0`iec`1`dft`5`ime`5`dmc`0`t`67`dn`392`fn`5`msz`32`13`0`imp`0`SWEField`s_3_1_26_0`SWENeedContext`true`SWER`0`SWESP`false`SWEMethod`ExecuteQuery`SWECmd`InvokeMethod`SWEDIC`false`SWEReqRowId`0`SWEView`Sales Order-Favorites Catalog View`SWEC`45`SWEBID`-1`SRN`xK7T2pIB2ZOV15hwlQxQF5reKcoUB8VpMTZr7we8uAEb`SWEApplet`Catalog Order Header Form Applet`23`1`c`0`pt`5`sp`s_3_1_21_0`dm`7`w`0`n`587`pw`0`ph`0`ju`6`sq`1997`pan`5`mn`43`ibp`1`crf`8`sdy`0`h`0`iec`1`dft`5`ime`5`dmc`0`t`67`dn`393`fn`5`msz`32`13`0`imp`0`SWEField`s_3_1_21_0`SWENeedContext`true`SWER`0`SWESP`false`SWEMethod`UndoQuery`SWECmd`InvokeMethod`SWEDIC`false`SWEReqRowId`0`SWEView`Sales Order-Favorites Catalog View`SWEC`45`SWEBID`-1`SRN`xK7T2pIB2ZOV15hwlQxQF5reKcoUB8VpMTZr7we8uAEb`SWEApplet`Catalog Order Header Form Applet`23`1`c`0`pt`5`sp`s_3_1_15_0`dm`7`w`0`n`1368`pw`0`ph`0`ju`6`sq`1997`pan`5`mn`1369`ibp`1`crf`8`sdy`0`h`0`iec`1`dft`5`ime`5`dmc`0`t`67`dn`633`fn`5`msz`32`13`0`imp`0`SWEField`s_3_1_15_0`SWENeedContext`true`SWER`0`SWESP`false`SWEMethod`ReviseOrder`SWECmd`InvokeMethod`SWEDIC`false`SWEReqRowId`0`SWEView`Sales Order-Favorites Catalog View`SWEC`45`SWEBID`-1`SRN`xK7T2pIB2ZOV15hwlQxQF5reKcoUB8VpMTZr7we8uAEb`SWEApplet`Catalog Order Header Form Applet`23`1`c`0`pt`5`sp`s_3_1_16_0`dm`7`w`0`n`1370`pw`0`ph`0`ju`6`sq`1997`pan`5`mn`1371`ibp`1`crf`8`sdy`0`h`0`iec`1`dft`5`ime`5`dmc`0`t`67`dn`773`fn`5`msz`32`13`0`imp`0`SWEField`s_3_1_16_0`SWENeedContext`true`SWER`0`SWESP`false`SWEMethod`SubmitOrder`SWECmd`InvokeMethod`SWEDIC`false`SWEReqRowId`0`SWEView`Sales Order-Favorites Catalog View`SWEC`45`SWEBID`-1`SRN`xK7T2pIB2ZOV15hwlQxQF5reKcoUB8VpMTZr7we8uAEb`SWEApplet`Catalog Order Header Form Applet`25`1`c`0`pt`5`sp`s_3_1_91_0`dm`7`w`0`n`39`eb`&lt;img src=&quot;images/rcnv_prv_1.gif&quot; border=&quot;0&quot; space=&quot;0&quot; hspace=&quot;0&quot; alt=&quot;Previous record&quot;  title=&quot;Previous record&quot; &gt;`pw`0`db`&lt;img src=&quot;images/rcnv_prv_0.gif&quot; border=&quot;0&quot; space=&quot;0&quot; hspace=&quot;0&quot; alt=&quot;Previous record&quot;  title=&quot;Previous record&quot; &gt;`ph`0`ju`6`sq`1997`pan`5`mn`39`ibp`1`crf`8`sdy`0`h`0`iec`1`dft`5`ime`5`dmc`0`t`67`dn`5`fn`5`msz`32`13`0`imp`0`SWEField`s_3_1_91_0`SWENeedContext`true`SWER`0`SWESP`false`SWEMethod`GotoPreviousSet`SWECmd`InvokeMethod`SWEDIC`false`SWEReqRowId`0`SWEView`Sales Order-Favorites Catalog View`SWEC`45`SWEBID`-1`SRN`xK7T2pIB2ZOV15hwlQxQF5reKcoUB8VpMTZr7we8uAEb`SWEApplet`Catalog Order Header Form Applet`25`1`c`0`pt`5`sp`s_3_1_90_0`dm`7`w`0`n`40`eb`&lt;img src=&quot;images/rcnv_nxt_1.gif&quot; border=&quot;0&quot; space=&quot;0&quot; hspace=&quot;0&quot; alt=&quot;Next Record&quot;  title=&quot;Next Record&quot; &gt;`pw`0`db`&lt;img src=&quot;images/rcnv_nxt_0.gif&quot; border=&quot;0&quot; space=&quot;0&quot; hspace=&quot;0&quot; alt=&quot;Next Record&quot;  title=&quot;Next Record&quot; &gt;`ph`0`ju`6`sq`1997`pan`5`mn`40`ibp`1`crf`8`sdy`0`h`0`iec`1`dft`5`ime`5`dmc`0`t`67`dn`5`fn`5`msz`32`13`0`imp`0`SWEField`s_3_1_90_0`SWENeedContext`true`SWER`0`SWESP`false`SWEMethod`GotoNextSet`SWECmd`InvokeMethod`SWEDIC`false`SWEReqRowId`0`SWEView`Sales Order-Favorites Catalog View`SWEC`45`SWEBID`-1`SRN`xK7T2pIB2ZOV15hwlQxQF5reKcoUB8VpMTZr7we8uAEb`SWEApplet`Catalog Order Header Form Applet`23`1`c`0`pt`5`sp`s_3_1_45_0`dm`7`w`0`n`64`pw`0`ph`0`ju`6`sq`1997`pan`5`mn`20`ibp`1`crf`8`sdy`0`h`0`iec`1`dft`5`ime`5`dmc`0`t`67`dn`652`fn`5`msz`32`17`0`imp`0`SWEField`s_3_1_45_0`SWENeedContext`true`SWER`0`SWESP`true`SWEMethod`ShowQueryAssistant`SWECmd`InvokeMethod`SWEH`100`SWEDIC`true`SWEReqRowId`0`SWEView`Sales Order-Favorites Catalog View`SWEC`45`SWEW`300`SWEM`Edit`SWEBID`-1`SRN`xK7T2pIB2ZOV15hwlQxQF5reKcoUB8VpMTZr7we8uAEb`SWETA`Query Assistant`SWEApplet`Catalog Order Header Form Applet`25`1`c`0`pt`5`sp`s_3_1_54_0`dm`5`w`0`n`243`eb`&lt;img src=&quot;images/btn_more.gif&quot; border=&quot;0&quot; space=&quot;0&quot; hspace=&quot;0&quot; alt=&quot;Show more&quot;  title=&quot;Show more&quot; &gt;`pw`0`ph`0`ju`6`sq`1997`pan`5`icm`243`mn`243`ibp`1`crf`8`sdy`0`h`0`iec`1`dft`5`ime`5`dmc`0`t`10`dn`5`fn`5`msz`32`13`0`imp`0`SWEField`s_3_1_54_0`SWENeedContext`true`SWER`0`SWESP`false`SWEMethod`ToggleLayout`SWECmd`InvokeMethod`SWEDIC`false`SWEReqRowId`0`SWEView`Sales Order-Favorites Catalog View`SWEC`45`SWEBID`-1`SRN`xK7T2pIB2ZOV15hwlQxQF5reKcoUB8VpMTZr7we8uAEb`SWEApplet`Catalog Order Header Form Applet`23`0`c`0`pt`1372`sp`s_3_1_59_0`dm`5`w`128`csq`1`n`264`pw`0`ph`0`ju`6`sq`1001`pan`5`ibp`1`crf`8`sdy`0`h`24`iec`1`dft`5`ime`5`dmc`0`t`4`dn`159`fn`158`msz`30`25`0`c`0`pt`5`sp`s_3_1_49_0`dm`7`w`128`csq`1`n`1373`pw`300`pat`Pick`ph`100`ju`6`sq`1010`ied`1`pan`5`ibp`1`crf`8`sdy`0`h`24`iec`1`dft`5`ime`5`dmc`0`t`4`dn`100`fn`100`msz`100`25`0`c`0`pt`5`sp`s_3_1_34_0`dm`7`w`128`csq`1`n`208`pw`300`pat`Pick`ph`100`ju`6`sq`1020`ied`1`pan`5`ibp`1`crf`8`sdy`0`h`24`iec`1`dft`5`ime`5`dmc`0`t`4`dn`208`fn`208`msz`100`24`0`c`0`pt`5`sp`s_3_1_55_0`dm`7`w`128`n`1374`pw`300`pat`Detail`ph`100`ju`6`sq`1030`ied`1`pan`5`ibp`1`crf`722`sdy`0`h`24`iec`1`dft`5`ime`5`dmc`0`t`102`dn`1374`fn`1375`msz`25`22`0`c`0`pt`5`sp`s_3_1_57_0`dm`7`w`128`n`131`pw`0`ph`0`ju`6`sq`1002`pan`5`ibp`1`crf`8`sdy`0`h`24`iec`1`dft`5`ime`5`dmc`0`t`735`dn`1376`fn`1376`msz`16`23`0`c`0`pt`1378`sp`s_3_1_75_0`dm`5`w`128`csq`1`n`110`pw`0`ph`0`ju`6`sq`1011`pan`5`ibp`1`crf`8`sdy`0`h`24`iec`1`dft`5`ime`5`dmc`0`t`4`dn`1377`fn`110`msz`50`23`0`c`0`pt`1379`sp`s_3_1_64_0`dm`5`w`128`csq`1`n`115`pw`0`ph`0`ju`6`sq`1021`pan`5`ibp`1`crf`8`sdy`0`h`24`iec`1`dft`5`ime`5`dmc`0`t`116`dn`115`fn`115`msz`30`25`0`c`0`pt`1380`sp`s_3_1_71_0`dm`5`w`128`csq`1`n`142`pw`300`pat`Pick`ph`100`ju`6`sq`1031`ied`1`pan`5`ibp`1`crf`8`sdy`0`h`24`iec`1`dft`5`ime`5`dmc`0`t`4`dn`142`fn`142`msz`50`25`0`c`0`pt`1382`sp`s_3_1_62_0`dm`5`w`128`csq`1`n`1381`pw`300`pat`Pick`ph`100`ju`6`sq`1003`ied`1`pan`5`ibp`1`crf`8`sdy`0`h`24`iec`1`dft`5`ime`5`dmc`0`t`116`dn`119`fn`165`msz`50`25`0`c`0`pt`1383`sp`s_3_1_70_0`dm`5`w`128`csq`1`n`134`pw`300`pat`Pick`ph`100`ju`6`sq`1012`ied`1`pan`5`ibp`1`crf`8`sdy`0`h`24`iec`1`dft`5`ime`5`dmc`0`t`4`dn`314`fn`134`msz`50`22`0`c`0`pt`1384`sp`s_3_1_83_0`dm`5`w`128`n`145`pw`0`ph`0`ju`6`sq`1022`pan`5`ibp`1`crf`8`sdy`0`h`24`iec`1`dft`5`ime`5`dmc`0`t`163`dn`145`fn`145`msz`255`25`0`c`0`pt`5`sp`s_3_1_24_0`dm`7`w`128`csq`1`n`751`pw`300`pat`Pick`ph`100`ju`6`sq`1032`ied`1`pan`5`ibp`1`crf`8`sdy`0`h`24`iec`1`dft`5`ime`5`dmc`0`t`4`dn`982`fn`751`msz`20`23`0`c`0`pt`1385`sp`s_3_1_77_0`dm`5`w`128`csq`1`n`135`pw`0`ph`0`ju`6`sq`1013`pan`5`ibp`1`crf`8`sdy`0`h`24`iec`1`dft`5`ime`5`dmc`0`t`4`dn`313`fn`135`msz`50`22`0`c`0`pt`1387`sp`s_3_1_82_0`dm`7`w`128`n`1386`pw`0`ph`0`ju`6`sq`1023`pan`5`ibp`1`crf`8`sdy`0`h`24`iec`1`dft`637`ime`5`dmc`0`t`163`dn`184`fn`1386`msz`255`23`0`c`0`pt`1390`sp`s_3_1_72_0`dm`5`w`128`n`1388`pw`300`pat`Pick`ph`100`ju`6`sq`1033`ied`1`pan`1391`crf`8`sdy`0`h`24`iec`1`dft`1389`ime`5`dmc`0`t`116`dn`1388`fn`1388`msz`18`23`0`c`0`pt`5`sp`s_3_1_25_0`dm`7`w`128`csq`1`n`121`pw`0`ph`0`ju`6`sq`1005`pan`5`ibp`1`crf`8`sdy`0`h`56`iec`1`dft`5`ime`5`dmc`0`t`122`dn`1110`fn`121`msz`255`25`0`c`0`pt`5`sp`s_3_1_79_0`dm`7`w`128`csq`1`n`888`pw`300`pat`Pick`ph`100`ju`6`sq`1014`ied`1`pan`5`ibp`1`crf`8`sdy`0`h`24`iec`1`dft`5`ime`5`dmc`0`t`4`dn`888`fn`888`msz`100`22`0`c`0`pt`5`sp`s_3_1_35_0`dm`7`w`128`n`162`pw`0`ph`0`ju`6`sq`1024`pan`5`ibp`1`crf`8`sdy`0`h`24`iec`1`dft`637`ime`5`dmc`0`t`163`dn`162`fn`162`msz`255`22`0`c`0`pt`5`sp`s_3_1_12_0`dm`7`w`128`n`1392`pw`0`ph`0`ju`6`sq`1025`pan`5`ibp`1`crf`8`sdy`0`h`24`iec`1`dft`637`ime`5`dmc`0`t`163`dn`1393`fn`1392`msz`255`25`0`c`0`pt`5`sp`s_3_1_2_0`dm`7`w`128`csq`1`n`1394`pw`300`pat`Pick`ph`100`ju`6`sq`1997`ied`1`pan`5`ibp`1`crf`8`sdy`0`h`24`iec`1`dft`5`ime`5`dmc`0`t`4`dn`1394`fn`1395`msz`100`23`0`c`0`pt`5`sp`s_3_1_44_0`dm`7`w`128`csq`1`n`1396`pw`0`ph`0`ju`6`sq`1006`pan`5`ibp`1`crf`8`sdy`0`h`24`iec`1`dft`5`ime`5`dmc`0`t`4`dn`1396`fn`1397`msz`255`23`0`c`0`pt`5`sp`s_3_1_28_0`dm`7`w`128`n`1398`pw`0`ph`0`ju`94`sq`1027`pan`5`icm`387`ibp`1`crf`8`sdy`0`h`0`iec`1`dft`5`ime`5`dmc`0`t`92`dn`1398`fn`1399`msz`1`24`0`c`0`pt`1401`sp`s_3_1_33_0`dm`5`w`128`csq`1`n`1400`pw`300`pat`Pick`ph`100`ju`6`sq`1037`ied`1`pan`5`crf`8`sdy`0`h`24`iec`1`dft`5`ime`5`dmc`0`t`4`dn`1400`fn`1401`msz`100`23`0`c`0`pt`5`sp`s_3_1_29_0`dm`7`w`128`csq`1`n`1402`pw`0`ph`0`ju`6`sq`1028`pan`1405`ibp`1`crf`8`sdy`0`h`24`iec`1`dft`5`ime`5`dmc`0`t`116`dn`1403`fn`1404`msz`30`24`0`c`0`pt`5`sp`s_3_1_5_0`dm`7`w`128`n`1406`pw`300`pat`Detail`ph`100`ju`6`sq`1997`ied`1`pan`5`ibp`1`crf`722`sdy`0`h`24`iec`1`dft`5`ime`5`dmc`0`t`102`dn`1406`fn`1407`msz`25`24`0`c`0`pt`5`sp`s_3_1_6_0`dm`7`w`128`n`1408`pw`300`pat`Detail`ph`100`ju`6`sq`1997`ied`1`pan`5`ibp`1`crf`722`sdy`0`h`24`iec`1`dft`5`ime`5`dmc`0`t`102`dn`1408`fn`1409`msz`25`1`0`cfm`0`DeleteRecord`IDS_SWE_DELETE_CONFIRM_WARNING`0`6`pcl`0`2`0`pc`0`allowPC`false`External Order #``2`0`pc`0`allowPC`false`Integration Message``2`0`pc`0`allowPC`false`Integration Status``2`0`pc`0`allowPC`false`Return Reason``2`0`pc`0`Sold To Address``allowPC`false`2`0`pc`0`allowPC`false`Sold To Site``0`1`nla`0`19`4`ai`3`S_A4`nfi`1`n`Order Entry - Line Item List Applet (Sales) - Short`cud`3*3671*13*3651*13*3661*14*14781*14*14791*14*14801*14*14811*14*14821*13*5871*12*451*12*641*13*6351*13*5891*13*3161*13*6461*13*5901*13*1051*12*121*14*14831*14*14841*14*14851*14*13211*14*14861*13*7891*14*14871*14*14881*12*281*14*14891*13*3061*12*401*12*391*12*441*12*291*13*3071*12*271*12*311*13*5911*13*4961*14*14641*04*13281*04*14901*04*14911*04*11951*03*8911*04*13921*03*1391*03*6511*04*14921*03*1411*04*14931*04*14941*03*1351*03*1341*04*14951*04*14961*03*1451*04*14971*03*1211*04*14981*04*14991*04*15001*04*15011*04*15021*04*11141*04*15031*04*15041*04*15051*04*15061*04*13261*03*1531*04*15071*04*15081*04*15091*04*15101*04*15111*04*15121*04*10211*04*15131*04*15141*04*15151*03*7621*04*15161*04*15171*04*15181*04*15191*04*15201*04*15211*04*15221*04*15231*03*6591*04*15241*04*15251*03*8241*04*15261*04*15271*04*15281*04*15291*03*8871*03*1401*04*15301*04*15311*04*15321*04*15331*04*13241*04*15341*04*15351*04*15361*04*15371*04*15381*04*15391*04*15401*03*1381*03*8881*04*15411*04*15421*04*15431*04*15441*04*15451*04*15461*04*15471*04*15481*04*15491*04*15501*04*15511*04*15521*03*1151*04*15531*04*15541*04*15551*04*15561*04*15571*04*15581*04*15591*03*8941*03*1481*04*15601*04*15611*04*15621*04*15631*04*15641*03*7511*0`cik`3*3641*14*14661*13*6991*14*14671*14*14131*04*14681*02*431*02*451*12*201*03*6351*14*14691*14*14701*04*13231*04*14711*13*7901*04*14721*14*14731*04*14611*14*14741*03*3061*02*401*02*391*02*441*12*291*03*3071*12*271*02*311*03*3101*02*211*02*221*12*231*12*241*12*251*02*261*02*281*12*301*02*321*02*331*02*341*02*351*02*361*12*371*02*381*02*411*02*421*02*461*12*471*02*481*02*491*02*501*02*511*02*521*02*531*02*541*12*551*04*13301*04*13311*04*14751*04*14761*04*14771*02*561*12*571*0`pf`VER_1.0_~0|Product|200~0|Quantity Requested|30~0|Net Price|100~0|Eligibility Status|100~1|Eligibility Comments|100~1|Extended Line Total|100~0|Product Deposit|100`shd`54*Order_Entry__Line_Item_List_Applet_Sales__Short_Applet88*srf1592409810_444/bscripts/all/applet_order_entry__line_item_list_applet_sales__short.js`rct`7`asq`4`ied`1`vrn`S_A4`tt`639`inu`0`hmn`1`rsp`false`bnr`0`iem``bci`S_BC4`hlc`3*a_41*11*2`i`4`0`8`cl`0`23`1`c`0`pt`5`sp`s_4_1_9_0`dm`7`w`0`n`45`pw`0`ph`0`ju`6`sq`5997`pan`5`mn`45`ibp`1`crf`8`sdy`0`h`0`iec`1`dft`5`ime`5`dmc`0`t`67`dn`392`fn`5`msz`32`14`0`imp`0`SWEField`s_4_1_9_0`SWENeedContext`true`SWER`65535`SWESP`false`SWERowIds`SWERowId0=3-61EV8AO3`SWEMethod`ExecuteQuery`SWECmd`InvokeMethod`SWEDIC`false`SWEReqRowId`0`SWEView`Sales Order-Favorites Catalog View`SWEC`45`SWEBID`-1`SRN`xK7T2pIB2ZOV15hwlQxQF5reKcoUB8VpMTZr7we8uAEb`SWEApplet`Order Entry - Line Item List Applet (Sales) - Short`23`1`c`0`pt`5`sp`s_4_1_8_0`dm`7`w`0`n`587`pw`0`ph`0`ju`6`sq`5997`pan`5`mn`43`ibp`1`crf`8`sdy`0`h`0`iec`1`dft`5`ime`5`dmc`0`t`67`dn`393`fn`5`msz`32`14`0`imp`0`SWEField`s_4_1_8_0`SWENeedContext`true`SWER`65535`SWESP`false`SWERowIds`SWERowId0=3-61EV8AO3`SWEMethod`UndoQuery`SWECmd`InvokeMethod`SWEDIC`false`SWEReqRowId`0`SWEView`Sales Order-Favorites Catalog View`SWEC`45`SWEBID`-1`SRN`xK7T2pIB2ZOV15hwlQxQF5reKcoUB8VpMTZr7we8uAEb`SWEApplet`Order Entry - Line Item List Applet (Sales) - Short`25`1`c`0`pt`5`sp`s_4_1_30_0`dm`7`w`0`n`39`eb`&lt;img src=&quot;images/rcnv_prvset_1.gif&quot; border=&quot;0&quot; space=&quot;0&quot; hspace=&quot;0&quot; alt=&quot;Previous record set&quot;  title=&quot;Previous record set&quot; &gt;`pw`0`db`&lt;img src=&quot;images/rcnv_prvset_0.gif&quot; border=&quot;0&quot; space=&quot;0&quot; hspace=&quot;0&quot; alt=&quot;Previous record set&quot;  title=&quot;Previous record set&quot; &gt;`ph`0`ju`6`sq`5997`pan`5`mn`39`ibp`1`crf`8`sdy`0`h`0`iec`1`dft`5`ime`5`dmc`0`t`67`dn`5`fn`5`msz`32`14`0`imp`0`SWEField`s_4_1_30_0`SWENeedContext`true`SWER`65535`SWESP`false`SWERowIds`SWERowId0=3-61EV8AO3`SWEMethod`GotoPreviousSet`SWECmd`InvokeMethod`SWEDIC`false`SWEReqRowId`0`SWEView`Sales Order-Favorites Catalog View`SWEC`45`SWEBID`-1`SRN`xK7T2pIB2ZOV15hwlQxQF5reKcoUB8VpMTZr7we8uAEb`SWEApplet`Order Entry - Line Item List Applet (Sales) - Short`25`1`c`0`pt`5`sp`s_4_1_29_0`dm`7`w`0`n`40`eb`&lt;img src=&quot;images/rcnv_nxtset_1.gif&quot; border=&quot;0&quot; space=&quot;0&quot; hspace=&quot;0&quot; alt=&quot;Next record set&quot;  title=&quot;Next record set&quot; &gt;`pw`0`db`&lt;img src=&quot;images/rcnv_nxtset_0.gif&quot; border=&quot;0&quot; space=&quot;0&quot; hspace=&quot;0&quot; alt=&quot;Next record set&quot;  title=&quot;Next record set&quot; &gt;`ph`0`ju`6`sq`5997`pan`5`mn`40`ibp`1`crf`8`sdy`0`h`0`iec`1`dft`5`ime`5`dmc`0`t`67`dn`5`fn`5`msz`32`14`0`imp`0`SWEField`s_4_1_29_0`SWENeedContext`true`SWER`65535`SWESP`false`SWERowIds`SWERowId0=3-61EV8AO3`SWEMethod`GotoNextSet`SWECmd`InvokeMethod`SWEDIC`false`SWEReqRowId`0`SWEView`Sales Order-Favorites Catalog View`SWEC`45`SWEBID`-1`SRN`xK7T2pIB2ZOV15hwlQxQF5reKcoUB8VpMTZr7we8uAEb`SWEApplet`Order Entry - Line Item List Applet (Sales) - Short`23`1`c`0`pt`5`sp`s_4_1_10_0`dm`7`w`0`n`64`pw`0`ph`0`ju`6`sq`5997`pan`5`mn`20`ibp`1`crf`8`sdy`0`h`0`iec`1`dft`5`ime`5`dmc`0`t`67`dn`652`fn`5`msz`32`18`0`imp`0`SWEField`s_4_1_10_0`SWENeedContext`true`SWER`65535`SWESP`true`SWERowIds`SWERowId0=3-61EV8AO3`SWEMethod`ShowQueryAssistant`SWECmd`InvokeMethod`SWEH`100`SWEDIC`true`SWEReqRowId`0`SWEView`Sales Order-Favorites Catalog View`SWEC`45`SWEW`300`SWEM`Edit`SWEBID`-1`SRN`xK7T2pIB2ZOV15hwlQxQF5reKcoUB8VpMTZr7we8uAEb`SWETA`Query Assistant`SWEApplet`Order Entry - Line Item List Applet (Sales) - Short`23`1`c`0`pt`5`sp`s_4_1_26_0`dm`7`w`0`n`28`pw`0`ph`0`ju`6`sq`5997`pan`5`mn`1461`ibp`1`crf`8`sdy`0`h`0`iec`1`dft`5`ime`5`dmc`0`t`67`dn`531`fn`5`msz`32`14`0`imp`0`SWEField`s_4_1_26_0`SWENeedContext`true`SWER`65535`SWESP`false`SWERowIds`SWERowId0=3-61EV8AO3`SWEMethod`BTDeleteLineItem`SWECmd`InvokeMethod`SWEDIC`false`SWEReqRowId`0`SWEView`Sales Order-Favorites Catalog View`SWEC`45`SWEBID`-1`SRN`xK7T2pIB2ZOV15hwlQxQF5reKcoUB8VpMTZr7we8uAEb`SWEApplet`Order Entry - Line Item List Applet (Sales) - Short`25`1`c`0`pt`5`sp`s_4_1_36_0`dm`7`w`0`n`591`eb`&lt;img src=&quot;images/row_off_d.gif&quot; border=&quot;0&quot; space=&quot;0&quot; hspace=&quot;0&quot; alt=&quot;Select record&quot;  title=&quot;Select record&quot; &gt;`pw`0`db`&lt;img src=&quot;images/row_on_d.gif&quot; border=&quot;0&quot; space=&quot;0&quot; hspace=&quot;0&quot; alt=&quot;Record selected&quot;  title=&quot;Record selected&quot; &gt;`ph`0`ju`6`sq`5997`pan`5`mn`310`ibp`1`crf`8`sdy`0`h`0`iec`1`dft`5`ime`5`dmc`0`t`67`dn`5`fn`5`msz`32`14`0`imp`0`SWEField`s_4_1_36_0`SWENeedContext`true`SWER`65535`SWESP`false`SWERowIds`SWERowId0=3-61EV8AO3`SWEMethod`PositionOnRow`SWECmd`InvokeMethod`SWEDIC`false`SWEReqRowId`0`SWEView`Sales Order-Favorites Catalog View`SWEC`45`SWEBID`-1`SRN`xK7T2pIB2ZOV15hwlQxQF5reKcoUB8VpMTZr7we8uAEb`SWEApplet`Order Entry - Line Item List Applet (Sales) - Short`25`1`c`0`pt`5`sp`s_4_1_11_0`dm`7`w`0`n`635`eb`&lt;img src=&quot;images/btn_more.gif&quot; border=&quot;0&quot; space=&quot;0&quot; hspace=&quot;0&quot; alt=&quot;Show more&quot;  title=&quot;Show more&quot; &gt;`pw`0`ph`0`ju`6`sq`5997`pan`5`icm`635`mn`635`ibp`1`crf`8`sdy`0`h`0`iec`1`dft`5`ime`5`dmc`0`t`10`dn`5`fn`5`msz`32`14`0`imp`0`SWEField`s_4_1_11_0`SWENeedContext`true`SWER`65535`SWESP`false`SWERowIds`SWERowId0=3-61EV8AO3`SWEMethod`ToggleListRowCount`SWECmd`InvokeMethod`SWEDIC`false`SWEReqRowId`0`SWEView`Sales Order-Favorites Catalog View`SWEC`45`SWEBID`-1`SRN`xK7T2pIB2ZOV15hwlQxQF5reKcoUB8VpMTZr7we8uAEb`SWEApplet`Order Entry - Line Item List Applet (Sales) - Short`1`0`cfm`0`DeleteRecord`IDS_SWE_DELETE_CONFIRM_WARNING`0`5`col`0`27`0`co`0`pt`5`sp`s_4_2_98_`dm`5`w`200`csq`1`n`140`pw`300`pat`Pick`ist`1`ph`100`ju`6`sq`5997`ied`1`pan`5`ibp`1`crf`8`sdy`0`h`0`iec`1`dft`5`cix`0`ime`5`dmc`0`t`4`dn`140`fn`140`msz`100`24`0`co`0`pt`5`sp`s_4_2_103_`dm`5`w`30`n`1324`pw`0`ist`1`ph`0`ju`103`sq`5997`pan`5`ibp`1`crf`8`sdy`0`h`0`iec`1`dft`5`cix`1`ime`5`dmc`0`t`735`dn`1325`fn`1324`msz`16`23`0`co`0`pt`5`sp`s_4_2_39_`dm`7`w`100`n`1328`pw`0`ph`0`ju`6`sq`5997`pan`5`ibp`1`crf`722`sdy`0`h`0`iec`1`dft`5`cix`2`ime`5`dmc`0`t`4`dn`1329`fn`1462`msz`25`25`0`co`0`pt`5`sp`s_4_2_68_`dm`7`w`100`csq`1`n`1326`pw`0`ist`1`ph`0`ju`6`sq`5997`pan`5`ibp`1`crf`8`sdy`0`h`0`iec`1`dft`5`cix`3`ime`5`dmc`0`t`4`dn`1463`fn`1326`msz`30`24`0`co`0`pt`5`sp`s_4_2_38_`dm`7`w`100`n`1464`pw`0`ist`1`ph`0`ju`6`sq`5997`pan`5`ibp`1`crf`8`sdy`0`h`0`iec`1`dft`5`cix`4`ime`5`dmc`0`t`4`dn`1464`fn`1465`msz`18`0`2`pcl`0`2`0`pc`0`allowPC`false`QueryComboBox``2`0`pc`0`allowPC`false`QuerySrchSpec``0`1`nla`0`19`4`ai`3`S_A6`nfi`1`n`Quote Catalog Template List Applet`cud`3*3661*13*3671*13*3651*13*6351*14*15691*14*15681*14*15701*14*15661*12*641*12*121*13*1051*13*3061*12*451*12*401*12*391*12*441*13*3101*12*431*12*271*12*311*13*1211*04*15711*13*1191*02*991*03*1001*03*7801*0`cik`3*3641*13*6351*12*281*04*15681*14*15661*12*201*03*3061*02*451*12*401*12*391*02*441*13*3101*12*431*02*271*02*311*12*211*12*221*12*231*12*241*12*251*02*261*12*291*12*301*12*321*12*331*02*341*12*351*12*361*12*371*02*381*12*411*02*421*12*461*12*471*12*481*02*491*02*501*02*511*02*521*02*531*02*541*12*551*12*561*02*571*1`pf`VER_1.0_~0|Name|100~0|Description|100`shd`41*Quote_Catalog_Template_List_Applet_Applet75*srf1592409810_444/bscripts/all/applet_quote_catalog_template_list_applet.js`rct`7`asq`1`ied`1`vrn`S_A6`tt`1565`inu`0`hmn`1`rsp`false`bnr`0`iem``bci`S_BC6`hlc`3*a_61*11*2`i`6`0`9`cl`0`23`1`c`0`pt`5`sp`s_6_1_15_0`dm`7`w`0`n`44`pw`0`ph`0`ju`6`sq`2997`pan`5`mn`44`ibp`1`crf`8`sdy`0`h`0`iec`1`dft`5`ime`5`dmc`0`t`67`dn`530`fn`5`msz`32`13`0`imp`0`SWEField`s_6_1_15_0`SWENeedContext`true`SWER`0`SWESP`false`SWEMethod`NewQuery`SWECmd`InvokeMethod`SWEDIC`false`SWEReqRowId`0`SWEView`Sales Order-Favorites Catalog View`SWEC`45`SWEBID`-1`SRN`xK7T2pIB2ZOV15hwlQxQF5reKcoUB8VpMTZr7we8uAEb`SWEApplet`Quote Catalog Template List Applet`23`1`c`0`pt`5`sp`s_6_1_12_0`dm`7`w`0`n`45`pw`0`ph`0`ju`6`sq`2997`pan`5`mn`45`ibp`1`crf`8`sdy`0`h`0`iec`1`dft`5`ime`5`dmc`0`t`67`dn`392`fn`5`msz`32`13`0`imp`0`SWEField`s_6_1_12_0`SWENeedContext`true`SWER`0`SWESP`false`SWEMethod`ExecuteQuery`SWECmd`InvokeMethod`SWEDIC`false`SWEReqRowId`0`SWEView`Sales Order-Favorites Catalog View`SWEC`45`SWEBID`-1`SRN`xK7T2pIB2ZOV15hwlQxQF5reKcoUB8VpMTZr7we8uAEb`SWEApplet`Quote Catalog Template List Applet`23`1`c`0`pt`5`sp`s_6_1_17_0`dm`7`w`0`n`43`pw`0`ph`0`ju`6`sq`2997`pan`5`mn`43`ibp`1`crf`8`sdy`0`h`0`iec`1`dft`5`ime`5`dmc`0`t`67`dn`393`fn`5`msz`32`13`0`imp`0`SWEField`s_6_1_17_0`SWENeedContext`true`SWER`0`SWESP`false`SWEMethod`UndoQuery`SWECmd`InvokeMethod`SWEDIC`false`SWEReqRowId`0`SWEView`Sales Order-Favorites Catalog View`SWEC`45`SWEBID`-1`SRN`xK7T2pIB2ZOV15hwlQxQF5reKcoUB8VpMTZr7we8uAEb`SWEApplet`Quote Catalog Template List Applet`23`1`c`0`pt`5`sp`s_6_1_7_0`dm`7`w`0`n`1566`pw`0`ph`0`ju`6`sq`2997`pan`5`mn`1566`ibp`1`crf`8`sdy`0`h`0`iec`1`dft`5`ime`5`dmc`0`t`67`dn`1567`fn`5`msz`32`13`0`imp`0`SWEField`s_6_1_7_0`SWENeedContext`true`SWER`0`SWESP`false`SWEMethod`OrderTemplate`SWECmd`InvokeMethod`SWEDIC`false`SWEReqRowId`0`SWEView`Sales Order-Favorites Catalog View`SWEC`45`SWEBID`-1`SRN`xK7T2pIB2ZOV15hwlQxQF5reKcoUB8VpMTZr7we8uAEb`SWEApplet`Quote Catalog Template List Applet`25`1`c`0`pt`5`sp`s_6_1_14_0`dm`7`w`0`n`39`eb`&lt;img src=&quot;images/rcnv_prvset_1.gif&quot; border=&quot;0&quot; space=&quot;0&quot; hspace=&quot;0&quot; alt=&quot;Previous record set&quot;  title=&quot;Previous record set&quot; &gt;`pw`0`db`&lt;img src=&quot;images/rcnv_prvset_0.gif&quot; border=&quot;0&quot; space=&quot;0&quot; hspace=&quot;0&quot; alt=&quot;Previous record set&quot;  title=&quot;Previous record set&quot; &gt;`ph`0`ju`6`sq`2997`pan`5`mn`39`ibp`1`crf`8`sdy`0`h`0`iec`1`dft`5`ime`5`dmc`0`t`67`dn`381`fn`5`msz`32`13`0`imp`0`SWEField`s_6_1_14_0`SWENeedContext`true`SWER`0`SWESP`false`SWEMethod`GotoPreviousSet`SWECmd`InvokeMethod`SWEDIC`false`SWEReqRowId`0`SWEView`Sales Order-Favorites Catalog View`SWEC`45`SWEBID`-1`SRN`xK7T2pIB2ZOV15hwlQxQF5reKcoUB8VpMTZr7we8uAEb`SWEApplet`Quote Catalog Template List Applet`25`1`c`0`pt`5`sp`s_6_1_13_0`dm`7`w`0`n`40`eb`&lt;img src=&quot;images/rcnv_nxtset_1.gif&quot; border=&quot;0&quot; space=&quot;0&quot; hspace=&quot;0&quot; alt=&quot;Next record set&quot;  title=&quot;Next record set&quot; &gt;`pw`0`db`&lt;img src=&quot;images/rcnv_nxtset_0.gif&quot; border=&quot;0&quot; space=&quot;0&quot; hspace=&quot;0&quot; alt=&quot;Next record set&quot;  title=&quot;Next record set&quot; &gt;`ph`0`ju`6`sq`2997`pan`5`mn`40`ibp`1`crf`8`sdy`0`h`0`iec`1`dft`5`ime`5`dmc`0`t`67`dn`382`fn`5`msz`32`13`0`imp`0`SWEField`s_6_1_13_0`SWENeedContext`true`SWER`0`SWESP`false`SWEMethod`GotoNextSet`SWECmd`InvokeMethod`SWEDIC`false`SWEReqRowId`0`SWEView`Sales Order-Favorites Catalog View`SWEC`45`SWEBID`-1`SRN`xK7T2pIB2ZOV15hwlQxQF5reKcoUB8VpMTZr7we8uAEb`SWEApplet`Quote Catalog Template List Applet`23`1`c`0`pt`5`sp`s_6_1_8_0`dm`7`w`0`n`64`pw`0`ph`0`ju`6`sq`2997`pan`5`mn`20`ibp`1`crf`8`sdy`0`h`0`iec`1`dft`5`ime`5`dmc`0`t`67`dn`652`fn`5`msz`32`17`0`imp`0`SWEField`s_6_1_8_0`SWENeedContext`true`SWER`0`SWESP`true`SWEMethod`ShowQueryAssistant`SWECmd`InvokeMethod`SWEH`100`SWEDIC`true`SWEReqRowId`0`SWEView`Sales Order-Favorites Catalog View`SWEC`45`SWEW`300`SWEM`Edit`SWEBID`-1`SRN`xK7T2pIB2ZOV15hwlQxQF5reKcoUB8VpMTZr7we8uAEb`SWETA`Query Assistant`SWEApplet`Quote Catalog Template List Applet`25`1`c`0`pt`5`sp`s_6_1_16_0`dm`7`w`0`n`310`eb`&lt;img src=&quot;images/row_off_d.gif&quot; border=&quot;0&quot; space=&quot;0&quot; hspace=&quot;0&quot; alt=&quot;Select record&quot;  title=&quot;Select record&quot; &gt;`pw`0`db`&lt;img src=&quot;images/row_on_d.gif&quot; border=&quot;0&quot; space=&quot;0&quot; hspace=&quot;0&quot; alt=&quot;Record selected&quot;  title=&quot;Record selected&quot; &gt;`ph`0`ju`6`sq`2997`pan`5`mn`310`ibp`1`crf`8`sdy`0`h`0`iec`1`dft`5`ime`5`dmc`0`t`67`dn`5`fn`5`msz`32`13`0`imp`0`SWEField`s_6_1_16_0`SWENeedContext`true`SWER`0`SWESP`false`SWEMethod`PositionOnRow`SWECmd`InvokeMethod`SWEDIC`false`SWEReqRowId`0`SWEView`Sales Order-Favorites Catalog View`SWEC`45`SWEBID`-1`SRN`xK7T2pIB2ZOV15hwlQxQF5reKcoUB8VpMTZr7we8uAEb`SWEApplet`Quote Catalog Template List Applet`25`1`c`0`pt`5`sp`s_6_1_3_0`dm`7`w`0`n`635`eb`&lt;img src=&quot;images/btn_more.gif&quot; border=&quot;0&quot; space=&quot;0&quot; hspace=&quot;0&quot; alt=&quot;Show more&quot;  title=&quot;Show more&quot; &gt;`pw`0`ph`0`ju`6`sq`2997`pan`5`icm`635`mn`635`ibp`1`crf`8`sdy`0`h`0`iec`1`dft`5`ime`5`dmc`0`t`10`dn`5`fn`5`msz`32`13`0`imp`0`SWEField`s_6_1_3_0`SWENeedContext`true`SWER`0`SWESP`false`SWEMethod`ToggleListRowCount`SWECmd`InvokeMethod`SWEDIC`false`SWEReqRowId`0`SWEView`Sales Order-Favorites Catalog View`SWEC`45`SWEBID`-1`SRN`xK7T2pIB2ZOV15hwlQxQF5reKcoUB8VpMTZr7we8uAEb`SWEApplet`Quote Catalog Template List Applet`1`0`cfm`0`DeleteRecord`IDS_SWE_DELETE_CONFIRM_WARNING`0`2`col`0`25`0`co`0`pt`5`sp`s_6_2_23_`dm`7`w`100`csq`1`n`99`pw`0`ist`1`ph`0`ju`6`sq`2997`pan`5`ibp`1`crf`8`sdy`0`h`0`iec`1`dft`5`cix`0`ime`5`dmc`0`t`4`dn`99`fn`99`msz`50`25`0`co`0`pt`5`sp`s_6_2_20_`dm`7`w`100`csq`1`n`121`pw`0`ist`1`ph`0`ju`6`sq`2997`pan`5`ibp`1`crf`8`sdy`0`h`0`iec`1`dft`5`cix`1`ime`5`dmc`0`t`4`dn`121`fn`121`msz`255`0`3`pcl`0`2`0`pc`0`allowPC`false`QuerySrchSpec``2`0`pc`0`allowPC`false`QueryComboBox``2`0`pco`0`allowPC`false`Public Flag`0*0*0*0*0*0*0*`0`1`nla`0`18`4`ai`3`S_A5`nfi`1`n`Quote Catalog Template Item XA List Applet`cud`3*3661*13*3671*13*3651*14*15731*13*6351*13*3101*12*641*12*431*13*5891*13*3161*13*5901*12*121*13*1051*13*5871*13*3061*12*451*12*401*13*3071*12*391*12*271*12*441*12*311*13*6531*04*15721*03*1211*02*991*03*6551*0`cik`3*3641*13*6351*13*3101*02*201*02*431*03*6561*03*3061*02*451*12*401*03*3071*12*391*02*271*02*441*12*311*02*211*02*221*12*231*12*241*12*251*02*261*02*281*02*291*02*301*02*321*02*331*02*341*02*351*02*361*12*371*02*381*02*411*02*421*02*461*12*471*02*481*02*491*02*501*02*511*02*521*02*531*02*541*12*551*02*561*12*571*0`pf`VER_1.0_~0|Display Name|100~0|Data Type|100~0|Value|100~0|Description|100`rct`7`asq`3`ied`1`vrn`S_A5`tt`651`inu`0`hmn`1`rsp`false`bnr`0`iem``bci`S_BC5`hlc`3*a_51*11*2`i`5`0`9`cl`0`23`1`c`0`pt`5`sp`s_5_1_20_0`dm`7`w`0`n`44`pw`0`ph`0`ju`6`sq`4997`pan`5`mn`44`ibp`1`crf`8`sdy`0`h`0`iec`1`dft`5`ime`5`dmc`0`t`67`dn`530`fn`5`msz`32`14`0`imp`0`SWEField`s_5_1_20_0`SWENeedContext`true`SWER`65535`SWESP`false`SWERowIds`SWERowId0=1-9UIZ08I,SWERowId1=1-9UIZ08Q`SWEMethod`NewQuery`SWECmd`InvokeMethod`SWEDIC`false`SWEReqRowId`0`SWEView`Sales Order-Favorites Catalog View`SWEC`45`SWEBID`-1`SRN`xK7T2pIB2ZOV15hwlQxQF5reKcoUB8VpMTZr7we8uAEb`SWEApplet`Quote Catalog Template Item XA List Applet`23`1`c`0`pt`5`sp`s_5_1_15_0`dm`7`w`0`n`45`pw`0`ph`0`ju`6`sq`4997`pan`5`mn`45`ibp`1`crf`8`sdy`0`h`0`iec`1`dft`5`ime`5`dmc`0`t`67`dn`392`fn`5`msz`32`14`0`imp`0`SWEField`s_5_1_15_0`SWENeedContext`true`SWER`65535`SWESP`false`SWERowIds`SWERowId0=1-9UIZ08I,SWERowId1=1-9UIZ08Q`SWEMethod`ExecuteQuery`SWECmd`InvokeMethod`SWEDIC`false`SWEReqRowId`0`SWEView`Sales Order-Favorites Catalog View`SWEC`45`SWEBID`-1`SRN`xK7T2pIB2ZOV15hwlQxQF5reKcoUB8VpMTZr7we8uAEb`SWEApplet`Quote Catalog Template Item XA List Applet`23`1`c`0`pt`5`sp`s_5_1_7_0`dm`7`w`0`n`43`pw`0`ph`0`ju`6`sq`4997`pan`5`mn`43`ibp`1`crf`8`sdy`0`h`0`iec`1`dft`5`ime`5`dmc`0`t`67`dn`393`fn`5`msz`32`14`0`imp`0`SWEField`s_5_1_7_0`SWENeedContext`true`SWER`65535`SWESP`false`SWERowIds`SWERowId0=1-9UIZ08I,SWERowId1=1-9UIZ08Q`SWEMethod`UndoQuery`SWECmd`InvokeMethod`SWEDIC`false`SWEReqRowId`0`SWEView`Sales Order-Favorites Catalog View`SWEC`45`SWEBID`-1`SRN`xK7T2pIB2ZOV15hwlQxQF5reKcoUB8VpMTZr7we8uAEb`SWEApplet`Quote Catalog Template Item XA List Applet`25`1`c`0`pt`5`sp`s_5_1_18_0`dm`7`w`0`n`39`eb`&lt;img src=&quot;images/rcnv_prvset_1.gif&quot; border=&quot;0&quot; space=&quot;0&quot; hspace=&quot;0&quot; alt=&quot;Previous record set&quot;  title=&quot;Previous record set&quot; &gt;`pw`0`db`&lt;img src=&quot;images/rcnv_prvset_0.gif&quot; border=&quot;0&quot; space=&quot;0&quot; hspace=&quot;0&quot; alt=&quot;Previous record set&quot;  title=&quot;Previous record set&quot; &gt;`ph`0`ju`6`sq`4997`pan`5`mn`39`ibp`1`crf`8`sdy`0`h`0`iec`1`dft`5`ime`5`dmc`0`t`67`dn`381`fn`5`msz`32`14`0`imp`0`SWEField`s_5_1_18_0`SWENeedContext`true`SWER`65535`SWESP`false`SWERowIds`SWERowId0=1-9UIZ08I,SWERowId1=1-9UIZ08Q`SWEMethod`GotoPreviousSet`SWECmd`InvokeMethod`SWEDIC`false`SWEReqRowId`0`SWEView`Sales Order-Favorites Catalog View`SWEC`45`SWEBID`-1`SRN`xK7T2pIB2ZOV15hwlQxQF5reKcoUB8VpMTZr7we8uAEb`SWEApplet`Quote Catalog Template Item XA List Applet`25`1`c`0`pt`5`sp`s_5_1_16_0`dm`7`w`0`n`40`eb`&lt;img src=&quot;images/rcnv_nxtset_1.gif&quot; border=&quot;0&quot; space=&quot;0&quot; hspace=&quot;0&quot; alt=&quot;Next record set&quot;  title=&quot;Next record set&quot; &gt;`pw`0`db`&lt;img src=&quot;images/rcnv_nxtset_0.gif&quot; border=&quot;0&quot; space=&quot;0&quot; hspace=&quot;0&quot; alt=&quot;Next record set&quot;  title=&quot;Next record set&quot; &gt;`ph`0`ju`6`sq`4997`pan`5`mn`40`ibp`1`crf`8`sdy`0`h`0`iec`1`dft`5`ime`5`dmc`0`t`67`dn`382`fn`5`msz`32`14`0`imp`0`SWEField`s_5_1_16_0`SWENeedContext`true`SWER`65535`SWESP`false`SWERowIds`SWERowId0=1-9UIZ08I,SWERowId1=1-9UIZ08Q`SWEMethod`GotoNextSet`SWECmd`InvokeMethod`SWEDIC`false`SWEReqRowId`0`SWEView`Sales Order-Favorites Catalog View`SWEC`45`SWEBID`-1`SRN`xK7T2pIB2ZOV15hwlQxQF5reKcoUB8VpMTZr7we8uAEb`SWEApplet`Quote Catalog Template Item XA List Applet`23`1`c`0`pt`5`sp`s_5_1_6_0`dm`7`w`0`n`64`pw`0`ph`0`ju`6`sq`4997`pan`5`mn`20`ibp`1`crf`8`sdy`0`h`0`iec`1`dft`5`ime`5`dmc`0`t`67`dn`652`fn`5`msz`32`18`0`imp`0`SWEField`s_5_1_6_0`SWENeedContext`true`SWER`65535`SWESP`true`SWERowIds`SWERowId0=1-9UIZ08I,SWERowId1=1-9UIZ08Q`SWEMethod`ShowQueryAssistant`SWECmd`InvokeMethod`SWEH`100`SWEDIC`true`SWEReqRowId`0`SWEView`Sales Order-Favorites Catalog View`SWEC`45`SWEW`300`SWEM`Edit`SWEBID`-1`SRN`xK7T2pIB2ZOV15hwlQxQF5reKcoUB8VpMTZr7we8uAEb`SWETA`Query Assistant`SWEApplet`Quote Catalog Template Item XA List Applet`23`1`c`0`pt`5`sp`s_5_1_21_0`dm`7`w`0`n`31`pw`0`ph`0`ju`6`sq`4997`pan`5`mn`31`ibp`1`crf`8`sdy`0`h`0`iec`1`dft`5`ime`5`dmc`0`t`67`dn`383`fn`5`msz`32`14`0`imp`0`SWEField`s_5_1_21_0`SWENeedContext`true`SWER`65535`SWESP`false`SWERowIds`SWERowId0=1-9UIZ08I,SWERowId1=1-9UIZ08Q`SWEMethod`WriteRecord`SWECmd`InvokeMethod`SWEDIC`false`SWEReqRowId`1`SWEView`Sales Order-Favorites Catalog View`SWEC`45`SWEBID`-1`SRN`xK7T2pIB2ZOV15hwlQxQF5reKcoUB8VpMTZr7we8uAEb`SWEApplet`Quote Catalog Template Item XA List Applet`25`1`c`0`pt`5`sp`s_5_1_5_0`dm`7`w`0`n`310`eb`&lt;img src=&quot;images/row_off_d.gif&quot; border=&quot;0&quot; space=&quot;0&quot; hspace=&quot;0&quot; alt=&quot;Select record&quot;  title=&quot;Select record&quot; &gt;`pw`0`db`&lt;img src=&quot;images/row_on_d.gif&quot; border=&quot;0&quot; space=&quot;0&quot; hspace=&quot;0&quot; alt=&quot;Record selected&quot;  title=&quot;Record selected&quot; &gt;`ph`0`ju`6`sq`4997`pan`5`mn`310`ibp`1`crf`8`sdy`0`h`0`iec`1`dft`5`ime`5`dmc`0`t`67`dn`5`fn`5`msz`32`14`0`imp`0`SWEField`s_5_1_5_0`SWENeedContext`true`SWER`65535`SWESP`false`SWERowIds`SWERowId0=1-9UIZ08I,SWERowId1=1-9UIZ08Q`SWEMethod`PositionOnRow`SWECmd`InvokeMethod`SWEDIC`false`SWEReqRowId`0`SWEView`Sales Order-Favorites Catalog View`SWEC`45`SWEBID`-1`SRN`xK7T2pIB2ZOV15hwlQxQF5reKcoUB8VpMTZr7we8uAEb`SWEApplet`Quote Catalog Template Item XA List Applet`25`1`c`0`pt`5`sp`s_5_1_4_0`dm`7`w`0`n`635`eb`&lt;img src=&quot;images/btn_more.gif&quot; border=&quot;0&quot; space=&quot;0&quot; hspace=&quot;0&quot; alt=&quot;Show more&quot;  title=&quot;Show more&quot; &gt;`pw`0`ph`0`ju`6`sq`4997`pan`5`icm`635`mn`635`ibp`1`crf`8`sdy`0`h`0`iec`1`dft`5`ime`5`dmc`0`t`10`dn`5`fn`5`msz`32`14`0`imp`0`SWEField`s_5_1_4_0`SWENeedContext`true`SWER`65535`SWESP`false`SWERowIds`SWERowId0=1-9UIZ08I,SWERowId1=1-9UIZ08Q`SWEMethod`ToggleListRowCount`SWECmd`InvokeMethod`SWEDIC`false`SWEReqRowId`0`SWEView`Sales Order-Favorites Catalog View`SWEC`45`SWEBID`-1`SRN`xK7T2pIB2ZOV15hwlQxQF5reKcoUB8VpMTZr7we8uAEb`SWEApplet`Quote Catalog Template Item XA List Applet`1`0`cfm`0`DeleteRecord`IDS_SWE_DELETE_CONFIRM_WARNING`0`4`col`0`25`0`co`0`pt`5`sp`s_5_2_22_`dm`7`w`100`csq`1`n`653`pw`0`ist`1`ph`0`ju`6`sq`4997`pan`5`ibp`1`crf`8`sdy`0`h`0`iec`1`dft`5`cix`0`ime`5`dmc`0`t`4`dn`654`fn`653`msz`100`25`0`co`0`pt`5`sp`s_5_2_23_`dm`7`w`100`csq`1`n`1572`pw`0`ist`1`ph`0`ju`6`sq`4997`pan`5`ibp`1`crf`8`sdy`0`h`0`iec`1`dft`5`cix`1`ime`5`dmc`0`t`4`dn`1572`fn`1572`msz`30`25`0`co`0`pt`5`sp`s_5_2_24_`dm`7`w`100`csq`1`n`121`pw`0`ist`1`ph`0`ju`6`sq`4997`pan`5`ibp`1`crf`8`sdy`0`h`0`iec`1`dft`5`cix`2`ime`5`dmc`0`t`4`dn`121`fn`121`msz`250`24`0`co`0`pt`5`sp`s_5_2_26_`dm`7`w`100`csq`1`n`655`pw`0`ph`0`ju`6`sq`4997`pan`5`ibp`1`crf`8`sdy`1`h`0`iec`1`dft`5`cix`3`ime`5`dmc`0`t`4`dn`655`fn`655`msz`255`0`4`pcl`0`2`0`pc`0`allowPC`false`QuerySrchSpec``2`0`pc`0`allowPC`false`QueryComboBox``2`0`pc`0`allowPC`false`AppletTitle``2`0`pco`0`allowPC`false`Value``1`0`aa`0`n`Quote Catalog Template List Applet`0`6`nci`0`1`0`SI`0`SX`7`0`46`PI`0`1`0`II`0`CP` All Orders`1`0`II`0`CP` All Orders this Week`1`0`II`0`CP`*Pending Manager Approval`1`0`II`0`CP`1MB - Cancelled Orders`1`0`II`0`CP`1MB - Completed Orders`1`0`II`0`CP`1MB - Failed Submission Orders`1`0`II`0`CP`1MB - Orders Since Yesterday`1`0`II`0`CP`1MB - Pending Orders`1`0`II`0`CP`1MB - Pending Orders Since Yesterday`1`0`II`0`CP`All  Sales Orders`1`0`II`0`CP`All Orders Today`1`0`II`0`CP`My Team&apos;s Quote&apos;s`1`0`II`0`CP`Number of Open Orders`1`0`II`0`CP`OPEN MANUAL SUBMISSION`1`0`II`0`CP`Open Sales Orders`1`0`II`0`CP`Open and Billing Setup Completed for &gt; 5Hrs`1`0`II`0`CP`Open and Billing Setup Completed for more than 5Hrs`1`0`II`0`CP`Open and Customer Setup Completed for &gt;5Hrs`1`0`II`0`CP`Open and Customer Setup Completed for more than 5Hrs`1`0`II`0`CP`Open and Submitted to OFS for &gt; 5Hrs`1`0`II`0`CP`Open and Submitted to OFS for more than 5Hrs`1`0`II`0`CP`Open_ActivationSubmitted&gt;5hours`1`0`II`0`CP`Open_ActivationonNetwork&gt;30min`1`0`II`0`CP`Open_AssetsetuponBilling&gt;30min`1`0`II`0`CP`Open_BillingSetupComplete&gt;30min`1`0`II`0`CP`Open_CustomerSetupComplete&gt;30min`1`0`II`0`CP`Open_SubmittedDispatchers&gt;3days at weekend`1`0`II`0`CP`Open_SubmittedtoProtect&gt;3days at weekend`1`0`II`0`CP`Orders with Credit Assignment Crediting Errors`1`0`II`0`CP`Orders with Credit Assignment System Errors`1`0`II`0`CP`PENDING AWAIT CUST OVER 30 DAYS`1`0`II`0`CP`PENDING AWAITING CUSTOMER`1`0`II`0`CP`PENDING CREDIT REFERRAL`1`0`II`0`CP`PENDING CREDIT REFERRAL TEMP`1`0`II`0`CP`PENDING CREDIT REFERRAL WEB`1`0`II`0`CP`PENDING_AWAITING_CUSTOMER`1`0`II`0`CP`PENDING_AWAITING_CUSTOMER_&gt;30DAY`1`0`II`0`CP`PENDING_CREDIT_REFERRAL`1`0`II`0`CP`Pending_Fulfillmentorder_14 Days`1`0`II`0`CP`Pending_Fulfillmentorders_21days`1`0`II`0`CP`Pending_Fulfillmentorders_7days`1`0`II`0`CP`Pending_Validated_&gt;1 hour`1`0`II`0`CP`REFERRAL DECISION MADE`1`0`II`0`CP`REFERRAL DECISION MADE TEMP`1`0`II`0`CP`REFERRAL_DECISION_MADE`1`0`II`0`CP`SWLS`0`2`VI`0`2`0`II`0`CP`1576`VN`1575`2`0`II`0`CP`1578`VN`1577`1`1`AI`0`SX`0`2`0`II`0`CP`105`VN`1575`1`17`DI`0`SX`0`2`0`II`0`CP`1580`VN`1579`2`0`II`0`CP`639`VN`1581`2`0`II`0`CP`1583`VN`1582`2`0`II`0`CP`1585`VN`1584`2`0`II`0`CP`1064`VN`1586`2`0`II`0`CP`1588`VN`1587`2`0`II`0`CP`1590`VN`1589`2`0`II`0`CP`1592`VN`1591`2`0`II`0`CP`1594`VN`1593`2`0`II`0`CP`1596`VN`1595`2`0`II`0`CP`1598`VN`1597`2`0`II`0`CP`1600`VN`1599`2`0`II`0`CP`1602`VN`1601`2`0`II`0`CP`1604`VN`1603`2`0`II`0`CP`1606`VN`1605`2`0`II`0`CP`1608`VN`1607`2`0`II`0`CP`1610`VN`1609`1`3`SDI`0`SX`2`2`0`II`0`CP`1611`VN`1579`2`0`II`0`CP`228`VN`1612`2`0`II`0`CP`1565`VN`1613`2`0`hui`0`n`Favorites: VOL013-473260748547`hnact`top._swe._sweapp.S_App.GotoView(&amp;quot;Sales Order-Favorites Catalog View&amp;quot;, &amp;quot;&amp;quot;, &amp;quot;/ecommunications_enu_nsm_aps05524a027/start.swe?SWENeedContext=false&amp;amp;SWECmd=GotoBookmarkView&amp;amp;SWEBMC=45&amp;amp;SWEC=45&amp;amp;SRN=xK7T2pIB2ZOV15hwlQxQF5reKcoUB8VpMTZr7we8uAEb&amp;quot;, top._sweclient._swecontent._sweview)`1`7`Command Manager`0`RefreshToolbar`true`7`0`StateToolBar`0`#35`true`#36`true`#17`true`#34`true`#8`false`#37`true`#38`true`0`1`StateExToolBar`0`1`0`#35`0`Checked`false`0`3`FlagsToolBar`0`3`0`#8`0`SWESP`true`SWEH`0`SWEW`0`3`0`#34`0`SWESP`true`SWEH`600`SWEW`800`3`0`#36`0`SWESP`true`SWEH`20`SWEW`380`3`0`State`0`#27`false`#26`false`#28`false`0`3`StateEx`0`0`0`#26`0`0`0`#27`0`1`0`#28`0`Checked`false`0`0`Flags`0`0`6`Accelerators`0`0`2`Quote Catalog Template Item List Applet`0`2`0``0`Command``class`#FL`2`0``0`Command``class`#F`0`2`UMF Message List Applet - SI`0`2`0``0`Command``class`#FL`2`0``0`Command``class`#F`0`3`Catalog Order Header Form Applet`0`2`0``0`key`01068`Command`*Browser Applet* *DeleteRecord*Catalog Order Header Form Applet* `2`0``0`key`01168`Command`*Browser Applet* *DeleteRecord*Catalog Order Header Form Applet* `2`0``0`Command``class`#F`0`2`Order Entry - Line Item List Applet (Sales) - Short`0`2`0``0`Command``class`#FL`2`0``0`Command``class`#F`0`2`Quote Catalog Template List Applet`0`2`0``0`Command``class`#FL`2`0``0`Command``class`#F`0`2`Quote Catalog Template Item XA List Applet`0`2`0``0`Command``class`#FL`2`0``0`Command``class`#F`</responseData>
  <responseFile class="java.lang.String"></responseFile>
  <cookies class="java.lang.String">_sn=GXmoeGkdwh1O45lrH7mMIZnLMWvqHkVWiQKqDOICOq1fi95anXYMaCRAX879ujDRD9kS4J75N4kGDX576Q2AKmwZPUBih-4NS80Pc1189OxasEbdAsHiEtIhcnCzZ0zWb5V6QpVraL0TTGU4ktkGZq374g8C0pUBRhKVASKeW21TgUW5eIkswq97I-.qG-kr; _srn=_srn; SWEUAID=SWEUAID</cookies>
  <method class="java.lang.String">POST</method>
  <queryString class="java.lang.String">SWER=0&amp;SWEVI=&amp;SWERowId=3-61EV7QGW&amp;SWEC=44&amp;SWEMethod=GoToOrder&amp;SWEReqRowId=1&amp;SWERPC=1&amp;SWENeedContext=true&amp;SWEApplet=BT+Techcheck+Activity+Form+Applet&amp;SWEActiveApplet=BT+Techcheck+Activity+Form+Applet&amp;SWEView=BT+Techcheck+Activity+Notes+View&amp;SWECmd=InvokeMethod&amp;SWEField=s_3_1_174_0&amp;SRN=xK7T2pIB2ZOV15hwlQxQF5reKcoUB8VpMTZr7we8uAEb&amp;SWESP=false&amp;SWEBID=-1&amp;SWETS={{\d+}}&amp;SWEActiveView=BT+Techcheck+Activity+Notes+View&amp;SWEDIC=false&amp;SWEP=&amp;SWERowIds=</queryString>
  <java.net.URL>http://localhost:8080/ecommunications_enu_nsm_aps05524a027/start.swe</java.net.URL>
</httpSample>
<httpSample t="{{\d+}}" it="0" lt="{{\d+}}" ct="{{\d+}}" ts="{{\d+}}" s="true" lb="{{\d+}} /ecommunications_enu_nsm_aps05524a027/start.swe" rc="200" rm="OK" tn="Thread Group 1-1" dt="text" de="utf-8" by="3899" sby="1180" sc="1" ec="0" ng="1" na="1" hn="{{.*?}}">
  <responseHeader class="java.lang.String">HTTP/1.1 200 OK
Connection: close
Server: Oracle-iPlanet-Web-Server/7.0
Date: Tue, 23 Jun 2020 13:02:54 GMT
Content-Language: en
Cache-Control: no-cache
Content-Type: text/html;charset=utf-8
Matched-Stub-Id: {{\w+-\w+-\w+-\w+-\w+}}
Vary: Accept-Encoding, User-Agent
Content-Encoding: gzip
</responseHeader>
  <requestHeader class="java.lang.String">Connection: close
Referer: http://localhost:8080/ecommunications_enu_nsm_aps05524a027/start.swe?SWENeedContext=false&amp;SWECmd=GetCachedFrame&amp;SWEACn=23534&amp;SWEC=3&amp;SWEFrame=top._sweclient._swecontent._sweview&amp;SWEBID=-1&amp;SRN=xK7T2pIB2ZOV15hwlQxQF5reKcoUB8VpMTZr7we8uAEb&amp;SWETS=
Accept-Language: en-GB
DNT: 1
Accept-Encoding: gzip, deflate
Accept: image/jpeg, application/x-ms-application, image/gif, application/xaml+xml, image/pjpeg, application/x-ms-xbap, */*
User-Agent: Mozilla/4.0 (compatible; MSIE 7.0; Windows NT 6.3; WOW64; Trident/7.0; .NET4.0E; .NET4.0C; .NET CLR 3.5.30729; .NET CLR 2.0.50727; .NET CLR 3.0.30729)
Host: localhost:8080
</requestHeader>
  <responseData class="java.lang.String">&lt;HTML &gt;&lt;head&gt;&lt;meta HTTP-EQUIV=&quot;Pragma&quot; CONTENT=&quot;no-cache&quot;&gt;
&lt;title&gt;Favorites&lt;/title&gt;&lt;link href=&quot;files/main.css&quot; rel=&quot;stylesheet&quot;/&gt;
&lt;script language=&quot;javascript&quot; src=&quot;23048/scripts/swecommon.js&quot;&gt;&lt;/script&gt; 
&lt;script language=&quot;javascript&quot; src=&quot;23048/scripts/swecmn_hi.js&quot;&gt;&lt;/script&gt; 
&lt;/head&gt;&lt;body leftmargin=&quot;8&quot; topmargin=&quot;2&quot; marginwidth=&quot;20&quot; marginheight=&quot;2&quot; class=&quot;ScreenBack&quot;&gt;&lt;script&gt;
if(typeof(top._swescript)!=&apos;undefined&apos;&amp;&amp;top._swescript!=null) top._swescript.InitFrame(this);&lt;/script&gt;
&lt;table datatable=&quot;0&quot; summary=&quot;&quot; border=&quot;0&quot; cellspacing=&quot;0&quot; cellpadding=&quot;1&quot; width=&quot;100%&quot;&gt;&lt;tr&gt;&lt;/tr&gt;&lt;/table&gt;&lt;a name=&quot;SWEApplet3&quot; id=&quot;SWEApplet3&quot; href=&quot;#SWEApplet3&quot; title=&quot;Sales Order&quot;&gt;&lt;/a&gt;
&lt;div id=&apos;s_S_A3_div&apos;oncontextmenu=&apos;HandleContextMenu(&quot;Catalog Order Header Form Applet&quot;)&apos; onclick=&apos;HandleAppletClick(&quot;Catalog Order Header Form Applet&quot;)&apos;&gt;
&lt;a id=&quot;SWETopHidden3&quot; href=&quot;javascript:void(0);&quot; tabindex=&quot;1000&quot;&gt;&lt;/a&gt;&lt;table datatable=&quot;0&quot; summary=&quot;&quot; cellpadding=&quot;0&quot; cellspacing=&quot;0&quot; border=&quot;0&quot;&gt;&lt;tr&gt;&lt;td&gt;&lt;img src=&quot;images/spacer.gif&quot; width=&quot;1&quot; height=&quot;3&quot; alt=&quot;&quot;&gt;&lt;/td&gt;&lt;/tr&gt;&lt;/table&gt;&lt;form name=&quot;SWEForm3_0&quot; method=&quot;post&quot; action=&quot;/ecommunications_enu_nsm_aps05524a027/start.swe&quot; onSubmit=&quot;return false;&quot; &gt;
&lt;div class=&quot;NotSelected&quot; id=&quot;a_3&quot;&gt;&lt;table datatable=&quot;0&quot; summary=&quot;&quot; width=&quot;100%&quot; cellpadding=&quot;0&quot; cellspacing=&quot;0&quot; border=&quot;0&quot; align=&quot;center&quot; class=&quot;AppletBack&quot;&gt;&lt;tr&gt;&lt;td class=&quot;AppletHIFormBorder&quot;&gt;&lt;span class=&quot;AppletStyleParent77&quot;&gt;&lt;table datatable=&quot;0&quot; summary=&quot;&quot; width=&quot;100%&quot; cellspacing=&quot;0&quot; cellpadding=&quot;2&quot; border=&quot;0&quot; align=&quot;center&quot;&gt;&lt;tr class=&quot;AppletButtons&quot;&gt;&lt;td nowrap width=&quot;100%&quot; class=&quot;AppletTitle&quot;&gt;&amp;nbsp;&lt;span id=s_3_1_36_0&gt;&amp;nbsp;&lt;/span&gt;&lt;div style=&apos;display:none;&apos;&gt;Sales Order&lt;/div&gt;&lt;/td&gt;&lt;td nowrap valign=&quot;absmiddle&quot; class=&quot;legend&quot;&gt;&lt;/td&gt;&lt;td width=&quot;100%&quot;&gt;&amp;nbsp;&lt;img src=&quot;images/btn_div_gray.gif&quot; height=&quot;13&quot; align=&quot;middle&quot; alt=&quot;&quot;&gt;&amp;nbsp;&lt;/td&gt;&lt;td valign=&quot;middle&quot; nowrap&gt;&lt;span id=&apos;SWEApplet3_ctrlmsg&apos;&gt;&lt;/span&gt;&lt;/td&gt;&lt;td class=&quot;AppletTitle&quot; valign=&quot;middle&quot; nowrap&gt;&lt;span id=s_3_1_91_0&gt;&amp;nbsp;&lt;/span&gt;&lt;/td&gt;&lt;td class=&quot;AppletTitle&quot; valign=&quot;middle&quot; nowrap&gt;&amp;nbsp;&lt;span id=s_3_rc&gt;&lt;/span&gt;&amp;nbsp;&lt;/td&gt;&lt;td class=&quot;AppletTitle&quot; valign=&quot;middle&quot; nowrap&gt;&lt;span id=s_3_1_90_0&gt;&amp;nbsp;&lt;/span&gt;&lt;/td&gt;&lt;td&gt;&amp;nbsp;&lt;/td&gt;&lt;td class=&quot;AppletTitle&quot; valign=&quot;middle&quot;&gt;&lt;img src=&quot;images/btn_div.gif&quot; height=&quot;13&quot; align=&quot;middle&quot; alt=&quot;&quot;&gt;&lt;/td&gt;&lt;td&gt;&amp;nbsp;&lt;/td&gt;&lt;td valign=&quot;middle&quot; nowrap&gt;&lt;span id=s_3_1_54_0&gt;&amp;nbsp;&lt;/span&gt;&lt;/td&gt;&lt;td valign=&quot;top&quot; align=&quot;right&quot;&gt;&lt;/td&gt;&lt;/tr&gt;&lt;/table&gt;&lt;table datatable=&quot;0&quot; summary=&quot;&quot; class=&quot;AppletBackTable&quot; width=&quot;100%&quot; cellspacing=&quot;0&quot; cellpadding=&quot;2&quot; align=&quot;center&quot;&gt;&lt;tr class=&quot;AppletBack&quot; align=&quot;left&quot;&gt;&lt;td nowrap class=&quot;AppletMenu&quot;&gt;&lt;span class=&quot;miniBtnUICTop&quot;&gt;&lt;span class=&quot;miniBtnUIC&quot;&gt;&lt;a id=&apos;s_at_m_3&apos; href=&quot;javascript:void(0)&quot; onclick=&quot;window.event.cancelBubble=true; _JMenu_Initialize(this, &apos;Catalog Order Header Form Applet&apos;, &apos;Applet&apos;, s_at_m_3Ax, 0, false); return false;&quot; onmouseover=&quot;MinibtnHover(this.parentNode)&quot; onmouseout=&quot;MinibtnOut(this.parentNode)&quot; onmousedown=&quot;MinibtnDown(this.parentNode)&quot; onmouseup=&quot;MinibtnUp(this.parentNode)&quot; &gt;Menu&amp;nbsp;&lt;img border=&quot;0&quot; src=&quot;images/img_arrow.gif&quot; align=&quot;center&quot;&gt;&lt;/a&gt;&lt;/span&gt;&lt;/span&gt;&lt;object id= &quot;s_at_m_3Ax&quot; CLASSID=&quot;CLSID:9174862b-ac3b-4f9f-abc9-a0a3c9fd95d4&quot; codebase=&quot;23048/applets/SiebelAx_HI_Client.cab&quot; width=0 height = 0&gt;&lt;/object&gt;&lt;/td&gt;&lt;td&gt;&lt;img height=1 alt=&quot;&quot; src=&quot;images/spacer.gif&quot; width=4&gt;&lt;/td&gt;&lt;td&gt;&lt;img src=&quot;images/btn_div_gray.gif&quot; height=&quot;13&quot; align=&quot;middle&quot; alt=&quot;&quot;&gt;&lt;/td&gt;&lt;td&gt;&lt;img src=&quot;images/spacer.gif&quot; width=&quot;4&quot; height=&quot;1&quot; alt=&quot;&quot;&gt;&lt;/td&gt;&lt;td nowrap&gt;&lt;span id=s_3_1_26_0&gt;&amp;nbsp;&lt;/span&gt;&lt;/td&gt;&lt;td nowrap&gt;&lt;span id=s_3_1_21_0&gt;&amp;nbsp;&lt;/span&gt;&lt;/td&gt;&lt;td nowrap&gt;&lt;span id=s_3_1_45_0&gt;&amp;nbsp;&lt;/span&gt;&lt;/td&gt;&lt;td nowrap&gt;&lt;span id=s_3_1_15_0&gt;&amp;nbsp;&lt;/span&gt;&lt;/td&gt;&lt;td nowrap&gt;&lt;span id=s_3_1_16_0&gt;&amp;nbsp;&lt;/span&gt;&lt;/td&gt;&lt;td&gt;&lt;table datatable=&quot;0&quot; summary=&quot;&quot; width=&quot;100%&quot; valign=&quot;top&quot; align=&quot;center&quot; cellpadding=&apos;0&apos; cellspacing=&apos;0&apos; border=&apos;0&apos;&gt;&lt;/table&gt;&lt;/td&gt;&lt;td class=&quot;mceGridLabel&quot; align=&quot;left&quot; width=&quot;100%&quot; nowrap&gt;&amp;nbsp;&lt;b&gt;&lt;span id=3_msg&gt;&lt;/span&gt;&lt;/b&gt;&lt;/td&gt;&lt;/tr&gt;&lt;/table&gt;&lt;table datatable=&quot;0&quot; summary=&quot;&quot; class=&quot;AppletBackTable&quot; width=&quot;100%&quot; cellspacing=&quot;0&quot; cellpadding=&quot;0&quot; align=&quot;center&quot;&gt;&lt;tr class=&quot;AppletBack&quot;&gt;&lt;td class=&quot;AppletBack&quot;&gt;&lt;img src=&quot;images/spacer.gif&quot; height=&quot;1&quot; width=&quot;1&quot; alt=&quot;&quot;&gt;&lt;/td&gt;&lt;td class=&quot;AppletBlank&quot; width=&quot;100%&quot;&gt;&lt;img src=&quot;images/spacer.gif&quot; height=&quot;1&quot; width=&quot;1&quot; alt=&quot;&quot;&gt;&lt;/td&gt;&lt;/tr&gt;&lt;/table&gt;&lt;span id=3_c_err style=&quot;display: none;&quot;&gt;&lt;table datatable=&quot;0&quot; summary=&quot;&quot; class=&quot;AppletBack&quot; width=&quot;100%&quot; cellpadding=&quot;0&quot; cellspacing=&quot;5&quot; border=&quot;0&quot;&gt;&lt;tr&gt;&lt;td class=&quot;error&quot;&gt;&lt;/td&gt;&lt;/tr&gt;&lt;/table&gt;&lt;/span&gt;&lt;div class=&quot;NotSelected&quot; id=&quot;a_3&quot;&gt;&lt;div align=left style=&quot;width:100%;&quot; class=&quot;GridBorder&quot;&gt;&lt;table class=&quot;GridBack&quot; border=0 cellspacing=0 cellpadding=0&gt;&lt;tr&gt;&lt;td&gt;&lt;/td&gt;&lt;td style=&quot;width:8px;&quot;&gt;&lt;/td&gt;&lt;td style=&quot;width:120px;&quot;&gt;&lt;/td&gt;&lt;td style=&quot;width:128px;&quot;&gt;&lt;/td&gt;&lt;td style=&quot;width:8px;&quot;&gt;&lt;/td&gt;&lt;td style=&quot;width:120px;&quot;&gt;&lt;/td&gt;&lt;td style=&quot;width:128px;&quot;&gt;&lt;/td&gt;&lt;td style=&quot;width:8px;&quot;&gt;&lt;/td&gt;&lt;td style=&quot;width:120px;&quot;&gt;&lt;/td&gt;&lt;td style=&quot;width:128px;&quot;&gt;&lt;/td&gt;&lt;td style=&quot;width:8px;&quot;&gt;&lt;/td&gt;&lt;td style=&quot;width:120px;&quot;&gt;&lt;/td&gt;&lt;td style=&quot;width:128px;&quot;&gt;&lt;/td&gt;&lt;/tr&gt;&lt;tr&gt;&lt;td style=&quot;height:8;&quot;&gt;&lt;/td&gt;&lt;td rowSpan=1 colSpan=12&gt;&lt;/td&gt;&lt;/tr&gt;&lt;tr&gt;&lt;td style=&quot;height:24;&quot;&gt;&lt;/td&gt;&lt;td nowrap valign=middle colSpan=2 rowSpan=1&gt;&lt;div class=&quot;mceGridLabel&quot; align=&quot;Right&quot;&gt;&amp;nbsp;Order #:&lt;img src=&quot;images/icon_req.gif&quot; border=&quot;0&quot; space=&quot;0&quot; hspace=&quot;0&quot; alt=&quot;Required&quot;  title=&quot;Required&quot; &gt;&lt;/img&gt;&lt;/div&gt;&lt;/td&gt;&lt;td nowrap valign=middle colSpan=1 rowSpan=1&gt;&lt;div class=&quot;mceGridField&quot;&gt;&lt;script&gt;SWEWriteObjectTag(this,&apos;&lt;object id=s_3_1_59_0 CLASSID=&quot;CLSID:1cb4ef94-8549-471a-b73f-54ff5c244212&quot; HEIGHT=24 WIDTH=128&gt;&lt;/object&gt;&apos;);&lt;/script&gt;&lt;/div&gt;&lt;/td&gt;&lt;td rowSpan=2 colSpan=1&gt;&lt;/td&gt;&lt;td nowrap valign=middle colSpan=1 rowSpan=1&gt;&lt;div class=&quot;mceGridLabel&quot; align=&quot;Right&quot;&gt;&amp;nbsp;Account:&lt;/div&gt;&lt;/td&gt;&lt;td nowrap valign=middle colSpan=1 rowSpan=1&gt;&lt;div class=&quot;mceGridField&quot;&gt;&lt;script&gt;SWEWriteObjectTag(this,&apos;&lt;object id=s_3_1_49_0 CLASSID=&quot;CLSID:1cb4ef94-8549-471a-b73f-54ff5c244212&quot; HEIGHT=24 WIDTH=128&gt;&lt;/object&gt;&apos;);&lt;/script&gt;&lt;/div&gt;&lt;/td&gt;&lt;td nowrap valign=middle colSpan=2 rowSpan=1&gt;&lt;div class=&quot;mceGridLabel&quot; align=&quot;Right&quot;&gt;&amp;nbsp;Opportunity:&lt;/div&gt;&lt;/td&gt;&lt;td nowrap valign=middle colSpan=1 rowSpan=1&gt;&lt;div class=&quot;mceGridField&quot;&gt;&lt;script&gt;SWEWriteObjectTag(this,&apos;&lt;object id=s_3_1_34_0 CLASSID=&quot;CLSID:1cb4ef94-8549-471a-b73f-54ff5c244212&quot; HEIGHT=24 WIDTH=128&gt;&lt;/object&gt;&apos;);&lt;/script&gt;&lt;/div&gt;&lt;/td&gt;&lt;td nowrap valign=middle colSpan=2 rowSpan=1&gt;&lt;div class=&quot;mceGridLabel&quot; align=&quot;Right&quot;&gt;&amp;nbsp;Total:&lt;/div&gt;&lt;/td&gt;&lt;td nowrap valign=middle colSpan=1 rowSpan=1&gt;&lt;div class=&quot;mceGridField&quot;&gt;&lt;script&gt;SWEWriteObjectTag(this,&apos;&lt;object id=s_3_1_55_0 CLASSID=&quot;CLSID:1cb4ef94-8549-471a-b73f-54ff5c244212&quot; HEIGHT=24 WIDTH=128&gt;&lt;/object&gt;&apos;);&lt;/script&gt;&lt;/div&gt;&lt;/td&gt;&lt;/tr&gt;&lt;tr&gt;&lt;td style=&quot;height:24;&quot;&gt;&lt;/td&gt;&lt;td nowrap valign=middle colSpan=2 rowSpan=1&gt;&lt;div class=&quot;mceGridLabel&quot; align=&quot;Right&quot;&gt;&amp;nbsp;Revision:&lt;/div&gt;&lt;/td&gt;&lt;td nowrap valign=middle colSpan=1 rowSpan=1&gt;&lt;div class=&quot;mceGridField&quot;&gt;&lt;script&gt;SWEWriteObjectTag(this,&apos;&lt;object id=s_3_1_57_0 CLASSID=&quot;CLSID:1cb4ef94-8549-471a-b73f-54ff5c244212&quot; HEIGHT=24 WIDTH=128&gt;&lt;/object&gt;&apos;);&lt;/script&gt;&lt;/div&gt;&lt;/td&gt;&lt;td nowrap valign=middle colSpan=1 rowSpan=1&gt;&lt;div class=&quot;mceGridLabel&quot; align=&quot;Right&quot;&gt;&amp;nbsp;Site:&lt;/div&gt;&lt;/td&gt;&lt;td nowrap valign=middle colSpan=1 rowSpan=1&gt;&lt;div class=&quot;mceGridField&quot;&gt;&lt;script&gt;SWEWriteObjectTag(this,&apos;&lt;object id=s_3_1_75_0 CLASSID=&quot;CLSID:1cb4ef94-8549-471a-b73f-54ff5c244212&quot; HEIGHT=24 WIDTH=128&gt;&lt;/object&gt;&apos;);&lt;/script&gt;&lt;/div&gt;&lt;/td&gt;&lt;td rowSpan=1 colSpan=1&gt;&lt;/td&gt;&lt;td nowrap valign=middle colSpan=1 rowSpan=1&gt;&lt;div class=&quot;mceGridLabel&quot; align=&quot;Right&quot;&gt;&amp;nbsp;Status:&lt;img src=&quot;images/icon_req.gif&quot; border=&quot;0&quot; space=&quot;0&quot; hspace=&quot;0&quot; alt=&quot;Required&quot;  title=&quot;Required&quot; &gt;&lt;/img&gt;&lt;/div&gt;&lt;/td&gt;&lt;td nowrap valign=middle colSpan=1 rowSpan=1&gt;&lt;div class=&quot;mceGridField&quot;&gt;&lt;script&gt;SWEWriteObjectTag(this,&apos;&lt;object id=s_3_1_64_0 CLASSID=&quot;CLSID:1cb4ef94-8549-471a-b73f-54ff5c244212&quot; HEIGHT=24 WIDTH=128&gt;&lt;/object&gt;&apos;);&lt;/script&gt;&lt;/div&gt;&lt;/td&gt;&lt;td rowSpan=1 colSpan=1&gt;&lt;/td&gt;&lt;td nowrap valign=middle colSpan=1 rowSpan=1&gt;&lt;div class=&quot;mceGridLabel&quot; align=&quot;Right&quot;&gt;&amp;nbsp;Price List:&lt;/div&gt;&lt;/td&gt;&lt;td nowrap valign=middle colSpan=1 rowSpan=1&gt;&lt;div class=&quot;mceGridField&quot;&gt;&lt;script&gt;SWEWriteObjectTag(this,&apos;&lt;object id=s_3_1_71_0 CLASSID=&quot;CLSID:1cb4ef94-8549-471a-b73f-54ff5c244212&quot; HEIGHT=24 WIDTH=128&gt;&lt;/object&gt;&apos;);&lt;/script&gt;&lt;/div&gt;&lt;/td&gt;&lt;/tr&gt;&lt;/table&gt;&lt;/div&gt;&lt;/div&gt;&lt;/span&gt;&lt;/td&gt;&lt;/tr&gt;&lt;/table&gt;&lt;/div&gt;&lt;/form&gt;
&lt;a id=&quot;SWEBottomHidden3&quot; href=&quot;javascript:void(0);&quot; tabindex=&quot;1999&quot; onfocus=&quot;document.getElementById(&apos;SWETopHidden3&apos;).focus();&quot;&gt;&lt;/a&gt;&lt;/div&gt;&lt;table datatable=&quot;0&quot; summary=&quot;&quot; class=&quot;tier3Back&quot; width=&quot;100%&quot; align=&quot;center&quot; cellpadding=&quot;0&quot; cellspacing=&quot;0&quot; border=&quot;0&quot;&gt;&lt;tr valign=&quot;top&quot;&gt;&lt;td&gt;&lt;img src=&quot;images/spacer.gif&quot; width=&quot;1&quot; height=&quot;3&quot; alt=&quot;&quot;&gt;&lt;/td&gt;&lt;/tr&gt;&lt;/table&gt;&lt;div id=s_vctrl_div STYLE=&quot;height:37px&quot;&gt;&lt;div&gt; &lt;/div&gt;&lt;script&gt;SWEWriteObjectTag(this,&apos;&lt;OBJECT ID=&quot;s_vctrl&quot; CLASSID=&quot;clsid:bfb7437b-a5ea-4d13-a552-4150b0fdf838&quot; CODEBASE=&quot;&quot; WIDTH =&quot;100%&quot; HEIGHT =&quot;100%&quot;  tabindex=-1 &gt;&lt;PARAM NAME=&quot;style&quot; VALUE=&quot;Tab&quot;/&gt;&lt;PARAM NAME=&quot;indentWidth&quot; VALUE=&quot;30&quot;/&gt;&lt;PARAM NAME=&quot;anchorTab&quot; VALUE=&quot;true&quot;/&gt;&lt;PARAM NAME=&quot;type&quot; VALUE=&quot;Detail Category With View&quot;/&gt;&lt;/OBJECT&gt;&apos;);&lt;/script&gt;&lt;/div&gt;&lt;div style=&quot;width:100%; border-color:#E0E5F5; border-style: solid; border-width: 0 1 1 1; padding: 0 3 3 3;&quot;&gt;&lt;table datatable=&quot;0&quot; summary=&quot;&quot; width=&quot;100%&quot; border=&quot;0&quot; cellspacing=&quot;0&quot; cellpadding=&quot;3&quot;&gt;&lt;tr valign=&quot;top&quot;&gt;&lt;td width=&quot;80%&quot;&gt;&lt;a name=&quot;SWEApplet6&quot; id=&quot;SWEApplet6&quot; href=&quot;#SWEApplet6&quot; title=&quot;Favorites&quot;&gt;&lt;/a&gt;
&lt;div id=&apos;s_S_A6_div&apos;oncontextmenu=&apos;HandleContextMenu(&quot;Quote Catalog Template List Applet&quot;)&apos; onclick=&apos;HandleAppletClick(&quot;Quote Catalog Template List Applet&quot;)&apos;&gt;
&lt;a id=&quot;SWETopHidden6&quot; href=&quot;javascript:void(0);&quot; tabindex=&quot;2000&quot;&gt;&lt;/a&gt;&lt;table datatable=&quot;0&quot; summary=&quot;&quot;&gt;&lt;tr&gt;&lt;td&gt;&lt;img src=&quot;images/spacer.gif&quot; width=&quot;1&quot; height=&quot;3&quot; alt=&quot;&quot;&gt;&lt;/td&gt;&lt;/tr&gt;&lt;/table&gt;&lt;form name=&quot;SWEForm6_0&quot; method=&quot;post&quot; action=&quot;/ecommunications_enu_nsm_aps05524a027/start.swe&quot; &gt;
&lt;span class=&quot;AppletStyleChild77&quot;&gt;&lt;div class=&quot;NotSelected&quot; id=&quot;a_6&quot;&gt;&lt;table datatable=&quot;0&quot; summary=&quot;&quot; width=&quot;100%&quot; cellspacing=&quot;0&quot; cellpadding=&quot;2&quot; border=&quot;0&quot; align=&quot;center&quot;&gt;&lt;tr class=&quot;AppletButtons&quot; align=&quot;left&quot;&gt;&lt;td class=&quot;AppletTitle&quot; nowrap&gt;&amp;nbsp;Favorites&amp;nbsp;&amp;nbsp;&lt;img src=&quot;images/btn_div_gray.gif&quot; height=&quot;13&quot; align=&quot;middle&quot; alt=&quot;&quot;&gt;&amp;nbsp;&lt;/td&gt;&lt;td nowrap class=&quot;AppletMenu&quot;&gt;&lt;span class=&quot;miniBtnUICTop&quot;&gt;&lt;span class=&quot;miniBtnUIC&quot;&gt;&lt;a id=&apos;s_at_m_6&apos; href=&quot;javascript:void(0)&quot; onclick=&quot;window.event.cancelBubble=true; _JMenu_Initialize(this, &apos;Quote Catalog Template List Applet&apos;, &apos;Applet&apos;, s_at_m_6Ax, 0, false); return false;&quot; onmouseover=&quot;MinibtnHover(this.parentNode)&quot; onmouseout=&quot;MinibtnOut(this.parentNode)&quot; onmousedown=&quot;MinibtnDown(this.parentNode)&quot; onmouseup=&quot;MinibtnUp(this.parentNode)&quot; &gt;Menu&amp;nbsp;&lt;img border=&quot;0&quot; src=&quot;images/img_arrow.gif&quot; align=&quot;center&quot;&gt;&lt;/a&gt;&lt;/span&gt;&lt;/span&gt;&lt;object id= &quot;s_at_m_6Ax&quot; CLASSID=&quot;CLSID:9174862b-ac3b-4f9f-abc9-a0a3c9fd95d4&quot; codebase=&quot;23048/applets/SiebelAx_HI_Client.cab&quot; width=0 height = 0&gt;&lt;/object&gt;&lt;/td&gt;&lt;td&gt;&lt;img height=1 alt=&quot;&quot; src=&quot;images/spacer.gif&quot; width=4&gt;&lt;/td&gt;&lt;td&gt;&lt;img src=&quot;images/btn_div_gray.gif&quot; height=&quot;13&quot; align=&quot;middle&quot; alt=&quot;&quot;&gt;&lt;/td&gt;&lt;td&gt;&lt;img src=&quot;images/spacer.gif&quot; width=&quot;4&quot; height=&quot;1&quot; alt=&quot;&quot;&gt;&lt;/td&gt;&lt;td nowrap&gt;&lt;span id=s_6_1_15_0&gt;&amp;nbsp;&lt;/span&gt;&lt;/td&gt;&lt;td nowrap&gt;&lt;span id=s_6_1_12_0&gt;&amp;nbsp;&lt;/span&gt;&lt;/td&gt;&lt;td nowrap&gt;&lt;span id=s_6_1_17_0&gt;&amp;nbsp;&lt;/span&gt;&lt;/td&gt;&lt;td nowrap&gt;&lt;span id=s_6_1_8_0&gt;&amp;nbsp;&lt;/span&gt;&lt;/td&gt;&lt;td nowrap&gt;&lt;span id=s_6_1_7_0&gt;&amp;nbsp;&lt;/span&gt;&lt;/td&gt;&lt;td nowrap&gt;&lt;span id=s_6_1_16_0&gt;&amp;nbsp;&lt;/span&gt;&lt;/td&gt;&lt;td&gt;&lt;table datatable=&quot;0&quot; summary=&quot;&quot; width=&quot;100%&quot; valign=&quot;top&quot; align=&quot;center&quot; cellpadding=&apos;0&apos; cellspacing=&apos;0&apos; border=&apos;0&apos;&gt;&lt;/table&gt;&lt;/td&gt;&lt;td nowrap&gt;&amp;nbsp;&lt;b&gt;&lt;span id=6_msg&gt;&lt;/span&gt;&lt;/b&gt;&lt;/td&gt;&lt;td align=&quot;right&quot; width=&quot;100%&quot;&gt;&lt;td valign=&quot;middle&quot; nowrap&gt;&lt;span id=&apos;SWEApplet6_ctrlmsg&apos;&gt;&lt;/span&gt;&lt;/td&gt;&lt;td valign=&quot;middle&quot; nowrap&gt;&amp;nbsp;&lt;span id=s_6_rc&gt;&lt;/span&gt;&amp;nbsp;&lt;/td&gt;&lt;td valign=&quot;middle&quot;&gt;&amp;nbsp;&lt;img src=&quot;images/btn_div_gray.gif&quot; height=&quot;13&quot; align=&quot;middle&quot; alt=&quot;&quot;&gt;&amp;nbsp;&lt;/td&gt;&lt;td valign=&quot;middle&quot; nowrap&gt;&lt;span id=s_6_1_3_0&gt;&amp;nbsp;&lt;/span&gt;&lt;/td&gt;&lt;/td&gt;&lt;td valign=&quot;top&quot; align=&quot;right&quot;&gt;&lt;/td&gt;&lt;/tr&gt;&lt;/table&gt;&lt;span id=6_c_err style=&quot;display: none;&quot;&gt;&lt;table datatable=&quot;0&quot; summary=&quot;&quot; class=&quot;AppletBack&quot; width=&quot;100%&quot; cellpadding=&quot;4&quot; cellspacing=&quot;0&quot; border=&quot;0&quot;&gt;&lt;tr&gt;&lt;td class=&quot;error&quot;&gt;&lt;br&gt;&amp;nbsp;&lt;/td&gt;&lt;/tr&gt;&lt;/table&gt;&lt;/span&gt;&lt;div class=&quot;AppletHIListBorder&quot;&gt;&lt;div id=&quot;s_6_ld&quot; STYLE=&quot;height:160px&quot;&gt;&lt;div&gt;&lt;/div&gt;&lt;script&gt;SWEWriteObjectTag(this,&apos;&lt;object id=&quot;s_6_l&quot;  CLASSID=&quot;CLSID:a9967980-c623-4092-b952-fcf15f67b8a5&quot; WIDTH=100% HEIGHT=100%&gt;&lt;/OBJECT&gt;&apos;);&lt;/script&gt;&lt;/div&gt;&lt;/div&gt;&lt;/div&gt;&lt;/span&gt;&lt;/form&gt;
&lt;a id=&quot;SWEBottomHidden6&quot; href=&quot;javascript:void(0);&quot; tabindex=&quot;2999&quot; onfocus=&quot;document.getElementById(&apos;SWETopHidden6&apos;).focus();&quot;&gt;&lt;/a&gt;&lt;/div&gt;&lt;a name=&quot;SWEApplet1&quot; id=&quot;SWEApplet1&quot; href=&quot;#SWEApplet1&quot; title=&quot;Products&quot;&gt;&lt;/a&gt;
&lt;div id=&apos;s_S_A1_div&apos;oncontextmenu=&apos;HandleContextMenu(&quot;Quote Catalog Template Item List Applet&quot;)&apos; onclick=&apos;HandleAppletClick(&quot;Quote Catalog Template Item List Applet&quot;)&apos;&gt;
&lt;a id=&quot;SWETopHidden1&quot; href=&quot;javascript:void(0);&quot; tabindex=&quot;3000&quot;&gt;&lt;/a&gt;&lt;table datatable=&quot;0&quot; summary=&quot;&quot;&gt;&lt;tr&gt;&lt;td&gt;&lt;img src=&quot;images/spacer.gif&quot; width=&quot;1&quot; height=&quot;3&quot; alt=&quot;&quot;&gt;&lt;/td&gt;&lt;/tr&gt;&lt;/table&gt;&lt;form name=&quot;SWEForm1_0&quot; method=&quot;post&quot; action=&quot;/ecommunications_enu_nsm_aps05524a027/start.swe&quot; &gt;
&lt;span class=&quot;AppletStyleChild77&quot;&gt;&lt;div class=&quot;NotSelected&quot; id=&quot;a_1&quot;&gt;&lt;table datatable=&quot;0&quot; summary=&quot;&quot; width=&quot;100%&quot; cellspacing=&quot;0&quot; cellpadding=&quot;2&quot; border=&quot;0&quot; align=&quot;center&quot;&gt;&lt;tr class=&quot;AppletButtons&quot; align=&quot;left&quot;&gt;&lt;td class=&quot;AppletTitle&quot; nowrap&gt;&amp;nbsp;Products&amp;nbsp;&amp;nbsp;&lt;img src=&quot;images/btn_div_gray.gif&quot; height=&quot;13&quot; align=&quot;middle&quot; alt=&quot;&quot;&gt;&amp;nbsp;&lt;/td&gt;&lt;td nowrap class=&quot;AppletMenu&quot;&gt;&lt;span class=&quot;miniBtnUICTop&quot;&gt;&lt;span class=&quot;miniBtnUIC&quot;&gt;&lt;a id=&apos;s_at_m_1&apos; href=&quot;javascript:void(0)&quot; onclick=&quot;window.event.cancelBubble=true; _JMenu_Initialize(this, &apos;Quote Catalog Template Item List Applet&apos;, &apos;Applet&apos;, s_at_m_1Ax, 0, false); return false;&quot; onmouseover=&quot;MinibtnHover(this.parentNode)&quot; onmouseout=&quot;MinibtnOut(this.parentNode)&quot; onmousedown=&quot;MinibtnDown(this.parentNode)&quot; onmouseup=&quot;MinibtnUp(this.parentNode)&quot; &gt;Menu&amp;nbsp;&lt;img border=&quot;0&quot; src=&quot;images/img_arrow.gif&quot; align=&quot;center&quot;&gt;&lt;/a&gt;&lt;/span&gt;&lt;/span&gt;&lt;object id= &quot;s_at_m_1Ax&quot; CLASSID=&quot;CLSID:9174862b-ac3b-4f9f-abc9-a0a3c9fd95d4&quot; codebase=&quot;23048/applets/SiebelAx_HI_Client.cab&quot; width=0 height = 0&gt;&lt;/object&gt;&lt;/td&gt;&lt;td&gt;&lt;img height=1 alt=&quot;&quot; src=&quot;images/spacer.gif&quot; width=4&gt;&lt;/td&gt;&lt;td&gt;&lt;img src=&quot;images/btn_div_gray.gif&quot; height=&quot;13&quot; align=&quot;middle&quot; alt=&quot;&quot;&gt;&lt;/td&gt;&lt;td&gt;&lt;img src=&quot;images/spacer.gif&quot; width=&quot;4&quot; height=&quot;1&quot; alt=&quot;&quot;&gt;&lt;/td&gt;&lt;td nowrap&gt;&lt;span id=s_1_1_3_0&gt;&amp;nbsp;&lt;/span&gt;&lt;/td&gt;&lt;td nowrap&gt;&lt;span id=s_1_1_2_0&gt;&amp;nbsp;&lt;/span&gt;&lt;/td&gt;&lt;td nowrap&gt;&lt;span id=s_1_1_1_0&gt;&amp;nbsp;&lt;/span&gt;&lt;/td&gt;&lt;td nowrap&gt;&lt;span id=s_1_1_9_0&gt;&amp;nbsp;&lt;/span&gt;&lt;/td&gt;&lt;td nowrap&gt;&lt;span id=s_1_1_4_0&gt;&amp;nbsp;&lt;/span&gt;&lt;/td&gt;&lt;td nowrap&gt;&lt;span id=s_1_1_11_0&gt;&amp;nbsp;&lt;/span&gt;&lt;/td&gt;&lt;td nowrap&gt;&lt;span id=s_1_1_8_0&gt;&amp;nbsp;&lt;/span&gt;&lt;/td&gt;&lt;td&gt;&lt;table datatable=&quot;0&quot; summary=&quot;&quot; width=&quot;100%&quot; valign=&quot;top&quot; align=&quot;center&quot; cellpadding=&apos;0&apos; cellspacing=&apos;0&apos; border=&apos;0&apos;&gt;&lt;/table&gt;&lt;/td&gt;&lt;td nowrap&gt;&amp;nbsp;&lt;b&gt;&lt;span id=1_msg&gt;&lt;/span&gt;&lt;/b&gt;&lt;/td&gt;&lt;td align=&quot;right&quot; width=&quot;100%&quot;&gt;&lt;td valign=&quot;middle&quot; nowrap&gt;&lt;span id=&apos;SWEApplet1_ctrlmsg&apos;&gt;&lt;/span&gt;&lt;/td&gt;&lt;td valign=&quot;middle&quot; nowrap&gt;&amp;nbsp;&lt;span id=s_1_rc&gt;&lt;/span&gt;&amp;nbsp;&lt;/td&gt;&lt;td valign=&quot;middle&quot;&gt;&amp;nbsp;&lt;img src=&quot;images/btn_div_gray.gif&quot; height=&quot;13&quot; align=&quot;middle&quot; alt=&quot;&quot;&gt;&amp;nbsp;&lt;/td&gt;&lt;td valign=&quot;middle&quot; nowrap&gt;&lt;span id=s_1_1_0_0&gt;&amp;nbsp;&lt;/span&gt;&lt;/td&gt;&lt;/td&gt;&lt;td valign=&quot;top&quot; align=&quot;right&quot;&gt;&lt;/td&gt;&lt;/tr&gt;&lt;/table&gt;&lt;span id=1_c_err style=&quot;display: none;&quot;&gt;&lt;table datatable=&quot;0&quot; summary=&quot;&quot; class=&quot;AppletBack&quot; width=&quot;100%&quot; cellpadding=&quot;4&quot; cellspacing=&quot;0&quot; border=&quot;0&quot;&gt;&lt;tr&gt;&lt;td class=&quot;error&quot;&gt;&lt;br&gt;&amp;nbsp;&lt;/td&gt;&lt;/tr&gt;&lt;/table&gt;&lt;/span&gt;&lt;div class=&quot;AppletHIListBorder&quot;&gt;&lt;div id=&quot;s_1_ld&quot; STYLE=&quot;height:160px&quot;&gt;&lt;div&gt;&lt;/div&gt;&lt;script&gt;SWEWriteObjectTag(this,&apos;&lt;object id=&quot;s_1_l&quot;  CLASSID=&quot;CLSID:a9967980-c623-4092-b952-fcf15f67b8a5&quot; WIDTH=100% HEIGHT=100%&gt;&lt;/OBJECT&gt;&apos;);&lt;/script&gt;&lt;/div&gt;&lt;/div&gt;&lt;/div&gt;&lt;/span&gt;&lt;/form&gt;
&lt;a id=&quot;SWEBottomHidden1&quot; href=&quot;javascript:void(0);&quot; tabindex=&quot;3999&quot; onfocus=&quot;document.getElementById(&apos;SWETopHidden1&apos;).focus();&quot;&gt;&lt;/a&gt;&lt;/div&gt;&lt;a name=&quot;SWEApplet5&quot; id=&quot;SWEApplet5&quot; href=&quot;#SWEApplet5&quot; title=&quot;Attributes&quot;&gt;&lt;/a&gt;
&lt;div id=&apos;s_S_A5_div&apos;oncontextmenu=&apos;HandleContextMenu(&quot;Quote Catalog Template Item XA List Applet&quot;)&apos; onclick=&apos;HandleAppletClick(&quot;Quote Catalog Template Item XA List Applet&quot;)&apos;&gt;
&lt;a id=&quot;SWETopHidden5&quot; href=&quot;javascript:void(0);&quot; tabindex=&quot;4000&quot;&gt;&lt;/a&gt;&lt;table datatable=&quot;0&quot; summary=&quot;&quot;&gt;&lt;tr&gt;&lt;td&gt;&lt;img src=&quot;images/spacer.gif&quot; width=&quot;1&quot; height=&quot;3&quot; alt=&quot;&quot;&gt;&lt;/td&gt;&lt;/tr&gt;&lt;/table&gt;&lt;form name=&quot;SWEForm5_0&quot; method=&quot;post&quot; action=&quot;/ecommunications_enu_nsm_aps05524a027/start.swe&quot; &gt;
&lt;span class=&quot;AppletStyleChild77&quot;&gt;&lt;div class=&quot;NotSelected&quot; id=&quot;a_5&quot;&gt;&lt;table datatable=&quot;0&quot; summary=&quot;&quot; width=&quot;100%&quot; cellspacing=&quot;0&quot; cellpadding=&quot;2&quot; border=&quot;0&quot; align=&quot;center&quot;&gt;&lt;tr class=&quot;AppletButtons&quot; align=&quot;left&quot;&gt;&lt;td class=&quot;AppletTitle&quot; nowrap&gt;&amp;nbsp;Attributes&amp;nbsp;&amp;nbsp;&lt;img src=&quot;images/btn_div_gray.gif&quot; height=&quot;13&quot; align=&quot;middle&quot; alt=&quot;&quot;&gt;&amp;nbsp;&lt;/td&gt;&lt;td nowrap class=&quot;AppletMenu&quot;&gt;&lt;span class=&quot;miniBtnUICTop&quot;&gt;&lt;span class=&quot;miniBtnUIC&quot;&gt;&lt;a id=&apos;s_at_m_5&apos; href=&quot;javascript:void(0)&quot; onclick=&quot;window.event.cancelBubble=true; _JMenu_Initialize(this, &apos;Quote Catalog Template Item XA List Applet&apos;, &apos;Applet&apos;, s_at_m_5Ax, 0, false); return false;&quot; onmouseover=&quot;MinibtnHover(this.parentNode)&quot; onmouseout=&quot;MinibtnOut(this.parentNode)&quot; onmousedown=&quot;MinibtnDown(this.parentNode)&quot; onmouseup=&quot;MinibtnUp(this.parentNode)&quot; &gt;Menu&amp;nbsp;&lt;img border=&quot;0&quot; src=&quot;images/img_arrow.gif&quot; align=&quot;center&quot;&gt;&lt;/a&gt;&lt;/span&gt;&lt;/span&gt;&lt;object id= &quot;s_at_m_5Ax&quot; CLASSID=&quot;CLSID:9174862b-ac3b-4f9f-abc9-a0a3c9fd95d4&quot; codebase=&quot;23048/applets/SiebelAx_HI_Client.cab&quot; width=0 height = 0&gt;&lt;/object&gt;&lt;/td&gt;&lt;td&gt;&lt;img height=1 alt=&quot;&quot; src=&quot;images/spacer.gif&quot; width=4&gt;&lt;/td&gt;&lt;td&gt;&lt;img src=&quot;images/btn_div_gray.gif&quot; height=&quot;13&quot; align=&quot;middle&quot; alt=&quot;&quot;&gt;&lt;/td&gt;&lt;td&gt;&lt;img src=&quot;images/spacer.gif&quot; width=&quot;4&quot; height=&quot;1&quot; alt=&quot;&quot;&gt;&lt;/td&gt;&lt;td nowrap&gt;&lt;span id=s_5_1_20_0&gt;&amp;nbsp;&lt;/span&gt;&lt;/td&gt;&lt;td nowrap&gt;&lt;span id=s_5_1_15_0&gt;&amp;nbsp;&lt;/span&gt;&lt;/td&gt;&lt;td nowrap&gt;&lt;span id=s_5_1_7_0&gt;&amp;nbsp;&lt;/span&gt;&lt;/td&gt;&lt;td nowrap&gt;&lt;span id=s_5_1_6_0&gt;&amp;nbsp;&lt;/span&gt;&lt;/td&gt;&lt;td nowrap&gt;&lt;span id=s_5_1_5_0&gt;&amp;nbsp;&lt;/span&gt;&lt;/td&gt;&lt;td&gt;&lt;table datatable=&quot;0&quot; summary=&quot;&quot; width=&quot;100%&quot; valign=&quot;top&quot; align=&quot;center&quot; cellpadding=&apos;0&apos; cellspacing=&apos;0&apos; border=&apos;0&apos;&gt;&lt;/table&gt;&lt;/td&gt;&lt;td nowrap&gt;&amp;nbsp;&lt;b&gt;&lt;span id=5_msg&gt;&lt;/span&gt;&lt;/b&gt;&lt;/td&gt;&lt;td align=&quot;right&quot; width=&quot;100%&quot;&gt;&lt;td valign=&quot;middle&quot; nowrap&gt;&lt;span id=&apos;SWEApplet5_ctrlmsg&apos;&gt;&lt;/span&gt;&lt;/td&gt;&lt;td valign=&quot;middle&quot; nowrap&gt;&amp;nbsp;&lt;span id=s_5_rc&gt;&lt;/span&gt;&amp;nbsp;&lt;/td&gt;&lt;td valign=&quot;middle&quot;&gt;&amp;nbsp;&lt;img src=&quot;images/btn_div_gray.gif&quot; height=&quot;13&quot; align=&quot;middle&quot; alt=&quot;&quot;&gt;&amp;nbsp;&lt;/td&gt;&lt;td valign=&quot;middle&quot; nowrap&gt;&lt;span id=s_5_1_4_0&gt;&amp;nbsp;&lt;/span&gt;&lt;/td&gt;&lt;/td&gt;&lt;td valign=&quot;top&quot; align=&quot;right&quot;&gt;&lt;/td&gt;&lt;/tr&gt;&lt;/table&gt;&lt;span id=5_c_err style=&quot;display: none;&quot;&gt;&lt;table datatable=&quot;0&quot; summary=&quot;&quot; class=&quot;AppletBack&quot; width=&quot;100%&quot; cellpadding=&quot;4&quot; cellspacing=&quot;0&quot; border=&quot;0&quot;&gt;&lt;tr&gt;&lt;td class=&quot;error&quot;&gt;&lt;br&gt;&amp;nbsp;&lt;/td&gt;&lt;/tr&gt;&lt;/table&gt;&lt;/span&gt;&lt;div class=&quot;AppletHIListBorder&quot;&gt;&lt;div id=&quot;s_5_ld&quot; STYLE=&quot;height:160px&quot;&gt;&lt;div&gt;&lt;/div&gt;&lt;script&gt;SWEWriteObjectTag(this,&apos;&lt;object id=&quot;s_5_l&quot;  CLASSID=&quot;CLSID:a9967980-c623-4092-b952-fcf15f67b8a5&quot; WIDTH=100% HEIGHT=100%&gt;&lt;/OBJECT&gt;&apos;);&lt;/script&gt;&lt;/div&gt;&lt;/div&gt;&lt;/div&gt;&lt;/span&gt;&lt;/form&gt;
&lt;a id=&quot;SWEBottomHidden5&quot; href=&quot;javascript:void(0);&quot; tabindex=&quot;4999&quot; onfocus=&quot;document.getElementById(&apos;SWETopHidden5&apos;).focus();&quot;&gt;&lt;/a&gt;&lt;/div&gt;&lt;/td&gt;&lt;td width=&quot;20%&quot;&gt;&lt;a name=&quot;SWEApplet4&quot; id=&quot;SWEApplet4&quot; href=&quot;#SWEApplet4&quot; title=&quot;Line Items&quot;&gt;&lt;/a&gt;
&lt;div id=&apos;s_S_A4_div&apos;oncontextmenu=&apos;HandleContextMenu(&quot;Order Entry - Line Item List Applet (Sales\) - Short&quot;)&apos; onclick=&apos;HandleAppletClick(&quot;Order Entry - Line Item List Applet (Sales\) - Short&quot;)&apos;&gt;
&lt;a id=&quot;SWETopHidden4&quot; href=&quot;javascript:void(0);&quot; tabindex=&quot;5000&quot;&gt;&lt;/a&gt;&lt;table datatable=&quot;0&quot; summary=&quot;&quot;&gt;&lt;tr&gt;&lt;td&gt;&lt;img src=&quot;images/spacer.gif&quot; width=&quot;1&quot; height=&quot;3&quot; alt=&quot;&quot;&gt;&lt;/td&gt;&lt;/tr&gt;&lt;/table&gt;&lt;form name=&quot;SWEForm4_0&quot; method=&quot;post&quot; action=&quot;/ecommunications_enu_nsm_aps05524a027/start.swe&quot; &gt;
&lt;span class=&quot;AppletStyleChild77&quot;&gt;&lt;div class=&quot;NotSelected&quot; id=&quot;a_4&quot;&gt;&lt;table datatable=&quot;0&quot; summary=&quot;&quot; width=&quot;100%&quot; cellspacing=&quot;0&quot; cellpadding=&quot;2&quot; border=&quot;0&quot; align=&quot;center&quot;&gt;&lt;tr class=&quot;AppletButtons&quot; align=&quot;left&quot;&gt;&lt;td class=&quot;AppletTitle&quot; nowrap&gt;&amp;nbsp;Line Items&amp;nbsp;&amp;nbsp;&lt;img src=&quot;images/btn_div_gray.gif&quot; height=&quot;13&quot; align=&quot;middle&quot; alt=&quot;&quot;&gt;&amp;nbsp;&lt;/td&gt;&lt;td nowrap class=&quot;AppletMenu&quot;&gt;&lt;span class=&quot;miniBtnUICTop&quot;&gt;&lt;span class=&quot;miniBtnUIC&quot;&gt;&lt;a id=&apos;s_at_m_4&apos; href=&quot;javascript:void(0)&quot; onclick=&quot;window.event.cancelBubble=true; _JMenu_Initialize(this, &apos;Order Entry - Line Item List Applet (Sales\) - Short&apos;, &apos;Applet&apos;, s_at_m_4Ax, 0, false); return false;&quot; onmouseover=&quot;MinibtnHover(this.parentNode)&quot; onmouseout=&quot;MinibtnOut(this.parentNode)&quot; onmousedown=&quot;MinibtnDown(this.parentNode)&quot; onmouseup=&quot;MinibtnUp(this.parentNode)&quot; &gt;Menu&amp;nbsp;&lt;img border=&quot;0&quot; src=&quot;images/img_arrow.gif&quot; align=&quot;center&quot;&gt;&lt;/a&gt;&lt;/span&gt;&lt;/span&gt;&lt;object id= &quot;s_at_m_4Ax&quot; CLASSID=&quot;CLSID:9174862b-ac3b-4f9f-abc9-a0a3c9fd95d4&quot; codebase=&quot;23048/applets/SiebelAx_HI_Client.cab&quot; width=0 height = 0&gt;&lt;/object&gt;&lt;/td&gt;&lt;td&gt;&lt;img height=1 alt=&quot;&quot; src=&quot;images/spacer.gif&quot; width=4&gt;&lt;/td&gt;&lt;td&gt;&lt;img src=&quot;images/btn_div_gray.gif&quot; height=&quot;13&quot; align=&quot;middle&quot; alt=&quot;&quot;&gt;&lt;/td&gt;&lt;td&gt;&lt;img src=&quot;images/spacer.gif&quot; width=&quot;4&quot; height=&quot;1&quot; alt=&quot;&quot;&gt;&lt;/td&gt;&lt;td nowrap&gt;&lt;span id=s_4_1_26_0&gt;&amp;nbsp;&lt;/span&gt;&lt;/td&gt;&lt;td nowrap&gt;&lt;span id=s_4_1_9_0&gt;&amp;nbsp;&lt;/span&gt;&lt;/td&gt;&lt;td nowrap&gt;&lt;span id=s_4_1_8_0&gt;&amp;nbsp;&lt;/span&gt;&lt;/td&gt;&lt;td nowrap&gt;&lt;span id=s_4_1_10_0&gt;&amp;nbsp;&lt;/span&gt;&lt;/td&gt;&lt;td nowrap&gt;&lt;span id=s_4_1_36_0&gt;&amp;nbsp;&lt;/span&gt;&lt;/td&gt;&lt;td&gt;&lt;table datatable=&quot;0&quot; summary=&quot;&quot; width=&quot;100%&quot; valign=&quot;top&quot; align=&quot;center&quot; cellpadding=&apos;0&apos; cellspacing=&apos;0&apos; border=&apos;0&apos;&gt;&lt;/table&gt;&lt;/td&gt;&lt;td nowrap&gt;&amp;nbsp;&lt;b&gt;&lt;span id=4_msg&gt;&lt;/span&gt;&lt;/b&gt;&lt;/td&gt;&lt;td align=&quot;right&quot; width=&quot;100%&quot;&gt;&lt;td valign=&quot;middle&quot; nowrap&gt;&lt;span id=&apos;SWEApplet4_ctrlmsg&apos;&gt;&lt;/span&gt;&lt;/td&gt;&lt;td valign=&quot;middle&quot; nowrap&gt;&amp;nbsp;&lt;span id=s_4_rc&gt;&lt;/span&gt;&amp;nbsp;&lt;/td&gt;&lt;td valign=&quot;middle&quot;&gt;&amp;nbsp;&lt;img src=&quot;images/btn_div_gray.gif&quot; height=&quot;13&quot; align=&quot;middle&quot; alt=&quot;&quot;&gt;&amp;nbsp;&lt;/td&gt;&lt;td valign=&quot;middle&quot; nowrap&gt;&lt;span id=s_4_1_11_0&gt;&amp;nbsp;&lt;/span&gt;&lt;/td&gt;&lt;/td&gt;&lt;td valign=&quot;top&quot; align=&quot;right&quot;&gt;&lt;/td&gt;&lt;/tr&gt;&lt;/table&gt;&lt;span id=4_c_err style=&quot;display: none;&quot;&gt;&lt;table datatable=&quot;0&quot; summary=&quot;&quot; class=&quot;AppletBack&quot; width=&quot;100%&quot; cellpadding=&quot;4&quot; cellspacing=&quot;0&quot; border=&quot;0&quot;&gt;&lt;tr&gt;&lt;td class=&quot;error&quot;&gt;&lt;br&gt;&amp;nbsp;&lt;/td&gt;&lt;/tr&gt;&lt;/table&gt;&lt;/span&gt;&lt;div class=&quot;AppletHIListBorder&quot;&gt;&lt;div id=&quot;s_4_ld&quot; STYLE=&quot;height:160px&quot;&gt;&lt;div&gt;&lt;/div&gt;&lt;script&gt;SWEWriteObjectTag(this,&apos;&lt;object id=&quot;s_4_l&quot;  CLASSID=&quot;CLSID:a9967980-c623-4092-b952-fcf15f67b8a5&quot; WIDTH=100% HEIGHT=100%&gt;&lt;/OBJECT&gt;&apos;);&lt;/script&gt;&lt;/div&gt;&lt;/div&gt;&lt;/div&gt;&lt;/span&gt;&lt;/form&gt;
&lt;a id=&quot;SWEBottomHidden4&quot; href=&quot;javascript:void(0);&quot; tabindex=&quot;5999&quot; onfocus=&quot;document.getElementById(&apos;SWETopHidden4&apos;).focus();&quot;&gt;&lt;/a&gt;&lt;/div&gt;&lt;a name=&quot;SWEApplet2&quot; id=&quot;SWEApplet2&quot; href=&quot;#SWEApplet2&quot; title=&quot;Messages&quot;&gt;&lt;/a&gt;
&lt;div id=&apos;s_S_A2_div&apos;oncontextmenu=&apos;HandleContextMenu(&quot;UMF Message List Applet - SI&quot;)&apos; onclick=&apos;HandleAppletClick(&quot;UMF Message List Applet - SI&quot;)&apos;&gt;
&lt;a id=&quot;SWETopHidden2&quot; href=&quot;javascript:void(0);&quot; tabindex=&quot;6000&quot; title=&quot;Not Used&quot;&gt;&lt;/a&gt;&lt;object id=s_2_1_4_0 CLASSID=&quot;CLSID:35fe318c-5211-435f-904a-e0f214c9b60e&quot; codebase=&quot;23048/applets/SiebelAx_Prodselection.cab&quot;HEIGHT=&quot;0&quot; WIDTH=&quot;0&quot;&gt;&lt;/object&gt;
&lt;span id=&quot;PRODUCT_SELECTION_UMF Message List Applet - SI&quot;&gt;&lt;/span&gt;&lt;a id=&quot;SWEEndAppletStartAnchor_2&quot; href=&quot;javascript:void(0);&quot; tabindex=&quot;6999&quot;&gt;&lt;/a&gt;&lt;a id=&quot;SWEEndAppletEndAnchor_2&quot; href=&quot;javascript:void(0);&quot; tabindex=&quot;6999&quot; onfocus=&quot;document.getElementById(&apos;SWEEndAppletStartAnchor_2&apos;).focus();&quot;&gt;&lt;/a&gt;&lt;/div&gt;&lt;/td&gt;&lt;/tr&gt;&lt;/table&gt;&lt;/div&gt;&lt;script&gt;

SWEIsHighInteract = true; Top().SWEIsHighInteract = true;
if (typeof(top._samePage) != &apos;undefined&apos; &amp;&amp; top._samePage!=&quot;&quot;) top._samePage = &quot;&quot;;
if (top.opener == null || typeof top.opener.swetop == &apos;unknown&apos; || typeof top.opener.swetop == &apos;undefined&apos;) top._swe._sweapp.S_App.SWECount = 45;
else top.opener.top._swe._sweapp.S_App.SWECount = 45;
g_bInitialized = true;

if(typeof(top._swescript)!=&apos;undefined&apos; &amp;&amp; top._swescript!=null)top._swescript.InitApplet(&quot;Catalog Order Header Form Applet&quot;,&quot;SWEApplet3&quot;,&quot;Sales Order-Favorites Catalog View&quot;,3, this);
if (top._swescript!=null) top._swescript.InitMethod(&quot;GotoAppletMenu&quot;, this, &quot;s_at_m_3&quot;, null, null);
if(top._swe._sweapp._JMenuObj == null)                  
top._swe._sweapp._JMenuObj = new top._swe._sweapp.JMenu();
top._swe._sweapp._JMenuObj.BindAXObj (this.document.getElementById(&quot;s_at_m_3Ax&quot;),&apos;Applet&apos;, &apos;Catalog Order Header Form Applet&apos;, this.document.getElementById(&quot;s_at_m_3&quot;), &quot;s_at_m_3&quot;);
document.oncontextmenu = HandleContextMenu;
if(typeof(top._swescript)!=&apos;undefined&apos; &amp;&amp; top._swescript!=null)top._swescript.InitApplet(&quot;Quote Catalog Template List Applet&quot;,&quot;SWEApplet6&quot;,&quot;Sales Order-Favorites Catalog View&quot;,6, this);
if (top._swescript!=null) top._swescript.InitMethod(&quot;GotoAppletMenu&quot;, this, &quot;s_at_m_6&quot;, null, null);
if(top._swe._sweapp._JMenuObj == null)                  
top._swe._sweapp._JMenuObj = new top._swe._sweapp.JMenu();
top._swe._sweapp._JMenuObj.BindAXObj (this.document.getElementById(&quot;s_at_m_6Ax&quot;),&apos;Applet&apos;, &apos;Quote Catalog Template List Applet&apos;, this.document.getElementById(&quot;s_at_m_6&quot;), &quot;s_at_m_6&quot;);
document.oncontextmenu = HandleContextMenu;
if(typeof(top._swescript)!=&apos;undefined&apos; &amp;&amp; top._swescript!=null)top._swescript.InitApplet(&quot;Quote Catalog Template Item List Applet&quot;,&quot;SWEApplet1&quot;,&quot;Sales Order-Favorites Catalog View&quot;,6, this);
if (top._swescript!=null) top._swescript.InitMethod(&quot;GotoAppletMenu&quot;, this, &quot;s_at_m_1&quot;, null, null);
if(top._swe._sweapp._JMenuObj == null)                  
top._swe._sweapp._JMenuObj = new top._swe._sweapp.JMenu();
top._swe._sweapp._JMenuObj.BindAXObj (this.document.getElementById(&quot;s_at_m_1Ax&quot;),&apos;Applet&apos;, &apos;Quote Catalog Template Item List Applet&apos;, this.document.getElementById(&quot;s_at_m_1&quot;), &quot;s_at_m_1&quot;);
document.oncontextmenu = HandleContextMenu;
if(typeof(top._swescript)!=&apos;undefined&apos; &amp;&amp; top._swescript!=null)top._swescript.InitApplet(&quot;Quote Catalog Template Item XA List Applet&quot;,&quot;SWEApplet5&quot;,&quot;Sales Order-Favorites Catalog View&quot;,6, this);
if (top._swescript!=null) top._swescript.InitMethod(&quot;GotoAppletMenu&quot;, this, &quot;s_at_m_5&quot;, null, null);
if(top._swe._sweapp._JMenuObj == null)                  
top._swe._sweapp._JMenuObj = new top._swe._sweapp.JMenu();
top._swe._sweapp._JMenuObj.BindAXObj (this.document.getElementById(&quot;s_at_m_5Ax&quot;),&apos;Applet&apos;, &apos;Quote Catalog Template Item XA List Applet&apos;, this.document.getElementById(&quot;s_at_m_5&quot;), &quot;s_at_m_5&quot;);
document.oncontextmenu = HandleContextMenu;
if(typeof(top._swescript)!=&apos;undefined&apos; &amp;&amp; top._swescript!=null)top._swescript.InitApplet(&quot;Order Entry - Line Item List Applet (Sales) - Short&quot;,&quot;SWEApplet4&quot;,&quot;Sales Order-Favorites Catalog View&quot;,6, this);
if (top._swescript!=null) top._swescript.InitMethod(&quot;GotoAppletMenu&quot;, this, &quot;s_at_m_4&quot;, null, null);
if(top._swe._sweapp._JMenuObj == null)                  
top._swe._sweapp._JMenuObj = new top._swe._sweapp.JMenu();
top._swe._sweapp._JMenuObj.BindAXObj (this.document.getElementById(&quot;s_at_m_4Ax&quot;),&apos;Applet&apos;, &apos;Order Entry - Line Item List Applet (Sales\) - Short&apos;, this.document.getElementById(&quot;s_at_m_4&quot;), &quot;s_at_m_4&quot;);
document.oncontextmenu = HandleContextMenu;
if(typeof(top._swescript)!=&apos;undefined&apos; &amp;&amp; top._swescript!=null)top._swescript.InitApplet(&quot;UMF Message List Applet - SI&quot;,&quot;SWEApplet2&quot;,&quot;Sales Order-Favorites Catalog View&quot;,1, this);
document.oncontextmenu = HandleContextMenu;

&lt;/script&gt;
&lt;script for=window event=onunload&gt;
top._swe._sweapp.S_App.SetLayoutUnloaded(&quot;View&quot;, &quot;Sales Order-Favorites Catalog View&quot;);
&lt;/script&gt;
&lt;script for=window event=onload&gt;
top._swe._sweapp.S_App.SetLayoutLoaded(&quot;View&quot;, &quot;Sales Order-Favorites Catalog View&quot;, window, &quot;&quot;);
&lt;/script&gt;
&lt;/body&gt;&lt;/html&gt;</responseData>
  <responseFile class="java.lang.String"></responseFile>
  <cookies class="java.lang.String">_sn=GXmoeGkdwh1O45lrH7mMIZnLMWvqHkVWiQKqDOICOq1fi95anXYMaCRAX879ujDRD9kS4J75N4kGDX576Q2AKmwZPUBih-4NS80Pc1189OxasEbdAsHiEtIhcnCzZ0zWb5V6QpVraL0TTGU4ktkGZq374g8C0pUBRhKVASKeW21TgUW5eIkswq97I-.qG-kr; _srn=_srn; SWEUAID=SWEUAID</cookies>
  <method class="java.lang.String">GET</method>
  <queryString class="java.lang.String"></queryString>
  <java.net.URL>http://localhost:8080/ecommunications_enu_nsm_aps05524a027/start.swe?SWECmd=GetViewLayout&amp;SWEView=Sales+Order-Favorites+Catalog+View&amp;SWEVI=&amp;SWEVLC=3-2NTUN-318_Siebel%2BPower%2BCommunications_43%257c1592409810%257c0_0_23048_PATCHSET18PATCHSET18PATCHSET18_L&amp;SRN=xK7T2pIB2ZOV15hwlQxQF5reKcoUB8VpMTZr7we8uAEb</java.net.URL>
</httpSample>
<httpSample t="{{\d+}}" it="0" lt="{{\d+}}" ct="{{\d+}}" ts="{{\d+}}" s="true" lb="{{\d+}} /ecommunications_enu_nsm_aps05524a027/start.swe" rc="200" rm="OK" tn="Thread Group 1-1" dt="text" de="utf-8" by="5722" sby="878" sc="1" ec="0" ng="1" na="1" hn="{{.*?}}">
  <responseHeader class="java.lang.String">HTTP/1.1 200 OK
Connection: close
Server: Oracle-iPlanet-Web-Server/7.0
Date: Tue, 23 Jun 2020 13:02:55 GMT
Content-Language: en
Cache-Control: no-cache
Swerpc: true
Content-Type: text/html;charset=utf-8
Connection: close
Matched-Stub-Id: {{\w+-\w+-\w+-\w+-\w+}}
Vary: Accept-Encoding, User-Agent
</responseHeader>
  <requestHeader class="java.lang.String">Connection: close
Content-Type: application/x-www-form-urlencoded
DNT: 1
Accept-Encoding: deflate
Pragma: no-cache
User-Agent: Mozilla/4.0 (compatible; MSIE 7.0; Windows NT 6.3; WOW64; Trident/7.0; .NET4.0E; .NET4.0C; .NET CLR 3.5.30729; .NET CLR 2.0.50727; .NET CLR 3.0.30729)
Accept: text/html, image/gif, image/jpeg, *; q=.2, */*; q=.2
Content-Length: 190
Host: localhost:8080
</requestHeader>
  <responseData class="java.lang.String">@0`1`5`2``0`UC`1`Status`OK`Result``SWEC`46`SRN`xK7T2pIB2ZOV15hwlQxQF5reKcoUB8VpMTZr7we8uAEb`0`38`Notifications`0`2`0``0`OP`bn`bc`S_BC6`7`0``0`br`0`ArgsArray`34*Quote Catalog Template List Applet1*11*01*01*01*01*01*0`size`7`cr`6`OP`g`bc`S_BC6`type`SWEIRowSelection`8`0``0`br`0`value`0`ar`0`state`n`size`7`cr`6`OP`sc`bc`S_BC6`8`0``0`br`0`value`1`ar`0`state`bExecuted`size`7`cr`6`OP`sc`bc`S_BC6`8`0``0`br`0`value`0`ar`0`state`cp`size`7`cr`6`OP`sc`bc`S_BC6`8`0``0`br`0`value`0`ar`0`state`np`size`7`cr`6`OP`sc`bc`S_BC6`8`0``0`br`0`value`1`ar`0`state`n`size`7`cr`6`OP`sc`bc`S_BC6`8`0``0`br`0`value`0`ar`0`state`n`size`7`cr`6`OP`sc`bc`S_BC6`8`0``0`br`0`value`1`ar`0`state`bExecuted`size`7`cr`6`OP`sc`bc`S_BC6`8`0``0`br`0`value`0`ar`0`state`cp`size`7`cr`6`OP`sc`bc`S_BC6`8`0``0`br`0`value`0`ar`0`state`np`size`7`cr`6`OP`sc`bc`S_BC6`8`0``0`br`0`value`1`ar`0`state`n`size`7`cr`6`OP`sc`bc`S_BC6`8`0``0`br`0`value`0`ar`0`state`n`size`7`cr`6`OP`sc`bc`S_BC6`8`0``0`br`0`value`1`ar`0`state`bExecuted`size`7`cr`6`OP`sc`bc`S_BC6`8`0``0`br`0`value`0`ar`0`state`cp`size`7`cr`6`OP`sc`bc`S_BC6`8`0``0`br`0`value`0`ar`0`state`np`size`7`cr`6`OP`sc`bc`S_BC6`8`0``0`br`0`value`1`ar`0`state`n`size`7`cr`6`OP`sc`bc`S_BC6`8`0``0`br`0`value`0`ar`0`state`n`size`7`cr`6`OP`sc`bc`S_BC6`8`0``0`br`0`ar`0`size`7`index`0`cr`6`OP`dw`bc`S_BC6`nr`-1`7`1``0`br`0`ar`0`size`7`index`0`cr`6`OP`iw`bc`S_BC6`1`0`FieldValues`0`ValueArray`26*UAP 12m Renewable Contract56*001 Unlimited Anytime Plan on 12month Renewable Contract9*1-9UIZ08I`7`1``0`br`0`ar`0`size`7`index`1`cr`6`OP`iw`bc`S_BC6`1`0`FieldValues`0`ValueArray`3*UWP26*002 Unlimited Weekend Plan9*1-5FW9PTA`7`1``0`br`0`ar`0`size`7`index`2`cr`6`OP`iw`bc`S_BC6`1`0`FieldValues`0`ValueArray`21*BBOp3,18m term,DV,CPE92*003 Â£5.87 off for 3mths, free Hub+Phone, BBTalk Eve+Wkends, Advanced Security, Digital Vault9*1-5FW9PTE`7`1``0`br`0`ar`0`size`7`index`3`cr`6`OP`iw`bc`S_BC6`1`0`FieldValues`0`ValueArray`21*BBOp2,18m term,DV,Hub86*004 Â£6.85 off for 3mths, free Hub, BBTalk Eve+Wkends, Advanced Security, Digital Vault9*1-5FW9PTP`7`1``0`br`0`ar`0`size`7`index`4`cr`6`OP`iw`bc`S_BC6`1`0`FieldValues`0`ValueArray`21*BBOp1,18m term,DV,Hub64*005 Â£7.86 off for 3mths, free Hub, Basic Security, Digital Vault9*1-9UIZ08G`7`1``0`br`0`ar`0`size`7`index`5`cr`6`OP`iw`bc`S_BC6`1`0`FieldValues`0`ValueArray`45*Sim:UEWP renew 12m term,BBOp3,18m term,DV,CPE125*006 Unlimited Eve+Wkend Plan, BB OP3 Â£5.87 off for 3mths, free Hub+Phone, BBTalk Eve+Wkends, Advanced Security, Digital Vault9*1-5FW9PU2`7`1``0`br`0`ar`0`size`7`index`6`cr`6`OP`iw`bc`S_BC6`1`0`FieldValues`0`ValueArray`45*Sim:UEWP renew 12m term,BBOp2,18m term,DV,Hub119*007 Unlimited Eve+Wkend Plan, BB OP2 Â£6.85 off for 3mths, free Hub, BBTalk Eve+Wkends, Advanced Security, Digital Vault9*1-9UIZ08H`8`0``0`br`0`value`1`ar`0`state`bExecuted`size`7`cr`6`OP`sc`bc`S_BC6`8`0``0`br`0`value`0`ar`0`state`activeRow`size`7`cr`6`OP`sc`bc`S_BC6`8`0``0`br`0`value`0`ar`0`state`cp`size`7`cr`6`OP`sc`bc`S_BC6`8`0``0`br`0`value`0`ar`0`state`np`size`7`cr`6`OP`sc`bc`S_BC6`8`0``0`br`0`value`1`ar`0`state`n`size`7`cr`6`OP`sc`bc`S_BC6`2`0``0`OP`en`bc`S_BC6`2`0``0`OP`bn`bc`S_BC1`7`0``0`br`0`ArgsArray`39*Quote Catalog Template Item List Applet1*1`size`7`cr`0`OP`g`bc`S_BC1`type`SWEIRowSelection`2`0``0`OP`en`bc`S_BC1`2`0``0`OP`bn`bc`S_BC3`7`0``0`br`0`ArgsArray`32*Catalog Order Header Form Applet1*1`size`1`cr`0`OP`g`bc`S_BC3`type`SWEIRowSelection`2`0``0`OP`en`bc`S_BC3`1`6`Command Manager`0`RefreshToolbar`true`7`0`StateToolBar`0`#35`true`#36`true`#17`true`#34`true`#8`false`#37`true`#38`true`0`1`StateExToolBar`0`1`0`#35`0`Checked`false`0`3`FlagsToolBar`0`3`0`#8`0`SWESP`true`SWEH`0`SWEW`0`3`0`#34`0`SWESP`true`SWEH`600`SWEW`800`3`0`#36`0`SWESP`true`SWEH`20`SWEW`380`42`0`State`0`#180`true`#171`false`#151`true`#148`false`#178`true`#176`false`#155`true`#166`false`#153`false`#152`false`#27`false`#179`true`#164`false`#163`true`#159`false`#147`false`#26`false`#184`true`#175`true`#162`true`#158`false`#183`true`#169`false`#146`true`#28`false`#177`false`#174`true`#165`true`#157`true`#154`true`#182`false`#168`true`#150`true`#161`true`#181`false`#172`false`#149`true`#156`true`#170`true`#167`false`#173`true`#160`true`0`3`StateEx`0`0`0`#26`0`0`0`#27`0`1`0`#28`0`Checked`false`0`30`Flags`0`3`0`#146`0`SWESP`true`SWEH`230`SWEW`420`3`0`#147`0`SWESP`true`SWEH`200`SWEW`400`3`0`#148`0`SWESP`true`SWEH`0`SWEW`0`3`0`#149`0`SWESP`true`SWEH`20`SWEW`380`3`0`#150`0`SWESP`true`SWEH`290`SWEW`470`3`0`#151`0`SWESP`true`SWEH`230`SWEW`420`3`0`#152`0`SWESP`true`SWEH`200`SWEW`400`3`0`#153`0`SWESP`true`SWEH`0`SWEW`0`3`0`#154`0`SWESP`true`SWEH`20`SWEW`380`3`0`#155`0`SWESP`true`SWEH`290`SWEW`470`3`0`#160`0`SWESP`true`SWEH`0`SWEW`0`3`0`#162`0`SWESP`true`SWEH`20`SWEW`380`3`0`#163`0`SWESP`true`SWEH`290`SWEW`470`3`0`#164`0`SWESP`true`SWEH`0`SWEW`0`3`0`#166`0`SWESP`true`SWEH`550`SWEW`300`3`0`#170`0`SWESP`true`SWEH`230`SWEW`420`3`0`#171`0`SWESP`true`SWEH`200`SWEW`400`3`0`#172`0`SWESP`true`SWEH`0`SWEW`0`3`0`#173`0`SWESP`true`SWEH`20`SWEW`380`3`0`#174`0`SWESP`true`SWEH`290`SWEW`470`3`0`#175`0`SWESP`true`SWEH`230`SWEW`420`3`0`#176`0`SWESP`true`SWEH`200`SWEW`400`3`0`#177`0`SWESP`true`SWEH`0`SWEW`0`3`0`#178`0`SWESP`true`SWEH`20`SWEW`380`3`0`#179`0`SWESP`true`SWEH`290`SWEW`470`3`0`#180`0`SWESP`true`SWEH`230`SWEW`420`3`0`#181`0`SWESP`true`SWEH`200`SWEW`400`3`0`#182`0`SWESP`true`SWEH`0`SWEW`0`3`0`#183`0`SWESP`true`SWEH`20`SWEW`380`3`0`#184`0`SWESP`true`SWEH`290`SWEW`470`</responseData>
  <responseFile class="java.lang.String"></responseFile>
  <cookies class="java.lang.String">_sn=GXmoeGkdwh1O45lrH7mMIZnLMWvqHkVWiQKqDOICOq1fi95anXYMaCRAX879ujDRD9kS4J75N4kGDX576Q2AKmwZPUBih-4NS80Pc1189OxasEbdAsHiEtIhcnCzZ0zWb5V6QpVraL0TTGU4ktkGZq374g8C0pUBRhKVASKeW21TgUW5eIkswq97I-.qG-kr; _srn=_srn; SWEUAID=SWEUAID</cookies>
  <method class="java.lang.String">POST</method>
  <queryString class="java.lang.String">SWEC=45&amp;SWEMethod=SetProfileAttr&amp;SWERPC=1&amp;SWECmd=InvokeMethod&amp;SRN=xK7T2pIB2ZOV15hwlQxQF5reKcoUB8VpMTZr7we8uAEb&amp;SWEIPS=%400*0*2*0*14*SetProfileAttr3*0*5*value10*3-61EV8AO38*attrName8*Order_Id</queryString>
  <java.net.URL>http://localhost:8080/ecommunications_enu_nsm_aps05524a027/start.swe</java.net.URL>
</httpSample>
<httpSample t="{{\d+}}" it="0" lt="{{\d+}}" ct="{{\d+}}" ts="{{\d+}}" s="true" lb="{{\d+}} /ecommunications_enu_nsm_aps05524a027/start.swe" rc="200" rm="OK" tn="Thread Group 1-1" dt="text" de="utf-8" by="825" sby="1000" sc="1" ec="0" ng="1" na="1" hn="{{.*?}}">
  <responseHeader class="java.lang.String">HTTP/1.1 200 OK
Connection: close
Server: Oracle-iPlanet-Web-Server/7.0
Date: Tue, 23 Jun 2020 13:02:55 GMT
Content-Language: en
Cache-Control: no-cache
Swerpc: true
Content-Type: text/html;charset=utf-8
Connection: close
Matched-Stub-Id: {{\w+-\w+-\w+-\w+-\w+}}
Vary: Accept-Encoding, User-Agent
</responseHeader>
  <requestHeader class="java.lang.String">Connection: close
Content-Type: application/x-www-form-urlencoded
DNT: 1
Accept-Encoding: deflate
Pragma: no-cache
User-Agent: Mozilla/4.0 (compatible; MSIE 7.0; Windows NT 6.3; WOW64; Trident/7.0; .NET4.0E; .NET4.0C; .NET CLR 3.5.30729; .NET CLR 2.0.50727; .NET CLR 3.0.30729)
Accept: text/html, image/gif, image/jpeg, *; q=.2, */*; q=.2
Content-Length: 312
Host: localhost:8080
</requestHeader>
  <responseData class="java.lang.String">@0`1`4`1``0`UC`1`Status`Completed`SWEC`47`SRN`xK7T2pIB2ZOV15hwlQxQF5reKcoUB8VpMTZr7we8uAEb`1`6`Command Manager`0`RefreshToolbar`true`7`0`StateToolBar`0`#35`true`#36`true`#17`true`#34`true`#8`false`#37`true`#38`true`0`1`StateExToolBar`0`1`0`#35`0`Checked`false`0`3`FlagsToolBar`0`3`0`#8`0`SWESP`true`SWEH`0`SWEW`0`3`0`#34`0`SWESP`true`SWEH`600`SWEW`800`3`0`#36`0`SWESP`true`SWEH`20`SWEW`380`3`0`State`0`#27`false`#26`false`#28`false`0`3`StateEx`0`0`0`#26`0`0`0`#27`0`1`0`#28`0`Checked`false`0`0`Flags`0`</responseData>
  <responseFile class="java.lang.String"></responseFile>
  <cookies class="java.lang.String">_sn=GXmoeGkdwh1O45lrH7mMIZnLMWvqHkVWiQKqDOICOq1fi95anXYMaCRAX879ujDRD9kS4J75N4kGDX576Q2AKmwZPUBih-4NS80Pc1189OxasEbdAsHiEtIhcnCzZ0zWb5V6QpVraL0TTGU4ktkGZq374g8C0pUBRhKVASKeW21TgUW5eIkswq97I-.qG-kr; _srn=_srn; SWEUAID=SWEUAID</cookies>
  <method class="java.lang.String">POST</method>
  <queryString class="java.lang.String">SWEVI=&amp;SWERowId=&amp;SWEC=46&amp;SWEMethod=RecommendationsBT&amp;SWEReqRowId=0&amp;SWERPC=1&amp;SWEApplet=Order+Entry+-+Line+Item+List+Applet+%28Sales%29+-+Short&amp;SWEView=Sales+Order-Favorites+Catalog+View&amp;SWECmd=InvokeMethod&amp;SRN=xK7T2pIB2ZOV15hwlQxQF5reKcoUB8VpMTZr7we8uAEb&amp;SWETS={{\d+}}&amp;SWEP=&amp;SWERowIds=SWERowId0%3D3-61EV8AO3</queryString>
  <java.net.URL>http://localhost:8080/ecommunications_enu_nsm_aps05524a027/start.swe</java.net.URL>
</httpSample>
<httpSample t="{{\d+}}" it="0" lt="{{\d+}}" ct="{{\d+}}" ts="{{\d+}}" s="true" lb="{{\d+}} /ecommunications_enu_nsm_aps05524a027/start.swe" rc="200" rm="OK" tn="Thread Group 1-1" dt="text" de="utf-8" by="136194" sby="990" sc="1" ec="0" ng="1" na="1" hn="{{.*?}}">
  <responseHeader class="java.lang.String">HTTP/1.1 200 OK
Connection: close
Server: Oracle-iPlanet-Web-Server/7.0
Date: Tue, 23 Jun 2020 13:03:21 GMT
Content-Language: en
Cache-Control: no-cache
Swerpc: true
Content-Type: text/html;charset=utf-8
Matched-Stub-Id: {{\w+-\w+-\w+-\w+-\w+}}
Vary: Accept-Encoding, User-Agent
</responseHeader>
  <requestHeader class="java.lang.String">Connection: close
Content-Type: application/x-www-form-urlencoded
DNT: 1
Accept-Encoding: deflate
Pragma: no-cache
User-Agent: Mozilla/4.0 (compatible; MSIE 7.0; Windows NT 6.3; WOW64; Trident/7.0; .NET4.0E; .NET4.0C; .NET CLR 3.5.30729; .NET CLR 2.0.50727; .NET CLR 3.0.30729)
Accept: text/html, image/gif, image/jpeg, *; q=.2, */*; q=.2
Content-Length: 302
Host: localhost:8080
</requestHeader>
  <responseData class="java.lang.String">@0`1`7`3``0`Target`top._sweclient._swecontent._sweview`UC`1`ViewId``Status`NewLayout`View`Sales Order-Browse Catalog View`SWEC`48`SRN`xK7T2pIB2ZOV15hwlQxQF5reKcoUB8VpMTZr7we8uAEb`0`5`api`0`2`0`sc`0`rqc`48`v`10*Categories20*Parent Category Name15*Parent Category10*Name Count19*UpdateCategoryCount8*Collapse6*Expand7*TestEAI7*Service15*RecountCategory10*BlankLabel23*LinkUpdateCategoryCount12*ReqTextLabel13*RequiredLabel20*LabelEditAppletTitle19*LabelNewAppletTitle14*UpdatePriceAll9*Bcollapse7*Bexpand8*BTestEAI8*Bservice11*Active Flag16*Audit Percentage13*Followup Flag21*No Auto Response Flag16*No Training Flag18*Response Threshold10*Catalog Id12*Private Flag19*ThumbnImageFileName16*Display Template20*Extended Description20*Effective Start Date5*Usage5*Count15*Sequence Number19*ISSCDA Project Name7*Catalog13*Shopping Cart6*Remove34*Promotion Relationship Description28*Promotions Visual Indicators20*Thumbnail Image Name13*BTCreditCheck12*Credit Check20*BT Add Service Point17*Add Service Point17*BTAddServicePoint12*BTS Discount17*BT Sport Discount11*BTSDiscount9*Get AOSOs7*GetAOSO6*PortIn12*Add PAC/STAC21*Generate Appointments18*GenerateAppointmnt25*Mobile Promotion Transfer15*Transfer in SIM12*RecoverOrder13*Recover Order19*Replay Failed Order16*RecoverCopyOrder6*BTMaxi13*Get HD Offers14*GetNTVPPOffers11*GenActivity23*Generate Activity Plans16*GenActivityPlans5*btnNS15*Network Service16*BTNetworkService14*BTSendAdHocKCI8*Send KCI24*BT Request Shop Feedback21*Request Shop Feedback13*OrderResponse20*Get BT Plus Benefits17*Get Halo Benefits9*GetBTPlus12*HTML Hidden214*SubmitOrderSvc20*BT House Hold Button25*Household Mobile Benefits45*Name of the account associated with the order20*Billing Profile Link4*null43*&lt;div align=\&quot;right\&quot;&gt;Billing Account Number28*Person who created the order18*ReadAuditOrderCalc13*Audited Order20*ReadAudit Order Calc3*LE:12*Legal Entity17*Return To Account14*Requested Date23*Customer Requested Date10*DD/MM/YYYY17*BT Dealer Channel14*Dealer Channel20*BT Fulfill Lock Flag17*Fulfill Lock Flag27*The Sub-Status of the order19*Contact First Name121*Order Fulfilment Date21*Disconnect Order Date12*Team (Queue)10*Sales Team23*Picklist Cease Category18*Contact Last Name19*Comments112*BTSetCADFlag15*BT Set CAD Flag11*Submit Date19*Alternate Telephone32*BT Telephone Contact (Alternate)20*BT Order Cancel Flag17*Order Cancel Flag33*BT Preferred Communication Method8*BT Email16*BT Email Contact12*BT Telephone9*Telephone20*BT Telephone Contact14*BT Credit Risk11*Credit Risk12*Records Only37*Exported Once To Transaction Workbook23*BT Advance Payment Type20*Advance Payment Type15*BT Dealer Store12*Dealer Store10*OrderType110*BT Deposit22*Advance Payment Amount25*BT Manual Worthiness Flag20*BT Manual Worthiness20*Delivery Instruction17*Ship Instructions19*BT Order Worthiness16*Order Worthiness20*Customer Agreed Date16*Approved By Date50*Date the Customer Agreed for the Shipment of Order13*BT Order Risk10*Order Risk15*Account Order #16*BT Customer Type15*BT Product Line12*Product Line18*Success Dependency30*SWIPickList Success Dependency30*Sales Credit Assignment Status40*Checked to indicate this order is active15*Copied To Order15*BT PSTN Product19*BT PSTN Product Sum11*Approved By40*Login ID of employee approving the Order15*Priority Status12*KCI Required15*BT KCI Required11*CSS Account29*BT CSS Billing Account Number13*Revision Type16*BT Revision Type25*BT Follow on Order Number17*Follow on Order #11*BTAgent EIN18*Service Request Id27*&lt;div align=\&quot;right\&quot;&gt;SR No:23*Service Request Number147*Number uniquely identifying the service request17*BT Order Sub Type14*Order Sub Type19*BT Replacement Flag22*Replacement Order Flag9*BT One ID17*OriginatorBTOneId31*BT Linked Order Revision Number21*Linked Order Revision31*BT Parent Order Revision Number29*BT Order Originator Reference26*Order Originator Reference16*Call Handler EIN23*BT IWD Call Handler EIN22*BT Linked Order Number14*Linked Order #22*BT Parent Order Number18*BT CMPS Created By15*CMPS Created By15*BT CMPS User Id20*BT Request Initiated13*JDateTimePick13*Port Out Date29*BT Primary Contact Impairment10*Impairment18*BT Order Risk High15*Order Risk High17*BT EPOS Basket Id16*BT EPOS BasketId24*BT Order Worthiness High21*Order Worthiness High11*OrderCancel12*BTCWValidate23*QuotesAndOrdersValidate12*BTAmendOrder14*LOYSubmitOrder13*CUTNewAccount9*BookOrder18*FulfillandGotoView12*CUTDropOrder14*TemplateLayout12*BCancelOrder22*Back Office Error Text13*Cancel Reason13*Cancel Status13*Change Reason15*Delivery Status16*Fulfillment Mode8*BTCancel13*BT Admin View28*BT Worthiness Read Only Flag18*BT Fortnight Queue12*BT Total NRC13*BT Week Queue16*BT bt.com Number10*BTValidate7*Bverify15*Contact Address12*AddTemplates10*Quote Name15*CUT New Account10*CME_Status14*Parent Order #4*Book10*bCEFulfill19*Requires Net Change39*Total Current Price for activation only36*Total List Price for activation only23*Primary Bill To Address23*Primary Ship To Address14*Agreement Name9*HTML Link8*Image Id12*ImageControl5*Image8*eAdvisor14*ButtoneAdvisor4*Tree14*Browse Catalog22*HTML Navigator Control11*NotifyAlert17*Category Products15*ButtonAddToCart8*Add Item9*AddToCart13*EditPromotion14*Edit Promotion18*ApplyEditPromotion15*ButtonCustomize16*CustomizeProduct10*List Price15*Currency Code||41*FrameEventMethodShowCourseDetailAddToCart19*Show Course Details10*Your Price7*Pricing13*Category Name13*Can Customize16*Calc Description4*Date21*Sequence Number, Name27*Catalog Id, Sequence Number14*Currency Code|`0`1`nbo`0`2`9`boi`3``n`Order Entry (Sales)`z``0`1`nbc`0`2`2`bci`3`S_BC1`n`Quote Catalog VBC`cdl`1`0`2`fl`0`9`0`f`0`itx`1`n`99`sc`0`l`255`ibp`1`crf`215`dft`5`t`220`dn`1651`11`0`f`0`itx`1`n`183`sc`0`irq`1`l`15`crf`215`dft`5`ihn`1`iro`1`t`214`dn`183`3`2`rl`0`crnm`1`nmr`1`atr`0`2`0`r`0`v`19*BT Consumer Catalog6*VRId-0`i`VRId-0`1`0`tr`0`v``0`1`nbc`0`2`2`bci`3`S_BC2`n`UMF Passive Message Virtual BusComp`cdl`1`0`3`fl`0`8`0`f`0`itx`1`n`1353`sc`0`l`2500`crf`215`dft`5`t`220`dn`1354`8`0`f`0`itx`1`n`1858`sc`0`l`15`crf`215`dft`5`t`214`dn`1860`11`0`f`0`itx`1`n`183`sc`0`irq`1`l`15`crf`215`dft`5`ihn`1`iro`1`t`214`dn`183`3`1`rl`0`inrk`1`nmr`0`atr`-1`1`0`tr`0`v``0`1`nbc`0`3`2`bci`3`S_BC3`n`Order Entry - Orders`shd`27*Order_Entry__Orders_BusComp61*srf1592409810_444/bscripts/all/buscomp_order_entry__orders.js`sh`1574`0`82`fl`0`8`0`f`0`itx`1`n`1158`sc`0`l`10`crf`215`dft`5`t`220`dn`1158`9`0`f`0`itx`1`n`158`sc`0`irq`1`l`30`crf`215`dft`5`t`220`dn`159`9`0`f`0`itx`1`n`100`sc`0`l`100`ibp`1`crf`215`dft`5`t`220`dn`100`9`0`f`0`itx`1`n`1153`sc`0`l`30`ibp`1`crf`215`dft`5`t`220`dn`1153`9`0`f`0`itx`1`n`144`sc`0`l`50`crf`215`dft`5`iro`1`t`220`dn`658`10`0`f`0`itx`1`n`1705`sc`0`icl`1`l`255`crf`215`dft`5`iro`1`t`220`dn`1704`11`0`f`0`itx`1`n`115`sc`0`ipc`1`irq`1`l`30`ibp`1`crf`215`dft`5`t`220`dn`115`9`0`f`0`itx`1`n`1708`sc`0`l`100`ibp`1`crf`215`dft`5`t`220`dn`1707`8`0`f`0`n`1386`sc`0`ipc`1`l`32`crf`215`dft`1885`t`226`dn`1710`10`0`f`0`itx`1`n`1712`sc`0`ipc`1`l`30`ibp`1`crf`215`dft`5`t`220`dn`1713`8`0`f`0`itx`1`n`1715`sc`0`l`1`crf`215`dft`5`t`218`dn`1715`10`0`f`0`itx`1`n`160`sc`0`ipc`1`l`30`ibp`1`crf`215`dft`5`t`220`dn`152`9`0`f`0`itx`1`n`135`sc`0`l`50`crf`215`dft`5`iro`1`t`220`dn`313`7`0`f`0`n`1719`sc`0`l`32`crf`215`dft`1885`t`226`dn`1718`9`0`f`0`itx`1`n`1721`sc`0`l`50`crf`215`dft`5`iro`1`t`220`dn`1720`10`0`f`0`itx`1`n`650`sc`0`ipc`1`l`30`ibp`1`crf`215`dft`5`t`220`dn`650`9`0`f`0`itx`1`n`134`sc`0`l`50`ibp`1`crf`215`dft`5`t`220`dn`314`8`0`f`0`itx`1`n`642`sc`0`l`30`crf`215`dft`5`t`220`dn`641`8`0`f`0`itx`1`n`121`sc`0`l`255`crf`215`dft`5`t`220`dn`121`8`0`f`0`itx`1`n`1726`sc`0`l`100`crf`215`dft`5`t`220`dn`1725`10`0`f`0`itx`1`n`643`sc`0`ipc`1`l`30`ibp`1`crf`215`dft`5`t`220`dn`643`8`0`f`0`n`162`sc`0`ipc`1`l`32`crf`215`dft`1024`t`226`dn`162`7`0`f`0`n`1727`sc`0`l`32`crf`215`dft`5`t`226`dn`1727`8`0`f`0`itx`1`n`1729`sc`0`l`100`crf`215`dft`5`t`220`dn`1728`8`0`f`0`itx`1`n`1730`sc`0`l`100`crf`215`dft`5`t`220`dn`1731`9`0`f`0`itx`1`n`1732`sc`0`l`50`ibp`1`crf`215`dft`5`t`220`dn`427`8`0`f`0`itx`1`n`1734`sc`0`l`50`crf`215`dft`5`t`220`dn`342`8`0`f`0`itx`1`n`1737`sc`0`l`50`crf`215`dft`5`t`220`dn`1736`9`0`f`0`itx`1`n`1738`sc`0`ipc`1`l`30`crf`215`dft`5`t`220`dn`1739`8`0`f`0`itx`1`n`1741`sc`0`l`1`crf`215`dft`5`t`218`dn`1740`9`0`f`0`itx`1`n`142`sc`0`l`50`ibp`1`crf`215`dft`5`t`220`dn`142`9`0`f`0`itx`1`n`1742`sc`0`l`50`ibp`1`crf`215`dft`5`t`220`dn`1743`8`0`f`0`itx`1`n`1744`sc`0`l`30`crf`215`dft`5`t`220`dn`1745`10`0`f`0`itx`1`n`165`sc`0`ipc`1`l`50`ibp`1`crf`215`dft`5`t`220`dn`119`9`0`f`0`itx`1`n`208`sc`0`l`100`ibp`1`crf`215`dft`5`t`220`dn`208`8`0`f`0`n`1747`sc`0`inm`1`l`16`crf`215`dft`5`t`1306`dn`1748`8`0`f`0`itx`1`n`141`sc`0`l`1`crf`215`dft`5`t`218`dn`1427`8`0`f`0`itx`1`n`1750`sc`0`l`1`crf`215`dft`5`t`218`dn`1749`9`0`f`0`itx`1`n`1752`sc`0`ipc`1`l`250`crf`215`dft`5`t`220`dn`1751`9`0`f`0`n`1753`sc`0`ipc`1`inm`1`l`16`crf`215`dft`5`t`1306`dn`1754`7`0`f`0`n`1756`sc`0`l`32`crf`215`dft`1885`t`226`dn`1755`8`0`f`0`n`1758`sc`6`inm`1`l`18`crf`215`dft`5`t`1029`dn`1759`10`0`f`0`itx`1`n`1397`sc`0`icl`1`l`255`crf`215`dft`5`iro`1`t`220`dn`1396`9`0`f`0`itx`1`n`1260`sc`0`l`100`ibp`1`crf`215`dft`5`t`220`dn`1429`9`0`f`0`itx`1`n`1761`sc`0`l`30`crf`215`dft`5`iro`1`t`220`dn`917`8`0`f`0`n`1376`sc`0`inm`1`l`16`crf`215`dft`5`t`1306`dn`1376`9`0`f`0`itx`1`n`199`sc`0`l`100`ibp`1`crf`215`dft`5`t`220`dn`1452`11`0`f`0`itx`1`n`1762`sc`0`icl`1`ipc`1`l`255`crf`215`dft`5`iro`1`t`220`dn`1763`10`0`f`0`itx`1`n`1764`sc`0`ipc`1`l`30`ibp`1`crf`215`dft`5`t`220`dn`1764`7`0`f`0`n`1392`sc`0`l`32`crf`215`dft`1024`t`226`dn`1393`8`0`f`0`itx`1`n`1399`sc`0`l`1`crf`215`dft`5`t`218`dn`1398`9`0`f`0`itx`1`n`1448`sc`0`l`30`ibp`1`crf`215`dft`5`t`220`dn`1448`8`0`f`0`itx`1`n`1450`sc`0`l`1`crf`215`dft`5`t`218`dn`1450`8`0`f`0`itx`1`n`1768`sc`0`l`15`crf`215`dft`5`t`214`dn`1768`9`0`f`0`itx`1`n`1404`sc`0`l`30`ibp`1`crf`215`dft`5`t`220`dn`1403`11`0`f`0`itx`1`n`1770`sc`0`icl`1`ipc`1`l`1`crf`215`dft`5`iro`1`t`218`dn`1769`9`0`f`0`itx`1`n`1454`sc`0`l`50`ibp`1`crf`215`dft`5`t`220`dn`1771`9`0`f`0`itx`1`n`888`sc`0`l`100`ibp`1`crf`215`dft`5`t`220`dn`888`10`0`f`0`itx`1`n`1773`sc`0`icl`1`l`255`crf`215`dft`5`iro`1`t`220`dn`151`8`0`f`0`itx`1`n`1775`sc`0`l`50`crf`215`dft`5`t`220`dn`1774`9`0`f`0`itx`1`n`155`sc`0`l`100`crf`215`dft`5`iro`1`t`220`dn`155`9`0`f`0`itx`1`n`1777`sc`0`l`30`ibp`1`crf`215`dft`5`t`220`dn`1776`8`0`f`0`itx`1`n`1779`sc`0`l`30`crf`215`dft`5`t`220`dn`1778`9`0`f`0`itx`1`n`1780`sc`0`l`30`crf`215`dft`5`iro`1`t`220`dn`1781`9`0`f`0`itx`1`n`1422`sc`0`ipc`1`l`1`crf`215`dft`5`t`218`dn`1422`8`0`f`0`itx`1`n`1782`sc`0`l`20`crf`215`dft`5`t`220`dn`1782`8`0`f`0`itx`1`n`1783`sc`0`l`15`crf`215`dft`5`t`214`dn`1784`9`0`f`0`itx`1`n`1457`sc`0`l`64`ibp`1`crf`215`dft`5`t`220`dn`114`9`0`f`0`itx`1`n`1787`sc`0`l`50`ibp`1`crf`215`dft`5`t`220`dn`1788`8`0`f`0`itx`1`n`1789`sc`0`l`1`crf`215`dft`5`t`218`dn`1790`8`0`f`0`itx`1`n`1791`sc`0`l`255`crf`215`dft`5`t`220`dn`1792`9`0`f`0`n`1795`sc`6`inm`1`l`18`crf`215`dft`5`iro`1`t`1029`dn`1794`8`0`f`0`itx`1`n`1796`sc`0`l`30`crf`215`dft`5`t`220`dn`1797`8`0`f`0`itx`1`n`1799`sc`0`l`50`crf`215`dft`5`t`220`dn`1798`9`0`f`0`itx`1`n`1802`sc`0`l`30`crf`215`dft`5`iro`1`t`220`dn`1801`9`0`f`0`itx`1`n`1805`sc`0`l`100`crf`215`dft`5`iro`1`t`220`dn`1804`7`0`f`0`n`1806`sc`0`l`32`crf`215`dft`1024`t`1016`dn`1808`8`0`f`0`itx`1`n`1809`sc`0`l`1`crf`215`dft`5`t`218`dn`1810`8`0`f`0`n`1811`sc`6`inm`1`l`18`crf`215`dft`5`t`1029`dn`1812`8`0`f`0`itx`1`n`1814`sc`0`l`50`crf`215`dft`5`t`220`dn`1813`8`0`f`0`n`1815`sc`0`inm`1`l`16`crf`215`dft`5`t`1306`dn`1816`11`0`f`0`itx`1`n`183`sc`0`irq`1`l`15`crf`215`dft`5`ihn`1`iro`1`t`214`dn`183`3`2`rl`0`crnm`1`nmr`1`atr`0`2`0`r`0`v`0*19*VOL013-47326074854715*Blazemeter Demo0*13*BB_CCPEIM50000*7*Pending0*19*06/24/2020 00:00:008*BT Voice1*N11*In-Progress10*Blazemeter19*06/23/2020 00:00:000*0*4*Demo0*0*1*N0*19*06/23/2020 14:02:520*0*1*N6*Letter0*14*+44012123456780*1*N19*Consumer Price List0*3*00011*Sales Order0*0*1*Y0*34*Leave out of sight and under cover0*19*06/23/2020 14:02:520*0*0*8*Consumer1*10*0*7*Default19*06/23/2020 14:02:521*N14*Run Assignment1*Y0*0*1*N0*15*Blazemeter Demo11*Low-Pending0*9*BT Volume0*0*0*1*N0*0*0*0*0*0*0*0*0*0*0*0*1*N0*0*0*10*3-61EV8AO3`i`3-61EV8AO3`1`0`tr`0`v``0`1`nbc`0`7`2`bci`3`S_BC4`n`Order Entry - Line Items`shd`31*Order_Entry__Line_Items_BusComp65*srf1592409810_444/bscripts/all/buscomp_order_entry__line_items.js`st`762`cdl`1`cac`1`pi`S_BC3`hhr`1`0`15`fl`0`9`0`f`0`itx`1`n`140`sc`0`l`100`ibp`1`crf`215`dft`5`t`220`dn`140`10`0`f`0`n`1324`sc`0`ipc`1`inm`1`irq`1`l`16`crf`215`dft`5`t`1306`dn`1325`10`0`f`0`n`1462`sc`2`icl`1`inm`1`l`25`crf`1027`dft`5`iro`1`t`221`dn`1329`11`0`f`0`itx`1`n`751`sc`0`ipc`1`irq`1`l`20`ibp`1`crf`215`dft`5`t`220`dn`751`9`0`f`0`n`1028`sc`0`ipc`1`irq`1`l`32`crf`215`dft`5`t`219`dn`1028`8`0`f`0`itx`1`n`121`sc`0`l`250`crf`215`dft`5`t`220`dn`1110`8`0`f`0`itx`1`n`1326`sc`0`l`30`crf`215`dft`5`t`220`dn`1463`9`0`f`0`itx`1`n`1654`sc`0`l`250`ibp`1`crf`215`dft`5`t`220`dn`1490`10`0`f`0`itx`1`n`1531`sc`0`icl`1`l`255`crf`215`dft`5`iro`1`t`220`dn`1531`8`0`f`0`n`1465`sc`6`inm`1`l`18`crf`215`dft`5`t`1029`dn`1464`11`0`f`0`itx`1`n`183`sc`0`irq`1`l`15`crf`215`dft`5`ihn`1`iro`1`t`214`dn`183`8`0`f`0`sc`0`n`824`l`255`crf`1020`ihn`1`iro`1`dn`824`t`220`8`0`f`0`sc`0`n`1019`l`255`crf`1020`ihn`1`iro`1`dn`1019`t`220`8`0`f`0`sc`0`n`1021`l`255`crf`1020`ihn`1`iro`1`dn`1021`t`220`8`0`f`0`sc`0`n`1022`l`255`crf`1020`ihn`1`iro`1`dn`1022`t`220`3`1`rl`0`inrk`1`nmr`0`atr`-1`1`0`tr`0`v``0`1`nbc`0`2`2`bci`3`S_BC5`n`Quote Catalog`st`1886`0`3`fl`0`9`0`f`0`itx`1`n`99`sc`0`irq`1`l`75`crf`215`dft`5`t`220`dn`99`10`0`f`0`itx`1`n`1861`sc`0`icl`1`l`255`crf`215`dft`5`iro`1`t`220`dn`1861`11`0`f`0`itx`1`n`183`sc`0`irq`1`l`15`crf`215`dft`5`ihn`1`iro`1`t`214`dn`183`4`6`rl`0`inrk`1`crnm`5`nmr`5`atr`4`2`0`r`0`v`19*BT Consumer Catalog0*8*1-ZOIRIS`i`1-ZOIRIS`2`0`r`0`v`8*Business0*8*1-ZQRO5Z`i`1-ZQRO5Z`2`0`r`0`v`8*Consumer0*8*1-ZLQQX2`i`1-ZLQQX2`2`0`r`0`v`11*New Catalog0*9*0V-171BBZ`i`0V-171BBZ`2`0`r`0`v`16*Res Official CPE0*9*1-2NXPCAE`i`1-2NXPCAE`1`0`tr`0`v``0`1`nbc`0`5`2`bci`3`S_BC6`n`Quote Catalog Category Root`st`1887`cdl`1`cac`1`pi`S_BC5`0`2`fl`0`9`0`f`0`itx`1`n`653`sc`0`l`100`crf`215`dft`5`iro`1`t`220`dn`653`11`0`f`0`itx`1`n`183`sc`0`irq`1`l`15`crf`215`dft`5`ihn`1`iro`1`t`214`dn`183`4`2`rl`0`inrk`1`crnm`1`nmr`1`atr`0`2`0`r`0`v`6*Phones9*1-2NXPCAF`i`1-2NXPCAF`1`0`tr`0`v``0`1`nbc`0`4`2`bci`3`S_BC7`n`Quote Catalog Category OUI`st`1649`cac`1`pi`S_BC1`0`4`fl`0`8`0`f`0`itx`1`n`653`sc`0`l`100`crf`215`dft`5`t`220`dn`99`9`0`f`0`itx`1`n`1615`sc`0`l`100`ibp`1`crf`215`dft`5`t`220`dn`1616`10`0`f`0`itx`1`n`1617`sc`0`icl`1`l`255`crf`215`dft`5`iro`1`t`220`dn`99`11`0`f`0`itx`1`n`183`sc`0`irq`1`l`15`crf`215`dft`5`ihn`1`iro`1`t`214`dn`183`4`20`rl`0`inrk`1`crnm`1`nmr`19`atr`0`2`0`r`0`v`22*BT Basic and BB bundle0*22*BT Basic and BB bundle10*2-1FA3YP43`i`2-1FA3YP43`2`0`r`0`v`24*BT Broadband and BB Talk0*32*BT Broadband and BB Talk ( 244 )9*1-2NY1OVT`i`1-2NY1OVT`2`0`r`0`v`21*BT Claim Rewards List0*21*BT Claim Rewards List10*3-1M73EMSR`i`3-1M73EMSR`2`0`r`0`v`9*BT Giving0*9*BT Giving10*3-3DXTLJTY`i`3-3DXTLJTY`2`0`r`0`v`9*BT Mobile0*15*BT Mobile ( 2 )9*2-ZLOBES3`i`2-ZLOBES3`2`0`r`0`v`16*BT Mobile Launch0*16*BT Mobile Launch10*2-1AZOPW2I`i`2-1AZOPW2I`2`0`r`0`v`22*BT Sport Plusnet Trial0*22*BT Sport Plusnet Trial10*3-2SZ6E1P4`i`3-2SZ6E1P4`2`0`r`0`v`19*BT Sport Promotions0*25*BT Sport Promotions ( 2 )9*2-YTXSUNK`i`2-YTXSUNK`2`0`r`0`v`14*BT Sport Trial0*14*BT Sport Trial9*2-WKUBJN0`i`2-WKUBJN0`2`0`r`0`v`9*BT Vision0*16*BT Vision ( 53 )9*1-2NXLBPO`i`1-2NXLBPO`2`0`r`0`v`5*Dummy0*5*Dummy10*3-5TYTPEX4`i`3-5TYTPEX4`2`0`r`0`v`14*LVT-Promotions0*14*LVT-Promotions10*3-4VNYLEPQ`i`3-4VNYLEPQ`2`0`r`0`v`20*Mobile Retail Trial*0*20*Mobile Retail Trial*10*3-4OTH4DL2`i`3-4OTH4DL2`2`0`r`0`v`4*PSTN0*11*PSTN ( 31 )8*1-ZRG97J`i`1-ZRG97J`2`0`r`0`v`7*Package0*15*Package ( 138 )9*1-9UI13J7`i`1-9UI13J7`2`0`r`0`v`14*Pre-pay Mobile0*14*Pre-pay Mobile9*1-1S29RXR`i`1-1S29RXR`2`0`r`0`v`12*Pre-pay PSTN0*18*Pre-pay PSTN ( 1 )9*1-3EB4CJD`i`1-3EB4CJD`2`0`r`0`v`10*Retail.com0*10*Retail.com10*3-1WQ0864Y`i`3-1WQ0864Y`2`0`r`0`v`13*Unlock Charge0*13*Unlock Charge10*3-3R1554YC`i`3-3R1554YC`1`0`tr`0`v``0`1`nbc`0`2`2`bci`3`S_BC8`n`Quote Catalog Internal Product by Price List Optional`cdl`1`0`1`fl`0`11`0`f`0`itx`1`n`183`sc`0`irq`1`l`15`crf`215`dft`5`ihn`1`iro`1`t`214`dn`183`2`1`rl`0`nmr`0`atr`-1`1`0`tr`0`v``0`1`nbc`0`5`2`bci`3`S_BC9`n`Quote Catalog Internal Product by Price List Optional 2 OUI`st`1886`cac`1`hac`1`pi`S_BC7`0`9`fl`0`9`0`f`0`itx`1`n`99`sc`0`irq`1`l`100`crf`215`dft`5`t`220`dn`680`8`0`f`0`itx`1`n`121`sc`0`l`255`crf`215`dft`5`t`220`dn`121`9`0`f`0`n`1876`sc`2`inm`1`l`25`crf`1888`dft`5`iro`1`t`221`dn`1876`9`0`f`0`itx`1`n`751`sc`0`l`20`crf`215`dft`5`iro`1`t`220`dn`751`9`0`f`0`n`892`sc`0`icl`1`inm`1`l`16`crf`215`dft`5`t`1306`dn`1325`9`0`f`0`n`1328`sc`2`icl`1`inm`1`l`25`crf`1888`dft`5`t`221`dn`1328`9`0`f`0`itx`1`n`1326`sc`0`icl`1`l`255`crf`215`dft`5`t`220`dn`1463`9`0`f`0`itx`1`n`1327`sc`0`icl`1`l`255`crf`215`dft`5`t`220`dn`1327`11`0`f`0`itx`1`n`183`sc`0`irq`1`l`15`crf`215`dft`5`ihn`1`iro`1`t`214`dn`183`4`4`rl`0`inrk`1`crnm`1`nmr`3`atr`0`2`0`r`0`v`8*BT Basic8*BT Basic4*5.163*GBP1*14*5.161*Y0*9*1-1CWANKI`i`1-1CWANKI`2`0`r`0`v`38*Pkg AQ Basic+BB 15GB(9.95) No contract131*Includes Broadband, Call Allowance, a Home Hub (if required) and connection. No contract. Broadband 15GB GBP month, Total a quarter5*10.073*GBP1*15*10.070*0*10*2-16HYV1M7`i`2-16HYV1M7`2`0`r`0`v`39*Pkg REC Basic+BB 15GB(9.95) No contract94*Includes Broadband 15GB, Call Allowance, a Home Hub (if required) and connection. No contract.5*10.073*GBP1*15*10.070*0*10*2-1FBP26Q7`i`2-1FBP26Q7`1`0`tr`0`v``1`1`nv`0`imv`1`6`14`vi`3``vt`STANDARD`ich`0`n`Sales Order-Browse Catalog View`pu`http://localhost:8080/ecommunications_enu_nsm_aps05524a027/start.swe`tt`Catalog`tb`&lt;span id=&apos;s_tb&apos;&gt;&lt;table datatable=&quot;0&quot; summary=&quot;&quot; cellpadding=&quot;0&quot; cellspacing=&quot;0&quot; border=&quot;0&quot;&gt;&lt;tr&gt;&lt;td&gt;&lt;span class=&quot;threadbar&quot;&gt;&lt;nobr&gt;Catalog:&lt;/nobr&gt;&lt;/span&gt;&lt;/td&gt;&lt;td&gt;&lt;img src=&quot;images/spacer.gif&quot; width=&quot;5&quot; height=&quot;1&quot; alt=&quot;&quot;&gt;&lt;/td&gt;&lt;td&gt;&lt;/td&gt;&lt;/tr&gt;&lt;/table&gt;&lt;/span&gt;`0`1`nla`0`18`4`ai`3`S_A12`nfi`3`n`Quote Catalog Category List Applet`cud`3*3671*03*3651*13*3661*14*16241*04*15681*02*281*03*3061*02*451*02*401*02*391*04*16251*02*441*03*3101*02*641*04*16261*04*16271*03*6351*02*431*02*271*02*311*04*13311*04*13301*02*121*04*16281*04*16291*03*1051*04*16301*04*16311*04*16321*04*14891*04*14881*04*13211*04*14861*04*16331*04*16341*03*5871*02*291*03*3071*03*5891*03*3161*03*5901*04*16171*04*16351*04*16361*04*16371*04*16381*04*16391*04*16401*04*16411*04*16151*04*16421*02*991*03*6531*04*16431*04*16441*03*1211*04*16451*03*8431*04*16461*04*16471*04*16481*04*16491*04*16501*0`cik`3*3641*14*15681*02*281*03*3061*02*451*12*401*12*391*04*16181*02*441*13*3101*12*201*03*6351*12*431*02*271*02*311*04*13311*04*13301*04*14701*14*16191*04*16201*04*14741*04*14731*04*13231*04*14711*04*16211*04*16221*03*6561*02*291*03*3071*12*211*12*221*12*231*12*241*12*251*02*261*12*301*02*321*02*331*02*341*12*351*12*361*12*371*02*381*12*411*02*421*12*461*12*471*12*481*02*491*02*501*02*511*02*521*02*531*02*541*12*551*14*16231*12*561*02*571*1`pf`VER_1.0_~0|Display Name|100~0|Parent Category Name|100~1|Effective Start Date|100~1|Effective End Date|100~1|Sequence Number|100~1|Usage|100~1|Private Flag|100~1|Count|100~0|Name Count|100`rct`10`asq`-1`ied`1`vrn`S_A12`tt`1614`inu`1`hmn`1`rsp`false`bnr`0`iem``bci`S_BC7`hlc`4*a_111*11*2`i`11`0`8`cl`0`23`1`c`0`pt`5`sp`s_11_1_11_0`dm`7`w`0`n`44`pw`0`ph`0`ju`6`sq`997`pan`5`mn`44`ibp`1`crf`8`sdy`0`h`0`iec`1`dft`5`ime`5`dmc`0`t`67`dn`530`fn`5`msz`32`14`0`imp`0`SWEField`s_11_1_11_0`SWENeedContext`true`SWER`0`SWESP`false`SWERowIds`SWERowId0=VRId-0`SWEMethod`NewQuery`SWECmd`InvokeMethod`SWEDIC`false`SWEReqRowId`0`SWEView`Sales Order-Browse Catalog View`SWEC`48`SWEBID`-1`SRN`xK7T2pIB2ZOV15hwlQxQF5reKcoUB8VpMTZr7we8uAEb`SWEApplet`Quote Catalog Category List Applet`23`1`c`0`pt`5`sp`s_11_1_7_0`dm`7`w`0`n`45`pw`0`ph`0`ju`6`sq`997`pan`5`mn`45`ibp`1`crf`8`sdy`0`h`0`iec`1`dft`5`ime`5`dmc`0`t`67`dn`392`fn`5`msz`32`14`0`imp`0`SWEField`s_11_1_7_0`SWENeedContext`true`SWER`0`SWESP`false`SWERowIds`SWERowId0=VRId-0`SWEMethod`ExecuteQuery`SWECmd`InvokeMethod`SWEDIC`false`SWEReqRowId`0`SWEView`Sales Order-Browse Catalog View`SWEC`48`SWEBID`-1`SRN`xK7T2pIB2ZOV15hwlQxQF5reKcoUB8VpMTZr7we8uAEb`SWEApplet`Quote Catalog Category List Applet`23`1`c`0`pt`5`sp`s_11_1_17_0`dm`7`w`0`n`43`pw`0`ph`0`ju`6`sq`997`pan`5`mn`43`ibp`1`crf`8`sdy`0`h`0`iec`1`dft`5`ime`5`dmc`0`t`67`dn`393`fn`5`msz`32`14`0`imp`0`SWEField`s_11_1_17_0`SWENeedContext`true`SWER`0`SWESP`false`SWERowIds`SWERowId0=VRId-0`SWEMethod`UndoQuery`SWECmd`InvokeMethod`SWEDIC`false`SWEReqRowId`0`SWEView`Sales Order-Browse Catalog View`SWEC`48`SWEBID`-1`SRN`xK7T2pIB2ZOV15hwlQxQF5reKcoUB8VpMTZr7we8uAEb`SWEApplet`Quote Catalog Category List Applet`25`1`c`0`pt`5`sp`s_11_1_9_0`dm`7`w`0`n`39`eb`&lt;img src=&quot;images/rcnv_prvset_1.gif&quot; border=&quot;0&quot; space=&quot;0&quot; hspace=&quot;0&quot; alt=&quot;Previous record set&quot;  title=&quot;Previous record set&quot; &gt;`pw`0`db`&lt;img src=&quot;images/rcnv_prvset_0.gif&quot; border=&quot;0&quot; space=&quot;0&quot; hspace=&quot;0&quot; alt=&quot;Previous record set&quot;  title=&quot;Previous record set&quot; &gt;`ph`0`ju`6`sq`997`pan`5`mn`39`ibp`1`crf`8`sdy`0`h`0`iec`1`dft`5`ime`5`dmc`0`t`67`dn`5`fn`5`msz`32`14`0`imp`0`SWEField`s_11_1_9_0`SWENeedContext`true`SWER`0`SWESP`false`SWERowIds`SWERowId0=VRId-0`SWEMethod`GotoPreviousSet`SWECmd`InvokeMethod`SWEDIC`false`SWEReqRowId`0`SWEView`Sales Order-Browse Catalog View`SWEC`48`SWEBID`-1`SRN`xK7T2pIB2ZOV15hwlQxQF5reKcoUB8VpMTZr7we8uAEb`SWEApplet`Quote Catalog Category List Applet`25`1`c`0`pt`5`sp`s_11_1_8_0`dm`7`w`0`n`40`eb`&lt;img src=&quot;images/rcnv_nxtset_1.gif&quot; border=&quot;0&quot; space=&quot;0&quot; hspace=&quot;0&quot; alt=&quot;Next record set&quot;  title=&quot;Next record set&quot; &gt;`pw`0`db`&lt;img src=&quot;images/rcnv_nxtset_0.gif&quot; border=&quot;0&quot; space=&quot;0&quot; hspace=&quot;0&quot; alt=&quot;Next record set&quot;  title=&quot;Next record set&quot; &gt;`ph`0`ju`6`sq`997`pan`5`mn`40`ibp`1`crf`8`sdy`0`h`0`iec`1`dft`5`ime`5`dmc`0`t`67`dn`5`fn`5`msz`32`14`0`imp`0`SWEField`s_11_1_8_0`SWENeedContext`true`SWER`0`SWESP`false`SWERowIds`SWERowId0=VRId-0`SWEMethod`GotoNextSet`SWECmd`InvokeMethod`SWEDIC`false`SWEReqRowId`0`SWEView`Sales Order-Browse Catalog View`SWEC`48`SWEBID`-1`SRN`xK7T2pIB2ZOV15hwlQxQF5reKcoUB8VpMTZr7we8uAEb`SWEApplet`Quote Catalog Category List Applet`23`1`c`0`pt`5`sp`s_11_1_13_0`dm`7`w`0`n`64`pw`0`ph`0`ju`6`sq`997`pan`5`mn`20`ibp`1`crf`8`sdy`0`h`0`iec`1`dft`5`ime`5`dmc`0`t`67`dn`652`fn`5`msz`32`18`0`imp`0`SWEField`s_11_1_13_0`SWENeedContext`true`SWER`0`SWESP`true`SWERowIds`SWERowId0=VRId-0`SWEMethod`ShowQueryAssistant`SWECmd`InvokeMethod`SWEH`100`SWEDIC`true`SWEReqRowId`0`SWEView`Sales Order-Browse Catalog View`SWEC`48`SWEW`300`SWEM`Edit`SWEBID`-1`SRN`xK7T2pIB2ZOV15hwlQxQF5reKcoUB8VpMTZr7we8uAEb`SWETA`Query Assistant`SWEApplet`Quote Catalog Category List Applet`25`1`c`0`pt`5`sp`s_11_1_12_0`dm`7`w`0`n`310`eb`&lt;img src=&quot;images/row_off_d.gif&quot; border=&quot;0&quot; space=&quot;0&quot; hspace=&quot;0&quot; alt=&quot;Select record&quot;  title=&quot;Select record&quot; &gt;`pw`0`db`&lt;img src=&quot;images/row_on_d.gif&quot; border=&quot;0&quot; space=&quot;0&quot; hspace=&quot;0&quot; alt=&quot;Record selected&quot;  title=&quot;Record selected&quot; &gt;`ph`0`ju`6`sq`997`pan`5`mn`310`ibp`1`crf`8`sdy`0`h`0`iec`1`dft`5`ime`5`dmc`0`t`67`dn`5`fn`5`msz`32`14`0`imp`0`SWEField`s_11_1_12_0`SWENeedContext`true`SWER`0`SWESP`false`SWERowIds`SWERowId0=VRId-0`SWEMethod`PositionOnRow`SWECmd`InvokeMethod`SWEDIC`false`SWEReqRowId`0`SWEView`Sales Order-Browse Catalog View`SWEC`48`SWEBID`-1`SRN`xK7T2pIB2ZOV15hwlQxQF5reKcoUB8VpMTZr7we8uAEb`SWEApplet`Quote Catalog Category List Applet`25`1`c`0`pt`5`sp`s_11_1_16_0`dm`7`w`0`n`635`eb`&lt;img src=&quot;images/btn_more.gif&quot; border=&quot;0&quot; space=&quot;0&quot; hspace=&quot;0&quot; alt=&quot;Show more&quot;  title=&quot;Show more&quot; &gt;`pw`0`ph`0`ju`6`sq`997`pan`5`icm`635`mn`635`ibp`1`crf`8`sdy`0`h`0`iec`1`dft`5`ime`5`dmc`0`t`10`dn`5`fn`5`msz`32`14`0`imp`0`SWEField`s_11_1_16_0`SWENeedContext`true`SWER`0`SWESP`false`SWERowIds`SWERowId0=VRId-0`SWEMethod`ToggleListRowCount`SWECmd`InvokeMethod`SWEDIC`false`SWEReqRowId`0`SWEView`Sales Order-Browse Catalog View`SWEC`48`SWEBID`-1`SRN`xK7T2pIB2ZOV15hwlQxQF5reKcoUB8VpMTZr7we8uAEb`SWEApplet`Quote Catalog Category List Applet`1`0`cfm`0`DeleteRecord`IDS_SWE_DELETE_CONFIRM_WARNING`0`3`col`0`25`0`co`0`pt`5`sp`s_11_2_52_`dm`5`w`100`csq`1`n`653`pw`0`ist`1`ph`0`ju`6`sq`997`pan`5`ibp`1`crf`8`sdy`0`h`0`iec`1`dft`5`cix`0`ime`5`dmc`0`t`4`dn`99`fn`653`msz`100`27`0`co`0`pt`5`sp`s_11_2_49_`dm`7`w`100`csq`1`n`1615`pw`300`pat`Pick`ist`1`ph`100`ju`6`sq`997`ied`1`pan`5`ibp`1`crf`8`sdy`0`h`0`iec`1`dft`5`cix`1`ime`5`dmc`0`t`4`dn`1616`fn`1615`msz`100`24`0`co`0`pt`5`sp`s_11_2_41_`dm`7`w`100`csq`1`n`1617`pw`0`ph`0`ju`6`sq`997`pan`5`ibp`1`crf`8`sdy`0`h`0`iec`1`dft`5`cix`2`ime`5`dmc`0`t`4`dn`99`fn`1617`msz`255`0`3`pcl`0`2`0`pc`0`allowPC`false`QueryComboBox``2`0`pc`0`allowPC`false`QuerySrchSpec``2`0`pc`0`allowPC`false`AppletTitle``0`1`na`0`17`2`ai`3`S_A1`nfi`1`n`Quote Catalog List Applet OUI Dropdown`cud`2*991*1`dqy`1`cik`2*211*12*221*12*231*12*241*12*251*02*261*02*271*02*281*02*291*12*301*12*311*12*321*02*331*12*341*02*351*02*361*02*371*02*381*12*391*02*401*12*411*02*421*12*201*02*431*02*441*12*451*12*461*12*471*12*481*02*491*02*501*02*511*02*521*02*531*02*541*12*551*12*561*02*571*1`asq`-1`ied`1`vrn`S_A1`tt`1611`inu`0`hmn`1`rsp`false`bnr`0`iem``bci`S_BC1`hlc`3*a_11*11*2`i`1`0`1`cl`0`23`0`c`0`pt`5`sp`s_1_1_0_0`dm`5`w`230`csq`1`n`99`pw`0`ph`0`ju`6`sq`997`pan`5`ibp`1`crf`8`sdy`0`h`0`iec`1`dft`5`ime`5`dmc`0`t`116`dn`1651`fn`99`msz`255`1`0`cfm`0`DeleteRecord`IDS_SWE_DELETE_CONFIRM_WARNING`0`1`nla`0`18`4`ai`3`S_A2`nfi`1`n`UMF Message List Applet - SI`cud`2*451*04*13451*04*13441*03*3101*04*13371*04*13381*04*13411*04*13461*04*13491*04*13511*03*6351*02*431*02*121*02*401*02*391*04*13551*04*13561*04*13571*04*13581*04*13591*04*13601*04*13611*04*13621*04*13631*04*13641*04*13531*0`dqy`1`cik`2*451*12*401*02*391*03*3101*04*13401*14*13431*14*13481*14*13501*14*13521*13*6351*12*431*02*211*02*221*12*231*12*241*12*251*02*261*02*271*02*281*02*291*02*301*02*311*02*321*02*331*02*341*02*351*02*361*12*371*02*381*02*411*02*421*02*201*02*441*12*461*12*471*02*481*02*491*02*501*02*511*02*521*02*531*02*541*12*551*02*561*12*571*0`pf`VER_1.0_~0|Message Text|100`rct`5`asq`4`vrn`S_A2`tt`1335`inu`1`hmn`1`rsp`false`bnr`0`iem``bci`S_BC2`hlc`3*a_21*11*2`i`2`0`9`cl`0`4`1`cc`0`sp`s_2_1_4_0`n`1337`t`1336`fn`5`0`2`cc`0`2`0`SpanInnerHTML`0`HTML_SPAN_ID`PRODUCT_SELECTION_UMF Message List Applet - SI`HTML_SRC`&lt;a id=&quot;SWETopHidden2&quot; href=&quot;javascript:void(0);&quot; tabindex=&quot;5000&quot; title=&quot;Not Used&quot;&gt;&lt;/a&gt;&lt;form name=&quot;SWEForm2_1&quot; method=&quot;post&quot; action=&quot;/ecommunications_enu_nsm_aps05524a027/start.swe&quot; &gt;
&lt;div class=&quot;NotSelected&quot; id=&quot;a_2&quot;&gt;&lt;table datatable=&quot;0&quot; summary=&quot;&quot; width=&quot;100%&quot; cellspacing=&quot;0&quot; cellpadding=&quot;2&quot; border=&quot;0&quot; align=&quot;center&quot;&gt;&lt;tr class=&quot;AppletButtons&quot; align=&quot;left&quot;&gt;&lt;td&gt;&lt;img src=&quot;images/spacer.gif&quot; width=&quot;4&quot; height=&quot;1&quot; alt=&quot;&quot;&gt;&lt;/td&gt;&lt;td nowrap&gt;&lt;a href=&apos;JavaScript:void(0)&apos; onclick=&apos;window.s_2_1_4_0.EventPreInvoke(&quot;PositionOnRow&quot;,&quot;False&quot;,&quot;&quot;,&quot;&quot;); return false;&apos;  tabindex=5997  id=&apos;s_2_1_3_0_si&apos;&gt;&lt;img src=&quot;images/row_off_d.gif&quot; border=&quot;0&quot; space=&quot;0&quot; hspace=&quot;0&quot; alt=&quot;Select record&quot;  title=&quot;Select record&quot; &gt;&lt;/img&gt;&lt;/a&gt;&lt;/td&gt;&lt;td&gt;&lt;table datatable=&quot;0&quot; summary=&quot;&quot; width=&quot;100%&quot; valign=&quot;top&quot; align=&quot;center&quot; cellpadding=&apos;0&apos; cellspacing=&apos;0&apos; border=&apos;0&apos;&gt;&lt;/table&gt;&lt;/td&gt;&lt;td nowrap&gt;&amp;nbsp;&lt;b&gt;&lt;/b&gt;&lt;/td&gt;&lt;td align=&quot;right&quot; width=&quot;100%&quot;&gt;&lt;td valign=&quot;middle&quot; nowrap&gt;&lt;span id=&apos;SWEApplet2_ctrlmsg&apos;&gt;&lt;/span&gt;&lt;/td&gt;&lt;td valign=&quot;middle&quot; nowrap&gt;&amp;nbsp;No Records&amp;nbsp;&lt;/td&gt;&lt;td valign=&quot;middle&quot;&gt;&amp;nbsp;&lt;img src=&quot;images/btn_div_gray.gif&quot; height=&quot;13&quot; align=&quot;middle&quot; alt=&quot;&quot;&gt;&amp;nbsp;&lt;/td&gt;&lt;/td&gt;&lt;td valign=&quot;top&quot; align=&quot;right&quot;&gt;&lt;/td&gt;&lt;/tr&gt;&lt;/table&gt;&lt;div class=&quot;AppletHIListBorder&quot;&gt;&lt;table width=&quot;100%&quot; cellpadding=&quot;0&quot; cellspacing=&quot;0&quot; border=&quot;0&quot; align=&quot;center&quot; class=&quot;AppletBack&quot; datatable=&quot;0&quot; summary=&quot;&quot;&gt;&lt;tr&gt;&lt;td class = &quot;AppletHIListBorder&quot;&gt;&lt;table valign=&quot;top&quot; width=&quot;100%&quot; cellpadding=&quot;2&quot; cellspacing=&quot;0&quot; border=&quot;0&quot; borderColor=&quot;#cccccc&quot; datatable=&quot;1&quot; summary=&quot;&quot;&gt;&lt;tr class=&quot;Header&quot;&gt;&lt;th class=&quot;Header&quot; align=&quot;center&quot; scope=&quot;col&quot;&gt;&amp;nbsp;&lt;/th&gt;&lt;th  width=&quot;100&quot; class=&quot;Header&quot; scope=&quot;col&quot; abbr=&quot;&quot;&gt;&lt;table cellpadding=&quot;0&quot; cellspacing=&quot;0&quot; border=&quot;0&quot; datatable=&quot;0&quot; summary=&quot;&quot;&gt;&lt;tr&gt;&lt;td&gt;Message&lt;/td&gt;&lt;td&gt;&amp;nbsp;&lt;/td&gt;&lt;td&gt; &lt;table cellpadding=&quot;0&quot; cellspacing=&quot;0&quot; border=&quot;0&quot; datatable=&quot;0&quot; summary=&quot;&quot;&gt;&lt;tr&gt;&lt;td&gt;&lt;/td&gt;&lt;/tr&gt;&lt;tr&gt;&lt;td&gt;&lt;/td&gt;&lt;/tr&gt;&lt;/table&gt;&lt;/td&gt;&lt;/tr&gt;&lt;/table&gt;&lt;/th&gt;&lt;/tr&gt;&lt;/table&gt;&lt;/td&gt;&lt;/tr&gt;&lt;/table&gt;&lt;/div&gt;&lt;/div&gt;&lt;/span&gt;&lt;span id=&apos;s_1&apos;&gt;&lt;/span&gt;&lt;/form&gt;
&lt;a id=&quot;SWEEndAppletStartAnchor_2&quot; href=&quot;javascript:void(0);&quot; tabindex=&quot;5999&quot;&gt;&lt;/a&gt;&lt;a id=&quot;SWEEndAppletEndAnchor_2&quot; href=&quot;javascript:void(0);&quot; tabindex=&quot;5999&quot; onfocus=&quot;document.getElementById(&apos;SWEEndAppletStartAnchor_2&apos;).focus();&quot;&gt;&lt;/a&gt;`0`0`AppletRowData`0`23`1`c`0`pt`5`sp`s_2_1_5_0`dm`7`w`0`n`1338`pw`0`ph`0`ju`6`sq`5997`pan`5`mn`1340`ibp`1`crf`8`sdy`0`h`0`iec`1`dft`5`ime`5`dmc`0`t`67`dn`1339`fn`5`msz`32`13`0`imp`0`SWEField`s_2_1_5_0`SWENeedContext`true`SWER`65535`SWESP`false`SWEMethod`ResponseMethod0`SWECmd`InvokeMethod`SWEDIC`false`SWEReqRowId`0`SWEView`Sales Order-Browse Catalog View`SWEC`48`SWEBID`-1`SRN`xK7T2pIB2ZOV15hwlQxQF5reKcoUB8VpMTZr7we8uAEb`SWEApplet`UMF Message List Applet - SI`23`1`c`0`pt`5`sp`s_2_1_6_0`dm`7`w`0`n`1341`pw`0`ph`0`ju`6`sq`5997`pan`5`mn`1343`ibp`1`crf`8`sdy`0`h`0`iec`1`dft`5`ime`5`dmc`0`t`67`dn`1342`fn`5`msz`32`13`0`imp`0`SWEField`s_2_1_6_0`SWENeedContext`true`SWER`65535`SWESP`false`SWEMethod`ResponseMethod1`SWECmd`InvokeMethod`SWEDIC`false`SWEReqRowId`0`SWEView`Sales Order-Browse Catalog View`SWEC`48`SWEBID`-1`SRN`xK7T2pIB2ZOV15hwlQxQF5reKcoUB8VpMTZr7we8uAEb`SWEApplet`UMF Message List Applet - SI`25`1`c`0`pt`5`sp`s_2_1_2_0`dm`69`w`0`n`1344`eb`&lt;img src=&quot;images/rcnv_prvset_1.gif&quot; border=&quot;0&quot; space=&quot;0&quot; hspace=&quot;0&quot; alt=&quot;Previous record set&quot;  title=&quot;Previous record set&quot; &gt;`pw`0`db`&lt;img src=&quot;images/rcnv_prvset_0.gif&quot; border=&quot;0&quot; space=&quot;0&quot; hspace=&quot;0&quot; alt=&quot;Previous record set&quot;  title=&quot;Previous record set&quot; &gt;`ph`0`ju`6`sq`5997`pan`5`mn`39`ibp`1`crf`8`sdy`0`h`0`iec`1`dft`5`ime`5`dmc`0`t`67`dn`5`fn`5`msz`32`13`0`imp`0`SWEField`s_2_1_2_0`SWENeedContext`true`SWER`65535`SWESP`false`SWEMethod`GotoPreviousSet`SWECmd`InvokeMethod`SWEDIC`false`SWEReqRowId`0`SWEView`Sales Order-Browse Catalog View`SWEC`48`SWEBID`-1`SRN`xK7T2pIB2ZOV15hwlQxQF5reKcoUB8VpMTZr7we8uAEb`SWEApplet`UMF Message List Applet - SI`25`1`c`0`pt`5`sp`s_2_1_1_0`dm`69`w`0`n`1345`eb`&lt;img src=&quot;images/rcnv_nxtset_1.gif&quot; border=&quot;0&quot; space=&quot;0&quot; hspace=&quot;0&quot; alt=&quot;Next record set&quot;  title=&quot;Next record set&quot; &gt;`pw`0`db`&lt;img src=&quot;images/rcnv_nxtset_0.gif&quot; border=&quot;0&quot; space=&quot;0&quot; hspace=&quot;0&quot; alt=&quot;Next record set&quot;  title=&quot;Next record set&quot; &gt;`ph`0`ju`6`sq`5997`pan`5`mn`40`ibp`1`crf`8`sdy`0`h`0`iec`1`dft`5`ime`5`dmc`0`t`67`dn`5`fn`5`msz`32`13`0`imp`0`SWEField`s_2_1_1_0`SWENeedContext`true`SWER`65535`SWESP`false`SWEMethod`GotoNextSet`SWECmd`InvokeMethod`SWEDIC`false`SWEReqRowId`0`SWEView`Sales Order-Browse Catalog View`SWEC`48`SWEBID`-1`SRN`xK7T2pIB2ZOV15hwlQxQF5reKcoUB8VpMTZr7we8uAEb`SWEApplet`UMF Message List Applet - SI`23`1`c`0`pt`5`sp`s_2_1_7_0`dm`7`w`0`n`1346`pw`0`ph`0`ju`6`sq`5997`pan`5`mn`1348`ibp`1`crf`8`sdy`0`h`0`iec`1`dft`5`ime`5`dmc`0`t`67`dn`1347`fn`5`msz`32`13`0`imp`0`SWEField`s_2_1_7_0`SWENeedContext`true`SWER`65535`SWESP`false`SWEMethod`ResponseMethod2`SWECmd`InvokeMethod`SWEDIC`false`SWEReqRowId`0`SWEView`Sales Order-Browse Catalog View`SWEC`48`SWEBID`-1`SRN`xK7T2pIB2ZOV15hwlQxQF5reKcoUB8VpMTZr7we8uAEb`SWEApplet`UMF Message List Applet - SI`23`1`c`0`pt`5`sp`s_2_1_8_0`dm`7`w`0`n`1349`pw`0`ph`0`ju`6`sq`5997`pan`5`mn`1350`ibp`1`crf`8`sdy`0`h`0`iec`1`dft`5`ime`5`dmc`0`t`67`dn`1347`fn`5`msz`32`13`0`imp`0`SWEField`s_2_1_8_0`SWENeedContext`true`SWER`65535`SWESP`false`SWEMethod`ResponseMethod3`SWECmd`InvokeMethod`SWEDIC`false`SWEReqRowId`0`SWEView`Sales Order-Browse Catalog View`SWEC`48`SWEBID`-1`SRN`xK7T2pIB2ZOV15hwlQxQF5reKcoUB8VpMTZr7we8uAEb`SWEApplet`UMF Message List Applet - SI`23`1`c`0`pt`5`sp`s_2_1_9_0`dm`7`w`0`n`1351`pw`0`ph`0`ju`6`sq`5997`pan`5`mn`1352`ibp`1`crf`8`sdy`0`h`0`iec`1`dft`5`ime`5`dmc`0`t`67`dn`1347`fn`5`msz`32`13`0`imp`0`SWEField`s_2_1_9_0`SWENeedContext`true`SWER`65535`SWESP`false`SWEMethod`ResponseMethod4`SWECmd`InvokeMethod`SWEDIC`false`SWEReqRowId`0`SWEView`Sales Order-Browse Catalog View`SWEC`48`SWEBID`-1`SRN`xK7T2pIB2ZOV15hwlQxQF5reKcoUB8VpMTZr7we8uAEb`SWEApplet`UMF Message List Applet - SI`25`1`c`0`pt`5`sp`s_2_1_3_0`dm`69`w`0`n`310`eb`&lt;img src=&quot;images/row_off_d.gif&quot; border=&quot;0&quot; space=&quot;0&quot; hspace=&quot;0&quot; alt=&quot;Select record&quot;  title=&quot;Select record&quot; &gt;`pw`0`db`&lt;img src=&quot;images/row_on_d.gif&quot; border=&quot;0&quot; space=&quot;0&quot; hspace=&quot;0&quot; alt=&quot;Record selected&quot;  title=&quot;Record selected&quot; &gt;`ph`0`ju`6`sq`5997`pan`5`mn`310`ibp`1`crf`8`sdy`0`h`0`iec`1`dft`5`ime`5`dmc`0`t`67`dn`5`fn`5`msz`32`13`0`imp`0`SWEField`s_2_1_3_0`SWENeedContext`true`SWER`65535`SWESP`false`SWEMethod`PositionOnRow`SWECmd`InvokeMethod`SWEDIC`false`SWEReqRowId`0`SWEView`Sales Order-Browse Catalog View`SWEC`48`SWEBID`-1`SRN`xK7T2pIB2ZOV15hwlQxQF5reKcoUB8VpMTZr7we8uAEb`SWEApplet`UMF Message List Applet - SI`1`0`cfm`0`DeleteRecord`IDS_SWE_DELETE_CONFIRM_WARNING`0`1`col`0`24`0`co`0`pt`5`sp`s_2_2_25_`dm`69`w`100`csq`1`n`1353`pw`0`ph`0`ju`6`sq`5997`pan`5`ibp`1`crf`8`sdy`0`h`0`iec`1`dft`5`cix`0`ime`5`dmc`0`t`4`dn`1354`fn`1353`msz`2500`0`2`pcl`0`2`0`pc`0`allowPC`false`ProdSelectionCC``2`0`pc`0`allowPC`false`AppletTitle``0`1`nla`0`19`4`ai`3`S_A4`nfi`1`n`Order Entry - Line Item List Applet (Sales) - Short OUI`cud`3*3671*13*3651*13*3661*14*14781*14*14791*14*14801*14*14811*14*14821*13*5871*12*451*12*641*13*6351*13*5891*13*3161*13*6461*13*5901*13*1051*12*121*14*14831*14*14841*14*14851*14*13211*14*14861*13*7891*14*14871*14*14881*12*281*14*14891*13*3061*12*401*12*391*12*441*12*291*13*3071*12*271*12*311*13*5911*13*4961*14*16561*04*13281*04*14901*04*14911*04*11951*03*8911*04*13921*03*1391*03*6511*04*14921*03*1411*04*14931*04*14941*03*1351*03*1341*04*14951*04*14961*03*1451*04*14971*03*1211*04*14981*04*14991*04*15001*04*15011*04*15021*04*11141*04*15031*04*15041*04*15051*04*15061*04*13261*03*1531*04*15071*04*15081*04*15091*04*15101*04*15111*04*15121*04*10211*04*15131*04*15141*04*15151*03*7621*04*15161*04*15171*04*15181*04*15191*04*15201*04*15211*04*15221*04*15231*03*6591*04*15241*04*15251*03*8241*04*15261*04*15271*04*15281*04*15291*03*8871*03*1401*04*15301*04*15311*04*15321*04*15331*04*13241*04*15341*04*15351*04*15361*04*15371*04*15381*04*15391*04*15401*03*1381*03*8881*04*15411*04*15421*04*15431*04*15441*04*15451*04*15461*04*15471*04*15481*04*15491*04*15501*04*15511*04*15521*03*1151*04*15531*04*15541*04*15551*04*15561*04*15571*04*15581*04*15591*03*8941*03*1481*04*15601*04*15611*04*15621*04*15631*04*15641*03*7511*0`cik`3*3641*14*14661*13*6991*14*14671*14*14131*04*14681*02*431*02*451*12*201*03*6351*14*14691*14*14701*04*13231*04*14711*13*7901*04*14721*14*14731*02*281*04*14741*03*3061*02*401*02*391*02*441*12*291*13*3071*12*271*02*311*03*3101*02*211*02*221*12*231*12*241*12*251*02*261*02*301*02*321*02*331*02*341*02*351*02*361*12*371*02*381*02*411*02*421*02*461*12*471*02*481*02*491*02*501*02*511*02*521*02*531*02*541*12*551*04*13301*04*13311*04*14751*04*14761*04*14771*02*561*12*571*0`pf`VER_1.0_~0|Product|200~0|Quantity Requested|30~0|Net Price|100~0|Description|100~0|Eligibility Status|100~1|Eligibility Comments|100~1|Extended Line Total|100~0|Promotion Relationship|100~0|Promotion Role|100`shd`58*Order_Entry__Line_Item_List_Applet_Sales__Short_OUI_Applet92*srf1592409810_444/bscripts/all/applet_order_entry__line_item_list_applet_sales__short_oui.js`rct`5`asq`-1`ied`1`vrn`S_A4`tt`1652`inu`0`hmn`1`rsp`false`bnr`0`iem``bci`S_BC4`hlc`3*a_41*11*2`i`4`0`2`cl`0`23`1`c`0`pt`5`sp`s_4_1_26_0`dm`7`w`0`n`28`pw`0`ph`0`ju`6`sq`997`pan`5`mn`28`ibp`1`crf`8`sdy`0`h`0`iec`1`dft`5`ime`5`dmc`0`t`67`dn`1653`fn`5`msz`32`14`0`imp`0`SWEField`s_4_1_26_0`SWENeedContext`true`SWER`65535`SWESP`false`SWERowIds`SWERowId0=3-61EV8AO3`SWEMethod`DeleteRecord`SWECmd`InvokeMethod`SWEDIC`false`SWEReqRowId`0`SWEView`Sales Order-Browse Catalog View`SWEC`48`SWEBID`-1`SRN`xK7T2pIB2ZOV15hwlQxQF5reKcoUB8VpMTZr7we8uAEb`SWEApplet`Order Entry - Line Item List Applet (Sales) - Short OUI`25`1`c`0`pt`5`sp`s_4_1_36_0`dm`7`w`0`n`591`eb`&lt;img src=&quot;images/row_off_d.gif&quot; border=&quot;0&quot; space=&quot;0&quot; hspace=&quot;0&quot; alt=&quot;Select record&quot;  title=&quot;Select record&quot; &gt;`pw`0`db`&lt;img src=&quot;images/row_on_d.gif&quot; border=&quot;0&quot; space=&quot;0&quot; hspace=&quot;0&quot; alt=&quot;Record selected&quot;  title=&quot;Record selected&quot; &gt;`ph`0`ju`6`sq`997`pan`5`mn`310`ibp`1`crf`8`sdy`0`h`0`iec`1`dft`5`ime`5`dmc`0`t`67`dn`5`fn`5`msz`32`14`0`imp`0`SWEField`s_4_1_36_0`SWENeedContext`true`SWER`65535`SWESP`false`SWERowIds`SWERowId0=3-61EV8AO3`SWEMethod`PositionOnRow`SWECmd`InvokeMethod`SWEDIC`false`SWEReqRowId`0`SWEView`Sales Order-Browse Catalog View`SWEC`48`SWEBID`-1`SRN`xK7T2pIB2ZOV15hwlQxQF5reKcoUB8VpMTZr7we8uAEb`SWEApplet`Order Entry - Line Item List Applet (Sales) - Short OUI`1`0`cfm`0`DeleteRecord`IDS_SWE_DELETE_CONFIRM_WARNING`0`7`col`0`27`0`co`0`pt`5`sp`s_4_2_98_`dm`5`w`200`csq`1`n`140`pw`300`pat`Pick`ist`1`ph`100`ju`6`sq`997`ied`1`pan`5`ibp`1`crf`8`sdy`0`h`0`iec`1`dft`5`cix`0`ime`5`dmc`0`t`4`dn`140`fn`140`msz`100`24`0`co`0`pt`5`sp`s_4_2_103_`dm`5`w`30`n`1324`pw`0`ist`1`ph`0`ju`103`sq`997`pan`5`ibp`1`crf`8`sdy`0`h`0`iec`1`dft`5`cix`1`ime`5`dmc`0`t`735`dn`1325`fn`1324`msz`16`23`0`co`0`pt`5`sp`s_4_2_39_`dm`7`w`100`n`1328`pw`0`ph`0`ju`103`sq`997`pan`5`ibp`1`crf`722`sdy`0`h`0`iec`1`dft`5`cix`2`ime`5`dmc`0`t`4`dn`1328`fn`1462`msz`25`25`0`co`0`pt`5`sp`s_4_2_57_`dm`5`w`100`csq`1`n`121`pw`0`ist`1`ph`0`ju`6`sq`997`pan`5`ibp`1`crf`8`sdy`0`h`0`iec`1`dft`5`cix`3`ime`5`dmc`0`t`4`dn`1110`fn`121`msz`250`25`0`co`0`pt`5`sp`s_4_2_68_`dm`7`w`100`csq`1`n`1326`pw`0`ist`1`ph`0`ju`6`sq`997`pan`5`ibp`1`crf`8`sdy`0`h`0`iec`1`dft`5`cix`4`ime`5`dmc`0`t`4`dn`1463`fn`1326`msz`30`27`0`co`0`pt`5`sp`s_4_2_40_`dm`7`w`100`csq`1`n`1490`pw`300`pat`Pick`ist`1`ph`100`ju`6`sq`997`ied`1`pan`5`ibp`1`crf`8`sdy`0`h`0`iec`1`dft`5`cix`5`ime`5`dmc`0`t`4`dn`1490`fn`1654`msz`250`25`0`co`0`pt`5`sp`s_4_2_100_`dm`7`w`100`csq`1`n`1531`pw`0`ph`0`ju`94`sq`997`pan`5`icm`1655`ibp`1`crf`8`sdy`0`h`0`iec`1`dft`5`cix`6`ime`5`dmc`0`t`92`dn`1531`fn`1531`msz`255`0`2`pcl`0`2`0`pc`0`allowPC`false`QueryComboBox``2`0`pc`0`allowPC`false`QuerySrchSpec``0`1`na`0`17`3`ai`3`S_A3`nfi`1`n`BT Order Entry - Order Form Applet Dashboard (Sales)`cud`4*16651*14*18061*14*18131*14*16671*14*16961*14*17911*04*17961*04*18111*04*18151*04*16861*14*17981*04*16711*14*18271*14*18281*04*17281*14*16591*14*18031*04*18291*14*18301*04*18311*14*17681*04*18321*04*18331*03*6491*04*17641*14*17611*04*17331*14*17141*14*17491*14*17301*14*17871*04*17691*04*17321*14*18091*04*17621*04*17351*14*17821*04*18341*14*16771*14*17251*04*13941*14*13951*14*17761*14*16691*14*17181*14*17031*04*17401*04*16731*14*17781*04*17831*14*18351*04*17421*04*17381*04*17471*04*17581*04*17531*04*18361*04*14191*04*17121*14*17441*14*18371*04*16881*14*16781*14*18381*04*18391*04*18401*14*16571*14*18411*14*14411*04*18421*14*17511*13*6411*14*16801*14*17061*04*14061*04*14081*03*6501*14*14201*04*18431*04*13971*04*18441*14*14211*04*14221*14*17741*14*14231*04*13921*14*14471*14*14171*14*13701*14*18201*14*14531*14*16831*14*14271*14*14291*13*5871*14*14311*14*14261*14*11531*14*14301*04*14561*03*1211*12*451*14*14321*14*13981*14*14021*14*14331*14*14341*13*1231*04*18211*14*14351*04*14001*13*2081*03*1621*14*13661*03*1551*04*14361*04*14371*04*14381*04*14401*03*1511*02*641*14*18451*03*6431*13*3171*14*14421*13*1601*14*14431*14*14441*04*14451*03*2431*14*13741*02*431*13*1311*03*6461*14*18461*14*17891*03*2641*04*13811*04*18471*14*14481*13*1151*14*14491*14*14501*03*1001*04*17241*14*14521*13*1341*14*18481*03*1421*14*18491*14*13881*14*14541*14*18501*14*14551*03*1351*04*13961*04*14571*14*18511*04*13861*14*13731*13*1451*04*18521*03*6581*04*18531*04*18541*03*6321*14*14591*14*18551*04*18251*12*121*12*281*14*14601*13*3061*13*7731*14*18561*02*401*13*2541*02*391*12*441*13*3071*12*271*14*13761*03*8881*14*17171*04*17461*14*17231*14*17551*04*17091*14*17851*03*6361*04*16991*14*18571*14*10121*14*18001*04*17931*04*17801*04*16941*13*4961*14*16621*14*16911*14*12991*1`cik`4*16661*13*6991*14*16861*14*18171*04*16611*14*16701*14*16761*02*541*14*16901*04*16791*14*16571*14*18181*14*18191*14*16821*14*13711*14*18201*14*16851*12*431*02*451*14*18211*12*201*02*311*13*2431*14*18221*14*18231*14*18241*13*6331*14*18251*12*281*04*14141*13*3061*04*16951*12*401*12*391*02*441*13*3071*12*271*04*12001*14*16641*14*16931*12*211*12*221*12*231*12*241*12*251*02*261*02*291*12*301*02*321*02*331*12*341*02*351*02*361*02*371*02*381*12*411*02*421*12*461*12*471*12*481*02*491*02*501*02*511*02*521*02*531*02*551*14*12311*14*14161*14*14151*14*18261*02*561*02*571*1`shd`56*BT_Order_Entry__Order_Form_Applet_Dashboard_Sales_Applet90*srf1592409810_444/bscripts/all/applet_bt_order_entry__order_form_applet_dashboard_sales.js`asq`0`ied`1`vrn`S_A3`tt`1365`inu`0`hmn`1`rsp`false`bnr`0`iem``bci`S_BC3`hlc`3*a_31*11*2`i`3`0`109`cl`0`23`1`c`0`pt`5`sp`s_3_1_66_0`dm`7`w`0`n`1657`pw`0`ph`0`ju`6`sq`1997`pan`5`mn`1657`ibp`1`crf`8`sdy`0`h`0`iec`1`dft`5`ime`5`dmc`0`t`67`dn`1658`fn`5`msz`32`13`0`imp`0`SWEField`s_3_1_66_0`SWENeedContext`true`SWER`0`SWESP`false`SWEMethod`BTCreditCheck`SWECmd`InvokeMethod`SWEDIC`false`SWEReqRowId`0`SWEView`Sales Order-Browse Catalog View`SWEC`48`SWEBID`-1`SRN`xK7T2pIB2ZOV15hwlQxQF5reKcoUB8VpMTZr7we8uAEb`SWEApplet`BT Order Entry - Order Form Applet Dashboard (Sales)`23`1`c`0`pt`5`sp`s_3_1_15_0`dm`7`w`0`n`1659`pw`0`ph`0`ju`6`sq`1997`pan`5`mn`1661`ibp`1`crf`8`sdy`0`h`0`iec`1`dft`5`ime`5`dmc`0`t`67`dn`1660`fn`5`msz`32`13`0`imp`0`SWEField`s_3_1_15_0`SWENeedContext`true`SWER`0`SWESP`false`SWEMethod`BTAddServicePoint`SWECmd`InvokeMethod`SWEDIC`false`SWEReqRowId`0`SWEView`Sales Order-Browse Catalog View`SWEC`48`SWEBID`-1`SRN`xK7T2pIB2ZOV15hwlQxQF5reKcoUB8VpMTZr7we8uAEb`SWEApplet`BT Order Entry - Order Form Applet Dashboard (Sales)`23`1`c`0`pt`5`sp`s_3_1_198_0`dm`7`w`0`n`1662`pw`0`ph`0`ju`6`sq`1997`pan`5`mn`1664`ibp`1`crf`8`sdy`0`h`0`iec`1`dft`5`ime`5`dmc`0`t`67`dn`1663`fn`5`msz`32`13`0`imp`0`SWEField`s_3_1_198_0`SWENeedContext`true`SWER`0`SWESP`false`SWEMethod`BTSDiscount`SWECmd`InvokeMethod`SWEDIC`false`SWEReqRowId`0`SWEView`Sales Order-Browse Catalog View`SWEC`48`SWEBID`-1`SRN`xK7T2pIB2ZOV15hwlQxQF5reKcoUB8VpMTZr7we8uAEb`SWEApplet`BT Order Entry - Order Form Applet Dashboard (Sales)`23`1`c`0`pt`5`sp`s_3_1_0_0`dm`7`w`0`n`1665`pw`0`ph`0`ju`6`sq`1997`pan`5`mn`1666`ibp`1`crf`8`sdy`0`h`0`iec`1`dft`5`ime`5`dmc`0`t`67`dn`1665`fn`5`msz`32`13`0`imp`0`SWEField`s_3_1_0_0`SWENeedContext`true`SWER`0`SWESP`false`SWEMethod`GetAOSO`SWECmd`InvokeMethod`SWEDIC`false`SWEReqRowId`0`SWEView`Sales Order-Browse Catalog View`SWEC`48`SWEBID`-1`SRN`xK7T2pIB2ZOV15hwlQxQF5reKcoUB8VpMTZr7we8uAEb`SWEApplet`BT Order Entry - Order Form Applet Dashboard (Sales)`23`1`c`0`pt`5`sp`s_3_1_165_0`dm`7`w`0`n`632`pw`0`ph`0`ju`6`sq`1997`pan`5`mn`633`ibp`1`crf`8`sdy`0`h`0`iec`1`dft`5`ime`5`dmc`0`t`67`dn`633`fn`5`msz`32`13`0`imp`0`SWEField`s_3_1_165_0`SWENeedContext`true`SWER`0`SWESP`false`SWEMethod`Revise`SWECmd`InvokeMethod`SWEDIC`false`SWEReqRowId`0`SWEView`Sales Order-Browse Catalog View`SWEC`48`SWEBID`-1`SRN`xK7T2pIB2ZOV15hwlQxQF5reKcoUB8VpMTZr7we8uAEb`SWEApplet`BT Order Entry - Order Form Applet Dashboard (Sales)`25`1`c`0`pt`5`sp`s_3_1_177_0`dm`7`w`0`n`39`eb`&lt;img src=&quot;images/rcnv_prv_1.gif&quot; border=&quot;0&quot; space=&quot;0&quot; hspace=&quot;0&quot; alt=&quot;Previous record&quot;  title=&quot;Previous record&quot; &gt;`pw`0`db`&lt;img src=&quot;images/rcnv_prv_0.gif&quot; border=&quot;0&quot; space=&quot;0&quot; hspace=&quot;0&quot; alt=&quot;Previous record&quot;  title=&quot;Previous record&quot; &gt;`ph`0`ju`6`sq`1997`pan`5`mn`39`ibp`1`crf`8`sdy`0`h`0`iec`1`dft`5`ime`5`dmc`0`t`67`dn`5`fn`5`msz`32`13`0`imp`0`SWEField`s_3_1_177_0`SWENeedContext`true`SWER`0`SWESP`false`SWEMethod`GotoPreviousSet`SWECmd`InvokeMethod`SWEDIC`false`SWEReqRowId`0`SWEView`Sales Order-Browse Catalog View`SWEC`48`SWEBID`-1`SRN`xK7T2pIB2ZOV15hwlQxQF5reKcoUB8VpMTZr7we8uAEb`SWEApplet`BT Order Entry - Order Form Applet Dashboard (Sales)`25`1`c`0`pt`5`sp`s_3_1_175_0`dm`7`w`0`n`40`eb`&lt;img src=&quot;images/rcnv_nxt_1.gif&quot; border=&quot;0&quot; space=&quot;0&quot; hspace=&quot;0&quot; alt=&quot;Next Record&quot;  title=&quot;Next Record&quot; &gt;`pw`0`db`&lt;img src=&quot;images/rcnv_nxt_0.gif&quot; border=&quot;0&quot; space=&quot;0&quot; hspace=&quot;0&quot; alt=&quot;Next Record&quot;  title=&quot;Next Record&quot; &gt;`ph`0`ju`6`sq`1997`pan`5`mn`40`ibp`1`crf`8`sdy`0`h`0`iec`1`dft`5`ime`5`dmc`0`t`67`dn`5`fn`5`msz`32`13`0`imp`0`SWEField`s_3_1_175_0`SWENeedContext`true`SWER`0`SWESP`false`SWEMethod`GotoNextSet`SWECmd`InvokeMethod`SWEDIC`false`SWEReqRowId`0`SWEView`Sales Order-Browse Catalog View`SWEC`48`SWEBID`-1`SRN`xK7T2pIB2ZOV15hwlQxQF5reKcoUB8VpMTZr7we8uAEb`SWEApplet`BT Order Entry - Order Form Applet Dashboard (Sales)`23`1`c`0`pt`5`sp`s_3_1_3_0`dm`7`w`0`n`1667`pw`0`ph`0`ju`6`sq`1997`pan`5`mn`699`ibp`1`crf`8`sdy`0`h`0`iec`1`dft`5`ime`5`dmc`0`t`67`dn`1668`fn`5`msz`32`17`0`imp`0`SWEField`s_3_1_3_0`SWENeedContext`true`SWER`0`SWESP`true`SWEMethod`ShowPopup`SWECmd`InvokeMethod`SWEH`100`SWEDIC`true`SWEReqRowId`0`SWEView`Sales Order-Browse Catalog View`SWEC`48`SWEW`300`SWEM`Edit`SWEBID`-1`SRN`xK7T2pIB2ZOV15hwlQxQF5reKcoUB8VpMTZr7we8uAEb`SWETA`BT Spring PortIn Order Details`SWEApplet`BT Order Entry - Order Form Applet Dashboard (Sales)`23`1`c`0`pt`5`sp`s_3_1_43_0`dm`7`w`0`n`1669`pw`0`ph`0`ju`6`sq`1997`pan`5`mn`1670`ibp`1`crf`8`sdy`0`h`0`iec`1`dft`5`ime`5`dmc`0`t`67`dn`1669`fn`5`msz`32`13`0`imp`0`SWEField`s_3_1_43_0`SWENeedContext`true`SWER`0`SWESP`false`SWEMethod`GenerateAppointmnt`SWECmd`InvokeMethod`SWEDIC`false`SWEReqRowId`0`SWEView`Sales Order-Browse Catalog View`SWEC`48`SWEBID`-1`SRN`xK7T2pIB2ZOV15hwlQxQF5reKcoUB8VpMTZr7we8uAEb`SWEApplet`BT Order Entry - Order Form Applet Dashboard (Sales)`23`1`c`0`pt`5`sp`s_3_1_178_0`dm`7`w`0`n`44`pw`0`ph`0`ju`6`sq`1997`pan`5`mn`44`ibp`1`crf`8`sdy`0`h`0`iec`1`dft`5`ime`5`dmc`0`t`67`dn`530`fn`5`msz`32`13`0`imp`0`SWEField`s_3_1_178_0`SWENeedContext`true`SWER`0`SWESP`false`SWEMethod`NewQuery`SWECmd`InvokeMethod`SWEDIC`false`SWEReqRowId`0`SWEView`Sales Order-Browse Catalog View`SWEC`48`SWEBID`-1`SRN`xK7T2pIB2ZOV15hwlQxQF5reKcoUB8VpMTZr7we8uAEb`SWEApplet`BT Order Entry - Order Form Applet Dashboard (Sales)`23`1`c`0`pt`5`sp`s_3_1_101_0`dm`7`w`0`n`45`pw`0`ph`0`ju`6`sq`1997`pan`5`mn`45`ibp`1`crf`8`sdy`0`h`0`iec`1`dft`5`ime`5`dmc`0`t`67`dn`392`fn`5`msz`32`13`0`imp`0`SWEField`s_3_1_101_0`SWENeedContext`true`SWER`0`SWESP`false`SWEMethod`ExecuteQuery`SWECmd`InvokeMethod`SWEDIC`false`SWEReqRowId`0`SWEView`Sales Order-Browse Catalog View`SWEC`48`SWEBID`-1`SRN`xK7T2pIB2ZOV15hwlQxQF5reKcoUB8VpMTZr7we8uAEb`SWEApplet`BT Order Entry - Order Form Applet Dashboard (Sales)`23`1`c`0`pt`5`sp`s_3_1_94_0`dm`7`w`0`n`587`pw`0`ph`0`ju`6`sq`1997`pan`5`mn`43`ibp`1`crf`8`sdy`0`h`0`iec`1`dft`5`ime`5`dmc`0`t`67`dn`393`fn`5`msz`32`13`0`imp`0`SWEField`s_3_1_94_0`SWENeedContext`true`SWER`0`SWESP`false`SWEMethod`UndoQuery`SWECmd`InvokeMethod`SWEDIC`false`SWEReqRowId`0`SWEView`Sales Order-Browse Catalog View`SWEC`48`SWEBID`-1`SRN`xK7T2pIB2ZOV15hwlQxQF5reKcoUB8VpMTZr7we8uAEb`SWEApplet`BT Order Entry - Order Form Applet Dashboard (Sales)`23`1`c`0`pt`5`sp`s_3_1_11_0`dm`7`w`0`n`1671`pw`0`ph`0`ju`6`sq`1997`pan`5`mn`699`ibp`1`crf`8`sdy`0`h`0`iec`1`dft`5`ime`5`dmc`0`t`67`dn`1672`fn`5`msz`32`17`0`imp`0`SWEField`s_3_1_11_0`SWENeedContext`true`SWER`0`SWESP`true`SWEMethod`ShowPopup`SWECmd`InvokeMethod`SWEH`100`SWEDIC`true`SWEReqRowId`0`SWEView`Sales Order-Browse Catalog View`SWEC`48`SWEW`300`SWEM`Base`SWEBID`-1`SRN`xK7T2pIB2ZOV15hwlQxQF5reKcoUB8VpMTZr7we8uAEb`SWETA`BT Transfer PopUp List Applet`SWEApplet`BT Order Entry - Order Form Applet Dashboard (Sales)`23`1`c`0`pt`5`sp`s_3_1_120_0`dm`7`w`0`n`64`pw`0`ph`0`ju`6`sq`1997`pan`5`mn`20`ibp`1`crf`8`sdy`0`h`0`iec`1`dft`5`ime`5`dmc`0`t`67`dn`652`fn`5`msz`32`17`0`imp`0`SWEField`s_3_1_120_0`SWENeedContext`true`SWER`0`SWESP`true`SWEMethod`ShowQueryAssistant`SWECmd`InvokeMethod`SWEH`100`SWEDIC`true`SWEReqRowId`0`SWEView`Sales Order-Browse Catalog View`SWEC`48`SWEW`300`SWEM`Edit`SWEBID`-1`SRN`xK7T2pIB2ZOV15hwlQxQF5reKcoUB8VpMTZr7we8uAEb`SWETA`Query Assistant`SWEApplet`BT Order Entry - Order Form Applet Dashboard (Sales)`23`1`c`0`pt`1675`sp`s_3_1_47_0`dm`7`w`0`n`1673`pw`0`ph`0`ju`6`sq`1997`pan`5`mn`1676`ibp`1`crf`8`sdy`0`h`0`iec`1`dft`5`ime`5`dmc`0`t`67`dn`1674`fn`5`msz`32`13`0`imp`0`SWEField`s_3_1_47_0`SWENeedContext`true`SWER`0`SWESP`false`SWEMethod`RecoverCopyOrder`SWECmd`InvokeMethod`SWEDIC`false`SWEReqRowId`0`SWEView`Sales Order-Browse Catalog View`SWEC`48`SWEBID`-1`SRN`xK7T2pIB2ZOV15hwlQxQF5reKcoUB8VpMTZr7we8uAEb`SWEApplet`BT Order Entry - Order Form Applet Dashboard (Sales)`23`1`c`0`pt`5`sp`s_3_1_38_0`dm`7`w`0`n`1677`pw`0`ph`0`ju`6`sq`1997`pan`5`mn`699`ibp`1`crf`8`sdy`0`h`0`iec`1`dft`5`ime`5`dmc`0`t`67`dn`393`fn`5`msz`32`17`0`imp`0`SWEField`s_3_1_38_0`SWENeedContext`true`SWER`0`SWESP`true`SWEMethod`ShowPopup`SWECmd`InvokeMethod`SWEH`100`SWEDIC`true`SWEReqRowId`0`SWEView`Sales Order-Browse Catalog View`SWEC`48`SWEW`300`SWEM`Edit`SWEBID`-1`SRN`xK7T2pIB2ZOV15hwlQxQF5reKcoUB8VpMTZr7we8uAEb`SWETA`BT Order Cancel Form Applet`SWEApplet`BT Order Entry - Order Form Applet Dashboard (Sales)`23`1`c`0`pt`5`sp`s_3_1_62_0`dm`7`w`0`n`1678`pw`0`ph`0`ju`6`sq`1997`pan`5`mn`1679`ibp`1`crf`8`sdy`0`h`0`iec`1`dft`5`ime`5`dmc`0`t`67`dn`1678`fn`5`msz`32`13`0`imp`0`SWEField`s_3_1_62_0`SWENeedContext`true`SWER`0`SWESP`false`SWEMethod`GetNTVPPOffers`SWECmd`InvokeMethod`SWEDIC`false`SWEReqRowId`0`SWEView`Sales Order-Browse Catalog View`SWEC`48`SWEBID`-1`SRN`xK7T2pIB2ZOV15hwlQxQF5reKcoUB8VpMTZr7we8uAEb`SWEApplet`BT Order Entry - Order Form Applet Dashboard (Sales)`23`1`c`0`pt`5`sp`s_3_1_72_0`dm`7`w`0`n`1680`pw`0`ph`0`ju`6`sq`1997`pan`5`mn`1682`ibp`1`crf`8`sdy`0`h`0`iec`1`dft`5`ime`5`dmc`0`t`67`dn`1681`fn`5`msz`32`13`0`imp`0`SWEField`s_3_1_72_0`SWENeedContext`true`SWER`0`SWESP`false`SWEMethod`GenActivityPlans`SWECmd`InvokeMethod`SWEDIC`false`SWEReqRowId`0`SWEView`Sales Order-Browse Catalog View`SWEC`48`SWEBID`-1`SRN`xK7T2pIB2ZOV15hwlQxQF5reKcoUB8VpMTZr7we8uAEb`SWEApplet`BT Order Entry - Order Form Applet Dashboard (Sales)`23`1`c`0`pt`5`sp`s_3_1_91_0`dm`7`w`0`n`1683`pw`0`ph`0`ju`6`sq`1997`pan`5`mn`1685`ibp`1`crf`8`sdy`0`h`0`iec`1`dft`5`ime`5`dmc`0`t`67`dn`1684`fn`5`msz`32`13`0`imp`0`SWEField`s_3_1_91_0`SWENeedContext`true`SWER`0`SWESP`false`SWEMethod`BTNetworkService`SWECmd`InvokeMethod`SWEDIC`false`SWEReqRowId`0`SWEView`Sales Order-Browse Catalog View`SWEC`48`SWEBID`-1`SRN`xK7T2pIB2ZOV15hwlQxQF5reKcoUB8VpMTZr7we8uAEb`SWEApplet`BT Order Entry - Order Form Applet Dashboard (Sales)`23`1`c`0`pt`5`sp`s_3_1_9_0`dm`7`w`0`n`1686`pw`0`ph`0`ju`6`sq`1997`pan`5`mn`1686`ibp`1`crf`8`sdy`0`h`0`iec`1`dft`5`ime`5`dmc`0`t`67`dn`1687`fn`5`msz`32`13`0`imp`0`SWEField`s_3_1_9_0`SWENeedContext`true`SWER`0`SWESP`false`SWEMethod`BTSendAdHocKCI`SWECmd`InvokeMethod`SWEDIC`false`SWEReqRowId`0`SWEView`Sales Order-Browse Catalog View`SWEC`48`SWEBID`-1`SRN`xK7T2pIB2ZOV15hwlQxQF5reKcoUB8VpMTZr7we8uAEb`SWEApplet`BT Order Entry - Order Form Applet Dashboard (Sales)`23`1`c`0`pt`5`sp`s_3_1_61_0`dm`7`w`0`n`1688`pw`0`ph`0`ju`6`sq`1997`pan`5`mn`1690`ibp`1`crf`8`sdy`0`h`0`iec`1`dft`5`ime`5`dmc`0`t`67`dn`1689`fn`5`msz`32`13`0`imp`0`SWEField`s_3_1_61_0`SWENeedContext`true`SWER`0`SWESP`false`SWEMethod`OrderResponse`SWECmd`InvokeMethod`SWEDIC`false`SWEReqRowId`0`SWEView`Sales Order-Browse Catalog View`SWEC`48`SWEBID`-1`SRN`xK7T2pIB2ZOV15hwlQxQF5reKcoUB8VpMTZr7we8uAEb`SWEApplet`BT Order Entry - Order Form Applet Dashboard (Sales)`23`1`c`0`pt`5`sp`s_3_1_199_0`dm`7`w`0`n`1691`pw`0`ph`0`ju`6`sq`1997`pan`5`mn`1693`ibp`1`crf`8`sdy`0`h`0`iec`1`dft`5`ime`5`dmc`0`t`67`dn`1692`fn`5`msz`32`13`0`imp`0`SWEField`s_3_1_199_0`SWENeedContext`true`SWER`0`SWESP`false`SWEMethod`GetBTPlus`SWECmd`InvokeMethod`SWEDIC`false`SWEReqRowId`0`SWEView`Sales Order-Browse Catalog View`SWEC`48`SWEBID`-1`SRN`xK7T2pIB2ZOV15hwlQxQF5reKcoUB8VpMTZr7we8uAEb`SWEApplet`BT Order Entry - Order Form Applet Dashboard (Sales)`23`0`c`0`pt`5`sp`s_3_1_196_0`dm`7`w`0`csq`1`n`1694`pw`0`ph`0`ju`6`sq`1997`pan`5`ibp`1`crf`8`sdy`0`h`0`iec`1`dft`5`ime`5`dmc`0`t`438`dn`1158`fn`1158`msz`10`25`1`c`0`pt`5`sp`s_3_1_129_0`dm`5`w`0`n`243`eb`&lt;img src=&quot;images/btn_more.gif&quot; border=&quot;0&quot; space=&quot;0&quot; hspace=&quot;0&quot; alt=&quot;Show more&quot;  title=&quot;Show more&quot; &gt;`pw`0`ph`0`ju`6`sq`1997`pan`5`icm`243`mn`243`ibp`1`crf`8`sdy`0`h`0`iec`1`dft`5`ime`5`dmc`0`t`10`dn`5`fn`5`msz`32`13`0`imp`0`SWEField`s_3_1_129_0`SWENeedContext`true`SWER`0`SWESP`false`SWEMethod`ToggleLayout`SWECmd`InvokeMethod`SWEDIC`false`SWEReqRowId`0`SWEView`Sales Order-Browse Catalog View`SWEC`48`SWEBID`-1`SRN`xK7T2pIB2ZOV15hwlQxQF5reKcoUB8VpMTZr7we8uAEb`SWEApplet`BT Order Entry - Order Form Applet Dashboard (Sales)`23`1`c`0`pt`5`sp`s_3_1_173_0`dm`7`w`0`n`773`pw`0`ph`0`ju`6`sq`1997`pan`5`mn`1695`ibp`1`crf`8`sdy`0`h`0`iec`1`dft`5`ime`5`dmc`0`t`67`dn`773`fn`5`msz`32`13`0`imp`0`SWEField`s_3_1_173_0`SWENeedContext`true`SWER`0`SWESP`false`SWEMethod`SubmitOrderSvc`SWECmd`InvokeMethod`SWEDIC`false`SWEReqRowId`0`SWEView`Sales Order-Browse Catalog View`SWEC`48`SWEBID`-1`SRN`xK7T2pIB2ZOV15hwlQxQF5reKcoUB8VpMTZr7we8uAEb`SWEApplet`BT Order Entry - Order Form Applet Dashboard (Sales)`23`1`c`0`pt`5`sp`s_3_1_4_0`dm`7`w`0`n`1696`pw`0`ph`0`ju`6`sq`1997`pan`5`mn`699`ibp`1`crf`8`sdy`0`h`0`iec`1`dft`5`ime`5`dmc`0`t`67`dn`1697`fn`5`msz`32`17`0`imp`0`SWEField`s_3_1_4_0`SWENeedContext`true`SWER`0`SWESP`true`SWEMethod`ShowPopup`SWECmd`InvokeMethod`SWEH`100`SWEDIC`true`SWEReqRowId`0`SWEView`Sales Order-Browse Catalog View`SWEC`48`SWEW`300`SWEM`Edit`SWEBID`-1`SRN`xK7T2pIB2ZOV15hwlQxQF5reKcoUB8VpMTZr7we8uAEb`SWETA`BT BBHousehold DN Applet`SWEApplet`BT Order Entry - Order Form Applet Dashboard (Sales)`23`0`c`0`pt`1372`sp`s_3_1_136_0`dm`5`w`168`csq`1`n`264`pw`0`ph`0`ju`6`sq`1001`pan`5`ibp`1`crf`8`sdy`0`h`24`iec`1`dft`5`ime`5`dmc`0`t`4`dn`159`fn`158`msz`30`25`0`c`0`pt`1698`sp`s_3_1_143_0`dm`5`w`112`csq`1`n`100`pw`300`pat`Pick`ph`100`ju`6`sq`1031`ied`1`pan`5`ibp`1`crf`8`sdy`0`h`24`iec`1`dft`5`ime`5`dmc`0`t`4`dn`896`fn`100`msz`100`23`0`c`0`pt`5`sp`s_3_1_190_0`dm`7`w`85`csq`1`n`1699`pw`0`ph`0`ju`6`sq`1997`pan`5`ibp`1`crf`8`sdy`0`h`24`iec`1`dft`5`ime`5`dmc`0`t`1700`dn`1701`fn`1153`msz`30`25`0`c`0`pt`5`sp`s_3_1_97_0`dm`7`w`128`csq`1`n`1153`pw`300`pat`Pick`ph`100`ju`6`sq`1016`ied`1`pan`5`ibp`1`crf`8`sdy`0`h`24`iec`1`dft`5`ime`5`dmc`0`t`4`dn`1153`fn`1153`msz`30`23`0`c`0`pt`1702`sp`s_3_1_162_0`dm`5`w`112`csq`1`n`658`pw`0`ph`0`ju`6`sq`1032`pan`5`ibp`1`crf`8`sdy`0`h`24`iec`1`dft`5`ime`5`dmc`0`t`4`dn`658`fn`144`msz`50`23`0`c`0`pt`5`sp`s_3_1_45_0`dm`69`w`120`csq`1`n`1703`pw`0`ph`0`ju`6`sq`1997`pan`5`ibp`1`crf`8`sdy`0`h`24`iec`1`dft`5`ime`5`dmc`0`t`4`dn`1704`fn`1705`msz`255`23`0`c`0`pt`1379`sp`s_3_1_140_0`dm`5`w`168`csq`1`n`115`pw`0`ph`0`ju`6`sq`1002`pan`5`ibp`1`crf`8`sdy`0`h`24`iec`1`dft`5`ime`5`dmc`0`t`116`dn`115`fn`115`msz`30`25`0`c`0`pt`5`sp`s_3_1_73_0`dm`7`w`112`csq`1`n`1706`pw`300`pat`Pick`ph`100`ju`6`sq`1052`ied`1`pan`5`ibp`1`crf`8`sdy`0`h`24`iec`1`dft`5`ime`5`dmc`0`t`4`dn`1707`fn`1708`msz`100`22`0`c`0`pt`1387`sp`s_3_1_187_0`dm`7`w`128`n`1709`pw`0`ph`0`ju`6`sq`1017`pan`5`ibp`1`crf`8`sdy`0`h`24`iec`1`dft`1711`ime`5`dmc`0`t`163`dn`1710`fn`1386`msz`255`23`0`c`0`pt`5`sp`s_3_1_58_0`dm`7`w`112`csq`1`n`1712`pw`0`ph`0`ju`6`sq`1033`pan`1712`ibp`1`crf`8`sdy`0`h`24`iec`1`dft`5`ime`5`dmc`0`t`116`dn`1713`fn`1712`msz`30`22`0`c`0`pt`5`sp`s_3_1_27_0`dm`7`w`120`n`1714`pw`0`ph`0`ju`6`sq`1997`pan`5`ibp`1`crf`8`sdy`0`h`24`iec`1`dft`5`ime`5`dmc`0`t`438`dn`1715`fn`1715`msz`1`23`0`c`0`pt`1716`sp`s_3_1_125_0`dm`5`w`168`csq`1`n`160`pw`0`ph`0`ju`6`sq`1003`pan`5`ibp`1`crf`8`sdy`0`h`24`iec`1`dft`5`ime`5`dmc`0`t`116`dn`152`fn`160`msz`30`23`0`c`0`pt`1385`sp`s_3_1_183_0`dm`5`w`112`csq`1`n`1717`pw`0`ph`0`ju`6`sq`1050`pan`5`ibp`1`crf`8`sdy`0`h`24`iec`1`dft`5`ime`5`dmc`0`t`4`dn`313`fn`135`msz`50`22`0`c`0`pt`5`sp`s_3_1_44_0`dm`7`w`128`n`1718`pw`0`ph`0`ju`6`sq`1018`pan`5`ibp`1`crf`8`sdy`0`h`24`iec`1`dft`1711`ime`5`dmc`0`t`163`dn`1718`fn`1719`msz`255`25`0`c`0`pt`5`sp`s_3_1_128_0`dm`7`w`112`csq`1`n`1445`pw`300`pat`Mvg`ph`100`ju`6`sq`1034`ied`1`pan`5`ibp`1`crf`8`sdy`0`h`24`iec`1`dft`5`ime`5`dmc`0`t`4`dn`1720`fn`1721`msz`50`22`0`c`0`pt`5`sp`s_3_1_27_0`dm`7`w`120`n`1714`pw`0`ph`0`ju`6`sq`1997`pan`5`ibp`1`crf`8`sdy`0`h`24`iec`1`dft`5`ime`5`dmc`0`t`438`dn`1715`fn`1715`msz`1`23`0`c`0`pt`5`sp`s_3_1_76_0`dm`7`w`168`csq`1`n`650`pw`0`ph`0`ju`6`sq`1046`pan`1722`ibp`1`crf`8`sdy`0`h`24`iec`1`dft`5`ime`5`dmc`0`t`116`dn`650`fn`650`msz`30`25`0`c`0`pt`1383`sp`s_3_1_185_0`dm`5`w`112`csq`1`n`1723`pw`300`pat`Pick`ph`100`ju`6`sq`1049`ied`1`pan`5`ibp`1`crf`8`sdy`0`h`24`iec`1`dft`5`ime`5`dmc`0`t`4`dn`314`fn`134`msz`50`23`0`c`0`pt`5`sp`s_3_1_71_0`dm`7`w`128`csq`1`n`641`pw`0`ph`0`ju`6`sq`1019`pan`5`ibp`1`crf`8`sdy`0`h`24`iec`1`dft`5`ime`5`dmc`0`t`4`dn`641`fn`642`msz`30`23`0`c`0`pt`5`sp`s_3_1_144_0`dm`7`w`112`csq`1`n`1724`pw`0`ph`0`ju`6`sq`1048`pan`5`ibp`1`crf`8`sdy`0`h`24`iec`1`dft`5`ime`5`dmc`0`t`122`dn`121`fn`121`msz`255`23`0`c`0`pt`5`sp`s_3_1_39_0`dm`7`w`112`csq`1`n`1725`pw`0`ph`0`ju`6`sq`1061`pan`5`ibp`1`crf`8`sdy`0`h`24`iec`1`dft`5`ime`5`dmc`0`t`438`dn`1725`fn`1726`msz`100`23`0`c`0`pt`5`sp`s_3_1_122_0`dm`7`w`168`csq`1`n`643`pw`0`ph`0`ju`6`sq`1047`pan`5`ibp`1`crf`8`sdy`0`h`24`iec`1`dft`5`ime`5`dmc`0`t`116`dn`643`fn`643`msz`30`22`0`c`0`pt`5`sp`s_3_1_112_0`dm`7`w`112`n`162`pw`0`ph`0`ju`6`sq`1004`pan`5`ibp`1`crf`8`sdy`0`h`24`iec`1`dft`637`ime`5`dmc`0`t`163`dn`162`fn`162`msz`255`22`0`c`0`pt`5`sp`s_3_1_127_0`dm`7`w`128`n`1444`pw`0`ph`0`ju`6`sq`1036`pan`5`ibp`1`crf`8`sdy`0`h`24`iec`1`dft`5`ime`5`dmc`0`t`4`dn`1727`fn`1727`msz`255`24`0`c`0`pt`5`sp`s_3_1_14_0`dm`7`w`112`csq`1`n`1728`pw`300`pat`Pick`ph`100`ju`6`sq`1997`ied`1`pan`5`crf`8`sdy`0`h`24`iec`1`dft`5`ime`5`dmc`0`t`4`dn`1728`fn`1729`msz`100`23`0`c`0`pt`5`sp`s_3_1_29_0`dm`7`w`120`csq`1`n`1730`pw`0`ph`0`ju`6`sq`1997`pan`5`ibp`1`crf`8`sdy`0`h`24`iec`1`dft`5`ime`5`dmc`0`t`438`dn`1731`fn`1730`msz`100`23`0`c`0`pt`5`sp`s_3_1_32_0`dm`7`w`168`csq`1`n`1732`pw`0`ph`0`ju`6`sq`1007`pan`5`ibp`1`crf`8`sdy`0`h`24`iec`1`dft`5`ime`5`dmc`0`t`116`dn`427`fn`1732`msz`50`24`0`c`0`pt`5`sp`s_3_1_26_0`dm`7`w`112`csq`1`n`1733`pw`300`pat`Pick`ph`100`ju`6`sq`1008`ied`1`pan`5`crf`8`sdy`0`h`24`iec`1`dft`5`ime`5`dmc`0`t`4`dn`342`fn`1734`msz`50`24`0`c`0`pt`5`sp`s_3_1_35_0`dm`7`w`128`csq`1`n`1735`pw`300`pat`Pick`ph`100`ju`6`sq`1009`ied`1`pan`5`crf`8`sdy`0`h`24`iec`1`dft`5`ime`5`dmc`0`t`4`dn`1736`fn`1737`msz`50`23`0`c`0`pt`5`sp`s_3_1_52_0`dm`7`w`112`csq`1`n`1738`pw`0`ph`0`ju`6`sq`1051`pan`5`ibp`1`crf`8`sdy`0`h`24`iec`1`dft`5`ime`5`dmc`0`t`4`dn`1739`fn`1738`msz`30`22`0`c`0`pt`5`sp`s_3_1_46_0`dm`7`w`32`n`1740`pw`0`ph`0`ju`6`sq`1030`pan`5`ibp`1`crf`8`sdy`0`h`24`iec`1`dft`5`ime`5`dmc`0`t`92`dn`1740`fn`1741`msz`1`25`0`c`0`pt`1380`sp`s_3_1_148_0`dm`5`w`112`csq`1`n`142`pw`300`pat`Pick`ph`100`ju`6`sq`1035`ied`1`pan`5`ibp`1`crf`8`sdy`0`h`24`iec`1`dft`5`ime`5`dmc`0`t`4`dn`142`fn`142`msz`50`23`0`c`0`pt`5`sp`s_3_1_51_0`dm`7`w`128`csq`1`n`1742`pw`0`ph`0`ju`6`sq`1021`pan`1742`ibp`1`crf`8`sdy`0`h`24`iec`1`dft`5`ime`5`dmc`0`t`116`dn`1743`fn`1742`msz`50`22`0`c`0`pt`5`sp`s_3_1_59_0`dm`7`w`112`csq`1`n`1744`pw`0`ph`0`ju`6`sq`1053`pan`5`crf`8`sdy`0`h`24`iec`1`dft`5`ime`5`dmc`0`t`116`dn`1745`fn`1744`msz`30`25`0`c`0`pt`1382`sp`s_3_1_184_0`dm`5`w`168`csq`1`n`1746`pw`300`pat`Pick`ph`100`ju`6`sq`1005`ied`1`pan`5`ibp`1`crf`8`sdy`0`h`24`iec`1`dft`5`ime`5`dmc`0`t`116`dn`119`fn`165`msz`50`25`0`c`0`pt`5`sp`s_3_1_111_0`dm`7`w`112`csq`1`n`208`pw`300`pat`Pick`ph`100`ju`6`sq`1037`ied`1`pan`5`ibp`1`crf`8`sdy`0`h`24`iec`1`dft`5`ime`5`dmc`0`t`4`dn`208`fn`208`msz`100`22`0`c`0`pt`5`sp`s_3_1_53_0`dm`7`w`128`n`1747`pw`0`ph`0`ju`6`sq`1022`pan`5`ibp`1`crf`8`sdy`0`h`24`iec`1`dft`5`ime`5`dmc`0`t`4`dn`1748`fn`1747`msz`16`23`0`c`0`pt`5`sp`s_3_1_92_0`dm`7`w`0`n`1427`pw`0`ph`0`ju`6`sq`1054`pan`5`icm`387`ibp`1`crf`8`sdy`0`h`0`iec`1`dft`5`ime`5`dmc`0`t`92`dn`1427`fn`141`msz`1`22`0`c`0`pt`5`sp`s_3_1_28_0`dm`7`w`200`n`1749`pw`0`ph`0`ju`6`sq`1060`pan`5`ibp`1`crf`8`sdy`0`h`24`iec`1`dft`5`ime`5`dmc`0`t`438`dn`1749`fn`1750`msz`1`23`0`c`0`pt`5`sp`s_3_1_70_0`dm`7`w`168`csq`1`n`1751`pw`0`ph`0`ju`6`sq`1006`pan`5`ibp`1`crf`8`sdy`0`h`24`iec`1`dft`5`ime`5`dmc`0`t`4`dn`1751`fn`1752`msz`250`22`0`c`0`pt`5`sp`s_3_1_55_0`dm`7`w`112`n`1753`pw`0`ph`0`ju`6`sq`1038`pan`5`ibp`1`crf`8`sdy`0`h`24`iec`1`dft`5`ime`5`dmc`0`t`4`dn`1754`fn`1753`msz`16`22`0`c`0`pt`1757`sp`s_3_1_186_0`dm`7`w`128`n`1755`pw`0`ph`0`ju`6`sq`1023`pan`5`ibp`1`crf`8`sdy`0`h`24`iec`1`dft`1711`ime`5`dmc`0`t`163`dn`1755`fn`1756`msz`255`22`0`c`0`pt`5`sp`s_3_1_54_0`dm`7`w`168`n`1758`pw`0`ph`0`ju`6`sq`1010`pan`5`ibp`1`crf`8`sdy`0`h`24`iec`1`dft`5`ime`5`dmc`0`t`4`dn`1759`fn`1758`msz`18`23`0`c`0`pt`5`sp`s_3_1_79_0`dm`7`w`112`csq`1`n`1397`pw`0`ph`0`ju`6`sq`1039`pan`5`ibp`1`crf`8`sdy`0`h`24`iec`1`dft`5`ime`5`dmc`0`t`4`dn`1760`fn`1397`msz`255`25`0`c`0`pt`5`sp`s_3_1_93_0`dm`7`w`128`csq`1`n`1429`pw`300`pat`Pick`ph`100`ju`6`sq`1024`ied`1`pan`5`ibp`1`crf`8`sdy`0`h`24`iec`1`dft`5`ime`5`dmc`0`t`4`dn`1429`fn`1260`msz`100`23`0`c`0`pt`5`sp`s_3_1_25_0`dm`7`w`112`csq`1`n`1761`pw`0`ph`0`ju`6`sq`1056`pan`5`ibp`1`crf`8`sdy`0`h`24`iec`1`dft`5`ime`5`dmc`0`t`4`dn`917`fn`1761`msz`30`22`0`c`0`pt`5`sp`s_3_1_181_0`dm`7`w`168`n`1376`pw`0`ph`0`ju`6`sq`1011`pan`5`ibp`1`crf`8`sdy`0`h`24`iec`1`dft`5`ime`5`dmc`0`t`735`dn`1376`fn`1376`msz`16`25`0`c`0`pt`5`sp`s_3_1_145_0`dm`5`w`112`csq`1`n`1452`pw`300`pat`Pick`ph`100`ju`6`sq`1040`ied`1`pan`5`ibp`1`crf`8`sdy`0`h`24`iec`1`dft`5`ime`5`dmc`0`t`4`dn`1452`fn`199`msz`100`23`0`c`0`pt`5`sp`s_3_1_34_0`dm`7`w`112`csq`1`n`1762`pw`0`ph`0`ju`6`sq`1057`pan`5`ibp`1`crf`8`sdy`0`h`24`iec`1`dft`5`ime`5`dmc`0`t`4`dn`1763`fn`1762`msz`255`23`0`c`0`pt`5`sp`s_3_1_24_0`dm`7`w`128`csq`1`n`1764`pw`0`ph`0`ju`6`sq`1997`pan`1765`ibp`1`crf`8`sdy`0`h`24`iec`1`dft`5`ime`5`dmc`0`t`116`dn`1764`fn`1764`msz`30`22`0`c`0`pt`5`sp`s_3_1_85_0`dm`7`w`168`n`1392`pw`0`ph`0`ju`6`sq`1012`pan`5`ibp`1`crf`8`sdy`0`h`24`iec`1`dft`637`ime`5`dmc`0`t`163`dn`1393`fn`1392`msz`255`23`0`c`0`pt`5`sp`s_3_1_103_0`dm`7`w`40`n`1398`pw`0`ph`0`ju`6`sq`1041`pan`5`icm`387`ibp`1`crf`8`sdy`0`h`0`iec`1`dft`5`ime`5`dmc`0`t`92`dn`1398`fn`1399`msz`1`23`0`c`0`pt`5`sp`s_3_1_139_0`dm`5`w`128`csq`1`n`1448`pw`0`ph`0`ju`6`sq`1029`pan`1766`ibp`1`crf`8`sdy`0`h`24`iec`1`dft`5`ime`5`dmc`0`t`116`dn`1448`fn`1448`msz`30`23`0`c`0`pt`1767`sp`s_3_1_142_0`dm`7`w`0`n`1450`pw`0`ph`0`ju`6`sq`1058`pan`5`icm`387`ibp`1`crf`8`sdy`0`h`0`iec`1`dft`5`ime`5`dmc`0`t`92`dn`1450`fn`1450`msz`1`23`0`c`0`pt`5`sp`s_3_1_20_0`dm`7`w`128`csq`1`n`1768`pw`0`ph`0`ju`6`sq`1997`pan`5`ibp`1`crf`8`sdy`0`h`24`iec`1`dft`5`ime`5`dmc`0`t`4`dn`1768`fn`1768`msz`15`23`0`c`0`pt`5`sp`s_3_1_155_0`dm`7`w`168`csq`1`n`1396`pw`0`ph`0`ju`6`sq`1013`pan`5`ibp`1`crf`8`sdy`0`h`24`iec`1`dft`5`ime`5`dmc`0`t`4`dn`1396`fn`1397`msz`255`23`0`c`0`pt`5`sp`s_3_1_104_0`dm`7`w`112`csq`1`n`1402`pw`0`ph`0`ju`6`sq`1042`pan`1405`ibp`1`crf`8`sdy`0`h`24`iec`1`dft`5`ime`5`dmc`0`t`116`dn`1403`fn`1404`msz`30`22`0`c`0`pt`5`sp`s_3_1_31_0`dm`7`w`32`n`1769`pw`0`ph`0`ju`6`sq`1030`pan`5`ibp`1`crf`8`sdy`0`h`24`iec`1`dft`5`ime`5`dmc`0`t`92`dn`1769`fn`1770`msz`1`25`0`c`0`pt`1772`sp`s_3_1_151_0`dm`5`w`112`csq`1`n`1454`pw`300`pat`Pick`ph`100`ju`6`sq`1059`ied`1`pan`5`ibp`1`crf`8`sdy`0`h`24`iec`1`dft`5`ime`5`dmc`0`t`4`dn`1771`fn`1454`msz`50`25`0`c`0`pt`5`sp`s_3_1_182_0`dm`7`w`168`csq`1`n`888`pw`300`pat`Pick`ph`100`ju`6`sq`1015`ied`1`pan`5`ibp`1`crf`8`sdy`0`h`24`iec`1`dft`5`ime`5`dmc`0`t`4`dn`888`fn`888`msz`100`23`0`c`0`pt`5`sp`s_3_1_119_0`dm`7`w`112`csq`1`n`151`pw`0`ph`0`ju`6`sq`1014`pan`5`ibp`1`crf`8`sdy`0`h`24`iec`1`dft`5`ime`5`dmc`0`t`4`dn`151`fn`1773`msz`255`24`0`c`0`pt`5`sp`s_3_1_83_0`dm`7`w`32`csq`1`n`1774`pw`0`ph`0`ju`6`sq`1027`pan`5`icm`387`ibp`1`crf`8`sdy`0`h`24`iec`1`dft`5`ime`5`dmc`0`t`92`dn`1774`fn`1775`msz`50`25`0`c`0`pt`5`sp`s_3_1_114_0`dm`7`w`112`csq`1`n`155`pw`300`pat`Mvg`ph`100`ju`6`sq`1043`ied`1`pan`5`ibp`1`crf`8`sdy`0`h`24`iec`1`dft`5`ime`5`dmc`0`t`4`dn`155`fn`155`msz`100`25`0`c`0`pt`5`sp`s_3_1_42_0`dm`7`w`168`csq`1`n`1776`pw`300`pat`Pick`ph`100`ju`6`sq`1997`ied`1`pan`5`ibp`1`crf`8`sdy`0`h`24`iec`1`dft`5`ime`5`dmc`0`t`4`dn`1776`fn`1777`msz`30`23`0`c`0`pt`5`sp`s_3_1_48_0`dm`7`w`112`csq`1`n`1778`pw`0`ph`0`ju`6`sq`1044`pan`5`ibp`1`crf`8`sdy`0`h`24`iec`1`dft`5`ime`5`dmc`0`t`4`dn`1778`fn`1779`msz`30`23`0`c`0`pt`5`sp`s_3_1_195_0`dm`5`w`128`csq`1`n`1780`pw`0`ph`0`ju`6`sq`1029`pan`5`ibp`1`crf`8`sdy`0`h`24`iec`1`dft`5`ime`5`dmc`0`t`4`dn`1781`fn`1780`msz`30`23`0`c`0`pt`5`sp`s_3_1_82_0`dm`7`w`32`n`1422`pw`0`ph`0`ju`6`sq`1027`pan`5`icm`387`ibp`1`crf`8`sdy`0`h`24`iec`1`dft`5`ime`5`dmc`0`t`92`dn`1422`fn`1422`msz`1`23`0`c`0`pt`5`sp`s_3_1_36_0`dm`7`w`168`csq`1`n`1782`pw`0`ph`0`ju`6`sq`1100`pan`5`ibp`1`crf`8`sdy`0`h`24`iec`1`dft`5`ime`5`dmc`0`t`4`dn`1782`fn`1782`msz`20`24`1`c`0`pt`5`sp`s_3_1_49_0`dm`7`w`24`csq`1`n`1783`pw`0`ph`0`ju`6`sq`1997`pan`5`mn`54`ibp`1`crf`8`sdy`0`h`24`iec`1`dft`5`ime`5`dmc`0`t`10`dn`1784`fn`1783`msz`15`0`0``0`23`0`c`0`pt`1786`sp`s_3_1_188_0`dm`5`w`112`csq`1`n`1785`pw`0`ph`0`ju`6`sq`1045`pan`5`ibp`1`crf`8`sdy`0`h`24`iec`1`dft`5`ime`5`dmc`0`t`4`dn`114`fn`1457`msz`64`23`0`c`0`pt`5`sp`s_3_1_30_0`dm`7`w`128`csq`1`n`1787`pw`0`ph`0`ju`6`sq`1030`pan`5`ibp`1`crf`8`sdy`0`h`24`iec`1`dft`5`ime`5`dmc`0`t`4`dn`1788`fn`1787`msz`50`22`0`c`0`pt`5`sp`s_3_1_135_0`dm`7`w`0`n`1789`pw`0`ph`0`ju`6`sq`1997`pan`5`ibp`1`crf`8`sdy`0`h`0`iec`1`dft`5`ime`5`dmc`0`t`92`dn`1790`fn`1789`msz`1`23`0`c`0`pt`5`sp`s_3_1_5_0`dm`7`w`168`csq`1`n`1791`pw`0`ph`0`ju`6`sq`1101`pan`5`ibp`1`crf`8`sdy`0`h`24`iec`1`dft`5`ime`5`dmc`0`t`4`dn`1792`fn`1791`msz`255`22`0`c`0`pt`5`sp`s_3_1_194_0`dm`7`w`112`n`1793`pw`0`ph`0`ju`6`sq`1044`pan`5`ibp`1`crf`8`sdy`0`h`24`iec`1`dft`5`ime`5`dmc`0`t`4`dn`1794`fn`1795`msz`18`23`0`c`0`pt`5`sp`s_3_1_6_0`dm`7`w`128`csq`1`n`1796`pw`0`ph`0`ju`6`sq`1031`pan`5`ibp`1`crf`8`sdy`0`h`24`iec`1`dft`5`ime`5`dmc`0`t`4`dn`1797`fn`1796`msz`30`23`0`c`0`pt`5`sp`s_3_1_10_0`dm`7`w`120`csq`1`n`1798`pw`0`ph`0`ju`6`sq`1997`pan`5`ibp`1`crf`8`sdy`0`h`24`iec`1`dft`5`ime`5`dmc`0`t`4`dn`1798`fn`1799`msz`50`23`0`c`0`pt`5`sp`s_3_1_193_0`dm`7`w`168`csq`1`n`1800`pw`0`ph`0`ju`6`sq`1102`pan`5`ibp`1`crf`8`sdy`0`h`24`iec`1`dft`5`ime`5`dmc`0`t`4`dn`1801`fn`1802`msz`30`23`0`c`0`pt`5`sp`s_3_1_16_0`dm`7`w`112`csq`1`n`1803`pw`0`ph`0`ju`6`sq`1055`pan`5`ibp`1`crf`8`sdy`0`h`24`iec`1`dft`5`ime`5`dmc`0`t`4`dn`1804`fn`1805`msz`100`22`0`c`0`pt`5`sp`s_3_1_1_0`dm`7`w`120`n`1806`pw`0`ph`0`ju`6`sq`1997`pan`5`ibp`1`crf`8`sdy`0`h`24`iec`1`dft`637`ime`5`dmc`0`t`1807`dn`1808`fn`1806`msz`255`23`0`c`0`pt`5`sp`s_3_1_33_0`dm`7`w`24`n`1809`pw`0`ph`0`ju`6`sq`1110`pan`5`icm`387`ibp`1`crf`8`sdy`0`h`24`iec`1`dft`5`ime`5`dmc`0`t`92`dn`1810`fn`1809`msz`1`22`0`c`0`pt`5`sp`s_3_1_7_0`dm`7`w`112`n`1811`pw`0`ph`0`ju`6`sq`1997`pan`5`ibp`1`crf`8`sdy`0`h`24`iec`1`dft`5`ime`5`dmc`0`t`4`dn`1812`fn`1811`msz`18`23`0`c`0`pt`5`sp`s_3_1_2_0`dm`7`w`112`csq`1`n`1813`pw`0`ph`0`ju`6`sq`1997`pan`5`ibp`1`crf`8`sdy`0`h`24`iec`1`dft`5`ime`5`dmc`0`t`4`dn`1813`fn`1814`msz`50`22`0`c`0`pt`5`sp`s_3_1_8_0`dm`7`w`112`n`1815`pw`0`ph`0`ju`6`sq`1997`pan`5`ibp`1`crf`8`sdy`0`h`24`iec`1`dft`5`ime`5`dmc`0`t`4`dn`1816`fn`1815`msz`16`1`0`cfm`0`DeleteRecord`IDS_SWE_DELETE_CONFIRM_WARNING`0`7`pcl`0`2`0`pc`0`allowPC`false`External Order #``2`0`pc`0`allowPC`false`Integration Message``2`0`pc`0`allowPC`false`Integration Status``2`0`pc`0`Sold To Address``allowPC`false`2`0`pc`0`allowPC`false`Sold To Site``2`0`pc`0`allowPC`false`HTML Button``2`0`pc`0`allowPC`false`HTML MiniButton``0`1`nla`0`17`4`ai`3`S_A7`nfi`2`n`UMF Message List Applet - OUI Tile`cud`2*451*04*13451*04*13441*03*3101*04*13371*04*13381*04*13411*04*13461*04*13491*04*13511*03*6351*02*431*02*121*02*401*02*391*04*13551*04*13561*04*13571*04*13581*04*13591*04*18581*04*13601*04*13611*04*13621*04*13631*04*13641*04*13531*0`dqy`1`cik`2*451*12*401*02*391*03*3101*04*13401*14*13431*14*13481*14*13501*14*13521*13*6351*12*431*02*211*02*221*12*231*12*241*12*251*02*261*02*271*02*281*02*291*02*301*02*311*02*321*02*331*02*341*02*351*02*361*02*371*02*381*02*411*02*421*02*201*02*441*12*461*12*471*02*481*02*491*02*501*02*511*02*521*02*531*02*541*12*551*02*561*12*571*0`rct`10`asq`-1`vrn`S_A7`tt`1335`inu`1`hmn`1`rsp`false`bnr`0`iem``bci`S_BC2`hlc`3*a_61*11*2`i`6`0`5`cl`0`23`1`c`0`pt`5`sp`s_6_1_5_0`dm`7`w`0`n`1338`pw`0`ph`0`ju`6`sq`997`pan`5`mn`1340`ibp`1`crf`8`sdy`0`h`0`iec`1`dft`5`ime`5`dmc`0`t`67`dn`1347`fn`5`msz`32`13`0`imp`0`SWEField`s_6_1_5_0`SWENeedContext`true`SWER`65535`SWESP`false`SWEMethod`ResponseMethod0`SWECmd`InvokeMethod`SWEDIC`false`SWEReqRowId`0`SWEView`Sales Order-Browse Catalog View`SWEC`48`SWEBID`-1`SRN`xK7T2pIB2ZOV15hwlQxQF5reKcoUB8VpMTZr7we8uAEb`SWEApplet`UMF Message List Applet - OUI Tile`23`1`c`0`pt`5`sp`s_6_1_6_0`dm`7`w`0`n`1341`pw`0`ph`0`ju`6`sq`997`pan`5`mn`1343`ibp`1`crf`8`sdy`0`h`0`iec`1`dft`5`ime`5`dmc`0`t`67`dn`1347`fn`5`msz`32`13`0`imp`0`SWEField`s_6_1_6_0`SWENeedContext`true`SWER`65535`SWESP`false`SWEMethod`ResponseMethod1`SWECmd`InvokeMethod`SWEDIC`false`SWEReqRowId`0`SWEView`Sales Order-Browse Catalog View`SWEC`48`SWEBID`-1`SRN`xK7T2pIB2ZOV15hwlQxQF5reKcoUB8VpMTZr7we8uAEb`SWEApplet`UMF Message List Applet - OUI Tile`23`1`c`0`pt`5`sp`s_6_1_7_0`dm`7`w`0`n`1346`pw`0`ph`0`ju`6`sq`997`pan`5`mn`1348`ibp`1`crf`8`sdy`0`h`0`iec`1`dft`5`ime`5`dmc`0`t`67`dn`1347`fn`5`msz`32`13`0`imp`0`SWEField`s_6_1_7_0`SWENeedContext`true`SWER`65535`SWESP`false`SWEMethod`ResponseMethod2`SWECmd`InvokeMethod`SWEDIC`false`SWEReqRowId`0`SWEView`Sales Order-Browse Catalog View`SWEC`48`SWEBID`-1`SRN`xK7T2pIB2ZOV15hwlQxQF5reKcoUB8VpMTZr7we8uAEb`SWEApplet`UMF Message List Applet - OUI Tile`23`1`c`0`pt`5`sp`s_6_1_8_0`dm`7`w`0`n`1349`pw`0`ph`0`ju`6`sq`997`pan`5`mn`1350`ibp`1`crf`8`sdy`0`h`0`iec`1`dft`5`ime`5`dmc`0`t`67`dn`1347`fn`5`msz`32`13`0`imp`0`SWEField`s_6_1_8_0`SWENeedContext`true`SWER`65535`SWESP`false`SWEMethod`ResponseMethod3`SWECmd`InvokeMethod`SWEDIC`false`SWEReqRowId`0`SWEView`Sales Order-Browse Catalog View`SWEC`48`SWEBID`-1`SRN`xK7T2pIB2ZOV15hwlQxQF5reKcoUB8VpMTZr7we8uAEb`SWEApplet`UMF Message List Applet - OUI Tile`23`1`c`0`pt`5`sp`s_6_1_9_0`dm`7`w`0`n`1351`pw`0`ph`0`ju`6`sq`997`pan`5`mn`1352`ibp`1`crf`8`sdy`0`h`0`iec`1`dft`5`ime`5`dmc`0`t`67`dn`1347`fn`5`msz`32`13`0`imp`0`SWEField`s_6_1_9_0`SWENeedContext`true`SWER`65535`SWESP`false`SWEMethod`ResponseMethod4`SWECmd`InvokeMethod`SWEDIC`false`SWEReqRowId`0`SWEView`Sales Order-Browse Catalog View`SWEC`48`SWEBID`-1`SRN`xK7T2pIB2ZOV15hwlQxQF5reKcoUB8VpMTZr7we8uAEb`SWEApplet`UMF Message List Applet - OUI Tile`1`0`cfm`0`DeleteRecord`IDS_SWE_DELETE_CONFIRM_WARNING`0`2`col`0`24`0`co`0`pt`5`sp`s_6_2_20_`dm`5`w`100`csq`1`n`1858`pw`0`ph`0`ju`6`sq`997`pan`5`ibp`1`crf`8`sdy`0`h`0`iec`1`dft`5`cix`0`ime`5`dmc`0`t`1859`dn`1860`fn`1858`msz`15`24`0`co`0`pt`5`sp`s_6_2_26_`dm`69`w`100`csq`1`n`1353`pw`0`ph`0`ju`6`sq`997`pan`5`ibp`1`crf`8`sdy`0`h`0`iec`1`dft`5`cix`1`ime`5`dmc`0`t`1367`dn`1354`fn`1353`msz`2500`0`3`pcl`0`2`0`pc`0`allowPC`false`ProdSelectionCC``2`0`pc`0`allowPC`false`AppletTitle``2`0`pco`0`allowPC`false`Image Id``0`1`nla`0`18`5`ai`3`S_A5`cdfe`ProdSelectionCC`nfi`1`n`Sales Order Catalog List Applet`cud`4*18621*14*13371*12*641*13*1051*12*121*14*18611*03*6531*13*1211*04*16511*0`cik`4*14131*02*201*02*211*12*221*12*231*12*241*12*251*02*261*12*271*02*281*02*291*12*301*12*311*12*321*12*331*02*341*12*351*12*361*12*371*12*381*02*391*02*401*02*411*02*421*02*431*02*441*12*451*12*461*12*471*12*481*02*491*02*501*02*511*02*521*02*531*02*541*12*551*12*561*02*571*0`pf`VER_1.0_~0|Display Name|100~0|eAdvisor|100`rct`500`asq`2`vrn`S_A5`tt`1611`inu`0`hmn`1`rsp`false`bnr`0`iem``bci`S_BC5`hlc`3*a_51*11*2`i`5`0`1`cl`0`4`1`cc`0`sp`s_5_1_1_0`n`1337`t`1336`fn`5`0`1`cc`0`2`0`SpanInnerHTML`0`HTML_SPAN_ID`PRODUCT_SELECTION_Sales Order Catalog List Applet`HTML_SRC`&lt;a id=&quot;SWETopHidden5&quot; href=&quot;javascript:void(0);&quot; tabindex=&quot;3000&quot;&gt;&lt;/a&gt;&lt;a id=&quot;SWETopHidden5&quot; href=&quot;javascript:void(0);&quot; tabindex=&quot;3000&quot; title=&quot;Not Used&quot;&gt;&lt;/a&gt;&lt;table datatable=&quot;0&quot; summary=&quot;&quot; cellpadding=&quot;0&quot; cellspacing=&quot;0&quot; border=&quot;0&quot;&gt;&lt;tr&gt;&lt;td&gt;&lt;img src=&quot;images/spacer.gif&quot; width=&quot;1&quot; height=&quot;3&quot; alt=&quot;&quot;&gt;&lt;/td&gt;&lt;/tr&gt;&lt;/table&gt;&lt;span class=&quot;AppletStyle4&quot;&gt;&lt;form name=&quot;SWEForm5_0&quot; method=&quot;post&quot; action=&quot;/ecommunications_enu_nsm_aps05524a027/start.swe&quot; &gt;
&lt;table datatable=&quot;0&quot; summary=&quot;&quot; width=&quot;100%&quot; cellspacing=&quot;0&quot; cellpadding=&quot;0&quot; border=&quot;0&quot; align=&quot;center&quot;&gt;&lt;tr class=&quot;AppletTitle&quot;&gt;&lt;td class=&quot;AppletTitle&quot; nowrap&gt;&lt;img src=&quot;images/spacer.gif&quot; width=&quot;6&quot; height=&quot;15&quot; alt=&quot;&quot;&gt;Browse&lt;/td&gt;&lt;td class=&quot;AppletTitle&quot; width=&quot;100%&quot; align=&quot;right&quot;&gt;&amp;nbsp;&lt;/td&gt;&lt;/tr&gt;&lt;/table&gt;&lt;table datatable=&quot;0&quot; summary=&quot;&quot; width=&quot;100%&quot; cellpadding=&quot;1&quot; cellspacing=&quot;0&quot; border=&quot;0&quot; align=&quot;center&quot;&gt;&lt;tr&gt;&lt;/tr&gt;&lt;/table&gt;&lt;table datatable=&quot;0&quot; summary=&quot;&quot; width=&quot;100%&quot; cellpadding=&quot;1&quot; cellspacing=&quot;0&quot; border=&quot;0&quot; align=&quot;center&quot;&gt;&lt;tr&gt;&lt;td class=&quot;AppletBorder&quot;&gt;&lt;table datatable=&quot;0&quot; summary=&quot;&quot; class=&quot;AppletBack&quot; valign=&quot;top&quot; width=&quot;100%&quot; cellpadding=&quot;2&quot; cellspacing=&quot;0&quot; border=&quot;0&quot;&gt;&lt;tr valign=&quot;top&quot;&gt;&lt;td width=&quot;1&quot;&gt;&lt;img src=&quot;images/bullet_green.gif&quot; alt=&quot;&quot;&gt;&lt;/td&gt;&lt;td valign=&quot;bottom&quot;&gt;&lt;b&gt;&lt;span  id=&apos;s_5_2_6_0&apos; &gt;BT Consumer Catalog&lt;/span&gt;&amp;nbsp;&amp;nbsp;&lt;/b&gt;&lt;/td&gt;&lt;/tr&gt;&lt;tr valign=&quot;top&quot;&gt;&lt;td width=&quot;1&quot;&gt;&lt;img src=&quot;images/spacer.gif&quot; alt=&quot;&quot;&gt;&lt;/td&gt;&lt;td valign=&quot;bottom&quot;&gt;&lt;a id=&quot;SWETopHidden0&quot; href=&quot;javascript:void(0);&quot; tabindex=&quot;0&quot;&gt;&lt;/a&gt;&lt;a id=&quot;SWETopHidden0&quot; href=&quot;javascript:void(0);&quot; tabindex=&quot;0&quot; title=&quot;Not Used&quot;&gt;&lt;/a&gt;&lt;nobr&gt;&amp;nbsp;&lt;a href=&apos;JavaScript:c_d(new Array(&quot;SWERowId&quot;,&quot;SWEField&quot;,&quot;SWERowIds&quot;),new Array(&quot;2-1FA3YP43&quot;,&quot;s_0_2_6_0&quot;,&quot;SWERowId0=1-ZOIRIS,SWERowId1=2-1FA3YP43&quot;),new Array(&quot;SWENeedContext&quot;,&quot;SWESP&quot;,&quot;SWEMethod&quot;,&quot;SWECmd&quot;,&quot;SWEVI&quot;,&quot;SWEPOC&quot;,&quot;SWETargetView&quot;,&quot;SWEDIC&quot;,&quot;SWEReqRowId&quot;,&quot;SWEView&quot;,&quot;SWETVI&quot;,&quot;SWEC&quot;,&quot;SWEM&quot;,&quot;SWEBID&quot;,&quot;SWESPa&quot;,&quot;SRN&quot;,&quot;SWEContainer&quot;,&quot;SWETS&quot;,&quot;SWETA&quot;,&quot;SWEApplet&quot;),new Array(&quot;/ecommunications_enu_nsm_aps05524a027/start.swe&quot;,&quot;true&quot;,&quot;false&quot;,&quot;Drilldown&quot;,&quot;InvokeMethod&quot;,&quot;&quot;,&quot;&quot;,&quot;&quot;,&quot;false&quot;,&quot;1&quot;,&quot;Sales Order-Browse Catalog View&quot;,&quot;&quot;,&quot;48&quot;,&quot;&quot;,&quot;-1&quot;,&quot;&quot;,&quot;xK7T2pIB2ZOV15hwlQxQF5reKcoUB8VpMTZr7we8uAEb&quot;,&quot;&quot;,&quot;&quot;,&quot;&quot;,&quot;Sales Order Catalog RootSubCategory List Applet&quot;),this)&apos;  id=&apos;s_0_2_6_0&apos;&gt;BT Basic and BB bundle&lt;/a&gt;&amp;nbsp;&amp;nbsp;&amp;nbsp;&amp;nbsp;&amp;nbsp;&lt;/nobr&gt;&amp;#32;&amp;#32;&lt;nobr&gt;&amp;nbsp;&lt;a href=&apos;JavaScript:c_d(new Array(&quot;SWERowId&quot;,&quot;SWEField&quot;,&quot;SWERowIds&quot;),new Array(&quot;1-2NY1OVT&quot;,&quot;s_0_2_6_1&quot;,&quot;SWERowId0=1-ZOIRIS,SWERowId1=1-2NY1OVT&quot;),new Array(&quot;SWENeedContext&quot;,&quot;SWESP&quot;,&quot;SWEMethod&quot;,&quot;SWECmd&quot;,&quot;SWEVI&quot;,&quot;SWEPOC&quot;,&quot;SWETargetView&quot;,&quot;SWEDIC&quot;,&quot;SWEReqRowId&quot;,&quot;SWEView&quot;,&quot;SWETVI&quot;,&quot;SWEC&quot;,&quot;SWEM&quot;,&quot;SWEBID&quot;,&quot;SWESPa&quot;,&quot;SRN&quot;,&quot;SWEContainer&quot;,&quot;SWETS&quot;,&quot;SWETA&quot;,&quot;SWEApplet&quot;),new Array(&quot;/ecommunications_enu_nsm_aps05524a027/start.swe&quot;,&quot;true&quot;,&quot;false&quot;,&quot;Drilldown&quot;,&quot;InvokeMethod&quot;,&quot;&quot;,&quot;&quot;,&quot;&quot;,&quot;false&quot;,&quot;1&quot;,&quot;Sales Order-Browse Catalog View&quot;,&quot;&quot;,&quot;48&quot;,&quot;&quot;,&quot;-1&quot;,&quot;&quot;,&quot;xK7T2pIB2ZOV15hwlQxQF5reKcoUB8VpMTZr7we8uAEb&quot;,&quot;&quot;,&quot;&quot;,&quot;&quot;,&quot;Sales Order Catalog RootSubCategory List Applet&quot;),this)&apos;  id=&apos;s_0_2_6_1&apos;&gt;BT Broadband and BB Talk&lt;/a&gt;&amp;nbsp;&amp;nbsp;&amp;nbsp;&amp;nbsp;&amp;nbsp;&lt;/nobr&gt;&amp;#32;&amp;#32;&lt;nobr&gt;&amp;nbsp;&lt;a href=&apos;JavaScript:c_d(new Array(&quot;SWERowId&quot;,&quot;SWEField&quot;,&quot;SWERowIds&quot;),new Array(&quot;3-1M73EMSR&quot;,&quot;s_0_2_6_2&quot;,&quot;SWERowId0=1-ZOIRIS,SWERowId1=3-1M73EMSR&quot;),new Array(&quot;SWENeedContext&quot;,&quot;SWESP&quot;,&quot;SWEMethod&quot;,&quot;SWECmd&quot;,&quot;SWEVI&quot;,&quot;SWEPOC&quot;,&quot;SWETargetView&quot;,&quot;SWEDIC&quot;,&quot;SWEReqRowId&quot;,&quot;SWEView&quot;,&quot;SWETVI&quot;,&quot;SWEC&quot;,&quot;SWEM&quot;,&quot;SWEBID&quot;,&quot;SWESPa&quot;,&quot;SRN&quot;,&quot;SWEContainer&quot;,&quot;SWETS&quot;,&quot;SWETA&quot;,&quot;SWEApplet&quot;),new Array(&quot;/ecommunications_enu_nsm_aps05524a027/start.swe&quot;,&quot;true&quot;,&quot;false&quot;,&quot;Drilldown&quot;,&quot;InvokeMethod&quot;,&quot;&quot;,&quot;&quot;,&quot;&quot;,&quot;false&quot;,&quot;1&quot;,&quot;Sales Order-Browse Catalog View&quot;,&quot;&quot;,&quot;48&quot;,&quot;&quot;,&quot;-1&quot;,&quot;&quot;,&quot;xK7T2pIB2ZOV15hwlQxQF5reKcoUB8VpMTZr7we8uAEb&quot;,&quot;&quot;,&quot;&quot;,&quot;&quot;,&quot;Sales Order Catalog RootSubCategory List Applet&quot;),this)&apos;  id=&apos;s_0_2_6_2&apos;&gt;BT Claim Rewards List&lt;/a&gt;&amp;nbsp;&amp;nbsp;&amp;nbsp;&amp;nbsp;&amp;nbsp;&lt;/nobr&gt;&amp;#32;&amp;#32;&lt;nobr&gt;&amp;nbsp;&lt;a href=&apos;JavaScript:c_d(new Array(&quot;SWERowId&quot;,&quot;SWEField&quot;,&quot;SWERowIds&quot;),new Array(&quot;3-3DXTLJTY&quot;,&quot;s_0_2_6_3&quot;,&quot;SWERowId0=1-ZOIRIS,SWERowId1=3-3DXTLJTY&quot;),new Array(&quot;SWENeedContext&quot;,&quot;SWESP&quot;,&quot;SWEMethod&quot;,&quot;SWECmd&quot;,&quot;SWEVI&quot;,&quot;SWEPOC&quot;,&quot;SWETargetView&quot;,&quot;SWEDIC&quot;,&quot;SWEReqRowId&quot;,&quot;SWEView&quot;,&quot;SWETVI&quot;,&quot;SWEC&quot;,&quot;SWEM&quot;,&quot;SWEBID&quot;,&quot;SWESPa&quot;,&quot;SRN&quot;,&quot;SWEContainer&quot;,&quot;SWETS&quot;,&quot;SWETA&quot;,&quot;SWEApplet&quot;),new Array(&quot;/ecommunications_enu_nsm_aps05524a027/start.swe&quot;,&quot;true&quot;,&quot;false&quot;,&quot;Drilldown&quot;,&quot;InvokeMethod&quot;,&quot;&quot;,&quot;&quot;,&quot;&quot;,&quot;false&quot;,&quot;1&quot;,&quot;Sales Order-Browse Catalog View&quot;,&quot;&quot;,&quot;48&quot;,&quot;&quot;,&quot;-1&quot;,&quot;&quot;,&quot;xK7T2pIB2ZOV15hwlQxQF5reKcoUB8VpMTZr7we8uAEb&quot;,&quot;&quot;,&quot;&quot;,&quot;&quot;,&quot;Sales Order Catalog RootSubCategory List Applet&quot;),this)&apos;  id=&apos;s_0_2_6_3&apos;&gt;BT Giving&lt;/a&gt;&amp;nbsp;&amp;nbsp;&amp;nbsp;&amp;nbsp;&amp;nbsp;&lt;/nobr&gt;&amp;#32;&amp;#32;&lt;nobr&gt;&amp;nbsp;&lt;a href=&apos;JavaScript:c_d(new Array(&quot;SWERowId&quot;,&quot;SWEField&quot;,&quot;SWERowIds&quot;),new Array(&quot;2-ZLOBES3&quot;,&quot;s_0_2_6_4&quot;,&quot;SWERowId0=1-ZOIRIS,SWERowId1=2-ZLOBES3&quot;),new Array(&quot;SWENeedContext&quot;,&quot;SWESP&quot;,&quot;SWEMethod&quot;,&quot;SWECmd&quot;,&quot;SWEVI&quot;,&quot;SWEPOC&quot;,&quot;SWETargetView&quot;,&quot;SWEDIC&quot;,&quot;SWEReqRowId&quot;,&quot;SWEView&quot;,&quot;SWETVI&quot;,&quot;SWEC&quot;,&quot;SWEM&quot;,&quot;SWEBID&quot;,&quot;SWESPa&quot;,&quot;SRN&quot;,&quot;SWEContainer&quot;,&quot;SWETS&quot;,&quot;SWETA&quot;,&quot;SWEApplet&quot;),new Array(&quot;/ecommunications_enu_nsm_aps05524a027/start.swe&quot;,&quot;true&quot;,&quot;false&quot;,&quot;Drilldown&quot;,&quot;InvokeMethod&quot;,&quot;&quot;,&quot;&quot;,&quot;&quot;,&quot;false&quot;,&quot;1&quot;,&quot;Sales Order-Browse Catalog View&quot;,&quot;&quot;,&quot;48&quot;,&quot;&quot;,&quot;-1&quot;,&quot;&quot;,&quot;xK7T2pIB2ZOV15hwlQxQF5reKcoUB8VpMTZr7we8uAEb&quot;,&quot;&quot;,&quot;&quot;,&quot;&quot;,&quot;Sales Order Catalog RootSubCategory List Applet&quot;),this)&apos;  id=&apos;s_0_2_6_4&apos;&gt;BT Mobile&lt;/a&gt;&amp;nbsp;&amp;nbsp;&amp;nbsp;&amp;nbsp;&amp;nbsp;&lt;/nobr&gt;&amp;#32;&amp;#32;&lt;nobr&gt;&amp;nbsp;&lt;a href=&apos;JavaScript:c_d(new Array(&quot;SWERowId&quot;,&quot;SWEField&quot;,&quot;SWERowIds&quot;),new Array(&quot;2-1AZOPW2I&quot;,&quot;s_0_2_6_5&quot;,&quot;SWERowId0=1-ZOIRIS,SWERowId1=2-1AZOPW2I&quot;),new Array(&quot;SWENeedContext&quot;,&quot;SWESP&quot;,&quot;SWEMethod&quot;,&quot;SWECmd&quot;,&quot;SWEVI&quot;,&quot;SWEPOC&quot;,&quot;SWETargetView&quot;,&quot;SWEDIC&quot;,&quot;SWEReqRowId&quot;,&quot;SWEView&quot;,&quot;SWETVI&quot;,&quot;SWEC&quot;,&quot;SWEM&quot;,&quot;SWEBID&quot;,&quot;SWESPa&quot;,&quot;SRN&quot;,&quot;SWEContainer&quot;,&quot;SWETS&quot;,&quot;SWETA&quot;,&quot;SWEApplet&quot;),new Array(&quot;/ecommunications_enu_nsm_aps05524a027/start.swe&quot;,&quot;true&quot;,&quot;false&quot;,&quot;Drilldown&quot;,&quot;InvokeMethod&quot;,&quot;&quot;,&quot;&quot;,&quot;&quot;,&quot;false&quot;,&quot;1&quot;,&quot;Sales Order-Browse Catalog View&quot;,&quot;&quot;,&quot;48&quot;,&quot;&quot;,&quot;-1&quot;,&quot;&quot;,&quot;xK7T2pIB2ZOV15hwlQxQF5reKcoUB8VpMTZr7we8uAEb&quot;,&quot;&quot;,&quot;&quot;,&quot;&quot;,&quot;Sales Order Catalog RootSubCategory List Applet&quot;),this)&apos;  id=&apos;s_0_2_6_5&apos;&gt;BT Mobile Launch&lt;/a&gt;&amp;nbsp;&amp;nbsp;&amp;nbsp;&amp;nbsp;&amp;nbsp;&lt;/nobr&gt;&amp;#32;&amp;#32;&lt;nobr&gt;&amp;nbsp;&lt;a href=&apos;JavaScript:c_d(new Array(&quot;SWERowId&quot;,&quot;SWEField&quot;,&quot;SWERowIds&quot;),new Array(&quot;3-2SZ6E1P4&quot;,&quot;s_0_2_6_6&quot;,&quot;SWERowId0=1-ZOIRIS,SWERowId1=3-2SZ6E1P4&quot;),new Array(&quot;SWENeedContext&quot;,&quot;SWESP&quot;,&quot;SWEMethod&quot;,&quot;SWECmd&quot;,&quot;SWEVI&quot;,&quot;SWEPOC&quot;,&quot;SWETargetView&quot;,&quot;SWEDIC&quot;,&quot;SWEReqRowId&quot;,&quot;SWEView&quot;,&quot;SWETVI&quot;,&quot;SWEC&quot;,&quot;SWEM&quot;,&quot;SWEBID&quot;,&quot;SWESPa&quot;,&quot;SRN&quot;,&quot;SWEContainer&quot;,&quot;SWETS&quot;,&quot;SWETA&quot;,&quot;SWEApplet&quot;),new Array(&quot;/ecommunications_enu_nsm_aps05524a027/start.swe&quot;,&quot;true&quot;,&quot;false&quot;,&quot;Drilldown&quot;,&quot;InvokeMethod&quot;,&quot;&quot;,&quot;&quot;,&quot;&quot;,&quot;false&quot;,&quot;1&quot;,&quot;Sales Order-Browse Catalog View&quot;,&quot;&quot;,&quot;48&quot;,&quot;&quot;,&quot;-1&quot;,&quot;&quot;,&quot;xK7T2pIB2ZOV15hwlQxQF5reKcoUB8VpMTZr7we8uAEb&quot;,&quot;&quot;,&quot;&quot;,&quot;&quot;,&quot;Sales Order Catalog RootSubCategory List Applet&quot;),this)&apos;  id=&apos;s_0_2_6_6&apos;&gt;BT Sport Plusnet Trial&lt;/a&gt;&amp;nbsp;&amp;nbsp;&amp;nbsp;&amp;nbsp;&amp;nbsp;&lt;/nobr&gt;&amp;#32;&amp;#32;&lt;nobr&gt;&amp;nbsp;&lt;a href=&apos;JavaScript:c_d(new Array(&quot;SWERowId&quot;,&quot;SWEField&quot;,&quot;SWERowIds&quot;),new Array(&quot;2-YTXSUNK&quot;,&quot;s_0_2_6_7&quot;,&quot;SWERowId0=1-ZOIRIS,SWERowId1=2-YTXSUNK&quot;),new Array(&quot;SWENeedContext&quot;,&quot;SWESP&quot;,&quot;SWEMethod&quot;,&quot;SWECmd&quot;,&quot;SWEVI&quot;,&quot;SWEPOC&quot;,&quot;SWETargetView&quot;,&quot;SWEDIC&quot;,&quot;SWEReqRowId&quot;,&quot;SWEView&quot;,&quot;SWETVI&quot;,&quot;SWEC&quot;,&quot;SWEM&quot;,&quot;SWEBID&quot;,&quot;SWESPa&quot;,&quot;SRN&quot;,&quot;SWEContainer&quot;,&quot;SWETS&quot;,&quot;SWETA&quot;,&quot;SWEApplet&quot;),new Array(&quot;/ecommunications_enu_nsm_aps05524a027/start.swe&quot;,&quot;true&quot;,&quot;false&quot;,&quot;Drilldown&quot;,&quot;InvokeMethod&quot;,&quot;&quot;,&quot;&quot;,&quot;&quot;,&quot;false&quot;,&quot;1&quot;,&quot;Sales Order-Browse Catalog View&quot;,&quot;&quot;,&quot;48&quot;,&quot;&quot;,&quot;-1&quot;,&quot;&quot;,&quot;xK7T2pIB2ZOV15hwlQxQF5reKcoUB8VpMTZr7we8uAEb&quot;,&quot;&quot;,&quot;&quot;,&quot;&quot;,&quot;Sales Order Catalog RootSubCategory List Applet&quot;),this)&apos;  id=&apos;s_0_2_6_7&apos;&gt;BT Sport Promotions&lt;/a&gt;&amp;nbsp;&amp;nbsp;&amp;nbsp;&amp;nbsp;&amp;nbsp;&lt;/nobr&gt;&amp;#32;&amp;#32;&lt;nobr&gt;&amp;nbsp;&lt;a href=&apos;JavaScript:c_d(new Array(&quot;SWERowId&quot;,&quot;SWEField&quot;,&quot;SWERowIds&quot;),new Array(&quot;2-WKUBJN0&quot;,&quot;s_0_2_6_8&quot;,&quot;SWERowId0=1-ZOIRIS,SWERowId1=2-WKUBJN0&quot;),new Array(&quot;SWENeedContext&quot;,&quot;SWESP&quot;,&quot;SWEMethod&quot;,&quot;SWECmd&quot;,&quot;SWEVI&quot;,&quot;SWEPOC&quot;,&quot;SWETargetView&quot;,&quot;SWEDIC&quot;,&quot;SWEReqRowId&quot;,&quot;SWEView&quot;,&quot;SWETVI&quot;,&quot;SWEC&quot;,&quot;SWEM&quot;,&quot;SWEBID&quot;,&quot;SWESPa&quot;,&quot;SRN&quot;,&quot;SWEContainer&quot;,&quot;SWETS&quot;,&quot;SWETA&quot;,&quot;SWEApplet&quot;),new Array(&quot;/ecommunications_enu_nsm_aps05524a027/start.swe&quot;,&quot;true&quot;,&quot;false&quot;,&quot;Drilldown&quot;,&quot;InvokeMethod&quot;,&quot;&quot;,&quot;&quot;,&quot;&quot;,&quot;false&quot;,&quot;1&quot;,&quot;Sales Order-Browse Catalog View&quot;,&quot;&quot;,&quot;48&quot;,&quot;&quot;,&quot;-1&quot;,&quot;&quot;,&quot;xK7T2pIB2ZOV15hwlQxQF5reKcoUB8VpMTZr7we8uAEb&quot;,&quot;&quot;,&quot;&quot;,&quot;&quot;,&quot;Sales Order Catalog RootSubCategory List Applet&quot;),this)&apos;  id=&apos;s_0_2_6_8&apos;&gt;BT Sport Trial&lt;/a&gt;&amp;nbsp;&amp;nbsp;&amp;nbsp;&amp;nbsp;&amp;nbsp;&lt;/nobr&gt;&amp;#32;&amp;#32;&lt;nobr&gt;&amp;nbsp;&lt;a href=&apos;JavaScript:c_d(new Array(&quot;SWERowId&quot;,&quot;SWEField&quot;,&quot;SWERowIds&quot;),new Array(&quot;1-2NXLBPO&quot;,&quot;s_0_2_6_9&quot;,&quot;SWERowId0=1-ZOIRIS,SWERowId1=1-2NXLBPO&quot;),new Array(&quot;SWENeedContext&quot;,&quot;SWESP&quot;,&quot;SWEMethod&quot;,&quot;SWECmd&quot;,&quot;SWEVI&quot;,&quot;SWEPOC&quot;,&quot;SWETargetView&quot;,&quot;SWEDIC&quot;,&quot;SWEReqRowId&quot;,&quot;SWEView&quot;,&quot;SWETVI&quot;,&quot;SWEC&quot;,&quot;SWEM&quot;,&quot;SWEBID&quot;,&quot;SWESPa&quot;,&quot;SRN&quot;,&quot;SWEContainer&quot;,&quot;SWETS&quot;,&quot;SWETA&quot;,&quot;SWEApplet&quot;),new Array(&quot;/ecommunications_enu_nsm_aps05524a027/start.swe&quot;,&quot;true&quot;,&quot;false&quot;,&quot;Drilldown&quot;,&quot;InvokeMethod&quot;,&quot;&quot;,&quot;&quot;,&quot;&quot;,&quot;false&quot;,&quot;1&quot;,&quot;Sales Order-Browse Catalog View&quot;,&quot;&quot;,&quot;48&quot;,&quot;&quot;,&quot;-1&quot;,&quot;&quot;,&quot;xK7T2pIB2ZOV15hwlQxQF5reKcoUB8VpMTZr7we8uAEb&quot;,&quot;&quot;,&quot;&quot;,&quot;&quot;,&quot;Sales Order Catalog RootSubCategory List Applet&quot;),this)&apos;  id=&apos;s_0_2_6_9&apos;&gt;BT Vision&lt;/a&gt;&amp;nbsp;&amp;nbsp;&amp;nbsp;&amp;nbsp;&amp;nbsp;&lt;/nobr&gt;&amp;#32;&amp;#32;&lt;nobr&gt;&amp;nbsp;&lt;a href=&apos;JavaScript:c_d(new Array(&quot;SWERowId&quot;,&quot;SWEField&quot;,&quot;SWERowIds&quot;),new Array(&quot;3-5TYTPEX4&quot;,&quot;s_0_2_6_10&quot;,&quot;SWERowId0=1-ZOIRIS,SWERowId1=3-5TYTPEX4&quot;),new Array(&quot;SWENeedContext&quot;,&quot;SWESP&quot;,&quot;SWEMethod&quot;,&quot;SWECmd&quot;,&quot;SWEVI&quot;,&quot;SWEPOC&quot;,&quot;SWETargetView&quot;,&quot;SWEDIC&quot;,&quot;SWEReqRowId&quot;,&quot;SWEView&quot;,&quot;SWETVI&quot;,&quot;SWEC&quot;,&quot;SWEM&quot;,&quot;SWEBID&quot;,&quot;SWESPa&quot;,&quot;SRN&quot;,&quot;SWEContainer&quot;,&quot;SWETS&quot;,&quot;SWETA&quot;,&quot;SWEApplet&quot;),new Array(&quot;/ecommunications_enu_nsm_aps05524a027/start.swe&quot;,&quot;true&quot;,&quot;false&quot;,&quot;Drilldown&quot;,&quot;InvokeMethod&quot;,&quot;&quot;,&quot;&quot;,&quot;&quot;,&quot;false&quot;,&quot;1&quot;,&quot;Sales Order-Browse Catalog View&quot;,&quot;&quot;,&quot;48&quot;,&quot;&quot;,&quot;-1&quot;,&quot;&quot;,&quot;xK7T2pIB2ZOV15hwlQxQF5reKcoUB8VpMTZr7we8uAEb&quot;,&quot;&quot;,&quot;&quot;,&quot;&quot;,&quot;Sales Order Catalog RootSubCategory List Applet&quot;),this)&apos;  id=&apos;s_0_2_6_10&apos;&gt;Dummy&lt;/a&gt;&amp;nbsp;&amp;nbsp;&amp;nbsp;&amp;nbsp;&amp;nbsp;&lt;/nobr&gt;&amp;#32;&amp;#32;&lt;nobr&gt;&amp;nbsp;&lt;a href=&apos;JavaScript:c_d(new Array(&quot;SWERowId&quot;,&quot;SWEField&quot;,&quot;SWERowIds&quot;),new Array(&quot;3-4VNYLEPQ&quot;,&quot;s_0_2_6_11&quot;,&quot;SWERowId0=1-ZOIRIS,SWERowId1=3-4VNYLEPQ&quot;),new Array(&quot;SWENeedContext&quot;,&quot;SWESP&quot;,&quot;SWEMethod&quot;,&quot;SWECmd&quot;,&quot;SWEVI&quot;,&quot;SWEPOC&quot;,&quot;SWETargetView&quot;,&quot;SWEDIC&quot;,&quot;SWEReqRowId&quot;,&quot;SWEView&quot;,&quot;SWETVI&quot;,&quot;SWEC&quot;,&quot;SWEM&quot;,&quot;SWEBID&quot;,&quot;SWESPa&quot;,&quot;SRN&quot;,&quot;SWEContainer&quot;,&quot;SWETS&quot;,&quot;SWETA&quot;,&quot;SWEApplet&quot;),new Array(&quot;/ecommunications_enu_nsm_aps05524a027/start.swe&quot;,&quot;true&quot;,&quot;false&quot;,&quot;Drilldown&quot;,&quot;InvokeMethod&quot;,&quot;&quot;,&quot;&quot;,&quot;&quot;,&quot;false&quot;,&quot;1&quot;,&quot;Sales Order-Browse Catalog View&quot;,&quot;&quot;,&quot;48&quot;,&quot;&quot;,&quot;-1&quot;,&quot;&quot;,&quot;xK7T2pIB2ZOV15hwlQxQF5reKcoUB8VpMTZr7we8uAEb&quot;,&quot;&quot;,&quot;&quot;,&quot;&quot;,&quot;Sales Order Catalog RootSubCategory List Applet&quot;),this)&apos;  id=&apos;s_0_2_6_11&apos;&gt;LVT-Promotions&lt;/a&gt;&amp;nbsp;&amp;nbsp;&amp;nbsp;&amp;nbsp;&amp;nbsp;&lt;/nobr&gt;&amp;#32;&amp;#32;&lt;nobr&gt;&amp;nbsp;&lt;a href=&apos;JavaScript:c_d(new Array(&quot;SWERowId&quot;,&quot;SWEField&quot;,&quot;SWERowIds&quot;),new Array(&quot;3-4OTH4DL2&quot;,&quot;s_0_2_6_12&quot;,&quot;SWERowId0=1-ZOIRIS,SWERowId1=3-4OTH4DL2&quot;),new Array(&quot;SWENeedContext&quot;,&quot;SWESP&quot;,&quot;SWEMethod&quot;,&quot;SWECmd&quot;,&quot;SWEVI&quot;,&quot;SWEPOC&quot;,&quot;SWETargetView&quot;,&quot;SWEDIC&quot;,&quot;SWEReqRowId&quot;,&quot;SWEView&quot;,&quot;SWETVI&quot;,&quot;SWEC&quot;,&quot;SWEM&quot;,&quot;SWEBID&quot;,&quot;SWESPa&quot;,&quot;SRN&quot;,&quot;SWEContainer&quot;,&quot;SWETS&quot;,&quot;SWETA&quot;,&quot;SWEApplet&quot;),new Array(&quot;/ecommunications_enu_nsm_aps05524a027/start.swe&quot;,&quot;true&quot;,&quot;false&quot;,&quot;Drilldown&quot;,&quot;InvokeMethod&quot;,&quot;&quot;,&quot;&quot;,&quot;&quot;,&quot;false&quot;,&quot;1&quot;,&quot;Sales Order-Browse Catalog View&quot;,&quot;&quot;,&quot;48&quot;,&quot;&quot;,&quot;-1&quot;,&quot;&quot;,&quot;xK7T2pIB2ZOV15hwlQxQF5reKcoUB8VpMTZr7we8uAEb&quot;,&quot;&quot;,&quot;&quot;,&quot;&quot;,&quot;Sales Order Catalog RootSubCategory List Applet&quot;),this)&apos;  id=&apos;s_0_2_6_12&apos;&gt;Mobile Retail Trial*&lt;/a&gt;&amp;nbsp;&amp;nbsp;&amp;nbsp;&amp;nbsp;&amp;nbsp;&lt;/nobr&gt;&amp;#32;&amp;#32;&lt;nobr&gt;&amp;nbsp;&lt;a href=&apos;JavaScript:c_d(new Array(&quot;SWERowId&quot;,&quot;SWEField&quot;,&quot;SWERowIds&quot;),new Array(&quot;1-ZRG97J&quot;,&quot;s_0_2_6_13&quot;,&quot;SWERowId0=1-ZOIRIS,SWERowId1=1-ZRG97J&quot;),new Array(&quot;SWENeedContext&quot;,&quot;SWESP&quot;,&quot;SWEMethod&quot;,&quot;SWECmd&quot;,&quot;SWEVI&quot;,&quot;SWEPOC&quot;,&quot;SWETargetView&quot;,&quot;SWEDIC&quot;,&quot;SWEReqRowId&quot;,&quot;SWEView&quot;,&quot;SWETVI&quot;,&quot;SWEC&quot;,&quot;SWEM&quot;,&quot;SWEBID&quot;,&quot;SWESPa&quot;,&quot;SRN&quot;,&quot;SWEContainer&quot;,&quot;SWETS&quot;,&quot;SWETA&quot;,&quot;SWEApplet&quot;),new Array(&quot;/ecommunications_enu_nsm_aps05524a027/start.swe&quot;,&quot;true&quot;,&quot;false&quot;,&quot;Drilldown&quot;,&quot;InvokeMethod&quot;,&quot;&quot;,&quot;&quot;,&quot;&quot;,&quot;false&quot;,&quot;1&quot;,&quot;Sales Order-Browse Catalog View&quot;,&quot;&quot;,&quot;48&quot;,&quot;&quot;,&quot;-1&quot;,&quot;&quot;,&quot;xK7T2pIB2ZOV15hwlQxQF5reKcoUB8VpMTZr7we8uAEb&quot;,&quot;&quot;,&quot;&quot;,&quot;&quot;,&quot;Sales Order Catalog RootSubCategory List Applet&quot;),this)&apos;  id=&apos;s_0_2_6_13&apos;&gt;PSTN&lt;/a&gt;&amp;nbsp;&amp;nbsp;&amp;nbsp;&amp;nbsp;&amp;nbsp;&lt;/nobr&gt;&amp;#32;&amp;#32;&lt;nobr&gt;&amp;nbsp;&lt;a href=&apos;JavaScript:c_d(new Array(&quot;SWERowId&quot;,&quot;SWEField&quot;,&quot;SWERowIds&quot;),new Array(&quot;1-9UI13J7&quot;,&quot;s_0_2_6_14&quot;,&quot;SWERowId0=1-ZOIRIS,SWERowId1=1-9UI13J7&quot;),new Array(&quot;SWENeedContext&quot;,&quot;SWESP&quot;,&quot;SWEMethod&quot;,&quot;SWECmd&quot;,&quot;SWEVI&quot;,&quot;SWEPOC&quot;,&quot;SWETargetView&quot;,&quot;SWEDIC&quot;,&quot;SWEReqRowId&quot;,&quot;SWEView&quot;,&quot;SWETVI&quot;,&quot;SWEC&quot;,&quot;SWEM&quot;,&quot;SWEBID&quot;,&quot;SWESPa&quot;,&quot;SRN&quot;,&quot;SWEContainer&quot;,&quot;SWETS&quot;,&quot;SWETA&quot;,&quot;SWEApplet&quot;),new Array(&quot;/ecommunications_enu_nsm_aps05524a027/start.swe&quot;,&quot;true&quot;,&quot;false&quot;,&quot;Drilldown&quot;,&quot;InvokeMethod&quot;,&quot;&quot;,&quot;&quot;,&quot;&quot;,&quot;false&quot;,&quot;1&quot;,&quot;Sales Order-Browse Catalog View&quot;,&quot;&quot;,&quot;48&quot;,&quot;&quot;,&quot;-1&quot;,&quot;&quot;,&quot;xK7T2pIB2ZOV15hwlQxQF5reKcoUB8VpMTZr7we8uAEb&quot;,&quot;&quot;,&quot;&quot;,&quot;&quot;,&quot;Sales Order Catalog RootSubCategory List Applet&quot;),this)&apos;  id=&apos;s_0_2_6_14&apos;&gt;Package&lt;/a&gt;&amp;nbsp;&amp;nbsp;&amp;nbsp;&amp;nbsp;&amp;nbsp;&lt;/nobr&gt;&amp;#32;&amp;#32;&lt;nobr&gt;&amp;nbsp;&lt;a href=&apos;JavaScript:c_d(new Array(&quot;SWERowId&quot;,&quot;SWEField&quot;,&quot;SWERowIds&quot;),new Array(&quot;1-1S29RXR&quot;,&quot;s_0_2_6_15&quot;,&quot;SWERowId0=1-ZOIRIS,SWERowId1=1-1S29RXR&quot;),new Array(&quot;SWENeedContext&quot;,&quot;SWESP&quot;,&quot;SWEMethod&quot;,&quot;SWECmd&quot;,&quot;SWEVI&quot;,&quot;SWEPOC&quot;,&quot;SWETargetView&quot;,&quot;SWEDIC&quot;,&quot;SWEReqRowId&quot;,&quot;SWEView&quot;,&quot;SWETVI&quot;,&quot;SWEC&quot;,&quot;SWEM&quot;,&quot;SWEBID&quot;,&quot;SWESPa&quot;,&quot;SRN&quot;,&quot;SWEContainer&quot;,&quot;SWETS&quot;,&quot;SWETA&quot;,&quot;SWEApplet&quot;),new Array(&quot;/ecommunications_enu_nsm_aps05524a027/start.swe&quot;,&quot;true&quot;,&quot;false&quot;,&quot;Drilldown&quot;,&quot;InvokeMethod&quot;,&quot;&quot;,&quot;&quot;,&quot;&quot;,&quot;false&quot;,&quot;1&quot;,&quot;Sales Order-Browse Catalog View&quot;,&quot;&quot;,&quot;48&quot;,&quot;&quot;,&quot;-1&quot;,&quot;&quot;,&quot;xK7T2pIB2ZOV15hwlQxQF5reKcoUB8VpMTZr7we8uAEb&quot;,&quot;&quot;,&quot;&quot;,&quot;&quot;,&quot;Sales Order Catalog RootSubCategory List Applet&quot;),this)&apos;  id=&apos;s_0_2_6_15&apos;&gt;Pre-pay Mobile&lt;/a&gt;&amp;nbsp;&amp;nbsp;&amp;nbsp;&amp;nbsp;&amp;nbsp;&lt;/nobr&gt;&amp;#32;&amp;#32;&lt;nobr&gt;&amp;nbsp;&lt;a href=&apos;JavaScript:c_d(new Array(&quot;SWERowId&quot;,&quot;SWEField&quot;,&quot;SWERowIds&quot;),new Array(&quot;1-3EB4CJD&quot;,&quot;s_0_2_6_16&quot;,&quot;SWERowId0=1-ZOIRIS,SWERowId1=1-3EB4CJD&quot;),new Array(&quot;SWENeedContext&quot;,&quot;SWESP&quot;,&quot;SWEMethod&quot;,&quot;SWECmd&quot;,&quot;SWEVI&quot;,&quot;SWEPOC&quot;,&quot;SWETargetView&quot;,&quot;SWEDIC&quot;,&quot;SWEReqRowId&quot;,&quot;SWEView&quot;,&quot;SWETVI&quot;,&quot;SWEC&quot;,&quot;SWEM&quot;,&quot;SWEBID&quot;,&quot;SWESPa&quot;,&quot;SRN&quot;,&quot;SWEContainer&quot;,&quot;SWETS&quot;,&quot;SWETA&quot;,&quot;SWEApplet&quot;),new Array(&quot;/ecommunications_enu_nsm_aps05524a027/start.swe&quot;,&quot;true&quot;,&quot;false&quot;,&quot;Drilldown&quot;,&quot;InvokeMethod&quot;,&quot;&quot;,&quot;&quot;,&quot;&quot;,&quot;false&quot;,&quot;1&quot;,&quot;Sales Order-Browse Catalog View&quot;,&quot;&quot;,&quot;48&quot;,&quot;&quot;,&quot;-1&quot;,&quot;&quot;,&quot;xK7T2pIB2ZOV15hwlQxQF5reKcoUB8VpMTZr7we8uAEb&quot;,&quot;&quot;,&quot;&quot;,&quot;&quot;,&quot;Sales Order Catalog RootSubCategory List Applet&quot;),this)&apos;  id=&apos;s_0_2_6_16&apos;&gt;Pre-pay PSTN&lt;/a&gt;&amp;nbsp;&amp;nbsp;&amp;nbsp;&amp;nbsp;&amp;nbsp;&lt;/nobr&gt;&amp;#32;&amp;#32;&lt;nobr&gt;&amp;nbsp;&lt;a href=&apos;JavaScript:c_d(new Array(&quot;SWERowId&quot;,&quot;SWEField&quot;,&quot;SWERowIds&quot;),new Array(&quot;3-1WQ0864Y&quot;,&quot;s_0_2_6_17&quot;,&quot;SWERowId0=1-ZOIRIS,SWERowId1=3-1WQ0864Y&quot;),new Array(&quot;SWENeedContext&quot;,&quot;SWESP&quot;,&quot;SWEMethod&quot;,&quot;SWECmd&quot;,&quot;SWEVI&quot;,&quot;SWEPOC&quot;,&quot;SWETargetView&quot;,&quot;SWEDIC&quot;,&quot;SWEReqRowId&quot;,&quot;SWEView&quot;,&quot;SWETVI&quot;,&quot;SWEC&quot;,&quot;SWEM&quot;,&quot;SWEBID&quot;,&quot;SWESPa&quot;,&quot;SRN&quot;,&quot;SWEContainer&quot;,&quot;SWETS&quot;,&quot;SWETA&quot;,&quot;SWEApplet&quot;),new Array(&quot;/ecommunications_enu_nsm_aps05524a027/start.swe&quot;,&quot;true&quot;,&quot;false&quot;,&quot;Drilldown&quot;,&quot;InvokeMethod&quot;,&quot;&quot;,&quot;&quot;,&quot;&quot;,&quot;false&quot;,&quot;1&quot;,&quot;Sales Order-Browse Catalog View&quot;,&quot;&quot;,&quot;48&quot;,&quot;&quot;,&quot;-1&quot;,&quot;&quot;,&quot;xK7T2pIB2ZOV15hwlQxQF5reKcoUB8VpMTZr7we8uAEb&quot;,&quot;&quot;,&quot;&quot;,&quot;&quot;,&quot;Sales Order Catalog RootSubCategory List Applet&quot;),this)&apos;  id=&apos;s_0_2_6_17&apos;&gt;Retail.com&lt;/a&gt;&amp;nbsp;&amp;nbsp;&amp;nbsp;&amp;nbsp;&amp;nbsp;&lt;/nobr&gt;&amp;#32;&amp;#32;&lt;nobr&gt;&amp;nbsp;&lt;a href=&apos;JavaScript:c_d(new Array(&quot;SWERowId&quot;,&quot;SWEField&quot;,&quot;SWERowIds&quot;),new Array(&quot;3-3R1554YC&quot;,&quot;s_0_2_6_18&quot;,&quot;SWERowId0=1-ZOIRIS,SWERowId1=3-3R1554YC&quot;),new Array(&quot;SWENeedContext&quot;,&quot;SWESP&quot;,&quot;SWEMethod&quot;,&quot;SWECmd&quot;,&quot;SWEVI&quot;,&quot;SWEPOC&quot;,&quot;SWETargetView&quot;,&quot;SWEDIC&quot;,&quot;SWEReqRowId&quot;,&quot;SWEView&quot;,&quot;SWETVI&quot;,&quot;SWEC&quot;,&quot;SWEM&quot;,&quot;SWEBID&quot;,&quot;SWESPa&quot;,&quot;SRN&quot;,&quot;SWEContainer&quot;,&quot;SWETS&quot;,&quot;SWETA&quot;,&quot;SWEApplet&quot;),new Array(&quot;/ecommunications_enu_nsm_aps05524a027/start.swe&quot;,&quot;true&quot;,&quot;false&quot;,&quot;Drilldown&quot;,&quot;InvokeMethod&quot;,&quot;&quot;,&quot;&quot;,&quot;&quot;,&quot;false&quot;,&quot;1&quot;,&quot;Sales Order-Browse Catalog View&quot;,&quot;&quot;,&quot;48&quot;,&quot;&quot;,&quot;-1&quot;,&quot;&quot;,&quot;xK7T2pIB2ZOV15hwlQxQF5reKcoUB8VpMTZr7we8uAEb&quot;,&quot;&quot;,&quot;&quot;,&quot;&quot;,&quot;Sales Order Catalog RootSubCategory List Applet&quot;),this)&apos;  id=&apos;s_0_2_6_18&apos;&gt;Unlock Charge&lt;/a&gt;&amp;nbsp;&amp;nbsp;&amp;nbsp;&amp;nbsp;&amp;nbsp;&lt;/nobr&gt;&amp;#32;&amp;#32;&lt;a id=&quot;SWEEndAppletStartAnchor_0&quot; href=&quot;javascript:void(0);&quot; tabindex=&quot;999&quot;&gt;&lt;/a&gt;&lt;a id=&quot;SWEEndAppletEndAnchor_0&quot; href=&quot;javascript:void(0);&quot; tabindex=&quot;999&quot; onfocus=&quot;document.getElementById(&apos;SWEEndAppletStartAnchor_0&apos;).focus();&quot;&gt;&lt;/a&gt;&lt;/td&gt;&lt;/tr&gt;&lt;tr valign=&quot;top&quot;&gt;&lt;td width=&quot;1&quot;&gt;&lt;img src=&quot;images/bullet_green.gif&quot; alt=&quot;&quot;&gt;&lt;/td&gt;&lt;td valign=&quot;bottom&quot;&gt;&lt;b&gt;&lt;span  id=&apos;s_5_2_6_1&apos; &gt;Business&lt;/span&gt;&amp;nbsp;&amp;nbsp;&lt;/b&gt;&lt;/td&gt;&lt;/tr&gt;&lt;tr valign=&quot;top&quot;&gt;&lt;td width=&quot;1&quot;&gt;&lt;img src=&quot;images/spacer.gif&quot; alt=&quot;&quot;&gt;&lt;/td&gt;&lt;td valign=&quot;bottom&quot;&gt;&lt;a id=&quot;SWETopHidden0&quot; href=&quot;javascript:void(0);&quot; tabindex=&quot;0&quot;&gt;&lt;/a&gt;&lt;a id=&quot;SWETopHidden0&quot; href=&quot;javascript:void(0);&quot; tabindex=&quot;0&quot; title=&quot;Not Used&quot;&gt;&lt;/a&gt;&lt;nobr&gt;&amp;nbsp;&lt;a href=&apos;JavaScript:c_d(new Array(&quot;SWERowId&quot;,&quot;SWEField&quot;,&quot;SWERowIds&quot;),new Array(&quot;1-ZQRO60&quot;,&quot;s_0_2_6_19&quot;,&quot;SWERowId0=1-ZQRO5Z,SWERowId1=1-ZQRO60&quot;),new Array(&quot;SWENeedContext&quot;,&quot;SWESP&quot;,&quot;SWEMethod&quot;,&quot;SWECmd&quot;,&quot;SWEVI&quot;,&quot;SWEPOC&quot;,&quot;SWETargetView&quot;,&quot;SWEDIC&quot;,&quot;SWEReqRowId&quot;,&quot;SWEView&quot;,&quot;SWETVI&quot;,&quot;SWEC&quot;,&quot;SWEM&quot;,&quot;SWEBID&quot;,&quot;SWESPa&quot;,&quot;SRN&quot;,&quot;SWEContainer&quot;,&quot;SWETS&quot;,&quot;SWETA&quot;,&quot;SWEApplet&quot;),new Array(&quot;/ecommunications_enu_nsm_aps05524a027/start.swe&quot;,&quot;true&quot;,&quot;false&quot;,&quot;Drilldown&quot;,&quot;InvokeMethod&quot;,&quot;&quot;,&quot;&quot;,&quot;&quot;,&quot;false&quot;,&quot;1&quot;,&quot;Sales Order-Browse Catalog View&quot;,&quot;&quot;,&quot;48&quot;,&quot;&quot;,&quot;-1&quot;,&quot;&quot;,&quot;xK7T2pIB2ZOV15hwlQxQF5reKcoUB8VpMTZr7we8uAEb&quot;,&quot;&quot;,&quot;&quot;,&quot;&quot;,&quot;Sales Order Catalog RootSubCategory List Applet&quot;),this)&apos;  id=&apos;s_0_2_6_19&apos;&gt;Phones&lt;/a&gt;&amp;nbsp;&amp;nbsp;&amp;nbsp;&amp;nbsp;&amp;nbsp;&lt;/nobr&gt;&amp;#32;&amp;#32;&lt;nobr&gt;&amp;nbsp;&lt;a href=&apos;JavaScript:c_d(new Array(&quot;SWERowId&quot;,&quot;SWEField&quot;,&quot;SWERowIds&quot;),new Array(&quot;1-ZQRO6B&quot;,&quot;s_0_2_6_20&quot;,&quot;SWERowId0=1-ZQRO5Z,SWERowId1=1-ZQRO6B&quot;),new Array(&quot;SWENeedContext&quot;,&quot;SWESP&quot;,&quot;SWEMethod&quot;,&quot;SWECmd&quot;,&quot;SWEVI&quot;,&quot;SWEPOC&quot;,&quot;SWETargetView&quot;,&quot;SWEDIC&quot;,&quot;SWEReqRowId&quot;,&quot;SWEView&quot;,&quot;SWETVI&quot;,&quot;SWEC&quot;,&quot;SWEM&quot;,&quot;SWEBID&quot;,&quot;SWESPa&quot;,&quot;SRN&quot;,&quot;SWEContainer&quot;,&quot;SWETS&quot;,&quot;SWETA&quot;,&quot;SWEApplet&quot;),new Array(&quot;/ecommunications_enu_nsm_aps05524a027/start.swe&quot;,&quot;true&quot;,&quot;false&quot;,&quot;Drilldown&quot;,&quot;InvokeMethod&quot;,&quot;&quot;,&quot;&quot;,&quot;&quot;,&quot;false&quot;,&quot;1&quot;,&quot;Sales Order-Browse Catalog View&quot;,&quot;&quot;,&quot;48&quot;,&quot;&quot;,&quot;-1&quot;,&quot;&quot;,&quot;xK7T2pIB2ZOV15hwlQxQF5reKcoUB8VpMTZr7we8uAEb&quot;,&quot;&quot;,&quot;&quot;,&quot;&quot;,&quot;Sales Order Catalog RootSubCategory List Applet&quot;),this)&apos;  id=&apos;s_0_2_6_20&apos;&gt;Faxes And Printers&lt;/a&gt;&amp;nbsp;&amp;nbsp;&amp;nbsp;&amp;nbsp;&amp;nbsp;&lt;/nobr&gt;&amp;#32;&amp;#32;&lt;nobr&gt;&amp;nbsp;&lt;a href=&apos;JavaScript:c_d(new Array(&quot;SWERowId&quot;,&quot;SWEField&quot;,&quot;SWERowIds&quot;),new Array(&quot;1-ZQRO6G&quot;,&quot;s_0_2_6_21&quot;,&quot;SWERowId0=1-ZQRO5Z,SWERowId1=1-ZQRO6G&quot;),new Array(&quot;SWENeedContext&quot;,&quot;SWESP&quot;,&quot;SWEMethod&quot;,&quot;SWECmd&quot;,&quot;SWEVI&quot;,&quot;SWEPOC&quot;,&quot;SWETargetView&quot;,&quot;SWEDIC&quot;,&quot;SWEReqRowId&quot;,&quot;SWEView&quot;,&quot;SWETVI&quot;,&quot;SWEC&quot;,&quot;SWEM&quot;,&quot;SWEBID&quot;,&quot;SWESPa&quot;,&quot;SRN&quot;,&quot;SWEContainer&quot;,&quot;SWETS&quot;,&quot;SWETA&quot;,&quot;SWEApplet&quot;),new Array(&quot;/ecommunications_enu_nsm_aps05524a027/start.swe&quot;,&quot;true&quot;,&quot;false&quot;,&quot;Drilldown&quot;,&quot;InvokeMethod&quot;,&quot;&quot;,&quot;&quot;,&quot;&quot;,&quot;false&quot;,&quot;1&quot;,&quot;Sales Order-Browse Catalog View&quot;,&quot;&quot;,&quot;48&quot;,&quot;&quot;,&quot;-1&quot;,&quot;&quot;,&quot;xK7T2pIB2ZOV15hwlQxQF5reKcoUB8VpMTZr7we8uAEb&quot;,&quot;&quot;,&quot;&quot;,&quot;&quot;,&quot;Sales Order Catalog RootSubCategory List Applet&quot;),this)&apos;  id=&apos;s_0_2_6_21&apos;&gt;Conferencing&lt;/a&gt;&amp;nbsp;&amp;nbsp;&amp;nbsp;&amp;nbsp;&amp;nbsp;&lt;/nobr&gt;&amp;#32;&amp;#32;&lt;nobr&gt;&amp;nbsp;&lt;a href=&apos;JavaScript:c_d(new Array(&quot;SWERowId&quot;,&quot;SWEField&quot;,&quot;SWERowIds&quot;),new Array(&quot;1-ZQRO6K&quot;,&quot;s_0_2_6_22&quot;,&quot;SWERowId0=1-ZQRO5Z,SWERowId1=1-ZQRO6K&quot;),new Array(&quot;SWENeedContext&quot;,&quot;SWESP&quot;,&quot;SWEMethod&quot;,&quot;SWECmd&quot;,&quot;SWEVI&quot;,&quot;SWEPOC&quot;,&quot;SWETargetView&quot;,&quot;SWEDIC&quot;,&quot;SWEReqRowId&quot;,&quot;SWEView&quot;,&quot;SWETVI&quot;,&quot;SWEC&quot;,&quot;SWEM&quot;,&quot;SWEBID&quot;,&quot;SWESPa&quot;,&quot;SRN&quot;,&quot;SWEContainer&quot;,&quot;SWETS&quot;,&quot;SWETA&quot;,&quot;SWEApplet&quot;),new Array(&quot;/ecommunications_enu_nsm_aps05524a027/start.swe&quot;,&quot;true&quot;,&quot;false&quot;,&quot;Drilldown&quot;,&quot;InvokeMethod&quot;,&quot;&quot;,&quot;&quot;,&quot;&quot;,&quot;false&quot;,&quot;1&quot;,&quot;Sales Order-Browse Catalog View&quot;,&quot;&quot;,&quot;48&quot;,&quot;&quot;,&quot;-1&quot;,&quot;&quot;,&quot;xK7T2pIB2ZOV15hwlQxQF5reKcoUB8VpMTZr7we8uAEb&quot;,&quot;&quot;,&quot;&quot;,&quot;&quot;,&quot;Sales Order Catalog RootSubCategory List Applet&quot;),this)&apos;  id=&apos;s_0_2_6_22&apos;&gt;Headsets&lt;/a&gt;&amp;nbsp;&amp;nbsp;&amp;nbsp;&amp;nbsp;&amp;nbsp;&lt;/nobr&gt;&amp;#32;&amp;#32;&lt;nobr&gt;&amp;nbsp;&lt;a href=&apos;JavaScript:c_d(new Array(&quot;SWERowId&quot;,&quot;SWEField&quot;,&quot;SWERowIds&quot;),new Array(&quot;1-ZQRO6Q&quot;,&quot;s_0_2_6_23&quot;,&quot;SWERowId0=1-ZQRO5Z,SWERowId1=1-ZQRO6Q&quot;),new Array(&quot;SWENeedContext&quot;,&quot;SWESP&quot;,&quot;SWEMethod&quot;,&quot;SWECmd&quot;,&quot;SWEVI&quot;,&quot;SWEPOC&quot;,&quot;SWETargetView&quot;,&quot;SWEDIC&quot;,&quot;SWEReqRowId&quot;,&quot;SWEView&quot;,&quot;SWETVI&quot;,&quot;SWEC&quot;,&quot;SWEM&quot;,&quot;SWEBID&quot;,&quot;SWESPa&quot;,&quot;SRN&quot;,&quot;SWEContainer&quot;,&quot;SWETS&quot;,&quot;SWETA&quot;,&quot;SWEApplet&quot;),new Array(&quot;/ecommunications_enu_nsm_aps05524a027/start.swe&quot;,&quot;true&quot;,&quot;false&quot;,&quot;Drilldown&quot;,&quot;InvokeMethod&quot;,&quot;&quot;,&quot;&quot;,&quot;&quot;,&quot;false&quot;,&quot;1&quot;,&quot;Sales Order-Browse Catalog View&quot;,&quot;&quot;,&quot;48&quot;,&quot;&quot;,&quot;-1&quot;,&quot;&quot;,&quot;xK7T2pIB2ZOV15hwlQxQF5reKcoUB8VpMTZr7we8uAEb&quot;,&quot;&quot;,&quot;&quot;,&quot;&quot;,&quot;Sales Order Catalog RootSubCategory List Applet&quot;),this)&apos;  id=&apos;s_0_2_6_23&apos;&gt;Modem And Routers&lt;/a&gt;&amp;nbsp;&amp;nbsp;&amp;nbsp;&amp;nbsp;&amp;nbsp;&lt;/nobr&gt;&amp;#32;&amp;#32;&lt;nobr&gt;&amp;nbsp;&lt;a href=&apos;JavaScript:c_d(new Array(&quot;SWERowId&quot;,&quot;SWEField&quot;,&quot;SWERowIds&quot;),new Array(&quot;1-ZQRO70&quot;,&quot;s_0_2_6_24&quot;,&quot;SWERowId0=1-ZQRO5Z,SWERowId1=1-ZQRO70&quot;),new Array(&quot;SWENeedContext&quot;,&quot;SWESP&quot;,&quot;SWEMethod&quot;,&quot;SWECmd&quot;,&quot;SWEVI&quot;,&quot;SWEPOC&quot;,&quot;SWETargetView&quot;,&quot;SWEDIC&quot;,&quot;SWEReqRowId&quot;,&quot;SWEView&quot;,&quot;SWETVI&quot;,&quot;SWEC&quot;,&quot;SWEM&quot;,&quot;SWEBID&quot;,&quot;SWESPa&quot;,&quot;SRN&quot;,&quot;SWEContainer&quot;,&quot;SWETS&quot;,&quot;SWETA&quot;,&quot;SWEApplet&quot;),new Array(&quot;/ecommunications_enu_nsm_aps05524a027/start.swe&quot;,&quot;true&quot;,&quot;false&quot;,&quot;Drilldown&quot;,&quot;InvokeMethod&quot;,&quot;&quot;,&quot;&quot;,&quot;&quot;,&quot;false&quot;,&quot;1&quot;,&quot;Sales Order-Browse Catalog View&quot;,&quot;&quot;,&quot;48&quot;,&quot;&quot;,&quot;-1&quot;,&quot;&quot;,&quot;xK7T2pIB2ZOV15hwlQxQF5reKcoUB8VpMTZr7we8uAEb&quot;,&quot;&quot;,&quot;&quot;,&quot;&quot;,&quot;Sales Order Catalog RootSubCategory List Applet&quot;),this)&apos;  id=&apos;s_0_2_6_24&apos;&gt;Office Equipment&lt;/a&gt;&amp;nbsp;&amp;nbsp;&amp;nbsp;&amp;nbsp;&amp;nbsp;&lt;/nobr&gt;&amp;#32;&amp;#32;&lt;nobr&gt;&amp;nbsp;&lt;a href=&apos;JavaScript:c_d(new Array(&quot;SWERowId&quot;,&quot;SWEField&quot;,&quot;SWERowIds&quot;),new Array(&quot;1-ZQRO7H&quot;,&quot;s_0_2_6_25&quot;,&quot;SWERowId0=1-ZQRO5Z,SWERowId1=1-ZQRO7H&quot;),new Array(&quot;SWENeedContext&quot;,&quot;SWESP&quot;,&quot;SWEMethod&quot;,&quot;SWECmd&quot;,&quot;SWEVI&quot;,&quot;SWEPOC&quot;,&quot;SWETargetView&quot;,&quot;SWEDIC&quot;,&quot;SWEReqRowId&quot;,&quot;SWEView&quot;,&quot;SWETVI&quot;,&quot;SWEC&quot;,&quot;SWEM&quot;,&quot;SWEBID&quot;,&quot;SWESPa&quot;,&quot;SRN&quot;,&quot;SWEContainer&quot;,&quot;SWETS&quot;,&quot;SWETA&quot;,&quot;SWEApplet&quot;),new Array(&quot;/ecommunications_enu_nsm_aps05524a027/start.swe&quot;,&quot;true&quot;,&quot;false&quot;,&quot;Drilldown&quot;,&quot;InvokeMethod&quot;,&quot;&quot;,&quot;&quot;,&quot;&quot;,&quot;false&quot;,&quot;1&quot;,&quot;Sales Order-Browse Catalog View&quot;,&quot;&quot;,&quot;48&quot;,&quot;&quot;,&quot;-1&quot;,&quot;&quot;,&quot;xK7T2pIB2ZOV15hwlQxQF5reKcoUB8VpMTZr7we8uAEb&quot;,&quot;&quot;,&quot;&quot;,&quot;&quot;,&quot;Sales Order Catalog RootSubCategory List Applet&quot;),this)&apos;  id=&apos;s_0_2_6_25&apos;&gt;Office Supplies&lt;/a&gt;&amp;nbsp;&amp;nbsp;&amp;nbsp;&amp;nbsp;&amp;nbsp;&lt;/nobr&gt;&amp;#32;&amp;#32;&lt;nobr&gt;&amp;nbsp;&lt;a href=&apos;JavaScript:c_d(new Array(&quot;SWERowId&quot;,&quot;SWEField&quot;,&quot;SWERowIds&quot;),new Array(&quot;1-ZQRO7N&quot;,&quot;s_0_2_6_26&quot;,&quot;SWERowId0=1-ZQRO5Z,SWERowId1=1-ZQRO7N&quot;),new Array(&quot;SWENeedContext&quot;,&quot;SWESP&quot;,&quot;SWEMethod&quot;,&quot;SWECmd&quot;,&quot;SWEVI&quot;,&quot;SWEPOC&quot;,&quot;SWETargetView&quot;,&quot;SWEDIC&quot;,&quot;SWEReqRowId&quot;,&quot;SWEView&quot;,&quot;SWETVI&quot;,&quot;SWEC&quot;,&quot;SWEM&quot;,&quot;SWEBID&quot;,&quot;SWESPa&quot;,&quot;SRN&quot;,&quot;SWEContainer&quot;,&quot;SWETS&quot;,&quot;SWETA&quot;,&quot;SWEApplet&quot;),new Array(&quot;/ecommunications_enu_nsm_aps05524a027/start.swe&quot;,&quot;true&quot;,&quot;false&quot;,&quot;Drilldown&quot;,&quot;InvokeMethod&quot;,&quot;&quot;,&quot;&quot;,&quot;&quot;,&quot;false&quot;,&quot;1&quot;,&quot;Sales Order-Browse Catalog View&quot;,&quot;&quot;,&quot;48&quot;,&quot;&quot;,&quot;-1&quot;,&quot;&quot;,&quot;xK7T2pIB2ZOV15hwlQxQF5reKcoUB8VpMTZr7we8uAEb&quot;,&quot;&quot;,&quot;&quot;,&quot;&quot;,&quot;Sales Order Catalog RootSubCategory List Applet&quot;),this)&apos;  id=&apos;s_0_2_6_26&apos;&gt;Computing&lt;/a&gt;&amp;nbsp;&amp;nbsp;&amp;nbsp;&amp;nbsp;&amp;nbsp;&lt;/nobr&gt;&amp;#32;&amp;#32;&lt;nobr&gt;&amp;nbsp;&lt;a href=&apos;JavaScript:c_d(new Array(&quot;SWERowId&quot;,&quot;SWEField&quot;,&quot;SWERowIds&quot;),new Array(&quot;1-ZQRO82&quot;,&quot;s_0_2_6_27&quot;,&quot;SWERowId0=1-ZQRO5Z,SWERowId1=1-ZQRO82&quot;),new Array(&quot;SWENeedContext&quot;,&quot;SWESP&quot;,&quot;SWEMethod&quot;,&quot;SWECmd&quot;,&quot;SWEVI&quot;,&quot;SWEPOC&quot;,&quot;SWETargetView&quot;,&quot;SWEDIC&quot;,&quot;SWEReqRowId&quot;,&quot;SWEView&quot;,&quot;SWETVI&quot;,&quot;SWEC&quot;,&quot;SWEM&quot;,&quot;SWEBID&quot;,&quot;SWESPa&quot;,&quot;SRN&quot;,&quot;SWEContainer&quot;,&quot;SWETS&quot;,&quot;SWETA&quot;,&quot;SWEApplet&quot;),new Array(&quot;/ecommunications_enu_nsm_aps05524a027/start.swe&quot;,&quot;true&quot;,&quot;false&quot;,&quot;Drilldown&quot;,&quot;InvokeMethod&quot;,&quot;&quot;,&quot;&quot;,&quot;&quot;,&quot;false&quot;,&quot;1&quot;,&quot;Sales Order-Browse Catalog View&quot;,&quot;&quot;,&quot;48&quot;,&quot;&quot;,&quot;-1&quot;,&quot;&quot;,&quot;xK7T2pIB2ZOV15hwlQxQF5reKcoUB8VpMTZr7we8uAEb&quot;,&quot;&quot;,&quot;&quot;,&quot;&quot;,&quot;Sales Order Catalog RootSubCategory List Applet&quot;),this)&apos;  id=&apos;s_0_2_6_27&apos;&gt;Computing Software&lt;/a&gt;&amp;nbsp;&amp;nbsp;&amp;nbsp;&amp;nbsp;&amp;nbsp;&lt;/nobr&gt;&amp;#32;&amp;#32;&lt;nobr&gt;&amp;nbsp;&lt;a href=&apos;JavaScript:c_d(new Array(&quot;SWERowId&quot;,&quot;SWEField&quot;,&quot;SWERowIds&quot;),new Array(&quot;1-ZQRO87&quot;,&quot;s_0_2_6_28&quot;,&quot;SWERowId0=1-ZQRO5Z,SWERowId1=1-ZQRO87&quot;),new Array(&quot;SWENeedContext&quot;,&quot;SWESP&quot;,&quot;SWEMethod&quot;,&quot;SWECmd&quot;,&quot;SWEVI&quot;,&quot;SWEPOC&quot;,&quot;SWETargetView&quot;,&quot;SWEDIC&quot;,&quot;SWEReqRowId&quot;,&quot;SWEView&quot;,&quot;SWETVI&quot;,&quot;SWEC&quot;,&quot;SWEM&quot;,&quot;SWEBID&quot;,&quot;SWESPa&quot;,&quot;SRN&quot;,&quot;SWEContainer&quot;,&quot;SWETS&quot;,&quot;SWETA&quot;,&quot;SWEApplet&quot;),new Array(&quot;/ecommunications_enu_nsm_aps05524a027/start.swe&quot;,&quot;true&quot;,&quot;false&quot;,&quot;Drilldown&quot;,&quot;InvokeMethod&quot;,&quot;&quot;,&quot;&quot;,&quot;&quot;,&quot;false&quot;,&quot;1&quot;,&quot;Sales Order-Browse Catalog View&quot;,&quot;&quot;,&quot;48&quot;,&quot;&quot;,&quot;-1&quot;,&quot;&quot;,&quot;xK7T2pIB2ZOV15hwlQxQF5reKcoUB8VpMTZr7we8uAEb&quot;,&quot;&quot;,&quot;&quot;,&quot;&quot;,&quot;Sales Order Catalog RootSubCategory List Applet&quot;),this)&apos;  id=&apos;s_0_2_6_28&apos;&gt;Gifts And Gadgets&lt;/a&gt;&amp;nbsp;&amp;nbsp;&amp;nbsp;&amp;nbsp;&amp;nbsp;&lt;/nobr&gt;&amp;#32;&amp;#32;&lt;nobr&gt;&amp;nbsp;&lt;a href=&apos;JavaScript:c_d(new Array(&quot;SWERowId&quot;,&quot;SWEField&quot;,&quot;SWERowIds&quot;),new Array(&quot;1-ZQRO88&quot;,&quot;s_0_2_6_29&quot;,&quot;SWERowId0=1-ZQRO5Z,SWERowId1=1-ZQRO88&quot;),new Array(&quot;SWENeedContext&quot;,&quot;SWESP&quot;,&quot;SWEMethod&quot;,&quot;SWECmd&quot;,&quot;SWEVI&quot;,&quot;SWEPOC&quot;,&quot;SWETargetView&quot;,&quot;SWEDIC&quot;,&quot;SWEReqRowId&quot;,&quot;SWEView&quot;,&quot;SWETVI&quot;,&quot;SWEC&quot;,&quot;SWEM&quot;,&quot;SWEBID&quot;,&quot;SWESPa&quot;,&quot;SRN&quot;,&quot;SWEContainer&quot;,&quot;SWETS&quot;,&quot;SWETA&quot;,&quot;SWEApplet&quot;),new Array(&quot;/ecommunications_enu_nsm_aps05524a027/start.swe&quot;,&quot;true&quot;,&quot;false&quot;,&quot;Drilldown&quot;,&quot;InvokeMethod&quot;,&quot;&quot;,&quot;&quot;,&quot;&quot;,&quot;false&quot;,&quot;1&quot;,&quot;Sales Order-Browse Catalog View&quot;,&quot;&quot;,&quot;48&quot;,&quot;&quot;,&quot;-1&quot;,&quot;&quot;,&quot;xK7T2pIB2ZOV15hwlQxQF5reKcoUB8VpMTZr7we8uAEb&quot;,&quot;&quot;,&quot;&quot;,&quot;&quot;,&quot;Sales Order Catalog RootSubCategory List Applet&quot;),this)&apos;  id=&apos;s_0_2_6_29&apos;&gt;Office Networks&lt;/a&gt;&amp;nbsp;&amp;nbsp;&amp;nbsp;&amp;nbsp;&amp;nbsp;&lt;/nobr&gt;&amp;#32;&amp;#32;&lt;nobr&gt;&amp;nbsp;&lt;a href=&apos;JavaScript:c_d(new Array(&quot;SWERowId&quot;,&quot;SWEField&quot;,&quot;SWERowIds&quot;),new Array(&quot;1-1S29RXO&quot;,&quot;s_0_2_6_30&quot;,&quot;SWERowId0=1-ZQRO5Z,SWERowId1=1-1S29RXO&quot;),new Array(&quot;SWENeedContext&quot;,&quot;SWESP&quot;,&quot;SWEMethod&quot;,&quot;SWECmd&quot;,&quot;SWEVI&quot;,&quot;SWEPOC&quot;,&quot;SWETargetView&quot;,&quot;SWEDIC&quot;,&quot;SWEReqRowId&quot;,&quot;SWEView&quot;,&quot;SWETVI&quot;,&quot;SWEC&quot;,&quot;SWEM&quot;,&quot;SWEBID&quot;,&quot;SWESPa&quot;,&quot;SRN&quot;,&quot;SWEContainer&quot;,&quot;SWETS&quot;,&quot;SWETA&quot;,&quot;SWEApplet&quot;),new Array(&quot;/ecommunications_enu_nsm_aps05524a027/start.swe&quot;,&quot;true&quot;,&quot;false&quot;,&quot;Drilldown&quot;,&quot;InvokeMethod&quot;,&quot;&quot;,&quot;&quot;,&quot;&quot;,&quot;false&quot;,&quot;1&quot;,&quot;Sales Order-Browse Catalog View&quot;,&quot;&quot;,&quot;48&quot;,&quot;&quot;,&quot;-1&quot;,&quot;&quot;,&quot;xK7T2pIB2ZOV15hwlQxQF5reKcoUB8VpMTZr7we8uAEb&quot;,&quot;&quot;,&quot;&quot;,&quot;&quot;,&quot;Sales Order Catalog RootSubCategory List Applet&quot;),this)&apos;  id=&apos;s_0_2_6_30&apos;&gt;Charge Card&lt;/a&gt;&amp;nbsp;&amp;nbsp;&amp;nbsp;&amp;nbsp;&amp;nbsp;&lt;/nobr&gt;&amp;#32;&amp;#32;&lt;nobr&gt;&amp;nbsp;&lt;a href=&apos;JavaScript:c_d(new Array(&quot;SWERowId&quot;,&quot;SWEField&quot;,&quot;SWERowIds&quot;),new Array(&quot;1-1S29RXN&quot;,&quot;s_0_2_6_31&quot;,&quot;SWERowId0=1-ZQRO5Z,SWERowId1=1-1S29RXN&quot;),new Array(&quot;SWENeedContext&quot;,&quot;SWESP&quot;,&quot;SWEMethod&quot;,&quot;SWECmd&quot;,&quot;SWEVI&quot;,&quot;SWEPOC&quot;,&quot;SWETargetView&quot;,&quot;SWEDIC&quot;,&quot;SWEReqRowId&quot;,&quot;SWEView&quot;,&quot;SWETVI&quot;,&quot;SWEC&quot;,&quot;SWEM&quot;,&quot;SWEBID&quot;,&quot;SWESPa&quot;,&quot;SRN&quot;,&quot;SWEContainer&quot;,&quot;SWETS&quot;,&quot;SWETA&quot;,&quot;SWEApplet&quot;),new Array(&quot;/ecommunications_enu_nsm_aps05524a027/start.swe&quot;,&quot;true&quot;,&quot;false&quot;,&quot;Drilldown&quot;,&quot;InvokeMethod&quot;,&quot;&quot;,&quot;&quot;,&quot;&quot;,&quot;false&quot;,&quot;1&quot;,&quot;Sales Order-Browse Catalog View&quot;,&quot;&quot;,&quot;48&quot;,&quot;&quot;,&quot;-1&quot;,&quot;&quot;,&quot;xK7T2pIB2ZOV15hwlQxQF5reKcoUB8VpMTZr7we8uAEb&quot;,&quot;&quot;,&quot;&quot;,&quot;&quot;,&quot;Sales Order Catalog RootSubCategory List Applet&quot;),this)&apos;  id=&apos;s_0_2_6_31&apos;&gt;Phone Book&lt;/a&gt;&amp;nbsp;&amp;nbsp;&amp;nbsp;&amp;nbsp;&amp;nbsp;&lt;/nobr&gt;&amp;#32;&amp;#32;&lt;a id=&quot;SWEEndAppletStartAnchor_0&quot; href=&quot;javascript:void(0);&quot; tabindex=&quot;999&quot;&gt;&lt;/a&gt;&lt;a id=&quot;SWEEndAppletEndAnchor_0&quot; href=&quot;javascript:void(0);&quot; tabindex=&quot;999&quot; onfocus=&quot;document.getElementById(&apos;SWEEndAppletStartAnchor_0&apos;).focus();&quot;&gt;&lt;/a&gt;&lt;/td&gt;&lt;/tr&gt;&lt;tr valign=&quot;top&quot;&gt;&lt;td width=&quot;1&quot;&gt;&lt;img src=&quot;images/bullet_green.gif&quot; alt=&quot;&quot;&gt;&lt;/td&gt;&lt;td valign=&quot;bottom&quot;&gt;&lt;b&gt;&lt;span  id=&apos;s_5_2_6_2&apos; &gt;Consumer&lt;/span&gt;&amp;nbsp;&amp;nbsp;&lt;/b&gt;&lt;/td&gt;&lt;/tr&gt;&lt;tr valign=&quot;top&quot;&gt;&lt;td width=&quot;1&quot;&gt;&lt;img src=&quot;images/spacer.gif&quot; alt=&quot;&quot;&gt;&lt;/td&gt;&lt;td valign=&quot;bottom&quot;&gt;&lt;a id=&quot;SWETopHidden0&quot; href=&quot;javascript:void(0);&quot; tabindex=&quot;0&quot;&gt;&lt;/a&gt;&lt;a id=&quot;SWETopHidden0&quot; href=&quot;javascript:void(0);&quot; tabindex=&quot;0&quot; title=&quot;Not Used&quot;&gt;&lt;/a&gt;&lt;nobr&gt;&amp;nbsp;&lt;a href=&apos;JavaScript:c_d(new Array(&quot;SWERowId&quot;,&quot;SWEField&quot;,&quot;SWERowIds&quot;),new Array(&quot;1-ZQRO33&quot;,&quot;s_0_2_6_32&quot;,&quot;SWERowId0=1-ZLQQX2,SWERowId1=1-ZQRO33&quot;),new Array(&quot;SWENeedContext&quot;,&quot;SWESP&quot;,&quot;SWEMethod&quot;,&quot;SWECmd&quot;,&quot;SWEVI&quot;,&quot;SWEPOC&quot;,&quot;SWETargetView&quot;,&quot;SWEDIC&quot;,&quot;SWEReqRowId&quot;,&quot;SWEView&quot;,&quot;SWETVI&quot;,&quot;SWEC&quot;,&quot;SWEM&quot;,&quot;SWEBID&quot;,&quot;SWESPa&quot;,&quot;SRN&quot;,&quot;SWEContainer&quot;,&quot;SWETS&quot;,&quot;SWETA&quot;,&quot;SWEApplet&quot;),new Array(&quot;/ecommunications_enu_nsm_aps05524a027/start.swe&quot;,&quot;true&quot;,&quot;false&quot;,&quot;Drilldown&quot;,&quot;InvokeMethod&quot;,&quot;&quot;,&quot;&quot;,&quot;&quot;,&quot;false&quot;,&quot;1&quot;,&quot;Sales Order-Browse Catalog View&quot;,&quot;&quot;,&quot;48&quot;,&quot;&quot;,&quot;-1&quot;,&quot;&quot;,&quot;xK7T2pIB2ZOV15hwlQxQF5reKcoUB8VpMTZr7we8uAEb&quot;,&quot;&quot;,&quot;&quot;,&quot;&quot;,&quot;Sales Order Catalog RootSubCategory List Applet&quot;),this)&apos;  id=&apos;s_0_2_6_32&apos;&gt;Home Phones&lt;/a&gt;&amp;nbsp;&amp;nbsp;&amp;nbsp;&amp;nbsp;&amp;nbsp;&lt;/nobr&gt;&amp;#32;&amp;#32;&lt;nobr&gt;&amp;nbsp;&lt;a href=&apos;JavaScript:c_d(new Array(&quot;SWERowId&quot;,&quot;SWEField&quot;,&quot;SWERowIds&quot;),new Array(&quot;1-ZQRO34&quot;,&quot;s_0_2_6_33&quot;,&quot;SWERowId0=1-ZLQQX2,SWERowId1=1-ZQRO34&quot;),new Array(&quot;SWENeedContext&quot;,&quot;SWESP&quot;,&quot;SWEMethod&quot;,&quot;SWECmd&quot;,&quot;SWEVI&quot;,&quot;SWEPOC&quot;,&quot;SWETargetView&quot;,&quot;SWEDIC&quot;,&quot;SWEReqRowId&quot;,&quot;SWEView&quot;,&quot;SWETVI&quot;,&quot;SWEC&quot;,&quot;SWEM&quot;,&quot;SWEBID&quot;,&quot;SWESPa&quot;,&quot;SRN&quot;,&quot;SWEContainer&quot;,&quot;SWETS&quot;,&quot;SWETA&quot;,&quot;SWEApplet&quot;),new Array(&quot;/ecommunications_enu_nsm_aps05524a027/start.swe&quot;,&quot;true&quot;,&quot;false&quot;,&quot;Drilldown&quot;,&quot;InvokeMethod&quot;,&quot;&quot;,&quot;&quot;,&quot;&quot;,&quot;false&quot;,&quot;1&quot;,&quot;Sales Order-Browse Catalog View&quot;,&quot;&quot;,&quot;48&quot;,&quot;&quot;,&quot;-1&quot;,&quot;&quot;,&quot;xK7T2pIB2ZOV15hwlQxQF5reKcoUB8VpMTZr7we8uAEb&quot;,&quot;&quot;,&quot;&quot;,&quot;&quot;,&quot;Sales Order Catalog RootSubCategory List Applet&quot;),this)&apos;  id=&apos;s_0_2_6_33&apos;&gt;Home Networks&lt;/a&gt;&amp;nbsp;&amp;nbsp;&amp;nbsp;&amp;nbsp;&amp;nbsp;&lt;/nobr&gt;&amp;#32;&amp;#32;&lt;nobr&gt;&amp;nbsp;&lt;a href=&apos;JavaScript:c_d(new Array(&quot;SWERowId&quot;,&quot;SWEField&quot;,&quot;SWERowIds&quot;),new Array(&quot;1-ZQRO35&quot;,&quot;s_0_2_6_34&quot;,&quot;SWERowId0=1-ZLQQX2,SWERowId1=1-ZQRO35&quot;),new Array(&quot;SWENeedContext&quot;,&quot;SWESP&quot;,&quot;SWEMethod&quot;,&quot;SWECmd&quot;,&quot;SWEVI&quot;,&quot;SWEPOC&quot;,&quot;SWETargetView&quot;,&quot;SWEDIC&quot;,&quot;SWEReqRowId&quot;,&quot;SWEView&quot;,&quot;SWETVI&quot;,&quot;SWEC&quot;,&quot;SWEM&quot;,&quot;SWEBID&quot;,&quot;SWESPa&quot;,&quot;SRN&quot;,&quot;SWEContainer&quot;,&quot;SWETS&quot;,&quot;SWETA&quot;,&quot;SWEApplet&quot;),new Array(&quot;/ecommunications_enu_nsm_aps05524a027/start.swe&quot;,&quot;true&quot;,&quot;false&quot;,&quot;Drilldown&quot;,&quot;InvokeMethod&quot;,&quot;&quot;,&quot;&quot;,&quot;&quot;,&quot;false&quot;,&quot;1&quot;,&quot;Sales Order-Browse Catalog View&quot;,&quot;&quot;,&quot;48&quot;,&quot;&quot;,&quot;-1&quot;,&quot;&quot;,&quot;xK7T2pIB2ZOV15hwlQxQF5reKcoUB8VpMTZr7we8uAEb&quot;,&quot;&quot;,&quot;&quot;,&quot;&quot;,&quot;Sales Order Catalog RootSubCategory List Applet&quot;),this)&apos;  id=&apos;s_0_2_6_34&apos;&gt;Home Security&lt;/a&gt;&amp;nbsp;&amp;nbsp;&amp;nbsp;&amp;nbsp;&amp;nbsp;&lt;/nobr&gt;&amp;#32;&amp;#32;&lt;nobr&gt;&amp;nbsp;&lt;a href=&apos;JavaScript:c_d(new Array(&quot;SWERowId&quot;,&quot;SWEField&quot;,&quot;SWERowIds&quot;),new Array(&quot;1-ZQRO36&quot;,&quot;s_0_2_6_35&quot;,&quot;SWERowId0=1-ZLQQX2,SWERowId1=1-ZQRO36&quot;),new Array(&quot;SWENeedContext&quot;,&quot;SWESP&quot;,&quot;SWEMethod&quot;,&quot;SWECmd&quot;,&quot;SWEVI&quot;,&quot;SWEPOC&quot;,&quot;SWETargetView&quot;,&quot;SWEDIC&quot;,&quot;SWEReqRowId&quot;,&quot;SWEView&quot;,&quot;SWETVI&quot;,&quot;SWEC&quot;,&quot;SWEM&quot;,&quot;SWEBID&quot;,&quot;SWESPa&quot;,&quot;SRN&quot;,&quot;SWEContainer&quot;,&quot;SWETS&quot;,&quot;SWETA&quot;,&quot;SWEApplet&quot;),new Array(&quot;/ecommunications_enu_nsm_aps05524a027/start.swe&quot;,&quot;true&quot;,&quot;false&quot;,&quot;Drilldown&quot;,&quot;InvokeMethod&quot;,&quot;&quot;,&quot;&quot;,&quot;&quot;,&quot;false&quot;,&quot;1&quot;,&quot;Sales Order-Browse Catalog View&quot;,&quot;&quot;,&quot;48&quot;,&quot;&quot;,&quot;-1&quot;,&quot;&quot;,&quot;xK7T2pIB2ZOV15hwlQxQF5reKcoUB8VpMTZr7we8uAEb&quot;,&quot;&quot;,&quot;&quot;,&quot;&quot;,&quot;Sales Order Catalog RootSubCategory List Applet&quot;),this)&apos;  id=&apos;s_0_2_6_35&apos;&gt;Computers And Accessories&lt;/a&gt;&amp;nbsp;&amp;nbsp;&amp;nbsp;&amp;nbsp;&amp;nbsp;&lt;/nobr&gt;&amp;#32;&amp;#32;&lt;nobr&gt;&amp;nbsp;&lt;a href=&apos;JavaScript:c_d(new Array(&quot;SWERowId&quot;,&quot;SWEField&quot;,&quot;SWERowIds&quot;),new Array(&quot;1-ZQRO37&quot;,&quot;s_0_2_6_36&quot;,&quot;SWERowId0=1-ZLQQX2,SWERowId1=1-ZQRO37&quot;),new Array(&quot;SWENeedContext&quot;,&quot;SWESP&quot;,&quot;SWEMethod&quot;,&quot;SWECmd&quot;,&quot;SWEVI&quot;,&quot;SWEPOC&quot;,&quot;SWETargetView&quot;,&quot;SWEDIC&quot;,&quot;SWEReqRowId&quot;,&quot;SWEView&quot;,&quot;SWETVI&quot;,&quot;SWEC&quot;,&quot;SWEM&quot;,&quot;SWEBID&quot;,&quot;SWESPa&quot;,&quot;SRN&quot;,&quot;SWEContainer&quot;,&quot;SWETS&quot;,&quot;SWETA&quot;,&quot;SWEApplet&quot;),new Array(&quot;/ecommunications_enu_nsm_aps05524a027/start.swe&quot;,&quot;true&quot;,&quot;false&quot;,&quot;Drilldown&quot;,&quot;InvokeMethod&quot;,&quot;&quot;,&quot;&quot;,&quot;&quot;,&quot;false&quot;,&quot;1&quot;,&quot;Sales Order-Browse Catalog View&quot;,&quot;&quot;,&quot;48&quot;,&quot;&quot;,&quot;-1&quot;,&quot;&quot;,&quot;xK7T2pIB2ZOV15hwlQxQF5reKcoUB8VpMTZr7we8uAEb&quot;,&quot;&quot;,&quot;&quot;,&quot;&quot;,&quot;Sales Order Catalog RootSubCategory List Applet&quot;),this)&apos;  id=&apos;s_0_2_6_36&apos;&gt;Faxes, Printers And Scanners&lt;/a&gt;&amp;nbsp;&amp;nbsp;&amp;nbsp;&amp;nbsp;&amp;nbsp;&lt;/nobr&gt;&amp;#32;&amp;#32;&lt;nobr&gt;&amp;nbsp;&lt;a href=&apos;JavaScript:c_d(new Array(&quot;SWERowId&quot;,&quot;SWEField&quot;,&quot;SWERowIds&quot;),new Array(&quot;1-ZQRO38&quot;,&quot;s_0_2_6_37&quot;,&quot;SWERowId0=1-ZLQQX2,SWERowId1=1-ZQRO38&quot;),new Array(&quot;SWENeedContext&quot;,&quot;SWESP&quot;,&quot;SWEMethod&quot;,&quot;SWECmd&quot;,&quot;SWEVI&quot;,&quot;SWEPOC&quot;,&quot;SWETargetView&quot;,&quot;SWEDIC&quot;,&quot;SWEReqRowId&quot;,&quot;SWEView&quot;,&quot;SWETVI&quot;,&quot;SWEC&quot;,&quot;SWEM&quot;,&quot;SWEBID&quot;,&quot;SWESPa&quot;,&quot;SRN&quot;,&quot;SWEContainer&quot;,&quot;SWETS&quot;,&quot;SWETA&quot;,&quot;SWEApplet&quot;),new Array(&quot;/ecommunications_enu_nsm_aps05524a027/start.swe&quot;,&quot;true&quot;,&quot;false&quot;,&quot;Drilldown&quot;,&quot;InvokeMethod&quot;,&quot;&quot;,&quot;&quot;,&quot;&quot;,&quot;false&quot;,&quot;1&quot;,&quot;Sales Order-Browse Catalog View&quot;,&quot;&quot;,&quot;48&quot;,&quot;&quot;,&quot;-1&quot;,&quot;&quot;,&quot;xK7T2pIB2ZOV15hwlQxQF5reKcoUB8VpMTZr7we8uAEb&quot;,&quot;&quot;,&quot;&quot;,&quot;&quot;,&quot;Sales Order Catalog RootSubCategory List Applet&quot;),this)&apos;  id=&apos;s_0_2_6_37&apos;&gt;Sound And Vision&lt;/a&gt;&amp;nbsp;&amp;nbsp;&amp;nbsp;&amp;nbsp;&amp;nbsp;&lt;/nobr&gt;&amp;#32;&amp;#32;&lt;nobr&gt;&amp;nbsp;&lt;a href=&apos;JavaScript:c_d(new Array(&quot;SWERowId&quot;,&quot;SWEField&quot;,&quot;SWERowIds&quot;),new Array(&quot;1-ZLQQX3&quot;,&quot;s_0_2_6_38&quot;,&quot;SWERowId0=1-ZLQQX2,SWERowId1=1-ZLQQX3&quot;),new Array(&quot;SWENeedContext&quot;,&quot;SWESP&quot;,&quot;SWEMethod&quot;,&quot;SWECmd&quot;,&quot;SWEVI&quot;,&quot;SWEPOC&quot;,&quot;SWETargetView&quot;,&quot;SWEDIC&quot;,&quot;SWEReqRowId&quot;,&quot;SWEView&quot;,&quot;SWETVI&quot;,&quot;SWEC&quot;,&quot;SWEM&quot;,&quot;SWEBID&quot;,&quot;SWESPa&quot;,&quot;SRN&quot;,&quot;SWEContainer&quot;,&quot;SWETS&quot;,&quot;SWETA&quot;,&quot;SWEApplet&quot;),new Array(&quot;/ecommunications_enu_nsm_aps05524a027/start.swe&quot;,&quot;true&quot;,&quot;false&quot;,&quot;Drilldown&quot;,&quot;InvokeMethod&quot;,&quot;&quot;,&quot;&quot;,&quot;&quot;,&quot;false&quot;,&quot;1&quot;,&quot;Sales Order-Browse Catalog View&quot;,&quot;&quot;,&quot;48&quot;,&quot;&quot;,&quot;-1&quot;,&quot;&quot;,&quot;xK7T2pIB2ZOV15hwlQxQF5reKcoUB8VpMTZr7we8uAEb&quot;,&quot;&quot;,&quot;&quot;,&quot;&quot;,&quot;Sales Order Catalog RootSubCategory List Applet&quot;),this)&apos;  id=&apos;s_0_2_6_38&apos;&gt;BT Mobile for Home Plan&lt;/a&gt;&amp;nbsp;&amp;nbsp;&amp;nbsp;&amp;nbsp;&amp;nbsp;&lt;/nobr&gt;&amp;#32;&amp;#32;&lt;nobr&gt;&amp;nbsp;&lt;a href=&apos;JavaScript:c_d(new Array(&quot;SWERowId&quot;,&quot;SWEField&quot;,&quot;SWERowIds&quot;),new Array(&quot;1-1S29RXP&quot;,&quot;s_0_2_6_39&quot;,&quot;SWERowId0=1-ZLQQX2,SWERowId1=1-1S29RXP&quot;),new Array(&quot;SWENeedContext&quot;,&quot;SWESP&quot;,&quot;SWEMethod&quot;,&quot;SWECmd&quot;,&quot;SWEVI&quot;,&quot;SWEPOC&quot;,&quot;SWETargetView&quot;,&quot;SWEDIC&quot;,&quot;SWEReqRowId&quot;,&quot;SWEView&quot;,&quot;SWETVI&quot;,&quot;SWEC&quot;,&quot;SWEM&quot;,&quot;SWEBID&quot;,&quot;SWESPa&quot;,&quot;SRN&quot;,&quot;SWEContainer&quot;,&quot;SWETS&quot;,&quot;SWETA&quot;,&quot;SWEApplet&quot;),new Array(&quot;/ecommunications_enu_nsm_aps05524a027/start.swe&quot;,&quot;true&quot;,&quot;false&quot;,&quot;Drilldown&quot;,&quot;InvokeMethod&quot;,&quot;&quot;,&quot;&quot;,&quot;&quot;,&quot;false&quot;,&quot;1&quot;,&quot;Sales Order-Browse Catalog View&quot;,&quot;&quot;,&quot;48&quot;,&quot;&quot;,&quot;-1&quot;,&quot;&quot;,&quot;xK7T2pIB2ZOV15hwlQxQF5reKcoUB8VpMTZr7we8uAEb&quot;,&quot;&quot;,&quot;&quot;,&quot;&quot;,&quot;Sales Order Catalog RootSubCategory List Applet&quot;),this)&apos;  id=&apos;s_0_2_6_39&apos;&gt;Charge Card&lt;/a&gt;&amp;nbsp;&amp;nbsp;&amp;nbsp;&amp;nbsp;&amp;nbsp;&lt;/nobr&gt;&amp;#32;&amp;#32;&lt;nobr&gt;&amp;nbsp;&lt;a href=&apos;JavaScript:c_d(new Array(&quot;SWERowId&quot;,&quot;SWEField&quot;,&quot;SWERowIds&quot;),new Array(&quot;2-11LLTQPJ&quot;,&quot;s_0_2_6_40&quot;,&quot;SWERowId0=1-ZLQQX2,SWERowId1=2-11LLTQPJ&quot;),new Array(&quot;SWENeedContext&quot;,&quot;SWESP&quot;,&quot;SWEMethod&quot;,&quot;SWECmd&quot;,&quot;SWEVI&quot;,&quot;SWEPOC&quot;,&quot;SWETargetView&quot;,&quot;SWEDIC&quot;,&quot;SWEReqRowId&quot;,&quot;SWEView&quot;,&quot;SWETVI&quot;,&quot;SWEC&quot;,&quot;SWEM&quot;,&quot;SWEBID&quot;,&quot;SWESPa&quot;,&quot;SRN&quot;,&quot;SWEContainer&quot;,&quot;SWETS&quot;,&quot;SWETA&quot;,&quot;SWEApplet&quot;),new Array(&quot;/ecommunications_enu_nsm_aps05524a027/start.swe&quot;,&quot;true&quot;,&quot;false&quot;,&quot;Drilldown&quot;,&quot;InvokeMethod&quot;,&quot;&quot;,&quot;&quot;,&quot;&quot;,&quot;false&quot;,&quot;1&quot;,&quot;Sales Order-Browse Catalog View&quot;,&quot;&quot;,&quot;48&quot;,&quot;&quot;,&quot;-1&quot;,&quot;&quot;,&quot;xK7T2pIB2ZOV15hwlQxQF5reKcoUB8VpMTZr7we8uAEb&quot;,&quot;&quot;,&quot;&quot;,&quot;&quot;,&quot;Sales Order Catalog RootSubCategory List Applet&quot;),this)&apos;  id=&apos;s_0_2_6_40&apos;&gt;Connectivity&lt;/a&gt;&amp;nbsp;&amp;nbsp;&amp;nbsp;&amp;nbsp;&amp;nbsp;&lt;/nobr&gt;&amp;#32;&amp;#32;&lt;nobr&gt;&amp;nbsp;&lt;a href=&apos;JavaScript:c_d(new Array(&quot;SWERowId&quot;,&quot;SWEField&quot;,&quot;SWERowIds&quot;),new Array(&quot;1-ZLQSHJ&quot;,&quot;s_0_2_6_41&quot;,&quot;SWERowId0=1-ZLQQX2,SWERowId1=1-ZLQSHJ&quot;),new Array(&quot;SWENeedContext&quot;,&quot;SWESP&quot;,&quot;SWEMethod&quot;,&quot;SWECmd&quot;,&quot;SWEVI&quot;,&quot;SWEPOC&quot;,&quot;SWETargetView&quot;,&quot;SWEDIC&quot;,&quot;SWEReqRowId&quot;,&quot;SWEView&quot;,&quot;SWETVI&quot;,&quot;SWEC&quot;,&quot;SWEM&quot;,&quot;SWEBID&quot;,&quot;SWESPa&quot;,&quot;SRN&quot;,&quot;SWEContainer&quot;,&quot;SWETS&quot;,&quot;SWETA&quot;,&quot;SWEApplet&quot;),new Array(&quot;/ecommunications_enu_nsm_aps05524a027/start.swe&quot;,&quot;true&quot;,&quot;false&quot;,&quot;Drilldown&quot;,&quot;InvokeMethod&quot;,&quot;&quot;,&quot;&quot;,&quot;&quot;,&quot;false&quot;,&quot;1&quot;,&quot;Sales Order-Browse Catalog View&quot;,&quot;&quot;,&quot;48&quot;,&quot;&quot;,&quot;-1&quot;,&quot;&quot;,&quot;xK7T2pIB2ZOV15hwlQxQF5reKcoUB8VpMTZr7we8uAEb&quot;,&quot;&quot;,&quot;&quot;,&quot;&quot;,&quot;Sales Order Catalog RootSubCategory List Applet&quot;),this)&apos;  id=&apos;s_0_2_6_41&apos;&gt;PSTN&lt;/a&gt;&amp;nbsp;&amp;nbsp;&amp;nbsp;&amp;nbsp;&amp;nbsp;&lt;/nobr&gt;&amp;#32;&amp;#32;&lt;nobr&gt;&amp;nbsp;&lt;a href=&apos;JavaScript:c_d(new Array(&quot;SWERowId&quot;,&quot;SWEField&quot;,&quot;SWERowIds&quot;),new Array(&quot;1-1S28TWO&quot;,&quot;s_0_2_6_42&quot;,&quot;SWERowId0=1-ZLQQX2,SWERowId1=1-1S28TWO&quot;),new Array(&quot;SWENeedContext&quot;,&quot;SWESP&quot;,&quot;SWEMethod&quot;,&quot;SWECmd&quot;,&quot;SWEVI&quot;,&quot;SWEPOC&quot;,&quot;SWETargetView&quot;,&quot;SWEDIC&quot;,&quot;SWEReqRowId&quot;,&quot;SWEView&quot;,&quot;SWETVI&quot;,&quot;SWEC&quot;,&quot;SWEM&quot;,&quot;SWEBID&quot;,&quot;SWESPa&quot;,&quot;SRN&quot;,&quot;SWEContainer&quot;,&quot;SWETS&quot;,&quot;SWETA&quot;,&quot;SWEApplet&quot;),new Array(&quot;/ecommunications_enu_nsm_aps05524a027/start.swe&quot;,&quot;true&quot;,&quot;false&quot;,&quot;Drilldown&quot;,&quot;InvokeMethod&quot;,&quot;&quot;,&quot;&quot;,&quot;&quot;,&quot;false&quot;,&quot;1&quot;,&quot;Sales Order-Browse Catalog View&quot;,&quot;&quot;,&quot;48&quot;,&quot;&quot;,&quot;-1&quot;,&quot;&quot;,&quot;xK7T2pIB2ZOV15hwlQxQF5reKcoUB8VpMTZr7we8uAEb&quot;,&quot;&quot;,&quot;&quot;,&quot;&quot;,&quot;Sales Order Catalog RootSubCategory List Applet&quot;),this)&apos;  id=&apos;s_0_2_6_42&apos;&gt;Phone Book&lt;/a&gt;&amp;nbsp;&amp;nbsp;&amp;nbsp;&amp;nbsp;&amp;nbsp;&lt;/nobr&gt;&amp;#32;&amp;#32;&lt;nobr&gt;&amp;nbsp;&lt;a href=&apos;JavaScript:c_d(new Array(&quot;SWERowId&quot;,&quot;SWEField&quot;,&quot;SWERowIds&quot;),new Array(&quot;2-11LLTQPK&quot;,&quot;s_0_2_6_43&quot;,&quot;SWERowId0=1-ZLQQX2,SWERowId1=2-11LLTQPK&quot;),new Array(&quot;SWENeedContext&quot;,&quot;SWESP&quot;,&quot;SWEMethod&quot;,&quot;SWECmd&quot;,&quot;SWEVI&quot;,&quot;SWEPOC&quot;,&quot;SWETargetView&quot;,&quot;SWEDIC&quot;,&quot;SWEReqRowId&quot;,&quot;SWEView&quot;,&quot;SWETVI&quot;,&quot;SWEC&quot;,&quot;SWEM&quot;,&quot;SWEBID&quot;,&quot;SWESPa&quot;,&quot;SRN&quot;,&quot;SWEContainer&quot;,&quot;SWETS&quot;,&quot;SWETA&quot;,&quot;SWEApplet&quot;),new Array(&quot;/ecommunications_enu_nsm_aps05524a027/start.swe&quot;,&quot;true&quot;,&quot;false&quot;,&quot;Drilldown&quot;,&quot;InvokeMethod&quot;,&quot;&quot;,&quot;&quot;,&quot;&quot;,&quot;false&quot;,&quot;1&quot;,&quot;Sales Order-Browse Catalog View&quot;,&quot;&quot;,&quot;48&quot;,&quot;&quot;,&quot;-1&quot;,&quot;&quot;,&quot;xK7T2pIB2ZOV15hwlQxQF5reKcoUB8VpMTZr7we8uAEb&quot;,&quot;&quot;,&quot;&quot;,&quot;&quot;,&quot;Sales Order Catalog RootSubCategory List Applet&quot;),this)&apos;  id=&apos;s_0_2_6_43&apos;&gt;Recommended Connectivity&lt;/a&gt;&amp;nbsp;&amp;nbsp;&amp;nbsp;&amp;nbsp;&amp;nbsp;&lt;/nobr&gt;&amp;#32;&amp;#32;&lt;nobr&gt;&amp;nbsp;&lt;a href=&apos;JavaScript:c_d(new Array(&quot;SWERowId&quot;,&quot;SWEField&quot;,&quot;SWERowIds&quot;),new Array(&quot;1-2NXPTOR&quot;,&quot;s_0_2_6_44&quot;,&quot;SWERowId0=1-ZLQQX2,SWERowId1=1-2NXPTOR&quot;),new Array(&quot;SWENeedContext&quot;,&quot;SWESP&quot;,&quot;SWEMethod&quot;,&quot;SWECmd&quot;,&quot;SWEVI&quot;,&quot;SWEPOC&quot;,&quot;SWETargetView&quot;,&quot;SWEDIC&quot;,&quot;SWEReqRowId&quot;,&quot;SWEView&quot;,&quot;SWETVI&quot;,&quot;SWEC&quot;,&quot;SWEM&quot;,&quot;SWEBID&quot;,&quot;SWESPa&quot;,&quot;SRN&quot;,&quot;SWEContainer&quot;,&quot;SWETS&quot;,&quot;SWETA&quot;,&quot;SWEApplet&quot;),new Array(&quot;/ecommunications_enu_nsm_aps05524a027/start.swe&quot;,&quot;true&quot;,&quot;false&quot;,&quot;Drilldown&quot;,&quot;InvokeMethod&quot;,&quot;&quot;,&quot;&quot;,&quot;&quot;,&quot;false&quot;,&quot;1&quot;,&quot;Sales Order-Browse Catalog View&quot;,&quot;&quot;,&quot;48&quot;,&quot;&quot;,&quot;-1&quot;,&quot;&quot;,&quot;xK7T2pIB2ZOV15hwlQxQF5reKcoUB8VpMTZr7we8uAEb&quot;,&quot;&quot;,&quot;&quot;,&quot;&quot;,&quot;Sales Order Catalog RootSubCategory List Applet&quot;),this)&apos;  id=&apos;s_0_2_6_44&apos;&gt;Recommended Phones&lt;/a&gt;&amp;nbsp;&amp;nbsp;&amp;nbsp;&amp;nbsp;&amp;nbsp;&lt;/nobr&gt;&amp;#32;&amp;#32;&lt;a id=&quot;SWEEndAppletStartAnchor_0&quot; href=&quot;javascript:void(0);&quot; tabindex=&quot;999&quot;&gt;&lt;/a&gt;&lt;a id=&quot;SWEEndAppletEndAnchor_0&quot; href=&quot;javascript:void(0);&quot; tabindex=&quot;999&quot; onfocus=&quot;document.getElementById(&apos;SWEEndAppletStartAnchor_0&apos;).focus();&quot;&gt;&lt;/a&gt;&lt;/td&gt;&lt;/tr&gt;&lt;tr valign=&quot;top&quot;&gt;&lt;td width=&quot;1&quot;&gt;&lt;img src=&quot;images/bullet_green.gif&quot; alt=&quot;&quot;&gt;&lt;/td&gt;&lt;td valign=&quot;bottom&quot;&gt;&lt;b&gt;&lt;span  id=&apos;s_5_2_6_3&apos; &gt;New Catalog&lt;/span&gt;&amp;nbsp;&amp;nbsp;&lt;/b&gt;&lt;/td&gt;&lt;/tr&gt;&lt;tr valign=&quot;top&quot;&gt;&lt;td width=&quot;1&quot;&gt;&lt;img src=&quot;images/spacer.gif&quot; alt=&quot;&quot;&gt;&lt;/td&gt;&lt;td valign=&quot;bottom&quot;&gt;&lt;a id=&quot;SWETopHidden0&quot; href=&quot;javascript:void(0);&quot; tabindex=&quot;0&quot;&gt;&lt;/a&gt;&lt;a id=&quot;SWETopHidden0&quot; href=&quot;javascript:void(0);&quot; tabindex=&quot;0&quot; title=&quot;Not Used&quot;&gt;&lt;/a&gt;&lt;nobr&gt;&amp;nbsp;&lt;a href=&apos;JavaScript:c_d(new Array(&quot;SWERowId&quot;,&quot;SWEField&quot;,&quot;SWERowIds&quot;),new Array(&quot;0V-171BC1&quot;,&quot;s_0_2_6_45&quot;,&quot;SWERowId0=0V-171BBZ,SWERowId1=0V-171BC1&quot;),new Array(&quot;SWENeedContext&quot;,&quot;SWESP&quot;,&quot;SWEMethod&quot;,&quot;SWECmd&quot;,&quot;SWEVI&quot;,&quot;SWEPOC&quot;,&quot;SWETargetView&quot;,&quot;SWEDIC&quot;,&quot;SWEReqRowId&quot;,&quot;SWEView&quot;,&quot;SWETVI&quot;,&quot;SWEC&quot;,&quot;SWEM&quot;,&quot;SWEBID&quot;,&quot;SWESPa&quot;,&quot;SRN&quot;,&quot;SWEContainer&quot;,&quot;SWETS&quot;,&quot;SWETA&quot;,&quot;SWEApplet&quot;),new Array(&quot;/ecommunications_enu_nsm_aps05524a027/start.swe&quot;,&quot;true&quot;,&quot;false&quot;,&quot;Drilldown&quot;,&quot;InvokeMethod&quot;,&quot;&quot;,&quot;&quot;,&quot;&quot;,&quot;false&quot;,&quot;1&quot;,&quot;Sales Order-Browse Catalog View&quot;,&quot;&quot;,&quot;48&quot;,&quot;&quot;,&quot;-1&quot;,&quot;&quot;,&quot;xK7T2pIB2ZOV15hwlQxQF5reKcoUB8VpMTZr7we8uAEb&quot;,&quot;&quot;,&quot;&quot;,&quot;&quot;,&quot;Sales Order Catalog RootSubCategory List Applet&quot;),this)&apos;  id=&apos;s_0_2_6_45&apos;&gt;test1&lt;/a&gt;&amp;nbsp;&amp;nbsp;&amp;nbsp;&amp;nbsp;&amp;nbsp;&lt;/nobr&gt;&amp;#32;&amp;#32;&lt;a id=&quot;SWEEndAppletStartAnchor_0&quot; href=&quot;javascript:void(0);&quot; tabindex=&quot;999&quot;&gt;&lt;/a&gt;&lt;a id=&quot;SWEEndAppletEndAnchor_0&quot; href=&quot;javascript:void(0);&quot; tabindex=&quot;999&quot; onfocus=&quot;document.getElementById(&apos;SWEEndAppletStartAnchor_0&apos;).focus();&quot;&gt;&lt;/a&gt;&lt;/td&gt;&lt;/tr&gt;&lt;tr valign=&quot;top&quot;&gt;&lt;td width=&quot;1&quot;&gt;&lt;img src=&quot;images/bullet_green.gif&quot; alt=&quot;&quot;&gt;&lt;/td&gt;&lt;td valign=&quot;bottom&quot;&gt;&lt;b&gt;&lt;span  id=&apos;s_5_2_6_4&apos; &gt;Res Official CPE&lt;/span&gt;&amp;nbsp;&amp;nbsp;&lt;/b&gt;&lt;/td&gt;&lt;/tr&gt;&lt;tr valign=&quot;top&quot;&gt;&lt;td width=&quot;1&quot;&gt;&lt;img src=&quot;images/spacer.gif&quot; alt=&quot;&quot;&gt;&lt;/td&gt;&lt;td valign=&quot;bottom&quot;&gt;&lt;a id=&quot;SWETopHidden0&quot; href=&quot;javascript:void(0);&quot; tabindex=&quot;0&quot;&gt;&lt;/a&gt;&lt;a id=&quot;SWETopHidden0&quot; href=&quot;javascript:void(0);&quot; tabindex=&quot;0&quot; title=&quot;Not Used&quot;&gt;&lt;/a&gt;&lt;nobr&gt;&amp;nbsp;&lt;a href=&apos;JavaScript:c_d(new Array(&quot;SWERowId&quot;,&quot;SWEField&quot;,&quot;SWERowIds&quot;),new Array(&quot;1-2NXPCAF&quot;,&quot;s_0_2_6_46&quot;,&quot;SWERowId0=1-2NXPCAE,SWERowId1=1-2NXPCAF&quot;),new Array(&quot;SWENeedContext&quot;,&quot;SWESP&quot;,&quot;SWEMethod&quot;,&quot;SWECmd&quot;,&quot;SWEVI&quot;,&quot;SWEPOC&quot;,&quot;SWETargetView&quot;,&quot;SWEDIC&quot;,&quot;SWEReqRowId&quot;,&quot;SWEView&quot;,&quot;SWETVI&quot;,&quot;SWEC&quot;,&quot;SWEM&quot;,&quot;SWEBID&quot;,&quot;SWESPa&quot;,&quot;SRN&quot;,&quot;SWEContainer&quot;,&quot;SWETS&quot;,&quot;SWETA&quot;,&quot;SWEApplet&quot;),new Array(&quot;/ecommunications_enu_nsm_aps05524a027/start.swe&quot;,&quot;true&quot;,&quot;false&quot;,&quot;Drilldown&quot;,&quot;InvokeMethod&quot;,&quot;&quot;,&quot;&quot;,&quot;&quot;,&quot;false&quot;,&quot;1&quot;,&quot;Sales Order-Browse Catalog View&quot;,&quot;&quot;,&quot;48&quot;,&quot;&quot;,&quot;-1&quot;,&quot;&quot;,&quot;xK7T2pIB2ZOV15hwlQxQF5reKcoUB8VpMTZr7we8uAEb&quot;,&quot;&quot;,&quot;&quot;,&quot;&quot;,&quot;Sales Order Catalog RootSubCategory List Applet&quot;),this)&apos;  id=&apos;s_0_2_6_46&apos;&gt;Phones&lt;/a&gt;&amp;nbsp;&amp;nbsp;&amp;nbsp;&amp;nbsp;&amp;nbsp;&lt;/nobr&gt;&amp;#32;&amp;#32;&lt;a id=&quot;SWEEndAppletStartAnchor_0&quot; href=&quot;javascript:void(0);&quot; tabindex=&quot;999&quot;&gt;&lt;/a&gt;&lt;a id=&quot;SWEEndAppletEndAnchor_0&quot; href=&quot;javascript:void(0);&quot; tabindex=&quot;999&quot; onfocus=&quot;document.getElementById(&apos;SWEEndAppletStartAnchor_0&apos;).focus();&quot;&gt;&lt;/a&gt;&lt;/td&gt;&lt;/tr&gt;&lt;/table&gt;&lt;/td&gt;&lt;/tr&gt;&lt;/table&gt;&lt;span id=&apos;s_143&apos;&gt;&lt;/span&gt;&lt;/form&gt;
&lt;/span&gt;&lt;a id=&quot;SWEEndAppletStartAnchor_5&quot; href=&quot;javascript:void(0);&quot; tabindex=&quot;3999&quot;&gt;&lt;/a&gt;&lt;a id=&quot;SWEEndAppletEndAnchor_5&quot; href=&quot;javascript:void(0);&quot; tabindex=&quot;3999&quot; onfocus=&quot;document.getElementById(&apos;SWEEndAppletStartAnchor_5&apos;).focus();&quot;&gt;&lt;/a&gt;`1`0`cfm`0`DeleteRecord`IDS_SWE_DELETE_CONFIRM_WARNING`0`2`col`0`25`0`co`0`pt`5`sp`s_5_2_6_`dm`5`w`100`csq`1`n`653`pw`0`ist`1`ph`0`ju`6`sq`3997`pan`5`ibp`1`crf`8`sdy`0`h`0`iec`1`dft`5`cix`0`ime`5`dmc`0`t`4`dn`99`fn`99`msz`75`24`0`co`0`pt`5`sp`s_5_2_5_`dm`7`w`100`csq`1`n`1861`pw`0`ph`0`ju`6`sq`3997`pan`5`ibp`1`crf`8`sdy`0`h`0`iec`1`dft`5`cix`1`ime`5`dmc`0`t`4`dn`1861`fn`1861`msz`255`1`0`cn`0`eAdvisor`1*11*11*11*11*1`0`1`pcl`0`2`0`pc`0`allowPC`false`ProdSelectionCC``0`1`nta`0`11`3`ai`3`S_A9`nfi`1`n`Sales Order Catalog Tree Applet`cud`4*18631*12*121*1`cik`2*211*12*221*12*231*12*241*12*251*02*261*02*271*02*281*02*291*02*301*02*311*02*321*02*331*12*341*02*351*02*361*02*371*02*381*02*391*02*401*02*411*02*421*02*201*02*431*02*441*02*451*02*461*02*471*12*481*02*491*02*501*02*511*02*521*02*531*02*541*12*551*12*561*02*571*0`vrn`S_A9`tt`1611`upd`2 da12 sr |Category30 ad 2 f |BT Basic and BB bundle4 dn 110 ad 0 f |Id4 up 140 ad 2 f |BT Broadband and BB Talk ( 244 )4 dn 110 ad 0 f |Id4 up 129 ad 2 f |BT Claim Rewards List4 dn 110 ad 0 f |Id4 up 117 ad 2 f |BT Giving4 dn 110 ad 0 f |Id4 up 123 ad 2 f |BT Mobile ( 2 )4 dn 110 ad 0 f |Id4 up 124 ad 2 f |BT Mobile Launch4 dn 110 ad 0 f |Id4 up 130 ad 2 f |BT Sport Plusnet Trial4 dn 110 ad 0 f |Id4 up 133 ad 2 f |BT Sport Promotions ( 2 )4 dn 110 ad 0 f |Id4 up 122 ad 2 f |BT Sport Trial4 dn 110 ad 0 f |Id4 up 124 ad 2 f |BT Vision ( 53 )4 dn 110 ad 0 f |Id4 up 113 ad 2 f |Dummy4 dn 110 ad 0 f |Id4 up 122 ad 2 f |LVT-Promotions4 dn 110 ad 0 f |Id4 up 128 ad 2 f |Mobile Retail Trial*4 dn 110 ad 0 f |Id4 up 119 ad 2 f |PSTN ( 31 )4 dn 110 ad 0 f |Id4 up 123 ad 2 f |Package ( 138 )4 dn 110 ad 0 f |Id4 up 122 ad 2 f |Pre-pay Mobile4 dn 110 ad 0 f |Id4 up 126 ad 2 f |Pre-pay PSTN ( 1 )4 dn 110 ad 0 f |Id4 up 118 ad 2 f |Retail.com4 dn 110 ad 0 f |Id4 up 121 ad 2 f |Unlock Charge4 dn 110 ad 0 f |Id4 up 14 ex t6 se 1.1`rsp`false`bnr`0`bci`S_BC7`i`8`0`0`tcb`0`0`0`tob`0`1`0`cfm`0`DeleteRecord`IDS_SWE_DELETE_CONFIRM_WARNING`0`1`nla`0`19`4`ai`3`S_A8`nfi`2`n`Order Entry - Line Item List Applet (Sales) - Short`cud`3*3671*13*3651*13*3661*14*14781*14*14791*14*14801*14*14811*14*14821*13*5871*12*451*12*641*13*6351*13*5891*13*3161*13*6461*13*5901*13*1051*12*121*14*14831*14*14841*14*14851*14*13211*14*14861*13*7891*14*14871*14*14881*12*281*14*14891*13*3061*12*401*12*391*12*441*12*291*13*3071*12*271*12*311*13*5911*13*4961*14*14641*04*13281*04*14901*04*14911*04*11951*03*8911*04*13921*03*1391*03*6511*04*14921*03*1411*04*14931*04*14941*03*1351*03*1341*04*14951*04*14961*03*1451*04*14971*03*1211*04*14981*04*14991*04*15001*04*15011*04*15021*04*11141*04*15031*04*15041*04*15051*04*15061*04*13261*03*1531*04*15071*04*15081*04*15091*04*15101*04*15111*04*15121*04*10211*04*15131*04*15141*04*15151*03*7621*04*15161*04*15171*04*15181*04*15191*04*15201*04*15211*04*15221*04*15231*03*6591*04*15241*04*15251*03*8241*04*15261*04*15271*04*15281*04*15291*03*8871*03*1401*04*15301*04*15311*04*15321*04*15331*04*13241*04*15341*04*15351*04*15361*04*15371*04*15381*04*15391*04*15401*03*1381*03*8881*04*15411*04*15421*04*15431*04*15441*04*15451*04*15461*04*15471*04*15481*04*15491*04*15501*04*15511*04*15521*03*1151*04*15531*04*15541*04*15551*04*15561*04*15571*04*15581*04*15591*03*8941*03*1481*04*15601*04*15611*04*15621*04*15631*04*15641*03*7511*0`cik`3*3641*14*14661*13*6991*14*14671*14*14131*04*14681*02*431*02*451*12*201*03*6351*14*14691*14*14701*04*13231*04*14711*13*7901*04*14721*14*14731*04*14611*14*14741*03*3061*02*401*02*391*02*441*12*291*03*3071*12*271*02*311*03*3101*02*211*02*221*12*231*12*241*12*251*02*261*02*281*12*301*02*321*02*331*02*341*02*351*02*361*12*371*02*381*02*411*02*421*02*461*12*471*02*481*02*491*02*501*02*511*02*521*02*531*02*541*12*551*04*13301*04*13311*04*14751*04*14761*04*14771*02*561*12*571*0`pf`VER_1.0_~0|Product|200~0|Quantity Requested|30~0|Net Price|100~0|Eligibility Status|100~1|Eligibility Comments|100~1|Extended Line Total|100~0|Product Deposit|100`shd`54*Order_Entry__Line_Item_List_Applet_Sales__Short_Applet88*srf1592409810_444/bscripts/all/applet_order_entry__line_item_list_applet_sales__short.js`rct`7`asq`3`ied`1`vrn`S_A8`tt`639`inu`0`hmn`1`rsp`false`bnr`0`iem``bci`S_BC4`hlc`3*a_71*11*2`i`7`0`8`cl`0`23`1`c`0`pt`5`sp`s_7_1_9_0`dm`7`w`0`n`45`pw`0`ph`0`ju`6`sq`4997`pan`5`mn`45`ibp`1`crf`8`sdy`0`h`0`iec`1`dft`5`ime`5`dmc`0`t`67`dn`392`fn`5`msz`32`14`0`imp`0`SWEField`s_7_1_9_0`SWENeedContext`true`SWER`65535`SWESP`false`SWERowIds`SWERowId0=3-61EV8AO3`SWEMethod`ExecuteQuery`SWECmd`InvokeMethod`SWEDIC`false`SWEReqRowId`0`SWEView`Sales Order-Browse Catalog View`SWEC`48`SWEBID`-1`SRN`xK7T2pIB2ZOV15hwlQxQF5reKcoUB8VpMTZr7we8uAEb`SWEApplet`Order Entry - Line Item List Applet (Sales) - Short`23`1`c`0`pt`5`sp`s_7_1_8_0`dm`7`w`0`n`587`pw`0`ph`0`ju`6`sq`4997`pan`5`mn`43`ibp`1`crf`8`sdy`0`h`0`iec`1`dft`5`ime`5`dmc`0`t`67`dn`393`fn`5`msz`32`14`0`imp`0`SWEField`s_7_1_8_0`SWENeedContext`true`SWER`65535`SWESP`false`SWERowIds`SWERowId0=3-61EV8AO3`SWEMethod`UndoQuery`SWECmd`InvokeMethod`SWEDIC`false`SWEReqRowId`0`SWEView`Sales Order-Browse Catalog View`SWEC`48`SWEBID`-1`SRN`xK7T2pIB2ZOV15hwlQxQF5reKcoUB8VpMTZr7we8uAEb`SWEApplet`Order Entry - Line Item List Applet (Sales) - Short`25`1`c`0`pt`5`sp`s_7_1_30_0`dm`7`w`0`n`39`eb`&lt;img src=&quot;images/rcnv_prvset_1.gif&quot; border=&quot;0&quot; space=&quot;0&quot; hspace=&quot;0&quot; alt=&quot;Previous record set&quot;  title=&quot;Previous record set&quot; &gt;`pw`0`db`&lt;img src=&quot;images/rcnv_prvset_0.gif&quot; border=&quot;0&quot; space=&quot;0&quot; hspace=&quot;0&quot; alt=&quot;Previous record set&quot;  title=&quot;Previous record set&quot; &gt;`ph`0`ju`6`sq`4997`pan`5`mn`39`ibp`1`crf`8`sdy`0`h`0`iec`1`dft`5`ime`5`dmc`0`t`67`dn`5`fn`5`msz`32`14`0`imp`0`SWEField`s_7_1_30_0`SWENeedContext`true`SWER`65535`SWESP`false`SWERowIds`SWERowId0=3-61EV8AO3`SWEMethod`GotoPreviousSet`SWECmd`InvokeMethod`SWEDIC`false`SWEReqRowId`0`SWEView`Sales Order-Browse Catalog View`SWEC`48`SWEBID`-1`SRN`xK7T2pIB2ZOV15hwlQxQF5reKcoUB8VpMTZr7we8uAEb`SWEApplet`Order Entry - Line Item List Applet (Sales) - Short`25`1`c`0`pt`5`sp`s_7_1_29_0`dm`7`w`0`n`40`eb`&lt;img src=&quot;images/rcnv_nxtset_1.gif&quot; border=&quot;0&quot; space=&quot;0&quot; hspace=&quot;0&quot; alt=&quot;Next record set&quot;  title=&quot;Next record set&quot; &gt;`pw`0`db`&lt;img src=&quot;images/rcnv_nxtset_0.gif&quot; border=&quot;0&quot; space=&quot;0&quot; hspace=&quot;0&quot; alt=&quot;Next record set&quot;  title=&quot;Next record set&quot; &gt;`ph`0`ju`6`sq`4997`pan`5`mn`40`ibp`1`crf`8`sdy`0`h`0`iec`1`dft`5`ime`5`dmc`0`t`67`dn`5`fn`5`msz`32`14`0`imp`0`SWEField`s_7_1_29_0`SWENeedContext`true`SWER`65535`SWESP`false`SWERowIds`SWERowId0=3-61EV8AO3`SWEMethod`GotoNextSet`SWECmd`InvokeMethod`SWEDIC`false`SWEReqRowId`0`SWEView`Sales Order-Browse Catalog View`SWEC`48`SWEBID`-1`SRN`xK7T2pIB2ZOV15hwlQxQF5reKcoUB8VpMTZr7we8uAEb`SWEApplet`Order Entry - Line Item List Applet (Sales) - Short`23`1`c`0`pt`5`sp`s_7_1_10_0`dm`7`w`0`n`64`pw`0`ph`0`ju`6`sq`4997`pan`5`mn`20`ibp`1`crf`8`sdy`0`h`0`iec`1`dft`5`ime`5`dmc`0`t`67`dn`652`fn`5`msz`32`18`0`imp`0`SWEField`s_7_1_10_0`SWENeedContext`true`SWER`65535`SWESP`true`SWERowIds`SWERowId0=3-61EV8AO3`SWEMethod`ShowQueryAssistant`SWECmd`InvokeMethod`SWEH`100`SWEDIC`true`SWEReqRowId`0`SWEView`Sales Order-Browse Catalog View`SWEC`48`SWEW`300`SWEM`Edit`SWEBID`-1`SRN`xK7T2pIB2ZOV15hwlQxQF5reKcoUB8VpMTZr7we8uAEb`SWETA`Query Assistant`SWEApplet`Order Entry - Line Item List Applet (Sales) - Short`23`1`c`0`pt`5`sp`s_7_1_26_0`dm`7`w`0`n`28`pw`0`ph`0`ju`6`sq`4997`pan`5`mn`1461`ibp`1`crf`8`sdy`0`h`0`iec`1`dft`5`ime`5`dmc`0`t`67`dn`531`fn`5`msz`32`14`0`imp`0`SWEField`s_7_1_26_0`SWENeedContext`true`SWER`65535`SWESP`false`SWERowIds`SWERowId0=3-61EV8AO3`SWEMethod`BTDeleteLineItem`SWECmd`InvokeMethod`SWEDIC`false`SWEReqRowId`0`SWEView`Sales Order-Browse Catalog View`SWEC`48`SWEBID`-1`SRN`xK7T2pIB2ZOV15hwlQxQF5reKcoUB8VpMTZr7we8uAEb`SWEApplet`Order Entry - Line Item List Applet (Sales) - Short`25`1`c`0`pt`5`sp`s_7_1_36_0`dm`7`w`0`n`591`eb`&lt;img src=&quot;images/row_off_d.gif&quot; border=&quot;0&quot; space=&quot;0&quot; hspace=&quot;0&quot; alt=&quot;Select record&quot;  title=&quot;Select record&quot; &gt;`pw`0`db`&lt;img src=&quot;images/row_on_d.gif&quot; border=&quot;0&quot; space=&quot;0&quot; hspace=&quot;0&quot; alt=&quot;Record selected&quot;  title=&quot;Record selected&quot; &gt;`ph`0`ju`6`sq`4997`pan`5`mn`310`ibp`1`crf`8`sdy`0`h`0`iec`1`dft`5`ime`5`dmc`0`t`67`dn`5`fn`5`msz`32`14`0`imp`0`SWEField`s_7_1_36_0`SWENeedContext`true`SWER`65535`SWESP`false`SWERowIds`SWERowId0=3-61EV8AO3`SWEMethod`PositionOnRow`SWECmd`InvokeMethod`SWEDIC`false`SWEReqRowId`0`SWEView`Sales Order-Browse Catalog View`SWEC`48`SWEBID`-1`SRN`xK7T2pIB2ZOV15hwlQxQF5reKcoUB8VpMTZr7we8uAEb`SWEApplet`Order Entry - Line Item List Applet (Sales) - Short`25`1`c`0`pt`5`sp`s_7_1_11_0`dm`7`w`0`n`635`eb`&lt;img src=&quot;images/btn_more.gif&quot; border=&quot;0&quot; space=&quot;0&quot; hspace=&quot;0&quot; alt=&quot;Show more&quot;  title=&quot;Show more&quot; &gt;`pw`0`ph`0`ju`6`sq`4997`pan`5`icm`635`mn`635`ibp`1`crf`8`sdy`0`h`0`iec`1`dft`5`ime`5`dmc`0`t`10`dn`5`fn`5`msz`32`14`0`imp`0`SWEField`s_7_1_11_0`SWENeedContext`true`SWER`65535`SWESP`false`SWERowIds`SWERowId0=3-61EV8AO3`SWEMethod`ToggleListRowCount`SWECmd`InvokeMethod`SWEDIC`false`SWEReqRowId`0`SWEView`Sales Order-Browse Catalog View`SWEC`48`SWEBID`-1`SRN`xK7T2pIB2ZOV15hwlQxQF5reKcoUB8VpMTZr7we8uAEb`SWEApplet`Order Entry - Line Item List Applet (Sales) - Short`1`0`cfm`0`DeleteRecord`IDS_SWE_DELETE_CONFIRM_WARNING`0`5`col`0`27`0`co`0`pt`5`sp`s_7_2_98_`dm`5`w`200`csq`1`n`140`pw`300`pat`Pick`ist`1`ph`100`ju`6`sq`4997`ied`1`pan`5`ibp`1`crf`8`sdy`0`h`0`iec`1`dft`5`cix`0`ime`5`dmc`0`t`4`dn`140`fn`140`msz`100`24`0`co`0`pt`5`sp`s_7_2_103_`dm`5`w`30`n`1324`pw`0`ist`1`ph`0`ju`103`sq`4997`pan`5`ibp`1`crf`8`sdy`0`h`0`iec`1`dft`5`cix`1`ime`5`dmc`0`t`735`dn`1325`fn`1324`msz`16`23`0`co`0`pt`5`sp`s_7_2_39_`dm`7`w`100`n`1328`pw`0`ph`0`ju`6`sq`4997`pan`5`ibp`1`crf`722`sdy`0`h`0`iec`1`dft`5`cix`2`ime`5`dmc`0`t`4`dn`1329`fn`1462`msz`25`25`0`co`0`pt`5`sp`s_7_2_68_`dm`7`w`100`csq`1`n`1326`pw`0`ist`1`ph`0`ju`6`sq`4997`pan`5`ibp`1`crf`8`sdy`0`h`0`iec`1`dft`5`cix`3`ime`5`dmc`0`t`4`dn`1463`fn`1326`msz`30`24`0`co`0`pt`5`sp`s_7_2_38_`dm`7`w`100`n`1464`pw`0`ist`1`ph`0`ju`6`sq`4997`pan`5`ibp`1`crf`8`sdy`0`h`0`iec`1`dft`5`cix`4`ime`5`dmc`0`t`4`dn`1464`fn`1465`msz`18`0`2`pcl`0`2`0`pc`0`allowPC`false`QueryComboBox``2`0`pc`0`allowPC`false`QuerySrchSpec``0`1`nla`0`17`3`ai`3`S_A6`nfi`1`n`Sales Order Catalog RootSubCategory List Applet`cud`2*641*13*1051*12*121*14*16351*04*16491*02*991*03*6531*04*16431*04*16441*03*1211*04*16451*03*8431*04*16461*04*16471*0`cik`2*201*02*211*12*221*12*231*12*241*12*251*02*261*12*271*02*281*02*291*02*301*02*311*02*321*02*331*02*341*12*351*12*361*12*371*02*381*02*391*02*401*02*411*02*421*02*431*02*441*12*451*12*461*12*471*12*481*02*491*02*501*02*511*02*521*02*531*02*541*12*551*12*561*02*571*0`pf`VER_1.0_~0|Display Name|100`rct`500`asq`-1`vrn`S_A6`tt`1611`inu`0`hmn`1`rsp`false`bnr`0`iem``bci`S_BC6`hlc`3*a_01*11*2`i`0`1`0`cfm`0`DeleteRecord`IDS_SWE_DELETE_CONFIRM_WARNING`0`1`col`0`25`0`co`0`pt`5`sp`s_0_2_6_`dm`5`w`100`csq`1`n`653`pw`0`ist`1`ph`0`ju`6`sq`997`pan`5`ibp`1`crf`8`sdy`0`h`0`iec`1`dft`5`cix`0`ime`5`dmc`0`t`4`dn`653`fn`653`msz`100`1`0`cn`0`Display Name`1*1`0`1`na`0`15`3`ai`3`S_A10`nfi`1`n`COM ActiveX Placeholder Applet - Sales Order`cud`3*1831*03*8921*04*16111*12*281*13*3061*12*451*12*401*12*391*12*441*12*291*13*3101*12*641*12*431*12*271*12*311*14*18651*1`cik`4*18661*02*281*03*3061*02*451*12*401*02*391*02*441*12*291*03*3101*02*201*02*431*02*271*02*311*02*211*02*221*12*231*12*241*12*251*02*261*02*301*02*321*02*331*12*341*02*351*02*361*02*371*02*381*02*411*02*421*02*461*12*471*02*481*02*491*02*501*02*511*02*521*02*531*02*541*12*551*02*561*12*571*0`asq`1`vrn`S_A10`tt`1864`inu`0`hmn`1`rsp`false`bnr`0`iem``bci`S_BC8`hlc`3*a_91*11*2`i`9`0`1`cl`0`4`1`cc`0`sp`s_9_1_15_0`n`1865`t`1336`fn`5`8`0`cc`0`norecord`No records found.`enableCatalogDrillDown`Y`PreSel``expandedState`N`tooltipExpanded`Navigate Dynamic Catalog`AddItem`Add Item`captionExpanded`Navigator`home`Home`1`0`cfm`0`DeleteRecord`IDS_SWE_DELETE_CONFIRM_WARNING`0`1`pcl`0`2`0`pc`0`allowPC`false`HTML Navigator Control``0`1`nla`0`19`4`ai`3`S_A11`nfi`1`n`Sales Order Catalog Product List Applet - Add to Cart Tree`cud`4*18681*14*18711*14*18791*14*16241*12*401*12*391*13*3101*12*121*13*1051*14*18741*14*18801*04*16431*03*8921*13*6801*04*18811*14*13281*02*991*04*18761*04*13261*04*15061*03*1211*04*18821*04*18831*04*18841*0`cik`4*18701*14*18731*14*18781*12*401*02*391*03*3101*14*18751*02*211*12*221*12*231*12*241*12*251*02*261*12*271*02*281*12*291*02*301*12*311*12*321*12*331*02*341*12*351*12*361*12*371*02*381*12*411*02*421*02*201*02*431*02*441*12*451*12*461*12*471*12*481*02*491*02*501*02*511*02*521*02*531*02*541*12*551*12*561*02*571*0`pf`VER_1.0_~0|Product Name|100~0|Description|300~0|List Price|100~0|Quantity|60~0|Net Price|100~0|Eligibility Status|1~0|Eligibility Comments|200`shd`64*Sales_Order_Catalog_Product_List_Applet__Add_to_Cart_Tree_Applet98*srf1592409810_444/bscripts/all/applet_sales_order_catalog_product_list_applet__add_to_cart_tree.js`rct`8`asq`-1`ied`1`vrn`S_A11`tt`1867`inu`0`hmn`1`rsp`false`bnr`0`iem``bci`S_BC9`hlc`4*a_101*11*2`i`10`0`6`cl`0`23`1`c`0`pt`5`sp`s_10_1_0_0`dm`7`w`0`n`1868`pw`0`ph`0`ju`6`sq`997`pan`5`mn`1870`ibp`1`crf`8`sdy`0`h`0`iec`1`dft`5`ime`5`dmc`0`t`67`dn`1869`fn`5`msz`32`14`0`imp`0`SWEField`s_10_1_0_0`SWENeedContext`true`SWER`0`SWESP`false`SWERowIds`SWERowId0=VRId-0,SWERowId1=2-1FA3YP43`SWEMethod`AddToCart`SWECmd`InvokeMethod`SWEDIC`false`SWEReqRowId`0`SWEView`Sales Order-Browse Catalog View`SWEC`48`SWEBID`-1`SRN`xK7T2pIB2ZOV15hwlQxQF5reKcoUB8VpMTZr7we8uAEb`SWEApplet`Sales Order Catalog Product List Applet - Add to Cart Tree`23`1`c`0`pt`5`sp`s_10_1_1_0`dm`7`w`0`n`1871`pw`0`ph`0`ju`6`sq`997`pan`5`mn`1873`ibp`1`crf`8`sdy`0`h`0`iec`1`dft`5`ime`5`dmc`0`t`67`dn`1872`fn`5`msz`32`14`0`imp`0`SWEField`s_10_1_1_0`SWENeedContext`true`SWER`0`SWESP`false`SWERowIds`SWERowId0=VRId-0,SWERowId1=2-1FA3YP43`SWEMethod`ApplyEditPromotion`SWECmd`InvokeMethod`SWEDIC`false`SWEReqRowId`0`SWEView`Sales Order-Browse Catalog View`SWEC`48`SWEBID`-1`SRN`xK7T2pIB2ZOV15hwlQxQF5reKcoUB8VpMTZr7we8uAEb`SWEApplet`Sales Order Catalog Product List Applet - Add to Cart Tree`25`1`c`0`pt`5`sp`s_10_1_5_0`dm`7`w`0`n`39`eb`&lt;img src=&quot;images/rcnv_prvset_1.gif&quot; border=&quot;0&quot; space=&quot;0&quot; hspace=&quot;0&quot; alt=&quot;Previous record set&quot;  title=&quot;Previous record set&quot; &gt;`pw`0`db`&lt;img src=&quot;images/rcnv_prvset_0.gif&quot; border=&quot;0&quot; space=&quot;0&quot; hspace=&quot;0&quot; alt=&quot;Previous record set&quot;  title=&quot;Previous record set&quot; &gt;`ph`0`ju`6`sq`997`pan`5`mn`39`ibp`1`crf`8`sdy`0`h`0`iec`1`dft`5`ime`5`dmc`0`t`67`dn`381`fn`5`msz`32`14`0`imp`0`SWEField`s_10_1_5_0`SWENeedContext`true`SWER`0`SWESP`false`SWERowIds`SWERowId0=VRId-0,SWERowId1=2-1FA3YP43`SWEMethod`GotoPreviousSet`SWECmd`InvokeMethod`SWEDIC`false`SWEReqRowId`0`SWEView`Sales Order-Browse Catalog View`SWEC`48`SWEBID`-1`SRN`xK7T2pIB2ZOV15hwlQxQF5reKcoUB8VpMTZr7we8uAEb`SWEApplet`Sales Order Catalog Product List Applet - Add to Cart Tree`25`1`c`0`pt`5`sp`s_10_1_4_0`dm`7`w`0`n`40`eb`&lt;img src=&quot;images/rcnv_nxtset_1.gif&quot; border=&quot;0&quot; space=&quot;0&quot; hspace=&quot;0&quot; alt=&quot;Next record set&quot;  title=&quot;Next record set&quot; &gt;`pw`0`db`&lt;img src=&quot;images/rcnv_nxtset_0.gif&quot; border=&quot;0&quot; space=&quot;0&quot; hspace=&quot;0&quot; alt=&quot;Next record set&quot;  title=&quot;Next record set&quot; &gt;`ph`0`ju`6`sq`997`pan`5`mn`40`ibp`1`crf`8`sdy`0`h`0`iec`1`dft`5`ime`5`dmc`0`t`67`dn`382`fn`5`msz`32`14`0`imp`0`SWEField`s_10_1_4_0`SWENeedContext`true`SWER`0`SWESP`false`SWERowIds`SWERowId0=VRId-0,SWERowId1=2-1FA3YP43`SWEMethod`GotoNextSet`SWECmd`InvokeMethod`SWEDIC`false`SWEReqRowId`0`SWEView`Sales Order-Browse Catalog View`SWEC`48`SWEBID`-1`SRN`xK7T2pIB2ZOV15hwlQxQF5reKcoUB8VpMTZr7we8uAEb`SWEApplet`Sales Order Catalog Product List Applet - Add to Cart Tree`23`1`c`0`pt`5`sp`s_10_1_9_0`dm`7`w`0`n`1874`pw`0`ph`0`ju`6`sq`997`pan`5`mn`1875`ibp`1`crf`8`sdy`0`h`0`iec`1`dft`5`ime`5`dmc`0`t`67`dn`1322`fn`5`msz`32`14`0`imp`0`SWEField`s_10_1_9_0`SWENeedContext`true`SWER`0`SWESP`false`SWERowIds`SWERowId0=VRId-0,SWERowId1=2-1FA3YP43`SWEMethod`CustomizeProduct`SWECmd`InvokeMethod`SWEDIC`false`SWEReqRowId`0`SWEView`Sales Order-Browse Catalog View`SWEC`48`SWEBID`-1`SRN`xK7T2pIB2ZOV15hwlQxQF5reKcoUB8VpMTZr7we8uAEb`SWEApplet`Sales Order Catalog Product List Applet - Add to Cart Tree`25`1`c`0`pt`5`sp`s_10_1_6_0`dm`7`w`0`n`310`eb`&lt;img src=&quot;images/row_off_d.gif&quot; border=&quot;0&quot; space=&quot;0&quot; hspace=&quot;0&quot; alt=&quot;Select record&quot;  title=&quot;Select record&quot; &gt;`pw`0`db`&lt;img src=&quot;images/row_on_d.gif&quot; border=&quot;0&quot; space=&quot;0&quot; hspace=&quot;0&quot; alt=&quot;Record selected&quot;  title=&quot;Record selected&quot; &gt;`ph`0`ju`6`sq`997`pan`5`mn`310`ibp`1`crf`8`sdy`0`h`0`iec`1`dft`5`ime`5`dmc`0`t`67`dn`5`fn`5`msz`32`14`0`imp`0`SWEField`s_10_1_6_0`SWENeedContext`true`SWER`0`SWESP`false`SWERowIds`SWERowId0=VRId-0,SWERowId1=2-1FA3YP43`SWEMethod`PositionOnRow`SWECmd`InvokeMethod`SWEDIC`false`SWEReqRowId`0`SWEView`Sales Order-Browse Catalog View`SWEC`48`SWEBID`-1`SRN`xK7T2pIB2ZOV15hwlQxQF5reKcoUB8VpMTZr7we8uAEb`SWEApplet`Sales Order Catalog Product List Applet - Add to Cart Tree`1`0`cfm`0`DeleteRecord`IDS_SWE_DELETE_CONFIRM_WARNING`0`7`col`0`25`0`co`0`pt`5`sp`s_10_2_13_`dm`7`w`100`csq`1`n`680`pw`0`ist`1`ph`0`ju`6`sq`997`pan`5`ibp`1`crf`8`sdy`0`h`0`iec`1`dft`5`cix`0`ime`5`dmc`0`t`4`dn`680`fn`99`msz`100`25`0`co`0`pt`5`sp`s_10_2_20_`dm`7`w`300`csq`1`n`121`pw`0`ist`1`ph`0`ju`6`sq`997`pan`5`ibp`1`crf`8`sdy`0`h`0`iec`1`dft`5`cix`1`ime`5`dmc`0`t`1367`dn`121`fn`121`msz`255`24`0`co`0`pt`5`sp`s_10_2_17_`dm`7`w`100`n`1876`pw`0`ist`1`ph`0`ju`6`sq`997`pan`5`ibp`1`crf`1877`sdy`0`h`0`iec`1`dft`5`cix`2`ime`5`dmc`0`t`1367`dn`1876`fn`1876`msz`25`23`0`co`0`pt`5`sp`s_10_2_12_`dm`7`w`60`n`892`pw`0`ph`0`ju`6`sq`997`pan`5`ibp`1`crf`8`sdy`0`h`0`iec`1`dft`5`cix`3`ime`5`dmc`0`t`735`dn`1325`fn`892`msz`16`23`0`co`0`pt`5`sp`s_10_2_15_`dm`7`w`100`n`1328`pw`0`ph`0`ju`6`sq`997`pan`5`ibp`1`crf`1877`sdy`0`h`0`iec`1`dft`5`cix`4`ime`5`dmc`0`t`1367`dn`1328`fn`1328`msz`25`24`0`co`0`pt`5`sp`s_10_2_18_`dm`7`w`1`csq`1`n`1326`pw`0`ph`0`ju`6`sq`997`pan`5`ibp`1`crf`8`sdy`0`h`0`iec`1`dft`5`cix`5`ime`5`dmc`0`t`1367`dn`1463`fn`1326`msz`255`24`0`co`0`pt`5`sp`s_10_2_19_`dm`7`w`200`csq`1`n`1506`pw`0`ph`0`ju`6`sq`997`pan`5`ibp`1`crf`8`sdy`0`h`0`iec`1`dft`5`cix`6`ime`5`dmc`0`t`1367`dn`1327`fn`1327`msz`255`0`3`pcl`0`2`0`pc`0`allowPC`false`AppletTitle``2`0`pco`0`allowPC`false`ThumbnImageFileName`11*&lt;DIV&gt;&lt;/DIV&gt;11*&lt;DIV&gt;&lt;/DIV&gt;11*&lt;DIV&gt;&lt;/DIV&gt;`2`0`pco`0`allowPC`false`Pricing`0*0*0*`3`0`vanc`0`vsid`s_vctrl_div`vsos`3*124`vstp`vuc`1`0`aa`0`n`COM ActiveX Placeholder Applet - Sales Order`0`6`nci`0`1`0`SI`0`SX`7`0`46`PI`0`1`0`II`0`CP` All Orders`1`0`II`0`CP` All Orders this Week`1`0`II`0`CP`*Pending Manager Approval`1`0`II`0`CP`1MB - Cancelled Orders`1`0`II`0`CP`1MB - Completed Orders`1`0`II`0`CP`1MB - Failed Submission Orders`1`0`II`0`CP`1MB - Orders Since Yesterday`1`0`II`0`CP`1MB - Pending Orders`1`0`II`0`CP`1MB - Pending Orders Since Yesterday`1`0`II`0`CP`All  Sales Orders`1`0`II`0`CP`All Orders Today`1`0`II`0`CP`My Team&apos;s Quote&apos;s`1`0`II`0`CP`Number of Open Orders`1`0`II`0`CP`OPEN MANUAL SUBMISSION`1`0`II`0`CP`Open Sales Orders`1`0`II`0`CP`Open and Billing Setup Completed for &gt; 5Hrs`1`0`II`0`CP`Open and Billing Setup Completed for more than 5Hrs`1`0`II`0`CP`Open and Customer Setup Completed for &gt;5Hrs`1`0`II`0`CP`Open and Customer Setup Completed for more than 5Hrs`1`0`II`0`CP`Open and Submitted to OFS for &gt; 5Hrs`1`0`II`0`CP`Open and Submitted to OFS for more than 5Hrs`1`0`II`0`CP`Open_ActivationSubmitted&gt;5hours`1`0`II`0`CP`Open_ActivationonNetwork&gt;30min`1`0`II`0`CP`Open_AssetsetuponBilling&gt;30min`1`0`II`0`CP`Open_BillingSetupComplete&gt;30min`1`0`II`0`CP`Open_CustomerSetupComplete&gt;30min`1`0`II`0`CP`Open_SubmittedDispatchers&gt;3days at weekend`1`0`II`0`CP`Open_SubmittedtoProtect&gt;3days at weekend`1`0`II`0`CP`Orders with Credit Assignment Crediting Errors`1`0`II`0`CP`Orders with Credit Assignment System Errors`1`0`II`0`CP`PENDING AWAIT CUST OVER 30 DAYS`1`0`II`0`CP`PENDING AWAITING CUSTOMER`1`0`II`0`CP`PENDING CREDIT REFERRAL`1`0`II`0`CP`PENDING CREDIT REFERRAL TEMP`1`0`II`0`CP`PENDING CREDIT REFERRAL WEB`1`0`II`0`CP`PENDING_AWAITING_CUSTOMER`1`0`II`0`CP`PENDING_AWAITING_CUSTOMER_&gt;30DAY`1`0`II`0`CP`PENDING_CREDIT_REFERRAL`1`0`II`0`CP`Pending_Fulfillmentorder_14 Days`1`0`II`0`CP`Pending_Fulfillmentorders_21days`1`0`II`0`CP`Pending_Fulfillmentorders_7days`1`0`II`0`CP`Pending_Validated_&gt;1 hour`1`0`II`0`CP`REFERRAL DECISION MADE`1`0`II`0`CP`REFERRAL DECISION MADE TEMP`1`0`II`0`CP`REFERRAL_DECISION_MADE`1`0`II`0`CP`SWLS`0`2`VI`0`2`0`II`0`CP`1576`VN`1575`2`0`II`0`CP`1578`VN`1577`1`1`AI`0`SX`0`2`0`II`0`CP`105`VN`1575`1`17`DI`0`SX`0`2`0`II`0`CP`1580`VN`1579`2`0`II`0`CP`639`VN`1581`2`0`II`0`CP`1583`VN`1582`2`0`II`0`CP`1585`VN`1584`2`0`II`0`CP`1064`VN`1586`2`0`II`0`CP`1588`VN`1587`2`0`II`0`CP`1590`VN`1589`2`0`II`0`CP`1592`VN`1591`2`0`II`0`CP`1594`VN`1593`2`0`II`0`CP`1596`VN`1595`2`0`II`0`CP`1598`VN`1597`2`0`II`0`CP`1600`VN`1599`2`0`II`0`CP`1602`VN`1601`2`0`II`0`CP`1604`VN`1603`2`0`II`0`CP`1606`VN`1605`2`0`II`0`CP`1608`VN`1607`2`0`II`0`CP`1610`VN`1609`1`3`SDI`0`SX`0`2`0`II`0`CP`1611`VN`1579`2`0`II`0`CP`228`VN`1612`2`0`II`0`CP`1565`VN`1613`1`15`il`0`n`Promotions Visual Indicators`2`0`i`0`n`Coupons`ici`&lt;img src=&quot;http://localhost:8080/ecommunications_enu_nsm_aps05524a027/images/Bundle_Promotion.jpg&quot; alt=&quot;&quot; title=&quot;&quot; border=&quot;0&quot; space=&quot;0&quot; hspace=&quot;0&quot;&gt;`2`0`i`0`n`Reward`ici`&lt;img src=&quot;http://localhost:8080/ecommunications_enu_nsm_aps05524a027/images/PG_Reward.JPG&quot; alt=&quot;&quot; title=&quot;&quot; border=&quot;0&quot; space=&quot;0&quot; hspace=&quot;0&quot;&gt;`2`0`i`0`n`Promotion Group Rewards`ici`&lt;img src=&quot;http://localhost:8080/ecommunications_enu_nsm_aps05524a027/images/PG_Reward.JPG&quot; alt=&quot;&quot; title=&quot;&quot; border=&quot;0&quot; space=&quot;0&quot; hspace=&quot;0&quot;&gt;`2`0`i`0`n`Promotion Group Reward`ici`&lt;img src=&quot;http://localhost:8080/ecommunications_enu_nsm_aps05524a027/images/PG_Reward.JPG&quot; alt=&quot;&quot; title=&quot;&quot; border=&quot;0&quot; space=&quot;0&quot; hspace=&quot;0&quot;&gt;`2`0`i`0`n`Promotion Group Memberships`ici`&lt;img src=&quot;http://localhost:8080/ecommunications_enu_nsm_aps05524a027/images/PG_Membership.JPG&quot; alt=&quot;&quot; title=&quot;&quot; border=&quot;0&quot; space=&quot;0&quot; hspace=&quot;0&quot;&gt;`2`0`i`0`n`Promotion Group Members`ici`&lt;img src=&quot;http://localhost:8080/ecommunications_enu_nsm_aps05524a027/images/PG_Member.JPG&quot; alt=&quot;&quot; title=&quot;&quot; border=&quot;0&quot; space=&quot;0&quot; hspace=&quot;0&quot;&gt;`2`0`i`0`n`Promotion Group Member`ici`&lt;img src=&quot;http://localhost:8080/ecommunications_enu_nsm_aps05524a027/images/PG_Member.JPG&quot; alt=&quot;&quot; title=&quot;&quot; border=&quot;0&quot; space=&quot;0&quot; hspace=&quot;0&quot;&gt;`2`0`i`0`n`Promotion Group`ici`&lt;img src=&quot;http://localhost:8080/ecommunications_enu_nsm_aps05524a027/images/Promotion_Group.JPG&quot; alt=&quot;&quot; title=&quot;&quot; border=&quot;0&quot; space=&quot;0&quot; hspace=&quot;0&quot;&gt;`2`0`i`0`n`Promotion Component`ici`&lt;img src=&quot;http://localhost:8080/ecommunications_enu_nsm_aps05524a027/images/Promotion.JPG&quot; alt=&quot;&quot; title=&quot;&quot; border=&quot;0&quot; space=&quot;0&quot; hspace=&quot;0&quot;&gt;`2`0`i`0`n`Promotion`ici`&lt;img src=&quot;http://localhost:8080/ecommunications_enu_nsm_aps05524a027/images/Bundle_Promotion.jpg&quot; alt=&quot;&quot; title=&quot;&quot; border=&quot;0&quot; space=&quot;0&quot; hspace=&quot;0&quot;&gt;`2`0`i`0`n`PG Rewards`ici`&lt;img src=&quot;http://localhost:8080/ecommunications_enu_nsm_aps05524a027/images/PG_Reward.JPG&quot; alt=&quot;&quot; title=&quot;&quot; border=&quot;0&quot; space=&quot;0&quot; hspace=&quot;0&quot;&gt;`2`0`i`0`n`PG Memberships`ici`&lt;img src=&quot;http://localhost:8080/ecommunications_enu_nsm_aps05524a027/images/PG_Membership.JPG&quot; alt=&quot;&quot; title=&quot;&quot; border=&quot;0&quot; space=&quot;0&quot; hspace=&quot;0&quot;&gt;`2`0`i`0`n`PG Member`ici`&lt;img src=&quot;http://localhost:8080/ecommunications_enu_nsm_aps05524a027/images/PG_Member.JPG&quot; alt=&quot;&quot; title=&quot;&quot; border=&quot;0&quot; space=&quot;0&quot; hspace=&quot;0&quot;&gt;`2`0`i`0`n`BP_PG_Member`ici`&lt;img src=&quot;http://localhost:8080/ecommunications_enu_nsm_aps05524a027/images/BP_PG_Member.JPG&quot; alt=&quot;&quot; title=&quot;&quot; border=&quot;0&quot; space=&quot;0&quot; hspace=&quot;0&quot;&gt;`2`0`i`0`n`Bundled Promotions`ici`&lt;img src=&quot;http://localhost:8080/ecommunications_enu_nsm_aps05524a027/images/Bundle_Promotion.jpg&quot; alt=&quot;&quot; title=&quot;&quot; border=&quot;0&quot; space=&quot;0&quot; hspace=&quot;0&quot;&gt;`2`0`hui`0`n`Catalog`hnact`top._swe._sweapp.S_App.GotoView(&amp;quot;Sales Order-Browse Catalog View&amp;quot;, &amp;quot;&amp;quot;, &amp;quot;/ecommunications_enu_nsm_aps05524a027/start.swe?SWENeedContext=false&amp;amp;SWECmd=GotoBookmarkView&amp;amp;SWEBMC=48&amp;amp;SWEC=48&amp;amp;SRN=xK7T2pIB2ZOV15hwlQxQF5reKcoUB8VpMTZr7we8uAEb&amp;quot;, top._sweclient._swecontent._sweview)`1`7`Command Manager`0`RefreshToolbar`true`7`0`StateToolBar`0`#35`true`#36`true`#17`true`#34`true`#8`false`#37`true`#38`true`0`1`StateExToolBar`0`1`0`#35`0`Checked`false`0`3`FlagsToolBar`0`3`0`#8`0`SWESP`true`SWEH`0`SWEW`0`3`0`#34`0`SWESP`true`SWEH`600`SWEW`800`3`0`#36`0`SWESP`true`SWEH`20`SWEW`380`3`0`State`0`#27`false`#26`false`#28`false`0`3`StateEx`0`0`0`#26`0`0`0`#27`0`1`0`#28`0`Checked`false`0`0`Flags`0`0`10`Accelerators`0`0`2`Quote Catalog Category List Applet`0`2`0``0`Command``class`#FL`2`0``0`Command``class`#F`0`1`Quote Catalog List Applet OUI Dropdown`0`2`0``0`Command``class`#F`0`2`Order Entry - Line Item List Applet (Sales) - Short OUI`0`2`0``0`Command``class`#FL`2`0``0`Command``class`#F`0`6`BT Order Entry - Order Form Applet Dashboard (Sales)`0`2`0``0`key`01078`Command`*Browser Applet* *NewRecord*BT Order Entry - Order Form Applet Dashboard (Sales)* `2`0``0`key`01178`Command`*Browser Applet* *NewRecord*BT Order Entry - Order Form Applet Dashboard (Sales)* `2`0``0`key`01166`Command`*Browser Applet* *GotoApplet*BT Order Entry - Order Form Applet Dashboard (Sales)*Spell Checker Popup Applet*560*350*true`2`0``0`key`01068`Command`*Browser Applet* *DeleteRecord*BT Order Entry - Order Form Applet Dashboard (Sales)* `2`0``0`key`01168`Command`*Browser Applet* *DeleteRecord*BT Order Entry - Order Form Applet Dashboard (Sales)* `2`0``0`Command``class`#F`0`2`UMF Message List Applet - OUI Tile`0`2`0``0`Command``class`#FL`2`0``0`Command``class`#F`0`2`Sales Order Catalog List Applet`0`2`0``0`Command``class`#FL`2`0``0`Command``class`#F`0`2`Sales Order Catalog Tree Applet`0`2`0``0`Command``class`#FT`2`0``0`Command``class`#F`0`2`Sales Order Catalog RootSubCategory List Applet`0`2`0``0`Command``class`#FL`2`0``0`Command``class`#F`0`1`COM ActiveX Placeholder Applet - Sales Order`0`2`0``0`Command``class`#F`0`2`Sales Order Catalog Product List Applet - Add to Cart Tree`0`2`0``0`Command``class`#FL`2`0``0`Command``class`#F`</responseData>
  <responseFile class="java.lang.String"></responseFile>
  <cookies class="java.lang.String">_sn=GXmoeGkdwh1O45lrH7mMIZnLMWvqHkVWiQKqDOICOq1fi95anXYMaCRAX879ujDRD9kS4J75N4kGDX576Q2AKmwZPUBih-4NS80Pc1189OxasEbdAsHiEtIhcnCzZ0zWb5V6QpVraL0TTGU4ktkGZq374g8C0pUBRhKVASKeW21TgUW5eIkswq97I-.qG-kr; _srn=_srn; SWEUAID=SWEUAID</cookies>
  <method class="java.lang.String">POST</method>
  <queryString class="java.lang.String">SWEC=47&amp;SWEScrollTop=3*124&amp;SWERPC=1&amp;SWENeedContext=false&amp;SWEActiveApplet=Quote+Catalog+Template+List+Applet&amp;SWEView=Sales+Order-Browse+Catalog+View&amp;SWECmd=GotoView&amp;SRN=xK7T2pIB2ZOV15hwlQxQF5reKcoUB8VpMTZr7we8uAEb&amp;SWEScrollId=s_vctrl_div&amp;SWEKeepContext=1&amp;SWEActiveView=Sales+Order-Favorites+Catalog+View</queryString>
  <java.net.URL>http://localhost:8080/ecommunications_enu_nsm_aps05524a027/start.swe</java.net.URL>
</httpSample>
<httpSample t="{{\d+}}" it="0" lt="{{\d+}}" ct="{{\d+}}" ts="{{\d+}}" s="true" lb="{{\d+}} /ecommunications_enu_nsm_aps05524a027/start.swe" rc="200" rm="OK" tn="Thread Group 1-1" dt="text" de="utf-8" by="4477" sby="1177" sc="1" ec="0" ng="1" na="1" hn="{{.*?}}">
  <responseHeader class="java.lang.String">HTTP/1.1 200 OK
Connection: close
Server: Oracle-iPlanet-Web-Server/7.0
Date: Tue, 23 Jun 2020 13:03:22 GMT
Content-Language: en
Cache-Control: no-cache
Content-Type: text/html;charset=utf-8
Matched-Stub-Id: {{\w+-\w+-\w+-\w+-\w+}}
Vary: Accept-Encoding, User-Agent
Content-Encoding: gzip
</responseHeader>
  <requestHeader class="java.lang.String">Connection: close
Referer: http://localhost:8080/ecommunications_enu_nsm_aps05524a027/start.swe?SWENeedContext=false&amp;SWECmd=GetCachedFrame&amp;SWEACn=23534&amp;SWEC=3&amp;SWEFrame=top._sweclient._swecontent._sweview&amp;SWEBID=-1&amp;SRN=xK7T2pIB2ZOV15hwlQxQF5reKcoUB8VpMTZr7we8uAEb&amp;SWETS=
Accept-Language: en-GB
DNT: 1
Accept-Encoding: gzip, deflate
Accept: image/jpeg, application/x-ms-application, image/gif, application/xaml+xml, image/pjpeg, application/x-ms-xbap, */*
User-Agent: Mozilla/4.0 (compatible; MSIE 7.0; Windows NT 6.3; WOW64; Trident/7.0; .NET4.0E; .NET4.0C; .NET CLR 3.5.30729; .NET CLR 2.0.50727; .NET CLR 3.0.30729)
Host: localhost:8080
</requestHeader>
  <responseData class="java.lang.String">&lt;HTML &gt;&lt;head&gt;&lt;meta HTTP-EQUIV=&quot;Pragma&quot; CONTENT=&quot;no-cache&quot;&gt;
&lt;title&gt;Catalog&lt;/title&gt;&lt;link href=&quot;files/main.css&quot; rel=&quot;stylesheet&quot;/&gt;
&lt;script language=&quot;javascript&quot; src=&quot;23048/scripts/swecommon.js&quot;&gt;&lt;/script&gt; 
&lt;script language=&quot;javascript&quot; src=&quot;23048/scripts/swecmn_hi.js&quot;&gt;&lt;/script&gt; 
&lt;/head&gt;&lt;body leftmargin=&quot;8&quot; topmargin=&quot;2&quot; marginwidth=&quot;20&quot; marginheight=&quot;2&quot; class=&quot;ScreenBack&quot;&gt;&lt;script&gt;
if(typeof(top._swescript)!=&apos;undefined&apos;&amp;&amp;top._swescript!=null) top._swescript.InitFrame(this);&lt;/script&gt;
&lt;table datatable=&quot;0&quot; summary=&quot;&quot; border=&quot;0&quot; cellspacing=&quot;0&quot; cellpadding=&quot;1&quot; width=&quot;100%&quot;&gt;&lt;tr&gt;&lt;/tr&gt;&lt;/table&gt;&lt;a name=&quot;SWEApplet3&quot; id=&quot;SWEApplet3&quot; href=&quot;#SWEApplet3&quot; title=&quot;Sales Order&quot;&gt;&lt;/a&gt;
&lt;div id=&apos;s_S_A3_div&apos;oncontextmenu=&apos;HandleContextMenu(&quot;BT Order Entry - Order Form Applet Dashboard (Sales\)&quot;)&apos; onclick=&apos;HandleAppletClick(&quot;BT Order Entry - Order Form Applet Dashboard (Sales\)&quot;)&apos;&gt;
&lt;a id=&quot;SWETopHidden3&quot; href=&quot;javascript:void(0);&quot; tabindex=&quot;1000&quot;&gt;&lt;/a&gt;&lt;table datatable=&quot;0&quot; summary=&quot;&quot; cellpadding=&quot;0&quot; cellspacing=&quot;0&quot; border=&quot;0&quot;&gt;&lt;tr&gt;&lt;td&gt;&lt;img src=&quot;images/spacer.gif&quot; width=&quot;1&quot; height=&quot;3&quot; alt=&quot;&quot;&gt;&lt;/td&gt;&lt;/tr&gt;&lt;/table&gt;&lt;form name=&quot;SWEForm3_0&quot; method=&quot;post&quot; action=&quot;/ecommunications_enu_nsm_aps05524a027/start.swe&quot; onSubmit=&quot;return false;&quot; &gt;
&lt;div class=&quot;NotSelected&quot; id=&quot;a_3&quot;&gt;&lt;table datatable=&quot;0&quot; summary=&quot;&quot; width=&quot;100%&quot; cellpadding=&quot;0&quot; cellspacing=&quot;0&quot; border=&quot;0&quot; align=&quot;center&quot; class=&quot;AppletBack&quot;&gt;&lt;tr&gt;&lt;td class=&quot;AppletHIFormBorder&quot;&gt;&lt;span class=&quot;AppletStyleParent77&quot;&gt;&lt;table datatable=&quot;0&quot; summary=&quot;&quot; width=&quot;100%&quot; cellspacing=&quot;0&quot; cellpadding=&quot;2&quot; border=&quot;0&quot; align=&quot;center&quot;&gt;&lt;tr class=&quot;AppletButtons&quot;&gt;&lt;td nowrap width=&quot;100%&quot; class=&quot;AppletTitle&quot;&gt;&amp;nbsp;Sales Order&lt;/td&gt;&lt;td nowrap valign=&quot;absmiddle&quot; class=&quot;legend&quot;&gt;&lt;/td&gt;&lt;td width=&quot;100%&quot;&gt;&amp;nbsp;&lt;img src=&quot;images/btn_div_gray.gif&quot; height=&quot;13&quot; align=&quot;middle&quot; alt=&quot;&quot;&gt;&amp;nbsp;&lt;/td&gt;&lt;td valign=&quot;middle&quot; nowrap&gt;&lt;span id=&apos;SWEApplet3_ctrlmsg&apos;&gt;&lt;/span&gt;&lt;/td&gt;&lt;td class=&quot;AppletTitle&quot; valign=&quot;middle&quot; nowrap&gt;&lt;span id=s_3_1_177_0&gt;&amp;nbsp;&lt;/span&gt;&lt;/td&gt;&lt;td class=&quot;AppletTitle&quot; valign=&quot;middle&quot; nowrap&gt;&amp;nbsp;&lt;span id=s_3_rc&gt;&lt;/span&gt;&amp;nbsp;&lt;/td&gt;&lt;td class=&quot;AppletTitle&quot; valign=&quot;middle&quot; nowrap&gt;&lt;span id=s_3_1_175_0&gt;&amp;nbsp;&lt;/span&gt;&lt;/td&gt;&lt;td valign=&quot;middle&quot; nowrap&gt;&lt;span id=s_3_1_196_0&gt;&amp;nbsp;&lt;/span&gt;&lt;/td&gt;&lt;td valign=&quot;middle&quot; nowrap&gt;&lt;span id=s_3_1_129_0&gt;&amp;nbsp;&lt;/span&gt;&lt;/td&gt;&lt;td valign=&quot;top&quot; align=&quot;right&quot;&gt;&lt;/td&gt;&lt;/tr&gt;&lt;/table&gt;&lt;table datatable=&quot;0&quot; summary=&quot;&quot; class=&quot;AppletBackTable&quot; width=&quot;100%&quot; cellspacing=&quot;0&quot; cellpadding=&quot;2&quot; align=&quot;center&quot;&gt;&lt;tr class=&quot;AppletBack&quot; align=&quot;left&quot;&gt;&lt;td nowrap class=&quot;AppletMenu&quot;&gt;&lt;span class=&quot;miniBtnUICTop&quot;&gt;&lt;span class=&quot;miniBtnUIC&quot;&gt;&lt;a id=&apos;s_at_m_3&apos; href=&quot;javascript:void(0)&quot; onclick=&quot;window.event.cancelBubble=true; _JMenu_Initialize(this, &apos;BT Order Entry - Order Form Applet Dashboard (Sales\)&apos;, &apos;Applet&apos;, s_at_m_3Ax, 0, false); return false;&quot; onmouseover=&quot;MinibtnHover(this.parentNode)&quot; onmouseout=&quot;MinibtnOut(this.parentNode)&quot; onmousedown=&quot;MinibtnDown(this.parentNode)&quot; onmouseup=&quot;MinibtnUp(this.parentNode)&quot; &gt;Menu&amp;nbsp;&lt;img border=&quot;0&quot; src=&quot;images/img_arrow.gif&quot; align=&quot;center&quot;&gt;&lt;/a&gt;&lt;/span&gt;&lt;/span&gt;&lt;object id= &quot;s_at_m_3Ax&quot; CLASSID=&quot;CLSID:9174862b-ac3b-4f9f-abc9-a0a3c9fd95d4&quot; codebase=&quot;23048/applets/SiebelAx_HI_Client.cab&quot; width=0 height = 0&gt;&lt;/object&gt;&lt;/td&gt;&lt;td&gt;&lt;img height=1 alt=&quot;&quot; src=&quot;images/spacer.gif&quot; width=4&gt;&lt;/td&gt;&lt;td&gt;&lt;img src=&quot;images/btn_div_gray.gif&quot; height=&quot;13&quot; align=&quot;middle&quot; alt=&quot;&quot;&gt;&lt;/td&gt;&lt;td&gt;&lt;img src=&quot;images/spacer.gif&quot; width=&quot;4&quot; height=&quot;1&quot; alt=&quot;&quot;&gt;&lt;/td&gt;&lt;td nowrap&gt;&lt;span id=s_3_1_178_0&gt;&amp;nbsp;&lt;/span&gt;&lt;/td&gt;&lt;td nowrap&gt;&lt;span id=s_3_1_101_0&gt;&amp;nbsp;&lt;/span&gt;&lt;/td&gt;&lt;td nowrap&gt;&lt;span id=s_3_1_94_0&gt;&amp;nbsp;&lt;/span&gt;&lt;/td&gt;&lt;td nowrap&gt;&lt;span id=s_3_1_120_0&gt;&amp;nbsp;&lt;/span&gt;&lt;/td&gt;&lt;td nowrap&gt;&lt;span id=s_3_1_173_0&gt;&amp;nbsp;&lt;/span&gt;&lt;/td&gt;&lt;td nowrap&gt;&lt;span id=s_3_1_11_0&gt;&amp;nbsp;&lt;/span&gt;&lt;/td&gt;&lt;td nowrap&gt;&lt;span id=s_3_1_66_0&gt;&amp;nbsp;&lt;/span&gt;&lt;/td&gt;&lt;td nowrap&gt;&lt;span id=s_3_1_15_0&gt;&amp;nbsp;&lt;/span&gt;&lt;/td&gt;&lt;td nowrap&gt;&lt;span id=s_3_1_43_0&gt;&amp;nbsp;&lt;/span&gt;&lt;/td&gt;&lt;td nowrap&gt;&lt;span id=s_3_1_198_0&gt;&amp;nbsp;&lt;/span&gt;&lt;/td&gt;&lt;td nowrap&gt;&lt;span id=s_3_1_0_0&gt;&amp;nbsp;&lt;/span&gt;&lt;/td&gt;&lt;td nowrap&gt;&lt;span id=s_3_1_165_0&gt;&amp;nbsp;&lt;/span&gt;&lt;/td&gt;&lt;td nowrap&gt;&lt;span id=s_3_1_4_0&gt;&amp;nbsp;&lt;/span&gt;&lt;/td&gt;&lt;td nowrap&gt;&lt;span id=s_3_1_47_0&gt;&amp;nbsp;&lt;/span&gt;&lt;/td&gt;&lt;td nowrap&gt;&lt;span id=s_3_1_38_0&gt;&amp;nbsp;&lt;/span&gt;&lt;/td&gt;&lt;td nowrap&gt;&lt;span id=s_3_1_62_0&gt;&amp;nbsp;&lt;/span&gt;&lt;/td&gt;&lt;td nowrap&gt;&lt;span id=s_3_1_91_0&gt;&amp;nbsp;&lt;/span&gt;&lt;/td&gt;&lt;td nowrap&gt;&lt;span id=s_3_1_61_0&gt;&amp;nbsp;&lt;/span&gt;&lt;/td&gt;&lt;td nowrap&gt;&lt;span id=s_3_1_199_0&gt;&amp;nbsp;&lt;/span&gt;&lt;/td&gt;&lt;td valign=&quot;middle&quot;&gt;&lt;img src=&quot;images/btn_div_gray.gif&quot; height=&quot;13&quot; align=&quot;middle&quot; alt=&quot;&quot;&gt;&lt;/td&gt;&lt;td valign=&quot;middle&quot; nowrap&gt;&lt;span id=s_3_1_3_0&gt;&amp;nbsp;&lt;/span&gt;&lt;/td&gt;&lt;td&gt;&amp;nbsp;&lt;/td&gt;&lt;td&gt;&lt;table datatable=&quot;0&quot; summary=&quot;&quot; width=&quot;100%&quot; valign=&quot;top&quot; align=&quot;center&quot; cellpadding=&apos;0&apos; cellspacing=&apos;0&apos; border=&apos;0&apos;&gt;&lt;/table&gt;&lt;/td&gt;&lt;td class=&quot;mceGridLabel&quot; align=&quot;left&quot; width=&quot;100%&quot; nowrap&gt;&amp;nbsp;&lt;b&gt;&lt;span id=3_msg&gt;&lt;/span&gt;&lt;/b&gt;&lt;/td&gt;&lt;/tr&gt;&lt;/table&gt;&lt;table datatable=&quot;0&quot; summary=&quot;&quot; class=&quot;AppletBackTable&quot; width=&quot;100%&quot; cellspacing=&quot;0&quot; cellpadding=&quot;0&quot; align=&quot;center&quot;&gt;&lt;tr class=&quot;AppletBack&quot;&gt;&lt;td class=&quot;AppletBack&quot;&gt;&lt;img src=&quot;images/spacer.gif&quot; height=&quot;1&quot; width=&quot;1&quot; alt=&quot;&quot;&gt;&lt;/td&gt;&lt;td class=&quot;AppletBlank&quot; width=&quot;100%&quot;&gt;&lt;img src=&quot;images/spacer.gif&quot; height=&quot;1&quot; width=&quot;1&quot; alt=&quot;&quot;&gt;&lt;/td&gt;&lt;/tr&gt;&lt;/table&gt;&lt;span id=3_c_err style=&quot;display: none;&quot;&gt;&lt;table datatable=&quot;0&quot; summary=&quot;&quot; class=&quot;AppletBack&quot; width=&quot;100%&quot; cellpadding=&quot;0&quot; cellspacing=&quot;5&quot; border=&quot;0&quot;&gt;&lt;tr&gt;&lt;td class=&quot;error&quot;&gt;&lt;/td&gt;&lt;/tr&gt;&lt;/table&gt;&lt;/span&gt;&lt;div class=&quot;NotSelected&quot; id=&quot;a_3&quot;&gt;&lt;div align=left style=&quot;width:100%;&quot; class=&quot;GridBorder&quot;&gt;&lt;table class=&quot;GridBack&quot; border=0 cellspacing=0 cellpadding=0&gt;&lt;tr&gt;&lt;td&gt;&lt;/td&gt;&lt;td style=&quot;width:8px;&quot;&gt;&lt;/td&gt;&lt;td style=&quot;width:88px;&quot;&gt;&lt;/td&gt;&lt;td style=&quot;width:24px;&quot;&gt;&lt;/td&gt;&lt;td style=&quot;width:8px;&quot;&gt;&lt;/td&gt;&lt;td style=&quot;width:8px;&quot;&gt;&lt;/td&gt;&lt;td style=&quot;width:128px;&quot;&gt;&lt;/td&gt;&lt;td style=&quot;width:8px;&quot;&gt;&lt;/td&gt;&lt;td style=&quot;width:8px;&quot;&gt;&lt;/td&gt;&lt;td style=&quot;width:64px;&quot;&gt;&lt;/td&gt;&lt;td style=&quot;width:32px;&quot;&gt;&lt;/td&gt;&lt;td style=&quot;width:40px;&quot;&gt;&lt;/td&gt;&lt;td style=&quot;width:8px;&quot;&gt;&lt;/td&gt;&lt;td style=&quot;width:64px;&quot;&gt;&lt;/td&gt;&lt;td style=&quot;width:8px;&quot;&gt;&lt;/td&gt;&lt;td style=&quot;width:24px;&quot;&gt;&lt;/td&gt;&lt;td style=&quot;width:96px;&quot;&gt;&lt;/td&gt;&lt;td style=&quot;width:32px;&quot;&gt;&lt;/td&gt;&lt;td style=&quot;width:8px;&quot;&gt;&lt;/td&gt;&lt;td style=&quot;width:72px;&quot;&gt;&lt;/td&gt;&lt;td style=&quot;width:8px;&quot;&gt;&lt;/td&gt;&lt;td style=&quot;width:8px;&quot;&gt;&lt;/td&gt;&lt;td style=&quot;width:8px;&quot;&gt;&lt;/td&gt;&lt;td style=&quot;width:16px;&quot;&gt;&lt;/td&gt;&lt;td style=&quot;width:8px;&quot;&gt;&lt;/td&gt;&lt;td style=&quot;width:80px;&quot;&gt;&lt;/td&gt;&lt;td style=&quot;width:40px;&quot;&gt;&lt;/td&gt;&lt;td style=&quot;width:8px;&quot;&gt;&lt;/td&gt;&lt;td style=&quot;width:32px;&quot;&gt;&lt;/td&gt;&lt;td style=&quot;width:8px;&quot;&gt;&lt;/td&gt;&lt;td style=&quot;width:24px;&quot;&gt;&lt;/td&gt;&lt;td style=&quot;width:8px;&quot;&gt;&lt;/td&gt;&lt;td style=&quot;width:40px;&quot;&gt;&lt;/td&gt;&lt;td style=&quot;width:72px;&quot;&gt;&lt;/td&gt;&lt;td style=&quot;width:8px;&quot;&gt;&lt;/td&gt;&lt;/tr&gt;&lt;tr&gt;&lt;td style=&quot;height:24;&quot;&gt;&lt;/td&gt;&lt;td nowrap valign=middle colSpan=2 rowSpan=1&gt;&lt;div class=&quot;mceGridLabel&quot; align=&quot;Right&quot;&gt;&amp;nbsp;Order #:&lt;img src=&quot;images/icon_req.gif&quot; border=&quot;0&quot; space=&quot;0&quot; hspace=&quot;0&quot; alt=&quot;Required&quot;  title=&quot;Required&quot; &gt;&lt;/img&gt;&lt;/div&gt;&lt;/td&gt;&lt;td nowrap valign=middle colSpan=4 rowSpan=1&gt;&lt;div class=&quot;mceGridField&quot;&gt;&lt;script&gt;SWEWriteObjectTag(this,&apos;&lt;object id=s_3_1_136_0 CLASSID=&quot;CLSID:1cb4ef94-8549-471a-b73f-54ff5c244212&quot; HEIGHT=24 WIDTH=168&gt;&lt;/object&gt;&apos;);&lt;/script&gt;&lt;/div&gt;&lt;/td&gt;&lt;td rowSpan=12 colSpan=1&gt;&lt;/td&gt;&lt;td nowrap valign=middle colSpan=3 rowSpan=1&gt;&lt;div class=&quot;mceGridLabel&quot; align=&quot;Right&quot;&gt;&amp;nbsp;Customer:&lt;/div&gt;&lt;/td&gt;&lt;td nowrap valign=middle colSpan=3 rowSpan=1&gt;&lt;div class=&quot;mceGridField&quot;&gt;&lt;script&gt;SWEWriteObjectTag(this,&apos;&lt;object id=s_3_1_143_0 CLASSID=&quot;CLSID:1cb4ef94-8549-471a-b73f-54ff5c244212&quot; HEIGHT=24 WIDTH=112&gt;&lt;/object&gt;&apos;);&lt;/script&gt;&lt;/div&gt;&lt;/td&gt;&lt;td rowSpan=1 colSpan=2&gt;&lt;/td&gt;&lt;td nowrap valign=middle colSpan=1 rowSpan=1&gt;&lt;div class=&quot;mceGridField&quot;&gt;&lt;div align=&quot;right&quot;&gt;Billing Account Number:&lt;/div&gt;&lt;/td&gt;&lt;td nowrap valign=middle colSpan=5 rowSpan=1&gt;&lt;div class=&quot;mceGridField&quot;&gt;&lt;script&gt;SWEWriteObjectTag(this,&apos;&lt;object id=s_3_1_97_0 CLASSID=&quot;CLSID:1cb4ef94-8549-471a-b73f-54ff5c244212&quot; HEIGHT=24 WIDTH=128&gt;&lt;/object&gt;&apos;);&lt;/script&gt;&lt;/div&gt;&lt;/td&gt;&lt;td rowSpan=5 colSpan=1&gt;&lt;/td&gt;&lt;td nowrap valign=middle colSpan=3 rowSpan=1&gt;&lt;div class=&quot;mceGridLabel&quot; align=&quot;Right&quot;&gt;&amp;nbsp;Created By:&lt;/div&gt;&lt;/td&gt;&lt;td nowrap valign=middle colSpan=5 rowSpan=1&gt;&lt;div class=&quot;mceGridField&quot;&gt;&lt;script&gt;SWEWriteObjectTag(this,&apos;&lt;object id=s_3_1_162_0 CLASSID=&quot;CLSID:1cb4ef94-8549-471a-b73f-54ff5c244212&quot; HEIGHT=24 WIDTH=112&gt;&lt;/object&gt;&apos;);&lt;/script&gt;&lt;/div&gt;&lt;/td&gt;&lt;td rowSpan=12 colSpan=1&gt;&lt;/td&gt;&lt;td nowrap valign=middle colSpan=3 rowSpan=1&gt;&lt;div class=&quot;mceGridField&quot;&gt;&lt;span style=display:none; id=s_3_1_45_0_s&gt;&amp;nbsp;&lt;/span&gt;&lt;script&gt;SWEWriteObjectTag(this,&apos;&lt;object id=s_3_1_45_0 CLASSID=&quot;CLSID:1cb4ef94-8549-471a-b73f-54ff5c244212&quot; HEIGHT=24 WIDTH=120&gt;&lt;/object&gt;&apos;);&lt;/script&gt;&lt;/div&gt;&lt;/td&gt;&lt;/tr&gt;&lt;tr&gt;&lt;td style=&quot;height:8;&quot;&gt;&lt;/td&gt;&lt;td nowrap valign=middle colSpan=2 rowSpan=2&gt;&lt;div class=&quot;mceGridLabel&quot; align=&quot;Right&quot;&gt;&amp;nbsp;Status:&lt;img src=&quot;images/icon_req.gif&quot; border=&quot;0&quot; space=&quot;0&quot; hspace=&quot;0&quot; alt=&quot;Required&quot;  title=&quot;Required&quot; &gt;&lt;/img&gt;&lt;/div&gt;&lt;/td&gt;&lt;td nowrap valign=middle colSpan=4 rowSpan=2&gt;&lt;div class=&quot;mceGridField&quot;&gt;&lt;script&gt;SWEWriteObjectTag(this,&apos;&lt;object id=s_3_1_140_0 CLASSID=&quot;CLSID:1cb4ef94-8549-471a-b73f-54ff5c244212&quot; HEIGHT=24 WIDTH=168&gt;&lt;/object&gt;&apos;);&lt;/script&gt;&lt;/div&gt;&lt;/td&gt;&lt;td nowrap valign=middle colSpan=3 rowSpan=2&gt;&lt;div class=&quot;mceGridLabel&quot; align=&quot;Right&quot;&gt;&amp;nbsp;Legal Entity:&lt;/div&gt;&lt;/td&gt;&lt;td nowrap valign=middle colSpan=3 rowSpan=2&gt;&lt;div class=&quot;mceGridField&quot;&gt;&lt;script&gt;SWEWriteObjectTag(this,&apos;&lt;object id=s_3_1_73_0 CLASSID=&quot;CLSID:1cb4ef94-8549-471a-b73f-54ff5c244212&quot; HEIGHT=24 WIDTH=112&gt;&lt;/object&gt;&apos;);&lt;/script&gt;&lt;/div&gt;&lt;/td&gt;&lt;td nowrap valign=middle colSpan=3 rowSpan=2&gt;&lt;div class=&quot;mceGridLabel&quot; align=&quot;Right&quot;&gt;&amp;nbsp;Customer Requested Date:&lt;/div&gt;&lt;/td&gt;&lt;td nowrap valign=middle colSpan=5 rowSpan=2&gt;&lt;div class=&quot;mceGridField&quot;&gt;&lt;script&gt;SWEWriteObjectTag(this,&apos;&lt;object id=s_3_1_187_0 CLASSID=&quot;CLSID:1cb4ef94-8549-471a-b73f-54ff5c244212&quot; HEIGHT=24 WIDTH=128&gt;&lt;/object&gt;&apos;);&lt;/script&gt;&lt;/div&gt;&lt;/td&gt;&lt;td nowrap valign=middle colSpan=3 rowSpan=2&gt;&lt;div class=&quot;mceGridLabel&quot; align=&quot;Right&quot;&gt;&amp;nbsp;Dealer Channel:&lt;/div&gt;&lt;/td&gt;&lt;td nowrap valign=middle colSpan=5 rowSpan=2&gt;&lt;div class=&quot;mceGridField&quot;&gt;&lt;script&gt;SWEWriteObjectTag(this,&apos;&lt;object id=s_3_1_58_0 CLASSID=&quot;CLSID:1cb4ef94-8549-471a-b73f-54ff5c244212&quot; HEIGHT=24 WIDTH=112&gt;&lt;/object&gt;&apos;);&lt;/script&gt;&lt;/div&gt;&lt;/td&gt;&lt;td rowSpan=1 colSpan=3&gt;&lt;/td&gt;&lt;/tr&gt;&lt;tr&gt;&lt;td style=&quot;height:16;&quot;&gt;&lt;/td&gt;&lt;td nowrap valign=middle colSpan=3 rowSpan=2&gt;&lt;div class=&quot;mceGridField&quot;&gt;&lt;span id=s_3_1_27_0&gt;&amp;nbsp;&lt;/span&gt;&lt;/div&gt;&lt;/td&gt;&lt;/tr&gt;&lt;tr&gt;&lt;td style=&quot;height:8;&quot;&gt;&lt;/td&gt;&lt;td nowrap valign=middle colSpan=2 rowSpan=2&gt;&lt;div class=&quot;mceGridLabel&quot; align=&quot;Right&quot;&gt;&amp;nbsp;Sub-Status:&lt;/div&gt;&lt;/td&gt;&lt;td nowrap valign=middle colSpan=4 rowSpan=2&gt;&lt;div class=&quot;mceGridField&quot;&gt;&lt;script&gt;SWEWriteObjectTag(this,&apos;&lt;object id=s_3_1_125_0 CLASSID=&quot;CLSID:1cb4ef94-8549-471a-b73f-54ff5c244212&quot; HEIGHT=24 WIDTH=168&gt;&lt;/object&gt;&apos;);&lt;/script&gt;&lt;/div&gt;&lt;/td&gt;&lt;td nowrap valign=middle colSpan=3 rowSpan=2&gt;&lt;div class=&quot;mceGridLabel&quot; align=&quot;Right&quot;&gt;&amp;nbsp;First Name:&lt;/div&gt;&lt;/td&gt;&lt;td nowrap valign=middle colSpan=3 rowSpan=2&gt;&lt;div class=&quot;mceGridField&quot;&gt;&lt;script&gt;SWEWriteObjectTag(this,&apos;&lt;object id=s_3_1_183_0 CLASSID=&quot;CLSID:1cb4ef94-8549-471a-b73f-54ff5c244212&quot; HEIGHT=24 WIDTH=112&gt;&lt;/object&gt;&apos;);&lt;/script&gt;&lt;/div&gt;&lt;/td&gt;&lt;td nowrap valign=middle colSpan=3 rowSpan=2&gt;&lt;div class=&quot;mceGridLabel&quot; align=&quot;Right&quot;&gt;&amp;nbsp;Order Fulfilment Date:&lt;/div&gt;&lt;/td&gt;&lt;td nowrap valign=middle colSpan=5 rowSpan=2&gt;&lt;div class=&quot;mceGridField&quot;&gt;&lt;script&gt;SWEWriteObjectTag(this,&apos;&lt;object id=s_3_1_44_0 CLASSID=&quot;CLSID:1cb4ef94-8549-471a-b73f-54ff5c244212&quot; HEIGHT=24 WIDTH=128&gt;&lt;/object&gt;&apos;);&lt;/script&gt;&lt;/div&gt;&lt;/td&gt;&lt;td nowrap valign=middle colSpan=3 rowSpan=2&gt;&lt;div class=&quot;mceGridLabel&quot; align=&quot;Right&quot;&gt;&amp;nbsp;Team (Queue):&lt;/div&gt;&lt;/td&gt;&lt;td nowrap valign=middle colSpan=5 rowSpan=2&gt;&lt;div class=&quot;mceGridField&quot;&gt;&lt;script&gt;SWEWriteObjectTag(this,&apos;&lt;object id=s_3_1_128_0 CLASSID=&quot;CLSID:1cb4ef94-8549-471a-b73f-54ff5c244212&quot; HEIGHT=24 WIDTH=112&gt;&lt;/object&gt;&apos;);&lt;/script&gt;&lt;/div&gt;&lt;/td&gt;&lt;/tr&gt;&lt;tr&gt;&lt;td style=&quot;height:16;&quot;&gt;&lt;/td&gt;&lt;td nowrap valign=middle colSpan=3 rowSpan=2&gt;&lt;div class=&quot;mceGridField&quot;&gt;&lt;span id=s_3_1_27_0&gt;&amp;nbsp;&lt;/span&gt;&lt;/div&gt;&lt;/td&gt;&lt;/tr&gt;&lt;tr&gt;&lt;td style=&quot;height:8;&quot;&gt;&lt;/td&gt;&lt;td nowrap valign=middle colSpan=2 rowSpan=3&gt;&lt;div class=&quot;mceGridLabel&quot; align=&quot;Right&quot;&gt;&amp;nbsp;Reason Category:&lt;/div&gt;&lt;/td&gt;&lt;td nowrap valign=middle colSpan=4 rowSpan=3&gt;&lt;div class=&quot;mceGridField&quot;&gt;&lt;script&gt;SWEWriteObjectTag(this,&apos;&lt;object id=s_3_1_76_0 CLASSID=&quot;CLSID:1cb4ef94-8549-471a-b73f-54ff5c244212&quot; HEIGHT=24 WIDTH=168&gt;&lt;/object&gt;&apos;);&lt;/script&gt;&lt;/div&gt;&lt;/td&gt;&lt;td nowrap valign=middle colSpan=3 rowSpan=3&gt;&lt;div class=&quot;mceGridLabel&quot; align=&quot;Right&quot;&gt;&amp;nbsp;Last Name:&lt;/div&gt;&lt;/td&gt;&lt;td nowrap valign=middle colSpan=3 rowSpan=3&gt;&lt;div class=&quot;mceGridField&quot;&gt;&lt;script&gt;SWEWriteObjectTag(this,&apos;&lt;object id=s_3_1_185_0 CLASSID=&quot;CLSID:1cb4ef94-8549-471a-b73f-54ff5c244212&quot; HEIGHT=24 WIDTH=112&gt;&lt;/object&gt;&apos;);&lt;/script&gt;&lt;/div&gt;&lt;/td&gt;&lt;td nowrap valign=middle colSpan=3 rowSpan=3&gt;&lt;div class=&quot;mceGridLabel&quot; align=&quot;Right&quot;&gt;&amp;nbsp;External Order Reference:&lt;/div&gt;&lt;/td&gt;&lt;td nowrap valign=middle colSpan=7 rowSpan=3&gt;&lt;div class=&quot;mceGridField&quot;&gt;&lt;script&gt;SWEWriteObjectTag(this,&apos;&lt;object id=s_3_1_71_0 CLASSID=&quot;CLSID:1cb4ef94-8549-471a-b73f-54ff5c244212&quot; HEIGHT=24 WIDTH=128&gt;&lt;/object&gt;&apos;);&lt;/script&gt;&lt;/div&gt;&lt;/td&gt;&lt;td rowSpan=3 colSpan=1&gt;&lt;/td&gt;&lt;td nowrap valign=middle colSpan=1 rowSpan=3&gt;&lt;div class=&quot;mceGridLabel&quot; align=&quot;Right&quot;&gt;&amp;nbsp;Description:&lt;/div&gt;&lt;/td&gt;&lt;td valign=middle colSpan=5 rowSpan=3&gt;&lt;div class=&quot;mceGridField&quot;&gt;&lt;script&gt;SWEWriteObjectTag(this,&apos;&lt;object id=s_3_1_144_0 CLASSID=&quot;CLSID:1cb4ef94-8549-471a-b73f-54ff5c244212&quot; HEIGHT=24 WIDTH=112&gt;&lt;/object&gt;&apos;);&lt;/script&gt;&lt;/div&gt;&lt;/td&gt;&lt;/tr&gt;&lt;tr&gt;&lt;td style=&quot;height:8;&quot;&gt;&lt;/td&gt;&lt;td rowSpan=1 colSpan=3&gt;&lt;/td&gt;&lt;/tr&gt;&lt;tr&gt;&lt;td style=&quot;height:8;&quot;&gt;&lt;/td&gt;&lt;td nowrap valign=middle colSpan=2 rowSpan=2&gt;&lt;div class=&quot;mceGridField&quot;&gt;&lt;span id=s_3_1_39_0&gt;&amp;nbsp;&lt;/span&gt;&lt;/div&gt;&lt;/td&gt;&lt;td rowSpan=2 colSpan=1&gt;&lt;/td&gt;&lt;/tr&gt;&lt;tr&gt;&lt;td style=&quot;height:16;&quot;&gt;&lt;/td&gt;&lt;td nowrap valign=middle colSpan=2 rowSpan=2&gt;&lt;div class=&quot;mceGridLabel&quot; align=&quot;Right&quot;&gt;&amp;nbsp;Return Reason:&lt;/div&gt;&lt;/td&gt;&lt;td nowrap valign=middle colSpan=4 rowSpan=2&gt;&lt;div class=&quot;mceGridField&quot;&gt;&lt;script&gt;SWEWriteObjectTag(this,&apos;&lt;object id=s_3_1_122_0 CLASSID=&quot;CLSID:1cb4ef94-8549-471a-b73f-54ff5c244212&quot; HEIGHT=24 WIDTH=168&gt;&lt;/object&gt;&apos;);&lt;/script&gt;&lt;/div&gt;&lt;/td&gt;&lt;td nowrap valign=middle colSpan=3 rowSpan=2&gt;&lt;div class=&quot;mceGridLabel&quot; align=&quot;Right&quot;&gt;&amp;nbsp;Order Date:&lt;/div&gt;&lt;/td&gt;&lt;td nowrap valign=middle colSpan=3 rowSpan=2&gt;&lt;div class=&quot;mceGridField&quot;&gt;&lt;script&gt;SWEWriteObjectTag(this,&apos;&lt;object id=s_3_1_112_0 CLASSID=&quot;CLSID:1cb4ef94-8549-471a-b73f-54ff5c244212&quot; HEIGHT=24 WIDTH=112&gt;&lt;/object&gt;&apos;);&lt;/script&gt;&lt;/div&gt;&lt;/td&gt;&lt;td nowrap valign=middle colSpan=3 rowSpan=2&gt;&lt;div class=&quot;mceGridLabel&quot; align=&quot;Right&quot;&gt;&amp;nbsp;Submit Date:&lt;/div&gt;&lt;/td&gt;&lt;td nowrap valign=middle colSpan=5 rowSpan=2&gt;&lt;div class=&quot;mceGridField&quot;&gt;&lt;script&gt;SWEWriteObjectTag(this,&apos;&lt;object id=s_3_1_127_0 CLASSID=&quot;CLSID:1cb4ef94-8549-471a-b73f-54ff5c244212&quot; HEIGHT=24 WIDTH=128&gt;&lt;/object&gt;&apos;);&lt;/script&gt;&lt;/div&gt;&lt;/td&gt;&lt;td rowSpan=4 colSpan=1&gt;&lt;/td&gt;&lt;td nowrap valign=middle colSpan=3 rowSpan=2&gt;&lt;div class=&quot;mceGridLabel&quot; align=&quot;Right&quot;&gt;&amp;nbsp;Alternate Telephone:&lt;/div&gt;&lt;/td&gt;&lt;td nowrap valign=middle colSpan=5 rowSpan=2&gt;&lt;div class=&quot;mceGridField&quot;&gt;&lt;script&gt;SWEWriteObjectTag(this,&apos;&lt;object id=s_3_1_14_0 CLASSID=&quot;CLSID:1cb4ef94-8549-471a-b73f-54ff5c244212&quot; HEIGHT=24 WIDTH=112&gt;&lt;/object&gt;&apos;);&lt;/script&gt;&lt;/div&gt;&lt;/td&gt;&lt;/tr&gt;&lt;tr&gt;&lt;td style=&quot;height:8;&quot;&gt;&lt;/td&gt;&lt;td nowrap valign=middle colSpan=3 rowSpan=2&gt;&lt;div class=&quot;mceGridField&quot;&gt;&lt;span id=s_3_1_29_0&gt;&amp;nbsp;&lt;/span&gt;&lt;/div&gt;&lt;/td&gt;&lt;/tr&gt;&lt;tr&gt;&lt;td style=&quot;height:16;&quot;&gt;&lt;/td&gt;&lt;td nowrap valign=middle colSpan=2 rowSpan=2&gt;&lt;div class=&quot;mceGridLabel&quot; align=&quot;Right&quot;&gt;&amp;nbsp;Pref Comm Method:&lt;/div&gt;&lt;/td&gt;&lt;td nowrap valign=middle colSpan=4 rowSpan=2&gt;&lt;div class=&quot;mceGridField&quot;&gt;&lt;script&gt;SWEWriteObjectTag(this,&apos;&lt;object id=s_3_1_32_0 CLASSID=&quot;CLSID:1cb4ef94-8549-471a-b73f-54ff5c244212&quot; HEIGHT=24 WIDTH=168&gt;&lt;/object&gt;&apos;);&lt;/script&gt;&lt;/div&gt;&lt;/td&gt;&lt;td nowrap valign=middle colSpan=3 rowSpan=2&gt;&lt;div class=&quot;mceGridLabel&quot; align=&quot;Right&quot;&gt;&amp;nbsp;Email:&lt;/div&gt;&lt;/td&gt;&lt;td nowrap valign=middle colSpan=3 rowSpan=2&gt;&lt;div class=&quot;mceGridField&quot;&gt;&lt;script&gt;SWEWriteObjectTag(this,&apos;&lt;object id=s_3_1_26_0 CLASSID=&quot;CLSID:1cb4ef94-8549-471a-b73f-54ff5c244212&quot; HEIGHT=24 WIDTH=112&gt;&lt;/object&gt;&apos;);&lt;/script&gt;&lt;/div&gt;&lt;/td&gt;&lt;td nowrap valign=middle colSpan=3 rowSpan=2&gt;&lt;div class=&quot;mceGridLabel&quot; align=&quot;Right&quot;&gt;&amp;nbsp;Telephone:&lt;/div&gt;&lt;/td&gt;&lt;td nowrap valign=middle colSpan=5 rowSpan=2&gt;&lt;div class=&quot;mceGridField&quot;&gt;&lt;script&gt;SWEWriteObjectTag(this,&apos;&lt;object id=s_3_1_35_0 CLASSID=&quot;CLSID:1cb4ef94-8549-471a-b73f-54ff5c244212&quot; HEIGHT=24 WIDTH=128&gt;&lt;/object&gt;&apos;);&lt;/script&gt;&lt;/div&gt;&lt;/td&gt;&lt;td nowrap valign=middle colSpan=3 rowSpan=2&gt;&lt;/td&gt;&lt;td nowrap valign=middle colSpan=5 rowSpan=2&gt;&lt;/td&gt;&lt;/tr&gt;&lt;tr&gt;&lt;td style=&quot;height:8;&quot;&gt;&lt;/td&gt;&lt;td rowSpan=1 colSpan=3&gt;&lt;/td&gt;&lt;/tr&gt;&lt;/table&gt;&lt;/div&gt;&lt;/div&gt;&lt;/span&gt;&lt;/td&gt;&lt;/tr&gt;&lt;/table&gt;&lt;/div&gt;&lt;/form&gt;
&lt;a id=&quot;SWEBottomHidden3&quot; href=&quot;javascript:void(0);&quot; tabindex=&quot;1999&quot; onfocus=&quot;document.getElementById(&apos;SWETopHidden3&apos;).focus();&quot;&gt;&lt;/a&gt;&lt;/div&gt;&lt;table datatable=&quot;0&quot; summary=&quot;&quot; class=&quot;tier3Back&quot; width=&quot;100%&quot; align=&quot;center&quot; cellpadding=&quot;0&quot; cellspacing=&quot;0&quot; border=&quot;0&quot;&gt;&lt;tr valign=&quot;top&quot;&gt;&lt;td&gt;&lt;img src=&quot;images/spacer.gif&quot; width=&quot;1&quot; height=&quot;3&quot; alt=&quot;&quot;&gt;&lt;/td&gt;&lt;/tr&gt;&lt;/table&gt;&lt;div id=s_vctrl_div STYLE=&quot;height:37px&quot;&gt;&lt;div&gt; &lt;/div&gt;&lt;script&gt;SWEWriteObjectTag(this,&apos;&lt;OBJECT ID=&quot;s_vctrl&quot; CLASSID=&quot;clsid:bfb7437b-a5ea-4d13-a552-4150b0fdf838&quot; CODEBASE=&quot;&quot; WIDTH =&quot;100%&quot; HEIGHT =&quot;100%&quot;  tabindex=-1 &gt;&lt;PARAM NAME=&quot;style&quot; VALUE=&quot;Tab&quot;/&gt;&lt;PARAM NAME=&quot;indentWidth&quot; VALUE=&quot;30&quot;/&gt;&lt;PARAM NAME=&quot;anchorTab&quot; VALUE=&quot;true&quot;/&gt;&lt;PARAM NAME=&quot;type&quot; VALUE=&quot;Detail Category With View&quot;/&gt;&lt;/OBJECT&gt;&apos;);&lt;/script&gt;&lt;/div&gt;&lt;div style=&quot;width:100%; border-color:#E0E5F5; border-style: solid; border-width: 0 1 1 1; padding: 0 3 3 3;&quot;&gt;&lt;table datatable=&quot;0&quot; summary=&quot;&quot; width=&quot;100%&quot; border=&quot;0&quot; cellspacing=&quot;0&quot; cellpadding=&quot;3&quot;&gt;&lt;tr valign=&quot;top&quot;&gt;&lt;td width=&quot;80%&quot;&gt;&lt;a name=&quot;SWEApplet9&quot; id=&quot;SWEApplet9&quot; href=&quot;#SWEApplet9&quot; title=&quot;Browse Catalog&quot;&gt;&lt;/a&gt;
&lt;div id=&apos;s_S_A10_div&apos;oncontextmenu=&apos;HandleContextMenu(&quot;COM ActiveX Placeholder Applet - Sales Order&quot;)&apos; onclick=&apos;HandleAppletClick(&quot;COM ActiveX Placeholder Applet - Sales Order&quot;)&apos;&gt;
&lt;a id=&quot;SWETopHidden9&quot; href=&quot;javascript:void(0);&quot; tabindex=&quot;2000&quot;&gt;&lt;/a&gt;&lt;span class=&quot;AppletStyle1&quot;&gt;&lt;form name=&quot;SWEForm9_0&quot; method=&quot;post&quot; action=&quot;/ecommunications_enu_nsm_aps05524a027/start.swe&quot; &gt;
&lt;span id=9_c_err style=&quot;display: none;&quot;&gt;&lt;span id=9_err&gt;&lt;/span&gt;&lt;/span&gt;&lt;table datatable=&quot;0&quot; summary=&quot;&quot; width=&quot;100%&quot; cellpadding=&quot;0&quot; cellspacing=&quot;0&quot; border=&quot;0&quot; align=&quot;center&quot;&gt;&lt;tr&gt;&lt;td&gt;&lt;td nowrap&gt;&lt;script&gt;SWEWriteObjectTag(this,&apos;&lt;OBJECT ID=&quot;s_9_1_15_0&quot; CLASSID=&quot;clsid:b8d978b7-93ac-407c-8de9-e0627ca6b3d6&quot; CODEBASE=&quot;23048/applets/SiebelAx_Catalog_Navigator.cab&quot; WIDTH =&quot;136&quot; HEIGHT =&quot;24&quot; &gt;&lt;PARAM NAME=&quot;Category Drilldown Applet&quot; VALUE=&quot;Sales Order Catalog RootSubCategory List Applet&quot;/&gt;&lt;PARAM NAME=&quot;Category Drilldown View&quot; VALUE=&quot;Sales Order-Browse Catalog View&quot;/&gt;&lt;PARAM NAME=&quot;Product Applet&quot; VALUE=&quot;Quote Catalog Product Form Applet&quot;/&gt;&lt;PARAM NAME=&quot;PDS Data Service&quot; VALUE=&quot;PDS Product Data Service&quot;/&gt;&lt;PARAM NAME=&quot;Catalog View&quot; VALUE=&quot;Sales Order-Catalog Home View&quot;/&gt;&lt;PARAM NAME=&quot;Product View&quot; VALUE=&quot;Sales Order-Browse Catalog Product Details View&quot;/&gt;&lt;PARAM NAME=&quot;EnableCatalogDrillDown&quot; VALUE=&quot;Y&quot;/&gt;&lt;PARAM NAME=&quot;DefaultExpanded&quot; VALUE=&quot;N&quot;/&gt;&lt;PARAM NAME=&quot;UpdateMethods&quot; VALUE=&quot;AddItem&quot;/&gt;&lt;PARAM NAME=&quot;PDS Product Data Service&quot; VALUE=&quot;PDS Product Data Service - Navigator&quot;/&gt;&lt;PARAM NAME=&quot;Catalog Home View&quot; VALUE=&quot;Sales Order-Browse Catalog View&quot;/&gt;&lt;PARAM NAME=&quot;Category Applet&quot; VALUE=&quot;Quote Catalog Product Catalog Category Form Applet&quot;/&gt;&lt;PARAM NAME=&quot;Catalog Applet&quot; VALUE=&quot;Quote Catalog Admin Catalog Detail Applet (ReadOnly)&quot;/&gt;&lt;PARAM NAME=&quot;SetPriceListSearch User Prop BC&quot; VALUE=&quot;Quote Catalog Component Product by Price List Optional&quot;/&gt;&lt;PARAM NAME=&quot;PriceList Id BC&quot; VALUE=&quot;Order Entry - Orders&quot;/&gt;&lt;/OBJECT&gt;&apos;);&lt;/script&gt;&lt;/td&gt;&lt;/td&gt;&lt;/tr&gt;&lt;/table&gt;&lt;/form&gt;
&lt;/span&gt;&lt;a id=&quot;SWEBottomHidden9&quot; href=&quot;javascript:void(0);&quot; tabindex=&quot;2999&quot; onfocus=&quot;document.getElementById(&apos;SWETopHidden9&apos;).focus();&quot;&gt;&lt;/a&gt;&lt;/div&gt;&lt;a name=&quot;SWEApplet5&quot; id=&quot;SWEApplet5&quot; href=&quot;#SWEApplet5&quot; title=&quot;Browse&quot;&gt;&lt;/a&gt;
&lt;div id=&apos;s_S_A5_div&apos;oncontextmenu=&apos;HandleContextMenu(&quot;Sales Order Catalog List Applet&quot;)&apos; onclick=&apos;HandleAppletClick(&quot;Sales Order Catalog List Applet&quot;)&apos;&gt;
&lt;a id=&quot;SWETopHidden5&quot; href=&quot;javascript:void(0);&quot; tabindex=&quot;3000&quot;&gt;&lt;/a&gt;&lt;a id=&quot;SWETopHidden5&quot; href=&quot;javascript:void(0);&quot; tabindex=&quot;3000&quot; title=&quot;Not Used&quot;&gt;&lt;/a&gt;&lt;object id=s_5_1_1_0 CLASSID=&quot;CLSID:35fe318c-5211-435f-904a-e0f214c9b60e&quot; codebase=&quot;23048/applets/SiebelAx_Prodselection.cab&quot;HEIGHT=&quot;0&quot; WIDTH=&quot;0&quot;&gt;&lt;/object&gt;
&lt;span id=&quot;PRODUCT_SELECTION_Sales Order Catalog List Applet&quot;&gt;&lt;/span&gt;&lt;a id=&quot;SWEEndAppletStartAnchor_5&quot; href=&quot;javascript:void(0);&quot; tabindex=&quot;3999&quot;&gt;&lt;/a&gt;&lt;a id=&quot;SWEEndAppletEndAnchor_5&quot; href=&quot;javascript:void(0);&quot; tabindex=&quot;3999&quot; onfocus=&quot;document.getElementById(&apos;SWEEndAppletStartAnchor_5&apos;).focus();&quot;&gt;&lt;/a&gt;&lt;/div&gt;&lt;/td&gt;&lt;td width=&quot;20%&quot;&gt;&lt;a name=&quot;SWEApplet7&quot; id=&quot;SWEApplet7&quot; href=&quot;#SWEApplet7&quot; title=&quot;Line Items&quot;&gt;&lt;/a&gt;
&lt;div id=&apos;s_S_A8_div&apos;oncontextmenu=&apos;HandleContextMenu(&quot;Order Entry - Line Item List Applet (Sales\) - Short&quot;)&apos; onclick=&apos;HandleAppletClick(&quot;Order Entry - Line Item List Applet (Sales\) - Short&quot;)&apos;&gt;
&lt;a id=&quot;SWETopHidden7&quot; href=&quot;javascript:void(0);&quot; tabindex=&quot;4000&quot;&gt;&lt;/a&gt;&lt;table datatable=&quot;0&quot; summary=&quot;&quot;&gt;&lt;tr&gt;&lt;td&gt;&lt;img src=&quot;images/spacer.gif&quot; width=&quot;1&quot; height=&quot;3&quot; alt=&quot;&quot;&gt;&lt;/td&gt;&lt;/tr&gt;&lt;/table&gt;&lt;form name=&quot;SWEForm7_0&quot; method=&quot;post&quot; action=&quot;/ecommunications_enu_nsm_aps05524a027/start.swe&quot; &gt;
&lt;span class=&quot;AppletStyleChild77&quot;&gt;&lt;div class=&quot;NotSelected&quot; id=&quot;a_7&quot;&gt;&lt;table datatable=&quot;0&quot; summary=&quot;&quot; width=&quot;100%&quot; cellspacing=&quot;0&quot; cellpadding=&quot;2&quot; border=&quot;0&quot; align=&quot;center&quot;&gt;&lt;tr class=&quot;AppletButtons&quot; align=&quot;left&quot;&gt;&lt;td class=&quot;AppletTitle&quot; nowrap&gt;&amp;nbsp;Line Items&amp;nbsp;&amp;nbsp;&lt;img src=&quot;images/btn_div_gray.gif&quot; height=&quot;13&quot; align=&quot;middle&quot; alt=&quot;&quot;&gt;&amp;nbsp;&lt;/td&gt;&lt;td nowrap class=&quot;AppletMenu&quot;&gt;&lt;span class=&quot;miniBtnUICTop&quot;&gt;&lt;span class=&quot;miniBtnUIC&quot;&gt;&lt;a id=&apos;s_at_m_7&apos; href=&quot;javascript:void(0)&quot; onclick=&quot;window.event.cancelBubble=true; _JMenu_Initialize(this, &apos;Order Entry - Line Item List Applet (Sales\) - Short&apos;, &apos;Applet&apos;, s_at_m_7Ax, 0, false); return false;&quot; onmouseover=&quot;MinibtnHover(this.parentNode)&quot; onmouseout=&quot;MinibtnOut(this.parentNode)&quot; onmousedown=&quot;MinibtnDown(this.parentNode)&quot; onmouseup=&quot;MinibtnUp(this.parentNode)&quot; &gt;Menu&amp;nbsp;&lt;img border=&quot;0&quot; src=&quot;images/img_arrow.gif&quot; align=&quot;center&quot;&gt;&lt;/a&gt;&lt;/span&gt;&lt;/span&gt;&lt;object id= &quot;s_at_m_7Ax&quot; CLASSID=&quot;CLSID:9174862b-ac3b-4f9f-abc9-a0a3c9fd95d4&quot; codebase=&quot;23048/applets/SiebelAx_HI_Client.cab&quot; width=0 height = 0&gt;&lt;/object&gt;&lt;/td&gt;&lt;td&gt;&lt;img height=1 alt=&quot;&quot; src=&quot;images/spacer.gif&quot; width=4&gt;&lt;/td&gt;&lt;td&gt;&lt;img src=&quot;images/btn_div_gray.gif&quot; height=&quot;13&quot; align=&quot;middle&quot; alt=&quot;&quot;&gt;&lt;/td&gt;&lt;td&gt;&lt;img src=&quot;images/spacer.gif&quot; width=&quot;4&quot; height=&quot;1&quot; alt=&quot;&quot;&gt;&lt;/td&gt;&lt;td nowrap&gt;&lt;span id=s_7_1_26_0&gt;&amp;nbsp;&lt;/span&gt;&lt;/td&gt;&lt;td nowrap&gt;&lt;span id=s_7_1_9_0&gt;&amp;nbsp;&lt;/span&gt;&lt;/td&gt;&lt;td nowrap&gt;&lt;span id=s_7_1_8_0&gt;&amp;nbsp;&lt;/span&gt;&lt;/td&gt;&lt;td nowrap&gt;&lt;span id=s_7_1_10_0&gt;&amp;nbsp;&lt;/span&gt;&lt;/td&gt;&lt;td nowrap&gt;&lt;span id=s_7_1_36_0&gt;&amp;nbsp;&lt;/span&gt;&lt;/td&gt;&lt;td&gt;&lt;table datatable=&quot;0&quot; summary=&quot;&quot; width=&quot;100%&quot; valign=&quot;top&quot; align=&quot;center&quot; cellpadding=&apos;0&apos; cellspacing=&apos;0&apos; border=&apos;0&apos;&gt;&lt;/table&gt;&lt;/td&gt;&lt;td nowrap&gt;&amp;nbsp;&lt;b&gt;&lt;span id=7_msg&gt;&lt;/span&gt;&lt;/b&gt;&lt;/td&gt;&lt;td align=&quot;right&quot; width=&quot;100%&quot;&gt;&lt;td valign=&quot;middle&quot; nowrap&gt;&lt;span id=&apos;SWEApplet7_ctrlmsg&apos;&gt;&lt;/span&gt;&lt;/td&gt;&lt;td valign=&quot;middle&quot; nowrap&gt;&amp;nbsp;&lt;span id=s_7_rc&gt;&lt;/span&gt;&amp;nbsp;&lt;/td&gt;&lt;td valign=&quot;middle&quot;&gt;&amp;nbsp;&lt;img src=&quot;images/btn_div_gray.gif&quot; height=&quot;13&quot; align=&quot;middle&quot; alt=&quot;&quot;&gt;&amp;nbsp;&lt;/td&gt;&lt;td valign=&quot;middle&quot; nowrap&gt;&lt;span id=s_7_1_11_0&gt;&amp;nbsp;&lt;/span&gt;&lt;/td&gt;&lt;/td&gt;&lt;td valign=&quot;top&quot; align=&quot;right&quot;&gt;&lt;/td&gt;&lt;/tr&gt;&lt;/table&gt;&lt;span id=7_c_err style=&quot;display: none;&quot;&gt;&lt;table datatable=&quot;0&quot; summary=&quot;&quot; class=&quot;AppletBack&quot; width=&quot;100%&quot; cellpadding=&quot;4&quot; cellspacing=&quot;0&quot; border=&quot;0&quot;&gt;&lt;tr&gt;&lt;td class=&quot;error&quot;&gt;&lt;br&gt;&amp;nbsp;&lt;/td&gt;&lt;/tr&gt;&lt;/table&gt;&lt;/span&gt;&lt;div class=&quot;AppletHIListBorder&quot;&gt;&lt;div id=&quot;s_7_ld&quot; STYLE=&quot;height:160px&quot;&gt;&lt;div&gt;&lt;/div&gt;&lt;script&gt;SWEWriteObjectTag(this,&apos;&lt;object id=&quot;s_7_l&quot;  CLASSID=&quot;CLSID:a9967980-c623-4092-b952-fcf15f67b8a5&quot; WIDTH=100% HEIGHT=100%&gt;&lt;/OBJECT&gt;&apos;);&lt;/script&gt;&lt;/div&gt;&lt;/div&gt;&lt;/div&gt;&lt;/span&gt;&lt;/form&gt;
&lt;a id=&quot;SWEBottomHidden7&quot; href=&quot;javascript:void(0);&quot; tabindex=&quot;4999&quot; onfocus=&quot;document.getElementById(&apos;SWETopHidden7&apos;).focus();&quot;&gt;&lt;/a&gt;&lt;/div&gt;&lt;a name=&quot;SWEApplet2&quot; id=&quot;SWEApplet2&quot; href=&quot;#SWEApplet2&quot; title=&quot;Messages&quot;&gt;&lt;/a&gt;
&lt;div id=&apos;s_S_A2_div&apos;oncontextmenu=&apos;HandleContextMenu(&quot;UMF Message List Applet - SI&quot;)&apos; onclick=&apos;HandleAppletClick(&quot;UMF Message List Applet - SI&quot;)&apos;&gt;
&lt;a id=&quot;SWETopHidden2&quot; href=&quot;javascript:void(0);&quot; tabindex=&quot;5000&quot; title=&quot;Not Used&quot;&gt;&lt;/a&gt;&lt;object id=s_2_1_4_0 CLASSID=&quot;CLSID:35fe318c-5211-435f-904a-e0f214c9b60e&quot; codebase=&quot;23048/applets/SiebelAx_Prodselection.cab&quot;HEIGHT=&quot;0&quot; WIDTH=&quot;0&quot;&gt;&lt;/object&gt;
&lt;span id=&quot;PRODUCT_SELECTION_UMF Message List Applet - SI&quot;&gt;&lt;/span&gt;&lt;a id=&quot;SWEEndAppletStartAnchor_2&quot; href=&quot;javascript:void(0);&quot; tabindex=&quot;5999&quot;&gt;&lt;/a&gt;&lt;a id=&quot;SWEEndAppletEndAnchor_2&quot; href=&quot;javascript:void(0);&quot; tabindex=&quot;5999&quot; onfocus=&quot;document.getElementById(&apos;SWEEndAppletStartAnchor_2&apos;).focus();&quot;&gt;&lt;/a&gt;&lt;/div&gt;&lt;/td&gt;&lt;/tr&gt;&lt;/table&gt;&lt;/div&gt;&lt;script&gt;

SWEIsHighInteract = true; Top().SWEIsHighInteract = true;
if (typeof(top._samePage) != &apos;undefined&apos; &amp;&amp; top._samePage!=&quot;&quot;) top._samePage = &quot;&quot;;
if (top.opener == null || typeof top.opener.swetop == &apos;unknown&apos; || typeof top.opener.swetop == &apos;undefined&apos;) top._swe._sweapp.S_App.SWECount = 48;
else top.opener.top._swe._sweapp.S_App.SWECount = 48;
g_bInitialized = true;

if(typeof(top._swescript)!=&apos;undefined&apos; &amp;&amp; top._swescript!=null)top._swescript.InitApplet(&quot;BT Order Entry - Order Form Applet Dashboard (Sales)&quot;,&quot;SWEApplet3&quot;,&quot;Sales Order-Browse Catalog View&quot;,3, this);
if (top._swescript!=null) top._swescript.InitMethod(&quot;GotoAppletMenu&quot;, this, &quot;s_at_m_3&quot;, null, null);
if(top._swe._sweapp._JMenuObj == null)                  
top._swe._sweapp._JMenuObj = new top._swe._sweapp.JMenu();
top._swe._sweapp._JMenuObj.BindAXObj (this.document.getElementById(&quot;s_at_m_3Ax&quot;),&apos;Applet&apos;, &apos;BT Order Entry - Order Form Applet Dashboard (Sales\)&apos;, this.document.getElementById(&quot;s_at_m_3&quot;), &quot;s_at_m_3&quot;);
document.oncontextmenu = HandleContextMenu;
if(typeof(top._swescript)!=&apos;undefined&apos; &amp;&amp; top._swescript!=null)top._swescript.InitApplet(&quot;COM ActiveX Placeholder Applet - Sales Order&quot;,&quot;SWEApplet9&quot;,&quot;Sales Order-Browse Catalog View&quot;,1, this);
document.oncontextmenu = HandleContextMenu;
if(typeof(top._swescript)!=&apos;undefined&apos; &amp;&amp; top._swescript!=null)top._swescript.InitApplet(&quot;Sales Order Catalog List Applet&quot;,&quot;SWEApplet5&quot;,&quot;Sales Order-Browse Catalog View&quot;,1, this);
document.oncontextmenu = HandleContextMenu;
if(typeof(top._swescript)!=&apos;undefined&apos; &amp;&amp; top._swescript!=null)top._swescript.InitApplet(&quot;Order Entry - Line Item List Applet (Sales) - Short&quot;,&quot;SWEApplet7&quot;,&quot;Sales Order-Browse Catalog View&quot;,6, this);
if (top._swescript!=null) top._swescript.InitMethod(&quot;GotoAppletMenu&quot;, this, &quot;s_at_m_7&quot;, null, null);
if(top._swe._sweapp._JMenuObj == null)                  
top._swe._sweapp._JMenuObj = new top._swe._sweapp.JMenu();
top._swe._sweapp._JMenuObj.BindAXObj (this.document.getElementById(&quot;s_at_m_7Ax&quot;),&apos;Applet&apos;, &apos;Order Entry - Line Item List Applet (Sales\) - Short&apos;, this.document.getElementById(&quot;s_at_m_7&quot;), &quot;s_at_m_7&quot;);
document.oncontextmenu = HandleContextMenu;
if(typeof(top._swescript)!=&apos;undefined&apos; &amp;&amp; top._swescript!=null)top._swescript.InitApplet(&quot;UMF Message List Applet - SI&quot;,&quot;SWEApplet2&quot;,&quot;Sales Order-Browse Catalog View&quot;,1, this);
document.oncontextmenu = HandleContextMenu;

&lt;/script&gt;
&lt;script for=window event=onunload&gt;
top._swe._sweapp.S_App.SetLayoutUnloaded(&quot;View&quot;, &quot;Sales Order-Browse Catalog View&quot;);
&lt;/script&gt;
&lt;script for=window event=onload&gt;
top._swe._sweapp.S_App.SetLayoutLoaded(&quot;View&quot;, &quot;Sales Order-Browse Catalog View&quot;, window, &quot;&quot;);
&lt;/script&gt;
&lt;/body&gt;&lt;/html&gt;</responseData>
  <responseFile class="java.lang.String"></responseFile>
  <cookies class="java.lang.String">_sn=GXmoeGkdwh1O45lrH7mMIZnLMWvqHkVWiQKqDOICOq1fi95anXYMaCRAX879ujDRD9kS4J75N4kGDX576Q2AKmwZPUBih-4NS80Pc1189OxasEbdAsHiEtIhcnCzZ0zWb5V6QpVraL0TTGU4ktkGZq374g8C0pUBRhKVASKeW21TgUW5eIkswq97I-.qG-kr; _srn=_srn; SWEUAID=SWEUAID</cookies>
  <method class="java.lang.String">GET</method>
  <queryString class="java.lang.String"></queryString>
  <java.net.URL>http://localhost:8080/ecommunications_enu_nsm_aps05524a027/start.swe?SWECmd=GetViewLayout&amp;SWEView=Sales+Order-Browse+Catalog+View&amp;SWEVI=&amp;SWEVLC=3-2NTUN-318_Siebel%2BPower%2BCommunications_43%257c1592409810%257c0_0_23048_PATCHSET18PATCHSET18PATCHSET18_L&amp;SRN=xK7T2pIB2ZOV15hwlQxQF5reKcoUB8VpMTZr7we8uAEb</java.net.URL>
</httpSample>
<httpSample t="{{\d+}}" it="0" lt="{{\d+}}" ct="{{\d+}}" ts="{{\d+}}" s="true" lb="{{\d+}} /ecommunications_enu_nsm_aps05524a027/start.swe" rc="200" rm="OK" tn="Thread Group 1-1" dt="text" de="utf-8" by="16159" sby="1001" sc="1" ec="0" ng="1" na="1" hn="{{.*?}}">
  <responseHeader class="java.lang.String">HTTP/1.1 200 OK
Connection: close
Server: Oracle-iPlanet-Web-Server/7.0
Date: Tue, 23 Jun 2020 13:03:22 GMT
Content-Language: en
Cache-Control: no-cache
Swerpc: true
Content-Type: text/html;charset=utf-8
Matched-Stub-Id: {{\w+-\w+-\w+-\w+-\w+}}
Vary: Accept-Encoding, User-Agent
</responseHeader>
  <requestHeader class="java.lang.String">Connection: close
Content-Type: application/x-www-form-urlencoded
DNT: 1
Accept-Encoding: deflate
Pragma: no-cache
User-Agent: Mozilla/4.0 (compatible; MSIE 7.0; Windows NT 6.3; WOW64; Trident/7.0; .NET4.0E; .NET4.0C; .NET CLR 3.5.30729; .NET CLR 2.0.50727; .NET CLR 3.0.30729)
Accept: text/html, image/gif, image/jpeg, *; q=.2, */*; q=.2
Content-Length: 313
Host: localhost:8080
</requestHeader>
  <responseData class="java.lang.String">@0`1`4`2``0`UC`1`Status`Completed`SWEC`49`SRN`xK7T2pIB2ZOV15hwlQxQF5reKcoUB8VpMTZr7we8uAEb`0`179`Notifications`0`2`0``0`OP`bn`bc`S_BC1`7`0``0`br`0`ArgsArray`38*Quote Catalog List Applet OUI Dropdown1*1`size`1`cr`0`OP`g`bc`S_BC1`type`SWEIRowSelection`8`0``0`br`0`value`0`ar`0`state`n`size`1`cr`0`OP`sc`bc`S_BC1`8`0``0`br`0`value`1`ar`0`state`bExecuted`size`1`cr`0`OP`sc`bc`S_BC1`8`0``0`br`0`value`0`ar`0`state`cp`size`1`cr`0`OP`sc`bc`S_BC1`8`0``0`br`0`value`0`ar`0`state`np`size`1`cr`0`OP`sc`bc`S_BC1`8`0``0`br`0`value`1`ar`0`state`n`size`1`cr`0`OP`sc`bc`S_BC1`8`0``0`br`0`value`0`ar`0`state`n`size`1`cr`0`OP`sc`bc`S_BC1`8`0``0`br`0`value`1`ar`0`state`bExecuted`size`1`cr`0`OP`sc`bc`S_BC1`8`0``0`br`0`value`0`ar`0`state`cp`size`1`cr`0`OP`sc`bc`S_BC1`8`0``0`br`0`value`0`ar`0`state`np`size`1`cr`0`OP`sc`bc`S_BC1`8`0``0`br`0`value`1`ar`0`state`n`size`1`cr`0`OP`sc`bc`S_BC1`8`0``0`br`0`value`0`ar`0`state`n`size`1`cr`0`OP`sc`bc`S_BC1`8`0``0`br`0`value`1`ar`0`state`bExecuted`size`1`cr`0`OP`sc`bc`S_BC1`8`0``0`br`0`value`0`ar`0`state`cp`size`1`cr`0`OP`sc`bc`S_BC1`8`0``0`br`0`value`0`ar`0`state`np`size`1`cr`0`OP`sc`bc`S_BC1`8`0``0`br`0`value`1`ar`0`state`n`size`1`cr`0`OP`sc`bc`S_BC1`8`0``0`br`0`value`0`ar`0`state`n`size`1`cr`0`OP`sc`bc`S_BC1`8`0``0`br`0`ar`0`size`1`index`0`cr`0`OP`dw`bc`S_BC1`nr`-1`7`1``0`br`0`ar`0`size`1`index`0`cr`0`OP`iw`bc`S_BC1`1`0`FieldValues`0`ValueArray`19*BT Consumer Catalog6*VRId-0`8`0``0`br`0`value`1`ar`0`state`bExecuted`size`1`cr`0`OP`sc`bc`S_BC1`8`0``0`br`0`value`0`ar`0`state`activeRow`size`1`cr`0`OP`sc`bc`S_BC1`8`0``0`br`0`value`0`ar`0`state`cp`size`1`cr`0`OP`sc`bc`S_BC1`8`0``0`br`0`value`0`ar`0`state`np`size`1`cr`0`OP`sc`bc`S_BC1`8`0``0`br`0`value`1`ar`0`state`n`size`1`cr`0`OP`sc`bc`S_BC1`2`0``0`OP`en`bc`S_BC1`2`0``0`OP`bn`bc`S_BC2`8`0``0`br`0`value`0`ar`-1`state`n`size`10`cr`0`OP`sc`bc`S_BC2`8`0``0`br`0`value`1`ar`-1`state`bExecuted`size`10`cr`0`OP`sc`bc`S_BC2`8`0``0`br`0`value`0`ar`-1`state`cp`size`10`cr`0`OP`sc`bc`S_BC2`8`0``0`br`0`value`0`ar`-1`state`np`size`10`cr`0`OP`sc`bc`S_BC2`8`0``0`br`0`value`1`ar`-1`state`n`size`10`cr`0`OP`sc`bc`S_BC2`8`0``0`br`0`value`0`ar`-1`state`n`size`10`cr`0`OP`sc`bc`S_BC2`8`0``0`br`0`value`1`ar`-1`state`bExecuted`size`10`cr`0`OP`sc`bc`S_BC2`8`0``0`br`0`value`0`ar`-1`state`cp`size`10`cr`0`OP`sc`bc`S_BC2`8`0``0`br`0`value`0`ar`-1`state`np`size`10`cr`0`OP`sc`bc`S_BC2`8`0``0`br`0`value`1`ar`-1`state`n`size`10`cr`0`OP`sc`bc`S_BC2`8`0``0`br`0`value`0`ar`-1`state`n`size`10`cr`0`OP`sc`bc`S_BC2`8`0``0`br`0`value`1`ar`-1`state`bExecuted`size`10`cr`0`OP`sc`bc`S_BC2`8`0``0`br`0`value`0`ar`-1`state`cp`size`10`cr`0`OP`sc`bc`S_BC2`8`0``0`br`0`value`0`ar`-1`state`np`size`10`cr`0`OP`sc`bc`S_BC2`8`0``0`br`0`value`1`ar`-1`state`n`size`10`cr`0`OP`sc`bc`S_BC2`8`0``0`br`0`value`0`ar`-1`state`n`size`10`cr`0`OP`sc`bc`S_BC2`8`0``0`br`0`ar`-1`size`10`index`0`cr`0`OP`dw`bc`S_BC2`nr`-1`8`0``0`br`0`value`1`ar`-1`state`bExecuted`size`10`cr`0`OP`sc`bc`S_BC2`8`0``0`br`0`value`-1`ar`-1`state`activeRow`size`10`cr`0`OP`sc`bc`S_BC2`8`0``0`br`0`value`0`ar`-1`state`cp`size`10`cr`0`OP`sc`bc`S_BC2`8`0``0`br`0`value`0`ar`-1`state`np`size`10`cr`0`OP`sc`bc`S_BC2`8`0``0`br`0`value`1`ar`-1`state`n`size`10`cr`0`OP`sc`bc`S_BC2`2`0``0`OP`en`bc`S_BC2`2`0``0`OP`bn`bc`S_BC3`7`0``0`br`0`ArgsArray`52*BT Order Entry - Order Form Applet Dashboard (Sales)1*1`size`1`cr`0`OP`g`bc`S_BC3`type`SWEIRowSelection`7`0``0`br`0`ArgsArray`52*BT Order Entry - Order Form Applet Dashboard (Sales)10**HTML Link1*123**Billing Account Number1*121**Billing Profile Link1*1`size`1`cr`0`OP`g`bc`S_BC3`type`SWEICanNavigate`8`0``0`br`0`value`0`ar`0`state`n`size`1`cr`0`OP`sc`bc`S_BC3`8`0``0`br`0`value`0`ar`-1`state`bExecuted`size`1`cr`0`OP`sc`bc`S_BC3`8`0``0`br`0`value`1`ar`-1`state`bExecuted`size`1`cr`0`OP`sc`bc`S_BC3`8`0``0`br`0`value`1`ar`0`state`bExecuted`size`1`cr`0`OP`sc`bc`S_BC3`8`0``0`br`0`value`0`ar`0`state`cp`size`1`cr`0`OP`sc`bc`S_BC3`8`0``0`br`0`value`0`ar`0`state`np`size`1`cr`0`OP`sc`bc`S_BC3`8`0``0`br`0`value`1`ar`0`state`n`size`1`cr`0`OP`sc`bc`S_BC3`8`0``0`br`0`value`0`ar`0`state`n`size`1`cr`0`OP`sc`bc`S_BC3`8`0``0`br`0`value`1`ar`0`state`bExecuted`size`1`cr`0`OP`sc`bc`S_BC3`8`0``0`br`0`value`0`ar`0`state`cp`size`1`cr`0`OP`sc`bc`S_BC3`8`0``0`br`0`value`0`ar`0`state`np`size`1`cr`0`OP`sc`bc`S_BC3`8`0``0`br`0`value`1`ar`0`state`n`size`1`cr`0`OP`sc`bc`S_BC3`8`0``0`br`0`value`0`ar`0`state`n`size`1`cr`0`OP`sc`bc`S_BC3`8`0``0`br`0`value`1`ar`0`state`bExecuted`size`1`cr`0`OP`sc`bc`S_BC3`8`0``0`br`0`value`0`ar`0`state`cp`size`1`cr`0`OP`sc`bc`S_BC3`8`0``0`br`0`value`0`ar`0`state`np`size`1`cr`0`OP`sc`bc`S_BC3`8`0``0`br`0`value`1`ar`0`state`n`size`1`cr`0`OP`sc`bc`S_BC3`8`0``0`br`0`value`0`ar`0`state`n`size`1`cr`0`OP`sc`bc`S_BC3`8`0``0`br`0`ar`0`size`1`index`0`cr`0`OP`dw`bc`S_BC3`nr`-1`7`1``0`br`0`ar`0`size`1`index`0`cr`0`OP`iw`bc`S_BC3`1`0`FieldValues`0`ValueArray`0*19*VOL013-47326074854715*Blazemeter Demo0*13*BB_CCPEIM50000*7*Pending0*19*06/24/2020 00:00:008*BT Voice1*N11*In-Progress10*Blazemeter19*06/23/2020 00:00:000*0*4*Demo0*0*1*N0*19*06/23/2020 14:02:520*0*1*N6*Letter0*14*+44012123456780*1*N19*Consumer Price List0*3*00011*Sales Order0*0*1*Y0*34*Leave out of sight and under cover0*19*06/23/2020 14:02:520*0*0*8*Consumer1*10*0*7*Default19*06/23/2020 14:02:521*N14*Run Assignment1*Y0*0*1*N0*15*Blazemeter Demo11*Low-Pending0*9*BT Volume0*0*0*1*N0*0*0*0*0*0*0*0*0*0*0*0*1*N0*0*0*10*3-61EV8AO3`8`0``0`br`0`value`1`ar`0`state`bExecuted`size`1`cr`0`OP`sc`bc`S_BC3`8`0``0`br`0`value`0`ar`0`state`activeRow`size`1`cr`0`OP`sc`bc`S_BC3`8`0``0`br`0`value`0`ar`0`state`cp`size`1`cr`0`OP`sc`bc`S_BC3`8`0``0`br`0`value`0`ar`0`state`np`size`1`cr`0`OP`sc`bc`S_BC3`8`0``0`br`0`value`1`ar`0`state`n`size`1`cr`0`OP`sc`bc`S_BC3`2`0``0`OP`en`bc`S_BC3`2`0``0`OP`bn`bc`S_BC4`8`0``0`br`0`value`0`ar`-1`state`n`size`7`cr`0`OP`sc`bc`S_BC4`8`0``0`br`0`value`0`ar`-1`state`bExecuted`size`7`cr`0`OP`sc`bc`S_BC4`8`0``0`br`0`value`1`ar`-1`state`bExecuted`size`7`cr`0`OP`sc`bc`S_BC4`8`0``0`br`0`value`1`ar`-1`state`bExecuted`size`7`cr`0`OP`sc`bc`S_BC4`8`0``0`br`0`value`0`ar`-1`state`cp`size`7`cr`0`OP`sc`bc`S_BC4`8`0``0`br`0`value`0`ar`-1`state`np`size`7`cr`0`OP`sc`bc`S_BC4`8`0``0`br`0`value`1`ar`-1`state`n`size`7`cr`0`OP`sc`bc`S_BC4`8`0``0`br`0`value`0`ar`-1`state`n`size`7`cr`0`OP`sc`bc`S_BC4`8`0``0`br`0`value`1`ar`-1`state`bExecuted`size`7`cr`0`OP`sc`bc`S_BC4`8`0``0`br`0`value`0`ar`-1`state`cp`size`7`cr`0`OP`sc`bc`S_BC4`8`0``0`br`0`value`0`ar`-1`state`np`size`7`cr`0`OP`sc`bc`S_BC4`8`0``0`br`0`value`1`ar`-1`state`n`size`7`cr`0`OP`sc`bc`S_BC4`8`0``0`br`0`value`0`ar`-1`state`n`size`7`cr`0`OP`sc`bc`S_BC4`8`0``0`br`0`value`1`ar`-1`state`bExecuted`size`7`cr`0`OP`sc`bc`S_BC4`8`0``0`br`0`value`0`ar`-1`state`cp`size`7`cr`0`OP`sc`bc`S_BC4`8`0``0`br`0`value`0`ar`-1`state`np`size`7`cr`0`OP`sc`bc`S_BC4`8`0``0`br`0`value`1`ar`-1`state`n`size`7`cr`0`OP`sc`bc`S_BC4`8`0``0`br`0`value`0`ar`-1`state`n`size`7`cr`0`OP`sc`bc`S_BC4`8`0``0`br`0`ar`-1`size`7`index`0`cr`0`OP`dw`bc`S_BC4`nr`-1`8`0``0`br`0`value`1`ar`-1`state`bExecuted`size`7`cr`0`OP`sc`bc`S_BC4`8`0``0`br`0`value`-1`ar`-1`state`activeRow`size`7`cr`0`OP`sc`bc`S_BC4`8`0``0`br`0`value`0`ar`-1`state`cp`size`7`cr`0`OP`sc`bc`S_BC4`8`0``0`br`0`value`0`ar`-1`state`np`size`7`cr`0`OP`sc`bc`S_BC4`8`0``0`br`0`value`1`ar`-1`state`n`size`7`cr`0`OP`sc`bc`S_BC4`2`0``0`OP`en`bc`S_BC4`2`0``0`OP`bn`bc`S_BC6`7`0``0`br`0`ArgsArray`47*Sales Order Catalog RootSubCategory List Applet1*1`size`500`cr`0`OP`g`bc`S_BC6`type`SWEIRowSelection`8`0``0`br`0`value`0`ar`0`state`n`size`500`cr`0`OP`sc`bc`S_BC6`8`0``0`br`0`value`1`ar`0`state`bExecuted`size`500`cr`0`OP`sc`bc`S_BC6`8`0``0`br`0`value`0`ar`0`state`cp`size`500`cr`0`OP`sc`bc`S_BC6`8`0``0`br`0`value`0`ar`0`state`np`size`500`cr`0`OP`sc`bc`S_BC6`8`0``0`br`0`value`1`ar`0`state`n`size`500`cr`0`OP`sc`bc`S_BC6`8`0``0`br`0`value`0`ar`0`state`n`size`500`cr`0`OP`sc`bc`S_BC6`8`0``0`br`0`value`1`ar`0`state`bExecuted`size`500`cr`0`OP`sc`bc`S_BC6`8`0``0`br`0`value`0`ar`0`state`cp`size`500`cr`0`OP`sc`bc`S_BC6`8`0``0`br`0`value`0`ar`0`state`np`size`500`cr`0`OP`sc`bc`S_BC6`8`0``0`br`0`value`1`ar`0`state`n`size`500`cr`0`OP`sc`bc`S_BC6`8`0``0`br`0`value`0`ar`0`state`n`size`500`cr`0`OP`sc`bc`S_BC6`8`0``0`br`0`value`1`ar`0`state`bExecuted`size`500`cr`0`OP`sc`bc`S_BC6`8`0``0`br`0`value`0`ar`0`state`cp`size`500`cr`0`OP`sc`bc`S_BC6`8`0``0`br`0`value`0`ar`0`state`np`size`500`cr`0`OP`sc`bc`S_BC6`8`0``0`br`0`value`1`ar`0`state`n`size`500`cr`0`OP`sc`bc`S_BC6`8`0``0`br`0`value`0`ar`0`state`n`size`500`cr`0`OP`sc`bc`S_BC6`8`0``0`br`0`ar`0`size`500`index`0`cr`0`OP`dw`bc`S_BC6`nr`-1`7`1``0`br`0`ar`0`size`500`index`0`cr`0`OP`iw`bc`S_BC6`1`0`FieldValues`0`ValueArray`6*Phones9*1-2NXPCAF`8`0``0`br`0`value`1`ar`0`state`bExecuted`size`500`cr`0`OP`sc`bc`S_BC6`8`0``0`br`0`value`0`ar`0`state`activeRow`size`500`cr`0`OP`sc`bc`S_BC6`8`0``0`br`0`value`0`ar`0`state`cp`size`500`cr`0`OP`sc`bc`S_BC6`8`0``0`br`0`value`0`ar`0`state`np`size`500`cr`0`OP`sc`bc`S_BC6`8`0``0`br`0`value`1`ar`0`state`n`size`500`cr`0`OP`sc`bc`S_BC6`2`0``0`OP`en`bc`S_BC6`2`0``0`OP`bn`bc`S_BC7`7`0``0`br`0`ArgsArray`31*Sales Order Catalog Tree Applet1*1`size`20`cr`18`OP`g`bc`S_BC7`type`SWEIRowSelection`7`0``0`br`0`ArgsArray`34*Quote Catalog Category List Applet1*11*01*01*01*01*01*01*01*01*0`size`20`cr`18`OP`g`bc`S_BC7`type`SWEIRowSelection`8`0``0`br`0`value`0`ar`0`state`n`size`20`cr`18`OP`sc`bc`S_BC7`8`0``0`br`0`value`1`ar`0`state`bExecuted`size`20`cr`18`OP`sc`bc`S_BC7`8`0``0`br`0`value`0`ar`0`state`cp`size`20`cr`18`OP`sc`bc`S_BC7`8`0``0`br`0`value`0`ar`0`state`np`size`20`cr`18`OP`sc`bc`S_BC7`8`0``0`br`0`value`1`ar`0`state`n`size`20`cr`18`OP`sc`bc`S_BC7`8`0``0`br`0`value`0`ar`0`state`n`size`20`cr`18`OP`sc`bc`S_BC7`8`0``0`br`0`value`1`ar`0`state`bExecuted`size`20`cr`18`OP`sc`bc`S_BC7`8`0``0`br`0`value`0`ar`0`state`cp`size`20`cr`18`OP`sc`bc`S_BC7`8`0``0`br`0`value`0`ar`0`state`np`size`20`cr`18`OP`sc`bc`S_BC7`8`0``0`br`0`value`1`ar`0`state`n`size`20`cr`18`OP`sc`bc`S_BC7`8`0``0`br`0`value`0`ar`0`state`n`size`20`cr`18`OP`sc`bc`S_BC7`8`0``0`br`0`value`1`ar`0`state`bExecuted`size`20`cr`18`OP`sc`bc`S_BC7`8`0``0`br`0`value`0`ar`0`state`cp`size`20`cr`18`OP`sc`bc`S_BC7`8`0``0`br`0`value`0`ar`0`state`np`size`20`cr`18`OP`sc`bc`S_BC7`8`0``0`br`0`value`1`ar`0`state`n`size`20`cr`18`OP`sc`bc`S_BC7`8`0``0`br`0`value`0`ar`0`state`n`size`20`cr`18`OP`sc`bc`S_BC7`8`0``0`br`0`ar`0`size`20`index`0`cr`18`OP`dw`bc`S_BC7`nr`-1`7`1``0`br`0`ar`0`size`20`index`0`cr`18`OP`iw`bc`S_BC7`1`0`FieldValues`0`ValueArray`22*BT Basic and BB bundle0*22*BT Basic and BB bundle10*2-1FA3YP43`7`1``0`br`0`ar`0`size`20`index`1`cr`18`OP`iw`bc`S_BC7`1`0`FieldValues`0`ValueArray`24*BT Broadband and BB Talk0*32*BT Broadband and BB Talk ( 244 )9*1-2NY1OVT`7`1``0`br`0`ar`0`size`20`index`2`cr`18`OP`iw`bc`S_BC7`1`0`FieldValues`0`ValueArray`21*BT Claim Rewards List0*21*BT Claim Rewards List10*3-1M73EMSR`7`1``0`br`0`ar`0`size`20`index`3`cr`18`OP`iw`bc`S_BC7`1`0`FieldValues`0`ValueArray`9*BT Giving0*9*BT Giving10*3-3DXTLJTY`7`1``0`br`0`ar`0`size`20`index`4`cr`18`OP`iw`bc`S_BC7`1`0`FieldValues`0`ValueArray`9*BT Mobile0*15*BT Mobile ( 2 )9*2-ZLOBES3`7`1``0`br`0`ar`0`size`20`index`5`cr`18`OP`iw`bc`S_BC7`1`0`FieldValues`0`ValueArray`16*BT Mobile Launch0*16*BT Mobile Launch10*2-1AZOPW2I`7`1``0`br`0`ar`0`size`20`index`6`cr`18`OP`iw`bc`S_BC7`1`0`FieldValues`0`ValueArray`22*BT Sport Plusnet Trial0*22*BT Sport Plusnet Trial10*3-2SZ6E1P4`7`1``0`br`0`ar`0`size`20`index`7`cr`18`OP`iw`bc`S_BC7`1`0`FieldValues`0`ValueArray`19*BT Sport Promotions0*25*BT Sport Promotions ( 2 )9*2-YTXSUNK`7`1``0`br`0`ar`0`size`20`index`8`cr`18`OP`iw`bc`S_BC7`1`0`FieldValues`0`ValueArray`14*BT Sport Trial0*14*BT Sport Trial9*2-WKUBJN0`7`1``0`br`0`ar`0`size`20`index`9`cr`18`OP`iw`bc`S_BC7`1`0`FieldValues`0`ValueArray`9*BT Vision0*16*BT Vision ( 53 )9*1-2NXLBPO`7`1``0`br`0`ar`0`size`20`index`10`cr`18`OP`iw`bc`S_BC7`1`0`FieldValues`0`ValueArray`5*Dummy0*5*Dummy10*3-5TYTPEX4`7`1``0`br`0`ar`0`size`20`index`11`cr`18`OP`iw`bc`S_BC7`1`0`FieldValues`0`ValueArray`14*LVT-Promotions0*14*LVT-Promotions10*3-4VNYLEPQ`7`1``0`br`0`ar`0`size`20`index`12`cr`18`OP`iw`bc`S_BC7`1`0`FieldValues`0`ValueArray`20*Mobile Retail Trial*0*20*Mobile Retail Trial*10*3-4OTH4DL2`7`1``0`br`0`ar`0`size`20`index`13`cr`18`OP`iw`bc`S_BC7`1`0`FieldValues`0`ValueArray`4*PSTN0*11*PSTN ( 31 )8*1-ZRG97J`7`1``0`br`0`ar`0`size`20`index`14`cr`18`OP`iw`bc`S_BC7`1`0`FieldValues`0`ValueArray`7*Package0*15*Package ( 138 )9*1-9UI13J7`7`1``0`br`0`ar`0`size`20`index`15`cr`18`OP`iw`bc`S_BC7`1`0`FieldValues`0`ValueArray`14*Pre-pay Mobile0*14*Pre-pay Mobile9*1-1S29RXR`7`1``0`br`0`ar`0`size`20`index`16`cr`18`OP`iw`bc`S_BC7`1`0`FieldValues`0`ValueArray`12*Pre-pay PSTN0*18*Pre-pay PSTN ( 1 )9*1-3EB4CJD`7`1``0`br`0`ar`0`size`20`index`17`cr`18`OP`iw`bc`S_BC7`1`0`FieldValues`0`ValueArray`10*Retail.com0*10*Retail.com10*3-1WQ0864Y`7`1``0`br`0`ar`0`size`20`index`18`cr`18`OP`iw`bc`S_BC7`1`0`FieldValues`0`ValueArray`13*Unlock Charge0*13*Unlock Charge10*3-3R1554YC`8`0``0`br`0`value`1`ar`0`state`bExecuted`size`20`cr`18`OP`sc`bc`S_BC7`8`0``0`br`0`value`0`ar`0`state`activeRow`size`20`cr`18`OP`sc`bc`S_BC7`8`0``0`br`0`value`0`ar`0`state`cp`size`20`cr`18`OP`sc`bc`S_BC7`8`0``0`br`0`value`0`ar`0`state`np`size`20`cr`18`OP`sc`bc`S_BC7`8`0``0`br`0`value`1`ar`0`state`n`size`20`cr`18`OP`sc`bc`S_BC7`2`0``0`OP`en`bc`S_BC7`2`0``0`OP`bn`bc`S_BC9`7`0``0`br`0`ArgsArray`58*Sales Order Catalog Product List Applet - Add to Cart Tree1*11*01*0`size`8`cr`2`OP`g`bc`S_BC9`type`SWEIRowSelection`2`0``0`OP`en`bc`S_BC9`1`6`Command Manager`0`RefreshToolbar`true`7`0`StateToolBar`0`#35`true`#36`true`#17`true`#34`true`#8`false`#37`true`#38`true`0`1`StateExToolBar`0`1`0`#35`0`Checked`false`0`3`FlagsToolBar`0`3`0`#8`0`SWESP`true`SWEH`0`SWEW`0`3`0`#34`0`SWESP`true`SWEH`600`SWEW`800`3`0`#36`0`SWESP`true`SWEH`20`SWEW`380`50`0`State`0`#214`false`#213`false`#199`true`#189`true`#224`true`#220`false`#219`true`#192`true`#221`false`#208`false`#203`true`#198`false`#27`false`#225`true`#193`true`#188`true`#227`true`#207`true`#26`false`#229`false`#204`false`#201`false`#197`true`#191`true`#228`false`#200`false`#226`false`#196`false`#28`false`#218`true`#216`true`#211`true`#206`true`#194`true`#231`true`#212`true`#215`true`#202`true`#186`false`#185`true`#205`true`#190`true`#210`true`#209`false`#195`false`#230`true`#187`false`#223`true`#222`true`#217`true`0`3`StateEx`0`0`0`#26`0`0`0`#27`0`1`0`#28`0`Checked`false`0`40`Flags`0`3`0`#185`0`SWESP`true`SWEH`230`SWEW`420`3`0`#186`0`SWESP`true`SWEH`200`SWEW`400`3`0`#187`0`SWESP`true`SWEH`0`SWEW`0`3`0`#188`0`SWESP`true`SWEH`20`SWEW`380`3`0`#189`0`SWESP`true`SWEH`290`SWEW`470`3`0`#190`0`SWESP`true`SWEH`20`SWEW`380`3`0`#191`0`SWESP`true`SWEH`290`SWEW`470`3`0`#192`0`SWESP`true`SWEH`0`SWEW`0`3`0`#194`0`SWESP`true`SWEH`550`SWEW`300`3`0`#199`0`SWESP`true`SWEH`230`SWEW`420`3`0`#200`0`SWESP`true`SWEH`200`SWEW`400`3`0`#201`0`SWESP`true`SWEH`0`SWEW`0`3`0`#202`0`SWESP`true`SWEH`20`SWEW`380`3`0`#203`0`SWESP`true`SWEH`290`SWEW`470`3`0`#205`0`SWESP`true`SWEH`20`SWEW`380`3`0`#206`0`SWESP`true`SWEH`290`SWEW`470`3`0`#207`0`SWESP`true`SWEH`230`SWEW`420`3`0`#208`0`SWESP`true`SWEH`200`SWEW`400`3`0`#209`0`SWESP`true`SWEH`0`SWEW`0`3`0`#210`0`SWESP`true`SWEH`20`SWEW`380`3`0`#211`0`SWESP`true`SWEH`290`SWEW`470`3`0`#212`0`SWESP`true`SWEH`230`SWEW`420`3`0`#213`0`SWESP`true`SWEH`200`SWEW`400`3`0`#214`0`SWESP`true`SWEH`0`SWEW`0`3`0`#215`0`SWESP`true`SWEH`20`SWEW`380`3`0`#216`0`SWESP`true`SWEH`290`SWEW`470`3`0`#217`0`SWESP`true`SWEH`20`SWEW`380`3`0`#218`0`SWESP`true`SWEH`290`SWEW`470`3`0`#219`0`SWESP`true`SWEH`230`SWEW`420`3`0`#220`0`SWESP`true`SWEH`200`SWEW`400`3`0`#221`0`SWESP`true`SWEH`0`SWEW`0`3`0`#222`0`SWESP`true`SWEH`20`SWEW`380`3`0`#223`0`SWESP`true`SWEH`290`SWEW`470`3`0`#224`0`SWESP`true`SWEH`20`SWEW`380`3`0`#225`0`SWESP`true`SWEH`290`SWEW`470`3`0`#227`0`SWESP`true`SWEH`230`SWEW`420`3`0`#228`0`SWESP`true`SWEH`200`SWEW`400`3`0`#229`0`SWESP`true`SWEH`0`SWEW`0`3`0`#230`0`SWESP`true`SWEH`20`SWEW`380`3`0`#231`0`SWESP`true`SWEH`290`SWEW`470`</responseData>
  <responseFile class="java.lang.String"></responseFile>
  <cookies class="java.lang.String">_sn=GXmoeGkdwh1O45lrH7mMIZnLMWvqHkVWiQKqDOICOq1fi95anXYMaCRAX879ujDRD9kS4J75N4kGDX576Q2AKmwZPUBih-4NS80Pc1189OxasEbdAsHiEtIhcnCzZ0zWb5V6QpVraL0TTGU4ktkGZq374g8C0pUBRhKVASKeW21TgUW5eIkswq97I-.qG-kr; _srn=_srn; SWEUAID=SWEUAID</cookies>
  <method class="java.lang.String">POST</method>
  <queryString class="java.lang.String">SWEVI=&amp;SWERowId=&amp;SWEC=48&amp;SWEMethod=RecommendationsBT&amp;SWEReqRowId=0&amp;SWERPC=1&amp;SWEApplet=Order+Entry+-+Line+Item+List+Applet+%28Sales%29+-+Short+OUI&amp;SWEView=Sales+Order-Browse+Catalog+View&amp;SWECmd=InvokeMethod&amp;SRN=xK7T2pIB2ZOV15hwlQxQF5reKcoUB8VpMTZr7we8uAEb&amp;SWETS={{\d+}}&amp;SWEP=&amp;SWERowIds=SWERowId0%3D3-61EV8AO3</queryString>
  <java.net.URL>http://localhost:8080/ecommunications_enu_nsm_aps05524a027/start.swe</java.net.URL>
</httpSample>
<httpSample t="{{\d+}}" it="0" lt="{{\d+}}" ct="{{\d+}}" ts="{{\d+}}" s="true" lb="{{\d+}} /ecommunications_enu_nsm_aps05524a027/start.swe" rc="200" rm="OK" tn="Thread Group 1-1" dt="text" de="utf-8" by="843" sby="860" sc="1" ec="0" ng="1" na="1" hn="{{.*?}}">
  <responseHeader class="java.lang.String">HTTP/1.1 200 OK
Connection: close
Server: Oracle-iPlanet-Web-Server/7.0
Date: Tue, 23 Jun 2020 13:03:22 GMT
Content-Language: en
Cache-Control: no-cache
Swerpc: true
Content-Type: text/html;charset=utf-8
Connection: close
Matched-Stub-Id: {{\w+-\w+-\w+-\w+-\w+}}
Vary: Accept-Encoding, User-Agent
</responseHeader>
  <requestHeader class="java.lang.String">Connection: close
Content-Type: application/x-www-form-urlencoded
DNT: 1
Accept-Encoding: deflate
Pragma: no-cache
User-Agent: Mozilla/4.0 (compatible; MSIE 7.0; Windows NT 6.3; WOW64; Trident/7.0; .NET4.0E; .NET4.0C; .NET CLR 3.5.30729; .NET CLR 2.0.50727; .NET CLR 3.0.30729)
Accept: text/html, image/gif, image/jpeg, *; q=.2, */*; q=.2
Content-Length: 172
Host: localhost:8080
</requestHeader>
  <responseData class="java.lang.String">@0`1`4`2``0`UC`1`Status`OK`SWEC`50`SRN`xK7T2pIB2ZOV15hwlQxQF5reKcoUB8VpMTZr7we8uAEb`1`0`ResultSet`0`BTSFlg`Y`1`6`Command Manager`0`RefreshToolbar`true`7`0`StateToolBar`0`#35`true`#36`true`#17`true`#34`true`#8`false`#37`true`#38`true`0`1`StateExToolBar`0`1`0`#35`0`Checked`false`0`3`FlagsToolBar`0`3`0`#8`0`SWESP`true`SWEH`0`SWEW`0`3`0`#34`0`SWESP`true`SWEH`600`SWEW`800`3`0`#36`0`SWESP`true`SWEH`20`SWEW`380`3`0`State`0`#27`false`#26`false`#28`false`0`3`StateEx`0`0`0`#26`0`0`0`#27`0`1`0`#28`0`Checked`false`0`0`Flags`0`</responseData>
  <responseFile class="java.lang.String"></responseFile>
  <cookies class="java.lang.String">_sn=GXmoeGkdwh1O45lrH7mMIZnLMWvqHkVWiQKqDOICOq1fi95anXYMaCRAX879ujDRD9kS4J75N4kGDX576Q2AKmwZPUBih-4NS80Pc1189OxasEbdAsHiEtIhcnCzZ0zWb5V6QpVraL0TTGU4ktkGZq374g8C0pUBRhKVASKeW21TgUW5eIkswq97I-.qG-kr; _srn=_srn; SWEUAID=SWEUAID</cookies>
  <method class="java.lang.String">POST</method>
  <queryString class="java.lang.String">SWEC=49&amp;SWEMethod=DashBoardAppletLoadBR&amp;SWERPC=1&amp;SWECmd=InvokeMethod&amp;SRN=xK7T2pIB2ZOV15hwlQxQF5reKcoUB8VpMTZr7we8uAEb&amp;SWEIPS=%400*0*0*0*0*3*0*&amp;SWEService=BT+Masking+Service</queryString>
  <java.net.URL>http://localhost:8080/ecommunications_enu_nsm_aps05524a027/start.swe</java.net.URL>
</httpSample>
<httpSample t="{{\d+}}" it="0" lt="{{\d+}}" ct="{{\d+}}" ts="{{\d+}}" s="true" lb="{{\d+}} /ecommunications_enu_nsm_aps05524a027/start.swe" rc="200" rm="OK" tn="Thread Group 1-1" dt="text" de="utf-8" by="825" sby="997" sc="1" ec="0" ng="1" na="1" hn="{{.*?}}">
  <responseHeader class="java.lang.String">HTTP/1.1 200 OK
Connection: close
Server: Oracle-iPlanet-Web-Server/7.0
Date: Tue, 23 Jun 2020 13:03:22 GMT
Content-Language: en
Cache-Control: no-cache
Swerpc: true
Content-Type: text/html;charset=utf-8
Connection: close
Matched-Stub-Id: {{\w+-\w+-\w+-\w+-\w+}}
Vary: Accept-Encoding, User-Agent
</responseHeader>
  <requestHeader class="java.lang.String">Connection: close
Content-Type: application/x-www-form-urlencoded
DNT: 1
Accept-Encoding: deflate
Pragma: no-cache
User-Agent: Mozilla/4.0 (compatible; MSIE 7.0; Windows NT 6.3; WOW64; Trident/7.0; .NET4.0E; .NET4.0C; .NET CLR 3.5.30729; .NET CLR 2.0.50727; .NET CLR 3.0.30729)
Accept: text/html, image/gif, image/jpeg, *; q=.2, */*; q=.2
Content-Length: 309
Host: localhost:8080
</requestHeader>
  <responseData class="java.lang.String">@0`1`4`1``0`UC`1`Status`Completed`SWEC`51`SRN`xK7T2pIB2ZOV15hwlQxQF5reKcoUB8VpMTZr7we8uAEb`1`6`Command Manager`0`RefreshToolbar`true`7`0`StateToolBar`0`#35`true`#36`true`#17`true`#34`true`#8`false`#37`true`#38`true`0`1`StateExToolBar`0`1`0`#35`0`Checked`false`0`3`FlagsToolBar`0`3`0`#8`0`SWESP`true`SWEH`0`SWEW`0`3`0`#34`0`SWESP`true`SWEH`600`SWEW`800`3`0`#36`0`SWESP`true`SWEH`20`SWEW`380`3`0`State`0`#27`false`#26`false`#28`false`0`3`StateEx`0`0`0`#26`0`0`0`#27`0`1`0`#28`0`Checked`false`0`0`Flags`0`</responseData>
  <responseFile class="java.lang.String"></responseFile>
  <cookies class="java.lang.String">_sn=GXmoeGkdwh1O45lrH7mMIZnLMWvqHkVWiQKqDOICOq1fi95anXYMaCRAX879ujDRD9kS4J75N4kGDX576Q2AKmwZPUBih-4NS80Pc1189OxasEbdAsHiEtIhcnCzZ0zWb5V6QpVraL0TTGU4ktkGZq374g8C0pUBRhKVASKeW21TgUW5eIkswq97I-.qG-kr; _srn=_srn; SWEUAID=SWEUAID</cookies>
  <method class="java.lang.String">POST</method>
  <queryString class="java.lang.String">SWEVI=&amp;SWERowId=&amp;SWEC=50&amp;SWEMethod=RecommendationsBT&amp;SWEReqRowId=0&amp;SWERPC=1&amp;SWEApplet=Order+Entry+-+Line+Item+List+Applet+%28Sales%29+-+Short&amp;SWEView=Sales+Order-Browse+Catalog+View&amp;SWECmd=InvokeMethod&amp;SRN=xK7T2pIB2ZOV15hwlQxQF5reKcoUB8VpMTZr7we8uAEb&amp;SWETS={{\d+}}&amp;SWEP=&amp;SWERowIds=SWERowId0%3D3-61EV8AO3</queryString>
  <java.net.URL>http://localhost:8080/ecommunications_enu_nsm_aps05524a027/start.swe</java.net.URL>
</httpSample>
<httpSample t="{{\d+}}" it="0" lt="{{\d+}}" ct="{{\d+}}" ts="{{\d+}}" s="true" lb="{{\d+}} /ecommunications_enu_nsm_aps05524a027/start.swe" rc="200" rm="OK" tn="Thread Group 1-1" dt="text" de="utf-8" by="10245" sby="1409" sc="1" ec="0" ng="1" na="1" hn="{{.*?}}">
  <responseHeader class="java.lang.String">HTTP/1.1 200 OK
Connection: close
Server: Oracle-iPlanet-Web-Server/7.0
Date: Tue, 23 Jun 2020 13:03:38 GMT
Content-Language: en
Cache-Control: private
Content-Type: text/html;charset=utf-8
Matched-Stub-Id: {{\w+-\w+-\w+-\w+-\w+}}
Vary: Accept-Encoding, User-Agent
Content-Encoding: gzip
</responseHeader>
  <requestHeader class="java.lang.String">Connection: close
Referer: http://localhost:8080/ecommunications_enu_nsm_aps05524a027/start.swe?SWENeedContext=false&amp;SWECmd=GetCachedFrame&amp;SWEACn=23534&amp;SWEC=3&amp;SWEFrame=top._sweclient._swecontent._sweview&amp;SWEBID=-1&amp;SRN=xK7T2pIB2ZOV15hwlQxQF5reKcoUB8VpMTZr7we8uAEb&amp;SWETS=
Accept-Language: en-GB
DNT: 1
Accept-Encoding: gzip, deflate
Accept: image/jpeg, application/x-ms-application, image/gif, application/xaml+xml, image/pjpeg, application/x-ms-xbap, */*
User-Agent: Mozilla/4.0 (compatible; MSIE 7.0; Windows NT 6.3; WOW64; Trident/7.0; .NET4.0E; .NET4.0C; .NET CLR 3.5.30729; .NET CLR 2.0.50727; .NET CLR 3.0.30729)
Host: localhost:8080
</requestHeader>
  <responseData class="java.lang.String">&lt;html&gt;&lt;body onLoad=&quot;OnLoadProcessRPCInfo()&quot;&gt;
&lt;script language=&quot;javascript&quot; src=&quot;23048/scripts/swecommon.js&quot;&gt;&lt;/script&gt;
&lt;script&gt;Top().SetBusy(false);function OnLoadProcessRPCInfo()
{
Top()._swe._sweapp.S_App.ProcessRPCInfo(&quot;@0`1`7`3``0`Target`top._sweclient._swecontent._sweview`UC`1`ViewId``Status`NewLayout`View`Sales Order-Browse Catalog Category Details View - Add to Cart`SWEC`52`SRN`xK7T2pIB2ZOV15hwlQxQF5reKcoUB8VpMTZr7we8uAEb`0`4`api`0`2`0`sc`0`rqc`52`v`5*Items5*&amp;nbsp11*Stock Level14*BT Stock Level17*Price Starting At11*Check Stock17*BTCheckStockLevel13*AddToTemplate19*ButtonAddToTemplate11*DisplayName16*LabelDisplayName16*LabelDescription`0`1`nbo`0`2`8`boi`3``n`Order Entry (Sales\)`z``0`1`nbc`0`2`2`bci`3`S_BC1`n`UMF Passive Message Virtual BusComp`cdl`1`0`2`fl`0`8`0`f`0`itx`1`n`1353`sc`0`l`2500`crf`215`dft`5`t`220`dn`1354`11`0`f`0`itx`1`n`183`sc`0`irq`1`l`15`crf`215`dft`5`ihn`1`iro`1`t`214`dn`183`3`1`rl`0`inrk`1`nmr`0`atr`-1`1`0`tr`0`v``0`1`nbc`0`3`2`bci`3`S_BC2`n`Order Entry - Orders`shd`27*Order_Entry__Orders_BusComp61*srf1592409810_444/bscripts/all/buscomp_order_entry__orders.js`sh`1574`0`28`fl`0`9`0`f`0`itx`1`n`158`sc`0`irq`1`l`30`crf`215`dft`5`t`220`dn`159`9`0`f`0`itx`1`n`100`sc`0`l`100`ibp`1`crf`215`dft`5`t`220`dn`100`9`0`f`0`itx`1`n`208`sc`0`l`100`ibp`1`crf`215`dft`5`t`220`dn`208`10`0`f`0`n`1375`sc`2`icl`1`inm`1`l`25`crf`1027`dft`5`iro`1`t`221`dn`1374`11`0`f`0`itx`1`n`751`sc`0`ipc`1`irq`1`l`20`ibp`1`crf`215`dft`5`t`220`dn`982`7`0`f`0`n`1028`sc`0`l`32`crf`215`dft`5`t`219`dn`1028`8`0`f`0`n`1376`sc`0`inm`1`l`16`crf`215`dft`5`t`1306`dn`1376`9`0`f`0`itx`1`n`110`sc`0`l`50`ibp`1`crf`215`dft`5`t`220`dn`1377`11`0`f`0`itx`1`n`115`sc`0`ipc`1`irq`1`l`30`ibp`1`crf`215`dft`5`t`220`dn`115`9`0`f`0`itx`1`n`142`sc`0`l`50`ibp`1`crf`215`dft`5`t`220`dn`142`10`0`f`0`itx`1`n`165`sc`0`ipc`1`l`50`ibp`1`crf`215`dft`5`t`220`dn`119`9`0`f`0`itx`1`n`134`sc`0`l`50`ibp`1`crf`215`dft`5`t`220`dn`314`10`0`f`0`n`145`sc`0`irq`1`l`32`crf`215`dft`5`ihn`1`iro`1`t`226`dn`145`9`0`f`0`itx`1`n`135`sc`0`l`50`crf`215`dft`5`iro`1`t`220`dn`313`8`0`f`0`n`1386`sc`0`ipc`1`l`32`crf`215`dft`1885`t`226`dn`184`9`0`f`0`n`1388`sc`7`ipc`1`inm`1`l`18`crf`215`dft`5`t`1029`dn`1388`8`0`f`0`itx`1`n`121`sc`0`l`255`crf`215`dft`5`t`220`dn`1110`9`0`f`0`itx`1`n`888`sc`0`l`100`ibp`1`crf`215`dft`5`t`220`dn`888`8`0`f`0`n`162`sc`0`ipc`1`l`32`crf`215`dft`1024`t`226`dn`162`7`0`f`0`n`1392`sc`0`l`32`crf`215`dft`1024`t`226`dn`1393`9`0`f`0`itx`1`n`1395`sc`0`l`100`ibp`1`crf`215`dft`5`t`220`dn`1394`10`0`f`0`itx`1`n`1397`sc`0`icl`1`l`255`crf`215`dft`5`iro`1`t`220`dn`1396`8`0`f`0`itx`1`n`1399`sc`0`l`1`crf`215`dft`5`t`218`dn`1398`8`0`f`0`itx`1`n`1401`sc`0`l`100`crf`215`dft`5`t`220`dn`1401`9`0`f`0`itx`1`n`1404`sc`0`l`30`ibp`1`crf`215`dft`5`t`220`dn`1403`10`0`f`0`n`1407`sc`2`icl`1`inm`1`l`25`crf`1027`dft`5`iro`1`t`221`dn`1407`10`0`f`0`n`1409`sc`2`icl`1`inm`1`l`25`crf`1027`dft`5`iro`1`t`221`dn`1409`11`0`f`0`itx`1`n`183`sc`0`irq`1`l`15`crf`215`dft`5`ihn`1`iro`1`t`214`dn`183`3`2`rl`0`crnm`1`nmr`1`atr`0`2`0`r`0`v`19*VOL013-47326074854715*Blazemeter Demo0*1*03*GBP10*06/23/20201*110*13384053567*Pending19*Consumer Price List11*Sales Order4*Demo19*06/23/2020 14:02:5210*Blazemeter19*06/24/2020 00:00:000*0*15*Blazemeter Demo19*06/23/2020 14:02:5219*06/23/2020 14:02:520*0*1*N10*3-61EV8AO30*1*01*010*3-61EV8AO3`i`3-61EV8AO3`1`0`tr`0`v``0`1`nbc`0`2`2`bci`3`S_BC8`n`Quote Catalog`st`1886`0`1`fl`0`11`0`f`0`itx`1`n`183`sc`0`irq`1`l`15`crf`215`dft`5`ihn`1`iro`1`t`214`dn`183`4`2`rl`0`inrk`1`crnm`1`nmr`5`atr`0`2`0`r`0`v`8*1-ZOIRIS`i`1-ZOIRIS`1`0`tr`0`v``0`1`nbc`0`4`2`bci`3`S_BC5`n`Quote Catalog Category`st`1649`cac`1`pi`S_BC8`0`2`fl`0`8`0`f`0`itx`1`n`653`sc`0`l`100`crf`215`dft`5`t`220`dn`653`11`0`f`0`itx`1`n`183`sc`0`irq`1`l`15`crf`215`dft`5`ihn`1`iro`1`t`214`dn`183`3`2`rl`0`crnm`1`nmr`1`atr`0`2`0`r`0`v`24*BT Broadband and BB Talk9*1-2NY1OVT`i`1-2NY1OVT`1`0`tr`0`v``0`1`nbc`0`6`2`bci`3`S_BC3`n`Quote Catalog Internal Product by Price List Optional 2`st`1886`cdl`1`cac`1`hac`1`pi`S_BC5`0`11`fl`0`9`0`f`0`itx`1`n`1643`sc`0`l`200`crf`215`dft`5`iro`1`t`220`dn`1890`9`0`f`0`itx`1`n`99`sc`0`irq`1`l`100`crf`215`dft`5`t`220`dn`140`8`0`f`0`itx`1`n`121`sc`0`l`255`crf`215`dft`5`t`220`dn`121`8`0`f`0`itx`1`n`1892`sc`0`l`30`crf`215`dft`5`t`220`dn`1891`9`0`f`0`n`1876`sc`2`inm`1`l`25`crf`1888`dft`5`iro`1`t`221`dn`1876`9`0`f`0`itx`1`n`751`sc`0`l`20`crf`215`dft`5`iro`1`t`220`dn`751`9`0`f`0`n`1328`sc`2`icl`1`inm`1`l`25`crf`1888`dft`5`t`221`dn`1329`9`0`f`0`n`892`sc`0`icl`1`inm`1`l`16`crf`215`dft`5`t`1306`dn`1325`8`0`f`0`itx`1`n`1895`sc`0`l`1`crf`215`dft`5`t`218`dn`1894`9`0`f`0`itx`1`n`1327`sc`0`icl`1`l`255`crf`215`dft`5`t`220`dn`1327`11`0`f`0`itx`1`n`183`sc`0`irq`1`l`15`crf`215`dft`5`ihn`1`iro`1`t`214`dn`183`3`1`rl`0`inrk`1`nmr`0`atr`-1`1`0`tr`0`v``0`1`nbc`0`7`2`bci`3`S_BC4`n`Order Entry - Line Items`shd`31*Order_Entry__Line_Items_BusComp65*srf1592409810_444/bscripts/all/buscomp_order_entry__line_items.js`st`762`cdl`1`cac`1`pi`S_BC2`hhr`1`0`12`fl`0`9`0`f`0`itx`1`n`140`sc`0`l`100`ibp`1`crf`215`dft`5`t`220`dn`140`10`0`f`0`n`1324`sc`0`ipc`1`inm`1`irq`1`l`16`crf`215`dft`5`t`1306`dn`1325`10`0`f`0`n`1462`sc`2`icl`1`inm`1`l`25`crf`1027`dft`5`iro`1`t`221`dn`1329`11`0`f`0`itx`1`n`751`sc`0`ipc`1`irq`1`l`20`ibp`1`crf`215`dft`5`t`220`dn`751`9`0`f`0`n`1028`sc`0`ipc`1`irq`1`l`32`crf`215`dft`5`t`219`dn`1028`8`0`f`0`itx`1`n`1326`sc`0`l`30`crf`215`dft`5`t`220`dn`1463`8`0`f`0`n`1465`sc`6`inm`1`l`18`crf`215`dft`5`t`1029`dn`1464`11`0`f`0`itx`1`n`183`sc`0`irq`1`l`15`crf`215`dft`5`ihn`1`iro`1`t`214`dn`183`8`0`f`0`sc`0`n`824`l`255`crf`1020`ihn`1`iro`1`dn`824`t`220`8`0`f`0`sc`0`n`1019`l`255`crf`1020`ihn`1`iro`1`dn`1019`t`220`8`0`f`0`sc`0`n`1021`l`255`crf`1020`ihn`1`iro`1`dn`1021`t`220`8`0`f`0`sc`0`n`1022`l`255`crf`1020`ihn`1`iro`1`dn`1022`t`220`3`1`rl`0`inrk`1`nmr`0`atr`-1`1`0`tr`0`v``0`1`nbc`0`5`2`bci`3`S_BC6`n`Quote Catalog Subcategory`st`1649`cdl`1`cac`1`pi`S_BC5`0`2`fl`0`9`0`f`0`itx`1`n`653`sc`0`l`100`crf`215`dft`5`iro`1`t`220`dn`653`11`0`f`0`itx`1`n`183`sc`0`irq`1`l`15`crf`215`dft`5`ihn`1`iro`1`t`214`dn`183`4`7`rl`0`inrk`1`crnm`1`nmr`6`atr`0`2`0`r`0`v`16*Universal Offers9*1-2NY1OVU`i`1-2NY1OVU`2`0`r`0`v`18*Acquisition Offers9*1-2NY1OWZ`i`1-2NY1OWZ`2`0`r`0`v`31*Copper promotions in Fibre Area10*2-157PM8MJ`i`2-157PM8MJ`2`0`r`0`v`18*Employee Broadband9*1-7NW3KVG`i`1-7NW3KVG`2`0`r`0`v`12*Tech Experts10*2-129MWHPI`i`2-129MWHPI`2`0`r`0`v`20*Warranty Replacement9*1-9C6JV0K`i`1-9C6JV0K`1`0`tr`0`v``0`1`nbc`0`2`2`bci`3`S_BC7`n`Quote Catalog Internal Product by Price List Optional`cdl`1`0`1`fl`0`11`0`f`0`itx`1`n`183`sc`0`irq`1`l`15`crf`215`dft`5`ihn`1`iro`1`t`214`dn`183`2`1`rl`0`nmr`0`atr`-1`1`0`tr`0`v``1`1`nv`0`imv`1`6`8`vi`3``vt`STANDARD`ich`0`n`Sales Order-Browse Catalog Category Details View - Add to Cart`pu`http://localhost:8080/ecommunications_enu_nsm_aps05524a027/start.swe`tt`Category`tb`&lt;span id=\&apos;s_tb\&apos;&gt;&lt;table datatable=\&quot;0\&quot; summary=\&quot;\&quot; cellpadding=\&quot;0\&quot; cellspacing=\&quot;0\&quot; border=\&quot;0\&quot;&gt;&lt;tr&gt;&lt;td&gt;&lt;span class=\&quot;threadbar\&quot;&gt;&lt;a href=\&apos;JavaScript:{App(\).GotoView(\&quot;Sales Order-Browse Catalog View\&quot;, \&quot;\&quot;, \&quot;/ecommunications_enu_nsm_aps05524a027/start.swe?SWENeedContext=false&amp;SWECmd=GotoBookmarkView&amp;SWEBMC=48&amp;SWEC=52&amp;SWEBID=-1&amp;SRN=xK7T2pIB2ZOV15hwlQxQF5reKcoUB8VpMTZr7we8uAEb&amp;SWETS=&amp;SWEKeepContext=1\&quot;, window\);void(0\)}\&apos; &gt;&lt;nobr&gt;Catalog:\&lt;\/nobr&gt;\&lt;\/a&gt;\&lt;\/span&gt;\&lt;\/td&gt;&lt;td&gt;&lt;img src=\&quot;images/spacer.gif\&quot; width=\&quot;5\&quot; height=\&quot;1\&quot; alt=\&quot;\&quot;&gt;\&lt;\/td&gt;&lt;td&gt;&lt;span class=\&quot;threadbardiv\&quot;&gt;&amp;nbsp;&amp;gt;&amp;nbsp;\&lt;\/span&gt;\&lt;\/td&gt;&lt;td&gt;&lt;span class=\&quot;threadbar\&quot;&gt;&lt;nobr&gt;Category:\&lt;\/nobr&gt;\&lt;\/span&gt;\&lt;\/td&gt;&lt;td&gt;&lt;img src=\&quot;images/spacer.gif\&quot; width=\&quot;5\&quot; height=\&quot;1\&quot; alt=\&quot;\&quot;&gt;\&lt;\/td&gt;&lt;td&gt;\&lt;\/td&gt;\&lt;\/tr&gt;\&lt;\/table&gt;\&lt;\/span&gt;`0`1`nla`0`18`4`ai`3`S_A1`nfi`1`n`UMF Message List Applet - SI`cud`2*451*04*13451*04*13441*03*3101*04*13371*04*13381*04*13411*04*13461*04*13491*04*13511*03*6351*02*431*02*121*02*401*02*391*04*13551*04*13561*04*13571*04*13581*04*13591*04*13601*04*13611*04*13621*04*13631*04*13641*04*13531*0`dqy`1`cik`2*451*12*401*02*391*03*3101*04*13401*14*13431*14*13481*14*13501*14*13521*13*6351*12*431*02*211*02*221*12*231*12*241*12*251*02*261*02*271*02*281*02*291*02*301*02*311*02*321*02*331*02*341*02*351*02*361*12*371*02*381*02*411*02*421*02*201*02*441*12*461*12*471*02*481*02*491*02*501*02*511*02*521*02*531*02*541*12*551*02*561*12*571*0`pf`VER_1.0_~0|Message Text|100`rct`5`asq`6`vrn`S_A1`tt`1335`inu`1`hmn`1`rsp`false`bnr`0`iem``bci`S_BC1`hlc`3*a_11*11*2`i`1`0`9`cl`0`4`1`cc`0`sp`s_1_1_4_0`n`1337`t`1336`fn`5`0`2`cc`0`2`0`SpanInnerHTML`0`HTML_SPAN_ID`PRODUCT_SELECTION_UMF Message List Applet - SI`HTML_SRC`&lt;a id=\&quot;SWETopHidden1\&quot; href=\&quot;javascript:void(0\);\&quot; tabindex=\&quot;7000\&quot; title=\&quot;Not Used\&quot;&gt;\&lt;\/a&gt;&lt;form name=\&quot;SWEForm1_0\&quot; method=\&quot;post\&quot; action=\&quot;/ecommunications_enu_nsm_aps05524a027/start.swe\&quot; &gt;\n&lt;div class=\&quot;NotSelected\&quot; id=\&quot;a_1\&quot;&gt;&lt;table datatable=\&quot;0\&quot; summary=\&quot;\&quot; width=\&quot;100%\&quot; cellspacing=\&quot;0\&quot; cellpadding=\&quot;2\&quot; border=\&quot;0\&quot; align=\&quot;center\&quot;&gt;&lt;tr class=\&quot;AppletButtons\&quot; align=\&quot;left\&quot;&gt;&lt;td&gt;&lt;img src=\&quot;images/spacer.gif\&quot; width=\&quot;4\&quot; height=\&quot;1\&quot; alt=\&quot;\&quot;&gt;\&lt;\/td&gt;&lt;td nowrap&gt;&lt;a href=\&apos;JavaScript:void(0\)\&apos; onclick=\&apos;window.s_1_1_4_0.EventPreInvoke(\&quot;PositionOnRow\&quot;,\&quot;False\&quot;,\&quot;\&quot;,\&quot;\&quot;\); return false;\&apos;  tabindex=7997  id=\&apos;s_1_1_3_0_si\&apos;&gt;&lt;img src=\&quot;images/row_off_d.gif\&quot; border=\&quot;0\&quot; space=\&quot;0\&quot; hspace=\&quot;0\&quot; alt=\&quot;Select record\&quot;  title=\&quot;Select record\&quot; &gt;\&lt;\/img&gt;\&lt;\/a&gt;\&lt;\/td&gt;&lt;td&gt;&lt;table datatable=\&quot;0\&quot; summary=\&quot;\&quot; width=\&quot;100%\&quot; valign=\&quot;top\&quot; align=\&quot;center\&quot; cellpadding=\&apos;0\&apos; cellspacing=\&apos;0\&apos; border=\&apos;0\&apos;&gt;\&lt;\/table&gt;\&lt;\/td&gt;&lt;td nowrap&gt;&amp;nbsp;&lt;b&gt;\&lt;\/b&gt;\&lt;\/td&gt;&lt;td align=\&quot;right\&quot; width=\&quot;100%\&quot;&gt;&lt;td valign=\&quot;middle\&quot; nowrap&gt;&lt;span id=\&apos;SWEApplet1_ctrlmsg\&apos;&gt;\&lt;\/span&gt;\&lt;\/td&gt;&lt;td valign=\&quot;middle\&quot; nowrap&gt;&amp;nbsp;No Records&amp;nbsp;\&lt;\/td&gt;&lt;td valign=\&quot;middle\&quot;&gt;&amp;nbsp;&lt;img src=\&quot;images/btn_div_gray.gif\&quot; height=\&quot;13\&quot; align=\&quot;middle\&quot; alt=\&quot;\&quot;&gt;&amp;nbsp;\&lt;\/td&gt;\&lt;\/td&gt;&lt;td valign=\&quot;top\&quot; align=\&quot;right\&quot;&gt;\&lt;\/td&gt;\&lt;\/tr&gt;\&lt;\/table&gt;&lt;div class=\&quot;AppletHIListBorder\&quot;&gt;&lt;table width=\&quot;100%\&quot; cellpadding=\&quot;0\&quot; cellspacing=\&quot;0\&quot; border=\&quot;0\&quot; align=\&quot;center\&quot; class=\&quot;AppletBack\&quot; datatable=\&quot;0\&quot; summary=\&quot;\&quot;&gt;&lt;tr&gt;&lt;td class = \&quot;AppletHIListBorder\&quot;&gt;&lt;table valign=\&quot;top\&quot; width=\&quot;100%\&quot; cellpadding=\&quot;2\&quot; cellspacing=\&quot;0\&quot; border=\&quot;0\&quot; borderColor=\&quot;#cccccc\&quot; datatable=\&quot;1\&quot; summary=\&quot;\&quot;&gt;&lt;tr class=\&quot;Header\&quot;&gt;&lt;th class=\&quot;Header\&quot; align=\&quot;center\&quot; scope=\&quot;col\&quot;&gt;&amp;nbsp;\&lt;\/th&gt;&lt;th  width=\&quot;100\&quot; class=\&quot;Header\&quot; scope=\&quot;col\&quot; abbr=\&quot;\&quot;&gt;&lt;table cellpadding=\&quot;0\&quot; cellspacing=\&quot;0\&quot; border=\&quot;0\&quot; datatable=\&quot;0\&quot; summary=\&quot;\&quot;&gt;&lt;tr&gt;&lt;td&gt;Message\&lt;\/td&gt;&lt;td&gt;&amp;nbsp;\&lt;\/td&gt;&lt;td&gt; &lt;table cellpadding=\&quot;0\&quot; cellspacing=\&quot;0\&quot; border=\&quot;0\&quot; datatable=\&quot;0\&quot; summary=\&quot;\&quot;&gt;&lt;tr&gt;&lt;td&gt;\&lt;\/td&gt;\&lt;\/tr&gt;&lt;tr&gt;&lt;td&gt;\&lt;\/td&gt;\&lt;\/tr&gt;\&lt;\/table&gt;\&lt;\/td&gt;\&lt;\/tr&gt;\&lt;\/table&gt;\&lt;\/th&gt;\&lt;\/tr&gt;\&lt;\/table&gt;\&lt;\/td&gt;\&lt;\/tr&gt;\&lt;\/table&gt;\&lt;\/div&gt;\&lt;\/div&gt;\&lt;\/span&gt;&lt;span id=\&apos;s_0\&apos;&gt;\&lt;\/span&gt;\&lt;\/form&gt;\n&lt;a id=\&quot;SWEEndAppletStartAnchor_1\&quot; href=\&quot;javascript:void(0\);\&quot; tabindex=\&quot;7999\&quot;&gt;\&lt;\/a&gt;&lt;a id=\&quot;SWEEndAppletEndAnchor_1\&quot; href=\&quot;javascript:void(0\);\&quot; tabindex=\&quot;7999\&quot; onfocus=\&quot;document.getElementById(\&apos;SWEEndAppletStartAnchor_1\&apos;\).focus(\);\&quot;&gt;\&lt;\/a&gt;`0`0`AppletRowData`0`23`1`c`0`pt`5`sp`s_1_1_5_0`dm`7`w`0`n`1338`pw`0`ph`0`ju`6`sq`7997`pan`5`mn`1340`ibp`1`crf`8`sdy`0`h`0`iec`1`dft`5`ime`5`dmc`0`t`67`dn`1339`fn`5`msz`32`13`0`imp`0`SWEField`s_1_1_5_0`SWENeedContext`true`SWER`65535`SWESP`false`SWEMethod`ResponseMethod0`SWECmd`InvokeMethod`SWEDIC`false`SWEReqRowId`0`SWEView`Sales Order-Browse Catalog Category Details View - Add to Cart`SWEC`52`SWEBID`-1`SRN`xK7T2pIB2ZOV15hwlQxQF5reKcoUB8VpMTZr7we8uAEb`SWEApplet`UMF Message List Applet - SI`23`1`c`0`pt`5`sp`s_1_1_6_0`dm`7`w`0`n`1341`pw`0`ph`0`ju`6`sq`7997`pan`5`mn`1343`ibp`1`crf`8`sdy`0`h`0`iec`1`dft`5`ime`5`dmc`0`t`67`dn`1342`fn`5`msz`32`13`0`imp`0`SWEField`s_1_1_6_0`SWENeedContext`true`SWER`65535`SWESP`false`SWEMethod`ResponseMethod1`SWECmd`InvokeMethod`SWEDIC`false`SWEReqRowId`0`SWEView`Sales Order-Browse Catalog Category Details View - Add to Cart`SWEC`52`SWEBID`-1`SRN`xK7T2pIB2ZOV15hwlQxQF5reKcoUB8VpMTZr7we8uAEb`SWEApplet`UMF Message List Applet - SI`25`1`c`0`pt`5`sp`s_1_1_2_0`dm`69`w`0`n`1344`eb`&lt;img src=\&quot;images/rcnv_prvset_1.gif\&quot; border=\&quot;0\&quot; space=\&quot;0\&quot; hspace=\&quot;0\&quot; alt=\&quot;Previous record set\&quot;  title=\&quot;Previous record set\&quot; &gt;`pw`0`db`&lt;img src=\&quot;images/rcnv_prvset_0.gif\&quot; border=\&quot;0\&quot; space=\&quot;0\&quot; hspace=\&quot;0\&quot; alt=\&quot;Previous record set\&quot;  title=\&quot;Previous record set\&quot; &gt;`ph`0`ju`6`sq`7997`pan`5`mn`39`ibp`1`crf`8`sdy`0`h`0`iec`1`dft`5`ime`5`dmc`0`t`67`dn`5`fn`5`msz`32`13`0`imp`0`SWEField`s_1_1_2_0`SWENeedContext`true`SWER`65535`SWESP`false`SWEMethod`GotoPreviousSet`SWECmd`InvokeMethod`SWEDIC`false`SWEReqRowId`0`SWEView`Sales Order-Browse Catalog Category Details View - Add to Cart`SWEC`52`SWEBID`-1`SRN`xK7T2pIB2ZOV15hwlQxQF5reKcoUB8VpMTZr7we8uAEb`SWEApplet`UMF Message List Applet - SI`25`1`c`0`pt`5`sp`s_1_1_1_0`dm`69`w`0`n`1345`eb`&lt;img src=\&quot;images/rcnv_nxtset_1.gif\&quot; border=\&quot;0\&quot; space=\&quot;0\&quot; hspace=\&quot;0\&quot; alt=\&quot;Next record set\&quot;  title=\&quot;Next record set\&quot; &gt;`pw`0`db`&lt;img src=\&quot;images/rcnv_nxtset_0.gif\&quot; border=\&quot;0\&quot; space=\&quot;0\&quot; hspace=\&quot;0\&quot; alt=\&quot;Next record set\&quot;  title=\&quot;Next record set\&quot; &gt;`ph`0`ju`6`sq`7997`pan`5`mn`40`ibp`1`crf`8`sdy`0`h`0`iec`1`dft`5`ime`5`dmc`0`t`67`dn`5`fn`5`msz`32`13`0`imp`0`SWEField`s_1_1_1_0`SWENeedContext`true`SWER`65535`SWESP`false`SWEMethod`GotoNextSet`SWECmd`InvokeMethod`SWEDIC`false`SWEReqRowId`0`SWEView`Sales Order-Browse Catalog Category Details View - Add to Cart`SWEC`52`SWEBID`-1`SRN`xK7T2pIB2ZOV15hwlQxQF5reKcoUB8VpMTZr7we8uAEb`SWEApplet`UMF Message List Applet - SI`23`1`c`0`pt`5`sp`s_1_1_7_0`dm`7`w`0`n`1346`pw`0`ph`0`ju`6`sq`7997`pan`5`mn`1348`ibp`1`crf`8`sdy`0`h`0`iec`1`dft`5`ime`5`dmc`0`t`67`dn`1347`fn`5`msz`32`13`0`imp`0`SWEField`s_1_1_7_0`SWENeedContext`true`SWER`65535`SWESP`false`SWEMethod`ResponseMethod2`SWECmd`InvokeMethod`SWEDIC`false`SWEReqRowId`0`SWEView`Sales Order-Browse Catalog Category Details View - Add to Cart`SWEC`52`SWEBID`-1`SRN`xK7T2pIB2ZOV15hwlQxQF5reKcoUB8VpMTZr7we8uAEb`SWEApplet`UMF Message List Applet - SI`23`1`c`0`pt`5`sp`s_1_1_8_0`dm`7`w`0`n`1349`pw`0`ph`0`ju`6`sq`7997`pan`5`mn`1350`ibp`1`crf`8`sdy`0`h`0`iec`1`dft`5`ime`5`dmc`0`t`67`dn`1347`fn`5`msz`32`13`0`imp`0`SWEField`s_1_1_8_0`SWENeedContext`true`SWER`65535`SWESP`false`SWEMethod`ResponseMethod3`SWECmd`InvokeMethod`SWEDIC`false`SWEReqRowId`0`SWEView`Sales Order-Browse Catalog Category Details View - Add to Cart`SWEC`52`SWEBID`-1`SRN`xK7T2pIB2ZOV15hwlQxQF5reKcoUB8VpMTZr7we8uAEb`SWEApplet`UMF Message List Applet - SI`23`1`c`0`pt`5`sp`s_1_1_9_0`dm`7`w`0`n`1351`pw`0`ph`0`ju`6`sq`7997`pan`5`mn`1352`ibp`1`crf`8`sdy`0`h`0`iec`1`dft`5`ime`5`dmc`0`t`67`dn`1347`fn`5`msz`32`13`0`imp`0`SWEField`s_1_1_9_0`SWENeedContext`true`SWER`65535`SWESP`false`SWEMethod`ResponseMethod4`SWECmd`InvokeMethod`SWEDIC`false`SWEReqRowId`0`SWEView`Sales Order-Browse Catalog Category Details View - Add to Cart`SWEC`52`SWEBID`-1`SRN`xK7T2pIB2ZOV15hwlQxQF5reKcoUB8VpMTZr7we8uAEb`SWEApplet`UMF Message List Applet - SI`25`1`c`0`pt`5`sp`s_1_1_3_0`dm`69`w`0`n`310`eb`&lt;img src=\&quot;images/row_off_d.gif\&quot; border=\&quot;0\&quot; space=\&quot;0\&quot; hspace=\&quot;0\&quot; alt=\&quot;Select record\&quot;  title=\&quot;Select record\&quot; &gt;`pw`0`db`&lt;img src=\&quot;images/row_on_d.gif\&quot; border=\&quot;0\&quot; space=\&quot;0\&quot; hspace=\&quot;0\&quot; alt=\&quot;Record selected\&quot;  title=\&quot;Record selected\&quot; &gt;`ph`0`ju`6`sq`7997`pan`5`mn`310`ibp`1`crf`8`sdy`0`h`0`iec`1`dft`5`ime`5`dmc`0`t`67`dn`5`fn`5`msz`32`13`0`imp`0`SWEField`s_1_1_3_0`SWENeedContext`true`SWER`65535`SWESP`false`SWEMethod`PositionOnRow`SWECmd`InvokeMethod`SWEDIC`false`SWEReqRowId`0`SWEView`Sales Order-Browse Catalog Category Details View - Add to Cart`SWEC`52`SWEBID`-1`SRN`xK7T2pIB2ZOV15hwlQxQF5reKcoUB8VpMTZr7we8uAEb`SWEApplet`UMF Message List Applet - SI`1`0`cfm`0`DeleteRecord`IDS_SWE_DELETE_CONFIRM_WARNING`0`1`col`0`24`0`co`0`pt`5`sp`s_1_2_25_`dm`69`w`100`csq`1`n`1353`pw`0`ph`0`ju`6`sq`7997`pan`5`ibp`1`crf`8`sdy`0`h`0`iec`1`dft`5`cix`0`ime`5`dmc`0`t`4`dn`1354`fn`1353`msz`2500`0`2`pcl`0`2`0`pc`0`allowPC`false`ProdSelectionCC``2`0`pc`0`allowPC`false`AppletTitle``0`1`nla`0`20`4`ai`3`S_A3`cdfe`ProdSelectionCC`nfi`1`n`Sales Order Catalog Product List Applet - Add to Cart`cud`4*18711*12*401*12*391*14*13371*12*641*13*1051*12*121*14*18681*14*18971*14*18741*14*18791*14*18941*04*18911*04*13261*04*15061*04*13221*04*18931*03*8921*04*18801*02*991*03*1211*04*18761*04*16431*0`cik`4*18731*12*401*02*391*02*201*04*18701*04*18961*14*13221*14*18781*12*211*02*221*12*231*12*241*12*251*02*261*02*271*02*281*02*291*12*301*02*311*02*321*02*331*02*341*02*351*02*361*12*371*02*381*02*411*02*421*02*431*02*441*12*451*12*461*12*471*02*481*02*491*02*501*02*511*02*521*02*531*02*541*12*551*02*561*12*571*0`pf`VER_1.0_~0|ThumbnImageFileName|100~0|Name|100~0|Description|100~0|Stock Level|100~0|List Price|100~0|Your Price|100~0|Price Starting At|100~0|Quantity|100~0|Check Stock|100~0|Eligibility Comments|200`shd`59*Sales_Order_Catalog_Product_List_Applet__Add_to_Cart_Applet93*srf1592409810_444/bscripts/all/applet_sales_order_catalog_product_list_applet__add_to_cart.js`rct`10`asq`4`ied`1`vrn`S_A3`tt`1889`inu`0`hmn`1`rsp`false`bnr`0`iem``bci`S_BC3`hlc`3*a_31*11*2`i`3`0`7`cl`0`4`1`cc`0`sp`s_3_1_3_0`n`1337`t`1336`fn`5`0`2`cc`0`2`0`SpanInnerHTML`0`HTML_SPAN_ID`PRODUCT_SELECTION_Sales Order Catalog Product List Applet - Add to Cart`HTML_SRC`&lt;a id=\&quot;SWETopHidden3\&quot; href=\&quot;javascript:void(0\);\&quot; tabindex=\&quot;5000\&quot; title=\&quot;Not Used\&quot;&gt;\&lt;\/a&gt;&lt;table datatable=\&quot;0\&quot; summary=\&quot;\&quot; cellpadding=\&quot;0\&quot; cellspacing=\&quot;0\&quot; border=\&quot;0\&quot;&gt;&lt;tr&gt;&lt;td&gt;&lt;img src=\&quot;images/spacer.gif\&quot; width=\&quot;1\&quot; height=\&quot;3\&quot; alt=\&quot;\&quot;&gt;\&lt;\/td&gt;\&lt;\/tr&gt;\&lt;\/table&gt;&lt;span class=\&quot;AppletStyle5\&quot;&gt;&lt;form name=\&quot;SWEForm3_0\&quot; method=\&quot;post\&quot; action=\&quot;/ecommunications_enu_nsm_aps05524a027/start.swe\&quot; &gt;\n&lt;table datatable=\&quot;0\&quot; summary=\&quot;\&quot; width=\&quot;100%\&quot; cellspacing=\&quot;0\&quot; cellpadding=\&quot;0\&quot; border=\&quot;0\&quot; align=\&quot;center\&quot;&gt;&lt;tr class=\&quot;AppletTitle\&quot;&gt;&lt;td class=\&quot;AppletTitle\&quot; nowrap&gt;&lt;img src=\&quot;images/spacer.gif\&quot; width=\&quot;6\&quot; height=\&quot;1\&quot; alt=\&quot;\&quot;&gt;Items\&lt;\/td&gt;&lt;td width=\&quot;100%\&quot; class=\&quot;AppletTitle\&quot; align=\&quot;right\&quot;&gt;&amp;nbsp;\&lt;\/td&gt;&lt;td valign=\&quot;middle\&quot; nowrap&gt;&lt;span id=\&apos;SWEApplet3_ctrlmsg\&apos;&gt;\&lt;\/span&gt;\&lt;\/td&gt;&lt;td class=\&quot;AppletTitle\&quot; valign=\&quot;middle\&quot; nowrap&gt;&lt;img src=\&quot;images/rcnv_prvset_0.gif\&quot; border=\&quot;0\&quot; space=\&quot;0\&quot; hspace=\&quot;0\&quot; alt=\&quot;Previous record set\&quot;  title=\&quot;Previous record set\&quot; &gt;\&lt;\/img&gt;\&lt;\/td&gt;&lt;td&gt;&amp;nbsp;\&lt;\/td&gt;&lt;td class=\&quot;AppletTitle\&quot; valign=\&quot;middle\&quot; nowrap&gt;&amp;nbsp;No Records&amp;nbsp;\&lt;\/td&gt;&lt;td class=\&quot;AppletTitle\&quot; valign=\&quot;middle\&quot; nowrap&gt;&lt;img src=\&quot;images/rcnv_nxtset_0.gif\&quot; border=\&quot;0\&quot; space=\&quot;0\&quot; hspace=\&quot;0\&quot; alt=\&quot;Next record set\&quot;  title=\&quot;Next record set\&quot; &gt;\&lt;\/img&gt;\&lt;\/td&gt;\&lt;\/tr&gt;\&lt;\/table&gt;&lt;table datatable=\&quot;0\&quot; summary=\&quot;\&quot; width=\&quot;100%\&quot; valign=\&quot;top\&quot; align=\&quot;center\&quot; cellpadding=\&apos;0\&apos; cellspacing=\&apos;0\&apos; border=\&apos;0\&apos;&gt;\&lt;\/table&gt;&lt;table width=\&quot;100%\&quot; cellpadding=\&quot;0\&quot; cellspacing=\&quot;0\&quot; border=\&quot;0\&quot; align=\&quot;center\&quot; class=\&quot;AppletBack\&quot; datatable=\&quot;0\&quot; summary=\&quot;\&quot;&gt;&lt;tr&gt;&lt;td class = \&quot;AppletHIListBorder\&quot;&gt;&lt;table datatable=\&quot;0\&quot; summary=\&quot;\&quot; width=\&quot;100%\&quot; cellpadding=\&quot;1\&quot; cellspacing=\&quot;0\&quot; border=\&quot;0\&quot; align=\&quot;center\&quot;&gt;&lt;tr&gt;&lt;td class=\&quot;AppletBorder\&quot;&gt;&lt;table datatable=\&quot;0\&quot; summary=\&quot;\&quot; class=\&quot;AppletBack\&quot; valign=\&quot;top\&quot; width=\&quot;100%\&quot; cellpadding=\&quot;3\&quot; cellspacing=\&quot;0\&quot; border=\&quot;0\&quot;&gt;\&lt;\/table&gt;&lt;table datatable=\&quot;0\&quot; summary=\&quot;\&quot; width=\&quot;100%\&quot; class=\&quot;AppletBack\&quot; cellpadding=\&quot;2\&quot; cellspacing=\&quot;0\&quot; border=\&quot;0\&quot;&gt;&lt;tr&gt;&lt;td width=\&quot;100%\&quot;&gt;&amp;nbsp;\&lt;\/td&gt;\&lt;\/tr&gt;\&lt;\/table&gt;\&lt;\/td&gt;\&lt;\/tr&gt;\&lt;\/table&gt;\&lt;\/td&gt;\&lt;\/tr&gt;\&lt;\/table&gt;&lt;span id=\&apos;s_1\&apos;&gt;\&lt;\/span&gt;\&lt;\/form&gt;\n\&lt;\/span&gt;&lt;a id=\&quot;SWEEndAppletStartAnchor_3\&quot; href=\&quot;javascript:void(0\);\&quot; tabindex=\&quot;5999\&quot;&gt;\&lt;\/a&gt;&lt;a id=\&quot;SWEEndAppletEndAnchor_3\&quot; href=\&quot;javascript:void(0\);\&quot; tabindex=\&quot;5999\&quot; onfocus=\&quot;document.getElementById(\&apos;SWEEndAppletStartAnchor_3\&apos;\).focus(\);\&quot;&gt;\&lt;\/a&gt;`0`0`AppletRowData`0`25`1`c`0`pt`5`sp`s_3_1_2_0`dm`69`w`0`n`39`eb`&lt;img src=\&quot;images/rcnv_prvset_1.gif\&quot; border=\&quot;0\&quot; space=\&quot;0\&quot; hspace=\&quot;0\&quot; alt=\&quot;Previous record set\&quot;  title=\&quot;Previous record set\&quot; &gt;`pw`0`db`&lt;img src=\&quot;images/rcnv_prvset_0.gif\&quot; border=\&quot;0\&quot; space=\&quot;0\&quot; hspace=\&quot;0\&quot; alt=\&quot;Previous record set\&quot;  title=\&quot;Previous record set\&quot; &gt;`ph`0`ju`6`sq`5997`pan`5`mn`39`ibp`1`crf`8`sdy`0`h`0`iec`1`dft`5`ime`5`dmc`0`t`67`dn`381`fn`5`msz`32`14`0`imp`0`SWEField`s_3_1_2_0`SWENeedContext`true`SWER`65535`SWESP`false`SWERowIds`SWERowId0=1-ZOIRIS,SWERowId1=1-2NY1OVT`SWEMethod`GotoPreviousSet`SWECmd`InvokeMethod`SWEDIC`false`SWEReqRowId`0`SWEView`Sales Order-Browse Catalog Category Details View - Add to Cart`SWEC`52`SWEBID`-1`SRN`xK7T2pIB2ZOV15hwlQxQF5reKcoUB8VpMTZr7we8uAEb`SWEApplet`Sales Order Catalog Product List Applet - Add to Cart`25`1`c`0`pt`5`sp`s_3_1_1_0`dm`69`w`0`n`40`eb`&lt;img src=\&quot;images/rcnv_nxtset_1.gif\&quot; border=\&quot;0\&quot; space=\&quot;0\&quot; hspace=\&quot;0\&quot; alt=\&quot;Next record set\&quot;  title=\&quot;Next record set\&quot; &gt;`pw`0`db`&lt;img src=\&quot;images/rcnv_nxtset_0.gif\&quot; border=\&quot;0\&quot; space=\&quot;0\&quot; hspace=\&quot;0\&quot; alt=\&quot;Next record set\&quot;  title=\&quot;Next record set\&quot; &gt;`ph`0`ju`6`sq`5997`pan`5`mn`40`ibp`1`crf`8`sdy`0`h`0`iec`1`dft`5`ime`5`dmc`0`t`67`dn`382`fn`5`msz`32`14`0`imp`0`SWEField`s_3_1_1_0`SWENeedContext`true`SWER`65535`SWESP`false`SWERowIds`SWERowId0=1-ZOIRIS,SWERowId1=1-2NY1OVT`SWEMethod`GotoNextSet`SWECmd`InvokeMethod`SWEDIC`false`SWEReqRowId`0`SWEView`Sales Order-Browse Catalog Category Details View - Add to Cart`SWEC`52`SWEBID`-1`SRN`xK7T2pIB2ZOV15hwlQxQF5reKcoUB8VpMTZr7we8uAEb`SWEApplet`Sales Order Catalog Product List Applet - Add to Cart`23`1`c`0`pt`5`sp`s_3_1_10_0`dm`7`w`0`n`1879`pw`0`ph`0`ju`6`sq`5997`pan`5`mn`1878`ibp`1`crf`8`sdy`0`h`0`iec`1`dft`5`ime`5`dmc`0`t`67`dn`1879`fn`5`msz`32`14`0`imp`0`SWEField`s_3_1_10_0`SWENeedContext`true`SWER`65535`SWESP`false`SWERowIds`SWERowId0=1-ZOIRIS,SWERowId1=1-2NY1OVT`SWEMethod`FrameEventMethodShowCourseDetailAddToCart`SWECmd`InvokeMethod`SWEDIC`false`SWEReqRowId`0`SWEView`Sales Order-Browse Catalog Category Details View - Add to Cart`SWEC`52`SWEBID`-1`SRN`xK7T2pIB2ZOV15hwlQxQF5reKcoUB8VpMTZr7we8uAEb`SWEApplet`Sales Order Catalog Product List Applet - Add to Cart`23`1`c`0`pt`5`sp`s_3_1_9_0`dm`7`w`0`n`1874`pw`0`ph`0`ju`6`sq`5997`pan`5`mn`1322`ibp`1`crf`8`sdy`0`h`0`iec`1`dft`5`ime`5`dmc`0`t`67`dn`1322`fn`5`msz`32`14`0`imp`0`SWEField`s_3_1_9_0`SWENeedContext`true`SWER`65535`SWESP`false`SWERowIds`SWERowId0=1-ZOIRIS,SWERowId1=1-2NY1OVT`SWEMethod`Customize`SWECmd`InvokeMethod`SWEDIC`false`SWEReqRowId`0`SWEView`Sales Order-Browse Catalog Category Details View - Add to Cart`SWEC`52`SWEBID`-1`SRN`xK7T2pIB2ZOV15hwlQxQF5reKcoUB8VpMTZr7we8uAEb`SWEApplet`Sales Order Catalog Product List Applet - Add to Cart`23`1`c`0`pt`5`sp`s_3_1_7_0`dm`7`w`0`n`1868`pw`0`ph`0`ju`6`sq`5997`pan`5`mn`1870`ibp`1`crf`8`sdy`0`h`0`iec`1`dft`5`ime`5`dmc`0`t`67`dn`1869`fn`5`msz`32`14`0`imp`0`SWEField`s_3_1_7_0`SWENeedContext`true`SWER`65535`SWESP`false`SWERowIds`SWERowId0=1-ZOIRIS,SWERowId1=1-2NY1OVT`SWEMethod`AddToCart`SWECmd`InvokeMethod`SWEDIC`false`SWEReqRowId`0`SWEView`Sales Order-Browse Catalog Category Details View - Add to Cart`SWEC`52`SWEBID`-1`SRN`xK7T2pIB2ZOV15hwlQxQF5reKcoUB8VpMTZr7we8uAEb`SWEApplet`Sales Order Catalog Product List Applet - Add to Cart`23`1`c`0`pt`5`sp`s_3_1_0_0`dm`7`w`0`n`1871`pw`0`ph`0`ju`6`sq`5997`pan`5`mn`1873`ibp`1`crf`8`sdy`0`h`0`iec`1`dft`5`ime`5`dmc`0`t`67`dn`1872`fn`5`msz`32`14`0`imp`0`SWEField`s_3_1_0_0`SWENeedContext`true`SWER`65535`SWESP`false`SWERowIds`SWERowId0=1-ZOIRIS,SWERowId1=1-2NY1OVT`SWEMethod`ApplyEditPromotion`SWECmd`InvokeMethod`SWEDIC`false`SWEReqRowId`0`SWEView`Sales Order-Browse Catalog Category Details View - Add to Cart`SWEC`52`SWEBID`-1`SRN`xK7T2pIB2ZOV15hwlQxQF5reKcoUB8VpMTZr7we8uAEb`SWEApplet`Sales Order Catalog Product List Applet - Add to Cart`1`0`cfm`0`DeleteRecord`IDS_SWE_DELETE_CONFIRM_WARNING`0`10`col`0`25`0`co`0`pt`5`sp`s_3_2_22_`dm`7`w`100`csq`1`n`1643`pw`0`ist`1`ph`0`ju`6`sq`5997`pan`5`ibp`1`crf`8`sdy`0`h`0`iec`1`dft`5`cix`0`ime`5`dmc`0`t`1859`dn`1890`fn`1643`msz`200`25`0`co`0`pt`5`sp`s_3_2_19_`dm`5`w`100`csq`1`n`99`pw`0`ist`1`ph`0`ju`6`sq`5997`pan`5`ibp`1`crf`8`sdy`0`h`0`iec`1`dft`5`cix`1`ime`5`dmc`0`t`4`dn`140`fn`99`msz`100`25`0`co`0`pt`5`sp`s_3_2_20_`dm`5`w`100`csq`1`n`121`pw`0`ist`1`ph`0`ju`6`sq`5997`pan`5`ibp`1`crf`8`sdy`0`h`0`iec`1`dft`5`cix`2`ime`5`dmc`0`t`4`dn`121`fn`121`msz`255`25`0`co`0`pt`5`sp`s_3_2_12_`dm`7`w`100`csq`1`n`1891`pw`0`ist`1`ph`0`ju`6`sq`5997`pan`5`ibp`1`crf`8`sdy`0`h`0`iec`1`dft`5`cix`3`ime`5`dmc`0`t`4`dn`1891`fn`1892`msz`30`24`0`co`0`pt`5`sp`s_3_2_21_`dm`5`w`100`n`1876`pw`0`ist`1`ph`0`ju`103`sq`5997`pan`5`ibp`1`crf`1877`sdy`0`h`0`iec`1`dft`5`cix`4`ime`5`dmc`0`t`735`dn`1876`fn`1876`msz`25`23`0`co`0`pt`5`sp`s_3_2_18_`dm`7`w`100`n`1880`pw`0`ph`0`ju`6`sq`5997`pan`5`ibp`1`crf`1877`sdy`0`h`0`iec`1`dft`5`cix`5`ime`5`dmc`0`t`735`dn`1329`fn`1328`msz`25`23`0`co`0`pt`5`sp`s_3_2_16_`dm`7`w`100`n`1893`pw`0`ph`0`ju`6`sq`5997`pan`5`ibp`1`crf`1877`sdy`0`h`0`iec`1`dft`5`cix`6`ime`5`dmc`0`t`735`dn`1329`fn`1328`msz`25`23`0`co`0`pt`5`sp`s_3_2_17_`dm`7`w`100`n`892`pw`0`ph`0`ju`6`sq`5997`pan`5`ibp`1`crf`8`sdy`0`h`0`iec`1`dft`5`cix`7`ime`5`dmc`0`t`735`dn`1325`fn`892`msz`16`24`0`co`0`pt`5`sp`s_3_2_11_`dm`7`w`100`n`1894`pw`0`ist`1`ph`0`ju`6`sq`5997`pan`5`ibp`1`crf`8`sdy`0`h`0`iec`1`dft`5`cix`8`ime`5`dmc`0`t`4`dn`1894`fn`1895`msz`1`24`0`co`0`pt`5`sp`s_3_2_14_`dm`7`w`200`csq`1`n`1506`pw`0`ph`0`ju`6`sq`5997`pan`5`ibp`1`crf`8`sdy`0`h`0`iec`1`dft`5`cix`9`ime`5`dmc`0`t`122`dn`1327`fn`1327`msz`255`0`2`pcl`0`2`0`pc`0`allowPC`false`ProdSelectionCC``2`0`pco`0`allowPC`false`ThumbnImageFileName``0`1`na`0`17`3`ai`3`S_A2`nfi`1`n`Catalog Order Header Form Applet`cud`4*14171*14*14181*14*13941*14*13951*14*14191*04*14061*04*14081*04*14201*04*13971*04*14211*04*14221*04*14231*04*13921*14*14241*14*14251*14*13681*14*13701*14*14261*14*14271*14*14281*14*14291*03*5871*14*14301*04*14311*13*7511*13*1211*12*451*14*14321*14*13981*14*14021*14*14331*14*14341*14*14351*04*14001*13*2081*03*1621*14*13661*03*1551*04*14361*04*14371*04*14381*04*14391*14*14401*03*1511*04*13961*02*641*13*6431*13*3171*14*14411*04*13731*14*14421*14*14431*14*14441*04*14451*03*2431*14*13741*02*431*13*1311*03*6461*13*2641*04*14461*14*14471*14*13811*14*14481*13*1151*14*14491*14*14501*14*14511*04*14521*04*14531*13*1341*13*1421*14*13881*14*14541*04*14551*03*1101*04*14561*03*1351*03*2541*03*8881*14*14571*04*14581*04*13861*13*1451*03*6581*04*14591*12*121*12*281*14*14601*13*3061*12*401*12*391*12*441*12*291*13*3071*12*271*1`cik`4*14101*14*14111*14*14121*14*13691*14*13711*04*14131*02*431*02*451*12*201*02*311*13*2431*12*281*14*14141*13*3061*02*401*12*391*02*441*12*291*13*3071*12*271*02*211*12*221*12*231*12*241*12*251*02*261*02*301*12*321*02*331*12*341*02*351*02*361*02*371*02*381*12*411*02*421*12*461*12*471*12*481*02*491*02*501*02*511*02*521*02*531*02*541*12*551*14*14151*13*6451*04*14161*12*561*02*571*1`shd`39*Catalog_Order_Header_Form_Applet_Applet73*srf1592409810_444/bscripts/all/applet_catalog_order_header_form_applet.js`asq`0`ied`1`vrn`S_A2`tt`1365`inu`0`hmn`1`rsp`false`bnr`0`iem``bci`S_BC2`hlc`3*a_21*11*2`i`2`0`35`cl`0`23`0`c`0`pt`5`sp`s_2_1_36_0`dm`69`w`0`csq`1`n`1366`pw`0`ph`0`ju`6`sq`1997`pan`5`ibp`1`crf`8`sdy`0`h`0`iec`1`dft`5`ime`5`dmc`0`t`1367`dn`159`fn`158`msz`30`23`1`c`0`pt`5`sp`s_2_1_26_0`dm`7`w`0`n`45`pw`0`ph`0`ju`6`sq`1997`pan`5`mn`45`ibp`1`crf`8`sdy`0`h`0`iec`1`dft`5`ime`5`dmc`0`t`67`dn`392`fn`5`msz`32`13`0`imp`0`SWEField`s_2_1_26_0`SWENeedContext`true`SWER`0`SWESP`false`SWEMethod`ExecuteQuery`SWECmd`InvokeMethod`SWEDIC`false`SWEReqRowId`0`SWEView`Sales Order-Browse Catalog Category Details View - Add to Cart`SWEC`52`SWEBID`-1`SRN`xK7T2pIB2ZOV15hwlQxQF5reKcoUB8VpMTZr7we8uAEb`SWEApplet`Catalog Order Header Form Applet`23`1`c`0`pt`5`sp`s_2_1_21_0`dm`7`w`0`n`587`pw`0`ph`0`ju`6`sq`1997`pan`5`mn`43`ibp`1`crf`8`sdy`0`h`0`iec`1`dft`5`ime`5`dmc`0`t`67`dn`393`fn`5`msz`32`13`0`imp`0`SWEField`s_2_1_21_0`SWENeedContext`true`SWER`0`SWESP`false`SWEMethod`UndoQuery`SWECmd`InvokeMethod`SWEDIC`false`SWEReqRowId`0`SWEView`Sales Order-Browse Catalog Category Details View - Add to Cart`SWEC`52`SWEBID`-1`SRN`xK7T2pIB2ZOV15hwlQxQF5reKcoUB8VpMTZr7we8uAEb`SWEApplet`Catalog Order Header Form Applet`23`1`c`0`pt`5`sp`s_2_1_15_0`dm`7`w`0`n`1368`pw`0`ph`0`ju`6`sq`1997`pan`5`mn`1369`ibp`1`crf`8`sdy`0`h`0`iec`1`dft`5`ime`5`dmc`0`t`67`dn`633`fn`5`msz`32`13`0`imp`0`SWEField`s_2_1_15_0`SWENeedContext`true`SWER`0`SWESP`false`SWEMethod`ReviseOrder`SWECmd`InvokeMethod`SWEDIC`false`SWEReqRowId`0`SWEView`Sales Order-Browse Catalog Category Details View - Add to Cart`SWEC`52`SWEBID`-1`SRN`xK7T2pIB2ZOV15hwlQxQF5reKcoUB8VpMTZr7we8uAEb`SWEApplet`Catalog Order Header Form Applet`23`1`c`0`pt`5`sp`s_2_1_16_0`dm`7`w`0`n`1370`pw`0`ph`0`ju`6`sq`1997`pan`5`mn`1371`ibp`1`crf`8`sdy`0`h`0`iec`1`dft`5`ime`5`dmc`0`t`67`dn`773`fn`5`msz`32`13`0`imp`0`SWEField`s_2_1_16_0`SWENeedContext`true`SWER`0`SWESP`false`SWEMethod`SubmitOrder`SWECmd`InvokeMethod`SWEDIC`false`SWEReqRowId`0`SWEView`Sales Order-Browse Catalog Category Details View - Add to Cart`SWEC`52`SWEBID`-1`SRN`xK7T2pIB2ZOV15hwlQxQF5reKcoUB8VpMTZr7we8uAEb`SWEApplet`Catalog Order Header Form Applet`25`1`c`0`pt`5`sp`s_2_1_91_0`dm`7`w`0`n`39`eb`&lt;img src=\&quot;images/rcnv_prv_1.gif\&quot; border=\&quot;0\&quot; space=\&quot;0\&quot; hspace=\&quot;0\&quot; alt=\&quot;Previous record\&quot;  title=\&quot;Previous record\&quot; &gt;`pw`0`db`&lt;img src=\&quot;images/rcnv_prv_0.gif\&quot; border=\&quot;0\&quot; space=\&quot;0\&quot; hspace=\&quot;0\&quot; alt=\&quot;Previous record\&quot;  title=\&quot;Previous record\&quot; &gt;`ph`0`ju`6`sq`1997`pan`5`mn`39`ibp`1`crf`8`sdy`0`h`0`iec`1`dft`5`ime`5`dmc`0`t`67`dn`5`fn`5`msz`32`13`0`imp`0`SWEField`s_2_1_91_0`SWENeedContext`true`SWER`0`SWESP`false`SWEMethod`GotoPreviousSet`SWECmd`InvokeMethod`SWEDIC`false`SWEReqRowId`0`SWEView`Sales Order-Browse Catalog Category Details View - Add to Cart`SWEC`52`SWEBID`-1`SRN`xK7T2pIB2ZOV15hwlQxQF5reKcoUB8VpMTZr7we8uAEb`SWEApplet`Catalog Order Header Form Applet`25`1`c`0`pt`5`sp`s_2_1_90_0`dm`7`w`0`n`40`eb`&lt;img src=\&quot;images/rcnv_nxt_1.gif\&quot; border=\&quot;0\&quot; space=\&quot;0\&quot; hspace=\&quot;0\&quot; alt=\&quot;Next Record\&quot;  title=\&quot;Next Record\&quot; &gt;`pw`0`db`&lt;img src=\&quot;images/rcnv_nxt_0.gif\&quot; border=\&quot;0\&quot; space=\&quot;0\&quot; hspace=\&quot;0\&quot; alt=\&quot;Next Record\&quot;  title=\&quot;Next Record\&quot; &gt;`ph`0`ju`6`sq`1997`pan`5`mn`40`ibp`1`crf`8`sdy`0`h`0`iec`1`dft`5`ime`5`dmc`0`t`67`dn`5`fn`5`msz`32`13`0`imp`0`SWEField`s_2_1_90_0`SWENeedContext`true`SWER`0`SWESP`false`SWEMethod`GotoNextSet`SWECmd`InvokeMethod`SWEDIC`false`SWEReqRowId`0`SWEView`Sales Order-Browse Catalog Category Details View - Add to Cart`SWEC`52`SWEBID`-1`SRN`xK7T2pIB2ZOV15hwlQxQF5reKcoUB8VpMTZr7we8uAEb`SWEApplet`Catalog Order Header Form Applet`23`1`c`0`pt`5`sp`s_2_1_45_0`dm`7`w`0`n`64`pw`0`ph`0`ju`6`sq`1997`pan`5`mn`20`ibp`1`crf`8`sdy`0`h`0`iec`1`dft`5`ime`5`dmc`0`t`67`dn`652`fn`5`msz`32`17`0`imp`0`SWEField`s_2_1_45_0`SWENeedContext`true`SWER`0`SWESP`true`SWEMethod`ShowQueryAssistant`SWECmd`InvokeMethod`SWEH`100`SWEDIC`true`SWEReqRowId`0`SWEView`Sales Order-Browse Catalog Category Details View - Add to Cart`SWEC`52`SWEW`300`SWEM`Edit`SWEBID`-1`SRN`xK7T2pIB2ZOV15hwlQxQF5reKcoUB8VpMTZr7we8uAEb`SWETA`Query Assistant`SWEApplet`Catalog Order Header Form Applet`25`1`c`0`pt`5`sp`s_2_1_54_0`dm`5`w`0`n`243`eb`&lt;img src=\&quot;images/btn_more.gif\&quot; border=\&quot;0\&quot; space=\&quot;0\&quot; hspace=\&quot;0\&quot; alt=\&quot;Show more\&quot;  title=\&quot;Show more\&quot; &gt;`pw`0`ph`0`ju`6`sq`1997`pan`5`icm`243`mn`243`ibp`1`crf`8`sdy`0`h`0`iec`1`dft`5`ime`5`dmc`0`t`10`dn`5`fn`5`msz`32`13`0`imp`0`SWEField`s_2_1_54_0`SWENeedContext`true`SWER`0`SWESP`false`SWEMethod`ToggleLayout`SWECmd`InvokeMethod`SWEDIC`false`SWEReqRowId`0`SWEView`Sales Order-Browse Catalog Category Details View - Add to Cart`SWEC`52`SWEBID`-1`SRN`xK7T2pIB2ZOV15hwlQxQF5reKcoUB8VpMTZr7we8uAEb`SWEApplet`Catalog Order Header Form Applet`23`0`c`0`pt`1372`sp`s_2_1_59_0`dm`5`w`128`csq`1`n`264`pw`0`ph`0`ju`6`sq`1001`pan`5`ibp`1`crf`8`sdy`0`h`24`iec`1`dft`5`ime`5`dmc`0`t`4`dn`159`fn`158`msz`30`25`0`c`0`pt`5`sp`s_2_1_49_0`dm`7`w`128`csq`1`n`1373`pw`300`pat`Pick`ph`100`ju`6`sq`1010`ied`1`pan`5`ibp`1`crf`8`sdy`0`h`24`iec`1`dft`5`ime`5`dmc`0`t`4`dn`100`fn`100`msz`100`25`0`c`0`pt`5`sp`s_2_1_34_0`dm`7`w`128`csq`1`n`208`pw`300`pat`Pick`ph`100`ju`6`sq`1020`ied`1`pan`5`ibp`1`crf`8`sdy`0`h`24`iec`1`dft`5`ime`5`dmc`0`t`4`dn`208`fn`208`msz`100`24`0`c`0`pt`5`sp`s_2_1_55_0`dm`7`w`128`n`1374`pw`300`pat`Detail`ph`100`ju`6`sq`1030`ied`1`pan`5`ibp`1`crf`722`sdy`0`h`24`iec`1`dft`5`ime`5`dmc`0`t`102`dn`1374`fn`1375`msz`25`22`0`c`0`pt`5`sp`s_2_1_57_0`dm`7`w`128`n`131`pw`0`ph`0`ju`6`sq`1002`pan`5`ibp`1`crf`8`sdy`0`h`24`iec`1`dft`5`ime`5`dmc`0`t`735`dn`1376`fn`1376`msz`16`23`0`c`0`pt`1378`sp`s_2_1_75_0`dm`5`w`128`csq`1`n`110`pw`0`ph`0`ju`6`sq`1011`pan`5`ibp`1`crf`8`sdy`0`h`24`iec`1`dft`5`ime`5`dmc`0`t`4`dn`1377`fn`110`msz`50`23`0`c`0`pt`1379`sp`s_2_1_64_0`dm`5`w`128`csq`1`n`115`pw`0`ph`0`ju`6`sq`1021`pan`5`ibp`1`crf`8`sdy`0`h`24`iec`1`dft`5`ime`5`dmc`0`t`116`dn`115`fn`115`msz`30`25`0`c`0`pt`1380`sp`s_2_1_71_0`dm`5`w`128`csq`1`n`142`pw`300`pat`Pick`ph`100`ju`6`sq`1031`ied`1`pan`5`ibp`1`crf`8`sdy`0`h`24`iec`1`dft`5`ime`5`dmc`0`t`4`dn`142`fn`142`msz`50`25`0`c`0`pt`1382`sp`s_2_1_62_0`dm`5`w`128`csq`1`n`1381`pw`300`pat`Pick`ph`100`ju`6`sq`1003`ied`1`pan`5`ibp`1`crf`8`sdy`0`h`24`iec`1`dft`5`ime`5`dmc`0`t`116`dn`119`fn`165`msz`50`25`0`c`0`pt`1383`sp`s_2_1_70_0`dm`5`w`128`csq`1`n`134`pw`300`pat`Pick`ph`100`ju`6`sq`1012`ied`1`pan`5`ibp`1`crf`8`sdy`0`h`24`iec`1`dft`5`ime`5`dmc`0`t`4`dn`314`fn`134`msz`50`22`0`c`0`pt`1384`sp`s_2_1_83_0`dm`5`w`128`n`145`pw`0`ph`0`ju`6`sq`1022`pan`5`ibp`1`crf`8`sdy`0`h`24`iec`1`dft`5`ime`5`dmc`0`t`163`dn`145`fn`145`msz`255`25`0`c`0`pt`5`sp`s_2_1_24_0`dm`7`w`128`csq`1`n`751`pw`300`pat`Pick`ph`100`ju`6`sq`1032`ied`1`pan`5`ibp`1`crf`8`sdy`0`h`24`iec`1`dft`5`ime`5`dmc`0`t`4`dn`982`fn`751`msz`20`23`0`c`0`pt`1385`sp`s_2_1_77_0`dm`5`w`128`csq`1`n`135`pw`0`ph`0`ju`6`sq`1013`pan`5`ibp`1`crf`8`sdy`0`h`24`iec`1`dft`5`ime`5`dmc`0`t`4`dn`313`fn`135`msz`50`22`0`c`0`pt`1387`sp`s_2_1_82_0`dm`7`w`128`n`1386`pw`0`ph`0`ju`6`sq`1023`pan`5`ibp`1`crf`8`sdy`0`h`24`iec`1`dft`637`ime`5`dmc`0`t`163`dn`184`fn`1386`msz`255`23`0`c`0`pt`1390`sp`s_2_1_72_0`dm`5`w`128`n`1388`pw`300`pat`Pick`ph`100`ju`6`sq`1033`ied`1`pan`1391`crf`8`sdy`0`h`24`iec`1`dft`1389`ime`5`dmc`0`t`116`dn`1388`fn`1388`msz`18`23`0`c`0`pt`5`sp`s_2_1_25_0`dm`7`w`128`csq`1`n`121`pw`0`ph`0`ju`6`sq`1005`pan`5`ibp`1`crf`8`sdy`0`h`56`iec`1`dft`5`ime`5`dmc`0`t`122`dn`1110`fn`121`msz`255`25`0`c`0`pt`5`sp`s_2_1_79_0`dm`7`w`128`csq`1`n`888`pw`300`pat`Pick`ph`100`ju`6`sq`1014`ied`1`pan`5`ibp`1`crf`8`sdy`0`h`24`iec`1`dft`5`ime`5`dmc`0`t`4`dn`888`fn`888`msz`100`22`0`c`0`pt`5`sp`s_2_1_35_0`dm`7`w`128`n`162`pw`0`ph`0`ju`6`sq`1024`pan`5`ibp`1`crf`8`sdy`0`h`24`iec`1`dft`637`ime`5`dmc`0`t`163`dn`162`fn`162`msz`255`22`0`c`0`pt`5`sp`s_2_1_12_0`dm`7`w`128`n`1392`pw`0`ph`0`ju`6`sq`1025`pan`5`ibp`1`crf`8`sdy`0`h`24`iec`1`dft`637`ime`5`dmc`0`t`163`dn`1393`fn`1392`msz`255`25`0`c`0`pt`5`sp`s_2_1_2_0`dm`7`w`128`csq`1`n`1394`pw`300`pat`Pick`ph`100`ju`6`sq`1997`ied`1`pan`5`ibp`1`crf`8`sdy`0`h`24`iec`1`dft`5`ime`5`dmc`0`t`4`dn`1394`fn`1395`msz`100`23`0`c`0`pt`5`sp`s_2_1_44_0`dm`7`w`128`csq`1`n`1396`pw`0`ph`0`ju`6`sq`1006`pan`5`ibp`1`crf`8`sdy`0`h`24`iec`1`dft`5`ime`5`dmc`0`t`4`dn`1396`fn`1397`msz`255`23`0`c`0`pt`5`sp`s_2_1_28_0`dm`7`w`128`n`1398`pw`0`ph`0`ju`94`sq`1027`pan`5`icm`387`ibp`1`crf`8`sdy`0`h`0`iec`1`dft`5`ime`5`dmc`0`t`92`dn`1398`fn`1399`msz`1`24`0`c`0`pt`1401`sp`s_2_1_33_0`dm`5`w`128`csq`1`n`1400`pw`300`pat`Pick`ph`100`ju`6`sq`1037`ied`1`pan`5`crf`8`sdy`0`h`24`iec`1`dft`5`ime`5`dmc`0`t`4`dn`1400`fn`1401`msz`100`23`0`c`0`pt`5`sp`s_2_1_29_0`dm`7`w`128`csq`1`n`1402`pw`0`ph`0`ju`6`sq`1028`pan`1405`ibp`1`crf`8`sdy`0`h`24`iec`1`dft`5`ime`5`dmc`0`t`116`dn`1403`fn`1404`msz`30`24`0`c`0`pt`5`sp`s_2_1_5_0`dm`7`w`128`n`1406`pw`300`pat`Detail`ph`100`ju`6`sq`1997`ied`1`pan`5`ibp`1`crf`722`sdy`0`h`24`iec`1`dft`5`ime`5`dmc`0`t`102`dn`1406`fn`1407`msz`25`24`0`c`0`pt`5`sp`s_2_1_6_0`dm`7`w`128`n`1408`pw`300`pat`Detail`ph`100`ju`6`sq`1997`ied`1`pan`5`ibp`1`crf`722`sdy`0`h`24`iec`1`dft`5`ime`5`dmc`0`t`102`dn`1408`fn`1409`msz`25`1`0`cfm`0`DeleteRecord`IDS_SWE_DELETE_CONFIRM_WARNING`0`6`pcl`0`2`0`pc`0`allowPC`false`External Order #``2`0`pc`0`allowPC`false`Integration Message``2`0`pc`0`allowPC`false`Integration Status``2`0`pc`0`allowPC`false`Return Reason``2`0`pc`0`Sold To Address``allowPC`false`2`0`pc`0`allowPC`false`Sold To Site``0`1`nla`0`19`4`ai`3`S_A4`nfi`1`n`Order Entry - Line Item List Applet (Sales\) - Short`cud`3*3671*13*3651*13*3661*14*14781*14*14791*14*14801*14*14811*14*14821*13*5871*12*451*12*641*13*6351*13*5891*13*3161*13*6461*13*5901*13*1051*12*121*14*14831*14*14841*14*14851*14*13211*14*14861*13*7891*14*14871*14*14881*12*281*14*14891*13*3061*12*401*12*391*12*441*12*291*13*3071*12*271*12*311*13*5911*13*4961*14*14641*04*13281*04*14901*04*14911*04*11951*03*8911*04*13921*03*1391*03*6511*04*14921*03*1411*04*14931*04*14941*03*1351*03*1341*04*14951*04*14961*03*1451*04*14971*03*1211*04*14981*04*14991*04*15001*04*15011*04*15021*04*11141*04*15031*04*15041*04*15051*04*15061*04*13261*03*1531*04*15071*04*15081*04*15091*04*15101*04*15111*04*15121*04*10211*04*15131*04*15141*04*15151*03*7621*04*15161*04*15171*04*15181*04*15191*04*15201*04*15211*04*15221*04*15231*03*6591*04*15241*04*15251*03*8241*04*15261*04*15271*04*15281*04*15291*03*8871*03*1401*04*15301*04*15311*04*15321*04*15331*04*13241*04*15341*04*15351*04*15361*04*15371*04*15381*04*15391*04*15401*03*1381*03*8881*04*15411*04*15421*04*15431*04*15441*04*15451*04*15461*04*15471*04*15481*04*15491*04*15501*04*15511*04*15521*03*1151*04*15531*04*15541*04*15551*04*15561*04*15571*04*15581*04*15591*03*8941*03*1481*04*15601*04*15611*04*15621*04*15631*04*15641*03*7511*0`cik`3*3641*14*14661*13*6991*14*14671*14*14131*04*14681*02*431*02*451*12*201*03*6351*14*14691*14*14701*04*13231*04*14711*13*7901*04*14721*14*14731*04*14611*14*14741*03*3061*02*401*02*391*02*441*12*291*03*3071*12*271*02*311*03*3101*02*211*02*221*12*231*12*241*12*251*02*261*02*281*12*301*02*321*02*331*02*341*02*351*02*361*12*371*02*381*02*411*02*421*02*461*12*471*02*481*02*491*02*501*02*511*02*521*02*531*02*541*12*551*04*13301*04*13311*04*14751*04*14761*04*14771*02*561*12*571*0`pf`VER_1.0_~0|Product|200~0|Quantity Requested|30~0|Net Price|100~0|Eligibility Status|100~1|Eligibility Comments|100~1|Extended Line Total|100~0|Product Deposit|100`shd`54*Order_Entry__Line_Item_List_Applet_Sales__Short_Applet88*srf1592409810_444/bscripts/all/applet_order_entry__line_item_list_applet_sales__short.js`rct`7`asq`5`ied`1`vrn`S_A4`tt`639`inu`0`hmn`1`rsp`false`bnr`0`iem``bci`S_BC4`hlc`3*a_41*11*2`i`4`0`8`cl`0`23`1`c`0`pt`5`sp`s_4_1_9_0`dm`7`w`0`n`45`pw`0`ph`0`ju`6`sq`6997`pan`5`mn`45`ibp`1`crf`8`sdy`0`h`0`iec`1`dft`5`ime`5`dmc`0`t`67`dn`392`fn`5`msz`32`14`0`imp`0`SWEField`s_4_1_9_0`SWENeedContext`true`SWER`65535`SWESP`false`SWERowIds`SWERowId0=3-61EV8AO3`SWEMethod`ExecuteQuery`SWECmd`InvokeMethod`SWEDIC`false`SWEReqRowId`0`SWEView`Sales Order-Browse Catalog Category Details View - Add to Cart`SWEC`52`SWEBID`-1`SRN`xK7T2pIB2ZOV15hwlQxQF5reKcoUB8VpMTZr7we8uAEb`SWEApplet`Order Entry - Line Item List Applet (Sales\) - Short`23`1`c`0`pt`5`sp`s_4_1_8_0`dm`7`w`0`n`587`pw`0`ph`0`ju`6`sq`6997`pan`5`mn`43`ibp`1`crf`8`sdy`0`h`0`iec`1`dft`5`ime`5`dmc`0`t`67`dn`393`fn`5`msz`32`14`0`imp`0`SWEField`s_4_1_8_0`SWENeedContext`true`SWER`65535`SWESP`false`SWERowIds`SWERowId0=3-61EV8AO3`SWEMethod`UndoQuery`SWECmd`InvokeMethod`SWEDIC`false`SWEReqRowId`0`SWEView`Sales Order-Browse Catalog Category Details View - Add to Cart`SWEC`52`SWEBID`-1`SRN`xK7T2pIB2ZOV15hwlQxQF5reKcoUB8VpMTZr7we8uAEb`SWEApplet`Order Entry - Line Item List Applet (Sales\) - Short`25`1`c`0`pt`5`sp`s_4_1_30_0`dm`7`w`0`n`39`eb`&lt;img src=\&quot;images/rcnv_prvset_1.gif\&quot; border=\&quot;0\&quot; space=\&quot;0\&quot; hspace=\&quot;0\&quot; alt=\&quot;Previous record set\&quot;  title=\&quot;Previous record set\&quot; &gt;`pw`0`db`&lt;img src=\&quot;images/rcnv_prvset_0.gif\&quot; border=\&quot;0\&quot; space=\&quot;0\&quot; hspace=\&quot;0\&quot; alt=\&quot;Previous record set\&quot;  title=\&quot;Previous record set\&quot; &gt;`ph`0`ju`6`sq`6997`pan`5`mn`39`ibp`1`crf`8`sdy`0`h`0`iec`1`dft`5`ime`5`dmc`0`t`67`dn`5`fn`5`msz`32`14`0`imp`0`SWEField`s_4_1_30_0`SWENeedContext`true`SWER`65535`SWESP`false`SWERowIds`SWERowId0=3-61EV8AO3`SWEMethod`GotoPreviousSet`SWECmd`InvokeMethod`SWEDIC`false`SWEReqRowId`0`SWEView`Sales Order-Browse Catalog Category Details View - Add to Cart`SWEC`52`SWEBID`-1`SRN`xK7T2pIB2ZOV15hwlQxQF5reKcoUB8VpMTZr7we8uAEb`SWEApplet`Order Entry - Line Item List Applet (Sales\) - Short`25`1`c`0`pt`5`sp`s_4_1_29_0`dm`7`w`0`n`40`eb`&lt;img src=\&quot;images/rcnv_nxtset_1.gif\&quot; border=\&quot;0\&quot; space=\&quot;0\&quot; hspace=\&quot;0\&quot; alt=\&quot;Next record set\&quot;  title=\&quot;Next record set\&quot; &gt;`pw`0`db`&lt;img src=\&quot;images/rcnv_nxtset_0.gif\&quot; border=\&quot;0\&quot; space=\&quot;0\&quot; hspace=\&quot;0\&quot; alt=\&quot;Next record set\&quot;  title=\&quot;Next record set\&quot; &gt;`ph`0`ju`6`sq`6997`pan`5`mn`40`ibp`1`crf`8`sdy`0`h`0`iec`1`dft`5`ime`5`dmc`0`t`67`dn`5`fn`5`msz`32`14`0`imp`0`SWEField`s_4_1_29_0`SWENeedContext`true`SWER`65535`SWESP`false`SWERowIds`SWERowId0=3-61EV8AO3`SWEMethod`GotoNextSet`SWECmd`InvokeMethod`SWEDIC`false`SWEReqRowId`0`SWEView`Sales Order-Browse Catalog Category Details View - Add to Cart`SWEC`52`SWEBID`-1`SRN`xK7T2pIB2ZOV15hwlQxQF5reKcoUB8VpMTZr7we8uAEb`SWEApplet`Order Entry - Line Item List Applet (Sales\) - Short`23`1`c`0`pt`5`sp`s_4_1_10_0`dm`7`w`0`n`64`pw`0`ph`0`ju`6`sq`6997`pan`5`mn`20`ibp`1`crf`8`sdy`0`h`0`iec`1`dft`5`ime`5`dmc`0`t`67`dn`652`fn`5`msz`32`18`0`imp`0`SWEField`s_4_1_10_0`SWENeedContext`true`SWER`65535`SWESP`true`SWERowIds`SWERowId0=3-61EV8AO3`SWEMethod`ShowQueryAssistant`SWECmd`InvokeMethod`SWEH`100`SWEDIC`true`SWEReqRowId`0`SWEView`Sales Order-Browse Catalog Category Details View - Add to Cart`SWEC`52`SWEW`300`SWEM`Edit`SWEBID`-1`SRN`xK7T2pIB2ZOV15hwlQxQF5reKcoUB8VpMTZr7we8uAEb`SWETA`Query Assistant`SWEApplet`Order Entry - Line Item List Applet (Sales\) - Short`23`1`c`0`pt`5`sp`s_4_1_26_0`dm`7`w`0`n`28`pw`0`ph`0`ju`6`sq`6997`pan`5`mn`1461`ibp`1`crf`8`sdy`0`h`0`iec`1`dft`5`ime`5`dmc`0`t`67`dn`531`fn`5`msz`32`14`0`imp`0`SWEField`s_4_1_26_0`SWENeedContext`true`SWER`65535`SWESP`false`SWERowIds`SWERowId0=3-61EV8AO3`SWEMethod`BTDeleteLineItem`SWECmd`InvokeMethod`SWEDIC`false`SWEReqRowId`0`SWEView`Sales Order-Browse Catalog Category Details View - Add to Cart`SWEC`52`SWEBID`-1`SRN`xK7T2pIB2ZOV15hwlQxQF5reKcoUB8VpMTZr7we8uAEb`SWEApplet`Order Entry - Line Item List Applet (Sales\) - Short`25`1`c`0`pt`5`sp`s_4_1_36_0`dm`7`w`0`n`591`eb`&lt;img src=\&quot;images/row_off_d.gif\&quot; border=\&quot;0\&quot; space=\&quot;0\&quot; hspace=\&quot;0\&quot; alt=\&quot;Select record\&quot;  title=\&quot;Select record\&quot; &gt;`pw`0`db`&lt;img src=\&quot;images/row_on_d.gif\&quot; border=\&quot;0\&quot; space=\&quot;0\&quot; hspace=\&quot;0\&quot; alt=\&quot;Record selected\&quot;  title=\&quot;Record selected\&quot; &gt;`ph`0`ju`6`sq`6997`pan`5`mn`310`ibp`1`crf`8`sdy`0`h`0`iec`1`dft`5`ime`5`dmc`0`t`67`dn`5`fn`5`msz`32`14`0`imp`0`SWEField`s_4_1_36_0`SWENeedContext`true`SWER`65535`SWESP`false`SWERowIds`SWERowId0=3-61EV8AO3`SWEMethod`PositionOnRow`SWECmd`InvokeMethod`SWEDIC`false`SWEReqRowId`0`SWEView`Sales Order-Browse Catalog Category Details View - Add to Cart`SWEC`52`SWEBID`-1`SRN`xK7T2pIB2ZOV15hwlQxQF5reKcoUB8VpMTZr7we8uAEb`SWEApplet`Order Entry - Line Item List Applet (Sales\) - Short`25`1`c`0`pt`5`sp`s_4_1_11_0`dm`7`w`0`n`635`eb`&lt;img src=\&quot;images/btn_more.gif\&quot; border=\&quot;0\&quot; space=\&quot;0\&quot; hspace=\&quot;0\&quot; alt=\&quot;Show more\&quot;  title=\&quot;Show more\&quot; &gt;`pw`0`ph`0`ju`6`sq`6997`pan`5`icm`635`mn`635`ibp`1`crf`8`sdy`0`h`0`iec`1`dft`5`ime`5`dmc`0`t`10`dn`5`fn`5`msz`32`14`0`imp`0`SWEField`s_4_1_11_0`SWENeedContext`true`SWER`65535`SWESP`false`SWERowIds`SWERowId0=3-61EV8AO3`SWEMethod`ToggleListRowCount`SWECmd`InvokeMethod`SWEDIC`false`SWEReqRowId`0`SWEView`Sales Order-Browse Catalog Category Details View - Add to Cart`SWEC`52`SWEBID`-1`SRN`xK7T2pIB2ZOV15hwlQxQF5reKcoUB8VpMTZr7we8uAEb`SWEApplet`Order Entry - Line Item List Applet (Sales\) - Short`1`0`cfm`0`DeleteRecord`IDS_SWE_DELETE_CONFIRM_WARNING`0`5`col`0`27`0`co`0`pt`5`sp`s_4_2_98_`dm`5`w`200`csq`1`n`140`pw`300`pat`Pick`ist`1`ph`100`ju`6`sq`6997`ied`1`pan`5`ibp`1`crf`8`sdy`0`h`0`iec`1`dft`5`cix`0`ime`5`dmc`0`t`4`dn`140`fn`140`msz`100`24`0`co`0`pt`5`sp`s_4_2_103_`dm`5`w`30`n`1324`pw`0`ist`1`ph`0`ju`103`sq`6997`pan`5`ibp`1`crf`8`sdy`0`h`0`iec`1`dft`5`cix`1`ime`5`dmc`0`t`735`dn`1325`fn`1324`msz`16`23`0`co`0`pt`5`sp`s_4_2_39_`dm`7`w`100`n`1328`pw`0`ph`0`ju`6`sq`6997`pan`5`ibp`1`crf`722`sdy`0`h`0`iec`1`dft`5`cix`2`ime`5`dmc`0`t`4`dn`1329`fn`1462`msz`25`25`0`co`0`pt`5`sp`s_4_2_68_`dm`7`w`100`csq`1`n`1326`pw`0`ist`1`ph`0`ju`6`sq`6997`pan`5`ibp`1`crf`8`sdy`0`h`0`iec`1`dft`5`cix`3`ime`5`dmc`0`t`4`dn`1463`fn`1326`msz`30`24`0`co`0`pt`5`sp`s_4_2_38_`dm`7`w`100`n`1464`pw`0`ist`1`ph`0`ju`6`sq`6997`pan`5`ibp`1`crf`8`sdy`0`h`0`iec`1`dft`5`cix`4`ime`5`dmc`0`t`4`dn`1464`fn`1465`msz`18`0`2`pcl`0`2`0`pc`0`allowPC`false`QueryComboBox``2`0`pc`0`allowPC`false`QuerySrchSpec``0`1`nla`0`18`5`ai`3`S_A6`cdfe`ProdSelectionCC`nfi`1`n`Sales Order Catalog Product Catalog SubCategory List Applet`cud`4*13371*12*641*13*1051*12*121*14*16351*02*991*03*6531*04*16431*04*16441*03*1211*04*16451*03*8431*04*16461*04*16471*0`cik`2*201*02*211*12*221*12*231*12*241*12*251*02*261*12*271*02*281*02*291*02*301*02*311*02*321*02*331*02*341*12*351*12*361*12*371*02*381*12*391*02*401*02*411*02*421*02*431*02*441*12*451*12*461*12*471*12*481*02*491*02*501*02*511*02*521*02*531*02*541*12*551*12*561*02*571*0`pf`VER_1.0_~0|Display Name|100`rct`40`asq`3`vrn`S_A6`tt`1611`inu`0`hmn`1`rsp`false`bnr`0`iem``bci`S_BC6`hlc`3*a_61*11*2`i`6`0`1`cl`0`4`1`cc`0`sp`s_6_1_0_0`n`1337`t`1336`fn`5`0`2`cc`0`2`0`SpanInnerHTML`0`HTML_SPAN_ID`PRODUCT_SELECTION_Sales Order Catalog Product Catalog SubCategory List Applet`HTML_SRC`&lt;a id=\&quot;SWETopHidden6\&quot; href=\&quot;javascript:void(0\);\&quot; tabindex=\&quot;4000\&quot; title=\&quot;Not Used\&quot;&gt;\&lt;\/a&gt;&lt;table datatable=\&quot;0\&quot; summary=\&quot;\&quot; cellpadding=\&quot;0\&quot; cellspacing=\&quot;0\&quot; border=\&quot;0\&quot;&gt;&lt;tr&gt;&lt;td&gt;&lt;img src=\&quot;images/spacer.gif\&quot; width=\&quot;1\&quot; height=\&quot;3\&quot; alt=\&quot;\&quot;&gt;\&lt;\/td&gt;\&lt;\/tr&gt;\&lt;\/table&gt;&lt;span class=\&quot;AppletStyle6\&quot;&gt;&lt;form name=\&quot;SWEForm6_0\&quot; method=\&quot;post\&quot; action=\&quot;/ecommunications_enu_nsm_aps05524a027/start.swe\&quot; &gt;\n&lt;table width=\&quot;100%\&quot; cellpadding=\&quot;0\&quot; cellspacing=\&quot;0\&quot; border=\&quot;0\&quot; align=\&quot;center\&quot; class=\&quot;AppletBack\&quot; datatable=\&quot;0\&quot; summary=\&quot;\&quot;&gt;&lt;tr&gt;&lt;td class = \&quot;AppletHIListBorder\&quot;&gt;&lt;table datatable=\&quot;0\&quot; summary=\&quot;\&quot; width=\&quot;100%\&quot; cellpadding=\&quot;1\&quot; cellspacing=\&quot;0\&quot; border=\&quot;0\&quot; align=\&quot;center\&quot;&gt;&lt;tr&gt;&lt;td class=\&quot;AppletBorder\&quot;&gt;&lt;table datatable=\&quot;0\&quot; summary=\&quot;\&quot; class=\&quot;AppletBack\&quot; valign=\&quot;top\&quot; width=\&quot;100%\&quot; cellpadding=\&quot;3\&quot; cellspacing=\&quot;0\&quot; border=\&quot;0\&quot;&gt;&lt;tr valign=\&quot;top\&quot;&gt;&lt;td&gt;&lt;nobr&gt;&lt;a href=\&apos;JavaScript:c_d(new Array(\&quot;SWERowId\&quot;,\&quot;SWEField\&quot;,\&quot;SWERowIds\&quot;\),new Array(\&quot;1-2NY1OVU\&quot;,\&quot;s_6_2_6_0\&quot;,\&quot;SWERowId0=1-ZOIRIS,SWERowId1=1-2NY1OVT,SWERowId2=1-2NY1OVU\&quot;\),new Array(\&quot;SWENeedContext\&quot;,\&quot;SWESP\&quot;,\&quot;SWEMethod\&quot;,\&quot;SWECmd\&quot;,\&quot;SWEVI\&quot;,\&quot;SWEPOC\&quot;,\&quot;SWETargetView\&quot;,\&quot;SWEDIC\&quot;,\&quot;SWEReqRowId\&quot;,\&quot;SWEView\&quot;,\&quot;SWETVI\&quot;,\&quot;SWEC\&quot;,\&quot;SWEM\&quot;,\&quot;SWEBID\&quot;,\&quot;SWESPa\&quot;,\&quot;SRN\&quot;,\&quot;SWEContainer\&quot;,\&quot;SWETS\&quot;,\&quot;SWETA\&quot;,\&quot;SWEApplet\&quot;\),new Array(\&quot;/ecommunications_enu_nsm_aps05524a027/start.swe\&quot;,\&quot;true\&quot;,\&quot;false\&quot;,\&quot;Drilldown\&quot;,\&quot;InvokeMethod\&quot;,\&quot;\&quot;,\&quot;\&quot;,\&quot;\&quot;,\&quot;false\&quot;,\&quot;1\&quot;,\&quot;Sales Order-Browse Catalog Category Details View - Add to Cart\&quot;,\&quot;\&quot;,\&quot;52\&quot;,\&quot;\&quot;,\&quot;-1\&quot;,\&quot;\&quot;,\&quot;xK7T2pIB2ZOV15hwlQxQF5reKcoUB8VpMTZr7we8uAEb\&quot;,\&quot;\&quot;,\&quot;\&quot;,\&quot;\&quot;,\&quot;Sales Order Catalog Product Catalog SubCategory List Applet\&quot;\),this\)\&apos;  id=\&apos;s_6_2_6_0\&apos;&gt;Universal Offers\&lt;\/a&gt;&amp;nbsp;&amp;nbsp;&amp;nbsp;&amp;nbsp;\&lt;\/nobr&gt;&amp;#32;&lt;nobr&gt;&lt;a href=\&apos;JavaScript:c_d(new Array(\&quot;SWERowId\&quot;,\&quot;SWEField\&quot;,\&quot;SWERowIds\&quot;\),new Array(\&quot;1-2NY1OWZ\&quot;,\&quot;s_6_2_6_1\&quot;,\&quot;SWERowId0=1-ZOIRIS,SWERowId1=1-2NY1OVT,SWERowId2=1-2NY1OWZ\&quot;\),new Array(\&quot;SWENeedContext\&quot;,\&quot;SWESP\&quot;,\&quot;SWEMethod\&quot;,\&quot;SWECmd\&quot;,\&quot;SWEVI\&quot;,\&quot;SWEPOC\&quot;,\&quot;SWETargetView\&quot;,\&quot;SWEDIC\&quot;,\&quot;SWEReqRowId\&quot;,\&quot;SWEView\&quot;,\&quot;SWETVI\&quot;,\&quot;SWEC\&quot;,\&quot;SWEM\&quot;,\&quot;SWEBID\&quot;,\&quot;SWESPa\&quot;,\&quot;SRN\&quot;,\&quot;SWEContainer\&quot;,\&quot;SWETS\&quot;,\&quot;SWETA\&quot;,\&quot;SWEApplet\&quot;\),new Array(\&quot;/ecommunications_enu_nsm_aps05524a027/start.swe\&quot;,\&quot;true\&quot;,\&quot;false\&quot;,\&quot;Drilldown\&quot;,\&quot;InvokeMethod\&quot;,\&quot;\&quot;,\&quot;\&quot;,\&quot;\&quot;,\&quot;false\&quot;,\&quot;1\&quot;,\&quot;Sales Order-Browse Catalog Category Details View - Add to Cart\&quot;,\&quot;\&quot;,\&quot;52\&quot;,\&quot;\&quot;,\&quot;-1\&quot;,\&quot;\&quot;,\&quot;xK7T2pIB2ZOV15hwlQxQF5reKcoUB8VpMTZr7we8uAEb\&quot;,\&quot;\&quot;,\&quot;\&quot;,\&quot;\&quot;,\&quot;Sales Order Catalog Product Catalog SubCategory List Applet\&quot;\),this\)\&apos;  id=\&apos;s_6_2_6_1\&apos;&gt;Acquisition Offers\&lt;\/a&gt;&amp;nbsp;&amp;nbsp;&amp;nbsp;&amp;nbsp;\&lt;\/nobr&gt;&amp;#32;&lt;nobr&gt;&lt;a href=\&apos;JavaScript:c_d(new Array(\&quot;SWERowId\&quot;,\&quot;SWEField\&quot;,\&quot;SWERowIds\&quot;\),new Array(\&quot;2-157PM8MJ\&quot;,\&quot;s_6_2_6_2\&quot;,\&quot;SWERowId0=1-ZOIRIS,SWERowId1=1-2NY1OVT,SWERowId2=2-157PM8MJ\&quot;\),new Array(\&quot;SWENeedContext\&quot;,\&quot;SWESP\&quot;,\&quot;SWEMethod\&quot;,\&quot;SWECmd\&quot;,\&quot;SWEVI\&quot;,\&quot;SWEPOC\&quot;,\&quot;SWETargetView\&quot;,\&quot;SWEDIC\&quot;,\&quot;SWEReqRowId\&quot;,\&quot;SWEView\&quot;,\&quot;SWETVI\&quot;,\&quot;SWEC\&quot;,\&quot;SWEM\&quot;,\&quot;SWEBID\&quot;,\&quot;SWESPa\&quot;,\&quot;SRN\&quot;,\&quot;SWEContainer\&quot;,\&quot;SWETS\&quot;,\&quot;SWETA\&quot;,\&quot;SWEApplet\&quot;\),new Array(\&quot;/ecommunications_enu_nsm_aps05524a027/start.swe\&quot;,\&quot;true\&quot;,\&quot;false\&quot;,\&quot;Drilldown\&quot;,\&quot;InvokeMethod\&quot;,\&quot;\&quot;,\&quot;\&quot;,\&quot;\&quot;,\&quot;false\&quot;,\&quot;1\&quot;,\&quot;Sales Order-Browse Catalog Category Details View - Add to Cart\&quot;,\&quot;\&quot;,\&quot;52\&quot;,\&quot;\&quot;,\&quot;-1\&quot;,\&quot;\&quot;,\&quot;xK7T2pIB2ZOV15hwlQxQF5reKcoUB8VpMTZr7we8uAEb\&quot;,\&quot;\&quot;,\&quot;\&quot;,\&quot;\&quot;,\&quot;Sales Order Catalog Product Catalog SubCategory List Applet\&quot;\),this\)\&apos;  id=\&apos;s_6_2_6_2\&apos;&gt;Copper promotions in Fibre Area\&lt;\/a&gt;&amp;nbsp;&amp;nbsp;&amp;nbsp;&amp;nbsp;\&lt;\/nobr&gt;&amp;#32;&lt;nobr&gt;&lt;a href=\&apos;JavaScript:c_d(new Array(\&quot;SWERowId\&quot;,\&quot;SWEField\&quot;,\&quot;SWERowIds\&quot;\),new Array(\&quot;1-7NW3KVG\&quot;,\&quot;s_6_2_6_3\&quot;,\&quot;SWERowId0=1-ZOIRIS,SWERowId1=1-2NY1OVT,SWERowId2=1-7NW3KVG\&quot;\),new Array(\&quot;SWENeedContext\&quot;,\&quot;SWESP\&quot;,\&quot;SWEMethod\&quot;,\&quot;SWECmd\&quot;,\&quot;SWEVI\&quot;,\&quot;SWEPOC\&quot;,\&quot;SWETargetView\&quot;,\&quot;SWEDIC\&quot;,\&quot;SWEReqRowId\&quot;,\&quot;SWEView\&quot;,\&quot;SWETVI\&quot;,\&quot;SWEC\&quot;,\&quot;SWEM\&quot;,\&quot;SWEBID\&quot;,\&quot;SWESPa\&quot;,\&quot;SRN\&quot;,\&quot;SWEContainer\&quot;,\&quot;SWETS\&quot;,\&quot;SWETA\&quot;,\&quot;SWEApplet\&quot;\),new Array(\&quot;/ecommunications_enu_nsm_aps05524a027/start.swe\&quot;,\&quot;true\&quot;,\&quot;false\&quot;,\&quot;Drilldown\&quot;,\&quot;InvokeMethod\&quot;,\&quot;\&quot;,\&quot;\&quot;,\&quot;\&quot;,\&quot;false\&quot;,\&quot;1\&quot;,\&quot;Sales Order-Browse Catalog Category Details View - Add to Cart\&quot;,\&quot;\&quot;,\&quot;52\&quot;,\&quot;\&quot;,\&quot;-1\&quot;,\&quot;\&quot;,\&quot;xK7T2pIB2ZOV15hwlQxQF5reKcoUB8VpMTZr7we8uAEb\&quot;,\&quot;\&quot;,\&quot;\&quot;,\&quot;\&quot;,\&quot;Sales Order Catalog Product Catalog SubCategory List Applet\&quot;\),this\)\&apos;  id=\&apos;s_6_2_6_3\&apos;&gt;Employee Broadband\&lt;\/a&gt;&amp;nbsp;&amp;nbsp;&amp;nbsp;&amp;nbsp;\&lt;\/nobr&gt;&amp;#32;&lt;nobr&gt;&lt;a href=\&apos;JavaScript:c_d(new Array(\&quot;SWERowId\&quot;,\&quot;SWEField\&quot;,\&quot;SWERowIds\&quot;\),new Array(\&quot;2-129MWHPI\&quot;,\&quot;s_6_2_6_4\&quot;,\&quot;SWERowId0=1-ZOIRIS,SWERowId1=1-2NY1OVT,SWERowId2=2-129MWHPI\&quot;\),new Array(\&quot;SWENeedContext\&quot;,\&quot;SWESP\&quot;,\&quot;SWEMethod\&quot;,\&quot;SWECmd\&quot;,\&quot;SWEVI\&quot;,\&quot;SWEPOC\&quot;,\&quot;SWETargetView\&quot;,\&quot;SWEDIC\&quot;,\&quot;SWEReqRowId\&quot;,\&quot;SWEView\&quot;,\&quot;SWETVI\&quot;,\&quot;SWEC\&quot;,\&quot;SWEM\&quot;,\&quot;SWEBID\&quot;,\&quot;SWESPa\&quot;,\&quot;SRN\&quot;,\&quot;SWEContainer\&quot;,\&quot;SWETS\&quot;,\&quot;SWETA\&quot;,\&quot;SWEApplet\&quot;\),new Array(\&quot;/ecommunications_enu_nsm_aps05524a027/start.swe\&quot;,\&quot;true\&quot;,\&quot;false\&quot;,\&quot;Drilldown\&quot;,\&quot;InvokeMethod\&quot;,\&quot;\&quot;,\&quot;\&quot;,\&quot;\&quot;,\&quot;false\&quot;,\&quot;1\&quot;,\&quot;Sales Order-Browse Catalog Category Details View - Add to Cart\&quot;,\&quot;\&quot;,\&quot;52\&quot;,\&quot;\&quot;,\&quot;-1\&quot;,\&quot;\&quot;,\&quot;xK7T2pIB2ZOV15hwlQxQF5reKcoUB8VpMTZr7we8uAEb\&quot;,\&quot;\&quot;,\&quot;\&quot;,\&quot;\&quot;,\&quot;Sales Order Catalog Product Catalog SubCategory List Applet\&quot;\),this\)\&apos;  id=\&apos;s_6_2_6_4\&apos;&gt;Tech Experts\&lt;\/a&gt;&amp;nbsp;&amp;nbsp;&amp;nbsp;&amp;nbsp;\&lt;\/nobr&gt;&amp;#32;&lt;nobr&gt;&lt;a href=\&apos;JavaScript:c_d(new Array(\&quot;SWERowId\&quot;,\&quot;SWEField\&quot;,\&quot;SWERowIds\&quot;\),new Array(\&quot;1-9C6JV0K\&quot;,\&quot;s_6_2_6_5\&quot;,\&quot;SWERowId0=1-ZOIRIS,SWERowId1=1-2NY1OVT,SWERowId2=1-9C6JV0K\&quot;\),new Array(\&quot;SWENeedContext\&quot;,\&quot;SWESP\&quot;,\&quot;SWEMethod\&quot;,\&quot;SWECmd\&quot;,\&quot;SWEVI\&quot;,\&quot;SWEPOC\&quot;,\&quot;SWETargetView\&quot;,\&quot;SWEDIC\&quot;,\&quot;SWEReqRowId\&quot;,\&quot;SWEView\&quot;,\&quot;SWETVI\&quot;,\&quot;SWEC\&quot;,\&quot;SWEM\&quot;,\&quot;SWEBID\&quot;,\&quot;SWESPa\&quot;,\&quot;SRN\&quot;,\&quot;SWEContainer\&quot;,\&quot;SWETS\&quot;,\&quot;SWETA\&quot;,\&quot;SWEApplet\&quot;\),new Array(\&quot;/ecommunications_enu_nsm_aps05524a027/start.swe\&quot;,\&quot;true\&quot;,\&quot;false\&quot;,\&quot;Drilldown\&quot;,\&quot;InvokeMethod\&quot;,\&quot;\&quot;,\&quot;\&quot;,\&quot;\&quot;,\&quot;false\&quot;,\&quot;1\&quot;,\&quot;Sales Order-Browse Catalog Category Details View - Add to Cart\&quot;,\&quot;\&quot;,\&quot;52\&quot;,\&quot;\&quot;,\&quot;-1\&quot;,\&quot;\&quot;,\&quot;xK7T2pIB2ZOV15hwlQxQF5reKcoUB8VpMTZr7we8uAEb\&quot;,\&quot;\&quot;,\&quot;\&quot;,\&quot;\&quot;,\&quot;Sales Order Catalog Product Catalog SubCategory List Applet\&quot;\),this\)\&apos;  id=\&apos;s_6_2_6_5\&apos;&gt;Warranty Replacement\&lt;\/a&gt;&amp;nbsp;&amp;nbsp;&amp;nbsp;&amp;nbsp;\&lt;\/nobr&gt;&amp;#32;\&lt;\/td&gt;\&lt;\/tr&gt;\&lt;\/table&gt;\&lt;\/td&gt;\&lt;\/tr&gt;\&lt;\/table&gt;\&lt;\/td&gt;\&lt;\/tr&gt;\&lt;\/table&gt;&lt;span id=\&apos;s_20\&apos;&gt;\&lt;\/span&gt;\&lt;\/form&gt;\n\&lt;\/span&gt;&lt;a id=\&quot;SWEEndAppletStartAnchor_6\&quot; href=\&quot;javascript:void(0\);\&quot; tabindex=\&quot;4999\&quot;&gt;\&lt;\/a&gt;&lt;a id=\&quot;SWEEndAppletEndAnchor_6\&quot; href=\&quot;javascript:void(0\);\&quot; tabindex=\&quot;4999\&quot; onfocus=\&quot;document.getElementById(\&apos;SWEEndAppletStartAnchor_6\&apos;\).focus(\);\&quot;&gt;\&lt;\/a&gt;`0`0`AppletRowData`0`1`0`cfm`0`DeleteRecord`IDS_SWE_DELETE_CONFIRM_WARNING`0`1`col`0`25`0`co`0`pt`5`sp`s_6_2_6_`dm`5`w`100`csq`1`n`653`pw`0`ist`1`ph`0`ju`6`sq`4997`pan`5`ibp`1`crf`8`sdy`0`h`0`iec`1`dft`5`cix`0`ime`5`dmc`0`t`4`dn`653`fn`653`msz`100`2`0`cn`0`ThumbnImageFileName`1*11*11*11*11*11*1`Display Name`1*11*11*11*11*11*1`0`1`pcl`0`2`0`pc`0`allowPC`false`ProdSelectionCC``0`1`na`0`15`2`ai`3`S_A5`nfi`1`n`Quote Catalog Product Catalog Category Form Applet`cud`4*16241*12*641*12*121*14*18981*03*1211*04*18991*14*19001*1`cik`2*201*02*211*12*221*12*231*12*241*12*251*02*261*02*271*02*281*02*291*12*301*12*311*12*321*02*331*12*341*02*351*02*361*02*371*02*381*12*391*02*401*12*411*02*421*12*431*02*441*12*451*12*461*12*471*12*481*02*491*02*501*02*511*02*521*02*531*02*541*12*551*12*561*02*571*1`asq`2`vrn`S_A5`tt`1651`inu`0`hmn`1`rsp`false`bnr`0`iem``bci`S_BC5`hlc`3*a_51*11*2`i`5`0`1`cl`0`23`0`c`0`pt`5`sp`s_5_1_3_0`dm`5`w`0`csq`1`n`1898`pw`0`ph`0`ju`6`sq`3997`pan`5`ibp`1`crf`8`sdy`0`h`0`iec`1`dft`5`ime`5`dmc`0`t`4`dn`5`fn`653`msz`100`1`0`cfm`0`DeleteRecord`IDS_SWE_DELETE_CONFIRM_WARNING`0`1`na`0`15`3`ai`3`S_A7`nfi`1`n`COM ActiveX Placeholder Applet - Sales Order`cud`3*1831*03*8921*04*16111*12*281*13*3061*12*451*12*401*12*391*12*441*12*291*13*3101*12*641*12*431*12*271*12*311*14*18651*1`cik`4*18661*02*281*03*3061*02*451*12*401*02*391*02*441*12*291*03*3101*02*201*02*431*02*271*02*311*02*211*02*221*12*231*12*241*12*251*02*261*02*301*02*321*02*331*12*341*02*351*02*361*02*371*02*381*02*411*02*421*02*461*12*471*02*481*02*491*02*501*02*511*02*521*02*531*02*541*12*551*02*561*12*571*0`asq`1`vrn`S_A7`tt`1864`inu`0`hmn`1`rsp`false`bnr`0`iem``bci`S_BC7`hlc`3*a_71*11*2`i`7`0`1`cl`0`4`1`cc`0`sp`s_7_1_15_0`n`1865`t`1336`fn`5`8`0`cc`0`norecord`No records found.`enableCatalogDrillDown`Y`PreSel``expandedState`N`tooltipExpanded`Navigate Dynamic Catalog`AddItem`Add Item`captionExpanded`Navigator`home`Home`1`0`cfm`0`DeleteRecord`IDS_SWE_DELETE_CONFIRM_WARNING`0`1`pcl`0`2`0`pc`0`allowPC`false`HTML Navigator Control``1`0`aa`0`n`COM ActiveX Placeholder Applet - Sales Order`0`6`nci`0`1`0`SI`0`SX`7`0`46`PI`0`1`0`II`0`CP` All Orders`1`0`II`0`CP` All Orders this Week`1`0`II`0`CP`*Pending Manager Approval`1`0`II`0`CP`1MB - Cancelled Orders`1`0`II`0`CP`1MB - Completed Orders`1`0`II`0`CP`1MB - Failed Submission Orders`1`0`II`0`CP`1MB - Orders Since Yesterday`1`0`II`0`CP`1MB - Pending Orders`1`0`II`0`CP`1MB - Pending Orders Since Yesterday`1`0`II`0`CP`All  Sales Orders`1`0`II`0`CP`All Orders Today`1`0`II`0`CP`My Team\&apos;s Quote\&apos;s`1`0`II`0`CP`Number of Open Orders`1`0`II`0`CP`OPEN MANUAL SUBMISSION`1`0`II`0`CP`Open Sales Orders`1`0`II`0`CP`Open and Billing Setup Completed for &gt; 5Hrs`1`0`II`0`CP`Open and Billing Setup Completed for more than 5Hrs`1`0`II`0`CP`Open and Customer Setup Completed for &gt;5Hrs`1`0`II`0`CP`Open and Customer Setup Completed for more than 5Hrs`1`0`II`0`CP`Open and Submitted to OFS for &gt; 5Hrs`1`0`II`0`CP`Open and Submitted to OFS for more than 5Hrs`1`0`II`0`CP`Open_ActivationSubmitted&gt;5hours`1`0`II`0`CP`Open_ActivationonNetwork&gt;30min`1`0`II`0`CP`Open_AssetsetuponBilling&gt;30min`1`0`II`0`CP`Open_BillingSetupComplete&gt;30min`1`0`II`0`CP`Open_CustomerSetupComplete&gt;30min`1`0`II`0`CP`Open_SubmittedDispatchers&gt;3days at weekend`1`0`II`0`CP`Open_SubmittedtoProtect&gt;3days at weekend`1`0`II`0`CP`Orders with Credit Assignment Crediting Errors`1`0`II`0`CP`Orders with Credit Assignment System Errors`1`0`II`0`CP`PENDING AWAIT CUST OVER 30 DAYS`1`0`II`0`CP`PENDING AWAITING CUSTOMER`1`0`II`0`CP`PENDING CREDIT REFERRAL`1`0`II`0`CP`PENDING CREDIT REFERRAL TEMP`1`0`II`0`CP`PENDING CREDIT REFERRAL WEB`1`0`II`0`CP`PENDING_AWAITING_CUSTOMER`1`0`II`0`CP`PENDING_AWAITING_CUSTOMER_&gt;30DAY`1`0`II`0`CP`PENDING_CREDIT_REFERRAL`1`0`II`0`CP`Pending_Fulfillmentorder_14 Days`1`0`II`0`CP`Pending_Fulfillmentorders_21days`1`0`II`0`CP`Pending_Fulfillmentorders_7days`1`0`II`0`CP`Pending_Validated_&gt;1 hour`1`0`II`0`CP`REFERRAL DECISION MADE`1`0`II`0`CP`REFERRAL DECISION MADE TEMP`1`0`II`0`CP`REFERRAL_DECISION_MADE`1`0`II`0`CP`SWLS`0`2`VI`0`2`0`II`0`CP`1576`VN`1575`2`0`II`0`CP`1578`VN`1577`1`1`AI`0`SX`0`2`0`II`0`CP`105`VN`1575`1`17`DI`0`SX`0`2`0`II`0`CP`1580`VN`1579`2`0`II`0`CP`639`VN`1581`2`0`II`0`CP`1583`VN`1582`2`0`II`0`CP`1585`VN`1584`2`0`II`0`CP`1064`VN`1586`2`0`II`0`CP`1588`VN`1587`2`0`II`0`CP`1590`VN`1589`2`0`II`0`CP`1592`VN`1591`2`0`II`0`CP`1594`VN`1593`2`0`II`0`CP`1596`VN`1595`2`0`II`0`CP`1598`VN`1597`2`0`II`0`CP`1600`VN`1599`2`0`II`0`CP`1602`VN`1601`2`0`II`0`CP`1604`VN`1603`2`0`II`0`CP`1606`VN`1605`2`0`II`0`CP`1608`VN`1607`2`0`II`0`CP`1610`VN`1609`0`3`SDI`0`2`0`II`0`CP`1611`VN`1579`2`0`II`0`CP`228`VN`1612`2`0`II`0`CP`1565`VN`1613`2`0`hui`0`n`Category: BT Broadband and BB Talk`hnact`top._swe._sweapp.S_App.GotoView(&amp;quot;Sales Order-Browse Catalog Category Details View - Add to Cart&amp;quot;, &amp;quot;&amp;quot;, &amp;quot;/ecommunications_enu_nsm_aps05524a027/start.swe?SWENeedContext=false&amp;amp;SWECmd=GotoBookmarkView&amp;amp;SWEBMC=52&amp;amp;SWEC=52&amp;amp;SRN=xK7T2pIB2ZOV15hwlQxQF5reKcoUB8VpMTZr7we8uAEb&amp;quot;, top._sweclient._swecontent._sweview\)`1`7`Command Manager`0`RefreshToolbar`true`7`0`StateToolBar`0`#35`true`#36`true`#17`true`#34`true`#8`false`#37`true`#38`true`0`1`StateExToolBar`0`1`0`#35`0`Checked`false`0`3`FlagsToolBar`0`3`0`#8`0`SWESP`true`SWEH`0`SWEW`0`3`0`#34`0`SWESP`true`SWEH`600`SWEW`800`3`0`#36`0`SWESP`true`SWEH`20`SWEW`380`3`0`State`0`#27`false`#26`false`#28`false`0`3`StateEx`0`0`0`#26`0`0`0`#27`0`1`0`#28`0`Checked`false`0`0`Flags`0`0`3`Accelerators`0`0`2`Sales Order Catalog Product List Applet - Add to Cart`0`2`0``0`Command``class`#FL`2`0``0`Command``class`#F`0`2`Sales Order Catalog Product Catalog SubCategory List Applet`0`2`0``0`Command``class`#FL`2`0``0`Command``class`#F`0`1`Quote Catalog Product Catalog Category Form Applet`0`2`0``0`Command``class`#F`&quot;);

}
&lt;/script&gt;&lt;/body&gt;&lt;/html&gt;
</responseData>
  <responseFile class="java.lang.String"></responseFile>
  <cookies class="java.lang.String">_sn=GXmoeGkdwh1O45lrH7mMIZnLMWvqHkVWiQKqDOICOq1fi95anXYMaCRAX879ujDRD9kS4J75N4kGDX576Q2AKmwZPUBih-4NS80Pc1189OxasEbdAsHiEtIhcnCzZ0zWb5V6QpVraL0TTGU4ktkGZq374g8C0pUBRhKVASKeW21TgUW5eIkswq97I-.qG-kr; _srn=_srn; SWEUAID=SWEUAID</cookies>
  <method class="java.lang.String">GET</method>
  <queryString class="java.lang.String"></queryString>
  <java.net.URL>http://localhost:8080/ecommunications_enu_nsm_aps05524a027/start.swe?SWERowId=1-2NY1OVT&amp;SWEField=s_0_2_6_1&amp;SWERowIds=SWERowId0%3D1-ZOIRIS%2CSWERowId1%3D1-2NY1OVT&amp;SWENeedContext=true&amp;SWESP=false&amp;SWEMethod=Drilldown&amp;SWECmd=InvokeMethod&amp;SWEVI=&amp;SWEPOC=&amp;SWETargetView=&amp;SWEDIC=false&amp;SWEReqRowId=1&amp;SWEView=Sales+Order-Browse+Catalog+View&amp;SWETVI=&amp;SWEC=48&amp;SWEM=&amp;SWEBID=-1&amp;SWESPa=&amp;SRN=xK7T2pIB2ZOV15hwlQxQF5reKcoUB8VpMTZr7we8uAEb&amp;SWEContainer=&amp;SWETS=&amp;SWETA=&amp;SWEApplet=Sales+Order+Catalog+RootSubCategory+List+Applet&amp;SWETS={{\d+}}&amp;SWEC=-1</java.net.URL>
</httpSample>
<httpSample t="{{\d+}}" it="0" lt="{{\d+}}" ct="{{\d+}}" ts="{{\d+}}" s="true" lb="{{\d+}} /ecommunications_enu_nsm_aps05524a027/start.swe" rc="200" rm="OK" tn="Thread Group 1-1" dt="text" de="utf-8" by="4092" sby="1208" sc="1" ec="0" ng="1" na="1" hn="{{.*?}}">
  <responseHeader class="java.lang.String">HTTP/1.1 200 OK
Connection: close
Server: Oracle-iPlanet-Web-Server/7.0
Date: Tue, 23 Jun 2020 13:03:38 GMT
Content-Language: en
Cache-Control: no-cache
Content-Type: text/html;charset=utf-8
Matched-Stub-Id: {{\w+-\w+-\w+-\w+-\w+}}
Vary: Accept-Encoding, User-Agent
Content-Encoding: gzip
</responseHeader>
  <requestHeader class="java.lang.String">Connection: close
Referer: http://localhost:8080/ecommunications_enu_nsm_aps05524a027/start.swe?SWENeedContext=false&amp;SWECmd=GetCachedFrame&amp;SWEACn=23534&amp;SWEC=3&amp;SWEFrame=top._sweclient._swecontent._sweview&amp;SWEBID=-1&amp;SRN=xK7T2pIB2ZOV15hwlQxQF5reKcoUB8VpMTZr7we8uAEb&amp;SWETS=
Accept-Language: en-GB
DNT: 1
Accept-Encoding: gzip, deflate
Accept: image/jpeg, application/x-ms-application, image/gif, application/xaml+xml, image/pjpeg, application/x-ms-xbap, */*
User-Agent: Mozilla/4.0 (compatible; MSIE 7.0; Windows NT 6.3; WOW64; Trident/7.0; .NET4.0E; .NET4.0C; .NET CLR 3.5.30729; .NET CLR 2.0.50727; .NET CLR 3.0.30729)
Host: localhost:8080
</requestHeader>
  <responseData class="java.lang.String">&lt;HTML &gt;&lt;head&gt;&lt;meta HTTP-EQUIV=&quot;Pragma&quot; CONTENT=&quot;no-cache&quot;&gt;
&lt;title&gt;Category&lt;/title&gt;&lt;link href=&quot;files/main.css&quot; rel=&quot;stylesheet&quot;/&gt;
&lt;script language=&quot;javascript&quot; src=&quot;23048/scripts/swecommon.js&quot;&gt;&lt;/script&gt; 
&lt;script language=&quot;javascript&quot; src=&quot;23048/scripts/swecmn_hi.js&quot;&gt;&lt;/script&gt; 
&lt;/head&gt;&lt;body leftmargin=&quot;8&quot; topmargin=&quot;2&quot; marginwidth=&quot;20&quot; marginheight=&quot;2&quot; class=&quot;ScreenBack&quot;&gt;&lt;script&gt;
if(typeof(top._swescript)!=&apos;undefined&apos;&amp;&amp;top._swescript!=null) top._swescript.InitFrame(this);&lt;/script&gt;
&lt;table datatable=&quot;0&quot; summary=&quot;&quot; border=&quot;0&quot; cellspacing=&quot;0&quot; cellpadding=&quot;1&quot; width=&quot;100%&quot;&gt;&lt;tr&gt;&lt;/tr&gt;&lt;/table&gt;&lt;a name=&quot;SWEApplet2&quot; id=&quot;SWEApplet2&quot; href=&quot;#SWEApplet2&quot; title=&quot;Sales Order&quot;&gt;&lt;/a&gt;
&lt;div id=&apos;s_S_A2_div&apos;oncontextmenu=&apos;HandleContextMenu(&quot;Catalog Order Header Form Applet&quot;)&apos; onclick=&apos;HandleAppletClick(&quot;Catalog Order Header Form Applet&quot;)&apos;&gt;
&lt;a id=&quot;SWETopHidden2&quot; href=&quot;javascript:void(0);&quot; tabindex=&quot;1000&quot;&gt;&lt;/a&gt;&lt;table datatable=&quot;0&quot; summary=&quot;&quot; cellpadding=&quot;0&quot; cellspacing=&quot;0&quot; border=&quot;0&quot;&gt;&lt;tr&gt;&lt;td&gt;&lt;img src=&quot;images/spacer.gif&quot; width=&quot;1&quot; height=&quot;3&quot; alt=&quot;&quot;&gt;&lt;/td&gt;&lt;/tr&gt;&lt;/table&gt;&lt;form name=&quot;SWEForm2_0&quot; method=&quot;post&quot; action=&quot;/ecommunications_enu_nsm_aps05524a027/start.swe&quot; onSubmit=&quot;return false;&quot; &gt;
&lt;div class=&quot;NotSelected&quot; id=&quot;a_2&quot;&gt;&lt;table datatable=&quot;0&quot; summary=&quot;&quot; width=&quot;100%&quot; cellpadding=&quot;0&quot; cellspacing=&quot;0&quot; border=&quot;0&quot; align=&quot;center&quot; class=&quot;AppletBack&quot;&gt;&lt;tr&gt;&lt;td class=&quot;AppletHIFormBorder&quot;&gt;&lt;span class=&quot;AppletStyleParent77&quot;&gt;&lt;table datatable=&quot;0&quot; summary=&quot;&quot; width=&quot;100%&quot; cellspacing=&quot;0&quot; cellpadding=&quot;2&quot; border=&quot;0&quot; align=&quot;center&quot;&gt;&lt;tr class=&quot;AppletButtons&quot;&gt;&lt;td nowrap width=&quot;100%&quot; class=&quot;AppletTitle&quot;&gt;&amp;nbsp;&lt;span id=s_2_1_36_0&gt;&amp;nbsp;&lt;/span&gt;&lt;div style=&apos;display:none;&apos;&gt;Sales Order&lt;/div&gt;&lt;/td&gt;&lt;td nowrap valign=&quot;absmiddle&quot; class=&quot;legend&quot;&gt;&lt;/td&gt;&lt;td width=&quot;100%&quot;&gt;&amp;nbsp;&lt;img src=&quot;images/btn_div_gray.gif&quot; height=&quot;13&quot; align=&quot;middle&quot; alt=&quot;&quot;&gt;&amp;nbsp;&lt;/td&gt;&lt;td valign=&quot;middle&quot; nowrap&gt;&lt;span id=&apos;SWEApplet2_ctrlmsg&apos;&gt;&lt;/span&gt;&lt;/td&gt;&lt;td class=&quot;AppletTitle&quot; valign=&quot;middle&quot; nowrap&gt;&lt;span id=s_2_1_91_0&gt;&amp;nbsp;&lt;/span&gt;&lt;/td&gt;&lt;td class=&quot;AppletTitle&quot; valign=&quot;middle&quot; nowrap&gt;&amp;nbsp;&lt;span id=s_2_rc&gt;&lt;/span&gt;&amp;nbsp;&lt;/td&gt;&lt;td class=&quot;AppletTitle&quot; valign=&quot;middle&quot; nowrap&gt;&lt;span id=s_2_1_90_0&gt;&amp;nbsp;&lt;/span&gt;&lt;/td&gt;&lt;td&gt;&amp;nbsp;&lt;/td&gt;&lt;td class=&quot;AppletTitle&quot; valign=&quot;middle&quot;&gt;&lt;img src=&quot;images/btn_div.gif&quot; height=&quot;13&quot; align=&quot;middle&quot; alt=&quot;&quot;&gt;&lt;/td&gt;&lt;td&gt;&amp;nbsp;&lt;/td&gt;&lt;td valign=&quot;middle&quot; nowrap&gt;&lt;span id=s_2_1_54_0&gt;&amp;nbsp;&lt;/span&gt;&lt;/td&gt;&lt;td valign=&quot;top&quot; align=&quot;right&quot;&gt;&lt;/td&gt;&lt;/tr&gt;&lt;/table&gt;&lt;table datatable=&quot;0&quot; summary=&quot;&quot; class=&quot;AppletBackTable&quot; width=&quot;100%&quot; cellspacing=&quot;0&quot; cellpadding=&quot;2&quot; align=&quot;center&quot;&gt;&lt;tr class=&quot;AppletBack&quot; align=&quot;left&quot;&gt;&lt;td nowrap class=&quot;AppletMenu&quot;&gt;&lt;span class=&quot;miniBtnUICTop&quot;&gt;&lt;span class=&quot;miniBtnUIC&quot;&gt;&lt;a id=&apos;s_at_m_2&apos; href=&quot;javascript:void(0)&quot; onclick=&quot;window.event.cancelBubble=true; _JMenu_Initialize(this, &apos;Catalog Order Header Form Applet&apos;, &apos;Applet&apos;, s_at_m_2Ax, 0, false); return false;&quot; onmouseover=&quot;MinibtnHover(this.parentNode)&quot; onmouseout=&quot;MinibtnOut(this.parentNode)&quot; onmousedown=&quot;MinibtnDown(this.parentNode)&quot; onmouseup=&quot;MinibtnUp(this.parentNode)&quot; &gt;Menu&amp;nbsp;&lt;img border=&quot;0&quot; src=&quot;images/img_arrow.gif&quot; align=&quot;center&quot;&gt;&lt;/a&gt;&lt;/span&gt;&lt;/span&gt;&lt;object id= &quot;s_at_m_2Ax&quot; CLASSID=&quot;CLSID:9174862b-ac3b-4f9f-abc9-a0a3c9fd95d4&quot; codebase=&quot;23048/applets/SiebelAx_HI_Client.cab&quot; width=0 height = 0&gt;&lt;/object&gt;&lt;/td&gt;&lt;td&gt;&lt;img height=1 alt=&quot;&quot; src=&quot;images/spacer.gif&quot; width=4&gt;&lt;/td&gt;&lt;td&gt;&lt;img src=&quot;images/btn_div_gray.gif&quot; height=&quot;13&quot; align=&quot;middle&quot; alt=&quot;&quot;&gt;&lt;/td&gt;&lt;td&gt;&lt;img src=&quot;images/spacer.gif&quot; width=&quot;4&quot; height=&quot;1&quot; alt=&quot;&quot;&gt;&lt;/td&gt;&lt;td nowrap&gt;&lt;span id=s_2_1_26_0&gt;&amp;nbsp;&lt;/span&gt;&lt;/td&gt;&lt;td nowrap&gt;&lt;span id=s_2_1_21_0&gt;&amp;nbsp;&lt;/span&gt;&lt;/td&gt;&lt;td nowrap&gt;&lt;span id=s_2_1_45_0&gt;&amp;nbsp;&lt;/span&gt;&lt;/td&gt;&lt;td nowrap&gt;&lt;span id=s_2_1_15_0&gt;&amp;nbsp;&lt;/span&gt;&lt;/td&gt;&lt;td nowrap&gt;&lt;span id=s_2_1_16_0&gt;&amp;nbsp;&lt;/span&gt;&lt;/td&gt;&lt;td&gt;&lt;table datatable=&quot;0&quot; summary=&quot;&quot; width=&quot;100%&quot; valign=&quot;top&quot; align=&quot;center&quot; cellpadding=&apos;0&apos; cellspacing=&apos;0&apos; border=&apos;0&apos;&gt;&lt;/table&gt;&lt;/td&gt;&lt;td class=&quot;mceGridLabel&quot; align=&quot;left&quot; width=&quot;100%&quot; nowrap&gt;&amp;nbsp;&lt;b&gt;&lt;span id=2_msg&gt;&lt;/span&gt;&lt;/b&gt;&lt;/td&gt;&lt;/tr&gt;&lt;/table&gt;&lt;table datatable=&quot;0&quot; summary=&quot;&quot; class=&quot;AppletBackTable&quot; width=&quot;100%&quot; cellspacing=&quot;0&quot; cellpadding=&quot;0&quot; align=&quot;center&quot;&gt;&lt;tr class=&quot;AppletBack&quot;&gt;&lt;td class=&quot;AppletBack&quot;&gt;&lt;img src=&quot;images/spacer.gif&quot; height=&quot;1&quot; width=&quot;1&quot; alt=&quot;&quot;&gt;&lt;/td&gt;&lt;td class=&quot;AppletBlank&quot; width=&quot;100%&quot;&gt;&lt;img src=&quot;images/spacer.gif&quot; height=&quot;1&quot; width=&quot;1&quot; alt=&quot;&quot;&gt;&lt;/td&gt;&lt;/tr&gt;&lt;/table&gt;&lt;span id=2_c_err style=&quot;display: none;&quot;&gt;&lt;table datatable=&quot;0&quot; summary=&quot;&quot; class=&quot;AppletBack&quot; width=&quot;100%&quot; cellpadding=&quot;0&quot; cellspacing=&quot;5&quot; border=&quot;0&quot;&gt;&lt;tr&gt;&lt;td class=&quot;error&quot;&gt;&lt;/td&gt;&lt;/tr&gt;&lt;/table&gt;&lt;/span&gt;&lt;div class=&quot;NotSelected&quot; id=&quot;a_2&quot;&gt;&lt;div align=left style=&quot;width:100%;&quot; class=&quot;GridBorder&quot;&gt;&lt;table class=&quot;GridBack&quot; border=0 cellspacing=0 cellpadding=0&gt;&lt;tr&gt;&lt;td&gt;&lt;/td&gt;&lt;td style=&quot;width:8px;&quot;&gt;&lt;/td&gt;&lt;td style=&quot;width:120px;&quot;&gt;&lt;/td&gt;&lt;td style=&quot;width:128px;&quot;&gt;&lt;/td&gt;&lt;td style=&quot;width:8px;&quot;&gt;&lt;/td&gt;&lt;td style=&quot;width:120px;&quot;&gt;&lt;/td&gt;&lt;td style=&quot;width:128px;&quot;&gt;&lt;/td&gt;&lt;td style=&quot;width:8px;&quot;&gt;&lt;/td&gt;&lt;td style=&quot;width:120px;&quot;&gt;&lt;/td&gt;&lt;td style=&quot;width:128px;&quot;&gt;&lt;/td&gt;&lt;td style=&quot;width:8px;&quot;&gt;&lt;/td&gt;&lt;td style=&quot;width:120px;&quot;&gt;&lt;/td&gt;&lt;td style=&quot;width:128px;&quot;&gt;&lt;/td&gt;&lt;/tr&gt;&lt;tr&gt;&lt;td style=&quot;height:8;&quot;&gt;&lt;/td&gt;&lt;td rowSpan=1 colSpan=12&gt;&lt;/td&gt;&lt;/tr&gt;&lt;tr&gt;&lt;td style=&quot;height:24;&quot;&gt;&lt;/td&gt;&lt;td nowrap valign=middle colSpan=2 rowSpan=1&gt;&lt;div class=&quot;mceGridLabel&quot; align=&quot;Right&quot;&gt;&amp;nbsp;Order #:&lt;img src=&quot;images/icon_req.gif&quot; border=&quot;0&quot; space=&quot;0&quot; hspace=&quot;0&quot; alt=&quot;Required&quot;  title=&quot;Required&quot; &gt;&lt;/img&gt;&lt;/div&gt;&lt;/td&gt;&lt;td nowrap valign=middle colSpan=1 rowSpan=1&gt;&lt;div class=&quot;mceGridField&quot;&gt;&lt;script&gt;SWEWriteObjectTag(this,&apos;&lt;object id=s_2_1_59_0 CLASSID=&quot;CLSID:1cb4ef94-8549-471a-b73f-54ff5c244212&quot; HEIGHT=24 WIDTH=128&gt;&lt;/object&gt;&apos;);&lt;/script&gt;&lt;/div&gt;&lt;/td&gt;&lt;td rowSpan=2 colSpan=1&gt;&lt;/td&gt;&lt;td nowrap valign=middle colSpan=1 rowSpan=1&gt;&lt;div class=&quot;mceGridLabel&quot; align=&quot;Right&quot;&gt;&amp;nbsp;Account:&lt;/div&gt;&lt;/td&gt;&lt;td nowrap valign=middle colSpan=1 rowSpan=1&gt;&lt;div class=&quot;mceGridField&quot;&gt;&lt;script&gt;SWEWriteObjectTag(this,&apos;&lt;object id=s_2_1_49_0 CLASSID=&quot;CLSID:1cb4ef94-8549-471a-b73f-54ff5c244212&quot; HEIGHT=24 WIDTH=128&gt;&lt;/object&gt;&apos;);&lt;/script&gt;&lt;/div&gt;&lt;/td&gt;&lt;td nowrap valign=middle colSpan=2 rowSpan=1&gt;&lt;div class=&quot;mceGridLabel&quot; align=&quot;Right&quot;&gt;&amp;nbsp;Opportunity:&lt;/div&gt;&lt;/td&gt;&lt;td nowrap valign=middle colSpan=1 rowSpan=1&gt;&lt;div class=&quot;mceGridField&quot;&gt;&lt;script&gt;SWEWriteObjectTag(this,&apos;&lt;object id=s_2_1_34_0 CLASSID=&quot;CLSID:1cb4ef94-8549-471a-b73f-54ff5c244212&quot; HEIGHT=24 WIDTH=128&gt;&lt;/object&gt;&apos;);&lt;/script&gt;&lt;/div&gt;&lt;/td&gt;&lt;td nowrap valign=middle colSpan=2 rowSpan=1&gt;&lt;div class=&quot;mceGridLabel&quot; align=&quot;Right&quot;&gt;&amp;nbsp;Total:&lt;/div&gt;&lt;/td&gt;&lt;td nowrap valign=middle colSpan=1 rowSpan=1&gt;&lt;div class=&quot;mceGridField&quot;&gt;&lt;script&gt;SWEWriteObjectTag(this,&apos;&lt;object id=s_2_1_55_0 CLASSID=&quot;CLSID:1cb4ef94-8549-471a-b73f-54ff5c244212&quot; HEIGHT=24 WIDTH=128&gt;&lt;/object&gt;&apos;);&lt;/script&gt;&lt;/div&gt;&lt;/td&gt;&lt;/tr&gt;&lt;tr&gt;&lt;td style=&quot;height:24;&quot;&gt;&lt;/td&gt;&lt;td nowrap valign=middle colSpan=2 rowSpan=1&gt;&lt;div class=&quot;mceGridLabel&quot; align=&quot;Right&quot;&gt;&amp;nbsp;Revision:&lt;/div&gt;&lt;/td&gt;&lt;td nowrap valign=middle colSpan=1 rowSpan=1&gt;&lt;div class=&quot;mceGridField&quot;&gt;&lt;script&gt;SWEWriteObjectTag(this,&apos;&lt;object id=s_2_1_57_0 CLASSID=&quot;CLSID:1cb4ef94-8549-471a-b73f-54ff5c244212&quot; HEIGHT=24 WIDTH=128&gt;&lt;/object&gt;&apos;);&lt;/script&gt;&lt;/div&gt;&lt;/td&gt;&lt;td nowrap valign=middle colSpan=1 rowSpan=1&gt;&lt;div class=&quot;mceGridLabel&quot; align=&quot;Right&quot;&gt;&amp;nbsp;Site:&lt;/div&gt;&lt;/td&gt;&lt;td nowrap valign=middle colSpan=1 rowSpan=1&gt;&lt;div class=&quot;mceGridField&quot;&gt;&lt;script&gt;SWEWriteObjectTag(this,&apos;&lt;object id=s_2_1_75_0 CLASSID=&quot;CLSID:1cb4ef94-8549-471a-b73f-54ff5c244212&quot; HEIGHT=24 WIDTH=128&gt;&lt;/object&gt;&apos;);&lt;/script&gt;&lt;/div&gt;&lt;/td&gt;&lt;td rowSpan=1 colSpan=1&gt;&lt;/td&gt;&lt;td nowrap valign=middle colSpan=1 rowSpan=1&gt;&lt;div class=&quot;mceGridLabel&quot; align=&quot;Right&quot;&gt;&amp;nbsp;Status:&lt;img src=&quot;images/icon_req.gif&quot; border=&quot;0&quot; space=&quot;0&quot; hspace=&quot;0&quot; alt=&quot;Required&quot;  title=&quot;Required&quot; &gt;&lt;/img&gt;&lt;/div&gt;&lt;/td&gt;&lt;td nowrap valign=middle colSpan=1 rowSpan=1&gt;&lt;div class=&quot;mceGridField&quot;&gt;&lt;script&gt;SWEWriteObjectTag(this,&apos;&lt;object id=s_2_1_64_0 CLASSID=&quot;CLSID:1cb4ef94-8549-471a-b73f-54ff5c244212&quot; HEIGHT=24 WIDTH=128&gt;&lt;/object&gt;&apos;);&lt;/script&gt;&lt;/div&gt;&lt;/td&gt;&lt;td rowSpan=1 colSpan=1&gt;&lt;/td&gt;&lt;td nowrap valign=middle colSpan=1 rowSpan=1&gt;&lt;div class=&quot;mceGridLabel&quot; align=&quot;Right&quot;&gt;&amp;nbsp;Price List:&lt;/div&gt;&lt;/td&gt;&lt;td nowrap valign=middle colSpan=1 rowSpan=1&gt;&lt;div class=&quot;mceGridField&quot;&gt;&lt;script&gt;SWEWriteObjectTag(this,&apos;&lt;object id=s_2_1_71_0 CLASSID=&quot;CLSID:1cb4ef94-8549-471a-b73f-54ff5c244212&quot; HEIGHT=24 WIDTH=128&gt;&lt;/object&gt;&apos;);&lt;/script&gt;&lt;/div&gt;&lt;/td&gt;&lt;/tr&gt;&lt;/table&gt;&lt;/div&gt;&lt;/div&gt;&lt;/span&gt;&lt;/td&gt;&lt;/tr&gt;&lt;/table&gt;&lt;/div&gt;&lt;/form&gt;
&lt;a id=&quot;SWEBottomHidden2&quot; href=&quot;javascript:void(0);&quot; tabindex=&quot;1999&quot; onfocus=&quot;document.getElementById(&apos;SWETopHidden2&apos;).focus();&quot;&gt;&lt;/a&gt;&lt;/div&gt;&lt;table datatable=&quot;0&quot; summary=&quot;&quot; class=&quot;tier3Back&quot; width=&quot;100%&quot; align=&quot;center&quot; cellpadding=&quot;0&quot; cellspacing=&quot;0&quot; border=&quot;0&quot;&gt;&lt;tr valign=&quot;top&quot;&gt;&lt;td&gt;&lt;img src=&quot;images/spacer.gif&quot; width=&quot;1&quot; height=&quot;3&quot; alt=&quot;&quot;&gt;&lt;/td&gt;&lt;/tr&gt;&lt;/table&gt;&lt;div id=s_vctrl_div STYLE=&quot;height:37px&quot;&gt;&lt;div&gt; &lt;/div&gt;&lt;script&gt;SWEWriteObjectTag(this,&apos;&lt;OBJECT ID=&quot;s_vctrl&quot; CLASSID=&quot;clsid:bfb7437b-a5ea-4d13-a552-4150b0fdf838&quot; CODEBASE=&quot;&quot; WIDTH =&quot;100%&quot; HEIGHT =&quot;100%&quot;  tabindex=-1 &gt;&lt;PARAM NAME=&quot;style&quot; VALUE=&quot;Tab&quot;/&gt;&lt;PARAM NAME=&quot;indentWidth&quot; VALUE=&quot;30&quot;/&gt;&lt;PARAM NAME=&quot;anchorTab&quot; VALUE=&quot;true&quot;/&gt;&lt;PARAM NAME=&quot;type&quot; VALUE=&quot;Detail Category With View&quot;/&gt;&lt;/OBJECT&gt;&apos;);&lt;/script&gt;&lt;/div&gt;&lt;div style=&quot;width:100%; border-color:#E0E5F5; border-style: solid; border-width: 0 1 1 1; padding: 0 3 3 3;&quot;&gt;&lt;table datatable=&quot;0&quot; summary=&quot;&quot; width=&quot;100%&quot; border=&quot;0&quot; cellspacing=&quot;0&quot; cellpadding=&quot;3&quot;&gt;&lt;tr valign=&quot;top&quot;&gt;&lt;td width=&quot;80%&quot;&gt;&lt;a name=&quot;SWEApplet7&quot; id=&quot;SWEApplet7&quot; href=&quot;#SWEApplet7&quot; title=&quot;Browse Catalog&quot;&gt;&lt;/a&gt;
&lt;div id=&apos;s_S_A7_div&apos;oncontextmenu=&apos;HandleContextMenu(&quot;COM ActiveX Placeholder Applet - Sales Order&quot;)&apos; onclick=&apos;HandleAppletClick(&quot;COM ActiveX Placeholder Applet - Sales Order&quot;)&apos;&gt;
&lt;a id=&quot;SWETopHidden7&quot; href=&quot;javascript:void(0);&quot; tabindex=&quot;2000&quot;&gt;&lt;/a&gt;&lt;span class=&quot;AppletStyle1&quot;&gt;&lt;form name=&quot;SWEForm7_0&quot; method=&quot;post&quot; action=&quot;/ecommunications_enu_nsm_aps05524a027/start.swe&quot; &gt;
&lt;span id=7_c_err style=&quot;display: none;&quot;&gt;&lt;span id=7_err&gt;&lt;/span&gt;&lt;/span&gt;&lt;table datatable=&quot;0&quot; summary=&quot;&quot; width=&quot;100%&quot; cellpadding=&quot;0&quot; cellspacing=&quot;0&quot; border=&quot;0&quot; align=&quot;center&quot;&gt;&lt;tr&gt;&lt;td&gt;&lt;td nowrap&gt;&lt;script&gt;SWEWriteObjectTag(this,&apos;&lt;OBJECT ID=&quot;s_7_1_15_0&quot; CLASSID=&quot;clsid:b8d978b7-93ac-407c-8de9-e0627ca6b3d6&quot; CODEBASE=&quot;23048/applets/SiebelAx_Catalog_Navigator.cab&quot; WIDTH =&quot;136&quot; HEIGHT =&quot;24&quot; &gt;&lt;PARAM NAME=&quot;Category Drilldown Applet&quot; VALUE=&quot;Sales Order Catalog RootSubCategory List Applet&quot;/&gt;&lt;PARAM NAME=&quot;Category Drilldown View&quot; VALUE=&quot;Sales Order-Browse Catalog View&quot;/&gt;&lt;PARAM NAME=&quot;Product Applet&quot; VALUE=&quot;Quote Catalog Product Form Applet&quot;/&gt;&lt;PARAM NAME=&quot;PDS Data Service&quot; VALUE=&quot;PDS Product Data Service&quot;/&gt;&lt;PARAM NAME=&quot;Catalog View&quot; VALUE=&quot;Sales Order-Catalog Home View&quot;/&gt;&lt;PARAM NAME=&quot;Product View&quot; VALUE=&quot;Sales Order-Browse Catalog Product Details View&quot;/&gt;&lt;PARAM NAME=&quot;EnableCatalogDrillDown&quot; VALUE=&quot;Y&quot;/&gt;&lt;PARAM NAME=&quot;DefaultExpanded&quot; VALUE=&quot;N&quot;/&gt;&lt;PARAM NAME=&quot;UpdateMethods&quot; VALUE=&quot;AddItem&quot;/&gt;&lt;PARAM NAME=&quot;PDS Product Data Service&quot; VALUE=&quot;PDS Product Data Service - Navigator&quot;/&gt;&lt;PARAM NAME=&quot;Catalog Home View&quot; VALUE=&quot;Sales Order-Browse Catalog View&quot;/&gt;&lt;PARAM NAME=&quot;Category Applet&quot; VALUE=&quot;Quote Catalog Product Catalog Category Form Applet&quot;/&gt;&lt;PARAM NAME=&quot;Catalog Applet&quot; VALUE=&quot;Quote Catalog Admin Catalog Detail Applet (ReadOnly)&quot;/&gt;&lt;PARAM NAME=&quot;SetPriceListSearch User Prop BC&quot; VALUE=&quot;Quote Catalog Component Product by Price List Optional&quot;/&gt;&lt;PARAM NAME=&quot;PriceList Id BC&quot; VALUE=&quot;Order Entry - Orders&quot;/&gt;&lt;/OBJECT&gt;&apos;);&lt;/script&gt;&lt;/td&gt;&lt;/td&gt;&lt;/tr&gt;&lt;/table&gt;&lt;/form&gt;
&lt;/span&gt;&lt;a id=&quot;SWEBottomHidden7&quot; href=&quot;javascript:void(0);&quot; tabindex=&quot;2999&quot; onfocus=&quot;document.getElementById(&apos;SWETopHidden7&apos;).focus();&quot;&gt;&lt;/a&gt;&lt;/div&gt;&lt;a name=&quot;SWEApplet5&quot; id=&quot;SWEApplet5&quot; href=&quot;#SWEApplet5&quot; title=&quot;Catalog&quot;&gt;&lt;/a&gt;
&lt;div id=&apos;s_S_A5_div&apos;oncontextmenu=&apos;HandleContextMenu(&quot;Quote Catalog Product Catalog Category Form Applet&quot;)&apos; onclick=&apos;HandleAppletClick(&quot;Quote Catalog Product Catalog Category Form Applet&quot;)&apos;&gt;
&lt;a id=&quot;SWETopHidden5&quot; href=&quot;javascript:void(0);&quot; tabindex=&quot;3000&quot;&gt;&lt;/a&gt;&lt;table datatable=&quot;0&quot; summary=&quot;&quot; cellpadding=&quot;0&quot; cellspacing=&quot;0&quot; border=&quot;0&quot;&gt;&lt;tr&gt;&lt;td&gt;&lt;img src=&quot;images/spacer.gif&quot; width=&quot;1&quot; height=&quot;3&quot; alt=&quot;&quot;&gt;&lt;/td&gt;&lt;/tr&gt;&lt;/table&gt;&lt;table datatable=&quot;0&quot; summary=&quot;&quot; width=&quot;100%&quot; align=&quot;center&quot; bgcolor=&quot;#ffffff&quot; valign=&quot;top&quot; cellpadding=&quot;0&quot; cellspacing=&quot;0&quot; border=&quot;0&quot;&gt;&lt;tr&gt;&lt;td&gt;&lt;span class=&quot;dCCAppletTitle&quot;&gt;&lt;script&gt;SWEWriteObjectTag(this,&apos;&lt;object id=s_5_1_3_0 CLASSID=&quot;CLSID:1cb4ef94-8549-471a-b73f-54ff5c244212&quot; HEIGHT=20 WIDTH=175&gt;&lt;/object&gt;&apos;);&lt;/script&gt;&lt;/span&gt;&lt;/td&gt;&lt;/tr&gt;&lt;/table&gt;&lt;a id=&quot;SWEBottomHidden5&quot; href=&quot;javascript:void(0);&quot; tabindex=&quot;3999&quot; onfocus=&quot;document.getElementById(&apos;SWETopHidden5&apos;).focus();&quot;&gt;&lt;/a&gt;&lt;/div&gt;&lt;a name=&quot;SWEApplet6&quot; id=&quot;SWEApplet6&quot; href=&quot;#SWEApplet6&quot; title=&quot;Browse&quot;&gt;&lt;/a&gt;
&lt;div id=&apos;s_S_A6_div&apos;oncontextmenu=&apos;HandleContextMenu(&quot;Sales Order Catalog Product Catalog SubCategory List Applet&quot;)&apos; onclick=&apos;HandleAppletClick(&quot;Sales Order Catalog Product Catalog SubCategory List Applet&quot;)&apos;&gt;
&lt;a id=&quot;SWETopHidden6&quot; href=&quot;javascript:void(0);&quot; tabindex=&quot;4000&quot; title=&quot;Not Used&quot;&gt;&lt;/a&gt;&lt;object id=s_6_1_0_0 CLASSID=&quot;CLSID:35fe318c-5211-435f-904a-e0f214c9b60e&quot; codebase=&quot;23048/applets/SiebelAx_Prodselection.cab&quot;HEIGHT=&quot;0&quot; WIDTH=&quot;0&quot;&gt;&lt;/object&gt;
&lt;span id=&quot;PRODUCT_SELECTION_Sales Order Catalog Product Catalog SubCategory List Applet&quot;&gt;&lt;/span&gt;&lt;a id=&quot;SWEEndAppletStartAnchor_6&quot; href=&quot;javascript:void(0);&quot; tabindex=&quot;4999&quot;&gt;&lt;/a&gt;&lt;a id=&quot;SWEEndAppletEndAnchor_6&quot; href=&quot;javascript:void(0);&quot; tabindex=&quot;4999&quot; onfocus=&quot;document.getElementById(&apos;SWEEndAppletStartAnchor_6&apos;).focus();&quot;&gt;&lt;/a&gt;&lt;/div&gt;&lt;a name=&quot;SWEApplet3&quot; id=&quot;SWEApplet3&quot; href=&quot;#SWEApplet3&quot; title=&quot;Items&quot;&gt;&lt;/a&gt;
&lt;div id=&apos;s_S_A3_div&apos;oncontextmenu=&apos;HandleContextMenu(&quot;Sales Order Catalog Product List Applet - Add to Cart&quot;)&apos; onclick=&apos;HandleAppletClick(&quot;Sales Order Catalog Product List Applet - Add to Cart&quot;)&apos;&gt;
&lt;a id=&quot;SWETopHidden3&quot; href=&quot;javascript:void(0);&quot; tabindex=&quot;5000&quot; title=&quot;Not Used&quot;&gt;&lt;/a&gt;&lt;object id=s_3_1_3_0 CLASSID=&quot;CLSID:35fe318c-5211-435f-904a-e0f214c9b60e&quot; codebase=&quot;23048/applets/SiebelAx_Prodselection.cab&quot;HEIGHT=&quot;0&quot; WIDTH=&quot;0&quot;&gt;&lt;/object&gt;
&lt;span id=&quot;PRODUCT_SELECTION_Sales Order Catalog Product List Applet - Add to Cart&quot;&gt;&lt;/span&gt;&lt;a id=&quot;SWEEndAppletStartAnchor_3&quot; href=&quot;javascript:void(0);&quot; tabindex=&quot;5999&quot;&gt;&lt;/a&gt;&lt;a id=&quot;SWEEndAppletEndAnchor_3&quot; href=&quot;javascript:void(0);&quot; tabindex=&quot;5999&quot; onfocus=&quot;document.getElementById(&apos;SWEEndAppletStartAnchor_3&apos;).focus();&quot;&gt;&lt;/a&gt;&lt;/div&gt;&lt;/td&gt;&lt;td width=&quot;20%&quot;&gt;&lt;a name=&quot;SWEApplet4&quot; id=&quot;SWEApplet4&quot; href=&quot;#SWEApplet4&quot; title=&quot;Line Items&quot;&gt;&lt;/a&gt;
&lt;div id=&apos;s_S_A4_div&apos;oncontextmenu=&apos;HandleContextMenu(&quot;Order Entry - Line Item List Applet (Sales\) - Short&quot;)&apos; onclick=&apos;HandleAppletClick(&quot;Order Entry - Line Item List Applet (Sales\) - Short&quot;)&apos;&gt;
&lt;a id=&quot;SWETopHidden4&quot; href=&quot;javascript:void(0);&quot; tabindex=&quot;6000&quot;&gt;&lt;/a&gt;&lt;table datatable=&quot;0&quot; summary=&quot;&quot;&gt;&lt;tr&gt;&lt;td&gt;&lt;img src=&quot;images/spacer.gif&quot; width=&quot;1&quot; height=&quot;3&quot; alt=&quot;&quot;&gt;&lt;/td&gt;&lt;/tr&gt;&lt;/table&gt;&lt;form name=&quot;SWEForm4_0&quot; method=&quot;post&quot; action=&quot;/ecommunications_enu_nsm_aps05524a027/start.swe&quot; &gt;
&lt;span class=&quot;AppletStyleChild77&quot;&gt;&lt;div class=&quot;NotSelected&quot; id=&quot;a_4&quot;&gt;&lt;table datatable=&quot;0&quot; summary=&quot;&quot; width=&quot;100%&quot; cellspacing=&quot;0&quot; cellpadding=&quot;2&quot; border=&quot;0&quot; align=&quot;center&quot;&gt;&lt;tr class=&quot;AppletButtons&quot; align=&quot;left&quot;&gt;&lt;td class=&quot;AppletTitle&quot; nowrap&gt;&amp;nbsp;Line Items&amp;nbsp;&amp;nbsp;&lt;img src=&quot;images/btn_div_gray.gif&quot; height=&quot;13&quot; align=&quot;middle&quot; alt=&quot;&quot;&gt;&amp;nbsp;&lt;/td&gt;&lt;td nowrap class=&quot;AppletMenu&quot;&gt;&lt;span class=&quot;miniBtnUICTop&quot;&gt;&lt;span class=&quot;miniBtnUIC&quot;&gt;&lt;a id=&apos;s_at_m_4&apos; href=&quot;javascript:void(0)&quot; onclick=&quot;window.event.cancelBubble=true; _JMenu_Initialize(this, &apos;Order Entry - Line Item List Applet (Sales\) - Short&apos;, &apos;Applet&apos;, s_at_m_4Ax, 0, false); return false;&quot; onmouseover=&quot;MinibtnHover(this.parentNode)&quot; onmouseout=&quot;MinibtnOut(this.parentNode)&quot; onmousedown=&quot;MinibtnDown(this.parentNode)&quot; onmouseup=&quot;MinibtnUp(this.parentNode)&quot; &gt;Menu&amp;nbsp;&lt;img border=&quot;0&quot; src=&quot;images/img_arrow.gif&quot; align=&quot;center&quot;&gt;&lt;/a&gt;&lt;/span&gt;&lt;/span&gt;&lt;object id= &quot;s_at_m_4Ax&quot; CLASSID=&quot;CLSID:9174862b-ac3b-4f9f-abc9-a0a3c9fd95d4&quot; codebase=&quot;23048/applets/SiebelAx_HI_Client.cab&quot; width=0 height = 0&gt;&lt;/object&gt;&lt;/td&gt;&lt;td&gt;&lt;img height=1 alt=&quot;&quot; src=&quot;images/spacer.gif&quot; width=4&gt;&lt;/td&gt;&lt;td&gt;&lt;img src=&quot;images/btn_div_gray.gif&quot; height=&quot;13&quot; align=&quot;middle&quot; alt=&quot;&quot;&gt;&lt;/td&gt;&lt;td&gt;&lt;img src=&quot;images/spacer.gif&quot; width=&quot;4&quot; height=&quot;1&quot; alt=&quot;&quot;&gt;&lt;/td&gt;&lt;td nowrap&gt;&lt;span id=s_4_1_26_0&gt;&amp;nbsp;&lt;/span&gt;&lt;/td&gt;&lt;td nowrap&gt;&lt;span id=s_4_1_9_0&gt;&amp;nbsp;&lt;/span&gt;&lt;/td&gt;&lt;td nowrap&gt;&lt;span id=s_4_1_8_0&gt;&amp;nbsp;&lt;/span&gt;&lt;/td&gt;&lt;td nowrap&gt;&lt;span id=s_4_1_10_0&gt;&amp;nbsp;&lt;/span&gt;&lt;/td&gt;&lt;td nowrap&gt;&lt;span id=s_4_1_36_0&gt;&amp;nbsp;&lt;/span&gt;&lt;/td&gt;&lt;td&gt;&lt;table datatable=&quot;0&quot; summary=&quot;&quot; width=&quot;100%&quot; valign=&quot;top&quot; align=&quot;center&quot; cellpadding=&apos;0&apos; cellspacing=&apos;0&apos; border=&apos;0&apos;&gt;&lt;/table&gt;&lt;/td&gt;&lt;td nowrap&gt;&amp;nbsp;&lt;b&gt;&lt;span id=4_msg&gt;&lt;/span&gt;&lt;/b&gt;&lt;/td&gt;&lt;td align=&quot;right&quot; width=&quot;100%&quot;&gt;&lt;td valign=&quot;middle&quot; nowrap&gt;&lt;span id=&apos;SWEApplet4_ctrlmsg&apos;&gt;&lt;/span&gt;&lt;/td&gt;&lt;td valign=&quot;middle&quot; nowrap&gt;&amp;nbsp;&lt;span id=s_4_rc&gt;&lt;/span&gt;&amp;nbsp;&lt;/td&gt;&lt;td valign=&quot;middle&quot;&gt;&amp;nbsp;&lt;img src=&quot;images/btn_div_gray.gif&quot; height=&quot;13&quot; align=&quot;middle&quot; alt=&quot;&quot;&gt;&amp;nbsp;&lt;/td&gt;&lt;td valign=&quot;middle&quot; nowrap&gt;&lt;span id=s_4_1_11_0&gt;&amp;nbsp;&lt;/span&gt;&lt;/td&gt;&lt;/td&gt;&lt;td valign=&quot;top&quot; align=&quot;right&quot;&gt;&lt;/td&gt;&lt;/tr&gt;&lt;/table&gt;&lt;span id=4_c_err style=&quot;display: none;&quot;&gt;&lt;table datatable=&quot;0&quot; summary=&quot;&quot; class=&quot;AppletBack&quot; width=&quot;100%&quot; cellpadding=&quot;4&quot; cellspacing=&quot;0&quot; border=&quot;0&quot;&gt;&lt;tr&gt;&lt;td class=&quot;error&quot;&gt;&lt;br&gt;&amp;nbsp;&lt;/td&gt;&lt;/tr&gt;&lt;/table&gt;&lt;/span&gt;&lt;div class=&quot;AppletHIListBorder&quot;&gt;&lt;div id=&quot;s_4_ld&quot; STYLE=&quot;height:160px&quot;&gt;&lt;div&gt;&lt;/div&gt;&lt;script&gt;SWEWriteObjectTag(this,&apos;&lt;object id=&quot;s_4_l&quot;  CLASSID=&quot;CLSID:a9967980-c623-4092-b952-fcf15f67b8a5&quot; WIDTH=100% HEIGHT=100%&gt;&lt;/OBJECT&gt;&apos;);&lt;/script&gt;&lt;/div&gt;&lt;/div&gt;&lt;/div&gt;&lt;/span&gt;&lt;/form&gt;
&lt;a id=&quot;SWEBottomHidden4&quot; href=&quot;javascript:void(0);&quot; tabindex=&quot;6999&quot; onfocus=&quot;document.getElementById(&apos;SWETopHidden4&apos;).focus();&quot;&gt;&lt;/a&gt;&lt;/div&gt;&lt;a name=&quot;SWEApplet1&quot; id=&quot;SWEApplet1&quot; href=&quot;#SWEApplet1&quot; title=&quot;Messages&quot;&gt;&lt;/a&gt;
&lt;div id=&apos;s_S_A1_div&apos;oncontextmenu=&apos;HandleContextMenu(&quot;UMF Message List Applet - SI&quot;)&apos; onclick=&apos;HandleAppletClick(&quot;UMF Message List Applet - SI&quot;)&apos;&gt;
&lt;a id=&quot;SWETopHidden1&quot; href=&quot;javascript:void(0);&quot; tabindex=&quot;7000&quot; title=&quot;Not Used&quot;&gt;&lt;/a&gt;&lt;object id=s_1_1_4_0 CLASSID=&quot;CLSID:35fe318c-5211-435f-904a-e0f214c9b60e&quot; codebase=&quot;23048/applets/SiebelAx_Prodselection.cab&quot;HEIGHT=&quot;0&quot; WIDTH=&quot;0&quot;&gt;&lt;/object&gt;
&lt;span id=&quot;PRODUCT_SELECTION_UMF Message List Applet - SI&quot;&gt;&lt;/span&gt;&lt;a id=&quot;SWEEndAppletStartAnchor_1&quot; href=&quot;javascript:void(0);&quot; tabindex=&quot;7999&quot;&gt;&lt;/a&gt;&lt;a id=&quot;SWEEndAppletEndAnchor_1&quot; href=&quot;javascript:void(0);&quot; tabindex=&quot;7999&quot; onfocus=&quot;document.getElementById(&apos;SWEEndAppletStartAnchor_1&apos;).focus();&quot;&gt;&lt;/a&gt;&lt;/div&gt;&lt;/td&gt;&lt;/tr&gt;&lt;/table&gt;&lt;/div&gt;&lt;script&gt;

SWEIsHighInteract = true; Top().SWEIsHighInteract = true;
if (typeof(top._samePage) != &apos;undefined&apos; &amp;&amp; top._samePage!=&quot;&quot;) top._samePage = &quot;&quot;;
if (top.opener == null || typeof top.opener.swetop == &apos;unknown&apos; || typeof top.opener.swetop == &apos;undefined&apos;) top._swe._sweapp.S_App.SWECount = 52;
else top.opener.top._swe._sweapp.S_App.SWECount = 52;
g_bInitialized = true;

if(typeof(top._swescript)!=&apos;undefined&apos; &amp;&amp; top._swescript!=null)top._swescript.InitApplet(&quot;Catalog Order Header Form Applet&quot;,&quot;SWEApplet2&quot;,&quot;Sales Order-Browse Catalog Category Details View - Add to Cart&quot;,3, this);
if (top._swescript!=null) top._swescript.InitMethod(&quot;GotoAppletMenu&quot;, this, &quot;s_at_m_2&quot;, null, null);
if(top._swe._sweapp._JMenuObj == null)                  
top._swe._sweapp._JMenuObj = new top._swe._sweapp.JMenu();
top._swe._sweapp._JMenuObj.BindAXObj (this.document.getElementById(&quot;s_at_m_2Ax&quot;),&apos;Applet&apos;, &apos;Catalog Order Header Form Applet&apos;, this.document.getElementById(&quot;s_at_m_2&quot;), &quot;s_at_m_2&quot;);
document.oncontextmenu = HandleContextMenu;
if(typeof(top._swescript)!=&apos;undefined&apos; &amp;&amp; top._swescript!=null)top._swescript.InitApplet(&quot;COM ActiveX Placeholder Applet - Sales Order&quot;,&quot;SWEApplet7&quot;,&quot;Sales Order-Browse Catalog Category Details View - Add to Cart&quot;,1, this);
document.oncontextmenu = HandleContextMenu;
if(typeof(top._swescript)!=&apos;undefined&apos; &amp;&amp; top._swescript!=null)top._swescript.InitApplet(&quot;Quote Catalog Product Catalog Category Form Applet&quot;,&quot;SWEApplet5&quot;,&quot;Sales Order-Browse Catalog Category Details View - Add to Cart&quot;,1, this);
document.oncontextmenu = HandleContextMenu;
if(typeof(top._swescript)!=&apos;undefined&apos; &amp;&amp; top._swescript!=null)top._swescript.InitApplet(&quot;Sales Order Catalog Product Catalog SubCategory List Applet&quot;,&quot;SWEApplet6&quot;,&quot;Sales Order-Browse Catalog Category Details View - Add to Cart&quot;,1, this);
document.oncontextmenu = HandleContextMenu;
if(typeof(top._swescript)!=&apos;undefined&apos; &amp;&amp; top._swescript!=null)top._swescript.InitApplet(&quot;Sales Order Catalog Product List Applet - Add to Cart&quot;,&quot;SWEApplet3&quot;,&quot;Sales Order-Browse Catalog Category Details View - Add to Cart&quot;,6, this);
document.oncontextmenu = HandleContextMenu;
if(typeof(top._swescript)!=&apos;undefined&apos; &amp;&amp; top._swescript!=null)top._swescript.InitApplet(&quot;Order Entry - Line Item List Applet (Sales) - Short&quot;,&quot;SWEApplet4&quot;,&quot;Sales Order-Browse Catalog Category Details View - Add to Cart&quot;,6, this);
if (top._swescript!=null) top._swescript.InitMethod(&quot;GotoAppletMenu&quot;, this, &quot;s_at_m_4&quot;, null, null);
if(top._swe._sweapp._JMenuObj == null)                  
top._swe._sweapp._JMenuObj = new top._swe._sweapp.JMenu();
top._swe._sweapp._JMenuObj.BindAXObj (this.document.getElementById(&quot;s_at_m_4Ax&quot;),&apos;Applet&apos;, &apos;Order Entry - Line Item List Applet (Sales\) - Short&apos;, this.document.getElementById(&quot;s_at_m_4&quot;), &quot;s_at_m_4&quot;);
document.oncontextmenu = HandleContextMenu;
if(typeof(top._swescript)!=&apos;undefined&apos; &amp;&amp; top._swescript!=null)top._swescript.InitApplet(&quot;UMF Message List Applet - SI&quot;,&quot;SWEApplet1&quot;,&quot;Sales Order-Browse Catalog Category Details View - Add to Cart&quot;,1, this);
document.oncontextmenu = HandleContextMenu;

&lt;/script&gt;
&lt;script for=window event=onunload&gt;
top._swe._sweapp.S_App.SetLayoutUnloaded(&quot;View&quot;, &quot;Sales Order-Browse Catalog Category Details View - Add to Cart&quot;);
&lt;/script&gt;
&lt;script for=window event=onload&gt;
top._swe._sweapp.S_App.SetLayoutLoaded(&quot;View&quot;, &quot;Sales Order-Browse Catalog Category Details View - Add to Cart&quot;, window, &quot;&quot;);
&lt;/script&gt;
&lt;/body&gt;&lt;/html&gt;</responseData>
  <responseFile class="java.lang.String"></responseFile>
  <cookies class="java.lang.String">_sn=GXmoeGkdwh1O45lrH7mMIZnLMWvqHkVWiQKqDOICOq1fi95anXYMaCRAX879ujDRD9kS4J75N4kGDX576Q2AKmwZPUBih-4NS80Pc1189OxasEbdAsHiEtIhcnCzZ0zWb5V6QpVraL0TTGU4ktkGZq374g8C0pUBRhKVASKeW21TgUW5eIkswq97I-.qG-kr; _srn=_srn; SWEUAID=SWEUAID</cookies>
  <method class="java.lang.String">GET</method>
  <queryString class="java.lang.String"></queryString>
  <java.net.URL>http://localhost:8080/ecommunications_enu_nsm_aps05524a027/start.swe?SWECmd=GetViewLayout&amp;SWEView=Sales+Order-Browse+Catalog+Category+Details+View+-+Add+to+Cart&amp;SWEVI=&amp;SWEVLC=3-2NTUN-318_Siebel%2BPower%2BCommunications_43%257c1592409810%257c0_0_23048_PATCHSET18PATCHSET18PATCHSET18_L&amp;SRN=xK7T2pIB2ZOV15hwlQxQF5reKcoUB8VpMTZr7we8uAEb</java.net.URL>
</httpSample>
<httpSample t="{{\d+}}" it="0" lt="{{\d+}}" ct="{{\d+}}" ts="{{\d+}}" s="true" lb="{{\d+}} /ecommunications_enu_nsm_aps05524a027/start.swe" rc="200" rm="OK" tn="Thread Group 1-1" dt="text" de="utf-8" by="1961" sby="878" sc="1" ec="0" ng="1" na="1" hn="{{.*?}}">
  <responseHeader class="java.lang.String">HTTP/1.1 200 OK
Connection: close
Server: Oracle-iPlanet-Web-Server/7.0
Date: Tue, 23 Jun 2020 13:03:38 GMT
Content-Language: en
Cache-Control: no-cache
Swerpc: true
Content-Type: text/html;charset=utf-8
Connection: close
Matched-Stub-Id: {{\w+-\w+-\w+-\w+-\w+}}
Vary: Accept-Encoding, User-Agent
</responseHeader>
  <requestHeader class="java.lang.String">Connection: close
Content-Type: application/x-www-form-urlencoded
DNT: 1
Accept-Encoding: deflate
Pragma: no-cache
User-Agent: Mozilla/4.0 (compatible; MSIE 7.0; Windows NT 6.3; WOW64; Trident/7.0; .NET4.0E; .NET4.0C; .NET CLR 3.5.30729; .NET CLR 2.0.50727; .NET CLR 3.0.30729)
Accept: text/html, image/gif, image/jpeg, *; q=.2, */*; q=.2
Content-Length: 190
Host: localhost:8080
</requestHeader>
  <responseData class="java.lang.String">@0`1`5`2``0`UC`1`Status`OK`Result``SWEC`53`SRN`xK7T2pIB2ZOV15hwlQxQF5reKcoUB8VpMTZr7we8uAEb`0`9`Notifications`0`2`0``0`OP`bn`bc`S_BC2`7`0``0`br`0`ArgsArray`32*Catalog Order Header Form Applet1*1`size`1`cr`0`OP`g`bc`S_BC2`type`SWEIRowSelection`2`0``0`OP`en`bc`S_BC2`2`0``0`OP`bn`bc`S_BC5`7`0``0`br`0`ArgsArray`50*Quote Catalog Product Catalog Category Form Applet1*1`size`1`cr`0`OP`g`bc`S_BC5`type`SWEIRowSelection`2`0``0`OP`en`bc`S_BC5`2`0``0`OP`bn`bc`S_BC6`7`0``0`br`0`ArgsArray`59*Sales Order Catalog Product Catalog SubCategory List Applet1*11*01*01*01*01*0`size`40`cr`5`OP`g`bc`S_BC6`type`SWEIRowSelection`2`0``0`OP`en`bc`S_BC6`1`6`Command Manager`0`RefreshToolbar`true`7`0`StateToolBar`0`#35`true`#36`true`#17`true`#34`true`#8`false`#37`true`#38`true`0`1`StateExToolBar`0`1`0`#35`0`Checked`false`0`3`FlagsToolBar`0`3`0`#8`0`SWESP`true`SWEH`0`SWEW`0`3`0`#34`0`SWESP`true`SWEH`600`SWEW`800`3`0`#36`0`SWESP`true`SWEH`20`SWEW`380`15`0`State`0`#242`true`#237`true`#238`false`#27`false`#234`false`#232`true`#26`false`#241`true`#28`false`#239`false`#240`true`#235`true`#243`true`#233`false`#236`true`0`3`StateEx`0`0`0`#26`0`0`0`#27`0`1`0`#28`0`Checked`false`0`12`Flags`0`3`0`#232`0`SWESP`true`SWEH`230`SWEW`420`3`0`#233`0`SWESP`true`SWEH`200`SWEW`400`3`0`#234`0`SWESP`true`SWEH`0`SWEW`0`3`0`#235`0`SWESP`true`SWEH`20`SWEW`380`3`0`#236`0`SWESP`true`SWEH`290`SWEW`470`3`0`#237`0`SWESP`true`SWEH`230`SWEW`420`3`0`#238`0`SWESP`true`SWEH`200`SWEW`400`3`0`#239`0`SWESP`true`SWEH`0`SWEW`0`3`0`#240`0`SWESP`true`SWEH`20`SWEW`380`3`0`#241`0`SWESP`true`SWEH`290`SWEW`470`3`0`#242`0`SWESP`true`SWEH`20`SWEW`380`3`0`#243`0`SWESP`true`SWEH`290`SWEW`470`</responseData>
  <responseFile class="java.lang.String"></responseFile>
  <cookies class="java.lang.String">_sn=GXmoeGkdwh1O45lrH7mMIZnLMWvqHkVWiQKqDOICOq1fi95anXYMaCRAX879ujDRD9kS4J75N4kGDX576Q2AKmwZPUBih-4NS80Pc1189OxasEbdAsHiEtIhcnCzZ0zWb5V6QpVraL0TTGU4ktkGZq374g8C0pUBRhKVASKeW21TgUW5eIkswq97I-.qG-kr; _srn=_srn; SWEUAID=SWEUAID</cookies>
  <method class="java.lang.String">POST</method>
  <queryString class="java.lang.String">SWEC=52&amp;SWEMethod=SetProfileAttr&amp;SWERPC=1&amp;SWECmd=InvokeMethod&amp;SRN=xK7T2pIB2ZOV15hwlQxQF5reKcoUB8VpMTZr7we8uAEb&amp;SWEIPS=%400*0*2*0*14*SetProfileAttr3*0*5*value10*3-61EV8AO38*attrName8*Order_Id</queryString>
  <java.net.URL>http://localhost:8080/ecommunications_enu_nsm_aps05524a027/start.swe</java.net.URL>
</httpSample>
<httpSample t="{{\d+}}" it="0" lt="{{\d+}}" ct="{{\d+}}" ts="{{\d+}}" s="true" lb="{{\d+}} /ecommunications_enu_nsm_aps05524a027/start.swe" rc="200" rm="OK" tn="Thread Group 1-1" dt="text" de="utf-8" by="825" sby="1028" sc="1" ec="0" ng="1" na="1" hn="{{.*?}}">
  <responseHeader class="java.lang.String">HTTP/1.1 200 OK
Connection: close
Server: Oracle-iPlanet-Web-Server/7.0
Date: Tue, 23 Jun 2020 13:03:38 GMT
Content-Language: en
Cache-Control: no-cache
Swerpc: true
Content-Type: text/html;charset=utf-8
Connection: close
Matched-Stub-Id: {{\w+-\w+-\w+-\w+-\w+}}
Vary: Accept-Encoding, User-Agent
</responseHeader>
  <requestHeader class="java.lang.String">Connection: close
Content-Type: application/x-www-form-urlencoded
DNT: 1
Accept-Encoding: deflate
Pragma: no-cache
User-Agent: Mozilla/4.0 (compatible; MSIE 7.0; Windows NT 6.3; WOW64; Trident/7.0; .NET4.0E; .NET4.0C; .NET CLR 3.5.30729; .NET CLR 2.0.50727; .NET CLR 3.0.30729)
Accept: text/html, image/gif, image/jpeg, *; q=.2, */*; q=.2
Content-Length: 340
Host: localhost:8080
</requestHeader>
  <responseData class="java.lang.String">@0`1`4`1``0`UC`1`Status`Completed`SWEC`54`SRN`xK7T2pIB2ZOV15hwlQxQF5reKcoUB8VpMTZr7we8uAEb`1`6`Command Manager`0`RefreshToolbar`true`7`0`StateToolBar`0`#35`true`#36`true`#17`true`#34`true`#8`false`#37`true`#38`true`0`1`StateExToolBar`0`1`0`#35`0`Checked`false`0`3`FlagsToolBar`0`3`0`#8`0`SWESP`true`SWEH`0`SWEW`0`3`0`#34`0`SWESP`true`SWEH`600`SWEW`800`3`0`#36`0`SWESP`true`SWEH`20`SWEW`380`3`0`State`0`#27`false`#26`false`#28`false`0`3`StateEx`0`0`0`#26`0`0`0`#27`0`1`0`#28`0`Checked`false`0`0`Flags`0`</responseData>
  <responseFile class="java.lang.String"></responseFile>
  <cookies class="java.lang.String">_sn=GXmoeGkdwh1O45lrH7mMIZnLMWvqHkVWiQKqDOICOq1fi95anXYMaCRAX879ujDRD9kS4J75N4kGDX576Q2AKmwZPUBih-4NS80Pc1189OxasEbdAsHiEtIhcnCzZ0zWb5V6QpVraL0TTGU4ktkGZq374g8C0pUBRhKVASKeW21TgUW5eIkswq97I-.qG-kr; _srn=_srn; SWEUAID=SWEUAID</cookies>
  <method class="java.lang.String">POST</method>
  <queryString class="java.lang.String">SWEVI=&amp;SWERowId=&amp;SWEC=53&amp;SWEMethod=RecommendationsBT&amp;SWEReqRowId=0&amp;SWERPC=1&amp;SWEApplet=Order+Entry+-+Line+Item+List+Applet+%28Sales%29+-+Short&amp;SWEView=Sales+Order-Browse+Catalog+Category+Details+View+-+Add+to+Cart&amp;SWECmd=InvokeMethod&amp;SRN=xK7T2pIB2ZOV15hwlQxQF5reKcoUB8VpMTZr7we8uAEb&amp;SWETS={{\d+}}&amp;SWEP=&amp;SWERowIds=SWERowId0%3D3-61EV8AO3</queryString>
  <java.net.URL>http://localhost:8080/ecommunications_enu_nsm_aps05524a027/start.swe</java.net.URL>
</httpSample>
<httpSample t="{{\d+}}" it="0" lt="{{\d+}}" ct="{{\d+}}" ts="{{\d+}}" s="true" lb="{{\d+}} /ecommunications_enu_nsm_aps05524a027/start.swe" rc="200" rm="OK" tn="Thread Group 1-1" dt="text" de="utf-8" by="11446" sby="1476" sc="1" ec="0" ng="1" na="1" hn="{{.*?}}">
  <responseHeader class="java.lang.String">HTTP/1.1 200 OK
Connection: close
Server: Oracle-iPlanet-Web-Server/7.0
Date: Tue, 23 Jun 2020 13:03:52 GMT
Content-Language: en
Cache-Control: private
Content-Type: text/html;charset=utf-8
Matched-Stub-Id: {{\w+-\w+-\w+-\w+-\w+}}
Vary: Accept-Encoding, User-Agent
Content-Encoding: gzip
</responseHeader>
  <requestHeader class="java.lang.String">Connection: close
Referer: http://localhost:8080/ecommunications_enu_nsm_aps05524a027/start.swe?SWENeedContext=false&amp;SWECmd=GetCachedFrame&amp;SWEACn=23534&amp;SWEC=3&amp;SWEFrame=top._sweclient._swecontent._sweview&amp;SWEBID=-1&amp;SRN=xK7T2pIB2ZOV15hwlQxQF5reKcoUB8VpMTZr7we8uAEb&amp;SWETS=
Accept-Language: en-GB
DNT: 1
Accept-Encoding: gzip, deflate
Accept: image/jpeg, application/x-ms-application, image/gif, application/xaml+xml, image/pjpeg, application/x-ms-xbap, */*
User-Agent: Mozilla/4.0 (compatible; MSIE 7.0; Windows NT 6.3; WOW64; Trident/7.0; .NET4.0E; .NET4.0C; .NET CLR 3.5.30729; .NET CLR 2.0.50727; .NET CLR 3.0.30729)
Host: localhost:8080
</requestHeader>
  <responseData class="java.lang.String">&lt;html&gt;&lt;body onLoad=&quot;OnLoadProcessRPCInfo()&quot;&gt;
&lt;script language=&quot;javascript&quot; src=&quot;23048/scripts/swecommon.js&quot;&gt;&lt;/script&gt;
&lt;script&gt;Top().SetBusy(false);function OnLoadProcessRPCInfo()
{
Top()._swe._sweapp.S_App.ProcessRPCInfo(&quot;@0`1`7`3``0`Target`top._sweclient._swecontent._sweview`UC`1`ViewId``Status`NewLayout`View`Sales Order-Browse Catalog Category Details View - Add to Cart`SWEC`55`SRN`xK7T2pIB2ZOV15hwlQxQF5reKcoUB8VpMTZr7we8uAEb`0`3`api`0`0`1`nbo`0`2`8`boi`3``n`Order Entry (Sales\)`z``0`1`nbc`0`2`2`bci`3`S_BC1`n`UMF Passive Message Virtual BusComp`cdl`1`0`2`fl`0`8`0`f`0`itx`1`n`1353`sc`0`l`2500`crf`215`dft`5`t`220`dn`1354`11`0`f`0`itx`1`n`183`sc`0`irq`1`l`15`crf`215`dft`5`ihn`1`iro`1`t`214`dn`183`3`1`rl`0`inrk`1`nmr`0`atr`-1`1`0`tr`0`v``0`1`nbc`0`3`2`bci`3`S_BC2`n`Order Entry - Orders`shd`27*Order_Entry__Orders_BusComp61*srf1592409810_444/bscripts/all/buscomp_order_entry__orders.js`sh`1574`0`28`fl`0`9`0`f`0`itx`1`n`158`sc`0`irq`1`l`30`crf`215`dft`5`t`220`dn`159`9`0`f`0`itx`1`n`100`sc`0`l`100`ibp`1`crf`215`dft`5`t`220`dn`100`9`0`f`0`itx`1`n`208`sc`0`l`100`ibp`1`crf`215`dft`5`t`220`dn`208`10`0`f`0`n`1375`sc`2`icl`1`inm`1`l`25`crf`1027`dft`5`iro`1`t`221`dn`1374`11`0`f`0`itx`1`n`751`sc`0`ipc`1`irq`1`l`20`ibp`1`crf`215`dft`5`t`220`dn`982`7`0`f`0`n`1028`sc`0`l`32`crf`215`dft`5`t`219`dn`1028`8`0`f`0`n`1376`sc`0`inm`1`l`16`crf`215`dft`5`t`1306`dn`1376`9`0`f`0`itx`1`n`110`sc`0`l`50`ibp`1`crf`215`dft`5`t`220`dn`1377`11`0`f`0`itx`1`n`115`sc`0`ipc`1`irq`1`l`30`ibp`1`crf`215`dft`5`t`220`dn`115`9`0`f`0`itx`1`n`142`sc`0`l`50`ibp`1`crf`215`dft`5`t`220`dn`142`10`0`f`0`itx`1`n`165`sc`0`ipc`1`l`50`ibp`1`crf`215`dft`5`t`220`dn`119`9`0`f`0`itx`1`n`134`sc`0`l`50`ibp`1`crf`215`dft`5`t`220`dn`314`10`0`f`0`n`145`sc`0`irq`1`l`32`crf`215`dft`5`ihn`1`iro`1`t`226`dn`145`9`0`f`0`itx`1`n`135`sc`0`l`50`crf`215`dft`5`iro`1`t`220`dn`313`8`0`f`0`n`1386`sc`0`ipc`1`l`32`crf`215`dft`1885`t`226`dn`184`9`0`f`0`n`1388`sc`7`ipc`1`inm`1`l`18`crf`215`dft`5`t`1029`dn`1388`8`0`f`0`itx`1`n`121`sc`0`l`255`crf`215`dft`5`t`220`dn`1110`9`0`f`0`itx`1`n`888`sc`0`l`100`ibp`1`crf`215`dft`5`t`220`dn`888`8`0`f`0`n`162`sc`0`ipc`1`l`32`crf`215`dft`1024`t`226`dn`162`7`0`f`0`n`1392`sc`0`l`32`crf`215`dft`1024`t`226`dn`1393`9`0`f`0`itx`1`n`1395`sc`0`l`100`ibp`1`crf`215`dft`5`t`220`dn`1394`10`0`f`0`itx`1`n`1397`sc`0`icl`1`l`255`crf`215`dft`5`iro`1`t`220`dn`1396`8`0`f`0`itx`1`n`1399`sc`0`l`1`crf`215`dft`5`t`218`dn`1398`8`0`f`0`itx`1`n`1401`sc`0`l`100`crf`215`dft`5`t`220`dn`1401`9`0`f`0`itx`1`n`1404`sc`0`l`30`ibp`1`crf`215`dft`5`t`220`dn`1403`10`0`f`0`n`1407`sc`2`icl`1`inm`1`l`25`crf`1027`dft`5`iro`1`t`221`dn`1407`10`0`f`0`n`1409`sc`2`icl`1`inm`1`l`25`crf`1027`dft`5`iro`1`t`221`dn`1409`11`0`f`0`itx`1`n`183`sc`0`irq`1`l`15`crf`215`dft`5`ihn`1`iro`1`t`214`dn`183`3`2`rl`0`crnm`1`nmr`1`atr`0`2`0`r`0`v`19*VOL013-47326074854715*Blazemeter Demo0*1*03*GBP10*06/23/20201*110*13384053567*Pending19*Consumer Price List11*Sales Order4*Demo19*06/23/2020 14:02:5210*Blazemeter19*06/24/2020 00:00:000*0*15*Blazemeter Demo19*06/23/2020 14:02:5219*06/23/2020 14:02:520*0*1*N10*3-61EV8AO30*1*01*010*3-61EV8AO3`i`3-61EV8AO3`1`0`tr`0`v``0`1`nbc`0`2`2`bci`3`S_BC8`n`Quote Catalog`st`1886`0`1`fl`0`11`0`f`0`itx`1`n`183`sc`0`irq`1`l`15`crf`215`dft`5`ihn`1`iro`1`t`214`dn`183`4`2`rl`0`inrk`1`crnm`1`nmr`5`atr`0`2`0`r`0`v`8*1-ZOIRIS`i`1-ZOIRIS`1`0`tr`0`v``0`1`nbc`0`4`2`bci`3`S_BC5`n`Quote Catalog Category`st`1649`cac`1`pi`S_BC8`0`2`fl`0`8`0`f`0`itx`1`n`653`sc`0`l`100`crf`215`dft`5`t`220`dn`653`11`0`f`0`itx`1`n`183`sc`0`irq`1`l`15`crf`215`dft`5`ihn`1`iro`1`t`214`dn`183`3`2`rl`0`crnm`1`nmr`1`atr`0`2`0`r`0`v`16*Universal Offers9*1-2NY1OVU`i`1-2NY1OVU`1`0`tr`0`v``0`1`nbc`0`5`2`bci`3`S_BC3`n`Quote Catalog Internal Product by Price List Optional 2`st`1886`cac`1`hac`1`pi`S_BC5`0`11`fl`0`9`0`f`0`itx`1`n`1643`sc`0`l`200`crf`215`dft`5`iro`1`t`220`dn`1890`9`0`f`0`itx`1`n`99`sc`0`irq`1`l`100`crf`215`dft`5`t`220`dn`140`8`0`f`0`itx`1`n`121`sc`0`l`255`crf`215`dft`5`t`220`dn`121`8`0`f`0`itx`1`n`1892`sc`0`l`30`crf`215`dft`5`t`220`dn`1891`9`0`f`0`n`1876`sc`2`inm`1`l`25`crf`1888`dft`5`iro`1`t`221`dn`1876`9`0`f`0`itx`1`n`751`sc`0`l`20`crf`215`dft`5`iro`1`t`220`dn`751`9`0`f`0`n`1328`sc`2`icl`1`inm`1`l`25`crf`1888`dft`5`t`221`dn`1329`9`0`f`0`n`892`sc`0`icl`1`inm`1`l`16`crf`215`dft`5`t`1306`dn`1325`8`0`f`0`itx`1`n`1895`sc`0`l`1`crf`215`dft`5`t`218`dn`1894`9`0`f`0`itx`1`n`1327`sc`0`icl`1`l`255`crf`215`dft`5`t`220`dn`1327`11`0`f`0`itx`1`n`183`sc`0`irq`1`l`15`crf`215`dft`5`ihn`1`iro`1`t`214`dn`183`4`7`rl`0`inrk`1`crnm`1`nmr`6`atr`0`2`0`r`0`v`0*22*BB UN BB 15GB  (31.50\)20*BB UN Broadband 15GB0*4*31.53*GBP4*31.51*10*0*9*1-5G25WAB`i`1-5G25WAB`2`0`r`0`v`0*43*BT Total Broadband Anywhere - 18 month Term42*BT Total Broadband Anywhere  18 month Term0*5*41.093*GBP5*41.091*10*0*9*1-5FY8V5B`i`1-5FY8V5B`2`0`r`0`v`0*17*Ex Emp F1 (35.50\)99*Fibre 1 comes with a monthly usage allowance, basic security and transfer of any existing contract\n0*4*35.53*GBP4*35.51*10*0*9*1-FYCVCJ7`i`1-FYCVCJ7`2`0`r`0`v`0*17*Ex Emp F2 (44.50\)117*Fibre 2 comes with unlimited usage, advanced online security and free activation. Available to former employees only\n0*4*44.53*GBP4*44.51*10*0*9*1-FYCVCKK`i`1-FYCVCKK`2`0`r`0`v`0*35*Ex Employee BB UN BB Unltd  (34.00\)23*BT Total Broadband 15GB0*2*343*GBP2*341*10*0*9*1-7NZ0JIT`i`1-7NZ0JIT`2`0`r`0`v`0*34*Ex Employee BB UN BB Unltd (38.00\)27*BT Total Broadband Option 30*2*383*GBP2*381*10*0*9*1-7NZ0JGS`i`1-7NZ0JGS`1`0`tr`0`v``0`1`nbc`0`7`2`bci`3`S_BC4`n`Order Entry - Line Items`shd`31*Order_Entry__Line_Items_BusComp65*srf1592409810_444/bscripts/all/buscomp_order_entry__line_items.js`st`762`cdl`1`cac`1`pi`S_BC2`hhr`1`0`12`fl`0`9`0`f`0`itx`1`n`140`sc`0`l`100`ibp`1`crf`215`dft`5`t`220`dn`140`10`0`f`0`n`1324`sc`0`ipc`1`inm`1`irq`1`l`16`crf`215`dft`5`t`1306`dn`1325`10`0`f`0`n`1462`sc`2`icl`1`inm`1`l`25`crf`1027`dft`5`iro`1`t`221`dn`1329`11`0`f`0`itx`1`n`751`sc`0`ipc`1`irq`1`l`20`ibp`1`crf`215`dft`5`t`220`dn`751`9`0`f`0`n`1028`sc`0`ipc`1`irq`1`l`32`crf`215`dft`5`t`219`dn`1028`8`0`f`0`itx`1`n`1326`sc`0`l`30`crf`215`dft`5`t`220`dn`1463`8`0`f`0`n`1465`sc`6`inm`1`l`18`crf`215`dft`5`t`1029`dn`1464`11`0`f`0`itx`1`n`183`sc`0`irq`1`l`15`crf`215`dft`5`ihn`1`iro`1`t`214`dn`183`8`0`f`0`sc`0`n`824`l`255`crf`1020`ihn`1`iro`1`dn`824`t`220`8`0`f`0`sc`0`n`1019`l`255`crf`1020`ihn`1`iro`1`dn`1019`t`220`8`0`f`0`sc`0`n`1021`l`255`crf`1020`ihn`1`iro`1`dn`1021`t`220`8`0`f`0`sc`0`n`1022`l`255`crf`1020`ihn`1`iro`1`dn`1022`t`220`3`1`rl`0`inrk`1`nmr`0`atr`-1`1`0`tr`0`v``0`1`nbc`0`5`2`bci`3`S_BC6`n`Quote Catalog Subcategory`st`1649`cdl`1`cac`1`pi`S_BC5`0`2`fl`0`9`0`f`0`itx`1`n`653`sc`0`l`100`crf`215`dft`5`iro`1`t`220`dn`653`11`0`f`0`itx`1`n`183`sc`0`irq`1`l`15`crf`215`dft`5`ihn`1`iro`1`t`214`dn`183`3`1`rl`0`inrk`1`nmr`0`atr`-1`1`0`tr`0`v``0`1`nbc`0`2`2`bci`3`S_BC7`n`Quote Catalog Internal Product by Price List Optional`cdl`1`0`1`fl`0`11`0`f`0`itx`1`n`183`sc`0`irq`1`l`15`crf`215`dft`5`ihn`1`iro`1`t`214`dn`183`2`1`rl`0`nmr`0`atr`-1`1`0`tr`0`v``1`1`nv`0`imv`1`6`8`vi`3``vt`STANDARD`ich`0`n`Sales Order-Browse Catalog Category Details View - Add to Cart`pu`http://localhost:8080/ecommunications_enu_nsm_aps05524a027/start.swe`tt`Category`tb`&lt;span id=\&apos;s_tb\&apos;&gt;&lt;table datatable=\&quot;0\&quot; summary=\&quot;\&quot; cellpadding=\&quot;0\&quot; cellspacing=\&quot;0\&quot; border=\&quot;0\&quot;&gt;&lt;tr&gt;&lt;td&gt;&lt;span class=\&quot;threadbar\&quot;&gt;&lt;a href=\&apos;JavaScript:{App(\).GotoView(\&quot;Sales Order-Browse Catalog View\&quot;, \&quot;\&quot;, \&quot;/ecommunications_enu_nsm_aps05524a027/start.swe?SWENeedContext=false&amp;SWECmd=GotoBookmarkView&amp;SWEBMC=48&amp;SWEC=55&amp;SWEBID=-1&amp;SRN=xK7T2pIB2ZOV15hwlQxQF5reKcoUB8VpMTZr7we8uAEb&amp;SWETS=&amp;SWEKeepContext=1\&quot;, window\);void(0\)}\&apos; &gt;&lt;nobr&gt;Catalog:\&lt;\/nobr&gt;\&lt;\/a&gt;\&lt;\/span&gt;\&lt;\/td&gt;&lt;td&gt;&lt;img src=\&quot;images/spacer.gif\&quot; width=\&quot;5\&quot; height=\&quot;1\&quot; alt=\&quot;\&quot;&gt;\&lt;\/td&gt;&lt;td&gt;&lt;span class=\&quot;threadbardiv\&quot;&gt;&amp;nbsp;&amp;gt;&amp;nbsp;\&lt;\/span&gt;\&lt;\/td&gt;&lt;td&gt;&lt;span class=\&quot;threadbar\&quot;&gt;&lt;a href=\&apos;JavaScript:{App(\).GotoView(\&quot;Sales Order-Browse Catalog Category Details View - Add to Cart\&quot;, \&quot;\&quot;, \&quot;/ecommunications_enu_nsm_aps05524a027/start.swe?SWENeedContext=false&amp;SWECmd=GotoBookmarkView&amp;SWEBMC=52&amp;SWEC=55&amp;SWEBID=-1&amp;SRN=xK7T2pIB2ZOV15hwlQxQF5reKcoUB8VpMTZr7we8uAEb&amp;SWETS=&amp;SWEKeepContext=1\&quot;, window\);void(0\)}\&apos; &gt;&lt;nobr&gt;Category:BT Broadband and BB Talk\&lt;\/nobr&gt;\&lt;\/a&gt;\&lt;\/span&gt;\&lt;\/td&gt;&lt;td&gt;&lt;img src=\&quot;images/spacer.gif\&quot; width=\&quot;5\&quot; height=\&quot;1\&quot; alt=\&quot;\&quot;&gt;\&lt;\/td&gt;&lt;td&gt;&lt;span class=\&quot;threadbardiv\&quot;&gt;&amp;nbsp;&amp;gt;&amp;nbsp;\&lt;\/span&gt;\&lt;\/td&gt;&lt;td&gt;&lt;span class=\&quot;threadbar\&quot;&gt;&lt;nobr&gt;Category:\&lt;\/nobr&gt;\&lt;\/span&gt;\&lt;\/td&gt;&lt;td&gt;&lt;img src=\&quot;images/spacer.gif\&quot; width=\&quot;5\&quot; height=\&quot;1\&quot; alt=\&quot;\&quot;&gt;\&lt;\/td&gt;&lt;td&gt;\&lt;\/td&gt;\&lt;\/tr&gt;\&lt;\/table&gt;\&lt;\/span&gt;`0`1`nla`0`18`4`ai`3`S_A1`nfi`1`n`UMF Message List Applet - SI`cud`2*451*04*13451*04*13441*03*3101*04*13371*04*13381*04*13411*04*13461*04*13491*04*13511*03*6351*02*431*02*121*02*401*02*391*04*13551*04*13561*04*13571*04*13581*04*13591*04*13601*04*13611*04*13621*04*13631*04*13641*04*13531*0`dqy`1`cik`2*451*12*401*02*391*03*3101*04*13401*14*13431*14*13481*14*13501*14*13521*13*6351*12*431*02*211*02*221*12*231*12*241*12*251*02*261*02*271*02*281*02*291*02*301*02*311*02*321*02*331*02*341*02*351*02*361*12*371*02*381*02*411*02*421*02*201*02*441*12*461*12*471*02*481*02*491*02*501*02*511*02*521*02*531*02*541*12*551*02*561*12*571*0`pf`VER_1.0_~0|Message Text|100`rct`5`asq`6`vrn`S_A1`tt`1335`inu`1`hmn`1`rsp`false`bnr`0`iem``bci`S_BC1`hlc`3*a_11*11*2`i`1`0`9`cl`0`4`1`cc`0`sp`s_1_1_4_0`n`1337`t`1336`fn`5`0`2`cc`0`2`0`SpanInnerHTML`0`HTML_SPAN_ID`PRODUCT_SELECTION_UMF Message List Applet - SI`HTML_SRC`&lt;a id=\&quot;SWETopHidden1\&quot; href=\&quot;javascript:void(0\);\&quot; tabindex=\&quot;7000\&quot; title=\&quot;Not Used\&quot;&gt;\&lt;\/a&gt;&lt;form name=\&quot;SWEForm1_0\&quot; method=\&quot;post\&quot; action=\&quot;/ecommunications_enu_nsm_aps05524a027/start.swe\&quot; &gt;\n&lt;div class=\&quot;NotSelected\&quot; id=\&quot;a_1\&quot;&gt;&lt;table datatable=\&quot;0\&quot; summary=\&quot;\&quot; width=\&quot;100%\&quot; cellspacing=\&quot;0\&quot; cellpadding=\&quot;2\&quot; border=\&quot;0\&quot; align=\&quot;center\&quot;&gt;&lt;tr class=\&quot;AppletButtons\&quot; align=\&quot;left\&quot;&gt;&lt;td&gt;&lt;img src=\&quot;images/spacer.gif\&quot; width=\&quot;4\&quot; height=\&quot;1\&quot; alt=\&quot;\&quot;&gt;\&lt;\/td&gt;&lt;td nowrap&gt;&lt;a href=\&apos;JavaScript:void(0\)\&apos; onclick=\&apos;window.s_1_1_4_0.EventPreInvoke(\&quot;PositionOnRow\&quot;,\&quot;False\&quot;,\&quot;\&quot;,\&quot;\&quot;\); return false;\&apos;  tabindex=7997  id=\&apos;s_1_1_3_0_si\&apos;&gt;&lt;img src=\&quot;images/row_off_d.gif\&quot; border=\&quot;0\&quot; space=\&quot;0\&quot; hspace=\&quot;0\&quot; alt=\&quot;Select record\&quot;  title=\&quot;Select record\&quot; &gt;\&lt;\/img&gt;\&lt;\/a&gt;\&lt;\/td&gt;&lt;td&gt;&lt;table datatable=\&quot;0\&quot; summary=\&quot;\&quot; width=\&quot;100%\&quot; valign=\&quot;top\&quot; align=\&quot;center\&quot; cellpadding=\&apos;0\&apos; cellspacing=\&apos;0\&apos; border=\&apos;0\&apos;&gt;\&lt;\/table&gt;\&lt;\/td&gt;&lt;td nowrap&gt;&amp;nbsp;&lt;b&gt;\&lt;\/b&gt;\&lt;\/td&gt;&lt;td align=\&quot;right\&quot; width=\&quot;100%\&quot;&gt;&lt;td valign=\&quot;middle\&quot; nowrap&gt;&lt;span id=\&apos;SWEApplet1_ctrlmsg\&apos;&gt;\&lt;\/span&gt;\&lt;\/td&gt;&lt;td valign=\&quot;middle\&quot; nowrap&gt;&amp;nbsp;No Records&amp;nbsp;\&lt;\/td&gt;&lt;td valign=\&quot;middle\&quot;&gt;&amp;nbsp;&lt;img src=\&quot;images/btn_div_gray.gif\&quot; height=\&quot;13\&quot; align=\&quot;middle\&quot; alt=\&quot;\&quot;&gt;&amp;nbsp;\&lt;\/td&gt;\&lt;\/td&gt;&lt;td valign=\&quot;top\&quot; align=\&quot;right\&quot;&gt;\&lt;\/td&gt;\&lt;\/tr&gt;\&lt;\/table&gt;&lt;div class=\&quot;AppletHIListBorder\&quot;&gt;&lt;table width=\&quot;100%\&quot; cellpadding=\&quot;0\&quot; cellspacing=\&quot;0\&quot; border=\&quot;0\&quot; align=\&quot;center\&quot; class=\&quot;AppletBack\&quot; datatable=\&quot;0\&quot; summary=\&quot;\&quot;&gt;&lt;tr&gt;&lt;td class = \&quot;AppletHIListBorder\&quot;&gt;&lt;table valign=\&quot;top\&quot; width=\&quot;100%\&quot; cellpadding=\&quot;2\&quot; cellspacing=\&quot;0\&quot; border=\&quot;0\&quot; borderColor=\&quot;#cccccc\&quot; datatable=\&quot;1\&quot; summary=\&quot;\&quot;&gt;&lt;tr class=\&quot;Header\&quot;&gt;&lt;th class=\&quot;Header\&quot; align=\&quot;center\&quot; scope=\&quot;col\&quot;&gt;&amp;nbsp;\&lt;\/th&gt;&lt;th  width=\&quot;100\&quot; class=\&quot;Header\&quot; scope=\&quot;col\&quot; abbr=\&quot;\&quot;&gt;&lt;table cellpadding=\&quot;0\&quot; cellspacing=\&quot;0\&quot; border=\&quot;0\&quot; datatable=\&quot;0\&quot; summary=\&quot;\&quot;&gt;&lt;tr&gt;&lt;td&gt;Message\&lt;\/td&gt;&lt;td&gt;&amp;nbsp;\&lt;\/td&gt;&lt;td&gt; &lt;table cellpadding=\&quot;0\&quot; cellspacing=\&quot;0\&quot; border=\&quot;0\&quot; datatable=\&quot;0\&quot; summary=\&quot;\&quot;&gt;&lt;tr&gt;&lt;td&gt;\&lt;\/td&gt;\&lt;\/tr&gt;&lt;tr&gt;&lt;td&gt;\&lt;\/td&gt;\&lt;\/tr&gt;\&lt;\/table&gt;\&lt;\/td&gt;\&lt;\/tr&gt;\&lt;\/table&gt;\&lt;\/th&gt;\&lt;\/tr&gt;\&lt;\/table&gt;\&lt;\/td&gt;\&lt;\/tr&gt;\&lt;\/table&gt;\&lt;\/div&gt;\&lt;\/div&gt;\&lt;\/span&gt;&lt;span id=\&apos;s_0\&apos;&gt;\&lt;\/span&gt;\&lt;\/form&gt;\n&lt;a id=\&quot;SWEEndAppletStartAnchor_1\&quot; href=\&quot;javascript:void(0\);\&quot; tabindex=\&quot;7999\&quot;&gt;\&lt;\/a&gt;&lt;a id=\&quot;SWEEndAppletEndAnchor_1\&quot; href=\&quot;javascript:void(0\);\&quot; tabindex=\&quot;7999\&quot; onfocus=\&quot;document.getElementById(\&apos;SWEEndAppletStartAnchor_1\&apos;\).focus(\);\&quot;&gt;\&lt;\/a&gt;`0`0`AppletRowData`0`23`1`c`0`pt`5`sp`s_1_1_5_0`dm`7`w`0`n`1338`pw`0`ph`0`ju`6`sq`7997`pan`5`mn`1340`ibp`1`crf`8`sdy`0`h`0`iec`1`dft`5`ime`5`dmc`0`t`67`dn`1339`fn`5`msz`32`13`0`imp`0`SWEField`s_1_1_5_0`SWENeedContext`true`SWER`65535`SWESP`false`SWEMethod`ResponseMethod0`SWECmd`InvokeMethod`SWEDIC`false`SWEReqRowId`0`SWEView`Sales Order-Browse Catalog Category Details View - Add to Cart`SWEC`55`SWEBID`-1`SRN`xK7T2pIB2ZOV15hwlQxQF5reKcoUB8VpMTZr7we8uAEb`SWEApplet`UMF Message List Applet - SI`23`1`c`0`pt`5`sp`s_1_1_6_0`dm`7`w`0`n`1341`pw`0`ph`0`ju`6`sq`7997`pan`5`mn`1343`ibp`1`crf`8`sdy`0`h`0`iec`1`dft`5`ime`5`dmc`0`t`67`dn`1342`fn`5`msz`32`13`0`imp`0`SWEField`s_1_1_6_0`SWENeedContext`true`SWER`65535`SWESP`false`SWEMethod`ResponseMethod1`SWECmd`InvokeMethod`SWEDIC`false`SWEReqRowId`0`SWEView`Sales Order-Browse Catalog Category Details View - Add to Cart`SWEC`55`SWEBID`-1`SRN`xK7T2pIB2ZOV15hwlQxQF5reKcoUB8VpMTZr7we8uAEb`SWEApplet`UMF Message List Applet - SI`25`1`c`0`pt`5`sp`s_1_1_2_0`dm`69`w`0`n`1344`eb`&lt;img src=\&quot;images/rcnv_prvset_1.gif\&quot; border=\&quot;0\&quot; space=\&quot;0\&quot; hspace=\&quot;0\&quot; alt=\&quot;Previous record set\&quot;  title=\&quot;Previous record set\&quot; &gt;`pw`0`db`&lt;img src=\&quot;images/rcnv_prvset_0.gif\&quot; border=\&quot;0\&quot; space=\&quot;0\&quot; hspace=\&quot;0\&quot; alt=\&quot;Previous record set\&quot;  title=\&quot;Previous record set\&quot; &gt;`ph`0`ju`6`sq`7997`pan`5`mn`39`ibp`1`crf`8`sdy`0`h`0`iec`1`dft`5`ime`5`dmc`0`t`67`dn`5`fn`5`msz`32`13`0`imp`0`SWEField`s_1_1_2_0`SWENeedContext`true`SWER`65535`SWESP`false`SWEMethod`GotoPreviousSet`SWECmd`InvokeMethod`SWEDIC`false`SWEReqRowId`0`SWEView`Sales Order-Browse Catalog Category Details View - Add to Cart`SWEC`55`SWEBID`-1`SRN`xK7T2pIB2ZOV15hwlQxQF5reKcoUB8VpMTZr7we8uAEb`SWEApplet`UMF Message List Applet - SI`25`1`c`0`pt`5`sp`s_1_1_1_0`dm`69`w`0`n`1345`eb`&lt;img src=\&quot;images/rcnv_nxtset_1.gif\&quot; border=\&quot;0\&quot; space=\&quot;0\&quot; hspace=\&quot;0\&quot; alt=\&quot;Next record set\&quot;  title=\&quot;Next record set\&quot; &gt;`pw`0`db`&lt;img src=\&quot;images/rcnv_nxtset_0.gif\&quot; border=\&quot;0\&quot; space=\&quot;0\&quot; hspace=\&quot;0\&quot; alt=\&quot;Next record set\&quot;  title=\&quot;Next record set\&quot; &gt;`ph`0`ju`6`sq`7997`pan`5`mn`40`ibp`1`crf`8`sdy`0`h`0`iec`1`dft`5`ime`5`dmc`0`t`67`dn`5`fn`5`msz`32`13`0`imp`0`SWEField`s_1_1_1_0`SWENeedContext`true`SWER`65535`SWESP`false`SWEMethod`GotoNextSet`SWECmd`InvokeMethod`SWEDIC`false`SWEReqRowId`0`SWEView`Sales Order-Browse Catalog Category Details View - Add to Cart`SWEC`55`SWEBID`-1`SRN`xK7T2pIB2ZOV15hwlQxQF5reKcoUB8VpMTZr7we8uAEb`SWEApplet`UMF Message List Applet - SI`23`1`c`0`pt`5`sp`s_1_1_7_0`dm`7`w`0`n`1346`pw`0`ph`0`ju`6`sq`7997`pan`5`mn`1348`ibp`1`crf`8`sdy`0`h`0`iec`1`dft`5`ime`5`dmc`0`t`67`dn`1347`fn`5`msz`32`13`0`imp`0`SWEField`s_1_1_7_0`SWENeedContext`true`SWER`65535`SWESP`false`SWEMethod`ResponseMethod2`SWECmd`InvokeMethod`SWEDIC`false`SWEReqRowId`0`SWEView`Sales Order-Browse Catalog Category Details View - Add to Cart`SWEC`55`SWEBID`-1`SRN`xK7T2pIB2ZOV15hwlQxQF5reKcoUB8VpMTZr7we8uAEb`SWEApplet`UMF Message List Applet - SI`23`1`c`0`pt`5`sp`s_1_1_8_0`dm`7`w`0`n`1349`pw`0`ph`0`ju`6`sq`7997`pan`5`mn`1350`ibp`1`crf`8`sdy`0`h`0`iec`1`dft`5`ime`5`dmc`0`t`67`dn`1347`fn`5`msz`32`13`0`imp`0`SWEField`s_1_1_8_0`SWENeedContext`true`SWER`65535`SWESP`false`SWEMethod`ResponseMethod3`SWECmd`InvokeMethod`SWEDIC`false`SWEReqRowId`0`SWEView`Sales Order-Browse Catalog Category Details View - Add to Cart`SWEC`55`SWEBID`-1`SRN`xK7T2pIB2ZOV15hwlQxQF5reKcoUB8VpMTZr7we8uAEb`SWEApplet`UMF Message List Applet - SI`23`1`c`0`pt`5`sp`s_1_1_9_0`dm`7`w`0`n`1351`pw`0`ph`0`ju`6`sq`7997`pan`5`mn`1352`ibp`1`crf`8`sdy`0`h`0`iec`1`dft`5`ime`5`dmc`0`t`67`dn`1347`fn`5`msz`32`13`0`imp`0`SWEField`s_1_1_9_0`SWENeedContext`true`SWER`65535`SWESP`false`SWEMethod`ResponseMethod4`SWECmd`InvokeMethod`SWEDIC`false`SWEReqRowId`0`SWEView`Sales Order-Browse Catalog Category Details View - Add to Cart`SWEC`55`SWEBID`-1`SRN`xK7T2pIB2ZOV15hwlQxQF5reKcoUB8VpMTZr7we8uAEb`SWEApplet`UMF Message List Applet - SI`25`1`c`0`pt`5`sp`s_1_1_3_0`dm`69`w`0`n`310`eb`&lt;img src=\&quot;images/row_off_d.gif\&quot; border=\&quot;0\&quot; space=\&quot;0\&quot; hspace=\&quot;0\&quot; alt=\&quot;Select record\&quot;  title=\&quot;Select record\&quot; &gt;`pw`0`db`&lt;img src=\&quot;images/row_on_d.gif\&quot; border=\&quot;0\&quot; space=\&quot;0\&quot; hspace=\&quot;0\&quot; alt=\&quot;Record selected\&quot;  title=\&quot;Record selected\&quot; &gt;`ph`0`ju`6`sq`7997`pan`5`mn`310`ibp`1`crf`8`sdy`0`h`0`iec`1`dft`5`ime`5`dmc`0`t`67`dn`5`fn`5`msz`32`13`0`imp`0`SWEField`s_1_1_3_0`SWENeedContext`true`SWER`65535`SWESP`false`SWEMethod`PositionOnRow`SWECmd`InvokeMethod`SWEDIC`false`SWEReqRowId`0`SWEView`Sales Order-Browse Catalog Category Details View - Add to Cart`SWEC`55`SWEBID`-1`SRN`xK7T2pIB2ZOV15hwlQxQF5reKcoUB8VpMTZr7we8uAEb`SWEApplet`UMF Message List Applet - SI`1`0`cfm`0`DeleteRecord`IDS_SWE_DELETE_CONFIRM_WARNING`0`1`col`0`24`0`co`0`pt`5`sp`s_1_2_25_`dm`69`w`100`csq`1`n`1353`pw`0`ph`0`ju`6`sq`7997`pan`5`ibp`1`crf`8`sdy`0`h`0`iec`1`dft`5`cix`0`ime`5`dmc`0`t`4`dn`1354`fn`1353`msz`2500`0`2`pcl`0`2`0`pc`0`allowPC`false`ProdSelectionCC``2`0`pc`0`allowPC`false`AppletTitle``0`1`nla`0`20`4`ai`3`S_A3`cdfe`ProdSelectionCC`nfi`1`n`Sales Order Catalog Product List Applet - Add to Cart`cud`4*18711*12*401*12*391*14*13371*12*641*13*1051*12*121*14*18681*14*18971*14*18741*14*18791*14*18941*04*18911*04*13261*04*15061*04*13221*04*18931*03*8921*14*18801*02*991*03*1211*04*18761*04*16431*0`cik`4*18731*12*401*02*391*02*201*04*18701*14*18961*14*13221*14*18781*12*211*12*221*12*231*12*241*12*251*02*261*12*271*02*281*02*291*12*301*12*311*12*321*12*331*02*341*12*351*12*361*12*371*02*381*12*411*02*421*02*431*02*441*12*451*12*461*12*471*12*481*02*491*02*501*02*511*02*521*02*531*02*541*12*551*12*561*02*571*0`pf`VER_1.0_~0|ThumbnImageFileName|100~0|Name|100~0|Description|100~0|Stock Level|100~0|List Price|100~0|Your Price|100~0|Price Starting At|100~0|Quantity|100~0|Check Stock|100~0|Eligibility Comments|200`shd`59*Sales_Order_Catalog_Product_List_Applet__Add_to_Cart_Applet93*srf1592409810_444/bscripts/all/applet_sales_order_catalog_product_list_applet__add_to_cart.js`rct`10`asq`4`ied`1`vrn`S_A3`tt`1889`inu`0`hmn`1`rsp`false`bnr`0`iem``bci`S_BC3`hlc`3*a_31*11*2`i`3`0`7`cl`0`4`1`cc`0`sp`s_3_1_3_0`n`1337`t`1336`fn`5`0`3`cc`0`2`0`SpanInnerHTML`0`HTML_SPAN_ID`PRODUCT_SELECTION_Sales Order Catalog Product List Applet - Add to Cart`HTML_SRC`&lt;a id=\&quot;SWETopHidden3\&quot; href=\&quot;javascript:void(0\);\&quot; tabindex=\&quot;5000\&quot; title=\&quot;Not Used\&quot;&gt;\&lt;\/a&gt;&lt;table datatable=\&quot;0\&quot; summary=\&quot;\&quot; cellpadding=\&quot;0\&quot; cellspacing=\&quot;0\&quot; border=\&quot;0\&quot;&gt;&lt;tr&gt;&lt;td&gt;&lt;img src=\&quot;images/spacer.gif\&quot; width=\&quot;1\&quot; height=\&quot;3\&quot; alt=\&quot;\&quot;&gt;\&lt;\/td&gt;\&lt;\/tr&gt;\&lt;\/table&gt;&lt;span class=\&quot;AppletStyle5\&quot;&gt;&lt;form name=\&quot;SWEForm3_0\&quot; method=\&quot;post\&quot; action=\&quot;/ecommunications_enu_nsm_aps05524a027/start.swe\&quot; &gt;\n&lt;table datatable=\&quot;0\&quot; summary=\&quot;\&quot; width=\&quot;100%\&quot; cellspacing=\&quot;0\&quot; cellpadding=\&quot;0\&quot; border=\&quot;0\&quot; align=\&quot;center\&quot;&gt;&lt;tr class=\&quot;AppletTitle\&quot;&gt;&lt;td class=\&quot;AppletTitle\&quot; nowrap&gt;&lt;img src=\&quot;images/spacer.gif\&quot; width=\&quot;6\&quot; height=\&quot;1\&quot; alt=\&quot;\&quot;&gt;Items\&lt;\/td&gt;&lt;td width=\&quot;100%\&quot; class=\&quot;AppletTitle\&quot; align=\&quot;right\&quot;&gt;&amp;nbsp;\&lt;\/td&gt;&lt;td valign=\&quot;middle\&quot; nowrap&gt;&lt;span id=\&apos;SWEApplet3_ctrlmsg\&apos;&gt;\&lt;\/span&gt;\&lt;\/td&gt;&lt;td class=\&quot;AppletTitle\&quot; valign=\&quot;middle\&quot; nowrap&gt;&lt;img src=\&quot;images/rcnv_prvset_0.gif\&quot; border=\&quot;0\&quot; space=\&quot;0\&quot; hspace=\&quot;0\&quot; alt=\&quot;Previous record set\&quot;  title=\&quot;Previous record set\&quot; &gt;\&lt;\/img&gt;\&lt;\/td&gt;&lt;td&gt;&amp;nbsp;\&lt;\/td&gt;&lt;td class=\&quot;AppletTitle\&quot; valign=\&quot;middle\&quot; nowrap&gt;&amp;nbsp;1 - 6 of 6&amp;nbsp;\&lt;\/td&gt;&lt;td class=\&quot;AppletTitle\&quot; valign=\&quot;middle\&quot; nowrap&gt;&lt;img src=\&quot;images/rcnv_nxtset_0.gif\&quot; border=\&quot;0\&quot; space=\&quot;0\&quot; hspace=\&quot;0\&quot; alt=\&quot;Next record set\&quot;  title=\&quot;Next record set\&quot; &gt;\&lt;\/img&gt;\&lt;\/td&gt;\&lt;\/tr&gt;\&lt;\/table&gt;&lt;table datatable=\&quot;0\&quot; summary=\&quot;\&quot; width=\&quot;100%\&quot; valign=\&quot;top\&quot; align=\&quot;center\&quot; cellpadding=\&apos;0\&apos; cellspacing=\&apos;0\&apos; border=\&apos;0\&apos;&gt;\&lt;\/table&gt;&lt;table width=\&quot;100%\&quot; cellpadding=\&quot;0\&quot; cellspacing=\&quot;0\&quot; border=\&quot;0\&quot; align=\&quot;center\&quot; class=\&quot;AppletBack\&quot; datatable=\&quot;0\&quot; summary=\&quot;\&quot;&gt;&lt;tr&gt;&lt;td class = \&quot;AppletHIListBorder\&quot;&gt;&lt;table datatable=\&quot;0\&quot; summary=\&quot;\&quot; width=\&quot;100%\&quot; cellpadding=\&quot;1\&quot; cellspacing=\&quot;0\&quot; border=\&quot;0\&quot; align=\&quot;center\&quot;&gt;&lt;tr&gt;&lt;td class=\&quot;AppletBorder\&quot;&gt;&lt;table datatable=\&quot;0\&quot; summary=\&quot;\&quot; class=\&quot;AppletBack\&quot; valign=\&quot;top\&quot; width=\&quot;100%\&quot; cellpadding=\&quot;3\&quot; cellspacing=\&quot;0\&quot; border=\&quot;0\&quot;&gt;&lt;tr valign=\&quot;top\&quot;&gt;&lt;td width=\&quot;1\&quot;&gt;&amp;nbsp;&lt;DIV&gt;\&lt;\/DIV&gt;&amp;nbsp;\&lt;\/td&gt;&lt;td&gt;&lt;div class=\&quot;dCCitemTitle\&quot;&gt;&lt;span  id=\&apos;s_3_2_19_0\&apos; &gt;BB UN BB 15GB  (31.50\)\&lt;\/span&gt;\&lt;\/div&gt;&lt;img src=\&quot;images/spacer.gif\&quot; align=\&quot;top\&quot; height=\&quot;2\&quot; width=\&quot;100%\&quot; alt=\&quot;\&quot;&gt;&lt;div class=\&quot;dCCItemValue\&quot;&gt;&lt;span  id=\&apos;s_3_2_20_0\&apos; &gt;BB UN Broadband 15GB\&lt;\/span&gt;\&lt;\/div&gt;&lt;img src=\&quot;images/spacer.gif\&quot; align=\&quot;top\&quot; height=\&quot;2\&quot; width=\&quot;100%\&quot; alt=\&quot;\&quot;&gt;&lt;img src=\&quot;images/spacer.gif\&quot; align=\&quot;top\&quot; alt=\&quot;\&quot;&gt;&lt;table datatable=\&quot;0\&quot; summary=\&quot;\&quot; border=\&quot;0\&quot; cellpadding=\&quot;0\&quot;  cellspacing=\&quot;4\&quot;&gt;&lt;tr&gt;&lt;td colspan=\&quot;1\&quot; class=\&quot;dCCItemLabel\&quot; valign=bottom&gt;List Price:\&lt;\/td&gt;&lt;td class=\&quot;dCCItemValue\&quot; valign=bottom&gt;&lt;span  id=\&apos;s_3_2_21_0\&apos; &gt;Â£31.50\&lt;\/span&gt;\&lt;\/td&gt;&lt;td colspan=\&quot;1\&quot; class=\&quot;dCCItemLabel\&quot; valign=bottom&gt;Price:\&lt;\/td&gt;&lt;td class=\&quot;dCCItemValue\&quot; valign=bottom&gt;&lt;span  id=\&apos;s_3_2_18_0\&apos; &gt;Â£31.50\&lt;\/span&gt;\&lt;\/td&gt;&lt;td colspan=\&quot;1\&quot; class=\&quot;dCCItemLabel\&quot; valign=bottom&gt;Qty:\&lt;\/td&gt;&lt;td class=\&quot;dCCItemValue\&quot; valign=bottom&gt;&lt;nobr&gt;&lt;input type=\&quot;text\&quot; name=\&apos;s_3_2_17_0\&apos; value=\&apos;1\&apos; STYLE=\&quot;width: 3.75em\&quot; size=\&quot;4\&quot; id=\&apos;s_3_2_17_0\&apos; tabindex=5997  maxlength=\&quot;16\&quot;&gt;&lt;a href=\&apos;JavaScript:doNothing(\)\&apos;  onclick=\&apos;setCalcButtonLabels(\&quot;Save\&quot;,\&quot;Cancel\&quot;\),setNumFormat(\&quot;.\&quot;,\&quot;,\&quot;,\&quot;$\&quot;\),setNumField(document.SWEForm3_0.s_3_2_17_0,\&quot;Integer\&quot;,\&quot;###,###,###,###,##0\&quot;\),createCalculatorFrame(\&quot;Calculator\&quot;\)\&apos; id=\&apos;s_3_2_17_0_id\&apos;&gt;&lt;img src=\&quot;images/icon_calculator.gif\&quot; border=\&quot;0\&quot; align=\&quot;absmiddle\&quot; alt=\&quot;Calculator\&quot;  title=\&quot;Calculator\&quot; &gt;\&lt;\/img&gt;\&lt;\/a&gt;\&lt;\/nobr&gt;\&lt;\/td&gt;\&lt;\/tr&gt;\&lt;\/table&gt;\&lt;\/td&gt;&lt;td&gt;&lt;img src=\&quot;images/spacer.gif\&quot; align=\&quot;top\&quot; alt=\&quot;\&quot;&gt;&lt;div align=\&quot;center\&quot;&gt;&lt;span class=\&quot;minibuttonOn\&quot;&gt;&lt;a href=\&apos;JavaScript:void(0\)\&apos; onclick=\&apos;window.s_3_1_3_0.EventPreInvoke(\&quot;ButtonAddToCart\&quot;,\&quot;True\&quot;,\&quot;1-5G25WAB\&quot;,\&quot;0\&quot;\); top._swe._sweapp.S_App.InvokeControlMethod(\&quot;\&quot;,\&quot;Sales Order Catalog Product List Applet - Add to Cart\&quot;,\&quot;ButtonAddToCart\&quot;\); return false;\&apos;  tabindex=5997  id=\&apos;s_3_1_7_0_si\&apos;&gt;Add Item\&lt;\/a&gt;\&lt;\/span&gt;\&lt;\/div&gt;&lt;img src=\&quot;images/spacer.gif\&quot; align=\&quot;top\&quot; height=\&quot;4\&quot; width=\&quot;100%\&quot; alt=\&quot;\&quot;&gt;&lt;div align=\&quot;center\&quot;&gt;&amp;nbsp;\&lt;\/div&gt;&lt;img src=\&quot;images/spacer.gif\&quot; align=\&quot;top\&quot; height=\&quot;4\&quot; width=\&quot;100%\&quot; alt=\&quot;\&quot;&gt;&lt;div align=\&quot;center\&quot;&gt;&lt;span class=\&quot;minibuttonOn\&quot;&gt;&lt;a href=\&apos;JavaScript:void(0\)\&apos; onclick=\&apos;window.s_3_1_3_0.EventPreInvoke(\&quot;EditPromotion\&quot;,\&quot;True\&quot;,\&quot;1-5G25WAB\&quot;,\&quot;0\&quot;\); top._swe._sweapp.S_App.InvokeControlMethod(\&quot;\&quot;,\&quot;Sales Order Catalog Product List Applet - Add to Cart\&quot;,\&quot;EditPromotion\&quot;\); return false;\&apos;  tabindex=5997  id=\&apos;s_3_1_0_0_si\&apos;&gt;Edit Promotion\&lt;\/a&gt;\&lt;\/span&gt;\&lt;\/div&gt;&lt;img src=\&quot;images/spacer.gif\&quot; align=\&quot;top\&quot; height=\&quot;4\&quot; width=\&quot;100%\&quot; alt=\&quot;\&quot;&gt;\&lt;\/td&gt;\&lt;\/tr&gt;&lt;tr&gt;&lt;td valign=\&quot;bottom\&quot; colspan=\&quot;3\&quot;&gt;&lt;hr&gt;\&lt;\/td&gt;\&lt;\/tr&gt;&lt;tr valign=\&quot;top\&quot;&gt;&lt;td width=\&quot;1\&quot;&gt;&amp;nbsp;&lt;DIV&gt;\&lt;\/DIV&gt;&amp;nbsp;\&lt;\/td&gt;&lt;td&gt;&lt;div class=\&quot;dCCitemTitle\&quot;&gt;&lt;span  id=\&apos;s_3_2_19_1\&apos; &gt;BT Total Broadband Anywhere - 18 month Term\&lt;\/span&gt;\&lt;\/div&gt;&lt;img src=\&quot;images/spacer.gif\&quot; align=\&quot;top\&quot; height=\&quot;2\&quot; width=\&quot;100%\&quot; alt=\&quot;\&quot;&gt;&lt;div class=\&quot;dCCItemValue\&quot;&gt;&lt;span  id=\&apos;s_3_2_20_1\&apos; &gt;BT Total Broadband Anywhere  18 month Term\&lt;\/span&gt;\&lt;\/div&gt;&lt;img src=\&quot;images/spacer.gif\&quot; align=\&quot;top\&quot; height=\&quot;2\&quot; width=\&quot;100%\&quot; alt=\&quot;\&quot;&gt;&lt;img src=\&quot;images/spacer.gif\&quot; align=\&quot;top\&quot; alt=\&quot;\&quot;&gt;&lt;table datatable=\&quot;0\&quot; summary=\&quot;\&quot; border=\&quot;0\&quot; cellpadding=\&quot;0\&quot;  cellspacing=\&quot;4\&quot;&gt;&lt;tr&gt;&lt;td colspan=\&quot;1\&quot; class=\&quot;dCCItemLabel\&quot; valign=bottom&gt;List Price:\&lt;\/td&gt;&lt;td class=\&quot;dCCItemValue\&quot; valign=bottom&gt;&lt;span  id=\&apos;s_3_2_21_1\&apos; &gt;Â£41.09\&lt;\/span&gt;\&lt;\/td&gt;&lt;td colspan=\&quot;1\&quot; class=\&quot;dCCItemLabel\&quot; valign=bottom&gt;Price:\&lt;\/td&gt;&lt;td class=\&quot;dCCItemValue\&quot; valign=bottom&gt;&lt;span  id=\&apos;s_3_2_18_1\&apos; &gt;Â£41.09\&lt;\/span&gt;\&lt;\/td&gt;&lt;td colspan=\&quot;1\&quot; class=\&quot;dCCItemLabel\&quot; valign=bottom&gt;Qty:\&lt;\/td&gt;&lt;td class=\&quot;dCCItemValue\&quot; valign=bottom&gt;&lt;nobr&gt;&lt;input type=\&quot;text\&quot; name=\&apos;s_3_2_17_1\&apos; value=\&apos;1\&apos; STYLE=\&quot;width: 3.75em\&quot; size=\&quot;4\&quot; id=\&apos;s_3_2_17_1\&apos; tabindex=5997  maxlength=\&quot;16\&quot;&gt;&lt;a href=\&apos;JavaScript:doNothing(\)\&apos;  onclick=\&apos;setCalcButtonLabels(\&quot;Save\&quot;,\&quot;Cancel\&quot;\),setNumFormat(\&quot;.\&quot;,\&quot;,\&quot;,\&quot;$\&quot;\),setNumField(document.SWEForm3_0.s_3_2_17_1,\&quot;Integer\&quot;,\&quot;###,###,###,###,##0\&quot;\),createCalculatorFrame(\&quot;Calculator\&quot;\)\&apos; id=\&apos;s_3_2_17_1_id\&apos;&gt;&lt;img src=\&quot;images/icon_calculator.gif\&quot; border=\&quot;0\&quot; align=\&quot;absmiddle\&quot; alt=\&quot;Calculator\&quot;  title=\&quot;Calculator\&quot; &gt;\&lt;\/img&gt;\&lt;\/a&gt;\&lt;\/nobr&gt;\&lt;\/td&gt;\&lt;\/tr&gt;\&lt;\/table&gt;\&lt;\/td&gt;&lt;td&gt;&lt;img src=\&quot;images/spacer.gif\&quot; align=\&quot;top\&quot; alt=\&quot;\&quot;&gt;&lt;div align=\&quot;center\&quot;&gt;&lt;span class=\&quot;minibuttonOn\&quot;&gt;&lt;a href=\&apos;JavaScript:void(0\)\&apos; onclick=\&apos;window.s_3_1_3_0.EventPreInvoke(\&quot;ButtonAddToCart\&quot;,\&quot;True\&quot;,\&quot;1-5FY8V5B\&quot;,\&quot;1\&quot;\); top._swe._sweapp.S_App.InvokeControlMethod(\&quot;\&quot;,\&quot;Sales Order Catalog Product List Applet - Add to Cart\&quot;,\&quot;ButtonAddToCart\&quot;\); return false;\&apos;  tabindex=5997  id=\&apos;s_3_1_7_1_si\&apos;&gt;Add Item\&lt;\/a&gt;\&lt;\/span&gt;\&lt;\/div&gt;&lt;img src=\&quot;images/spacer.gif\&quot; align=\&quot;top\&quot; height=\&quot;4\&quot; width=\&quot;100%\&quot; alt=\&quot;\&quot;&gt;&lt;div align=\&quot;center\&quot;&gt;&amp;nbsp;\&lt;\/div&gt;&lt;img src=\&quot;images/spacer.gif\&quot; align=\&quot;top\&quot; height=\&quot;4\&quot; width=\&quot;100%\&quot; alt=\&quot;\&quot;&gt;&lt;div align=\&quot;center\&quot;&gt;&lt;span class=\&quot;minibuttonOn\&quot;&gt;&lt;a href=\&apos;JavaScript:void(0\)\&apos; onclick=\&apos;window.s_3_1_3_0.EventPreInvoke(\&quot;EditPromotion\&quot;,\&quot;True\&quot;,\&quot;1-5FY8V5B\&quot;,\&quot;1\&quot;\); top._swe._sweapp.S_App.InvokeControlMethod(\&quot;\&quot;,\&quot;Sales Order Catalog Product List Applet - Add to Cart\&quot;,\&quot;EditPromotion\&quot;\); return false;\&apos;  tabindex=5997  id=\&apos;s_3_1_0_1_si\&apos;&gt;Edit Promotion\&lt;\/a&gt;\&lt;\/span&gt;\&lt;\/div&gt;&lt;img src=\&quot;images/spacer.gif\&quot; align=\&quot;top\&quot; height=\&quot;4\&quot; width=\&quot;100%\&quot; alt=\&quot;\&quot;&gt;\&lt;\/td&gt;\&lt;\/tr&gt;&lt;tr&gt;&lt;td valign=\&quot;bottom\&quot; colspan=\&quot;3\&quot;&gt;&lt;hr&gt;\&lt;\/td&gt;\&lt;\/tr&gt;&lt;tr valign=\&quot;top\&quot;&gt;&lt;td width=\&quot;1\&quot;&gt;&amp;nbsp;&lt;DIV&gt;\&lt;\/DIV&gt;&amp;nbsp;\&lt;\/td&gt;&lt;td&gt;&lt;div class=\&quot;dCCitemTitle\&quot;&gt;&lt;span  id=\&apos;s_3_2_19_2\&apos; &gt;Ex Emp F1 (35.50\)\&lt;\/span&gt;\&lt;\/div&gt;&lt;img src=\&quot;images/spacer.gif\&quot; align=\&quot;top\&quot; height=\&quot;2\&quot; width=\&quot;100%\&quot; alt=\&quot;\&quot;&gt;&lt;div class=\&quot;dCCItemValue\&quot;&gt;&lt;span  id=\&apos;s_3_2_20_2\&apos; &gt;Fibre 1 comes with a monthly usage allowance, basic security and transfer of any existing contract\n\&lt;\/span&gt;\&lt;\/div&gt;&lt;img src=\&quot;images/spacer.gif\&quot; align=\&quot;top\&quot; height=\&quot;2\&quot; width=\&quot;100%\&quot; alt=\&quot;\&quot;&gt;&lt;img src=\&quot;images/spacer.gif\&quot; align=\&quot;top\&quot; alt=\&quot;\&quot;&gt;&lt;table datatable=\&quot;0\&quot; summary=\&quot;\&quot; border=\&quot;0\&quot; cellpadding=\&quot;0\&quot;  cellspacing=\&quot;4\&quot;&gt;&lt;tr&gt;&lt;td colspan=\&quot;1\&quot; class=\&quot;dCCItemLabel\&quot; valign=bottom&gt;List Price:\&lt;\/td&gt;&lt;td class=\&quot;dCCItemValue\&quot; valign=bottom&gt;&lt;span  id=\&apos;s_3_2_21_2\&apos; &gt;Â£35.50\&lt;\/span&gt;\&lt;\/td&gt;&lt;td colspan=\&quot;1\&quot; class=\&quot;dCCItemLabel\&quot; valign=bottom&gt;Price:\&lt;\/td&gt;&lt;td class=\&quot;dCCItemValue\&quot; valign=bottom&gt;&lt;span  id=\&apos;s_3_2_18_2\&apos; &gt;Â£35.50\&lt;\/span&gt;\&lt;\/td&gt;&lt;td colspan=\&quot;1\&quot; class=\&quot;dCCItemLabel\&quot; valign=bottom&gt;Qty:\&lt;\/td&gt;&lt;td class=\&quot;dCCItemValue\&quot; valign=bottom&gt;&lt;nobr&gt;&lt;input type=\&quot;text\&quot; name=\&apos;s_3_2_17_2\&apos; value=\&apos;1\&apos; STYLE=\&quot;width: 3.75em\&quot; size=\&quot;4\&quot; id=\&apos;s_3_2_17_2\&apos; tabindex=5997  maxlength=\&quot;16\&quot;&gt;&lt;a href=\&apos;JavaScript:doNothing(\)\&apos;  onclick=\&apos;setCalcButtonLabels(\&quot;Save\&quot;,\&quot;Cancel\&quot;\),setNumFormat(\&quot;.\&quot;,\&quot;,\&quot;,\&quot;$\&quot;\),setNumField(document.SWEForm3_0.s_3_2_17_2,\&quot;Integer\&quot;,\&quot;###,###,###,###,##0\&quot;\),createCalculatorFrame(\&quot;Calculator\&quot;\)\&apos; id=\&apos;s_3_2_17_2_id\&apos;&gt;&lt;img src=\&quot;images/icon_calculator.gif\&quot; border=\&quot;0\&quot; align=\&quot;absmiddle\&quot; alt=\&quot;Calculator\&quot;  title=\&quot;Calculator\&quot; &gt;\&lt;\/img&gt;\&lt;\/a&gt;\&lt;\/nobr&gt;\&lt;\/td&gt;\&lt;\/tr&gt;\&lt;\/table&gt;\&lt;\/td&gt;&lt;td&gt;&lt;img src=\&quot;images/spacer.gif\&quot; align=\&quot;top\&quot; alt=\&quot;\&quot;&gt;&lt;div align=\&quot;center\&quot;&gt;&lt;span class=\&quot;minibuttonOn\&quot;&gt;&lt;a href=\&apos;JavaScript:void(0\)\&apos; onclick=\&apos;window.s_3_1_3_0.EventPreInvoke(\&quot;ButtonAddToCart\&quot;,\&quot;True\&quot;,\&quot;1-FYCVCJ7\&quot;,\&quot;2\&quot;\); top._swe._sweapp.S_App.InvokeControlMethod(\&quot;\&quot;,\&quot;Sales Order Catalog Product List Applet - Add to Cart\&quot;,\&quot;ButtonAddToCart\&quot;\); return false;\&apos;  tabindex=5997  id=\&apos;s_3_1_7_2_si\&apos;&gt;Add Item\&lt;\/a&gt;\&lt;\/span&gt;\&lt;\/div&gt;&lt;img src=\&quot;images/spacer.gif\&quot; align=\&quot;top\&quot; height=\&quot;4\&quot; width=\&quot;100%\&quot; alt=\&quot;\&quot;&gt;&lt;div align=\&quot;center\&quot;&gt;&amp;nbsp;\&lt;\/div&gt;&lt;img src=\&quot;images/spacer.gif\&quot; align=\&quot;top\&quot; height=\&quot;4\&quot; width=\&quot;100%\&quot; alt=\&quot;\&quot;&gt;&lt;div align=\&quot;center\&quot;&gt;&lt;span class=\&quot;minibuttonOn\&quot;&gt;&lt;a href=\&apos;JavaScript:void(0\)\&apos; onclick=\&apos;window.s_3_1_3_0.EventPreInvoke(\&quot;EditPromotion\&quot;,\&quot;True\&quot;,\&quot;1-FYCVCJ7\&quot;,\&quot;2\&quot;\); top._swe._sweapp.S_App.InvokeControlMethod(\&quot;\&quot;,\&quot;Sales Order Catalog Product List Applet - Add to Cart\&quot;,\&quot;EditPromotion\&quot;\); return false;\&apos;  tabindex=5997  id=\&apos;s_3_1_0_2_si\&apos;&gt;Edit Promotion\&lt;\/a&gt;\&lt;\/span&gt;\&lt;\/div&gt;&lt;img src=\&quot;images/spacer.gif\&quot; align=\&quot;top\&quot; height=\&quot;4\&quot; width=\&quot;100%\&quot; alt=\&quot;\&quot;&gt;\&lt;\/td&gt;\&lt;\/tr&gt;&lt;tr&gt;&lt;td valign=\&quot;bottom\&quot; colspan=\&quot;3\&quot;&gt;&lt;hr&gt;\&lt;\/td&gt;\&lt;\/tr&gt;&lt;tr valign=\&quot;top\&quot;&gt;&lt;td width=\&quot;1\&quot;&gt;&amp;nbsp;&lt;DIV&gt;\&lt;\/DIV&gt;&amp;nbsp;\&lt;\/td&gt;&lt;td&gt;&lt;div class=\&quot;dCCitemTitle\&quot;&gt;&lt;span  id=\&apos;s_3_2_19_3\&apos; &gt;Ex Emp F2 (44.50\)\&lt;\/span&gt;\&lt;\/div&gt;&lt;img src=\&quot;images/spacer.gif\&quot; align=\&quot;top\&quot; height=\&quot;2\&quot; width=\&quot;100%\&quot; alt=\&quot;\&quot;&gt;&lt;div class=\&quot;dCCItemValue\&quot;&gt;&lt;span  id=\&apos;s_3_2_20_3\&apos; &gt;Fibre 2 comes with unlimited usage, advanced online security and free activation. Available to former employees only\n\&lt;\/span&gt;\&lt;\/div&gt;&lt;img src=\&quot;images/spacer.gif\&quot; align=\&quot;top\&quot; height=\&quot;2\&quot; width=\&quot;100%\&quot; alt=\&quot;\&quot;&gt;&lt;img src=\&quot;images/spacer.gif\&quot; align=\&quot;top\&quot; alt=\&quot;\&quot;&gt;&lt;table datatable=\&quot;0\&quot; summary=\&quot;\&quot; border=\&quot;0\&quot; cellpadding=\&quot;0\&quot;  cellspacing=\&quot;4\&quot;&gt;&lt;tr&gt;&lt;td colspan=\&quot;1\&quot; class=\&quot;dCCItemLabel\&quot; valign=bottom&gt;List Price:\&lt;\/td&gt;&lt;td class=\&quot;dCCItemValue\&quot; valign=bottom&gt;&lt;span  id=\&apos;s_3_2_21_3\&apos; &gt;Â£44.50\&lt;\/span&gt;\&lt;\/td&gt;&lt;td colspan=\&quot;1\&quot; class=\&quot;dCCItemLabel\&quot; valign=bottom&gt;Price:\&lt;\/td&gt;&lt;td class=\&quot;dCCItemValue\&quot; valign=bottom&gt;&lt;span  id=\&apos;s_3_2_18_3\&apos; &gt;Â£44.50\&lt;\/span&gt;\&lt;\/td&gt;&lt;td colspan=\&quot;1\&quot; class=\&quot;dCCItemLabel\&quot; valign=bottom&gt;Qty:\&lt;\/td&gt;&lt;td class=\&quot;dCCItemValue\&quot; valign=bottom&gt;&lt;nobr&gt;&lt;input type=\&quot;text\&quot; name=\&apos;s_3_2_17_3\&apos; value=\&apos;1\&apos; STYLE=\&quot;width: 3.75em\&quot; size=\&quot;4\&quot; id=\&apos;s_3_2_17_3\&apos; tabindex=5997  maxlength=\&quot;16\&quot;&gt;&lt;a href=\&apos;JavaScript:doNothing(\)\&apos;  onclick=\&apos;setCalcButtonLabels(\&quot;Save\&quot;,\&quot;Cancel\&quot;\),setNumFormat(\&quot;.\&quot;,\&quot;,\&quot;,\&quot;$\&quot;\),setNumField(document.SWEForm3_0.s_3_2_17_3,\&quot;Integer\&quot;,\&quot;###,###,###,###,##0\&quot;\),createCalculatorFrame(\&quot;Calculator\&quot;\)\&apos; id=\&apos;s_3_2_17_3_id\&apos;&gt;&lt;img src=\&quot;images/icon_calculator.gif\&quot; border=\&quot;0\&quot; align=\&quot;absmiddle\&quot; alt=\&quot;Calculator\&quot;  title=\&quot;Calculator\&quot; &gt;\&lt;\/img&gt;\&lt;\/a&gt;\&lt;\/nobr&gt;\&lt;\/td&gt;\&lt;\/tr&gt;\&lt;\/table&gt;\&lt;\/td&gt;&lt;td&gt;&lt;img src=\&quot;images/spacer.gif\&quot; align=\&quot;top\&quot; alt=\&quot;\&quot;&gt;&lt;div align=\&quot;center\&quot;&gt;&lt;span class=\&quot;minibuttonOn\&quot;&gt;&lt;a href=\&apos;JavaScript:void(0\)\&apos; onclick=\&apos;window.s_3_1_3_0.EventPreInvoke(\&quot;ButtonAddToCart\&quot;,\&quot;True\&quot;,\&quot;1-FYCVCKK\&quot;,\&quot;3\&quot;\); top._swe._sweapp.S_App.InvokeControlMethod(\&quot;\&quot;,\&quot;Sales Order Catalog Product List Applet - Add to Cart\&quot;,\&quot;ButtonAddToCart\&quot;\); return false;\&apos;  tabindex=5997  id=\&apos;s_3_1_7_3_si\&apos;&gt;Add Item\&lt;\/a&gt;\&lt;\/span&gt;\&lt;\/div&gt;&lt;img src=\&quot;images/spacer.gif\&quot; align=\&quot;top\&quot; height=\&quot;4\&quot; width=\&quot;100%\&quot; alt=\&quot;\&quot;&gt;&lt;div align=\&quot;center\&quot;&gt;&amp;nbsp;\&lt;\/div&gt;&lt;img src=\&quot;images/spacer.gif\&quot; align=\&quot;top\&quot; height=\&quot;4\&quot; width=\&quot;100%\&quot; alt=\&quot;\&quot;&gt;&lt;div align=\&quot;center\&quot;&gt;&lt;span class=\&quot;minibuttonOn\&quot;&gt;&lt;a href=\&apos;JavaScript:void(0\)\&apos; onclick=\&apos;window.s_3_1_3_0.EventPreInvoke(\&quot;EditPromotion\&quot;,\&quot;True\&quot;,\&quot;1-FYCVCKK\&quot;,\&quot;3\&quot;\); top._swe._sweapp.S_App.InvokeControlMethod(\&quot;\&quot;,\&quot;Sales Order Catalog Product List Applet - Add to Cart\&quot;,\&quot;EditPromotion\&quot;\); return false;\&apos;  tabindex=5997  id=\&apos;s_3_1_0_3_si\&apos;&gt;Edit Promotion\&lt;\/a&gt;\&lt;\/span&gt;\&lt;\/div&gt;&lt;img src=\&quot;images/spacer.gif\&quot; align=\&quot;top\&quot; height=\&quot;4\&quot; width=\&quot;100%\&quot; alt=\&quot;\&quot;&gt;\&lt;\/td&gt;\&lt;\/tr&gt;&lt;tr&gt;&lt;td valign=\&quot;bottom\&quot; colspan=\&quot;3\&quot;&gt;&lt;hr&gt;\&lt;\/td&gt;\&lt;\/tr&gt;&lt;tr valign=\&quot;top\&quot;&gt;&lt;td width=\&quot;1\&quot;&gt;&amp;nbsp;&lt;DIV&gt;\&lt;\/DIV&gt;&amp;nbsp;\&lt;\/td&gt;&lt;td&gt;&lt;div class=\&quot;dCCitemTitle\&quot;&gt;&lt;span  id=\&apos;s_3_2_19_4\&apos; &gt;Ex Employee BB UN BB Unltd  (34.00\)\&lt;\/span&gt;\&lt;\/div&gt;&lt;img src=\&quot;images/spacer.gif\&quot; align=\&quot;top\&quot; height=\&quot;2\&quot; width=\&quot;100%\&quot; alt=\&quot;\&quot;&gt;&lt;div class=\&quot;dCCItemValue\&quot;&gt;&lt;span  id=\&apos;s_3_2_20_4\&apos; &gt;BT Total Broadband 15GB\&lt;\/span&gt;\&lt;\/div&gt;&lt;img src=\&quot;images/spacer.gif\&quot; align=\&quot;top\&quot; height=\&quot;2\&quot; width=\&quot;100%\&quot; alt=\&quot;\&quot;&gt;&lt;img src=\&quot;images/spacer.gif\&quot; align=\&quot;top\&quot; alt=\&quot;\&quot;&gt;&lt;table datatable=\&quot;0\&quot; summary=\&quot;\&quot; border=\&quot;0\&quot; cellpadding=\&quot;0\&quot;  cellspacing=\&quot;4\&quot;&gt;&lt;tr&gt;&lt;td colspan=\&quot;1\&quot; class=\&quot;dCCItemLabel\&quot; valign=bottom&gt;List Price:\&lt;\/td&gt;&lt;td class=\&quot;dCCItemValue\&quot; valign=bottom&gt;&lt;span  id=\&apos;s_3_2_21_4\&apos; &gt;Â£34.00\&lt;\/span&gt;\&lt;\/td&gt;&lt;td colspan=\&quot;1\&quot; class=\&quot;dCCItemLabel\&quot; valign=bottom&gt;Price:\&lt;\/td&gt;&lt;td class=\&quot;dCCItemValue\&quot; valign=bottom&gt;&lt;span  id=\&apos;s_3_2_18_4\&apos; &gt;Â£34.00\&lt;\/span&gt;\&lt;\/td&gt;&lt;td colspan=\&quot;1\&quot; class=\&quot;dCCItemLabel\&quot; valign=bottom&gt;Qty:\&lt;\/td&gt;&lt;td class=\&quot;dCCItemValue\&quot; valign=bottom&gt;&lt;nobr&gt;&lt;input type=\&quot;text\&quot; name=\&apos;s_3_2_17_4\&apos; value=\&apos;1\&apos; STYLE=\&quot;width: 3.75em\&quot; size=\&quot;4\&quot; id=\&apos;s_3_2_17_4\&apos; tabindex=5997  maxlength=\&quot;16\&quot;&gt;&lt;a href=\&apos;JavaScript:doNothing(\)\&apos;  onclick=\&apos;setCalcButtonLabels(\&quot;Save\&quot;,\&quot;Cancel\&quot;\),setNumFormat(\&quot;.\&quot;,\&quot;,\&quot;,\&quot;$\&quot;\),setNumField(document.SWEForm3_0.s_3_2_17_4,\&quot;Integer\&quot;,\&quot;###,###,###,###,##0\&quot;\),createCalculatorFrame(\&quot;Calculator\&quot;\)\&apos; id=\&apos;s_3_2_17_4_id\&apos;&gt;&lt;img src=\&quot;images/icon_calculator.gif\&quot; border=\&quot;0\&quot; align=\&quot;absmiddle\&quot; alt=\&quot;Calculator\&quot;  title=\&quot;Calculator\&quot; &gt;\&lt;\/img&gt;\&lt;\/a&gt;\&lt;\/nobr&gt;\&lt;\/td&gt;\&lt;\/tr&gt;\&lt;\/table&gt;\&lt;\/td&gt;&lt;td&gt;&lt;img src=\&quot;images/spacer.gif\&quot; align=\&quot;top\&quot; alt=\&quot;\&quot;&gt;&lt;div align=\&quot;center\&quot;&gt;&lt;span class=\&quot;minibuttonOn\&quot;&gt;&lt;a href=\&apos;JavaScript:void(0\)\&apos; onclick=\&apos;window.s_3_1_3_0.EventPreInvoke(\&quot;ButtonAddToCart\&quot;,\&quot;True\&quot;,\&quot;1-7NZ0JIT\&quot;,\&quot;4\&quot;\); top._swe._sweapp.S_App.InvokeControlMethod(\&quot;\&quot;,\&quot;Sales Order Catalog Product List Applet - Add to Cart\&quot;,\&quot;ButtonAddToCart\&quot;\); return false;\&apos;  tabindex=5997  id=\&apos;s_3_1_7_4_si\&apos;&gt;Add Item\&lt;\/a&gt;\&lt;\/span&gt;\&lt;\/div&gt;&lt;img src=\&quot;images/spacer.gif\&quot; align=\&quot;top\&quot; height=\&quot;4\&quot; width=\&quot;100%\&quot; alt=\&quot;\&quot;&gt;&lt;div align=\&quot;center\&quot;&gt;&amp;nbsp;\&lt;\/div&gt;&lt;img src=\&quot;images/spacer.gif\&quot; align=\&quot;top\&quot; height=\&quot;4\&quot; width=\&quot;100%\&quot; alt=\&quot;\&quot;&gt;&lt;div align=\&quot;center\&quot;&gt;&lt;span class=\&quot;minibuttonOn\&quot;&gt;&lt;a href=\&apos;JavaScript:void(0\)\&apos; onclick=\&apos;window.s_3_1_3_0.EventPreInvoke(\&quot;EditPromotion\&quot;,\&quot;True\&quot;,\&quot;1-7NZ0JIT\&quot;,\&quot;4\&quot;\); top._swe._sweapp.S_App.InvokeControlMethod(\&quot;\&quot;,\&quot;Sales Order Catalog Product List Applet - Add to Cart\&quot;,\&quot;EditPromotion\&quot;\); return false;\&apos;  tabindex=5997  id=\&apos;s_3_1_0_4_si\&apos;&gt;Edit Promotion\&lt;\/a&gt;\&lt;\/span&gt;\&lt;\/div&gt;&lt;img src=\&quot;images/spacer.gif\&quot; align=\&quot;top\&quot; height=\&quot;4\&quot; width=\&quot;100%\&quot; alt=\&quot;\&quot;&gt;\&lt;\/td&gt;\&lt;\/tr&gt;&lt;tr&gt;&lt;td valign=\&quot;bottom\&quot; colspan=\&quot;3\&quot;&gt;&lt;hr&gt;\&lt;\/td&gt;\&lt;\/tr&gt;&lt;tr valign=\&quot;top\&quot;&gt;&lt;td width=\&quot;1\&quot;&gt;&amp;nbsp;&lt;DIV&gt;\&lt;\/DIV&gt;&amp;nbsp;\&lt;\/td&gt;&lt;td&gt;&lt;div class=\&quot;dCCitemTitle\&quot;&gt;&lt;span  id=\&apos;s_3_2_19_5\&apos; &gt;Ex Employee BB UN BB Unltd (38.00\)\&lt;\/span&gt;\&lt;\/div&gt;&lt;img src=\&quot;images/spacer.gif\&quot; align=\&quot;top\&quot; height=\&quot;2\&quot; width=\&quot;100%\&quot; alt=\&quot;\&quot;&gt;&lt;div class=\&quot;dCCItemValue\&quot;&gt;&lt;span  id=\&apos;s_3_2_20_5\&apos; &gt;BT Total Broadband Option 3\&lt;\/span&gt;\&lt;\/div&gt;&lt;img src=\&quot;images/spacer.gif\&quot; align=\&quot;top\&quot; height=\&quot;2\&quot; width=\&quot;100%\&quot; alt=\&quot;\&quot;&gt;&lt;img src=\&quot;images/spacer.gif\&quot; align=\&quot;top\&quot; alt=\&quot;\&quot;&gt;&lt;table datatable=\&quot;0\&quot; summary=\&quot;\&quot; border=\&quot;0\&quot; cellpadding=\&quot;0\&quot;  cellspacing=\&quot;4\&quot;&gt;&lt;tr&gt;&lt;td colspan=\&quot;1\&quot; class=\&quot;dCCItemLabel\&quot; valign=bottom&gt;List Price:\&lt;\/td&gt;&lt;td class=\&quot;dCCItemValue\&quot; valign=bottom&gt;&lt;span  id=\&apos;s_3_2_21_5\&apos; &gt;Â£38.00\&lt;\/span&gt;\&lt;\/td&gt;&lt;td colspan=\&quot;1\&quot; class=\&quot;dCCItemLabel\&quot; valign=bottom&gt;Price:\&lt;\/td&gt;&lt;td class=\&quot;dCCItemValue\&quot; valign=bottom&gt;&lt;span  id=\&apos;s_3_2_18_5\&apos; &gt;Â£38.00\&lt;\/span&gt;\&lt;\/td&gt;&lt;td colspan=\&quot;1\&quot; class=\&quot;dCCItemLabel\&quot; valign=bottom&gt;Qty:\&lt;\/td&gt;&lt;td class=\&quot;dCCItemValue\&quot; valign=bottom&gt;&lt;nobr&gt;&lt;input type=\&quot;text\&quot; name=\&apos;s_3_2_17_5\&apos; value=\&apos;1\&apos; STYLE=\&quot;width: 3.75em\&quot; size=\&quot;4\&quot; id=\&apos;s_3_2_17_5\&apos; tabindex=5997  maxlength=\&quot;16\&quot;&gt;&lt;a href=\&apos;JavaScript:doNothing(\)\&apos;  onclick=\&apos;setCalcButtonLabels(\&quot;Save\&quot;,\&quot;Cancel\&quot;\),setNumFormat(\&quot;.\&quot;,\&quot;,\&quot;,\&quot;$\&quot;\),setNumField(document.SWEForm3_0.s_3_2_17_5,\&quot;Integer\&quot;,\&quot;###,###,###,###,##0\&quot;\),createCalculatorFrame(\&quot;Calculator\&quot;\)\&apos; id=\&apos;s_3_2_17_5_id\&apos;&gt;&lt;img src=\&quot;images/icon_calculator.gif\&quot; border=\&quot;0\&quot; align=\&quot;absmiddle\&quot; alt=\&quot;Calculator\&quot;  title=\&quot;Calculator\&quot; &gt;\&lt;\/img&gt;\&lt;\/a&gt;\&lt;\/nobr&gt;\&lt;\/td&gt;\&lt;\/tr&gt;\&lt;\/table&gt;\&lt;\/td&gt;&lt;td&gt;&lt;img src=\&quot;images/spacer.gif\&quot; align=\&quot;top\&quot; alt=\&quot;\&quot;&gt;&lt;div align=\&quot;center\&quot;&gt;&lt;span class=\&quot;minibuttonOn\&quot;&gt;&lt;a href=\&apos;JavaScript:void(0\)\&apos; onclick=\&apos;window.s_3_1_3_0.EventPreInvoke(\&quot;ButtonAddToCart\&quot;,\&quot;True\&quot;,\&quot;1-7NZ0JGS\&quot;,\&quot;5\&quot;\); top._swe._sweapp.S_App.InvokeControlMethod(\&quot;\&quot;,\&quot;Sales Order Catalog Product List Applet - Add to Cart\&quot;,\&quot;ButtonAddToCart\&quot;\); return false;\&apos;  tabindex=5997  id=\&apos;s_3_1_7_5_si\&apos;&gt;Add Item\&lt;\/a&gt;\&lt;\/span&gt;\&lt;\/div&gt;&lt;img src=\&quot;images/spacer.gif\&quot; align=\&quot;top\&quot; height=\&quot;4\&quot; width=\&quot;100%\&quot; alt=\&quot;\&quot;&gt;&lt;div align=\&quot;center\&quot;&gt;&amp;nbsp;\&lt;\/div&gt;&lt;img src=\&quot;images/spacer.gif\&quot; align=\&quot;top\&quot; height=\&quot;4\&quot; width=\&quot;100%\&quot; alt=\&quot;\&quot;&gt;&lt;div align=\&quot;center\&quot;&gt;&lt;span class=\&quot;minibuttonOn\&quot;&gt;&lt;a href=\&apos;JavaScript:void(0\)\&apos; onclick=\&apos;window.s_3_1_3_0.EventPreInvoke(\&quot;EditPromotion\&quot;,\&quot;True\&quot;,\&quot;1-7NZ0JGS\&quot;,\&quot;5\&quot;\); top._swe._sweapp.S_App.InvokeControlMethod(\&quot;\&quot;,\&quot;Sales Order Catalog Product List Applet - Add to Cart\&quot;,\&quot;EditPromotion\&quot;\); return false;\&apos;  tabindex=5997  id=\&apos;s_3_1_0_5_si\&apos;&gt;Edit Promotion\&lt;\/a&gt;\&lt;\/span&gt;\&lt;\/div&gt;&lt;img src=\&quot;images/spacer.gif\&quot; align=\&quot;top\&quot; height=\&quot;4\&quot; width=\&quot;100%\&quot; alt=\&quot;\&quot;&gt;\&lt;\/td&gt;\&lt;\/tr&gt;&lt;tr&gt;&lt;td valign=\&quot;bottom\&quot; colspan=\&quot;3\&quot;&gt;&lt;hr&gt;\&lt;\/td&gt;\&lt;\/tr&gt;\&lt;\/table&gt;&lt;table datatable=\&quot;0\&quot; summary=\&quot;\&quot; width=\&quot;100%\&quot; class=\&quot;AppletBack\&quot; cellpadding=\&quot;2\&quot; cellspacing=\&quot;0\&quot; border=\&quot;0\&quot;&gt;&lt;tr&gt;&lt;td width=\&quot;100%\&quot;&gt;&amp;nbsp;\&lt;\/td&gt;\&lt;\/tr&gt;\&lt;\/table&gt;\&lt;\/td&gt;\&lt;\/tr&gt;\&lt;\/table&gt;\&lt;\/td&gt;\&lt;\/tr&gt;\&lt;\/table&gt;&lt;span id=\&apos;s_1\&apos;&gt;\&lt;\/span&gt;\&lt;\/form&gt;\n\&lt;\/span&gt;&lt;a id=\&quot;SWEEndAppletStartAnchor_3\&quot; href=\&quot;javascript:void(0\);\&quot; tabindex=\&quot;5999\&quot;&gt;\&lt;\/a&gt;&lt;a id=\&quot;SWEEndAppletEndAnchor_3\&quot; href=\&quot;javascript:void(0\);\&quot; tabindex=\&quot;5999\&quot; onfocus=\&quot;document.getElementById(\&apos;SWEEndAppletStartAnchor_3\&apos;\).focus(\);\&quot;&gt;\&lt;\/a&gt;`1`0`AppletJS`0`JS_OBJ_1`&lt;script language=\&quot;javascript\&quot; src=\&quot;23048/scripts/calculator.js\&quot;&gt;\&lt;\/script&gt;`0`6`AppletRowData`0`1`1`RowFields`0`row_id`1-FYCVCJ7`4`0`RowFields`0`html_id`s_3_2_17_2`name`Quantity`CheckBoxRowIndex`2`type`EditBox`1`1`RowFields`0`row_id`1-7NZ0JGS`4`0`RowFields`0`html_id`s_3_2_17_5`name`Quantity`CheckBoxRowIndex`5`type`EditBox`1`1`RowFields`0`row_id`1-FYCVCKK`4`0`RowFields`0`html_id`s_3_2_17_3`name`Quantity`CheckBoxRowIndex`3`type`EditBox`1`1`RowFields`0`row_id`1-5G25WAB`4`0`RowFields`0`html_id`s_3_2_17_0`name`Quantity`CheckBoxRowIndex`0`type`EditBox`1`1`RowFields`0`row_id`1-7NZ0JIT`4`0`RowFields`0`html_id`s_3_2_17_4`name`Quantity`CheckBoxRowIndex`4`type`EditBox`1`1`RowFields`0`row_id`1-5FY8V5B`4`0`RowFields`0`html_id`s_3_2_17_1`name`Quantity`CheckBoxRowIndex`1`type`EditBox`25`1`c`0`pt`5`sp`s_3_1_2_0`dm`69`w`0`n`39`eb`&lt;img src=\&quot;images/rcnv_prvset_1.gif\&quot; border=\&quot;0\&quot; space=\&quot;0\&quot; hspace=\&quot;0\&quot; alt=\&quot;Previous record set\&quot;  title=\&quot;Previous record set\&quot; &gt;`pw`0`db`&lt;img src=\&quot;images/rcnv_prvset_0.gif\&quot; border=\&quot;0\&quot; space=\&quot;0\&quot; hspace=\&quot;0\&quot; alt=\&quot;Previous record set\&quot;  title=\&quot;Previous record set\&quot; &gt;`ph`0`ju`6`sq`5997`pan`5`mn`39`ibp`1`crf`8`sdy`0`h`0`iec`1`dft`5`ime`5`dmc`0`t`67`dn`381`fn`5`msz`32`14`0`imp`0`SWEField`s_3_1_2_0`SWENeedContext`true`SWER`0`SWESP`false`SWERowIds`SWERowId0=1-ZOIRIS,SWERowId1=1-2NY1OVU`SWEMethod`GotoPreviousSet`SWECmd`InvokeMethod`SWEDIC`false`SWEReqRowId`0`SWEView`Sales Order-Browse Catalog Category Details View - Add to Cart`SWEC`55`SWEBID`-1`SRN`xK7T2pIB2ZOV15hwlQxQF5reKcoUB8VpMTZr7we8uAEb`SWEApplet`Sales Order Catalog Product List Applet - Add to Cart`25`1`c`0`pt`5`sp`s_3_1_1_0`dm`69`w`0`n`40`eb`&lt;img src=\&quot;images/rcnv_nxtset_1.gif\&quot; border=\&quot;0\&quot; space=\&quot;0\&quot; hspace=\&quot;0\&quot; alt=\&quot;Next record set\&quot;  title=\&quot;Next record set\&quot; &gt;`pw`0`db`&lt;img src=\&quot;images/rcnv_nxtset_0.gif\&quot; border=\&quot;0\&quot; space=\&quot;0\&quot; hspace=\&quot;0\&quot; alt=\&quot;Next record set\&quot;  title=\&quot;Next record set\&quot; &gt;`ph`0`ju`6`sq`5997`pan`5`mn`40`ibp`1`crf`8`sdy`0`h`0`iec`1`dft`5`ime`5`dmc`0`t`67`dn`382`fn`5`msz`32`14`0`imp`0`SWEField`s_3_1_1_0`SWENeedContext`true`SWER`0`SWESP`false`SWERowIds`SWERowId0=1-ZOIRIS,SWERowId1=1-2NY1OVU`SWEMethod`GotoNextSet`SWECmd`InvokeMethod`SWEDIC`false`SWEReqRowId`0`SWEView`Sales Order-Browse Catalog Category Details View - Add to Cart`SWEC`55`SWEBID`-1`SRN`xK7T2pIB2ZOV15hwlQxQF5reKcoUB8VpMTZr7we8uAEb`SWEApplet`Sales Order Catalog Product List Applet - Add to Cart`23`1`c`0`pt`5`sp`s_3_1_10_0`dm`7`w`0`n`1879`pw`0`ph`0`ju`6`sq`5997`pan`5`mn`1878`ibp`1`crf`8`sdy`0`h`0`iec`1`dft`5`ime`5`dmc`0`t`67`dn`1879`fn`5`msz`32`14`0`imp`0`SWEField`s_3_1_10_0`SWENeedContext`true`SWER`0`SWESP`false`SWERowIds`SWERowId0=1-ZOIRIS,SWERowId1=1-2NY1OVU`SWEMethod`FrameEventMethodShowCourseDetailAddToCart`SWECmd`InvokeMethod`SWEDIC`false`SWEReqRowId`0`SWEView`Sales Order-Browse Catalog Category Details View - Add to Cart`SWEC`55`SWEBID`-1`SRN`xK7T2pIB2ZOV15hwlQxQF5reKcoUB8VpMTZr7we8uAEb`SWEApplet`Sales Order Catalog Product List Applet - Add to Cart`23`1`c`0`pt`5`sp`s_3_1_9_0`dm`7`w`0`n`1874`pw`0`ph`0`ju`6`sq`5997`pan`5`mn`1322`ibp`1`crf`8`sdy`0`h`0`iec`1`dft`5`ime`5`dmc`0`t`67`dn`1322`fn`5`msz`32`14`0`imp`0`SWEField`s_3_1_9_0`SWENeedContext`true`SWER`0`SWESP`false`SWERowIds`SWERowId0=1-ZOIRIS,SWERowId1=1-2NY1OVU`SWEMethod`Customize`SWECmd`InvokeMethod`SWEDIC`false`SWEReqRowId`0`SWEView`Sales Order-Browse Catalog Category Details View - Add to Cart`SWEC`55`SWEBID`-1`SRN`xK7T2pIB2ZOV15hwlQxQF5reKcoUB8VpMTZr7we8uAEb`SWEApplet`Sales Order Catalog Product List Applet - Add to Cart`23`1`c`0`pt`5`sp`s_3_1_7_0`dm`7`w`0`n`1868`pw`0`ph`0`ju`6`sq`5997`pan`5`mn`1870`ibp`1`crf`8`sdy`0`h`0`iec`1`dft`5`ime`5`dmc`0`t`67`dn`1869`fn`5`msz`32`14`0`imp`0`SWEField`s_3_1_7_0`SWENeedContext`true`SWER`0`SWESP`false`SWERowIds`SWERowId0=1-ZOIRIS,SWERowId1=1-2NY1OVU`SWEMethod`AddToCart`SWECmd`InvokeMethod`SWEDIC`false`SWEReqRowId`0`SWEView`Sales Order-Browse Catalog Category Details View - Add to Cart`SWEC`55`SWEBID`-1`SRN`xK7T2pIB2ZOV15hwlQxQF5reKcoUB8VpMTZr7we8uAEb`SWEApplet`Sales Order Catalog Product List Applet - Add to Cart`23`1`c`0`pt`5`sp`s_3_1_0_0`dm`7`w`0`n`1871`pw`0`ph`0`ju`6`sq`5997`pan`5`mn`1873`ibp`1`crf`8`sdy`0`h`0`iec`1`dft`5`ime`5`dmc`0`t`67`dn`1872`fn`5`msz`32`14`0`imp`0`SWEField`s_3_1_0_0`SWENeedContext`true`SWER`0`SWESP`false`SWERowIds`SWERowId0=1-ZOIRIS,SWERowId1=1-2NY1OVU`SWEMethod`ApplyEditPromotion`SWECmd`InvokeMethod`SWEDIC`false`SWEReqRowId`0`SWEView`Sales Order-Browse Catalog Category Details View - Add to Cart`SWEC`55`SWEBID`-1`SRN`xK7T2pIB2ZOV15hwlQxQF5reKcoUB8VpMTZr7we8uAEb`SWEApplet`Sales Order Catalog Product List Applet - Add to Cart`1`0`cfm`0`DeleteRecord`IDS_SWE_DELETE_CONFIRM_WARNING`0`10`col`0`25`0`co`0`pt`5`sp`s_3_2_22_`dm`7`w`100`csq`1`n`1643`pw`0`ist`1`ph`0`ju`6`sq`5997`pan`5`ibp`1`crf`8`sdy`0`h`0`iec`1`dft`5`cix`0`ime`5`dmc`0`t`1859`dn`1890`fn`1643`msz`200`25`0`co`0`pt`5`sp`s_3_2_19_`dm`5`w`100`csq`1`n`99`pw`0`ist`1`ph`0`ju`6`sq`5997`pan`5`ibp`1`crf`8`sdy`0`h`0`iec`1`dft`5`cix`1`ime`5`dmc`0`t`4`dn`140`fn`99`msz`100`25`0`co`0`pt`5`sp`s_3_2_20_`dm`5`w`100`csq`1`n`121`pw`0`ist`1`ph`0`ju`6`sq`5997`pan`5`ibp`1`crf`8`sdy`0`h`0`iec`1`dft`5`cix`2`ime`5`dmc`0`t`4`dn`121`fn`121`msz`255`25`0`co`0`pt`5`sp`s_3_2_12_`dm`7`w`100`csq`1`n`1891`pw`0`ist`1`ph`0`ju`6`sq`5997`pan`5`ibp`1`crf`8`sdy`0`h`0`iec`1`dft`5`cix`3`ime`5`dmc`0`t`4`dn`1891`fn`1892`msz`30`24`0`co`0`pt`5`sp`s_3_2_21_`dm`5`w`100`n`1876`pw`0`ist`1`ph`0`ju`103`sq`5997`pan`5`ibp`1`crf`1877`sdy`0`h`0`iec`1`dft`5`cix`4`ime`5`dmc`0`t`735`dn`1876`fn`1876`msz`25`23`0`co`0`pt`5`sp`s_3_2_18_`dm`7`w`100`n`1880`pw`0`ph`0`ju`6`sq`5997`pan`5`ibp`1`crf`1877`sdy`0`h`0`iec`1`dft`5`cix`5`ime`5`dmc`0`t`735`dn`1329`fn`1328`msz`25`23`0`co`0`pt`5`sp`s_3_2_16_`dm`7`w`100`n`1893`pw`0`ph`0`ju`6`sq`5997`pan`5`ibp`1`crf`1877`sdy`0`h`0`iec`1`dft`5`cix`6`ime`5`dmc`0`t`735`dn`1329`fn`1328`msz`25`23`0`co`0`pt`5`sp`s_3_2_17_`dm`7`w`100`n`892`pw`0`ph`0`ju`6`sq`5997`pan`5`ibp`1`crf`8`sdy`0`h`0`iec`1`dft`5`cix`7`ime`5`dmc`0`t`735`dn`1325`fn`892`msz`16`24`0`co`0`pt`5`sp`s_3_2_11_`dm`7`w`100`n`1894`pw`0`ist`1`ph`0`ju`6`sq`5997`pan`5`ibp`1`crf`8`sdy`0`h`0`iec`1`dft`5`cix`8`ime`5`dmc`0`t`4`dn`1894`fn`1895`msz`1`24`0`co`0`pt`5`sp`s_3_2_14_`dm`7`w`200`csq`1`n`1506`pw`0`ph`0`ju`6`sq`5997`pan`5`ibp`1`crf`8`sdy`0`h`0`iec`1`dft`5`cix`9`ime`5`dmc`0`t`122`dn`1327`fn`1327`msz`255`0`2`pcl`0`2`0`pc`0`allowPC`false`ProdSelectionCC``2`0`pco`0`allowPC`false`ThumbnImageFileName`11*&lt;DIV&gt;\&lt;\/DIV&gt;11*&lt;DIV&gt;\&lt;\/DIV&gt;11*&lt;DIV&gt;\&lt;\/DIV&gt;11*&lt;DIV&gt;\&lt;\/DIV&gt;11*&lt;DIV&gt;\&lt;\/DIV&gt;11*&lt;DIV&gt;\&lt;\/DIV&gt;`0`1`na`0`17`3`ai`3`S_A2`nfi`1`n`Catalog Order Header Form Applet`cud`4*14171*14*14181*14*13941*14*13951*14*14191*04*14061*04*14081*04*14201*04*13971*04*14211*04*14221*04*14231*04*13921*14*14241*14*14251*14*13681*14*13701*14*14261*14*14271*14*14281*14*14291*03*5871*14*14301*04*14311*13*7511*13*1211*12*451*14*14321*14*13981*14*14021*14*14331*14*14341*14*14351*04*14001*13*2081*03*1621*14*13661*03*1551*04*14361*04*14371*04*14381*04*14391*14*14401*03*1511*04*13961*02*641*13*6431*13*3171*14*14411*04*13731*14*14421*14*14431*14*14441*04*14451*03*2431*14*13741*02*431*13*1311*03*6461*13*2641*04*14461*14*14471*14*13811*14*14481*13*1151*14*14491*14*14501*14*14511*04*14521*04*14531*13*1341*13*1421*14*13881*14*14541*04*14551*03*1101*04*14561*03*1351*03*2541*03*8881*14*14571*04*14581*04*13861*13*1451*03*6581*04*14591*12*121*12*281*14*14601*13*3061*12*401*12*391*12*441*12*291*13*3071*12*271*1`cik`4*14101*14*14111*14*14121*14*13691*14*13711*04*14131*02*431*02*451*12*201*02*311*13*2431*12*281*14*14141*13*3061*02*401*12*391*02*441*12*291*13*3071*12*271*02*211*12*221*12*231*12*241*12*251*02*261*02*301*12*321*02*331*12*341*02*351*02*361*02*371*02*381*12*411*02*421*12*461*12*471*12*481*02*491*02*501*02*511*02*521*02*531*02*541*12*551*14*14151*13*6451*04*14161*12*561*02*571*1`shd`39*Catalog_Order_Header_Form_Applet_Applet73*srf1592409810_444/bscripts/all/applet_catalog_order_header_form_applet.js`asq`0`ied`1`vrn`S_A2`tt`1365`inu`0`hmn`1`rsp`false`bnr`0`iem``bci`S_BC2`hlc`3*a_21*11*2`i`2`0`35`cl`0`23`0`c`0`pt`5`sp`s_2_1_36_0`dm`69`w`0`csq`1`n`1366`pw`0`ph`0`ju`6`sq`1997`pan`5`ibp`1`crf`8`sdy`0`h`0`iec`1`dft`5`ime`5`dmc`0`t`1367`dn`159`fn`158`msz`30`23`1`c`0`pt`5`sp`s_2_1_26_0`dm`7`w`0`n`45`pw`0`ph`0`ju`6`sq`1997`pan`5`mn`45`ibp`1`crf`8`sdy`0`h`0`iec`1`dft`5`ime`5`dmc`0`t`67`dn`392`fn`5`msz`32`13`0`imp`0`SWEField`s_2_1_26_0`SWENeedContext`true`SWER`0`SWESP`false`SWEMethod`ExecuteQuery`SWECmd`InvokeMethod`SWEDIC`false`SWEReqRowId`0`SWEView`Sales Order-Browse Catalog Category Details View - Add to Cart`SWEC`55`SWEBID`-1`SRN`xK7T2pIB2ZOV15hwlQxQF5reKcoUB8VpMTZr7we8uAEb`SWEApplet`Catalog Order Header Form Applet`23`1`c`0`pt`5`sp`s_2_1_21_0`dm`7`w`0`n`587`pw`0`ph`0`ju`6`sq`1997`pan`5`mn`43`ibp`1`crf`8`sdy`0`h`0`iec`1`dft`5`ime`5`dmc`0`t`67`dn`393`fn`5`msz`32`13`0`imp`0`SWEField`s_2_1_21_0`SWENeedContext`true`SWER`0`SWESP`false`SWEMethod`UndoQuery`SWECmd`InvokeMethod`SWEDIC`false`SWEReqRowId`0`SWEView`Sales Order-Browse Catalog Category Details View - Add to Cart`SWEC`55`SWEBID`-1`SRN`xK7T2pIB2ZOV15hwlQxQF5reKcoUB8VpMTZr7we8uAEb`SWEApplet`Catalog Order Header Form Applet`23`1`c`0`pt`5`sp`s_2_1_15_0`dm`7`w`0`n`1368`pw`0`ph`0`ju`6`sq`1997`pan`5`mn`1369`ibp`1`crf`8`sdy`0`h`0`iec`1`dft`5`ime`5`dmc`0`t`67`dn`633`fn`5`msz`32`13`0`imp`0`SWEField`s_2_1_15_0`SWENeedContext`true`SWER`0`SWESP`false`SWEMethod`ReviseOrder`SWECmd`InvokeMethod`SWEDIC`false`SWEReqRowId`0`SWEView`Sales Order-Browse Catalog Category Details View - Add to Cart`SWEC`55`SWEBID`-1`SRN`xK7T2pIB2ZOV15hwlQxQF5reKcoUB8VpMTZr7we8uAEb`SWEApplet`Catalog Order Header Form Applet`23`1`c`0`pt`5`sp`s_2_1_16_0`dm`7`w`0`n`1370`pw`0`ph`0`ju`6`sq`1997`pan`5`mn`1371`ibp`1`crf`8`sdy`0`h`0`iec`1`dft`5`ime`5`dmc`0`t`67`dn`773`fn`5`msz`32`13`0`imp`0`SWEField`s_2_1_16_0`SWENeedContext`true`SWER`0`SWESP`false`SWEMethod`SubmitOrder`SWECmd`InvokeMethod`SWEDIC`false`SWEReqRowId`0`SWEView`Sales Order-Browse Catalog Category Details View - Add to Cart`SWEC`55`SWEBID`-1`SRN`xK7T2pIB2ZOV15hwlQxQF5reKcoUB8VpMTZr7we8uAEb`SWEApplet`Catalog Order Header Form Applet`25`1`c`0`pt`5`sp`s_2_1_91_0`dm`7`w`0`n`39`eb`&lt;img src=\&quot;images/rcnv_prv_1.gif\&quot; border=\&quot;0\&quot; space=\&quot;0\&quot; hspace=\&quot;0\&quot; alt=\&quot;Previous record\&quot;  title=\&quot;Previous record\&quot; &gt;`pw`0`db`&lt;img src=\&quot;images/rcnv_prv_0.gif\&quot; border=\&quot;0\&quot; space=\&quot;0\&quot; hspace=\&quot;0\&quot; alt=\&quot;Previous record\&quot;  title=\&quot;Previous record\&quot; &gt;`ph`0`ju`6`sq`1997`pan`5`mn`39`ibp`1`crf`8`sdy`0`h`0`iec`1`dft`5`ime`5`dmc`0`t`67`dn`5`fn`5`msz`32`13`0`imp`0`SWEField`s_2_1_91_0`SWENeedContext`true`SWER`0`SWESP`false`SWEMethod`GotoPreviousSet`SWECmd`InvokeMethod`SWEDIC`false`SWEReqRowId`0`SWEView`Sales Order-Browse Catalog Category Details View - Add to Cart`SWEC`55`SWEBID`-1`SRN`xK7T2pIB2ZOV15hwlQxQF5reKcoUB8VpMTZr7we8uAEb`SWEApplet`Catalog Order Header Form Applet`25`1`c`0`pt`5`sp`s_2_1_90_0`dm`7`w`0`n`40`eb`&lt;img src=\&quot;images/rcnv_nxt_1.gif\&quot; border=\&quot;0\&quot; space=\&quot;0\&quot; hspace=\&quot;0\&quot; alt=\&quot;Next Record\&quot;  title=\&quot;Next Record\&quot; &gt;`pw`0`db`&lt;img src=\&quot;images/rcnv_nxt_0.gif\&quot; border=\&quot;0\&quot; space=\&quot;0\&quot; hspace=\&quot;0\&quot; alt=\&quot;Next Record\&quot;  title=\&quot;Next Record\&quot; &gt;`ph`0`ju`6`sq`1997`pan`5`mn`40`ibp`1`crf`8`sdy`0`h`0`iec`1`dft`5`ime`5`dmc`0`t`67`dn`5`fn`5`msz`32`13`0`imp`0`SWEField`s_2_1_90_0`SWENeedContext`true`SWER`0`SWESP`false`SWEMethod`GotoNextSet`SWECmd`InvokeMethod`SWEDIC`false`SWEReqRowId`0`SWEView`Sales Order-Browse Catalog Category Details View - Add to Cart`SWEC`55`SWEBID`-1`SRN`xK7T2pIB2ZOV15hwlQxQF5reKcoUB8VpMTZr7we8uAEb`SWEApplet`Catalog Order Header Form Applet`23`1`c`0`pt`5`sp`s_2_1_45_0`dm`7`w`0`n`64`pw`0`ph`0`ju`6`sq`1997`pan`5`mn`20`ibp`1`crf`8`sdy`0`h`0`iec`1`dft`5`ime`5`dmc`0`t`67`dn`652`fn`5`msz`32`17`0`imp`0`SWEField`s_2_1_45_0`SWENeedContext`true`SWER`0`SWESP`true`SWEMethod`ShowQueryAssistant`SWECmd`InvokeMethod`SWEH`100`SWEDIC`true`SWEReqRowId`0`SWEView`Sales Order-Browse Catalog Category Details View - Add to Cart`SWEC`55`SWEW`300`SWEM`Edit`SWEBID`-1`SRN`xK7T2pIB2ZOV15hwlQxQF5reKcoUB8VpMTZr7we8uAEb`SWETA`Query Assistant`SWEApplet`Catalog Order Header Form Applet`25`1`c`0`pt`5`sp`s_2_1_54_0`dm`5`w`0`n`243`eb`&lt;img src=\&quot;images/btn_more.gif\&quot; border=\&quot;0\&quot; space=\&quot;0\&quot; hspace=\&quot;0\&quot; alt=\&quot;Show more\&quot;  title=\&quot;Show more\&quot; &gt;`pw`0`ph`0`ju`6`sq`1997`pan`5`icm`243`mn`243`ibp`1`crf`8`sdy`0`h`0`iec`1`dft`5`ime`5`dmc`0`t`10`dn`5`fn`5`msz`32`13`0`imp`0`SWEField`s_2_1_54_0`SWENeedContext`true`SWER`0`SWESP`false`SWEMethod`ToggleLayout`SWECmd`InvokeMethod`SWEDIC`false`SWEReqRowId`0`SWEView`Sales Order-Browse Catalog Category Details View - Add to Cart`SWEC`55`SWEBID`-1`SRN`xK7T2pIB2ZOV15hwlQxQF5reKcoUB8VpMTZr7we8uAEb`SWEApplet`Catalog Order Header Form Applet`23`0`c`0`pt`1372`sp`s_2_1_59_0`dm`5`w`128`csq`1`n`264`pw`0`ph`0`ju`6`sq`1001`pan`5`ibp`1`crf`8`sdy`0`h`24`iec`1`dft`5`ime`5`dmc`0`t`4`dn`159`fn`158`msz`30`25`0`c`0`pt`5`sp`s_2_1_49_0`dm`7`w`128`csq`1`n`1373`pw`300`pat`Pick`ph`100`ju`6`sq`1010`ied`1`pan`5`ibp`1`crf`8`sdy`0`h`24`iec`1`dft`5`ime`5`dmc`0`t`4`dn`100`fn`100`msz`100`25`0`c`0`pt`5`sp`s_2_1_34_0`dm`7`w`128`csq`1`n`208`pw`300`pat`Pick`ph`100`ju`6`sq`1020`ied`1`pan`5`ibp`1`crf`8`sdy`0`h`24`iec`1`dft`5`ime`5`dmc`0`t`4`dn`208`fn`208`msz`100`24`0`c`0`pt`5`sp`s_2_1_55_0`dm`7`w`128`n`1374`pw`300`pat`Detail`ph`100`ju`6`sq`1030`ied`1`pan`5`ibp`1`crf`722`sdy`0`h`24`iec`1`dft`5`ime`5`dmc`0`t`102`dn`1374`fn`1375`msz`25`22`0`c`0`pt`5`sp`s_2_1_57_0`dm`7`w`128`n`131`pw`0`ph`0`ju`6`sq`1002`pan`5`ibp`1`crf`8`sdy`0`h`24`iec`1`dft`5`ime`5`dmc`0`t`735`dn`1376`fn`1376`msz`16`23`0`c`0`pt`1378`sp`s_2_1_75_0`dm`5`w`128`csq`1`n`110`pw`0`ph`0`ju`6`sq`1011`pan`5`ibp`1`crf`8`sdy`0`h`24`iec`1`dft`5`ime`5`dmc`0`t`4`dn`1377`fn`110`msz`50`23`0`c`0`pt`1379`sp`s_2_1_64_0`dm`5`w`128`csq`1`n`115`pw`0`ph`0`ju`6`sq`1021`pan`5`ibp`1`crf`8`sdy`0`h`24`iec`1`dft`5`ime`5`dmc`0`t`116`dn`115`fn`115`msz`30`25`0`c`0`pt`1380`sp`s_2_1_71_0`dm`5`w`128`csq`1`n`142`pw`300`pat`Pick`ph`100`ju`6`sq`1031`ied`1`pan`5`ibp`1`crf`8`sdy`0`h`24`iec`1`dft`5`ime`5`dmc`0`t`4`dn`142`fn`142`msz`50`25`0`c`0`pt`1382`sp`s_2_1_62_0`dm`5`w`128`csq`1`n`1381`pw`300`pat`Pick`ph`100`ju`6`sq`1003`ied`1`pan`5`ibp`1`crf`8`sdy`0`h`24`iec`1`dft`5`ime`5`dmc`0`t`116`dn`119`fn`165`msz`50`25`0`c`0`pt`1383`sp`s_2_1_70_0`dm`5`w`128`csq`1`n`134`pw`300`pat`Pick`ph`100`ju`6`sq`1012`ied`1`pan`5`ibp`1`crf`8`sdy`0`h`24`iec`1`dft`5`ime`5`dmc`0`t`4`dn`314`fn`134`msz`50`22`0`c`0`pt`1384`sp`s_2_1_83_0`dm`5`w`128`n`145`pw`0`ph`0`ju`6`sq`1022`pan`5`ibp`1`crf`8`sdy`0`h`24`iec`1`dft`5`ime`5`dmc`0`t`163`dn`145`fn`145`msz`255`25`0`c`0`pt`5`sp`s_2_1_24_0`dm`7`w`128`csq`1`n`751`pw`300`pat`Pick`ph`100`ju`6`sq`1032`ied`1`pan`5`ibp`1`crf`8`sdy`0`h`24`iec`1`dft`5`ime`5`dmc`0`t`4`dn`982`fn`751`msz`20`23`0`c`0`pt`1385`sp`s_2_1_77_0`dm`5`w`128`csq`1`n`135`pw`0`ph`0`ju`6`sq`1013`pan`5`ibp`1`crf`8`sdy`0`h`24`iec`1`dft`5`ime`5`dmc`0`t`4`dn`313`fn`135`msz`50`22`0`c`0`pt`1387`sp`s_2_1_82_0`dm`7`w`128`n`1386`pw`0`ph`0`ju`6`sq`1023`pan`5`ibp`1`crf`8`sdy`0`h`24`iec`1`dft`637`ime`5`dmc`0`t`163`dn`184`fn`1386`msz`255`23`0`c`0`pt`1390`sp`s_2_1_72_0`dm`5`w`128`n`1388`pw`300`pat`Pick`ph`100`ju`6`sq`1033`ied`1`pan`1391`crf`8`sdy`0`h`24`iec`1`dft`1389`ime`5`dmc`0`t`116`dn`1388`fn`1388`msz`18`23`0`c`0`pt`5`sp`s_2_1_25_0`dm`7`w`128`csq`1`n`121`pw`0`ph`0`ju`6`sq`1005`pan`5`ibp`1`crf`8`sdy`0`h`56`iec`1`dft`5`ime`5`dmc`0`t`122`dn`1110`fn`121`msz`255`25`0`c`0`pt`5`sp`s_2_1_79_0`dm`7`w`128`csq`1`n`888`pw`300`pat`Pick`ph`100`ju`6`sq`1014`ied`1`pan`5`ibp`1`crf`8`sdy`0`h`24`iec`1`dft`5`ime`5`dmc`0`t`4`dn`888`fn`888`msz`100`22`0`c`0`pt`5`sp`s_2_1_35_0`dm`7`w`128`n`162`pw`0`ph`0`ju`6`sq`1024`pan`5`ibp`1`crf`8`sdy`0`h`24`iec`1`dft`637`ime`5`dmc`0`t`163`dn`162`fn`162`msz`255`22`0`c`0`pt`5`sp`s_2_1_12_0`dm`7`w`128`n`1392`pw`0`ph`0`ju`6`sq`1025`pan`5`ibp`1`crf`8`sdy`0`h`24`iec`1`dft`637`ime`5`dmc`0`t`163`dn`1393`fn`1392`msz`255`25`0`c`0`pt`5`sp`s_2_1_2_0`dm`7`w`128`csq`1`n`1394`pw`300`pat`Pick`ph`100`ju`6`sq`1997`ied`1`pan`5`ibp`1`crf`8`sdy`0`h`24`iec`1`dft`5`ime`5`dmc`0`t`4`dn`1394`fn`1395`msz`100`23`0`c`0`pt`5`sp`s_2_1_44_0`dm`7`w`128`csq`1`n`1396`pw`0`ph`0`ju`6`sq`1006`pan`5`ibp`1`crf`8`sdy`0`h`24`iec`1`dft`5`ime`5`dmc`0`t`4`dn`1396`fn`1397`msz`255`23`0`c`0`pt`5`sp`s_2_1_28_0`dm`7`w`128`n`1398`pw`0`ph`0`ju`94`sq`1027`pan`5`icm`387`ibp`1`crf`8`sdy`0`h`0`iec`1`dft`5`ime`5`dmc`0`t`92`dn`1398`fn`1399`msz`1`24`0`c`0`pt`1401`sp`s_2_1_33_0`dm`5`w`128`csq`1`n`1400`pw`300`pat`Pick`ph`100`ju`6`sq`1037`ied`1`pan`5`crf`8`sdy`0`h`24`iec`1`dft`5`ime`5`dmc`0`t`4`dn`1400`fn`1401`msz`100`23`0`c`0`pt`5`sp`s_2_1_29_0`dm`7`w`128`csq`1`n`1402`pw`0`ph`0`ju`6`sq`1028`pan`1405`ibp`1`crf`8`sdy`0`h`24`iec`1`dft`5`ime`5`dmc`0`t`116`dn`1403`fn`1404`msz`30`24`0`c`0`pt`5`sp`s_2_1_5_0`dm`7`w`128`n`1406`pw`300`pat`Detail`ph`100`ju`6`sq`1997`ied`1`pan`5`ibp`1`crf`722`sdy`0`h`24`iec`1`dft`5`ime`5`dmc`0`t`102`dn`1406`fn`1407`msz`25`24`0`c`0`pt`5`sp`s_2_1_6_0`dm`7`w`128`n`1408`pw`300`pat`Detail`ph`100`ju`6`sq`1997`ied`1`pan`5`ibp`1`crf`722`sdy`0`h`24`iec`1`dft`5`ime`5`dmc`0`t`102`dn`1408`fn`1409`msz`25`1`0`cfm`0`DeleteRecord`IDS_SWE_DELETE_CONFIRM_WARNING`0`6`pcl`0`2`0`pc`0`allowPC`false`External Order #``2`0`pc`0`allowPC`false`Integration Message``2`0`pc`0`allowPC`false`Integration Status``2`0`pc`0`allowPC`false`Return Reason``2`0`pc`0`Sold To Address``allowPC`false`2`0`pc`0`allowPC`false`Sold To Site``0`1`nla`0`19`4`ai`3`S_A4`nfi`1`n`Order Entry - Line Item List Applet (Sales\) - Short`cud`3*3671*13*3651*13*3661*14*14781*14*14791*14*14801*14*14811*14*14821*13*5871*12*451*12*641*13*6351*13*5891*13*3161*13*6461*13*5901*13*1051*12*121*14*14831*14*14841*14*14851*14*13211*14*14861*13*7891*14*14871*14*14881*12*281*14*14891*13*3061*12*401*12*391*12*441*12*291*13*3071*12*271*12*311*13*5911*13*4961*14*14641*04*13281*04*14901*04*14911*04*11951*03*8911*04*13921*03*1391*03*6511*04*14921*03*1411*04*14931*04*14941*03*1351*03*1341*04*14951*04*14961*03*1451*04*14971*03*1211*04*14981*04*14991*04*15001*04*15011*04*15021*04*11141*04*15031*04*15041*04*15051*04*15061*04*13261*03*1531*04*15071*04*15081*04*15091*04*15101*04*15111*04*15121*04*10211*04*15131*04*15141*04*15151*03*7621*04*15161*04*15171*04*15181*04*15191*04*15201*04*15211*04*15221*04*15231*03*6591*04*15241*04*15251*03*8241*04*15261*04*15271*04*15281*04*15291*03*8871*03*1401*04*15301*04*15311*04*15321*04*15331*04*13241*04*15341*04*15351*04*15361*04*15371*04*15381*04*15391*04*15401*03*1381*03*8881*04*15411*04*15421*04*15431*04*15441*04*15451*04*15461*04*15471*04*15481*04*15491*04*15501*04*15511*04*15521*03*1151*04*15531*04*15541*04*15551*04*15561*04*15571*04*15581*04*15591*03*8941*03*1481*04*15601*04*15611*04*15621*04*15631*04*15641*03*7511*0`cik`3*3641*14*14661*13*6991*14*14671*14*14131*04*14681*02*431*02*451*12*201*03*6351*14*14691*14*14701*04*13231*04*14711*13*7901*04*14721*14*14731*04*14611*14*14741*03*3061*02*401*02*391*02*441*12*291*03*3071*12*271*02*311*03*3101*02*211*02*221*12*231*12*241*12*251*02*261*02*281*12*301*02*321*02*331*02*341*02*351*02*361*12*371*02*381*02*411*02*421*02*461*12*471*02*481*02*491*02*501*02*511*02*521*02*531*02*541*12*551*04*13301*04*13311*04*14751*04*14761*04*14771*02*561*12*571*0`pf`VER_1.0_~0|Product|200~0|Quantity Requested|30~0|Net Price|100~0|Eligibility Status|100~1|Eligibility Comments|100~1|Extended Line Total|100~0|Product Deposit|100`shd`54*Order_Entry__Line_Item_List_Applet_Sales__Short_Applet88*srf1592409810_444/bscripts/all/applet_order_entry__line_item_list_applet_sales__short.js`rct`7`asq`5`ied`1`vrn`S_A4`tt`639`inu`0`hmn`1`rsp`false`bnr`0`iem``bci`S_BC4`hlc`3*a_41*11*2`i`4`0`8`cl`0`23`1`c`0`pt`5`sp`s_4_1_9_0`dm`7`w`0`n`45`pw`0`ph`0`ju`6`sq`6997`pan`5`mn`45`ibp`1`crf`8`sdy`0`h`0`iec`1`dft`5`ime`5`dmc`0`t`67`dn`392`fn`5`msz`32`14`0`imp`0`SWEField`s_4_1_9_0`SWENeedContext`true`SWER`65535`SWESP`false`SWERowIds`SWERowId0=3-61EV8AO3`SWEMethod`ExecuteQuery`SWECmd`InvokeMethod`SWEDIC`false`SWEReqRowId`0`SWEView`Sales Order-Browse Catalog Category Details View - Add to Cart`SWEC`55`SWEBID`-1`SRN`xK7T2pIB2ZOV15hwlQxQF5reKcoUB8VpMTZr7we8uAEb`SWEApplet`Order Entry - Line Item List Applet (Sales\) - Short`23`1`c`0`pt`5`sp`s_4_1_8_0`dm`7`w`0`n`587`pw`0`ph`0`ju`6`sq`6997`pan`5`mn`43`ibp`1`crf`8`sdy`0`h`0`iec`1`dft`5`ime`5`dmc`0`t`67`dn`393`fn`5`msz`32`14`0`imp`0`SWEField`s_4_1_8_0`SWENeedContext`true`SWER`65535`SWESP`false`SWERowIds`SWERowId0=3-61EV8AO3`SWEMethod`UndoQuery`SWECmd`InvokeMethod`SWEDIC`false`SWEReqRowId`0`SWEView`Sales Order-Browse Catalog Category Details View - Add to Cart`SWEC`55`SWEBID`-1`SRN`xK7T2pIB2ZOV15hwlQxQF5reKcoUB8VpMTZr7we8uAEb`SWEApplet`Order Entry - Line Item List Applet (Sales\) - Short`25`1`c`0`pt`5`sp`s_4_1_30_0`dm`7`w`0`n`39`eb`&lt;img src=\&quot;images/rcnv_prvset_1.gif\&quot; border=\&quot;0\&quot; space=\&quot;0\&quot; hspace=\&quot;0\&quot; alt=\&quot;Previous record set\&quot;  title=\&quot;Previous record set\&quot; &gt;`pw`0`db`&lt;img src=\&quot;images/rcnv_prvset_0.gif\&quot; border=\&quot;0\&quot; space=\&quot;0\&quot; hspace=\&quot;0\&quot; alt=\&quot;Previous record set\&quot;  title=\&quot;Previous record set\&quot; &gt;`ph`0`ju`6`sq`6997`pan`5`mn`39`ibp`1`crf`8`sdy`0`h`0`iec`1`dft`5`ime`5`dmc`0`t`67`dn`5`fn`5`msz`32`14`0`imp`0`SWEField`s_4_1_30_0`SWENeedContext`true`SWER`65535`SWESP`false`SWERowIds`SWERowId0=3-61EV8AO3`SWEMethod`GotoPreviousSet`SWECmd`InvokeMethod`SWEDIC`false`SWEReqRowId`0`SWEView`Sales Order-Browse Catalog Category Details View - Add to Cart`SWEC`55`SWEBID`-1`SRN`xK7T2pIB2ZOV15hwlQxQF5reKcoUB8VpMTZr7we8uAEb`SWEApplet`Order Entry - Line Item List Applet (Sales\) - Short`25`1`c`0`pt`5`sp`s_4_1_29_0`dm`7`w`0`n`40`eb`&lt;img src=\&quot;images/rcnv_nxtset_1.gif\&quot; border=\&quot;0\&quot; space=\&quot;0\&quot; hspace=\&quot;0\&quot; alt=\&quot;Next record set\&quot;  title=\&quot;Next record set\&quot; &gt;`pw`0`db`&lt;img src=\&quot;images/rcnv_nxtset_0.gif\&quot; border=\&quot;0\&quot; space=\&quot;0\&quot; hspace=\&quot;0\&quot; alt=\&quot;Next record set\&quot;  title=\&quot;Next record set\&quot; &gt;`ph`0`ju`6`sq`6997`pan`5`mn`40`ibp`1`crf`8`sdy`0`h`0`iec`1`dft`5`ime`5`dmc`0`t`67`dn`5`fn`5`msz`32`14`0`imp`0`SWEField`s_4_1_29_0`SWENeedContext`true`SWER`65535`SWESP`false`SWERowIds`SWERowId0=3-61EV8AO3`SWEMethod`GotoNextSet`SWECmd`InvokeMethod`SWEDIC`false`SWEReqRowId`0`SWEView`Sales Order-Browse Catalog Category Details View - Add to Cart`SWEC`55`SWEBID`-1`SRN`xK7T2pIB2ZOV15hwlQxQF5reKcoUB8VpMTZr7we8uAEb`SWEApplet`Order Entry - Line Item List Applet (Sales\) - Short`23`1`c`0`pt`5`sp`s_4_1_10_0`dm`7`w`0`n`64`pw`0`ph`0`ju`6`sq`6997`pan`5`mn`20`ibp`1`crf`8`sdy`0`h`0`iec`1`dft`5`ime`5`dmc`0`t`67`dn`652`fn`5`msz`32`18`0`imp`0`SWEField`s_4_1_10_0`SWENeedContext`true`SWER`65535`SWESP`true`SWERowIds`SWERowId0=3-61EV8AO3`SWEMethod`ShowQueryAssistant`SWECmd`InvokeMethod`SWEH`100`SWEDIC`true`SWEReqRowId`0`SWEView`Sales Order-Browse Catalog Category Details View - Add to Cart`SWEC`55`SWEW`300`SWEM`Edit`SWEBID`-1`SRN`xK7T2pIB2ZOV15hwlQxQF5reKcoUB8VpMTZr7we8uAEb`SWETA`Query Assistant`SWEApplet`Order Entry - Line Item List Applet (Sales\) - Short`23`1`c`0`pt`5`sp`s_4_1_26_0`dm`7`w`0`n`28`pw`0`ph`0`ju`6`sq`6997`pan`5`mn`1461`ibp`1`crf`8`sdy`0`h`0`iec`1`dft`5`ime`5`dmc`0`t`67`dn`531`fn`5`msz`32`14`0`imp`0`SWEField`s_4_1_26_0`SWENeedContext`true`SWER`65535`SWESP`false`SWERowIds`SWERowId0=3-61EV8AO3`SWEMethod`BTDeleteLineItem`SWECmd`InvokeMethod`SWEDIC`false`SWEReqRowId`0`SWEView`Sales Order-Browse Catalog Category Details View - Add to Cart`SWEC`55`SWEBID`-1`SRN`xK7T2pIB2ZOV15hwlQxQF5reKcoUB8VpMTZr7we8uAEb`SWEApplet`Order Entry - Line Item List Applet (Sales\) - Short`25`1`c`0`pt`5`sp`s_4_1_36_0`dm`7`w`0`n`591`eb`&lt;img src=\&quot;images/row_off_d.gif\&quot; border=\&quot;0\&quot; space=\&quot;0\&quot; hspace=\&quot;0\&quot; alt=\&quot;Select record\&quot;  title=\&quot;Select record\&quot; &gt;`pw`0`db`&lt;img src=\&quot;images/row_on_d.gif\&quot; border=\&quot;0\&quot; space=\&quot;0\&quot; hspace=\&quot;0\&quot; alt=\&quot;Record selected\&quot;  title=\&quot;Record selected\&quot; &gt;`ph`0`ju`6`sq`6997`pan`5`mn`310`ibp`1`crf`8`sdy`0`h`0`iec`1`dft`5`ime`5`dmc`0`t`67`dn`5`fn`5`msz`32`14`0`imp`0`SWEField`s_4_1_36_0`SWENeedContext`true`SWER`65535`SWESP`false`SWERowIds`SWERowId0=3-61EV8AO3`SWEMethod`PositionOnRow`SWECmd`InvokeMethod`SWEDIC`false`SWEReqRowId`0`SWEView`Sales Order-Browse Catalog Category Details View - Add to Cart`SWEC`55`SWEBID`-1`SRN`xK7T2pIB2ZOV15hwlQxQF5reKcoUB8VpMTZr7we8uAEb`SWEApplet`Order Entry - Line Item List Applet (Sales\) - Short`25`1`c`0`pt`5`sp`s_4_1_11_0`dm`7`w`0`n`635`eb`&lt;img src=\&quot;images/btn_more.gif\&quot; border=\&quot;0\&quot; space=\&quot;0\&quot; hspace=\&quot;0\&quot; alt=\&quot;Show more\&quot;  title=\&quot;Show more\&quot; &gt;`pw`0`ph`0`ju`6`sq`6997`pan`5`icm`635`mn`635`ibp`1`crf`8`sdy`0`h`0`iec`1`dft`5`ime`5`dmc`0`t`10`dn`5`fn`5`msz`32`14`0`imp`0`SWEField`s_4_1_11_0`SWENeedContext`true`SWER`65535`SWESP`false`SWERowIds`SWERowId0=3-61EV8AO3`SWEMethod`ToggleListRowCount`SWECmd`InvokeMethod`SWEDIC`false`SWEReqRowId`0`SWEView`Sales Order-Browse Catalog Category Details View - Add to Cart`SWEC`55`SWEBID`-1`SRN`xK7T2pIB2ZOV15hwlQxQF5reKcoUB8VpMTZr7we8uAEb`SWEApplet`Order Entry - Line Item List Applet (Sales\) - Short`1`0`cfm`0`DeleteRecord`IDS_SWE_DELETE_CONFIRM_WARNING`0`5`col`0`27`0`co`0`pt`5`sp`s_4_2_98_`dm`5`w`200`csq`1`n`140`pw`300`pat`Pick`ist`1`ph`100`ju`6`sq`6997`ied`1`pan`5`ibp`1`crf`8`sdy`0`h`0`iec`1`dft`5`cix`0`ime`5`dmc`0`t`4`dn`140`fn`140`msz`100`24`0`co`0`pt`5`sp`s_4_2_103_`dm`5`w`30`n`1324`pw`0`ist`1`ph`0`ju`103`sq`6997`pan`5`ibp`1`crf`8`sdy`0`h`0`iec`1`dft`5`cix`1`ime`5`dmc`0`t`735`dn`1325`fn`1324`msz`16`23`0`co`0`pt`5`sp`s_4_2_39_`dm`7`w`100`n`1328`pw`0`ph`0`ju`6`sq`6997`pan`5`ibp`1`crf`722`sdy`0`h`0`iec`1`dft`5`cix`2`ime`5`dmc`0`t`4`dn`1329`fn`1462`msz`25`25`0`co`0`pt`5`sp`s_4_2_68_`dm`7`w`100`csq`1`n`1326`pw`0`ist`1`ph`0`ju`6`sq`6997`pan`5`ibp`1`crf`8`sdy`0`h`0`iec`1`dft`5`cix`3`ime`5`dmc`0`t`4`dn`1463`fn`1326`msz`30`24`0`co`0`pt`5`sp`s_4_2_38_`dm`7`w`100`n`1464`pw`0`ist`1`ph`0`ju`6`sq`6997`pan`5`ibp`1`crf`8`sdy`0`h`0`iec`1`dft`5`cix`4`ime`5`dmc`0`t`4`dn`1464`fn`1465`msz`18`0`2`pcl`0`2`0`pc`0`allowPC`false`QueryComboBox``2`0`pc`0`allowPC`false`QuerySrchSpec``0`1`nla`0`18`4`ai`3`S_A6`cdfe`ProdSelectionCC`nfi`1`n`Sales Order Catalog Product Catalog SubCategory List Applet`cud`4*13371*12*641*13*1051*12*121*14*16351*02*991*03*6531*04*16431*04*16441*03*1211*04*16451*03*8431*04*16461*04*16471*0`cik`2*201*02*211*02*221*12*231*12*241*12*251*02*261*02*271*02*281*02*291*02*301*02*311*02*321*02*331*02*341*02*351*02*361*12*371*02*381*02*391*02*401*02*411*02*421*02*431*02*441*12*451*12*461*12*471*02*481*02*491*02*501*02*511*02*521*02*531*02*541*12*551*02*561*12*571*0`pf`VER_1.0_~0|Display Name|100`rct`40`asq`3`vrn`S_A6`tt`1611`inu`0`hmn`1`rsp`false`bnr`0`iem``bci`S_BC6`hlc`3*a_61*11*2`i`6`0`1`cl`0`4`1`cc`0`sp`s_6_1_0_0`n`1337`t`1336`fn`5`0`2`cc`0`2`0`SpanInnerHTML`0`HTML_SPAN_ID`PRODUCT_SELECTION_Sales Order Catalog Product Catalog SubCategory List Applet`HTML_SRC`&lt;a id=\&quot;SWETopHidden6\&quot; href=\&quot;javascript:void(0\);\&quot; tabindex=\&quot;4000\&quot; title=\&quot;Not Used\&quot;&gt;\&lt;\/a&gt;&lt;table datatable=\&quot;0\&quot; summary=\&quot;\&quot; cellpadding=\&quot;0\&quot; cellspacing=\&quot;0\&quot; border=\&quot;0\&quot;&gt;&lt;tr&gt;&lt;td&gt;&lt;img src=\&quot;images/spacer.gif\&quot; width=\&quot;1\&quot; height=\&quot;3\&quot; alt=\&quot;\&quot;&gt;\&lt;\/td&gt;\&lt;\/tr&gt;\&lt;\/table&gt;&lt;span class=\&quot;AppletStyle6\&quot;&gt;&lt;form name=\&quot;SWEForm6_0\&quot; method=\&quot;post\&quot; action=\&quot;/ecommunications_enu_nsm_aps05524a027/start.swe\&quot; &gt;\n&lt;table width=\&quot;100%\&quot; cellpadding=\&quot;0\&quot; cellspacing=\&quot;0\&quot; border=\&quot;0\&quot; align=\&quot;center\&quot; class=\&quot;AppletBack\&quot; datatable=\&quot;0\&quot; summary=\&quot;\&quot;&gt;&lt;tr&gt;&lt;td class = \&quot;AppletHIListBorder\&quot;&gt;&lt;table datatable=\&quot;0\&quot; summary=\&quot;\&quot; width=\&quot;100%\&quot; cellpadding=\&quot;1\&quot; cellspacing=\&quot;0\&quot; border=\&quot;0\&quot; align=\&quot;center\&quot;&gt;&lt;tr&gt;&lt;td class=\&quot;AppletBorder\&quot;&gt;&lt;table datatable=\&quot;0\&quot; summary=\&quot;\&quot; class=\&quot;AppletBack\&quot; valign=\&quot;top\&quot; width=\&quot;100%\&quot; cellpadding=\&quot;3\&quot; cellspacing=\&quot;0\&quot; border=\&quot;0\&quot;&gt;&lt;tr valign=\&quot;top\&quot;&gt;&lt;td&gt;\&lt;\/td&gt;\&lt;\/tr&gt;\&lt;\/table&gt;\&lt;\/td&gt;\&lt;\/tr&gt;\&lt;\/table&gt;\&lt;\/td&gt;\&lt;\/tr&gt;\&lt;\/table&gt;&lt;span id=\&apos;s_2\&apos;&gt;\&lt;\/span&gt;\&lt;\/form&gt;\n\&lt;\/span&gt;&lt;a id=\&quot;SWEEndAppletStartAnchor_6\&quot; href=\&quot;javascript:void(0\);\&quot; tabindex=\&quot;4999\&quot;&gt;\&lt;\/a&gt;&lt;a id=\&quot;SWEEndAppletEndAnchor_6\&quot; href=\&quot;javascript:void(0\);\&quot; tabindex=\&quot;4999\&quot; onfocus=\&quot;document.getElementById(\&apos;SWEEndAppletStartAnchor_6\&apos;\).focus(\);\&quot;&gt;\&lt;\/a&gt;`0`0`AppletRowData`0`1`0`cfm`0`DeleteRecord`IDS_SWE_DELETE_CONFIRM_WARNING`0`1`col`0`25`0`co`0`pt`5`sp`s_6_2_6_`dm`5`w`100`csq`1`n`653`pw`0`ist`1`ph`0`ju`6`sq`4997`pan`5`ibp`1`crf`8`sdy`0`h`0`iec`1`dft`5`cix`0`ime`5`dmc`0`t`4`dn`653`fn`653`msz`100`0`1`pcl`0`2`0`pc`0`allowPC`false`ProdSelectionCC``0`1`na`0`15`2`ai`3`S_A5`nfi`1`n`Quote Catalog Product Catalog Category Form Applet`cud`4*16241*12*641*12*121*14*18981*03*1211*04*18991*14*19001*1`cik`2*201*02*211*12*221*12*231*12*241*12*251*02*261*02*271*02*281*02*291*12*301*12*311*12*321*02*331*12*341*02*351*02*361*02*371*02*381*12*391*02*401*12*411*02*421*12*431*02*441*12*451*12*461*12*471*12*481*02*491*02*501*02*511*02*521*02*531*02*541*12*551*12*561*02*571*1`asq`2`vrn`S_A5`tt`1651`inu`0`hmn`1`rsp`false`bnr`0`iem``bci`S_BC5`hlc`3*a_51*11*2`i`5`0`1`cl`0`23`0`c`0`pt`5`sp`s_5_1_3_0`dm`5`w`0`csq`1`n`1898`pw`0`ph`0`ju`6`sq`3997`pan`5`ibp`1`crf`8`sdy`0`h`0`iec`1`dft`5`ime`5`dmc`0`t`4`dn`5`fn`653`msz`100`1`0`cfm`0`DeleteRecord`IDS_SWE_DELETE_CONFIRM_WARNING`0`1`na`0`15`3`ai`3`S_A7`nfi`1`n`COM ActiveX Placeholder Applet - Sales Order`cud`3*1831*03*8921*04*16111*12*281*13*3061*12*451*12*401*12*391*12*441*12*291*13*3101*12*641*12*431*12*271*12*311*14*18651*1`cik`4*18661*02*281*03*3061*02*451*12*401*02*391*02*441*12*291*03*3101*02*201*02*431*02*271*02*311*02*211*02*221*12*231*12*241*12*251*02*261*02*301*02*321*02*331*12*341*02*351*02*361*02*371*02*381*02*411*02*421*02*461*12*471*02*481*02*491*02*501*02*511*02*521*02*531*02*541*12*551*02*561*12*571*0`asq`1`vrn`S_A7`tt`1864`inu`0`hmn`1`rsp`false`bnr`0`iem``bci`S_BC7`hlc`3*a_71*11*2`i`7`0`1`cl`0`4`1`cc`0`sp`s_7_1_15_0`n`1865`t`1336`fn`5`8`0`cc`0`norecord`No records found.`enableCatalogDrillDown`Y`PreSel``expandedState`N`tooltipExpanded`Navigate Dynamic Catalog`AddItem`Add Item`captionExpanded`Navigator`home`Home`1`0`cfm`0`DeleteRecord`IDS_SWE_DELETE_CONFIRM_WARNING`0`1`pcl`0`2`0`pc`0`allowPC`false`HTML Navigator Control``1`0`aa`0`n`COM ActiveX Placeholder Applet - Sales Order`0`6`nci`0`1`0`SI`0`SX`7`0`46`PI`0`1`0`II`0`CP` All Orders`1`0`II`0`CP` All Orders this Week`1`0`II`0`CP`*Pending Manager Approval`1`0`II`0`CP`1MB - Cancelled Orders`1`0`II`0`CP`1MB - Completed Orders`1`0`II`0`CP`1MB - Failed Submission Orders`1`0`II`0`CP`1MB - Orders Since Yesterday`1`0`II`0`CP`1MB - Pending Orders`1`0`II`0`CP`1MB - Pending Orders Since Yesterday`1`0`II`0`CP`All  Sales Orders`1`0`II`0`CP`All Orders Today`1`0`II`0`CP`My Team\&apos;s Quote\&apos;s`1`0`II`0`CP`Number of Open Orders`1`0`II`0`CP`OPEN MANUAL SUBMISSION`1`0`II`0`CP`Open Sales Orders`1`0`II`0`CP`Open and Billing Setup Completed for &gt; 5Hrs`1`0`II`0`CP`Open and Billing Setup Completed for more than 5Hrs`1`0`II`0`CP`Open and Customer Setup Completed for &gt;5Hrs`1`0`II`0`CP`Open and Customer Setup Completed for more than 5Hrs`1`0`II`0`CP`Open and Submitted to OFS for &gt; 5Hrs`1`0`II`0`CP`Open and Submitted to OFS for more than 5Hrs`1`0`II`0`CP`Open_ActivationSubmitted&gt;5hours`1`0`II`0`CP`Open_ActivationonNetwork&gt;30min`1`0`II`0`CP`Open_AssetsetuponBilling&gt;30min`1`0`II`0`CP`Open_BillingSetupComplete&gt;30min`1`0`II`0`CP`Open_CustomerSetupComplete&gt;30min`1`0`II`0`CP`Open_SubmittedDispatchers&gt;3days at weekend`1`0`II`0`CP`Open_SubmittedtoProtect&gt;3days at weekend`1`0`II`0`CP`Orders with Credit Assignment Crediting Errors`1`0`II`0`CP`Orders with Credit Assignment System Errors`1`0`II`0`CP`PENDING AWAIT CUST OVER 30 DAYS`1`0`II`0`CP`PENDING AWAITING CUSTOMER`1`0`II`0`CP`PENDING CREDIT REFERRAL`1`0`II`0`CP`PENDING CREDIT REFERRAL TEMP`1`0`II`0`CP`PENDING CREDIT REFERRAL WEB`1`0`II`0`CP`PENDING_AWAITING_CUSTOMER`1`0`II`0`CP`PENDING_AWAITING_CUSTOMER_&gt;30DAY`1`0`II`0`CP`PENDING_CREDIT_REFERRAL`1`0`II`0`CP`Pending_Fulfillmentorder_14 Days`1`0`II`0`CP`Pending_Fulfillmentorders_21days`1`0`II`0`CP`Pending_Fulfillmentorders_7days`1`0`II`0`CP`Pending_Validated_&gt;1 hour`1`0`II`0`CP`REFERRAL DECISION MADE`1`0`II`0`CP`REFERRAL DECISION MADE TEMP`1`0`II`0`CP`REFERRAL_DECISION_MADE`1`0`II`0`CP`SWLS`0`2`VI`0`2`0`II`0`CP`1576`VN`1575`2`0`II`0`CP`1578`VN`1577`1`1`AI`0`SX`0`2`0`II`0`CP`105`VN`1575`1`17`DI`0`SX`0`2`0`II`0`CP`1580`VN`1579`2`0`II`0`CP`639`VN`1581`2`0`II`0`CP`1583`VN`1582`2`0`II`0`CP`1585`VN`1584`2`0`II`0`CP`1064`VN`1586`2`0`II`0`CP`1588`VN`1587`2`0`II`0`CP`1590`VN`1589`2`0`II`0`CP`1592`VN`1591`2`0`II`0`CP`1594`VN`1593`2`0`II`0`CP`1596`VN`1595`2`0`II`0`CP`1598`VN`1597`2`0`II`0`CP`1600`VN`1599`2`0`II`0`CP`1602`VN`1601`2`0`II`0`CP`1604`VN`1603`2`0`II`0`CP`1606`VN`1605`2`0`II`0`CP`1608`VN`1607`2`0`II`0`CP`1610`VN`1609`0`3`SDI`0`2`0`II`0`CP`1611`VN`1579`2`0`II`0`CP`228`VN`1612`2`0`II`0`CP`1565`VN`1613`2`0`hui`0`n`Category: Universal Offers`hnact`top._swe._sweapp.S_App.GotoView(&amp;quot;Sales Order-Browse Catalog Category Details View - Add to Cart&amp;quot;, &amp;quot;&amp;quot;, &amp;quot;/ecommunications_enu_nsm_aps05524a027/start.swe?SWENeedContext=false&amp;amp;SWECmd=GotoBookmarkView&amp;amp;SWEBMC=55&amp;amp;SWEC=55&amp;amp;SRN=xK7T2pIB2ZOV15hwlQxQF5reKcoUB8VpMTZr7we8uAEb&amp;quot;, top._sweclient._swecontent._sweview\)`1`6`Command Manager`0`RefreshToolbar`true`7`0`StateToolBar`0`#35`true`#36`true`#17`true`#34`true`#8`false`#37`true`#38`true`0`1`StateExToolBar`0`1`0`#35`0`Checked`false`0`3`FlagsToolBar`0`3`0`#8`0`SWESP`true`SWEH`0`SWEW`0`3`0`#34`0`SWESP`true`SWEH`600`SWEW`800`3`0`#36`0`SWESP`true`SWEH`20`SWEW`380`3`0`State`0`#27`false`#26`false`#28`false`0`3`StateEx`0`0`0`#26`0`0`0`#27`0`1`0`#28`0`Checked`false`0`0`Flags`0`&quot;);

}
&lt;/script&gt;&lt;/body&gt;&lt;/html&gt;
</responseData>
  <responseFile class="java.lang.String"></responseFile>
  <cookies class="java.lang.String">_sn=GXmoeGkdwh1O45lrH7mMIZnLMWvqHkVWiQKqDOICOq1fi95anXYMaCRAX879ujDRD9kS4J75N4kGDX576Q2AKmwZPUBih-4NS80Pc1189OxasEbdAsHiEtIhcnCzZ0zWb5V6QpVraL0TTGU4ktkGZq374g8C0pUBRhKVASKeW21TgUW5eIkswq97I-.qG-kr; _srn=_srn; SWEUAID=SWEUAID</cookies>
  <method class="java.lang.String">GET</method>
  <queryString class="java.lang.String"></queryString>
  <java.net.URL>http://localhost:8080/ecommunications_enu_nsm_aps05524a027/start.swe?SWERowId=1-2NY1OVU&amp;SWEField=s_6_2_6_0&amp;SWERowIds=SWERowId0%3D1-ZOIRIS%2CSWERowId1%3D1-2NY1OVT%2CSWERowId2%3D1-2NY1OVU&amp;SWENeedContext=true&amp;SWESP=false&amp;SWEMethod=Drilldown&amp;SWECmd=InvokeMethod&amp;SWEVI=&amp;SWEPOC=&amp;SWETargetView=&amp;SWEDIC=false&amp;SWEReqRowId=1&amp;SWEView=Sales+Order-Browse+Catalog+Category+Details+View+-+Add+to+Cart&amp;SWETVI=&amp;SWEC=52&amp;SWEM=&amp;SWEBID=-1&amp;SWESPa=&amp;SRN=xK7T2pIB2ZOV15hwlQxQF5reKcoUB8VpMTZr7we8uAEb&amp;SWEContainer=&amp;SWETS=&amp;SWETA=&amp;SWEApplet=Sales+Order+Catalog+Product+Catalog+SubCategory+List+Applet&amp;SWETS={{\d+}}&amp;SWEC=-1</java.net.URL>
</httpSample>
<httpSample t="{{\d+}}" it="0" lt="{{\d+}}" ct="{{\d+}}" ts="{{\d+}}" s="true" lb="{{\d+}} /ecommunications_enu_nsm_aps05524a027/start.swe" rc="200" rm="OK" tn="Thread Group 1-1" dt="text" de="utf-8" by="4092" sby="1208" sc="1" ec="0" ng="1" na="1" hn="{{.*?}}">
  <responseHeader class="java.lang.String">HTTP/1.1 200 OK
Connection: close
Server: Oracle-iPlanet-Web-Server/7.0
Date: Tue, 23 Jun 2020 13:03:38 GMT
Content-Language: en
Cache-Control: no-cache
Content-Type: text/html;charset=utf-8
Matched-Stub-Id: {{\w+-\w+-\w+-\w+-\w+}}
Vary: Accept-Encoding, User-Agent
Content-Encoding: gzip
</responseHeader>
  <requestHeader class="java.lang.String">Connection: close
Referer: http://localhost:8080/ecommunications_enu_nsm_aps05524a027/start.swe?SWENeedContext=false&amp;SWECmd=GetCachedFrame&amp;SWEACn=23534&amp;SWEC=3&amp;SWEFrame=top._sweclient._swecontent._sweview&amp;SWEBID=-1&amp;SRN=xK7T2pIB2ZOV15hwlQxQF5reKcoUB8VpMTZr7we8uAEb&amp;SWETS=
Accept-Language: en-GB
DNT: 1
Accept-Encoding: gzip, deflate
Accept: image/jpeg, application/x-ms-application, image/gif, application/xaml+xml, image/pjpeg, application/x-ms-xbap, */*
User-Agent: Mozilla/4.0 (compatible; MSIE 7.0; Windows NT 6.3; WOW64; Trident/7.0; .NET4.0E; .NET4.0C; .NET CLR 3.5.30729; .NET CLR 2.0.50727; .NET CLR 3.0.30729)
Host: localhost:8080
</requestHeader>
  <responseData class="java.lang.String">&lt;HTML &gt;&lt;head&gt;&lt;meta HTTP-EQUIV=&quot;Pragma&quot; CONTENT=&quot;no-cache&quot;&gt;
&lt;title&gt;Category&lt;/title&gt;&lt;link href=&quot;files/main.css&quot; rel=&quot;stylesheet&quot;/&gt;
&lt;script language=&quot;javascript&quot; src=&quot;23048/scripts/swecommon.js&quot;&gt;&lt;/script&gt; 
&lt;script language=&quot;javascript&quot; src=&quot;23048/scripts/swecmn_hi.js&quot;&gt;&lt;/script&gt; 
&lt;/head&gt;&lt;body leftmargin=&quot;8&quot; topmargin=&quot;2&quot; marginwidth=&quot;20&quot; marginheight=&quot;2&quot; class=&quot;ScreenBack&quot;&gt;&lt;script&gt;
if(typeof(top._swescript)!=&apos;undefined&apos;&amp;&amp;top._swescript!=null) top._swescript.InitFrame(this);&lt;/script&gt;
&lt;table datatable=&quot;0&quot; summary=&quot;&quot; border=&quot;0&quot; cellspacing=&quot;0&quot; cellpadding=&quot;1&quot; width=&quot;100%&quot;&gt;&lt;tr&gt;&lt;/tr&gt;&lt;/table&gt;&lt;a name=&quot;SWEApplet2&quot; id=&quot;SWEApplet2&quot; href=&quot;#SWEApplet2&quot; title=&quot;Sales Order&quot;&gt;&lt;/a&gt;
&lt;div id=&apos;s_S_A2_div&apos;oncontextmenu=&apos;HandleContextMenu(&quot;Catalog Order Header Form Applet&quot;)&apos; onclick=&apos;HandleAppletClick(&quot;Catalog Order Header Form Applet&quot;)&apos;&gt;
&lt;a id=&quot;SWETopHidden2&quot; href=&quot;javascript:void(0);&quot; tabindex=&quot;1000&quot;&gt;&lt;/a&gt;&lt;table datatable=&quot;0&quot; summary=&quot;&quot; cellpadding=&quot;0&quot; cellspacing=&quot;0&quot; border=&quot;0&quot;&gt;&lt;tr&gt;&lt;td&gt;&lt;img src=&quot;images/spacer.gif&quot; width=&quot;1&quot; height=&quot;3&quot; alt=&quot;&quot;&gt;&lt;/td&gt;&lt;/tr&gt;&lt;/table&gt;&lt;form name=&quot;SWEForm2_0&quot; method=&quot;post&quot; action=&quot;/ecommunications_enu_nsm_aps05524a027/start.swe&quot; onSubmit=&quot;return false;&quot; &gt;
&lt;div class=&quot;NotSelected&quot; id=&quot;a_2&quot;&gt;&lt;table datatable=&quot;0&quot; summary=&quot;&quot; width=&quot;100%&quot; cellpadding=&quot;0&quot; cellspacing=&quot;0&quot; border=&quot;0&quot; align=&quot;center&quot; class=&quot;AppletBack&quot;&gt;&lt;tr&gt;&lt;td class=&quot;AppletHIFormBorder&quot;&gt;&lt;span class=&quot;AppletStyleParent77&quot;&gt;&lt;table datatable=&quot;0&quot; summary=&quot;&quot; width=&quot;100%&quot; cellspacing=&quot;0&quot; cellpadding=&quot;2&quot; border=&quot;0&quot; align=&quot;center&quot;&gt;&lt;tr class=&quot;AppletButtons&quot;&gt;&lt;td nowrap width=&quot;100%&quot; class=&quot;AppletTitle&quot;&gt;&amp;nbsp;&lt;span id=s_2_1_36_0&gt;&amp;nbsp;&lt;/span&gt;&lt;div style=&apos;display:none;&apos;&gt;Sales Order&lt;/div&gt;&lt;/td&gt;&lt;td nowrap valign=&quot;absmiddle&quot; class=&quot;legend&quot;&gt;&lt;/td&gt;&lt;td width=&quot;100%&quot;&gt;&amp;nbsp;&lt;img src=&quot;images/btn_div_gray.gif&quot; height=&quot;13&quot; align=&quot;middle&quot; alt=&quot;&quot;&gt;&amp;nbsp;&lt;/td&gt;&lt;td valign=&quot;middle&quot; nowrap&gt;&lt;span id=&apos;SWEApplet2_ctrlmsg&apos;&gt;&lt;/span&gt;&lt;/td&gt;&lt;td class=&quot;AppletTitle&quot; valign=&quot;middle&quot; nowrap&gt;&lt;span id=s_2_1_91_0&gt;&amp;nbsp;&lt;/span&gt;&lt;/td&gt;&lt;td class=&quot;AppletTitle&quot; valign=&quot;middle&quot; nowrap&gt;&amp;nbsp;&lt;span id=s_2_rc&gt;&lt;/span&gt;&amp;nbsp;&lt;/td&gt;&lt;td class=&quot;AppletTitle&quot; valign=&quot;middle&quot; nowrap&gt;&lt;span id=s_2_1_90_0&gt;&amp;nbsp;&lt;/span&gt;&lt;/td&gt;&lt;td&gt;&amp;nbsp;&lt;/td&gt;&lt;td class=&quot;AppletTitle&quot; valign=&quot;middle&quot;&gt;&lt;img src=&quot;images/btn_div.gif&quot; height=&quot;13&quot; align=&quot;middle&quot; alt=&quot;&quot;&gt;&lt;/td&gt;&lt;td&gt;&amp;nbsp;&lt;/td&gt;&lt;td valign=&quot;middle&quot; nowrap&gt;&lt;span id=s_2_1_54_0&gt;&amp;nbsp;&lt;/span&gt;&lt;/td&gt;&lt;td valign=&quot;top&quot; align=&quot;right&quot;&gt;&lt;/td&gt;&lt;/tr&gt;&lt;/table&gt;&lt;table datatable=&quot;0&quot; summary=&quot;&quot; class=&quot;AppletBackTable&quot; width=&quot;100%&quot; cellspacing=&quot;0&quot; cellpadding=&quot;2&quot; align=&quot;center&quot;&gt;&lt;tr class=&quot;AppletBack&quot; align=&quot;left&quot;&gt;&lt;td nowrap class=&quot;AppletMenu&quot;&gt;&lt;span class=&quot;miniBtnUICTop&quot;&gt;&lt;span class=&quot;miniBtnUIC&quot;&gt;&lt;a id=&apos;s_at_m_2&apos; href=&quot;javascript:void(0)&quot; onclick=&quot;window.event.cancelBubble=true; _JMenu_Initialize(this, &apos;Catalog Order Header Form Applet&apos;, &apos;Applet&apos;, s_at_m_2Ax, 0, false); return false;&quot; onmouseover=&quot;MinibtnHover(this.parentNode)&quot; onmouseout=&quot;MinibtnOut(this.parentNode)&quot; onmousedown=&quot;MinibtnDown(this.parentNode)&quot; onmouseup=&quot;MinibtnUp(this.parentNode)&quot; &gt;Menu&amp;nbsp;&lt;img border=&quot;0&quot; src=&quot;images/img_arrow.gif&quot; align=&quot;center&quot;&gt;&lt;/a&gt;&lt;/span&gt;&lt;/span&gt;&lt;object id= &quot;s_at_m_2Ax&quot; CLASSID=&quot;CLSID:9174862b-ac3b-4f9f-abc9-a0a3c9fd95d4&quot; codebase=&quot;23048/applets/SiebelAx_HI_Client.cab&quot; width=0 height = 0&gt;&lt;/object&gt;&lt;/td&gt;&lt;td&gt;&lt;img height=1 alt=&quot;&quot; src=&quot;images/spacer.gif&quot; width=4&gt;&lt;/td&gt;&lt;td&gt;&lt;img src=&quot;images/btn_div_gray.gif&quot; height=&quot;13&quot; align=&quot;middle&quot; alt=&quot;&quot;&gt;&lt;/td&gt;&lt;td&gt;&lt;img src=&quot;images/spacer.gif&quot; width=&quot;4&quot; height=&quot;1&quot; alt=&quot;&quot;&gt;&lt;/td&gt;&lt;td nowrap&gt;&lt;span id=s_2_1_26_0&gt;&amp;nbsp;&lt;/span&gt;&lt;/td&gt;&lt;td nowrap&gt;&lt;span id=s_2_1_21_0&gt;&amp;nbsp;&lt;/span&gt;&lt;/td&gt;&lt;td nowrap&gt;&lt;span id=s_2_1_45_0&gt;&amp;nbsp;&lt;/span&gt;&lt;/td&gt;&lt;td nowrap&gt;&lt;span id=s_2_1_15_0&gt;&amp;nbsp;&lt;/span&gt;&lt;/td&gt;&lt;td nowrap&gt;&lt;span id=s_2_1_16_0&gt;&amp;nbsp;&lt;/span&gt;&lt;/td&gt;&lt;td&gt;&lt;table datatable=&quot;0&quot; summary=&quot;&quot; width=&quot;100%&quot; valign=&quot;top&quot; align=&quot;center&quot; cellpadding=&apos;0&apos; cellspacing=&apos;0&apos; border=&apos;0&apos;&gt;&lt;/table&gt;&lt;/td&gt;&lt;td class=&quot;mceGridLabel&quot; align=&quot;left&quot; width=&quot;100%&quot; nowrap&gt;&amp;nbsp;&lt;b&gt;&lt;span id=2_msg&gt;&lt;/span&gt;&lt;/b&gt;&lt;/td&gt;&lt;/tr&gt;&lt;/table&gt;&lt;table datatable=&quot;0&quot; summary=&quot;&quot; class=&quot;AppletBackTable&quot; width=&quot;100%&quot; cellspacing=&quot;0&quot; cellpadding=&quot;0&quot; align=&quot;center&quot;&gt;&lt;tr class=&quot;AppletBack&quot;&gt;&lt;td class=&quot;AppletBack&quot;&gt;&lt;img src=&quot;images/spacer.gif&quot; height=&quot;1&quot; width=&quot;1&quot; alt=&quot;&quot;&gt;&lt;/td&gt;&lt;td class=&quot;AppletBlank&quot; width=&quot;100%&quot;&gt;&lt;img src=&quot;images/spacer.gif&quot; height=&quot;1&quot; width=&quot;1&quot; alt=&quot;&quot;&gt;&lt;/td&gt;&lt;/tr&gt;&lt;/table&gt;&lt;span id=2_c_err style=&quot;display: none;&quot;&gt;&lt;table datatable=&quot;0&quot; summary=&quot;&quot; class=&quot;AppletBack&quot; width=&quot;100%&quot; cellpadding=&quot;0&quot; cellspacing=&quot;5&quot; border=&quot;0&quot;&gt;&lt;tr&gt;&lt;td class=&quot;error&quot;&gt;&lt;/td&gt;&lt;/tr&gt;&lt;/table&gt;&lt;/span&gt;&lt;div class=&quot;NotSelected&quot; id=&quot;a_2&quot;&gt;&lt;div align=left style=&quot;width:100%;&quot; class=&quot;GridBorder&quot;&gt;&lt;table class=&quot;GridBack&quot; border=0 cellspacing=0 cellpadding=0&gt;&lt;tr&gt;&lt;td&gt;&lt;/td&gt;&lt;td style=&quot;width:8px;&quot;&gt;&lt;/td&gt;&lt;td style=&quot;width:120px;&quot;&gt;&lt;/td&gt;&lt;td style=&quot;width:128px;&quot;&gt;&lt;/td&gt;&lt;td style=&quot;width:8px;&quot;&gt;&lt;/td&gt;&lt;td style=&quot;width:120px;&quot;&gt;&lt;/td&gt;&lt;td style=&quot;width:128px;&quot;&gt;&lt;/td&gt;&lt;td style=&quot;width:8px;&quot;&gt;&lt;/td&gt;&lt;td style=&quot;width:120px;&quot;&gt;&lt;/td&gt;&lt;td style=&quot;width:128px;&quot;&gt;&lt;/td&gt;&lt;td style=&quot;width:8px;&quot;&gt;&lt;/td&gt;&lt;td style=&quot;width:120px;&quot;&gt;&lt;/td&gt;&lt;td style=&quot;width:128px;&quot;&gt;&lt;/td&gt;&lt;/tr&gt;&lt;tr&gt;&lt;td style=&quot;height:8;&quot;&gt;&lt;/td&gt;&lt;td rowSpan=1 colSpan=12&gt;&lt;/td&gt;&lt;/tr&gt;&lt;tr&gt;&lt;td style=&quot;height:24;&quot;&gt;&lt;/td&gt;&lt;td nowrap valign=middle colSpan=2 rowSpan=1&gt;&lt;div class=&quot;mceGridLabel&quot; align=&quot;Right&quot;&gt;&amp;nbsp;Order #:&lt;img src=&quot;images/icon_req.gif&quot; border=&quot;0&quot; space=&quot;0&quot; hspace=&quot;0&quot; alt=&quot;Required&quot;  title=&quot;Required&quot; &gt;&lt;/img&gt;&lt;/div&gt;&lt;/td&gt;&lt;td nowrap valign=middle colSpan=1 rowSpan=1&gt;&lt;div class=&quot;mceGridField&quot;&gt;&lt;script&gt;SWEWriteObjectTag(this,&apos;&lt;object id=s_2_1_59_0 CLASSID=&quot;CLSID:1cb4ef94-8549-471a-b73f-54ff5c244212&quot; HEIGHT=24 WIDTH=128&gt;&lt;/object&gt;&apos;);&lt;/script&gt;&lt;/div&gt;&lt;/td&gt;&lt;td rowSpan=2 colSpan=1&gt;&lt;/td&gt;&lt;td nowrap valign=middle colSpan=1 rowSpan=1&gt;&lt;div class=&quot;mceGridLabel&quot; align=&quot;Right&quot;&gt;&amp;nbsp;Account:&lt;/div&gt;&lt;/td&gt;&lt;td nowrap valign=middle colSpan=1 rowSpan=1&gt;&lt;div class=&quot;mceGridField&quot;&gt;&lt;script&gt;SWEWriteObjectTag(this,&apos;&lt;object id=s_2_1_49_0 CLASSID=&quot;CLSID:1cb4ef94-8549-471a-b73f-54ff5c244212&quot; HEIGHT=24 WIDTH=128&gt;&lt;/object&gt;&apos;);&lt;/script&gt;&lt;/div&gt;&lt;/td&gt;&lt;td nowrap valign=middle colSpan=2 rowSpan=1&gt;&lt;div class=&quot;mceGridLabel&quot; align=&quot;Right&quot;&gt;&amp;nbsp;Opportunity:&lt;/div&gt;&lt;/td&gt;&lt;td nowrap valign=middle colSpan=1 rowSpan=1&gt;&lt;div class=&quot;mceGridField&quot;&gt;&lt;script&gt;SWEWriteObjectTag(this,&apos;&lt;object id=s_2_1_34_0 CLASSID=&quot;CLSID:1cb4ef94-8549-471a-b73f-54ff5c244212&quot; HEIGHT=24 WIDTH=128&gt;&lt;/object&gt;&apos;);&lt;/script&gt;&lt;/div&gt;&lt;/td&gt;&lt;td nowrap valign=middle colSpan=2 rowSpan=1&gt;&lt;div class=&quot;mceGridLabel&quot; align=&quot;Right&quot;&gt;&amp;nbsp;Total:&lt;/div&gt;&lt;/td&gt;&lt;td nowrap valign=middle colSpan=1 rowSpan=1&gt;&lt;div class=&quot;mceGridField&quot;&gt;&lt;script&gt;SWEWriteObjectTag(this,&apos;&lt;object id=s_2_1_55_0 CLASSID=&quot;CLSID:1cb4ef94-8549-471a-b73f-54ff5c244212&quot; HEIGHT=24 WIDTH=128&gt;&lt;/object&gt;&apos;);&lt;/script&gt;&lt;/div&gt;&lt;/td&gt;&lt;/tr&gt;&lt;tr&gt;&lt;td style=&quot;height:24;&quot;&gt;&lt;/td&gt;&lt;td nowrap valign=middle colSpan=2 rowSpan=1&gt;&lt;div class=&quot;mceGridLabel&quot; align=&quot;Right&quot;&gt;&amp;nbsp;Revision:&lt;/div&gt;&lt;/td&gt;&lt;td nowrap valign=middle colSpan=1 rowSpan=1&gt;&lt;div class=&quot;mceGridField&quot;&gt;&lt;script&gt;SWEWriteObjectTag(this,&apos;&lt;object id=s_2_1_57_0 CLASSID=&quot;CLSID:1cb4ef94-8549-471a-b73f-54ff5c244212&quot; HEIGHT=24 WIDTH=128&gt;&lt;/object&gt;&apos;);&lt;/script&gt;&lt;/div&gt;&lt;/td&gt;&lt;td nowrap valign=middle colSpan=1 rowSpan=1&gt;&lt;div class=&quot;mceGridLabel&quot; align=&quot;Right&quot;&gt;&amp;nbsp;Site:&lt;/div&gt;&lt;/td&gt;&lt;td nowrap valign=middle colSpan=1 rowSpan=1&gt;&lt;div class=&quot;mceGridField&quot;&gt;&lt;script&gt;SWEWriteObjectTag(this,&apos;&lt;object id=s_2_1_75_0 CLASSID=&quot;CLSID:1cb4ef94-8549-471a-b73f-54ff5c244212&quot; HEIGHT=24 WIDTH=128&gt;&lt;/object&gt;&apos;);&lt;/script&gt;&lt;/div&gt;&lt;/td&gt;&lt;td rowSpan=1 colSpan=1&gt;&lt;/td&gt;&lt;td nowrap valign=middle colSpan=1 rowSpan=1&gt;&lt;div class=&quot;mceGridLabel&quot; align=&quot;Right&quot;&gt;&amp;nbsp;Status:&lt;img src=&quot;images/icon_req.gif&quot; border=&quot;0&quot; space=&quot;0&quot; hspace=&quot;0&quot; alt=&quot;Required&quot;  title=&quot;Required&quot; &gt;&lt;/img&gt;&lt;/div&gt;&lt;/td&gt;&lt;td nowrap valign=middle colSpan=1 rowSpan=1&gt;&lt;div class=&quot;mceGridField&quot;&gt;&lt;script&gt;SWEWriteObjectTag(this,&apos;&lt;object id=s_2_1_64_0 CLASSID=&quot;CLSID:1cb4ef94-8549-471a-b73f-54ff5c244212&quot; HEIGHT=24 WIDTH=128&gt;&lt;/object&gt;&apos;);&lt;/script&gt;&lt;/div&gt;&lt;/td&gt;&lt;td rowSpan=1 colSpan=1&gt;&lt;/td&gt;&lt;td nowrap valign=middle colSpan=1 rowSpan=1&gt;&lt;div class=&quot;mceGridLabel&quot; align=&quot;Right&quot;&gt;&amp;nbsp;Price List:&lt;/div&gt;&lt;/td&gt;&lt;td nowrap valign=middle colSpan=1 rowSpan=1&gt;&lt;div class=&quot;mceGridField&quot;&gt;&lt;script&gt;SWEWriteObjectTag(this,&apos;&lt;object id=s_2_1_71_0 CLASSID=&quot;CLSID:1cb4ef94-8549-471a-b73f-54ff5c244212&quot; HEIGHT=24 WIDTH=128&gt;&lt;/object&gt;&apos;);&lt;/script&gt;&lt;/div&gt;&lt;/td&gt;&lt;/tr&gt;&lt;/table&gt;&lt;/div&gt;&lt;/div&gt;&lt;/span&gt;&lt;/td&gt;&lt;/tr&gt;&lt;/table&gt;&lt;/div&gt;&lt;/form&gt;
&lt;a id=&quot;SWEBottomHidden2&quot; href=&quot;javascript:void(0);&quot; tabindex=&quot;1999&quot; onfocus=&quot;document.getElementById(&apos;SWETopHidden2&apos;).focus();&quot;&gt;&lt;/a&gt;&lt;/div&gt;&lt;table datatable=&quot;0&quot; summary=&quot;&quot; class=&quot;tier3Back&quot; width=&quot;100%&quot; align=&quot;center&quot; cellpadding=&quot;0&quot; cellspacing=&quot;0&quot; border=&quot;0&quot;&gt;&lt;tr valign=&quot;top&quot;&gt;&lt;td&gt;&lt;img src=&quot;images/spacer.gif&quot; width=&quot;1&quot; height=&quot;3&quot; alt=&quot;&quot;&gt;&lt;/td&gt;&lt;/tr&gt;&lt;/table&gt;&lt;div id=s_vctrl_div STYLE=&quot;height:37px&quot;&gt;&lt;div&gt; &lt;/div&gt;&lt;script&gt;SWEWriteObjectTag(this,&apos;&lt;OBJECT ID=&quot;s_vctrl&quot; CLASSID=&quot;clsid:bfb7437b-a5ea-4d13-a552-4150b0fdf838&quot; CODEBASE=&quot;&quot; WIDTH =&quot;100%&quot; HEIGHT =&quot;100%&quot;  tabindex=-1 &gt;&lt;PARAM NAME=&quot;style&quot; VALUE=&quot;Tab&quot;/&gt;&lt;PARAM NAME=&quot;indentWidth&quot; VALUE=&quot;30&quot;/&gt;&lt;PARAM NAME=&quot;anchorTab&quot; VALUE=&quot;true&quot;/&gt;&lt;PARAM NAME=&quot;type&quot; VALUE=&quot;Detail Category With View&quot;/&gt;&lt;/OBJECT&gt;&apos;);&lt;/script&gt;&lt;/div&gt;&lt;div style=&quot;width:100%; border-color:#E0E5F5; border-style: solid; border-width: 0 1 1 1; padding: 0 3 3 3;&quot;&gt;&lt;table datatable=&quot;0&quot; summary=&quot;&quot; width=&quot;100%&quot; border=&quot;0&quot; cellspacing=&quot;0&quot; cellpadding=&quot;3&quot;&gt;&lt;tr valign=&quot;top&quot;&gt;&lt;td width=&quot;80%&quot;&gt;&lt;a name=&quot;SWEApplet7&quot; id=&quot;SWEApplet7&quot; href=&quot;#SWEApplet7&quot; title=&quot;Browse Catalog&quot;&gt;&lt;/a&gt;
&lt;div id=&apos;s_S_A7_div&apos;oncontextmenu=&apos;HandleContextMenu(&quot;COM ActiveX Placeholder Applet - Sales Order&quot;)&apos; onclick=&apos;HandleAppletClick(&quot;COM ActiveX Placeholder Applet - Sales Order&quot;)&apos;&gt;
&lt;a id=&quot;SWETopHidden7&quot; href=&quot;javascript:void(0);&quot; tabindex=&quot;2000&quot;&gt;&lt;/a&gt;&lt;span class=&quot;AppletStyle1&quot;&gt;&lt;form name=&quot;SWEForm7_0&quot; method=&quot;post&quot; action=&quot;/ecommunications_enu_nsm_aps05524a027/start.swe&quot; &gt;
&lt;span id=7_c_err style=&quot;display: none;&quot;&gt;&lt;span id=7_err&gt;&lt;/span&gt;&lt;/span&gt;&lt;table datatable=&quot;0&quot; summary=&quot;&quot; width=&quot;100%&quot; cellpadding=&quot;0&quot; cellspacing=&quot;0&quot; border=&quot;0&quot; align=&quot;center&quot;&gt;&lt;tr&gt;&lt;td&gt;&lt;td nowrap&gt;&lt;script&gt;SWEWriteObjectTag(this,&apos;&lt;OBJECT ID=&quot;s_7_1_15_0&quot; CLASSID=&quot;clsid:b8d978b7-93ac-407c-8de9-e0627ca6b3d6&quot; CODEBASE=&quot;23048/applets/SiebelAx_Catalog_Navigator.cab&quot; WIDTH =&quot;136&quot; HEIGHT =&quot;24&quot; &gt;&lt;PARAM NAME=&quot;Category Drilldown Applet&quot; VALUE=&quot;Sales Order Catalog RootSubCategory List Applet&quot;/&gt;&lt;PARAM NAME=&quot;Category Drilldown View&quot; VALUE=&quot;Sales Order-Browse Catalog View&quot;/&gt;&lt;PARAM NAME=&quot;Product Applet&quot; VALUE=&quot;Quote Catalog Product Form Applet&quot;/&gt;&lt;PARAM NAME=&quot;PDS Data Service&quot; VALUE=&quot;PDS Product Data Service&quot;/&gt;&lt;PARAM NAME=&quot;Catalog View&quot; VALUE=&quot;Sales Order-Catalog Home View&quot;/&gt;&lt;PARAM NAME=&quot;Product View&quot; VALUE=&quot;Sales Order-Browse Catalog Product Details View&quot;/&gt;&lt;PARAM NAME=&quot;EnableCatalogDrillDown&quot; VALUE=&quot;Y&quot;/&gt;&lt;PARAM NAME=&quot;DefaultExpanded&quot; VALUE=&quot;N&quot;/&gt;&lt;PARAM NAME=&quot;UpdateMethods&quot; VALUE=&quot;AddItem&quot;/&gt;&lt;PARAM NAME=&quot;PDS Product Data Service&quot; VALUE=&quot;PDS Product Data Service - Navigator&quot;/&gt;&lt;PARAM NAME=&quot;Catalog Home View&quot; VALUE=&quot;Sales Order-Browse Catalog View&quot;/&gt;&lt;PARAM NAME=&quot;Category Applet&quot; VALUE=&quot;Quote Catalog Product Catalog Category Form Applet&quot;/&gt;&lt;PARAM NAME=&quot;Catalog Applet&quot; VALUE=&quot;Quote Catalog Admin Catalog Detail Applet (ReadOnly)&quot;/&gt;&lt;PARAM NAME=&quot;SetPriceListSearch User Prop BC&quot; VALUE=&quot;Quote Catalog Component Product by Price List Optional&quot;/&gt;&lt;PARAM NAME=&quot;PriceList Id BC&quot; VALUE=&quot;Order Entry - Orders&quot;/&gt;&lt;/OBJECT&gt;&apos;);&lt;/script&gt;&lt;/td&gt;&lt;/td&gt;&lt;/tr&gt;&lt;/table&gt;&lt;/form&gt;
&lt;/span&gt;&lt;a id=&quot;SWEBottomHidden7&quot; href=&quot;javascript:void(0);&quot; tabindex=&quot;2999&quot; onfocus=&quot;document.getElementById(&apos;SWETopHidden7&apos;).focus();&quot;&gt;&lt;/a&gt;&lt;/div&gt;&lt;a name=&quot;SWEApplet5&quot; id=&quot;SWEApplet5&quot; href=&quot;#SWEApplet5&quot; title=&quot;Catalog&quot;&gt;&lt;/a&gt;
&lt;div id=&apos;s_S_A5_div&apos;oncontextmenu=&apos;HandleContextMenu(&quot;Quote Catalog Product Catalog Category Form Applet&quot;)&apos; onclick=&apos;HandleAppletClick(&quot;Quote Catalog Product Catalog Category Form Applet&quot;)&apos;&gt;
&lt;a id=&quot;SWETopHidden5&quot; href=&quot;javascript:void(0);&quot; tabindex=&quot;3000&quot;&gt;&lt;/a&gt;&lt;table datatable=&quot;0&quot; summary=&quot;&quot; cellpadding=&quot;0&quot; cellspacing=&quot;0&quot; border=&quot;0&quot;&gt;&lt;tr&gt;&lt;td&gt;&lt;img src=&quot;images/spacer.gif&quot; width=&quot;1&quot; height=&quot;3&quot; alt=&quot;&quot;&gt;&lt;/td&gt;&lt;/tr&gt;&lt;/table&gt;&lt;table datatable=&quot;0&quot; summary=&quot;&quot; width=&quot;100%&quot; align=&quot;center&quot; bgcolor=&quot;#ffffff&quot; valign=&quot;top&quot; cellpadding=&quot;0&quot; cellspacing=&quot;0&quot; border=&quot;0&quot;&gt;&lt;tr&gt;&lt;td&gt;&lt;span class=&quot;dCCAppletTitle&quot;&gt;&lt;script&gt;SWEWriteObjectTag(this,&apos;&lt;object id=s_5_1_3_0 CLASSID=&quot;CLSID:1cb4ef94-8549-471a-b73f-54ff5c244212&quot; HEIGHT=20 WIDTH=175&gt;&lt;/object&gt;&apos;);&lt;/script&gt;&lt;/span&gt;&lt;/td&gt;&lt;/tr&gt;&lt;/table&gt;&lt;a id=&quot;SWEBottomHidden5&quot; href=&quot;javascript:void(0);&quot; tabindex=&quot;3999&quot; onfocus=&quot;document.getElementById(&apos;SWETopHidden5&apos;).focus();&quot;&gt;&lt;/a&gt;&lt;/div&gt;&lt;a name=&quot;SWEApplet6&quot; id=&quot;SWEApplet6&quot; href=&quot;#SWEApplet6&quot; title=&quot;Browse&quot;&gt;&lt;/a&gt;
&lt;div id=&apos;s_S_A6_div&apos;oncontextmenu=&apos;HandleContextMenu(&quot;Sales Order Catalog Product Catalog SubCategory List Applet&quot;)&apos; onclick=&apos;HandleAppletClick(&quot;Sales Order Catalog Product Catalog SubCategory List Applet&quot;)&apos;&gt;
&lt;a id=&quot;SWETopHidden6&quot; href=&quot;javascript:void(0);&quot; tabindex=&quot;4000&quot; title=&quot;Not Used&quot;&gt;&lt;/a&gt;&lt;object id=s_6_1_0_0 CLASSID=&quot;CLSID:35fe318c-5211-435f-904a-e0f214c9b60e&quot; codebase=&quot;23048/applets/SiebelAx_Prodselection.cab&quot;HEIGHT=&quot;0&quot; WIDTH=&quot;0&quot;&gt;&lt;/object&gt;
&lt;span id=&quot;PRODUCT_SELECTION_Sales Order Catalog Product Catalog SubCategory List Applet&quot;&gt;&lt;/span&gt;&lt;a id=&quot;SWEEndAppletStartAnchor_6&quot; href=&quot;javascript:void(0);&quot; tabindex=&quot;4999&quot;&gt;&lt;/a&gt;&lt;a id=&quot;SWEEndAppletEndAnchor_6&quot; href=&quot;javascript:void(0);&quot; tabindex=&quot;4999&quot; onfocus=&quot;document.getElementById(&apos;SWEEndAppletStartAnchor_6&apos;).focus();&quot;&gt;&lt;/a&gt;&lt;/div&gt;&lt;a name=&quot;SWEApplet3&quot; id=&quot;SWEApplet3&quot; href=&quot;#SWEApplet3&quot; title=&quot;Items&quot;&gt;&lt;/a&gt;
&lt;div id=&apos;s_S_A3_div&apos;oncontextmenu=&apos;HandleContextMenu(&quot;Sales Order Catalog Product List Applet - Add to Cart&quot;)&apos; onclick=&apos;HandleAppletClick(&quot;Sales Order Catalog Product List Applet - Add to Cart&quot;)&apos;&gt;
&lt;a id=&quot;SWETopHidden3&quot; href=&quot;javascript:void(0);&quot; tabindex=&quot;5000&quot; title=&quot;Not Used&quot;&gt;&lt;/a&gt;&lt;object id=s_3_1_3_0 CLASSID=&quot;CLSID:35fe318c-5211-435f-904a-e0f214c9b60e&quot; codebase=&quot;23048/applets/SiebelAx_Prodselection.cab&quot;HEIGHT=&quot;0&quot; WIDTH=&quot;0&quot;&gt;&lt;/object&gt;
&lt;span id=&quot;PRODUCT_SELECTION_Sales Order Catalog Product List Applet - Add to Cart&quot;&gt;&lt;/span&gt;&lt;a id=&quot;SWEEndAppletStartAnchor_3&quot; href=&quot;javascript:void(0);&quot; tabindex=&quot;5999&quot;&gt;&lt;/a&gt;&lt;a id=&quot;SWEEndAppletEndAnchor_3&quot; href=&quot;javascript:void(0);&quot; tabindex=&quot;5999&quot; onfocus=&quot;document.getElementById(&apos;SWEEndAppletStartAnchor_3&apos;).focus();&quot;&gt;&lt;/a&gt;&lt;/div&gt;&lt;/td&gt;&lt;td width=&quot;20%&quot;&gt;&lt;a name=&quot;SWEApplet4&quot; id=&quot;SWEApplet4&quot; href=&quot;#SWEApplet4&quot; title=&quot;Line Items&quot;&gt;&lt;/a&gt;
&lt;div id=&apos;s_S_A4_div&apos;oncontextmenu=&apos;HandleContextMenu(&quot;Order Entry - Line Item List Applet (Sales\) - Short&quot;)&apos; onclick=&apos;HandleAppletClick(&quot;Order Entry - Line Item List Applet (Sales\) - Short&quot;)&apos;&gt;
&lt;a id=&quot;SWETopHidden4&quot; href=&quot;javascript:void(0);&quot; tabindex=&quot;6000&quot;&gt;&lt;/a&gt;&lt;table datatable=&quot;0&quot; summary=&quot;&quot;&gt;&lt;tr&gt;&lt;td&gt;&lt;img src=&quot;images/spacer.gif&quot; width=&quot;1&quot; height=&quot;3&quot; alt=&quot;&quot;&gt;&lt;/td&gt;&lt;/tr&gt;&lt;/table&gt;&lt;form name=&quot;SWEForm4_0&quot; method=&quot;post&quot; action=&quot;/ecommunications_enu_nsm_aps05524a027/start.swe&quot; &gt;
&lt;span class=&quot;AppletStyleChild77&quot;&gt;&lt;div class=&quot;NotSelected&quot; id=&quot;a_4&quot;&gt;&lt;table datatable=&quot;0&quot; summary=&quot;&quot; width=&quot;100%&quot; cellspacing=&quot;0&quot; cellpadding=&quot;2&quot; border=&quot;0&quot; align=&quot;center&quot;&gt;&lt;tr class=&quot;AppletButtons&quot; align=&quot;left&quot;&gt;&lt;td class=&quot;AppletTitle&quot; nowrap&gt;&amp;nbsp;Line Items&amp;nbsp;&amp;nbsp;&lt;img src=&quot;images/btn_div_gray.gif&quot; height=&quot;13&quot; align=&quot;middle&quot; alt=&quot;&quot;&gt;&amp;nbsp;&lt;/td&gt;&lt;td nowrap class=&quot;AppletMenu&quot;&gt;&lt;span class=&quot;miniBtnUICTop&quot;&gt;&lt;span class=&quot;miniBtnUIC&quot;&gt;&lt;a id=&apos;s_at_m_4&apos; href=&quot;javascript:void(0)&quot; onclick=&quot;window.event.cancelBubble=true; _JMenu_Initialize(this, &apos;Order Entry - Line Item List Applet (Sales\) - Short&apos;, &apos;Applet&apos;, s_at_m_4Ax, 0, false); return false;&quot; onmouseover=&quot;MinibtnHover(this.parentNode)&quot; onmouseout=&quot;MinibtnOut(this.parentNode)&quot; onmousedown=&quot;MinibtnDown(this.parentNode)&quot; onmouseup=&quot;MinibtnUp(this.parentNode)&quot; &gt;Menu&amp;nbsp;&lt;img border=&quot;0&quot; src=&quot;images/img_arrow.gif&quot; align=&quot;center&quot;&gt;&lt;/a&gt;&lt;/span&gt;&lt;/span&gt;&lt;object id= &quot;s_at_m_4Ax&quot; CLASSID=&quot;CLSID:9174862b-ac3b-4f9f-abc9-a0a3c9fd95d4&quot; codebase=&quot;23048/applets/SiebelAx_HI_Client.cab&quot; width=0 height = 0&gt;&lt;/object&gt;&lt;/td&gt;&lt;td&gt;&lt;img height=1 alt=&quot;&quot; src=&quot;images/spacer.gif&quot; width=4&gt;&lt;/td&gt;&lt;td&gt;&lt;img src=&quot;images/btn_div_gray.gif&quot; height=&quot;13&quot; align=&quot;middle&quot; alt=&quot;&quot;&gt;&lt;/td&gt;&lt;td&gt;&lt;img src=&quot;images/spacer.gif&quot; width=&quot;4&quot; height=&quot;1&quot; alt=&quot;&quot;&gt;&lt;/td&gt;&lt;td nowrap&gt;&lt;span id=s_4_1_26_0&gt;&amp;nbsp;&lt;/span&gt;&lt;/td&gt;&lt;td nowrap&gt;&lt;span id=s_4_1_9_0&gt;&amp;nbsp;&lt;/span&gt;&lt;/td&gt;&lt;td nowrap&gt;&lt;span id=s_4_1_8_0&gt;&amp;nbsp;&lt;/span&gt;&lt;/td&gt;&lt;td nowrap&gt;&lt;span id=s_4_1_10_0&gt;&amp;nbsp;&lt;/span&gt;&lt;/td&gt;&lt;td nowrap&gt;&lt;span id=s_4_1_36_0&gt;&amp;nbsp;&lt;/span&gt;&lt;/td&gt;&lt;td&gt;&lt;table datatable=&quot;0&quot; summary=&quot;&quot; width=&quot;100%&quot; valign=&quot;top&quot; align=&quot;center&quot; cellpadding=&apos;0&apos; cellspacing=&apos;0&apos; border=&apos;0&apos;&gt;&lt;/table&gt;&lt;/td&gt;&lt;td nowrap&gt;&amp;nbsp;&lt;b&gt;&lt;span id=4_msg&gt;&lt;/span&gt;&lt;/b&gt;&lt;/td&gt;&lt;td align=&quot;right&quot; width=&quot;100%&quot;&gt;&lt;td valign=&quot;middle&quot; nowrap&gt;&lt;span id=&apos;SWEApplet4_ctrlmsg&apos;&gt;&lt;/span&gt;&lt;/td&gt;&lt;td valign=&quot;middle&quot; nowrap&gt;&amp;nbsp;&lt;span id=s_4_rc&gt;&lt;/span&gt;&amp;nbsp;&lt;/td&gt;&lt;td valign=&quot;middle&quot;&gt;&amp;nbsp;&lt;img src=&quot;images/btn_div_gray.gif&quot; height=&quot;13&quot; align=&quot;middle&quot; alt=&quot;&quot;&gt;&amp;nbsp;&lt;/td&gt;&lt;td valign=&quot;middle&quot; nowrap&gt;&lt;span id=s_4_1_11_0&gt;&amp;nbsp;&lt;/span&gt;&lt;/td&gt;&lt;/td&gt;&lt;td valign=&quot;top&quot; align=&quot;right&quot;&gt;&lt;/td&gt;&lt;/tr&gt;&lt;/table&gt;&lt;span id=4_c_err style=&quot;display: none;&quot;&gt;&lt;table datatable=&quot;0&quot; summary=&quot;&quot; class=&quot;AppletBack&quot; width=&quot;100%&quot; cellpadding=&quot;4&quot; cellspacing=&quot;0&quot; border=&quot;0&quot;&gt;&lt;tr&gt;&lt;td class=&quot;error&quot;&gt;&lt;br&gt;&amp;nbsp;&lt;/td&gt;&lt;/tr&gt;&lt;/table&gt;&lt;/span&gt;&lt;div class=&quot;AppletHIListBorder&quot;&gt;&lt;div id=&quot;s_4_ld&quot; STYLE=&quot;height:160px&quot;&gt;&lt;div&gt;&lt;/div&gt;&lt;script&gt;SWEWriteObjectTag(this,&apos;&lt;object id=&quot;s_4_l&quot;  CLASSID=&quot;CLSID:a9967980-c623-4092-b952-fcf15f67b8a5&quot; WIDTH=100% HEIGHT=100%&gt;&lt;/OBJECT&gt;&apos;);&lt;/script&gt;&lt;/div&gt;&lt;/div&gt;&lt;/div&gt;&lt;/span&gt;&lt;/form&gt;
&lt;a id=&quot;SWEBottomHidden4&quot; href=&quot;javascript:void(0);&quot; tabindex=&quot;6999&quot; onfocus=&quot;document.getElementById(&apos;SWETopHidden4&apos;).focus();&quot;&gt;&lt;/a&gt;&lt;/div&gt;&lt;a name=&quot;SWEApplet1&quot; id=&quot;SWEApplet1&quot; href=&quot;#SWEApplet1&quot; title=&quot;Messages&quot;&gt;&lt;/a&gt;
&lt;div id=&apos;s_S_A1_div&apos;oncontextmenu=&apos;HandleContextMenu(&quot;UMF Message List Applet - SI&quot;)&apos; onclick=&apos;HandleAppletClick(&quot;UMF Message List Applet - SI&quot;)&apos;&gt;
&lt;a id=&quot;SWETopHidden1&quot; href=&quot;javascript:void(0);&quot; tabindex=&quot;7000&quot; title=&quot;Not Used&quot;&gt;&lt;/a&gt;&lt;object id=s_1_1_4_0 CLASSID=&quot;CLSID:35fe318c-5211-435f-904a-e0f214c9b60e&quot; codebase=&quot;23048/applets/SiebelAx_Prodselection.cab&quot;HEIGHT=&quot;0&quot; WIDTH=&quot;0&quot;&gt;&lt;/object&gt;
&lt;span id=&quot;PRODUCT_SELECTION_UMF Message List Applet - SI&quot;&gt;&lt;/span&gt;&lt;a id=&quot;SWEEndAppletStartAnchor_1&quot; href=&quot;javascript:void(0);&quot; tabindex=&quot;7999&quot;&gt;&lt;/a&gt;&lt;a id=&quot;SWEEndAppletEndAnchor_1&quot; href=&quot;javascript:void(0);&quot; tabindex=&quot;7999&quot; onfocus=&quot;document.getElementById(&apos;SWEEndAppletStartAnchor_1&apos;).focus();&quot;&gt;&lt;/a&gt;&lt;/div&gt;&lt;/td&gt;&lt;/tr&gt;&lt;/table&gt;&lt;/div&gt;&lt;script&gt;

SWEIsHighInteract = true; Top().SWEIsHighInteract = true;
if (typeof(top._samePage) != &apos;undefined&apos; &amp;&amp; top._samePage!=&quot;&quot;) top._samePage = &quot;&quot;;
if (top.opener == null || typeof top.opener.swetop == &apos;unknown&apos; || typeof top.opener.swetop == &apos;undefined&apos;) top._swe._sweapp.S_App.SWECount = 52;
else top.opener.top._swe._sweapp.S_App.SWECount = 52;
g_bInitialized = true;

if(typeof(top._swescript)!=&apos;undefined&apos; &amp;&amp; top._swescript!=null)top._swescript.InitApplet(&quot;Catalog Order Header Form Applet&quot;,&quot;SWEApplet2&quot;,&quot;Sales Order-Browse Catalog Category Details View - Add to Cart&quot;,3, this);
if (top._swescript!=null) top._swescript.InitMethod(&quot;GotoAppletMenu&quot;, this, &quot;s_at_m_2&quot;, null, null);
if(top._swe._sweapp._JMenuObj == null)                  
top._swe._sweapp._JMenuObj = new top._swe._sweapp.JMenu();
top._swe._sweapp._JMenuObj.BindAXObj (this.document.getElementById(&quot;s_at_m_2Ax&quot;),&apos;Applet&apos;, &apos;Catalog Order Header Form Applet&apos;, this.document.getElementById(&quot;s_at_m_2&quot;), &quot;s_at_m_2&quot;);
document.oncontextmenu = HandleContextMenu;
if(typeof(top._swescript)!=&apos;undefined&apos; &amp;&amp; top._swescript!=null)top._swescript.InitApplet(&quot;COM ActiveX Placeholder Applet - Sales Order&quot;,&quot;SWEApplet7&quot;,&quot;Sales Order-Browse Catalog Category Details View - Add to Cart&quot;,1, this);
document.oncontextmenu = HandleContextMenu;
if(typeof(top._swescript)!=&apos;undefined&apos; &amp;&amp; top._swescript!=null)top._swescript.InitApplet(&quot;Quote Catalog Product Catalog Category Form Applet&quot;,&quot;SWEApplet5&quot;,&quot;Sales Order-Browse Catalog Category Details View - Add to Cart&quot;,1, this);
document.oncontextmenu = HandleContextMenu;
if(typeof(top._swescript)!=&apos;undefined&apos; &amp;&amp; top._swescript!=null)top._swescript.InitApplet(&quot;Sales Order Catalog Product Catalog SubCategory List Applet&quot;,&quot;SWEApplet6&quot;,&quot;Sales Order-Browse Catalog Category Details View - Add to Cart&quot;,1, this);
document.oncontextmenu = HandleContextMenu;
if(typeof(top._swescript)!=&apos;undefined&apos; &amp;&amp; top._swescript!=null)top._swescript.InitApplet(&quot;Sales Order Catalog Product List Applet - Add to Cart&quot;,&quot;SWEApplet3&quot;,&quot;Sales Order-Browse Catalog Category Details View - Add to Cart&quot;,6, this);
document.oncontextmenu = HandleContextMenu;
if(typeof(top._swescript)!=&apos;undefined&apos; &amp;&amp; top._swescript!=null)top._swescript.InitApplet(&quot;Order Entry - Line Item List Applet (Sales) - Short&quot;,&quot;SWEApplet4&quot;,&quot;Sales Order-Browse Catalog Category Details View - Add to Cart&quot;,6, this);
if (top._swescript!=null) top._swescript.InitMethod(&quot;GotoAppletMenu&quot;, this, &quot;s_at_m_4&quot;, null, null);
if(top._swe._sweapp._JMenuObj == null)                  
top._swe._sweapp._JMenuObj = new top._swe._sweapp.JMenu();
top._swe._sweapp._JMenuObj.BindAXObj (this.document.getElementById(&quot;s_at_m_4Ax&quot;),&apos;Applet&apos;, &apos;Order Entry - Line Item List Applet (Sales\) - Short&apos;, this.document.getElementById(&quot;s_at_m_4&quot;), &quot;s_at_m_4&quot;);
document.oncontextmenu = HandleContextMenu;
if(typeof(top._swescript)!=&apos;undefined&apos; &amp;&amp; top._swescript!=null)top._swescript.InitApplet(&quot;UMF Message List Applet - SI&quot;,&quot;SWEApplet1&quot;,&quot;Sales Order-Browse Catalog Category Details View - Add to Cart&quot;,1, this);
document.oncontextmenu = HandleContextMenu;

&lt;/script&gt;
&lt;script for=window event=onunload&gt;
top._swe._sweapp.S_App.SetLayoutUnloaded(&quot;View&quot;, &quot;Sales Order-Browse Catalog Category Details View - Add to Cart&quot;);
&lt;/script&gt;
&lt;script for=window event=onload&gt;
top._swe._sweapp.S_App.SetLayoutLoaded(&quot;View&quot;, &quot;Sales Order-Browse Catalog Category Details View - Add to Cart&quot;, window, &quot;&quot;);
&lt;/script&gt;
&lt;/body&gt;&lt;/html&gt;</responseData>
  <responseFile class="java.lang.String"></responseFile>
  <cookies class="java.lang.String">_sn=GXmoeGkdwh1O45lrH7mMIZnLMWvqHkVWiQKqDOICOq1fi95anXYMaCRAX879ujDRD9kS4J75N4kGDX576Q2AKmwZPUBih-4NS80Pc1189OxasEbdAsHiEtIhcnCzZ0zWb5V6QpVraL0TTGU4ktkGZq374g8C0pUBRhKVASKeW21TgUW5eIkswq97I-.qG-kr; _srn=_srn; SWEUAID=SWEUAID</cookies>
  <method class="java.lang.String">GET</method>
  <queryString class="java.lang.String"></queryString>
  <java.net.URL>http://localhost:8080/ecommunications_enu_nsm_aps05524a027/start.swe?SWECmd=GetViewLayout&amp;SWEView=Sales+Order-Browse+Catalog+Category+Details+View+-+Add+to+Cart&amp;SWEVI=&amp;SWEVLC=3-2NTUN-318_Siebel%2BPower%2BCommunications_43%257c1592409810%257c0_0_23048_PATCHSET18PATCHSET18PATCHSET18_L&amp;SRN=xK7T2pIB2ZOV15hwlQxQF5reKcoUB8VpMTZr7we8uAEb</java.net.URL>
</httpSample>
<httpSample t="{{\d+}}" it="0" lt="{{\d+}}" ct="{{\d+}}" ts="{{\d+}}" s="true" lb="{{\d+}} /ecommunications_enu_nsm_aps05524a027/start.swe" rc="200" rm="OK" tn="Thread Group 1-1" dt="text" de="utf-8" by="1360" sby="878" sc="1" ec="0" ng="1" na="1" hn="{{.*?}}">
  <responseHeader class="java.lang.String">HTTP/1.1 200 OK
Connection: close
Server: Oracle-iPlanet-Web-Server/7.0
Date: Tue, 23 Jun 2020 13:03:53 GMT
Content-Language: en
Cache-Control: no-cache
Swerpc: true
Content-Type: text/html;charset=utf-8
Connection: close
Matched-Stub-Id: {{\w+-\w+-\w+-\w+-\w+}}
Vary: Accept-Encoding, User-Agent
</responseHeader>
  <requestHeader class="java.lang.String">Connection: close
Content-Type: application/x-www-form-urlencoded
DNT: 1
Accept-Encoding: deflate
Pragma: no-cache
User-Agent: Mozilla/4.0 (compatible; MSIE 7.0; Windows NT 6.3; WOW64; Trident/7.0; .NET4.0E; .NET4.0C; .NET CLR 3.5.30729; .NET CLR 2.0.50727; .NET CLR 3.0.30729)
Accept: text/html, image/gif, image/jpeg, *; q=.2, */*; q=.2
Content-Length: 190
Host: localhost:8080
</requestHeader>
  <responseData class="java.lang.String">@0`1`5`2``0`UC`1`Status`OK`Result``SWEC`56`SRN`xK7T2pIB2ZOV15hwlQxQF5reKcoUB8VpMTZr7we8uAEb`0`9`Notifications`0`2`0``0`OP`bn`bc`S_BC2`7`0``0`br`0`ArgsArray`32*Catalog Order Header Form Applet1*1`size`1`cr`0`OP`g`bc`S_BC2`type`SWEIRowSelection`2`0``0`OP`en`bc`S_BC2`2`0``0`OP`bn`bc`S_BC5`7`0``0`br`0`ArgsArray`50*Quote Catalog Product Catalog Category Form Applet1*1`size`1`cr`0`OP`g`bc`S_BC5`type`SWEIRowSelection`2`0``0`OP`en`bc`S_BC5`2`0``0`OP`bn`bc`S_BC3`7`0``0`br`0`ArgsArray`53*Sales Order Catalog Product List Applet - Add to Cart1*11*01*01*01*01*0`size`10`cr`5`OP`g`bc`S_BC3`type`SWEIRowSelection`2`0``0`OP`en`bc`S_BC3`1`6`Command Manager`0`RefreshToolbar`true`7`0`StateToolBar`0`#35`true`#36`true`#17`true`#34`true`#8`false`#37`true`#38`true`0`1`StateExToolBar`0`1`0`#35`0`Checked`false`0`3`FlagsToolBar`0`3`0`#8`0`SWESP`true`SWEH`0`SWEW`0`3`0`#34`0`SWESP`true`SWEH`600`SWEW`800`3`0`#36`0`SWESP`true`SWEH`20`SWEW`380`3`0`State`0`#27`false`#26`false`#28`false`0`3`StateEx`0`0`0`#26`0`0`0`#27`0`1`0`#28`0`Checked`false`0`0`Flags`0`</responseData>
  <responseFile class="java.lang.String"></responseFile>
  <cookies class="java.lang.String">_sn=GXmoeGkdwh1O45lrH7mMIZnLMWvqHkVWiQKqDOICOq1fi95anXYMaCRAX879ujDRD9kS4J75N4kGDX576Q2AKmwZPUBih-4NS80Pc1189OxasEbdAsHiEtIhcnCzZ0zWb5V6QpVraL0TTGU4ktkGZq374g8C0pUBRhKVASKeW21TgUW5eIkswq97I-.qG-kr; _srn=_srn; SWEUAID=SWEUAID</cookies>
  <method class="java.lang.String">POST</method>
  <queryString class="java.lang.String">SWEC=55&amp;SWEMethod=SetProfileAttr&amp;SWERPC=1&amp;SWECmd=InvokeMethod&amp;SRN=xK7T2pIB2ZOV15hwlQxQF5reKcoUB8VpMTZr7we8uAEb&amp;SWEIPS=%400*0*2*0*14*SetProfileAttr3*0*5*value10*3-61EV8AO38*attrName8*Order_Id</queryString>
  <java.net.URL>http://localhost:8080/ecommunications_enu_nsm_aps05524a027/start.swe</java.net.URL>
</httpSample>
<httpSample t="{{\d+}}" it="0" lt="{{\d+}}" ct="{{\d+}}" ts="{{\d+}}" s="true" lb="{{\d+}} /ecommunications_enu_nsm_aps05524a027/start.swe" rc="200" rm="OK" tn="Thread Group 1-1" dt="text" de="utf-8" by="825" sby="1028" sc="1" ec="0" ng="1" na="1" hn="{{.*?}}">
  <responseHeader class="java.lang.String">HTTP/1.1 200 OK
Connection: close
Server: Oracle-iPlanet-Web-Server/7.0
Date: Tue, 23 Jun 2020 13:03:53 GMT
Content-Language: en
Cache-Control: no-cache
Swerpc: true
Content-Type: text/html;charset=utf-8
Connection: close
Matched-Stub-Id: {{\w+-\w+-\w+-\w+-\w+}}
Vary: Accept-Encoding, User-Agent
</responseHeader>
  <requestHeader class="java.lang.String">Connection: close
Content-Type: application/x-www-form-urlencoded
DNT: 1
Accept-Encoding: deflate
Pragma: no-cache
User-Agent: Mozilla/4.0 (compatible; MSIE 7.0; Windows NT 6.3; WOW64; Trident/7.0; .NET4.0E; .NET4.0C; .NET CLR 3.5.30729; .NET CLR 2.0.50727; .NET CLR 3.0.30729)
Accept: text/html, image/gif, image/jpeg, *; q=.2, */*; q=.2
Content-Length: 340
Host: localhost:8080
</requestHeader>
  <responseData class="java.lang.String">@0`1`4`1``0`UC`1`Status`Completed`SWEC`57`SRN`xK7T2pIB2ZOV15hwlQxQF5reKcoUB8VpMTZr7we8uAEb`1`6`Command Manager`0`RefreshToolbar`true`7`0`StateToolBar`0`#35`true`#36`true`#17`true`#34`true`#8`false`#37`true`#38`true`0`1`StateExToolBar`0`1`0`#35`0`Checked`false`0`3`FlagsToolBar`0`3`0`#8`0`SWESP`true`SWEH`0`SWEW`0`3`0`#34`0`SWESP`true`SWEH`600`SWEW`800`3`0`#36`0`SWESP`true`SWEH`20`SWEW`380`3`0`State`0`#27`false`#26`false`#28`false`0`3`StateEx`0`0`0`#26`0`0`0`#27`0`1`0`#28`0`Checked`false`0`0`Flags`0`</responseData>
  <responseFile class="java.lang.String"></responseFile>
  <cookies class="java.lang.String">_sn=GXmoeGkdwh1O45lrH7mMIZnLMWvqHkVWiQKqDOICOq1fi95anXYMaCRAX879ujDRD9kS4J75N4kGDX576Q2AKmwZPUBih-4NS80Pc1189OxasEbdAsHiEtIhcnCzZ0zWb5V6QpVraL0TTGU4ktkGZq374g8C0pUBRhKVASKeW21TgUW5eIkswq97I-.qG-kr; _srn=_srn; SWEUAID=SWEUAID</cookies>
  <method class="java.lang.String">POST</method>
  <queryString class="java.lang.String">SWEVI=&amp;SWERowId=&amp;SWEC=56&amp;SWEMethod=RecommendationsBT&amp;SWEReqRowId=0&amp;SWERPC=1&amp;SWEApplet=Order+Entry+-+Line+Item+List+Applet+%28Sales%29+-+Short&amp;SWEView=Sales+Order-Browse+Catalog+Category+Details+View+-+Add+to+Cart&amp;SWECmd=InvokeMethod&amp;SRN=xK7T2pIB2ZOV15hwlQxQF5reKcoUB8VpMTZr7we8uAEb&amp;SWETS={{\d+}}&amp;SWEP=&amp;SWERowIds=SWERowId0%3D3-61EV8AO3</queryString>
  <java.net.URL>http://localhost:8080/ecommunications_enu_nsm_aps05524a027/start.swe</java.net.URL>
</httpSample>
<httpSample t="{{\d+}}" it="0" lt="{{\d+}}" ct="{{\d+}}" ts="{{\d+}}" s="true" lb="{{\d+}} /ecommunications_enu_nsm_aps05524a027/start.swe" rc="200" rm="OK" tn="Thread Group 1-1" dt="text" de="utf-8" by="1224" sby="1257" sc="1" ec="0" ng="1" na="1" hn="{{.*?}}">
  <responseHeader class="java.lang.String">HTTP/1.1 200 OK
Connection: close
Server: Oracle-iPlanet-Web-Server/7.0
Date: Tue, 23 Jun 2020 13:04:11 GMT
Content-Language: en
Cache-Control: no-cache
Swerpc: true
Content-Type: text/html;charset=utf-8
Connection: close
Matched-Stub-Id: {{\w+-\w+-\w+-\w+-\w+}}
Vary: Accept-Encoding, User-Agent
</responseHeader>
  <requestHeader class="java.lang.String">Connection: close
Content-Type: application/x-www-form-urlencoded
DNT: 1
Accept-Encoding: deflate
Pragma: no-cache
User-Agent: Mozilla/4.0 (compatible; MSIE 7.0; Windows NT 6.3; WOW64; Trident/7.0; .NET4.0E; .NET4.0C; .NET CLR 3.5.30729; .NET CLR 2.0.50727; .NET CLR 3.0.30729)
Accept: text/html, image/gif, image/jpeg, *; q=.2, */*; q=.2
Content-Length: 569
Host: localhost:8080
</requestHeader>
  <responseData class="java.lang.String">@0`1`4`2``0`UC`1`Status`Continue`SWEC`58`SRN`xK7T2pIB2ZOV15hwlQxQF5reKcoUB8VpMTZr7we8uAEb`3`0`hui`0`n`Category: Universal Offers`hupd`1`hnact`top._swe._sweapp.S_App.GotoView(&amp;quot;Sales Order-Browse Catalog Category Details View - Add to Cart&amp;quot;, &amp;quot;&amp;quot;, &amp;quot;/ecommunications_enu_nsm_aps05524a027/start.swe?SWENeedContext=false&amp;amp;SWECmd=GotoBookmarkView&amp;amp;SWEBMC=58&amp;amp;SWEC=58&amp;amp;SRN=xK7T2pIB2ZOV15hwlQxQF5reKcoUB8VpMTZr7we8uAEb&amp;quot;, top._sweclient._swecontent._sweview)`1`6`Command Manager`0`RefreshToolbar`true`7`0`StateToolBar`0`#35`true`#36`true`#17`true`#34`true`#8`false`#37`true`#38`true`0`1`StateExToolBar`0`1`0`#35`0`Checked`false`0`3`FlagsToolBar`0`3`0`#8`0`SWESP`true`SWEH`0`SWEW`0`3`0`#34`0`SWESP`true`SWEH`600`SWEW`800`3`0`#36`0`SWESP`true`SWEH`20`SWEW`380`3`0`State`0`#27`false`#26`false`#28`false`0`3`StateEx`0`0`0`#26`0`0`0`#27`0`1`0`#28`0`Checked`false`0`0`Flags`0`</responseData>
  <responseFile class="java.lang.String"></responseFile>
  <cookies class="java.lang.String">_sn=GXmoeGkdwh1O45lrH7mMIZnLMWvqHkVWiQKqDOICOq1fi95anXYMaCRAX879ujDRD9kS4J75N4kGDX576Q2AKmwZPUBih-4NS80Pc1189OxasEbdAsHiEtIhcnCzZ0zWb5V6QpVraL0TTGU4ktkGZq374g8C0pUBRhKVASKeW21TgUW5eIkswq97I-.qG-kr; _srn=_srn; SWEUAID=SWEUAID</cookies>
  <method class="java.lang.String">POST</method>
  <queryString class="java.lang.String">SWEControlClicked=0&amp;SWER=0&amp;SWEShiftClicked=0&amp;SWERowId=1-5G25WAB&amp;SWEVI=&amp;SWEC=57&amp;SWEMethod=PositionOnRow&amp;SWEReqRowId=1&amp;SWERPC=1&amp;SWEApplet=Sales+Order+Catalog+Product+List+Applet+-+Add+to+Cart&amp;SWEActiveApplet=COM+ActiveX+Placeholder+Applet+-+Sales+Order&amp;SWEView=Sales+Order-Browse+Catalog+Category+Details+View+-+Add+to+Cart&amp;SWECmd=InvokeMethod&amp;SRN=xK7T2pIB2ZOV15hwlQxQF5reKcoUB8VpMTZr7we8uAEb&amp;SWETS={{\d+}}&amp;SWEActiveView=Sales+Order-Browse+Catalog+Category+Details+View+-+Add+to+Cart&amp;SWEIgnoreCtrlShift=0&amp;SWEP=&amp;SWERowIds=SWERowId0%3D1-ZOIRIS%2CSWERowId1%3D1-2NY1OVU</queryString>
  <java.net.URL>http://localhost:8080/ecommunications_enu_nsm_aps05524a027/start.swe</java.net.URL>
</httpSample>
<httpSample t="{{\d+}}" it="0" lt="{{\d+}}" ct="{{\d+}}" ts="{{\d+}}" s="true" lb="{{\d+}} /ecommunications_enu_nsm_aps05524a027/start.swe" rc="200" rm="OK" tn="Thread Group 1-1" dt="text" de="utf-8" by="844" sby="1037" sc="1" ec="0" ng="1" na="1" hn="{{.*?}}">
  <responseHeader class="java.lang.String">HTTP/1.1 200 OK
Connection: close
Server: Oracle-iPlanet-Web-Server/7.0
Date: Tue, 23 Jun 2020 13:04:11 GMT
Content-Language: en
Cache-Control: no-cache
Swerpc: true
Content-Type: text/html;charset=utf-8
Connection: close
Matched-Stub-Id: {{\w+-\w+-\w+-\w+-\w+}}
Vary: Accept-Encoding, User-Agent
</responseHeader>
  <requestHeader class="java.lang.String">Connection: close
Content-Type: application/x-www-form-urlencoded
DNT: 1
Accept-Encoding: deflate
Pragma: no-cache
User-Agent: Mozilla/4.0 (compatible; MSIE 7.0; Windows NT 6.3; WOW64; Trident/7.0; .NET4.0E; .NET4.0C; .NET CLR 3.5.30729; .NET CLR 2.0.50727; .NET CLR 3.0.30729)
Accept: text/html, image/gif, image/jpeg, *; q=.2, */*; q=.2
Content-Length: 349
Host: localhost:8080
</requestHeader>
  <responseData class="java.lang.String">@0`1`4`2``0`UC`1`Status`OK`SWEC`59`SRN`xK7T2pIB2ZOV15hwlQxQF5reKcoUB8VpMTZr7we8uAEb`1`0`ResultSet`0`Hardstop``1`6`Command Manager`0`RefreshToolbar`true`7`0`StateToolBar`0`#35`true`#36`true`#17`true`#34`true`#8`false`#37`true`#38`true`0`1`StateExToolBar`0`1`0`#35`0`Checked`false`0`3`FlagsToolBar`0`3`0`#8`0`SWESP`true`SWEH`0`SWEW`0`3`0`#34`0`SWESP`true`SWEH`600`SWEW`800`3`0`#36`0`SWESP`true`SWEH`20`SWEW`380`3`0`State`0`#27`false`#26`false`#28`false`0`3`StateEx`0`0`0`#26`0`0`0`#27`0`1`0`#28`0`Checked`false`0`0`Flags`0`</responseData>
  <responseFile class="java.lang.String"></responseFile>
  <cookies class="java.lang.String">_sn=GXmoeGkdwh1O45lrH7mMIZnLMWvqHkVWiQKqDOICOq1fi95anXYMaCRAX879ujDRD9kS4J75N4kGDX576Q2AKmwZPUBih-4NS80Pc1189OxasEbdAsHiEtIhcnCzZ0zWb5V6QpVraL0TTGU4ktkGZq374g8C0pUBRhKVASKeW21TgUW5eIkswq97I-.qG-kr; _srn=_srn; SWEUAID=SWEUAID</cookies>
  <method class="java.lang.String">POST</method>
  <queryString class="java.lang.String">SWEC=58&amp;SWEMethod=RestrictNPF&amp;SWERPC=1&amp;SWEActiveApplet=Sales+Order+Catalog+Product+List+Applet+-+Add+to+Cart&amp;SWECmd=InvokeMethod&amp;SRN=xK7T2pIB2ZOV15hwlQxQF5reKcoUB8VpMTZr7we8uAEb&amp;SWEIPS=%400*0*1*0*0*3*0*12*Product+Name22*BB+UN+BB+15GB++%2831.50%29&amp;SWEActiveView=Sales+Order-Browse+Catalog+Category+Details+View+-+Add+to+Cart&amp;SWEService=BT+MPA+Service</queryString>
  <java.net.URL>http://localhost:8080/ecommunications_enu_nsm_aps05524a027/start.swe</java.net.URL>
</httpSample>
<httpSample t="{{\d+}}" it="0" lt="{{\d+}}" ct="{{\d+}}" ts="{{\d+}}" s="true" lb="{{\d+}} /ecommunications_enu_nsm_aps05524a027/start.swe" rc="200" rm="OK" tn="Thread Group 1-1" dt="text" de="utf-8" by="834" sby="1001" sc="1" ec="0" ng="1" na="1" hn="{{.*?}}">
  <responseHeader class="java.lang.String">HTTP/1.1 200 OK
Connection: close
Server: Oracle-iPlanet-Web-Server/7.0
Date: Tue, 23 Jun 2020 13:04:12 GMT
Content-Language: en
Cache-Control: no-cache
Swerpc: true
Content-Type: text/html;charset=utf-8
Connection: close
Matched-Stub-Id: {{\w+-\w+-\w+-\w+-\w+}}
Vary: Accept-Encoding, User-Agent
</responseHeader>
  <requestHeader class="java.lang.String">Connection: close
Content-Type: application/x-www-form-urlencoded
DNT: 1
Accept-Encoding: deflate
Pragma: no-cache
User-Agent: Mozilla/4.0 (compatible; MSIE 7.0; Windows NT 6.3; WOW64; Trident/7.0; .NET4.0E; .NET4.0C; .NET CLR 3.5.30729; .NET CLR 2.0.50727; .NET CLR 3.0.30729)
Accept: text/html, image/gif, image/jpeg, *; q=.2, */*; q=.2
Content-Length: 313
Host: localhost:8080
</requestHeader>
  <responseData class="java.lang.String">@0`1`4`2``0`UC`1`Status`OK`SWEC`60`SRN`xK7T2pIB2ZOV15hwlQxQF5reKcoUB8VpMTZr7we8uAEb`0`0`ResultSet`0`1`6`Command Manager`0`RefreshToolbar`true`7`0`StateToolBar`0`#35`true`#36`true`#17`true`#34`true`#8`false`#37`true`#38`true`0`1`StateExToolBar`0`1`0`#35`0`Checked`false`0`3`FlagsToolBar`0`3`0`#8`0`SWESP`true`SWEH`0`SWEW`0`3`0`#34`0`SWESP`true`SWEH`600`SWEW`800`3`0`#36`0`SWESP`true`SWEH`20`SWEW`380`3`0`State`0`#27`false`#26`false`#28`false`0`3`StateEx`0`0`0`#26`0`0`0`#27`0`1`0`#28`0`Checked`false`0`0`Flags`0`</responseData>
  <responseFile class="java.lang.String"></responseFile>
  <cookies class="java.lang.String">_sn=GXmoeGkdwh1O45lrH7mMIZnLMWvqHkVWiQKqDOICOq1fi95anXYMaCRAX879ujDRD9kS4J75N4kGDX576Q2AKmwZPUBih-4NS80Pc1189OxasEbdAsHiEtIhcnCzZ0zWb5V6QpVraL0TTGU4ktkGZq374g8C0pUBRhKVASKeW21TgUW5eIkswq97I-.qG-kr; _srn=_srn; SWEUAID=SWEUAID</cookies>
  <method class="java.lang.String">POST</method>
  <queryString class="java.lang.String">SWEC=59&amp;SWEMethod=getAddTechAvailable&amp;SWERPC=1&amp;SWEActiveApplet=Sales+Order+Catalog+Product+List+Applet+-+Add+to+Cart&amp;SWECmd=InvokeMethod&amp;SRN=xK7T2pIB2ZOV15hwlQxQF5reKcoUB8VpMTZr7we8uAEb&amp;SWEIPS=%400*0*0*0*0*3*0*&amp;SWEActiveView=Sales+Order-Browse+Catalog+Category+Details+View+-+Add+to+Cart&amp;SWEService=BT+MPA+Service</queryString>
  <java.net.URL>http://localhost:8080/ecommunications_enu_nsm_aps05524a027/start.swe</java.net.URL>
</httpSample>
<httpSample t="{{\d+}}" it="0" lt="{{\d+}}" ct="{{\d+}}" ts="{{\d+}}" s="true" lb="{{\d+}} /ecommunications_enu_nsm_aps05524a027/start.swe" rc="200" rm="OK" tn="Thread Group 1-1" dt="text" de="utf-8" by="842" sby="1018" sc="1" ec="0" ng="1" na="1" hn="{{.*?}}">
  <responseHeader class="java.lang.String">HTTP/1.1 200 OK
Connection: close
Server: Oracle-iPlanet-Web-Server/7.0
Date: Tue, 23 Jun 2020 13:04:12 GMT
Content-Language: en
Cache-Control: no-cache
Swerpc: true
Content-Type: text/html;charset=utf-8
Connection: close
Matched-Stub-Id: {{\w+-\w+-\w+-\w+-\w+}}
Vary: Accept-Encoding, User-Agent
</responseHeader>
  <requestHeader class="java.lang.String">Connection: close
Content-Type: application/x-www-form-urlencoded
DNT: 1
Accept-Encoding: deflate
Pragma: no-cache
User-Agent: Mozilla/4.0 (compatible; MSIE 7.0; Windows NT 6.3; WOW64; Trident/7.0; .NET4.0E; .NET4.0C; .NET CLR 3.5.30729; .NET CLR 2.0.50727; .NET CLR 3.0.30729)
Accept: text/html, image/gif, image/jpeg, *; q=.2, */*; q=.2
Content-Length: 330
Host: localhost:8080
</requestHeader>
  <responseData class="java.lang.String">@0`1`4`2``0`UC`1`Status`OK`SWEC`61`SRN`xK7T2pIB2ZOV15hwlQxQF5reKcoUB8VpMTZr7we8uAEb`1`0`ResultSet`0`SSPMsg``1`6`Command Manager`0`RefreshToolbar`true`7`0`StateToolBar`0`#35`true`#36`true`#17`true`#34`true`#8`false`#37`true`#38`true`0`1`StateExToolBar`0`1`0`#35`0`Checked`false`0`3`FlagsToolBar`0`3`0`#8`0`SWESP`true`SWEH`0`SWEW`0`3`0`#34`0`SWESP`true`SWEH`600`SWEW`800`3`0`#36`0`SWESP`true`SWEH`20`SWEW`380`3`0`State`0`#27`false`#26`false`#28`false`0`3`StateEx`0`0`0`#26`0`0`0`#27`0`1`0`#28`0`Checked`false`0`0`Flags`0`</responseData>
  <responseFile class="java.lang.String"></responseFile>
  <cookies class="java.lang.String">_sn=GXmoeGkdwh1O45lrH7mMIZnLMWvqHkVWiQKqDOICOq1fi95anXYMaCRAX879ujDRD9kS4J75N4kGDX576Q2AKmwZPUBih-4NS80Pc1189OxasEbdAsHiEtIhcnCzZ0zWb5V6QpVraL0TTGU4ktkGZq374g8C0pUBRhKVASKeW21TgUW5eIkswq97I-.qG-kr; _srn=_srn; SWEUAID=SWEUAID</cookies>
  <method class="java.lang.String">POST</method>
  <queryString class="java.lang.String">SWEC=60&amp;SWEMethod=fnIPVSwithFTTP&amp;SWERPC=1&amp;SWEActiveApplet=Sales+Order+Catalog+Product+List+Applet+-+Add+to+Cart&amp;SWECmd=InvokeMethod&amp;SRN=xK7T2pIB2ZOV15hwlQxQF5reKcoUB8VpMTZr7we8uAEb&amp;SWEIPS=%400*0*1*0*0*3*0*7*OrderId10*3-61EV8AO3&amp;SWEActiveView=Sales+Order-Browse+Catalog+Category+Details+View+-+Add+to+Cart&amp;SWEService=BT+MPA+Service</queryString>
  <java.net.URL>http://localhost:8080/ecommunications_enu_nsm_aps05524a027/start.swe</java.net.URL>
</httpSample>
<httpSample t="{{\d+}}" it="0" lt="{{\d+}}" ct="{{\d+}}" ts="{{\d+}}" s="true" lb="{{\d+}} /ecommunications_enu_nsm_aps05524a027/start.swe" rc="200" rm="OK" tn="Thread Group 1-1" dt="text" de="utf-8" by="85177" sby="1290" sc="1" ec="0" ng="1" na="1" hn="{{.*?}}">
  <responseHeader class="java.lang.String">HTTP/1.1 200 OK
Connection: close
Server: Oracle-iPlanet-Web-Server/7.0
Date: Tue, 23 Jun 2020 13:04:22 GMT
Content-Language: en
Cache-Control: no-cache
Swerpc: true
Content-Type: text/html;charset=utf-8
Matched-Stub-Id: {{\w+-\w+-\w+-\w+-\w+}}
Vary: Accept-Encoding, User-Agent
</responseHeader>
  <requestHeader class="java.lang.String">Connection: close
Content-Type: application/x-www-form-urlencoded
DNT: 1
Accept-Encoding: deflate
Pragma: no-cache
User-Agent: Mozilla/4.0 (compatible; MSIE 7.0; Windows NT 6.3; WOW64; Trident/7.0; .NET4.0E; .NET4.0C; .NET CLR 3.5.30729; .NET CLR 2.0.50727; .NET CLR 3.0.30729)
Accept: text/html, image/gif, image/jpeg, *; q=.2, */*; q=.2
Content-Length: 602
Host: localhost:8080
</requestHeader>
  <responseData class="java.lang.String">@0`1`4`2``0`UC`1`Status`Completed`SWEC`62`SRN`xK7T2pIB2ZOV15hwlQxQF5reKcoUB8VpMTZr7we8uAEb`0`1109`Notifications`0`2`0``0`OP`bn`bc`S_BC1`7`0``0`br`0`ArgsArray`28*UMF Message List Applet - SI1*11*01*0`size`5`cr`0`OP`g`bc`S_BC1`type`SWEIRowSelection`7`0``0`br`0`ArgsArray`28*UMF Message List Applet - SI16**ProdSelectionCC1*?12**AppletTitle1*?`size`5`cr`0`OP`g`bc`S_BC1`type`SWEIPrivFlds`7`0``0`br`0`ArgsArray`28*UMF Message List Applet - SI1*01*11*11*01*21*01*31*11*41*11*51*11*61*11*71*11*81*11*91*12*101*02*111*12*121*12*131*12*141*12*151*02*161*12*171*02*181*02*191*02*201*02*211*02*221*02*231*02*241*12*251*12*261*12*271*02*281*12*291*02*301*02*311*02*321*12*331*12*341*12*351*02*361*02*371*02*381*02*391*02*401*02*411*12*421*12*431*02*441*0`size`5`cr`0`OP`g`bc`S_BC1`type`SWEICanInvokeMethod`8`0``0`br`0`value`0`ar`-1`state`n`size`5`cr`0`OP`sc`bc`S_BC1`8`0``0`br`0`value`1`ar`-1`state`bExecuted`size`5`cr`0`OP`sc`bc`S_BC1`8`0``0`br`0`value`0`ar`-1`state`cp`size`5`cr`0`OP`sc`bc`S_BC1`8`0``0`br`0`value`0`ar`-1`state`np`size`5`cr`0`OP`sc`bc`S_BC1`8`0``0`br`0`value`1`ar`-1`state`n`size`5`cr`0`OP`sc`bc`S_BC1`8`0``0`br`0`value`0`ar`-1`state`n`size`5`cr`0`OP`sc`bc`S_BC1`8`0``0`br`0`value`1`ar`-1`state`bExecuted`size`5`cr`0`OP`sc`bc`S_BC1`8`0``0`br`0`value`0`ar`-1`state`cp`size`5`cr`0`OP`sc`bc`S_BC1`8`0``0`br`0`value`0`ar`-1`state`np`size`5`cr`0`OP`sc`bc`S_BC1`8`0``0`br`0`value`1`ar`-1`state`n`size`5`cr`0`OP`sc`bc`S_BC1`8`0``0`br`0`value`0`ar`-1`state`bExecuted`size`5`cr`0`OP`sc`bc`S_BC1`8`0``0`br`0`value`1`ar`-1`state`bExecuted`size`5`cr`0`OP`sc`bc`S_BC1`8`0``0`br`0`srt``s``ar`-1`size`5`cr`0`OP`e`bc`S_BC1`8`0``0`br`0`value`0`ar`-1`state`n`size`5`cr`0`OP`sc`bc`S_BC1`8`0``0`br`0`value`1`ar`-1`state`n`size`5`cr`0`OP`sc`bc`S_BC1`8`0``0`br`0`value`0`ar`-1`state`n`size`5`cr`0`OP`sc`bc`S_BC1`8`0``0`br`0`value`1`ar`-1`state`bExecuted`size`5`cr`0`OP`sc`bc`S_BC1`8`0``0`br`0`value`0`ar`-1`state`cp`size`5`cr`0`OP`sc`bc`S_BC1`8`0``0`br`0`value`0`ar`-1`state`np`size`5`cr`0`OP`sc`bc`S_BC1`8`0``0`br`0`value`1`ar`-1`state`n`size`5`cr`0`OP`sc`bc`S_BC1`8`0``0`br`0`value`0`ar`-1`state`n`size`5`cr`0`OP`sc`bc`S_BC1`8`0``0`br`0`value`1`ar`-1`state`bExecuted`size`5`cr`0`OP`sc`bc`S_BC1`8`0``0`br`0`value`0`ar`-1`state`cp`size`5`cr`0`OP`sc`bc`S_BC1`8`0``0`br`0`value`0`ar`-1`state`np`size`5`cr`0`OP`sc`bc`S_BC1`8`0``0`br`0`value`1`ar`-1`state`n`size`5`cr`0`OP`sc`bc`S_BC1`8`0``0`br`0`value`0`ar`-1`state`bExecuted`size`5`cr`0`OP`sc`bc`S_BC1`8`0``0`br`0`value`1`ar`-1`state`bExecuted`size`5`cr`0`OP`sc`bc`S_BC1`8`0``0`br`0`srt``s``ar`-1`size`5`cr`0`OP`e`bc`S_BC1`8`0``0`br`0`value`0`ar`-1`state`n`size`5`cr`0`OP`sc`bc`S_BC1`8`0``0`br`0`value`1`ar`-1`state`n`size`5`cr`0`OP`sc`bc`S_BC1`8`0``0`br`0`value`0`ar`-1`state`n`size`5`cr`0`OP`sc`bc`S_BC1`8`0``0`br`0`value`1`ar`-1`state`bExecuted`size`5`cr`0`OP`sc`bc`S_BC1`8`0``0`br`0`value`0`ar`-1`state`cp`size`5`cr`0`OP`sc`bc`S_BC1`8`0``0`br`0`value`0`ar`-1`state`np`size`5`cr`0`OP`sc`bc`S_BC1`8`0``0`br`0`value`1`ar`-1`state`n`size`5`cr`0`OP`sc`bc`S_BC1`8`0``0`br`0`value`0`ar`-1`state`n`size`5`cr`0`OP`sc`bc`S_BC1`8`0``0`br`0`value`1`ar`-1`state`bExecuted`size`5`cr`0`OP`sc`bc`S_BC1`8`0``0`br`0`value`0`ar`-1`state`cp`size`5`cr`0`OP`sc`bc`S_BC1`8`0``0`br`0`value`0`ar`-1`state`np`size`5`cr`0`OP`sc`bc`S_BC1`8`0``0`br`0`value`1`ar`-1`state`n`size`5`cr`0`OP`sc`bc`S_BC1`8`0``0`br`0`value`0`ar`-1`state`bExecuted`size`5`cr`0`OP`sc`bc`S_BC1`8`0``0`br`0`value`1`ar`-1`state`bExecuted`size`5`cr`0`OP`sc`bc`S_BC1`8`0``0`br`0`srt``s``ar`-1`size`5`cr`0`OP`e`bc`S_BC1`8`0``0`br`0`value`0`ar`-1`state`n`size`5`cr`0`OP`sc`bc`S_BC1`8`0``0`br`0`value`1`ar`-1`state`n`size`5`cr`0`OP`sc`bc`S_BC1`8`0``0`br`0`value`0`ar`-1`state`n`size`5`cr`0`OP`sc`bc`S_BC1`8`0``0`br`0`value`1`ar`-1`state`bExecuted`size`5`cr`0`OP`sc`bc`S_BC1`8`0``0`br`0`value`0`ar`-1`state`cp`size`5`cr`0`OP`sc`bc`S_BC1`8`0``0`br`0`value`0`ar`-1`state`np`size`5`cr`0`OP`sc`bc`S_BC1`8`0``0`br`0`value`1`ar`-1`state`n`size`5`cr`0`OP`sc`bc`S_BC1`8`0``0`br`0`value`0`ar`-1`state`n`size`5`cr`0`OP`sc`bc`S_BC1`8`0``0`br`0`value`1`ar`-1`state`bExecuted`size`5`cr`0`OP`sc`bc`S_BC1`8`0``0`br`0`value`0`ar`-1`state`cp`size`5`cr`0`OP`sc`bc`S_BC1`8`0``0`br`0`value`0`ar`-1`state`np`size`5`cr`0`OP`sc`bc`S_BC1`8`0``0`br`0`value`1`ar`-1`state`n`size`5`cr`0`OP`sc`bc`S_BC1`8`0``0`br`0`value`0`ar`-1`state`bExecuted`size`5`cr`0`OP`sc`bc`S_BC1`8`0``0`br`0`value`1`ar`-1`state`bExecuted`size`5`cr`0`OP`sc`bc`S_BC1`8`0``0`br`0`srt``s``ar`-1`size`5`cr`0`OP`e`bc`S_BC1`8`0``0`br`0`value`0`ar`-1`state`n`size`5`cr`0`OP`sc`bc`S_BC1`8`0``0`br`0`value`1`ar`-1`state`n`size`5`cr`0`OP`sc`bc`S_BC1`8`0``0`br`0`value`0`ar`-1`state`n`size`5`cr`0`OP`sc`bc`S_BC1`8`0``0`br`0`value`1`ar`-1`state`bExecuted`size`5`cr`0`OP`sc`bc`S_BC1`8`0``0`br`0`value`0`ar`-1`state`cp`size`5`cr`0`OP`sc`bc`S_BC1`8`0``0`br`0`value`0`ar`-1`state`np`size`5`cr`0`OP`sc`bc`S_BC1`8`0``0`br`0`value`1`ar`-1`state`n`size`5`cr`0`OP`sc`bc`S_BC1`8`0``0`br`0`value`0`ar`-1`state`n`size`5`cr`0`OP`sc`bc`S_BC1`8`0``0`br`0`value`1`ar`-1`state`bExecuted`size`5`cr`0`OP`sc`bc`S_BC1`8`0``0`br`0`value`0`ar`-1`state`cp`size`5`cr`0`OP`sc`bc`S_BC1`8`0``0`br`0`value`0`ar`-1`state`np`size`5`cr`0`OP`sc`bc`S_BC1`8`0``0`br`0`value`1`ar`-1`state`n`size`5`cr`0`OP`sc`bc`S_BC1`8`0``0`br`0`value`0`ar`-1`state`bExecuted`size`5`cr`0`OP`sc`bc`S_BC1`8`0``0`br`0`value`1`ar`-1`state`bExecuted`size`5`cr`0`OP`sc`bc`S_BC1`8`0``0`br`0`srt``s``ar`-1`size`5`cr`0`OP`e`bc`S_BC1`8`0``0`br`0`value`0`ar`-1`state`n`size`5`cr`0`OP`sc`bc`S_BC1`8`0``0`br`0`value`1`ar`0`state`n`size`5`cr`0`OP`sc`bc`S_BC1`8`0``0`br`0`value`0`ar`0`state`n`size`5`cr`0`OP`sc`bc`S_BC1`8`0``0`br`0`value`1`ar`0`state`bExecuted`size`5`cr`0`OP`sc`bc`S_BC1`8`0``0`br`0`value`0`ar`0`state`cp`size`5`cr`0`OP`sc`bc`S_BC1`8`0``0`br`0`value`0`ar`0`state`np`size`5`cr`0`OP`sc`bc`S_BC1`8`0``0`br`0`value`1`ar`0`state`n`size`5`cr`0`OP`sc`bc`S_BC1`8`0``0`br`0`value`0`ar`0`state`n`size`5`cr`0`OP`sc`bc`S_BC1`8`0``0`br`0`value`1`ar`0`state`bExecuted`size`5`cr`0`OP`sc`bc`S_BC1`8`0``0`br`0`value`0`ar`0`state`cp`size`5`cr`0`OP`sc`bc`S_BC1`8`0``0`br`0`value`0`ar`0`state`np`size`5`cr`0`OP`sc`bc`S_BC1`8`0``0`br`0`value`1`ar`0`state`n`size`5`cr`0`OP`sc`bc`S_BC1`8`0``0`br`0`value`0`ar`-1`state`bExecuted`size`5`cr`0`OP`sc`bc`S_BC1`8`0``0`br`0`value`1`ar`-1`state`bExecuted`size`5`cr`0`OP`sc`bc`S_BC1`8`0``0`br`0`srt``s``ar`-1`size`5`cr`0`OP`e`bc`S_BC1`8`0``0`br`0`value`0`ar`-1`state`n`size`5`cr`0`OP`sc`bc`S_BC1`8`0``0`br`0`value`1`ar`0`state`n`size`5`cr`0`OP`sc`bc`S_BC1`8`0``0`br`0`value`0`ar`0`state`n`size`5`cr`0`OP`sc`bc`S_BC1`8`0``0`br`0`value`1`ar`0`state`bExecuted`size`5`cr`0`OP`sc`bc`S_BC1`8`0``0`br`0`value`0`ar`0`state`cp`size`5`cr`0`OP`sc`bc`S_BC1`8`0``0`br`0`value`0`ar`0`state`np`size`5`cr`0`OP`sc`bc`S_BC1`8`0``0`br`0`value`1`ar`0`state`n`size`5`cr`0`OP`sc`bc`S_BC1`8`0``0`br`0`value`0`ar`0`state`n`size`5`cr`0`OP`sc`bc`S_BC1`8`0``0`br`0`value`1`ar`0`state`bExecuted`size`5`cr`0`OP`sc`bc`S_BC1`8`0``0`br`0`value`0`ar`0`state`cp`size`5`cr`0`OP`sc`bc`S_BC1`8`0``0`br`0`value`0`ar`0`state`np`size`5`cr`0`OP`sc`bc`S_BC1`8`0``0`br`0`value`1`ar`0`state`n`size`5`cr`0`OP`sc`bc`S_BC1`8`0``0`br`0`value`0`ar`0`state`n`size`5`cr`0`OP`sc`bc`S_BC1`8`0``0`br`0`value`1`ar`0`state`bExecuted`size`5`cr`0`OP`sc`bc`S_BC1`8`0``0`br`0`value`0`ar`0`state`cp`size`5`cr`0`OP`sc`bc`S_BC1`8`0``0`br`0`value`0`ar`0`state`np`size`5`cr`0`OP`sc`bc`S_BC1`8`0``0`br`0`value`1`ar`0`state`n`size`5`cr`0`OP`sc`bc`S_BC1`8`0``0`br`0`value`1`ar`0`state`cd`size`5`cr`0`OP`sc`bc`S_BC1`8`0``0`br`0`value`1`ar`0`state`cr`size`5`cr`0`OP`sc`bc`S_BC1`8`0``0`br`0`value`1`ar`0`state`nr`size`5`cr`0`OP`sc`bc`S_BC1`6`0``0`br`0`ar`0`size`5`cr`0`OP`nd`bc`S_BC1`8`0``0`br`0`ArgsArray`3249*&lt;a id=&quot;SWETopHidden1&quot; href=&quot;javascript:void(0);&quot; tabindex=&quot;7000&quot; title=&quot;Not Used&quot;&gt;&lt;/a&gt;&lt;form name=&quot;SWEForm1_0&quot; method=&quot;post&quot; action=&quot;/ecommunications_enu_nsm_aps05524a027/start.swe&quot; &gt;
&lt;div class=&quot;NotSelected&quot; id=&quot;a_1&quot;&gt;&lt;table datatable=&quot;0&quot; summary=&quot;&quot; width=&quot;100%&quot; cellspacing=&quot;0&quot; cellpadding=&quot;2&quot; border=&quot;0&quot; align=&quot;center&quot;&gt;&lt;tr class=&quot;AppletButtons&quot; align=&quot;left&quot;&gt;&lt;td&gt;&lt;img src=&quot;images/spacer.gif&quot; width=&quot;4&quot; height=&quot;1&quot; alt=&quot;&quot;&gt;&lt;/td&gt;&lt;td nowrap&gt;&lt;span class=&quot;minibuttonOn&quot;&gt;&lt;a href=&apos;JavaScript:void(0)&apos; onclick=&apos;window.s_1_1_4_0.EventPreInvoke(&quot;Response0&quot;,&quot;False&quot;,&quot;&quot;,&quot;&quot;); top._swe._sweapp.S_App.InvokeControlMethod(&quot;&quot;,&quot;UMF Message List Applet - SI&quot;,&quot;Response0&quot;); return false;&apos;  tabindex=7997  id=&apos;s_1_1_5_1_si&apos;&gt;Accept&lt;/a&gt;&lt;/span&gt;&lt;/td&gt;&lt;td nowrap&gt;&lt;span class=&quot;minibuttonOn&quot;&gt;&lt;a href=&apos;JavaScript:void(0)&apos; onclick=&apos;window.s_1_1_4_0.EventPreInvoke(&quot;Response1&quot;,&quot;False&quot;,&quot;&quot;,&quot;&quot;); top._swe._sweapp.S_App.InvokeControlMethod(&quot;&quot;,&quot;UMF Message List Applet - SI&quot;,&quot;Response1&quot;); return false;&apos;  tabindex=7997  id=&apos;s_1_1_6_1_si&apos;&gt;Reject&lt;/a&gt;&lt;/span&gt;&lt;/td&gt;&lt;td nowrap&gt;&lt;img src=&quot;images/row_on_d.gif&quot; border=&quot;0&quot; space=&quot;0&quot; hspace=&quot;0&quot; alt=&quot;Record selected&quot;  title=&quot;Record selected&quot; &gt;&lt;/img&gt;&lt;/td&gt;&lt;td&gt;&lt;table datatable=&quot;0&quot; summary=&quot;&quot; width=&quot;100%&quot; valign=&quot;top&quot; align=&quot;center&quot; cellpadding=&apos;0&apos; cellspacing=&apos;0&apos; border=&apos;0&apos;&gt;&lt;/table&gt;&lt;/td&gt;&lt;td nowrap&gt;&amp;nbsp;&lt;b&gt;&lt;/b&gt;&lt;/td&gt;&lt;td align=&quot;right&quot; width=&quot;100%&quot;&gt;&lt;td valign=&quot;middle&quot; nowrap&gt;&lt;span id=&apos;SWEApplet1_ctrlmsg&apos;&gt;&lt;/span&gt;&lt;/td&gt;&lt;td class=&quot;AppletTitle&quot; valign=&quot;middle&quot; nowrap&gt;&lt;img src=&quot;images/rcnv_prvset_0.gif&quot; border=&quot;0&quot; space=&quot;0&quot; hspace=&quot;0&quot; alt=&quot;Previous record set&quot;  title=&quot;Previous record set&quot; &gt;&lt;/img&gt;&lt;/td&gt;&lt;td class=&quot;AppletTitle&quot; valign=&quot;middle&quot; nowrap&gt;&amp;nbsp;1 - 1 of 1&amp;nbsp;&lt;/td&gt;&lt;td class=&quot;AppletTitle&quot; valign=&quot;middle&quot; nowrap&gt;&lt;img src=&quot;images/rcnv_nxtset_0.gif&quot; border=&quot;0&quot; space=&quot;0&quot; hspace=&quot;0&quot; alt=&quot;Next record set&quot;  title=&quot;Next record set&quot; &gt;&lt;/img&gt;&lt;/td&gt;&lt;td&gt;&amp;nbsp;&lt;/td&gt;&lt;/td&gt;&lt;td valign=&quot;top&quot; align=&quot;right&quot;&gt;&lt;/td&gt;&lt;/tr&gt;&lt;/table&gt;&lt;div class=&quot;AppletHIListBorder&quot;&gt;&lt;table width=&quot;100%&quot; cellpadding=&quot;0&quot; cellspacing=&quot;0&quot; border=&quot;0&quot; align=&quot;center&quot; class=&quot;AppletBack&quot; datatable=&quot;0&quot; summary=&quot;&quot;&gt;&lt;tr&gt;&lt;td class = &quot;AppletHIListBorder&quot;&gt;&lt;table valign=&quot;top&quot; width=&quot;100%&quot; cellpadding=&quot;2&quot; cellspacing=&quot;0&quot; border=&quot;0&quot; borderColor=&quot;#cccccc&quot; datatable=&quot;1&quot; summary=&quot;&quot;&gt;&lt;tr class=&quot;Header&quot;&gt;&lt;th class=&quot;Header&quot; align=&quot;center&quot; scope=&quot;col&quot;&gt;&amp;nbsp;&lt;/th&gt;&lt;th  width=&quot;100&quot; class=&quot;Header&quot; scope=&quot;col&quot; abbr=&quot;&quot;&gt;&lt;table cellpadding=&quot;0&quot; cellspacing=&quot;0&quot; border=&quot;0&quot; datatable=&quot;0&quot; summary=&quot;&quot;&gt;&lt;tr&gt;&lt;td&gt;Message&lt;/td&gt;&lt;td&gt;&amp;nbsp;&lt;/td&gt;&lt;td&gt; &lt;table cellpadding=&quot;0&quot; cellspacing=&quot;0&quot; border=&quot;0&quot; datatable=&quot;0&quot; summary=&quot;&quot;&gt;&lt;tr&gt;&lt;td&gt;&lt;/td&gt;&lt;/tr&gt;&lt;tr&gt;&lt;td&gt;&lt;/td&gt;&lt;/tr&gt;&lt;/table&gt;&lt;/td&gt;&lt;/tr&gt;&lt;/table&gt;&lt;/th&gt;&lt;/tr&gt;&lt;tr class=&quot;&quot;&gt;&lt;td width=&quot;42&quot; align=&quot;center&quot; class=&quot;RowChevron&quot;&gt;&lt;img src=&quot;images/row_on_d.gif&quot; border=&quot;0&quot; space=&quot;0&quot; hspace=&quot;0&quot; alt=&quot;Record selected&quot;  title=&quot;Record selected&quot; &gt;&lt;/img&gt;&lt;/td&gt;&lt;td  class=&quot;Row&quot; scope=&quot;&quot;&gt;&lt;span  id=&apos;s_1_2_25_1&apos; &gt;Recommend âHome IT Call - 12 Monthâ for Â£3.99: Value Added Service (VAS)&lt;/span&gt;&lt;/td&gt;&lt;/tr&gt;&lt;/table&gt;&lt;/td&gt;&lt;/tr&gt;&lt;/table&gt;&lt;/div&gt;&lt;/div&gt;&lt;/span&gt;&lt;span id=&apos;s_0&apos;&gt;&lt;/span&gt;&lt;/form&gt;
&lt;a id=&quot;SWEEndAppletStartAnchor_1&quot; href=&quot;javascript:void(0);&quot; tabindex=&quot;7999&quot;&gt;&lt;/a&gt;&lt;a id=&quot;SWEEndAppletEndAnchor_1&quot; href=&quot;javascript:void(0);&quot; tabindex=&quot;7999&quot; onfocus=&quot;document.getElementById(&apos;SWEEndAppletStartAnchor_1&apos;).focus();&quot;&gt;&lt;/a&gt;`ar`0`size`5`cr`0`OP`g`bc`S_BC1`type`RefreshSpanInnerHTML`8`0``0`br`0`ArgsArray`27*@0*1*0*0*13*AppletRowData0*`ar`0`size`5`cr`0`OP`g`bc`S_BC1`type`RefreshRowFieldDefs`8`0``0`br`0`value`0`ar`0`state`n`size`5`cr`0`OP`sc`bc`S_BC1`8`0``0`br`0`value`1`ar`0`state`bExecuted`size`5`cr`0`OP`sc`bc`S_BC1`8`0``0`br`0`value`0`ar`0`state`cp`size`5`cr`0`OP`sc`bc`S_BC1`8`0``0`br`0`value`0`ar`0`state`np`size`5`cr`0`OP`sc`bc`S_BC1`8`0``0`br`0`value`1`ar`0`state`n`size`5`cr`0`OP`sc`bc`S_BC1`8`0``0`br`0`value`0`ar`0`state`n`size`5`cr`0`OP`sc`bc`S_BC1`8`0``0`br`0`value`1`ar`0`state`bExecuted`size`5`cr`0`OP`sc`bc`S_BC1`8`0``0`br`0`value`0`ar`0`state`cp`size`5`cr`0`OP`sc`bc`S_BC1`8`0``0`br`0`value`0`ar`0`state`np`size`5`cr`0`OP`sc`bc`S_BC1`8`0``0`br`0`value`1`ar`0`state`n`size`5`cr`0`OP`sc`bc`S_BC1`8`0``0`br`0`value`0`ar`-1`state`bExecuted`size`5`cr`0`OP`sc`bc`S_BC1`8`0``0`br`0`value`1`ar`-1`state`bExecuted`size`5`cr`0`OP`sc`bc`S_BC1`8`0``0`br`0`srt``s``ar`-1`size`5`cr`0`OP`e`bc`S_BC1`8`0``0`br`0`value`0`ar`-1`state`n`size`5`cr`0`OP`sc`bc`S_BC1`8`0``0`br`0`value`1`ar`0`state`n`size`5`cr`0`OP`sc`bc`S_BC1`8`0``0`br`0`value`0`ar`0`state`n`size`5`cr`0`OP`sc`bc`S_BC1`8`0``0`br`0`value`1`ar`0`state`bExecuted`size`5`cr`0`OP`sc`bc`S_BC1`8`0``0`br`0`value`0`ar`0`state`cp`size`5`cr`0`OP`sc`bc`S_BC1`8`0``0`br`0`value`0`ar`0`state`np`size`5`cr`0`OP`sc`bc`S_BC1`8`0``0`br`0`value`1`ar`0`state`n`size`5`cr`0`OP`sc`bc`S_BC1`8`0``0`br`0`value`0`ar`0`state`n`size`5`cr`0`OP`sc`bc`S_BC1`8`0``0`br`0`value`1`ar`0`state`bExecuted`size`5`cr`0`OP`sc`bc`S_BC1`8`0``0`br`0`value`0`ar`0`state`cp`size`5`cr`0`OP`sc`bc`S_BC1`8`0``0`br`0`value`0`ar`0`state`np`size`5`cr`0`OP`sc`bc`S_BC1`8`0``0`br`0`value`1`ar`0`state`n`size`5`cr`0`OP`sc`bc`S_BC1`8`0``0`br`0`value`0`ar`0`state`n`size`5`cr`0`OP`sc`bc`S_BC1`8`0``0`br`0`ar`0`size`5`index`0`cr`0`OP`dw`bc`S_BC1`nr`-1`7`1``0`br`0`ar`0`size`5`index`0`cr`0`OP`iw`bc`S_BC1`1`0`FieldValues`0`ValueArray`72*Recommend âHome IT Call - 12 Monthâ for Â£3.99: Value Added Service (VAS)6*VRId-0`7`1``0`br`0`ar`0`size`5`index`1`cr`0`OP`iw`bc`S_BC1`1`0`FieldValues`0`ValueArray`63*Recommend âDigitalVault Plusâ for Â£0: Value Added Service (VAS)6*VRId-1`7`1``0`br`0`ar`0`size`5`index`2`cr`0`OP`iw`bc`S_BC1`1`0`FieldValues`0`ValueArray`75*Recommend âBT Virus Protect (15 devices)â for Â£0: Value Added Service (VAS)6*VRId-2`8`0``0`br`0`value`1`ar`0`state`bExecuted`size`5`cr`0`OP`sc`bc`S_BC1`8`0``0`br`0`value`0`ar`0`state`activeRow`size`5`cr`0`OP`sc`bc`S_BC1`8`0``0`br`0`value`0`ar`0`state`cp`size`5`cr`0`OP`sc`bc`S_BC1`8`0``0`br`0`value`0`ar`0`state`np`size`5`cr`0`OP`sc`bc`S_BC1`8`0``0`br`0`value`1`ar`0`state`n`size`5`cr`0`OP`sc`bc`S_BC1`8`0``0`br`0`value`3`ar`0`state`nr`size`5`cr`0`OP`sc`bc`S_BC1`6`0``0`br`0`ar`0`size`5`cr`0`OP`nd`bc`S_BC1`8`0``0`br`0`ArgsArray`4205*&lt;a id=&quot;SWETopHidden1&quot; href=&quot;javascript:void(0);&quot; tabindex=&quot;7000&quot; title=&quot;Not Used&quot;&gt;&lt;/a&gt;&lt;form name=&quot;SWEForm1_1&quot; method=&quot;post&quot; action=&quot;/ecommunications_enu_nsm_aps05524a027/start.swe&quot; &gt;
&lt;div class=&quot;NotSelected&quot; id=&quot;a_1&quot;&gt;&lt;table datatable=&quot;0&quot; summary=&quot;&quot; width=&quot;100%&quot; cellspacing=&quot;0&quot; cellpadding=&quot;2&quot; border=&quot;0&quot; align=&quot;center&quot;&gt;&lt;tr class=&quot;AppletButtons&quot; align=&quot;left&quot;&gt;&lt;td&gt;&lt;img src=&quot;images/spacer.gif&quot; width=&quot;4&quot; height=&quot;1&quot; alt=&quot;&quot;&gt;&lt;/td&gt;&lt;td nowrap&gt;&lt;span class=&quot;minibuttonOn&quot;&gt;&lt;a href=&apos;JavaScript:void(0)&apos; onclick=&apos;window.s_1_1_4_0.EventPreInvoke(&quot;Response0&quot;,&quot;False&quot;,&quot;&quot;,&quot;&quot;); top._swe._sweapp.S_App.InvokeControlMethod(&quot;&quot;,&quot;UMF Message List Applet - SI&quot;,&quot;Response0&quot;); return false;&apos;  tabindex=7997  id=&apos;s_1_1_5_1_si&apos;&gt;Accept&lt;/a&gt;&lt;/span&gt;&lt;/td&gt;&lt;td nowrap&gt;&lt;span class=&quot;minibuttonOn&quot;&gt;&lt;a href=&apos;JavaScript:void(0)&apos; onclick=&apos;window.s_1_1_4_0.EventPreInvoke(&quot;Response1&quot;,&quot;False&quot;,&quot;&quot;,&quot;&quot;); top._swe._sweapp.S_App.InvokeControlMethod(&quot;&quot;,&quot;UMF Message List Applet - SI&quot;,&quot;Response1&quot;); return false;&apos;  tabindex=7997  id=&apos;s_1_1_6_1_si&apos;&gt;Reject&lt;/a&gt;&lt;/span&gt;&lt;/td&gt;&lt;td nowrap&gt;&lt;img src=&quot;images/row_on_d.gif&quot; border=&quot;0&quot; space=&quot;0&quot; hspace=&quot;0&quot; alt=&quot;Record selected&quot;  title=&quot;Record selected&quot; &gt;&lt;/img&gt;&lt;/td&gt;&lt;td&gt;&lt;table datatable=&quot;0&quot; summary=&quot;&quot; width=&quot;100%&quot; valign=&quot;top&quot; align=&quot;center&quot; cellpadding=&apos;0&apos; cellspacing=&apos;0&apos; border=&apos;0&apos;&gt;&lt;/table&gt;&lt;/td&gt;&lt;td nowrap&gt;&amp;nbsp;&lt;b&gt;&lt;/b&gt;&lt;/td&gt;&lt;td align=&quot;right&quot; width=&quot;100%&quot;&gt;&lt;td valign=&quot;middle&quot; nowrap&gt;&lt;span id=&apos;SWEApplet1_ctrlmsg&apos;&gt;&lt;/span&gt;&lt;/td&gt;&lt;td class=&quot;AppletTitle&quot; valign=&quot;middle&quot; nowrap&gt;&lt;img src=&quot;images/rcnv_prvset_0.gif&quot; border=&quot;0&quot; space=&quot;0&quot; hspace=&quot;0&quot; alt=&quot;Previous record set&quot;  title=&quot;Previous record set&quot; &gt;&lt;/img&gt;&lt;/td&gt;&lt;td class=&quot;AppletTitle&quot; valign=&quot;middle&quot; nowrap&gt;&amp;nbsp;1 - 3 of 3&amp;nbsp;&lt;/td&gt;&lt;td class=&quot;AppletTitle&quot; valign=&quot;middle&quot; nowrap&gt;&lt;img src=&quot;images/rcnv_nxtset_0.gif&quot; border=&quot;0&quot; space=&quot;0&quot; hspace=&quot;0&quot; alt=&quot;Next record set&quot;  title=&quot;Next record set&quot; &gt;&lt;/img&gt;&lt;/td&gt;&lt;td&gt;&amp;nbsp;&lt;/td&gt;&lt;/td&gt;&lt;td valign=&quot;top&quot; align=&quot;right&quot;&gt;&lt;/td&gt;&lt;/tr&gt;&lt;/table&gt;&lt;div class=&quot;AppletHIListBorder&quot;&gt;&lt;table width=&quot;100%&quot; cellpadding=&quot;0&quot; cellspacing=&quot;0&quot; border=&quot;0&quot; align=&quot;center&quot; class=&quot;AppletBack&quot; datatable=&quot;0&quot; summary=&quot;&quot;&gt;&lt;tr&gt;&lt;td class = &quot;AppletHIListBorder&quot;&gt;&lt;table valign=&quot;top&quot; width=&quot;100%&quot; cellpadding=&quot;2&quot; cellspacing=&quot;0&quot; border=&quot;0&quot; borderColor=&quot;#cccccc&quot; datatable=&quot;1&quot; summary=&quot;&quot;&gt;&lt;tr class=&quot;Header&quot;&gt;&lt;th class=&quot;Header&quot; align=&quot;center&quot; scope=&quot;col&quot;&gt;&amp;nbsp;&lt;/th&gt;&lt;th  width=&quot;100&quot; class=&quot;Header&quot; scope=&quot;col&quot; abbr=&quot;&quot;&gt;&lt;table cellpadding=&quot;0&quot; cellspacing=&quot;0&quot; border=&quot;0&quot; datatable=&quot;0&quot; summary=&quot;&quot;&gt;&lt;tr&gt;&lt;td&gt;Message&lt;/td&gt;&lt;td&gt;&amp;nbsp;&lt;/td&gt;&lt;td&gt; &lt;table cellpadding=&quot;0&quot; cellspacing=&quot;0&quot; border=&quot;0&quot; datatable=&quot;0&quot; summary=&quot;&quot;&gt;&lt;tr&gt;&lt;td&gt;&lt;/td&gt;&lt;/tr&gt;&lt;tr&gt;&lt;td&gt;&lt;/td&gt;&lt;/tr&gt;&lt;/table&gt;&lt;/td&gt;&lt;/tr&gt;&lt;/table&gt;&lt;/th&gt;&lt;/tr&gt;&lt;tr class=&quot;&quot;&gt;&lt;td width=&quot;42&quot; align=&quot;center&quot; class=&quot;RowChevron&quot;&gt;&lt;img src=&quot;images/row_on_d.gif&quot; border=&quot;0&quot; space=&quot;0&quot; hspace=&quot;0&quot; alt=&quot;Record selected&quot;  title=&quot;Record selected&quot; &gt;&lt;/img&gt;&lt;/td&gt;&lt;td  class=&quot;Row&quot; scope=&quot;&quot;&gt;&lt;span  id=&apos;s_1_2_25_1&apos; &gt;Recommend âHome IT Call - 12 Monthâ for Â£3.99: Value Added Service (VAS)&lt;/span&gt;&lt;/td&gt;&lt;/tr&gt;&lt;tr class=&quot;&quot;&gt;&lt;td width=&quot;42&quot; align=&quot;center&quot; class=&quot;RowChevron&quot;&gt;&lt;a href=&apos;JavaScript:void(0)&apos; onclick=&apos;window.s_1_1_4_0.EventPreInvoke(&quot;PositionOnRow&quot;,&quot;True&quot;,&quot;VRId-1&quot;,&quot;1&quot;); return false;&apos;  tabindex=7997  id=&apos;s_1_1_3_2_si&apos;&gt;&lt;img src=&quot;images/row_off_d.gif&quot; border=&quot;0&quot; space=&quot;0&quot; hspace=&quot;0&quot; alt=&quot;Select record&quot;  title=&quot;Select record&quot; &gt;&lt;/img&gt;&lt;/a&gt;&lt;/td&gt;&lt;td  class=&quot;Row&quot; scope=&quot;&quot;&gt;&lt;span  id=&apos;s_1_2_25_2&apos; &gt;Recommend âDigitalVault Plusâ for Â£0: Value Added Service (VAS)&lt;/span&gt;&lt;/td&gt;&lt;/tr&gt;&lt;tr class=&quot;&quot;&gt;&lt;td width=&quot;42&quot; align=&quot;center&quot; class=&quot;RowChevron&quot;&gt;&lt;a href=&apos;JavaScript:void(0)&apos; onclick=&apos;window.s_1_1_4_0.EventPreInvoke(&quot;PositionOnRow&quot;,&quot;True&quot;,&quot;VRId-2&quot;,&quot;2&quot;); return false;&apos;  tabindex=7997  id=&apos;s_1_1_3_3_si&apos;&gt;&lt;img src=&quot;images/row_off_d.gif&quot; border=&quot;0&quot; space=&quot;0&quot; hspace=&quot;0&quot; alt=&quot;Select record&quot;  title=&quot;Select record&quot; &gt;&lt;/img&gt;&lt;/a&gt;&lt;/td&gt;&lt;td  class=&quot;Row&quot; scope=&quot;&quot;&gt;&lt;span  id=&apos;s_1_2_25_3&apos; &gt;Recommend âBT Virus Protect (15 devices)â for Â£0: Value Added Service (VAS)&lt;/span&gt;&lt;/td&gt;&lt;/tr&gt;&lt;/table&gt;&lt;/td&gt;&lt;/tr&gt;&lt;/table&gt;&lt;/div&gt;&lt;/div&gt;&lt;/span&gt;&lt;span id=&apos;s_1&apos;&gt;&lt;/span&gt;&lt;/form&gt;
&lt;a id=&quot;SWEEndAppletStartAnchor_1&quot; href=&quot;javascript:void(0);&quot; tabindex=&quot;7999&quot;&gt;&lt;/a&gt;&lt;a id=&quot;SWEEndAppletEndAnchor_1&quot; href=&quot;javascript:void(0);&quot; tabindex=&quot;7999&quot; onfocus=&quot;document.getElementById(&apos;SWEEndAppletStartAnchor_1&apos;).focus();&quot;&gt;&lt;/a&gt;`ar`0`size`5`cr`0`OP`g`bc`S_BC1`type`RefreshSpanInnerHTML`8`0``0`br`0`ArgsArray`27*@0*1*0*0*13*AppletRowData0*`ar`0`size`5`cr`0`OP`g`bc`S_BC1`type`RefreshRowFieldDefs`8`0``0`br`0`value`1`ar`0`state`cud`size`5`cr`0`OP`sc`bc`S_BC1`2`0``0`OP`en`bc`S_BC1`2`0``0`OP`bn`bc`S_BC2`7`0``0`br`0`ArgsArray`32*Catalog Order Header Form Applet17**External Order #1*?20**Integration Message1*?19**Integration Status1*?14**Return Reason1*?16**Sold To Address1*?13**Sold To Site1*?`size`1`cr`0`OP`g`bc`S_BC2`type`SWEIPrivFlds`8`0``0`br`0`value`0`ar`0`state`n`size`1`cr`0`OP`sc`bc`S_BC2`8`0``0`br`0`value`1`ar`0`state`bExecuted`size`1`cr`0`OP`sc`bc`S_BC2`8`0``0`br`0`value`0`ar`0`state`cp`size`1`cr`0`OP`sc`bc`S_BC2`8`0``0`br`0`value`0`ar`0`state`np`size`1`cr`0`OP`sc`bc`S_BC2`8`0``0`br`0`value`1`ar`0`state`n`size`1`cr`0`OP`sc`bc`S_BC2`8`0``0`br`0`value`0`ar`0`state`n`size`1`cr`0`OP`sc`bc`S_BC2`8`0``0`br`0`value`1`ar`0`state`bExecuted`size`1`cr`0`OP`sc`bc`S_BC2`8`0``0`br`0`value`0`ar`0`state`cp`size`1`cr`0`OP`sc`bc`S_BC2`8`0``0`br`0`value`0`ar`0`state`np`size`1`cr`0`OP`sc`bc`S_BC2`8`0``0`br`0`value`1`ar`0`state`n`size`1`cr`0`OP`sc`bc`S_BC2`8`0``0`br`0`value`0`ar`0`state`n`size`1`cr`0`OP`sc`bc`S_BC2`8`0``0`br`0`value`1`ar`0`state`bExecuted`size`1`cr`0`OP`sc`bc`S_BC2`8`0``0`br`0`value`0`ar`0`state`cp`size`1`cr`0`OP`sc`bc`S_BC2`8`0``0`br`0`value`0`ar`0`state`np`size`1`cr`0`OP`sc`bc`S_BC2`8`0``0`br`0`value`1`ar`0`state`n`size`1`cr`0`OP`sc`bc`S_BC2`8`0``0`br`0`value`0`ar`0`state`n`size`1`cr`0`OP`sc`bc`S_BC2`8`0``0`br`0`value`1`ar`0`state`bExecuted`size`1`cr`0`OP`sc`bc`S_BC2`8`0``0`br`0`value`0`ar`0`state`cp`size`1`cr`0`OP`sc`bc`S_BC2`8`0``0`br`0`value`0`ar`0`state`np`size`1`cr`0`OP`sc`bc`S_BC2`8`0``0`br`0`value`1`ar`0`state`n`size`1`cr`0`OP`sc`bc`S_BC2`8`0``0`br`0`value`0`ar`0`state`n`size`1`cr`0`OP`sc`bc`S_BC2`8`0``0`br`0`value`1`ar`0`state`bExecuted`size`1`cr`0`OP`sc`bc`S_BC2`8`0``0`br`0`value`0`ar`0`state`cp`size`1`cr`0`OP`sc`bc`S_BC2`8`0``0`br`0`value`0`ar`0`state`np`size`1`cr`0`OP`sc`bc`S_BC2`8`0``0`br`0`value`1`ar`0`state`n`size`1`cr`0`OP`sc`bc`S_BC2`8`0``0`br`0`value`0`ar`0`state`n`size`1`cr`0`OP`sc`bc`S_BC2`8`0``0`br`0`value`1`ar`0`state`bExecuted`size`1`cr`0`OP`sc`bc`S_BC2`8`0``0`br`0`value`0`ar`0`state`cp`size`1`cr`0`OP`sc`bc`S_BC2`8`0``0`br`0`value`0`ar`0`state`np`size`1`cr`0`OP`sc`bc`S_BC2`8`0``0`br`0`value`1`ar`0`state`n`size`1`cr`0`OP`sc`bc`S_BC2`8`0``0`br`0`value`0`ar`0`state`n`size`1`cr`0`OP`sc`bc`S_BC2`8`0``0`br`0`value`1`ar`0`state`bExecuted`size`1`cr`0`OP`sc`bc`S_BC2`8`0``0`br`0`value`0`ar`0`state`cp`size`1`cr`0`OP`sc`bc`S_BC2`8`0``0`br`0`value`0`ar`0`state`np`size`1`cr`0`OP`sc`bc`S_BC2`8`0``0`br`0`value`1`ar`0`state`n`size`1`cr`0`OP`sc`bc`S_BC2`8`0``0`br`0`value`0`ar`0`state`n`size`1`cr`0`OP`sc`bc`S_BC2`8`0``0`br`0`value`1`ar`0`state`bExecuted`size`1`cr`0`OP`sc`bc`S_BC2`8`0``0`br`0`value`0`ar`0`state`cp`size`1`cr`0`OP`sc`bc`S_BC2`8`0``0`br`0`value`0`ar`0`state`np`size`1`cr`0`OP`sc`bc`S_BC2`8`0``0`br`0`value`1`ar`0`state`n`size`1`cr`0`OP`sc`bc`S_BC2`8`0``0`br`0`value`0`ar`0`state`n`size`1`cr`0`OP`sc`bc`S_BC2`8`0``0`br`0`value`1`ar`0`state`bExecuted`size`1`cr`0`OP`sc`bc`S_BC2`8`0``0`br`0`value`0`ar`0`state`cp`size`1`cr`0`OP`sc`bc`S_BC2`8`0``0`br`0`value`0`ar`0`state`np`size`1`cr`0`OP`sc`bc`S_BC2`8`0``0`br`0`value`1`ar`0`state`n`size`1`cr`0`OP`sc`bc`S_BC2`8`0``0`br`0`value`0`ar`0`state`n`size`1`cr`0`OP`sc`bc`S_BC2`8`0``0`br`0`value`1`ar`0`state`bExecuted`size`1`cr`0`OP`sc`bc`S_BC2`8`0``0`br`0`value`0`ar`0`state`cp`size`1`cr`0`OP`sc`bc`S_BC2`8`0``0`br`0`value`0`ar`0`state`np`size`1`cr`0`OP`sc`bc`S_BC2`8`0``0`br`0`value`1`ar`0`state`n`size`1`cr`0`OP`sc`bc`S_BC2`8`0``0`br`0`value`0`ar`0`state`n`size`1`cr`0`OP`sc`bc`S_BC2`8`0``0`br`0`value`1`ar`0`state`bExecuted`size`1`cr`0`OP`sc`bc`S_BC2`8`0``0`br`0`value`0`ar`0`state`cp`size`1`cr`0`OP`sc`bc`S_BC2`8`0``0`br`0`value`0`ar`0`state`np`size`1`cr`0`OP`sc`bc`S_BC2`8`0``0`br`0`value`1`ar`0`state`n`size`1`cr`0`OP`sc`bc`S_BC2`8`0``0`br`0`value`0`ar`0`state`n`size`1`cr`0`OP`sc`bc`S_BC2`8`0``0`br`0`value`1`ar`0`state`bExecuted`size`1`cr`0`OP`sc`bc`S_BC2`8`0``0`br`0`value`0`ar`0`state`cp`size`1`cr`0`OP`sc`bc`S_BC2`8`0``0`br`0`value`0`ar`0`state`np`size`1`cr`0`OP`sc`bc`S_BC2`8`0``0`br`0`value`1`ar`0`state`n`size`1`cr`0`OP`sc`bc`S_BC2`8`0``0`br`0`value`0`ar`0`state`n`size`1`cr`0`OP`sc`bc`S_BC2`8`0``0`br`0`value`1`ar`0`state`bExecuted`size`1`cr`0`OP`sc`bc`S_BC2`8`0``0`br`0`value`0`ar`0`state`cp`size`1`cr`0`OP`sc`bc`S_BC2`8`0``0`br`0`value`0`ar`0`state`np`size`1`cr`0`OP`sc`bc`S_BC2`8`0``0`br`0`value`1`ar`0`state`n`size`1`cr`0`OP`sc`bc`S_BC2`8`0``0`br`0`value`0`ar`0`state`n`size`1`cr`0`OP`sc`bc`S_BC2`8`0``0`br`0`value`1`ar`0`state`bExecuted`size`1`cr`0`OP`sc`bc`S_BC2`8`0``0`br`0`value`0`ar`0`state`cp`size`1`cr`0`OP`sc`bc`S_BC2`8`0``0`br`0`value`0`ar`0`state`np`size`1`cr`0`OP`sc`bc`S_BC2`8`0``0`br`0`value`1`ar`0`state`n`size`1`cr`0`OP`sc`bc`S_BC2`8`0``0`br`0`value`0`ar`0`state`n`size`1`cr`0`OP`sc`bc`S_BC2`8`0``0`br`0`value`1`ar`0`state`bExecuted`size`1`cr`0`OP`sc`bc`S_BC2`8`0``0`br`0`value`0`ar`0`state`cp`size`1`cr`0`OP`sc`bc`S_BC2`8`0``0`br`0`value`0`ar`0`state`np`size`1`cr`0`OP`sc`bc`S_BC2`8`0``0`br`0`value`1`ar`0`state`n`size`1`cr`0`OP`sc`bc`S_BC2`6`0``0`br`0`ar`0`size`1`cr`0`OP`nd`bc`S_BC2`7`0``0`br`0`ar`0`size`1`cr`0`OP`nfd`bc`S_BC2`f`LOY Point 1 Value`7`0``0`br`0`ar`0`size`1`cr`0`OP`nfd`bc`S_BC2`f`Line Items Volume`7`0``0`br`0`ar`0`size`1`cr`0`OP`nfd`bc`S_BC2`f`Item Line Tax Total`7`0``0`br`0`ar`0`size`1`cr`0`OP`nfd`bc`S_BC2`f`Internal Tax Amount`7`0``0`br`0`ar`0`size`1`cr`0`OP`nfd`bc`S_BC2`f`Tax`7`0``0`br`0`ar`0`size`1`cr`0`OP`nfd`bc`S_BC2`f`LOY Point 4 Value`7`0``0`br`0`ar`0`size`1`cr`0`OP`nfd`bc`S_BC2`f`LOY Point 2 Value`7`0``0`br`0`ar`0`size`1`cr`0`OP`nfd`bc`S_BC2`f`Line Items Weight`7`0``0`br`0`ar`0`size`1`cr`0`OP`nfd`bc`S_BC2`f`Items Weight`7`0``0`br`0`ar`0`size`1`cr`0`OP`nfd`bc`S_BC2`f`UoM based Total Line Items Weight Ext`7`0``0`br`0`ar`0`size`1`cr`0`OP`nfd`bc`S_BC2`f`Third Party Item Line Tax Total`7`0``0`br`0`ar`0`size`1`cr`0`OP`nfd`bc`S_BC2`f`Third Party Tax Amount`7`0``0`br`0`ar`0`size`1`cr`0`OP`nfd`bc`S_BC2`f`BT Line Items`7`0``0`br`0`ar`0`size`1`cr`0`OP`nfd`bc`S_BC2`f`LOY Point 3 Value`7`0``0`br`0`ar`0`size`1`cr`0`OP`nfd`bc`S_BC2`f`Accepted Price`7`0``0`br`0`ar`0`size`1`cr`0`OP`nfd`bc`S_BC2`f`LOY Point 1 Value Total`7`0``0`br`0`ar`0`size`1`cr`0`OP`nfd`bc`S_BC2`f`LOY Point 2 Value Total`7`0``0`br`0`ar`0`size`1`cr`0`OP`nfd`bc`S_BC2`f`LOY Point 3 Value Total`7`0``0`br`0`ar`0`size`1`cr`0`OP`nfd`bc`S_BC2`f`LOY Point 4 Value Total`7`0``0`br`0`ar`0`size`1`cr`0`OP`nfd`bc`S_BC2`f`Order Item Quantity`7`0``0`br`0`ar`0`size`1`cr`0`OP`nfd`bc`S_BC2`f`Items Volume`7`0``0`br`0`ar`0`size`1`cr`0`OP`nfd`bc`S_BC2`f`Total Accepted Price`7`0``0`br`0`ar`0`size`1`cr`0`OP`nfd`bc`S_BC2`f`BT PSTN Product`7`0``0`br`0`ar`0`size`1`cr`0`OP`nfd`bc`S_BC2`f`BT Product Line Type`7`0``0`br`0`ar`0`size`1`cr`0`OP`nfd`bc`S_BC2`f`BT Product Line`7`0``0`br`0`ar`0`size`1`cr`0`OP`nfd`bc`S_BC2`f`BT PSTN Product Sum`8`0``0`br`0`value`0`ar`0`state`n`size`1`cr`0`OP`sc`bc`S_BC2`8`0``0`br`0`value`1`ar`0`state`bExecuted`size`1`cr`0`OP`sc`bc`S_BC2`8`0``0`br`0`value`0`ar`0`state`cp`size`1`cr`0`OP`sc`bc`S_BC2`8`0``0`br`0`value`0`ar`0`state`np`size`1`cr`0`OP`sc`bc`S_BC2`8`0``0`br`0`value`1`ar`0`state`n`size`1`cr`0`OP`sc`bc`S_BC2`8`0``0`br`0`value`0`ar`0`state`n`size`1`cr`0`OP`sc`bc`S_BC2`8`0``0`br`0`value`1`ar`0`state`bExecuted`size`1`cr`0`OP`sc`bc`S_BC2`8`0``0`br`0`value`0`ar`0`state`cp`size`1`cr`0`OP`sc`bc`S_BC2`8`0``0`br`0`value`0`ar`0`state`np`size`1`cr`0`OP`sc`bc`S_BC2`8`0``0`br`0`value`1`ar`0`state`n`size`1`cr`0`OP`sc`bc`S_BC2`8`0``0`br`0`value`0`ar`0`state`n`size`1`cr`0`OP`sc`bc`S_BC2`8`0``0`br`0`value`1`ar`0`state`bExecuted`size`1`cr`0`OP`sc`bc`S_BC2`8`0``0`br`0`value`0`ar`0`state`cp`size`1`cr`0`OP`sc`bc`S_BC2`8`0``0`br`0`value`0`ar`0`state`np`size`1`cr`0`OP`sc`bc`S_BC2`8`0``0`br`0`value`1`ar`0`state`n`size`1`cr`0`OP`sc`bc`S_BC2`8`0``0`br`0`value`0`ar`0`state`n`size`1`cr`0`OP`sc`bc`S_BC2`8`0``0`br`0`value`1`ar`0`state`bExecuted`size`1`cr`0`OP`sc`bc`S_BC2`8`0``0`br`0`value`0`ar`0`state`cp`size`1`cr`0`OP`sc`bc`S_BC2`8`0``0`br`0`value`0`ar`0`state`np`size`1`cr`0`OP`sc`bc`S_BC2`8`0``0`br`0`value`1`ar`0`state`n`size`1`cr`0`OP`sc`bc`S_BC2`8`0``0`br`0`value`0`ar`0`state`n`size`1`cr`0`OP`sc`bc`S_BC2`8`0``0`br`0`ar`0`size`1`index`0`cr`0`OP`dw`bc`S_BC2`nr`-1`7`1``0`br`0`ar`0`size`1`index`0`cr`0`OP`iw`bc`S_BC2`1`0`FieldValues`0`ValueArray`19*VOL013-47326074854715*Blazemeter Demo0*4*86.93*GBP10*06/23/20201*110*13384053567*Pending19*Consumer Price List11*Sales Order4*Demo19*06/23/2020 14:02:5210*Blazemeter19*06/24/2020 00:00:000*0*15*Blazemeter Demo19*06/23/2020 14:02:5219*06/23/2020 14:02:520*0*1*N10*3-61EV8AO30*4*26.74*86.910*3-61EV8AO3`8`0``0`br`0`value`1`ar`0`state`bExecuted`size`1`cr`0`OP`sc`bc`S_BC2`8`0``0`br`0`value`0`ar`0`state`activeRow`size`1`cr`0`OP`sc`bc`S_BC2`8`0``0`br`0`value`0`ar`0`state`cp`size`1`cr`0`OP`sc`bc`S_BC2`8`0``0`br`0`value`0`ar`0`state`np`size`1`cr`0`OP`sc`bc`S_BC2`8`0``0`br`0`value`1`ar`0`state`n`size`1`cr`0`OP`sc`bc`S_BC2`6`0``0`br`0`ar`0`size`1`cr`0`OP`nd`bc`S_BC2`2`0``0`OP`en`bc`S_BC2`2`0``0`OP`bn`bc`S_BC5`8`0``0`br`0`value`0`ar`0`state`n`size`1`cr`0`OP`sc`bc`S_BC5`8`0``0`br`0`value`1`ar`0`state`bExecuted`size`1`cr`0`OP`sc`bc`S_BC5`8`0``0`br`0`value`0`ar`0`state`cp`size`1`cr`0`OP`sc`bc`S_BC5`8`0``0`br`0`value`0`ar`0`state`np`size`1`cr`0`OP`sc`bc`S_BC5`8`0``0`br`0`value`1`ar`0`state`n`size`1`cr`0`OP`sc`bc`S_BC5`8`0``0`br`0`value`0`ar`0`state`n`size`1`cr`0`OP`sc`bc`S_BC5`8`0``0`br`0`value`1`ar`0`state`bExecuted`size`1`cr`0`OP`sc`bc`S_BC5`8`0``0`br`0`value`0`ar`0`state`cp`size`1`cr`0`OP`sc`bc`S_BC5`8`0``0`br`0`value`0`ar`0`state`np`size`1`cr`0`OP`sc`bc`S_BC5`8`0``0`br`0`value`1`ar`0`state`n`size`1`cr`0`OP`sc`bc`S_BC5`8`0``0`br`0`value`0`ar`0`state`n`size`1`cr`0`OP`sc`bc`S_BC5`8`0``0`br`0`value`1`ar`0`state`bExecuted`size`1`cr`0`OP`sc`bc`S_BC5`8`0``0`br`0`value`0`ar`0`state`cp`size`1`cr`0`OP`sc`bc`S_BC5`8`0``0`br`0`value`0`ar`0`state`np`size`1`cr`0`OP`sc`bc`S_BC5`8`0``0`br`0`value`1`ar`0`state`n`size`1`cr`0`OP`sc`bc`S_BC5`8`0``0`br`0`value`0`ar`0`state`n`size`1`cr`0`OP`sc`bc`S_BC5`8`0``0`br`0`value`1`ar`0`state`bExecuted`size`1`cr`0`OP`sc`bc`S_BC5`8`0``0`br`0`value`0`ar`0`state`cp`size`1`cr`0`OP`sc`bc`S_BC5`8`0``0`br`0`value`0`ar`0`state`np`size`1`cr`0`OP`sc`bc`S_BC5`8`0``0`br`0`value`1`ar`0`state`n`size`1`cr`0`OP`sc`bc`S_BC5`8`0``0`br`0`value`0`ar`0`state`n`size`1`cr`0`OP`sc`bc`S_BC5`8`0``0`br`0`value`1`ar`0`state`bExecuted`size`1`cr`0`OP`sc`bc`S_BC5`8`0``0`br`0`value`0`ar`0`state`cp`size`1`cr`0`OP`sc`bc`S_BC5`8`0``0`br`0`value`0`ar`0`state`np`size`1`cr`0`OP`sc`bc`S_BC5`8`0``0`br`0`value`1`ar`0`state`n`size`1`cr`0`OP`sc`bc`S_BC5`8`0``0`br`0`value`0`ar`0`state`n`size`1`cr`0`OP`sc`bc`S_BC5`8`0``0`br`0`value`1`ar`0`state`bExecuted`size`1`cr`0`OP`sc`bc`S_BC5`8`0``0`br`0`value`0`ar`0`state`cp`size`1`cr`0`OP`sc`bc`S_BC5`8`0``0`br`0`value`0`ar`0`state`np`size`1`cr`0`OP`sc`bc`S_BC5`8`0``0`br`0`value`1`ar`0`state`n`size`1`cr`0`OP`sc`bc`S_BC5`8`0``0`br`0`value`0`ar`0`state`n`size`1`cr`0`OP`sc`bc`S_BC5`8`0``0`br`0`value`1`ar`0`state`bExecuted`size`1`cr`0`OP`sc`bc`S_BC5`8`0``0`br`0`value`0`ar`0`state`cp`size`1`cr`0`OP`sc`bc`S_BC5`8`0``0`br`0`value`0`ar`0`state`np`size`1`cr`0`OP`sc`bc`S_BC5`8`0``0`br`0`value`1`ar`0`state`n`size`1`cr`0`OP`sc`bc`S_BC5`8`0``0`br`0`value`0`ar`0`state`n`size`1`cr`0`OP`sc`bc`S_BC5`8`0``0`br`0`value`1`ar`0`state`bExecuted`size`1`cr`0`OP`sc`bc`S_BC5`8`0``0`br`0`value`0`ar`0`state`cp`size`1`cr`0`OP`sc`bc`S_BC5`8`0``0`br`0`value`0`ar`0`state`np`size`1`cr`0`OP`sc`bc`S_BC5`8`0``0`br`0`value`1`ar`0`state`n`size`1`cr`0`OP`sc`bc`S_BC5`8`0``0`br`0`value`0`ar`0`state`n`size`1`cr`0`OP`sc`bc`S_BC5`8`0``0`br`0`value`1`ar`0`state`bExecuted`size`1`cr`0`OP`sc`bc`S_BC5`8`0``0`br`0`value`0`ar`0`state`cp`size`1`cr`0`OP`sc`bc`S_BC5`8`0``0`br`0`value`0`ar`0`state`np`size`1`cr`0`OP`sc`bc`S_BC5`8`0``0`br`0`value`1`ar`0`state`n`size`1`cr`0`OP`sc`bc`S_BC5`8`0``0`br`0`value`0`ar`0`state`n`size`1`cr`0`OP`sc`bc`S_BC5`8`0``0`br`0`value`1`ar`0`state`bExecuted`size`1`cr`0`OP`sc`bc`S_BC5`8`0``0`br`0`value`0`ar`0`state`cp`size`1`cr`0`OP`sc`bc`S_BC5`8`0``0`br`0`value`0`ar`0`state`np`size`1`cr`0`OP`sc`bc`S_BC5`8`0``0`br`0`value`1`ar`0`state`n`size`1`cr`0`OP`sc`bc`S_BC5`8`0``0`br`0`value`0`ar`0`state`n`size`1`cr`0`OP`sc`bc`S_BC5`8`0``0`br`0`value`1`ar`0`state`bExecuted`size`1`cr`0`OP`sc`bc`S_BC5`8`0``0`br`0`value`0`ar`0`state`cp`size`1`cr`0`OP`sc`bc`S_BC5`8`0``0`br`0`value`0`ar`0`state`np`size`1`cr`0`OP`sc`bc`S_BC5`8`0``0`br`0`value`1`ar`0`state`n`size`1`cr`0`OP`sc`bc`S_BC5`8`0``0`br`0`value`0`ar`0`state`n`size`1`cr`0`OP`sc`bc`S_BC5`8`0``0`br`0`value`1`ar`0`state`bExecuted`size`1`cr`0`OP`sc`bc`S_BC5`8`0``0`br`0`value`0`ar`0`state`cp`size`1`cr`0`OP`sc`bc`S_BC5`8`0``0`br`0`value`0`ar`0`state`np`size`1`cr`0`OP`sc`bc`S_BC5`8`0``0`br`0`value`1`ar`0`state`n`size`1`cr`0`OP`sc`bc`S_BC5`8`0``0`br`0`value`0`ar`0`state`n`size`1`cr`0`OP`sc`bc`S_BC5`8`0``0`br`0`value`1`ar`0`state`bExecuted`size`1`cr`0`OP`sc`bc`S_BC5`8`0``0`br`0`value`0`ar`0`state`cp`size`1`cr`0`OP`sc`bc`S_BC5`8`0``0`br`0`value`0`ar`0`state`np`size`1`cr`0`OP`sc`bc`S_BC5`8`0``0`br`0`value`1`ar`0`state`n`size`1`cr`0`OP`sc`bc`S_BC5`8`0``0`br`0`value`0`ar`0`state`n`size`1`cr`0`OP`sc`bc`S_BC5`8`0``0`br`0`value`1`ar`0`state`bExecuted`size`1`cr`0`OP`sc`bc`S_BC5`8`0``0`br`0`value`0`ar`0`state`cp`size`1`cr`0`OP`sc`bc`S_BC5`8`0``0`br`0`value`0`ar`0`state`np`size`1`cr`0`OP`sc`bc`S_BC5`8`0``0`br`0`value`1`ar`0`state`n`size`1`cr`0`OP`sc`bc`S_BC5`8`0``0`br`0`value`0`ar`0`state`n`size`1`cr`0`OP`sc`bc`S_BC5`8`0``0`br`0`value`1`ar`0`state`bExecuted`size`1`cr`0`OP`sc`bc`S_BC5`8`0``0`br`0`value`0`ar`0`state`cp`size`1`cr`0`OP`sc`bc`S_BC5`8`0``0`br`0`value`0`ar`0`state`np`size`1`cr`0`OP`sc`bc`S_BC5`8`0``0`br`0`value`1`ar`0`state`n`size`1`cr`0`OP`sc`bc`S_BC5`6`0``0`br`0`ar`0`size`1`cr`0`OP`nd`bc`S_BC5`8`0``0`br`0`value`0`ar`0`state`n`size`1`cr`0`OP`sc`bc`S_BC5`8`0``0`br`0`value`1`ar`0`state`bExecuted`size`1`cr`0`OP`sc`bc`S_BC5`8`0``0`br`0`value`0`ar`0`state`cp`size`1`cr`0`OP`sc`bc`S_BC5`8`0``0`br`0`value`0`ar`0`state`np`size`1`cr`0`OP`sc`bc`S_BC5`8`0``0`br`0`value`1`ar`0`state`n`size`1`cr`0`OP`sc`bc`S_BC5`8`0``0`br`0`value`0`ar`0`state`n`size`1`cr`0`OP`sc`bc`S_BC5`8`0``0`br`0`value`1`ar`0`state`bExecuted`size`1`cr`0`OP`sc`bc`S_BC5`8`0``0`br`0`value`0`ar`0`state`cp`size`1`cr`0`OP`sc`bc`S_BC5`8`0``0`br`0`value`0`ar`0`state`np`size`1`cr`0`OP`sc`bc`S_BC5`8`0``0`br`0`value`1`ar`0`state`n`size`1`cr`0`OP`sc`bc`S_BC5`8`0``0`br`0`value`0`ar`0`state`n`size`1`cr`0`OP`sc`bc`S_BC5`8`0``0`br`0`value`1`ar`0`state`bExecuted`size`1`cr`0`OP`sc`bc`S_BC5`8`0``0`br`0`value`0`ar`0`state`cp`size`1`cr`0`OP`sc`bc`S_BC5`8`0``0`br`0`value`0`ar`0`state`np`size`1`cr`0`OP`sc`bc`S_BC5`8`0``0`br`0`value`1`ar`0`state`n`size`1`cr`0`OP`sc`bc`S_BC5`8`0``0`br`0`value`0`ar`0`state`n`size`1`cr`0`OP`sc`bc`S_BC5`8`0``0`br`0`value`1`ar`0`state`bExecuted`size`1`cr`0`OP`sc`bc`S_BC5`8`0``0`br`0`value`0`ar`0`state`cp`size`1`cr`0`OP`sc`bc`S_BC5`8`0``0`br`0`value`0`ar`0`state`np`size`1`cr`0`OP`sc`bc`S_BC5`8`0``0`br`0`value`1`ar`0`state`n`size`1`cr`0`OP`sc`bc`S_BC5`8`0``0`br`0`value`0`ar`0`state`n`size`1`cr`0`OP`sc`bc`S_BC5`8`0``0`br`0`ar`0`size`1`index`0`cr`0`OP`dw`bc`S_BC5`nr`-1`7`1``0`br`0`ar`0`size`1`index`0`cr`0`OP`iw`bc`S_BC5`1`0`FieldValues`0`ValueArray`16*Universal Offers9*1-2NY1OVU`8`0``0`br`0`value`1`ar`0`state`bExecuted`size`1`cr`0`OP`sc`bc`S_BC5`8`0``0`br`0`value`0`ar`0`state`activeRow`size`1`cr`0`OP`sc`bc`S_BC5`8`0``0`br`0`value`0`ar`0`state`cp`size`1`cr`0`OP`sc`bc`S_BC5`8`0``0`br`0`value`0`ar`0`state`np`size`1`cr`0`OP`sc`bc`S_BC5`8`0``0`br`0`value`1`ar`0`state`n`size`1`cr`0`OP`sc`bc`S_BC5`6`0``0`br`0`ar`0`size`1`cr`0`OP`nd`bc`S_BC5`2`0``0`OP`en`bc`S_BC5`2`0``0`OP`bn`bc`S_BC3`7`0``0`br`0`ArgsArray`53*Sales Order Catalog Product List Applet - Add to Cart16**ProdSelectionCC1*?20**ThumbnImageFileName12*?&lt;DIV&gt;&lt;/DIV&gt;12*?&lt;DIV&gt;&lt;/DIV&gt;12*?&lt;DIV&gt;&lt;/DIV&gt;12*?&lt;DIV&gt;&lt;/DIV&gt;12*?&lt;DIV&gt;&lt;/DIV&gt;12*?&lt;DIV&gt;&lt;/DIV&gt;`size`10`cr`5`OP`g`bc`S_BC3`type`SWEIPrivFlds`8`0``0`br`0`value`0`ar`0`state`n`size`10`cr`5`OP`sc`bc`S_BC3`8`0``0`br`0`value`1`ar`0`state`bExecuted`size`10`cr`5`OP`sc`bc`S_BC3`8`0``0`br`0`value`0`ar`0`state`cp`size`10`cr`5`OP`sc`bc`S_BC3`8`0``0`br`0`value`0`ar`0`state`np`size`10`cr`5`OP`sc`bc`S_BC3`8`0``0`br`0`value`1`ar`0`state`n`size`10`cr`5`OP`sc`bc`S_BC3`8`0``0`br`0`value`0`ar`0`state`n`size`10`cr`5`OP`sc`bc`S_BC3`8`0``0`br`0`value`1`ar`0`state`bExecuted`size`10`cr`5`OP`sc`bc`S_BC3`8`0``0`br`0`value`0`ar`0`state`cp`size`10`cr`5`OP`sc`bc`S_BC3`8`0``0`br`0`value`0`ar`0`state`np`size`10`cr`5`OP`sc`bc`S_BC3`8`0``0`br`0`value`1`ar`0`state`n`size`10`cr`5`OP`sc`bc`S_BC3`8`0``0`br`0`value`0`ar`0`state`n`size`10`cr`5`OP`sc`bc`S_BC3`8`0``0`br`0`value`1`ar`0`state`bExecuted`size`10`cr`5`OP`sc`bc`S_BC3`8`0``0`br`0`value`0`ar`0`state`cp`size`10`cr`5`OP`sc`bc`S_BC3`8`0``0`br`0`value`0`ar`0`state`np`size`10`cr`5`OP`sc`bc`S_BC3`8`0``0`br`0`value`1`ar`0`state`n`size`10`cr`5`OP`sc`bc`S_BC3`8`0``0`br`0`value`0`ar`0`state`n`size`10`cr`5`OP`sc`bc`S_BC3`8`0``0`br`0`value`1`ar`0`state`bExecuted`size`10`cr`5`OP`sc`bc`S_BC3`8`0``0`br`0`value`0`ar`0`state`cp`size`10`cr`5`OP`sc`bc`S_BC3`8`0``0`br`0`value`0`ar`0`state`np`size`10`cr`5`OP`sc`bc`S_BC3`8`0``0`br`0`value`1`ar`0`state`n`size`10`cr`5`OP`sc`bc`S_BC3`8`0``0`br`0`value`0`ar`0`state`n`size`10`cr`5`OP`sc`bc`S_BC3`8`0``0`br`0`value`1`ar`0`state`bExecuted`size`10`cr`5`OP`sc`bc`S_BC3`8`0``0`br`0`value`0`ar`0`state`cp`size`10`cr`5`OP`sc`bc`S_BC3`8`0``0`br`0`value`0`ar`0`state`np`size`10`cr`5`OP`sc`bc`S_BC3`8`0``0`br`0`value`1`ar`0`state`n`size`10`cr`5`OP`sc`bc`S_BC3`8`0``0`br`0`value`0`ar`0`state`n`size`10`cr`5`OP`sc`bc`S_BC3`8`0``0`br`0`value`1`ar`0`state`bExecuted`size`10`cr`5`OP`sc`bc`S_BC3`8`0``0`br`0`value`0`ar`0`state`cp`size`10`cr`5`OP`sc`bc`S_BC3`8`0``0`br`0`value`0`ar`0`state`np`size`10`cr`5`OP`sc`bc`S_BC3`8`0``0`br`0`value`1`ar`0`state`n`size`10`cr`5`OP`sc`bc`S_BC3`8`0``0`br`0`value`0`ar`0`state`n`size`10`cr`5`OP`sc`bc`S_BC3`8`0``0`br`0`value`1`ar`0`state`bExecuted`size`10`cr`5`OP`sc`bc`S_BC3`8`0``0`br`0`value`0`ar`0`state`cp`size`10`cr`5`OP`sc`bc`S_BC3`8`0``0`br`0`value`0`ar`0`state`np`size`10`cr`5`OP`sc`bc`S_BC3`8`0``0`br`0`value`1`ar`0`state`n`size`10`cr`5`OP`sc`bc`S_BC3`8`0``0`br`0`value`0`ar`0`state`n`size`10`cr`5`OP`sc`bc`S_BC3`8`0``0`br`0`value`1`ar`0`state`bExecuted`size`10`cr`5`OP`sc`bc`S_BC3`8`0``0`br`0`value`0`ar`0`state`cp`size`10`cr`5`OP`sc`bc`S_BC3`8`0``0`br`0`value`0`ar`0`state`np`size`10`cr`5`OP`sc`bc`S_BC3`8`0``0`br`0`value`1`ar`0`state`n`size`10`cr`5`OP`sc`bc`S_BC3`8`0``0`br`0`value`0`ar`0`state`n`size`10`cr`5`OP`sc`bc`S_BC3`8`0``0`br`0`value`1`ar`0`state`bExecuted`size`10`cr`5`OP`sc`bc`S_BC3`8`0``0`br`0`value`0`ar`0`state`cp`size`10`cr`5`OP`sc`bc`S_BC3`8`0``0`br`0`value`0`ar`0`state`np`size`10`cr`5`OP`sc`bc`S_BC3`8`0``0`br`0`value`1`ar`0`state`n`size`10`cr`5`OP`sc`bc`S_BC3`8`0``0`br`0`value`0`ar`0`state`n`size`10`cr`5`OP`sc`bc`S_BC3`8`0``0`br`0`value`1`ar`0`state`bExecuted`size`10`cr`5`OP`sc`bc`S_BC3`8`0``0`br`0`value`0`ar`0`state`cp`size`10`cr`5`OP`sc`bc`S_BC3`8`0``0`br`0`value`0`ar`0`state`np`size`10`cr`5`OP`sc`bc`S_BC3`8`0``0`br`0`value`1`ar`0`state`n`size`10`cr`5`OP`sc`bc`S_BC3`8`0``0`br`0`value`0`ar`0`state`n`size`10`cr`5`OP`sc`bc`S_BC3`8`0``0`br`0`value`1`ar`0`state`bExecuted`size`10`cr`5`OP`sc`bc`S_BC3`8`0``0`br`0`value`0`ar`0`state`cp`size`10`cr`5`OP`sc`bc`S_BC3`8`0``0`br`0`value`0`ar`0`state`np`size`10`cr`5`OP`sc`bc`S_BC3`8`0``0`br`0`value`1`ar`0`state`n`size`10`cr`5`OP`sc`bc`S_BC3`8`0``0`br`0`value`0`ar`0`state`n`size`10`cr`5`OP`sc`bc`S_BC3`8`0``0`br`0`value`1`ar`0`state`bExecuted`size`10`cr`5`OP`sc`bc`S_BC3`8`0``0`br`0`value`0`ar`0`state`cp`size`10`cr`5`OP`sc`bc`S_BC3`8`0``0`br`0`value`0`ar`0`state`np`size`10`cr`5`OP`sc`bc`S_BC3`8`0``0`br`0`value`1`ar`0`state`n`size`10`cr`5`OP`sc`bc`S_BC3`8`0``0`br`0`value`0`ar`0`state`n`size`10`cr`5`OP`sc`bc`S_BC3`8`0``0`br`0`value`1`ar`0`state`bExecuted`size`10`cr`5`OP`sc`bc`S_BC3`8`0``0`br`0`value`0`ar`0`state`cp`size`10`cr`5`OP`sc`bc`S_BC3`8`0``0`br`0`value`0`ar`0`state`np`size`10`cr`5`OP`sc`bc`S_BC3`8`0``0`br`0`value`1`ar`0`state`n`size`10`cr`5`OP`sc`bc`S_BC3`8`0``0`br`0`value`0`ar`0`state`n`size`10`cr`5`OP`sc`bc`S_BC3`8`0``0`br`0`value`1`ar`0`state`bExecuted`size`10`cr`5`OP`sc`bc`S_BC3`8`0``0`br`0`value`0`ar`0`state`cp`size`10`cr`5`OP`sc`bc`S_BC3`8`0``0`br`0`value`0`ar`0`state`np`size`10`cr`5`OP`sc`bc`S_BC3`8`0``0`br`0`value`1`ar`0`state`n`size`10`cr`5`OP`sc`bc`S_BC3`8`0``0`br`0`value`0`ar`0`state`n`size`10`cr`5`OP`sc`bc`S_BC3`8`0``0`br`0`value`1`ar`0`state`bExecuted`size`10`cr`5`OP`sc`bc`S_BC3`8`0``0`br`0`value`0`ar`0`state`cp`size`10`cr`5`OP`sc`bc`S_BC3`8`0``0`br`0`value`0`ar`0`state`np`size`10`cr`5`OP`sc`bc`S_BC3`8`0``0`br`0`value`1`ar`0`state`n`size`10`cr`5`OP`sc`bc`S_BC3`6`0``0`br`0`ar`0`size`10`cr`5`OP`nd`bc`S_BC3`8`0``0`br`0`value`0`ar`0`state`n`size`10`cr`5`OP`sc`bc`S_BC3`8`0``0`br`0`value`1`ar`0`state`bExecuted`size`10`cr`5`OP`sc`bc`S_BC3`8`0``0`br`0`value`0`ar`0`state`cp`size`10`cr`5`OP`sc`bc`S_BC3`8`0``0`br`0`value`0`ar`0`state`np`size`10`cr`5`OP`sc`bc`S_BC3`8`0``0`br`0`value`1`ar`0`state`n`size`10`cr`5`OP`sc`bc`S_BC3`8`0``0`br`0`value`0`ar`0`state`n`size`10`cr`5`OP`sc`bc`S_BC3`8`0``0`br`0`value`1`ar`0`state`bExecuted`size`10`cr`5`OP`sc`bc`S_BC3`8`0``0`br`0`value`0`ar`0`state`cp`size`10`cr`5`OP`sc`bc`S_BC3`8`0``0`br`0`value`0`ar`0`state`np`size`10`cr`5`OP`sc`bc`S_BC3`8`0``0`br`0`value`1`ar`0`state`n`size`10`cr`5`OP`sc`bc`S_BC3`8`0``0`br`0`value`0`ar`0`state`n`size`10`cr`5`OP`sc`bc`S_BC3`8`0``0`br`0`value`1`ar`0`state`bExecuted`size`10`cr`5`OP`sc`bc`S_BC3`8`0``0`br`0`value`0`ar`0`state`cp`size`10`cr`5`OP`sc`bc`S_BC3`8`0``0`br`0`value`0`ar`0`state`np`size`10`cr`5`OP`sc`bc`S_BC3`8`0``0`br`0`value`1`ar`0`state`n`size`10`cr`5`OP`sc`bc`S_BC3`8`0``0`br`0`value`0`ar`0`state`n`size`10`cr`5`OP`sc`bc`S_BC3`8`0``0`br`0`value`1`ar`0`state`bExecuted`size`10`cr`5`OP`sc`bc`S_BC3`8`0``0`br`0`value`0`ar`0`state`cp`size`10`cr`5`OP`sc`bc`S_BC3`8`0``0`br`0`value`0`ar`0`state`np`size`10`cr`5`OP`sc`bc`S_BC3`8`0``0`br`0`value`1`ar`0`state`n`size`10`cr`5`OP`sc`bc`S_BC3`8`0``0`br`0`value`0`ar`0`state`n`size`10`cr`5`OP`sc`bc`S_BC3`8`0``0`br`0`ar`0`size`10`index`0`cr`5`OP`dw`bc`S_BC3`nr`-1`7`1``0`br`0`ar`0`size`10`index`0`cr`5`OP`iw`bc`S_BC3`1`0`FieldValues`0`ValueArray`0*22*BB UN BB 15GB  (31.50)20*BB UN Broadband 15GB0*4*31.53*GBP4*31.51*10*0*9*1-5G25WAB`7`1``0`br`0`ar`0`size`10`index`1`cr`5`OP`iw`bc`S_BC3`1`0`FieldValues`0`ValueArray`0*43*BT Total Broadband Anywhere - 18 month Term42*BT Total Broadband Anywhere  18 month Term0*5*41.093*GBP5*41.091*10*0*9*1-5FY8V5B`7`1``0`br`0`ar`0`size`10`index`2`cr`5`OP`iw`bc`S_BC3`1`0`FieldValues`0`ValueArray`0*17*Ex Emp F1 (35.50)99*Fibre 1 comes with a monthly usage allowance, basic security and transfer of any existing contract
0*4*35.53*GBP4*35.51*10*0*9*1-FYCVCJ7`7`1``0`br`0`ar`0`size`10`index`3`cr`5`OP`iw`bc`S_BC3`1`0`FieldValues`0`ValueArray`0*17*Ex Emp F2 (44.50)117*Fibre 2 comes with unlimited usage, advanced online security and free activation. Available to former employees only
0*4*44.53*GBP4*44.51*10*0*9*1-FYCVCKK`7`1``0`br`0`ar`0`size`10`index`4`cr`5`OP`iw`bc`S_BC3`1`0`FieldValues`0`ValueArray`0*35*Ex Employee BB UN BB Unltd  (34.00)23*BT Total Broadband 15GB0*2*343*GBP2*341*10*0*9*1-7NZ0JIT`7`1``0`br`0`ar`0`size`10`index`5`cr`5`OP`iw`bc`S_BC3`1`0`FieldValues`0`ValueArray`0*34*Ex Employee BB UN BB Unltd (38.00)27*BT Total Broadband Option 30*2*383*GBP2*381*10*0*9*1-7NZ0JGS`8`0``0`br`0`value`1`ar`0`state`bExecuted`size`10`cr`5`OP`sc`bc`S_BC3`8`0``0`br`0`value`0`ar`0`state`activeRow`size`10`cr`5`OP`sc`bc`S_BC3`8`0``0`br`0`value`0`ar`0`state`cp`size`10`cr`5`OP`sc`bc`S_BC3`8`0``0`br`0`value`0`ar`0`state`np`size`10`cr`5`OP`sc`bc`S_BC3`8`0``0`br`0`value`1`ar`0`state`n`size`10`cr`5`OP`sc`bc`S_BC3`6`0``0`br`0`ar`0`size`10`cr`5`OP`nd`bc`S_BC3`2`0``0`OP`en`bc`S_BC3`2`0``0`OP`bn`bc`S_BC4`7`0``0`br`0`ArgsArray`51*Order Entry - Line Item List Applet (Sales) - Short1*11*01*01*01*01*01*0`size`7`cr`0`OP`g`bc`S_BC4`type`SWEIRowSelection`7`0``0`br`0`ArgsArray`51*Order Entry - Line Item List Applet (Sales) - Short14**QueryComboBox1*?14**QuerySrchSpec1*?`size`7`cr`0`OP`g`bc`S_BC4`type`SWEIPrivFlds`7`0``0`br`0`ArgsArray`51*Order Entry - Line Item List Applet (Sales) - Short10**Net Price1*11*11*11*11*11*11*18**Product1*11*11*11*11*11*11*1`size`7`cr`0`OP`g`bc`S_BC4`type`SWEICanNavigate`7`0``0`br`0`ArgsArray`51*Order Entry - Line Item List Applet (Sales) - Short1*01*11*11*11*21*11*31*11*41*11*51*11*61*11*71*11*81*11*91*12*101*12*111*12*121*12*131*12*141*12*151*12*161*12*171*12*181*12*191*12*201*12*211*12*221*12*231*12*241*12*251*12*261*12*271*12*281*12*291*12*301*12*311*12*321*12*331*12*341*12*351*12*361*12*371*12*381*02*391*02*401*02*411*02*421*12*431*02*441*02*451*02*461*02*471*02*481*12*491*12*501*12*511*02*521*02*531*02*541*02*551*02*561*02*571*02*581*02*591*12*601*12*611*12*621*02*631*12*641*02*651*12*661*12*671*12*681*12*691*02*701*12*711*02*721*02*731*02*741*02*751*12*761*12*771*02*781*12*791*02*801*12*811*02*821*02*831*12*841*12*851*02*861*02*871*02*881*02*891*12*901*02*911*02*921*02*931*02*941*02*951*02*961*02*971*02*981*02*991*13*1001*03*1011*03*1021*03*1031*13*1041*03*1051*03*1061*13*1071*03*1081*03*1091*03*1101*03*1111*03*1121*03*1131*13*1141*03*1151*03*1161*03*1171*03*1181*13*1191*03*1201*03*1211*03*1221*03*1231*03*1241*13*1251*13*1261*03*1271*13*1281*03*1291*03*1301*03*1311*03*1321*13*1331*03*1341*03*1351*03*1361*03*1371*03*1381*03*1391*03*1401*1`size`7`cr`0`OP`g`bc`S_BC4`type`SWEICanUpdate`7`0``0`br`0`ArgsArray`51*Order Entry - Line Item List Applet (Sales) - Short1*01*11*11*11*21*11*31*11*41*01*51*11*61*01*71*11*81*01*91*12*101*12*111*12*121*02*131*12*141*02*151*12*161*02*171*12*181*02*191*02*201*02*211*02*221*12*231*02*241*12*251*02*261*12*271*12*281*12*291*12*301*12*311*12*321*02*331*12*341*12*351*02*361*12*371*12*381*12*391*12*401*12*411*02*421*12*431*02*441*02*451*12*461*12*471*02*481*02*491*02*501*02*511*02*521*02*531*12*541*12*551*02*561*12*571*12*581*02*591*12*601*02*611*0`size`7`cr`0`OP`g`bc`S_BC4`type`SWEICanInvokeMethod`6`0``0`br`0`ar`-1`size`7`cr`0`OP`nd`bc`S_BC4`8`0``0`br`0`value`1`ar`0`state`cp`size`7`cr`0`OP`sc`bc`S_BC4`8`0``0`br`0`value`1`ar`0`state`np`size`7`cr`0`OP`sc`bc`S_BC4`8`0``0`br`0`value`0`ar`0`state`cp`size`7`cr`0`OP`sc`bc`S_BC4`8`0``0`br`0`value`0`ar`0`state`np`size`7`cr`0`OP`sc`bc`S_BC4`8`0``0`br`0`value`1`ar`0`state`cp`size`7`cr`0`OP`sc`bc`S_BC4`8`0``0`br`0`value`1`ar`0`state`np`size`7`cr`0`OP`sc`bc`S_BC4`8`0``0`br`0`value`1`ar`0`state`cd`size`7`cr`0`OP`sc`bc`S_BC4`7`0``0`br`0`ar`0`size`7`cr`0`OP`nr`bInsertBefore`false`bc`S_BC4`7`0``0`br`0`ar`0`size`7`cr`0`OP`nfd`bc`S_BC4`f`Ship To Contact Id`7`0``0`br`0`ar`0`size`7`cr`0`OP`nfd`bc`S_BC4`f`Product Id`7`0``0`br`0`ar`0`size`7`cr`0`OP`nfd`bc`S_BC4`f`BT SPP Supplier Service Id Field`7`0``0`br`0`ar`0`size`7`cr`0`OP`nfd`bc`S_BC4`f`BT Read Only Field Service Id`7`0``0`br`0`ar`0`size`7`cr`0`OP`nfd`bc`S_BC4`f`Item Type - Language Independent`7`0``0`br`0`ar`0`size`7`cr`0`OP`nfd`bc`S_BC4`f`ItemIsProduct`7`0``0`br`0`ar`0`size`7`cr`0`OP`nfd`bc`S_BC4`f`BT Proximity Product Calendar Calc`7`0``0`br`0`ar`0`size`7`cr`0`OP`nfd`bc`S_BC4`f`BT Proximity Date Calender1`7`0``0`br`0`ar`0`size`7`cr`0`OP`nfd`bc`S_BC4`f`BT Proximity Date`7`0``0`br`0`ar`0`size`7`cr`0`OP`nfd`bc`S_BC4`f`BT Proximity Date and Time`7`0``0`br`0`ar`0`size`7`cr`0`OP`nfd`bc`S_BC4`f`BT PONR Date`7`0``0`br`0`ar`0`size`7`cr`0`OP`nfd`bc`S_BC4`f`BT CAD ProxRchd`7`0``0`br`0`ar`0`size`7`cr`0`OP`nfd`bc`S_BC4`f`BT Svc Search Spec`7`0``0`br`0`ar`0`size`7`cr`0`OP`nfd`bc`S_BC4`f`BT PONR BS`7`0``0`br`0`ar`0`size`7`cr`0`OP`nfd`bc`S_BC4`f`BT PONR Lookup`7`0``0`br`0`ar`0`size`7`cr`0`OP`nfd`bc`S_BC4`f`BT IsPONRReached`7`0``0`br`0`ar`0`size`7`cr`0`OP`nfd`bc`S_BC4`f`BT Post PONR Calc`7`0``0`br`0`ar`0`size`7`cr`0`OP`nfd`bc`S_BC4`f`BT PONR Read Only Calc`7`0``0`br`0`ar`0`size`7`cr`0`OP`nfd`bc`S_BC4`f`BT Status Field Read Only`7`0``0`br`0`ar`0`size`7`cr`0`OP`nfd`bc`S_BC4`f`BT Due Date Field Read Only`7`0``0`br`0`ar`0`size`7`cr`0`OP`nfd`bc`S_BC4`f`BT Appointment Field Read Only`7`0``0`br`0`ar`0`size`7`cr`0`OP`nfd`bc`S_BC4`f`BT DI Adv`7`0``0`br`0`ar`0`size`7`cr`0`OP`nfd`bc`S_BC4`f`Item Display Name`7`0``0`br`0`ar`0`size`7`cr`0`OP`nfd`bc`S_BC4`f`Item Display Name Calc`7`0``0`br`0`ar`0`size`7`cr`0`OP`nfd`bc`S_BC4`f`Connection Read Only Flag`7`0``0`br`0`ar`0`size`7`cr`0`OP`nfd`bc`S_BC4`f`Network Read Only Flag`7`0``0`br`0`ar`0`size`7`cr`0`OP`nfd`bc`S_BC4`f`XA Attribute Data Type`7`0``0`br`0`ar`0`size`7`cr`0`OP`nfd`bc`S_BC4`f`XA Attribute Value`7`0``0`br`0`ar`0`size`7`cr`0`OP`nfd`bc`S_BC4`f`XA Attribute Id`7`0``0`br`0`ar`0`size`7`cr`0`OP`nfd`bc`S_BC4`f`XA Attribute Name`7`0``0`br`0`ar`0`size`7`cr`0`OP`nfd`bc`S_BC4`f`Product`7`0``0`br`0`ar`0`size`7`cr`0`OP`nfd`bc`S_BC4`f`Item Display Name`7`0``0`br`0`ar`0`size`7`cr`0`OP`nfd`bc`S_BC4`f`Item Display Name Calc`7`0``0`br`0`ar`0`size`7`cr`0`OP`nfd`bc`S_BC4`f`Cfg Released Flag`7`0``0`br`0`ar`0`size`7`cr`0`OP`nfd`bc`S_BC4`f`Cfg Version`7`0``0`br`0`ar`0`size`7`cr`0`OP`nfd`bc`S_BC4`f`Quantity Requested`7`0``0`br`0`ar`0`size`7`cr`0`OP`nfd`bc`S_BC4`f`Quantity`7`0``0`br`0`ar`0`size`7`cr`0`OP`nfd`bc`S_BC4`f`Line Item Net Total`7`0``0`br`0`ar`0`size`7`cr`0`OP`nfd`bc`S_BC4`f`SHM Quantity`7`0``0`br`0`ar`0`size`7`cr`0`OP`nfd`bc`S_BC4`f`CG Line Total`7`0``0`br`0`ar`0`size`7`cr`0`OP`nfd`bc`S_BC4`f`Line Total Calc`7`0``0`br`0`ar`0`size`7`cr`0`OP`nfd`bc`S_BC4`f`Extended Tax`7`0``0`br`0`ar`0`size`7`cr`0`OP`nfd`bc`S_BC4`f`Total Price`7`0``0`br`0`ar`0`size`7`cr`0`OP`nfd`bc`S_BC4`f`LOY Item Price`7`0``0`br`0`ar`0`size`7`cr`0`OP`nfd`bc`S_BC4`f`Line Total`7`0``0`br`0`ar`0`size`7`cr`0`OP`nfd`bc`S_BC4`f`Net Discount Amount`7`0``0`br`0`ar`0`size`7`cr`0`OP`nfd`bc`S_BC4`f`Net Discount Amount for Header Currency Display`7`0``0`br`0`ar`0`size`7`cr`0`OP`nfd`bc`S_BC4`f`Net Discount Amount in Header Currency`7`0``0`br`0`ar`0`size`7`cr`0`OP`nfd`bc`S_BC4`f`MRC Net Discount Amount in Header Currency`7`0``0`br`0`ar`0`size`7`cr`0`OP`nfd`bc`S_BC4`f`NRC Net Discount Amount in Header Currency`7`0``0`br`0`ar`0`size`7`cr`0`OP`nfd`bc`S_BC4`f`Product Type Code`7`0``0`br`0`ar`0`size`7`cr`0`OP`nfd`bc`S_BC4`f`Prod Prom Read Only Flag`7`0``0`br`0`ar`0`size`7`cr`0`OP`nfd`bc`S_BC4`f`BT IsPONRReached`7`0``0`br`0`ar`0`size`7`cr`0`OP`nfd`bc`S_BC4`f`BT Post PONR Calc`7`0``0`br`0`ar`0`size`7`cr`0`OP`nfd`bc`S_BC4`f`BT PONR Read Only Calc`7`0``0`br`0`ar`0`size`7`cr`0`OP`nfd`bc`S_BC4`f`BT Status Field Read Only`7`0``0`br`0`ar`0`size`7`cr`0`OP`nfd`bc`S_BC4`f`BT Due Date Field Read Only`7`0``0`br`0`ar`0`size`7`cr`0`OP`nfd`bc`S_BC4`f`BT Appointment Field Read Only`7`0``0`br`0`ar`0`size`7`cr`0`OP`nfd`bc`S_BC4`f`Calculated Training Line Total`7`0``0`br`0`ar`0`size`7`cr`0`OP`nfd`bc`S_BC4`f`Training Line Total in Header Currency`7`0``0`br`0`ar`0`size`7`cr`0`OP`nfd`bc`S_BC4`f`MRC Training Line Total in Header Currency`7`0``0`br`0`ar`0`size`7`cr`0`OP`nfd`bc`S_BC4`f`NRC Training Line Total in Header Currency`7`0``0`br`0`ar`0`size`7`cr`0`OP`nfd`bc`S_BC4`f`Calculated Service Line Total`7`0``0`br`0`ar`0`size`7`cr`0`OP`nfd`bc`S_BC4`f`Service Line Total in Header Currency`7`0``0`br`0`ar`0`size`7`cr`0`OP`nfd`bc`S_BC4`f`NRC Service Line Total in Header Currency`7`0``0`br`0`ar`0`size`7`cr`0`OP`nfd`bc`S_BC4`f`MRC Service Line Total in Header Currency`7`0``0`br`0`ar`0`size`7`cr`0`OP`nfd`bc`S_BC4`f`Calculated Product Line Total`7`0``0`br`0`ar`0`size`7`cr`0`OP`nfd`bc`S_BC4`f`Product Line Total in Header Currency`7`0``0`br`0`ar`0`size`7`cr`0`OP`nfd`bc`S_BC4`f`MRC Product Line Total in Header Currency`7`0``0`br`0`ar`0`size`7`cr`0`OP`nfd`bc`S_BC4`f`NRC Product Line Total in Header Currency`7`0``0`br`0`ar`0`size`7`cr`0`OP`nfd`bc`S_BC4`f`Drilldown Product Type Calc`7`0``0`br`0`ar`0`size`7`cr`0`OP`nfd`bc`S_BC4`f`Product Def Type Code`7`0``0`br`0`ar`0`size`7`cr`0`OP`nfd`bc`S_BC4`f`Cfg Latest Released Flag`7`0``0`br`0`ar`0`size`7`cr`0`OP`nfd`bc`S_BC4`f`IsComplexProductRoot`7`0``0`br`0`ar`0`size`7`cr`0`OP`nfd`bc`S_BC4`f`Product Read Only Flag`7`0``0`br`0`ar`0`size`7`cr`0`OP`nfd`bc`S_BC4`f`IsComplexProduct`7`0``0`br`0`ar`0`size`7`cr`0`OP`nfd`bc`S_BC4`f`IsComplexProductNotBundle`7`0``0`br`0`ar`0`size`7`cr`0`OP`nfd`bc`S_BC4`f`IsComplexProductNotBundleRoot`7`0``0`br`0`ar`0`size`7`cr`0`OP`nfd`bc`S_BC4`f`Revision Simple Product Flag`7`0``0`br`0`ar`0`size`7`cr`0`OP`nfd`bc`S_BC4`f`Extended Allocated Price`7`0``0`br`0`ar`0`size`7`cr`0`OP`nfd`bc`S_BC4`f`Can Not Customize`7`0``0`br`0`ar`0`size`7`cr`0`OP`nfd`bc`S_BC4`f`Can Customize`7`0``0`br`0`ar`0`size`7`cr`0`OP`nfd`bc`S_BC4`f`SHM Quantity`7`0``0`br`0`ar`0`size`7`cr`0`OP`nfd`bc`S_BC4`f`Price Type`7`0``0`br`0`ar`0`size`7`cr`0`OP`nfd`bc`S_BC4`f`IsOneTimeCharge`7`0``0`br`0`ar`0`size`7`cr`0`OP`nfd`bc`S_BC4`f`NRC Non-Discounted Line Total in Header Currency`7`0``0`br`0`ar`0`size`7`cr`0`OP`nfd`bc`S_BC4`f`NRC Product Line Total in Header Currency`7`0``0`br`0`ar`0`size`7`cr`0`OP`nfd`bc`S_BC4`f`NRC Freight Amount`7`0``0`br`0`ar`0`size`7`cr`0`OP`nfd`bc`S_BC4`f`NRC Service Line Total in Header Currency`7`0``0`br`0`ar`0`size`7`cr`0`OP`nfd`bc`S_BC4`f`NRC Net Discount Amount in Header Currency`7`0``0`br`0`ar`0`size`7`cr`0`OP`nfd`bc`S_BC4`f`NRC Tax Amount Header Currency`7`0``0`br`0`ar`0`size`7`cr`0`OP`nfd`bc`S_BC4`f`NRC Training Line Total in Header Currency`7`0``0`br`0`ar`0`size`7`cr`0`OP`nfd`bc`S_BC4`f`IsMonthlyRecurringCharge`7`0``0`br`0`ar`0`size`7`cr`0`OP`nfd`bc`S_BC4`f`MRC Product Line Total in Header Currency`7`0``0`br`0`ar`0`size`7`cr`0`OP`nfd`bc`S_BC4`f`MRC Net Discount Amount in Header Currency`7`0``0`br`0`ar`0`size`7`cr`0`OP`nfd`bc`S_BC4`f`MRC Tax Amount Header Currency`7`0``0`br`0`ar`0`size`7`cr`0`OP`nfd`bc`S_BC4`f`MRC Training Line Total in Header Currency`7`0``0`br`0`ar`0`size`7`cr`0`OP`nfd`bc`S_BC4`f`MRC Non-Discounted Line Total in Header Currency`7`0``0`br`0`ar`0`size`7`cr`0`OP`nfd`bc`S_BC4`f`MRC Freight Amount`7`0``0`br`0`ar`0`size`7`cr`0`OP`nfd`bc`S_BC4`f`MRC Service Line Total in Header Currency`7`0``0`br`0`ar`0`size`7`cr`0`OP`nfd`bc`S_BC4`f`Pricer Action Code`7`0``0`br`0`ar`0`size`7`cr`0`OP`nfd`bc`S_BC4`f`NRC Search Spec`7`0``0`br`0`ar`0`size`7`cr`0`OP`nfd`bc`S_BC4`f`Line Total Usage`7`0``0`br`0`ar`0`size`7`cr`0`OP`nfd`bc`S_BC4`f`Extended Price Usage`7`0``0`br`0`ar`0`size`7`cr`0`OP`nfd`bc`S_BC4`f`Extended Price`7`0``0`br`0`ar`0`size`7`cr`0`OP`nfd`bc`S_BC4`f`MRC Search Spec`7`0``0`br`0`ar`0`size`7`cr`0`OP`nfd`bc`S_BC4`f`Line Total NRC`7`0``0`br`0`ar`0`size`7`cr`0`OP`nfd`bc`S_BC4`f`Extended Price NRC`7`0``0`br`0`ar`0`size`7`cr`0`OP`nfd`bc`S_BC4`f`Line Total Other UoMs`7`0``0`br`0`ar`0`size`7`cr`0`OP`nfd`bc`S_BC4`f`Line Total MRC`7`0``0`br`0`ar`0`size`7`cr`0`OP`nfd`bc`S_BC4`f`Extended Price MRC`7`0``0`br`0`ar`0`size`7`cr`0`OP`nfd`bc`S_BC4`f`Extended Line Total`7`0``0`br`0`ar`0`size`7`cr`0`OP`nfd`bc`S_BC4`f`Calculated Line Total UI`7`0``0`br`0`ar`0`size`7`cr`0`OP`nfd`bc`S_BC4`f`Asset Integration Id`8`0``0`br`0`value`0`ar`0`state`cp`size`7`cr`0`OP`sc`bc`S_BC4`8`0``0`br`0`value`0`ar`0`state`np`size`7`cr`0`OP`sc`bc`S_BC4`7`0``0`bSelected`false`br`0`ar`0`size`7`cr`0`OP`ns`bc`S_BC4`8`0``0`br`0`value`1`ar`0`state`cm`size`7`cr`0`OP`sc`bc`S_BC4`8`0``0`br`0`value`1`ar`0`state`cud`size`7`cr`0`OP`sc`bc`S_BC4`8`0``0`br`0`value`1`ar`0`state`cr`size`7`cr`0`OP`sc`bc`S_BC4`8`0``0`br`0`value`1`ar`0`state`nr`size`7`cr`0`OP`sc`bc`S_BC4`7`0``0`bSelected`true`br`0`ar`0`size`7`cr`0`OP`ns`bc`S_BC4`7`0``0`br`0`ar`0`size`7`cr`0`OP`nfd`bc`S_BC4`f`Outline Number`7`0``0`br`0`ar`0`size`7`cr`0`OP`nfd`bc`S_BC4`f`Last Child Info`7`0``0`br`0`ar`0`size`7`cr`0`OP`nfd`bc`S_BC4`f`Has Children`7`0``0`br`0`ar`0`size`7`cr`0`OP`nfd`bc`S_BC4`f`Is Expanded`7`0``0`bSelected`false`br`0`ar`0`size`7`cr`0`OP`ns`bc`S_BC4`7`0``0`bSelected`true`br`0`ar`0`size`7`cr`0`OP`ns`bc`S_BC4`6`0``0`br`0`ar`0`size`7`cr`0`OP`nd`bc`S_BC4`8`0``0`br`0`value`0`ar`0`state`n`size`7`cr`0`OP`sc`bc`S_BC4`8`0``0`br`0`value`0`ar`-1`state`bExecuted`size`7`cr`0`OP`sc`bc`S_BC4`8`0``0`br`0`value`1`ar`-1`state`bExecuted`size`7`cr`0`OP`sc`bc`S_BC4`8`0``0`br`0`value`0`ar`-1`state`bExecuted`size`7`cr`0`OP`sc`bc`S_BC4`8`0``0`br`0`value`1`ar`-1`state`bExecuted`size`7`cr`0`OP`sc`bc`S_BC4`8`0``0`br`0`value`1`ar`0`state`cp`size`7`cr`0`OP`sc`bc`S_BC4`8`0``0`br`0`value`1`ar`0`state`np`size`7`cr`0`OP`sc`bc`S_BC4`8`0``0`br`0`value`0`ar`0`state`cp`size`7`cr`0`OP`sc`bc`S_BC4`8`0``0`br`0`value`0`ar`0`state`np`size`7`cr`0`OP`sc`bc`S_BC4`8`0``0`br`0`value`1`ar`0`state`cp`size`7`cr`0`OP`sc`bc`S_BC4`8`0``0`br`0`value`1`ar`0`state`np`size`7`cr`0`OP`sc`bc`S_BC4`8`0``0`br`0`value`0`ar`0`state`cp`size`7`cr`0`OP`sc`bc`S_BC4`8`0``0`br`0`value`0`ar`0`state`np`size`7`cr`0`OP`sc`bc`S_BC4`8`0``0`br`0`value`0`ar`-1`state`bExecuted`size`7`cr`0`OP`sc`bc`S_BC4`8`0``0`br`0`value`1`ar`-1`state`bExecuted`size`7`cr`0`OP`sc`bc`S_BC4`8`0``0`br`0`value`1`ar`1`state`cp`size`7`cr`0`OP`sc`bc`S_BC4`8`0``0`br`0`value`0`ar`1`state`cp`size`7`cr`0`OP`sc`bc`S_BC4`8`0``0`br`0`value`1`ar`1`state`cp`size`7`cr`0`OP`sc`bc`S_BC4`8`0``0`br`0`value`1`ar`1`state`np`size`7`cr`0`OP`sc`bc`S_BC4`8`0``0`br`0`value`0`ar`1`state`cp`size`7`cr`0`OP`sc`bc`S_BC4`8`0``0`br`0`value`0`ar`1`state`np`size`7`cr`0`OP`sc`bc`S_BC4`8`0``0`br`0`value`1`ar`1`state`cp`size`7`cr`0`OP`sc`bc`S_BC4`8`0``0`br`0`value`1`ar`1`state`np`size`7`cr`0`OP`sc`bc`S_BC4`8`0``0`br`0`value`0`ar`1`state`cp`size`7`cr`0`OP`sc`bc`S_BC4`8`0``0`br`0`value`0`ar`1`state`np`size`7`cr`0`OP`sc`bc`S_BC4`8`0``0`br`0`value`1`ar`1`state`cp`size`7`cr`0`OP`sc`bc`S_BC4`8`0``0`br`0`value`0`ar`1`state`cp`size`7`cr`0`OP`sc`bc`S_BC4`8`0``0`br`0`value`1`ar`1`state`cp`size`7`cr`0`OP`sc`bc`S_BC4`8`0``0`br`0`value`0`ar`1`state`cp`size`7`cr`0`OP`sc`bc`S_BC4`8`0``0`br`0`value`1`ar`1`state`cp`size`7`cr`0`OP`sc`bc`S_BC4`8`0``0`br`0`value`1`ar`1`state`np`size`7`cr`0`OP`sc`bc`S_BC4`8`0``0`br`0`value`0`ar`1`state`cp`size`7`cr`0`OP`sc`bc`S_BC4`8`0``0`br`0`value`0`ar`1`state`np`size`7`cr`0`OP`sc`bc`S_BC4`8`0``0`br`0`value`1`ar`1`state`cp`size`7`cr`0`OP`sc`bc`S_BC4`8`0``0`br`0`value`1`ar`1`state`np`size`7`cr`0`OP`sc`bc`S_BC4`8`0``0`br`0`value`0`ar`1`state`cp`size`7`cr`0`OP`sc`bc`S_BC4`8`0``0`br`0`value`0`ar`1`state`np`size`7`cr`0`OP`sc`bc`S_BC4`8`0``0`br`0`value`1`ar`1`state`cp`size`7`cr`0`OP`sc`bc`S_BC4`8`0``0`br`0`value`0`ar`1`state`cp`size`7`cr`0`OP`sc`bc`S_BC4`8`0``0`br`0`value`1`ar`1`state`cp`size`7`cr`0`OP`sc`bc`S_BC4`8`0``0`br`0`value`0`ar`1`state`cp`size`7`cr`0`OP`sc`bc`S_BC4`8`0``0`br`0`value`1`ar`1`state`cp`size`7`cr`0`OP`sc`bc`S_BC4`8`0``0`br`0`value`1`ar`1`state`np`size`7`cr`0`OP`sc`bc`S_BC4`8`0``0`br`0`value`0`ar`1`state`cp`size`7`cr`0`OP`sc`bc`S_BC4`8`0``0`br`0`value`0`ar`1`state`np`size`7`cr`0`OP`sc`bc`S_BC4`8`0``0`br`0`value`1`ar`1`state`cp`size`7`cr`0`OP`sc`bc`S_BC4`8`0``0`br`0`value`1`ar`1`state`np`size`7`cr`0`OP`sc`bc`S_BC4`8`0``0`br`0`value`0`ar`1`state`cp`size`7`cr`0`OP`sc`bc`S_BC4`8`0``0`br`0`value`0`ar`1`state`np`size`7`cr`0`OP`sc`bc`S_BC4`8`0``0`br`0`value`1`ar`1`state`cp`size`7`cr`0`OP`sc`bc`S_BC4`8`0``0`br`0`value`0`ar`1`state`cp`size`7`cr`0`OP`sc`bc`S_BC4`8`0``0`br`0`value`1`ar`1`state`cp`size`7`cr`0`OP`sc`bc`S_BC4`8`0``0`br`0`value`0`ar`1`state`cp`size`7`cr`0`OP`sc`bc`S_BC4`8`0``0`br`0`value`1`ar`1`state`cp`size`7`cr`0`OP`sc`bc`S_BC4`8`0``0`br`0`value`1`ar`1`state`np`size`7`cr`0`OP`sc`bc`S_BC4`8`0``0`br`0`value`0`ar`1`state`cp`size`7`cr`0`OP`sc`bc`S_BC4`8`0``0`br`0`value`0`ar`1`state`np`size`7`cr`0`OP`sc`bc`S_BC4`8`0``0`br`0`value`1`ar`1`state`cp`size`7`cr`0`OP`sc`bc`S_BC4`8`0``0`br`0`value`1`ar`1`state`np`size`7`cr`0`OP`sc`bc`S_BC4`8`0``0`br`0`value`0`ar`1`state`cp`size`7`cr`0`OP`sc`bc`S_BC4`8`0``0`br`0`value`0`ar`1`state`np`size`7`cr`0`OP`sc`bc`S_BC4`8`0``0`br`0`value`0`ar`-1`state`bExecuted`size`7`cr`0`OP`sc`bc`S_BC4`8`0``0`br`0`value`1`ar`-1`state`bExecuted`size`7`cr`0`OP`sc`bc`S_BC4`8`0``0`br`0`value`1`ar`5`state`cp`size`7`cr`0`OP`sc`bc`S_BC4`8`0``0`br`0`value`0`ar`5`state`cp`size`7`cr`0`OP`sc`bc`S_BC4`8`0``0`br`0`value`1`ar`5`state`cp`size`7`cr`0`OP`sc`bc`S_BC4`8`0``0`br`0`value`0`ar`5`state`cp`size`7`cr`0`OP`sc`bc`S_BC4`8`0``0`br`0`value`1`ar`5`state`cp`size`7`cr`0`OP`sc`bc`S_BC4`8`0``0`br`0`value`0`ar`5`state`cp`size`7`cr`0`OP`sc`bc`S_BC4`8`0``0`br`0`value`1`ar`5`state`cp`size`7`cr`0`OP`sc`bc`S_BC4`8`0``0`br`0`value`0`ar`5`state`cp`size`7`cr`0`OP`sc`bc`S_BC4`8`0``0`br`0`value`1`ar`5`state`cp`size`7`cr`0`OP`sc`bc`S_BC4`8`0``0`br`0`value`1`ar`5`state`np`size`7`cr`0`OP`sc`bc`S_BC4`8`0``0`br`0`value`0`ar`5`state`cp`size`7`cr`0`OP`sc`bc`S_BC4`8`0``0`br`0`value`0`ar`5`state`np`size`7`cr`0`OP`sc`bc`S_BC4`8`0``0`br`0`value`1`ar`5`state`cp`size`7`cr`0`OP`sc`bc`S_BC4`8`0``0`br`0`value`1`ar`5`state`np`size`7`cr`0`OP`sc`bc`S_BC4`8`0``0`br`0`value`0`ar`5`state`cp`size`7`cr`0`OP`sc`bc`S_BC4`8`0``0`br`0`value`0`ar`5`state`np`size`7`cr`0`OP`sc`bc`S_BC4`8`0``0`br`0`value`0`ar`-1`state`bExecuted`size`7`cr`0`OP`sc`bc`S_BC4`8`0``0`br`0`value`1`ar`-1`state`bExecuted`size`7`cr`0`OP`sc`bc`S_BC4`8`0``0`br`0`value`0`ar`-1`state`bExecuted`size`7`cr`0`OP`sc`bc`S_BC4`8`0``0`br`0`value`1`ar`-1`state`bExecuted`size`7`cr`0`OP`sc`bc`S_BC4`8`0``0`br`0`value`1`ar`3`state`cp`size`7`cr`0`OP`sc`bc`S_BC4`8`0``0`br`0`value`0`ar`3`state`cp`size`7`cr`0`OP`sc`bc`S_BC4`8`0``0`br`0`value`1`ar`4`state`cp`size`7`cr`0`OP`sc`bc`S_BC4`8`0``0`br`0`value`0`ar`4`state`cp`size`7`cr`0`OP`sc`bc`S_BC4`8`0``0`br`0`value`1`ar`5`state`cp`size`7`cr`0`OP`sc`bc`S_BC4`8`0``0`br`0`value`0`ar`5`state`cp`size`7`cr`0`OP`sc`bc`S_BC4`8`0``0`br`0`value`1`ar`0`state`cp`size`7`cr`0`OP`sc`bc`S_BC4`8`0``0`br`0`value`0`ar`0`state`cp`size`7`cr`0`OP`sc`bc`S_BC4`8`0``0`br`0`value`1`ar`6`state`cp`size`7`cr`0`OP`sc`bc`S_BC4`8`0``0`br`0`value`0`ar`6`state`cp`size`7`cr`0`OP`sc`bc`S_BC4`8`0``0`br`0`value`1`ar`0`state`cp`size`7`cr`0`OP`sc`bc`S_BC4`8`0``0`br`0`value`0`ar`0`state`cp`size`7`cr`0`OP`sc`bc`S_BC4`8`0``0`br`0`value`1`ar`0`state`cp`size`7`cr`0`OP`sc`bc`S_BC4`8`0``0`br`0`value`0`ar`0`state`cp`size`7`cr`0`OP`sc`bc`S_BC4`8`0``0`br`0`value`1`ar`1`state`cp`size`7`cr`0`OP`sc`bc`S_BC4`8`0``0`br`0`value`0`ar`1`state`cp`size`7`cr`0`OP`sc`bc`S_BC4`8`0``0`br`0`value`1`ar`2`state`cp`size`7`cr`0`OP`sc`bc`S_BC4`8`0``0`br`0`value`0`ar`2`state`cp`size`7`cr`0`OP`sc`bc`S_BC4`8`0``0`br`0`value`1`ar`0`state`bExecuted`size`7`cr`0`OP`sc`bc`S_BC4`8`0``0`br`0`value`0`ar`0`state`cp`size`7`cr`0`OP`sc`bc`S_BC4`8`0``0`br`0`value`0`ar`0`state`np`size`7`cr`0`OP`sc`bc`S_BC4`8`0``0`br`0`value`1`ar`0`state`n`size`7`cr`0`OP`sc`bc`S_BC4`8`0``0`br`0`value`0`ar`0`state`n`size`7`cr`0`OP`sc`bc`S_BC4`8`0``0`br`0`value`1`ar`0`state`bExecuted`size`7`cr`0`OP`sc`bc`S_BC4`8`0``0`br`0`value`0`ar`0`state`cp`size`7`cr`0`OP`sc`bc`S_BC4`8`0``0`br`0`value`0`ar`0`state`np`size`7`cr`0`OP`sc`bc`S_BC4`8`0``0`br`0`value`1`ar`0`state`n`size`7`cr`0`OP`sc`bc`S_BC4`8`0``0`br`0`value`0`ar`0`state`n`size`7`cr`0`OP`sc`bc`S_BC4`8`0``0`br`0`value`1`ar`0`state`bExecuted`size`7`cr`0`OP`sc`bc`S_BC4`8`0``0`br`0`value`0`ar`0`state`cp`size`7`cr`0`OP`sc`bc`S_BC4`8`0``0`br`0`value`0`ar`0`state`np`size`7`cr`0`OP`sc`bc`S_BC4`8`0``0`br`0`value`1`ar`0`state`n`size`7`cr`0`OP`sc`bc`S_BC4`8`0``0`br`0`value`0`ar`0`state`n`size`7`cr`0`OP`sc`bc`S_BC4`8`0``0`br`0`value`1`ar`0`state`bExecuted`size`7`cr`0`OP`sc`bc`S_BC4`8`0``0`br`0`value`0`ar`0`state`cp`size`7`cr`0`OP`sc`bc`S_BC4`8`0``0`br`0`value`0`ar`0`state`np`size`7`cr`0`OP`sc`bc`S_BC4`8`0``0`br`0`value`1`ar`0`state`n`size`7`cr`0`OP`sc`bc`S_BC4`8`0``0`br`0`value`0`ar`0`state`n`size`7`cr`0`OP`sc`bc`S_BC4`8`0``0`br`0`value`0`ar`-1`state`bExecuted`size`7`cr`0`OP`sc`bc`S_BC4`8`0``0`br`0`value`1`ar`-1`state`bExecuted`size`7`cr`0`OP`sc`bc`S_BC4`8`0``0`br`0`value`1`ar`0`state`bExecuted`size`7`cr`0`OP`sc`bc`S_BC4`8`0``0`br`0`value`0`ar`0`state`cp`size`7`cr`0`OP`sc`bc`S_BC4`8`0``0`br`0`value`0`ar`0`state`np`size`7`cr`0`OP`sc`bc`S_BC4`8`0``0`br`0`value`1`ar`0`state`n`size`7`cr`0`OP`sc`bc`S_BC4`8`0``0`br`0`value`0`ar`0`state`n`size`7`cr`0`OP`sc`bc`S_BC4`8`0``0`br`0`value`1`ar`0`state`cp`size`7`cr`0`OP`sc`bc`S_BC4`8`0``0`br`0`value`0`ar`0`state`cp`size`7`cr`0`OP`sc`bc`S_BC4`8`0``0`br`0`ar`0`size`7`index`0`cr`0`OP`dw`bc`S_BC4`nr`-1`7`1``0`br`0`ar`0`size`7`index`0`cr`0`OP`iw`bc`S_BC4`1`0`FieldValues`0`ValueArray`22*BB UN BB 15GB  (31.50)1*14*31.53*GBP10*06/23/20201*Y0*10*3-61EV8BLC1*11*01*N1*N`7`1``0`br`0`ar`0`size`7`index`1`cr`0`OP`iw`bc`S_BC4`1`0`FieldValues`0`ValueArray`35*BT Home Hub 2.0 (Not for new sales)1*12*463*GBP10*06/23/20201*Y0*10*3-61EV8BLE1*21*01*N1*N`7`1``0`br`0`ar`0`size`7`index`2`cr`0`OP`iw`bc`S_BC4`1`0`FieldValues`0`ValueArray`19*Hub Phone 2.1 Black1*14*40.93*GBP10*06/23/20201*Y0*10*3-61EV8BLY1*31*01*N1*N`7`1``0`br`0`ar`0`size`7`index`3`cr`0`OP`iw`bc`S_BC4`1`0`FieldValues`0`ValueArray`70*DISCOUNT BB AQ BB Unltd (36.00) GBP 4.80 off for 3mnths 18mnths cntrct1*14*-4.83*GBP10*06/23/20201*Y0*10*3-61EV8BMI1*41*01*N1*N`7`1``0`br`0`ar`0`size`7`index`4`cr`0`OP`iw`bc`S_BC4`1`0`FieldValues`0`ValueArray`65*Contract BB AQ BB Unltd (36.00) GBP off for 3mnths 18mnths cntrct1*11*03*GBP10*06/23/20201*Y0*10*3-61EV8BN31*51*01*N1*N`7`1``0`br`0`ar`0`size`7`index`5`cr`0`OP`iw`bc`S_BC4`1`0`FieldValues`0`ValueArray`17*BB Access Service1*11*03*GBP10*06/23/20201*Y0*10*3-61EV8BNQ1*61*01*Y1*N`7`1``0`br`0`ar`0`size`7`index`6`cr`0`OP`iw`bc`S_BC4`1`0`FieldValues`0`ValueArray`11*ISP Service1*11*03*GBP10*06/23/20201*Y0*10*3-61EV8BT61*71*11*Y1*N`8`0``0`br`0`value`1`ar`0`state`bExecuted`size`7`cr`0`OP`sc`bc`S_BC4`8`0``0`br`0`value`0`ar`0`state`activeRow`size`7`cr`0`OP`sc`bc`S_BC4`8`0``0`br`0`value`0`ar`0`state`cp`size`7`cr`0`OP`sc`bc`S_BC4`8`0``0`br`0`value`0`ar`0`state`np`size`7`cr`0`OP`sc`bc`S_BC4`8`0``0`br`0`value`1`ar`0`state`n`size`7`cr`0`OP`sc`bc`S_BC4`8`0``0`br`0`value`7`ar`0`state`nr`size`7`cr`0`OP`sc`bc`S_BC4`6`0``0`br`0`ar`0`size`7`cr`0`OP`nd`bc`S_BC4`6`1``0`br`0`ar`0`size`7`cr`0`OP`nrdw`bc`S_BC4`1`0`FieldValues`0`ValueArray`22*BB UN BB 15GB  (31.50)1*14*31.53*GBP10*06/23/20201*Y0*10*3-61EV8BLC1*11*01*N1*N`6`0``0`br`0`ar`0`size`7`cr`0`OP`nrd`bc`S_BC4`7`0``0`br`0`ar`0`size`7`cr`0`OP`nfd`bc`S_BC4`f`Extended Quantity`7`0``0`br`0`ar`0`size`7`cr`0`OP`nfd`bc`S_BC4`f`Internal Taxable Amount`7`0``0`br`0`ar`0`size`7`cr`0`OP`nfd`bc`S_BC4`f`Calculated Line Total`7`0``0`br`0`ar`0`size`7`cr`0`OP`nfd`bc`S_BC4`f`Calculated Training Line Total`7`0``0`br`0`ar`0`size`7`cr`0`OP`nfd`bc`S_BC4`f`Training Line Total in Header Currency`7`0``0`br`0`ar`0`size`7`cr`0`OP`nfd`bc`S_BC4`f`MRC Training Line Total in Header Currency`7`0``0`br`0`ar`0`size`7`cr`0`OP`nfd`bc`S_BC4`f`NRC Training Line Total in Header Currency`7`0``0`br`0`ar`0`size`7`cr`0`OP`nfd`bc`S_BC4`f`Calculated Service Line Total`7`0``0`br`0`ar`0`size`7`cr`0`OP`nfd`bc`S_BC4`f`Service Line Total in Header Currency`7`0``0`br`0`ar`0`size`7`cr`0`OP`nfd`bc`S_BC4`f`NRC Service Line Total in Header Currency`7`0``0`br`0`ar`0`size`7`cr`0`OP`nfd`bc`S_BC4`f`MRC Service Line Total in Header Currency`7`0``0`br`0`ar`0`size`7`cr`0`OP`nfd`bc`S_BC4`f`Calculated Product Line Total`7`0``0`br`0`ar`0`size`7`cr`0`OP`nfd`bc`S_BC4`f`Product Line Total in Header Currency`7`0``0`br`0`ar`0`size`7`cr`0`OP`nfd`bc`S_BC4`f`MRC Product Line Total in Header Currency`7`0``0`br`0`ar`0`size`7`cr`0`OP`nfd`bc`S_BC4`f`NRC Product Line Total in Header Currency`7`0``0`br`0`ar`0`size`7`cr`0`OP`nfd`bc`S_BC4`f`Non-Discounted Line Total`7`0``0`br`0`ar`0`size`7`cr`0`OP`nfd`bc`S_BC4`f`Calculated Non-Discounted Line Total`7`0``0`br`0`ar`0`size`7`cr`0`OP`nfd`bc`S_BC4`f`Net Discount Amount`7`0``0`br`0`ar`0`size`7`cr`0`OP`nfd`bc`S_BC4`f`Net Discount Amount for Header Currency Display`7`0``0`br`0`ar`0`size`7`cr`0`OP`nfd`bc`S_BC4`f`Net Discount Amount in Header Currency`7`0``0`br`0`ar`0`size`7`cr`0`OP`nfd`bc`S_BC4`f`MRC Net Discount Amount in Header Currency`7`0``0`br`0`ar`0`size`7`cr`0`OP`nfd`bc`S_BC4`f`NRC Net Discount Amount in Header Currency`7`0``0`br`0`ar`0`size`7`cr`0`OP`nfd`bc`S_BC4`f`Non-Discounted Line Total for Header Currency Display`7`0``0`br`0`ar`0`size`7`cr`0`OP`nfd`bc`S_BC4`f`Non-Discounted Line Total in Header Currency`7`0``0`br`0`ar`0`size`7`cr`0`OP`nfd`bc`S_BC4`f`NRC Non-Discounted Line Total in Header Currency`7`0``0`br`0`ar`0`size`7`cr`0`OP`nfd`bc`S_BC4`f`MRC Non-Discounted Line Total in Header Currency`7`0``0`br`0`ar`0`size`7`cr`0`OP`nfd`bc`S_BC4`f`Line Total`7`0``0`br`0`ar`0`size`7`cr`0`OP`nfd`bc`S_BC4`f`Line Total Calc`7`0``0`br`0`ar`0`size`7`cr`0`OP`nfd`bc`S_BC4`f`Extended Allocated Price`7`0``0`br`0`ar`0`size`7`cr`0`OP`nfd`bc`S_BC4`f`Line Total NRC`7`0``0`br`0`ar`0`size`7`cr`0`OP`nfd`bc`S_BC4`f`Extended Price NRC`7`0``0`br`0`ar`0`size`7`cr`0`OP`nfd`bc`S_BC4`f`Extended Price`7`0``0`br`0`ar`0`size`7`cr`0`OP`nfd`bc`S_BC4`f`Line Total Other UoMs`7`0``0`br`0`ar`0`size`7`cr`0`OP`nfd`bc`S_BC4`f`Line Total MRC`7`0``0`br`0`ar`0`size`7`cr`0`OP`nfd`bc`S_BC4`f`Extended Price MRC`7`0``0`br`0`ar`0`size`7`cr`0`OP`nfd`bc`S_BC4`f`Extended Line Total`7`0``0`br`0`ar`0`size`7`cr`0`OP`nfd`bc`S_BC4`f`Calculated Line Total UI`7`0``0`br`0`ar`0`size`7`cr`0`OP`nfd`bc`S_BC4`f`Extended Quantity`7`0``0`br`0`ar`0`size`7`cr`0`OP`nfd`bc`S_BC4`f`Internal Taxable Amount`7`0``0`br`0`ar`0`size`7`cr`0`OP`nfd`bc`S_BC4`f`Calculated Line Total`7`0``0`br`0`ar`0`size`7`cr`0`OP`nfd`bc`S_BC4`f`Calculated Training Line Total`7`0``0`br`0`ar`0`size`7`cr`0`OP`nfd`bc`S_BC4`f`Training Line Total in Header Currency`7`0``0`br`0`ar`0`size`7`cr`0`OP`nfd`bc`S_BC4`f`MRC Training Line Total in Header Currency`7`0``0`br`0`ar`0`size`7`cr`0`OP`nfd`bc`S_BC4`f`NRC Training Line Total in Header Currency`7`0``0`br`0`ar`0`size`7`cr`0`OP`nfd`bc`S_BC4`f`Calculated Service Line Total`7`0``0`br`0`ar`0`size`7`cr`0`OP`nfd`bc`S_BC4`f`Service Line Total in Header Currency`7`0``0`br`0`ar`0`size`7`cr`0`OP`nfd`bc`S_BC4`f`NRC Service Line Total in Header Currency`7`0``0`br`0`ar`0`size`7`cr`0`OP`nfd`bc`S_BC4`f`MRC Service Line Total in Header Currency`7`0``0`br`0`ar`0`size`7`cr`0`OP`nfd`bc`S_BC4`f`Calculated Product Line Total`7`0``0`br`0`ar`0`size`7`cr`0`OP`nfd`bc`S_BC4`f`Product Line Total in Header Currency`7`0``0`br`0`ar`0`size`7`cr`0`OP`nfd`bc`S_BC4`f`MRC Product Line Total in Header Currency`7`0``0`br`0`ar`0`size`7`cr`0`OP`nfd`bc`S_BC4`f`NRC Product Line Total in Header Currency`7`0``0`br`0`ar`0`size`7`cr`0`OP`nfd`bc`S_BC4`f`Non-Discounted Line Total`7`0``0`br`0`ar`0`size`7`cr`0`OP`nfd`bc`S_BC4`f`Calculated Non-Discounted Line Total`7`0``0`br`0`ar`0`size`7`cr`0`OP`nfd`bc`S_BC4`f`Net Discount Amount`7`0``0`br`0`ar`0`size`7`cr`0`OP`nfd`bc`S_BC4`f`Net Discount Amount for Header Currency Display`7`0``0`br`0`ar`0`size`7`cr`0`OP`nfd`bc`S_BC4`f`Net Discount Amount in Header Currency`7`0``0`br`0`ar`0`size`7`cr`0`OP`nfd`bc`S_BC4`f`MRC Net Discount Amount in Header Currency`7`0``0`br`0`ar`0`size`7`cr`0`OP`nfd`bc`S_BC4`f`NRC Net Discount Amount in Header Currency`7`0``0`br`0`ar`0`size`7`cr`0`OP`nfd`bc`S_BC4`f`Non-Discounted Line Total for Header Currency Display`7`0``0`br`0`ar`0`size`7`cr`0`OP`nfd`bc`S_BC4`f`Non-Discounted Line Total in Header Currency`7`0``0`br`0`ar`0`size`7`cr`0`OP`nfd`bc`S_BC4`f`NRC Non-Discounted Line Total in Header Currency`7`0``0`br`0`ar`0`size`7`cr`0`OP`nfd`bc`S_BC4`f`MRC Non-Discounted Line Total in Header Currency`7`0``0`br`0`ar`0`size`7`cr`0`OP`nfd`bc`S_BC4`f`Line Total`7`0``0`br`0`ar`0`size`7`cr`0`OP`nfd`bc`S_BC4`f`Line Total Calc`7`0``0`br`0`ar`0`size`7`cr`0`OP`nfd`bc`S_BC4`f`Extended Allocated Price`7`0``0`br`0`ar`0`size`7`cr`0`OP`nfd`bc`S_BC4`f`Line Total NRC`7`0``0`br`0`ar`0`size`7`cr`0`OP`nfd`bc`S_BC4`f`Extended Price NRC`7`0``0`br`0`ar`0`size`7`cr`0`OP`nfd`bc`S_BC4`f`Extended Price`7`0``0`br`0`ar`0`size`7`cr`0`OP`nfd`bc`S_BC4`f`Line Total Other UoMs`7`0``0`br`0`ar`0`size`7`cr`0`OP`nfd`bc`S_BC4`f`Line Total MRC`7`0``0`br`0`ar`0`size`7`cr`0`OP`nfd`bc`S_BC4`f`Extended Price MRC`7`0``0`br`0`ar`0`size`7`cr`0`OP`nfd`bc`S_BC4`f`Extended Line Total`7`0``0`br`0`ar`0`size`7`cr`0`OP`nfd`bc`S_BC4`f`Calculated Line Total UI`7`0``0`br`0`ar`0`size`7`cr`0`OP`nfd`bc`S_BC4`f`NRC CxTotal`7`0``0`br`0`ar`0`size`7`cr`0`OP`nfd`bc`S_BC4`f`MRC CxTotal`7`0``0`br`0`ar`0`size`7`cr`0`OP`nfd`bc`S_BC4`f`Service End Date`7`0``0`br`0`ar`0`size`7`cr`0`OP`nfd`bc`S_BC4`f`Service End Date`2`0``0`OP`en`bc`S_BC4`2`0``0`OP`bn`bc`S_BC6`7`0``0`br`0`ArgsArray`59*Sales Order Catalog Product Catalog SubCategory List Applet16**ProdSelectionCC1*?`size`40`cr`0`OP`g`bc`S_BC6`type`SWEIPrivFlds`8`0``0`br`0`value`0`ar`-1`state`n`size`40`cr`0`OP`sc`bc`S_BC6`8`0``0`br`0`value`1`ar`-1`state`bExecuted`size`40`cr`0`OP`sc`bc`S_BC6`8`0``0`br`0`value`0`ar`-1`state`cp`size`40`cr`0`OP`sc`bc`S_BC6`8`0``0`br`0`value`0`ar`-1`state`np`size`40`cr`0`OP`sc`bc`S_BC6`8`0``0`br`0`value`1`ar`-1`state`n`size`40`cr`0`OP`sc`bc`S_BC6`8`0``0`br`0`value`0`ar`-1`state`n`size`40`cr`0`OP`sc`bc`S_BC6`8`0``0`br`0`value`1`ar`-1`state`bExecuted`size`40`cr`0`OP`sc`bc`S_BC6`8`0``0`br`0`value`0`ar`-1`state`cp`size`40`cr`0`OP`sc`bc`S_BC6`8`0``0`br`0`value`0`ar`-1`state`np`size`40`cr`0`OP`sc`bc`S_BC6`8`0``0`br`0`value`1`ar`-1`state`n`size`40`cr`0`OP`sc`bc`S_BC6`8`0``0`br`0`value`0`ar`-1`state`n`size`40`cr`0`OP`sc`bc`S_BC6`8`0``0`br`0`value`1`ar`-1`state`bExecuted`size`40`cr`0`OP`sc`bc`S_BC6`8`0``0`br`0`value`0`ar`-1`state`cp`size`40`cr`0`OP`sc`bc`S_BC6`8`0``0`br`0`value`0`ar`-1`state`np`size`40`cr`0`OP`sc`bc`S_BC6`8`0``0`br`0`value`1`ar`-1`state`n`size`40`cr`0`OP`sc`bc`S_BC6`8`0``0`br`0`value`0`ar`-1`state`n`size`40`cr`0`OP`sc`bc`S_BC6`8`0``0`br`0`value`1`ar`-1`state`bExecuted`size`40`cr`0`OP`sc`bc`S_BC6`8`0``0`br`0`value`0`ar`-1`state`cp`size`40`cr`0`OP`sc`bc`S_BC6`8`0``0`br`0`value`0`ar`-1`state`np`size`40`cr`0`OP`sc`bc`S_BC6`8`0``0`br`0`value`1`ar`-1`state`n`size`40`cr`0`OP`sc`bc`S_BC6`8`0``0`br`0`value`0`ar`-1`state`n`size`40`cr`0`OP`sc`bc`S_BC6`8`0``0`br`0`value`1`ar`-1`state`bExecuted`size`40`cr`0`OP`sc`bc`S_BC6`8`0``0`br`0`value`0`ar`-1`state`cp`size`40`cr`0`OP`sc`bc`S_BC6`8`0``0`br`0`value`0`ar`-1`state`np`size`40`cr`0`OP`sc`bc`S_BC6`8`0``0`br`0`value`1`ar`-1`state`n`size`40`cr`0`OP`sc`bc`S_BC6`8`0``0`br`0`value`0`ar`-1`state`n`size`40`cr`0`OP`sc`bc`S_BC6`8`0``0`br`0`value`1`ar`-1`state`bExecuted`size`40`cr`0`OP`sc`bc`S_BC6`8`0``0`br`0`value`0`ar`-1`state`cp`size`40`cr`0`OP`sc`bc`S_BC6`8`0``0`br`0`value`0`ar`-1`state`np`size`40`cr`0`OP`sc`bc`S_BC6`8`0``0`br`0`value`1`ar`-1`state`n`size`40`cr`0`OP`sc`bc`S_BC6`8`0``0`br`0`value`0`ar`-1`state`n`size`40`cr`0`OP`sc`bc`S_BC6`8`0``0`br`0`value`1`ar`-1`state`bExecuted`size`40`cr`0`OP`sc`bc`S_BC6`8`0``0`br`0`value`0`ar`-1`state`cp`size`40`cr`0`OP`sc`bc`S_BC6`8`0``0`br`0`value`0`ar`-1`state`np`size`40`cr`0`OP`sc`bc`S_BC6`8`0``0`br`0`value`1`ar`-1`state`n`size`40`cr`0`OP`sc`bc`S_BC6`8`0``0`br`0`value`0`ar`-1`state`n`size`40`cr`0`OP`sc`bc`S_BC6`8`0``0`br`0`value`1`ar`-1`state`bExecuted`size`40`cr`0`OP`sc`bc`S_BC6`8`0``0`br`0`value`0`ar`-1`state`cp`size`40`cr`0`OP`sc`bc`S_BC6`8`0``0`br`0`value`0`ar`-1`state`np`size`40`cr`0`OP`sc`bc`S_BC6`8`0``0`br`0`value`1`ar`-1`state`n`size`40`cr`0`OP`sc`bc`S_BC6`8`0``0`br`0`value`0`ar`-1`state`n`size`40`cr`0`OP`sc`bc`S_BC6`8`0``0`br`0`value`1`ar`-1`state`bExecuted`size`40`cr`0`OP`sc`bc`S_BC6`8`0``0`br`0`value`0`ar`-1`state`cp`size`40`cr`0`OP`sc`bc`S_BC6`8`0``0`br`0`value`0`ar`-1`state`np`size`40`cr`0`OP`sc`bc`S_BC6`8`0``0`br`0`value`1`ar`-1`state`n`size`40`cr`0`OP`sc`bc`S_BC6`8`0``0`br`0`value`0`ar`-1`state`n`size`40`cr`0`OP`sc`bc`S_BC6`8`0``0`br`0`value`1`ar`-1`state`bExecuted`size`40`cr`0`OP`sc`bc`S_BC6`8`0``0`br`0`value`0`ar`-1`state`cp`size`40`cr`0`OP`sc`bc`S_BC6`8`0``0`br`0`value`0`ar`-1`state`np`size`40`cr`0`OP`sc`bc`S_BC6`8`0``0`br`0`value`1`ar`-1`state`n`size`40`cr`0`OP`sc`bc`S_BC6`8`0``0`br`0`value`0`ar`-1`state`n`size`40`cr`0`OP`sc`bc`S_BC6`8`0``0`br`0`value`1`ar`-1`state`bExecuted`size`40`cr`0`OP`sc`bc`S_BC6`8`0``0`br`0`value`0`ar`-1`state`cp`size`40`cr`0`OP`sc`bc`S_BC6`8`0``0`br`0`value`0`ar`-1`state`np`size`40`cr`0`OP`sc`bc`S_BC6`8`0``0`br`0`value`1`ar`-1`state`n`size`40`cr`0`OP`sc`bc`S_BC6`8`0``0`br`0`value`0`ar`-1`state`n`size`40`cr`0`OP`sc`bc`S_BC6`8`0``0`br`0`value`1`ar`-1`state`bExecuted`size`40`cr`0`OP`sc`bc`S_BC6`8`0``0`br`0`value`0`ar`-1`state`cp`size`40`cr`0`OP`sc`bc`S_BC6`8`0``0`br`0`value`0`ar`-1`state`np`size`40`cr`0`OP`sc`bc`S_BC6`8`0``0`br`0`value`1`ar`-1`state`n`size`40`cr`0`OP`sc`bc`S_BC6`8`0``0`br`0`value`0`ar`-1`state`n`size`40`cr`0`OP`sc`bc`S_BC6`8`0``0`br`0`value`1`ar`-1`state`bExecuted`size`40`cr`0`OP`sc`bc`S_BC6`8`0``0`br`0`value`0`ar`-1`state`cp`size`40`cr`0`OP`sc`bc`S_BC6`8`0``0`br`0`value`0`ar`-1`state`np`size`40`cr`0`OP`sc`bc`S_BC6`8`0``0`br`0`value`1`ar`-1`state`n`size`40`cr`0`OP`sc`bc`S_BC6`8`0``0`br`0`value`0`ar`-1`state`n`size`40`cr`0`OP`sc`bc`S_BC6`8`0``0`br`0`value`1`ar`-1`state`bExecuted`size`40`cr`0`OP`sc`bc`S_BC6`8`0``0`br`0`value`0`ar`-1`state`cp`size`40`cr`0`OP`sc`bc`S_BC6`8`0``0`br`0`value`0`ar`-1`state`np`size`40`cr`0`OP`sc`bc`S_BC6`8`0``0`br`0`value`1`ar`-1`state`n`size`40`cr`0`OP`sc`bc`S_BC6`8`0``0`br`0`value`0`ar`-1`state`n`size`40`cr`0`OP`sc`bc`S_BC6`8`0``0`br`0`value`1`ar`-1`state`bExecuted`size`40`cr`0`OP`sc`bc`S_BC6`8`0``0`br`0`value`0`ar`-1`state`cp`size`40`cr`0`OP`sc`bc`S_BC6`8`0``0`br`0`value`0`ar`-1`state`np`size`40`cr`0`OP`sc`bc`S_BC6`8`0``0`br`0`value`1`ar`-1`state`n`size`40`cr`0`OP`sc`bc`S_BC6`6`0``0`br`0`ar`-1`size`40`cr`0`OP`nd`bc`S_BC6`8`0``0`br`0`value`0`ar`-1`state`n`size`40`cr`0`OP`sc`bc`S_BC6`8`0``0`br`0`value`1`ar`-1`state`bExecuted`size`40`cr`0`OP`sc`bc`S_BC6`8`0``0`br`0`value`0`ar`-1`state`cp`size`40`cr`0`OP`sc`bc`S_BC6`8`0``0`br`0`value`0`ar`-1`state`np`size`40`cr`0`OP`sc`bc`S_BC6`8`0``0`br`0`value`1`ar`-1`state`n`size`40`cr`0`OP`sc`bc`S_BC6`8`0``0`br`0`value`0`ar`-1`state`n`size`40`cr`0`OP`sc`bc`S_BC6`8`0``0`br`0`value`1`ar`-1`state`bExecuted`size`40`cr`0`OP`sc`bc`S_BC6`8`0``0`br`0`value`0`ar`-1`state`cp`size`40`cr`0`OP`sc`bc`S_BC6`8`0``0`br`0`value`0`ar`-1`state`np`size`40`cr`0`OP`sc`bc`S_BC6`8`0``0`br`0`value`1`ar`-1`state`n`size`40`cr`0`OP`sc`bc`S_BC6`8`0``0`br`0`value`0`ar`-1`state`n`size`40`cr`0`OP`sc`bc`S_BC6`8`0``0`br`0`value`1`ar`-1`state`bExecuted`size`40`cr`0`OP`sc`bc`S_BC6`8`0``0`br`0`value`0`ar`-1`state`cp`size`40`cr`0`OP`sc`bc`S_BC6`8`0``0`br`0`value`0`ar`-1`state`np`size`40`cr`0`OP`sc`bc`S_BC6`8`0``0`br`0`value`1`ar`-1`state`n`size`40`cr`0`OP`sc`bc`S_BC6`8`0``0`br`0`value`0`ar`-1`state`n`size`40`cr`0`OP`sc`bc`S_BC6`8`0``0`br`0`value`1`ar`-1`state`bExecuted`size`40`cr`0`OP`sc`bc`S_BC6`8`0``0`br`0`value`0`ar`-1`state`cp`size`40`cr`0`OP`sc`bc`S_BC6`8`0``0`br`0`value`0`ar`-1`state`np`size`40`cr`0`OP`sc`bc`S_BC6`8`0``0`br`0`value`1`ar`-1`state`n`size`40`cr`0`OP`sc`bc`S_BC6`8`0``0`br`0`value`0`ar`-1`state`n`size`40`cr`0`OP`sc`bc`S_BC6`8`0``0`br`0`ar`-1`size`40`index`0`cr`0`OP`dw`bc`S_BC6`nr`-1`8`0``0`br`0`value`1`ar`-1`state`bExecuted`size`40`cr`0`OP`sc`bc`S_BC6`8`0``0`br`0`value`-1`ar`-1`state`activeRow`size`40`cr`0`OP`sc`bc`S_BC6`8`0``0`br`0`value`0`ar`-1`state`cp`size`40`cr`0`OP`sc`bc`S_BC6`8`0``0`br`0`value`0`ar`-1`state`np`size`40`cr`0`OP`sc`bc`S_BC6`8`0``0`br`0`value`1`ar`-1`state`n`size`40`cr`0`OP`sc`bc`S_BC6`6`0``0`br`0`ar`-1`size`40`cr`0`OP`nd`bc`S_BC6`2`0``0`OP`en`bc`S_BC6`2`0``0`OP`bn`bc`S_BC7`7`0``0`br`0`ArgsArray`44*COM ActiveX Placeholder Applet - Sales Order1*1`size`1`cr`0`OP`g`bc`S_BC7`type`SWEIRowSelection`7`0``0`br`0`ArgsArray`44*COM ActiveX Placeholder Applet - Sales Order23**HTML Navigator Control1*?`size`1`cr`0`OP`g`bc`S_BC7`type`SWEIPrivFlds`7`0``0`br`0`ArgsArray`44*COM ActiveX Placeholder Applet - Sales Order1*01*01*11*11*21*11*31*11*41*11*51*11*61*11*71*11*81*11*91*12*101*12*111*12*121*12*131*12*141*12*151*1`size`1`cr`0`OP`g`bc`S_BC7`type`SWEICanUpdate`7`0``0`br`0`ArgsArray`44*COM ActiveX Placeholder Applet - Sales Order1*01*01*11*01*21*11*31*11*41*11*51*01*61*11*71*11*81*11*91*02*101*02*111*02*121*12*131*12*141*12*151*12*161*12*171*02*181*02*191*12*201*02*211*12*221*02*231*02*241*02*251*02*261*12*271*02*281*12*291*12*301*12*311*02*321*02*331*02*341*02*351*02*361*02*371*12*381*12*391*02*401*1`size`1`cr`0`OP`g`bc`S_BC7`type`SWEICanInvokeMethod`8`0``0`br`0`value`1`ar`-1`state`bExecuted`size`1`cr`0`OP`sc`bc`S_BC7`8`0``0`br`0`srt`Name`s`[Id] = &quot;1-5G25WAB&quot;`ar`-1`size`1`cr`0`OP`e`bc`S_BC7`8`0``0`br`0`value`1`ar`0`state`cd`size`1`cr`0`OP`sc`bc`S_BC7`8`0``0`br`0`value`1`ar`0`state`cr`size`1`cr`0`OP`sc`bc`S_BC7`8`0``0`br`0`value`1`ar`0`state`nr`size`1`cr`0`OP`sc`bc`S_BC7`6`0``0`br`0`ar`0`size`1`cr`0`OP`nd`bc`S_BC7`8`0``0`br`0`value`0`ar`0`state`n`size`1`cr`0`OP`sc`bc`S_BC7`8`0``0`br`0`value`1`ar`0`state`bExecuted`size`1`cr`0`OP`sc`bc`S_BC7`8`0``0`br`0`value`0`ar`0`state`cp`size`1`cr`0`OP`sc`bc`S_BC7`8`0``0`br`0`value`0`ar`0`state`np`size`1`cr`0`OP`sc`bc`S_BC7`8`0``0`br`0`value`1`ar`0`state`n`size`1`cr`0`OP`sc`bc`S_BC7`8`0``0`br`0`value`0`ar`0`state`n`size`1`cr`0`OP`sc`bc`S_BC7`8`0``0`br`0`value`1`ar`0`state`bExecuted`size`1`cr`0`OP`sc`bc`S_BC7`8`0``0`br`0`value`0`ar`0`state`cp`size`1`cr`0`OP`sc`bc`S_BC7`8`0``0`br`0`value`0`ar`0`state`np`size`1`cr`0`OP`sc`bc`S_BC7`8`0``0`br`0`value`1`ar`0`state`n`size`1`cr`0`OP`sc`bc`S_BC7`8`0``0`br`0`value`0`ar`0`state`n`size`1`cr`0`OP`sc`bc`S_BC7`8`0``0`br`0`value`1`ar`0`state`bExecuted`size`1`cr`0`OP`sc`bc`S_BC7`8`0``0`br`0`value`0`ar`0`state`cp`size`1`cr`0`OP`sc`bc`S_BC7`8`0``0`br`0`value`0`ar`0`state`np`size`1`cr`0`OP`sc`bc`S_BC7`8`0``0`br`0`value`1`ar`0`state`n`size`1`cr`0`OP`sc`bc`S_BC7`8`0``0`br`0`value`0`ar`0`state`n`size`1`cr`0`OP`sc`bc`S_BC7`8`0``0`br`0`value`1`ar`0`state`bExecuted`size`1`cr`0`OP`sc`bc`S_BC7`8`0``0`br`0`value`0`ar`0`state`cp`size`1`cr`0`OP`sc`bc`S_BC7`8`0``0`br`0`value`0`ar`0`state`np`size`1`cr`0`OP`sc`bc`S_BC7`8`0``0`br`0`value`1`ar`0`state`n`size`1`cr`0`OP`sc`bc`S_BC7`8`0``0`br`0`value`0`ar`0`state`n`size`1`cr`0`OP`sc`bc`S_BC7`8`0``0`br`0`value`1`ar`0`state`bExecuted`size`1`cr`0`OP`sc`bc`S_BC7`8`0``0`br`0`value`0`ar`0`state`cp`size`1`cr`0`OP`sc`bc`S_BC7`8`0``0`br`0`value`0`ar`0`state`np`size`1`cr`0`OP`sc`bc`S_BC7`8`0``0`br`0`value`1`ar`0`state`n`size`1`cr`0`OP`sc`bc`S_BC7`8`0``0`br`0`value`0`ar`0`state`n`size`1`cr`0`OP`sc`bc`S_BC7`8`0``0`br`0`value`1`ar`0`state`bExecuted`size`1`cr`0`OP`sc`bc`S_BC7`8`0``0`br`0`value`0`ar`0`state`cp`size`1`cr`0`OP`sc`bc`S_BC7`8`0``0`br`0`value`0`ar`0`state`np`size`1`cr`0`OP`sc`bc`S_BC7`8`0``0`br`0`value`1`ar`0`state`n`size`1`cr`0`OP`sc`bc`S_BC7`8`0``0`br`0`value`0`ar`0`state`n`size`1`cr`0`OP`sc`bc`S_BC7`8`0``0`br`0`value`1`ar`0`state`bExecuted`size`1`cr`0`OP`sc`bc`S_BC7`8`0``0`br`0`value`0`ar`0`state`cp`size`1`cr`0`OP`sc`bc`S_BC7`8`0``0`br`0`value`0`ar`0`state`np`size`1`cr`0`OP`sc`bc`S_BC7`8`0``0`br`0`value`1`ar`0`state`n`size`1`cr`0`OP`sc`bc`S_BC7`8`0``0`br`0`value`0`ar`0`state`n`size`1`cr`0`OP`sc`bc`S_BC7`8`0``0`br`0`value`1`ar`0`state`bExecuted`size`1`cr`0`OP`sc`bc`S_BC7`8`0``0`br`0`value`0`ar`0`state`cp`size`1`cr`0`OP`sc`bc`S_BC7`8`0``0`br`0`value`0`ar`0`state`np`size`1`cr`0`OP`sc`bc`S_BC7`8`0``0`br`0`value`1`ar`0`state`n`size`1`cr`0`OP`sc`bc`S_BC7`8`0``0`br`0`value`0`ar`0`state`n`size`1`cr`0`OP`sc`bc`S_BC7`8`0``0`br`0`value`1`ar`0`state`bExecuted`size`1`cr`0`OP`sc`bc`S_BC7`8`0``0`br`0`value`0`ar`0`state`cp`size`1`cr`0`OP`sc`bc`S_BC7`8`0``0`br`0`value`0`ar`0`state`np`size`1`cr`0`OP`sc`bc`S_BC7`8`0``0`br`0`value`1`ar`0`state`n`size`1`cr`0`OP`sc`bc`S_BC7`8`0``0`br`0`value`0`ar`0`state`n`size`1`cr`0`OP`sc`bc`S_BC7`8`0``0`br`0`value`1`ar`0`state`bExecuted`size`1`cr`0`OP`sc`bc`S_BC7`8`0``0`br`0`value`0`ar`0`state`cp`size`1`cr`0`OP`sc`bc`S_BC7`8`0``0`br`0`value`0`ar`0`state`np`size`1`cr`0`OP`sc`bc`S_BC7`8`0``0`br`0`value`1`ar`0`state`n`size`1`cr`0`OP`sc`bc`S_BC7`8`0``0`br`0`value`0`ar`0`state`n`size`1`cr`0`OP`sc`bc`S_BC7`8`0``0`br`0`value`1`ar`0`state`bExecuted`size`1`cr`0`OP`sc`bc`S_BC7`8`0``0`br`0`value`0`ar`0`state`cp`size`1`cr`0`OP`sc`bc`S_BC7`8`0``0`br`0`value`0`ar`0`state`np`size`1`cr`0`OP`sc`bc`S_BC7`8`0``0`br`0`value`1`ar`0`state`n`size`1`cr`0`OP`sc`bc`S_BC7`8`0``0`br`0`value`0`ar`0`state`n`size`1`cr`0`OP`sc`bc`S_BC7`8`0``0`br`0`value`1`ar`0`state`bExecuted`size`1`cr`0`OP`sc`bc`S_BC7`8`0``0`br`0`value`0`ar`0`state`cp`size`1`cr`0`OP`sc`bc`S_BC7`8`0``0`br`0`value`0`ar`0`state`np`size`1`cr`0`OP`sc`bc`S_BC7`8`0``0`br`0`value`1`ar`0`state`n`size`1`cr`0`OP`sc`bc`S_BC7`8`0``0`br`0`value`0`ar`0`state`n`size`1`cr`0`OP`sc`bc`S_BC7`8`0``0`br`0`value`1`ar`0`state`bExecuted`size`1`cr`0`OP`sc`bc`S_BC7`8`0``0`br`0`value`0`ar`0`state`cp`size`1`cr`0`OP`sc`bc`S_BC7`8`0``0`br`0`value`0`ar`0`state`np`size`1`cr`0`OP`sc`bc`S_BC7`8`0``0`br`0`value`1`ar`0`state`n`size`1`cr`0`OP`sc`bc`S_BC7`8`0``0`br`0`value`0`ar`0`state`n`size`1`cr`0`OP`sc`bc`S_BC7`8`0``0`br`0`value`1`ar`0`state`bExecuted`size`1`cr`0`OP`sc`bc`S_BC7`8`0``0`br`0`value`0`ar`0`state`cp`size`1`cr`0`OP`sc`bc`S_BC7`8`0``0`br`0`value`0`ar`0`state`np`size`1`cr`0`OP`sc`bc`S_BC7`8`0``0`br`0`value`1`ar`0`state`n`size`1`cr`0`OP`sc`bc`S_BC7`8`0``0`br`0`value`0`ar`0`state`n`size`1`cr`0`OP`sc`bc`S_BC7`8`0``0`br`0`value`1`ar`0`state`bExecuted`size`1`cr`0`OP`sc`bc`S_BC7`8`0``0`br`0`value`0`ar`0`state`cp`size`1`cr`0`OP`sc`bc`S_BC7`8`0``0`br`0`value`0`ar`0`state`np`size`1`cr`0`OP`sc`bc`S_BC7`8`0``0`br`0`value`1`ar`0`state`n`size`1`cr`0`OP`sc`bc`S_BC7`6`0``0`br`0`ar`0`size`1`cr`0`OP`nd`bc`S_BC7`8`0``0`br`0`value`0`ar`0`state`n`size`1`cr`0`OP`sc`bc`S_BC7`8`0``0`br`0`value`1`ar`0`state`bExecuted`size`1`cr`0`OP`sc`bc`S_BC7`8`0``0`br`0`value`0`ar`0`state`cp`size`1`cr`0`OP`sc`bc`S_BC7`8`0``0`br`0`value`0`ar`0`state`np`size`1`cr`0`OP`sc`bc`S_BC7`8`0``0`br`0`value`1`ar`0`state`n`size`1`cr`0`OP`sc`bc`S_BC7`8`0``0`br`0`value`0`ar`0`state`n`size`1`cr`0`OP`sc`bc`S_BC7`8`0``0`br`0`value`1`ar`0`state`bExecuted`size`1`cr`0`OP`sc`bc`S_BC7`8`0``0`br`0`value`0`ar`0`state`cp`size`1`cr`0`OP`sc`bc`S_BC7`8`0``0`br`0`value`0`ar`0`state`np`size`1`cr`0`OP`sc`bc`S_BC7`8`0``0`br`0`value`1`ar`0`state`n`size`1`cr`0`OP`sc`bc`S_BC7`8`0``0`br`0`value`0`ar`0`state`n`size`1`cr`0`OP`sc`bc`S_BC7`8`0``0`br`0`value`1`ar`0`state`bExecuted`size`1`cr`0`OP`sc`bc`S_BC7`8`0``0`br`0`value`0`ar`0`state`cp`size`1`cr`0`OP`sc`bc`S_BC7`8`0``0`br`0`value`0`ar`0`state`np`size`1`cr`0`OP`sc`bc`S_BC7`8`0``0`br`0`value`1`ar`0`state`n`size`1`cr`0`OP`sc`bc`S_BC7`8`0``0`br`0`value`0`ar`0`state`n`size`1`cr`0`OP`sc`bc`S_BC7`8`0``0`br`0`value`1`ar`0`state`bExecuted`size`1`cr`0`OP`sc`bc`S_BC7`8`0``0`br`0`value`0`ar`0`state`cp`size`1`cr`0`OP`sc`bc`S_BC7`8`0``0`br`0`value`0`ar`0`state`np`size`1`cr`0`OP`sc`bc`S_BC7`8`0``0`br`0`value`1`ar`0`state`n`size`1`cr`0`OP`sc`bc`S_BC7`8`0``0`br`0`value`0`ar`0`state`n`size`1`cr`0`OP`sc`bc`S_BC7`8`0``0`br`0`ar`0`size`1`index`0`cr`0`OP`dw`bc`S_BC7`nr`-1`7`1``0`br`0`ar`0`size`1`index`0`cr`0`OP`iw`bc`S_BC7`1`0`FieldValues`0`ValueArray`9*1-5G25WAB`8`0``0`br`0`value`1`ar`0`state`bExecuted`size`1`cr`0`OP`sc`bc`S_BC7`8`0``0`br`0`value`0`ar`0`state`activeRow`size`1`cr`0`OP`sc`bc`S_BC7`8`0``0`br`0`value`0`ar`0`state`cp`size`1`cr`0`OP`sc`bc`S_BC7`8`0``0`br`0`value`0`ar`0`state`np`size`1`cr`0`OP`sc`bc`S_BC7`8`0``0`br`0`value`1`ar`0`state`n`size`1`cr`0`OP`sc`bc`S_BC7`6`0``0`br`0`ar`0`size`1`cr`0`OP`nd`bc`S_BC7`8`0``0`br`0`value`0`ar`0`state`bActiveFieldListDirty`size`1`cr`0`OP`sc`bc`S_BC7`8`0``0`br`0`value`1`ar`0`state`cid`size`1`cr`0`OP`sc`bc`S_BC7`8`0``0`br`0`value`1`ar`0`state`cm`size`1`cr`0`OP`sc`bc`S_BC7`8`0``0`br`0`value`1`ar`0`state`cud`size`1`cr`0`OP`sc`bc`S_BC7`8`0``0`br`0`value`3`ar`0`state`viewMode`size`1`cr`0`OP`sc`bc`S_BC7`2`0``0`OP`en`bc`S_BC7`1`6`Command Manager`0`RefreshToolbar`true`7`0`StateToolBar`0`#35`true`#36`true`#17`true`#34`true`#8`false`#37`true`#38`true`0`1`StateExToolBar`0`1`0`#35`0`Checked`false`0`3`FlagsToolBar`0`3`0`#8`0`SWESP`true`SWEH`0`SWEW`0`3`0`#34`0`SWESP`true`SWEH`600`SWEW`800`3`0`#36`0`SWESP`true`SWEH`20`SWEW`380`3`0`State`0`#27`false`#26`false`#28`false`0`3`StateEx`0`0`0`#26`0`0`0`#27`0`1`0`#28`0`Checked`false`0`0`Flags`0`</responseData>
  <responseFile class="java.lang.String"></responseFile>
  <cookies class="java.lang.String">_sn=GXmoeGkdwh1O45lrH7mMIZnLMWvqHkVWiQKqDOICOq1fi95anXYMaCRAX879ujDRD9kS4J75N4kGDX576Q2AKmwZPUBih-4NS80Pc1189OxasEbdAsHiEtIhcnCzZ0zWb5V6QpVraL0TTGU4ktkGZq374g8C0pUBRhKVASKeW21TgUW5eIkswq97I-.qG-kr; _srn=_srn; SWEUAID=SWEUAID</cookies>
  <method class="java.lang.String">POST</method>
  <queryString class="java.lang.String">SWER=0&amp;SWEVI=&amp;SWERowId=1-5G25WAB&amp;SWEC=61&amp;SWEMethod=AddToCart&amp;SWEReqRowId=1&amp;SWERPC=1&amp;SWENeedContext=true&amp;SWEApplet=Sales+Order+Catalog+Product+List+Applet+-+Add+to+Cart&amp;SWEActiveApplet=Sales+Order+Catalog+Product+List+Applet+-+Add+to+Cart&amp;SWEView=Sales+Order-Browse+Catalog+Category+Details+View+-+Add+to+Cart&amp;SWECmd=InvokeMethod&amp;SWEField=s_3_1_7_0&amp;SRN=xK7T2pIB2ZOV15hwlQxQF5reKcoUB8VpMTZr7we8uAEb&amp;SWESP=false&amp;s_3_2_17_0=1&amp;SWEBID=-1&amp;SWETS={{\d+}}&amp;SWEActiveView=Sales+Order-Browse+Catalog+Category+Details+View+-+Add+to+Cart&amp;SWEDIC=false&amp;SWEP=&amp;SWERowIds=SWERowId0%3D1-ZOIRIS%2CSWERowId1%3D1-2NY1OVU</queryString>
  <java.net.URL>http://localhost:8080/ecommunications_enu_nsm_aps05524a027/start.swe</java.net.URL>
</httpSample>
<httpSample t="{{\d+}}" it="0" lt="{{\d+}}" ct="{{\d+}}" ts="{{\d+}}" s="true" lb="{{\d+}} /ecommunications_enu_nsm_aps05524a027/start.swe" rc="200" rm="OK" tn="Thread Group 1-1" dt="text" de="utf-8" by="104438" sby="1054" sc="1" ec="0" ng="1" na="1" hn="{{.*?}}">
  <responseHeader class="java.lang.String">HTTP/1.1 200 OK
Connection: close
Server: Oracle-iPlanet-Web-Server/7.0
Date: Tue, 23 Jun 2020 13:04:36 GMT
Content-Language: en
Cache-Control: no-cache
Swerpc: true
Content-Type: text/html;charset=utf-8
Matched-Stub-Id: {{\w+-\w+-\w+-\w+-\w+}}
Vary: Accept-Encoding, User-Agent
</responseHeader>
  <requestHeader class="java.lang.String">Connection: close
Content-Type: application/x-www-form-urlencoded
DNT: 1
Accept-Encoding: deflate
Pragma: no-cache
User-Agent: Mozilla/4.0 (compatible; MSIE 7.0; Windows NT 6.3; WOW64; Trident/7.0; .NET4.0E; .NET4.0C; .NET CLR 3.5.30729; .NET CLR 2.0.50727; .NET CLR 3.0.30729)
Accept: text/html, image/gif, image/jpeg, *; q=.2, */*; q=.2
Content-Length: 366
Host: localhost:8080
</requestHeader>
  <responseData class="java.lang.String">@0`1`7`3``0`Target`top._sweclient._swecontent._sweview`UC`1`ViewId``Status`NewLayout`View`Order Entry - Line Items Detail View (Sales)`SWEC`63`SRN`xK7T2pIB2ZOV15hwlQxQF5reKcoUB8VpMTZr7we8uAEb`0`4`api`0`2`0`sc`0`rqc`63`v`18*BT Follow on Order15*Follow On Order16*FollowonOrderSvc10*CascadeCAD13*BT Cancel All10*Cancel All22*EventMethodBTCancelAll9*Customise16*Get Target Price9*GetTarget19*ExistingPrice Point20*Existing Price Point18*ExistingPricePoint13*Contract Kind16*BT Contract Kind24*BT Cancel Amend for SHOP11*CancelAmend19*BT Order Sub-Status19*View Supplier Notes17*ViewSupplierNotes12*Order Status20*Parent Order Item Id6*SetCAD10*bExpandAll9*ExpandAll12*BT Configure9*Configure11*BTConfigure14*BEditPromotion26*BT Product Fulfilment Type10*PartNumber18*HeaderOrderSubType21*Header Order Sub Type26*HeaderServiceRequestNumber29*Header Service Request Number15*ProductTypeCode28*BTPreviousProdPromInstanceId33*BT Previous Prod Prom Instance Id13*OrderHeaderId15*Order Header Id25*BT Cross Account Transfer22*Cross Account Transfer20*Handset Credit-Sales18*HandsetCreditSales22*Handset Outright-Sales20*HandsetOutrightSales14*One-Off Charge15*One-off Charges18*BTOneOffChargeCalc15*Revision Number22*BT Order Revision Type20*BT Activation Charge17*Activation Charge11*fnActCharge10*Add Marker16*AddMarkerProduct11*Delete AOSO10*DeleteAOSO4*Flag31*Currency Code|Exchange Date|GBP19*BT NRC Payment Type16*NRC Payment Type28*BT NRC Payment Type Picklist17*BT Appointment Id14*Appointment Id14*BT Appointment20*BT Appointment Start11*Appointment6*Action15*Completion Date12*AssetFixDate14*Completed Date18*BT Commitment Date15*Commitment Date12*Extended Qty3*UoM18*Cease Order Reason6*Reason19*BT Cessation Reason21*BT Competitor Details15*Recovery Action18*BT Recovery Action24*BT Order Recovery Action11* First Name15*Revision_Status15*Revision Status18*BT Revision-Status20*BT Cease Instruction17*Cease Instruction21*BT Cease Instructions29*BT Cease Instruction Picklist16*BT External Flag13*External Flag28*BT Appointment Change Reason25*Appointment Change Reason27*BT Ship To Address PostCode16*Delivery Address15*Delivery Method16*Carrier Priority13*BT Alert Type10*Alert Type18*Fulfillment Status23*Fulfillment Status Code30*FS PickList Order Entry Status41*BT Previous Base Promotion Integration Id20*NPF Previous Base Id42*BT Previous Offer Promotion Integration Id21*NPF Previous Offer Id41*BT TBYB Previous Promotion Integration Id16*TBYB Previous Id20*Asset Integration Id19*BT Override Context16*Override Context15*RFP Subcategory18*BT RFP Subcategory24*BT Billing Override Date21*Billing Override Date28*BT Service Address Post Code15*Service Address27*BT Delivery Address Details24*Delivery Address Details28*BT Detailed Delivery Address21*Waive Delivery Charge24*BT Waive Delivery Charge20*BT Calc Product Risk20*SendReturnsPackaging23*BT SendReturnsPackaging15*ReplacementType18*BT ReplacementType11*Product PIA11*BT Prod PIA15*BT On Behalf Of12*On Behalf Of24*BT Provision Instruction22*Provision Instructions25*BT Provision Instructions18*BT Revision Reason15*Revision Reason13*Retail BB SID15*Ship To Contact10*ProfileSvc10*ValidateCP13*ValidateCPAll17*VerifyEntitlement12*CheckBalance29*EventMethodOrderLinePortalSvc21*EventMethodProfileSvc11*AutoInvoice13*Depends on Id16*Status Indicator12*BprofileFINS9*Bvalidate12*BvalidateAll12*ButtonVerify23*LOY Check Point Balance7*Bportal8*Bprofile8*MultiAdd12*BautoInvoice28*BT Line Item Completion Date13*Owner Account26*Calc Promotion Description23*Depends on Base Item Id19*Depends on Order Id23*Dynamic Discount Method9*Milestone21*Override Reprice Flag21*BT Tracking Reference19*Pricing Commit Type15*Prom Group Name17*Request To Cancel20*Revised Line Item Id16*Service Instance20*Related Product Name24*Special Rating List Name14*Status Context15*Sub-Action Code4*Test14*BT Accessories9*BT Bundle10*BT Handset20*BT Is Effective Date13*BT Order Type10*BT Package14*BT ProductName18*BT Ship To Account22*Header Discount Amount15*Item Price List14*Item Price MRC25*Pricing Adjustment Amount15*Ship To Account24*Ship To Account Location13*BT KCI Status15*Inventory Asset23*LOY Destination Airport20*LOY Destination Zone20*LOY O-D Airport Code20*LOY O-D Airport Zone18*LOY Origin Airport15*LOY Origin Zone23*LOY Point Internal Name14*LOY Point Type10*LOY Points16*LOY Points Total20*LOY Transaction Type25*Product SPN Definition Id16*Service End Date18*Service Start Date2*ss14*Unit Net Price14*Bonus Quantity12*Extended Tax2*L12*L22*L32*L48*List Tax19*Qty Ordered (UOM 1)19*Qty Ordered (UOM 2)3*SOQ20*Billing Account Site10*Occurrence20*Service Account Site20*Service Price Amount5*Style5*Color11*Line Detail14*BT Go To SMART21*BT Manage Appointment18*Manage Appointment19*BTManageAppointment13*OutlineNumber7*DueDate16*Unit of Measure29*MSISDN No17*BT Post PONR Calc31*BT Read Only Fields Calc Revise18*BT Order Header Id17*HTML FormSection111*Item Header17*HTML FormSection415*Pricing Details16*SalesServiceFlag8*AsOfDate25*Override Policy Discounts17*HTML FormSection315*Product Details19*VolumeUpsellMessage6*Upsell21*Volume Upsell Message14*CoveredProduct9*ItemPrice6*Part #15*Write-InProduct12*BillableFlag15*PricingComments17*HTML FormSection616*Shipping Details17*HTML FormSection517*QuantityRequested23*ShipToContact-FirstName18*Ship To First Name17*ScheduledShipDate9*Ship Date13*Customer Note23*SourceInventoryLocation15*Source Location11*CarrierCode7*Carrier19*FS PickList Carrier10*ActivityId16*Related Activity17*ProductStatusCode14*Product Status30*FS PickList Part - Part Status10*BT Carrier17*BT Reservation ID15*BT Tracking URL17*HTML FormSection213*Mininum Price10*Price Type12*Gross Weight18*Extended Net Price11*MaxOrderQty7*Package15*Shipping Method14*Shipping Terms13*Single Source10*SmartPart#16*Policy Discounts9*Sub Total17*AdjustedListPrice7*ItemTax15*Description_CME11*AssetNumber14*CreatedByLogin9*PriceList19*LabelServiceAddress14*ServiceAddress28*DestinationInventoryLocation11*CME_DueDate7*EndDate9*StartDate17*BT External Price8*ItemType10*LineNumber9*LineTotal10*LoanerFlag8*Note_CME11*PartialShip15*QuantityShipped12*SerialNumber17*Regrade Techcheck13*ShipToAddress10*ShipToCity18*DiscountPercentMRC12*ItemPriceMRC22*ShipToContact-LastName13*ShipToCountry11*ShipToState9*ShipToZip14*UpdatedByLogin18*VolumeDiscountItem16*VolumeUpsellItem20*WarrantyRecoveryFlag12*UnitPriceMRC26*ItemInformationFormSection29*ServiceInformationFormSection26*BillInformationFormSection16*NotesFormSection12*Line Details40*Order Entry - Line Items XA View (Sales)37*Order Entry - Line Items View (Sales)6*Totals50*Order Entry - Line Item Activity List View (Sales)36*BT Order Line - Supplier Order Lines16*Supplier Details34*BT Order Item - Fulfilment Details23*Line Fulfilment Details36*BT Order Escalations Activities View22*Escalations Activities21*BT Order Item - Notes15*Line Item Notes32*Order Entry - Line Items SP View24*FTTP Appointment Details`0`1`nbo`0`2`2`boi`3``n`Order Entry (Sales)`z``0`1`nbc`0`3`2`bci`3`S_BC1`n`Order Entry - Orders`shd`27*Order_Entry__Orders_BusComp61*srf1592409810_444/bscripts/all/buscomp_order_entry__orders.js`sh`1574`0`82`fl`0`8`0`f`0`itx`1`n`1158`sc`0`l`10`crf`215`dft`5`t`220`dn`1158`9`0`f`0`itx`1`n`158`sc`0`irq`1`l`30`crf`215`dft`5`t`220`dn`159`9`0`f`0`itx`1`n`100`sc`0`l`100`ibp`1`crf`215`dft`5`t`220`dn`100`9`0`f`0`itx`1`n`1153`sc`0`l`30`ibp`1`crf`215`dft`5`t`220`dn`1153`9`0`f`0`itx`1`n`144`sc`0`l`50`crf`215`dft`5`iro`1`t`220`dn`658`10`0`f`0`itx`1`n`1705`sc`0`icl`1`l`255`crf`215`dft`5`iro`1`t`220`dn`1704`11`0`f`0`itx`1`n`115`sc`0`ipc`1`irq`1`l`30`ibp`1`crf`215`dft`5`t`220`dn`115`9`0`f`0`itx`1`n`1708`sc`0`l`100`ibp`1`crf`215`dft`5`t`220`dn`1707`8`0`f`0`n`1386`sc`0`ipc`1`l`32`crf`215`dft`1885`t`226`dn`184`10`0`f`0`itx`1`n`1712`sc`0`ipc`1`l`30`ibp`1`crf`215`dft`5`t`220`dn`1713`8`0`f`0`itx`1`n`1715`sc`0`l`1`crf`215`dft`5`t`218`dn`1715`10`0`f`0`itx`1`n`160`sc`0`ipc`1`l`30`ibp`1`crf`215`dft`5`t`220`dn`152`9`0`f`0`itx`1`n`135`sc`0`l`50`crf`215`dft`5`iro`1`t`220`dn`313`7`0`f`0`n`1719`sc`0`l`32`crf`215`dft`1885`t`226`dn`1718`9`0`f`0`itx`1`n`1721`sc`0`l`50`crf`215`dft`5`iro`1`t`220`dn`1720`10`0`f`0`itx`1`n`650`sc`0`ipc`1`l`30`ibp`1`crf`215`dft`5`t`220`dn`650`9`0`f`0`itx`1`n`134`sc`0`l`50`ibp`1`crf`215`dft`5`t`220`dn`314`8`0`f`0`itx`1`n`642`sc`0`l`30`crf`215`dft`5`t`220`dn`641`8`0`f`0`itx`1`n`121`sc`0`l`255`crf`215`dft`5`t`220`dn`121`8`0`f`0`itx`1`n`1726`sc`0`l`100`crf`215`dft`5`t`220`dn`1725`10`0`f`0`itx`1`n`643`sc`0`ipc`1`l`30`ibp`1`crf`215`dft`5`t`220`dn`643`8`0`f`0`n`162`sc`0`ipc`1`l`32`crf`215`dft`1024`t`226`dn`162`7`0`f`0`n`1727`sc`0`l`32`crf`215`dft`5`t`226`dn`1727`8`0`f`0`itx`1`n`1729`sc`0`l`100`crf`215`dft`5`t`220`dn`1728`8`0`f`0`itx`1`n`1730`sc`0`l`100`crf`215`dft`5`t`220`dn`1731`9`0`f`0`itx`1`n`1732`sc`0`l`50`ibp`1`crf`215`dft`5`t`220`dn`427`8`0`f`0`itx`1`n`1734`sc`0`l`50`crf`215`dft`5`t`220`dn`342`8`0`f`0`itx`1`n`1737`sc`0`l`50`crf`215`dft`5`t`220`dn`1736`9`0`f`0`itx`1`n`1738`sc`0`ipc`1`l`30`crf`215`dft`5`t`220`dn`1739`8`0`f`0`itx`1`n`1741`sc`0`l`1`crf`215`dft`5`t`218`dn`1740`9`0`f`0`itx`1`n`142`sc`0`l`50`ibp`1`crf`215`dft`5`t`220`dn`142`9`0`f`0`itx`1`n`1742`sc`0`l`50`ibp`1`crf`215`dft`5`t`220`dn`1743`8`0`f`0`itx`1`n`1744`sc`0`l`30`crf`215`dft`5`t`220`dn`1745`10`0`f`0`itx`1`n`165`sc`0`ipc`1`l`50`ibp`1`crf`215`dft`5`t`220`dn`119`9`0`f`0`itx`1`n`208`sc`0`l`100`ibp`1`crf`215`dft`5`t`220`dn`208`8`0`f`0`n`1747`sc`0`inm`1`l`16`crf`215`dft`5`t`1306`dn`1748`8`0`f`0`itx`1`n`141`sc`0`l`1`crf`215`dft`5`t`218`dn`1427`8`0`f`0`itx`1`n`1750`sc`0`l`1`crf`215`dft`5`t`218`dn`1749`9`0`f`0`itx`1`n`1752`sc`0`ipc`1`l`250`crf`215`dft`5`t`220`dn`1751`9`0`f`0`n`1753`sc`0`ipc`1`inm`1`l`16`crf`215`dft`5`t`1306`dn`1754`7`0`f`0`n`1756`sc`0`l`32`crf`215`dft`1885`t`226`dn`1755`8`0`f`0`n`1758`sc`6`inm`1`l`18`crf`215`dft`5`t`1029`dn`1759`10`0`f`0`itx`1`n`1397`sc`0`icl`1`l`255`crf`215`dft`5`iro`1`t`220`dn`1396`9`0`f`0`itx`1`n`1260`sc`0`l`100`ibp`1`crf`215`dft`5`t`220`dn`1429`9`0`f`0`itx`1`n`1761`sc`0`l`30`crf`215`dft`5`iro`1`t`220`dn`917`8`0`f`0`n`1376`sc`0`inm`1`l`16`crf`215`dft`5`t`1306`dn`1376`9`0`f`0`itx`1`n`199`sc`0`l`100`ibp`1`crf`215`dft`5`t`220`dn`1452`11`0`f`0`itx`1`n`1762`sc`0`icl`1`ipc`1`l`255`crf`215`dft`5`iro`1`t`220`dn`1763`10`0`f`0`itx`1`n`1764`sc`0`ipc`1`l`30`ibp`1`crf`215`dft`5`t`220`dn`1764`7`0`f`0`n`1392`sc`0`l`32`crf`215`dft`1024`t`226`dn`1393`8`0`f`0`itx`1`n`1399`sc`0`l`1`crf`215`dft`5`t`218`dn`1398`9`0`f`0`itx`1`n`1448`sc`0`l`30`ibp`1`crf`215`dft`5`t`220`dn`1448`8`0`f`0`itx`1`n`1450`sc`0`l`1`crf`215`dft`5`t`218`dn`1450`8`0`f`0`itx`1`n`1768`sc`0`l`15`crf`215`dft`5`t`214`dn`1768`9`0`f`0`itx`1`n`1404`sc`0`l`30`ibp`1`crf`215`dft`5`t`220`dn`1403`11`0`f`0`itx`1`n`1770`sc`0`icl`1`ipc`1`l`1`crf`215`dft`5`iro`1`t`218`dn`1769`9`0`f`0`itx`1`n`1454`sc`0`l`50`ibp`1`crf`215`dft`5`t`220`dn`1771`9`0`f`0`itx`1`n`888`sc`0`l`100`ibp`1`crf`215`dft`5`t`220`dn`888`10`0`f`0`itx`1`n`1773`sc`0`icl`1`l`255`crf`215`dft`5`iro`1`t`220`dn`151`8`0`f`0`itx`1`n`1775`sc`0`l`50`crf`215`dft`5`t`220`dn`1774`9`0`f`0`itx`1`n`155`sc`0`l`100`crf`215`dft`5`iro`1`t`220`dn`155`9`0`f`0`itx`1`n`1777`sc`0`l`30`ibp`1`crf`215`dft`5`t`220`dn`1776`8`0`f`0`itx`1`n`1779`sc`0`l`30`crf`215`dft`5`t`220`dn`1778`9`0`f`0`itx`1`n`1780`sc`0`l`30`crf`215`dft`5`iro`1`t`220`dn`1781`9`0`f`0`itx`1`n`1422`sc`0`ipc`1`l`1`crf`215`dft`5`t`218`dn`1422`8`0`f`0`itx`1`n`1782`sc`0`l`20`crf`215`dft`5`t`220`dn`1782`8`0`f`0`itx`1`n`1783`sc`0`l`15`crf`215`dft`5`t`214`dn`1784`9`0`f`0`itx`1`n`1457`sc`0`l`64`ibp`1`crf`215`dft`5`t`220`dn`114`9`0`f`0`itx`1`n`1787`sc`0`l`50`ibp`1`crf`215`dft`5`t`220`dn`1788`8`0`f`0`itx`1`n`1789`sc`0`l`1`crf`215`dft`5`t`218`dn`1790`8`0`f`0`itx`1`n`1791`sc`0`l`255`crf`215`dft`5`t`220`dn`1792`9`0`f`0`n`1795`sc`6`inm`1`l`18`crf`215`dft`5`iro`1`t`1029`dn`1794`8`0`f`0`itx`1`n`1796`sc`0`l`30`crf`215`dft`5`t`220`dn`1797`8`0`f`0`itx`1`n`1799`sc`0`l`50`crf`215`dft`5`t`220`dn`1798`9`0`f`0`itx`1`n`1802`sc`0`l`30`crf`215`dft`5`iro`1`t`220`dn`1801`9`0`f`0`itx`1`n`1805`sc`0`l`100`crf`215`dft`5`iro`1`t`220`dn`1804`7`0`f`0`n`1806`sc`0`l`32`crf`215`dft`1024`t`1016`dn`1808`8`0`f`0`itx`1`n`1809`sc`0`l`1`crf`215`dft`5`t`218`dn`1810`8`0`f`0`n`1811`sc`6`inm`1`l`18`crf`215`dft`5`t`1029`dn`1812`8`0`f`0`itx`1`n`1814`sc`0`l`50`crf`215`dft`5`t`220`dn`1813`8`0`f`0`n`1815`sc`0`inm`1`l`16`crf`215`dft`5`t`1306`dn`1816`11`0`f`0`itx`1`n`183`sc`0`irq`1`l`15`crf`215`dft`5`ihn`1`iro`1`t`214`dn`183`3`2`rl`0`crnm`1`nmr`1`atr`0`2`0`r`0`v`0*19*VOL013-47326074854715*Blazemeter Demo10*3-61EV8C9M13*BB_CCPEIM50000*7*Pending0*19*06/24/2020 00:00:008*BT Voice1*N11*In-Progress10*Blazemeter19*06/23/2020 00:00:000*0*4*Demo0*0*1*N0*19*06/23/2020 14:02:520*0*1*N6*Letter0*14*+44012123456780*1*N19*Consumer Price List0*3*00011*Sales Order0*0*1*Y0*34*Leave out of sight and under cover0*19*06/23/2020 14:02:520*0*0*8*Consumer1*10*3*Low7*Default19*06/23/2020 14:02:521*N14*Run Assignment1*Y0*0*1*N0*15*Blazemeter Demo11*Low-Pending0*9*BT Volume0*0*0*1*N0*0*0*0*0*0*0*0*0*0*0*0*1*N0*0*0*10*3-61EV8AO3`i`3-61EV8AO3`1`0`tr`0`v``0`1`nbc`0`6`2`bci`3`S_BC2`n`Order Entry - Line Items`shd`31*Order_Entry__Line_Items_BusComp65*srf1592409810_444/bscripts/all/buscomp_order_entry__line_items.js`st`762`cac`1`pi`S_BC1`hhr`1`0`94`fl`0`9`0`f`0`itx`1`n`1915`sc`0`l`50`crf`215`dft`5`iro`1`t`220`dn`1914`8`0`f`0`itx`1`n`821`sc`0`l`30`crf`215`dft`5`t`220`dn`821`10`0`f`0`itx`1`n`1918`sc`0`ipc`1`l`30`crf`215`dft`5`iro`1`t`220`dn`1918`10`0`f`0`itx`1`n`1921`sc`0`ipc`1`l`30`crf`215`dft`5`iro`1`t`220`dn`1921`8`0`f`0`itx`1`n`1922`sc`0`l`15`crf`215`dft`5`t`214`dn`1922`9`0`f`0`itx`1`n`1930`sc`0`l`50`crf`215`dft`5`iro`1`t`220`dn`1930`9`0`f`0`itx`1`n`1526`sc`0`l`50`ibp`1`crf`215`dft`5`t`220`dn`1931`10`0`f`0`itx`1`n`1933`sc`0`icl`1`l`255`crf`215`dft`5`iro`1`t`220`dn`1932`10`0`f`0`itx`1`n`1935`sc`0`icl`1`l`255`crf`215`dft`5`iro`1`t`220`dn`1934`9`0`f`0`itx`1`n`1532`sc`0`l`30`crf`215`dft`5`iro`1`t`220`dn`1936`8`0`f`0`itx`1`n`1938`sc`0`l`255`crf`215`dft`5`t`220`dn`1937`9`0`f`0`itx`1`n`1940`sc`0`irq`1`l`15`crf`215`dft`5`t`214`dn`1940`7`0`f`0`n`1540`sc`0`l`32`crf`215`dft`5`t`219`dn`1540`9`0`f`0`n`1950`sc`6`inm`1`l`18`crf`215`dft`5`iro`1`t`1029`dn`1950`10`0`f`0`itx`1`n`1951`sc`0`icl`1`l`255`crf`215`dft`5`iro`1`t`220`dn`1778`9`0`f`0`itx`1`n`824`sc`0`icl`1`l`255`crf`215`dft`5`t`220`dn`825`10`0`f`0`itx`1`n`624`sc`0`icl`1`l`255`crf`215`dft`5`iro`1`t`220`dn`1959`9`0`f`0`itx`1`n`140`sc`0`l`100`ibp`1`crf`215`dft`5`t`220`dn`140`10`0`f`0`n`1462`sc`2`icl`1`inm`1`l`25`crf`1027`dft`5`iro`1`t`221`dn`1329`11`0`f`0`itx`1`n`751`sc`0`ipc`1`irq`1`l`20`ibp`1`crf`215`dft`5`t`220`dn`751`9`0`f`0`n`1028`sc`0`ipc`1`irq`1`l`32`crf`215`dft`5`t`219`dn`1028`9`0`f`0`itx`1`n`671`sc`0`l`15`ibp`1`crf`215`dft`5`t`214`dn`671`8`0`f`0`itx`1`n`833`sc`0`l`100`crf`215`dft`5`t`220`dn`833`9`0`f`0`itx`1`n`685`sc`0`l`100`ibp`1`crf`215`dft`5`t`220`dn`686`9`0`f`0`itx`1`n`1153`sc`0`l`30`ibp`1`crf`215`dft`5`t`220`dn`1153`9`0`f`0`itx`1`n`1961`sc`0`l`30`ibp`1`crf`215`dft`5`t`220`dn`1962`8`0`f`0`n`1114`sc`0`ipc`1`l`32`crf`215`dft`1024`t`226`dn`1114`8`0`f`0`itx`1`n`1966`sc`0`l`15`crf`215`dft`5`t`220`dn`1965`8`0`f`0`n`1967`sc`0`l`32`ibp`1`crf`215`dft`5`t`226`dn`1968`10`0`f`0`itx`1`n`1491`sc`0`ipc`1`l`30`ibp`1`crf`215`dft`5`t`220`dn`1969`10`0`f`0`itx`1`n`115`sc`0`ipc`1`l`30`ibp`1`crf`215`dft`5`t`220`dn`115`9`0`f`0`itx`1`n`160`sc`0`l`30`ibp`1`crf`215`dft`5`t`220`dn`152`7`0`f`0`n`1972`sc`0`l`32`crf`215`dft`5`t`226`dn`1971`7`0`f`0`n`1973`sc`0`l`32`crf`215`dft`1024`t`1016`dn`1974`9`0`f`0`n`1510`sc`6`ipc`1`inm`1`l`18`crf`215`dft`5`t`1029`dn`1975`9`0`f`0`itx`1`n`894`sc`0`l`30`crf`215`dft`5`iro`1`t`220`dn`1976`8`0`f`0`itx`1`n`640`sc`0`l`30`crf`215`dft`5`t`220`dn`641`9`0`f`0`itx`1`n`1979`sc`0`l`100`ibp`1`crf`215`dft`5`t`220`dn`1978`9`0`f`0`itx`1`n`1980`sc`0`l`50`ibp`1`crf`215`dft`5`t`220`dn`981`9`0`f`0`itx`1`n`1982`sc`0`l`50`ibp`1`crf`215`dft`5`t`220`dn`1981`9`0`f`0`itx`1`n`1545`sc`0`l`50`crf`215`dft`5`iro`1`t`220`dn`1984`8`0`f`0`itx`1`n`1987`sc`0`l`30`crf`215`dft`5`t`220`dn`1986`10`0`f`0`itx`1`n`1990`sc`0`ipc`1`l`30`ibp`1`crf`215`dft`5`t`220`dn`1989`9`0`f`0`itx`1`n`1992`sc`0`l`1`crf`215`dft`5`iro`1`t`218`dn`1993`8`0`f`0`itx`1`n`1994`sc`0`l`100`crf`215`dft`5`t`220`dn`1995`10`0`f`0`itx`1`n`1892`sc`0`icl`1`l`255`crf`215`dft`5`iro`1`t`220`dn`1891`8`0`f`0`itx`1`n`1996`sc`0`l`30`crf`215`dft`5`t`220`dn`1997`9`0`f`0`itx`1`n`1999`sc`0`l`30`ibp`1`crf`215`dft`5`t`220`dn`1998`8`0`f`0`itx`1`n`2000`sc`0`l`30`crf`215`dft`5`t`220`dn`2001`9`0`f`0`itx`1`n`859`sc`0`l`30`ibp`1`crf`215`dft`5`t`220`dn`860`9`0`f`0`itx`1`n`2003`sc`0`l`30`ibp`1`crf`215`dft`5`t`220`dn`2002`9`0`f`0`itx`1`n`861`sc`0`l`30`ibp`1`crf`215`dft`5`t`220`dn`862`8`0`f`0`itx`1`n`863`sc`0`l`30`crf`215`dft`5`t`220`dn`864`8`0`f`0`itx`1`n`2005`sc`0`l`30`crf`215`dft`5`t`220`dn`2006`8`0`f`0`itx`1`n`2007`sc`0`l`30`crf`215`dft`5`t`220`dn`2008`8`0`f`0`itx`1`n`2009`sc`0`l`30`crf`215`dft`5`t`220`dn`2010`8`0`f`0`itx`1`n`2011`sc`0`l`30`crf`215`dft`5`t`220`dn`858`8`0`f`0`itx`1`n`2012`sc`0`l`150`crf`215`dft`5`t`220`dn`2013`9`0`f`0`itx`1`n`2015`sc`0`l`30`ibp`1`crf`215`dft`5`t`220`dn`2014`8`0`f`0`n`2016`sc`0`ipc`1`l`32`crf`215`dft`1024`t`226`dn`2017`8`0`f`0`itx`1`n`2018`sc`0`l`30`crf`215`dft`5`t`220`dn`2019`11`0`f`0`itx`1`n`2022`sc`0`icl`1`ipc`1`l`255`crf`215`dft`5`iro`1`t`220`dn`2021`8`0`f`0`itx`1`n`2024`sc`0`l`1`crf`215`dft`5`t`218`dn`2023`10`0`f`0`itx`1`n`2025`sc`0`icl`1`l`255`crf`215`dft`5`iro`1`t`220`dn`1739`10`0`f`0`n`1324`sc`0`ipc`1`inm`1`irq`1`l`16`crf`215`dft`5`t`1306`dn`1325`8`0`f`0`itx`1`n`2027`sc`0`l`1`crf`215`dft`5`t`218`dn`2026`9`0`f`0`itx`1`n`2029`sc`0`l`30`ibp`1`crf`215`dft`5`t`220`dn`2028`8`0`f`0`n`1465`sc`6`inm`1`l`18`crf`215`dft`5`t`1029`dn`1464`8`0`f`0`n`2031`sc`6`inm`1`l`18`crf`215`dft`5`t`1029`dn`2030`8`0`f`0`itx`1`n`2032`sc`0`l`30`crf`215`dft`5`t`220`dn`2033`9`0`f`0`itx`1`n`2034`sc`0`l`50`ibp`1`crf`215`dft`5`t`220`dn`2035`8`0`f`0`itx`1`n`2037`sc`0`l`100`crf`215`dft`5`t`220`dn`2038`8`0`f`0`itx`1`n`300`sc`0`l`50`crf`215`dft`5`t`220`dn`2039`8`0`f`0`itx`1`n`1546`sc`0`l`50`crf`215`dft`5`t`220`dn`2040`10`0`f`0`itx`1`n`2136`sc`0`icl`1`l`1`crf`215`dft`5`iro`1`t`218`dn`2136`10`0`f`0`itx`1`n`2137`sc`0`icl`1`l`1`crf`215`dft`5`iro`1`t`218`dn`2137`9`0`f`0`itx`1`n`1539`sc`0`l`1`crf`215`dft`5`iro`1`t`218`dn`1539`7`0`f`0`n`1392`sc`0`l`32`crf`215`dft`5`t`226`dn`1392`8`0`f`0`itx`1`n`1507`sc`0`l`1`crf`215`dft`5`t`218`dn`1507`8`0`f`0`itx`1`n`2150`sc`0`l`250`crf`215`dft`5`t`220`dn`2150`9`0`f`0`itx`1`n`1496`sc`0`l`100`ibp`1`crf`215`dft`5`t`220`dn`1496`8`0`f`0`itx`1`n`1564`sc`0`l`100`crf`215`dft`5`t`220`dn`1564`10`0`f`0`n`1537`sc`2`icl`1`inm`1`l`25`crf`1027`dft`5`iro`1`t`221`dn`1537`8`0`f`0`itx`1`n`141`sc`0`l`1`crf`215`dft`5`t`218`dn`141`8`0`f`0`itx`1`n`1528`sc`0`l`250`crf`215`dft`5`t`220`dn`1528`8`0`f`0`itx`1`n`659`sc`0`l`2000`crf`215`dft`5`t`220`dn`659`9`0`f`0`itx`1`n`1552`sc`0`l`100`ibp`1`crf`215`dft`5`t`220`dn`1552`9`0`f`0`itx`1`n`1493`sc`0`l`30`ibp`1`crf`215`dft`5`t`220`dn`1493`9`0`f`0`itx`1`n`1195`sc`0`l`15`ibp`1`crf`215`dft`5`t`214`dn`1195`9`0`f`0`itx`1`n`1530`sc`0`l`30`ibp`1`crf`215`dft`5`t`220`dn`1530`11`0`f`0`itx`1`n`183`sc`0`irq`1`l`15`crf`215`dft`5`ihn`1`iro`1`t`214`dn`183`8`0`f`0`sc`0`n`1019`l`255`crf`1020`ihn`1`iro`1`dn`1019`t`220`8`0`f`0`sc`0`n`1021`l`255`crf`1020`ihn`1`iro`1`dn`1021`t`220`8`0`f`0`sc`0`n`1022`l`255`crf`1020`ihn`1`iro`1`dn`1022`t`220`4`8`rl`0`inrk`1`crnm`1`nmr`7`atr`0`2`0`r`0`v`0*0*11*In-Progress7*Pending0*2*OF8*S01546530*0*9*Promotion0*10*3-61EV8AO30*1*10*1*15*Blank22*BB UN BB 15GB  (31.50)4*31.53*GBP10*06/23/20200*0*0*10*3-61EV8C9M22*Monthly/Quarterly Bill19*06/23/2020 14:02:520*0*3*Add7*Pending11*In-Progress0*0*1*19*Per Month0*0*0*0*10*Blazemeter0*7*Default1*N0*0*0*0*0*0*0*0*0*0*0*0*15*VOL013-61EV8BLC0*0*0*0*0*1*N1*01*10*0*0*0*0*0*0*0*4*Demo1*N1*N1*N19*06/23/2020 14:02:521*N0*0*0*4*31.51*Y0*0*0*0*0*4*Good10*3-61EV8BLC1*01*N1*N`i`3-61EV8BLC`2`0`r`0`v`0*15*VOL013-61EV8BLC11*In-Progress7*Pending0*2*DF8*S01554490*0*7*Product0*10*3-61EV8AO30*1*10*1*25*Blank35*BT Home Hub 2.0 (Not for new sales)2*463*GBP10*06/23/20200*0*0*10*3-61EV8C9M17*Credit/Debit Card19*06/23/2020 14:02:520*0*3*Add7*Pending11*In-Progress0*0*1*14*Each0*0*0*0*10*Blazemeter0*7*Default1*N0*12*Out Of Stock7*FY3 9QX0*0*0*0*0*0*0*0*0*15*VOL013-61EV8BLE0*0*0*0*41*169, Preston Old Road, Blackpool, FY3 9QX1*N1*01*10*13*NotApplicable0*0*0*0*0*0*4*Demo1*N1*N1*Y19*06/23/2020 14:02:521*N0*0*0*2*461*Y0*0*0*0*0*4*Good10*3-61EV8BLE1*01*N1*N`i`3-61EV8BLE`2`0`r`0`v`0*15*VOL013-61EV8BLC11*In-Progress7*Pending0*2*DF8*S01554510*0*7*Product0*10*3-61EV8AO30*1*10*1*35*Blank19*Hub Phone 2.1 Black4*40.93*GBP10*06/23/20200*0*0*10*3-61EV8C9M17*Credit/Debit Card19*06/23/2020 14:02:520*0*3*Add7*Pending11*In-Progress0*0*1*14*Each0*0*0*0*10*Blazemeter0*7*Default1*N0*12*Out Of Stock7*FY3 9QX0*0*0*0*0*0*0*0*0*15*VOL013-61EV8BLY0*0*0*0*41*169, Preston Old Road, Blackpool, FY3 9QX1*N1*01*10*13*NotApplicable0*0*0*0*0*0*4*Demo1*N1*N1*Y19*06/23/2020 14:02:521*N0*0*0*4*40.91*Y0*0*0*0*0*4*Good10*3-61EV8BLY1*01*N1*N`i`3-61EV8BLY`2`0`r`0`v`0*15*VOL013-61EV8BLC11*In-Progress7*Pending0*2*OF8*S01546740*0*7*Product0*10*3-61EV8AO30*1*10*1*45*Blank70*DISCOUNT BB AQ BB Unltd (36.00) GBP 4.80 off for 3mnths 18mnths cntrct4*-4.83*GBP10*06/23/20200*0*0*10*3-61EV8C9M22*Monthly/Quarterly Bill19*06/23/2020 14:02:520*0*3*Add7*Pending11*In-Progress0*0*1*19*Per Month0*0*0*0*10*Blazemeter0*7*Default1*N0*12*Out Of Stock0*0*0*0*0*0*0*0*0*0*15*VOL013-61EV8BMI0*0*0*0*0*1*N1*01*10*0*0*0*0*0*0*0*4*Demo1*N1*N1*N19*06/23/2020 14:02:521*N0*0*0*4*-4.81*Y0*0*0*0*0*4*Good10*3-61EV8BMI1*01*N1*N`i`3-61EV8BMI`2`0`r`0`v`8*Standard15*VOL013-61EV8BLC11*In-Progress7*Pending0*2*OF8*S01546900*0*7*Product0*10*3-61EV8AO30*1*10*1*55*Blank65*Contract BB AQ BB Unltd (36.00) GBP off for 3mnths 18mnths cntrct1*03*GBP10*06/23/20200*0*0*10*3-61EV8C9M22*Monthly/Quarterly Bill19*06/23/2020 14:02:520*0*3*Add7*Pending11*In-Progress0*0*1*19*Per Month0*0*0*0*10*Blazemeter0*7*Default1*N0*12*Out Of Stock0*0*0*0*0*0*0*0*0*0*15*VOL013-61EV8BN30*0*0*0*0*1*N1*01*10*0*0*0*0*0*0*0*4*Demo1*N1*N1*N19*06/23/2020 14:02:521*N0*0*0*1*01*Y0*0*0*0*0*4*Good10*3-61EV8BN31*01*N1*N`i`3-61EV8BN3`2`0`r`0`v`0*15*VOL013-61EV8BLC11*In-Progress7*Pending0*5*OTHER8*S01458680*0*7*Product0*10*3-61EV8AO30*1*10*1*65*Blank17*BB Access Service1*03*GBP10*06/23/202010*3-61EV8AO811*012123456780*10*3-61EV8C9M22*Monthly/Quarterly Bill19*06/23/2020 14:02:520*0*3*Add7*Pending11*In-Progress0*0*1*19*Per Month0*0*0*0*10*Blazemeter0*7*Default1*N0*0*0*0*0*0*0*0*0*0*0*0*15*VOL013-61EV8BNQ0*0*0*7*FY3 9QX0*1*N1*01*10*0*0*0*0*0*0*0*4*Demo1*N1*N1*N19*06/23/2020 14:02:521*N0*0*0*1*01*Y0*0*0*0*0*4*Good10*3-61EV8BNQ1*01*Y1*N`i`3-61EV8BNQ`2`0`r`0`v`0*15*VOL013-61EV8BLC11*In-Progress7*Pending0*5*OTHER8*S01458690*0*7*Product0*10*3-61EV8AO30*1*10*1*75*Blank11*ISP Service1*03*GBP10*06/23/20200*0*0*10*3-61EV8C9M22*Monthly/Quarterly Bill19*06/23/2020 14:02:520*0*3*Add7*Pending11*In-Progress0*0*1*19*Per Month0*0*0*0*10*Blazemeter0*7*Default1*N0*0*0*0*0*0*0*0*0*0*0*0*15*VOL013-61EV8BT60*0*0*7*FY3 9QX0*1*N1*01*10*0*0*0*0*0*0*0*4*Demo1*N1*N1*N19*06/23/2020 14:02:521*N0*0*0*1*01*Y0*0*0*0*0*4*Good10*3-61EV8BT61*11*Y1*N`i`3-61EV8BT6`1`0`tr`0`v``1`1`nv`0`imv`1`6`5`vi`3``vt`STANDARD`ich`0`n`Order Entry - Line Items Detail View (Sales)`pu`http://localhost:8080/ecommunications_enu_nsm_aps05524a027/start.swe`tt`Order Line Items Detail`tb`&lt;span id=&apos;s_tb&apos;&gt;&lt;table datatable=&quot;0&quot; summary=&quot;&quot; cellpadding=&quot;0&quot; cellspacing=&quot;0&quot; border=&quot;0&quot;&gt;&lt;tr&gt;&lt;td&gt;&lt;span class=&quot;threadbar&quot;&gt;&lt;a href=&apos;JavaScript:{App().GotoView(&quot;Sales Order-Browse Catalog View&quot;, &quot;&quot;, &quot;/ecommunications_enu_nsm_aps05524a027/start.swe?SWENeedContext=false&amp;SWECmd=GotoBookmarkView&amp;SWEBMC=48&amp;SWEC=63&amp;SWEBID=-1&amp;SRN=xK7T2pIB2ZOV15hwlQxQF5reKcoUB8VpMTZr7we8uAEb&amp;SWETS=&amp;SWEKeepContext=1&quot;, window);void(0)}&apos; &gt;&lt;nobr&gt;Catalog:&lt;/nobr&gt;&lt;/a&gt;&lt;/span&gt;&lt;/td&gt;&lt;td&gt;&lt;img src=&quot;images/spacer.gif&quot; width=&quot;5&quot; height=&quot;1&quot; alt=&quot;&quot;&gt;&lt;/td&gt;&lt;td&gt;&lt;span class=&quot;threadbardiv&quot;&gt;&amp;nbsp;&amp;gt;&amp;nbsp;&lt;/span&gt;&lt;/td&gt;&lt;td&gt;&lt;span class=&quot;threadbar&quot;&gt;&lt;a href=&apos;JavaScript:{App().GotoView(&quot;Sales Order-Browse Catalog Category Details View - Add to Cart&quot;, &quot;&quot;, &quot;/ecommunications_enu_nsm_aps05524a027/start.swe?SWENeedContext=false&amp;SWECmd=GotoBookmarkView&amp;SWEBMC=52&amp;SWEC=63&amp;SWEBID=-1&amp;SRN=xK7T2pIB2ZOV15hwlQxQF5reKcoUB8VpMTZr7we8uAEb&amp;SWETS=&amp;SWEKeepContext=1&quot;, window);void(0)}&apos; &gt;&lt;nobr&gt;Category:BT Broadband and BB Talk&lt;/nobr&gt;&lt;/a&gt;&lt;/span&gt;&lt;/td&gt;&lt;td&gt;&lt;img src=&quot;images/spacer.gif&quot; width=&quot;5&quot; height=&quot;1&quot; alt=&quot;&quot;&gt;&lt;/td&gt;&lt;td&gt;&lt;span class=&quot;threadbardiv&quot;&gt;&amp;nbsp;&amp;gt;&amp;nbsp;&lt;/span&gt;&lt;/td&gt;&lt;td&gt;&lt;span class=&quot;threadbar&quot;&gt;&lt;nobr&gt;Order Line Items Detail:&lt;/nobr&gt;&lt;/span&gt;&lt;/td&gt;&lt;td&gt;&lt;img src=&quot;images/spacer.gif&quot; width=&quot;5&quot; height=&quot;1&quot; alt=&quot;&quot;&gt;&lt;/td&gt;&lt;td&gt;&lt;/td&gt;&lt;/tr&gt;&lt;/table&gt;&lt;/span&gt;`0`1`na`0`17`3`ai`3`S_A1`nfi`1`n`BT Order Entry - Order Form Applet Dashboard (Sales)`cud`4*16651*14*18061*14*18131*14*16671*14*16961*14*17911*04*17961*04*18111*04*18151*04*16861*14*17981*04*16711*14*18271*14*18281*04*17281*14*16591*14*18031*04*18291*14*18301*04*18311*14*17681*04*18321*04*18331*03*6491*04*17641*14*17611*04*17331*14*17141*14*17491*14*17301*14*17871*04*17691*04*17321*14*18091*04*17621*04*17351*14*17821*04*18341*14*16771*14*17251*04*13941*14*13951*14*17761*14*16691*14*17181*14*17031*04*17401*04*16731*14*17781*04*17831*14*18351*04*17421*04*17381*04*17471*04*17581*04*17531*04*18361*04*14191*04*17121*14*17441*14*18371*04*16881*14*16781*14*18381*04*18391*04*18401*14*16571*14*18411*14*14411*04*18421*14*17511*13*6411*14*16801*14*17061*04*14061*04*14081*03*6501*14*14201*04*18431*04*13971*04*18441*14*14211*04*14221*14*17741*14*14231*04*13921*14*14471*14*14171*14*13701*14*18201*14*14531*14*16831*14*14271*14*14291*13*5871*14*14311*14*14261*14*11531*14*14301*04*14561*03*1211*12*451*14*14321*14*13981*14*14021*14*14331*14*14341*13*1231*04*18211*14*14351*04*14001*13*2081*03*1621*14*13661*03*1551*04*14361*04*14371*04*14381*04*14401*03*1511*02*641*14*18451*03*6431*13*3171*14*14421*13*1601*14*14431*14*14441*04*14451*03*2431*14*13741*02*431*13*1311*03*6461*14*18461*14*17891*03*2641*04*13811*04*18471*14*14481*13*1151*14*14491*14*14501*03*1001*04*17241*14*14521*13*1341*14*18481*03*1421*14*18491*14*13881*14*14541*14*18501*14*14551*03*1351*04*13961*04*14571*14*18511*04*13861*14*13731*13*1451*04*18521*03*6581*04*18531*04*18541*03*6321*14*14591*14*18551*04*18251*12*121*12*281*14*14601*13*3061*13*7731*14*18561*02*401*13*2541*02*391*12*441*13*3071*12*271*14*13761*03*8881*14*17171*04*17461*14*17231*14*17551*04*17091*14*17851*03*6361*04*16991*14*18571*14*10121*14*18001*04*17931*04*17801*04*16941*13*4961*14*16621*14*16911*14*12991*1`cik`4*16661*13*6991*14*16861*14*18171*04*16611*14*16701*14*16761*02*541*14*16901*04*16791*14*16571*14*18181*14*18191*14*16821*14*13711*14*18201*14*16851*12*431*02*451*14*18211*12*201*02*311*13*2431*14*18221*14*18231*14*18241*13*6331*14*18251*12*281*04*14141*13*3061*04*16951*12*401*12*391*02*441*13*3071*12*271*04*12001*14*16641*14*16931*12*211*12*221*12*231*12*241*12*251*02*261*02*291*12*301*02*321*02*331*12*341*02*351*02*361*02*371*02*381*12*411*02*421*12*461*12*471*12*481*02*491*02*501*02*511*02*521*02*531*02*551*14*12311*14*14161*14*14151*14*18261*02*561*02*571*1`shd`56*BT_Order_Entry__Order_Form_Applet_Dashboard_Sales_Applet90*srf1592409810_444/bscripts/all/applet_bt_order_entry__order_form_applet_dashboard_sales.js`asq`0`ied`1`vrn`S_A1`tt`1365`inu`0`hmn`1`rsp`false`bnr`0`iem``bci`S_BC1`hlc`3*a_11*11*2`i`1`0`109`cl`0`23`1`c`0`pt`5`sp`s_1_1_66_0`dm`7`w`0`n`1657`pw`0`ph`0`ju`6`sq`1997`pan`5`mn`1657`ibp`1`crf`8`sdy`0`h`0`iec`1`dft`5`ime`5`dmc`0`t`67`dn`1658`fn`5`msz`32`13`0`imp`0`SWEField`s_1_1_66_0`SWENeedContext`true`SWER`0`SWESP`false`SWEMethod`BTCreditCheck`SWECmd`InvokeMethod`SWEDIC`false`SWEReqRowId`0`SWEView`Order Entry - Line Items Detail View (Sales)`SWEC`63`SWEBID`-1`SRN`xK7T2pIB2ZOV15hwlQxQF5reKcoUB8VpMTZr7we8uAEb`SWEApplet`BT Order Entry - Order Form Applet Dashboard (Sales)`23`1`c`0`pt`5`sp`s_1_1_15_0`dm`7`w`0`n`1659`pw`0`ph`0`ju`6`sq`1997`pan`5`mn`1661`ibp`1`crf`8`sdy`0`h`0`iec`1`dft`5`ime`5`dmc`0`t`67`dn`1660`fn`5`msz`32`13`0`imp`0`SWEField`s_1_1_15_0`SWENeedContext`true`SWER`0`SWESP`false`SWEMethod`BTAddServicePoint`SWECmd`InvokeMethod`SWEDIC`false`SWEReqRowId`0`SWEView`Order Entry - Line Items Detail View (Sales)`SWEC`63`SWEBID`-1`SRN`xK7T2pIB2ZOV15hwlQxQF5reKcoUB8VpMTZr7we8uAEb`SWEApplet`BT Order Entry - Order Form Applet Dashboard (Sales)`23`1`c`0`pt`5`sp`s_1_1_198_0`dm`7`w`0`n`1662`pw`0`ph`0`ju`6`sq`1997`pan`5`mn`1664`ibp`1`crf`8`sdy`0`h`0`iec`1`dft`5`ime`5`dmc`0`t`67`dn`1663`fn`5`msz`32`13`0`imp`0`SWEField`s_1_1_198_0`SWENeedContext`true`SWER`0`SWESP`false`SWEMethod`BTSDiscount`SWECmd`InvokeMethod`SWEDIC`false`SWEReqRowId`0`SWEView`Order Entry - Line Items Detail View (Sales)`SWEC`63`SWEBID`-1`SRN`xK7T2pIB2ZOV15hwlQxQF5reKcoUB8VpMTZr7we8uAEb`SWEApplet`BT Order Entry - Order Form Applet Dashboard (Sales)`23`1`c`0`pt`5`sp`s_1_1_0_0`dm`7`w`0`n`1665`pw`0`ph`0`ju`6`sq`1997`pan`5`mn`1666`ibp`1`crf`8`sdy`0`h`0`iec`1`dft`5`ime`5`dmc`0`t`67`dn`1665`fn`5`msz`32`13`0`imp`0`SWEField`s_1_1_0_0`SWENeedContext`true`SWER`0`SWESP`false`SWEMethod`GetAOSO`SWECmd`InvokeMethod`SWEDIC`false`SWEReqRowId`0`SWEView`Order Entry - Line Items Detail View (Sales)`SWEC`63`SWEBID`-1`SRN`xK7T2pIB2ZOV15hwlQxQF5reKcoUB8VpMTZr7we8uAEb`SWEApplet`BT Order Entry - Order Form Applet Dashboard (Sales)`23`1`c`0`pt`5`sp`s_1_1_165_0`dm`7`w`0`n`632`pw`0`ph`0`ju`6`sq`1997`pan`5`mn`633`ibp`1`crf`8`sdy`0`h`0`iec`1`dft`5`ime`5`dmc`0`t`67`dn`633`fn`5`msz`32`13`0`imp`0`SWEField`s_1_1_165_0`SWENeedContext`true`SWER`0`SWESP`false`SWEMethod`Revise`SWECmd`InvokeMethod`SWEDIC`false`SWEReqRowId`0`SWEView`Order Entry - Line Items Detail View (Sales)`SWEC`63`SWEBID`-1`SRN`xK7T2pIB2ZOV15hwlQxQF5reKcoUB8VpMTZr7we8uAEb`SWEApplet`BT Order Entry - Order Form Applet Dashboard (Sales)`25`1`c`0`pt`5`sp`s_1_1_177_0`dm`7`w`0`n`39`eb`&lt;img src=&quot;images/rcnv_prv_1.gif&quot; border=&quot;0&quot; space=&quot;0&quot; hspace=&quot;0&quot; alt=&quot;Previous record&quot;  title=&quot;Previous record&quot; &gt;`pw`0`db`&lt;img src=&quot;images/rcnv_prv_0.gif&quot; border=&quot;0&quot; space=&quot;0&quot; hspace=&quot;0&quot; alt=&quot;Previous record&quot;  title=&quot;Previous record&quot; &gt;`ph`0`ju`6`sq`1997`pan`5`mn`39`ibp`1`crf`8`sdy`0`h`0`iec`1`dft`5`ime`5`dmc`0`t`67`dn`5`fn`5`msz`32`13`0`imp`0`SWEField`s_1_1_177_0`SWENeedContext`true`SWER`0`SWESP`false`SWEMethod`GotoPreviousSet`SWECmd`InvokeMethod`SWEDIC`false`SWEReqRowId`0`SWEView`Order Entry - Line Items Detail View (Sales)`SWEC`63`SWEBID`-1`SRN`xK7T2pIB2ZOV15hwlQxQF5reKcoUB8VpMTZr7we8uAEb`SWEApplet`BT Order Entry - Order Form Applet Dashboard (Sales)`25`1`c`0`pt`5`sp`s_1_1_175_0`dm`7`w`0`n`40`eb`&lt;img src=&quot;images/rcnv_nxt_1.gif&quot; border=&quot;0&quot; space=&quot;0&quot; hspace=&quot;0&quot; alt=&quot;Next Record&quot;  title=&quot;Next Record&quot; &gt;`pw`0`db`&lt;img src=&quot;images/rcnv_nxt_0.gif&quot; border=&quot;0&quot; space=&quot;0&quot; hspace=&quot;0&quot; alt=&quot;Next Record&quot;  title=&quot;Next Record&quot; &gt;`ph`0`ju`6`sq`1997`pan`5`mn`40`ibp`1`crf`8`sdy`0`h`0`iec`1`dft`5`ime`5`dmc`0`t`67`dn`5`fn`5`msz`32`13`0`imp`0`SWEField`s_1_1_175_0`SWENeedContext`true`SWER`0`SWESP`false`SWEMethod`GotoNextSet`SWECmd`InvokeMethod`SWEDIC`false`SWEReqRowId`0`SWEView`Order Entry - Line Items Detail View (Sales)`SWEC`63`SWEBID`-1`SRN`xK7T2pIB2ZOV15hwlQxQF5reKcoUB8VpMTZr7we8uAEb`SWEApplet`BT Order Entry - Order Form Applet Dashboard (Sales)`23`1`c`0`pt`5`sp`s_1_1_3_0`dm`7`w`0`n`1667`pw`0`ph`0`ju`6`sq`1997`pan`5`mn`699`ibp`1`crf`8`sdy`0`h`0`iec`1`dft`5`ime`5`dmc`0`t`67`dn`1668`fn`5`msz`32`17`0`imp`0`SWEField`s_1_1_3_0`SWENeedContext`true`SWER`0`SWESP`true`SWEMethod`ShowPopup`SWECmd`InvokeMethod`SWEH`100`SWEDIC`true`SWEReqRowId`0`SWEView`Order Entry - Line Items Detail View (Sales)`SWEC`63`SWEW`300`SWEM`Edit`SWEBID`-1`SRN`xK7T2pIB2ZOV15hwlQxQF5reKcoUB8VpMTZr7we8uAEb`SWETA`BT Spring PortIn Order Details`SWEApplet`BT Order Entry - Order Form Applet Dashboard (Sales)`23`1`c`0`pt`5`sp`s_1_1_43_0`dm`7`w`0`n`1669`pw`0`ph`0`ju`6`sq`1997`pan`5`mn`1670`ibp`1`crf`8`sdy`0`h`0`iec`1`dft`5`ime`5`dmc`0`t`67`dn`1669`fn`5`msz`32`13`0`imp`0`SWEField`s_1_1_43_0`SWENeedContext`true`SWER`0`SWESP`false`SWEMethod`GenerateAppointmnt`SWECmd`InvokeMethod`SWEDIC`false`SWEReqRowId`0`SWEView`Order Entry - Line Items Detail View (Sales)`SWEC`63`SWEBID`-1`SRN`xK7T2pIB2ZOV15hwlQxQF5reKcoUB8VpMTZr7we8uAEb`SWEApplet`BT Order Entry - Order Form Applet Dashboard (Sales)`23`1`c`0`pt`5`sp`s_1_1_178_0`dm`7`w`0`n`44`pw`0`ph`0`ju`6`sq`1997`pan`5`mn`44`ibp`1`crf`8`sdy`0`h`0`iec`1`dft`5`ime`5`dmc`0`t`67`dn`530`fn`5`msz`32`13`0`imp`0`SWEField`s_1_1_178_0`SWENeedContext`true`SWER`0`SWESP`false`SWEMethod`NewQuery`SWECmd`InvokeMethod`SWEDIC`false`SWEReqRowId`0`SWEView`Order Entry - Line Items Detail View (Sales)`SWEC`63`SWEBID`-1`SRN`xK7T2pIB2ZOV15hwlQxQF5reKcoUB8VpMTZr7we8uAEb`SWEApplet`BT Order Entry - Order Form Applet Dashboard (Sales)`23`1`c`0`pt`5`sp`s_1_1_101_0`dm`7`w`0`n`45`pw`0`ph`0`ju`6`sq`1997`pan`5`mn`45`ibp`1`crf`8`sdy`0`h`0`iec`1`dft`5`ime`5`dmc`0`t`67`dn`392`fn`5`msz`32`13`0`imp`0`SWEField`s_1_1_101_0`SWENeedContext`true`SWER`0`SWESP`false`SWEMethod`ExecuteQuery`SWECmd`InvokeMethod`SWEDIC`false`SWEReqRowId`0`SWEView`Order Entry - Line Items Detail View (Sales)`SWEC`63`SWEBID`-1`SRN`xK7T2pIB2ZOV15hwlQxQF5reKcoUB8VpMTZr7we8uAEb`SWEApplet`BT Order Entry - Order Form Applet Dashboard (Sales)`23`1`c`0`pt`5`sp`s_1_1_94_0`dm`7`w`0`n`587`pw`0`ph`0`ju`6`sq`1997`pan`5`mn`43`ibp`1`crf`8`sdy`0`h`0`iec`1`dft`5`ime`5`dmc`0`t`67`dn`393`fn`5`msz`32`13`0`imp`0`SWEField`s_1_1_94_0`SWENeedContext`true`SWER`0`SWESP`false`SWEMethod`UndoQuery`SWECmd`InvokeMethod`SWEDIC`false`SWEReqRowId`0`SWEView`Order Entry - Line Items Detail View (Sales)`SWEC`63`SWEBID`-1`SRN`xK7T2pIB2ZOV15hwlQxQF5reKcoUB8VpMTZr7we8uAEb`SWEApplet`BT Order Entry - Order Form Applet Dashboard (Sales)`23`1`c`0`pt`5`sp`s_1_1_11_0`dm`7`w`0`n`1671`pw`0`ph`0`ju`6`sq`1997`pan`5`mn`699`ibp`1`crf`8`sdy`0`h`0`iec`1`dft`5`ime`5`dmc`0`t`67`dn`1672`fn`5`msz`32`17`0`imp`0`SWEField`s_1_1_11_0`SWENeedContext`true`SWER`0`SWESP`true`SWEMethod`ShowPopup`SWECmd`InvokeMethod`SWEH`100`SWEDIC`true`SWEReqRowId`0`SWEView`Order Entry - Line Items Detail View (Sales)`SWEC`63`SWEW`300`SWEM`Base`SWEBID`-1`SRN`xK7T2pIB2ZOV15hwlQxQF5reKcoUB8VpMTZr7we8uAEb`SWETA`BT Transfer PopUp List Applet`SWEApplet`BT Order Entry - Order Form Applet Dashboard (Sales)`23`1`c`0`pt`5`sp`s_1_1_120_0`dm`7`w`0`n`64`pw`0`ph`0`ju`6`sq`1997`pan`5`mn`20`ibp`1`crf`8`sdy`0`h`0`iec`1`dft`5`ime`5`dmc`0`t`67`dn`652`fn`5`msz`32`17`0`imp`0`SWEField`s_1_1_120_0`SWENeedContext`true`SWER`0`SWESP`true`SWEMethod`ShowQueryAssistant`SWECmd`InvokeMethod`SWEH`100`SWEDIC`true`SWEReqRowId`0`SWEView`Order Entry - Line Items Detail View (Sales)`SWEC`63`SWEW`300`SWEM`Edit`SWEBID`-1`SRN`xK7T2pIB2ZOV15hwlQxQF5reKcoUB8VpMTZr7we8uAEb`SWETA`Query Assistant`SWEApplet`BT Order Entry - Order Form Applet Dashboard (Sales)`23`1`c`0`pt`1675`sp`s_1_1_47_0`dm`7`w`0`n`1673`pw`0`ph`0`ju`6`sq`1997`pan`5`mn`1676`ibp`1`crf`8`sdy`0`h`0`iec`1`dft`5`ime`5`dmc`0`t`67`dn`1674`fn`5`msz`32`13`0`imp`0`SWEField`s_1_1_47_0`SWENeedContext`true`SWER`0`SWESP`false`SWEMethod`RecoverCopyOrder`SWECmd`InvokeMethod`SWEDIC`false`SWEReqRowId`0`SWEView`Order Entry - Line Items Detail View (Sales)`SWEC`63`SWEBID`-1`SRN`xK7T2pIB2ZOV15hwlQxQF5reKcoUB8VpMTZr7we8uAEb`SWEApplet`BT Order Entry - Order Form Applet Dashboard (Sales)`23`1`c`0`pt`5`sp`s_1_1_38_0`dm`7`w`0`n`1677`pw`0`ph`0`ju`6`sq`1997`pan`5`mn`699`ibp`1`crf`8`sdy`0`h`0`iec`1`dft`5`ime`5`dmc`0`t`67`dn`393`fn`5`msz`32`17`0`imp`0`SWEField`s_1_1_38_0`SWENeedContext`true`SWER`0`SWESP`true`SWEMethod`ShowPopup`SWECmd`InvokeMethod`SWEH`100`SWEDIC`true`SWEReqRowId`0`SWEView`Order Entry - Line Items Detail View (Sales)`SWEC`63`SWEW`300`SWEM`Edit`SWEBID`-1`SRN`xK7T2pIB2ZOV15hwlQxQF5reKcoUB8VpMTZr7we8uAEb`SWETA`BT Order Cancel Form Applet`SWEApplet`BT Order Entry - Order Form Applet Dashboard (Sales)`23`1`c`0`pt`5`sp`s_1_1_62_0`dm`7`w`0`n`1678`pw`0`ph`0`ju`6`sq`1997`pan`5`mn`1679`ibp`1`crf`8`sdy`0`h`0`iec`1`dft`5`ime`5`dmc`0`t`67`dn`1678`fn`5`msz`32`13`0`imp`0`SWEField`s_1_1_62_0`SWENeedContext`true`SWER`0`SWESP`false`SWEMethod`GetNTVPPOffers`SWECmd`InvokeMethod`SWEDIC`false`SWEReqRowId`0`SWEView`Order Entry - Line Items Detail View (Sales)`SWEC`63`SWEBID`-1`SRN`xK7T2pIB2ZOV15hwlQxQF5reKcoUB8VpMTZr7we8uAEb`SWEApplet`BT Order Entry - Order Form Applet Dashboard (Sales)`23`1`c`0`pt`5`sp`s_1_1_72_0`dm`7`w`0`n`1680`pw`0`ph`0`ju`6`sq`1997`pan`5`mn`1682`ibp`1`crf`8`sdy`0`h`0`iec`1`dft`5`ime`5`dmc`0`t`67`dn`1681`fn`5`msz`32`13`0`imp`0`SWEField`s_1_1_72_0`SWENeedContext`true`SWER`0`SWESP`false`SWEMethod`GenActivityPlans`SWECmd`InvokeMethod`SWEDIC`false`SWEReqRowId`0`SWEView`Order Entry - Line Items Detail View (Sales)`SWEC`63`SWEBID`-1`SRN`xK7T2pIB2ZOV15hwlQxQF5reKcoUB8VpMTZr7we8uAEb`SWEApplet`BT Order Entry - Order Form Applet Dashboard (Sales)`23`1`c`0`pt`5`sp`s_1_1_91_0`dm`7`w`0`n`1683`pw`0`ph`0`ju`6`sq`1997`pan`5`mn`1685`ibp`1`crf`8`sdy`0`h`0`iec`1`dft`5`ime`5`dmc`0`t`67`dn`1684`fn`5`msz`32`13`0`imp`0`SWEField`s_1_1_91_0`SWENeedContext`true`SWER`0`SWESP`false`SWEMethod`BTNetworkService`SWECmd`InvokeMethod`SWEDIC`false`SWEReqRowId`0`SWEView`Order Entry - Line Items Detail View (Sales)`SWEC`63`SWEBID`-1`SRN`xK7T2pIB2ZOV15hwlQxQF5reKcoUB8VpMTZr7we8uAEb`SWEApplet`BT Order Entry - Order Form Applet Dashboard (Sales)`23`1`c`0`pt`5`sp`s_1_1_9_0`dm`7`w`0`n`1686`pw`0`ph`0`ju`6`sq`1997`pan`5`mn`1686`ibp`1`crf`8`sdy`0`h`0`iec`1`dft`5`ime`5`dmc`0`t`67`dn`1687`fn`5`msz`32`13`0`imp`0`SWEField`s_1_1_9_0`SWENeedContext`true`SWER`0`SWESP`false`SWEMethod`BTSendAdHocKCI`SWECmd`InvokeMethod`SWEDIC`false`SWEReqRowId`0`SWEView`Order Entry - Line Items Detail View (Sales)`SWEC`63`SWEBID`-1`SRN`xK7T2pIB2ZOV15hwlQxQF5reKcoUB8VpMTZr7we8uAEb`SWEApplet`BT Order Entry - Order Form Applet Dashboard (Sales)`23`1`c`0`pt`5`sp`s_1_1_61_0`dm`7`w`0`n`1688`pw`0`ph`0`ju`6`sq`1997`pan`5`mn`1690`ibp`1`crf`8`sdy`0`h`0`iec`1`dft`5`ime`5`dmc`0`t`67`dn`1689`fn`5`msz`32`13`0`imp`0`SWEField`s_1_1_61_0`SWENeedContext`true`SWER`0`SWESP`false`SWEMethod`OrderResponse`SWECmd`InvokeMethod`SWEDIC`false`SWEReqRowId`0`SWEView`Order Entry - Line Items Detail View (Sales)`SWEC`63`SWEBID`-1`SRN`xK7T2pIB2ZOV15hwlQxQF5reKcoUB8VpMTZr7we8uAEb`SWEApplet`BT Order Entry - Order Form Applet Dashboard (Sales)`23`1`c`0`pt`5`sp`s_1_1_199_0`dm`7`w`0`n`1691`pw`0`ph`0`ju`6`sq`1997`pan`5`mn`1693`ibp`1`crf`8`sdy`0`h`0`iec`1`dft`5`ime`5`dmc`0`t`67`dn`1692`fn`5`msz`32`13`0`imp`0`SWEField`s_1_1_199_0`SWENeedContext`true`SWER`0`SWESP`false`SWEMethod`GetBTPlus`SWECmd`InvokeMethod`SWEDIC`false`SWEReqRowId`0`SWEView`Order Entry - Line Items Detail View (Sales)`SWEC`63`SWEBID`-1`SRN`xK7T2pIB2ZOV15hwlQxQF5reKcoUB8VpMTZr7we8uAEb`SWEApplet`BT Order Entry - Order Form Applet Dashboard (Sales)`23`0`c`0`pt`5`sp`s_1_1_196_0`dm`7`w`0`csq`1`n`1694`pw`0`ph`0`ju`6`sq`1997`pan`5`ibp`1`crf`8`sdy`0`h`0`iec`1`dft`5`ime`5`dmc`0`t`438`dn`1158`fn`1158`msz`10`25`1`c`0`pt`5`sp`s_1_1_129_0`dm`5`w`0`n`243`eb`&lt;img src=&quot;images/btn_more.gif&quot; border=&quot;0&quot; space=&quot;0&quot; hspace=&quot;0&quot; alt=&quot;Show more&quot;  title=&quot;Show more&quot; &gt;`pw`0`ph`0`ju`6`sq`1997`pan`5`icm`243`mn`243`ibp`1`crf`8`sdy`0`h`0`iec`1`dft`5`ime`5`dmc`0`t`10`dn`5`fn`5`msz`32`13`0`imp`0`SWEField`s_1_1_129_0`SWENeedContext`true`SWER`0`SWESP`false`SWEMethod`ToggleLayout`SWECmd`InvokeMethod`SWEDIC`false`SWEReqRowId`0`SWEView`Order Entry - Line Items Detail View (Sales)`SWEC`63`SWEBID`-1`SRN`xK7T2pIB2ZOV15hwlQxQF5reKcoUB8VpMTZr7we8uAEb`SWEApplet`BT Order Entry - Order Form Applet Dashboard (Sales)`23`1`c`0`pt`5`sp`s_1_1_173_0`dm`7`w`0`n`773`pw`0`ph`0`ju`6`sq`1997`pan`5`mn`1695`ibp`1`crf`8`sdy`0`h`0`iec`1`dft`5`ime`5`dmc`0`t`67`dn`773`fn`5`msz`32`13`0`imp`0`SWEField`s_1_1_173_0`SWENeedContext`true`SWER`0`SWESP`false`SWEMethod`SubmitOrderSvc`SWECmd`InvokeMethod`SWEDIC`false`SWEReqRowId`0`SWEView`Order Entry - Line Items Detail View (Sales)`SWEC`63`SWEBID`-1`SRN`xK7T2pIB2ZOV15hwlQxQF5reKcoUB8VpMTZr7we8uAEb`SWEApplet`BT Order Entry - Order Form Applet Dashboard (Sales)`23`1`c`0`pt`5`sp`s_1_1_4_0`dm`7`w`0`n`1696`pw`0`ph`0`ju`6`sq`1997`pan`5`mn`699`ibp`1`crf`8`sdy`0`h`0`iec`1`dft`5`ime`5`dmc`0`t`67`dn`1697`fn`5`msz`32`17`0`imp`0`SWEField`s_1_1_4_0`SWENeedContext`true`SWER`0`SWESP`true`SWEMethod`ShowPopup`SWECmd`InvokeMethod`SWEH`100`SWEDIC`true`SWEReqRowId`0`SWEView`Order Entry - Line Items Detail View (Sales)`SWEC`63`SWEW`300`SWEM`Edit`SWEBID`-1`SRN`xK7T2pIB2ZOV15hwlQxQF5reKcoUB8VpMTZr7we8uAEb`SWETA`BT BBHousehold DN Applet`SWEApplet`BT Order Entry - Order Form Applet Dashboard (Sales)`23`0`c`0`pt`1372`sp`s_1_1_136_0`dm`5`w`168`csq`1`n`264`pw`0`ph`0`ju`6`sq`1001`pan`5`ibp`1`crf`8`sdy`0`h`24`iec`1`dft`5`ime`5`dmc`0`t`4`dn`159`fn`158`msz`30`25`0`c`0`pt`1698`sp`s_1_1_143_0`dm`5`w`112`csq`1`n`100`pw`300`pat`Pick`ph`100`ju`6`sq`1031`ied`1`pan`5`ibp`1`crf`8`sdy`0`h`24`iec`1`dft`5`ime`5`dmc`0`t`4`dn`896`fn`100`msz`100`23`0`c`0`pt`5`sp`s_1_1_190_0`dm`7`w`85`csq`1`n`1699`pw`0`ph`0`ju`6`sq`1997`pan`5`ibp`1`crf`8`sdy`0`h`24`iec`1`dft`5`ime`5`dmc`0`t`1700`dn`1701`fn`1153`msz`30`25`0`c`0`pt`5`sp`s_1_1_97_0`dm`7`w`128`csq`1`n`1153`pw`300`pat`Pick`ph`100`ju`6`sq`1016`ied`1`pan`5`ibp`1`crf`8`sdy`0`h`24`iec`1`dft`5`ime`5`dmc`0`t`4`dn`1153`fn`1153`msz`30`23`0`c`0`pt`1702`sp`s_1_1_162_0`dm`5`w`112`csq`1`n`658`pw`0`ph`0`ju`6`sq`1032`pan`5`ibp`1`crf`8`sdy`0`h`24`iec`1`dft`5`ime`5`dmc`0`t`4`dn`658`fn`144`msz`50`23`0`c`0`pt`5`sp`s_1_1_45_0`dm`69`w`120`csq`1`n`1703`pw`0`ph`0`ju`6`sq`1997`pan`5`ibp`1`crf`8`sdy`0`h`24`iec`1`dft`5`ime`5`dmc`0`t`4`dn`1704`fn`1705`msz`255`23`0`c`0`pt`1379`sp`s_1_1_140_0`dm`5`w`168`csq`1`n`115`pw`0`ph`0`ju`6`sq`1002`pan`5`ibp`1`crf`8`sdy`0`h`24`iec`1`dft`5`ime`5`dmc`0`t`116`dn`115`fn`115`msz`30`25`0`c`0`pt`5`sp`s_1_1_73_0`dm`7`w`112`csq`1`n`1706`pw`300`pat`Pick`ph`100`ju`6`sq`1052`ied`1`pan`5`ibp`1`crf`8`sdy`0`h`24`iec`1`dft`5`ime`5`dmc`0`t`4`dn`1707`fn`1708`msz`100`22`0`c`0`pt`1387`sp`s_1_1_187_0`dm`7`w`128`n`1709`pw`0`ph`0`ju`6`sq`1017`pan`5`ibp`1`crf`8`sdy`0`h`24`iec`1`dft`1711`ime`5`dmc`0`t`163`dn`1710`fn`1386`msz`255`23`0`c`0`pt`5`sp`s_1_1_58_0`dm`7`w`112`csq`1`n`1712`pw`0`ph`0`ju`6`sq`1033`pan`1712`ibp`1`crf`8`sdy`0`h`24`iec`1`dft`5`ime`5`dmc`0`t`116`dn`1713`fn`1712`msz`30`22`0`c`0`pt`5`sp`s_1_1_27_0`dm`7`w`120`n`1714`pw`0`ph`0`ju`6`sq`1997`pan`5`ibp`1`crf`8`sdy`0`h`24`iec`1`dft`5`ime`5`dmc`0`t`438`dn`1715`fn`1715`msz`1`23`0`c`0`pt`1716`sp`s_1_1_125_0`dm`5`w`168`csq`1`n`160`pw`0`ph`0`ju`6`sq`1003`pan`5`ibp`1`crf`8`sdy`0`h`24`iec`1`dft`5`ime`5`dmc`0`t`116`dn`152`fn`160`msz`30`23`0`c`0`pt`1385`sp`s_1_1_183_0`dm`5`w`112`csq`1`n`1717`pw`0`ph`0`ju`6`sq`1050`pan`5`ibp`1`crf`8`sdy`0`h`24`iec`1`dft`5`ime`5`dmc`0`t`4`dn`313`fn`135`msz`50`22`0`c`0`pt`5`sp`s_1_1_44_0`dm`7`w`128`n`1718`pw`0`ph`0`ju`6`sq`1018`pan`5`ibp`1`crf`8`sdy`0`h`24`iec`1`dft`1711`ime`5`dmc`0`t`163`dn`1718`fn`1719`msz`255`25`0`c`0`pt`5`sp`s_1_1_128_0`dm`7`w`112`csq`1`n`1445`pw`300`pat`Mvg`ph`100`ju`6`sq`1034`ied`1`pan`5`ibp`1`crf`8`sdy`0`h`24`iec`1`dft`5`ime`5`dmc`0`t`4`dn`1720`fn`1721`msz`50`22`0`c`0`pt`5`sp`s_1_1_27_0`dm`7`w`120`n`1714`pw`0`ph`0`ju`6`sq`1997`pan`5`ibp`1`crf`8`sdy`0`h`24`iec`1`dft`5`ime`5`dmc`0`t`438`dn`1715`fn`1715`msz`1`23`0`c`0`pt`5`sp`s_1_1_76_0`dm`7`w`168`csq`1`n`650`pw`0`ph`0`ju`6`sq`1046`pan`1722`ibp`1`crf`8`sdy`0`h`24`iec`1`dft`5`ime`5`dmc`0`t`116`dn`650`fn`650`msz`30`25`0`c`0`pt`1383`sp`s_1_1_185_0`dm`5`w`112`csq`1`n`1723`pw`300`pat`Pick`ph`100`ju`6`sq`1049`ied`1`pan`5`ibp`1`crf`8`sdy`0`h`24`iec`1`dft`5`ime`5`dmc`0`t`4`dn`314`fn`134`msz`50`23`0`c`0`pt`5`sp`s_1_1_71_0`dm`7`w`128`csq`1`n`641`pw`0`ph`0`ju`6`sq`1019`pan`5`ibp`1`crf`8`sdy`0`h`24`iec`1`dft`5`ime`5`dmc`0`t`4`dn`641`fn`642`msz`30`23`0`c`0`pt`5`sp`s_1_1_144_0`dm`7`w`112`csq`1`n`1724`pw`0`ph`0`ju`6`sq`1048`pan`5`ibp`1`crf`8`sdy`0`h`24`iec`1`dft`5`ime`5`dmc`0`t`122`dn`121`fn`121`msz`255`23`0`c`0`pt`5`sp`s_1_1_39_0`dm`7`w`112`csq`1`n`1725`pw`0`ph`0`ju`6`sq`1061`pan`5`ibp`1`crf`8`sdy`0`h`24`iec`1`dft`5`ime`5`dmc`0`t`438`dn`1725`fn`1726`msz`100`23`0`c`0`pt`5`sp`s_1_1_122_0`dm`7`w`168`csq`1`n`643`pw`0`ph`0`ju`6`sq`1047`pan`5`ibp`1`crf`8`sdy`0`h`24`iec`1`dft`5`ime`5`dmc`0`t`116`dn`643`fn`643`msz`30`22`0`c`0`pt`5`sp`s_1_1_112_0`dm`7`w`112`n`162`pw`0`ph`0`ju`6`sq`1004`pan`5`ibp`1`crf`8`sdy`0`h`24`iec`1`dft`637`ime`5`dmc`0`t`163`dn`162`fn`162`msz`255`22`0`c`0`pt`5`sp`s_1_1_127_0`dm`7`w`128`n`1444`pw`0`ph`0`ju`6`sq`1036`pan`5`ibp`1`crf`8`sdy`0`h`24`iec`1`dft`5`ime`5`dmc`0`t`4`dn`1727`fn`1727`msz`255`24`0`c`0`pt`5`sp`s_1_1_14_0`dm`7`w`112`csq`1`n`1728`pw`300`pat`Pick`ph`100`ju`6`sq`1997`ied`1`pan`5`crf`8`sdy`0`h`24`iec`1`dft`5`ime`5`dmc`0`t`4`dn`1728`fn`1729`msz`100`23`0`c`0`pt`5`sp`s_1_1_29_0`dm`7`w`120`csq`1`n`1730`pw`0`ph`0`ju`6`sq`1997`pan`5`ibp`1`crf`8`sdy`0`h`24`iec`1`dft`5`ime`5`dmc`0`t`438`dn`1731`fn`1730`msz`100`23`0`c`0`pt`5`sp`s_1_1_32_0`dm`7`w`168`csq`1`n`1732`pw`0`ph`0`ju`6`sq`1007`pan`5`ibp`1`crf`8`sdy`0`h`24`iec`1`dft`5`ime`5`dmc`0`t`116`dn`427`fn`1732`msz`50`24`0`c`0`pt`5`sp`s_1_1_26_0`dm`7`w`112`csq`1`n`1733`pw`300`pat`Pick`ph`100`ju`6`sq`1008`ied`1`pan`5`crf`8`sdy`0`h`24`iec`1`dft`5`ime`5`dmc`0`t`4`dn`342`fn`1734`msz`50`24`0`c`0`pt`5`sp`s_1_1_35_0`dm`7`w`128`csq`1`n`1735`pw`300`pat`Pick`ph`100`ju`6`sq`1009`ied`1`pan`5`crf`8`sdy`0`h`24`iec`1`dft`5`ime`5`dmc`0`t`4`dn`1736`fn`1737`msz`50`23`0`c`0`pt`5`sp`s_1_1_52_0`dm`7`w`112`csq`1`n`1738`pw`0`ph`0`ju`6`sq`1051`pan`5`ibp`1`crf`8`sdy`0`h`24`iec`1`dft`5`ime`5`dmc`0`t`4`dn`1739`fn`1738`msz`30`22`0`c`0`pt`5`sp`s_1_1_46_0`dm`7`w`32`n`1740`pw`0`ph`0`ju`6`sq`1030`pan`5`ibp`1`crf`8`sdy`0`h`24`iec`1`dft`5`ime`5`dmc`0`t`92`dn`1740`fn`1741`msz`1`25`0`c`0`pt`1380`sp`s_1_1_148_0`dm`5`w`112`csq`1`n`142`pw`300`pat`Pick`ph`100`ju`6`sq`1035`ied`1`pan`5`ibp`1`crf`8`sdy`0`h`24`iec`1`dft`5`ime`5`dmc`0`t`4`dn`142`fn`142`msz`50`23`0`c`0`pt`5`sp`s_1_1_51_0`dm`7`w`128`csq`1`n`1742`pw`0`ph`0`ju`6`sq`1021`pan`1742`ibp`1`crf`8`sdy`0`h`24`iec`1`dft`5`ime`5`dmc`0`t`116`dn`1743`fn`1742`msz`50`22`0`c`0`pt`5`sp`s_1_1_59_0`dm`7`w`112`csq`1`n`1744`pw`0`ph`0`ju`6`sq`1053`pan`5`crf`8`sdy`0`h`24`iec`1`dft`5`ime`5`dmc`0`t`116`dn`1745`fn`1744`msz`30`25`0`c`0`pt`1382`sp`s_1_1_184_0`dm`5`w`168`csq`1`n`1746`pw`300`pat`Pick`ph`100`ju`6`sq`1005`ied`1`pan`5`ibp`1`crf`8`sdy`0`h`24`iec`1`dft`5`ime`5`dmc`0`t`116`dn`119`fn`165`msz`50`25`0`c`0`pt`5`sp`s_1_1_111_0`dm`7`w`112`csq`1`n`208`pw`300`pat`Pick`ph`100`ju`6`sq`1037`ied`1`pan`5`ibp`1`crf`8`sdy`0`h`24`iec`1`dft`5`ime`5`dmc`0`t`4`dn`208`fn`208`msz`100`22`0`c`0`pt`5`sp`s_1_1_53_0`dm`7`w`128`n`1747`pw`0`ph`0`ju`6`sq`1022`pan`5`ibp`1`crf`8`sdy`0`h`24`iec`1`dft`5`ime`5`dmc`0`t`4`dn`1748`fn`1747`msz`16`23`0`c`0`pt`5`sp`s_1_1_92_0`dm`7`w`0`n`1427`pw`0`ph`0`ju`6`sq`1054`pan`5`icm`387`ibp`1`crf`8`sdy`0`h`0`iec`1`dft`5`ime`5`dmc`0`t`92`dn`1427`fn`141`msz`1`22`0`c`0`pt`5`sp`s_1_1_28_0`dm`7`w`200`n`1749`pw`0`ph`0`ju`6`sq`1060`pan`5`ibp`1`crf`8`sdy`0`h`24`iec`1`dft`5`ime`5`dmc`0`t`438`dn`1749`fn`1750`msz`1`23`0`c`0`pt`5`sp`s_1_1_70_0`dm`7`w`168`csq`1`n`1751`pw`0`ph`0`ju`6`sq`1006`pan`5`ibp`1`crf`8`sdy`0`h`24`iec`1`dft`5`ime`5`dmc`0`t`4`dn`1751`fn`1752`msz`250`22`0`c`0`pt`5`sp`s_1_1_55_0`dm`7`w`112`n`1753`pw`0`ph`0`ju`6`sq`1038`pan`5`ibp`1`crf`8`sdy`0`h`24`iec`1`dft`5`ime`5`dmc`0`t`4`dn`1754`fn`1753`msz`16`22`0`c`0`pt`1757`sp`s_1_1_186_0`dm`7`w`128`n`1755`pw`0`ph`0`ju`6`sq`1023`pan`5`ibp`1`crf`8`sdy`0`h`24`iec`1`dft`1711`ime`5`dmc`0`t`163`dn`1755`fn`1756`msz`255`22`0`c`0`pt`5`sp`s_1_1_54_0`dm`7`w`168`n`1758`pw`0`ph`0`ju`6`sq`1010`pan`5`ibp`1`crf`8`sdy`0`h`24`iec`1`dft`5`ime`5`dmc`0`t`4`dn`1759`fn`1758`msz`18`23`0`c`0`pt`5`sp`s_1_1_79_0`dm`7`w`112`csq`1`n`1397`pw`0`ph`0`ju`6`sq`1039`pan`5`ibp`1`crf`8`sdy`0`h`24`iec`1`dft`5`ime`5`dmc`0`t`4`dn`1760`fn`1397`msz`255`25`0`c`0`pt`5`sp`s_1_1_93_0`dm`7`w`128`csq`1`n`1429`pw`300`pat`Pick`ph`100`ju`6`sq`1024`ied`1`pan`5`ibp`1`crf`8`sdy`0`h`24`iec`1`dft`5`ime`5`dmc`0`t`4`dn`1429`fn`1260`msz`100`23`0`c`0`pt`5`sp`s_1_1_25_0`dm`7`w`112`csq`1`n`1761`pw`0`ph`0`ju`6`sq`1056`pan`5`ibp`1`crf`8`sdy`0`h`24`iec`1`dft`5`ime`5`dmc`0`t`4`dn`917`fn`1761`msz`30`22`0`c`0`pt`5`sp`s_1_1_181_0`dm`7`w`168`n`1376`pw`0`ph`0`ju`6`sq`1011`pan`5`ibp`1`crf`8`sdy`0`h`24`iec`1`dft`5`ime`5`dmc`0`t`735`dn`1376`fn`1376`msz`16`25`0`c`0`pt`5`sp`s_1_1_145_0`dm`5`w`112`csq`1`n`1452`pw`300`pat`Pick`ph`100`ju`6`sq`1040`ied`1`pan`5`ibp`1`crf`8`sdy`0`h`24`iec`1`dft`5`ime`5`dmc`0`t`4`dn`1452`fn`199`msz`100`23`0`c`0`pt`5`sp`s_1_1_34_0`dm`7`w`112`csq`1`n`1762`pw`0`ph`0`ju`6`sq`1057`pan`5`ibp`1`crf`8`sdy`0`h`24`iec`1`dft`5`ime`5`dmc`0`t`4`dn`1763`fn`1762`msz`255`23`0`c`0`pt`5`sp`s_1_1_24_0`dm`7`w`128`csq`1`n`1764`pw`0`ph`0`ju`6`sq`1997`pan`1765`ibp`1`crf`8`sdy`0`h`24`iec`1`dft`5`ime`5`dmc`0`t`116`dn`1764`fn`1764`msz`30`22`0`c`0`pt`5`sp`s_1_1_85_0`dm`7`w`168`n`1392`pw`0`ph`0`ju`6`sq`1012`pan`5`ibp`1`crf`8`sdy`0`h`24`iec`1`dft`637`ime`5`dmc`0`t`163`dn`1393`fn`1392`msz`255`23`0`c`0`pt`5`sp`s_1_1_103_0`dm`7`w`40`n`1398`pw`0`ph`0`ju`6`sq`1041`pan`5`icm`387`ibp`1`crf`8`sdy`0`h`0`iec`1`dft`5`ime`5`dmc`0`t`92`dn`1398`fn`1399`msz`1`23`0`c`0`pt`5`sp`s_1_1_139_0`dm`5`w`128`csq`1`n`1448`pw`0`ph`0`ju`6`sq`1029`pan`1766`ibp`1`crf`8`sdy`0`h`24`iec`1`dft`5`ime`5`dmc`0`t`116`dn`1448`fn`1448`msz`30`23`0`c`0`pt`1767`sp`s_1_1_142_0`dm`7`w`0`n`1450`pw`0`ph`0`ju`6`sq`1058`pan`5`icm`387`ibp`1`crf`8`sdy`0`h`0`iec`1`dft`5`ime`5`dmc`0`t`92`dn`1450`fn`1450`msz`1`23`0`c`0`pt`5`sp`s_1_1_20_0`dm`7`w`128`csq`1`n`1768`pw`0`ph`0`ju`6`sq`1997`pan`5`ibp`1`crf`8`sdy`0`h`24`iec`1`dft`5`ime`5`dmc`0`t`4`dn`1768`fn`1768`msz`15`23`0`c`0`pt`5`sp`s_1_1_155_0`dm`7`w`168`csq`1`n`1396`pw`0`ph`0`ju`6`sq`1013`pan`5`ibp`1`crf`8`sdy`0`h`24`iec`1`dft`5`ime`5`dmc`0`t`4`dn`1396`fn`1397`msz`255`23`0`c`0`pt`5`sp`s_1_1_104_0`dm`7`w`112`csq`1`n`1402`pw`0`ph`0`ju`6`sq`1042`pan`1405`ibp`1`crf`8`sdy`0`h`24`iec`1`dft`5`ime`5`dmc`0`t`116`dn`1403`fn`1404`msz`30`22`0`c`0`pt`5`sp`s_1_1_31_0`dm`7`w`32`n`1769`pw`0`ph`0`ju`6`sq`1030`pan`5`ibp`1`crf`8`sdy`0`h`24`iec`1`dft`5`ime`5`dmc`0`t`92`dn`1769`fn`1770`msz`1`25`0`c`0`pt`1772`sp`s_1_1_151_0`dm`5`w`112`csq`1`n`1454`pw`300`pat`Pick`ph`100`ju`6`sq`1059`ied`1`pan`5`ibp`1`crf`8`sdy`0`h`24`iec`1`dft`5`ime`5`dmc`0`t`4`dn`1771`fn`1454`msz`50`25`0`c`0`pt`5`sp`s_1_1_182_0`dm`7`w`168`csq`1`n`888`pw`300`pat`Pick`ph`100`ju`6`sq`1015`ied`1`pan`5`ibp`1`crf`8`sdy`0`h`24`iec`1`dft`5`ime`5`dmc`0`t`4`dn`888`fn`888`msz`100`23`0`c`0`pt`5`sp`s_1_1_119_0`dm`7`w`112`csq`1`n`151`pw`0`ph`0`ju`6`sq`1014`pan`5`ibp`1`crf`8`sdy`0`h`24`iec`1`dft`5`ime`5`dmc`0`t`4`dn`151`fn`1773`msz`255`24`0`c`0`pt`5`sp`s_1_1_83_0`dm`7`w`32`csq`1`n`1774`pw`0`ph`0`ju`6`sq`1027`pan`5`icm`387`ibp`1`crf`8`sdy`0`h`24`iec`1`dft`5`ime`5`dmc`0`t`92`dn`1774`fn`1775`msz`50`25`0`c`0`pt`5`sp`s_1_1_114_0`dm`7`w`112`csq`1`n`155`pw`300`pat`Mvg`ph`100`ju`6`sq`1043`ied`1`pan`5`ibp`1`crf`8`sdy`0`h`24`iec`1`dft`5`ime`5`dmc`0`t`4`dn`155`fn`155`msz`100`25`0`c`0`pt`5`sp`s_1_1_42_0`dm`7`w`168`csq`1`n`1776`pw`300`pat`Pick`ph`100`ju`6`sq`1997`ied`1`pan`5`ibp`1`crf`8`sdy`0`h`24`iec`1`dft`5`ime`5`dmc`0`t`4`dn`1776`fn`1777`msz`30`23`0`c`0`pt`5`sp`s_1_1_48_0`dm`7`w`112`csq`1`n`1778`pw`0`ph`0`ju`6`sq`1044`pan`5`ibp`1`crf`8`sdy`0`h`24`iec`1`dft`5`ime`5`dmc`0`t`4`dn`1778`fn`1779`msz`30`23`0`c`0`pt`5`sp`s_1_1_195_0`dm`5`w`128`csq`1`n`1780`pw`0`ph`0`ju`6`sq`1029`pan`5`ibp`1`crf`8`sdy`0`h`24`iec`1`dft`5`ime`5`dmc`0`t`4`dn`1781`fn`1780`msz`30`23`0`c`0`pt`5`sp`s_1_1_82_0`dm`7`w`32`n`1422`pw`0`ph`0`ju`6`sq`1027`pan`5`icm`387`ibp`1`crf`8`sdy`0`h`24`iec`1`dft`5`ime`5`dmc`0`t`92`dn`1422`fn`1422`msz`1`23`0`c`0`pt`5`sp`s_1_1_36_0`dm`7`w`168`csq`1`n`1782`pw`0`ph`0`ju`6`sq`1100`pan`5`ibp`1`crf`8`sdy`0`h`24`iec`1`dft`5`ime`5`dmc`0`t`4`dn`1782`fn`1782`msz`20`24`1`c`0`pt`5`sp`s_1_1_49_0`dm`7`w`24`csq`1`n`1783`pw`0`ph`0`ju`6`sq`1997`pan`5`mn`54`ibp`1`crf`8`sdy`0`h`24`iec`1`dft`5`ime`5`dmc`0`t`10`dn`1784`fn`1783`msz`15`0`0``0`23`0`c`0`pt`1786`sp`s_1_1_188_0`dm`5`w`112`csq`1`n`1785`pw`0`ph`0`ju`6`sq`1045`pan`5`ibp`1`crf`8`sdy`0`h`24`iec`1`dft`5`ime`5`dmc`0`t`4`dn`114`fn`1457`msz`64`23`0`c`0`pt`5`sp`s_1_1_30_0`dm`7`w`128`csq`1`n`1787`pw`0`ph`0`ju`6`sq`1030`pan`5`ibp`1`crf`8`sdy`0`h`24`iec`1`dft`5`ime`5`dmc`0`t`4`dn`1788`fn`1787`msz`50`22`0`c`0`pt`5`sp`s_1_1_135_0`dm`7`w`0`n`1789`pw`0`ph`0`ju`6`sq`1997`pan`5`ibp`1`crf`8`sdy`0`h`0`iec`1`dft`5`ime`5`dmc`0`t`92`dn`1790`fn`1789`msz`1`23`0`c`0`pt`5`sp`s_1_1_5_0`dm`7`w`168`csq`1`n`1791`pw`0`ph`0`ju`6`sq`1101`pan`5`ibp`1`crf`8`sdy`0`h`24`iec`1`dft`5`ime`5`dmc`0`t`4`dn`1792`fn`1791`msz`255`22`0`c`0`pt`5`sp`s_1_1_194_0`dm`7`w`112`n`1793`pw`0`ph`0`ju`6`sq`1044`pan`5`ibp`1`crf`8`sdy`0`h`24`iec`1`dft`5`ime`5`dmc`0`t`4`dn`1794`fn`1795`msz`18`23`0`c`0`pt`5`sp`s_1_1_6_0`dm`7`w`128`csq`1`n`1796`pw`0`ph`0`ju`6`sq`1031`pan`5`ibp`1`crf`8`sdy`0`h`24`iec`1`dft`5`ime`5`dmc`0`t`4`dn`1797`fn`1796`msz`30`23`0`c`0`pt`5`sp`s_1_1_10_0`dm`7`w`120`csq`1`n`1798`pw`0`ph`0`ju`6`sq`1997`pan`5`ibp`1`crf`8`sdy`0`h`24`iec`1`dft`5`ime`5`dmc`0`t`4`dn`1798`fn`1799`msz`50`23`0`c`0`pt`5`sp`s_1_1_193_0`dm`7`w`168`csq`1`n`1800`pw`0`ph`0`ju`6`sq`1102`pan`5`ibp`1`crf`8`sdy`0`h`24`iec`1`dft`5`ime`5`dmc`0`t`4`dn`1801`fn`1802`msz`30`23`0`c`0`pt`5`sp`s_1_1_16_0`dm`7`w`112`csq`1`n`1803`pw`0`ph`0`ju`6`sq`1055`pan`5`ibp`1`crf`8`sdy`0`h`24`iec`1`dft`5`ime`5`dmc`0`t`4`dn`1804`fn`1805`msz`100`22`0`c`0`pt`5`sp`s_1_1_1_0`dm`7`w`120`n`1806`pw`0`ph`0`ju`6`sq`1997`pan`5`ibp`1`crf`8`sdy`0`h`24`iec`1`dft`637`ime`5`dmc`0`t`1807`dn`1808`fn`1806`msz`255`23`0`c`0`pt`5`sp`s_1_1_33_0`dm`7`w`24`n`1809`pw`0`ph`0`ju`6`sq`1110`pan`5`icm`387`ibp`1`crf`8`sdy`0`h`24`iec`1`dft`5`ime`5`dmc`0`t`92`dn`1810`fn`1809`msz`1`22`0`c`0`pt`5`sp`s_1_1_7_0`dm`7`w`112`n`1811`pw`0`ph`0`ju`6`sq`1997`pan`5`ibp`1`crf`8`sdy`0`h`24`iec`1`dft`5`ime`5`dmc`0`t`4`dn`1812`fn`1811`msz`18`23`0`c`0`pt`5`sp`s_1_1_2_0`dm`7`w`112`csq`1`n`1813`pw`0`ph`0`ju`6`sq`1997`pan`5`ibp`1`crf`8`sdy`0`h`24`iec`1`dft`5`ime`5`dmc`0`t`4`dn`1813`fn`1814`msz`50`22`0`c`0`pt`5`sp`s_1_1_8_0`dm`7`w`112`n`1815`pw`0`ph`0`ju`6`sq`1997`pan`5`ibp`1`crf`8`sdy`0`h`24`iec`1`dft`5`ime`5`dmc`0`t`4`dn`1816`fn`1815`msz`16`1`0`cfm`0`DeleteRecord`IDS_SWE_DELETE_CONFIRM_WARNING`0`7`pcl`0`2`0`pc`0`allowPC`false`External Order #``2`0`pc`0`allowPC`false`Integration Message``2`0`pc`0`allowPC`false`Integration Status``2`0`pc`0`Sold To Address``allowPC`false`2`0`pc`0`allowPC`false`Sold To Site``2`0`pc`0`allowPC`false`HTML Button``2`0`pc`0`allowPC`false`HTML MiniButton``0`1`nla`0`19`5`ai`3`S_A2`nfi`1`n`BT Order Entry - Line Item List Applet (Sales)`cud`4*19551*14*19571*14*19111*14*19091*14*19431*14*19451*14*19471*14*19521*14*19411*13*3671*13*3651*13*3661*14*20491*04*20501*04*20111*04*19051*14*19161*14*19011*14*19181*04*19301*04*19371*04*19041*14*19141*04*19321*04*19341*04*19211*04*19391*04*19221*04*19311*13*8211*04*19361*04*13761*04*15401*04*19231*14*19191*14*14821*14*20511*14*14791*14*14801*14*14811*14*20521*14*20531*14*20541*13*5871*12*451*14*19261*14*20551*12*641*13*6351*13*5891*13*3161*13*6461*13*5901*14*20561*13*1051*12*121*14*20571*14*19291*14*14831*14*14841*14*14851*14*20581*14*13211*14*14861*13*7891*14*14871*14*14881*12*281*14*14891*14*13331*12*401*13*6361*02*391*14*16941*12*441*14*19241*13*3071*12*271*12*311*13*5911*13*4961*14*20591*14*17781*04*20111*04*20001*03*8591*03*8611*04*20121*14*20051*04*20071*04*20371*14*20091*03*8631*03*1251*04*20601*04*14011*04*20611*14*19941*14*20621*04*18291*04*18311*04*18321*04*20631*04*20491*04*20641*04*20651*04*19641*14*19671*14*20161*14*19881*14*19731*04*20201*03*6401*14*20321*14*20341*14*20181*14*20661*04*20671*04*20681*04*13951*04*19771*14*20691*04*20701*04*14901*04*15311*03*9811*14*19701*04*19981*03*6861*14*14641*04*20711*04*20721*03*4771*04*20731*04*20301*04*20141*14*19811*04*20741*04*20281*14*20391*04*20751*04*20761*04*19851*04*20261*13*6241*04*17641*04*20771*03*1521*14*20781*04*20791*04*20801*04*20811*04*20821*04*19611*14*20831*04*20841*04*20851*04*14561*04*14531*04*20861*04*19961*14*18921*04*20871*04*20881*14*20891*04*20901*04*20911*04*20921*04*14911*04*20931*04*11951*14*13921*03*1391*03*6511*04*14921*03*1411*14*14931*14*14941*03*1351*03*1341*04*14951*04*14961*03*1451*04*14971*03*1211*04*17381*04*19921*04*14981*04*14991*14*11531*14*15001*14*15021*04*11141*14*15031*04*15041*04*15051*04*13271*04*13261*03*1531*04*15071*14*15081*04*15091*04*15101*04*15111*04*15121*14*10211*14*20941*04*15131*04*15141*04*15151*04*20951*04*20961*04*20971*04*20981*04*20991*04*21001*04*21011*04*21021*04*21031*04*21041*04*21051*13*7621*14*15161*04*15171*04*15181*04*15191*04*15201*04*15211*04*15221*04*15231*03*6591*14*15241*04*15251*03*8241*04*15261*04*15271*04*15281*04*15291*03*8871*03*1401*04*21061*04*15301*14*15321*04*15331*04*13241*14*15341*04*15351*04*15361*14*15381*04*15391*04*15401*13*1381*03*8881*04*21071*13*8891*04*21081*14*21091*14*15421*04*15431*04*15441*04*15451*04*15461*14*15471*04*15481*04*15491*04*15501*04*15511*04*15521*13*1151*14*15531*14*15541*14*15551*04*15561*04*15571*04*15581*04*21101*04*15591*13*8941*03*1481*04*15601*04*15611*04*15621*04*15631*04*15641*04*21111*04*21121*03*7511*14*21131*04*21141*04*21151*04*21161*04*21171*14*21181*14*21191*14*21201*04*13741*04*21211*04*21221*04*21231*03*2541*03*8331*03*6711*04*21241*04*21251*04*21261*03*8921*04*20231*0`cik`4*19561*14*19581*14*19131*14*19101*14*19441*14*19461*14*19491*14*19541*13*6991*13*3641*14*19071*14*19171*04*19031*14*19041*14*19231*14*19201*14*14681*14*20411*14*14671*14*14131*04*20421*14*20431*14*20441*12*431*02*451*14*19281*14*20451*12*201*03*6351*14*20461*14*20471*14*18711*14*14691*14*14701*14*13231*04*14711*13*7901*04*14721*14*14731*04*14611*14*14741*02*401*02*391*02*441*14*19251*13*3071*12*271*02*311*13*3101*14*20481*02*211*12*221*12*231*12*241*12*251*02*261*12*281*02*291*02*301*02*321*12*331*02*341*12*351*12*361*12*371*02*381*12*411*02*421*02*461*12*471*12*481*02*491*02*501*02*511*02*521*02*531*02*541*12*551*14*13301*04*13311*14*14751*14*14761*04*14771*14*14661*12*561*02*571*0`pf`VER_1.0_~0|Outline Number|20~0|State|10~0|Product|300~0|Item Price|55~0|Service Point|100~0|Service Id|100~0|Hazard Notes|100~0|Billing Account Number|100~0|BT NRC Payment Type|100~0|Due Date|90~0|BT Appointment Id|100~0|BT Appointment Start|100~0|Action Code|55~0|Status|100~0|Sub-Status|130~0|Completion Date|100~0|BT Commitment Date|100~0|Extended Quantity|100~0|Unit of Measure|100~0|BT External Order Reference|100~0|Cease Order Reason|100~0|Competitor|100~0|Recovery Action|100~0|Ship To Contact - First Name|100~0|Revision_Status|100~0|BT Cease Instruction|100~0|BT External Flag|100~1|Service Start Date|100~1|Service End Date|100~0|BT Appointment Change Reason|100~1|BT KCI Status|100~0|BT Stock Level|100~0|BT Ship To Address PostCode|100~0|Delivery Method|100~0|BT Alert Type|100~0|BT Base Promotion Integration Id|100~1|BT Line Item Completion Date|100~0|Delivery Status|100~0|BT Offer Promotion Integration Id|100~0|BT TBYB Promotion Integration Id|100~0|BT Previous Base Promotion Integration Id|100~0|BT Previous Offer Promotion Integration Id|100~0|BT TBYB Previous Promotion Integration Id|100~0|Asset Integration Id|100~0|BT Override Context|100~0|RFP Subcategory|100~0|BT Billing Override Date|100~0|BT Service Address Post Code|100~1|Ship To Account Location|100~0|BT Delivery Address Details|176~0|Waive Delivery Charge|100~0|BT Credit Risk|100~0|Quantity Requested|20~0|SendReturnsPackaging|100~0|ReplacementType|100~0|Product Deposit|100~0|Product PIA|100~0|BT On Behalf Of|100~0|BT Provision Instruction|100~0|BT Revision Reason|100~0|Retail BB SID|100~0|Ship To Contact - Last Name|100`shd`50*BT_Order_Entry__Line_Item_List_Applet_Sales_Applet84*srf1592409810_444/bscripts/all/applet_bt_order_entry__line_item_list_applet_sales.js`rct`16`asq`1`ied`1`vrn`S_A2`tt`639`inu`0`hmn`1`rsp`false`bnr`0`iem``bci`S_BC2`hlc`3*a_21*11*2`i`2`0`45`cl`0`23`1`c`0`pt`5`sp`s_2_1_17_0`dm`7`w`0`n`1901`pw`0`ph`0`ju`6`sq`2997`pan`5`mn`1903`ibp`1`crf`8`sdy`0`h`0`iec`1`dft`5`ime`5`dmc`0`t`67`dn`1902`fn`5`msz`32`14`0`imp`0`SWEField`s_2_1_17_0`SWENeedContext`true`SWER`0`SWESP`false`SWERowIds`SWERowId0=3-61EV8AO3`SWEMethod`FollowonOrderSvc`SWECmd`InvokeMethod`SWEDIC`false`SWEReqRowId`0`SWEView`Order Entry - Line Items Detail View (Sales)`SWEC`63`SWEBID`-1`SRN`xK7T2pIB2ZOV15hwlQxQF5reKcoUB8VpMTZr7we8uAEb`SWEApplet`BT Order Entry - Line Item List Applet (Sales)`23`1`c`0`pt`5`sp`s_2_1_21_0`dm`7`w`0`n`1904`pw`0`ph`0`ju`6`sq`2997`pan`5`mn`1904`ibp`1`crf`8`sdy`0`h`0`iec`1`dft`5`ime`5`dmc`0`t`67`dn`1904`fn`5`msz`32`14`0`imp`0`SWEField`s_2_1_21_0`SWENeedContext`true`SWER`0`SWESP`false`SWERowIds`SWERowId0=3-61EV8AO3`SWEMethod`CascadeCAD`SWECmd`InvokeMethod`SWEDIC`false`SWEReqRowId`0`SWEView`Order Entry - Line Items Detail View (Sales)`SWEC`63`SWEBID`-1`SRN`xK7T2pIB2ZOV15hwlQxQF5reKcoUB8VpMTZr7we8uAEb`SWEApplet`BT Order Entry - Line Item List Applet (Sales)`23`1`c`0`pt`5`sp`s_2_1_15_0`dm`7`w`0`n`1905`pw`0`ph`0`ju`94`sq`2997`pan`5`mn`1907`ibp`1`crf`8`sdy`0`h`0`iec`1`dft`5`ime`5`dmc`0`t`67`dn`1906`fn`5`msz`32`14`0`imp`0`SWEField`s_2_1_15_0`SWENeedContext`true`SWER`0`SWESP`false`SWERowIds`SWERowId0=3-61EV8AO3`SWEMethod`EventMethodBTCancelAll`SWECmd`InvokeMethod`SWEDIC`false`SWEReqRowId`0`SWEView`Order Entry - Line Items Detail View (Sales)`SWEC`63`SWEBID`-1`SRN`xK7T2pIB2ZOV15hwlQxQF5reKcoUB8VpMTZr7we8uAEb`SWEApplet`BT Order Entry - Line Item List Applet (Sales)`23`1`c`0`pt`5`sp`s_2_1_69_0`dm`7`w`0`n`1333`pw`0`ph`0`ju`6`sq`2997`pan`5`mn`699`ibp`1`crf`8`sdy`0`h`0`iec`1`dft`5`ime`5`dmc`0`t`67`dn`1567`fn`5`msz`32`18`0`imp`0`SWEField`s_2_1_69_0`SWENeedContext`true`SWER`0`SWESP`true`SWERowIds`SWERowId0=3-61EV8AO3`SWEMethod`ShowPopup`SWECmd`InvokeMethod`SWEH`100`SWEDIC`true`SWEReqRowId`0`SWEView`Order Entry - Line Items Detail View (Sales)`SWEC`63`SWEW`300`SWEM`Edit List`SWEBID`-1`SRN`xK7T2pIB2ZOV15hwlQxQF5reKcoUB8VpMTZr7we8uAEb`SWETA`Product Popup Applet`SWEApplet`BT Order Entry - Line Item List Applet (Sales)`23`1`c`0`pt`5`sp`s_2_1_47_0`dm`7`w`0`n`64`pw`0`ph`0`ju`6`sq`2997`pan`5`mn`20`ibp`1`crf`8`sdy`0`h`0`iec`1`dft`5`ime`5`dmc`0`t`67`dn`652`fn`5`msz`32`18`0`imp`0`SWEField`s_2_1_47_0`SWENeedContext`true`SWER`0`SWESP`true`SWERowIds`SWERowId0=3-61EV8AO3`SWEMethod`ShowQueryAssistant`SWECmd`InvokeMethod`SWEH`100`SWEDIC`true`SWEReqRowId`0`SWEView`Order Entry - Line Items Detail View (Sales)`SWEC`63`SWEW`300`SWEM`Edit`SWEBID`-1`SRN`xK7T2pIB2ZOV15hwlQxQF5reKcoUB8VpMTZr7we8uAEb`SWETA`Query Assistant`SWEApplet`BT Order Entry - Line Item List Applet (Sales)`23`1`c`0`pt`5`sp`s_2_1_60_0`dm`5`w`0`n`1485`pw`0`ph`0`ju`6`sq`2997`pan`5`mn`699`ibp`1`crf`8`sdy`0`h`0`iec`1`dft`5`ime`5`dmc`0`t`67`dn`1567`fn`5`msz`32`18`0`imp`0`SWEField`s_2_1_60_0`SWENeedContext`true`SWER`0`SWESP`true`SWERowIds`SWERowId0=3-61EV8AO3`SWEMethod`ShowPopup`SWECmd`InvokeMethod`SWEH`100`SWEDIC`true`SWEReqRowId`0`SWEView`Order Entry - Line Items Detail View (Sales)`SWEC`63`SWEW`300`SWEM`Edit List`SWEBID`-1`SRN`xK7T2pIB2ZOV15hwlQxQF5reKcoUB8VpMTZr7we8uAEb`SWETA`Product Popup Applet`SWEApplet`BT Order Entry - Line Item List Applet (Sales)`23`1`c`0`pt`5`sp`s_2_1_62_0`dm`5`w`0`n`1321`pw`0`ph`0`ju`6`sq`2997`pan`5`mn`1323`ibp`1`crf`8`sdy`0`h`0`iec`1`dft`5`ime`5`dmc`0`t`67`dn`1908`fn`5`msz`32`14`0`imp`0`SWEField`s_2_1_62_0`SWENeedContext`true`SWER`0`SWESP`false`SWERowIds`SWERowId0=3-61EV8AO3`SWEMethod`ReconfigureCxProd`SWECmd`InvokeMethod`SWEDIC`false`SWEReqRowId`0`SWEView`Order Entry - Line Items Detail View (Sales)`SWEC`63`SWEBID`-1`SRN`xK7T2pIB2ZOV15hwlQxQF5reKcoUB8VpMTZr7we8uAEb`SWEApplet`BT Order Entry - Line Item List Applet (Sales)`23`1`c`0`pt`5`sp`s_2_1_58_0`dm`5`w`0`n`1483`pw`0`ph`0`ju`6`sq`2997`pan`5`mn`1469`ibp`1`crf`8`sdy`0`h`0`iec`1`dft`5`ime`5`dmc`0`t`67`dn`1469`fn`5`msz`32`14`0`imp`0`SWEField`s_2_1_58_0`SWENeedContext`true`SWER`0`SWESP`false`SWERowIds`SWERowId0=3-61EV8AO3`SWEMethod`Reprice`SWECmd`InvokeMethod`SWEDIC`false`SWEReqRowId`0`SWEView`Order Entry - Line Items Detail View (Sales)`SWEC`63`SWEBID`-1`SRN`xK7T2pIB2ZOV15hwlQxQF5reKcoUB8VpMTZr7we8uAEb`SWEApplet`BT Order Entry - Line Item List Applet (Sales)`23`1`c`0`pt`5`sp`s_2_1_3_0`dm`7`w`0`n`1909`pw`0`ph`0`ju`6`sq`2997`pan`5`mn`1910`ibp`1`crf`8`sdy`0`h`0`iec`1`dft`5`ime`5`dmc`0`t`67`dn`1909`fn`5`msz`32`14`0`imp`0`SWEField`s_2_1_3_0`SWENeedContext`true`SWER`0`SWESP`false`SWERowIds`SWERowId0=3-61EV8AO3`SWEMethod`GetTarget`SWECmd`InvokeMethod`SWEDIC`false`SWEReqRowId`0`SWEView`Order Entry - Line Items Detail View (Sales)`SWEC`63`SWEBID`-1`SRN`xK7T2pIB2ZOV15hwlQxQF5reKcoUB8VpMTZr7we8uAEb`SWEApplet`BT Order Entry - Line Item List Applet (Sales)`23`1`c`0`pt`5`sp`s_2_1_2_0`dm`7`w`0`n`1911`pw`0`ph`0`ju`6`sq`2997`pan`5`mn`1913`ibp`1`crf`8`sdy`0`h`0`iec`1`dft`5`ime`5`dmc`0`t`67`dn`1912`fn`5`msz`32`18`0`imp`0`SWEField`s_2_1_2_0`SWENeedContext`true`SWER`0`SWESP`true`SWERowIds`SWERowId0=3-61EV8AO3`SWEMethod`ExistingPricePoint`SWECmd`InvokeMethod`SWEH`1000`SWEDIC`true`SWEReqRowId`0`SWEView`Order Entry - Line Items Detail View (Sales)`SWEC`63`SWEW`1000`SWEM`Edit`SWEBID`-1`SRN`xK7T2pIB2ZOV15hwlQxQF5reKcoUB8VpMTZr7we8uAEb`SWETA`BT DBP SalesOrder List ExistingPrice Applet`SWEApplet`BT Order Entry - Line Item List Applet (Sales)`23`0`c`0`pt`5`sp`s_2_1_22_0`dm`7`w`0`csq`1`n`1914`pw`0`ph`0`ju`6`sq`2997`pan`5`ibp`1`crf`8`sdy`0`h`0`iec`1`dft`5`ime`5`dmc`0`t`438`dn`1914`fn`1915`msz`50`23`1`c`0`pt`5`sp`s_2_1_16_0`dm`7`w`0`n`1916`pw`0`ph`0`ju`6`sq`2997`pan`5`mn`1917`ibp`1`crf`8`sdy`0`h`0`iec`1`dft`5`ime`5`dmc`0`t`67`dn`1917`fn`5`msz`32`14`0`imp`0`SWEField`s_2_1_16_0`SWENeedContext`true`SWER`0`SWESP`false`SWERowIds`SWERowId0=3-61EV8AO3`SWEMethod`CancelAmend`SWECmd`InvokeMethod`SWEDIC`false`SWEReqRowId`0`SWEView`Order Entry - Line Items Detail View (Sales)`SWEC`63`SWEBID`-1`SRN`xK7T2pIB2ZOV15hwlQxQF5reKcoUB8VpMTZr7we8uAEb`SWEApplet`BT Order Entry - Line Item List Applet (Sales)`23`0`c`0`pt`5`sp`s_2_1_29_0`dm`7`w`0`csq`1`n`821`pw`0`ph`0`ju`6`sq`2997`pan`5`ibp`1`crf`8`sdy`0`h`0`iec`1`dft`5`ime`5`dmc`0`t`438`dn`821`fn`821`msz`30`25`1`c`0`pt`5`sp`s_2_1_70_0`dm`7`w`0`n`40`eb`&lt;img src=&quot;images/rcnv_nxtset_1.gif&quot; border=&quot;0&quot; space=&quot;0&quot; hspace=&quot;0&quot; alt=&quot;Next record set&quot;  title=&quot;Next record set&quot; &gt;`pw`0`db`&lt;img src=&quot;images/rcnv_nxtset_0.gif&quot; border=&quot;0&quot; space=&quot;0&quot; hspace=&quot;0&quot; alt=&quot;Next record set&quot;  title=&quot;Next record set&quot; &gt;`ph`0`ju`6`sq`2997`pan`5`mn`40`ibp`1`crf`8`sdy`0`h`0`iec`1`dft`5`ime`5`dmc`0`t`67`dn`5`fn`5`msz`32`14`0`imp`0`SWEField`s_2_1_70_0`SWENeedContext`true`SWER`0`SWESP`false`SWERowIds`SWERowId0=3-61EV8AO3`SWEMethod`GotoNextSet`SWECmd`InvokeMethod`SWEDIC`false`SWEReqRowId`0`SWEView`Order Entry - Line Items Detail View (Sales)`SWEC`63`SWEBID`-1`SRN`xK7T2pIB2ZOV15hwlQxQF5reKcoUB8VpMTZr7we8uAEb`SWEApplet`BT Order Entry - Line Item List Applet (Sales)`25`1`c`0`pt`5`sp`s_2_1_72_0`dm`7`w`0`n`39`eb`&lt;img src=&quot;images/rcnv_prvset_1.gif&quot; border=&quot;0&quot; space=&quot;0&quot; hspace=&quot;0&quot; alt=&quot;Previous record set&quot;  title=&quot;Previous record set&quot; &gt;`pw`0`db`&lt;img src=&quot;images/rcnv_prvset_0.gif&quot; border=&quot;0&quot; space=&quot;0&quot; hspace=&quot;0&quot; alt=&quot;Previous record set&quot;  title=&quot;Previous record set&quot; &gt;`ph`0`ju`6`sq`2997`pan`5`mn`39`ibp`1`crf`8`sdy`0`h`0`iec`1`dft`5`ime`5`dmc`0`t`67`dn`5`fn`5`msz`32`14`0`imp`0`SWEField`s_2_1_72_0`SWENeedContext`true`SWER`0`SWESP`false`SWERowIds`SWERowId0=3-61EV8AO3`SWEMethod`GotoPreviousSet`SWECmd`InvokeMethod`SWEDIC`false`SWEReqRowId`0`SWEView`Order Entry - Line Items Detail View (Sales)`SWEC`63`SWEBID`-1`SRN`xK7T2pIB2ZOV15hwlQxQF5reKcoUB8VpMTZr7we8uAEb`SWEApplet`BT Order Entry - Line Item List Applet (Sales)`25`1`c`0`pt`5`sp`s_2_1_79_0`dm`7`w`0`n`591`eb`&lt;img src=&quot;images/row_off_d.gif&quot; border=&quot;0&quot; space=&quot;0&quot; hspace=&quot;0&quot; alt=&quot;Select record&quot;  title=&quot;Select record&quot; &gt;`pw`0`db`&lt;img src=&quot;images/row_on_d.gif&quot; border=&quot;0&quot; space=&quot;0&quot; hspace=&quot;0&quot; alt=&quot;Record selected&quot;  title=&quot;Record selected&quot; &gt;`ph`0`ju`6`sq`2997`pan`5`mn`310`ibp`1`crf`8`sdy`0`h`0`iec`1`dft`5`ime`5`dmc`0`t`67`dn`5`fn`5`msz`32`14`0`imp`0`SWEField`s_2_1_79_0`SWENeedContext`true`SWER`0`SWESP`false`SWERowIds`SWERowId0=3-61EV8AO3`SWEMethod`PositionOnRow`SWECmd`InvokeMethod`SWEDIC`false`SWEReqRowId`0`SWEView`Order Entry - Line Items Detail View (Sales)`SWEC`63`SWEBID`-1`SRN`xK7T2pIB2ZOV15hwlQxQF5reKcoUB8VpMTZr7we8uAEb`SWEApplet`BT Order Entry - Line Item List Applet (Sales)`23`1`c`0`pt`5`sp`s_2_1_43_0`dm`7`w`0`n`587`pw`0`ph`0`ju`6`sq`2997`pan`5`mn`43`ibp`1`crf`8`sdy`0`h`0`iec`1`dft`5`ime`5`dmc`0`t`67`dn`393`fn`5`msz`32`14`0`imp`0`SWEField`s_2_1_43_0`SWENeedContext`true`SWER`0`SWESP`false`SWERowIds`SWERowId0=3-61EV8AO3`SWEMethod`UndoQuery`SWECmd`InvokeMethod`SWEDIC`false`SWEReqRowId`0`SWEView`Order Entry - Line Items Detail View (Sales)`SWEC`63`SWEBID`-1`SRN`xK7T2pIB2ZOV15hwlQxQF5reKcoUB8VpMTZr7we8uAEb`SWEApplet`BT Order Entry - Line Item List Applet (Sales)`23`0`c`0`pt`5`sp`s_2_1_18_0`dm`7`w`0`csq`1`n`1918`pw`0`ph`0`ju`6`sq`2997`pan`5`ibp`1`crf`8`sdy`0`h`0`iec`1`dft`5`ime`5`dmc`0`t`438`dn`1918`fn`1918`msz`30`23`1`c`0`pt`5`sp`s_2_1_34_0`dm`7`w`0`n`1919`pw`0`ph`0`ju`6`sq`2997`pan`5`mn`1920`ibp`1`crf`8`sdy`0`h`0`iec`1`dft`5`ime`5`dmc`0`t`67`dn`1919`fn`5`msz`32`14`0`imp`0`SWEField`s_2_1_34_0`SWENeedContext`true`SWER`0`SWESP`false`SWERowIds`SWERowId0=3-61EV8AO3`SWEMethod`ViewSupplierNotes`SWECmd`InvokeMethod`SWEDIC`false`SWEReqRowId`0`SWEView`Order Entry - Line Items Detail View (Sales)`SWEC`63`SWEBID`-1`SRN`xK7T2pIB2ZOV15hwlQxQF5reKcoUB8VpMTZr7we8uAEb`SWEApplet`BT Order Entry - Line Item List Applet (Sales)`23`1`c`0`pt`5`sp`s_2_1_44_0`dm`7`w`0`n`45`pw`0`ph`0`ju`6`sq`2997`pan`5`mn`45`ibp`1`crf`8`sdy`0`h`0`iec`1`dft`5`ime`5`dmc`0`t`67`dn`392`fn`5`msz`32`14`0`imp`0`SWEField`s_2_1_44_0`SWENeedContext`true`SWER`0`SWESP`false`SWERowIds`SWERowId0=3-61EV8AO3`SWEMethod`ExecuteQuery`SWECmd`InvokeMethod`SWEDIC`false`SWEReqRowId`0`SWEView`Order Entry - Line Items Detail View (Sales)`SWEC`63`SWEBID`-1`SRN`xK7T2pIB2ZOV15hwlQxQF5reKcoUB8VpMTZr7we8uAEb`SWEApplet`BT Order Entry - Line Item List Applet (Sales)`23`0`c`0`pt`5`sp`s_2_1_25_0`dm`7`w`0`csq`1`n`1921`pw`0`ph`0`ju`6`sq`2997`pan`5`ibp`1`crf`8`sdy`0`h`0`iec`1`dft`5`ime`5`dmc`0`t`438`dn`1921`fn`1921`msz`30`23`0`c`0`pt`5`sp`s_2_1_27_0`dm`7`w`0`csq`1`n`1922`pw`0`ph`0`ju`6`sq`2997`pan`5`ibp`1`crf`8`sdy`0`h`0`iec`1`dft`5`ime`5`dmc`0`t`438`dn`1922`fn`1922`msz`15`23`1`c`0`pt`5`sp`s_2_1_67_0`dm`7`w`0`n`28`pw`0`ph`0`ju`6`sq`2997`pan`5`mn`1461`ibp`1`crf`8`sdy`0`h`0`iec`1`dft`5`ime`5`dmc`0`t`67`dn`531`fn`5`msz`32`14`0`imp`0`SWEField`s_2_1_67_0`SWENeedContext`true`SWER`0`SWESP`false`SWERowIds`SWERowId0=3-61EV8AO3`SWEMethod`BTDeleteLineItem`SWECmd`InvokeMethod`SWEDIC`false`SWEReqRowId`0`SWEView`Order Entry - Line Items Detail View (Sales)`SWEC`63`SWEBID`-1`SRN`xK7T2pIB2ZOV15hwlQxQF5reKcoUB8VpMTZr7we8uAEb`SWEApplet`BT Order Entry - Line Item List Applet (Sales)`23`1`c`0`pt`5`sp`s_2_1_33_0`dm`7`w`0`n`1923`pw`0`ph`0`ju`6`sq`2997`pan`5`mn`1923`ibp`1`crf`8`sdy`0`h`0`iec`1`dft`5`ime`5`dmc`0`t`67`dn`1923`fn`5`msz`32`14`0`imp`0`SWEField`s_2_1_33_0`SWENeedContext`true`SWER`0`SWESP`false`SWERowIds`SWERowId0=3-61EV8AO3`SWEMethod`SetCAD`SWECmd`InvokeMethod`SWEDIC`false`SWEReqRowId`0`SWEView`Order Entry - Line Items Detail View (Sales)`SWEC`63`SWEBID`-1`SRN`xK7T2pIB2ZOV15hwlQxQF5reKcoUB8VpMTZr7we8uAEb`SWEApplet`BT Order Entry - Line Item List Applet (Sales)`23`1`c`0`pt`5`sp`s_2_1_75_0`dm`7`w`0`n`1924`pw`0`ph`0`ju`6`sq`2997`pan`5`mn`1925`ibp`1`crf`8`sdy`0`h`0`iec`1`dft`5`ime`5`dmc`0`t`67`dn`86`fn`5`msz`32`14`0`imp`0`SWEField`s_2_1_75_0`SWENeedContext`true`SWER`0`SWESP`false`SWERowIds`SWERowId0=3-61EV8AO3`SWEMethod`ExpandAll`SWECmd`InvokeMethod`SWEDIC`false`SWEReqRowId`0`SWEView`Order Entry - Line Items Detail View (Sales)`SWEC`63`SWEBID`-1`SRN`xK7T2pIB2ZOV15hwlQxQF5reKcoUB8VpMTZr7we8uAEb`SWEApplet`BT Order Entry - Line Item List Applet (Sales)`23`1`c`0`pt`5`sp`s_2_1_45_0`dm`5`w`0`n`1926`pw`0`ph`0`ju`6`sq`2997`pan`5`mn`1928`ibp`1`crf`8`sdy`0`h`0`iec`1`dft`5`ime`5`dmc`0`t`67`dn`1927`fn`5`msz`32`14`0`imp`0`SWEField`s_2_1_45_0`SWENeedContext`true`SWER`0`SWESP`false`SWERowIds`SWERowId0=3-61EV8AO3`SWEMethod`BTConfigure`SWECmd`InvokeMethod`SWEDIC`false`SWEReqRowId`0`SWEView`Order Entry - Line Items Detail View (Sales)`SWEC`63`SWEBID`-1`SRN`xK7T2pIB2ZOV15hwlQxQF5reKcoUB8VpMTZr7we8uAEb`SWEApplet`BT Order Entry - Line Item List Applet (Sales)`23`1`c`0`pt`5`sp`s_2_1_57_0`dm`7`w`0`n`1929`pw`0`ph`0`ju`6`sq`2997`pan`5`mn`1871`ibp`1`crf`8`sdy`0`h`0`iec`1`dft`5`ime`5`dmc`0`t`67`dn`1872`fn`5`msz`32`14`0`imp`0`SWEField`s_2_1_57_0`SWENeedContext`true`SWER`0`SWESP`false`SWERowIds`SWERowId0=3-61EV8AO3`SWEMethod`EditPromotion`SWECmd`InvokeMethod`SWEDIC`false`SWEReqRowId`0`SWEView`Order Entry - Line Items Detail View (Sales)`SWEC`63`SWEBID`-1`SRN`xK7T2pIB2ZOV15hwlQxQF5reKcoUB8VpMTZr7we8uAEb`SWEApplet`BT Order Entry - Line Item List Applet (Sales)`23`0`c`0`pt`5`sp`s_2_1_19_0`dm`7`w`0`csq`1`n`1930`pw`0`ph`0`ju`6`sq`2997`pan`5`ibp`1`crf`8`sdy`0`h`0`iec`1`dft`5`ime`5`dmc`0`t`438`dn`1930`fn`1930`msz`50`23`0`c`0`pt`5`sp`s_2_1_28_0`dm`7`w`0`csq`1`n`1931`pw`0`ph`0`ju`6`sq`2997`pan`5`ibp`1`crf`8`sdy`0`h`0`iec`1`dft`5`ime`5`dmc`0`t`438`dn`1931`fn`1526`msz`50`25`1`c`0`pt`5`sp`s_2_1_48_0`dm`7`w`0`n`635`eb`&lt;img src=&quot;images/btn_more.gif&quot; border=&quot;0&quot; space=&quot;0&quot; hspace=&quot;0&quot; alt=&quot;Show more&quot;  title=&quot;Show more&quot; &gt;`pw`0`ph`0`ju`6`sq`2997`pan`5`icm`635`mn`635`ibp`1`crf`8`sdy`0`h`0`iec`1`dft`5`ime`5`dmc`0`t`10`dn`5`fn`5`msz`32`14`0`imp`0`SWEField`s_2_1_48_0`SWENeedContext`true`SWER`0`SWESP`false`SWERowIds`SWERowId0=3-61EV8AO3`SWEMethod`ToggleListRowCount`SWECmd`InvokeMethod`SWEDIC`false`SWEReqRowId`0`SWEView`Order Entry - Line Items Detail View (Sales)`SWEC`63`SWEBID`-1`SRN`xK7T2pIB2ZOV15hwlQxQF5reKcoUB8VpMTZr7we8uAEb`SWEApplet`BT Order Entry - Line Item List Applet (Sales)`23`0`c`0`pt`5`sp`s_2_1_23_0`dm`7`w`0`csq`1`n`1932`pw`0`ph`0`ju`6`sq`2997`pan`5`ibp`1`crf`8`sdy`0`h`0`iec`1`dft`5`ime`5`dmc`0`t`438`dn`1932`fn`1933`msz`255`23`0`c`0`pt`5`sp`s_2_1_24_0`dm`7`w`0`csq`1`n`1934`pw`0`ph`0`ju`6`sq`2997`pan`5`ibp`1`crf`8`sdy`0`h`0`iec`1`dft`5`ime`5`dmc`0`t`438`dn`1934`fn`1935`msz`255`23`0`c`0`pt`5`sp`s_2_1_30_0`dm`7`w`0`csq`1`n`1936`pw`0`ph`0`ju`6`sq`2997`pan`5`ibp`1`crf`8`sdy`0`h`0`iec`1`dft`5`ime`5`dmc`0`t`438`dn`1936`fn`1532`msz`30`23`0`c`0`pt`5`sp`s_2_1_20_0`dm`7`w`0`csq`1`n`1937`pw`0`ph`0`ju`6`sq`2997`pan`5`ibp`1`crf`8`sdy`0`h`0`iec`1`dft`5`ime`5`dmc`0`t`438`dn`1937`fn`1938`msz`255`23`0`c`0`pt`5`sp`s_2_1_26_0`dm`7`w`0`csq`1`n`1939`pw`0`ph`0`ju`6`sq`2997`pan`5`ibp`1`crf`8`sdy`0`h`0`iec`1`dft`5`ime`5`dmc`0`t`438`dn`1939`fn`1940`msz`15`23`1`c`0`pt`5`sp`s_2_1_8_0`dm`7`w`0`n`1941`pw`0`ph`0`ju`6`sq`2997`pan`5`mn`699`ibp`1`crf`8`sdy`0`h`0`iec`1`dft`5`ime`5`dmc`0`t`67`dn`1942`fn`5`msz`32`18`0`imp`0`SWEField`s_2_1_8_0`SWENeedContext`true`SWER`0`SWESP`true`SWERowIds`SWERowId0=3-61EV8AO3`SWEMethod`ShowPopup`SWECmd`InvokeMethod`SWEH`100`SWEDIC`true`SWEReqRowId`0`SWEView`Order Entry - Line Items Detail View (Sales)`SWEC`63`SWEW`300`SWEM`Edit`SWEBID`-1`SRN`xK7T2pIB2ZOV15hwlQxQF5reKcoUB8VpMTZr7we8uAEb`SWETA`BT Mobile Cross Account Transfer Applet`SWEApplet`BT Order Entry - Line Item List Applet (Sales)`23`1`c`0`pt`5`sp`s_2_1_4_0`dm`7`w`0`n`1943`pw`0`ph`0`ju`6`sq`2997`pan`5`mn`1944`ibp`1`crf`8`sdy`0`h`0`iec`1`dft`5`ime`5`dmc`0`t`67`dn`1943`fn`5`msz`32`14`0`imp`0`SWEField`s_2_1_4_0`SWENeedContext`true`SWER`0`SWESP`false`SWERowIds`SWERowId0=3-61EV8AO3`SWEMethod`HandsetCreditSales`SWECmd`InvokeMethod`SWEDIC`false`SWEReqRowId`0`SWEView`Order Entry - Line Items Detail View (Sales)`SWEC`63`SWEBID`-1`SRN`xK7T2pIB2ZOV15hwlQxQF5reKcoUB8VpMTZr7we8uAEb`SWEApplet`BT Order Entry - Line Item List Applet (Sales)`23`1`c`0`pt`5`sp`s_2_1_5_0`dm`7`w`0`n`1945`pw`0`ph`0`ju`6`sq`2997`pan`5`mn`1946`ibp`1`crf`8`sdy`0`h`0`iec`1`dft`5`ime`5`dmc`0`t`67`dn`1945`fn`5`msz`32`14`0`imp`0`SWEField`s_2_1_5_0`SWENeedContext`true`SWER`0`SWESP`false`SWERowIds`SWERowId0=3-61EV8AO3`SWEMethod`HandsetOutrightSales`SWECmd`InvokeMethod`SWEDIC`false`SWEReqRowId`0`SWEView`Order Entry - Line Items Detail View (Sales)`SWEC`63`SWEBID`-1`SRN`xK7T2pIB2ZOV15hwlQxQF5reKcoUB8VpMTZr7we8uAEb`SWEApplet`BT Order Entry - Line Item List Applet (Sales)`23`1`c`0`pt`5`sp`s_2_1_6_0`dm`7`w`0`n`1947`pw`0`ph`0`ju`6`sq`2997`pan`5`mn`1949`ibp`1`crf`8`sdy`0`h`0`iec`1`dft`5`ime`5`dmc`0`t`67`dn`1948`fn`5`msz`32`14`0`imp`0`SWEField`s_2_1_6_0`SWENeedContext`true`SWER`0`SWESP`false`SWERowIds`SWERowId0=3-61EV8AO3`SWEMethod`BTOneOffChargeCalc`SWECmd`InvokeMethod`SWEDIC`false`SWEReqRowId`0`SWEView`Order Entry - Line Items Detail View (Sales)`SWEC`63`SWEBID`-1`SRN`xK7T2pIB2ZOV15hwlQxQF5reKcoUB8VpMTZr7we8uAEb`SWEApplet`BT Order Entry - Line Item List Applet (Sales)`22`0`c`0`pt`5`sp`s_2_1_32_0`dm`7`w`0`n`1540`pw`0`ph`0`ju`6`sq`2997`pan`5`ibp`1`crf`8`sdy`0`h`0`iec`1`dft`5`ime`5`dmc`0`t`438`dn`1540`fn`1540`msz`32`22`0`c`0`pt`5`sp`s_2_1_31_0`dm`7`w`0`n`1376`pw`0`ph`0`ju`6`sq`2997`pan`5`ibp`1`crf`8`sdy`0`h`0`iec`1`dft`5`ime`5`dmc`0`t`438`dn`1950`fn`1950`msz`18`23`0`c`0`pt`5`sp`s_2_1_82_0`dm`7`w`0`csq`1`n`1778`pw`0`ph`0`ju`6`sq`2997`pan`5`ibp`1`crf`8`sdy`0`h`0`iec`1`dft`5`ime`5`dmc`0`t`438`dn`1778`fn`1951`msz`255`23`1`c`0`pt`5`sp`s_2_1_7_0`dm`7`w`0`n`1952`pw`0`ph`0`ju`6`sq`2997`pan`5`mn`1954`ibp`1`crf`8`sdy`0`h`0`iec`1`dft`5`ime`5`dmc`0`t`67`dn`1953`fn`5`msz`32`14`0`imp`0`SWEField`s_2_1_7_0`SWENeedContext`true`SWER`0`SWESP`false`SWERowIds`SWERowId0=3-61EV8AO3`SWEMethod`fnActCharge`SWECmd`InvokeMethod`SWEDIC`false`SWEReqRowId`0`SWEView`Order Entry - Line Items Detail View (Sales)`SWEC`63`SWEBID`-1`SRN`xK7T2pIB2ZOV15hwlQxQF5reKcoUB8VpMTZr7we8uAEb`SWEApplet`BT Order Entry - Line Item List Applet (Sales)`23`1`c`0`pt`5`sp`s_2_1_0_0`dm`7`w`0`n`1955`pw`0`ph`0`ju`6`sq`2997`pan`5`mn`1956`ibp`1`crf`8`sdy`0`h`0`iec`1`dft`5`ime`5`dmc`0`t`67`dn`1955`fn`5`msz`32`14`0`imp`0`SWEField`s_2_1_0_0`SWENeedContext`true`SWER`0`SWESP`false`SWERowIds`SWERowId0=3-61EV8AO3`SWEMethod`AddMarkerProduct`SWECmd`InvokeMethod`SWEDIC`false`SWEReqRowId`0`SWEView`Order Entry - Line Items Detail View (Sales)`SWEC`63`SWEBID`-1`SRN`xK7T2pIB2ZOV15hwlQxQF5reKcoUB8VpMTZr7we8uAEb`SWEApplet`BT Order Entry - Line Item List Applet (Sales)`23`1`c`0`pt`5`sp`s_2_1_1_0`dm`7`w`0`n`1957`pw`0`ph`0`ju`6`sq`2997`pan`5`mn`1958`ibp`1`crf`8`sdy`0`h`0`iec`1`dft`5`ime`5`dmc`0`t`67`dn`1957`fn`5`msz`32`14`0`imp`0`SWEField`s_2_1_1_0`SWENeedContext`true`SWER`0`SWESP`false`SWERowIds`SWERowId0=3-61EV8AO3`SWEMethod`DeleteAOSO`SWECmd`InvokeMethod`SWEDIC`false`SWEReqRowId`0`SWEView`Order Entry - Line Items Detail View (Sales)`SWEC`63`SWEBID`-1`SRN`xK7T2pIB2ZOV15hwlQxQF5reKcoUB8VpMTZr7we8uAEb`SWEApplet`BT Order Entry - Line Item List Applet (Sales)`1`0`cfm`0`DeleteRecord`IDS_SWE_DELETE_CONFIRM_WARNING`0`57`col`0`24`0`co`0`pt`5`sp`s_2_2_233_`dm`7`w`20`csq`1`n`824`pw`0`ph`0`ju`6`sq`2997`pan`5`ibp`1`crf`8`sdy`0`h`0`iec`1`dft`5`cix`0`ime`5`dmc`0`t`4`dn`825`fn`824`msz`255`25`0`co`0`pt`5`sp`s_2_2_144_`dm`7`w`10`csq`1`n`624`pw`0`ph`0`ju`6`sq`2997`pan`5`icm`830`ibp`1`crf`8`sdy`0`h`0`iec`1`dft`5`cix`1`ime`5`dmc`0`t`4`dn`1959`fn`624`msz`255`27`0`co`0`pt`5`sp`s_2_2_239_`dm`5`w`300`csq`1`n`140`pw`300`pat`Pick`ist`1`ph`100`ju`6`sq`2997`ied`1`pan`5`ibp`1`crf`8`sdy`0`h`0`iec`1`dft`5`cix`2`ime`5`dmc`0`t`4`dn`140`fn`140`msz`100`25`0`co`0`pt`5`sp`s_2_2_208_`dm`5`w`55`n`1514`pw`300`pat`Detail`ph`100`ju`103`sq`2997`ied`1`pan`5`ibp`1`crf`1960`sdy`0`h`0`iec`1`dft`5`cix`3`ime`5`dmc`0`t`102`dn`1329`fn`1462`msz`25`27`0`co`0`pt`5`sp`s_2_2_301_`dm`7`w`100`csq`1`n`671`pw`300`pat`Pick`ist`1`ph`100`ju`6`sq`2997`ied`1`pan`5`ibp`1`crf`8`sdy`0`h`0`iec`1`dft`5`cix`4`ime`5`dmc`0`t`4`dn`671`fn`671`msz`15`26`0`co`0`pt`5`sp`s_2_2_300_`dm`7`w`100`csq`1`n`833`pw`300`pat`Pick`ist`1`ph`100`ju`6`sq`2997`ied`1`pan`5`crf`8`sdy`0`h`0`iec`1`dft`5`cix`5`ime`5`dmc`0`t`4`dn`833`fn`833`msz`100`27`0`co`0`pt`5`sp`s_2_2_128_`dm`7`w`100`csq`1`n`686`pw`300`pat`Pick`ist`1`ph`100`ju`6`sq`2997`ied`1`pan`5`ibp`1`crf`8`sdy`0`h`0`iec`1`dft`5`cix`6`ime`5`dmc`100`t`4`dn`686`fn`685`msz`100`27`0`co`0`pt`5`sp`s_2_2_189_`dm`7`w`100`csq`1`n`1153`pw`300`pat`Pick`ist`1`ph`100`ju`6`sq`2997`ied`1`pan`5`ibp`1`crf`8`sdy`0`h`0`iec`1`dft`5`cix`7`ime`5`dmc`0`t`4`dn`1153`fn`1153`msz`30`25`0`co`0`pt`5`sp`s_2_2_153_`dm`7`w`100`csq`1`n`1961`pw`0`ist`1`ph`0`ju`6`sq`2997`pan`1963`ibp`1`crf`8`sdy`0`h`0`iec`1`dft`5`cix`8`ime`5`dmc`0`t`116`dn`1962`fn`1961`msz`30`24`0`co`0`pt`5`sp`s_2_2_192_`dm`7`w`90`n`1114`pw`0`ist`1`ph`0`ju`6`sq`2997`pan`5`ibp`1`crf`8`sdy`0`h`0`iec`1`dft`637`cix`9`ime`5`dmc`0`t`163`dn`1755`fn`1114`msz`255`25`0`co`0`pt`5`sp`s_2_2_106_`dm`7`w`100`csq`1`n`1964`pw`0`ist`1`ph`0`ju`6`sq`2997`pan`5`ibp`1`crf`8`sdy`0`h`0`iec`1`dft`5`cix`10`ime`5`dmc`0`t`4`dn`1965`fn`1966`msz`15`26`0`co`0`pt`5`sp`s_2_2_107_`dm`7`w`100`n`1967`pw`300`pat`Pick`ist`1`ph`100`ju`6`sq`2997`ied`1`pan`5`ibp`1`crf`8`sdy`0`h`0`iec`1`dft`5`cix`11`ime`5`dmc`0`t`4`dn`1968`fn`1967`msz`255`25`0`co`0`pt`5`sp`s_2_2_168_`dm`7`w`55`csq`1`n`1491`pw`0`ist`1`ph`0`ju`6`sq`2997`pan`5`ibp`1`crf`8`sdy`0`h`0`iec`1`dft`5`cix`12`ime`5`dmc`0`t`116`dn`1969`fn`1491`msz`30`25`0`co`0`pt`117`sp`s_2_2_268_`dm`5`w`100`csq`1`n`115`pw`0`ist`1`ph`0`ju`6`sq`2997`pan`5`ibp`1`crf`8`sdy`0`h`0`iec`1`dft`5`cix`13`ime`5`dmc`0`t`116`dn`115`fn`115`msz`30`25`0`co`0`pt`5`sp`s_2_2_147_`dm`7`w`130`csq`1`n`152`pw`0`ist`1`ph`0`ju`6`sq`2997`pan`5`ibp`1`crf`8`sdy`0`h`0`iec`1`dft`5`cix`14`ime`5`dmc`0`t`116`dn`152`fn`160`msz`30`24`0`co`0`pt`5`sp`s_2_2_126_`dm`7`w`100`n`1970`pw`0`ist`1`ph`0`ju`6`sq`2997`pan`5`ibp`1`crf`8`sdy`0`h`0`iec`1`dft`5`cix`15`ime`5`dmc`0`t`163`dn`1971`fn`1972`msz`255`24`0`co`0`pt`5`sp`s_2_2_110_`dm`7`w`100`n`1973`pw`0`ist`1`ph`0`ju`6`sq`2997`pan`5`ibp`1`crf`8`sdy`0`h`0`iec`1`dft`637`cix`16`ime`5`dmc`0`t`1807`dn`1974`fn`1973`msz`255`24`0`co`0`pt`5`sp`s_2_2_202_`dm`7`w`100`n`1510`pw`0`ist`1`ph`0`ju`103`sq`2997`pan`5`ibp`1`crf`8`sdy`0`h`0`iec`1`dft`5`cix`17`ime`5`dmc`0`t`735`dn`1975`fn`1510`msz`18`25`0`co`0`pt`5`sp`s_2_2_277_`dm`7`w`100`csq`1`n`894`pw`0`ist`1`ph`0`ju`6`sq`2997`pan`5`ibp`1`crf`8`sdy`0`h`0`iec`1`dft`5`cix`18`ime`5`dmc`0`t`4`dn`1976`fn`894`msz`30`25`0`co`0`pt`5`sp`s_2_2_112_`dm`7`w`100`csq`1`n`640`pw`0`ist`1`ph`0`ju`6`sq`2997`pan`5`ibp`1`crf`8`sdy`0`h`0`iec`1`dft`5`cix`19`ime`5`dmc`0`t`4`dn`641`fn`640`msz`30`25`0`co`0`pt`5`sp`s_2_2_120_`dm`7`w`100`csq`1`n`1977`pw`0`ist`1`ph`0`ju`6`sq`2997`pan`5`ibp`1`crf`8`sdy`0`h`0`iec`1`dft`5`cix`20`ime`5`dmc`0`t`116`dn`1978`fn`1979`msz`100`25`0`co`0`pt`5`sp`s_2_2_125_`dm`7`w`100`csq`1`n`981`pw`0`ist`1`ph`0`ju`6`sq`2997`pan`5`ibp`1`crf`8`sdy`0`h`0`iec`1`dft`5`cix`21`ime`5`dmc`0`t`116`dn`981`fn`1980`msz`50`25`0`co`0`pt`5`sp`s_2_2_136_`dm`7`w`100`csq`1`n`1981`pw`0`ist`1`ph`0`ju`6`sq`2997`pan`1983`ibp`1`crf`8`sdy`0`h`0`iec`1`dft`5`cix`22`ime`5`dmc`0`t`116`dn`1981`fn`1982`msz`50`25`0`co`0`pt`5`sp`s_2_2_260_`dm`5`w`100`csq`1`n`1545`pw`0`ist`1`ph`0`ju`6`sq`2997`pan`5`ibp`1`crf`8`sdy`0`h`0`iec`1`dft`5`cix`23`ime`5`dmc`0`t`4`dn`1984`fn`1545`msz`50`24`0`co`0`pt`5`sp`s_2_2_142_`dm`7`w`100`csq`1`n`1985`pw`0`ist`1`ph`0`ju`6`sq`2997`pan`5`crf`8`sdy`0`h`0`iec`1`dft`5`cix`24`ime`5`dmc`0`t`4`dn`1986`fn`1987`msz`30`25`0`co`0`pt`5`sp`s_2_2_109_`dm`7`w`100`csq`1`n`1988`pw`0`ist`1`ph`0`ju`6`sq`2997`pan`1991`ibp`1`crf`8`sdy`0`h`0`iec`1`dft`5`cix`25`ime`5`dmc`0`t`116`dn`1989`fn`1990`msz`30`24`0`co`0`pt`5`sp`s_2_2_186_`dm`7`w`100`n`1992`pw`0`ist`1`ph`0`ju`6`sq`2997`pan`5`ibp`1`crf`8`sdy`0`h`0`iec`1`dft`5`cix`26`ime`5`dmc`0`t`92`dn`1993`fn`1992`msz`1`25`0`co`0`pt`5`sp`s_2_2_97_`dm`7`w`100`csq`1`n`1994`pw`0`ist`1`ph`0`ju`6`sq`2997`pan`5`ibp`1`crf`8`sdy`0`h`0`iec`1`dft`5`cix`27`ime`5`dmc`0`t`4`dn`1995`fn`1994`msz`100`24`0`co`0`pt`5`sp`s_2_2_161_`dm`7`w`100`csq`1`n`1892`pw`0`ph`0`ju`6`sq`2997`pan`5`ibp`1`crf`8`sdy`0`h`0`iec`1`dft`5`cix`28`ime`5`dmc`0`t`4`dn`1891`fn`1892`msz`255`26`0`co`0`pt`5`sp`s_2_2_160_`dm`7`w`100`csq`1`n`1996`pw`300`pat`Pick`ist`1`ph`100`ju`6`sq`2997`ied`1`pan`5`crf`8`sdy`0`h`0`iec`1`dft`5`cix`29`ime`5`dmc`0`t`4`dn`1997`fn`1996`msz`30`25`0`co`0`pt`5`sp`s_2_2_127_`dm`7`w`100`csq`1`n`1998`pw`0`ist`1`ph`0`ju`6`sq`2997`pan`5`ibp`1`crf`8`sdy`0`h`0`iec`1`dft`5`cix`30`ime`5`dmc`0`t`4`dn`1998`fn`1999`msz`30`25`0`co`0`pt`5`sp`s_2_2_84_`dm`7`w`100`csq`1`n`2000`pw`0`ist`1`ph`0`ju`6`sq`2997`pan`5`ibp`1`crf`8`sdy`0`h`0`iec`1`dft`5`cix`31`ime`5`dmc`0`t`4`dn`2001`fn`2000`msz`30`25`0`co`0`pt`5`sp`s_2_2_85_`dm`7`w`100`csq`1`n`859`pw`0`ist`1`ph`0`ju`6`sq`2997`pan`5`ibp`1`crf`8`sdy`0`h`0`iec`1`dft`5`cix`32`ime`5`dmc`0`t`4`dn`860`fn`859`msz`30`25`0`co`0`pt`5`sp`s_2_2_101_`dm`7`w`100`csq`1`n`1832`pw`0`ist`1`ph`0`ju`6`sq`2997`pan`2004`ibp`1`crf`8`sdy`0`h`0`iec`1`dft`5`cix`33`ime`5`dmc`0`t`116`dn`2002`fn`2003`msz`30`25`0`co`0`pt`5`sp`s_2_2_86_`dm`7`w`100`csq`1`n`861`pw`0`ist`1`ph`0`ju`6`sq`2997`pan`5`ibp`1`crf`8`sdy`0`h`0`iec`1`dft`5`cix`34`ime`5`dmc`0`t`4`dn`862`fn`861`msz`30`25`0`co`0`pt`5`sp`s_2_2_92_`dm`7`w`100`csq`1`n`863`pw`0`ist`1`ph`0`ju`6`sq`2997`pan`5`ibp`1`crf`8`sdy`0`h`0`iec`1`dft`5`cix`35`ime`5`dmc`0`t`4`dn`864`fn`863`msz`30`25`0`co`0`pt`5`sp`s_2_2_88_`dm`7`w`100`csq`1`n`2005`pw`0`ist`1`ph`0`ju`6`sq`2997`pan`5`ibp`1`crf`8`sdy`0`h`0`iec`1`dft`5`cix`36`ime`5`dmc`0`t`4`dn`2006`fn`2005`msz`30`25`0`co`0`pt`5`sp`s_2_2_89_`dm`7`w`100`csq`1`n`2007`pw`0`ist`1`ph`0`ju`6`sq`2997`pan`5`ibp`1`crf`8`sdy`0`h`0`iec`1`dft`5`cix`37`ime`5`dmc`0`t`4`dn`2008`fn`2007`msz`30`25`0`co`0`pt`5`sp`s_2_2_91_`dm`7`w`100`csq`1`n`2009`pw`0`ist`1`ph`0`ju`6`sq`2997`pan`5`ibp`1`crf`8`sdy`0`h`0`iec`1`dft`5`cix`38`ime`5`dmc`0`t`4`dn`2010`fn`2009`msz`30`25`0`co`0`pt`5`sp`s_2_2_14_`dm`7`w`100`csq`1`n`2011`pw`0`ist`1`ph`0`ju`6`sq`2997`pan`5`ibp`1`crf`8`sdy`0`h`0`iec`1`dft`5`cix`39`ime`5`dmc`0`t`4`dn`858`fn`2011`msz`30`25`0`co`0`pt`5`sp`s_2_2_87_`dm`7`w`100`csq`1`n`2012`pw`0`ist`1`ph`0`ju`6`sq`2997`pan`5`ibp`1`crf`8`sdy`0`h`0`iec`1`dft`5`cix`40`ime`5`dmc`0`t`4`dn`2013`fn`2012`msz`150`25`0`co`0`pt`5`sp`s_2_2_135_`dm`7`w`100`csq`1`n`2014`pw`0`ist`1`ph`0`ju`6`sq`2997`pan`5`ibp`1`crf`8`sdy`0`h`0`iec`1`dft`5`cix`41`ime`5`dmc`0`t`116`dn`2014`fn`2015`msz`30`24`0`co`0`pt`5`sp`s_2_2_108_`dm`7`w`100`n`2016`pw`0`ist`1`ph`0`ju`6`sq`2997`pan`5`ibp`1`crf`8`sdy`0`h`0`iec`1`dft`637`cix`42`ime`5`dmc`0`t`163`dn`2017`fn`2016`msz`255`26`0`co`0`pt`5`sp`s_2_2_115_`dm`7`w`100`csq`1`n`2018`pw`300`pat`Pick`ist`1`ph`100`ju`6`sq`2997`ied`1`pan`5`crf`8`sdy`0`h`0`iec`1`dft`5`cix`43`ime`5`dmc`0`t`4`dn`2019`fn`2018`msz`30`24`0`co`0`pt`5`sp`s_2_2_111_`dm`7`w`176`csq`1`n`2020`pw`0`ph`0`ju`6`sq`2997`pan`5`ibp`1`crf`8`sdy`0`h`0`iec`1`dft`5`cix`44`ime`5`dmc`0`t`122`dn`2021`fn`2022`msz`255`24`0`co`0`pt`5`sp`s_2_2_306_`dm`7`w`100`n`2023`pw`0`ist`1`ph`0`ju`6`sq`2997`pan`5`ibp`1`crf`8`sdy`0`h`0`iec`1`dft`5`cix`45`ime`5`dmc`0`t`92`dn`2023`fn`2024`msz`1`24`0`co`0`pt`5`sp`s_2_2_185_`dm`7`w`100`csq`1`n`1738`pw`0`ph`0`ju`6`sq`2997`pan`5`ibp`1`crf`8`sdy`0`h`0`iec`1`dft`5`cix`46`ime`5`dmc`0`t`4`dn`1739`fn`2025`msz`255`24`0`co`0`pt`5`sp`s_2_2_244_`dm`5`w`20`n`1324`pw`0`ist`1`ph`0`ju`103`sq`2997`pan`5`ibp`1`crf`8`sdy`0`h`0`iec`1`dft`5`cix`47`ime`5`dmc`0`t`735`dn`1325`fn`1324`msz`16`24`0`co`0`pt`5`sp`s_2_2_143_`dm`7`w`100`n`2026`pw`0`ist`1`ph`0`ju`6`sq`2997`pan`5`ibp`1`crf`8`sdy`0`h`0`iec`1`dft`5`cix`48`ime`5`dmc`0`t`92`dn`2026`fn`2027`msz`1`25`0`co`0`pt`5`sp`s_2_2_138_`dm`7`w`100`csq`1`n`2028`pw`0`ist`1`ph`0`ju`6`sq`2997`pan`5`ibp`1`crf`8`sdy`0`h`0`iec`1`dft`5`cix`49`ime`5`dmc`0`t`116`dn`2028`fn`2029`msz`30`24`0`co`0`pt`5`sp`s_2_2_129_`dm`7`w`100`n`1464`pw`0`ist`1`ph`0`ju`6`sq`2997`pan`5`ibp`1`crf`8`sdy`0`h`0`iec`1`dft`5`cix`50`ime`5`dmc`0`t`4`dn`1464`fn`1465`msz`18`24`0`co`0`pt`5`sp`s_2_2_134_`dm`7`w`100`n`2030`pw`0`ist`1`ph`0`ju`6`sq`2997`pan`5`ibp`1`crf`8`sdy`0`h`0`iec`1`dft`5`cix`51`ime`5`dmc`0`t`4`dn`2030`fn`2031`msz`18`25`0`co`0`pt`5`sp`s_2_2_113_`dm`7`w`100`csq`1`n`2032`pw`0`ist`1`ph`0`ju`6`sq`2997`pan`5`ibp`1`crf`8`sdy`0`h`0`iec`1`dft`5`cix`52`ime`5`dmc`0`t`4`dn`2033`fn`2032`msz`30`25`0`co`0`pt`5`sp`s_2_2_114_`dm`7`w`100`csq`1`n`2034`pw`0`ist`1`ph`0`ju`6`sq`2997`pan`2036`ibp`1`crf`8`sdy`0`h`0`iec`1`dft`5`cix`53`ime`5`dmc`0`t`116`dn`2035`fn`2034`msz`50`24`0`co`0`pt`5`sp`s_2_2_90_`dm`7`w`100`csq`1`n`2037`pw`0`ist`1`ph`0`ju`6`sq`2997`pan`5`crf`8`sdy`0`h`0`iec`1`dft`5`cix`54`ime`5`dmc`0`t`116`dn`2038`fn`2037`msz`100`25`0`co`0`pt`5`sp`s_2_2_139_`dm`7`w`100`csq`1`n`2039`pw`0`ist`1`ph`0`ju`6`sq`2997`pan`5`ibp`1`crf`8`sdy`0`h`0`iec`1`dft`5`cix`55`ime`5`dmc`0`t`4`dn`2039`fn`300`msz`50`26`0`co`0`pt`5`sp`s_2_2_261_`dm`5`w`100`csq`1`n`1546`pw`300`pat`Pick`ist`1`ph`100`ju`6`sq`2997`ied`1`pan`5`crf`8`sdy`0`h`0`iec`1`dft`5`cix`56`ime`5`dmc`0`t`4`dn`2040`fn`1546`msz`50`4`0`cn`0`Billing Account Number`1*11*11*11*11*11*11*1`BT Service Address Post Code`1*11*11*11*11*11*11*1`BT Appointment Id`1*11*11*11*11*11*11*1`Ship To Contact - Last Name`1*11*11*11*11*11*11*1`0`3`pcl`0`2`0`pc`0`allowPC`false`QueryComboBox``2`0`pc`0`allowPC`false`QuerySrchSpec``2`0`pc`0`allowPC`false`HTML Hidden2``0`1`na`0`17`2`ai`3`S_A3`nfi`2`n`BT Order Entry - Line Item Form Applet`cud`4*21761*04*21771*04*20681*04*21781*04*14951*04*10281*14*21391*14*21791*14*21461*14*21411*14*21591*14*21571*14*15181*04*21801*04*21811*04*15531*14*15621*04*15061*14*13261*04*21821*14*14911*04*21361*04*21371*03*5871*14*14941*14*15071*12*451*14*21831*04*15101*04*13981*04*14031*04*21841*03*1661*04*21851*02*641*13*3171*14*21631*14*15411*14*15501*04*21861*14*21871*14*21881*04*21891*04*20501*03*2431*12*431*14*20871*04*21901*04*21911*04*21101*03*8941*04*21711*14*21921*04*11531*14*21931*04*21441*13*1211*04*21941*04*21951*04*21551*14*21681*14*21511*04*21961*04*21971*14*21981*14*21991*03*1451*04*22001*04*22011*14*21331*14*22021*14*22031*14*21521*04*22041*04*22051*04*22061*04*22071*04*22081*03*6591*14*22091*14*18561*04*21321*03*2541*04*19311*04*22101*04*21561*03*8881*04*21731*13*8331*03*6711*04*19361*03*1401*02*281*14*21341*03*3061*14*21601*12*401*14*22111*02*391*14*21381*13*6361*02*441*14*21431*03*3071*14*22121*04*21281*14*21291*14*22131*12*311*14*22141*04*22151*04*22161*04*21611*04*22171*04*22181*14*22191*04*22201*04*22211*04*21661*14*15351*03*1151*13*1481*04*22221*04*22231*04*22241*04*21481*04*22251*04*21541*02*271*14*22261*04*22271*14*22281*14*22291*14*22301*1`cik`2*431*02*451*12*201*03*3171*13*2431*12*281*03*3061*02*401*12*391*02*441*13*3071*14*12261*14*21311*13*6991*12*271*02*211*12*221*12*231*12*241*12*251*02*261*02*291*02*301*02*311*12*321*02*331*12*341*02*351*02*361*02*371*02*381*12*411*02*421*12*461*12*471*12*481*02*491*02*501*02*511*02*521*02*531*02*541*12*551*12*561*02*571*1`shd`44*BT_Order_Entry__Line_Item_Form_Applet_Applet78*srf1592409810_444/bscripts/all/applet_bt_order_entry__line_item_form_applet.js`asq`2`ied`1`vrn`S_A3`tt`2127`inu`0`hmn`1`rsp`false`bnr`0`iem``bci`S_BC2`hlc`3*a_31*11*2`i`3`0`46`cl`0`23`1`c`0`pt`5`sp`s_3_1_101_0`dm`5`w`0`n`44`pw`0`ph`0`ju`6`sq`3997`pan`5`mn`44`ibp`1`crf`8`sdy`0`h`0`iec`1`dft`5`ime`5`dmc`0`t`67`dn`530`fn`5`msz`32`14`0`imp`0`SWEField`s_3_1_101_0`SWENeedContext`true`SWER`0`SWESP`false`SWERowIds`SWERowId0=3-61EV8AO3`SWEMethod`NewQuery`SWECmd`InvokeMethod`SWEDIC`false`SWEReqRowId`0`SWEView`Order Entry - Line Items Detail View (Sales)`SWEC`63`SWEBID`-1`SRN`xK7T2pIB2ZOV15hwlQxQF5reKcoUB8VpMTZr7we8uAEb`SWEApplet`BT Order Entry - Line Item Form Applet`23`1`c`0`pt`5`sp`s_3_1_26_0`dm`5`w`0`n`45`pw`0`ph`0`ju`6`sq`3997`pan`5`mn`45`ibp`1`crf`8`sdy`0`h`0`iec`1`dft`5`ime`5`dmc`0`t`67`dn`392`fn`5`msz`32`14`0`imp`0`SWEField`s_3_1_26_0`SWENeedContext`true`SWER`0`SWESP`false`SWERowIds`SWERowId0=3-61EV8AO3`SWEMethod`ExecuteQuery`SWECmd`InvokeMethod`SWEDIC`false`SWEReqRowId`0`SWEView`Order Entry - Line Items Detail View (Sales)`SWEC`63`SWEBID`-1`SRN`xK7T2pIB2ZOV15hwlQxQF5reKcoUB8VpMTZr7we8uAEb`SWEApplet`BT Order Entry - Line Item Form Applet`23`1`c`0`pt`5`sp`s_3_1_23_0`dm`5`w`0`n`587`pw`0`ph`0`ju`6`sq`3997`pan`5`mn`43`ibp`1`crf`8`sdy`0`h`0`iec`1`dft`5`ime`5`dmc`0`t`67`dn`393`fn`5`msz`32`14`0`imp`0`SWEField`s_3_1_23_0`SWENeedContext`true`SWER`0`SWESP`false`SWERowIds`SWERowId0=3-61EV8AO3`SWEMethod`UndoQuery`SWECmd`InvokeMethod`SWEDIC`false`SWEReqRowId`0`SWEView`Order Entry - Line Items Detail View (Sales)`SWEC`63`SWEBID`-1`SRN`xK7T2pIB2ZOV15hwlQxQF5reKcoUB8VpMTZr7we8uAEb`SWEApplet`BT Order Entry - Line Item Form Applet`23`1`c`0`pt`5`sp`s_3_1_105_0`dm`7`w`0`n`2128`pw`0`ph`0`ju`6`sq`3997`pan`5`mn`1226`ibp`1`crf`8`sdy`0`h`0`iec`1`dft`5`ime`5`dmc`0`t`67`dn`1244`fn`5`msz`32`14`0`imp`0`SWEField`s_3_1_105_0`SWENeedContext`true`SWER`0`SWESP`false`SWERowIds`SWERowId0=3-61EV8AO3`SWEMethod`GoToSMART`SWECmd`InvokeMethod`SWEDIC`false`SWEReqRowId`0`SWEView`Order Entry - Line Items Detail View (Sales)`SWEC`63`SWEBID`-1`SRN`xK7T2pIB2ZOV15hwlQxQF5reKcoUB8VpMTZr7we8uAEb`SWEApplet`BT Order Entry - Line Item Form Applet`23`1`c`0`pt`5`sp`s_3_1_106_0`dm`7`w`0`n`2129`pw`0`ph`0`ju`6`sq`3997`pan`5`mn`2131`ibp`1`crf`8`sdy`0`h`0`iec`1`dft`5`ime`5`dmc`0`t`67`dn`2130`fn`5`msz`32`14`0`imp`0`SWEField`s_3_1_106_0`SWENeedContext`true`SWER`0`SWESP`false`SWERowIds`SWERowId0=3-61EV8AO3`SWEMethod`BTManageAppointment`SWECmd`InvokeMethod`SWEDIC`false`SWEReqRowId`0`SWEView`Order Entry - Line Items Detail View (Sales)`SWEC`63`SWEBID`-1`SRN`xK7T2pIB2ZOV15hwlQxQF5reKcoUB8VpMTZr7we8uAEb`SWEApplet`BT Order Entry - Line Item Form Applet`25`1`c`0`pt`5`sp`s_3_1_98_0`dm`5`w`0`n`39`eb`&lt;img src=&quot;images/rcnv_prv_1.gif&quot; border=&quot;0&quot; space=&quot;0&quot; hspace=&quot;0&quot; alt=&quot;Previous record&quot;  title=&quot;Previous record&quot; &gt;`pw`0`db`&lt;img src=&quot;images/rcnv_prv_0.gif&quot; border=&quot;0&quot; space=&quot;0&quot; hspace=&quot;0&quot; alt=&quot;Previous record&quot;  title=&quot;Previous record&quot; &gt;`ph`0`ju`6`sq`3997`pan`5`mn`39`ibp`1`crf`8`sdy`0`h`0`iec`1`dft`5`ime`5`dmc`0`t`67`dn`5`fn`5`msz`32`14`0`imp`0`SWEField`s_3_1_98_0`SWENeedContext`true`SWER`0`SWESP`false`SWERowIds`SWERowId0=3-61EV8AO3`SWEMethod`GotoPreviousSet`SWECmd`InvokeMethod`SWEDIC`false`SWEReqRowId`0`SWEView`Order Entry - Line Items Detail View (Sales)`SWEC`63`SWEBID`-1`SRN`xK7T2pIB2ZOV15hwlQxQF5reKcoUB8VpMTZr7we8uAEb`SWEApplet`BT Order Entry - Line Item Form Applet`25`1`c`0`pt`5`sp`s_3_1_96_0`dm`5`w`0`n`40`eb`&lt;img src=&quot;images/rcnv_nxt_1.gif&quot; border=&quot;0&quot; space=&quot;0&quot; hspace=&quot;0&quot; alt=&quot;Next Record&quot;  title=&quot;Next Record&quot; &gt;`pw`0`db`&lt;img src=&quot;images/rcnv_nxt_0.gif&quot; border=&quot;0&quot; space=&quot;0&quot; hspace=&quot;0&quot; alt=&quot;Next Record&quot;  title=&quot;Next Record&quot; &gt;`ph`0`ju`6`sq`3997`pan`5`mn`40`ibp`1`crf`8`sdy`0`h`0`iec`1`dft`5`ime`5`dmc`0`t`67`dn`5`fn`5`msz`32`14`0`imp`0`SWEField`s_3_1_96_0`SWENeedContext`true`SWER`0`SWESP`false`SWERowIds`SWERowId0=3-61EV8AO3`SWEMethod`GotoNextSet`SWECmd`InvokeMethod`SWEDIC`false`SWEReqRowId`0`SWEView`Order Entry - Line Items Detail View (Sales)`SWEC`63`SWEBID`-1`SRN`xK7T2pIB2ZOV15hwlQxQF5reKcoUB8VpMTZr7we8uAEb`SWEApplet`BT Order Entry - Line Item Form Applet`23`1`c`0`pt`5`sp`s_3_1_34_0`dm`7`w`0`n`64`pw`0`ph`0`ju`6`sq`3997`pan`5`mn`20`ibp`1`crf`8`sdy`0`h`0`iec`1`dft`5`ime`5`dmc`0`t`67`dn`652`fn`5`msz`32`18`0`imp`0`SWEField`s_3_1_34_0`SWENeedContext`true`SWER`0`SWESP`true`SWERowIds`SWERowId0=3-61EV8AO3`SWEMethod`ShowQueryAssistant`SWECmd`InvokeMethod`SWEH`100`SWEDIC`true`SWEReqRowId`0`SWEView`Order Entry - Line Items Detail View (Sales)`SWEC`63`SWEW`300`SWEM`Edit`SWEBID`-1`SRN`xK7T2pIB2ZOV15hwlQxQF5reKcoUB8VpMTZr7we8uAEb`SWETA`Query Assistant`SWEApplet`BT Order Entry - Line Item Form Applet`23`1`c`0`pt`5`sp`s_3_1_35_0`dm`5`w`0`n`317`pw`0`ph`0`ju`6`sq`3997`pan`5`mn`317`ibp`1`crf`8`sdy`0`h`0`iec`1`dft`5`ime`5`dmc`0`t`67`dn`383`fn`5`msz`32`14`0`imp`0`SWEField`s_3_1_35_0`SWENeedContext`true`SWER`0`SWESP`false`SWERowIds`SWERowId0=3-61EV8AO3`SWEMethod`SaveEditRecord`SWECmd`InvokeMethod`SWEDIC`false`SWEReqRowId`0`SWEView`Order Entry - Line Items Detail View (Sales)`SWEC`63`SWEBID`-1`SRN`xK7T2pIB2ZOV15hwlQxQF5reKcoUB8VpMTZr7we8uAEb`SWEApplet`BT Order Entry - Line Item Form Applet`25`1`c`0`pt`5`sp`s_3_1_44_0`dm`5`w`0`n`243`eb`&lt;img src=&quot;images/btn_more.gif&quot; border=&quot;0&quot; space=&quot;0&quot; hspace=&quot;0&quot; alt=&quot;Show more&quot;  title=&quot;Show more&quot; &gt;`pw`0`ph`0`ju`6`sq`3997`pan`5`icm`243`mn`243`ibp`1`crf`8`sdy`0`h`0`iec`1`dft`5`ime`5`dmc`0`t`10`dn`5`fn`5`msz`32`14`0`imp`0`SWEField`s_3_1_44_0`SWENeedContext`true`SWER`0`SWESP`false`SWERowIds`SWERowId0=3-61EV8AO3`SWEMethod`ToggleLayout`SWECmd`InvokeMethod`SWEDIC`false`SWEReqRowId`0`SWEView`Order Entry - Line Items Detail View (Sales)`SWEC`63`SWEBID`-1`SRN`xK7T2pIB2ZOV15hwlQxQF5reKcoUB8VpMTZr7we8uAEb`SWEApplet`BT Order Entry - Line Item Form Applet`23`0`c`0`pt`5`sp`s_3_1_81_0`dm`5`w`120`csq`1`n`2132`pw`0`ph`0`ju`6`sq`3002`pan`5`ibp`1`crf`8`sdy`0`h`24`iec`1`dft`5`ime`5`dmc`0`t`4`dn`1471`fn`824`msz`255`22`0`c`0`pt`5`sp`s_3_1_69_0`dm`7`w`120`n`2133`pw`0`ph`0`ju`6`sq`3004`pan`5`ibp`1`crf`8`sdy`0`h`24`iec`1`dft`637`ime`5`dmc`0`t`163`dn`1114`fn`1114`msz`255`23`0`c`0`pt`117`sp`s_3_1_120_0`dm`5`w`120`csq`1`n`115`pw`0`ph`0`ju`6`sq`3005`pan`5`ibp`1`crf`8`sdy`0`h`24`iec`1`dft`5`ime`5`dmc`0`t`116`dn`115`fn`115`msz`30`23`0`c`0`pt`5`sp`s_3_1_93_0`dm`7`w`120`csq`1`n`2134`pw`0`ph`0`ju`6`sq`3997`pan`5`ibp`1`crf`8`sdy`0`h`24`iec`1`dft`5`ime`5`dmc`0`t`4`dn`1976`fn`894`msz`30`25`0`c`0`pt`5`sp`s_3_1_91_0`dm`5`w`120`csq`1`n`140`pw`300`pat`Pick`ph`100`ju`6`sq`3008`ied`1`pan`5`ibp`1`crf`8`sdy`0`h`24`iec`1`dft`5`ime`5`dmc`0`t`4`dn`140`fn`140`msz`100`23`0`c`0`pt`5`sp`s_3_1_88_0`dm`7`w`120`csq`1`n`833`pw`0`ph`0`ju`6`sq`3997`pan`5`ibp`1`crf`8`sdy`0`h`24`iec`1`dft`5`ime`5`dmc`0`t`4`dn`2135`fn`833`msz`100`23`0`c`0`pt`5`sp`s_3_1_20_0`dm`7`w`120`csq`1`n`1491`pw`0`ph`0`ju`6`sq`3069`pan`5`ibp`1`crf`8`sdy`0`h`24`iec`1`dft`5`ime`5`dmc`0`t`116`dn`1969`fn`1491`msz`30`25`0`c`0`pt`5`sp`s_3_1_53_0`dm`7`w`120`csq`1`n`1153`pw`300`pat`Pick`ph`100`ju`6`sq`3997`ied`1`pan`5`ibp`1`crf`8`sdy`0`h`24`iec`1`dft`5`ime`5`dmc`0`t`4`dn`1153`fn`1153`msz`30`22`0`c`0`pt`5`sp`s_3_1_21_0`dm`7`w`128`n`2136`pw`0`ph`0`ju`6`sq`3069`pan`5`ibp`1`crf`8`sdy`0`h`24`iec`1`dft`5`ime`5`dmc`0`t`438`dn`2136`fn`2136`msz`1`22`0`c`0`pt`5`sp`s_3_1_22_0`dm`7`w`128`n`2137`pw`0`ph`0`ju`6`sq`3069`pan`5`ibp`1`crf`8`sdy`0`h`24`iec`1`dft`5`ime`5`dmc`0`t`438`dn`2137`fn`2137`msz`1`23`0`c`0`pt`5`sp`s_3_1_99_0`dm`7`w`16`csq`1`n`2138`pw`0`ph`0`ju`6`sq`3997`pan`5`ibp`1`crf`8`sdy`0`h`24`iec`1`dft`5`ime`5`dmc`0`t`438`dn`1940`fn`1940`msz`15`22`0`c`0`pt`5`sp`s_3_1_6_0`dm`7`w`456`n`2139`pw`0`ph`0`ju`6`sq`3068`pan`5`ibp`1`crf`8`sdy`0`h`32`iec`1`dft`5`ime`5`dmc`0`t`1700`dn`2140`fn`5`msz`32`22`0`c`0`pt`5`sp`s_3_1_9_0`dm`7`w`520`n`2141`pw`0`ph`0`ju`6`sq`3067`pan`5`ibp`1`crf`8`sdy`0`h`32`iec`1`dft`5`ime`5`dmc`0`t`1700`dn`2142`fn`5`msz`32`23`0`c`0`pt`5`sp`s_3_1_102_0`dm`5`w`120`n`2143`pw`0`ph`0`ju`6`sq`3003`pan`5`icm`387`ibp`1`crf`8`sdy`0`h`0`iec`1`dft`5`ime`5`dmc`0`t`92`dn`1622`fn`1539`msz`1`22`0`c`0`pt`5`sp`s_3_1_55_0`dm`7`w`120`n`2144`pw`0`ph`0`ju`6`sq`3006`pan`5`ibp`1`crf`8`sdy`0`h`24`iec`1`dft`637`ime`5`dmc`0`t`163`dn`1393`fn`1392`msz`255`23`0`c`0`pt`5`sp`s_3_1_25_0`dm`7`w`112`n`1507`pw`0`ph`0`ju`6`sq`3052`pan`5`icm`387`ibp`1`crf`8`sdy`0`h`24`iec`1`dft`5`ime`5`dmc`0`t`92`dn`2145`fn`1507`msz`1`22`0`c`0`pt`5`sp`s_3_1_8_0`dm`7`w`456`n`2146`pw`0`ph`0`ju`6`sq`3065`pan`5`ibp`1`crf`8`sdy`0`h`32`iec`1`dft`5`ime`5`dmc`0`t`1700`dn`2147`fn`5`msz`32`23`0`c`0`pt`5`sp`s_3_1_125_0`dm`5`w`112`csq`1`n`2148`pw`0`ph`0`ju`6`sq`3055`pan`5`ibp`1`crf`8`sdy`0`h`24`iec`1`dft`5`ime`5`dmc`0`t`4`dn`2149`fn`2150`msz`250`23`0`c`0`pt`5`sp`s_3_1_90_0`dm`5`w`120`csq`1`n`1936`pw`0`ph`0`ju`6`sq`3015`pan`5`ibp`1`crf`8`sdy`0`h`24`iec`1`dft`5`ime`5`dmc`0`t`4`dn`814`fn`1532`msz`30`25`0`c`0`pt`5`sp`s_3_1_61_0`dm`5`w`120`csq`1`n`2151`pw`300`pat`Pick`ph`100`ju`6`sq`3016`ied`1`pan`5`ibp`1`crf`8`sdy`0`h`24`iec`1`dft`5`ime`5`dmc`0`t`4`dn`1496`fn`1496`msz`100`24`0`c`0`pt`5`sp`s_3_1_72_0`dm`5`w`112`n`2152`pw`300`pat`Detail`ph`100`ju`6`sq`3047`ied`1`pan`5`ibp`1`crf`722`sdy`0`h`24`iec`1`dft`5`ime`5`dmc`0`t`102`dn`1328`fn`1462`msz`25`23`0`c`0`pt`5`sp`s_3_1_83_0`dm`7`w`120`csq`1`n`1931`pw`0`ph`0`ju`6`sq`3009`pan`5`ibp`1`crf`8`sdy`0`h`24`iec`1`dft`5`ime`5`dmc`0`t`4`dn`2153`fn`1526`msz`50`23`0`c`0`pt`5`sp`s_3_1_127_0`dm`5`w`120`csq`1`n`2154`pw`0`ph`0`ju`6`sq`3017`pan`5`ibp`1`crf`8`sdy`0`h`24`iec`1`dft`5`ime`5`dmc`0`t`4`dn`1564`fn`1564`msz`100`22`0`c`0`pt`5`sp`s_3_1_49_0`dm`7`w`112`n`2110`pw`0`ph`0`ju`6`sq`3997`pan`5`ibp`1`crf`722`sdy`0`h`24`iec`1`dft`5`ime`5`dmc`0`t`735`dn`2110`fn`1537`msz`25`23`0`c`0`pt`5`sp`s_3_1_59_0`dm`5`w`120`n`2155`pw`0`ph`0`ju`6`sq`3013`pan`5`icm`387`ibp`1`crf`8`sdy`0`h`0`iec`1`dft`5`ime`5`dmc`0`t`92`dn`1427`fn`141`msz`1`23`0`c`0`pt`5`sp`s_3_1_85_0`dm`7`w`112`csq`1`n`2156`pw`0`ph`0`ju`6`sq`3084`pan`5`ibp`1`crf`8`sdy`0`h`24`iec`1`dft`5`ime`5`dmc`0`t`4`dn`1528`fn`1528`msz`250`22`0`c`0`pt`5`sp`s_3_1_11_0`dm`7`w`456`n`2157`pw`0`ph`0`ju`6`sq`3066`pan`5`ibp`1`crf`8`sdy`0`h`32`iec`1`dft`5`ime`5`dmc`0`t`1700`dn`2158`fn`5`msz`32`22`0`c`0`pt`5`sp`s_3_1_10_0`dm`7`w`528`n`2159`pw`0`ph`0`ju`6`sq`3069`pan`5`ibp`1`crf`8`sdy`0`h`32`iec`1`dft`5`ime`5`dmc`0`t`1700`dn`1110`fn`5`msz`32`22`0`c`0`pt`5`sp`s_3_1_95_0`dm`5`w`120`n`2160`pw`0`ph`0`ju`6`sq`3048`pan`5`ibp`1`crf`8`sdy`0`h`24`iec`1`dft`5`ime`5`dmc`0`t`735`dn`1325`fn`1324`msz`16`23`0`c`0`pt`5`sp`s_3_1_112_0`dm`5`w`120`csq`1`n`2161`pw`0`ph`0`ju`6`sq`3032`pan`5`ibp`1`crf`8`sdy`0`h`24`iec`1`dft`5`ime`5`dmc`0`t`4`dn`2162`fn`1545`msz`50`22`0`c`0`pt`5`sp`s_3_1_36_0`dm`7`w`120`n`2163`pw`0`ph`0`ju`6`sq`3022`pan`5`ibp`1`crf`8`sdy`0`h`24`iec`1`dft`637`ime`5`dmc`0`t`97`dn`2164`fn`1540`msz`32`23`0`c`0`pt`5`sp`s_3_1_78_0`dm`5`w`192`csq`1`n`659`pw`0`ph`0`ju`6`sq`3060`pan`5`ibp`1`crf`8`sdy`0`h`24`iec`1`dft`5`ime`5`dmc`0`t`4`dn`2165`fn`659`msz`2000`25`0`c`0`pt`5`sp`s_3_1_118_0`dm`5`w`120`csq`1`n`2166`pw`300`pat`Pick`ph`100`ju`6`sq`3024`ied`1`pan`5`ibp`1`crf`8`sdy`0`h`24`iec`1`dft`5`ime`5`dmc`0`t`4`dn`2167`fn`1552`msz`100`23`0`c`0`pt`5`sp`s_3_1_60_0`dm`5`w`120`csq`1`n`2168`pw`0`ph`0`ju`6`sq`3030`pan`2170`ibp`1`crf`8`sdy`0`h`24`iec`1`dft`5`ime`5`dmc`0`t`116`dn`2169`fn`1493`msz`30`25`0`c`0`pt`5`sp`s_3_1_51_0`dm`5`w`120`csq`1`n`2171`pw`300`pat`Pick`ph`100`ju`6`sq`3038`ied`1`pan`5`ibp`1`crf`8`sdy`0`h`24`iec`1`dft`5`ime`5`dmc`0`t`4`dn`2172`fn`1195`msz`15`23`0`c`0`pt`5`sp`s_3_1_87_0`dm`5`w`120`csq`1`n`2173`pw`0`ph`0`ju`6`sq`3040`pan`2175`ibp`1`crf`8`sdy`0`h`24`iec`1`dft`5`ime`5`dmc`0`t`116`dn`2174`fn`1530`msz`30`1`0`cfm`0`DeleteRecord`IDS_SWE_DELETE_CONFIRM_WARNING`3`0`vanc`0`vsid`s_vctrl_div`vsos`3*124`vstp`vuc`1`0`aa`0`n`BT Order Entry - Line Item List Applet (Sales)`0`6`nci`0`1`0`SI`0`SX`7`0`46`PI`0`1`0`II`0`CP` All Orders`1`0`II`0`CP` All Orders this Week`1`0`II`0`CP`*Pending Manager Approval`1`0`II`0`CP`1MB - Cancelled Orders`1`0`II`0`CP`1MB - Completed Orders`1`0`II`0`CP`1MB - Failed Submission Orders`1`0`II`0`CP`1MB - Orders Since Yesterday`1`0`II`0`CP`1MB - Pending Orders`1`0`II`0`CP`1MB - Pending Orders Since Yesterday`1`0`II`0`CP`All  Sales Orders`1`0`II`0`CP`All Orders Today`1`0`II`0`CP`My Team&apos;s Quote&apos;s`1`0`II`0`CP`Number of Open Orders`1`0`II`0`CP`OPEN MANUAL SUBMISSION`1`0`II`0`CP`Open Sales Orders`1`0`II`0`CP`Open and Billing Setup Completed for &gt; 5Hrs`1`0`II`0`CP`Open and Billing Setup Completed for more than 5Hrs`1`0`II`0`CP`Open and Customer Setup Completed for &gt;5Hrs`1`0`II`0`CP`Open and Customer Setup Completed for more than 5Hrs`1`0`II`0`CP`Open and Submitted to OFS for &gt; 5Hrs`1`0`II`0`CP`Open and Submitted to OFS for more than 5Hrs`1`0`II`0`CP`Open_ActivationSubmitted&gt;5hours`1`0`II`0`CP`Open_ActivationonNetwork&gt;30min`1`0`II`0`CP`Open_AssetsetuponBilling&gt;30min`1`0`II`0`CP`Open_BillingSetupComplete&gt;30min`1`0`II`0`CP`Open_CustomerSetupComplete&gt;30min`1`0`II`0`CP`Open_SubmittedDispatchers&gt;3days at weekend`1`0`II`0`CP`Open_SubmittedtoProtect&gt;3days at weekend`1`0`II`0`CP`Orders with Credit Assignment Crediting Errors`1`0`II`0`CP`Orders with Credit Assignment System Errors`1`0`II`0`CP`PENDING AWAIT CUST OVER 30 DAYS`1`0`II`0`CP`PENDING AWAITING CUSTOMER`1`0`II`0`CP`PENDING CREDIT REFERRAL`1`0`II`0`CP`PENDING CREDIT REFERRAL TEMP`1`0`II`0`CP`PENDING CREDIT REFERRAL WEB`1`0`II`0`CP`PENDING_AWAITING_CUSTOMER`1`0`II`0`CP`PENDING_AWAITING_CUSTOMER_&gt;30DAY`1`0`II`0`CP`PENDING_CREDIT_REFERRAL`1`0`II`0`CP`Pending_Fulfillmentorder_14 Days`1`0`II`0`CP`Pending_Fulfillmentorders_21days`1`0`II`0`CP`Pending_Fulfillmentorders_7days`1`0`II`0`CP`Pending_Validated_&gt;1 hour`1`0`II`0`CP`REFERRAL DECISION MADE`1`0`II`0`CP`REFERRAL DECISION MADE TEMP`1`0`II`0`CP`REFERRAL_DECISION_MADE`1`0`II`0`CP`SWLS`0`2`VI`0`2`0`II`0`CP`1576`VN`1575`2`0`II`0`CP`1578`VN`1577`1`1`AI`0`SX`0`2`0`II`0`CP`105`VN`1575`1`17`DI`0`SX`1`2`0`II`0`CP`1580`VN`1579`2`0`II`0`CP`639`VN`1581`2`0`II`0`CP`1583`VN`1582`2`0`II`0`CP`1585`VN`1584`2`0`II`0`CP`1064`VN`1586`2`0`II`0`CP`1588`VN`1587`2`0`II`0`CP`1590`VN`1589`2`0`II`0`CP`1592`VN`1591`2`0`II`0`CP`1594`VN`1593`2`0`II`0`CP`1596`VN`1595`2`0`II`0`CP`1598`VN`1597`2`0`II`0`CP`1600`VN`1599`2`0`II`0`CP`1602`VN`1601`2`0`II`0`CP`1604`VN`1603`2`0`II`0`CP`1606`VN`1605`2`0`II`0`CP`1608`VN`1607`2`0`II`0`CP`1610`VN`1609`1`9`SDI`0`SX`0`2`0`II`0`CP`2231`VN`1581`2`0`II`0`CP`651`VN`2232`2`0`II`0`CP`2234`VN`2233`2`0`II`0`CP`1592`VN`2235`2`0`II`0`CP`2237`VN`2236`2`0`II`0`CP`2239`VN`2238`2`0`II`0`CP`2241`VN`2240`2`0`II`0`CP`2243`VN`2242`2`0`II`0`CP`2245`VN`2244`2`0`hui`0`n`Order Line Items Detail: VOL013-473260748547`hnact`top._swe._sweapp.S_App.GotoView(&amp;quot;Order Entry - Line Items Detail View (Sales\)&amp;quot;, &amp;quot;&amp;quot;, &amp;quot;/ecommunications_enu_nsm_aps05524a027/start.swe?SWENeedContext=false&amp;amp;SWECmd=GotoBookmarkView&amp;amp;SWEBMC=63&amp;amp;SWEC=63&amp;amp;SRN=xK7T2pIB2ZOV15hwlQxQF5reKcoUB8VpMTZr7we8uAEb&amp;quot;, top._sweclient._swecontent._sweview)`1`7`Command Manager`0`RefreshToolbar`true`7`0`StateToolBar`0`#35`true`#36`true`#17`true`#34`true`#8`false`#37`true`#38`true`0`1`StateExToolBar`0`1`0`#35`0`Checked`false`0`3`FlagsToolBar`0`3`0`#8`0`SWESP`true`SWEH`0`SWEW`0`3`0`#34`0`SWESP`true`SWEH`600`SWEW`800`3`0`#36`0`SWESP`true`SWEH`20`SWEW`380`3`0`State`0`#27`false`#26`false`#28`false`0`3`StateEx`0`0`0`#26`0`0`0`#27`0`1`0`#28`0`Checked`false`0`0`Flags`0`0`2`Accelerators`0`0`2`BT Order Entry - Line Item List Applet (Sales)`0`2`0``0`Command``class`#FL`2`0``0`Command``class`#F`0`1`BT Order Entry - Line Item Form Applet`0`2`0``0`Command``class`#F`</responseData>
  <responseFile class="java.lang.String"></responseFile>
  <cookies class="java.lang.String">_sn=GXmoeGkdwh1O45lrH7mMIZnLMWvqHkVWiQKqDOICOq1fi95anXYMaCRAX879ujDRD9kS4J75N4kGDX576Q2AKmwZPUBih-4NS80Pc1189OxasEbdAsHiEtIhcnCzZ0zWb5V6QpVraL0TTGU4ktkGZq374g8C0pUBRhKVASKeW21TgUW5eIkswq97I-.qG-kr; _srn=_srn; SWEUAID=SWEUAID</cookies>
  <method class="java.lang.String">POST</method>
  <queryString class="java.lang.String">SWEC=62&amp;SWEScrollTop=3*124&amp;SWERPC=1&amp;SWENeedContext=false&amp;SWEActiveApplet=Sales+Order+Catalog+Product+List+Applet+-+Add+to+Cart&amp;SWEView=Order+Entry+-+Line+Items+Detail+View+%28Sales%29&amp;SWECmd=GotoView&amp;SRN=xK7T2pIB2ZOV15hwlQxQF5reKcoUB8VpMTZr7we8uAEb&amp;SWEScrollId=s_vctrl_div&amp;SWEKeepContext=1&amp;SWEActiveView=Sales+Order-Browse+Catalog+Category+Details+View+-+Add+to+Cart</queryString>
  <java.net.URL>http://localhost:8080/ecommunications_enu_nsm_aps05524a027/start.swe</java.net.URL>
</httpSample>
<httpSample t="{{\d+}}" it="0" lt="{{\d+}}" ct="{{\d+}}" ts="{{\d+}}" s="true" lb="{{\d+}} /ecommunications_enu_nsm_aps05524a027/start.swe" rc="200" rm="OK" tn="Thread Group 1-1" dt="text" de="utf-8" by="4329" sby="1194" sc="1" ec="0" ng="1" na="1" hn="{{.*?}}">
  <responseHeader class="java.lang.String">HTTP/1.1 200 OK
Connection: close
Server: Oracle-iPlanet-Web-Server/7.0
Date: Tue, 23 Jun 2020 13:04:37 GMT
Content-Language: en
Cache-Control: no-cache
Content-Type: text/html;charset=utf-8
Matched-Stub-Id: {{\w+-\w+-\w+-\w+-\w+}}
Vary: Accept-Encoding, User-Agent
Content-Encoding: gzip
</responseHeader>
  <requestHeader class="java.lang.String">Connection: close
Referer: http://localhost:8080/ecommunications_enu_nsm_aps05524a027/start.swe?SWENeedContext=false&amp;SWECmd=GetCachedFrame&amp;SWEACn=23534&amp;SWEC=3&amp;SWEFrame=top._sweclient._swecontent._sweview&amp;SWEBID=-1&amp;SRN=xK7T2pIB2ZOV15hwlQxQF5reKcoUB8VpMTZr7we8uAEb&amp;SWETS=
Accept-Language: en-GB
DNT: 1
Accept-Encoding: gzip, deflate
Accept: image/jpeg, application/x-ms-application, image/gif, application/xaml+xml, image/pjpeg, application/x-ms-xbap, */*
User-Agent: Mozilla/4.0 (compatible; MSIE 7.0; Windows NT 6.3; WOW64; Trident/7.0; .NET4.0E; .NET4.0C; .NET CLR 3.5.30729; .NET CLR 2.0.50727; .NET CLR 3.0.30729)
Host: localhost:8080
</requestHeader>
  <responseData class="java.lang.String">&lt;HTML &gt;&lt;head&gt;&lt;meta HTTP-EQUIV=&quot;Pragma&quot; CONTENT=&quot;no-cache&quot;&gt;
&lt;title&gt;Order Line Items Detail&lt;/title&gt;&lt;link href=&quot;files/main.css&quot; rel=&quot;stylesheet&quot;/&gt;
&lt;script language=&quot;javascript&quot; src=&quot;23048/scripts/swecommon.js&quot;&gt;&lt;/script&gt; 
&lt;script language=&quot;javascript&quot; src=&quot;23048/scripts/swecmn_hi.js&quot;&gt;&lt;/script&gt; 
&lt;/head&gt;&lt;body leftmargin=&quot;8&quot; topmargin=&quot;2&quot; marginwidth=&quot;20&quot; marginheight=&quot;2&quot; class=&quot;ScreenBack&quot;&gt;&lt;script&gt;
if(typeof(top._swescript)!=&apos;undefined&apos;&amp;&amp;top._swescript!=null) top._swescript.InitFrame(this);&lt;/script&gt;
&lt;table datatable=&quot;0&quot; summary=&quot;&quot; border=&quot;0&quot; cellspacing=&quot;0&quot; cellpadding=&quot;1&quot; width=&quot;100%&quot;&gt;&lt;tr&gt;&lt;/tr&gt;&lt;/table&gt;&lt;a name=&quot;SWEApplet1&quot; id=&quot;SWEApplet1&quot; href=&quot;#SWEApplet1&quot; title=&quot;Sales Order&quot;&gt;&lt;/a&gt;
&lt;div id=&apos;s_S_A1_div&apos;oncontextmenu=&apos;HandleContextMenu(&quot;BT Order Entry - Order Form Applet Dashboard (Sales\)&quot;)&apos; onclick=&apos;HandleAppletClick(&quot;BT Order Entry - Order Form Applet Dashboard (Sales\)&quot;)&apos;&gt;
&lt;a id=&quot;SWETopHidden1&quot; href=&quot;javascript:void(0);&quot; tabindex=&quot;1000&quot;&gt;&lt;/a&gt;&lt;table datatable=&quot;0&quot; summary=&quot;&quot; cellpadding=&quot;0&quot; cellspacing=&quot;0&quot; border=&quot;0&quot;&gt;&lt;tr&gt;&lt;td&gt;&lt;img src=&quot;images/spacer.gif&quot; width=&quot;1&quot; height=&quot;3&quot; alt=&quot;&quot;&gt;&lt;/td&gt;&lt;/tr&gt;&lt;/table&gt;&lt;form name=&quot;SWEForm1_0&quot; method=&quot;post&quot; action=&quot;/ecommunications_enu_nsm_aps05524a027/start.swe&quot; onSubmit=&quot;return false;&quot; &gt;
&lt;div class=&quot;NotSelected&quot; id=&quot;a_1&quot;&gt;&lt;table datatable=&quot;0&quot; summary=&quot;&quot; width=&quot;100%&quot; cellpadding=&quot;0&quot; cellspacing=&quot;0&quot; border=&quot;0&quot; align=&quot;center&quot; class=&quot;AppletBack&quot;&gt;&lt;tr&gt;&lt;td class=&quot;AppletHIFormBorder&quot;&gt;&lt;span class=&quot;AppletStyleParent77&quot;&gt;&lt;table datatable=&quot;0&quot; summary=&quot;&quot; width=&quot;100%&quot; cellspacing=&quot;0&quot; cellpadding=&quot;2&quot; border=&quot;0&quot; align=&quot;center&quot;&gt;&lt;tr class=&quot;AppletButtons&quot;&gt;&lt;td nowrap width=&quot;100%&quot; class=&quot;AppletTitle&quot;&gt;&amp;nbsp;Sales Order&lt;/td&gt;&lt;td nowrap valign=&quot;absmiddle&quot; class=&quot;legend&quot;&gt;&lt;/td&gt;&lt;td width=&quot;100%&quot;&gt;&amp;nbsp;&lt;img src=&quot;images/btn_div_gray.gif&quot; height=&quot;13&quot; align=&quot;middle&quot; alt=&quot;&quot;&gt;&amp;nbsp;&lt;/td&gt;&lt;td valign=&quot;middle&quot; nowrap&gt;&lt;span id=&apos;SWEApplet1_ctrlmsg&apos;&gt;&lt;/span&gt;&lt;/td&gt;&lt;td class=&quot;AppletTitle&quot; valign=&quot;middle&quot; nowrap&gt;&lt;span id=s_1_1_177_0&gt;&amp;nbsp;&lt;/span&gt;&lt;/td&gt;&lt;td class=&quot;AppletTitle&quot; valign=&quot;middle&quot; nowrap&gt;&amp;nbsp;&lt;span id=s_1_rc&gt;&lt;/span&gt;&amp;nbsp;&lt;/td&gt;&lt;td class=&quot;AppletTitle&quot; valign=&quot;middle&quot; nowrap&gt;&lt;span id=s_1_1_175_0&gt;&amp;nbsp;&lt;/span&gt;&lt;/td&gt;&lt;td valign=&quot;middle&quot; nowrap&gt;&lt;span id=s_1_1_196_0&gt;&amp;nbsp;&lt;/span&gt;&lt;/td&gt;&lt;td valign=&quot;middle&quot; nowrap&gt;&lt;span id=s_1_1_129_0&gt;&amp;nbsp;&lt;/span&gt;&lt;/td&gt;&lt;td valign=&quot;top&quot; align=&quot;right&quot;&gt;&lt;/td&gt;&lt;/tr&gt;&lt;/table&gt;&lt;table datatable=&quot;0&quot; summary=&quot;&quot; class=&quot;AppletBackTable&quot; width=&quot;100%&quot; cellspacing=&quot;0&quot; cellpadding=&quot;2&quot; align=&quot;center&quot;&gt;&lt;tr class=&quot;AppletBack&quot; align=&quot;left&quot;&gt;&lt;td nowrap class=&quot;AppletMenu&quot;&gt;&lt;span class=&quot;miniBtnUICTop&quot;&gt;&lt;span class=&quot;miniBtnUIC&quot;&gt;&lt;a id=&apos;s_at_m_1&apos; href=&quot;javascript:void(0)&quot; onclick=&quot;window.event.cancelBubble=true; _JMenu_Initialize(this, &apos;BT Order Entry - Order Form Applet Dashboard (Sales\)&apos;, &apos;Applet&apos;, s_at_m_1Ax, 0, false); return false;&quot; onmouseover=&quot;MinibtnHover(this.parentNode)&quot; onmouseout=&quot;MinibtnOut(this.parentNode)&quot; onmousedown=&quot;MinibtnDown(this.parentNode)&quot; onmouseup=&quot;MinibtnUp(this.parentNode)&quot; &gt;Menu&amp;nbsp;&lt;img border=&quot;0&quot; src=&quot;images/img_arrow.gif&quot; align=&quot;center&quot;&gt;&lt;/a&gt;&lt;/span&gt;&lt;/span&gt;&lt;object id= &quot;s_at_m_1Ax&quot; CLASSID=&quot;CLSID:9174862b-ac3b-4f9f-abc9-a0a3c9fd95d4&quot; codebase=&quot;23048/applets/SiebelAx_HI_Client.cab&quot; width=0 height = 0&gt;&lt;/object&gt;&lt;/td&gt;&lt;td&gt;&lt;img height=1 alt=&quot;&quot; src=&quot;images/spacer.gif&quot; width=4&gt;&lt;/td&gt;&lt;td&gt;&lt;img src=&quot;images/btn_div_gray.gif&quot; height=&quot;13&quot; align=&quot;middle&quot; alt=&quot;&quot;&gt;&lt;/td&gt;&lt;td&gt;&lt;img src=&quot;images/spacer.gif&quot; width=&quot;4&quot; height=&quot;1&quot; alt=&quot;&quot;&gt;&lt;/td&gt;&lt;td nowrap&gt;&lt;span id=s_1_1_178_0&gt;&amp;nbsp;&lt;/span&gt;&lt;/td&gt;&lt;td nowrap&gt;&lt;span id=s_1_1_101_0&gt;&amp;nbsp;&lt;/span&gt;&lt;/td&gt;&lt;td nowrap&gt;&lt;span id=s_1_1_94_0&gt;&amp;nbsp;&lt;/span&gt;&lt;/td&gt;&lt;td nowrap&gt;&lt;span id=s_1_1_120_0&gt;&amp;nbsp;&lt;/span&gt;&lt;/td&gt;&lt;td nowrap&gt;&lt;span id=s_1_1_173_0&gt;&amp;nbsp;&lt;/span&gt;&lt;/td&gt;&lt;td nowrap&gt;&lt;span id=s_1_1_11_0&gt;&amp;nbsp;&lt;/span&gt;&lt;/td&gt;&lt;td nowrap&gt;&lt;span id=s_1_1_66_0&gt;&amp;nbsp;&lt;/span&gt;&lt;/td&gt;&lt;td nowrap&gt;&lt;span id=s_1_1_15_0&gt;&amp;nbsp;&lt;/span&gt;&lt;/td&gt;&lt;td nowrap&gt;&lt;span id=s_1_1_43_0&gt;&amp;nbsp;&lt;/span&gt;&lt;/td&gt;&lt;td nowrap&gt;&lt;span id=s_1_1_198_0&gt;&amp;nbsp;&lt;/span&gt;&lt;/td&gt;&lt;td nowrap&gt;&lt;span id=s_1_1_0_0&gt;&amp;nbsp;&lt;/span&gt;&lt;/td&gt;&lt;td nowrap&gt;&lt;span id=s_1_1_165_0&gt;&amp;nbsp;&lt;/span&gt;&lt;/td&gt;&lt;td nowrap&gt;&lt;span id=s_1_1_4_0&gt;&amp;nbsp;&lt;/span&gt;&lt;/td&gt;&lt;td nowrap&gt;&lt;span id=s_1_1_47_0&gt;&amp;nbsp;&lt;/span&gt;&lt;/td&gt;&lt;td nowrap&gt;&lt;span id=s_1_1_38_0&gt;&amp;nbsp;&lt;/span&gt;&lt;/td&gt;&lt;td nowrap&gt;&lt;span id=s_1_1_62_0&gt;&amp;nbsp;&lt;/span&gt;&lt;/td&gt;&lt;td nowrap&gt;&lt;span id=s_1_1_91_0&gt;&amp;nbsp;&lt;/span&gt;&lt;/td&gt;&lt;td nowrap&gt;&lt;span id=s_1_1_61_0&gt;&amp;nbsp;&lt;/span&gt;&lt;/td&gt;&lt;td nowrap&gt;&lt;span id=s_1_1_199_0&gt;&amp;nbsp;&lt;/span&gt;&lt;/td&gt;&lt;td valign=&quot;middle&quot;&gt;&lt;img src=&quot;images/btn_div_gray.gif&quot; height=&quot;13&quot; align=&quot;middle&quot; alt=&quot;&quot;&gt;&lt;/td&gt;&lt;td valign=&quot;middle&quot; nowrap&gt;&lt;span id=s_1_1_3_0&gt;&amp;nbsp;&lt;/span&gt;&lt;/td&gt;&lt;td&gt;&amp;nbsp;&lt;/td&gt;&lt;td&gt;&lt;table datatable=&quot;0&quot; summary=&quot;&quot; width=&quot;100%&quot; valign=&quot;top&quot; align=&quot;center&quot; cellpadding=&apos;0&apos; cellspacing=&apos;0&apos; border=&apos;0&apos;&gt;&lt;/table&gt;&lt;/td&gt;&lt;td class=&quot;mceGridLabel&quot; align=&quot;left&quot; width=&quot;100%&quot; nowrap&gt;&amp;nbsp;&lt;b&gt;&lt;span id=1_msg&gt;&lt;/span&gt;&lt;/b&gt;&lt;/td&gt;&lt;/tr&gt;&lt;/table&gt;&lt;table datatable=&quot;0&quot; summary=&quot;&quot; class=&quot;AppletBackTable&quot; width=&quot;100%&quot; cellspacing=&quot;0&quot; cellpadding=&quot;0&quot; align=&quot;center&quot;&gt;&lt;tr class=&quot;AppletBack&quot;&gt;&lt;td class=&quot;AppletBack&quot;&gt;&lt;img src=&quot;images/spacer.gif&quot; height=&quot;1&quot; width=&quot;1&quot; alt=&quot;&quot;&gt;&lt;/td&gt;&lt;td class=&quot;AppletBlank&quot; width=&quot;100%&quot;&gt;&lt;img src=&quot;images/spacer.gif&quot; height=&quot;1&quot; width=&quot;1&quot; alt=&quot;&quot;&gt;&lt;/td&gt;&lt;/tr&gt;&lt;/table&gt;&lt;span id=1_c_err style=&quot;display: none;&quot;&gt;&lt;table datatable=&quot;0&quot; summary=&quot;&quot; class=&quot;AppletBack&quot; width=&quot;100%&quot; cellpadding=&quot;0&quot; cellspacing=&quot;5&quot; border=&quot;0&quot;&gt;&lt;tr&gt;&lt;td class=&quot;error&quot;&gt;&lt;/td&gt;&lt;/tr&gt;&lt;/table&gt;&lt;/span&gt;&lt;div class=&quot;NotSelected&quot; id=&quot;a_1&quot;&gt;&lt;div align=left style=&quot;width:100%;&quot; class=&quot;GridBorder&quot;&gt;&lt;table class=&quot;GridBack&quot; border=0 cellspacing=0 cellpadding=0&gt;&lt;tr&gt;&lt;td&gt;&lt;/td&gt;&lt;td style=&quot;width:8px;&quot;&gt;&lt;/td&gt;&lt;td style=&quot;width:88px;&quot;&gt;&lt;/td&gt;&lt;td style=&quot;width:24px;&quot;&gt;&lt;/td&gt;&lt;td style=&quot;width:8px;&quot;&gt;&lt;/td&gt;&lt;td style=&quot;width:8px;&quot;&gt;&lt;/td&gt;&lt;td style=&quot;width:128px;&quot;&gt;&lt;/td&gt;&lt;td style=&quot;width:8px;&quot;&gt;&lt;/td&gt;&lt;td style=&quot;width:8px;&quot;&gt;&lt;/td&gt;&lt;td style=&quot;width:64px;&quot;&gt;&lt;/td&gt;&lt;td style=&quot;width:32px;&quot;&gt;&lt;/td&gt;&lt;td style=&quot;width:40px;&quot;&gt;&lt;/td&gt;&lt;td style=&quot;width:8px;&quot;&gt;&lt;/td&gt;&lt;td style=&quot;width:64px;&quot;&gt;&lt;/td&gt;&lt;td style=&quot;width:8px;&quot;&gt;&lt;/td&gt;&lt;td style=&quot;width:24px;&quot;&gt;&lt;/td&gt;&lt;td style=&quot;width:96px;&quot;&gt;&lt;/td&gt;&lt;td style=&quot;width:32px;&quot;&gt;&lt;/td&gt;&lt;td style=&quot;width:8px;&quot;&gt;&lt;/td&gt;&lt;td style=&quot;width:72px;&quot;&gt;&lt;/td&gt;&lt;td style=&quot;width:8px;&quot;&gt;&lt;/td&gt;&lt;td style=&quot;width:8px;&quot;&gt;&lt;/td&gt;&lt;td style=&quot;width:8px;&quot;&gt;&lt;/td&gt;&lt;td style=&quot;width:16px;&quot;&gt;&lt;/td&gt;&lt;td style=&quot;width:8px;&quot;&gt;&lt;/td&gt;&lt;td style=&quot;width:80px;&quot;&gt;&lt;/td&gt;&lt;td style=&quot;width:40px;&quot;&gt;&lt;/td&gt;&lt;td style=&quot;width:8px;&quot;&gt;&lt;/td&gt;&lt;td style=&quot;width:32px;&quot;&gt;&lt;/td&gt;&lt;td style=&quot;width:8px;&quot;&gt;&lt;/td&gt;&lt;td style=&quot;width:24px;&quot;&gt;&lt;/td&gt;&lt;td style=&quot;width:8px;&quot;&gt;&lt;/td&gt;&lt;td style=&quot;width:40px;&quot;&gt;&lt;/td&gt;&lt;td style=&quot;width:72px;&quot;&gt;&lt;/td&gt;&lt;td style=&quot;width:8px;&quot;&gt;&lt;/td&gt;&lt;/tr&gt;&lt;tr&gt;&lt;td style=&quot;height:24;&quot;&gt;&lt;/td&gt;&lt;td nowrap valign=middle colSpan=2 rowSpan=1&gt;&lt;div class=&quot;mceGridLabel&quot; align=&quot;Right&quot;&gt;&amp;nbsp;Order #:&lt;img src=&quot;images/icon_req.gif&quot; border=&quot;0&quot; space=&quot;0&quot; hspace=&quot;0&quot; alt=&quot;Required&quot;  title=&quot;Required&quot; &gt;&lt;/img&gt;&lt;/div&gt;&lt;/td&gt;&lt;td nowrap valign=middle colSpan=4 rowSpan=1&gt;&lt;div class=&quot;mceGridField&quot;&gt;&lt;script&gt;SWEWriteObjectTag(this,&apos;&lt;object id=s_1_1_136_0 CLASSID=&quot;CLSID:1cb4ef94-8549-471a-b73f-54ff5c244212&quot; HEIGHT=24 WIDTH=168&gt;&lt;/object&gt;&apos;);&lt;/script&gt;&lt;/div&gt;&lt;/td&gt;&lt;td rowSpan=12 colSpan=1&gt;&lt;/td&gt;&lt;td nowrap valign=middle colSpan=3 rowSpan=1&gt;&lt;div class=&quot;mceGridLabel&quot; align=&quot;Right&quot;&gt;&amp;nbsp;Customer:&lt;/div&gt;&lt;/td&gt;&lt;td nowrap valign=middle colSpan=3 rowSpan=1&gt;&lt;div class=&quot;mceGridField&quot;&gt;&lt;script&gt;SWEWriteObjectTag(this,&apos;&lt;object id=s_1_1_143_0 CLASSID=&quot;CLSID:1cb4ef94-8549-471a-b73f-54ff5c244212&quot; HEIGHT=24 WIDTH=112&gt;&lt;/object&gt;&apos;);&lt;/script&gt;&lt;/div&gt;&lt;/td&gt;&lt;td rowSpan=1 colSpan=2&gt;&lt;/td&gt;&lt;td nowrap valign=middle colSpan=1 rowSpan=1&gt;&lt;div class=&quot;mceGridField&quot;&gt;&lt;div align=&quot;right&quot;&gt;Billing Account Number:&lt;/div&gt;&lt;/td&gt;&lt;td nowrap valign=middle colSpan=5 rowSpan=1&gt;&lt;div class=&quot;mceGridField&quot;&gt;&lt;script&gt;SWEWriteObjectTag(this,&apos;&lt;object id=s_1_1_97_0 CLASSID=&quot;CLSID:1cb4ef94-8549-471a-b73f-54ff5c244212&quot; HEIGHT=24 WIDTH=128&gt;&lt;/object&gt;&apos;);&lt;/script&gt;&lt;/div&gt;&lt;/td&gt;&lt;td rowSpan=5 colSpan=1&gt;&lt;/td&gt;&lt;td nowrap valign=middle colSpan=3 rowSpan=1&gt;&lt;div class=&quot;mceGridLabel&quot; align=&quot;Right&quot;&gt;&amp;nbsp;Created By:&lt;/div&gt;&lt;/td&gt;&lt;td nowrap valign=middle colSpan=5 rowSpan=1&gt;&lt;div class=&quot;mceGridField&quot;&gt;&lt;script&gt;SWEWriteObjectTag(this,&apos;&lt;object id=s_1_1_162_0 CLASSID=&quot;CLSID:1cb4ef94-8549-471a-b73f-54ff5c244212&quot; HEIGHT=24 WIDTH=112&gt;&lt;/object&gt;&apos;);&lt;/script&gt;&lt;/div&gt;&lt;/td&gt;&lt;td rowSpan=12 colSpan=1&gt;&lt;/td&gt;&lt;td nowrap valign=middle colSpan=3 rowSpan=1&gt;&lt;div class=&quot;mceGridField&quot;&gt;&lt;span style=display:none; id=s_1_1_45_0_s&gt;&amp;nbsp;&lt;/span&gt;&lt;script&gt;SWEWriteObjectTag(this,&apos;&lt;object id=s_1_1_45_0 CLASSID=&quot;CLSID:1cb4ef94-8549-471a-b73f-54ff5c244212&quot; HEIGHT=24 WIDTH=120&gt;&lt;/object&gt;&apos;);&lt;/script&gt;&lt;/div&gt;&lt;/td&gt;&lt;/tr&gt;&lt;tr&gt;&lt;td style=&quot;height:8;&quot;&gt;&lt;/td&gt;&lt;td nowrap valign=middle colSpan=2 rowSpan=2&gt;&lt;div class=&quot;mceGridLabel&quot; align=&quot;Right&quot;&gt;&amp;nbsp;Status:&lt;img src=&quot;images/icon_req.gif&quot; border=&quot;0&quot; space=&quot;0&quot; hspace=&quot;0&quot; alt=&quot;Required&quot;  title=&quot;Required&quot; &gt;&lt;/img&gt;&lt;/div&gt;&lt;/td&gt;&lt;td nowrap valign=middle colSpan=4 rowSpan=2&gt;&lt;div class=&quot;mceGridField&quot;&gt;&lt;script&gt;SWEWriteObjectTag(this,&apos;&lt;object id=s_1_1_140_0 CLASSID=&quot;CLSID:1cb4ef94-8549-471a-b73f-54ff5c244212&quot; HEIGHT=24 WIDTH=168&gt;&lt;/object&gt;&apos;);&lt;/script&gt;&lt;/div&gt;&lt;/td&gt;&lt;td nowrap valign=middle colSpan=3 rowSpan=2&gt;&lt;div class=&quot;mceGridLabel&quot; align=&quot;Right&quot;&gt;&amp;nbsp;Legal Entity:&lt;/div&gt;&lt;/td&gt;&lt;td nowrap valign=middle colSpan=3 rowSpan=2&gt;&lt;div class=&quot;mceGridField&quot;&gt;&lt;script&gt;SWEWriteObjectTag(this,&apos;&lt;object id=s_1_1_73_0 CLASSID=&quot;CLSID:1cb4ef94-8549-471a-b73f-54ff5c244212&quot; HEIGHT=24 WIDTH=112&gt;&lt;/object&gt;&apos;);&lt;/script&gt;&lt;/div&gt;&lt;/td&gt;&lt;td nowrap valign=middle colSpan=3 rowSpan=2&gt;&lt;div class=&quot;mceGridLabel&quot; align=&quot;Right&quot;&gt;&amp;nbsp;Customer Requested Date:&lt;/div&gt;&lt;/td&gt;&lt;td nowrap valign=middle colSpan=5 rowSpan=2&gt;&lt;div class=&quot;mceGridField&quot;&gt;&lt;script&gt;SWEWriteObjectTag(this,&apos;&lt;object id=s_1_1_187_0 CLASSID=&quot;CLSID:1cb4ef94-8549-471a-b73f-54ff5c244212&quot; HEIGHT=24 WIDTH=128&gt;&lt;/object&gt;&apos;);&lt;/script&gt;&lt;/div&gt;&lt;/td&gt;&lt;td nowrap valign=middle colSpan=3 rowSpan=2&gt;&lt;div class=&quot;mceGridLabel&quot; align=&quot;Right&quot;&gt;&amp;nbsp;Dealer Channel:&lt;/div&gt;&lt;/td&gt;&lt;td nowrap valign=middle colSpan=5 rowSpan=2&gt;&lt;div class=&quot;mceGridField&quot;&gt;&lt;script&gt;SWEWriteObjectTag(this,&apos;&lt;object id=s_1_1_58_0 CLASSID=&quot;CLSID:1cb4ef94-8549-471a-b73f-54ff5c244212&quot; HEIGHT=24 WIDTH=112&gt;&lt;/object&gt;&apos;);&lt;/script&gt;&lt;/div&gt;&lt;/td&gt;&lt;td rowSpan=1 colSpan=3&gt;&lt;/td&gt;&lt;/tr&gt;&lt;tr&gt;&lt;td style=&quot;height:16;&quot;&gt;&lt;/td&gt;&lt;td nowrap valign=middle colSpan=3 rowSpan=2&gt;&lt;div class=&quot;mceGridField&quot;&gt;&lt;span id=s_1_1_27_0&gt;&amp;nbsp;&lt;/span&gt;&lt;/div&gt;&lt;/td&gt;&lt;/tr&gt;&lt;tr&gt;&lt;td style=&quot;height:8;&quot;&gt;&lt;/td&gt;&lt;td nowrap valign=middle colSpan=2 rowSpan=2&gt;&lt;div class=&quot;mceGridLabel&quot; align=&quot;Right&quot;&gt;&amp;nbsp;Sub-Status:&lt;/div&gt;&lt;/td&gt;&lt;td nowrap valign=middle colSpan=4 rowSpan=2&gt;&lt;div class=&quot;mceGridField&quot;&gt;&lt;script&gt;SWEWriteObjectTag(this,&apos;&lt;object id=s_1_1_125_0 CLASSID=&quot;CLSID:1cb4ef94-8549-471a-b73f-54ff5c244212&quot; HEIGHT=24 WIDTH=168&gt;&lt;/object&gt;&apos;);&lt;/script&gt;&lt;/div&gt;&lt;/td&gt;&lt;td nowrap valign=middle colSpan=3 rowSpan=2&gt;&lt;div class=&quot;mceGridLabel&quot; align=&quot;Right&quot;&gt;&amp;nbsp;First Name:&lt;/div&gt;&lt;/td&gt;&lt;td nowrap valign=middle colSpan=3 rowSpan=2&gt;&lt;div class=&quot;mceGridField&quot;&gt;&lt;script&gt;SWEWriteObjectTag(this,&apos;&lt;object id=s_1_1_183_0 CLASSID=&quot;CLSID:1cb4ef94-8549-471a-b73f-54ff5c244212&quot; HEIGHT=24 WIDTH=112&gt;&lt;/object&gt;&apos;);&lt;/script&gt;&lt;/div&gt;&lt;/td&gt;&lt;td nowrap valign=middle colSpan=3 rowSpan=2&gt;&lt;div class=&quot;mceGridLabel&quot; align=&quot;Right&quot;&gt;&amp;nbsp;Order Fulfilment Date:&lt;/div&gt;&lt;/td&gt;&lt;td nowrap valign=middle colSpan=5 rowSpan=2&gt;&lt;div class=&quot;mceGridField&quot;&gt;&lt;script&gt;SWEWriteObjectTag(this,&apos;&lt;object id=s_1_1_44_0 CLASSID=&quot;CLSID:1cb4ef94-8549-471a-b73f-54ff5c244212&quot; HEIGHT=24 WIDTH=128&gt;&lt;/object&gt;&apos;);&lt;/script&gt;&lt;/div&gt;&lt;/td&gt;&lt;td nowrap valign=middle colSpan=3 rowSpan=2&gt;&lt;div class=&quot;mceGridLabel&quot; align=&quot;Right&quot;&gt;&amp;nbsp;Team (Queue):&lt;/div&gt;&lt;/td&gt;&lt;td nowrap valign=middle colSpan=5 rowSpan=2&gt;&lt;div class=&quot;mceGridField&quot;&gt;&lt;script&gt;SWEWriteObjectTag(this,&apos;&lt;object id=s_1_1_128_0 CLASSID=&quot;CLSID:1cb4ef94-8549-471a-b73f-54ff5c244212&quot; HEIGHT=24 WIDTH=112&gt;&lt;/object&gt;&apos;);&lt;/script&gt;&lt;/div&gt;&lt;/td&gt;&lt;/tr&gt;&lt;tr&gt;&lt;td style=&quot;height:16;&quot;&gt;&lt;/td&gt;&lt;td nowrap valign=middle colSpan=3 rowSpan=2&gt;&lt;div class=&quot;mceGridField&quot;&gt;&lt;span id=s_1_1_27_0&gt;&amp;nbsp;&lt;/span&gt;&lt;/div&gt;&lt;/td&gt;&lt;/tr&gt;&lt;tr&gt;&lt;td style=&quot;height:8;&quot;&gt;&lt;/td&gt;&lt;td nowrap valign=middle colSpan=2 rowSpan=3&gt;&lt;div class=&quot;mceGridLabel&quot; align=&quot;Right&quot;&gt;&amp;nbsp;Reason Category:&lt;/div&gt;&lt;/td&gt;&lt;td nowrap valign=middle colSpan=4 rowSpan=3&gt;&lt;div class=&quot;mceGridField&quot;&gt;&lt;script&gt;SWEWriteObjectTag(this,&apos;&lt;object id=s_1_1_76_0 CLASSID=&quot;CLSID:1cb4ef94-8549-471a-b73f-54ff5c244212&quot; HEIGHT=24 WIDTH=168&gt;&lt;/object&gt;&apos;);&lt;/script&gt;&lt;/div&gt;&lt;/td&gt;&lt;td nowrap valign=middle colSpan=3 rowSpan=3&gt;&lt;div class=&quot;mceGridLabel&quot; align=&quot;Right&quot;&gt;&amp;nbsp;Last Name:&lt;/div&gt;&lt;/td&gt;&lt;td nowrap valign=middle colSpan=3 rowSpan=3&gt;&lt;div class=&quot;mceGridField&quot;&gt;&lt;script&gt;SWEWriteObjectTag(this,&apos;&lt;object id=s_1_1_185_0 CLASSID=&quot;CLSID:1cb4ef94-8549-471a-b73f-54ff5c244212&quot; HEIGHT=24 WIDTH=112&gt;&lt;/object&gt;&apos;);&lt;/script&gt;&lt;/div&gt;&lt;/td&gt;&lt;td nowrap valign=middle colSpan=3 rowSpan=3&gt;&lt;div class=&quot;mceGridLabel&quot; align=&quot;Right&quot;&gt;&amp;nbsp;External Order Reference:&lt;/div&gt;&lt;/td&gt;&lt;td nowrap valign=middle colSpan=7 rowSpan=3&gt;&lt;div class=&quot;mceGridField&quot;&gt;&lt;script&gt;SWEWriteObjectTag(this,&apos;&lt;object id=s_1_1_71_0 CLASSID=&quot;CLSID:1cb4ef94-8549-471a-b73f-54ff5c244212&quot; HEIGHT=24 WIDTH=128&gt;&lt;/object&gt;&apos;);&lt;/script&gt;&lt;/div&gt;&lt;/td&gt;&lt;td rowSpan=3 colSpan=1&gt;&lt;/td&gt;&lt;td nowrap valign=middle colSpan=1 rowSpan=3&gt;&lt;div class=&quot;mceGridLabel&quot; align=&quot;Right&quot;&gt;&amp;nbsp;Description:&lt;/div&gt;&lt;/td&gt;&lt;td valign=middle colSpan=5 rowSpan=3&gt;&lt;div class=&quot;mceGridField&quot;&gt;&lt;script&gt;SWEWriteObjectTag(this,&apos;&lt;object id=s_1_1_144_0 CLASSID=&quot;CLSID:1cb4ef94-8549-471a-b73f-54ff5c244212&quot; HEIGHT=24 WIDTH=112&gt;&lt;/object&gt;&apos;);&lt;/script&gt;&lt;/div&gt;&lt;/td&gt;&lt;/tr&gt;&lt;tr&gt;&lt;td style=&quot;height:8;&quot;&gt;&lt;/td&gt;&lt;td rowSpan=1 colSpan=3&gt;&lt;/td&gt;&lt;/tr&gt;&lt;tr&gt;&lt;td style=&quot;height:8;&quot;&gt;&lt;/td&gt;&lt;td nowrap valign=middle colSpan=2 rowSpan=2&gt;&lt;div class=&quot;mceGridField&quot;&gt;&lt;span id=s_1_1_39_0&gt;&amp;nbsp;&lt;/span&gt;&lt;/div&gt;&lt;/td&gt;&lt;td rowSpan=2 colSpan=1&gt;&lt;/td&gt;&lt;/tr&gt;&lt;tr&gt;&lt;td style=&quot;height:16;&quot;&gt;&lt;/td&gt;&lt;td nowrap valign=middle colSpan=2 rowSpan=2&gt;&lt;div class=&quot;mceGridLabel&quot; align=&quot;Right&quot;&gt;&amp;nbsp;Return Reason:&lt;/div&gt;&lt;/td&gt;&lt;td nowrap valign=middle colSpan=4 rowSpan=2&gt;&lt;div class=&quot;mceGridField&quot;&gt;&lt;script&gt;SWEWriteObjectTag(this,&apos;&lt;object id=s_1_1_122_0 CLASSID=&quot;CLSID:1cb4ef94-8549-471a-b73f-54ff5c244212&quot; HEIGHT=24 WIDTH=168&gt;&lt;/object&gt;&apos;);&lt;/script&gt;&lt;/div&gt;&lt;/td&gt;&lt;td nowrap valign=middle colSpan=3 rowSpan=2&gt;&lt;div class=&quot;mceGridLabel&quot; align=&quot;Right&quot;&gt;&amp;nbsp;Order Date:&lt;/div&gt;&lt;/td&gt;&lt;td nowrap valign=middle colSpan=3 rowSpan=2&gt;&lt;div class=&quot;mceGridField&quot;&gt;&lt;script&gt;SWEWriteObjectTag(this,&apos;&lt;object id=s_1_1_112_0 CLASSID=&quot;CLSID:1cb4ef94-8549-471a-b73f-54ff5c244212&quot; HEIGHT=24 WIDTH=112&gt;&lt;/object&gt;&apos;);&lt;/script&gt;&lt;/div&gt;&lt;/td&gt;&lt;td nowrap valign=middle colSpan=3 rowSpan=2&gt;&lt;div class=&quot;mceGridLabel&quot; align=&quot;Right&quot;&gt;&amp;nbsp;Submit Date:&lt;/div&gt;&lt;/td&gt;&lt;td nowrap valign=middle colSpan=5 rowSpan=2&gt;&lt;div class=&quot;mceGridField&quot;&gt;&lt;script&gt;SWEWriteObjectTag(this,&apos;&lt;object id=s_1_1_127_0 CLASSID=&quot;CLSID:1cb4ef94-8549-471a-b73f-54ff5c244212&quot; HEIGHT=24 WIDTH=128&gt;&lt;/object&gt;&apos;);&lt;/script&gt;&lt;/div&gt;&lt;/td&gt;&lt;td rowSpan=4 colSpan=1&gt;&lt;/td&gt;&lt;td nowrap valign=middle colSpan=3 rowSpan=2&gt;&lt;div class=&quot;mceGridLabel&quot; align=&quot;Right&quot;&gt;&amp;nbsp;Alternate Telephone:&lt;/div&gt;&lt;/td&gt;&lt;td nowrap valign=middle colSpan=5 rowSpan=2&gt;&lt;div class=&quot;mceGridField&quot;&gt;&lt;script&gt;SWEWriteObjectTag(this,&apos;&lt;object id=s_1_1_14_0 CLASSID=&quot;CLSID:1cb4ef94-8549-471a-b73f-54ff5c244212&quot; HEIGHT=24 WIDTH=112&gt;&lt;/object&gt;&apos;);&lt;/script&gt;&lt;/div&gt;&lt;/td&gt;&lt;/tr&gt;&lt;tr&gt;&lt;td style=&quot;height:8;&quot;&gt;&lt;/td&gt;&lt;td nowrap valign=middle colSpan=3 rowSpan=2&gt;&lt;div class=&quot;mceGridField&quot;&gt;&lt;span id=s_1_1_29_0&gt;&amp;nbsp;&lt;/span&gt;&lt;/div&gt;&lt;/td&gt;&lt;/tr&gt;&lt;tr&gt;&lt;td style=&quot;height:16;&quot;&gt;&lt;/td&gt;&lt;td nowrap valign=middle colSpan=2 rowSpan=2&gt;&lt;div class=&quot;mceGridLabel&quot; align=&quot;Right&quot;&gt;&amp;nbsp;Pref Comm Method:&lt;/div&gt;&lt;/td&gt;&lt;td nowrap valign=middle colSpan=4 rowSpan=2&gt;&lt;div class=&quot;mceGridField&quot;&gt;&lt;script&gt;SWEWriteObjectTag(this,&apos;&lt;object id=s_1_1_32_0 CLASSID=&quot;CLSID:1cb4ef94-8549-471a-b73f-54ff5c244212&quot; HEIGHT=24 WIDTH=168&gt;&lt;/object&gt;&apos;);&lt;/script&gt;&lt;/div&gt;&lt;/td&gt;&lt;td nowrap valign=middle colSpan=3 rowSpan=2&gt;&lt;div class=&quot;mceGridLabel&quot; align=&quot;Right&quot;&gt;&amp;nbsp;Email:&lt;/div&gt;&lt;/td&gt;&lt;td nowrap valign=middle colSpan=3 rowSpan=2&gt;&lt;div class=&quot;mceGridField&quot;&gt;&lt;script&gt;SWEWriteObjectTag(this,&apos;&lt;object id=s_1_1_26_0 CLASSID=&quot;CLSID:1cb4ef94-8549-471a-b73f-54ff5c244212&quot; HEIGHT=24 WIDTH=112&gt;&lt;/object&gt;&apos;);&lt;/script&gt;&lt;/div&gt;&lt;/td&gt;&lt;td nowrap valign=middle colSpan=3 rowSpan=2&gt;&lt;div class=&quot;mceGridLabel&quot; align=&quot;Right&quot;&gt;&amp;nbsp;Telephone:&lt;/div&gt;&lt;/td&gt;&lt;td nowrap valign=middle colSpan=5 rowSpan=2&gt;&lt;div class=&quot;mceGridField&quot;&gt;&lt;script&gt;SWEWriteObjectTag(this,&apos;&lt;object id=s_1_1_35_0 CLASSID=&quot;CLSID:1cb4ef94-8549-471a-b73f-54ff5c244212&quot; HEIGHT=24 WIDTH=128&gt;&lt;/object&gt;&apos;);&lt;/script&gt;&lt;/div&gt;&lt;/td&gt;&lt;td nowrap valign=middle colSpan=3 rowSpan=2&gt;&lt;/td&gt;&lt;td nowrap valign=middle colSpan=5 rowSpan=2&gt;&lt;/td&gt;&lt;/tr&gt;&lt;tr&gt;&lt;td style=&quot;height:8;&quot;&gt;&lt;/td&gt;&lt;td rowSpan=1 colSpan=3&gt;&lt;/td&gt;&lt;/tr&gt;&lt;/table&gt;&lt;/div&gt;&lt;/div&gt;&lt;/span&gt;&lt;/td&gt;&lt;/tr&gt;&lt;/table&gt;&lt;/div&gt;&lt;/form&gt;
&lt;a id=&quot;SWEBottomHidden1&quot; href=&quot;javascript:void(0);&quot; tabindex=&quot;1999&quot; onfocus=&quot;document.getElementById(&apos;SWETopHidden1&apos;).focus();&quot;&gt;&lt;/a&gt;&lt;/div&gt;&lt;table datatable=&quot;0&quot; summary=&quot;&quot; class=&quot;tier3Back&quot; width=&quot;100%&quot; align=&quot;center&quot; cellpadding=&quot;0&quot; cellspacing=&quot;0&quot; border=&quot;0&quot;&gt;&lt;tr valign=&quot;top&quot;&gt;&lt;td&gt;&lt;img src=&quot;images/spacer.gif&quot; width=&quot;1&quot; height=&quot;3&quot; alt=&quot;&quot;&gt;&lt;/td&gt;&lt;/tr&gt;&lt;/table&gt;&lt;div id=s_vctrl_div STYLE=&quot;height:37px&quot;&gt;&lt;div&gt; &lt;/div&gt;&lt;script&gt;SWEWriteObjectTag(this,&apos;&lt;OBJECT ID=&quot;s_vctrl&quot; CLASSID=&quot;clsid:bfb7437b-a5ea-4d13-a552-4150b0fdf838&quot; CODEBASE=&quot;&quot; WIDTH =&quot;100%&quot; HEIGHT =&quot;100%&quot;  tabindex=-1 &gt;&lt;PARAM NAME=&quot;style&quot; VALUE=&quot;Tab&quot;/&gt;&lt;PARAM NAME=&quot;indentWidth&quot; VALUE=&quot;30&quot;/&gt;&lt;PARAM NAME=&quot;anchorTab&quot; VALUE=&quot;true&quot;/&gt;&lt;PARAM NAME=&quot;type&quot; VALUE=&quot;Detail Category With View&quot;/&gt;&lt;/OBJECT&gt;&apos;);&lt;/script&gt;&lt;/div&gt;&lt;div style=&quot;width:100%; border-color:#E0E5F5; border-style: solid; border-width: 0 1 1 1; padding: 0 3 3 3;&quot;&gt;&lt;a name=&quot;SWEApplet2&quot; id=&quot;SWEApplet2&quot; href=&quot;#SWEApplet2&quot; title=&quot;Line Items&quot;&gt;&lt;/a&gt;
&lt;div id=&apos;s_S_A2_div&apos;oncontextmenu=&apos;HandleContextMenu(&quot;BT Order Entry - Line Item List Applet (Sales\)&quot;)&apos; onclick=&apos;HandleAppletClick(&quot;BT Order Entry - Line Item List Applet (Sales\)&quot;)&apos;&gt;
&lt;a id=&quot;SWETopHidden2&quot; href=&quot;javascript:void(0);&quot; tabindex=&quot;2000&quot;&gt;&lt;/a&gt;&lt;form name=&quot;SWEForm2_0&quot; method=&quot;post&quot; action=&quot;/ecommunications_enu_nsm_aps05524a027/start.swe&quot; &gt;
&lt;span class=&quot;AppletStyleChild77&quot;&gt;&lt;div class=&quot;NotSelected&quot; id=&quot;a_2&quot;&gt;&lt;table datatable=&quot;0&quot; summary=&quot;&quot; width=&quot;100%&quot; cellspacing=&quot;0&quot; cellpadding=&quot;2&quot; border=&quot;0&quot; align=&quot;center&quot;&gt;&lt;tr class=&quot;AppletButtons&quot; align=&quot;left&quot;&gt;&lt;td nowrap class=&quot;AppletMenu&quot;&gt;&lt;span class=&quot;miniBtnUICTop&quot;&gt;&lt;span class=&quot;miniBtnUIC&quot;&gt;&lt;a id=&apos;s_at_m_2&apos; href=&quot;javascript:void(0)&quot; onclick=&quot;window.event.cancelBubble=true; _JMenu_Initialize(this, &apos;BT Order Entry - Line Item List Applet (Sales\)&apos;, &apos;Applet&apos;, s_at_m_2Ax, 0, false); return false;&quot; onmouseover=&quot;MinibtnHover(this.parentNode)&quot; onmouseout=&quot;MinibtnOut(this.parentNode)&quot; onmousedown=&quot;MinibtnDown(this.parentNode)&quot; onmouseup=&quot;MinibtnUp(this.parentNode)&quot; &gt;Menu&amp;nbsp;&lt;img border=&quot;0&quot; src=&quot;images/img_arrow.gif&quot; align=&quot;center&quot;&gt;&lt;/a&gt;&lt;/span&gt;&lt;/span&gt;&lt;object id= &quot;s_at_m_2Ax&quot; CLASSID=&quot;CLSID:9174862b-ac3b-4f9f-abc9-a0a3c9fd95d4&quot; codebase=&quot;23048/applets/SiebelAx_HI_Client.cab&quot; width=0 height = 0&gt;&lt;/object&gt;&lt;/td&gt;&lt;td&gt;&lt;img height=1 alt=&quot;&quot; src=&quot;images/spacer.gif&quot; width=4&gt;&lt;/td&gt;&lt;td&gt;&lt;img src=&quot;images/btn_div_gray.gif&quot; height=&quot;13&quot; align=&quot;middle&quot; alt=&quot;&quot;&gt;&lt;/td&gt;&lt;td&gt;&lt;img src=&quot;images/spacer.gif&quot; width=&quot;4&quot; height=&quot;1&quot; alt=&quot;&quot;&gt;&lt;/td&gt;&lt;td nowrap&gt;&lt;span id=s_2_1_18_0&gt;&amp;nbsp;&lt;/span&gt;&lt;/td&gt;&lt;td nowrap&gt;&lt;span id=s_2_1_25_0&gt;&amp;nbsp;&lt;/span&gt;&lt;/td&gt;&lt;td nowrap&gt;&lt;span id=s_2_1_7_0&gt;&amp;nbsp;&lt;/span&gt;&lt;/td&gt;&lt;td nowrap&gt;&lt;span id=s_2_1_34_0&gt;&amp;nbsp;&lt;/span&gt;&lt;/td&gt;&lt;td nowrap&gt;&lt;span id=s_2_1_44_0&gt;&amp;nbsp;&lt;/span&gt;&lt;/td&gt;&lt;td nowrap&gt;&lt;span id=s_2_1_17_0&gt;&amp;nbsp;&lt;/span&gt;&lt;/td&gt;&lt;td nowrap&gt;&lt;span id=s_2_1_21_0&gt;&amp;nbsp;&lt;/span&gt;&lt;/td&gt;&lt;td nowrap&gt;&lt;span id=s_2_1_15_0&gt;&amp;nbsp;&lt;/span&gt;&lt;/td&gt;&lt;td nowrap&gt;&lt;span id=s_2_1_43_0&gt;&amp;nbsp;&lt;/span&gt;&lt;/td&gt;&lt;td nowrap&gt;&lt;span id=s_2_1_47_0&gt;&amp;nbsp;&lt;/span&gt;&lt;/td&gt;&lt;td nowrap&gt;&lt;span id=s_2_1_60_0&gt;&amp;nbsp;&lt;/span&gt;&lt;/td&gt;&lt;td nowrap&gt;&lt;span id=s_2_1_62_0&gt;&amp;nbsp;&lt;/span&gt;&lt;/td&gt;&lt;td nowrap&gt;&lt;span id=s_2_1_58_0&gt;&amp;nbsp;&lt;/span&gt;&lt;/td&gt;&lt;td nowrap&gt;&lt;span id=s_2_1_3_0&gt;&amp;nbsp;&lt;/span&gt;&lt;/td&gt;&lt;td nowrap&gt;&lt;span id=s_2_1_2_0&gt;&amp;nbsp;&lt;/span&gt;&lt;/td&gt;&lt;td nowrap&gt;&lt;span id=s_2_1_0_0&gt;&amp;nbsp;&lt;/span&gt;&lt;/td&gt;&lt;td nowrap&gt;&lt;span id=s_2_1_27_0&gt;&amp;nbsp;&lt;/span&gt;&lt;/td&gt;&lt;td nowrap&gt;&lt;span id=s_2_1_67_0&gt;&amp;nbsp;&lt;/span&gt;&lt;/td&gt;&lt;td nowrap&gt;&lt;span id=s_2_1_33_0&gt;&amp;nbsp;&lt;/span&gt;&lt;/td&gt;&lt;td nowrap&gt;&lt;span id=s_2_1_75_0&gt;&amp;nbsp;&lt;/span&gt;&lt;/td&gt;&lt;td nowrap&gt;&lt;span id=s_2_1_45_0&gt;&amp;nbsp;&lt;/span&gt;&lt;/td&gt;&lt;td nowrap&gt;&lt;span id=s_2_1_57_0&gt;&amp;nbsp;&lt;/span&gt;&lt;/td&gt;&lt;td nowrap&gt;&lt;span id=s_2_1_8_0&gt;&amp;nbsp;&lt;/span&gt;&lt;/td&gt;&lt;td nowrap&gt;&lt;span id=s_2_1_4_0&gt;&amp;nbsp;&lt;/span&gt;&lt;/td&gt;&lt;td nowrap&gt;&lt;span id=s_2_1_5_0&gt;&amp;nbsp;&lt;/span&gt;&lt;/td&gt;&lt;td nowrap&gt;&lt;span id=s_2_1_6_0&gt;&amp;nbsp;&lt;/span&gt;&lt;/td&gt;&lt;td nowrap&gt;&lt;span id=s_2_1_1_0&gt;&amp;nbsp;&lt;/span&gt;&lt;/td&gt;&lt;td valign=&quot;middle&quot;&gt;&lt;img src=&quot;images/btn_div_gray.gif&quot; height=&quot;13&quot; align=&quot;middle&quot; alt=&quot;&quot;&gt;&lt;/td&gt;&lt;td valign=&quot;middle&quot; nowrap&gt;&lt;span id=s_2_1_79_0&gt;&amp;nbsp;&lt;/span&gt;&lt;/td&gt;&lt;td&gt;&amp;nbsp;&lt;/td&gt;&lt;td&gt;&lt;table datatable=&quot;0&quot; summary=&quot;&quot; width=&quot;100%&quot; valign=&quot;top&quot; align=&quot;center&quot; cellpadding=&apos;0&apos; cellspacing=&apos;0&apos; border=&apos;0&apos;&gt;&lt;/table&gt;&lt;/td&gt;&lt;td nowrap&gt;&amp;nbsp;&lt;b&gt;&lt;span id=2_msg&gt;&lt;/span&gt;&lt;/b&gt;&lt;/td&gt;&lt;td align=&quot;right&quot; width=&quot;100%&quot;&gt;&lt;td valign=&quot;middle&quot; nowrap&gt;&lt;span id=&apos;SWEApplet2_ctrlmsg&apos;&gt;&lt;/span&gt;&lt;/td&gt;&lt;td valign=&quot;middle&quot; nowrap&gt;&amp;nbsp;&lt;span id=s_2_rc&gt;&lt;/span&gt;&amp;nbsp;&lt;/td&gt;&lt;td valign=&quot;middle&quot;&gt;&amp;nbsp;&lt;img src=&quot;images/btn_div_gray.gif&quot; height=&quot;13&quot; align=&quot;middle&quot; alt=&quot;&quot;&gt;&amp;nbsp;&lt;/td&gt;&lt;td valign=&quot;middle&quot; nowrap&gt;&lt;span id=s_2_1_24_0&gt;&amp;nbsp;&lt;/span&gt;&lt;/td&gt;&lt;td valign=&quot;middle&quot; nowrap&gt;&lt;b&gt;&lt;span id=s_2_1_30_0&gt;&amp;nbsp;&lt;/span&gt;&lt;/b&gt;&lt;/td&gt;&lt;td valign=&quot;middle&quot; nowrap&gt;&lt;span id=s_2_1_20_0&gt;&amp;nbsp;&lt;/span&gt;&lt;/td&gt;&lt;td valign=&quot;middle&quot; nowrap&gt;&lt;span id=s_2_1_26_0&gt;&amp;nbsp;&lt;/span&gt;&lt;/td&gt;&lt;td valign=&quot;middle&quot; nowrap&gt;&lt;span id=s_2_1_28_0&gt;&amp;nbsp;&lt;/span&gt;&lt;/td&gt;&lt;td valign=&quot;middle&quot; nowrap&gt;&lt;span id=s_2_1_48_0&gt;&amp;nbsp;&lt;/span&gt;&lt;/td&gt;&lt;/td&gt;&lt;td valign=&quot;top&quot; align=&quot;right&quot;&gt;&lt;/td&gt;&lt;/tr&gt;&lt;/table&gt;&lt;span id=2_c_err style=&quot;display: none;&quot;&gt;&lt;table datatable=&quot;0&quot; summary=&quot;&quot; class=&quot;AppletBack&quot; width=&quot;100%&quot; cellpadding=&quot;4&quot; cellspacing=&quot;0&quot; border=&quot;0&quot;&gt;&lt;tr&gt;&lt;td class=&quot;error&quot;&gt;&lt;br&gt;&amp;nbsp;&lt;/td&gt;&lt;/tr&gt;&lt;/table&gt;&lt;/span&gt;&lt;div class=&quot;AppletHIListBorder&quot;&gt;&lt;div id=&quot;s_2_ld&quot; STYLE=&quot;height:322px&quot;&gt;&lt;div&gt;&lt;/div&gt;&lt;script&gt;SWEWriteObjectTag(this,&apos;&lt;object id=&quot;s_2_l&quot;  CLASSID=&quot;CLSID:a9967980-c623-4092-b952-fcf15f67b8a5&quot; WIDTH=100% HEIGHT=100%&gt;&lt;/OBJECT&gt;&apos;);&lt;/script&gt;&lt;/div&gt;&lt;/div&gt;&lt;/div&gt;&lt;/span&gt;&lt;/form&gt;
&lt;a id=&quot;SWEBottomHidden2&quot; href=&quot;javascript:void(0);&quot; tabindex=&quot;2999&quot; onfocus=&quot;document.getElementById(&apos;SWETopHidden2&apos;).focus();&quot;&gt;&lt;/a&gt;&lt;/div&gt;&lt;a name=&quot;SWEApplet3&quot; id=&quot;SWEApplet3&quot; href=&quot;#SWEApplet3&quot; title=&quot;Line Detail&quot;&gt;&lt;/a&gt;
&lt;div id=&apos;s_S_A3_div&apos;oncontextmenu=&apos;HandleContextMenu(&quot;BT Order Entry - Line Item Form Applet&quot;)&apos; onclick=&apos;HandleAppletClick(&quot;BT Order Entry - Line Item Form Applet&quot;)&apos;&gt;
&lt;a id=&quot;SWETopHidden3&quot; href=&quot;javascript:void(0);&quot; tabindex=&quot;3000&quot;&gt;&lt;/a&gt;&lt;table datatable=&quot;0&quot; summary=&quot;&quot;&gt;&lt;tr&gt;&lt;td&gt;&lt;img src=&quot;images/spacer.gif&quot; width=&quot;1&quot; height=&quot;3&quot; alt=&quot;&quot;&gt;&lt;/td&gt;&lt;/tr&gt;&lt;/table&gt;&lt;form name=&quot;SWEForm3_0&quot; method=&quot;post&quot; action=&quot;/ecommunications_enu_nsm_aps05524a027/start.swe&quot; onSubmit=&quot;return false;&quot; &gt;
&lt;div class=&quot;NotSelected&quot; id=&quot;a_3&quot;&gt;&lt;table datatable=&quot;0&quot; summary=&quot;&quot; width=&quot;100%&quot; cellpadding=&quot;0&quot; cellspacing=&quot;0&quot; border=&quot;0&quot; align=&quot;center&quot; class=&quot;AppletBack&quot;&gt;&lt;tr&gt;&lt;td class=&quot;AppletHIFormBorder&quot;&gt;&lt;span class=&quot;AppletStyleChild77&quot;&gt;&lt;table datatable=&quot;0&quot; summary=&quot;&quot; width=&quot;100%&quot; cellspacing=&quot;0&quot; cellpadding=&quot;2&quot; border=&quot;0&quot; align=&quot;center&quot;&gt;&lt;tr class=&quot;AppletButtons&quot;&gt;&lt;td nowrap width=&quot;100%&quot; class=&quot;AppletTitle&quot;&gt;&amp;nbsp;Line Detail&lt;/td&gt;&lt;td nowrap valign=&quot;absmiddle&quot; class=&quot;legend&quot;&gt;&lt;/td&gt;&lt;td width=&quot;100%&quot;&gt;&amp;nbsp;&lt;img src=&quot;images/btn_div_gray.gif&quot; height=&quot;13&quot; align=&quot;middle&quot; alt=&quot;&quot;&gt;&amp;nbsp;&lt;/td&gt;&lt;td valign=&quot;middle&quot; nowrap&gt;&lt;span id=&apos;SWEApplet3_ctrlmsg&apos;&gt;&lt;/span&gt;&lt;/td&gt;&lt;td class=&quot;AppletTitle&quot; valign=&quot;middle&quot; nowrap&gt;&lt;span id=s_3_1_98_0&gt;&amp;nbsp;&lt;/span&gt;&lt;/td&gt;&lt;td class=&quot;AppletTitle&quot; valign=&quot;middle&quot; nowrap&gt;&amp;nbsp;&lt;span id=s_3_rc&gt;&lt;/span&gt;&amp;nbsp;&lt;/td&gt;&lt;td class=&quot;AppletTitle&quot; valign=&quot;middle&quot; nowrap&gt;&lt;span id=s_3_1_96_0&gt;&amp;nbsp;&lt;/span&gt;&lt;/td&gt;&lt;td&gt;&amp;nbsp;&lt;/td&gt;&lt;td class=&quot;AppletTitle&quot; valign=&quot;middle&quot;&gt;&lt;img src=&quot;images/btn_div.gif&quot; height=&quot;13&quot; align=&quot;middle&quot; alt=&quot;&quot;&gt;&lt;/td&gt;&lt;td&gt;&amp;nbsp;&lt;/td&gt;&lt;td valign=&quot;middle&quot; nowrap&gt;&lt;span id=s_3_1_44_0&gt;&amp;nbsp;&lt;/span&gt;&lt;/td&gt;&lt;td valign=&quot;top&quot; align=&quot;right&quot;&gt;&lt;/td&gt;&lt;/tr&gt;&lt;/table&gt;&lt;table datatable=&quot;0&quot; summary=&quot;&quot; class=&quot;AppletBackTable&quot; width=&quot;100%&quot; cellspacing=&quot;0&quot; cellpadding=&quot;2&quot; align=&quot;center&quot;&gt;&lt;tr class=&quot;AppletBack&quot; align=&quot;left&quot;&gt;&lt;td nowrap class=&quot;AppletMenu&quot;&gt;&lt;span class=&quot;miniBtnUICTop&quot;&gt;&lt;span class=&quot;miniBtnUIC&quot;&gt;&lt;a id=&apos;s_at_m_3&apos; href=&quot;javascript:void(0)&quot; onclick=&quot;window.event.cancelBubble=true; _JMenu_Initialize(this, &apos;BT Order Entry - Line Item Form Applet&apos;, &apos;Applet&apos;, s_at_m_3Ax, 0, false); return false;&quot; onmouseover=&quot;MinibtnHover(this.parentNode)&quot; onmouseout=&quot;MinibtnOut(this.parentNode)&quot; onmousedown=&quot;MinibtnDown(this.parentNode)&quot; onmouseup=&quot;MinibtnUp(this.parentNode)&quot; &gt;Menu&amp;nbsp;&lt;img border=&quot;0&quot; src=&quot;images/img_arrow.gif&quot; align=&quot;center&quot;&gt;&lt;/a&gt;&lt;/span&gt;&lt;/span&gt;&lt;object id= &quot;s_at_m_3Ax&quot; CLASSID=&quot;CLSID:9174862b-ac3b-4f9f-abc9-a0a3c9fd95d4&quot; codebase=&quot;23048/applets/SiebelAx_HI_Client.cab&quot; width=0 height = 0&gt;&lt;/object&gt;&lt;/td&gt;&lt;td&gt;&lt;img height=1 alt=&quot;&quot; src=&quot;images/spacer.gif&quot; width=4&gt;&lt;/td&gt;&lt;td&gt;&lt;img src=&quot;images/btn_div_gray.gif&quot; height=&quot;13&quot; align=&quot;middle&quot; alt=&quot;&quot;&gt;&lt;/td&gt;&lt;td&gt;&lt;img src=&quot;images/spacer.gif&quot; width=&quot;4&quot; height=&quot;1&quot; alt=&quot;&quot;&gt;&lt;/td&gt;&lt;td nowrap&gt;&lt;span id=s_3_1_101_0&gt;&amp;nbsp;&lt;/span&gt;&lt;/td&gt;&lt;td nowrap&gt;&lt;span id=s_3_1_26_0&gt;&amp;nbsp;&lt;/span&gt;&lt;/td&gt;&lt;td nowrap&gt;&lt;span id=s_3_1_23_0&gt;&amp;nbsp;&lt;/span&gt;&lt;/td&gt;&lt;td nowrap&gt;&lt;span id=s_3_1_34_0&gt;&amp;nbsp;&lt;/span&gt;&lt;/td&gt;&lt;td nowrap&gt;&lt;span id=s_3_1_105_0&gt;&amp;nbsp;&lt;/span&gt;&lt;/td&gt;&lt;td nowrap&gt;&lt;span id=s_3_1_106_0&gt;&amp;nbsp;&lt;/span&gt;&lt;/td&gt;&lt;td&gt;&lt;table datatable=&quot;0&quot; summary=&quot;&quot; width=&quot;100%&quot; valign=&quot;top&quot; align=&quot;center&quot; cellpadding=&apos;0&apos; cellspacing=&apos;0&apos; border=&apos;0&apos;&gt;&lt;/table&gt;&lt;/td&gt;&lt;td class=&quot;mceGridLabel&quot; align=&quot;left&quot; width=&quot;100%&quot; nowrap&gt;&amp;nbsp;&lt;b&gt;&lt;span id=3_msg&gt;&lt;/span&gt;&lt;/b&gt;&lt;/td&gt;&lt;/tr&gt;&lt;/table&gt;&lt;table datatable=&quot;0&quot; summary=&quot;&quot; class=&quot;AppletBackTable&quot; width=&quot;100%&quot; cellspacing=&quot;0&quot; cellpadding=&quot;0&quot; align=&quot;center&quot;&gt;&lt;tr class=&quot;AppletBack&quot;&gt;&lt;td class=&quot;AppletBack&quot;&gt;&lt;img src=&quot;images/spacer.gif&quot; height=&quot;1&quot; width=&quot;1&quot; alt=&quot;&quot;&gt;&lt;/td&gt;&lt;td class=&quot;AppletBlank&quot; width=&quot;100%&quot;&gt;&lt;img src=&quot;images/spacer.gif&quot; height=&quot;1&quot; width=&quot;1&quot; alt=&quot;&quot;&gt;&lt;/td&gt;&lt;/tr&gt;&lt;/table&gt;&lt;span id=3_c_err style=&quot;display: none;&quot;&gt;&lt;table datatable=&quot;0&quot; summary=&quot;&quot; class=&quot;AppletBack&quot; width=&quot;100%&quot; cellpadding=&quot;0&quot; cellspacing=&quot;5&quot; border=&quot;0&quot;&gt;&lt;tr&gt;&lt;td class=&quot;error&quot;&gt;&lt;/td&gt;&lt;/tr&gt;&lt;/table&gt;&lt;/span&gt;&lt;div class=&quot;NotSelected&quot; id=&quot;a_3&quot;&gt;&lt;div align=left style=&quot;width:100%;&quot; class=&quot;GridBorder&quot;&gt;&lt;table class=&quot;GridBack&quot; border=0 cellspacing=0 cellpadding=0&gt;&lt;tr&gt;&lt;td&gt;&lt;/td&gt;&lt;td style=&quot;width:8px;&quot;&gt;&lt;/td&gt;&lt;td style=&quot;width:104px;&quot;&gt;&lt;/td&gt;&lt;td style=&quot;width:16px;&quot;&gt;&lt;/td&gt;&lt;td style=&quot;width:104px;&quot;&gt;&lt;/td&gt;&lt;td style=&quot;width:8px;&quot;&gt;&lt;/td&gt;&lt;td style=&quot;width:8px;&quot;&gt;&lt;/td&gt;&lt;td style=&quot;width:8px;&quot;&gt;&lt;/td&gt;&lt;td style=&quot;width:56px;&quot;&gt;&lt;/td&gt;&lt;td style=&quot;width:40px;&quot;&gt;&lt;/td&gt;&lt;td style=&quot;width:16px;&quot;&gt;&lt;/td&gt;&lt;td style=&quot;width:72px;&quot;&gt;&lt;/td&gt;&lt;td style=&quot;width:8px;&quot;&gt;&lt;/td&gt;&lt;td style=&quot;width:16px;&quot;&gt;&lt;/td&gt;&lt;td style=&quot;width:8px;&quot;&gt;&lt;/td&gt;&lt;td style=&quot;width:8px;&quot;&gt;&lt;/td&gt;&lt;td style=&quot;width:8px;&quot;&gt;&lt;/td&gt;&lt;td style=&quot;width:8px;&quot;&gt;&lt;/td&gt;&lt;td style=&quot;width:80px;&quot;&gt;&lt;/td&gt;&lt;td style=&quot;width:40px;&quot;&gt;&lt;/td&gt;&lt;td style=&quot;width:16px;&quot;&gt;&lt;/td&gt;&lt;td style=&quot;width:48px;&quot;&gt;&lt;/td&gt;&lt;td style=&quot;width:16px;&quot;&gt;&lt;/td&gt;&lt;td style=&quot;width:48px;&quot;&gt;&lt;/td&gt;&lt;td style=&quot;width:8px;&quot;&gt;&lt;/td&gt;&lt;td style=&quot;width:8px;&quot;&gt;&lt;/td&gt;&lt;td style=&quot;width:64px;&quot;&gt;&lt;/td&gt;&lt;td style=&quot;width:64px;&quot;&gt;&lt;/td&gt;&lt;td style=&quot;width:112px;&quot;&gt;&lt;/td&gt;&lt;td style=&quot;width:8px;&quot;&gt;&lt;/td&gt;&lt;td style=&quot;width:8px;&quot;&gt;&lt;/td&gt;&lt;/tr&gt;&lt;tr&gt;&lt;td style=&quot;height:24;&quot;&gt;&lt;/td&gt;&lt;td rowSpan=3 colSpan=1&gt;&lt;/td&gt;&lt;td nowrap valign=middle colSpan=2 rowSpan=1&gt;&lt;div class=&quot;mceGridLabel&quot; align=&quot;Right&quot;&gt;&amp;nbsp;Sequence:&lt;/div&gt;&lt;/td&gt;&lt;td nowrap valign=middle colSpan=3 rowSpan=1&gt;&lt;div class=&quot;mceGridField&quot;&gt;&lt;script&gt;SWEWriteObjectTag(this,&apos;&lt;object id=s_3_1_81_0 CLASSID=&quot;CLSID:1cb4ef94-8549-471a-b73f-54ff5c244212&quot; HEIGHT=24 WIDTH=120&gt;&lt;/object&gt;&apos;);&lt;/script&gt;&lt;/div&gt;&lt;/td&gt;&lt;td rowSpan=3 colSpan=1&gt;&lt;/td&gt;&lt;td nowrap valign=middle colSpan=3 rowSpan=1&gt;&lt;div class=&quot;mceGridLabel&quot; align=&quot;Right&quot;&gt;&amp;nbsp;Due Date:&lt;/div&gt;&lt;/td&gt;&lt;td nowrap valign=middle colSpan=6 rowSpan=1&gt;&lt;div class=&quot;mceGridField&quot;&gt;&lt;script&gt;SWEWriteObjectTag(this,&apos;&lt;object id=s_3_1_69_0 CLASSID=&quot;CLSID:1cb4ef94-8549-471a-b73f-54ff5c244212&quot; HEIGHT=24 WIDTH=120&gt;&lt;/object&gt;&apos;);&lt;/script&gt;&lt;/div&gt;&lt;/td&gt;&lt;td rowSpan=2 colSpan=1&gt;&lt;/td&gt;&lt;td nowrap valign=middle colSpan=2 rowSpan=1&gt;&lt;div class=&quot;mceGridLabel&quot; align=&quot;Right&quot;&gt;&amp;nbsp;Status:&lt;/div&gt;&lt;/td&gt;&lt;td nowrap valign=middle colSpan=4 rowSpan=1&gt;&lt;div class=&quot;mceGridField&quot;&gt;&lt;script&gt;SWEWriteObjectTag(this,&apos;&lt;object id=s_3_1_120_0 CLASSID=&quot;CLSID:1cb4ef94-8549-471a-b73f-54ff5c244212&quot; HEIGHT=24 WIDTH=120&gt;&lt;/object&gt;&apos;);&lt;/script&gt;&lt;/div&gt;&lt;/td&gt;&lt;td rowSpan=3 colSpan=1&gt;&lt;/td&gt;&lt;td nowrap valign=middle colSpan=3 rowSpan=1&gt;&lt;div class=&quot;mceGridLabel&quot; align=&quot;Right&quot;&gt;&amp;nbsp;UoM:&lt;/div&gt;&lt;/td&gt;&lt;td nowrap valign=middle colSpan=2 rowSpan=1&gt;&lt;div class=&quot;mceGridField&quot;&gt;&lt;script&gt;SWEWriteObjectTag(this,&apos;&lt;object id=s_3_1_93_0 CLASSID=&quot;CLSID:1cb4ef94-8549-471a-b73f-54ff5c244212&quot; HEIGHT=24 WIDTH=120&gt;&lt;/object&gt;&apos;);&lt;/script&gt;&lt;/div&gt;&lt;/td&gt;&lt;td rowSpan=3 colSpan=1&gt;&lt;/td&gt;&lt;/tr&gt;&lt;tr&gt;&lt;td style=&quot;height:24;&quot;&gt;&lt;/td&gt;&lt;td nowrap valign=middle colSpan=2 rowSpan=1&gt;&lt;div class=&quot;mceGridLabel&quot; align=&quot;Right&quot;&gt;&amp;nbsp;Product:&lt;/div&gt;&lt;/td&gt;&lt;td nowrap valign=middle colSpan=3 rowSpan=1&gt;&lt;div class=&quot;mceGridField&quot;&gt;&lt;script&gt;SWEWriteObjectTag(this,&apos;&lt;object id=s_3_1_91_0 CLASSID=&quot;CLSID:1cb4ef94-8549-471a-b73f-54ff5c244212&quot; HEIGHT=24 WIDTH=120&gt;&lt;/object&gt;&apos;);&lt;/script&gt;&lt;/div&gt;&lt;/td&gt;&lt;td nowrap valign=middle colSpan=3 rowSpan=1&gt;&lt;div class=&quot;mceGridLabel&quot; align=&quot;Right&quot;&gt;&amp;nbsp;MSISDN No:&lt;/div&gt;&lt;/td&gt;&lt;td nowrap valign=middle colSpan=6 rowSpan=1&gt;&lt;div class=&quot;mceGridField&quot;&gt;&lt;script&gt;SWEWriteObjectTag(this,&apos;&lt;object id=s_3_1_88_0 CLASSID=&quot;CLSID:1cb4ef94-8549-471a-b73f-54ff5c244212&quot; HEIGHT=24 WIDTH=120&gt;&lt;/object&gt;&apos;);&lt;/script&gt;&lt;/div&gt;&lt;/td&gt;&lt;td nowrap valign=middle colSpan=2 rowSpan=1&gt;&lt;div class=&quot;mceGridLabel&quot; align=&quot;Right&quot;&gt;&amp;nbsp;Action:&lt;/div&gt;&lt;/td&gt;&lt;td nowrap valign=middle colSpan=4 rowSpan=1&gt;&lt;div class=&quot;mceGridField&quot;&gt;&lt;script&gt;SWEWriteObjectTag(this,&apos;&lt;object id=s_3_1_20_0 CLASSID=&quot;CLSID:1cb4ef94-8549-471a-b73f-54ff5c244212&quot; HEIGHT=24 WIDTH=120&gt;&lt;/object&gt;&apos;);&lt;/script&gt;&lt;/div&gt;&lt;/td&gt;&lt;td nowrap valign=middle colSpan=3 rowSpan=1&gt;&lt;div class=&quot;mceGridLabel&quot; align=&quot;Right&quot;&gt;&amp;nbsp;Billing Account Number:&lt;/div&gt;&lt;/td&gt;&lt;td nowrap valign=middle colSpan=2 rowSpan=1&gt;&lt;div class=&quot;mceGridField&quot;&gt;&lt;script&gt;SWEWriteObjectTag(this,&apos;&lt;object id=s_3_1_53_0 CLASSID=&quot;CLSID:1cb4ef94-8549-471a-b73f-54ff5c244212&quot; HEIGHT=24 WIDTH=120&gt;&lt;/object&gt;&apos;);&lt;/script&gt;&lt;/div&gt;&lt;/td&gt;&lt;/tr&gt;&lt;tr&gt;&lt;td style=&quot;height:24;&quot;&gt;&lt;/td&gt;&lt;td rowSpan=1 colSpan=5&gt;&lt;/td&gt;&lt;td rowSpan=1 colSpan=1&gt;&lt;/td&gt;&lt;td nowrap valign=middle colSpan=3 rowSpan=1&gt;&lt;div class=&quot;mceGridField&quot;&gt;&lt;span id=s_3_1_21_0&gt;&amp;nbsp;&lt;/span&gt;&lt;/div&gt;&lt;/td&gt;&lt;td rowSpan=1 colSpan=1&gt;&lt;/td&gt;&lt;td nowrap valign=middle colSpan=6 rowSpan=1&gt;&lt;div class=&quot;mceGridField&quot;&gt;&lt;span id=s_3_1_22_0&gt;&amp;nbsp;&lt;/span&gt;&lt;/div&gt;&lt;/td&gt;&lt;td rowSpan=1 colSpan=3&gt;&lt;/td&gt;&lt;td nowrap valign=middle colSpan=1 rowSpan=1&gt;&lt;div class=&quot;mceGridField&quot;&gt;&lt;span id=s_3_1_99_0&gt;&amp;nbsp;&lt;/span&gt;&lt;/div&gt;&lt;/td&gt;&lt;td rowSpan=1 colSpan=1&gt;&lt;/td&gt;&lt;td rowSpan=1 colSpan=5&gt;&lt;/td&gt;&lt;/tr&gt;&lt;/table&gt;&lt;/div&gt;&lt;/div&gt;&lt;/span&gt;&lt;/td&gt;&lt;/tr&gt;&lt;/table&gt;&lt;/div&gt;&lt;/form&gt;
&lt;a id=&quot;SWEBottomHidden3&quot; href=&quot;javascript:void(0);&quot; tabindex=&quot;3999&quot; onfocus=&quot;document.getElementById(&apos;SWETopHidden3&apos;).focus();&quot;&gt;&lt;/a&gt;&lt;/div&gt;&lt;table datatable=&quot;0&quot; summary=&quot;&quot; width=&quot;100%&quot; border=&quot;0&quot; cellspacing=&quot;0&quot; cellpadding=&quot;3&quot;&gt;&lt;tr valign=&quot;top&quot;&gt;&lt;td width=&quot;50%&quot;&gt;&lt;/td&gt;&lt;td width=&quot;50%&quot;&gt;&lt;/td&gt;&lt;/tr&gt;&lt;/table&gt;&lt;/div&gt;&lt;script&gt;

SWEIsHighInteract = true; Top().SWEIsHighInteract = true;
if (typeof(top._samePage) != &apos;undefined&apos; &amp;&amp; top._samePage!=&quot;&quot;) top._samePage = &quot;&quot;;
if (top.opener == null || typeof top.opener.swetop == &apos;unknown&apos; || typeof top.opener.swetop == &apos;undefined&apos;) top._swe._sweapp.S_App.SWECount = 63;
else top.opener.top._swe._sweapp.S_App.SWECount = 63;
g_bInitialized = true;

if(typeof(top._swescript)!=&apos;undefined&apos; &amp;&amp; top._swescript!=null)top._swescript.InitApplet(&quot;BT Order Entry - Order Form Applet Dashboard (Sales)&quot;,&quot;SWEApplet1&quot;,&quot;Order Entry - Line Items Detail View (Sales)&quot;,3, this);
if (top._swescript!=null) top._swescript.InitMethod(&quot;GotoAppletMenu&quot;, this, &quot;s_at_m_1&quot;, null, null);
if(top._swe._sweapp._JMenuObj == null)                  
top._swe._sweapp._JMenuObj = new top._swe._sweapp.JMenu();
top._swe._sweapp._JMenuObj.BindAXObj (this.document.getElementById(&quot;s_at_m_1Ax&quot;),&apos;Applet&apos;, &apos;BT Order Entry - Order Form Applet Dashboard (Sales\)&apos;, this.document.getElementById(&quot;s_at_m_1&quot;), &quot;s_at_m_1&quot;);
document.oncontextmenu = HandleContextMenu;
if(typeof(top._swescript)!=&apos;undefined&apos; &amp;&amp; top._swescript!=null)top._swescript.InitApplet(&quot;BT Order Entry - Line Item List Applet (Sales)&quot;,&quot;SWEApplet2&quot;,&quot;Order Entry - Line Items Detail View (Sales)&quot;,6, this);
if (top._swescript!=null) top._swescript.InitMethod(&quot;GotoAppletMenu&quot;, this, &quot;s_at_m_2&quot;, null, null);
if(top._swe._sweapp._JMenuObj == null)                  
top._swe._sweapp._JMenuObj = new top._swe._sweapp.JMenu();
top._swe._sweapp._JMenuObj.BindAXObj (this.document.getElementById(&quot;s_at_m_2Ax&quot;),&apos;Applet&apos;, &apos;BT Order Entry - Line Item List Applet (Sales\)&apos;, this.document.getElementById(&quot;s_at_m_2&quot;), &quot;s_at_m_2&quot;);
document.oncontextmenu = HandleContextMenu;
if(typeof(top._swescript)!=&apos;undefined&apos; &amp;&amp; top._swescript!=null)top._swescript.InitApplet(&quot;BT Order Entry - Line Item Form Applet&quot;,&quot;SWEApplet3&quot;,&quot;Order Entry - Line Items Detail View (Sales)&quot;,3, this);
if (top._swescript!=null) top._swescript.InitMethod(&quot;GotoAppletMenu&quot;, this, &quot;s_at_m_3&quot;, null, null);
if(top._swe._sweapp._JMenuObj == null)                  
top._swe._sweapp._JMenuObj = new top._swe._sweapp.JMenu();
top._swe._sweapp._JMenuObj.BindAXObj (this.document.getElementById(&quot;s_at_m_3Ax&quot;),&apos;Applet&apos;, &apos;BT Order Entry - Line Item Form Applet&apos;, this.document.getElementById(&quot;s_at_m_3&quot;), &quot;s_at_m_3&quot;);
document.oncontextmenu = HandleContextMenu;

&lt;/script&gt;
&lt;script for=window event=onunload&gt;
top._swe._sweapp.S_App.SetLayoutUnloaded(&quot;View&quot;, &quot;Order Entry - Line Items Detail View (Sales)&quot;);
&lt;/script&gt;
&lt;script for=window event=onload&gt;
top._swe._sweapp.S_App.SetLayoutLoaded(&quot;View&quot;, &quot;Order Entry - Line Items Detail View (Sales)&quot;, window, &quot;&quot;);
&lt;/script&gt;
&lt;/body&gt;&lt;/html&gt;</responseData>
  <responseFile class="java.lang.String"></responseFile>
  <cookies class="java.lang.String">_sn=GXmoeGkdwh1O45lrH7mMIZnLMWvqHkVWiQKqDOICOq1fi95anXYMaCRAX879ujDRD9kS4J75N4kGDX576Q2AKmwZPUBih-4NS80Pc1189OxasEbdAsHiEtIhcnCzZ0zWb5V6QpVraL0TTGU4ktkGZq374g8C0pUBRhKVASKeW21TgUW5eIkswq97I-.qG-kr; _srn=_srn; SWEUAID=SWEUAID</cookies>
  <method class="java.lang.String">GET</method>
  <queryString class="java.lang.String"></queryString>
  <java.net.URL>http://localhost:8080/ecommunications_enu_nsm_aps05524a027/start.swe?SWECmd=GetViewLayout&amp;SWEView=Order+Entry+-+Line+Items+Detail+View+%28Sales%29&amp;SWEVI=&amp;SWEVLC=3-2NTUN-318_Siebel%2BPower%2BCommunications_43%257c1592409810%257c0_0_23048_PATCHSET18PATCHSET18PATCHSET18_L&amp;SRN=xK7T2pIB2ZOV15hwlQxQF5reKcoUB8VpMTZr7we8uAEb</java.net.URL>
</httpSample>
<httpSample t="{{\d+}}" it="0" lt="{{\d+}}" ct="{{\d+}}" ts="{{\d+}}" s="true" lb="{{\d+}} /ecommunications_enu_nsm_aps05524a027/start.swe" rc="200" rm="OK" tn="Thread Group 1-1" dt="text" de="utf-8" by="2032" sby="860" sc="1" ec="0" ng="1" na="1" hn="{{.*?}}">
  <responseHeader class="java.lang.String">HTTP/1.1 200 OK
Connection: close
Server: Oracle-iPlanet-Web-Server/7.0
Date: Tue, 23 Jun 2020 13:04:37 GMT
Content-Language: en
Cache-Control: no-cache
Swerpc: true
Content-Type: text/html;charset=utf-8
Connection: close
Matched-Stub-Id: {{\w+-\w+-\w+-\w+-\w+}}
Vary: Accept-Encoding, User-Agent
</responseHeader>
  <requestHeader class="java.lang.String">Connection: close
Content-Type: application/x-www-form-urlencoded
DNT: 1
Accept-Encoding: deflate
Pragma: no-cache
User-Agent: Mozilla/4.0 (compatible; MSIE 7.0; Windows NT 6.3; WOW64; Trident/7.0; .NET4.0E; .NET4.0C; .NET CLR 3.5.30729; .NET CLR 2.0.50727; .NET CLR 3.0.30729)
Accept: text/html, image/gif, image/jpeg, *; q=.2, */*; q=.2
Content-Length: 172
Host: localhost:8080
</requestHeader>
  <responseData class="java.lang.String">@0`1`4`3``0`UC`1`Status`OK`SWEC`64`SRN`xK7T2pIB2ZOV15hwlQxQF5reKcoUB8VpMTZr7we8uAEb`1`0`ResultSet`0`BTSFlg`Y`0`8`Notifications`0`2`0``0`OP`bn`bc`S_BC1`7`0``0`br`0`ArgsArray`52*BT Order Entry - Order Form Applet Dashboard (Sales)1*1`size`1`cr`0`OP`g`bc`S_BC1`type`SWEIRowSelection`7`0``0`br`0`ArgsArray`52*BT Order Entry - Order Form Applet Dashboard (Sales)10**HTML Link1*123**Billing Account Number1*121**Billing Profile Link1*1`size`1`cr`0`OP`g`bc`S_BC1`type`SWEICanNavigate`2`0``0`OP`en`bc`S_BC1`2`0``0`OP`bn`bc`S_BC2`7`0``0`br`0`ArgsArray`38*BT Order Entry - Line Item Form Applet1*1`size`16`cr`6`OP`g`bc`S_BC2`type`SWEIRowSelection`7`0``0`br`0`ArgsArray`46*BT Order Entry - Line Item List Applet (Sales)1*11*01*01*01*01*01*0`size`16`cr`6`OP`g`bc`S_BC2`type`SWEIRowSelection`2`0``0`OP`en`bc`S_BC2`1`6`Command Manager`0`RefreshToolbar`true`7`0`StateToolBar`0`#35`true`#36`true`#17`true`#34`true`#8`false`#37`true`#38`true`0`1`StateExToolBar`0`1`0`#35`0`Checked`false`0`3`FlagsToolBar`0`3`0`#8`0`SWESP`true`SWEH`0`SWEW`0`3`0`#34`0`SWESP`true`SWEH`600`SWEW`800`3`0`#36`0`SWESP`true`SWEH`20`SWEW`380`17`0`State`0`#249`true`#246`false`#27`false`#252`false`#26`false`#248`false`#247`true`#256`true`#28`false`#244`false`#251`true`#245`true`#255`true`#254`true`#253`false`#257`true`#250`false`0`3`StateEx`0`0`0`#26`0`0`0`#27`0`1`0`#28`0`Checked`false`0`9`Flags`0`3`0`#244`0`SWESP`true`SWEH`0`SWEW`0`3`0`#246`0`SWESP`true`SWEH`550`SWEW`300`3`0`#251`0`SWESP`true`SWEH`230`SWEW`420`3`0`#252`0`SWESP`true`SWEH`200`SWEW`400`3`0`#253`0`SWESP`true`SWEH`0`SWEW`0`3`0`#254`0`SWESP`true`SWEH`20`SWEW`380`3`0`#255`0`SWESP`true`SWEH`290`SWEW`470`3`0`#256`0`SWESP`true`SWEH`20`SWEW`380`3`0`#257`0`SWESP`true`SWEH`290`SWEW`470`</responseData>
  <responseFile class="java.lang.String"></responseFile>
  <cookies class="java.lang.String">_sn=GXmoeGkdwh1O45lrH7mMIZnLMWvqHkVWiQKqDOICOq1fi95anXYMaCRAX879ujDRD9kS4J75N4kGDX576Q2AKmwZPUBih-4NS80Pc1189OxasEbdAsHiEtIhcnCzZ0zWb5V6QpVraL0TTGU4ktkGZq374g8C0pUBRhKVASKeW21TgUW5eIkswq97I-.qG-kr; _srn=_srn; SWEUAID=SWEUAID</cookies>
  <method class="java.lang.String">POST</method>
  <queryString class="java.lang.String">SWEC=63&amp;SWEMethod=DashBoardAppletLoadBR&amp;SWERPC=1&amp;SWECmd=InvokeMethod&amp;SRN=xK7T2pIB2ZOV15hwlQxQF5reKcoUB8VpMTZr7we8uAEb&amp;SWEIPS=%400*0*0*0*0*3*0*&amp;SWEService=BT+Masking+Service</queryString>
  <java.net.URL>http://localhost:8080/ecommunications_enu_nsm_aps05524a027/start.swe</java.net.URL>
</httpSample>
<httpSample t="{{\d+}}" it="0" lt="{{\d+}}" ct="{{\d+}}" ts="{{\d+}}" s="true" lb="{{\d+}} /ecommunications_enu_nsm_aps05524a027/start.swe" rc="200" rm="OK" tn="Thread Group 1-1" dt="text" de="utf-8" by="58013" sby="1582" sc="1" ec="0" ng="1" na="1" hn="{{.*?}}">
  <responseHeader class="java.lang.String">HTTP/1.1 200 OK
Connection: close
Server: Oracle-iPlanet-Web-Server/7.0
Date: Tue, 23 Jun 2020 13:04:52 GMT
Content-Language: en
Cache-Control: no-cache
Swerpc: true
Content-Type: text/html;charset=utf-8
Matched-Stub-Id: {{\w+-\w+-\w+-\w+-\w+}}
Vary: Accept-Encoding, User-Agent
</responseHeader>
  <requestHeader class="java.lang.String">Connection: close
Content-Type: application/x-www-form-urlencoded
DNT: 1
Accept-Encoding: deflate
Pragma: no-cache
User-Agent: Mozilla/4.0 (compatible; MSIE 7.0; Windows NT 6.3; WOW64; Trident/7.0; .NET4.0E; .NET4.0C; .NET CLR 3.5.30729; .NET CLR 2.0.50727; .NET CLR 3.0.30729)
Accept: text/html, image/gif, image/jpeg, *; q=.2, */*; q=.2
Content-Length: 894
Host: localhost:8080
</requestHeader>
  <responseData class="java.lang.String">@0`1`7`3``0`Target`top._sweclient._swecontent._sweview`UC`1`ViewId``Status`NewLayout`View`BT Billing Account Profile view`SWEC`65`SRN`xK7T2pIB2ZOV15hwlQxQF5reKcoUB8VpMTZr7we8uAEb`0`4`api`0`2`0`sc`0`rqc`65`v`15*Banking Details15*BankAccountName17*Bank Account Name10*BankBranch14*Bank Sort Code11*Bank Branch28*BT Direct Debit Mandate Calc20*Direct Debit Mandate22*BT SingleSignatoryFlag22*Dual Signatory Account24*BT Single Signatory Flag17*BankAccountNumber16*Bank Account No.29*Bank Account Number - Display29*BT Account Holder Online Flag21*Account Holder Online21*BankAuthorizationflag5*Valid23*Bank Authorization flag19*BT Send Letter Flag16*Send Letter Flag15*ShowDeclaration19*ValidateBankAccount23*BT Direct Debit Mandate11*Declaration21*Valdiate Bank Details14*LabelAccountId14*LabelAddressId20*LabelBankAccountName22*LabelBankAccountNumber20*LabelBankAccountType15*BankAccountType26*LabelBankAuthorizationflag15*LabelBankBranch21*LabelBankLanguageCode16*BankLanguageCode19*LabelBankLanguageId14*BankLanguageId13*LabelBankName8*BankName16*LabelBillAverage11*BillAverage14*LabelBillCycle9*BillCycle17*LabelBillCycleDay12*BillCycleDay18*LabelBillFrequency13*BillFrequency17*LabelBillSequence12*BillSequence15*LabelBillSource10*BillSource13*LabelBillType8*BillType17*LabelBillVendorId12*BillVendorId20*LabelBillingAccount#15*BillingAccount#22*LabelBudgetBillingFlag17*BudgetBillingFlag9*LabelCity20*LabelCollectionsFlag15*CollectionsFlag21*LabelContactFirstName20*LabelContactFullName14*LabelContactId20*LabelContactLastName12*LabelCountry13*LabelCPNIDate8*CPNIDate13*LabelCPNIFlag8*CPNIFlag12*LabelCreated14*LabelCreatedBy9*CreatedBy24*LabelCreditCardBlockFlag19*CreditCardBlockFlag26*LabelCreditCardBlockReason21*CreditCardBlockReason23*LabelCreditCardCategory18*CreditCardCategory29*LabelCreditCardExpirationDate24*CreditCardExpirationDate19*LabelCreditCardName14*CreditCardName21*LabelCreditCardNumber16*CreditCardNumber19*LabelCreditCardType14*CreditCardType15*LabelDaysToCash10*DaysToCash16*LabelEmailBillTo11*EmailBillTo33*LabelExternalBillingAccountNumber28*ExternalBillingAccountNumber37*LabelExternalBillingAccountNumber-Old32*ExternalBillingAccountNumber-Old16*LabelExtraCopies11*ExtraCopies7*LabelId26*LabelInterestatInvoiceFlag21*InterestatInvoiceFlag19*LabelLastBillAmount14*LastBillAmount17*LabelLastBillDate12*LastBillDate14*LabelMediaType9*MediaType9*LabelName18*LabelNoPayFormFlag13*NoPayFormFlag27*LabelNumberofManualInvoices22*NumberofManualInvoices18*LabelPaymentMethod13*PaymentMethod22*LabelPaymentMethodCalc17*PaymentMethodCalc15*LabelPostalCode29*LabelReasonforManualOutsource24*ReasonforManualOutsource21*LabelRepeatDebtorFlag16*RepeatDebtorFlag10*LabelRowId5*RowId22*LabelStandingOrderFlag17*StandingOrderFlag10*LabelState18*LabelStatementFlag13*StatementFlag11*LabelStatus18*LabelStreetAddress12*LabelUpdated14*LabelUpdatedBy9*UpdatedBy29*LabelYearlyAdvancePaymentFlag24*YearlyAdvancePaymentFlag23*Payment Mandate Details17*BTNextPaymentDate17*Next Payment Date20*BT Next Payment Date22*BT Future Payment Date19*Future Payment Date16*BTPaymentHoliday15*Payment Holiday18*BT Payment Holiday14*BTMPPRefundAmt14*BTMPPMaxRefund17*BT Account Status14*Account Status23*Payment Holiday Options14*Transaction Id17*BT Transaction Id22*Secret Question/Answer24*Security Question/Answer11*OnEscapeKey13*BT MPP Amount8*Calc MPP10*Max Refund21*Request Refund Amount12*SetMPPRefund14*Billing Period14*Bill Frequency9*Bill Type19*BT Bill Format QABA11*Bill Format17*BT MPP Max Refund14*Payment Amount7* Amount11*Payment Day3*Day23*BT MPP Payment Day Calc20*PickList BTBALMPPDAY24*Actual MPP Refund Amount7* Refund17*BT MPP Refund Amt16*BTBillingService15*Billing Service17*BTAccessClicknBuy16*Access Click&amp;Buy17*View CSS Invoices26*View Migrated CSS Invoices20*Go To Billing Portal15*Name Correction12*Compensation9*EasyClaim10*LaunchTask7*Cus Typ21*PickList Account Type19*BTModifyNameAddress30*Modify Billing Name &amp;  Address22*BTModifyBillingDetails11*BT Goto CSS9*Go To CSS9*BTGoToCSS3*Lng19*BT Billing Language8*Acc Calc22*Transaction&lt;br&gt; Status28*BT Billing Account Name Calc17*BTMigrationMarker19*BT Migration Marker16*HCS DD Cancelled29*Credit Agreement DD Cancelled14*HCSDDCancelled35*Credit Agreement Offering Repayment32*CreditAgreementOfferingRepayment14*CreatedBy Name24*ReadAuditSubAccountsCalc19*Audited SubAccounts26*ReadAudit SubAccounts Calc13*BTCustomerNo.12*Customer No.15*BT Customer No.14*Account Number15*BTBillingSystem14*Billing System17*MasterAccountName19*Master Account Name13*BT Sub Status21*BT Billing Sub Status13*BT Optin Flag17*Bill Notification15*ParentAccountId17*Parent Account Id16*BT Full Address112*Billing Name15*BT Address Full15*Billing Address8*Language29*BT Billing Transaction Status26*Billing Transaction Status29*BT Account Consolidation Type25*BT Secondary Billing Name22*Secondary Billing Name10*BT Pre Pay7*eWallet22*PrimaryContactLastName25*Primary Contact Last Name10*eWalletPIN9*JPassword11*eWallet PIN13*BT Wallet PIN23*PrimaryContactFirstName26*Primary Contact First Name17*ConfirmeWalletPIN19*Confirm eWallet PIN19*BT PIN Confirmation21*BT Account Designator18*Account Designator31*BT Account Designator Pick List9*Dual Name92*&lt;span id=&apos;myId&apos;&gt;Dual Name&lt;/span&gt;&lt;script&gt;top.myCtrl=document.getElementById(&apos;myId&apos;);&lt;/script&gt;23*BT Billing Account Name20*BTResolveDiagnostics12*GoToHomePage14*BAC Cease Date11*DateCreated15*Go To Home Page10*Payee Name20*Threshold call level9*BT FOLLOW6*BT ICB23*BT Location Description8*DCA Name18*BT Street Address215*BTCreateContact14*BTCustomerType13*Discount Plan18*Product Descriptor23*LabelAccountCompetitors18*AccountCompetitors21*LabelAccountCondition16*AccountCondition16*LabelAccountFlag11*AccountFlag19*LabelAccountMarkets14*AccountMarkets20*LabelAccountProducts15*AccountProducts18*LabelAccountStatus30*LabelAccountStatusChangeReason25*AccountStatusChangeReason22*LabelAccountStatusDate17*AccountStatusDate17*LabelAccountTrend12*AccountTrend20*LabelAccountTypeCode21*LabelAgreementEndDate16*AgreementEndDate18*LabelAgreementName13*AgreementName23*LabelAgreementStartDate18*AgreementStartDate20*LabelAgreementStatus15*AgreementStatus10*LabelAlias18*LabelAnnualRevenue13*AnnualRevenue23*LabelAssignmentAreaCode26*LabelAssignmentCountryCode25*LabelAssignmentDenormFlag20*AssignmentDenormFlag23*LabelAssignmentExcluded18*AssignmentExcluded25*LabelAssignmentManualFlag20*AssignmentManualFlag25*LabelAssignmentSystemFlag20*AssignmentSystemFlag15*LabelBillToCity10*BillToCity18*LabelBillToCountry13*BillToCountry20*LabelBillToFirstName15*BillToFirstName19*LabelBillToJobTitle14*BillToJobTitle19*LabelBillToLastName14*BillToLastName21*LabelBillToPostalCode16*BillToPostalCode16*LabelBillToState11*BillToState24*LabelBillToStreetAddress19*BillToStreetAddress16*LabelBTAccountId11*BTAccountId14*LabelBTAddress9*BTAddress20*LabelBTBillingSystem20*LabelBTCherishedName15*BTCherishedName18*LabelBTCustomerNo.20*LabelBTIntegrationId15*BTIntegrationId27*LabelBTPrimaryContactNumber22*BTPrimaryContactNumber15*LabelBTProvince10*BTProvince17*LabelBTStreetName12*BTStreetName19*LabelBTStreetNumber14*BTStreetNumber21*LabelBTSystemInstance16*BTSystemInstance17*LabelBuildingDate12*BuildingDate20*LabelBusinessProfile15*BusinessProfile16*LabelBuyingStyle11*BuyingStyle15*LabelCensusCode10*CensusCode15*LabelClientFlag10*ClientFlag17*LabelCogeneration12*Cogeneration21*LabelComAccountBitmap16*ComAccountBitmap15*LabelCompetitor11*LabelCounty23*LabelCreditAgencyNumber18*CreditAgencyNumber17*LabelCreditRating12*CreditRating16*LabelCreditScore11*CreditScore17*LabelCurrencyCode12*CurrencyCode25*LabelCustomerAccountGroup20*CustomerAccountGroup18*LabelCustomerSince13*CustomerSince15*LabelDateFormed10*DateFormed15*LabelDeDupToken10*DeDupToken28*LabelDeduplicationMatchScore23*DeduplicationMatchScore26*LabelDeduplicationObjectId21*DeduplicationObjectId15*LabelDescriptor25*LabelDisableDataCleansing20*DisableDataCleansing20*LabelDisableMailings15*DisableMailings13*LabelDivision8*Division25*LabelDomesticUltimateDUNS26*LabelDrugSpentCurrencyCode21*DrugSpentCurrencyCode10*LabelDummy5*Dummy16*LabelDUNSIntcode11*DUNSIntcode15*LabelDUNSNumber10*DUNSNumber17*LabelEmployeeHere12*EmployeeHere14*LabelEmployees14*LabelExpertise18*LabelExplorerLabel13*ExplorerLabel17*LabelFacilityFlag12*FacilityFlag14*LabelFaxNumber9*FaxNumber21*LabelFederalTaxNumber16*FederalTaxNumber18*LabelFiscalYearEnd13*FiscalYearEnd23*LabelGlobalUltimateDUNS10*LabelGoals5*Goals24*LabelGrossPotentialValue19*GrossPotentialValue18*LabelGroupTypeCode13*GroupTypeCode15*LabelHeatedArea10*HeatedArea13*LabelHomePage13*LabelIndustry22*LabelIndustryCondition17*IndustryCondition18*LabelIndustryTrend13*IndustryTrend20*LabelInternalOrgFlag15*InternalOrgFlag17*LabelInvestorFlag12*InvestorFlag18*LabelJoinedSynonym13*JoinedSynonym19*LabelKeyCompetitors14*KeyCompetitors13*LabelLanguage17*LabelLanguageCode12*LanguageCode18*LabelLastYearSales13*LastYearSales16*LabelLegalStatus11*LegalStatus18*LabelLifeTimeValue13*LifeTimeValue19*LabelLineofBusiness14*LineofBusiness13*LabelLocation18*LabelLocationLevel13*LocationLevel18*LabelMainFaxNumber20*LabelMainPhoneNumber16*LabelMarketClass11*MarketClass15*LabelMarketType10*MarketType20*LabelMasterAccountId15*MasterAccountId22*LabelMasterAccountName24*LabelMasterAccountNumber19*MasterAccountNumber12*LabelMission7*Mission23*LabelModificationNumber18*ModificationNumber14*LabelNoofBldgs9*NoofBldgs15*LabelNoofFloors10*NoofFloors10*LabelNotes15*LabelObjectives10*Objectives18*LabelOccupancyDate13*OccupancyDate25*LabelOpenMarketRetailFlag20*OpenMarketRetailFlag17*LabelOrganization19*LabelOrganizationId14*OrganizationId16*LabelOurPosition11*OurPosition13*LabelOwn/Rent8*Own/Rent26*LabelParentAccountDivision21*ParentAccountDivision20*LabelParentAccountId26*LabelParentAccountLocation21*ParentAccountLocation31*LabelParentAccountLocationLevel26*ParentAccountLocationLevel22*LabelParentAccountName17*ParentAccountName24*LabelParentAccountNumber19*ParentAccountNumber24*LabelParentAccountRegion19*ParentAccountRegion26*LabelParentAccountTypeCode21*ParentAccountTypeCode30*LabelParentAccountTypeCodeCalc25*ParentAccountTypeCodeCalc17*LabelParentHQDUNS12*ParentHQDUNS16*LabelPartnerFlag11*PartnerFlag13*LabelPartners8*Partners14*LabelPartyName9*PartyName18*LabelPartyTypeCode13*PartyTypeCode13*LabelPartyUId8*PartyUId13*LabelPassword8*Password15*LabelPhilosophy10*Philosophy16*LabelPhoneNumber11*PhoneNumber15*LabelPopulation10*Population8*Position15*LabelPositionId10*PositionId22*LabelPositionTerritory17*PositionTerritory33*LabelPreferredCommunicationMethod28*PreferredCommunicationMethod14*LabelPriceList16*LabelPriceListId11*PriceListId21*LabelPrimaryAddressId16*PrimaryAddressId32*LabelPrimaryAssignmentDenormFlag27*PrimaryAssignmentDenormFlag32*LabelPrimaryAssignmentManualFlag27*PrimaryAssignmentManualFlag32*LabelPrimaryAssignmentSystemFlag27*PrimaryAssignmentSystemFlag26*LabelPrimaryAssignmentType21*PrimaryAssignmentType27*LabelPrimaryBillToAddressId22*PrimaryBillToAddressId26*LabelPrimaryBillToPersonId21*PrimaryBillToPersonId22*LabelPrimaryCategoryId17*PrimaryCategoryId37*LabelPrimaryContactAuthorizationLevel32*PrimaryContactAuthorizationLevel29*LabelPrimaryContactCommMethod24*PrimaryContactCommMethod22*LabelPrimaryContactFax17*PrimaryContactFax28*LabelPrimaryContactFirstName28*LabelPrimaryContactHomePhone23*PrimaryContactHomePhone21*LabelPrimaryContactId16*PrimaryContactId27*LabelPrimaryContactLastName23*LabelPrimaryContactName18*PrimaryContactName27*LabelPrimaryContactPassword22*PrimaryContactPassword28*LabelPrimaryContactWorkPhone23*PrimaryContactWorkPhone40*LabelPrimaryFulfillmentInventoryLocation35*PrimaryFulfillmentInventoryLocation31*LabelPrimaryFulfillmentInvLocID26*PrimaryFulfillmentInvLocID22*LabelPrimaryIndustryId17*PrimaryIndustryId24*LabelPrimaryOrganization19*PrimaryOrganization26*LabelPrimaryOrganizationId21*PrimaryOrganizationId22*LabelPrimaryPositionId17*PrimaryPositionId30*LabelPrimaryServiceAgreementId25*PrimaryServiceAgreementId27*LabelPrimaryShipToAddressId22*PrimaryShipToAddressId26*LabelPrimaryShipToPersonId21*PrimaryShipToPersonId21*LabelPrimarySynonymId16*PrimarySynonymId23*LabelPrimaryTerritoryId18*PrimaryTerritoryId18*LabelPrimaryTypeId13*PrimaryTypeId11*LabelProfit6*Profit11*LabelPublic6*Public18*LabelReferenceFlag13*ReferenceFlag11*LabelRegion6*Region17*LabelResponseTime12*ResponseTime12*LabelRevenue17*LabelRevenueClass18*LabelRevenueGrowth13*RevenueGrowth19*LabelRevisionNumber14*RevisionNumber14*LabelRowStatus9*RowStatus13*LabelSalesRep20*LabelServiceCalendar15*ServiceCalendar24*LabelServiceProviderFlag19*ServiceProviderFlag16*LabelServiceType11*ServiceType23*LabelServicingCompanies18*ServicingCompanies15*LabelShipToCity18*LabelShipToCountry20*LabelShipToFirstName15*ShipToFirstName19*LabelShipToJobTitle14*ShipToJobTitle19*LabelShipToLastName14*ShipToLastName21*LabelShipToPostalCode16*ShipToPostalCode16*LabelShipToState24*LabelShipToStreetAddress19*ShipToStreetAddress12*LabelSICCode7*SICCode13*LabelSiteType8*SiteType18*LabelSquareFootage13*SquareFootage15*LabelStrategies10*Strategies18*LabelStructureType13*StructureType19*LabelSuccessFactors14*SuccessFactors26*LabelSupplyCharacteristics21*SupplyCharacteristics12*LabelSynonym7*Synonym20*LabelTaxJurisdiction15*TaxJurisdiction14*LabelTerritory9*Territory16*LabelTerritoryId11*TerritoryId9*LabelType12*LabelTypeMVF7*TypeMVF14*LabelUnionized9*Unionized17*LabelUsagePattern12*UsagePattern19*LabelWeatherization14*Weatherization23*LabelYTDNetContribution18*YTDNetContribution13*LabelYTDSales8*YTDSales10*MPP Amount18*Billing Profile Id29*BT Billing Account Notes View31*BT Billing Account Profile view7*Profile36*BT BAL Billing Account Invoices View15*Geneva Invoices39*BT Geneva Billing Account Payments View37*BT Billing Account Credit Alerts View13*Credit Alerts42*BT Billing Account Complaints Enquiry View30*BT Billing Account Order  View31*BT Billing Account Contact View35*BT BAL Billing Account Letters View12*Letters List36*BT Billing Account BAL Payments View17*Ledgered Payments32*BT Billing Account Activity View48*BT BAL Billing Account Billed Usage Summary View20*Billed Usage Summary29*BT Billing Account Asset View34*BT Billing Account All Assets View10*All Assets35*BT Billing Account Itemisation View11*Itemisation36*BT Billing Account Interactions View38*BT Billing Account Calling Circle View14*Calling Circle32*BT Billing Account Invoices View12*CSS Invoices31*BT Billing Account Summary View11*CSS Summary39*BT Billing Account Payment Details View19*CSS Payment Details50*BT BAL Billing Account Unbilled Usage Summary View18*Geneva A/C Summary38*BT Billing Account Collated Notes View33*BT All Billing Accounts List View23*BT Billing Account List37*BT BAL Billing Account Call List View9*Call List50*BT BAL Billing Account Unbilled Usage Details View22*Unbilled Usage Details19*Billing Preferences35*BT Billing Account ODD Profile View11*ODD Details22*BT BAL Bill Cycle View`0`1`nbo`0`2`3`boi`3``n`BT Billing Account`z``0`1`nbc`0`2`2`bci`3`S_BC3`n`CUT Invoice Sub Accounts`shd`32*CUT_Invoice_Sub_Accounts_BusComp66*srf1592409810_444/bscripts/all/buscomp_cut_invoice_sub_accounts.js`0`28`fl`0`10`0`f`0`itx`1`n`119`sc`0`irq`1`l`30`ibp`1`crf`215`dft`5`t`220`dn`2432`10`0`f`0`itx`1`n`2441`sc`0`ipc`1`l`15`ibp`1`crf`215`dft`5`t`214`dn`2440`10`0`f`0`itx`1`n`2444`sc`0`icl`1`l`255`crf`215`dft`5`iro`1`t`220`dn`2443`8`0`f`0`itx`1`n`2446`sc`0`l`1`crf`215`dft`5`t`218`dn`2445`9`0`f`0`itx`1`n`144`sc`0`l`50`crf`215`dft`5`iro`1`t`220`dn`2452`10`0`f`0`itx`1`n`2455`sc`0`icl`1`l`255`crf`215`dft`5`iro`1`t`220`dn`2454`9`0`f`0`itx`1`n`2458`sc`0`l`30`crf`215`dft`5`iro`1`t`220`dn`2457`10`0`f`0`itx`1`n`333`sc`0`icl`1`l`255`crf`215`dft`5`iro`1`t`220`dn`333`10`0`f`0`itx`1`n`2459`sc`0`ipc`1`irq`1`l`30`crf`215`dft`5`t`220`dn`340`11`0`f`0`itx`1`n`883`sc`0`ipc`1`irq`1`l`10`ibp`1`crf`215`dft`5`t`220`dn`2461`11`0`f`0`itx`1`n`2394`sc`0`ipc`1`irq`1`l`30`ibp`1`crf`215`dft`5`t`220`dn`115`10`0`f`0`itx`1`n`2463`sc`0`irq`1`l`100`crf`215`dft`5`iro`1`t`220`dn`896`9`0`f`0`itx`1`n`2464`sc`0`l`30`ibp`1`crf`215`dft`5`t`220`dn`161`8`0`f`0`itx`1`n`2466`sc`0`l`1`crf`215`dft`5`t`218`dn`2467`8`0`f`0`itx`1`n`2469`sc`0`l`15`crf`215`dft`5`t`214`dn`2469`10`0`f`0`itx`1`n`2472`sc`0`icl`1`l`255`crf`215`dft`5`iro`1`t`220`dn`2472`10`0`f`0`itx`1`n`2475`sc`0`icl`1`l`255`crf`215`dft`5`iro`1`t`220`dn`2476`9`0`f`0`itx`1`n`2477`sc`0`l`50`ibp`1`crf`215`dft`5`t`220`dn`2477`9`0`f`0`itx`1`n`2478`sc`0`ipc`1`l`50`crf`215`dft`5`t`220`dn`2478`8`0`f`0`itx`1`n`2480`sc`0`l`1`crf`215`dft`5`t`218`dn`2480`9`0`f`0`itx`1`n`2483`sc`0`irq`1`l`50`crf`215`dft`5`t`220`dn`2483`9`0`f`0`itx`1`n`2487`sc`0`ipc`1`l`50`crf`215`dft`5`t`220`dn`2487`9`0`f`0`itx`1`n`2489`sc`0`irq`1`l`50`crf`215`dft`5`t`220`dn`2489`9`0`f`0`itx`1`n`2492`sc`0`ipc`1`l`50`crf`215`dft`5`t`220`dn`2492`9`0`f`0`itx`1`n`573`sc`0`irq`1`l`30`crf`215`dft`5`t`220`dn`573`9`0`f`0`itx`1`n`2493`sc`0`l`30`ibp`1`crf`215`dft`5`t`220`dn`2493`9`0`f`0`itx`1`n`2498`sc`0`ipc`1`l`100`crf`215`dft`5`t`220`dn`2498`11`0`f`0`itx`1`n`183`sc`0`irq`1`l`15`crf`215`dft`5`ihn`1`iro`1`t`214`dn`183`3`2`rl`0`crnm`1`nmr`1`atr`0`2`0`r`0`v`8*Consumer7*English17* Blazemeter Demo 0*13*BB_CCPEIM50000*10*13384053562*N 10*3-61EV8C9M6*Geneva3*New15*Blazemeter Demo6*Active1*N10*3-61EV7QGN47*169 Preston Old Road&lt;BR&gt;Blackpool&lt;BR&gt;Lancashire0*18*BT Retail Customer0*0*4*Demo0*10*Blazemeter0*7*FY3 9QX6*Type 20*10*3-61EV8C9M`i`3-61EV8C9M`1`0`tr`0`v``0`1`nbc`0`3`2`bci`3`S_BC1`n`BT BAL Query Payment Mandate VBC`cdl`1`pi`S_BC3`0`4`fl`0`7`0`f`0`n`2385`sc`0`l`32`crf`215`dft`5`t`219`dn`2384`7`0`f`0`n`2386`sc`0`l`32`crf`215`dft`5`t`219`dn`2387`8`0`f`0`itx`1`n`2390`sc`0`l`255`crf`215`dft`5`t`220`dn`2389`11`0`f`0`itx`1`n`183`sc`0`irq`1`l`15`crf`215`dft`5`ihn`1`iro`1`t`214`dn`183`3`1`rl`0`inrk`1`nmr`0`atr`-1`1`0`tr`0`v``0`1`nbc`0`4`2`bci`3`S_BC2`n`Com Invoice Profile`cdl`1`cac`1`pi`S_BC3`0`23`fl`0`9`0`f`0`itx`1`n`2248`sc`0`ipc`1`l`100`crf`215`dft`5`t`220`dn`2248`9`0`f`0`itx`1`n`2251`sc`0`ipc`1`l`100`crf`215`dft`5`t`220`dn`2250`10`0`f`0`itx`1`n`2252`sc`0`icl`1`l`255`ibp`1`crf`215`dft`5`t`220`dn`2253`8`0`f`0`itx`1`n`2256`sc`0`l`1`crf`215`dft`5`t`218`dn`2255`10`0`f`0`itx`1`n`333`sc`0`icl`1`l`255`crf`215`dft`5`iro`1`t`220`dn`333`10`0`f`0`itx`1`n`2259`sc`0`icl`1`ipc`1`l`255`crf`215`dft`5`t`220`dn`2258`8`0`f`0`itx`1`n`2260`sc`0`l`1`crf`215`dft`5`t`218`dn`2261`9`0`f`0`itx`1`n`2264`sc`0`ipc`1`l`1`crf`215`dft`5`t`218`dn`2263`8`0`f`0`itx`1`n`2265`sc`0`l`1`crf`215`dft`5`t`218`dn`2266`10`0`f`0`itx`1`n`2393`sc`0`ipc`1`l`30`ibp`1`crf`215`dft`5`t`220`dn`2394`8`0`f`0`itx`1`n`749`sc`0`l`30`crf`215`dft`5`t`220`dn`750`8`0`f`0`itx`1`n`2397`sc`0`l`30`crf`215`dft`5`t`220`dn`2396`9`0`f`0`itx`1`n`778`sc`0`irq`1`l`15`crf`215`dft`5`t`214`dn`778`11`0`f`0`itx`1`n`733`sc`0`ipc`1`irq`1`l`30`ibp`1`crf`215`dft`5`t`220`dn`733`11`0`f`0`itx`1`n`2407`sc`0`ipc`1`irq`1`l`30`ibp`1`crf`215`dft`5`t`220`dn`2407`11`0`f`0`itx`1`n`2408`sc`0`ipc`1`irq`1`l`30`ibp`1`crf`215`dft`5`t`220`dn`2408`11`0`f`0`itx`1`n`2409`sc`0`icl`1`ipc`1`l`255`ibp`1`crf`215`dft`5`t`220`dn`2410`8`0`f`0`n`2411`sc`2`inm`1`l`25`crf`1888`dft`5`t`221`dn`2403`9`0`f`0`itx`1`n`751`sc`0`l`20`ibp`1`crf`215`dft`5`t`220`dn`751`9`0`f`0`n`2401`sc`2`ipc`1`inm`1`l`25`crf`1888`dft`5`t`221`dn`2906`11`0`f`0`itx`1`n`2416`sc`0`icl`1`ipc`1`l`255`ibp`1`crf`215`dft`5`t`220`dn`2415`8`0`f`0`n`2420`sc`2`inm`1`l`25`crf`1888`dft`5`t`221`dn`2419`11`0`f`0`itx`1`n`183`sc`0`irq`1`l`15`crf`215`dft`5`ihn`1`iro`1`t`214`dn`2907`3`1`rl`0`inrk`1`nmr`0`atr`-1`1`0`tr`0`v``1`1`nv`0`imv`1`6`5`vi`3``vt`STANDARD`ich`0`n`BT Billing Account Profile view`pu`http://localhost:8080/ecommunications_enu_nsm_aps05524a027/start.swe`tt`Billing Account Profile`tb`&lt;span id=&apos;s_tb&apos;&gt;&lt;table datatable=&quot;0&quot; summary=&quot;&quot; cellpadding=&quot;0&quot; cellspacing=&quot;0&quot; border=&quot;0&quot;&gt;&lt;tr&gt;&lt;td&gt;&lt;span class=&quot;threadbar&quot;&gt;&lt;a href=&apos;JavaScript:{App().GotoView(&quot;Sales Order-Browse Catalog View&quot;, &quot;&quot;, &quot;/ecommunications_enu_nsm_aps05524a027/start.swe?SWENeedContext=false&amp;SWECmd=GotoBookmarkView&amp;SWEBMC=48&amp;SWEC=65&amp;SWEBID=-1&amp;SRN=xK7T2pIB2ZOV15hwlQxQF5reKcoUB8VpMTZr7we8uAEb&amp;SWETS=&amp;SWEKeepContext=1&quot;, window);void(0)}&apos; &gt;&lt;nobr&gt;Catalog:&lt;/nobr&gt;&lt;/a&gt;&lt;/span&gt;&lt;/td&gt;&lt;td&gt;&lt;img src=&quot;images/spacer.gif&quot; width=&quot;5&quot; height=&quot;1&quot; alt=&quot;&quot;&gt;&lt;/td&gt;&lt;td&gt;&lt;span class=&quot;threadbardiv&quot;&gt;&amp;nbsp;&amp;gt;&amp;nbsp;&lt;/span&gt;&lt;/td&gt;&lt;td&gt;&lt;span class=&quot;threadbar&quot;&gt;&lt;a href=&apos;JavaScript:{App().GotoView(&quot;Sales Order-Browse Catalog Category Details View - Add to Cart&quot;, &quot;&quot;, &quot;/ecommunications_enu_nsm_aps05524a027/start.swe?SWENeedContext=false&amp;SWECmd=GotoBookmarkView&amp;SWEBMC=52&amp;SWEC=65&amp;SWEBID=-1&amp;SRN=xK7T2pIB2ZOV15hwlQxQF5reKcoUB8VpMTZr7we8uAEb&amp;SWETS=&amp;SWEKeepContext=1&quot;, window);void(0)}&apos; &gt;&lt;nobr&gt;Category:BT Broadband and BB Talk&lt;/nobr&gt;&lt;/a&gt;&lt;/span&gt;&lt;/td&gt;&lt;td&gt;&lt;img src=&quot;images/spacer.gif&quot; width=&quot;5&quot; height=&quot;1&quot; alt=&quot;&quot;&gt;&lt;/td&gt;&lt;td&gt;&lt;span class=&quot;threadbardiv&quot;&gt;&amp;nbsp;&amp;gt;&amp;nbsp;&lt;/span&gt;&lt;/td&gt;&lt;td&gt;&lt;span class=&quot;threadbar&quot;&gt;&lt;a href=&apos;JavaScript:{App().GotoView(&quot;Order Entry - Line Items Detail View (Sales\)&quot;, &quot;&quot;, &quot;/ecommunications_enu_nsm_aps05524a027/start.swe?SWENeedContext=false&amp;SWECmd=GotoBookmarkView&amp;SWEBMC=63&amp;SWEC=65&amp;SWEBID=-1&amp;SRN=xK7T2pIB2ZOV15hwlQxQF5reKcoUB8VpMTZr7we8uAEb&amp;SWETS=&amp;SWEKeepContext=1&quot;, window);void(0)}&apos; &gt;&lt;nobr&gt;Order Line Items Detail:VOL013-473260748547&lt;/nobr&gt;&lt;/a&gt;&lt;/span&gt;&lt;/td&gt;&lt;td&gt;&lt;img src=&quot;images/spacer.gif&quot; width=&quot;5&quot; height=&quot;1&quot; alt=&quot;&quot;&gt;&lt;/td&gt;&lt;td&gt;&lt;span class=&quot;threadbardiv&quot;&gt;&amp;nbsp;&amp;gt;&amp;nbsp;&lt;/span&gt;&lt;/td&gt;&lt;td&gt;&lt;span class=&quot;threadbar&quot;&gt;&lt;nobr&gt;Billing Account:&lt;/nobr&gt;&lt;/span&gt;&lt;/td&gt;&lt;td&gt;&lt;img src=&quot;images/spacer.gif&quot; width=&quot;5&quot; height=&quot;1&quot; alt=&quot;&quot;&gt;&lt;/td&gt;&lt;td&gt;&lt;/td&gt;&lt;/tr&gt;&lt;/table&gt;&lt;/span&gt;`0`1`na`0`17`2`ai`3`S_A2`nfi`1`n`BT Banking Details Form Appplet`cud`4*22601*04*22691*04*22521*04*22651*04*22541*04*22701*14*22711*13*3121*13*4781*13*4791*13*4801*14*22721*13*7791*04*22731*13*3561*04*22741*14*22471*04*22751*14*22571*04*22761*14*22771*04*22781*14*22621*04*22791*14*22491*04*22801*14*22811*04*22821*14*22831*04*22841*14*22851*04*22861*14*22871*04*22881*14*22891*04*22901*14*22911*04*22921*14*22931*04*22941*14*22951*04*22961*14*22971*04*22981*14*22991*04*23001*14*23011*04*23021*14*23031*04*23041*14*23051*04*23061*13*5681*04*23071*14*23081*04*23091*14*11411*04*23101*14*23111*13*3611*04*23121*14*11491*04*23131*13*5841*04*23141*14*23151*04*23161*14*23171*04*23181*13*1451*04*23191*14*23201*04*23211*14*23221*04*23231*14*23241*04*23251*14*23261*04*23271*14*23281*04*23291*14*23301*04*23311*14*23321*04*23331*14*23341*04*23351*14*23361*04*23371*14*23381*04*23391*14*23401*04*23411*14*23421*04*23431*14*23441*04*23451*13*1831*04*23461*14*23471*04*23481*14*23491*04*23501*14*23511*04*23521*14*23531*04*23541*12*991*04*23551*14*23561*04*23571*14*23581*04*23591*14*23601*04*23611*14*23621*04*23631*13*9981*04*23641*14*23651*04*23661*14*23671*04*23681*14*23691*04*23701*14*23711*04*23721*13*6241*04*23731*14*23741*04*23751*13*1151*04*23761*13*3361*04*23771*13*1481*04*23781*14*23791*04*23801*14*23811*03*3061*12*451*12*401*12*391*12*441*12*291*13*3101*12*641*12*431*12*271*12*311*13*3321*0`cik`4*22671*04*22681*02*291*12*281*02*301*02*271*03*3061*02*451*12*401*02*391*02*441*13*3101*02*201*02*431*02*311*02*211*02*221*12*231*12*241*12*251*02*261*02*321*02*331*12*341*02*351*02*361*02*371*02*381*02*411*02*421*02*461*12*471*02*481*02*491*02*501*02*511*02*521*02*531*02*541*12*551*02*561*12*571*0`shd`38*BT_Banking_Details_Form_Appplet_Applet72*srf1592409810_444/bscripts/all/applet_bt_banking_details_form_appplet.js`asq`2`ied`1`vrn`S_A2`tt`2246`inu`0`hmn`1`rsp`false`bnr`0`iem``bci`S_BC2`hlc`3*a_21*11*2`i`2`0`13`cl`0`25`1`c`0`pt`5`sp`s_2_1_143_0`dm`7`w`0`n`39`eb`&lt;img src=&quot;images/rcnv_prv_1.gif&quot; border=&quot;0&quot; space=&quot;0&quot; hspace=&quot;0&quot; alt=&quot;Previous record&quot;  title=&quot;Previous record&quot; &gt;`pw`0`db`&lt;img src=&quot;images/rcnv_prv_0.gif&quot; border=&quot;0&quot; space=&quot;0&quot; hspace=&quot;0&quot; alt=&quot;Previous record&quot;  title=&quot;Previous record&quot; &gt;`ph`0`ju`6`sq`3997`pan`5`mn`39`ibp`1`crf`8`sdy`0`h`0`iec`1`dft`5`ime`5`dmc`0`t`67`dn`381`fn`5`msz`32`14`0`imp`0`SWEField`s_2_1_143_0`SWENeedContext`true`SWER`0`SWESP`false`SWERowIds`SWERowId0=3-61EV8C9M`SWEMethod`GotoPreviousSet`SWECmd`InvokeMethod`SWEDIC`false`SWEReqRowId`0`SWEView`BT Billing Account Profile view`SWEC`65`SWEBID`-1`SRN`xK7T2pIB2ZOV15hwlQxQF5reKcoUB8VpMTZr7we8uAEb`SWEApplet`BT Banking Details Form Appplet`25`1`c`0`pt`5`sp`s_2_1_142_0`dm`7`w`0`n`40`eb`&lt;img src=&quot;images/rcnv_nxt_1.gif&quot; border=&quot;0&quot; space=&quot;0&quot; hspace=&quot;0&quot; alt=&quot;Next Record&quot;  title=&quot;Next Record&quot; &gt;`pw`0`db`&lt;img src=&quot;images/rcnv_nxt_0.gif&quot; border=&quot;0&quot; space=&quot;0&quot; hspace=&quot;0&quot; alt=&quot;Next Record&quot;  title=&quot;Next Record&quot; &gt;`ph`0`ju`6`sq`3997`pan`5`mn`40`ibp`1`crf`8`sdy`0`h`0`iec`1`dft`5`ime`5`dmc`0`t`67`dn`382`fn`5`msz`32`14`0`imp`0`SWEField`s_2_1_142_0`SWENeedContext`true`SWER`0`SWESP`false`SWERowIds`SWERowId0=3-61EV8C9M`SWEMethod`GotoNextSet`SWECmd`InvokeMethod`SWEDIC`false`SWEReqRowId`0`SWEView`BT Billing Account Profile view`SWEC`65`SWEBID`-1`SRN`xK7T2pIB2ZOV15hwlQxQF5reKcoUB8VpMTZr7we8uAEb`SWEApplet`BT Banking Details Form Appplet`23`1`c`0`pt`5`sp`s_2_1_150_0`dm`7`w`0`n`31`pw`0`ph`0`ju`6`sq`3997`pan`5`mn`31`ibp`1`crf`8`sdy`0`h`0`iec`1`dft`5`ime`5`dmc`0`t`67`dn`383`fn`5`msz`32`14`0`imp`0`SWEField`s_2_1_150_0`SWENeedContext`true`SWER`0`SWESP`false`SWERowIds`SWERowId0=3-61EV8C9M`SWEMethod`WriteRecord`SWECmd`InvokeMethod`SWEDIC`false`SWEReqRowId`1`SWEView`BT Billing Account Profile view`SWEC`65`SWEBID`-1`SRN`xK7T2pIB2ZOV15hwlQxQF5reKcoUB8VpMTZr7we8uAEb`SWEApplet`BT Banking Details Form Appplet`23`0`c`0`pt`5`sp`s_2_1_16_0`dm`7`w`96`csq`1`n`2247`pw`0`ph`0`ju`6`sq`3997`pan`5`ibp`1`crf`8`sdy`0`h`24`iec`1`dft`5`ime`5`dmc`0`t`4`dn`2248`fn`2248`msz`100`23`0`c`0`pt`5`sp`s_2_1_24_0`dm`7`w`96`csq`1`n`2249`pw`0`ph`0`ju`6`sq`3997`pan`5`ibp`1`crf`8`sdy`0`h`24`iec`1`dft`5`ime`5`dmc`0`t`4`dn`2250`fn`2251`msz`100`23`0`c`0`pt`5`sp`s_2_1_2_0`dm`7`w`120`csq`1`n`2252`pw`0`ph`0`ju`6`sq`3997`pan`5`ibp`1`crf`8`sdy`0`h`24`iec`1`dft`5`ime`5`dmc`0`t`116`dn`2253`fn`2252`msz`255`22`0`c`0`pt`5`sp`s_2_1_4_0`dm`7`w`24`n`2254`pw`0`ph`0`ju`6`sq`3997`pan`5`ibp`1`crf`8`sdy`0`h`0`iec`1`dft`5`ime`5`dmc`0`t`92`dn`2255`fn`2256`msz`1`23`0`c`0`pt`5`sp`s_2_1_151_0`dm`7`w`8`csq`1`n`332`pw`0`ph`0`ju`6`sq`3997`pan`5`ibp`1`crf`8`sdy`0`h`8`iec`1`dft`5`ime`5`dmc`0`t`438`dn`5`fn`333`msz`255`23`0`c`0`pt`5`sp`s_2_1_18_0`dm`7`w`96`csq`1`n`2257`pw`0`ph`0`ju`6`sq`3997`pan`5`ibp`1`crf`8`sdy`0`h`24`iec`1`dft`5`ime`5`dmc`0`t`4`dn`2258`fn`2259`msz`255`22`0`c`0`pt`5`sp`s_2_1_0_0`dm`7`w`24`n`2260`pw`0`ph`0`ju`6`sq`3997`pan`5`ibp`1`crf`8`sdy`0`h`0`iec`1`dft`5`ime`5`dmc`0`t`92`dn`2261`fn`2260`msz`1`22`0`c`0`pt`5`sp`s_2_1_22_0`dm`7`w`24`n`2262`pw`0`ph`0`ju`6`sq`3997`pan`5`ibp`1`crf`8`sdy`0`h`0`iec`1`dft`5`ime`5`dmc`0`t`92`dn`2263`fn`2264`msz`1`23`0`c`0`pt`5`sp`s_2_1_16_0`dm`7`w`96`csq`1`n`2247`pw`0`ph`0`ju`6`sq`3997`pan`5`ibp`1`crf`8`sdy`0`h`24`iec`1`dft`5`ime`5`dmc`0`t`4`dn`2248`fn`2248`msz`100`22`0`c`0`pt`5`sp`s_2_1_3_0`dm`7`w`24`n`2265`pw`0`ph`0`ju`6`sq`3997`pan`5`ibp`1`crf`8`sdy`0`h`0`iec`1`dft`5`ime`5`dmc`0`t`92`dn`2266`fn`2265`msz`1`1`0`cfm`0`DeleteRecord`IDS_SWE_DELETE_CONFIRM_WARNING`0`1`na`0`16`2`ai`3`S_A1`nfi`1`n`BT BAL Query Payment Mandate Applet VBC`cud`4*23911*04*23861*04*23831*04*23921*04*23881*0`dqy`1`cik`2*211*02*221*12*231*12*241*12*251*02*261*02*271*02*281*02*291*12*301*02*311*02*321*02*331*12*341*02*351*02*361*02*371*02*381*02*391*02*401*02*411*02*421*02*201*02*431*02*441*12*451*12*461*12*471*02*481*02*491*02*501*02*511*02*521*02*531*02*541*12*551*03*3061*02*561*12*571*0`asq`3`vrn`S_A1`tt`2382`inu`0`hmn`1`rsp`false`bnr`0`iem``bci`S_BC1`hlc`3*a_11*11*2`i`1`0`3`cl`0`23`0`c`0`pt`5`sp`s_1_1_2_0`dm`7`w`104`csq`1`n`2383`pw`0`ph`0`ju`6`sq`4997`pan`5`ibp`1`crf`8`sdy`0`h`24`iec`1`dft`5`ime`5`dmc`0`t`97`dn`2384`fn`2385`msz`32`23`0`c`0`pt`5`sp`s_1_1_1_0`dm`7`w`104`csq`1`n`2386`pw`0`ph`0`ju`6`sq`4997`pan`5`ibp`1`crf`8`sdy`0`h`24`iec`1`dft`5`ime`5`dmc`0`t`97`dn`2387`fn`2386`msz`32`23`0`c`0`pt`5`sp`s_1_1_4_0`dm`7`w`104`csq`1`n`2388`pw`0`ph`0`ju`6`sq`4997`pan`5`ibp`1`crf`8`sdy`0`h`24`iec`1`dft`5`ime`5`dmc`0`t`4`dn`2389`fn`2390`msz`255`1`0`cfm`0`DeleteRecord`IDS_SWE_DELETE_CONFIRM_WARNING`0`1`na`0`17`2`ai`3`S_A3`nfi`2`n`BT Billing Profile Form Applet`cud`4*24181*04*23931*04*24011*14*24111*04*23851*04*24101*04*24091*04*24031*14*24121*04*24141*04*23891*04*23951*14*23981*14*23961*03*7501*03*8831*03*3121*13*4781*13*4791*13*4801*14*22721*13*7791*04*22731*13*3561*04*22741*14*22471*04*22751*14*22571*04*22761*14*22771*04*22781*14*22621*04*22791*14*22491*04*22801*14*22811*04*22821*14*22831*04*22841*14*22851*04*22861*14*22871*04*22881*14*22891*04*22901*14*22911*04*22921*14*22931*04*22941*14*22951*04*22961*14*22971*04*22981*14*22991*04*23001*14*23011*04*23021*14*23031*04*23041*14*23051*04*23061*13*5681*04*23071*14*23081*04*23091*14*11411*04*23101*14*23111*13*3611*04*23121*14*11491*04*23131*13*5841*04*23141*14*23151*04*23161*14*23171*04*23181*13*1451*04*23191*14*23201*04*23211*14*23221*04*23231*14*23241*04*23251*14*23261*04*23271*14*23281*04*23291*14*23301*04*23311*14*23321*04*23331*14*23341*04*23351*14*23361*04*23371*14*23381*04*23391*14*23401*04*23411*14*23421*04*23431*14*23441*04*23451*13*1831*04*23461*14*23471*04*23481*14*23491*04*23501*14*23511*04*23521*14*23531*04*23541*12*991*04*23551*14*23561*04*23571*14*23581*04*23591*14*23601*04*23611*14*23621*04*23631*13*9981*04*23641*14*23651*04*23661*14*23671*04*23681*14*23691*04*23701*14*23711*04*23721*13*6241*04*23731*14*23741*04*23751*13*1151*04*23761*13*3361*04*23771*13*1481*04*23781*14*23791*04*23801*14*23811*03*3061*12*451*12*401*12*391*12*441*12*291*13*3101*12*641*12*431*12*271*12*311*1`cik`3*6991*14*24051*14*23991*12*291*12*281*02*301*02*271*03*3061*02*451*12*401*02*391*02*441*13*3101*02*201*02*431*04*24001*02*311*02*211*02*221*12*231*12*241*12*251*02*261*02*321*02*331*12*341*02*351*02*361*02*371*02*381*02*411*02*421*02*461*12*471*02*481*02*491*02*501*02*511*02*521*02*531*02*541*12*551*02*561*12*571*0`shd`37*BT_Billing_Profile_Form_Applet_Applet71*srf1592409810_444/bscripts/all/applet_bt_billing_profile_form_applet.js`asq`1`ied`1`vrn`S_A3`tt`1394`inu`0`hmn`1`rsp`false`bnr`0`iem``bci`S_BC2`hlc`3*a_31*11*2`i`3`0`20`cl`0`23`0`c`0`pt`5`sp`s_3_1_1_0`dm`7`w`0`csq`1`n`2393`pw`0`ph`0`ju`6`sq`2997`pan`5`ibp`1`crf`8`sdy`0`h`0`iec`1`dft`5`ime`5`dmc`0`t`438`dn`2394`fn`2393`msz`30`23`1`c`0`pt`5`sp`s_3_1_11_0`dm`7`w`0`n`2395`pw`0`ph`0`ju`6`sq`2997`pan`5`mn`699`ibp`1`crf`8`sdy`0`h`0`iec`1`dft`5`ime`5`dmc`0`t`67`dn`2395`fn`5`msz`32`18`0`imp`0`SWEField`s_3_1_11_0`SWENeedContext`true`SWER`0`SWESP`true`SWERowIds`SWERowId0=3-61EV8C9M`SWEMethod`ShowPopup`SWECmd`InvokeMethod`SWEH`600`SWEDIC`true`SWEReqRowId`0`SWEView`BT Billing Account Profile view`SWEC`65`SWEW`400`SWEM`Base`SWEBID`-1`SRN`xK7T2pIB2ZOV15hwlQxQF5reKcoUB8VpMTZr7we8uAEb`SWETA`Payment Holiday Options Popup Applet`SWEApplet`BT Billing Profile Form Applet`23`0`c`0`pt`5`sp`s_3_1_14_0`dm`7`w`0`csq`1`n`750`pw`0`ph`0`ju`6`sq`2997`pan`5`ibp`1`crf`8`sdy`0`h`0`iec`1`dft`5`ime`5`dmc`0`t`438`dn`750`fn`749`msz`30`23`0`c`0`pt`5`sp`s_3_1_13_0`dm`7`w`0`csq`1`n`2396`pw`0`ph`0`ju`6`sq`2997`pan`5`ibp`1`crf`8`sdy`0`h`0`iec`1`dft`5`ime`5`dmc`0`t`438`dn`2396`fn`2397`msz`30`25`1`c`0`pt`5`sp`s_3_1_152_0`dm`7`w`0`n`39`eb`&lt;img src=&quot;images/rcnv_prv_1.gif&quot; border=&quot;0&quot; space=&quot;0&quot; hspace=&quot;0&quot; alt=&quot;Previous record&quot;  title=&quot;Previous record&quot; &gt;`pw`0`db`&lt;img src=&quot;images/rcnv_prv_0.gif&quot; border=&quot;0&quot; space=&quot;0&quot; hspace=&quot;0&quot; alt=&quot;Previous record&quot;  title=&quot;Previous record&quot; &gt;`ph`0`ju`6`sq`2997`pan`5`mn`39`ibp`1`crf`8`sdy`0`h`0`iec`1`dft`5`ime`5`dmc`0`t`67`dn`381`fn`5`msz`32`14`0`imp`0`SWEField`s_3_1_152_0`SWENeedContext`true`SWER`0`SWESP`false`SWERowIds`SWERowId0=3-61EV8C9M`SWEMethod`GotoPreviousSet`SWECmd`InvokeMethod`SWEDIC`false`SWEReqRowId`0`SWEView`BT Billing Account Profile view`SWEC`65`SWEBID`-1`SRN`xK7T2pIB2ZOV15hwlQxQF5reKcoUB8VpMTZr7we8uAEb`SWEApplet`BT Billing Profile Form Applet`25`1`c`0`pt`5`sp`s_3_1_151_0`dm`7`w`0`n`40`eb`&lt;img src=&quot;images/rcnv_nxt_1.gif&quot; border=&quot;0&quot; space=&quot;0&quot; hspace=&quot;0&quot; alt=&quot;Next Record&quot;  title=&quot;Next Record&quot; &gt;`pw`0`db`&lt;img src=&quot;images/rcnv_nxt_0.gif&quot; border=&quot;0&quot; space=&quot;0&quot; hspace=&quot;0&quot; alt=&quot;Next Record&quot;  title=&quot;Next Record&quot; &gt;`ph`0`ju`6`sq`2997`pan`5`mn`40`ibp`1`crf`8`sdy`0`h`0`iec`1`dft`5`ime`5`dmc`0`t`67`dn`382`fn`5`msz`32`14`0`imp`0`SWEField`s_3_1_151_0`SWENeedContext`true`SWER`0`SWESP`false`SWERowIds`SWERowId0=3-61EV8C9M`SWEMethod`GotoNextSet`SWECmd`InvokeMethod`SWEDIC`false`SWEReqRowId`0`SWEView`BT Billing Account Profile view`SWEC`65`SWEBID`-1`SRN`xK7T2pIB2ZOV15hwlQxQF5reKcoUB8VpMTZr7we8uAEb`SWEApplet`BT Billing Profile Form Applet`23`0`c`0`pt`5`sp`s_3_1_21_0`dm`7`w`0`csq`1`n`779`pw`0`ph`0`ju`6`sq`2997`pan`5`ibp`1`crf`8`sdy`0`h`0`iec`1`dft`5`ime`5`dmc`0`t`438`dn`778`fn`778`msz`15`23`1`c`0`pt`5`sp`s_3_1_154_0`dm`7`w`0`n`29`pw`0`ph`0`ju`6`sq`2997`pan`5`mn`29`ibp`1`crf`8`sdy`0`h`0`iec`1`dft`5`ime`5`dmc`0`t`67`dn`93`fn`5`msz`32`14`0`imp`0`SWEField`s_3_1_154_0`SWENeedContext`true`SWER`0`SWESP`false`SWERowIds`SWERowId0=3-61EV8C9M`SWEMethod`NewRecord`SWECmd`InvokeMethod`SWEDIC`false`SWEReqRowId`0`SWEView`BT Billing Account Profile view`SWEC`65`SWEBID`-1`SRN`xK7T2pIB2ZOV15hwlQxQF5reKcoUB8VpMTZr7we8uAEb`SWEApplet`BT Billing Profile Form Applet`23`1`c`0`pt`5`sp`s_3_1_12_0`dm`7`w`0`n`2398`pw`0`ph`0`ju`6`sq`2997`pan`5`mn`2399`ibp`1`crf`8`sdy`0`h`0`iec`1`dft`5`ime`5`dmc`0`t`67`dn`2399`fn`5`msz`32`14`0`imp`0`SWEField`s_3_1_12_0`SWENeedContext`true`SWER`0`SWESP`false`SWERowIds`SWERowId0=3-61EV8C9M`SWEMethod`Security Question/Answer`SWECmd`InvokeMethod`SWEDIC`false`SWEReqRowId`0`SWEView`BT Billing Account Profile view`SWEC`65`SWEBID`-1`SRN`xK7T2pIB2ZOV15hwlQxQF5reKcoUB8VpMTZr7we8uAEb`SWEApplet`BT Billing Profile Form Applet`23`1`c`0`pt`5`sp`s_3_1_158_0`dm`7`w`0`n`27`pw`0`ph`0`ju`6`sq`2997`pan`5`mn`2400`ibp`1`crf`8`sdy`0`h`0`iec`1`dft`5`ime`5`dmc`0`t`67`dn`393`fn`5`msz`32`14`0`imp`0`SWEField`s_3_1_158_0`SWENeedContext`true`SWER`0`SWESP`false`SWERowIds`SWERowId0=3-61EV8C9M`SWEMethod`OnEscapeKey`SWECmd`InvokeMethod`SWEDIC`false`SWEReqRowId`0`SWEView`BT Billing Account Profile view`SWEC`65`SWEBID`-1`SRN`xK7T2pIB2ZOV15hwlQxQF5reKcoUB8VpMTZr7we8uAEb`SWEApplet`BT Billing Profile Form Applet`23`1`c`0`pt`5`sp`s_3_1_2_0`dm`7`w`0`n`2401`pw`0`ph`0`ju`6`sq`2997`pan`5`mn`699`ibp`1`crf`8`sdy`0`h`0`iec`1`dft`5`ime`5`dmc`0`t`67`dn`2402`fn`5`msz`32`18`0`imp`0`SWEField`s_3_1_2_0`SWENeedContext`true`SWER`0`SWESP`true`SWERowIds`SWERowId0=3-61EV8C9M`SWEMethod`ShowPopup`SWECmd`InvokeMethod`SWEH`400`SWEDIC`true`SWEReqRowId`0`SWEView`BT Billing Account Profile view`SWEC`65`SWEW`200`SWEM`Edit`SWEBID`-1`SRN`xK7T2pIB2ZOV15hwlQxQF5reKcoUB8VpMTZr7we8uAEb`SWETA`BT Billing iMPP BreakUp Popup Applet`SWEApplet`BT Billing Profile Form Applet`23`1`c`0`pt`5`sp`s_3_1_7_0`dm`7`w`0`n`2403`pw`0`ph`0`ju`6`sq`2997`pan`5`mn`2405`ibp`1`crf`8`sdy`0`h`0`iec`1`dft`5`ime`5`dmc`0`t`67`dn`2404`fn`5`msz`32`14`0`imp`0`SWEField`s_3_1_7_0`SWENeedContext`true`SWER`0`SWESP`false`SWERowIds`SWERowId0=3-61EV8C9M`SWEMethod`SetMPPRefund`SWECmd`InvokeMethod`SWEDIC`false`SWEReqRowId`0`SWEView`BT Billing Account Profile view`SWEC`65`SWEBID`-1`SRN`xK7T2pIB2ZOV15hwlQxQF5reKcoUB8VpMTZr7we8uAEb`SWEApplet`BT Billing Profile Form Applet`23`0`c`0`pt`5`sp`s_3_1_122_0`dm`7`w`0`csq`1`n`2360`pw`0`ph`0`ju`6`sq`2997`pan`5`ibp`1`crf`8`sdy`0`h`0`iec`1`dft`5`ime`5`dmc`0`t`116`dn`733`fn`733`msz`30`23`0`c`0`pt`5`sp`s_3_1_47_0`dm`7`w`0`csq`1`n`2293`pw`0`ph`0`ju`6`sq`2997`pan`5`ibp`1`crf`8`sdy`0`h`0`iec`1`dft`5`ime`5`dmc`0`t`116`dn`2406`fn`2407`msz`30`23`0`c`0`pt`5`sp`s_3_1_53_0`dm`7`w`0`csq`1`n`2299`pw`0`ph`0`ju`6`sq`2997`pan`5`ibp`1`crf`8`sdy`0`h`0`iec`1`dft`5`ime`5`dmc`0`t`116`dn`2408`fn`2408`msz`30`23`0`c`0`pt`5`sp`s_3_1_6_0`dm`7`w`0`csq`1`n`2409`pw`0`ph`0`ju`6`sq`2997`pan`5`ibp`1`crf`8`sdy`0`h`0`iec`1`dft`5`ime`5`dmc`0`t`116`dn`2410`fn`2409`msz`255`22`0`c`0`pt`5`sp`s_3_1_3_0`dm`7`w`0`n`2411`pw`0`ph`0`ju`6`sq`2997`pan`5`ibp`1`crf`1877`sdy`0`h`0`iec`1`dft`5`ime`5`dmc`0`t`735`dn`2403`fn`2411`msz`25`21`0`c`0`pt`5`sp`s_3_1_8_0`dm`7`w`0`n`2412`pw`0`ph`0`ju`6`sq`2997`pan`5`crf`1877`sdy`0`h`0`iec`1`dft`5`ime`5`dmc`0`t`735`dn`2413`fn`2401`msz`25`23`0`c`0`pt`5`sp`s_3_1_9_0`dm`7`w`0`csq`1`n`2414`pw`0`ph`0`ju`6`sq`2997`pan`2417`ibp`1`crf`8`sdy`0`h`0`iec`1`dft`5`ime`5`dmc`0`t`116`dn`2415`fn`2416`msz`255`22`0`c`0`pt`5`sp`s_3_1_0_0`dm`7`w`0`n`2418`pw`0`ph`0`ju`6`sq`2997`pan`5`ibp`1`crf`1877`sdy`0`h`0`iec`1`dft`5`ime`5`dmc`0`t`735`dn`2419`fn`2420`msz`25`1`0`cfm`0`DeleteRecord`IDS_SWE_DELETE_CONFIRM_WARNING`0`1`na`0`17`2`ai`3`S_A4`nfi`1`n`BT Billing Account Form Applet`cud`4*24501*14*24471*13*2431*14*24661*04*24291*14*25011*04*24771*14*24931*14*24751*04*24801*04*24781*14*24451*14*24991*14*24901*04*25021*04*24271*14*25031*14*25041*04*24531*04*25051*04*24251*14*24841*04*24721*03*4591*03*4601*03*4611*03*4651*04*25061*04*24701*04*24371*14*25071*04*25081*04*25091*03*9371*04*25101*04*24641*03*9421*04*25111*14*25121*04*24341*13*3491*03*3931*14*25131*04*24961*14*25141*03*3121*13*4781*13*4791*13*4801*14*25151*14*24421*04*25161*04*24321*14*24401*14*25171*14*25181*04*25191*14*25201*04*25211*14*25221*04*24211*14*12901*14*11451*04*25231*14*25241*04*25251*13*3351*04*25261*14*25271*04*25281*14*25291*04*25301*14*25311*04*25321*13*9531*14*22731*13*3561*04*25331*14*25341*04*25351*14*25361*04*25371*14*25381*04*25391*14*25401*04*25411*13*9771*04*25421*14*25431*04*25441*13*9791*04*25451*13*9801*04*25461*14*25471*04*25481*14*25491*04*25501*14*25511*04*25521*14*25531*04*25541*14*25551*04*25561*14*25571*04*25581*14*25591*04*25601*14*25611*04*25621*14*25631*04*25641*14*25651*04*25661*14*25671*04*25681*14*25691*04*25701*14*25711*14*25721*14*25731*04*25741*14*24601*04*25751*14*25761*04*25771*14*24561*04*25781*14*25791*14*25801*14*25811*04*25821*14*25831*04*25841*14*25851*04*25861*14*25871*04*25881*14*25891*14*25901*14*25911*04*25921*14*25931*04*25941*14*25951*04*25961*14*25971*04*23061*13*5681*04*25981*14*25991*14*26001*14*26011*04*26021*14*26031*04*26041*13*9811*14*23131*13*5841*14*26051*13*5701*04*23181*13*1451*04*23191*14*23201*04*24521*04*26061*14*26071*04*26081*14*26091*04*26101*14*26111*04*26121*14*26131*04*26141*14*26151*04*26161*14*26171*04*26181*14*26191*04*26201*14*26211*14*26221*14*26231*04*26241*14*26251*04*19001*13*1211*04*26261*13*7851*04*26271*14*26281*14*26291*14*26301*04*26311*14*26321*04*26331*13*9851*04*26341*14*26351*04*26361*14*26371*04*26381*14*26391*04*26401*14*26411*14*26421*14*26431*04*26441*13*9581*04*26451*13*9861*04*26461*14*26471*04*26481*14*26491*14*26501*14*26511*04*26521*14*26531*03*4821*13*4151*04*26541*14*26551*04*26561*13*9871*04*26571*14*26581*04*26591*14*26601*04*26611*14*26621*04*26631*14*26641*04*26651*13*9881*04*23451*13*1831*04*26661*13*9681*04*26671*14*26681*04*26691*14*26701*04*26711*14*26721*04*26731*14*26741*14*26751*14*26761*04*26771*14*26781*04*26791*14*24741*14*26801*14*26811*03*4841*13*4221*04*26821*14*26831*04*26841*14*26851*04*26861*14*26871*04*26881*14*26891*04*26901*13*6871*14*26911*14*26921*04*26931*14*10031*04*26941*14*10021*04*26951*14*26961*04*26971*14*26981*04*26991*14*27001*14*27011*14*24621*04*27021*14*27031*04*27041*14*27051*04*27061*14*27071*04*23541*12*991*14*24281*14*27081*14*27091*04*27101*14*27111*04*27121*14*10591*04*27131*14*27141*04*27151*14*27161*04*27171*14*27181*04*27191*13*1551*04*27201*14*27211*04*27221*14*27231*04*27241*14*27251*04*27261*14*27271*04*27281*14*24681*14*27291*14*27301*04*27311*14*27321*04*27331*14*27341*04*27351*14*27361*04*27371*14*27381*04*27391*14*27401*04*27411*14*27421*04*27431*14*27441*14*27451*14*27461*14*27471*14*27481*04*27491*14*27501*14*27511*14*27521*04*27531*14*27541*04*27551*14*27561*04*27571*14*27581*04*27591*14*27601*04*27611*14*27621*04*14591*14*27631*04*27641*14*27651*04*27661*14*27671*04*23631*13*9981*04*27681*14*27691*04*27701*14*21971*04*27711*14*27721*14*27731*14*27741*14*27751*14*27761*14*27771*14*27781*14*27791*14*27801*14*27811*14*27821*14*27831*14*27841*14*27851*14*27861*14*27871*14*27881*04*27891*14*27901*04*27911*14*27921*04*27931*14*27941*04*27951*14*24881*04*27961*14*27971*04*27981*14*27991*14*28001*14*24821*04*28011*14*28021*04*28031*14*28041*04*28051*14*28061*04*28071*14*28081*04*28091*14*28101*04*28111*14*28121*14*28131*14*28141*04*28151*14*28161*14*28171*14*28181*14*28191*14*28201*14*28211*14*28221*14*28231*14*28241*14*28251*14*28261*14*28271*14*28281*14*28291*14*28301*14*28311*14*28321*04*28331*14*28341*04*28351*14*28361*14*28371*14*28381*04*28391*14*28401*04*28411*13*1011*04*28421*14*10011*04*28431*14*28441*04*28451*14*28461*04*28471*14*28481*04*28491*14*10041*04*28501*14*28511*04*28521*14*28531*14*28541*14*28551*04*28561*14*28571*04*28581*14*22151*04*28591*14*22191*04*28601*14*28611*04*28621*14*28631*04*28641*14*28651*04*28661*14*28671*04*28681*14*22201*04*28691*14*28701*04*28711*14*28721*04*28731*14*28741*04*28751*14*28761*04*23721*13*6241*04*28771*14*28781*04*23761*13*3361*04*28791*14*28801*04*28811*14*28821*04*28831*14*28841*04*28851*14*28861*04*28871*14*28881*04*28891*14*28901*04*28911*14*28921*04*28931*13*1191*04*28941*14*28951*04*28961*14*28971*04*23771*13*1481*04*23781*14*23791*04*28981*14*28991*04*29001*14*29011*04*29021*14*29031*04*29041*14*29051*03*3061*12*451*12*401*12*391*12*441*12*291*13*3101*12*641*12*431*12*271*12*311*13*3321*04*10121*14*24231*1`cik`4*24511*14*24491*13*2431*14*24311*14*24991*04*24271*14*25001*14*24251*14*24391*13*2311*04*24361*03*3931*02*291*02*281*02*301*02*271*04*24211*13*6991*03*3061*02*451*12*401*12*391*02*441*13*3101*12*201*02*431*02*311*14*24231*02*211*12*221*12*231*12*241*12*251*02*261*02*321*02*331*12*341*02*351*02*361*02*371*02*381*12*411*02*421*12*461*12*471*12*481*02*491*02*501*02*511*02*521*02*531*02*541*12*551*12*561*02*571*1`shd`37*BT_Billing_Account_Form_Applet_Applet71*srf1592409810_444/bscripts/all/applet_bt_billing_account_form_applet.js`asq`0`ied`1`vrn`S_A4`tt`254`inu`0`hmn`1`rsp`false`bnr`0`iem``bci`S_BC3`hlc`3*a_41*11*2`i`4`0`47`cl`0`23`1`c`0`pt`5`sp`s_4_1_60_0`dm`7`w`0`n`2421`pw`0`ph`0`ju`6`sq`1997`pan`5`mn`2421`ibp`1`crf`8`sdy`0`h`0`iec`1`dft`5`ime`5`dmc`0`t`67`dn`2422`fn`5`msz`32`13`0`imp`0`SWEField`s_4_1_60_0`SWENeedContext`true`SWER`0`SWESP`false`SWEMethod`BTBillingService`SWECmd`InvokeMethod`SWEDIC`false`SWEReqRowId`0`SWEView`BT Billing Account Profile view`SWEC`65`SWEBID`-1`SRN`xK7T2pIB2ZOV15hwlQxQF5reKcoUB8VpMTZr7we8uAEb`SWEApplet`BT Billing Account Form Applet`23`1`c`0`pt`5`sp`s_4_1_526_0`dm`7`w`0`n`2423`pw`0`ph`0`ju`6`sq`1997`pan`5`mn`2423`ibp`1`crf`8`sdy`0`h`0`iec`1`dft`5`ime`5`dmc`0`t`67`dn`2424`fn`5`msz`32`13`0`imp`0`SWEField`s_4_1_526_0`SWENeedContext`true`SWER`0`SWESP`false`SWEMethod`BTAccessClicknBuy`SWECmd`InvokeMethod`SWEDIC`false`SWEReqRowId`0`SWEView`BT Billing Account Profile view`SWEC`65`SWEBID`-1`SRN`xK7T2pIB2ZOV15hwlQxQF5reKcoUB8VpMTZr7we8uAEb`SWEApplet`BT Billing Account Form Applet`23`1`c`0`pt`5`sp`s_4_1_20_0`dm`7`w`0`n`2425`pw`0`ph`0`ju`6`sq`1997`pan`5`mn`2425`ibp`1`crf`8`sdy`0`h`0`iec`1`dft`5`ime`5`dmc`0`t`67`dn`2426`fn`5`msz`32`13`0`imp`0`SWEField`s_4_1_20_0`SWENeedContext`true`SWER`0`SWESP`false`SWEMethod`View CSS Invoices`SWECmd`InvokeMethod`SWEDIC`false`SWEReqRowId`0`SWEView`BT Billing Account Profile view`SWEC`65`SWEBID`-1`SRN`xK7T2pIB2ZOV15hwlQxQF5reKcoUB8VpMTZr7we8uAEb`SWEApplet`BT Billing Account Form Applet`23`1`c`0`pt`5`sp`s_4_1_15_0`dm`7`w`0`n`2427`pw`0`ph`0`ju`6`sq`1997`pan`5`mn`2427`ibp`1`crf`8`sdy`0`h`0`iec`1`dft`5`ime`5`dmc`0`t`67`dn`2427`fn`5`msz`32`13`0`imp`0`SWEField`s_4_1_15_0`SWENeedContext`true`SWER`0`SWESP`false`SWEMethod`Go To Billing Portal`SWECmd`InvokeMethod`SWEDIC`false`SWEReqRowId`0`SWEView`BT Billing Account Profile view`SWEC`65`SWEBID`-1`SRN`xK7T2pIB2ZOV15hwlQxQF5reKcoUB8VpMTZr7we8uAEb`SWEApplet`BT Billing Account Form Applet`23`1`c`0`pt`5`sp`s_4_1_41_0`dm`7`w`0`n`393`pw`0`ph`0`ju`6`sq`1997`pan`5`mn`393`ibp`1`crf`8`sdy`0`h`0`iec`1`dft`5`ime`5`dmc`0`t`67`dn`393`fn`5`msz`32`13`0`imp`0`SWEField`s_4_1_41_0`SWENeedContext`true`SWER`0`SWESP`false`SWEMethod`Cancel`SWECmd`InvokeMethod`SWEDIC`false`SWEReqRowId`0`SWEView`BT Billing Account Profile view`SWEC`65`SWEBID`-1`SRN`xK7T2pIB2ZOV15hwlQxQF5reKcoUB8VpMTZr7we8uAEb`SWEApplet`BT Billing Account Form Applet`23`1`c`0`pt`5`sp`s_4_1_290_0`dm`7`w`0`n`2428`pw`0`ph`0`ju`6`sq`1997`pan`5`mn`699`ibp`1`crf`8`sdy`0`h`0`iec`1`dft`5`ime`5`dmc`0`t`67`dn`2428`fn`5`msz`32`17`0`imp`0`SWEField`s_4_1_290_0`SWENeedContext`true`SWER`0`SWESP`true`SWEMethod`ShowPopup`SWECmd`InvokeMethod`SWEH`0`SWEDIC`true`SWEReqRowId`0`SWEView`BT Billing Account Profile view`SWEC`65`SWEW`0`SWEM`Edit`SWEBID`-1`SRN`xK7T2pIB2ZOV15hwlQxQF5reKcoUB8VpMTZr7we8uAEb`SWETA`BT Billing Account Name Correction pop-up Applet`SWEApplet`BT Billing Account Form Applet`23`1`c`0`pt`5`sp`s_4_1_4_0`dm`7`w`0`n`2429`pw`0`ph`0`ju`6`sq`1997`pan`5`mn`2431`ibp`1`crf`8`sdy`0`h`0`iec`1`dft`5`ime`5`dmc`0`t`67`dn`2430`fn`5`msz`32`14`0`imp`0`SWEField`s_4_1_4_0`SWENeedContext`true`SWER`0`SWESP`false`SWEMethod`LaunchTask`SWECmd`InvokeMethod`SWEDIC`false`SWEReqRowId`0`SWEView`BT Billing Account Profile view`SWEC`65`SWEBID`-1`SRN`xK7T2pIB2ZOV15hwlQxQF5reKcoUB8VpMTZr7we8uAEb`TaskName`BT Compensation TBUI TaskFlow`SWEApplet`BT Billing Account Form Applet`23`0`c`0`pt`5`sp`s_4_1_52_0`dm`7`w`56`csq`1`n`2432`pw`0`ph`0`ju`6`sq`1997`pan`2433`ibp`1`crf`8`sdy`0`h`24`iec`1`dft`5`ime`5`dmc`0`t`116`dn`2432`fn`119`msz`30`23`1`c`0`pt`5`sp`s_4_1_39_0`dm`7`w`0`n`2434`pw`0`ph`0`ju`6`sq`1997`pan`5`mn`2436`ibp`1`crf`8`sdy`0`h`0`iec`1`dft`5`ime`5`dmc`0`t`67`dn`2435`fn`5`msz`32`13`0`imp`0`SWEField`s_4_1_39_0`SWENeedContext`true`SWER`0`SWESP`false`SWEMethod`BTModifyBillingDetails`SWECmd`InvokeMethod`SWEDIC`false`SWEReqRowId`0`SWEView`BT Billing Account Profile view`SWEC`65`SWEBID`-1`SRN`xK7T2pIB2ZOV15hwlQxQF5reKcoUB8VpMTZr7we8uAEb`SWEApplet`BT Billing Account Form Applet`23`1`c`0`pt`5`sp`s_4_1_526_0`dm`7`w`0`n`2423`pw`0`ph`0`ju`6`sq`1997`pan`5`mn`2423`ibp`1`crf`8`sdy`0`h`0`iec`1`dft`5`ime`5`dmc`0`t`67`dn`2424`fn`5`msz`32`13`0`imp`0`SWEField`s_4_1_526_0`SWENeedContext`true`SWER`0`SWESP`false`SWEMethod`BTAccessClicknBuy`SWECmd`InvokeMethod`SWEDIC`false`SWEReqRowId`0`SWEView`BT Billing Account Profile view`SWEC`65`SWEBID`-1`SRN`xK7T2pIB2ZOV15hwlQxQF5reKcoUB8VpMTZr7we8uAEb`SWEApplet`BT Billing Account Form Applet`23`1`c`0`pt`5`sp`s_4_1_29_0`dm`7`w`0`n`2437`pw`0`ph`0`ju`6`sq`1997`pan`5`mn`2439`ibp`1`crf`8`sdy`0`h`0`iec`1`dft`5`ime`5`dmc`0`t`67`dn`2438`fn`5`msz`32`13`0`imp`0`SWEField`s_4_1_29_0`SWENeedContext`true`SWER`0`SWESP`false`SWEMethod`BTGoToCSS`SWECmd`InvokeMethod`SWEDIC`false`SWEReqRowId`0`SWEView`BT Billing Account Profile view`SWEC`65`SWEBID`-1`SRN`xK7T2pIB2ZOV15hwlQxQF5reKcoUB8VpMTZr7we8uAEb`SWEApplet`BT Billing Account Form Applet`23`0`c`0`pt`5`sp`s_4_1_53_0`dm`7`w`40`csq`1`n`2440`pw`0`ph`0`ju`6`sq`1997`pan`5`ibp`1`crf`8`sdy`0`h`24`iec`1`dft`5`ime`5`dmc`0`t`116`dn`2440`fn`2441`msz`15`23`0`c`0`pt`5`sp`s_4_1_50_0`dm`7`w`56`csq`1`n`2442`pw`0`ph`0`ju`6`sq`1997`pan`5`ibp`1`crf`8`sdy`0`h`24`iec`1`dft`5`ime`5`dmc`0`t`438`dn`2443`fn`2444`msz`255`23`0`c`0`pt`5`sp`s_4_1_11_0`dm`7`w`0`n`2445`pw`0`ph`0`ju`6`sq`1997`pan`5`icm`387`ibp`1`crf`8`sdy`0`h`0`iec`1`dft`5`ime`5`dmc`0`t`438`dn`2445`fn`2446`msz`1`23`1`c`0`pt`5`sp`s_4_1_1_0`dm`7`w`0`n`2447`pw`0`ph`0`ju`6`sq`1997`pan`5`mn`2449`ibp`1`crf`8`sdy`0`h`0`iec`1`dft`5`ime`5`dmc`0`t`67`dn`2448`fn`5`msz`32`13`0`imp`0`SWEField`s_4_1_1_0`SWENeedContext`true`SWER`0`SWESP`false`SWEMethod`HCSDDCancelled`SWECmd`InvokeMethod`SWEDIC`false`SWEReqRowId`0`SWEView`BT Billing Account Profile view`SWEC`65`SWEBID`-1`SRN`xK7T2pIB2ZOV15hwlQxQF5reKcoUB8VpMTZr7we8uAEb`SWEApplet`BT Billing Account Form Applet`23`1`c`0`pt`5`sp`s_4_1_0_0`dm`7`w`0`n`2450`pw`0`ph`0`ju`6`sq`1997`pan`5`mn`2451`ibp`1`crf`8`sdy`0`h`0`iec`1`dft`5`ime`5`dmc`0`t`67`dn`2450`fn`5`msz`32`13`0`imp`0`SWEField`s_4_1_0_0`SWENeedContext`true`SWER`0`SWESP`false`SWEMethod`CreditAgreementOfferingRepayment`SWECmd`InvokeMethod`SWEDIC`false`SWEReqRowId`0`SWEView`BT Billing Account Profile view`SWEC`65`SWEBID`-1`SRN`xK7T2pIB2ZOV15hwlQxQF5reKcoUB8VpMTZr7we8uAEb`SWEApplet`BT Billing Account Form Applet`25`1`c`0`pt`5`sp`s_4_1_2_0`dm`5`w`0`n`243`eb`&lt;img src=&quot;images/btn_more.gif&quot; border=&quot;0&quot; space=&quot;0&quot; hspace=&quot;0&quot; alt=&quot;Show more&quot;  title=&quot;Show more&quot; &gt;`pw`0`ph`0`ju`6`sq`1997`pan`5`icm`243`mn`243`ibp`1`crf`8`sdy`0`h`0`iec`1`dft`5`ime`5`dmc`0`t`10`dn`5`fn`5`msz`32`13`0`imp`0`SWEField`s_4_1_2_0`SWENeedContext`true`SWER`0`SWESP`false`SWEMethod`ToggleLayout`SWECmd`InvokeMethod`SWEDIC`false`SWEReqRowId`0`SWEView`BT Billing Account Profile view`SWEC`65`SWEBID`-1`SRN`xK7T2pIB2ZOV15hwlQxQF5reKcoUB8VpMTZr7we8uAEb`SWEApplet`BT Billing Account Form Applet`23`0`c`0`pt`5`sp`s_4_1_165_0`dm`7`w`56`csq`1`n`2452`pw`0`ph`0`ju`6`sq`1997`pan`5`ibp`1`crf`8`sdy`0`h`16`iec`1`dft`5`ime`5`dmc`0`t`438`dn`2452`fn`144`msz`50`23`0`c`0`pt`5`sp`s_4_1_18_0`dm`69`w`24`csq`1`n`2453`pw`0`ph`0`ju`6`sq`1997`pan`5`ibp`1`crf`8`sdy`0`h`24`iec`1`dft`5`ime`5`dmc`0`t`438`dn`2454`fn`2455`msz`255`23`0`c`0`pt`5`sp`s_4_1_126_0`dm`7`w`0`csq`1`n`2456`pw`0`ph`0`ju`6`sq`1997`pan`5`ibp`1`crf`8`sdy`0`h`0`iec`1`dft`5`ime`5`dmc`0`t`4`dn`2457`fn`2458`msz`30`23`0`c`0`pt`5`sp`s_4_1_496_0`dm`7`w`192`csq`1`n`119`pw`0`ph`0`ju`6`sq`1997`pan`2433`ibp`1`crf`8`sdy`0`h`24`iec`1`dft`5`ime`5`dmc`0`t`116`dn`917`fn`119`msz`30`23`0`c`0`pt`5`sp`s_4_1_524_0`dm`7`w`0`csq`1`n`332`pw`0`ph`0`ju`6`sq`1997`pan`5`ibp`1`crf`8`sdy`0`h`0`iec`1`dft`5`ime`5`dmc`0`t`438`dn`5`fn`333`msz`255`23`0`c`0`pt`5`sp`s_4_1_62_0`dm`7`w`128`csq`1`n`1145`pw`0`ph`0`ju`6`sq`1997`pan`5`ibp`1`crf`8`sdy`0`h`24`iec`1`dft`5`ime`5`dmc`0`t`4`dn`340`fn`2459`msz`30`23`0`c`0`pt`5`sp`s_4_1_122_0`dm`7`w`128`csq`1`n`2460`pw`0`ph`0`ju`6`sq`1997`pan`883`ibp`1`crf`8`sdy`0`h`24`iec`1`dft`5`ime`5`dmc`0`t`116`dn`2461`fn`883`msz`10`23`0`c`0`pt`5`sp`s_4_1_66_0`dm`7`w`112`csq`1`n`335`pw`0`ph`0`ju`6`sq`1997`pan`5`ibp`1`crf`8`sdy`0`h`24`iec`1`dft`5`ime`5`dmc`0`t`116`dn`115`fn`2394`msz`30`23`0`c`0`pt`5`sp`s_4_1_281_0`dm`7`w`144`csq`1`n`2462`pw`0`ph`0`ju`6`sq`1997`pan`5`ibp`1`crf`8`sdy`0`h`24`iec`1`dft`5`ime`5`dmc`0`t`4`dn`896`fn`2463`msz`100`23`0`c`0`pt`5`sp`s_4_1_62_0`dm`7`w`128`csq`1`n`1145`pw`0`ph`0`ju`6`sq`1997`pan`5`ibp`1`crf`8`sdy`0`h`24`iec`1`dft`5`ime`5`dmc`0`t`4`dn`340`fn`2459`msz`30`23`0`c`0`pt`5`sp`s_4_1_66_0`dm`7`w`112`csq`1`n`335`pw`0`ph`0`ju`6`sq`1997`pan`5`ibp`1`crf`8`sdy`0`h`24`iec`1`dft`5`ime`5`dmc`0`t`116`dn`115`fn`2394`msz`30`23`0`c`0`pt`5`sp`s_4_1_35_0`dm`7`w`184`csq`1`n`2464`pw`0`ph`0`ju`6`sq`1997`pan`2465`ibp`1`crf`8`sdy`0`h`24`iec`1`dft`5`ime`5`dmc`0`t`116`dn`161`fn`2464`msz`30`22`0`c`0`pt`5`sp`s_4_1_3_0`dm`7`w`0`n`2466`pw`0`ph`0`ju`6`sq`1997`pan`5`ibp`1`crf`8`sdy`0`h`0`iec`1`dft`5`ime`5`dmc`0`t`92`dn`2467`fn`2466`msz`1`23`0`c`0`pt`5`sp`s_4_1_314_0`dm`7`w`120`csq`1`n`2468`pw`0`ph`0`ju`6`sq`1997`pan`5`ibp`1`crf`8`sdy`0`h`24`iec`1`dft`5`ime`5`dmc`0`t`438`dn`2469`fn`2469`msz`15`23`0`c`0`pt`5`sp`s_4_1_28_0`dm`69`w`120`csq`1`n`2470`pw`0`ph`0`ju`6`sq`1997`pan`5`ibp`1`crf`8`sdy`0`h`24`iec`1`dft`5`ime`5`dmc`0`t`122`dn`2471`fn`2444`msz`255`23`0`c`0`pt`5`sp`s_4_1_22_0`dm`69`w`128`csq`1`n`2472`pw`0`ph`0`ju`6`sq`1997`pan`5`ibp`1`crf`8`sdy`0`h`128`iec`1`dft`5`ime`5`dmc`0`t`122`dn`2473`fn`2472`msz`255`23`0`c`0`pt`5`sp`s_4_1_253_0`dm`7`w`120`csq`1`n`2474`pw`0`ph`0`ju`6`sq`1997`pan`5`ibp`1`crf`8`sdy`0`h`24`iec`1`dft`5`ime`5`dmc`0`t`116`dn`2474`fn`2441`msz`15`23`0`c`0`pt`5`sp`s_4_1_8_0`dm`7`w`192`csq`1`n`2475`pw`0`ph`0`ju`6`sq`1997`pan`5`ibp`1`crf`8`sdy`0`h`24`iec`1`dft`5`ime`5`dmc`0`t`4`dn`2476`fn`2475`msz`255`23`0`c`0`pt`5`sp`s_4_1_6_0`dm`7`w`120`csq`1`n`2477`pw`0`ph`0`ju`6`sq`1997`pan`5`ibp`1`crf`8`sdy`0`h`24`iec`1`dft`5`ime`5`dmc`0`t`438`dn`2477`fn`2477`msz`50`23`0`c`0`pt`5`sp`s_4_1_10_0`dm`7`w`136`csq`1`n`2478`pw`0`ph`0`ju`6`sq`1997`pan`5`ibp`1`crf`8`sdy`0`h`24`iec`1`dft`5`ime`5`dmc`0`t`4`dn`2479`fn`2478`msz`50`23`0`c`0`pt`5`sp`s_4_1_9_0`dm`7`w`24`n`2480`pw`0`ph`0`ju`6`sq`1997`pan`5`icm`387`ibp`1`crf`8`sdy`0`h`0`iec`1`dft`5`ime`5`dmc`0`t`92`dn`2481`fn`2480`msz`1`25`0`c`0`pt`5`sp`s_4_1_392_0`dm`7`w`136`csq`1`n`2482`pw`300`pat`Mvg`ph`100`ju`6`sq`1997`ied`1`pan`5`ibp`1`crf`8`sdy`0`h`24`iec`1`dft`5`ime`5`dmc`0`t`4`dn`314`fn`2483`msz`50`23`0`c`0`pt`5`sp`s_4_1_21_0`dm`7`w`120`csq`1`n`2484`pw`0`ph`0`ju`6`sq`1997`pan`5`ibp`1`crf`8`sdy`0`h`24`iec`1`dft`5`ime`5`dmc`0`t`2485`dn`2486`fn`2487`msz`50`23`0`c`0`pt`5`sp`s_4_1_386_0`dm`7`w`136`csq`1`n`2488`pw`0`ph`0`ju`6`sq`1997`pan`5`ibp`1`crf`8`sdy`0`h`24`iec`1`dft`5`ime`5`dmc`0`t`4`dn`313`fn`2489`msz`50`23`0`c`0`pt`5`sp`s_4_1_13_0`dm`7`w`120`csq`1`n`2490`pw`0`ph`0`ju`6`sq`1997`pan`5`ibp`1`crf`8`sdy`0`h`24`iec`1`dft`5`ime`5`dmc`0`t`2485`dn`2491`fn`2492`msz`50`25`0`c`0`pt`5`sp`s_4_1_356_0`dm`7`w`128`csq`1`n`998`pw`300`pat`Mvg`ph`100`ju`6`sq`1997`ied`1`pan`5`ibp`1`crf`8`sdy`0`h`24`iec`1`dft`5`ime`5`dmc`0`t`4`dn`572`fn`573`msz`30`23`0`c`0`pt`5`sp`s_4_1_7_0`dm`7`w`120`csq`1`n`2493`pw`0`ph`0`ju`6`sq`1997`pan`2495`ibp`1`crf`8`sdy`0`h`24`iec`1`dft`5`ime`5`dmc`0`t`116`dn`2494`fn`2493`msz`30`23`0`c`0`pt`5`sp`s_4_1_43_0`dm`7`w`120`csq`1`n`2496`pw`0`ph`0`ju`6`sq`1997`pan`5`ibp`1`crf`8`sdy`0`h`56`iec`1`dft`5`ime`5`dmc`0`t`122`dn`2497`fn`2498`msz`100`23`0`c`0`pt`5`sp`s_4_1_122_0`dm`7`w`128`csq`1`n`2460`pw`0`ph`0`ju`6`sq`1997`pan`883`ibp`1`crf`8`sdy`0`h`24`iec`1`dft`5`ime`5`dmc`0`t`116`dn`2461`fn`883`msz`10`23`0`c`0`pt`5`sp`s_4_1_496_0`dm`7`w`192`csq`1`n`119`pw`0`ph`0`ju`6`sq`1997`pan`2433`ibp`1`crf`8`sdy`0`h`24`iec`1`dft`5`ime`5`dmc`0`t`116`dn`917`fn`119`msz`30`1`0`cfm`0`DeleteRecord`IDS_SWE_DELETE_CONFIRM_WARNING`1`0`aa`0`n`BT Billing Profile Form Applet`0`6`nci`0`1`0`SI`0`SX`6`0`3`PI`0`1`0`II`0`CP`***Dispute_Adj`1`0`II`0`CP`*All Billing Account`1`0`II`0`CP`Open and Error Payments`0`0`VI`0`1`25`AI`0`SX`1`2`0`II`0`CP`1059`VN`2908`2`0`II`0`CP`2910`VN`2909`2`0`II`0`CP`2912`VN`2911`2`0`II`0`CP`1588`VN`2913`2`0`II`0`CP`2915`VN`2914`2`0`II`0`CP`1053`VN`2916`2`0`II`0`CP`1047`VN`2917`2`0`II`0`CP`391`VN`2918`2`0`II`0`CP`2920`VN`2919`2`0`II`0`CP`2922`VN`2921`2`0`II`0`CP`1040`VN`2923`2`0`II`0`CP`2925`VN`2924`2`0`II`0`CP`1043`VN`2926`2`0`II`0`CP`2928`VN`2927`2`0`II`0`CP`2930`VN`2929`2`0`II`0`CP`517`VN`2931`2`0`II`0`CP`2933`VN`2932`2`0`II`0`CP`2935`VN`2934`2`0`II`0`CP`2937`VN`2936`2`0`II`0`CP`2939`VN`2938`2`0`II`0`CP`2941`VN`2940`2`0`II`0`CP`657`VN`2942`2`0`II`0`CP`2944`VN`2943`2`0`II`0`CP`2946`VN`2945`2`0`II`0`CP`2948`VN`2947`1`3`DI`0`SX`0`2`0`II`0`CP`2949`VN`2909`2`0`II`0`CP`2951`VN`2950`2`0`II`0`CP`2414`VN`2952`0`0`SDI`0`2`0`hui`0`n`Billing Account Profile: 3-61EV8C9M`hnact`top._swe._sweapp.S_App.GotoView(&amp;quot;BT Billing Account Profile view&amp;quot;, &amp;quot;&amp;quot;, &amp;quot;/ecommunications_enu_nsm_aps05524a027/start.swe?SWENeedContext=false&amp;amp;SWECmd=GotoBookmarkView&amp;amp;SWEBMC=65&amp;amp;SWEC=65&amp;amp;SRN=xK7T2pIB2ZOV15hwlQxQF5reKcoUB8VpMTZr7we8uAEb&amp;quot;, top._sweclient._swecontent._sweview)`1`7`Command Manager`0`RefreshToolbar`true`7`0`StateToolBar`0`#35`true`#36`true`#17`true`#34`true`#8`false`#37`true`#38`true`0`1`StateExToolBar`0`1`0`#35`0`Checked`false`0`3`FlagsToolBar`0`3`0`#8`0`SWESP`true`SWEH`0`SWEW`0`3`0`#34`0`SWESP`true`SWEH`600`SWEW`800`3`0`#36`0`SWESP`true`SWEH`20`SWEW`380`3`0`State`0`#27`false`#26`false`#28`false`0`3`StateEx`0`0`0`#26`0`0`0`#27`0`1`0`#28`0`Checked`false`0`0`Flags`0`0`4`Accelerators`0`0`3`BT Banking Details Form Appplet`0`2`0``0`key`01068`Command`*Browser Applet* *DeleteRecord*BT Banking Details Form Appplet* `2`0``0`key`01168`Command`*Browser Applet* *DeleteRecord*BT Banking Details Form Appplet* `2`0``0`Command``class`#F`0`20`BT BAL Query Payment Mandate Applet VBC`0`2`0``0`key`01078`Command`*Browser Applet* *NewRecord*BT BAL Query Payment Mandate Applet VBC* `2`0``0`key`01178`Command`*Browser Applet* *NewRecord*BT BAL Query Payment Mandate Applet VBC* `2`0``0`key`01169`Command`*Browser Applet* *EditRecord*BT BAL Query Payment Mandate Applet VBC* `2`0``0`key`01069`Command`*Browser Applet* *EditRecord*BT BAL Query Payment Mandate Applet VBC* `2`0``0`key`11083`Command`*Browser Applet* *WriteRecord*BT BAL Query Payment Mandate Applet VBC* `2`0``0`key`01083`Command`*Browser Applet* *WriteRecord*BT BAL Query Payment Mandate Applet VBC* `2`0``0`key`01066`Command`*Browser Applet* *CopyRecord*BT BAL Query Payment Mandate Applet VBC* `2`0``0`key`01167`Command`*Browser Applet* *CopyRecord*BT BAL Query Payment Mandate Applet VBC* `2`0``0`key`01068`Command`*Browser Applet* *DeleteRecord*BT BAL Query Payment Mandate Applet VBC* `2`0``0`key`01168`Command`*Browser Applet* *DeleteRecord*BT BAL Query Payment Mandate Applet VBC* `2`0``0`key`01085`Command`*Browser Applet* *UndoRecord*BT BAL Query Payment Mandate Applet VBC* `2`0``0`key`01185`Command`*Browser Applet* *UndoRecord*BT BAL Query Payment Mandate Applet VBC* `2`0``0`key`00181`Command`*Browser Applet* *NewQuery*BT BAL Query Payment Mandate Applet VBC* `2`0``0`key`01181`Command`*Browser Applet* *NewQuery*BT BAL Query Payment Mandate Applet VBC* `2`0``0`key`00113`Command`*Browser Applet* *ExecuteQuery*BT BAL Query Payment Mandate Applet VBC* `2`0``0`key`01113`Command`*Browser Applet* *ExecuteQuery*BT BAL Query Payment Mandate Applet VBC* `2`0``0`key`00171`Command`*Browser Applet* *RefineQuery*BT BAL Query Payment Mandate Applet VBC* `2`0``0`key`00182`Command`*Browser Applet* *RefineQuery*BT BAL Query Payment Mandate Applet VBC* `2`0``0`key`01182`Command`*Browser Applet* *RefineQuery*BT BAL Query Payment Mandate Applet VBC* `2`0``0`Command``class`#F`0`3`BT Billing Profile Form Applet`0`2`0``0`key`01068`Command`*Browser Applet* *DeleteRecord*BT Billing Profile Form Applet* `2`0``0`key`01168`Command`*Browser Applet* *DeleteRecord*BT Billing Profile Form Applet* `2`0``0`Command``class`#F`0`10`BT Billing Account Form Applet`0`2`0``0`key`00171`Command`*Browser Applet* *RefineQuery*BT Billing Account Form Applet* `2`0``0`key`00182`Command`*Browser Applet* *RefineQuery*BT Billing Account Form Applet* `2`0``0`key`01182`Command`*Browser Applet* *RefineQuery*BT Billing Account Form Applet* `2`0``0`key`00183`Command`*Browser* *SaveQueryAs* *Save Query As Applet*410*250*true`2`0``0`key`01183`Command`*Browser* *SaveQueryAs* *Save Query As Applet*410*250*true`2`0``0`key`00181`Command`*Browser Applet* *NewQuery*BT Billing Account Form Applet* `2`0``0`key`01181`Command`*Browser Applet* *NewQuery*BT Billing Account Form Applet* `2`0``0`key`00113`Command`*Browser Applet* *ExecuteQuery*BT Billing Account Form Applet* `2`0``0`key`01113`Command`*Browser Applet* *ExecuteQuery*BT Billing Account Form Applet* `2`0``0`Command``class`#F`</responseData>
  <responseFile class="java.lang.String"></responseFile>
  <cookies class="java.lang.String">_sn=GXmoeGkdwh1O45lrH7mMIZnLMWvqHkVWiQKqDOICOq1fi95anXYMaCRAX879ujDRD9kS4J75N4kGDX576Q2AKmwZPUBih-4NS80Pc1189OxasEbdAsHiEtIhcnCzZ0zWb5V6QpVraL0TTGU4ktkGZq374g8C0pUBRhKVASKeW21TgUW5eIkswq97I-.qG-kr; _srn=_srn; SWEUAID=SWEUAID</cookies>
  <method class="java.lang.String">POST</method>
  <queryString class="java.lang.String">s_2_2_114_0=&amp;s_2_2_244_0=1&amp;SWECmd=InvokeMethod&amp;s_2_2_106_0=&amp;s_2_2_160_0=&amp;s_2_2_87_0=&amp;s_2_2_189_0=3-61EV8C9M&amp;s_2_2_108_0=&amp;s_2_2_97_0=&amp;s_2_2_128_0=&amp;s_2_2_138_0=&amp;s_2_2_90_0=&amp;SWEActiveApplet=BT+Order+Entry+-+Line+Item+List+Applet+%28Sales%29&amp;SWEReqRowId=1&amp;s_2_2_268_0=Pending&amp;s_2_2_192_0=23%2F06%2F2020+14%3A02%3A52&amp;SWERowIds=SWERowId0%3D3-61EV8AO3&amp;SWEView=Order+Entry+-+Line+Items+Detail+View+%28Sales%29&amp;SWERowId=3-61EV8BLC&amp;s_2_2_113_0=&amp;SWEC=64&amp;s_2_2_261_0=Demo&amp;SWETS={{\d+}}&amp;s_2_2_115_0=&amp;SWERPC=1&amp;s_2_2_107_0=&amp;SWEVI=&amp;s_2_2_125_0=&amp;s_2_2_143_0=&amp;SWEField=s_2_2_189_0&amp;s_2_2_135_0=&amp;s_2_2_153_0=Monthly%2FQuarterly+Bill&amp;s_2_2_109_0=Default&amp;SWEP=&amp;SWEApplet=BT+Order+Entry+-+Line+Item+List+Applet+%28Sales%29&amp;SWEActiveView=Order+Entry+-+Line+Items+Detail+View+%28Sales%29&amp;SWER=0&amp;s_2_2_147_0=In-Progress&amp;s_2_2_120_0=&amp;SWEMethod=Drilldown&amp;SRN=xK7T2pIB2ZOV15hwlQxQF5reKcoUB8VpMTZr7we8uAEb&amp;s_2_2_112_0=</queryString>
  <java.net.URL>http://localhost:8080/ecommunications_enu_nsm_aps05524a027/start.swe</java.net.URL>
</httpSample>
<httpSample t="{{\d+}}" it="0" lt="{{\d+}}" ct="{{\d+}}" ts="{{\d+}}" s="true" lb="{{\d+}} /ecommunications_enu_nsm_aps05524a027/start.swe" rc="200" rm="OK" tn="Thread Group 1-1" dt="text" de="utf-8" by="4167" sby="1177" sc="1" ec="0" ng="1" na="1" hn="{{.*?}}">
  <responseHeader class="java.lang.String">HTTP/1.1 200 OK
Connection: close
Server: Oracle-iPlanet-Web-Server/7.0
Date: Tue, 23 Jun 2020 13:04:53 GMT
Content-Language: en
Cache-Control: no-cache
Content-Type: text/html;charset=utf-8
Matched-Stub-Id: {{\w+-\w+-\w+-\w+-\w+}}
Vary: Accept-Encoding, User-Agent
Content-Encoding: gzip
</responseHeader>
  <requestHeader class="java.lang.String">Connection: close
Referer: http://localhost:8080/ecommunications_enu_nsm_aps05524a027/start.swe?SWENeedContext=false&amp;SWECmd=GetCachedFrame&amp;SWEACn=23534&amp;SWEC=3&amp;SWEFrame=top._sweclient._swecontent._sweview&amp;SWEBID=-1&amp;SRN=xK7T2pIB2ZOV15hwlQxQF5reKcoUB8VpMTZr7we8uAEb&amp;SWETS=
Accept-Language: en-GB
DNT: 1
Accept-Encoding: gzip, deflate
Accept: image/jpeg, application/x-ms-application, image/gif, application/xaml+xml, image/pjpeg, application/x-ms-xbap, */*
User-Agent: Mozilla/4.0 (compatible; MSIE 7.0; Windows NT 6.3; WOW64; Trident/7.0; .NET4.0E; .NET4.0C; .NET CLR 3.5.30729; .NET CLR 2.0.50727; .NET CLR 3.0.30729)
Host: localhost:8080
</requestHeader>
  <responseData class="java.lang.String">&lt;HTML &gt;&lt;head&gt;&lt;meta HTTP-EQUIV=&quot;Pragma&quot; CONTENT=&quot;no-cache&quot;&gt;
&lt;title&gt;Billing Account Profile&lt;/title&gt;&lt;link href=&quot;files/main.css&quot; rel=&quot;stylesheet&quot;/&gt;
&lt;script language=&quot;javascript&quot; src=&quot;23048/scripts/swecommon.js&quot;&gt;&lt;/script&gt; 
&lt;script language=&quot;javascript&quot; src=&quot;23048/scripts/swecmn_hi.js&quot;&gt;&lt;/script&gt; 
&lt;/head&gt;&lt;body leftmargin=&quot;8&quot; topmargin=&quot;2&quot; marginwidth=&quot;20&quot; marginheight=&quot;2&quot; class=&quot;ScreenBack&quot;&gt;&lt;script&gt;
if(typeof(top._swescript)!=&apos;undefined&apos;&amp;&amp;top._swescript!=null) top._swescript.InitFrame(this);&lt;/script&gt;
&lt;table datatable=&quot;0&quot; summary=&quot;&quot; border=&quot;0&quot; cellspacing=&quot;0&quot; cellpadding=&quot;1&quot; width=&quot;100%&quot;&gt;&lt;tr&gt;&lt;/tr&gt;&lt;/table&gt;&lt;a name=&quot;SWEApplet4&quot; id=&quot;SWEApplet4&quot; href=&quot;#SWEApplet4&quot; title=&quot;Billing Account&quot;&gt;&lt;/a&gt;
&lt;div id=&apos;s_S_A4_div&apos;oncontextmenu=&apos;HandleContextMenu(&quot;BT Billing Account Form Applet&quot;)&apos; onclick=&apos;HandleAppletClick(&quot;BT Billing Account Form Applet&quot;)&apos;&gt;
&lt;a id=&quot;SWETopHidden4&quot; href=&quot;javascript:void(0);&quot; tabindex=&quot;1000&quot;&gt;&lt;/a&gt;&lt;table datatable=&quot;0&quot; summary=&quot;&quot; cellpadding=&quot;0&quot; cellspacing=&quot;0&quot; border=&quot;0&quot;&gt;&lt;tr&gt;&lt;td&gt;&lt;img src=&quot;images/spacer.gif&quot; width=&quot;1&quot; height=&quot;3&quot; alt=&quot;&quot;&gt;&lt;/td&gt;&lt;/tr&gt;&lt;/table&gt;&lt;form name=&quot;SWEForm4_0&quot; method=&quot;post&quot; action=&quot;/ecommunications_enu_nsm_aps05524a027/start.swe&quot; onSubmit=&quot;return false;&quot; &gt;
&lt;div class=&quot;NotSelected&quot; id=&quot;a_4&quot;&gt;&lt;table datatable=&quot;0&quot; summary=&quot;&quot; width=&quot;100%&quot; cellpadding=&quot;0&quot; cellspacing=&quot;0&quot; border=&quot;0&quot; align=&quot;center&quot; class=&quot;AppletBack&quot;&gt;&lt;tr&gt;&lt;td class=&quot;AppletHIFormBorder&quot;&gt;&lt;span class=&quot;AppletStyleParent77&quot;&gt;&lt;table datatable=&quot;0&quot; summary=&quot;&quot; width=&quot;100%&quot; cellspacing=&quot;0&quot; cellpadding=&quot;2&quot; border=&quot;0&quot; align=&quot;center&quot;&gt;&lt;tr class=&quot;AppletButtons&quot;&gt;&lt;td nowrap width=&quot;100%&quot; class=&quot;AppletTitle&quot;&gt;&amp;nbsp;Billing Account&lt;/td&gt;&lt;td nowrap valign=&quot;absmiddle&quot; class=&quot;legend&quot;&gt;&lt;/td&gt;&lt;td width=&quot;100%&quot;&gt;&amp;nbsp;&lt;img src=&quot;images/btn_div_gray.gif&quot; height=&quot;13&quot; align=&quot;middle&quot; alt=&quot;&quot;&gt;&amp;nbsp;&lt;/td&gt;&lt;td valign=&quot;middle&quot; nowrap&gt;&lt;span id=&apos;SWEApplet4_ctrlmsg&apos;&gt;&lt;/span&gt;&lt;/td&gt;&lt;td class=&quot;AppletTitle&quot; valign=&quot;middle&quot; nowrap&gt;&amp;nbsp;&lt;span id=s_4_rc&gt;&lt;/span&gt;&amp;nbsp;&lt;/td&gt;&lt;td valign=&quot;middle&quot; nowrap&gt;&lt;span id=s_4_1_2_0&gt;&amp;nbsp;&lt;/span&gt;&lt;/td&gt;&lt;td valign=&quot;top&quot; align=&quot;right&quot;&gt;&lt;/td&gt;&lt;/tr&gt;&lt;/table&gt;&lt;table datatable=&quot;0&quot; summary=&quot;&quot; class=&quot;AppletBackTable&quot; width=&quot;100%&quot; cellspacing=&quot;0&quot; cellpadding=&quot;2&quot; align=&quot;center&quot;&gt;&lt;tr class=&quot;AppletBack&quot; align=&quot;left&quot;&gt;&lt;td nowrap class=&quot;AppletMenu&quot;&gt;&lt;span class=&quot;miniBtnUICTop&quot;&gt;&lt;span class=&quot;miniBtnUIC&quot;&gt;&lt;a id=&apos;s_at_m_4&apos; href=&quot;javascript:void(0)&quot; onclick=&quot;window.event.cancelBubble=true; _JMenu_Initialize(this, &apos;BT Billing Account Form Applet&apos;, &apos;Applet&apos;, s_at_m_4Ax, 0, false); return false;&quot; onmouseover=&quot;MinibtnHover(this.parentNode)&quot; onmouseout=&quot;MinibtnOut(this.parentNode)&quot; onmousedown=&quot;MinibtnDown(this.parentNode)&quot; onmouseup=&quot;MinibtnUp(this.parentNode)&quot; &gt;Menu&amp;nbsp;&lt;img border=&quot;0&quot; src=&quot;images/img_arrow.gif&quot; align=&quot;center&quot;&gt;&lt;/a&gt;&lt;/span&gt;&lt;/span&gt;&lt;object id= &quot;s_at_m_4Ax&quot; CLASSID=&quot;CLSID:9174862b-ac3b-4f9f-abc9-a0a3c9fd95d4&quot; codebase=&quot;23048/applets/SiebelAx_HI_Client.cab&quot; width=0 height = 0&gt;&lt;/object&gt;&lt;/td&gt;&lt;td&gt;&lt;img height=1 alt=&quot;&quot; src=&quot;images/spacer.gif&quot; width=4&gt;&lt;/td&gt;&lt;td&gt;&lt;img src=&quot;images/btn_div_gray.gif&quot; height=&quot;13&quot; align=&quot;middle&quot; alt=&quot;&quot;&gt;&lt;/td&gt;&lt;td&gt;&lt;img src=&quot;images/spacer.gif&quot; width=&quot;4&quot; height=&quot;1&quot; alt=&quot;&quot;&gt;&lt;/td&gt;&lt;td nowrap&gt;&lt;span id=s_4_1_39_0&gt;&amp;nbsp;&lt;/span&gt;&lt;/td&gt;&lt;td nowrap&gt;&lt;span id=s_4_1_526_0&gt;&amp;nbsp;&lt;/span&gt;&lt;/td&gt;&lt;td nowrap&gt;&lt;span id=s_4_1_60_0&gt;&amp;nbsp;&lt;/span&gt;&lt;/td&gt;&lt;td nowrap&gt;&lt;span id=s_4_1_29_0&gt;&amp;nbsp;&lt;/span&gt;&lt;/td&gt;&lt;td nowrap&gt;&lt;span id=s_4_1_15_0&gt;&amp;nbsp;&lt;/span&gt;&lt;/td&gt;&lt;td nowrap&gt;&lt;span id=s_4_1_20_0&gt;&amp;nbsp;&lt;/span&gt;&lt;/td&gt;&lt;td nowrap&gt;&lt;span id=s_4_1_290_0&gt;&amp;nbsp;&lt;/span&gt;&lt;/td&gt;&lt;td nowrap&gt;&lt;span id=s_4_1_52_0&gt;&amp;nbsp;&lt;/span&gt;&lt;/td&gt;&lt;td nowrap&gt;&lt;span id=s_4_1_53_0&gt;&amp;nbsp;&lt;/span&gt;&lt;/td&gt;&lt;td nowrap&gt;&lt;span id=s_4_1_50_0&gt;&amp;nbsp;&lt;/span&gt;&lt;/td&gt;&lt;td nowrap&gt;&lt;span id=s_4_1_11_0&gt;&amp;nbsp;&lt;/span&gt;&lt;/td&gt;&lt;td nowrap&gt;&lt;span id=s_4_1_1_0&gt;&amp;nbsp;&lt;/span&gt;&lt;/td&gt;&lt;td nowrap&gt;&lt;span id=s_4_1_0_0&gt;&amp;nbsp;&lt;/span&gt;&lt;/td&gt;&lt;td&gt;&lt;table datatable=&quot;0&quot; summary=&quot;&quot; width=&quot;100%&quot; valign=&quot;top&quot; align=&quot;center&quot; cellpadding=&apos;0&apos; cellspacing=&apos;0&apos; border=&apos;0&apos;&gt;&lt;/table&gt;&lt;/td&gt;&lt;td class=&quot;mceGridLabel&quot; align=&quot;left&quot; width=&quot;100%&quot; nowrap&gt;&amp;nbsp;&lt;b&gt;&lt;span id=4_msg&gt;&lt;/span&gt;&lt;/b&gt;&lt;/td&gt;&lt;/tr&gt;&lt;/table&gt;&lt;table datatable=&quot;0&quot; summary=&quot;&quot; class=&quot;AppletBackTable&quot; width=&quot;100%&quot; cellspacing=&quot;0&quot; cellpadding=&quot;0&quot; align=&quot;center&quot;&gt;&lt;tr class=&quot;AppletBack&quot;&gt;&lt;td class=&quot;AppletBack&quot;&gt;&lt;img src=&quot;images/spacer.gif&quot; height=&quot;1&quot; width=&quot;1&quot; alt=&quot;&quot;&gt;&lt;/td&gt;&lt;td class=&quot;AppletBlank&quot; width=&quot;100%&quot;&gt;&lt;img src=&quot;images/spacer.gif&quot; height=&quot;1&quot; width=&quot;1&quot; alt=&quot;&quot;&gt;&lt;/td&gt;&lt;/tr&gt;&lt;/table&gt;&lt;span id=4_c_err style=&quot;display: none;&quot;&gt;&lt;table datatable=&quot;0&quot; summary=&quot;&quot; class=&quot;AppletBack&quot; width=&quot;100%&quot; cellpadding=&quot;0&quot; cellspacing=&quot;5&quot; border=&quot;0&quot;&gt;&lt;tr&gt;&lt;td class=&quot;error&quot;&gt;&lt;/td&gt;&lt;/tr&gt;&lt;/table&gt;&lt;/span&gt;&lt;div class=&quot;NotSelected&quot; id=&quot;a_4&quot;&gt;&lt;div align=left style=&quot;width:100%;&quot; class=&quot;GridBorder&quot;&gt;&lt;table class=&quot;GridBack&quot; border=0 cellspacing=0 cellpadding=0&gt;&lt;tr&gt;&lt;td&gt;&lt;/td&gt;&lt;td style=&quot;width:8px;&quot;&gt;&lt;/td&gt;&lt;td style=&quot;width:104px;&quot;&gt;&lt;/td&gt;&lt;td style=&quot;width:8px;&quot;&gt;&lt;/td&gt;&lt;td style=&quot;width:120px;&quot;&gt;&lt;/td&gt;&lt;td style=&quot;width:8px;&quot;&gt;&lt;/td&gt;&lt;td style=&quot;width:8px;&quot;&gt;&lt;/td&gt;&lt;td style=&quot;width:8px;&quot;&gt;&lt;/td&gt;&lt;td style=&quot;width:16px;&quot;&gt;&lt;/td&gt;&lt;td style=&quot;width:80px;&quot;&gt;&lt;/td&gt;&lt;td style=&quot;width:8px;&quot;&gt;&lt;/td&gt;&lt;td style=&quot;width:112px;&quot;&gt;&lt;/td&gt;&lt;td style=&quot;width:8px;&quot;&gt;&lt;/td&gt;&lt;td style=&quot;width:8px;&quot;&gt;&lt;/td&gt;&lt;td style=&quot;width:8px;&quot;&gt;&lt;/td&gt;&lt;td style=&quot;width:104px;&quot;&gt;&lt;/td&gt;&lt;td style=&quot;width:8px;&quot;&gt;&lt;/td&gt;&lt;td style=&quot;width:120px;&quot;&gt;&lt;/td&gt;&lt;td style=&quot;width:8px;&quot;&gt;&lt;/td&gt;&lt;td style=&quot;width:8px;&quot;&gt;&lt;/td&gt;&lt;td style=&quot;width:112px;&quot;&gt;&lt;/td&gt;&lt;td style=&quot;width:24px;&quot;&gt;&lt;/td&gt;&lt;td style=&quot;width:24px;&quot;&gt;&lt;/td&gt;&lt;td style=&quot;width:72px;&quot;&gt;&lt;/td&gt;&lt;td style=&quot;width:8px;&quot;&gt;&lt;/td&gt;&lt;td style=&quot;width:64px;&quot;&gt;&lt;/td&gt;&lt;td style=&quot;width:8px;&quot;&gt;&lt;/td&gt;&lt;td style=&quot;width:144px;&quot;&gt;&lt;/td&gt;&lt;td style=&quot;width:40px;&quot;&gt;&lt;/td&gt;&lt;td style=&quot;width:104px;&quot;&gt;&lt;/td&gt;&lt;td style=&quot;width:120px;&quot;&gt;&lt;/td&gt;&lt;td style=&quot;width:16px;&quot;&gt;&lt;/td&gt;&lt;td style=&quot;width:56px;&quot;&gt;&lt;/td&gt;&lt;td style=&quot;width:8px;&quot;&gt;&lt;/td&gt;&lt;td style=&quot;width:24px;&quot;&gt;&lt;/td&gt;&lt;td style=&quot;width:5176px;&quot;&gt;&lt;/td&gt;&lt;td style=&quot;width:120px;&quot;&gt;&lt;/td&gt;&lt;td style=&quot;width:496px;&quot;&gt;&lt;/td&gt;&lt;td style=&quot;width:120px;&quot;&gt;&lt;/td&gt;&lt;/tr&gt;&lt;tr&gt;&lt;td style=&quot;height:8;&quot;&gt;&lt;/td&gt;&lt;td rowSpan=8 colSpan=1&gt;&lt;/td&gt;&lt;td rowSpan=1 colSpan=30&gt;&lt;/td&gt;&lt;td nowrap valign=middle colSpan=1 rowSpan=2&gt;&lt;div class=&quot;mceGridField&quot;&gt;&lt;span id=s_4_1_165_0&gt;&amp;nbsp;&lt;/span&gt;&lt;/div&gt;&lt;/td&gt;&lt;td rowSpan=10 colSpan=1&gt;&lt;/td&gt;&lt;td nowrap valign=middle colSpan=1 rowSpan=2&gt;&lt;div class=&quot;mceGridField&quot;&gt;&lt;span id=s_4_1_18_0&gt;&amp;nbsp;&lt;/span&gt;&lt;/div&gt;&lt;/td&gt;&lt;td rowSpan=10 colSpan=1&gt;&lt;/td&gt;&lt;td rowSpan=7 colSpan=2&gt;&lt;/td&gt;&lt;td nowrap valign=middle colSpan=1 rowSpan=2&gt;&lt;div class=&quot;mceGridField&quot;&gt;&lt;span id=s_4_1_50_0&gt;&amp;nbsp;&lt;/span&gt;&lt;/div&gt;&lt;/td&gt;&lt;/tr&gt;&lt;tr&gt;&lt;td style=&quot;height:16;&quot;&gt;&lt;/td&gt;&lt;td nowrap valign=middle colSpan=2 rowSpan=2&gt;&lt;div class=&quot;mceGridLabel&quot; align=&quot;Right&quot;&gt;&amp;nbsp;Customer:&lt;img src=&quot;images/icon_req.gif&quot; border=&quot;0&quot; space=&quot;0&quot; hspace=&quot;0&quot; alt=&quot;Required&quot;  title=&quot;Required&quot; &gt;&lt;/img&gt;&lt;/div&gt;&lt;/td&gt;&lt;td nowrap valign=middle colSpan=4 rowSpan=2&gt;&lt;div class=&quot;mceGridField&quot;&gt;&lt;script&gt;SWEWriteObjectTag(this,&apos;&lt;object id=s_4_1_281_0 CLASSID=&quot;CLSID:1cb4ef94-8549-471a-b73f-54ff5c244212&quot; HEIGHT=24 WIDTH=144&gt;&lt;/object&gt;&apos;);&lt;/script&gt;&lt;/div&gt;&lt;/td&gt;&lt;td nowrap valign=middle colSpan=3 rowSpan=2&gt;&lt;div class=&quot;mceGridLabel&quot; align=&quot;Right&quot;&gt;&amp;nbsp;Billing Account No.:&lt;img src=&quot;images/icon_req.gif&quot; border=&quot;0&quot; space=&quot;0&quot; hspace=&quot;0&quot; alt=&quot;Required&quot;  title=&quot;Required&quot; &gt;&lt;/img&gt;&lt;/div&gt;&lt;/td&gt;&lt;td nowrap valign=middle colSpan=3 rowSpan=2&gt;&lt;div class=&quot;mceGridField&quot;&gt;&lt;script&gt;SWEWriteObjectTag(this,&apos;&lt;object id=s_4_1_62_0 CLASSID=&quot;CLSID:1cb4ef94-8549-471a-b73f-54ff5c244212&quot; HEIGHT=24 WIDTH=128&gt;&lt;/object&gt;&apos;);&lt;/script&gt;&lt;/div&gt;&lt;/td&gt;&lt;td rowSpan=3 colSpan=1&gt;&lt;/td&gt;&lt;td nowrap valign=middle colSpan=1 rowSpan=2&gt;&lt;div class=&quot;mceGridLabel&quot; align=&quot;Right&quot;&gt;&amp;nbsp;Status:&lt;img src=&quot;images/icon_req.gif&quot; border=&quot;0&quot; space=&quot;0&quot; hspace=&quot;0&quot; alt=&quot;Required&quot;  title=&quot;Required&quot; &gt;&lt;/img&gt;&lt;/div&gt;&lt;/td&gt;&lt;td nowrap valign=middle colSpan=3 rowSpan=2&gt;&lt;div class=&quot;mceGridField&quot;&gt;&lt;script&gt;SWEWriteObjectTag(this,&apos;&lt;object id=s_4_1_66_0 CLASSID=&quot;CLSID:1cb4ef94-8549-471a-b73f-54ff5c244212&quot; HEIGHT=24 WIDTH=112&gt;&lt;/object&gt;&apos;);&lt;/script&gt;&lt;/div&gt;&lt;/td&gt;&lt;td nowrap valign=middle colSpan=2 rowSpan=2&gt;&lt;div class=&quot;mceGridLabel&quot; align=&quot;Right&quot;&gt;&amp;nbsp;Sub Status:&lt;/div&gt;&lt;/td&gt;&lt;td nowrap valign=middle colSpan=5 rowSpan=2&gt;&lt;div class=&quot;mceGridField&quot;&gt;&lt;script&gt;SWEWriteObjectTag(this,&apos;&lt;object id=s_4_1_35_0 CLASSID=&quot;CLSID:1cb4ef94-8549-471a-b73f-54ff5c244212&quot; HEIGHT=24 WIDTH=184&gt;&lt;/object&gt;&apos;);&lt;/script&gt;&lt;/div&gt;&lt;/td&gt;&lt;td rowSpan=9 colSpan=1&gt;&lt;/td&gt;&lt;td nowrap valign=middle colSpan=1 rowSpan=2&gt;&lt;div class=&quot;mceGridLabel&quot; align=&quot;Right&quot;&gt;&amp;nbsp;Bill Notification:&lt;/div&gt;&lt;/td&gt;&lt;td nowrap valign=middle colSpan=1 rowSpan=2&gt;&lt;div class=&quot;mceGridField&quot;&gt;&lt;script&gt;SWEWriteObjectTag(this,&apos;&lt;object id=s_4_1_3_0 CLASSID=&quot;CLSID:1cb4ef94-8549-471a-b73f-54ff5c244212&quot; HEIGHT=12 WIDTH=12&gt;&lt;/object&gt;&apos;);&lt;/script&gt;&lt;/div&gt;&lt;/td&gt;&lt;td rowSpan=9 colSpan=1&gt;&lt;/td&gt;&lt;td nowrap valign=middle colSpan=1 rowSpan=2&gt;&lt;div class=&quot;mceGridField&quot;&gt;&lt;span id=s_4_1_314_0&gt;&amp;nbsp;&lt;/span&gt;&lt;/div&gt;&lt;/td&gt;&lt;td rowSpan=9 colSpan=1&gt;&lt;/td&gt;&lt;/tr&gt;&lt;tr&gt;&lt;td style=&quot;height:8;&quot;&gt;&lt;/td&gt;&lt;td rowSpan=8 colSpan=1&gt;&lt;/td&gt;&lt;td rowSpan=8 colSpan=1&gt;&lt;/td&gt;&lt;td rowSpan=8 colSpan=1&gt;&lt;/td&gt;&lt;/tr&gt;&lt;tr&gt;&lt;td style=&quot;height:8;&quot;&gt;&lt;/td&gt;&lt;td rowSpan=1 colSpan=12&gt;&lt;/td&gt;&lt;td rowSpan=1 colSpan=11&gt;&lt;/td&gt;&lt;td rowSpan=7 colSpan=2&gt;&lt;/td&gt;&lt;td rowSpan=7 colSpan=1&gt;&lt;/td&gt;&lt;/tr&gt;&lt;tr&gt;&lt;td style=&quot;height:24;&quot;&gt;&lt;/td&gt;&lt;td nowrap valign=middle colSpan=2 rowSpan=1&gt;&lt;/td&gt;&lt;td valign=middle colSpan=2 rowSpan=1&gt;&lt;/td&gt;&lt;td rowSpan=4 colSpan=1&gt;&lt;/td&gt;&lt;td nowrap valign=middle colSpan=3 rowSpan=1&gt;&lt;/td&gt;&lt;td valign=middle colSpan=3 rowSpan=12&gt;&lt;/td&gt;&lt;td rowSpan=6 colSpan=1&gt;&lt;/td&gt;&lt;td nowrap valign=middle colSpan=2 rowSpan=1&gt;&lt;/td&gt;&lt;td nowrap valign=middle colSpan=2 rowSpan=1&gt;&lt;/td&gt;&lt;td nowrap valign=middle colSpan=3 rowSpan=1&gt;&lt;div class=&quot;mceGridLabel&quot; align=&quot;Right&quot;&gt;&amp;nbsp;Billing Transaction Status:&lt;/div&gt;&lt;/td&gt;&lt;td nowrap valign=middle colSpan=5 rowSpan=1&gt;&lt;div class=&quot;mceGridField&quot;&gt;&lt;script&gt;SWEWriteObjectTag(this,&apos;&lt;object id=s_4_1_8_0 CLASSID=&quot;CLSID:1cb4ef94-8549-471a-b73f-54ff5c244212&quot; HEIGHT=24 WIDTH=192&gt;&lt;/object&gt;&apos;);&lt;/script&gt;&lt;/div&gt;&lt;/td&gt;&lt;/tr&gt;&lt;tr&gt;&lt;td style=&quot;height:8;&quot;&gt;&lt;/td&gt;&lt;td rowSpan=3 colSpan=4&gt;&lt;/td&gt;&lt;td rowSpan=3 colSpan=3&gt;&lt;/td&gt;&lt;td rowSpan=1 colSpan=12&gt;&lt;/td&gt;&lt;/tr&gt;&lt;tr&gt;&lt;td style=&quot;height:16;&quot;&gt;&lt;/td&gt;&lt;td nowrap valign=middle colSpan=7 rowSpan=2&gt;&lt;/td&gt;&lt;td nowrap valign=middle colSpan=3 rowSpan=2&gt;&lt;/td&gt;&lt;td rowSpan=4 colSpan=2&gt;&lt;/td&gt;&lt;/tr&gt;&lt;tr&gt;&lt;td style=&quot;height:8;&quot;&gt;&lt;/td&gt;&lt;td nowrap valign=middle colSpan=1 rowSpan=3&gt;&lt;div class=&quot;mceGridField&quot;&gt;&lt;span id=s_4_1_6_0&gt;&amp;nbsp;&lt;/span&gt;&lt;/div&gt;&lt;/td&gt;&lt;td rowSpan=3 colSpan=1&gt;&lt;/td&gt;&lt;/tr&gt;&lt;tr&gt;&lt;td style=&quot;height:8;&quot;&gt;&lt;/td&gt;&lt;td nowrap valign=middle colSpan=3 rowSpan=3&gt;&lt;/td&gt;&lt;td nowrap valign=middle colSpan=5 rowSpan=4&gt;&lt;/td&gt;&lt;td rowSpan=2 colSpan=1&gt;&lt;/td&gt;&lt;td nowrap valign=middle colSpan=3 rowSpan=3&gt;&lt;/td&gt;&lt;td nowrap valign=middle colSpan=2 rowSpan=3&gt;&lt;/td&gt;&lt;td rowSpan=2 colSpan=1&gt;&lt;/td&gt;&lt;td rowSpan=1 colSpan=4&gt;&lt;/td&gt;&lt;/tr&gt;&lt;tr&gt;&lt;td style=&quot;height:8;&quot;&gt;&lt;/td&gt;&lt;td nowrap valign=middle colSpan=1 rowSpan=3&gt;&lt;/td&gt;&lt;td nowrap valign=middle colSpan=1 rowSpan=3&gt;&lt;/td&gt;&lt;td rowSpan=1 colSpan=1&gt;&lt;/td&gt;&lt;td nowrap valign=middle colSpan=1 rowSpan=3&gt;&lt;/td&gt;&lt;/tr&gt;&lt;/table&gt;&lt;/div&gt;&lt;/div&gt;&lt;/span&gt;&lt;/td&gt;&lt;/tr&gt;&lt;/table&gt;&lt;/div&gt;&lt;/form&gt;
&lt;a id=&quot;SWEBottomHidden4&quot; href=&quot;javascript:void(0);&quot; tabindex=&quot;1999&quot; onfocus=&quot;document.getElementById(&apos;SWETopHidden4&apos;).focus();&quot;&gt;&lt;/a&gt;&lt;/div&gt;&lt;div id=s_vctrl_div STYLE=&quot;height:37px&quot;&gt;&lt;div&gt; &lt;/div&gt;&lt;script&gt;SWEWriteObjectTag(this,&apos;&lt;OBJECT ID=&quot;s_vctrl&quot; CLASSID=&quot;clsid:bfb7437b-a5ea-4d13-a552-4150b0fdf838&quot; CODEBASE=&quot;&quot; WIDTH =&quot;100%&quot; HEIGHT =&quot;100%&quot;  tabindex=-1 &gt;&lt;PARAM NAME=&quot;style&quot; VALUE=&quot;Tab&quot;/&gt;&lt;PARAM NAME=&quot;indentWidth&quot; VALUE=&quot;30&quot;/&gt;&lt;PARAM NAME=&quot;anchorTab&quot; VALUE=&quot;true&quot;/&gt;&lt;PARAM NAME=&quot;type&quot; VALUE=&quot;Detail Category With View&quot;/&gt;&lt;/OBJECT&gt;&apos;);&lt;/script&gt;&lt;/div&gt;&lt;div style=&quot;width:100%; border-color:#E0E5F5; border-style: solid; border-width: 0 1 1 1; padding: 0 3 3 3;&quot;&gt;&lt;a name=&quot;SWEApplet3&quot; id=&quot;SWEApplet3&quot; href=&quot;#SWEApplet3&quot; title=&quot;Billing Profile&quot;&gt;&lt;/a&gt;
&lt;div id=&apos;s_S_A3_div&apos;oncontextmenu=&apos;HandleContextMenu(&quot;BT Billing Profile Form Applet&quot;)&apos; onclick=&apos;HandleAppletClick(&quot;BT Billing Profile Form Applet&quot;)&apos;&gt;
&lt;a id=&quot;SWETopHidden3&quot; href=&quot;javascript:void(0);&quot; tabindex=&quot;2000&quot;&gt;&lt;/a&gt;&lt;form name=&quot;SWEForm3_0&quot; method=&quot;post&quot; action=&quot;/ecommunications_enu_nsm_aps05524a027/start.swe&quot; onSubmit=&quot;return false;&quot; &gt;
&lt;div class=&quot;NotSelected&quot; id=&quot;a_3&quot;&gt;&lt;table datatable=&quot;0&quot; summary=&quot;&quot; width=&quot;100%&quot; cellpadding=&quot;0&quot; cellspacing=&quot;0&quot; border=&quot;0&quot; align=&quot;center&quot; class=&quot;AppletBack&quot;&gt;&lt;tr&gt;&lt;td class=&quot;AppletHIFormBorder&quot;&gt;&lt;span class=&quot;AppletStyleChild77&quot;&gt;&lt;table datatable=&quot;0&quot; summary=&quot;&quot; width=&quot;100%&quot; cellspacing=&quot;0&quot; cellpadding=&quot;2&quot; border=&quot;0&quot; align=&quot;center&quot;&gt;&lt;tr class=&quot;AppletButtons&quot;&gt;&lt;td nowrap width=&quot;100%&quot; class=&quot;AppletTitle&quot;&gt;&amp;nbsp;&lt;/td&gt;&lt;td nowrap valign=&quot;absmiddle&quot; class=&quot;legend&quot;&gt;&lt;/td&gt;&lt;td width=&quot;100%&quot;&gt;&amp;nbsp;&lt;img src=&quot;images/btn_div_gray.gif&quot; height=&quot;13&quot; align=&quot;middle&quot; alt=&quot;&quot;&gt;&amp;nbsp;&lt;/td&gt;&lt;td valign=&quot;middle&quot; nowrap&gt;&lt;span id=&apos;SWEApplet3_ctrlmsg&apos;&gt;&lt;/span&gt;&lt;/td&gt;&lt;td class=&quot;AppletTitle&quot; valign=&quot;middle&quot; nowrap&gt;&lt;span id=s_3_1_152_0&gt;&amp;nbsp;&lt;/span&gt;&lt;/td&gt;&lt;td class=&quot;AppletTitle&quot; valign=&quot;middle&quot; nowrap&gt;&amp;nbsp;&lt;span id=s_3_rc&gt;&lt;/span&gt;&amp;nbsp;&lt;/td&gt;&lt;td class=&quot;AppletTitle&quot; valign=&quot;middle&quot; nowrap&gt;&lt;span id=s_3_1_151_0&gt;&amp;nbsp;&lt;/span&gt;&lt;/td&gt;&lt;td valign=&quot;top&quot; align=&quot;right&quot;&gt;&lt;/td&gt;&lt;/tr&gt;&lt;/table&gt;&lt;table datatable=&quot;0&quot; summary=&quot;&quot; class=&quot;AppletBackTable&quot; width=&quot;100%&quot; cellspacing=&quot;0&quot; cellpadding=&quot;2&quot; align=&quot;center&quot;&gt;&lt;tr class=&quot;AppletBack&quot; align=&quot;left&quot;&gt;&lt;td nowrap class=&quot;AppletMenu&quot;&gt;&lt;span class=&quot;miniBtnUICTop&quot;&gt;&lt;span class=&quot;miniBtnUIC&quot;&gt;&lt;a id=&apos;s_at_m_3&apos; href=&quot;javascript:void(0)&quot; onclick=&quot;window.event.cancelBubble=true; _JMenu_Initialize(this, &apos;BT Billing Profile Form Applet&apos;, &apos;Applet&apos;, s_at_m_3Ax, 0, false); return false;&quot; onmouseover=&quot;MinibtnHover(this.parentNode)&quot; onmouseout=&quot;MinibtnOut(this.parentNode)&quot; onmousedown=&quot;MinibtnDown(this.parentNode)&quot; onmouseup=&quot;MinibtnUp(this.parentNode)&quot; &gt;Menu&amp;nbsp;&lt;img border=&quot;0&quot; src=&quot;images/img_arrow.gif&quot; align=&quot;center&quot;&gt;&lt;/a&gt;&lt;/span&gt;&lt;/span&gt;&lt;object id= &quot;s_at_m_3Ax&quot; CLASSID=&quot;CLSID:9174862b-ac3b-4f9f-abc9-a0a3c9fd95d4&quot; codebase=&quot;23048/applets/SiebelAx_HI_Client.cab&quot; width=0 height = 0&gt;&lt;/object&gt;&lt;/td&gt;&lt;td&gt;&lt;img height=1 alt=&quot;&quot; src=&quot;images/spacer.gif&quot; width=4&gt;&lt;/td&gt;&lt;td&gt;&lt;img src=&quot;images/btn_div_gray.gif&quot; height=&quot;13&quot; align=&quot;middle&quot; alt=&quot;&quot;&gt;&lt;/td&gt;&lt;td&gt;&lt;img src=&quot;images/spacer.gif&quot; width=&quot;4&quot; height=&quot;1&quot; alt=&quot;&quot;&gt;&lt;/td&gt;&lt;td nowrap&gt;&lt;span id=s_3_1_154_0&gt;&amp;nbsp;&lt;/span&gt;&lt;/td&gt;&lt;td nowrap&gt;&lt;span id=s_3_1_2_0&gt;&amp;nbsp;&lt;/span&gt;&lt;/td&gt;&lt;td nowrap&gt;&lt;span id=s_3_1_7_0&gt;&amp;nbsp;&lt;/span&gt;&lt;/td&gt;&lt;td nowrap&gt;&lt;span id=s_3_1_12_0&gt;&amp;nbsp;&lt;/span&gt;&lt;/td&gt;&lt;td nowrap&gt;&lt;span id=s_3_1_158_0&gt;&amp;nbsp;&lt;/span&gt;&lt;/td&gt;&lt;td nowrap&gt;&lt;span id=s_3_1_1_0&gt;&amp;nbsp;&lt;/span&gt;&lt;/td&gt;&lt;td nowrap&gt;&lt;span id=s_3_1_21_0&gt;&amp;nbsp;&lt;/span&gt;&lt;/td&gt;&lt;td nowrap&gt;&lt;span id=s_3_1_11_0&gt;&amp;nbsp;&lt;/span&gt;&lt;/td&gt;&lt;td nowrap&gt;&lt;span id=s_3_1_14_0&gt;&amp;nbsp;&lt;/span&gt;&lt;/td&gt;&lt;td nowrap&gt;&lt;span id=s_3_1_13_0&gt;&amp;nbsp;&lt;/span&gt;&lt;/td&gt;&lt;td&gt;&lt;table datatable=&quot;0&quot; summary=&quot;&quot; width=&quot;100%&quot; valign=&quot;top&quot; align=&quot;center&quot; cellpadding=&apos;0&apos; cellspacing=&apos;0&apos; border=&apos;0&apos;&gt;&lt;/table&gt;&lt;/td&gt;&lt;td class=&quot;mceGridLabel&quot; align=&quot;left&quot; width=&quot;100%&quot; nowrap&gt;&amp;nbsp;&lt;b&gt;&lt;span id=3_msg&gt;&lt;/span&gt;&lt;/b&gt;&lt;/td&gt;&lt;/tr&gt;&lt;/table&gt;&lt;table datatable=&quot;0&quot; summary=&quot;&quot; class=&quot;AppletBackTable&quot; width=&quot;100%&quot; cellspacing=&quot;0&quot; cellpadding=&quot;0&quot; align=&quot;center&quot;&gt;&lt;tr class=&quot;AppletBack&quot;&gt;&lt;td class=&quot;AppletBack&quot;&gt;&lt;img src=&quot;images/spacer.gif&quot; height=&quot;1&quot; width=&quot;1&quot; alt=&quot;&quot;&gt;&lt;/td&gt;&lt;td class=&quot;AppletBlank&quot; width=&quot;100%&quot;&gt;&lt;img src=&quot;images/spacer.gif&quot; height=&quot;1&quot; width=&quot;1&quot; alt=&quot;&quot;&gt;&lt;/td&gt;&lt;/tr&gt;&lt;/table&gt;&lt;table datatable=&quot;0&quot; summary=&quot;&quot; width=&quot;100%&quot; cellpadding=&quot;0&quot; cellspacing=&quot;0&quot; border=&quot;0&quot; align=&quot;center&quot; class=&quot;AppletBack&quot;&gt;&lt;tr&gt;&lt;td&gt;&lt;span id=3_c_err style=&quot;display: none;&quot;&gt;&lt;table datatable=&quot;0&quot; summary=&quot;&quot; class=&quot;AppletBack&quot; width=&quot;100%&quot; cellpadding=&quot;0&quot; cellspacing=&quot;5&quot; border=&quot;0&quot;&gt;&lt;tr&gt;&lt;td class=&quot;error&quot;&gt;&lt;/td&gt;&lt;/tr&gt;&lt;/table&gt;&lt;/span&gt;&lt;table datatable=&quot;0&quot; summary=&quot;&quot; class=&quot;AppletBack&quot; width=&quot;100%&quot; cellpadding=&quot;0&quot; cellspacing=&quot;5&quot; border=&quot;0&quot;&gt;&lt;tr valign=&quot;top&quot;&gt;&lt;td width=&quot;50%&quot;&gt;&lt;table datatable=&quot;0&quot; summary=&quot;&quot; width=&quot;100%&quot; cellpadding=&quot;0&quot; cellspacing=&quot;0&quot; border=&quot;0&quot;&gt;&lt;tr valign=&quot;top&quot;&gt;&lt;td&gt;&lt;table datatable=&quot;0&quot; summary=&quot;&quot; width=&quot;100%&quot; border=&quot;0&quot; cellspacing=&quot;2&quot; cellpadding=&quot;0&quot; align=&quot;center&quot;&gt;&lt;/table&gt;&lt;/td&gt;&lt;td&gt;&lt;table datatable=&quot;0&quot; summary=&quot;&quot; width=&quot;100%&quot; border=&quot;0&quot; cellspacing=&quot;2&quot; cellpadding=&quot;0&quot;&gt;&lt;tr valign=&quot;middle&quot;&gt;&lt;td nowrap&gt;&lt;div class=&quot;mceLabel&quot; align=&quot;Right&quot;&gt;Payment Method:&lt;img src=&quot;images/icon_req.gif&quot; border=&quot;0&quot; space=&quot;0&quot; hspace=&quot;0&quot; alt=&quot;Required&quot;  title=&quot;Required&quot; &gt;&lt;/img&gt;&lt;/div&gt;&lt;/td&gt;&lt;td&gt;&lt;span class=&quot;mceField&quot; &gt;&lt;script&gt;SWEWriteObjectTag(this,&apos;&lt;object id=s_3_1_122_0 CLASSID=&quot;CLSID:1cb4ef94-8549-471a-b73f-54ff5c244212&quot; HEIGHT=20 WIDTH=175&gt;&lt;/object&gt;&apos;);&lt;/script&gt;&lt;/span&gt;&lt;/td&gt;&lt;/tr&gt;&lt;tr valign=&quot;middle&quot;&gt;&lt;td nowrap&gt;&lt;div class=&quot;mceLabel&quot; align=&quot;Right&quot;&gt;Billing Period:&lt;img src=&quot;images/icon_req.gif&quot; border=&quot;0&quot; space=&quot;0&quot; hspace=&quot;0&quot; alt=&quot;Required&quot;  title=&quot;Required&quot; &gt;&lt;/img&gt;&lt;/div&gt;&lt;/td&gt;&lt;td&gt;&lt;span class=&quot;mceField&quot; &gt;&lt;script&gt;SWEWriteObjectTag(this,&apos;&lt;object id=s_3_1_47_0 CLASSID=&quot;CLSID:1cb4ef94-8549-471a-b73f-54ff5c244212&quot; HEIGHT=20 WIDTH=175&gt;&lt;/object&gt;&apos;);&lt;/script&gt;&lt;/span&gt;&lt;/td&gt;&lt;/tr&gt;&lt;/table&gt;&lt;/td&gt;&lt;/tr&gt;&lt;/table&gt;&lt;/td&gt;&lt;td width=&quot;50%&quot;&gt;&lt;table datatable=&quot;0&quot; summary=&quot;&quot; width=&quot;100%&quot; cellpadding=&quot;0&quot; cellspacing=&quot;0&quot; border=&quot;0&quot;&gt;&lt;tr valign=&quot;top&quot;&gt;&lt;td&gt;&lt;table datatable=&quot;0&quot; summary=&quot;&quot; width=&quot;100%&quot; border=&quot;0&quot; cellspacing=&quot;2&quot; cellpadding=&quot;0&quot; align=&quot;center&quot;&gt;&lt;tr valign=&quot;middle&quot;&gt;&lt;td nowrap&gt;&lt;div class=&quot;mceLabel&quot; align=&quot;Right&quot;&gt;Bill Type:&lt;img src=&quot;images/icon_req.gif&quot; border=&quot;0&quot; space=&quot;0&quot; hspace=&quot;0&quot; alt=&quot;Required&quot;  title=&quot;Required&quot; &gt;&lt;/img&gt;&lt;/div&gt;&lt;/td&gt;&lt;td&gt;&lt;span class=&quot;mceField&quot; &gt;&lt;script&gt;SWEWriteObjectTag(this,&apos;&lt;object id=s_3_1_53_0 CLASSID=&quot;CLSID:1cb4ef94-8549-471a-b73f-54ff5c244212&quot; HEIGHT=20 WIDTH=175&gt;&lt;/object&gt;&apos;);&lt;/script&gt;&lt;/span&gt;&lt;/td&gt;&lt;/tr&gt;&lt;tr valign=&quot;middle&quot;&gt;&lt;td nowrap&gt;&lt;div class=&quot;mceLabel&quot; align=&quot;Right&quot;&gt;Bill Format:&lt;/div&gt;&lt;/td&gt;&lt;td&gt;&lt;span class=&quot;mceField&quot; &gt;&lt;script&gt;SWEWriteObjectTag(this,&apos;&lt;object id=s_3_1_6_0 CLASSID=&quot;CLSID:1cb4ef94-8549-471a-b73f-54ff5c244212&quot; HEIGHT=20 WIDTH=175&gt;&lt;/object&gt;&apos;);&lt;/script&gt;&lt;/span&gt;&lt;/td&gt;&lt;/tr&gt;&lt;tr valign=&quot;middle&quot;&gt;&lt;td nowrap&gt;&lt;div class=&quot;mceLabel&quot; align=&quot;Right&quot;&gt;Max Refund:&lt;/div&gt;&lt;/td&gt;&lt;td&gt;&lt;span class=&quot;mceField&quot; &gt;&lt;script&gt;SWEWriteObjectTag(this,&apos;&lt;object id=s_3_1_3_0 CLASSID=&quot;CLSID:1cb4ef94-8549-471a-b73f-54ff5c244212&quot; HEIGHT=20 WIDTH=175&gt;&lt;/object&gt;&apos;);&lt;/script&gt;&lt;/span&gt;&lt;/td&gt;&lt;/tr&gt;&lt;/table&gt;&lt;/td&gt;&lt;td&gt;&lt;table datatable=&quot;0&quot; summary=&quot;&quot; width=&quot;100%&quot; border=&quot;0&quot; cellspacing=&quot;2&quot; cellpadding=&quot;0&quot;&gt;&lt;tr valign=&quot;middle&quot;&gt;&lt;td nowrap&gt;&lt;div class=&quot;mceLabel&quot; align=&quot;Right&quot;&gt; Amount:&lt;/div&gt;&lt;/td&gt;&lt;td&gt;&lt;span class=&quot;mceField&quot; &gt;&lt;script&gt;SWEWriteObjectTag(this,&apos;&lt;object id=s_3_1_8_0 CLASSID=&quot;CLSID:1cb4ef94-8549-471a-b73f-54ff5c244212&quot; HEIGHT=20 WIDTH=175&gt;&lt;/object&gt;&apos;);&lt;/script&gt;&lt;/span&gt;&lt;/td&gt;&lt;/tr&gt;&lt;tr valign=&quot;middle&quot;&gt;&lt;td nowrap&gt;&lt;div class=&quot;mceLabel&quot; align=&quot;Right&quot;&gt;Day:&lt;/div&gt;&lt;/td&gt;&lt;td&gt;&lt;span class=&quot;mceField&quot; &gt;&lt;script&gt;SWEWriteObjectTag(this,&apos;&lt;object id=s_3_1_9_0 CLASSID=&quot;CLSID:1cb4ef94-8549-471a-b73f-54ff5c244212&quot; HEIGHT=20 WIDTH=175&gt;&lt;/object&gt;&apos;);&lt;/script&gt;&lt;/span&gt;&lt;/td&gt;&lt;/tr&gt;&lt;tr valign=&quot;middle&quot;&gt;&lt;td nowrap&gt;&lt;div class=&quot;mceLabel&quot; align=&quot;Right&quot;&gt; Refund:&lt;/div&gt;&lt;/td&gt;&lt;td&gt;&lt;span class=&quot;mceField&quot; &gt;&lt;script&gt;SWEWriteObjectTag(this,&apos;&lt;object id=s_3_1_0_0 CLASSID=&quot;CLSID:1cb4ef94-8549-471a-b73f-54ff5c244212&quot; HEIGHT=20 WIDTH=175&gt;&lt;/object&gt;&apos;);&lt;/script&gt;&lt;/span&gt;&lt;/td&gt;&lt;/tr&gt;&lt;/table&gt;&lt;/td&gt;&lt;/tr&gt;&lt;/table&gt;&lt;/td&gt;&lt;/tr&gt;&lt;/table&gt;&lt;/td&gt;&lt;/tr&gt;&lt;/table&gt;&lt;/div&gt;&lt;/span&gt;&lt;/td&gt;&lt;/tr&gt;&lt;/table&gt;&lt;/div&gt;&lt;/form&gt;
&lt;a id=&quot;SWEBottomHidden3&quot; href=&quot;javascript:void(0);&quot; tabindex=&quot;2999&quot; onfocus=&quot;document.getElementById(&apos;SWETopHidden3&apos;).focus();&quot;&gt;&lt;/a&gt;&lt;/div&gt;&lt;table datatable=&quot;0&quot; summary=&quot;&quot; class=&quot;tier3Back&quot; width=&quot;100%&quot; align=&quot;center&quot; cellpadding=&quot;0&quot; cellspacing=&quot;0&quot; border=&quot;0&quot;&gt;&lt;tr valign=&quot;top&quot;&gt;&lt;td&gt;&lt;img src=&quot;images/spacer.gif&quot; width=&quot;1&quot; height=&quot;3&quot; alt=&quot;&quot;&gt;&lt;/td&gt;&lt;/tr&gt;&lt;/table&gt;&lt;div id=s_svctrl_div STYLE=&quot;height:37px&quot;&gt;&lt;div&gt; &lt;/div&gt;&lt;script&gt;SWEWriteObjectTag(this,&apos;&lt;OBJECT ID=&quot;s_svctrl&quot; CLASSID=&quot;clsid:bfb7437b-a5ea-4d13-a552-4150b0fdf838&quot; CODEBASE=&quot;&quot; WIDTH =&quot;100%&quot; HEIGHT =&quot;100%&quot;  tabindex=-1 &gt;&lt;PARAM NAME=&quot;style&quot; VALUE=&quot;Tab&quot;/&gt;&lt;PARAM NAME=&quot;indentWidth&quot; VALUE=&quot;60&quot;/&gt;&lt;PARAM NAME=&quot;anchorTab&quot; VALUE=&quot;true&quot;/&gt;&lt;PARAM NAME=&quot;type&quot; VALUE=&quot;Detail Category View&quot;/&gt;&lt;/OBJECT&gt;&apos;);&lt;/script&gt;&lt;/div&gt;&lt;table datatable=&quot;0&quot; summary=&quot;&quot; width=&quot;100%&quot; border=&quot;0&quot; cellspacing=&quot;0&quot; cellpadding=&quot;3&quot;&gt;&lt;tr valign=&quot;top&quot;&gt;&lt;td width=&quot;50%&quot;&gt;&lt;a name=&quot;SWEApplet2&quot; id=&quot;SWEApplet2&quot; href=&quot;#SWEApplet2&quot; title=&quot;Banking Details&quot;&gt;&lt;/a&gt;
&lt;div id=&apos;s_S_A2_div&apos;oncontextmenu=&apos;HandleContextMenu(&quot;BT Banking Details Form Appplet&quot;)&apos; onclick=&apos;HandleAppletClick(&quot;BT Banking Details Form Appplet&quot;)&apos;&gt;
&lt;a id=&quot;SWETopHidden2&quot; href=&quot;javascript:void(0);&quot; tabindex=&quot;3000&quot;&gt;&lt;/a&gt;&lt;table datatable=&quot;0&quot; summary=&quot;&quot;&gt;&lt;tr&gt;&lt;td&gt;&lt;img src=&quot;images/spacer.gif&quot; width=&quot;1&quot; height=&quot;3&quot; alt=&quot;&quot;&gt;&lt;/td&gt;&lt;/tr&gt;&lt;/table&gt;&lt;form name=&quot;SWEForm2_0&quot; method=&quot;post&quot; action=&quot;/ecommunications_enu_nsm_aps05524a027/start.swe&quot; onSubmit=&quot;return false;&quot; &gt;
&lt;div class=&quot;NotSelected&quot; id=&quot;a_2&quot;&gt;&lt;table datatable=&quot;0&quot; summary=&quot;&quot; width=&quot;100%&quot; cellpadding=&quot;0&quot; cellspacing=&quot;0&quot; border=&quot;0&quot; align=&quot;center&quot; class=&quot;AppletBack&quot;&gt;&lt;tr&gt;&lt;td class=&quot;AppletHIFormBorder&quot;&gt;&lt;span class=&quot;AppletStyleChild77&quot;&gt;&lt;table datatable=&quot;0&quot; summary=&quot;&quot; width=&quot;100%&quot; cellspacing=&quot;0&quot; cellpadding=&quot;2&quot; border=&quot;0&quot; align=&quot;center&quot;&gt;&lt;tr class=&quot;AppletButtons&quot;&gt;&lt;td nowrap width=&quot;100%&quot; class=&quot;AppletTitle&quot;&gt;&amp;nbsp;Banking Details&lt;/td&gt;&lt;td nowrap valign=&quot;absmiddle&quot; class=&quot;legend&quot;&gt;&lt;/td&gt;&lt;td width=&quot;100%&quot;&gt;&amp;nbsp;&lt;img src=&quot;images/btn_div_gray.gif&quot; height=&quot;13&quot; align=&quot;middle&quot; alt=&quot;&quot;&gt;&amp;nbsp;&lt;/td&gt;&lt;td valign=&quot;middle&quot; nowrap&gt;&lt;span id=&apos;SWEApplet2_ctrlmsg&apos;&gt;&lt;/span&gt;&lt;/td&gt;&lt;td class=&quot;AppletTitle&quot; valign=&quot;middle&quot; nowrap&gt;&lt;span id=s_2_1_143_0&gt;&amp;nbsp;&lt;/span&gt;&lt;/td&gt;&lt;td class=&quot;AppletTitle&quot; valign=&quot;middle&quot; nowrap&gt;&amp;nbsp;&lt;span id=s_2_rc&gt;&lt;/span&gt;&amp;nbsp;&lt;/td&gt;&lt;td class=&quot;AppletTitle&quot; valign=&quot;middle&quot; nowrap&gt;&lt;span id=s_2_1_142_0&gt;&amp;nbsp;&lt;/span&gt;&lt;/td&gt;&lt;td valign=&quot;top&quot; align=&quot;right&quot;&gt;&lt;/td&gt;&lt;/tr&gt;&lt;/table&gt;&lt;table datatable=&quot;0&quot; summary=&quot;&quot; class=&quot;AppletBackTable&quot; width=&quot;100%&quot; cellspacing=&quot;0&quot; cellpadding=&quot;2&quot; align=&quot;center&quot;&gt;&lt;tr class=&quot;AppletBack&quot; align=&quot;left&quot;&gt;&lt;td nowrap class=&quot;AppletMenu&quot;&gt;&lt;span class=&quot;miniBtnUICTop&quot;&gt;&lt;span class=&quot;miniBtnUIC&quot;&gt;&lt;a id=&apos;s_at_m_2&apos; href=&quot;javascript:void(0)&quot; onclick=&quot;window.event.cancelBubble=true; _JMenu_Initialize(this, &apos;BT Banking Details Form Appplet&apos;, &apos;Applet&apos;, s_at_m_2Ax, 0, false); return false;&quot; onmouseover=&quot;MinibtnHover(this.parentNode)&quot; onmouseout=&quot;MinibtnOut(this.parentNode)&quot; onmousedown=&quot;MinibtnDown(this.parentNode)&quot; onmouseup=&quot;MinibtnUp(this.parentNode)&quot; &gt;Menu&amp;nbsp;&lt;img border=&quot;0&quot; src=&quot;images/img_arrow.gif&quot; align=&quot;center&quot;&gt;&lt;/a&gt;&lt;/span&gt;&lt;/span&gt;&lt;object id= &quot;s_at_m_2Ax&quot; CLASSID=&quot;CLSID:9174862b-ac3b-4f9f-abc9-a0a3c9fd95d4&quot; codebase=&quot;23048/applets/SiebelAx_HI_Client.cab&quot; width=0 height = 0&gt;&lt;/object&gt;&lt;/td&gt;&lt;td&gt;&lt;img height=1 alt=&quot;&quot; src=&quot;images/spacer.gif&quot; width=4&gt;&lt;/td&gt;&lt;td&gt;&lt;img src=&quot;images/btn_div_gray.gif&quot; height=&quot;13&quot; align=&quot;middle&quot; alt=&quot;&quot;&gt;&lt;/td&gt;&lt;td&gt;&lt;img src=&quot;images/spacer.gif&quot; width=&quot;4&quot; height=&quot;1&quot; alt=&quot;&quot;&gt;&lt;/td&gt;&lt;td&gt;&lt;table datatable=&quot;0&quot; summary=&quot;&quot; width=&quot;100%&quot; valign=&quot;top&quot; align=&quot;center&quot; cellpadding=&apos;0&apos; cellspacing=&apos;0&apos; border=&apos;0&apos;&gt;&lt;/table&gt;&lt;/td&gt;&lt;td class=&quot;mceGridLabel&quot; align=&quot;left&quot; width=&quot;100%&quot; nowrap&gt;&amp;nbsp;&lt;b&gt;&lt;span id=2_msg&gt;&lt;/span&gt;&lt;/b&gt;&lt;/td&gt;&lt;/tr&gt;&lt;/table&gt;&lt;table datatable=&quot;0&quot; summary=&quot;&quot; class=&quot;AppletBackTable&quot; width=&quot;100%&quot; cellspacing=&quot;0&quot; cellpadding=&quot;0&quot; align=&quot;center&quot;&gt;&lt;tr class=&quot;AppletBack&quot;&gt;&lt;td class=&quot;AppletBack&quot;&gt;&lt;img src=&quot;images/spacer.gif&quot; height=&quot;1&quot; width=&quot;1&quot; alt=&quot;&quot;&gt;&lt;/td&gt;&lt;td class=&quot;AppletBlank&quot; width=&quot;100%&quot;&gt;&lt;img src=&quot;images/spacer.gif&quot; height=&quot;1&quot; width=&quot;1&quot; alt=&quot;&quot;&gt;&lt;/td&gt;&lt;/tr&gt;&lt;/table&gt;&lt;span id=2_c_err style=&quot;display: none;&quot;&gt;&lt;table datatable=&quot;0&quot; summary=&quot;&quot; class=&quot;AppletBack&quot; width=&quot;100%&quot; cellpadding=&quot;0&quot; cellspacing=&quot;5&quot; border=&quot;0&quot;&gt;&lt;tr&gt;&lt;td class=&quot;error&quot;&gt;&lt;/td&gt;&lt;/tr&gt;&lt;/table&gt;&lt;/span&gt;&lt;div class=&quot;NotSelected&quot; id=&quot;a_2&quot;&gt;&lt;div align=left style=&quot;width:100%;&quot; class=&quot;GridBorder&quot;&gt;&lt;table class=&quot;GridBack&quot; border=0 cellspacing=0 cellpadding=0&gt;&lt;tr&gt;&lt;td&gt;&lt;/td&gt;&lt;td style=&quot;width:8px;&quot;&gt;&lt;/td&gt;&lt;td style=&quot;width:88px;&quot;&gt;&lt;/td&gt;&lt;td style=&quot;width:104px;&quot;&gt;&lt;/td&gt;&lt;td style=&quot;width:8px;&quot;&gt;&lt;/td&gt;&lt;td style=&quot;width:112px;&quot;&gt;&lt;/td&gt;&lt;td style=&quot;width:24px;&quot;&gt;&lt;/td&gt;&lt;td style=&quot;width:8px;&quot;&gt;&lt;/td&gt;&lt;td style=&quot;width:88px;&quot;&gt;&lt;/td&gt;&lt;td style=&quot;width:8px;&quot;&gt;&lt;/td&gt;&lt;td style=&quot;width:120px;&quot;&gt;&lt;/td&gt;&lt;td style=&quot;width:24px;&quot;&gt;&lt;/td&gt;&lt;/tr&gt;&lt;tr&gt;&lt;td style=&quot;height:8;&quot;&gt;&lt;/td&gt;&lt;td rowSpan=4 colSpan=1&gt;&lt;/td&gt;&lt;td rowSpan=1 colSpan=10&gt;&lt;/td&gt;&lt;/tr&gt;&lt;tr&gt;&lt;td style=&quot;height:24;&quot;&gt;&lt;/td&gt;&lt;td nowrap valign=middle colSpan=1 rowSpan=1&gt;&lt;div class=&quot;mceGridLabel&quot; align=&quot;Right&quot;&gt;&amp;nbsp;Bank Sort Code:&lt;/div&gt;&lt;/td&gt;&lt;td nowrap valign=middle colSpan=1 rowSpan=1&gt;&lt;div class=&quot;mceGridField&quot;&gt;&lt;script&gt;SWEWriteObjectTag(this,&apos;&lt;object id=s_2_1_24_0 CLASSID=&quot;CLSID:1cb4ef94-8549-471a-b73f-54ff5c244212&quot; HEIGHT=24 WIDTH=96&gt;&lt;/object&gt;&apos;);&lt;/script&gt;&lt;/div&gt;&lt;/td&gt;&lt;td rowSpan=2 colSpan=1&gt;&lt;/td&gt;&lt;td nowrap valign=middle colSpan=1 rowSpan=1&gt;&lt;div class=&quot;mceGridLabel&quot; align=&quot;Right&quot;&gt;&amp;nbsp;Direct Debit Mandate:&lt;/div&gt;&lt;/td&gt;&lt;td nowrap valign=middle colSpan=3 rowSpan=1&gt;&lt;div class=&quot;mceGridField&quot;&gt;&lt;script&gt;SWEWriteObjectTag(this,&apos;&lt;object id=s_2_1_2_0 CLASSID=&quot;CLSID:1cb4ef94-8549-471a-b73f-54ff5c244212&quot; HEIGHT=24 WIDTH=120&gt;&lt;/object&gt;&apos;);&lt;/script&gt;&lt;/div&gt;&lt;/td&gt;&lt;td rowSpan=1 colSpan=1&gt;&lt;/td&gt;&lt;td nowrap valign=middle colSpan=1 rowSpan=1&gt;&lt;div class=&quot;mceGridLabel&quot; align=&quot;Right&quot;&gt;&amp;nbsp;Dual Signatory Account:&lt;/div&gt;&lt;/td&gt;&lt;td nowrap valign=middle colSpan=1 rowSpan=1&gt;&lt;div class=&quot;mceGridField&quot;&gt;&lt;script&gt;SWEWriteObjectTag(this,&apos;&lt;object id=s_2_1_4_0 CLASSID=&quot;CLSID:1cb4ef94-8549-471a-b73f-54ff5c244212&quot; HEIGHT=12 WIDTH=12&gt;&lt;/object&gt;&apos;);&lt;/script&gt;&lt;/div&gt;&lt;/td&gt;&lt;/tr&gt;&lt;tr&gt;&lt;td style=&quot;height:24;&quot;&gt;&lt;/td&gt;&lt;td nowrap valign=middle colSpan=1 rowSpan=1&gt;&lt;div class=&quot;mceGridLabel&quot; align=&quot;Right&quot;&gt;&amp;nbsp;Bank Account No.:&lt;/div&gt;&lt;/td&gt;&lt;td nowrap valign=middle colSpan=1 rowSpan=1&gt;&lt;div class=&quot;mceGridField&quot;&gt;&lt;script&gt;SWEWriteObjectTag(this,&apos;&lt;object id=s_2_1_18_0 CLASSID=&quot;CLSID:1cb4ef94-8549-471a-b73f-54ff5c244212&quot; HEIGHT=24 WIDTH=96&gt;&lt;/object&gt;&apos;);&lt;/script&gt;&lt;/div&gt;&lt;/td&gt;&lt;td nowrap valign=middle colSpan=1 rowSpan=1&gt;&lt;div class=&quot;mceGridLabel&quot; align=&quot;Right&quot;&gt;&amp;nbsp;Account Holder Online:&lt;/div&gt;&lt;/td&gt;&lt;td nowrap valign=middle colSpan=1 rowSpan=1&gt;&lt;div class=&quot;mceGridField&quot;&gt;&lt;script&gt;SWEWriteObjectTag(this,&apos;&lt;object id=s_2_1_0_0 CLASSID=&quot;CLSID:1cb4ef94-8549-471a-b73f-54ff5c244212&quot; HEIGHT=12 WIDTH=12&gt;&lt;/object&gt;&apos;);&lt;/script&gt;&lt;/div&gt;&lt;/td&gt;&lt;td rowSpan=2 colSpan=1&gt;&lt;/td&gt;&lt;td nowrap valign=middle colSpan=3 rowSpan=1&gt;&lt;div class=&quot;mceGridLabel&quot; align=&quot;Right&quot;&gt;&amp;nbsp;Valid:&lt;/div&gt;&lt;/td&gt;&lt;td nowrap valign=middle colSpan=1 rowSpan=1&gt;&lt;div class=&quot;mceGridField&quot;&gt;&lt;script&gt;SWEWriteObjectTag(this,&apos;&lt;object id=s_2_1_22_0 CLASSID=&quot;CLSID:1cb4ef94-8549-471a-b73f-54ff5c244212&quot; HEIGHT=12 WIDTH=12&gt;&lt;/object&gt;&apos;);&lt;/script&gt;&lt;/div&gt;&lt;/td&gt;&lt;/tr&gt;&lt;tr&gt;&lt;td style=&quot;height:24;&quot;&gt;&lt;/td&gt;&lt;td nowrap valign=middle colSpan=1 rowSpan=1&gt;&lt;div class=&quot;mceGridLabel&quot; align=&quot;Right&quot;&gt;&amp;nbsp;Bank Account Name:&lt;/div&gt;&lt;/td&gt;&lt;td nowrap valign=middle colSpan=2 rowSpan=1&gt;&lt;div class=&quot;mceGridField&quot;&gt;&lt;script&gt;SWEWriteObjectTag(this,&apos;&lt;object id=s_2_1_16_0 CLASSID=&quot;CLSID:1cb4ef94-8549-471a-b73f-54ff5c244212&quot; HEIGHT=24 WIDTH=96&gt;&lt;/object&gt;&apos;);&lt;/script&gt;&lt;/div&gt;&lt;/td&gt;&lt;td nowrap valign=middle colSpan=1 rowSpan=1&gt;&lt;div class=&quot;mceGridLabel&quot; align=&quot;Right&quot;&gt;&amp;nbsp;Send Letter Flag:&lt;/div&gt;&lt;/td&gt;&lt;td nowrap valign=middle colSpan=1 rowSpan=1&gt;&lt;div class=&quot;mceGridField&quot;&gt;&lt;script&gt;SWEWriteObjectTag(this,&apos;&lt;object id=s_2_1_3_0 CLASSID=&quot;CLSID:1cb4ef94-8549-471a-b73f-54ff5c244212&quot; HEIGHT=12 WIDTH=12&gt;&lt;/object&gt;&apos;);&lt;/script&gt;&lt;/div&gt;&lt;/td&gt;&lt;td rowSpan=1 colSpan=4&gt;&lt;/td&gt;&lt;/tr&gt;&lt;/table&gt;&lt;/div&gt;&lt;/div&gt;&lt;/span&gt;&lt;/td&gt;&lt;/tr&gt;&lt;/table&gt;&lt;/div&gt;&lt;/form&gt;
&lt;a id=&quot;SWEBottomHidden2&quot; href=&quot;javascript:void(0);&quot; tabindex=&quot;3999&quot; onfocus=&quot;document.getElementById(&apos;SWETopHidden2&apos;).focus();&quot;&gt;&lt;/a&gt;&lt;/div&gt;&lt;/td&gt;&lt;td width=&quot;50%&quot;&gt;&lt;a name=&quot;SWEApplet1&quot; id=&quot;SWEApplet1&quot; href=&quot;#SWEApplet1&quot; title=&quot;Payment Mandate Details&quot;&gt;&lt;/a&gt;
&lt;div id=&apos;s_S_A1_div&apos;oncontextmenu=&apos;HandleContextMenu(&quot;BT BAL Query Payment Mandate Applet VBC&quot;)&apos; onclick=&apos;HandleAppletClick(&quot;BT BAL Query Payment Mandate Applet VBC&quot;)&apos;&gt;
&lt;a id=&quot;SWETopHidden1&quot; href=&quot;javascript:void(0);&quot; tabindex=&quot;4000&quot;&gt;&lt;/a&gt;&lt;table datatable=&quot;0&quot; summary=&quot;&quot;&gt;&lt;tr&gt;&lt;td&gt;&lt;img src=&quot;images/spacer.gif&quot; width=&quot;1&quot; height=&quot;3&quot; alt=&quot;&quot;&gt;&lt;/td&gt;&lt;/tr&gt;&lt;/table&gt;&lt;form name=&quot;SWEForm1_0&quot; method=&quot;post&quot; action=&quot;/ecommunications_enu_nsm_aps05524a027/start.swe&quot; &gt;
&lt;div class=&quot;NotSelected&quot; id=&quot;a_1&quot;&gt;&lt;table datatable=&quot;0&quot; summary=&quot;&quot; width=&quot;100%&quot; cellpadding=&quot;0&quot; cellspacing=&quot;0&quot; border=&quot;0&quot; align=&quot;center&quot; class=&quot;AppletBack&quot;&gt;&lt;tr&gt;&lt;td class=&quot;AppletHIFormBorder&quot;&gt;&lt;span class=&quot;AppletStyleChild77&quot;&gt;&lt;table datatable=&quot;0&quot; summary=&quot;&quot; width=&quot;100%&quot; cellspacing=&quot;0&quot; cellpadding=&quot;2&quot; border=&quot;0&quot; align=&quot;center&quot;&gt;&lt;tr class=&quot;AppletButtons&quot;&gt;&lt;td nowrap width=&quot;100%&quot; class=&quot;AppletTitle&quot;&gt;&amp;nbsp;Payment Mandate Details&lt;/td&gt;&lt;td nowrap valign=&quot;absmiddle&quot; class=&quot;legend&quot;&gt;&lt;/td&gt;&lt;td width=&quot;100%&quot;&gt;&amp;nbsp;&lt;img src=&quot;images/btn_div_gray.gif&quot; height=&quot;13&quot; align=&quot;middle&quot; alt=&quot;&quot;&gt;&amp;nbsp;&lt;/td&gt;&lt;td valign=&quot;middle&quot; nowrap&gt;&lt;span id=&apos;SWEApplet1_ctrlmsg&apos;&gt;&lt;/span&gt;&lt;/td&gt;&lt;td class=&quot;AppletTitle&quot; valign=&quot;middle&quot; nowrap&gt;&amp;nbsp;&lt;span id=s_1_rc&gt;&lt;/span&gt;&amp;nbsp;&lt;/td&gt;&lt;td valign=&quot;top&quot; align=&quot;right&quot;&gt;&lt;/td&gt;&lt;/tr&gt;&lt;/table&gt;&lt;table datatable=&quot;0&quot; summary=&quot;&quot; class=&quot;AppletBackTable&quot; width=&quot;100%&quot; cellspacing=&quot;0&quot; cellpadding=&quot;2&quot; align=&quot;center&quot;&gt;&lt;tr class=&quot;AppletBack&quot; align=&quot;left&quot;&gt;&lt;td nowrap class=&quot;AppletMenu&quot;&gt;&lt;span class=&quot;miniBtnUICTop&quot;&gt;&lt;span class=&quot;miniBtnUIC&quot;&gt;&lt;a id=&apos;s_at_m_1&apos; href=&quot;javascript:void(0)&quot; onclick=&quot;window.event.cancelBubble=true; _JMenu_Initialize(this, &apos;BT BAL Query Payment Mandate Applet VBC&apos;, &apos;Applet&apos;, s_at_m_1Ax, 0, false); return false;&quot; onmouseover=&quot;MinibtnHover(this.parentNode)&quot; onmouseout=&quot;MinibtnOut(this.parentNode)&quot; onmousedown=&quot;MinibtnDown(this.parentNode)&quot; onmouseup=&quot;MinibtnUp(this.parentNode)&quot; &gt;Menu&amp;nbsp;&lt;img border=&quot;0&quot; src=&quot;images/img_arrow.gif&quot; align=&quot;center&quot;&gt;&lt;/a&gt;&lt;/span&gt;&lt;/span&gt;&lt;object id= &quot;s_at_m_1Ax&quot; CLASSID=&quot;CLSID:9174862b-ac3b-4f9f-abc9-a0a3c9fd95d4&quot; codebase=&quot;23048/applets/SiebelAx_HI_Client.cab&quot; width=0 height = 0&gt;&lt;/object&gt;&lt;/td&gt;&lt;td&gt;&lt;img height=1 alt=&quot;&quot; src=&quot;images/spacer.gif&quot; width=4&gt;&lt;/td&gt;&lt;td&gt;&lt;img src=&quot;images/btn_div_gray.gif&quot; height=&quot;13&quot; align=&quot;middle&quot; alt=&quot;&quot;&gt;&lt;/td&gt;&lt;td&gt;&lt;img src=&quot;images/spacer.gif&quot; width=&quot;4&quot; height=&quot;1&quot; alt=&quot;&quot;&gt;&lt;/td&gt;&lt;td&gt;&lt;table datatable=&quot;0&quot; summary=&quot;&quot; width=&quot;100%&quot; valign=&quot;top&quot; align=&quot;center&quot; cellpadding=&apos;0&apos; cellspacing=&apos;0&apos; border=&apos;0&apos;&gt;&lt;/table&gt;&lt;/td&gt;&lt;td class=&quot;mceGridLabel&quot; align=&quot;left&quot; width=&quot;100%&quot; nowrap&gt;&amp;nbsp;&lt;b&gt;&lt;span id=1_msg&gt;&lt;/span&gt;&lt;/b&gt;&lt;/td&gt;&lt;/tr&gt;&lt;/table&gt;&lt;table datatable=&quot;0&quot; summary=&quot;&quot; class=&quot;AppletBackTable&quot; width=&quot;100%&quot; cellspacing=&quot;0&quot; cellpadding=&quot;0&quot; align=&quot;center&quot;&gt;&lt;tr class=&quot;AppletBack&quot;&gt;&lt;td class=&quot;AppletBack&quot;&gt;&lt;img src=&quot;images/spacer.gif&quot; height=&quot;1&quot; width=&quot;1&quot; alt=&quot;&quot;&gt;&lt;/td&gt;&lt;td class=&quot;AppletBlank&quot; width=&quot;100%&quot;&gt;&lt;img src=&quot;images/spacer.gif&quot; height=&quot;1&quot; width=&quot;1&quot; alt=&quot;&quot;&gt;&lt;/td&gt;&lt;/tr&gt;&lt;/table&gt;&lt;span id=1_c_err style=&quot;display: none;&quot;&gt;&lt;table datatable=&quot;0&quot; summary=&quot;&quot; class=&quot;AppletBack&quot; width=&quot;100%&quot; cellpadding=&quot;0&quot; cellspacing=&quot;5&quot; border=&quot;0&quot;&gt;&lt;tr&gt;&lt;td class=&quot;error&quot;&gt;&lt;/td&gt;&lt;/tr&gt;&lt;/table&gt;&lt;/span&gt;&lt;div class=&quot;NotSelected&quot; id=&quot;a_1&quot;&gt;&lt;div align=left style=&quot;width:100%;&quot; class=&quot;GridBorder&quot;&gt;&lt;table class=&quot;GridBack&quot; border=0 cellspacing=0 cellpadding=0&gt;&lt;tr&gt;&lt;td&gt;&lt;/td&gt;&lt;td style=&quot;width:8px;&quot;&gt;&lt;/td&gt;&lt;td style=&quot;width:112px;&quot;&gt;&lt;/td&gt;&lt;td style=&quot;width:104px;&quot;&gt;&lt;/td&gt;&lt;/tr&gt;&lt;tr&gt;&lt;td style=&quot;height:8;&quot;&gt;&lt;/td&gt;&lt;td rowSpan=4 colSpan=1&gt;&lt;/td&gt;&lt;td rowSpan=1 colSpan=2&gt;&lt;/td&gt;&lt;/tr&gt;&lt;tr&gt;&lt;td style=&quot;height:24;&quot;&gt;&lt;/td&gt;&lt;td nowrap valign=middle colSpan=1 rowSpan=1&gt;&lt;div class=&quot;mceGridLabel&quot; align=&quot;Right&quot;&gt;&amp;nbsp;Next Payment Date:&lt;/div&gt;&lt;/td&gt;&lt;td nowrap valign=middle colSpan=1 rowSpan=1&gt;&lt;div class=&quot;mceGridField&quot;&gt;&lt;script&gt;SWEWriteObjectTag(this,&apos;&lt;object id=s_1_1_2_0 CLASSID=&quot;CLSID:1cb4ef94-8549-471a-b73f-54ff5c244212&quot; HEIGHT=24 WIDTH=104&gt;&lt;/object&gt;&apos;);&lt;/script&gt;&lt;/div&gt;&lt;/td&gt;&lt;/tr&gt;&lt;tr&gt;&lt;td style=&quot;height:24;&quot;&gt;&lt;/td&gt;&lt;td nowrap valign=middle colSpan=1 rowSpan=1&gt;&lt;div class=&quot;mceGridLabel&quot; align=&quot;Right&quot;&gt;&amp;nbsp;Future Payment Date:&lt;/div&gt;&lt;/td&gt;&lt;td nowrap valign=middle colSpan=1 rowSpan=1&gt;&lt;div class=&quot;mceGridField&quot;&gt;&lt;script&gt;SWEWriteObjectTag(this,&apos;&lt;object id=s_1_1_1_0 CLASSID=&quot;CLSID:1cb4ef94-8549-471a-b73f-54ff5c244212&quot; HEIGHT=24 WIDTH=104&gt;&lt;/object&gt;&apos;);&lt;/script&gt;&lt;/div&gt;&lt;/td&gt;&lt;/tr&gt;&lt;tr&gt;&lt;td style=&quot;height:24;&quot;&gt;&lt;/td&gt;&lt;td nowrap valign=middle colSpan=1 rowSpan=1&gt;&lt;div class=&quot;mceGridLabel&quot; align=&quot;Right&quot;&gt;&amp;nbsp;Payment Holiday:&lt;/div&gt;&lt;/td&gt;&lt;td nowrap valign=middle colSpan=1 rowSpan=1&gt;&lt;div class=&quot;mceGridField&quot;&gt;&lt;script&gt;SWEWriteObjectTag(this,&apos;&lt;object id=s_1_1_4_0 CLASSID=&quot;CLSID:1cb4ef94-8549-471a-b73f-54ff5c244212&quot; HEIGHT=24 WIDTH=104&gt;&lt;/object&gt;&apos;);&lt;/script&gt;&lt;/div&gt;&lt;/td&gt;&lt;/tr&gt;&lt;/table&gt;&lt;/div&gt;&lt;/div&gt;&lt;/span&gt;&lt;/td&gt;&lt;/tr&gt;&lt;/table&gt;&lt;/div&gt;&lt;/form&gt;
&lt;a id=&quot;SWEBottomHidden1&quot; href=&quot;javascript:void(0);&quot; tabindex=&quot;4999&quot; onfocus=&quot;document.getElementById(&apos;SWETopHidden1&apos;).focus();&quot;&gt;&lt;/a&gt;&lt;/div&gt;&lt;/td&gt;&lt;/tr&gt;&lt;/table&gt;&lt;/div&gt;&lt;script&gt;

SWEIsHighInteract = true; Top().SWEIsHighInteract = true;
if (typeof(top._samePage) != &apos;undefined&apos; &amp;&amp; top._samePage!=&quot;&quot;) top._samePage = &quot;&quot;;
if (top.opener == null || typeof top.opener.swetop == &apos;unknown&apos; || typeof top.opener.swetop == &apos;undefined&apos;) top._swe._sweapp.S_App.SWECount = 65;
else top.opener.top._swe._sweapp.S_App.SWECount = 65;
g_bInitialized = true;

if(typeof(top._swescript)!=&apos;undefined&apos; &amp;&amp; top._swescript!=null)top._swescript.InitApplet(&quot;BT Billing Account Form Applet&quot;,&quot;SWEApplet4&quot;,&quot;BT Billing Account Profile view&quot;,3, this);
if (top._swescript!=null) top._swescript.InitMethod(&quot;GotoAppletMenu&quot;, this, &quot;s_at_m_4&quot;, null, null);
if(top._swe._sweapp._JMenuObj == null)                  
top._swe._sweapp._JMenuObj = new top._swe._sweapp.JMenu();
top._swe._sweapp._JMenuObj.BindAXObj (this.document.getElementById(&quot;s_at_m_4Ax&quot;),&apos;Applet&apos;, &apos;BT Billing Account Form Applet&apos;, this.document.getElementById(&quot;s_at_m_4&quot;), &quot;s_at_m_4&quot;);
document.oncontextmenu = HandleContextMenu;
if(typeof(top._swescript)!=&apos;undefined&apos; &amp;&amp; top._swescript!=null)top._swescript.InitApplet(&quot;BT Billing Profile Form Applet&quot;,&quot;SWEApplet3&quot;,&quot;BT Billing Account Profile view&quot;,3, this);
if (top._swescript!=null) top._swescript.InitMethod(&quot;GotoAppletMenu&quot;, this, &quot;s_at_m_3&quot;, null, null);
if(top._swe._sweapp._JMenuObj == null)                  
top._swe._sweapp._JMenuObj = new top._swe._sweapp.JMenu();
top._swe._sweapp._JMenuObj.BindAXObj (this.document.getElementById(&quot;s_at_m_3Ax&quot;),&apos;Applet&apos;, &apos;BT Billing Profile Form Applet&apos;, this.document.getElementById(&quot;s_at_m_3&quot;), &quot;s_at_m_3&quot;);
document.oncontextmenu = HandleContextMenu;
if(typeof(top._swescript)!=&apos;undefined&apos; &amp;&amp; top._swescript!=null)top._swescript.InitApplet(&quot;BT Banking Details Form Appplet&quot;,&quot;SWEApplet2&quot;,&quot;BT Billing Account Profile view&quot;,3, this);
if (top._swescript!=null) top._swescript.InitMethod(&quot;GotoAppletMenu&quot;, this, &quot;s_at_m_2&quot;, null, null);
if(top._swe._sweapp._JMenuObj == null)                  
top._swe._sweapp._JMenuObj = new top._swe._sweapp.JMenu();
top._swe._sweapp._JMenuObj.BindAXObj (this.document.getElementById(&quot;s_at_m_2Ax&quot;),&apos;Applet&apos;, &apos;BT Banking Details Form Appplet&apos;, this.document.getElementById(&quot;s_at_m_2&quot;), &quot;s_at_m_2&quot;);
document.oncontextmenu = HandleContextMenu;
if(typeof(top._swescript)!=&apos;undefined&apos; &amp;&amp; top._swescript!=null)top._swescript.InitApplet(&quot;BT BAL Query Payment Mandate Applet VBC&quot;,&quot;SWEApplet1&quot;,&quot;BT Billing Account Profile view&quot;,1, this);
if (top._swescript!=null) top._swescript.InitMethod(&quot;GotoAppletMenu&quot;, this, &quot;s_at_m_1&quot;, null, null);
if(top._swe._sweapp._JMenuObj == null)                  
top._swe._sweapp._JMenuObj = new top._swe._sweapp.JMenu();
top._swe._sweapp._JMenuObj.BindAXObj (this.document.getElementById(&quot;s_at_m_1Ax&quot;),&apos;Applet&apos;, &apos;BT BAL Query Payment Mandate Applet VBC&apos;, this.document.getElementById(&quot;s_at_m_1&quot;), &quot;s_at_m_1&quot;);
document.oncontextmenu = HandleContextMenu;

&lt;/script&gt;
&lt;script for=window event=onunload&gt;
top._swe._sweapp.S_App.SetLayoutUnloaded(&quot;View&quot;, &quot;BT Billing Account Profile view&quot;);
&lt;/script&gt;
&lt;script for=window event=onload&gt;
top._swe._sweapp.S_App.SetLayoutLoaded(&quot;View&quot;, &quot;BT Billing Account Profile view&quot;, window, &quot;&quot;);
&lt;/script&gt;
&lt;/body&gt;&lt;/html&gt;</responseData>
  <responseFile class="java.lang.String"></responseFile>
  <cookies class="java.lang.String">_sn=GXmoeGkdwh1O45lrH7mMIZnLMWvqHkVWiQKqDOICOq1fi95anXYMaCRAX879ujDRD9kS4J75N4kGDX576Q2AKmwZPUBih-4NS80Pc1189OxasEbdAsHiEtIhcnCzZ0zWb5V6QpVraL0TTGU4ktkGZq374g8C0pUBRhKVASKeW21TgUW5eIkswq97I-.qG-kr; _srn=_srn; SWEUAID=SWEUAID</cookies>
  <method class="java.lang.String">GET</method>
  <queryString class="java.lang.String"></queryString>
  <java.net.URL>http://localhost:8080/ecommunications_enu_nsm_aps05524a027/start.swe?SWECmd=GetViewLayout&amp;SWEView=BT+Billing+Account+Profile+view&amp;SWEVI=&amp;SWEVLC=3-2NTUN-318_Siebel%2BPower%2BCommunications_43%257c1592409810%257c0_0_23048_PATCHSET18PATCHSET18PATCHSET18_L&amp;SRN=xK7T2pIB2ZOV15hwlQxQF5reKcoUB8VpMTZr7we8uAEb</java.net.URL>
</httpSample>
<httpSample t="{{\d+}}" it="0" lt="{{\d+}}" ct="{{\d+}}" ts="{{\d+}}" s="true" lb="{{\d+}} /ecommunications_enu_nsm_aps05524a027/start.swe" rc="200" rm="OK" tn="Thread Group 1-1" dt="text" de="utf-8" by="8522" sby="970" sc="1" ec="0" ng="1" na="1" hn="{{.*?}}">
  <responseHeader class="java.lang.String">HTTP/1.1 200 OK
Connection: close
Server: Oracle-iPlanet-Web-Server/7.0
Date: Tue, 23 Jun 2020 13:04:54 GMT
Content-Language: en
Cache-Control: no-cache
Swerpc: true
Content-Type: text/html;charset=utf-8
Matched-Stub-Id: {{\w+-\w+-\w+-\w+-\w+}}
Vary: Accept-Encoding, User-Agent
</responseHeader>
  <requestHeader class="java.lang.String">Connection: close
Content-Type: application/x-www-form-urlencoded
DNT: 1
Accept-Encoding: deflate
Pragma: no-cache
User-Agent: Mozilla/4.0 (compatible; MSIE 7.0; Windows NT 6.3; WOW64; Trident/7.0; .NET4.0E; .NET4.0C; .NET CLR 3.5.30729; .NET CLR 2.0.50727; .NET CLR 3.0.30729)
Accept: text/html, image/gif, image/jpeg, *; q=.2, */*; q=.2
Content-Length: 282
Host: localhost:8080
</requestHeader>
  <responseData class="java.lang.String">@0`1`4`2``0`UC`1`Status`Completed`SWEC`66`SRN`xK7T2pIB2ZOV15hwlQxQF5reKcoUB8VpMTZr7we8uAEb`0`65`Notifications`0`2`0``0`OP`bn`bc`S_BC3`7`0``0`br`0`ArgsArray`30*BT Billing Account Form Applet1*1`size`1`cr`0`OP`g`bc`S_BC3`type`SWEIRowSelection`8`0``0`br`0`value`0`ar`0`state`activeRow`size`1`cr`0`OP`sc`bc`S_BC3`6`0``0`br`0`ar`0`size`1`cr`0`OP`nd`bc`S_BC3`8`0``0`br`0`value`0`ar`0`state`activeRow`size`1`cr`0`OP`sc`bc`S_BC3`6`0``0`br`0`ar`0`size`1`cr`0`OP`nd`bc`S_BC3`2`0``0`OP`en`bc`S_BC3`2`0``0`OP`bn`bc`S_BC1`8`0``0`br`0`value`0`ar`-1`state`bExecuted`size`1`cr`0`OP`sc`bc`S_BC1`8`0``0`br`0`value`1`ar`-1`state`bExecuted`size`1`cr`0`OP`sc`bc`S_BC1`8`0``0`br`0`srt``s``ar`-1`size`1`cr`0`OP`e`bc`S_BC1`7`1``0`br`0`ar`-1`size`1`index`0`cr`0`OP`iw`bc`S_BC1`1`0`FieldValues`0`ValueArray`0*0*0*0*`8`0``0`br`0`ar`-1`size`1`index`0`cr`0`OP`dw`bc`S_BC1`nr`1`8`0``0`br`0`value`-1`ar`-1`state`activeRow`size`1`cr`0`OP`sc`bc`S_BC1`6`0``0`br`0`ar`-1`size`1`cr`0`OP`nd`bc`S_BC1`8`0``0`br`0`value`0`ar`-1`state`bExecuted`size`1`cr`0`OP`sc`bc`S_BC1`8`0``0`br`0`value`1`ar`-1`state`bExecuted`size`1`cr`0`OP`sc`bc`S_BC1`8`0``0`br`0`srt``s``ar`-1`size`1`cr`0`OP`e`bc`S_BC1`7`1``0`br`0`ar`-1`size`1`index`0`cr`0`OP`iw`bc`S_BC1`1`0`FieldValues`0`ValueArray`0*0*0*0*`8`0``0`br`0`ar`-1`size`1`index`0`cr`0`OP`dw`bc`S_BC1`nr`1`8`0``0`br`0`value`-1`ar`-1`state`activeRow`size`1`cr`0`OP`sc`bc`S_BC1`6`0``0`br`0`ar`-1`size`1`cr`0`OP`nd`bc`S_BC1`2`0``0`OP`en`bc`S_BC1`2`0``0`OP`bn`bc`S_BC2`7`0``0`br`0`ArgsArray`30*BT Billing Profile Form Applet1*1`size`1`cr`0`OP`g`bc`S_BC2`type`SWEIRowSelection`7`0``0`br`0`ArgsArray`30*BT Billing Profile Form Applet1*01*11*11*11*21*11*31*01*41*01*51*11*61*11*71*11*81*11*91*12*101*02*111*12*121*12*131*12*141*12*151*02*161*12*171*12*181*12*191*12*201*12*211*12*221*12*231*12*241*12*251*12*261*12*271*12*281*12*291*12*301*12*311*12*321*12*331*12*341*12*351*12*361*12*371*12*381*12*391*12*401*12*411*02*421*12*431*12*441*12*451*02*461*12*471*12*481*12*491*12*501*12*511*12*521*12*531*12*541*12*551*12*561*12*571*02*581*12*591*12*601*12*611*02*621*12*631*12*641*12*651*02*661*12*671*12*681*12*691*12*701*12*711*12*721*02*731*12*741*12*751*12*761*12*771*12*781*02*791*12*801*02*811*12*821*12*831*12*841*12*851*12*861*12*871*12*881*12*891*12*901*12*911*12*921*02*931*12*941*12*951*12*961*12*971*12*981*12*991*13*1001*03*1011*13*1021*13*1031*13*1041*13*1051*13*1061*03*1071*13*1081*13*1091*13*1101*13*1111*13*1121*03*1131*13*1141*13*1151*13*1161*13*1171*13*1181*13*1191*13*1201*13*1211*13*1221*13*1231*13*1241*03*1251*13*1261*03*1271*13*1281*13*1291*13*1301*03*1311*13*1321*03*1331*13*1341*13*1351*13*1361*03*1371*13*1381*13*1391*13*1401*13*1411*13*1421*13*1431*13*1441*03*1451*13*1461*03*1471*13*1481*13*1491*13*1501*13*1511*13*1521*13*1531*13*1541*13*1551*13*1561*13*1571*13*1581*13*1591*1`size`1`cr`0`OP`g`bc`S_BC2`type`SWEICanUpdate`7`0``0`br`0`ArgsArray`30*BT Billing Profile Form Applet1*01*11*11*11*21*11*31*01*41*01*51*01*61*11*71*01*81*11*91*02*101*02*111*12*121*12*131*02*141*02*151*02*161*12*171*12*181*12*191*12*201*12*211*02*221*02*231*02*241*12*251*02*261*02*271*02*281*02*291*02*301*02*311*02*321*12*331*12*341*02*351*02*361*02*371*02*381*02*391*02*401*12*411*12*421*02*431*0`size`1`cr`0`OP`g`bc`S_BC2`type`SWEICanInvokeMethod`7`0``0`br`0`ArgsArray`31*BT Banking Details Form Appplet1*1`size`1`cr`0`OP`g`bc`S_BC2`type`SWEIRowSelection`7`0``0`br`0`ArgsArray`31*BT Banking Details Form Appplet1*01*11*11*11*21*11*31*11*41*11*51*11*61*11*71*11*81*11*91*12*101*12*111*12*121*12*131*12*141*12*151*12*161*12*171*12*181*12*191*12*201*12*211*12*221*02*231*12*241*12*251*12*261*12*271*12*281*12*291*12*301*12*311*12*321*02*331*12*341*12*351*12*361*02*371*12*381*12*391*12*401*12*411*12*421*12*431*12*441*12*451*12*461*12*471*12*481*02*491*12*501*12*511*12*521*02*531*12*541*12*551*12*561*02*571*12*581*12*591*12*601*12*611*12*621*12*631*02*641*12*651*12*661*12*671*12*681*12*691*02*701*12*711*02*721*12*731*12*741*12*751*12*761*12*771*12*781*12*791*12*801*12*811*12*821*12*831*02*841*12*851*12*861*12*871*12*881*12*891*12*901*12*911*02*921*12*931*12*941*12*951*12*961*12*971*02*981*12*991*13*1001*13*1011*13*1021*13*1031*03*1041*13*1051*13*1061*13*1071*13*1081*13*1091*13*1101*13*1111*13*1121*13*1131*13*1141*13*1151*03*1161*13*1171*03*1181*13*1191*13*1201*13*1211*03*1221*13*1231*03*1241*13*1251*13*1261*13*1271*03*1281*13*1291*13*1301*13*1311*13*1321*13*1331*13*1341*13*1351*03*1361*13*1371*03*1381*13*1391*13*1401*13*1411*13*1421*13*1431*13*1441*13*1451*13*1461*13*1471*13*1481*13*1491*13*1501*13*1511*0`size`1`cr`0`OP`g`bc`S_BC2`type`SWEICanUpdate`7`0``0`br`0`ArgsArray`31*BT Banking Details Form Appplet1*01*01*11*01*21*01*31*01*41*01*51*11*61*01*71*11*81*01*91*02*101*12*111*12*121*02*131*02*141*12*151*12*161*12*171*12*181*12*191*02*201*02*211*02*221*12*231*02*241*02*251*02*261*02*271*02*281*02*291*02*301*12*311*12*321*02*331*02*341*02*351*02*361*02*371*02*381*12*391*12*401*02*411*0`size`1`cr`0`OP`g`bc`S_BC2`type`SWEICanInvokeMethod`8`0``0`br`0`value`0`ar`-1`state`bExecuted`size`1`cr`0`OP`sc`bc`S_BC2`8`0``0`br`0`value`1`ar`-1`state`bExecuted`size`1`cr`0`OP`sc`bc`S_BC2`8`0``0`br`0`srt``s``ar`-1`size`1`cr`0`OP`e`bc`S_BC2`7`1``0`br`0`ar`-1`size`1`index`0`cr`0`OP`iw`bc`S_BC2`1`0`FieldValues`0`ValueArray`0*0*0*0*0*0*0*0*0*0*0*0*0*0*0*0*0*0*0*0*0*0*0*`8`0``0`br`0`ar`-1`size`1`index`0`cr`0`OP`dw`bc`S_BC2`nr`1`8`0``0`br`0`value`-1`ar`-1`state`activeRow`size`1`cr`0`OP`sc`bc`S_BC2`6`0``0`br`0`ar`-1`size`1`cr`0`OP`nd`bc`S_BC2`8`0``0`br`0`value`0`ar`-1`state`bExecuted`size`1`cr`0`OP`sc`bc`S_BC2`8`0``0`br`0`value`1`ar`-1`state`bExecuted`size`1`cr`0`OP`sc`bc`S_BC2`8`0``0`br`0`srt``s`[Account Id] = &quot;3-61EV8C9M&quot;`ar`-1`size`1`cr`0`OP`e`bc`S_BC2`7`1``0`br`0`ar`-1`size`1`index`0`cr`0`OP`iw`bc`S_BC2`1`0`FieldValues`0`ValueArray`0*0*0*0*0*0*0*0*0*0*0*0*0*0*0*0*0*0*0*0*0*0*0*`8`0``0`br`0`ar`-1`size`1`index`0`cr`0`OP`dw`bc`S_BC2`nr`1`8`0``0`br`0`value`-1`ar`-1`state`activeRow`size`1`cr`0`OP`sc`bc`S_BC2`6`0``0`br`0`ar`-1`size`1`cr`0`OP`nd`bc`S_BC2`7`1``0`br`0`ar`-1`size`1`index`0`cr`0`OP`iw`bc`S_BC2`1`0`FieldValues`0`ValueArray`0*0*0*0*0*0*0*0*0*0*0*0*0*0*0*0*0*0*0*0*0*0*0*`8`0``0`br`0`ar`-1`size`1`index`0`cr`0`OP`dw`bc`S_BC2`nr`1`8`0``0`br`0`value`-1`ar`-1`state`activeRow`size`1`cr`0`OP`sc`bc`S_BC2`6`0``0`br`0`ar`-1`size`1`cr`0`OP`nd`bc`S_BC2`7`1``0`br`0`ar`-1`size`1`index`0`cr`0`OP`iw`bc`S_BC2`1`0`FieldValues`0`ValueArray`0*0*0*1*N2*N 0*0*1*N0*0*0*0*10*3-61EV8C9M20*Monthly Payment Plan7*Monthly10*Paper bill13*Standard Bill0*3*GBP0*0*0*10*3-61EV8CAU`8`0``0`br`0`value`1`ar`0`state`cp`size`1`cr`0`OP`sc`bc`S_BC2`8`0``0`br`0`value`1`ar`0`state`np`size`1`cr`0`OP`sc`bc`S_BC2`8`0``0`br`0`value`0`ar`0`state`cp`size`1`cr`0`OP`sc`bc`S_BC2`8`0``0`br`0`value`0`ar`0`state`np`size`1`cr`0`OP`sc`bc`S_BC2`8`0``0`br`0`value`1`ar`0`state`cp`size`1`cr`0`OP`sc`bc`S_BC2`8`0``0`br`0`value`1`ar`0`state`np`size`1`cr`0`OP`sc`bc`S_BC2`8`0``0`br`0`value`1`ar`0`state`cd`size`1`cr`0`OP`sc`bc`S_BC2`7`0``0`br`0`ar`0`size`1`cr`0`OP`nr`bInsertBefore`false`bc`S_BC2`8`0``0`br`0`value`1`ar`0`state`cr`size`1`cr`0`OP`sc`bc`S_BC2`8`0``0`br`0`value`1`ar`0`state`nr`size`1`cr`0`OP`sc`bc`S_BC2`6`0``0`br`0`ar`0`size`1`cr`0`OP`nd`bc`S_BC2`8`0``0`br`0`value`0`ar`0`state`ci`size`1`cr`0`OP`sc`bc`S_BC2`8`0``0`br`0`value`0`ar`0`state`cid`size`1`cr`0`OP`sc`bc`S_BC2`8`0``0`br`0`value`1`ar`0`state`cm`size`1`cr`0`OP`sc`bc`S_BC2`8`0``0`br`0`value`1`ar`0`state`cud`size`1`cr`0`OP`sc`bc`S_BC2`2`0``0`OP`en`bc`S_BC2`1`6`Command Manager`0`RefreshToolbar`true`7`0`StateToolBar`0`#35`true`#36`false`#17`true`#34`true`#8`false`#37`true`#38`true`0`1`StateExToolBar`0`1`0`#35`0`Checked`false`0`3`FlagsToolBar`0`3`0`#8`0`SWESP`true`SWEH`0`SWEW`0`3`0`#34`0`SWESP`true`SWEH`600`SWEW`800`3`0`#36`0`SWESP`true`SWEH`20`SWEW`380`11`0`State`0`#265`false`#261`false`#262`false`#27`false`#260`false`#26`false`#264`false`#259`false`#263`false`#28`false`#258`false`0`3`StateEx`0`0`0`#26`0`0`0`#27`0`1`0`#28`0`Checked`false`0`8`Flags`0`3`0`#258`0`SWESP`true`SWEH`20`SWEW`380`3`0`#259`0`SWESP`true`SWEH`290`SWEW`470`3`0`#260`0`SWESP`true`SWEH`20`SWEW`380`3`0`#261`0`SWESP`true`SWEH`290`SWEW`470`3`0`#262`0`SWESP`true`SWEH`20`SWEW`380`3`0`#263`0`SWESP`true`SWEH`290`SWEW`470`3`0`#264`0`SWESP`true`SWEH`20`SWEW`380`3`0`#265`0`SWESP`true`SWEH`290`SWEW`470`</responseData>
  <responseFile class="java.lang.String"></responseFile>
  <cookies class="java.lang.String">_sn=GXmoeGkdwh1O45lrH7mMIZnLMWvqHkVWiQKqDOICOq1fi95anXYMaCRAX879ujDRD9kS4J75N4kGDX576Q2AKmwZPUBih-4NS80Pc1189OxasEbdAsHiEtIhcnCzZ0zWb5V6QpVraL0TTGU4ktkGZq374g8C0pUBRhKVASKeW21TgUW5eIkswq97I-.qG-kr; _srn=_srn; SWEUAID=SWEUAID</cookies>
  <method class="java.lang.String">POST</method>
  <queryString class="java.lang.String">SWEVI=&amp;SWERowId=&amp;SWEC=65&amp;SWEMethod=GetParentRecord&amp;SWEReqRowId=0&amp;SWERPC=1&amp;SWEApplet=BT+Billing+Profile+Form+Applet&amp;SWEView=BT+Billing+Account+Profile+view&amp;SWECmd=InvokeMethod&amp;SRN=xK7T2pIB2ZOV15hwlQxQF5reKcoUB8VpMTZr7we8uAEb&amp;SWETS={{\d+}}&amp;SWEP=&amp;SWERowIds=SWERowId0%3D3-61EV8C9M</queryString>
  <java.net.URL>http://localhost:8080/ecommunications_enu_nsm_aps05524a027/start.swe</java.net.URL>
</httpSample>
<httpSample t="{{\d+}}" it="0" lt="{{\d+}}" ct="{{\d+}}" ts="{{\d+}}" s="true" lb="{{\d+}} /ecommunications_enu_nsm_aps05524a027/start.swe" rc="200" rm="OK" tn="Thread Group 1-1" dt="text" de="utf-8" by="835" sby="953" sc="1" ec="0" ng="1" na="1" hn="{{.*?}}">
  <responseHeader class="java.lang.String">HTTP/1.1 200 OK
Connection: close
Server: Oracle-iPlanet-Web-Server/7.0
Date: Tue, 23 Jun 2020 13:04:54 GMT
Content-Language: en
Cache-Control: no-cache
Swerpc: true
Content-Type: text/html;charset=utf-8
Connection: close
Matched-Stub-Id: {{\w+-\w+-\w+-\w+-\w+}}
Vary: Accept-Encoding, User-Agent
</responseHeader>
  <requestHeader class="java.lang.String">Connection: close
Content-Type: application/x-www-form-urlencoded
DNT: 1
Accept-Encoding: deflate
Pragma: no-cache
User-Agent: Mozilla/4.0 (compatible; MSIE 7.0; Windows NT 6.3; WOW64; Trident/7.0; .NET4.0E; .NET4.0C; .NET CLR 3.5.30729; .NET CLR 2.0.50727; .NET CLR 3.0.30729)
Accept: text/html, image/gif, image/jpeg, *; q=.2, */*; q=.2
Content-Length: 265
Host: localhost:8080
</requestHeader>
  <responseData class="java.lang.String">@0`1`4`2``0`UC`1`Status`OK`SWEC`67`SRN`xK7T2pIB2ZOV15hwlQxQF5reKcoUB8VpMTZr7we8uAEb`0`0`ResultSet`0`1`6`Command Manager`0`RefreshToolbar`true`7`0`StateToolBar`0`#35`true`#36`false`#17`true`#34`true`#8`false`#37`true`#38`true`0`1`StateExToolBar`0`1`0`#35`0`Checked`false`0`3`FlagsToolBar`0`3`0`#8`0`SWESP`true`SWEH`0`SWEW`0`3`0`#34`0`SWESP`true`SWEH`600`SWEW`800`3`0`#36`0`SWESP`true`SWEH`20`SWEW`380`3`0`State`0`#27`false`#26`false`#28`false`0`3`StateEx`0`0`0`#26`0`0`0`#27`0`1`0`#28`0`Checked`false`0`0`Flags`0`</responseData>
  <responseFile class="java.lang.String"></responseFile>
  <cookies class="java.lang.String">_sn=GXmoeGkdwh1O45lrH7mMIZnLMWvqHkVWiQKqDOICOq1fi95anXYMaCRAX879ujDRD9kS4J75N4kGDX576Q2AKmwZPUBih-4NS80Pc1189OxasEbdAsHiEtIhcnCzZ0zWb5V6QpVraL0TTGU4ktkGZq374g8C0pUBRhKVASKeW21TgUW5eIkswq97I-.qG-kr; _srn=_srn; SWEUAID=SWEUAID</cookies>
  <method class="java.lang.String">POST</method>
  <queryString class="java.lang.String">SWEC=66&amp;SWEMethod=SetProfileAttributes&amp;SWERPC=1&amp;SWECmd=InvokeMethod&amp;SRN=xK7T2pIB2ZOV15hwlQxQF5reKcoUB8VpMTZr7we8uAEb&amp;SWEIPS=%400*0*3*0*0*3*0*18*BTBillingAccountId10*3-61EV8C9M13*BTEntityRowId10*3-61EV8C9M12*BTEntityType7*BILLING&amp;SWEService=BT+Set+Profile+Attributes</queryString>
  <java.net.URL>http://localhost:8080/ecommunications_enu_nsm_aps05524a027/start.swe</java.net.URL>
</httpSample>
<httpSample t="{{\d+}}" it="0" lt="{{\d+}}" ct="{{\d+}}" ts="{{\d+}}" s="true" lb="{{\d+}} /ecommunications_enu_nsm_aps05524a027/start.swe" rc="200" rm="OK" tn="Thread Group 1-1" dt="text" de="utf-8" by="1115" sby="1238" sc="1" ec="0" ng="1" na="1" hn="{{.*?}}">
  <responseHeader class="java.lang.String">HTTP/1.1 200 OK
Connection: close
Server: Oracle-iPlanet-Web-Server/7.0
Date: Tue, 23 Jun 2020 13:06:20 GMT
Content-Language: en
Cache-Control: no-cache
Swerpc: true
Content-Type: text/html;charset=utf-8
Connection: close
Matched-Stub-Id: {{\w+-\w+-\w+-\w+-\w+}}
Vary: Accept-Encoding, User-Agent
</responseHeader>
  <requestHeader class="java.lang.String">Connection: close
Content-Type: application/x-www-form-urlencoded
DNT: 1
Accept-Encoding: deflate
Pragma: no-cache
User-Agent: Mozilla/4.0 (compatible; MSIE 7.0; Windows NT 6.3; WOW64; Trident/7.0; .NET4.0E; .NET4.0C; .NET CLR 3.5.30729; .NET CLR 2.0.50727; .NET CLR 3.0.30729)
Accept: text/html, image/gif, image/jpeg, *; q=.2, */*; q=.2
Content-Length: 550
Host: localhost:8080
</requestHeader>
  <responseData class="java.lang.String">@0`1`4`2``0`UC`1`Status`Completed`SWEC`68`SRN`xK7T2pIB2ZOV15hwlQxQF5reKcoUB8VpMTZr7we8uAEb`0`3`Notifications`0`2`0``0`OP`bn`bc`S_BC2`8`0``0`br`0`ArgsArray`0*31*BT Billing Account Profile view30*BT Billing Profile Form Applet11*s_3_1_122_04*true0*20*Monthly Payment Plan12*Direct Debit11*Cheque/Cash4*CCRA`ar`0`size`1`cr`0`OP`g`bc`S_BC2`type`GetQuickPickInfo`2`0``0`OP`en`bc`S_BC2`1`6`Command Manager`0`RefreshToolbar`true`7`0`StateToolBar`0`#35`true`#36`false`#17`true`#34`true`#8`false`#37`true`#38`true`0`1`StateExToolBar`0`1`0`#35`0`Checked`false`0`3`FlagsToolBar`0`3`0`#8`0`SWESP`true`SWEH`0`SWEW`0`3`0`#34`0`SWESP`true`SWEH`600`SWEW`800`3`0`#36`0`SWESP`true`SWEH`20`SWEW`380`3`0`State`0`#27`false`#26`false`#28`false`0`3`StateEx`0`0`0`#26`0`0`0`#27`0`1`0`#28`0`Checked`false`0`0`Flags`0`</responseData>
  <responseFile class="java.lang.String"></responseFile>
  <cookies class="java.lang.String">_sn=GXmoeGkdwh1O45lrH7mMIZnLMWvqHkVWiQKqDOICOq1fi95anXYMaCRAX879ujDRD9kS4J75N4kGDX576Q2AKmwZPUBih-4NS80Pc1189OxasEbdAsHiEtIhcnCzZ0zWb5V6QpVraL0TTGU4ktkGZq374g8C0pUBRhKVASKeW21TgUW5eIkswq97I-.qG-kr; _srn=_srn; SWEUAID=SWEUAID</cookies>
  <method class="java.lang.String">POST</method>
  <queryString class="java.lang.String">SWEVI=&amp;SWERowId=3-61EV8CAU&amp;SWEC=67&amp;SWEMethod=GetQuickPickInfo&amp;SWEReqRowId=1&amp;SWERPC=1&amp;s_3_1_53_0=Paper+bill&amp;s_3_1_0_0=&amp;SWEApplet=BT+Billing+Profile+Form+Applet&amp;SWEActiveApplet=BT+Billing+Profile+Form+Applet&amp;SWEView=BT+Billing+Account+Profile+view&amp;SWEField=s_3_1_122_0&amp;SWECmd=InvokeMethod&amp;SRN=xK7T2pIB2ZOV15hwlQxQF5reKcoUB8VpMTZr7we8uAEb&amp;s_3_1_47_0=Monthly&amp;s_3_1_122_0=Monthly+Payment+Plan&amp;s_3_1_6_0=Standard+Bill&amp;SWEJI=false&amp;SWETS={{\d+}}&amp;SWEActiveView=BT+Billing+Account+Profile+view&amp;s_3_1_8_0=&amp;SWEP=&amp;s_3_1_9_0=&amp;SWERowIds=SWERowId0%3D3-61EV8C9M</queryString>
  <java.net.URL>http://localhost:8080/ecommunications_enu_nsm_aps05524a027/start.swe</java.net.URL>
</httpSample>
<httpSample t="{{\d+}}" it="0" lt="{{\d+}}" ct="{{\d+}}" ts="{{\d+}}" s="true" lb="{{\d+}} /ecommunications_enu_nsm_aps05524a027/start.swe" rc="200" rm="OK" tn="Thread Group 1-1" dt="text" de="utf-8" by="9087" sby="1214" sc="1" ec="0" ng="1" na="1" hn="{{.*?}}">
  <responseHeader class="java.lang.String">HTTP/1.1 200 OK
Connection: close
Server: Oracle-iPlanet-Web-Server/7.0
Date: Tue, 23 Jun 2020 13:06:22 GMT
Content-Language: en
Cache-Control: no-cache
Swerpc: true
Content-Type: text/html;charset=utf-8
Matched-Stub-Id: {{\w+-\w+-\w+-\w+-\w+}}
Vary: Accept-Encoding, User-Agent
</responseHeader>
  <requestHeader class="java.lang.String">Connection: close
Content-Type: application/x-www-form-urlencoded
DNT: 1
Accept-Encoding: deflate
Pragma: no-cache
User-Agent: Mozilla/4.0 (compatible; MSIE 7.0; Windows NT 6.3; WOW64; Trident/7.0; .NET4.0E; .NET4.0C; .NET CLR 3.5.30729; .NET CLR 2.0.50727; .NET CLR 3.0.30729)
Accept: text/html, image/gif, image/jpeg, *; q=.2, */*; q=.2
Content-Length: 526
Host: localhost:8080
</requestHeader>
  <responseData class="java.lang.String">@0`1`4`2``0`UC`1`Status`Completed`SWEC`69`SRN`xK7T2pIB2ZOV15hwlQxQF5reKcoUB8VpMTZr7we8uAEb`0`77`Notifications`0`2`0``0`OP`bn`bc`S_BC2`7`0``0`br`0`ArgsArray`30*BT Billing Profile Form Applet1*01*11*11*11*21*11*31*01*41*01*51*11*61*11*71*11*81*01*91*02*101*02*111*12*121*12*131*12*141*12*151*02*161*12*171*12*181*12*191*12*201*12*211*12*221*12*231*12*241*12*251*12*261*12*271*12*281*12*291*12*301*12*311*12*321*12*331*12*341*12*351*12*361*12*371*12*381*12*391*12*401*12*411*02*421*12*431*12*441*12*451*02*461*12*471*12*481*12*491*12*501*12*511*12*521*12*531*12*541*12*551*12*561*12*571*02*581*12*591*12*601*12*611*02*621*12*631*12*641*12*651*02*661*12*671*12*681*12*691*12*701*12*711*12*721*02*731*12*741*12*751*12*761*12*771*12*781*02*791*12*801*02*811*12*821*12*831*12*841*12*851*12*861*12*871*12*881*12*891*12*901*12*911*12*921*02*931*12*941*12*951*12*961*12*971*12*981*12*991*13*1001*03*1011*13*1021*13*1031*13*1041*13*1051*13*1061*03*1071*13*1081*13*1091*13*1101*13*1111*13*1121*03*1131*13*1141*13*1151*13*1161*13*1171*13*1181*13*1191*13*1201*13*1211*13*1221*13*1231*13*1241*03*1251*13*1261*03*1271*13*1281*13*1291*13*1301*03*1311*13*1321*03*1331*13*1341*13*1351*13*1361*03*1371*13*1381*13*1391*13*1401*13*1411*13*1421*13*1431*13*1441*03*1451*13*1461*03*1471*13*1481*13*1491*13*1501*13*1511*13*1521*13*1531*13*1541*13*1551*13*1561*13*1571*13*1581*13*1591*1`size`1`cr`0`OP`g`bc`S_BC2`type`SWEICanUpdate`7`0``0`br`0`ArgsArray`31*BT Banking Details Form Appplet1*01*11*11*11*21*11*31*11*41*11*51*11*61*11*71*11*81*11*91*12*101*12*111*12*121*12*131*12*141*12*151*12*161*12*171*12*181*12*191*12*201*12*211*12*221*02*231*12*241*12*251*12*261*12*271*12*281*12*291*12*301*12*311*12*321*02*331*12*341*12*351*12*361*12*371*12*381*12*391*12*401*12*411*12*421*12*431*12*441*12*451*12*461*12*471*12*481*02*491*12*501*12*511*12*521*02*531*12*541*12*551*12*561*02*571*12*581*12*591*12*601*12*611*12*621*12*631*02*641*12*651*12*661*12*671*12*681*12*691*02*701*12*711*02*721*12*731*12*741*12*751*12*761*12*771*12*781*12*791*12*801*12*811*12*821*12*831*02*841*12*851*12*861*12*871*12*881*12*891*12*901*12*911*02*921*12*931*12*941*12*951*12*961*12*971*02*981*12*991*13*1001*13*1011*13*1021*13*1031*03*1041*13*1051*13*1061*13*1071*13*1081*13*1091*13*1101*13*1111*13*1121*13*1131*13*1141*13*1151*03*1161*13*1171*03*1181*13*1191*13*1201*13*1211*03*1221*13*1231*03*1241*13*1251*13*1261*13*1271*03*1281*13*1291*13*1301*13*1311*13*1321*13*1331*13*1341*13*1351*03*1361*13*1371*03*1381*13*1391*13*1401*13*1411*13*1421*13*1431*13*1441*13*1451*13*1461*13*1471*13*1481*13*1491*13*1501*13*1511*0`size`1`cr`0`OP`g`bc`S_BC2`type`SWEICanUpdate`7`0``0`br`0`ar`0`size`1`cr`0`OP`nfd`bc`S_BC2`f`BT Direct Debit Mandate`7`0``0`br`0`ar`0`size`1`cr`0`OP`nfd`bc`S_BC2`f`BT Send Blank Read Only`7`0``0`br`0`ar`0`size`1`cr`0`OP`nfd`bc`S_BC2`f`BT BC Read Only Flag Calc/ Direct Debit`7`0``0`br`0`ar`0`size`1`cr`0`OP`nfd`bc`S_BC2`f`Bank Details Read Only Flag`7`1``0`br`0`ar`0`size`1`cr`0`OP`ndw`bc`S_BC2`f`BT Direct Debit Mandate Calc`2`0`FieldValues`0`ValueArray`0*`FieldArray`1*2`7`0``0`br`0`ar`0`size`1`cr`0`OP`nfd`bc`S_BC2`f`BT Direct Debit Mandate Calc`7`1``0`br`0`ar`0`size`1`cr`0`OP`ndw`bc`S_BC2`f`BT MPP Amount`2`0`FieldValues`0`ValueArray`0*`FieldArray`2*19`7`0``0`br`0`ar`0`size`1`cr`0`OP`nfd`bc`S_BC2`f`BT MPP Amount`7`0``0`br`0`ar`0`size`1`cr`0`OP`nfd`bc`S_BC2`f`BT MPP Payment Day`7`1``0`br`0`ar`0`size`1`cr`0`OP`ndw`bc`S_BC2`f`BT MPP Payment Day Calc`2`0`FieldValues`0`ValueArray`0*`FieldArray`2*20`7`0``0`br`0`ar`0`size`1`cr`0`OP`nfd`bc`S_BC2`f`BT MPP Payment Day Calc`7`0``0`br`0`ar`0`size`1`cr`0`OP`nfd`bc`S_BC2`f`BT MPP Date`7`0``0`br`0`ar`0`size`1`cr`0`OP`nfd`bc`S_BC2`f`BT Effective Date`7`1``0`br`0`ar`0`size`1`cr`0`OP`ndw`bc`S_BC2`f`Bill Frequency`2`0`FieldValues`0`ValueArray`7*Monthly`FieldArray`2*14`7`0``0`br`0`ar`0`size`1`cr`0`OP`nfd`bc`S_BC2`f`Bill Frequency`7`0``0`br`0`ar`0`size`1`cr`0`OP`nfd`bc`S_BC2`f`BTCallCurrentValueReadOnly`7`0``0`br`0`ar`0`size`1`cr`0`OP`nfd`bc`S_BC2`f`BT ItmOptnRead Only`7`0``0`br`0`ar`0`size`1`cr`0`OP`nfd`bc`S_BC2`f`BT ItemFldsReadOnly`7`1``0`br`0`ar`0`size`1`cr`0`OP`ndw`bc`S_BC2`f`BT Direct Debit Mandate Calc`2`0`FieldValues`0`ValueArray`0*`FieldArray`1*2`7`0``0`br`0`ar`0`size`1`cr`0`OP`nfd`bc`S_BC2`f`BT Direct Debit Mandate Calc`7`0``0`br`0`ar`0`size`1`cr`0`OP`nfd`bc`S_BC2`f`Bank Details Read Only Flag`7`0``0`br`0`ar`0`size`1`cr`0`OP`nfd`bc`S_BC2`f`Bill Cycle Day`7`1``0`br`0`ar`0`size`1`cr`0`OP`ndw`bc`S_BC2`f`Bill Frequency`2`0`FieldValues`0`ValueArray`7*Monthly`FieldArray`2*14`7`0``0`br`0`ar`0`size`1`cr`0`OP`nfd`bc`S_BC2`f`Bill Frequency`7`0``0`br`0`ar`0`size`1`cr`0`OP`nfd`bc`S_BC2`f`BTCallCurrentValueReadOnly`7`0``0`br`0`ar`0`size`1`cr`0`OP`nfd`bc`S_BC2`f`BT ItmOptnRead Only`7`0``0`br`0`ar`0`size`1`cr`0`OP`nfd`bc`S_BC2`f`BT ItemFldsReadOnly`7`1``0`br`0`ar`0`size`1`cr`0`OP`ndw`bc`S_BC2`f`Bill Type`2`0`FieldValues`0`ValueArray`10*Paper bill`FieldArray`2*15`7`0``0`br`0`ar`0`size`1`cr`0`OP`nfd`bc`S_BC2`f`Bill Type`7`0``0`br`0`ar`0`size`1`cr`0`OP`nfd`bc`S_BC2`f`BTCallCurrentValueReadOnly`7`0``0`br`0`ar`0`size`1`cr`0`OP`nfd`bc`S_BC2`f`BT ItmOptnRead Only`7`0``0`br`0`ar`0`size`1`cr`0`OP`nfd`bc`S_BC2`f`BT ItemFldsReadOnly`7`0``0`br`0`ar`0`size`1`cr`0`OP`nfd`bc`S_BC2`f`BT Bill Format ReadOnly`7`1``0`br`0`ar`0`size`1`cr`0`OP`ndw`bc`S_BC2`f`BT MPP Refund Amt`2`0`FieldValues`0`ValueArray`0*`FieldArray`2*21`7`0``0`br`0`ar`0`size`1`cr`0`OP`nfd`bc`S_BC2`f`BT MPP Refund Amt`7`1``0`br`0`ar`0`size`1`cr`0`OP`ndw`bc`S_BC2`f`BT MPP Max Refund`2`0`FieldValues`0`ValueArray`0*`FieldArray`2*17`7`0``0`br`0`ar`0`size`1`cr`0`OP`nfd`bc`S_BC2`f`BT MPP Max Refund`7`1``0`br`0`ar`0`size`1`cr`0`OP`ndw`bc`S_BC2`f`Bill Frequency`2`0`FieldValues`0`ValueArray`7*Monthly`FieldArray`2*14`7`0``0`br`0`ar`0`size`1`cr`0`OP`nfd`bc`S_BC2`f`Bill Frequency`7`0``0`br`0`ar`0`size`1`cr`0`OP`nfd`bc`S_BC2`f`BTCallCurrentValueReadOnly`7`0``0`br`0`ar`0`size`1`cr`0`OP`nfd`bc`S_BC2`f`BT ItmOptnRead Only`7`0``0`br`0`ar`0`size`1`cr`0`OP`nfd`bc`S_BC2`f`BT ItemFldsReadOnly`7`1``0`br`0`ar`0`size`1`cr`0`OP`ndw`bc`S_BC2`f`Payment Method`2`0`FieldValues`0`ValueArray`12*Direct Debit`FieldArray`2*13`7`0``0`br`0`ar`0`size`1`cr`0`OP`nfd`bc`S_BC2`f`Payment Method`7`1``0`br`0`ar`0`size`1`cr`0`OP`ndw`bc`S_BC2`f`BT Bill Format QABA`2`0`FieldValues`0`ValueArray`13*Standard Bill`FieldArray`2*16`7`0``0`br`0`ar`0`size`1`cr`0`OP`nfd`bc`S_BC2`f`BT Bill Format QABA`7`0``0`br`0`ar`0`size`1`cr`0`OP`nfd`bc`S_BC2`f`Payment Method Calc`7`0``0`br`0`ar`0`size`1`cr`0`OP`nfd`bc`S_BC2`f`IsCC Read Only`7`0``0`br`0`ar`0`size`1`cr`0`OP`nfd`bc`S_BC2`f`Credit Card Expiration Calculated Date`7`0``0`br`0`ar`0`size`1`cr`0`OP`nfd`bc`S_BC2`f`Bank Details Read Only`7`0``0`br`0`ar`0`size`1`cr`0`OP`nfd`bc`S_BC2`f`Bank Details Read Only Flag`7`0``0`br`0`ar`0`size`1`cr`0`OP`nfd`bc`S_BC2`f`BT Geneva Bank Detail Read Only`7`0``0`br`0`ar`0`size`1`cr`0`OP`nfd`bc`S_BC2`f`Bank Detail Direct Debit Mandate Read Only`7`0``0`br`0`ar`0`size`1`cr`0`OP`nfd`bc`S_BC2`f`BT CSS GENEVA Flag`7`0``0`br`0`ar`0`size`1`cr`0`OP`nfd`bc`S_BC2`f`BTCallCurrentValueReadOnly`7`0``0`br`0`ar`0`size`1`cr`0`OP`nfd`bc`S_BC2`f`BT WBDD Payment Method`7`0``0`br`0`ar`0`size`1`cr`0`OP`nfd`bc`S_BC2`f`BT MPP/WBDD Payment Method`7`0``0`br`0`ar`0`size`1`cr`0`OP`nfd`bc`S_BC2`f`BT Childline Donation Read Only`7`0``0`br`0`ar`0`size`1`cr`0`OP`nfd`bc`S_BC2`f`BT MPP Refund Amt Read Only`7`0``0`br`0`ar`0`size`1`cr`0`OP`nfd`bc`S_BC2`f`BT MPP Payment Method Amount`7`0``0`br`0`ar`0`size`1`cr`0`OP`nfd`bc`S_BC2`f`BT MPP Payment Method Read Only Amount`7`0``0`br`0`ar`0`size`1`cr`0`OP`nfd`bc`S_BC2`f`BT MPP Payment Method`7`0``0`br`0`ar`0`size`1`cr`0`OP`nfd`bc`S_BC2`f`BT MPP Payment Method Read Only`7`0``0`br`0`ar`0`size`1`cr`0`OP`nfd`bc`S_BC2`f`BT ItmOptnRead Only`7`0``0`br`0`ar`0`size`1`cr`0`OP`nfd`bc`S_BC2`f`BT ItemFldsReadOnly`7`0``0`br`0`ar`0`size`1`cr`0`OP`nfd`bc`S_BC2`f`BT BillCycle Payment Method`7`0``0`br`0`ar`0`size`1`cr`0`OP`nfd`bc`S_BC2`f`BT Bill Cycle Day Read Only`7`0``0`br`0`ar`0`size`1`cr`0`OP`nfd`bc`S_BC2`f`BT Bill Frequency Category`7`0``0`br`0`ar`0`size`1`cr`0`OP`nfd`bc`S_BC2`f`BT Bill Frequency 2`7`0``0`br`0`ar`0`size`1`cr`0`OP`nfd`bc`S_BC2`f`BT BC Read Only Flag Calc`7`0``0`br`0`ar`0`size`1`cr`0`OP`nfd`bc`S_BC2`f`BT CSS GENEVA`7`0``0`br`0`ar`0`size`1`cr`0`OP`nfd`bc`S_BC2`f`BT Payment Method ReadOnly`7`0``0`br`0`ar`0`size`1`cr`0`OP`nfd`bc`S_BC2`f`BT BC Read Only Flag Calc/ Direct Debit`2`0``0`OP`en`bc`S_BC2`1`6`Command Manager`0`RefreshToolbar`true`7`0`StateToolBar`0`#35`true`#36`false`#17`true`#34`true`#8`false`#37`true`#38`true`0`1`StateExToolBar`0`1`0`#35`0`Checked`false`0`3`FlagsToolBar`0`3`0`#8`0`SWESP`true`SWEH`0`SWEW`0`3`0`#34`0`SWESP`true`SWEH`600`SWEW`800`3`0`#36`0`SWESP`true`SWEH`20`SWEW`380`3`0`State`0`#27`false`#26`false`#28`false`0`3`StateEx`0`0`0`#26`0`0`0`#27`0`1`0`#28`0`Checked`false`0`0`Flags`0`</responseData>
  <responseFile class="java.lang.String"></responseFile>
  <cookies class="java.lang.String">_sn=GXmoeGkdwh1O45lrH7mMIZnLMWvqHkVWiQKqDOICOq1fi95anXYMaCRAX879ujDRD9kS4J75N4kGDX576Q2AKmwZPUBih-4NS80Pc1189OxasEbdAsHiEtIhcnCzZ0zWb5V6QpVraL0TTGU4ktkGZq374g8C0pUBRhKVASKeW21TgUW5eIkswq97I-.qG-kr; _srn=_srn; SWEUAID=SWEUAID</cookies>
  <method class="java.lang.String">POST</method>
  <queryString class="java.lang.String">SWEVI=&amp;SWERowId=3-61EV8CAU&amp;SWEC=68&amp;SWEMethod=PostChanges&amp;SWEPOC=Payment+Method&amp;SWEReqRowId=1&amp;SWERPC=1&amp;s_3_1_53_0=Paper+bill&amp;s_3_1_0_0=&amp;SWEApplet=BT+Billing+Profile+Form+Applet&amp;SWEActiveApplet=BT+Billing+Profile+Form+Applet&amp;SWEView=BT+Billing+Account+Profile+view&amp;SWECmd=InvokeMethod&amp;SRN=xK7T2pIB2ZOV15hwlQxQF5reKcoUB8VpMTZr7we8uAEb&amp;s_3_1_47_0=Monthly&amp;s_3_1_122_0=Direct+Debit&amp;s_3_1_6_0=Standard+Bill&amp;SWETS={{\d+}}&amp;SWEActiveView=BT+Billing+Account+Profile+view&amp;s_3_1_8_0=&amp;SWEP=&amp;s_3_1_9_0=&amp;SWERowIds=SWERowId0%3D3-61EV8C9M</queryString>
  <java.net.URL>http://localhost:8080/ecommunications_enu_nsm_aps05524a027/start.swe</java.net.URL>
</httpSample>
<httpSample t="{{\d+}}" it="0" lt="{{\d+}}" ct="{{\d+}}" ts="{{\d+}}" s="true" lb="{{\d+}} /ecommunications_enu_nsm_aps05524a027/start.swe" rc="200" rm="OK" tn="Thread Group 1-1" dt="text" de="utf-8" by="1717" sby="1632" sc="1" ec="0" ng="1" na="1" hn="{{.*?}}">
  <responseHeader class="java.lang.String">HTTP/1.1 200 OK
Connection: close
Server: Oracle-iPlanet-Web-Server/7.0
Date: Tue, 23 Jun 2020 13:06:22 GMT
Content-Language: en
Cache-Control: no-cache
Swerpc: true
Content-Type: text/html;charset=utf-8
Connection: close
Matched-Stub-Id: {{\w+-\w+-\w+-\w+-\w+}}
Vary: Accept-Encoding, User-Agent
</responseHeader>
  <requestHeader class="java.lang.String">Connection: close
Content-Type: application/x-www-form-urlencoded
DNT: 1
Accept-Encoding: deflate
Pragma: no-cache
User-Agent: Mozilla/4.0 (compatible; MSIE 7.0; Windows NT 6.3; WOW64; Trident/7.0; .NET4.0E; .NET4.0C; .NET CLR 3.5.30729; .NET CLR 2.0.50727; .NET CLR 3.0.30729)
Accept: text/html, image/gif, image/jpeg, *; q=.2, */*; q=.2
Content-Length: 944
Host: localhost:8080
</requestHeader>
  <responseData class="java.lang.String">@0`1`4`2``0`UC`1`Status`OK`SWEC`70`SRN`xK7T2pIB2ZOV15hwlQxQF5reKcoUB8VpMTZr7we8uAEb`11`0`ResultSet`0`BT_PAYMENT_METHOD_CHEQUECASH4`If not paid now this will be brought forward on to their next bill.`OutStandingAmtFlag``BT_PAYMENT_METHOD_CHEQUECASH7`Payment Processing Fee(PPF) of Â£6.00 per quarter if they stop paying by direct debit.`BT_PAYMENT_METHOD_CHEQUECASH1`Ensure you discuss alternative options such as MPP/WBDD.`BT_PAYMENT_METHOD_CHEQUECASH6`If yes navigate to payments view.`BT_PAYMENT_METHOD_CHEQUECASH`Inform the customer that they will incur a`BT_PAYMENT_METHOD_CHEQUECASH2`There is an OutStanding balance of`BT_PAYMENT_METHOD_CHEQUECASH5`Click OK. Ask the customer if they are able/willing to make a payment now.`BT_PAYMENT_METHOD_CHEQUECASH3`this is payable immediately.`BTBillFrequencyValidation`Cheque/Cash payment method must have quarterly billing.`BT_PAYMENT_METHOD_CHEQUECASH8`If not paid now a letter or bill will be dispatched requesting immediate payment.`1`6`Command Manager`0`RefreshToolbar`true`7`0`StateToolBar`0`#35`true`#36`false`#17`true`#34`true`#8`false`#37`true`#38`true`0`1`StateExToolBar`0`1`0`#35`0`Checked`false`0`3`FlagsToolBar`0`3`0`#8`0`SWESP`true`SWEH`0`SWEW`0`3`0`#34`0`SWESP`true`SWEH`600`SWEW`800`3`0`#36`0`SWESP`true`SWEH`20`SWEW`380`3`0`State`0`#27`false`#26`false`#28`false`0`3`StateEx`0`0`0`#26`0`0`0`#27`0`1`0`#28`0`Checked`false`0`0`Flags`0`</responseData>
  <responseFile class="java.lang.String"></responseFile>
  <cookies class="java.lang.String">_sn=GXmoeGkdwh1O45lrH7mMIZnLMWvqHkVWiQKqDOICOq1fi95anXYMaCRAX879ujDRD9kS4J75N4kGDX576Q2AKmwZPUBih-4NS80Pc1189OxasEbdAsHiEtIhcnCzZ0zWb5V6QpVraL0TTGU4ktkGZq374g8C0pUBRhKVASKeW21TgUW5eIkswq97I-.qG-kr; _srn=_srn; SWEUAID=SWEUAID</cookies>
  <method class="java.lang.String">POST</method>
  <queryString class="java.lang.String">SWEC=69&amp;SWEMethod=GetProfileAttributes&amp;SWERPC=1&amp;SWEActiveApplet=BT+Billing+Profile+Form+Applet&amp;SWECmd=InvokeMethod&amp;SRN=xK7T2pIB2ZOV15hwlQxQF5reKcoUB8VpMTZr7we8uAEb&amp;SWEIPS=%400*0*11*0*0*3*0*25*BTBillFrequencyValidation25*BTBillFrequencyValidation29*BT_PAYMENT_METHOD_CHEQUECASH129*BT_PAYMENT_METHOD_CHEQUECASH129*BT_PAYMENT_METHOD_CHEQUECASH229*BT_PAYMENT_METHOD_CHEQUECASH229*BT_PAYMENT_METHOD_CHEQUECASH329*BT_PAYMENT_METHOD_CHEQUECASH329*BT_PAYMENT_METHOD_CHEQUECASH429*BT_PAYMENT_METHOD_CHEQUECASH429*BT_PAYMENT_METHOD_CHEQUECASH529*BT_PAYMENT_METHOD_CHEQUECASH529*BT_PAYMENT_METHOD_CHEQUECASH629*BT_PAYMENT_METHOD_CHEQUECASH629*BT_PAYMENT_METHOD_CHEQUECASH729*BT_PAYMENT_METHOD_CHEQUECASH718*OutStandingAmtFlag18*OutStandingAmtFlag29*BT_PAYMENT_METHOD_CHEQUECASH829*BT_PAYMENT_METHOD_CHEQUECASH828*BT_PAYMENT_METHOD_CHEQUECASH28*BT_PAYMENT_METHOD_CHEQUECASH&amp;SWEActiveView=BT+Billing+Account+Profile+view&amp;SWEService=BT+Set+Profile+Attributes</queryString>
  <java.net.URL>http://localhost:8080/ecommunications_enu_nsm_aps05524a027/start.swe</java.net.URL>
</httpSample>
<httpSample t="{{\d+}}" it="0" lt="{{\d+}}" ct="{{\d+}}" ts="{{\d+}}" s="true" lb="{{\d+}} /ecommunications_enu_nsm_aps05524a027/start.swe" rc="200" rm="OK" tn="Thread Group 1-1" dt="text" de="utf-8" by="888" sby="967" sc="1" ec="0" ng="1" na="1" hn="{{.*?}}">
  <responseHeader class="java.lang.String">HTTP/1.1 200 OK
Connection: close
Server: Oracle-iPlanet-Web-Server/7.0
Date: Tue, 23 Jun 2020 13:06:22 GMT
Content-Language: en
Cache-Control: no-cache
Swerpc: true
Content-Type: text/html;charset=utf-8
Connection: close
Matched-Stub-Id: {{\w+-\w+-\w+-\w+-\w+}}
Vary: Accept-Encoding, User-Agent
</responseHeader>
  <requestHeader class="java.lang.String">Connection: close
Content-Type: application/x-www-form-urlencoded
DNT: 1
Accept-Encoding: deflate
Pragma: no-cache
User-Agent: Mozilla/4.0 (compatible; MSIE 7.0; Windows NT 6.3; WOW64; Trident/7.0; .NET4.0E; .NET4.0C; .NET CLR 3.5.30729; .NET CLR 2.0.50727; .NET CLR 3.0.30729)
Accept: text/html, image/gif, image/jpeg, *; q=.2, */*; q=.2
Content-Length: 279
Host: localhost:8080
</requestHeader>
  <responseData class="java.lang.String">@0`1`4`2``0`UC`1`Status`OK`SWEC`71`SRN`xK7T2pIB2ZOV15hwlQxQF5reKcoUB8VpMTZr7we8uAEb`4`0`ResultSet`0`LRSFlag`N`PromHeadLineFlag`N`PSTNFlag`N`LRPlusFlag`N`1`6`Command Manager`0`RefreshToolbar`true`7`0`StateToolBar`0`#35`true`#36`false`#17`true`#34`true`#8`false`#37`true`#38`true`0`1`StateExToolBar`0`1`0`#35`0`Checked`false`0`3`FlagsToolBar`0`3`0`#8`0`SWESP`true`SWEH`0`SWEW`0`3`0`#34`0`SWESP`true`SWEH`600`SWEW`800`3`0`#36`0`SWESP`true`SWEH`20`SWEW`380`3`0`State`0`#27`false`#26`false`#28`false`0`3`StateEx`0`0`0`#26`0`0`0`#27`0`1`0`#28`0`Checked`false`0`0`Flags`0`</responseData>
  <responseFile class="java.lang.String"></responseFile>
  <cookies class="java.lang.String">_sn=GXmoeGkdwh1O45lrH7mMIZnLMWvqHkVWiQKqDOICOq1fi95anXYMaCRAX879ujDRD9kS4J75N4kGDX576Q2AKmwZPUBih-4NS80Pc1189OxasEbdAsHiEtIhcnCzZ0zWb5V6QpVraL0TTGU4ktkGZq374g8C0pUBRhKVASKeW21TgUW5eIkswq97I-.qG-kr; _srn=_srn; SWEUAID=SWEUAID</cookies>
  <method class="java.lang.String">POST</method>
  <queryString class="java.lang.String">SWEC=70&amp;SWEMethod=CheckLRPlus&amp;SWERPC=1&amp;SWEActiveApplet=BT+Billing+Profile+Form+Applet&amp;SWECmd=InvokeMethod&amp;SRN=xK7T2pIB2ZOV15hwlQxQF5reKcoUB8VpMTZr7we8uAEb&amp;SWEIPS=%400*0*1*0*0*3*0*9*BillAccId10*3-61EV8C9M&amp;SWEActiveView=BT+Billing+Account+Profile+view&amp;SWEService=BT+Billing+Profile</queryString>
  <java.net.URL>http://localhost:8080/ecommunications_enu_nsm_aps05524a027/start.swe</java.net.URL>
</httpSample>
<httpSample t="{{\d+}}" it="0" lt="{{\d+}}" ct="{{\d+}}" ts="{{\d+}}" s="true" lb="{{\d+}} /ecommunications_enu_nsm_aps05524a027/start.swe" rc="200" rm="OK" tn="Thread Group 1-1" dt="text" de="utf-8" by="1043" sby="1007" sc="1" ec="0" ng="1" na="1" hn="{{.*?}}">
  <responseHeader class="java.lang.String">HTTP/1.1 200 OK
Connection: close
Server: Oracle-iPlanet-Web-Server/7.0
Date: Tue, 23 Jun 2020 13:06:22 GMT
Content-Language: en
Cache-Control: no-cache
Swerpc: true
Content-Type: text/html;charset=utf-8
Connection: close
Matched-Stub-Id: {{\w+-\w+-\w+-\w+-\w+}}
Vary: Accept-Encoding, User-Agent
</responseHeader>
  <requestHeader class="java.lang.String">Connection: close
Content-Type: application/x-www-form-urlencoded
DNT: 1
Accept-Encoding: deflate
Pragma: no-cache
User-Agent: Mozilla/4.0 (compatible; MSIE 7.0; Windows NT 6.3; WOW64; Trident/7.0; .NET4.0E; .NET4.0C; .NET CLR 3.5.30729; .NET CLR 2.0.50727; .NET CLR 3.0.30729)
Accept: text/html, image/gif, image/jpeg, *; q=.2, */*; q=.2
Content-Length: 319
Host: localhost:8080
</requestHeader>
  <responseData class="java.lang.String">@0`1`4`2``0`UC`1`Status`OK`SWEC`72`SRN`xK7T2pIB2ZOV15hwlQxQF5reKcoUB8VpMTZr7we8uAEb`1`0`ResultSet`0`Description`DummyValue,Payment Method,BT MPP Payment Day Calc,Bill Frequency,BT MPP Refund Amt,BT MPP Max Refund,BT MPP Amount,,Bank Account Number,Bank Account Number - Display,Bank Branch,Bank Account Name`1`6`Command Manager`0`RefreshToolbar`true`7`0`StateToolBar`0`#35`true`#36`false`#17`true`#34`true`#8`false`#37`true`#38`true`0`1`StateExToolBar`0`1`0`#35`0`Checked`false`0`3`FlagsToolBar`0`3`0`#8`0`SWESP`true`SWEH`0`SWEW`0`3`0`#34`0`SWESP`true`SWEH`600`SWEW`800`3`0`#36`0`SWESP`true`SWEH`20`SWEW`380`3`0`State`0`#27`false`#26`false`#28`false`0`3`StateEx`0`0`0`#26`0`0`0`#27`0`1`0`#28`0`Checked`false`0`0`Flags`0`</responseData>
  <responseFile class="java.lang.String"></responseFile>
  <cookies class="java.lang.String">_sn=GXmoeGkdwh1O45lrH7mMIZnLMWvqHkVWiQKqDOICOq1fi95anXYMaCRAX879ujDRD9kS4J75N4kGDX576Q2AKmwZPUBih-4NS80Pc1189OxasEbdAsHiEtIhcnCzZ0zWb5V6QpVraL0TTGU4ktkGZq374g8C0pUBRhKVASKeW21TgUW5eIkswq97I-.qG-kr; _srn=_srn; SWEUAID=SWEUAID</cookies>
  <method class="java.lang.String">POST</method>
  <queryString class="java.lang.String">SWEC=71&amp;SWEMethod=GetLOVField&amp;SWERPC=1&amp;SWEActiveApplet=BT+Billing+Profile+Form+Applet&amp;SWECmd=InvokeMethod&amp;SRN=xK7T2pIB2ZOV15hwlQxQF5reKcoUB8VpMTZr7we8uAEb&amp;SWEIPS=%400*0*3*0*0*3*0*4*Type21*Exclude+Billing+Popup4*Name10*FieldNames11*Description0*&amp;SWEActiveView=BT+Billing+Account+Profile+view&amp;SWEService=BT+List+Of+Values</queryString>
  <java.net.URL>http://localhost:8080/ecommunications_enu_nsm_aps05524a027/start.swe</java.net.URL>
</httpSample>
<httpSample t="{{\d+}}" it="0" lt="{{\d+}}" ct="{{\d+}}" ts="{{\d+}}" s="true" lb="{{\d+}} /ecommunications_enu_nsm_aps05524a027/start.swe" rc="200" rm="OK" tn="Thread Group 1-1" dt="text" de="utf-8" by="3455" sby="1302" sc="1" ec="0" ng="1" na="1" hn="{{.*?}}">
  <responseHeader class="java.lang.String">HTTP/1.1 200 OK
Connection: close
Server: Oracle-iPlanet-Web-Server/7.0
Date: Tue, 23 Jun 2020 13:06:33 GMT
Content-Language: en
Cache-Control: no-cache
Swerpc: true
Content-Type: text/html;charset=utf-8
Connection: close
Matched-Stub-Id: {{\w+-\w+-\w+-\w+-\w+}}
Vary: Accept-Encoding, User-Agent
</responseHeader>
  <requestHeader class="java.lang.String">Connection: close
Content-Type: application/x-www-form-urlencoded
DNT: 1
Accept-Encoding: deflate
Pragma: no-cache
User-Agent: Mozilla/4.0 (compatible; MSIE 7.0; Windows NT 6.3; WOW64; Trident/7.0; .NET4.0E; .NET4.0C; .NET CLR 3.5.30729; .NET CLR 2.0.50727; .NET CLR 3.0.30729)
Accept: text/html, image/gif, image/jpeg, *; q=.2, */*; q=.2
Content-Length: 614
Host: localhost:8080
</requestHeader>
  <responseData class="java.lang.String">@0`1`4`2``0`UC`1`Status`Completed`SWEC`73`SRN`xK7T2pIB2ZOV15hwlQxQF5reKcoUB8VpMTZr7we8uAEb`0`34`Notifications`0`2`0``0`OP`bn`bc`S_BC2`7`1``0`br`0`ar`0`size`1`cr`0`OP`ndw`bc`S_BC2`f`Payment Method`2`0`FieldValues`0`ValueArray`12*Direct Debit`FieldArray`2*13`7`0``0`br`0`ar`0`size`1`cr`0`OP`nfd`bc`S_BC2`f`Payment Method`7`1``0`br`0`ar`0`size`1`cr`0`OP`ndw`bc`S_BC2`f`BT Bill Format QABA`2`0`FieldValues`0`ValueArray`13*Standard Bill`FieldArray`2*16`7`0``0`br`0`ar`0`size`1`cr`0`OP`nfd`bc`S_BC2`f`BT Bill Format QABA`7`0``0`br`0`ar`0`size`1`cr`0`OP`nfd`bc`S_BC2`f`Payment Method Calc`7`0``0`br`0`ar`0`size`1`cr`0`OP`nfd`bc`S_BC2`f`IsCC Read Only`7`0``0`br`0`ar`0`size`1`cr`0`OP`nfd`bc`S_BC2`f`Credit Card Expiration Calculated Date`7`0``0`br`0`ar`0`size`1`cr`0`OP`nfd`bc`S_BC2`f`Bank Details Read Only`7`0``0`br`0`ar`0`size`1`cr`0`OP`nfd`bc`S_BC2`f`Bank Details Read Only Flag`7`0``0`br`0`ar`0`size`1`cr`0`OP`nfd`bc`S_BC2`f`BT Geneva Bank Detail Read Only`7`0``0`br`0`ar`0`size`1`cr`0`OP`nfd`bc`S_BC2`f`Bank Detail Direct Debit Mandate Read Only`7`0``0`br`0`ar`0`size`1`cr`0`OP`nfd`bc`S_BC2`f`BT CSS GENEVA Flag`7`0``0`br`0`ar`0`size`1`cr`0`OP`nfd`bc`S_BC2`f`BTCallCurrentValueReadOnly`7`0``0`br`0`ar`0`size`1`cr`0`OP`nfd`bc`S_BC2`f`BT WBDD Payment Method`7`0``0`br`0`ar`0`size`1`cr`0`OP`nfd`bc`S_BC2`f`BT MPP/WBDD Payment Method`7`0``0`br`0`ar`0`size`1`cr`0`OP`nfd`bc`S_BC2`f`BT Childline Donation Read Only`7`0``0`br`0`ar`0`size`1`cr`0`OP`nfd`bc`S_BC2`f`BT MPP Refund Amt Read Only`7`0``0`br`0`ar`0`size`1`cr`0`OP`nfd`bc`S_BC2`f`BT MPP Payment Method Amount`7`0``0`br`0`ar`0`size`1`cr`0`OP`nfd`bc`S_BC2`f`BT MPP Payment Method Read Only Amount`7`0``0`br`0`ar`0`size`1`cr`0`OP`nfd`bc`S_BC2`f`BT MPP Payment Method`7`0``0`br`0`ar`0`size`1`cr`0`OP`nfd`bc`S_BC2`f`BT MPP Payment Method Read Only`7`0``0`br`0`ar`0`size`1`cr`0`OP`nfd`bc`S_BC2`f`BT ItmOptnRead Only`7`0``0`br`0`ar`0`size`1`cr`0`OP`nfd`bc`S_BC2`f`BT ItemFldsReadOnly`7`0``0`br`0`ar`0`size`1`cr`0`OP`nfd`bc`S_BC2`f`BT BillCycle Payment Method`7`0``0`br`0`ar`0`size`1`cr`0`OP`nfd`bc`S_BC2`f`BT Bill Cycle Day Read Only`7`0``0`br`0`ar`0`size`1`cr`0`OP`nfd`bc`S_BC2`f`BT Bill Frequency Category`7`0``0`br`0`ar`0`size`1`cr`0`OP`nfd`bc`S_BC2`f`BT Bill Frequency 2`7`0``0`br`0`ar`0`size`1`cr`0`OP`nfd`bc`S_BC2`f`BT BC Read Only Flag Calc`7`0``0`br`0`ar`0`size`1`cr`0`OP`nfd`bc`S_BC2`f`BT CSS GENEVA`7`0``0`br`0`ar`0`size`1`cr`0`OP`nfd`bc`S_BC2`f`BT Payment Method ReadOnly`7`0``0`br`0`ar`0`size`1`cr`0`OP`nfd`bc`S_BC2`f`BT BC Read Only Flag Calc/ Direct Debit`8`0``0`br`0`ArgsArray`0*31*BT Billing Account Profile view31*BT Banking Details Form Appplet9*s_2_1_2_04*true0*9*Requested8*Returned`ar`0`size`1`cr`0`OP`g`bc`S_BC2`type`GetQuickPickInfo`2`0``0`OP`en`bc`S_BC2`1`6`Command Manager`0`RefreshToolbar`true`7`0`StateToolBar`0`#35`true`#36`false`#17`true`#34`true`#8`false`#37`true`#38`true`0`1`StateExToolBar`0`1`0`#35`0`Checked`false`0`3`FlagsToolBar`0`3`0`#8`0`SWESP`true`SWEH`0`SWEW`0`3`0`#34`0`SWESP`true`SWEH`600`SWEW`800`3`0`#36`0`SWESP`true`SWEH`20`SWEW`380`3`0`State`0`#27`false`#26`false`#28`false`0`3`StateEx`0`0`0`#26`0`0`0`#27`0`1`0`#28`0`Checked`false`0`0`Flags`0`</responseData>
  <responseFile class="java.lang.String"></responseFile>
  <cookies class="java.lang.String">_sn=GXmoeGkdwh1O45lrH7mMIZnLMWvqHkVWiQKqDOICOq1fi95anXYMaCRAX879ujDRD9kS4J75N4kGDX576Q2AKmwZPUBih-4NS80Pc1189OxasEbdAsHiEtIhcnCzZ0zWb5V6QpVraL0TTGU4ktkGZq374g8C0pUBRhKVASKeW21TgUW5eIkswq97I-.qG-kr; _srn=_srn; SWEUAID=SWEUAID</cookies>
  <method class="java.lang.String">POST</method>
  <queryString class="java.lang.String">SWEVI=&amp;SWERowId=3-61EV8CAU&amp;SWEC=72&amp;SWEMethod=GetQuickPickInfo&amp;SWEBCVals=%400*0*0*1*0*3*0*2*0*11*FieldValues3*0*10*FieldArray17*14*Payment+Method10*ValueArray15*12*Direct+Debit&amp;SWEReqRowId=1&amp;SWERPC=1&amp;s_2_1_24_0=&amp;s_2_1_0_0=&amp;s_2_1_16_0=&amp;SWEApplet=BT+Banking+Details+Form+Appplet&amp;SWEActiveApplet=BT+Banking+Details+Form+Appplet&amp;s_2_1_18_0=&amp;s_2_1_2_0=&amp;SWEView=BT+Billing+Account+Profile+view&amp;s_2_1_3_0=&amp;SWEField=s_2_1_2_0&amp;SWECmd=InvokeMethod&amp;SRN=xK7T2pIB2ZOV15hwlQxQF5reKcoUB8VpMTZr7we8uAEb&amp;s_2_1_4_0=N&amp;SWEJI=false&amp;SWETS={{\d+}}&amp;SWEActiveView=BT+Billing+Account+Profile+view&amp;SWEP=&amp;SWERowIds=SWERowId0%3D3-61EV8C9M</queryString>
  <java.net.URL>http://localhost:8080/ecommunications_enu_nsm_aps05524a027/start.swe</java.net.URL>
</httpSample>
<httpSample t="{{\d+}}" it="0" lt="{{\d+}}" ct="{{\d+}}" ts="{{\d+}}" s="true" lb="{{\d+}} /ecommunications_enu_nsm_aps05524a027/start.swe" rc="200" rm="OK" tn="Thread Group 1-1" dt="text" de="utf-8" by="6543" sby="1311" sc="1" ec="0" ng="1" na="1" hn="{{.*?}}">
  <responseHeader class="java.lang.String">HTTP/1.1 200 OK
Connection: close
Server: Oracle-iPlanet-Web-Server/7.0
Date: Tue, 23 Jun 2020 13:06:35 GMT
Content-Language: en
Cache-Control: no-cache
Swerpc: true
Content-Type: text/html;charset=utf-8
Connection: close
Matched-Stub-Id: {{\w+-\w+-\w+-\w+-\w+}}
Vary: Accept-Encoding, User-Agent
</responseHeader>
  <requestHeader class="java.lang.String">Connection: close
Content-Type: application/x-www-form-urlencoded
DNT: 1
Accept-Encoding: deflate
Pragma: no-cache
User-Agent: Mozilla/4.0 (compatible; MSIE 7.0; Windows NT 6.3; WOW64; Trident/7.0; .NET4.0E; .NET4.0C; .NET CLR 3.5.30729; .NET CLR 2.0.50727; .NET CLR 3.0.30729)
Accept: text/html, image/gif, image/jpeg, *; q=.2, */*; q=.2
Content-Length: 623
Host: localhost:8080
</requestHeader>
  <responseData class="java.lang.String">@0`1`4`2``0`UC`1`Status`Completed`SWEC`74`SRN`xK7T2pIB2ZOV15hwlQxQF5reKcoUB8VpMTZr7we8uAEb`0`44`Notifications`0`2`0``0`OP`bn`bc`S_BC2`7`0``0`br`0`ArgsArray`30*BT Billing Profile Form Applet1*01*11*11*11*21*11*31*01*41*01*51*11*61*11*71*11*81*01*91*02*101*02*111*12*121*12*131*12*141*12*151*02*161*12*171*12*181*12*191*12*201*12*211*12*221*12*231*12*241*12*251*02*261*12*271*12*281*12*291*12*301*12*311*12*321*12*331*02*341*12*351*12*361*12*371*12*381*12*391*12*401*12*411*02*421*12*431*12*441*12*451*02*461*12*471*12*481*12*491*12*501*12*511*12*521*12*531*12*541*12*551*12*561*12*571*02*581*12*591*12*601*12*611*02*621*12*631*12*641*12*651*02*661*12*671*12*681*12*691*12*701*12*711*12*721*02*731*12*741*12*751*12*761*12*771*12*781*02*791*12*801*02*811*12*821*12*831*12*841*12*851*12*861*12*871*12*881*12*891*12*901*12*911*12*921*02*931*12*941*12*951*12*961*12*971*12*981*12*991*13*1001*03*1011*13*1021*13*1031*13*1041*13*1051*13*1061*03*1071*13*1081*13*1091*13*1101*13*1111*13*1121*03*1131*13*1141*13*1151*13*1161*13*1171*13*1181*13*1191*13*1201*13*1211*13*1221*13*1231*13*1241*03*1251*13*1261*03*1271*13*1281*13*1291*13*1301*03*1311*13*1321*03*1331*13*1341*13*1351*13*1361*03*1371*13*1381*13*1391*13*1401*13*1411*13*1421*13*1431*13*1441*03*1451*13*1461*03*1471*13*1481*13*1491*13*1501*13*1511*13*1521*13*1531*13*1541*13*1551*13*1561*13*1571*13*1581*13*1591*1`size`1`cr`0`OP`g`bc`S_BC2`type`SWEICanUpdate`7`0``0`br`0`ArgsArray`31*BT Banking Details Form Appplet1*01*11*11*11*21*11*31*11*41*11*51*11*61*11*71*11*81*11*91*12*101*12*111*12*121*12*131*12*141*12*151*12*161*02*171*12*181*02*191*12*201*12*211*12*221*02*231*12*241*02*251*12*261*12*271*12*281*12*291*12*301*12*311*12*321*02*331*12*341*12*351*12*361*12*371*12*381*12*391*12*401*12*411*12*421*12*431*12*441*12*451*12*461*12*471*12*481*02*491*12*501*12*511*12*521*02*531*12*541*12*551*12*561*02*571*12*581*12*591*12*601*12*611*12*621*12*631*02*641*12*651*12*661*12*671*12*681*12*691*02*701*12*711*02*721*12*731*12*741*12*751*12*761*12*771*12*781*12*791*12*801*12*811*12*821*12*831*02*841*12*851*12*861*12*871*12*881*12*891*12*901*12*911*02*921*12*931*12*941*12*951*12*961*12*971*02*981*12*991*13*1001*13*1011*13*1021*13*1031*03*1041*13*1051*13*1061*13*1071*13*1081*13*1091*13*1101*13*1111*13*1121*13*1131*13*1141*13*1151*03*1161*13*1171*03*1181*13*1191*13*1201*13*1211*03*1221*13*1231*03*1241*13*1251*13*1261*13*1271*03*1281*13*1291*13*1301*13*1311*13*1321*13*1331*13*1341*13*1351*03*1361*13*1371*03*1381*13*1391*13*1401*13*1411*13*1421*13*1431*13*1441*13*1451*13*1461*13*1471*13*1481*13*1491*13*1501*13*1511*0`size`1`cr`0`OP`g`bc`S_BC2`type`SWEICanUpdate`7`1``0`br`0`ar`0`size`1`cr`0`OP`ndw`bc`S_BC2`f`Payment Method`2`0`FieldValues`0`ValueArray`12*Direct Debit`FieldArray`2*13`7`0``0`br`0`ar`0`size`1`cr`0`OP`nfd`bc`S_BC2`f`Payment Method`7`1``0`br`0`ar`0`size`1`cr`0`OP`ndw`bc`S_BC2`f`BT Bill Format QABA`2`0`FieldValues`0`ValueArray`13*Standard Bill`FieldArray`2*16`7`0``0`br`0`ar`0`size`1`cr`0`OP`nfd`bc`S_BC2`f`BT Bill Format QABA`7`0``0`br`0`ar`0`size`1`cr`0`OP`nfd`bc`S_BC2`f`Payment Method Calc`7`0``0`br`0`ar`0`size`1`cr`0`OP`nfd`bc`S_BC2`f`IsCC Read Only`7`0``0`br`0`ar`0`size`1`cr`0`OP`nfd`bc`S_BC2`f`Credit Card Expiration Calculated Date`7`0``0`br`0`ar`0`size`1`cr`0`OP`nfd`bc`S_BC2`f`Bank Details Read Only`7`0``0`br`0`ar`0`size`1`cr`0`OP`nfd`bc`S_BC2`f`Bank Details Read Only Flag`7`0``0`br`0`ar`0`size`1`cr`0`OP`nfd`bc`S_BC2`f`BT Geneva Bank Detail Read Only`7`0``0`br`0`ar`0`size`1`cr`0`OP`nfd`bc`S_BC2`f`Bank Detail Direct Debit Mandate Read Only`7`0``0`br`0`ar`0`size`1`cr`0`OP`nfd`bc`S_BC2`f`BT CSS GENEVA Flag`7`0``0`br`0`ar`0`size`1`cr`0`OP`nfd`bc`S_BC2`f`BTCallCurrentValueReadOnly`7`0``0`br`0`ar`0`size`1`cr`0`OP`nfd`bc`S_BC2`f`BT WBDD Payment Method`7`0``0`br`0`ar`0`size`1`cr`0`OP`nfd`bc`S_BC2`f`BT MPP/WBDD Payment Method`7`0``0`br`0`ar`0`size`1`cr`0`OP`nfd`bc`S_BC2`f`BT Childline Donation Read Only`7`0``0`br`0`ar`0`size`1`cr`0`OP`nfd`bc`S_BC2`f`BT MPP Refund Amt Read Only`7`0``0`br`0`ar`0`size`1`cr`0`OP`nfd`bc`S_BC2`f`BT MPP Payment Method Amount`7`0``0`br`0`ar`0`size`1`cr`0`OP`nfd`bc`S_BC2`f`BT MPP Payment Method Read Only Amount`7`0``0`br`0`ar`0`size`1`cr`0`OP`nfd`bc`S_BC2`f`BT MPP Payment Method`7`0``0`br`0`ar`0`size`1`cr`0`OP`nfd`bc`S_BC2`f`BT MPP Payment Method Read Only`7`0``0`br`0`ar`0`size`1`cr`0`OP`nfd`bc`S_BC2`f`BT ItmOptnRead Only`7`0``0`br`0`ar`0`size`1`cr`0`OP`nfd`bc`S_BC2`f`BT ItemFldsReadOnly`7`0``0`br`0`ar`0`size`1`cr`0`OP`nfd`bc`S_BC2`f`BT BillCycle Payment Method`7`0``0`br`0`ar`0`size`1`cr`0`OP`nfd`bc`S_BC2`f`BT Bill Cycle Day Read Only`7`0``0`br`0`ar`0`size`1`cr`0`OP`nfd`bc`S_BC2`f`BT Bill Frequency Category`7`0``0`br`0`ar`0`size`1`cr`0`OP`nfd`bc`S_BC2`f`BT Bill Frequency 2`7`0``0`br`0`ar`0`size`1`cr`0`OP`nfd`bc`S_BC2`f`BT BC Read Only Flag Calc`7`0``0`br`0`ar`0`size`1`cr`0`OP`nfd`bc`S_BC2`f`BT CSS GENEVA`7`0``0`br`0`ar`0`size`1`cr`0`OP`nfd`bc`S_BC2`f`BT Payment Method ReadOnly`7`0``0`br`0`ar`0`size`1`cr`0`OP`nfd`bc`S_BC2`f`BT BC Read Only Flag Calc/ Direct Debit`7`1``0`br`0`ar`0`size`1`cr`0`OP`ndw`bc`S_BC2`f`BT Direct Debit Mandate Calc`2`0`FieldValues`0`ValueArray`9*Requested`FieldArray`1*2`7`0``0`br`0`ar`0`size`1`cr`0`OP`nfd`bc`S_BC2`f`BT Direct Debit Mandate Calc`7`0``0`br`0`ar`0`size`1`cr`0`OP`nfd`bc`S_BC2`f`Bank Details Read Only Flag`7`0``0`br`0`ar`0`size`1`cr`0`OP`nfd`bc`S_BC2`f`BT Direct Debit Mandate`7`0``0`br`0`ar`0`size`1`cr`0`OP`nfd`bc`S_BC2`f`BT Send Blank Read Only`7`0``0`br`0`ar`0`size`1`cr`0`OP`nfd`bc`S_BC2`f`BT BC Read Only Flag Calc/ Direct Debit`7`0``0`br`0`ar`0`size`1`cr`0`OP`nfd`bc`S_BC2`f`Bank Details Read Only Flag`7`1``0`br`0`ar`0`size`1`cr`0`OP`ndw`bc`S_BC2`f`BT Direct Debit Mandate Calc`2`0`FieldValues`0`ValueArray`9*Requested`FieldArray`1*2`7`0``0`br`0`ar`0`size`1`cr`0`OP`nfd`bc`S_BC2`f`BT Direct Debit Mandate Calc`2`0``0`OP`en`bc`S_BC2`1`6`Command Manager`0`RefreshToolbar`true`7`0`StateToolBar`0`#35`true`#36`false`#17`true`#34`true`#8`false`#37`true`#38`true`0`1`StateExToolBar`0`1`0`#35`0`Checked`false`0`3`FlagsToolBar`0`3`0`#8`0`SWESP`true`SWEH`0`SWEW`0`3`0`#34`0`SWESP`true`SWEH`600`SWEW`800`3`0`#36`0`SWESP`true`SWEH`20`SWEW`380`3`0`State`0`#27`false`#26`false`#28`false`0`3`StateEx`0`0`0`#26`0`0`0`#27`0`1`0`#28`0`Checked`false`0`0`Flags`0`</responseData>
  <responseFile class="java.lang.String"></responseFile>
  <cookies class="java.lang.String">_sn=GXmoeGkdwh1O45lrH7mMIZnLMWvqHkVWiQKqDOICOq1fi95anXYMaCRAX879ujDRD9kS4J75N4kGDX576Q2AKmwZPUBih-4NS80Pc1189OxasEbdAsHiEtIhcnCzZ0zWb5V6QpVraL0TTGU4ktkGZq374g8C0pUBRhKVASKeW21TgUW5eIkswq97I-.qG-kr; _srn=_srn; SWEUAID=SWEUAID</cookies>
  <method class="java.lang.String">POST</method>
  <queryString class="java.lang.String">SWEVI=&amp;SWERowId=3-61EV8CAU&amp;SWEC=73&amp;SWEMethod=PostChanges&amp;SWEBCVals=%400*0*0*1*0*3*0*2*0*11*FieldValues3*0*10*FieldArray17*14*Payment+Method10*ValueArray15*12*Direct+Debit&amp;SWEPOC=BT+Direct+Debit+Mandate+Calc&amp;SWEReqRowId=1&amp;SWERPC=1&amp;s_2_1_24_0=&amp;s_2_1_0_0=&amp;s_2_1_16_0=&amp;SWEApplet=BT+Banking+Details+Form+Appplet&amp;SWEActiveApplet=BT+Banking+Details+Form+Appplet&amp;s_2_1_18_0=&amp;s_2_1_2_0=Requested&amp;SWEView=BT+Billing+Account+Profile+view&amp;s_2_1_3_0=&amp;SWECmd=InvokeMethod&amp;SRN=xK7T2pIB2ZOV15hwlQxQF5reKcoUB8VpMTZr7we8uAEb&amp;s_2_1_4_0=N&amp;SWETS={{\d+}}&amp;SWEActiveView=BT+Billing+Account+Profile+view&amp;SWEP=&amp;SWERowIds=SWERowId0%3D3-61EV8C9M</queryString>
  <java.net.URL>http://localhost:8080/ecommunications_enu_nsm_aps05524a027/start.swe</java.net.URL>
</httpSample>
<httpSample t="{{\d+}}" it="0" lt="{{\d+}}" ct="{{\d+}}" ts="{{\d+}}" s="true" lb="{{\d+}} /ecommunications_enu_nsm_aps05524a027/start.swe" rc="200" rm="OK" tn="Thread Group 1-1" dt="text" de="utf-8" by="827" sby="972" sc="1" ec="0" ng="1" na="1" hn="{{.*?}}">
  <responseHeader class="java.lang.String">HTTP/1.1 200 OK
Connection: close
Server: Oracle-iPlanet-Web-Server/7.0
Date: Tue, 23 Jun 2020 13:06:36 GMT
Content-Language: en
Cache-Control: no-cache
Swerpc: true
Content-Type: text/html;charset=utf-8
Connection: close
Matched-Stub-Id: {{\w+-\w+-\w+-\w+-\w+}}
Vary: Accept-Encoding, User-Agent
</responseHeader>
  <requestHeader class="java.lang.String">Connection: close
Content-Type: application/x-www-form-urlencoded
DNT: 1
Accept-Encoding: deflate
Pragma: no-cache
User-Agent: Mozilla/4.0 (compatible; MSIE 7.0; Windows NT 6.3; WOW64; Trident/7.0; .NET4.0E; .NET4.0C; .NET CLR 3.5.30729; .NET CLR 2.0.50727; .NET CLR 3.0.30729)
Accept: text/html, image/gif, image/jpeg, *; q=.2, */*; q=.2
Content-Length: 284
Host: localhost:8080
</requestHeader>
  <responseData class="java.lang.String">@0`1`5`1``0`UC`1`Status`OK`Result``SWEC`75`SRN`xK7T2pIB2ZOV15hwlQxQF5reKcoUB8VpMTZr7we8uAEb`1`6`Command Manager`0`RefreshToolbar`true`7`0`StateToolBar`0`#35`true`#36`false`#17`true`#34`true`#8`false`#37`true`#38`true`0`1`StateExToolBar`0`1`0`#35`0`Checked`false`0`3`FlagsToolBar`0`3`0`#8`0`SWESP`true`SWEH`0`SWEW`0`3`0`#34`0`SWESP`true`SWEH`600`SWEW`800`3`0`#36`0`SWESP`true`SWEH`20`SWEW`380`3`0`State`0`#27`false`#26`false`#28`false`0`3`StateEx`0`0`0`#26`0`0`0`#27`0`1`0`#28`0`Checked`false`0`0`Flags`0`</responseData>
  <responseFile class="java.lang.String"></responseFile>
  <cookies class="java.lang.String">_sn=GXmoeGkdwh1O45lrH7mMIZnLMWvqHkVWiQKqDOICOq1fi95anXYMaCRAX879ujDRD9kS4J75N4kGDX576Q2AKmwZPUBih-4NS80Pc1189OxasEbdAsHiEtIhcnCzZ0zWb5V6QpVraL0TTGU4ktkGZq374g8C0pUBRhKVASKeW21TgUW5eIkswq97I-.qG-kr; _srn=_srn; SWEUAID=SWEUAID</cookies>
  <method class="java.lang.String">POST</method>
  <queryString class="java.lang.String">SWEC=74&amp;SWEMethod=SetProfileAttr&amp;SWERPC=1&amp;SWEActiveApplet=BT+Banking+Details+Form+Appplet&amp;SWECmd=InvokeMethod&amp;SRN=xK7T2pIB2ZOV15hwlQxQF5reKcoUB8VpMTZr7we8uAEb&amp;SWEIPS=%400*0*2*0*14*SetProfileAttr3*0*5*value1*Y8*attrName17*BillingProfileSLR&amp;SWEActiveView=BT+Billing+Account+Profile+view</queryString>
  <java.net.URL>http://localhost:8080/ecommunications_enu_nsm_aps05524a027/start.swe</java.net.URL>
</httpSample>
<httpSample t="{{\d+}}" it="0" lt="{{\d+}}" ct="{{\d+}}" ts="{{\d+}}" s="true" lb="{{\d+}} /ecommunications_enu_nsm_aps05524a027/start.swe" rc="200" rm="OK" tn="Thread Group 1-1" dt="text" de="utf-8" by="835" sby="982" sc="1" ec="0" ng="1" na="1" hn="{{.*?}}">
  <responseHeader class="java.lang.String">HTTP/1.1 200 OK
Connection: close
Server: Oracle-iPlanet-Web-Server/7.0
Date: Tue, 23 Jun 2020 13:06:36 GMT
Content-Language: en
Cache-Control: no-cache
Swerpc: true
Content-Type: text/html;charset=utf-8
Connection: close
Matched-Stub-Id: {{\w+-\w+-\w+-\w+-\w+}}
Vary: Accept-Encoding, User-Agent
</responseHeader>
  <requestHeader class="java.lang.String">Connection: close
Content-Type: application/x-www-form-urlencoded
DNT: 1
Accept-Encoding: deflate
Pragma: no-cache
User-Agent: Mozilla/4.0 (compatible; MSIE 7.0; Windows NT 6.3; WOW64; Trident/7.0; .NET4.0E; .NET4.0C; .NET CLR 3.5.30729; .NET CLR 2.0.50727; .NET CLR 3.0.30729)
Accept: text/html, image/gif, image/jpeg, *; q=.2, */*; q=.2
Content-Length: 294
Host: localhost:8080
</requestHeader>
  <responseData class="java.lang.String">@0`1`4`2``0`UC`1`Status`OK`SWEC`76`SRN`xK7T2pIB2ZOV15hwlQxQF5reKcoUB8VpMTZr7we8uAEb`0`0`ResultSet`0`1`6`Command Manager`0`RefreshToolbar`true`7`0`StateToolBar`0`#35`true`#36`false`#17`true`#34`true`#8`false`#37`true`#38`true`0`1`StateExToolBar`0`1`0`#35`0`Checked`false`0`3`FlagsToolBar`0`3`0`#8`0`SWESP`true`SWEH`0`SWEW`0`3`0`#34`0`SWESP`true`SWEH`600`SWEW`800`3`0`#36`0`SWESP`true`SWEH`20`SWEW`380`3`0`State`0`#27`false`#26`false`#28`false`0`3`StateEx`0`0`0`#26`0`0`0`#27`0`1`0`#28`0`Checked`false`0`0`Flags`0`</responseData>
  <responseFile class="java.lang.String"></responseFile>
  <cookies class="java.lang.String">_sn=GXmoeGkdwh1O45lrH7mMIZnLMWvqHkVWiQKqDOICOq1fi95anXYMaCRAX879ujDRD9kS4J75N4kGDX576Q2AKmwZPUBih-4NS80Pc1189OxasEbdAsHiEtIhcnCzZ0zWb5V6QpVraL0TTGU4ktkGZq374g8C0pUBRhKVASKeW21TgUW5eIkswq97I-.qG-kr; _srn=_srn; SWEUAID=SWEUAID</cookies>
  <method class="java.lang.String">POST</method>
  <queryString class="java.lang.String">SWEC=75&amp;SWEMethod=CheckSLRCreateActivity&amp;SWERPC=1&amp;SWEActiveApplet=BT+Banking+Details+Form+Appplet&amp;SWECmd=InvokeMethod&amp;SRN=xK7T2pIB2ZOV15hwlQxQF5reKcoUB8VpMTZr7we8uAEb&amp;SWEIPS=%400*0*1*0*0*3*0*11*BillAccntId10*3-61EV8C9M&amp;SWEActiveView=BT+Billing+Account+Profile+view&amp;SWEService=BT+Billing+Profile</queryString>
  <java.net.URL>http://localhost:8080/ecommunications_enu_nsm_aps05524a027/start.swe</java.net.URL>
</httpSample>
<httpSample t="{{\d+}}" it="0" lt="{{\d+}}" ct="{{\d+}}" ts="{{\d+}}" s="true" lb="{{\d+}} /ecommunications_enu_nsm_aps05524a027/start.swe" rc="200" rm="OK" tn="Thread Group 1-1" dt="text" de="utf-8" by="2931" sby="1031" sc="1" ec="0" ng="1" na="1" hn="{{.*?}}">
  <responseHeader class="java.lang.String">HTTP/1.1 200 OK
Connection: close
Server: Oracle-iPlanet-Web-Server/7.0
Date: Tue, 23 Jun 2020 13:06:47 GMT
Content-Language: en
Cache-Control: no-cache
Swerpc: true
Content-Type: text/html;charset=utf-8
Connection: close
Matched-Stub-Id: {{\w+-\w+-\w+-\w+-\w+}}
Vary: Accept-Encoding, User-Agent
</responseHeader>
  <requestHeader class="java.lang.String">Connection: close
Content-Type: application/x-www-form-urlencoded
DNT: 1
Accept-Encoding: deflate
Pragma: no-cache
User-Agent: Mozilla/4.0 (compatible; MSIE 7.0; Windows NT 6.3; WOW64; Trident/7.0; .NET4.0E; .NET4.0C; .NET CLR 3.5.30729; .NET CLR 2.0.50727; .NET CLR 3.0.30729)
Accept: text/html, image/gif, image/jpeg, *; q=.2, */*; q=.2
Content-Length: 343
Host: localhost:8080
</requestHeader>
  <responseData class="java.lang.String">@0`1`4`2``0`UC`1`Status`OK`SWEC`76`SRN`xK7T2pIB2ZOV15hwlQxQF5reKcoUB8VpMTZr7we8uAEb`0`19`ResultSet`0`1`0``0`Type`Separator`5`0``0`Enabled`true`Caption`Undo Record	[Ctrl+U]`Command`*Browser Applet* *UndoRecord*BT Banking Details Form Appplet* `Type`Command`Menu`100`1`0``0`Type`Separator`5`0``0`Enabled`false`Caption`New Record	[Ctrl+N]`Command`*Browser Applet* *NewRecord*BT Banking Details Form Appplet* `Type`Command`Menu`200`5`0``0`Enabled`false`Caption`Copy Record	[Ctrl+B]`Command`*Browser Applet* *CopyRecord*BT Banking Details Form Appplet* `Type`Command`Menu`210`5`0``0`Enabled`true`Caption`Save Record	[Ctrl+S]`Command`*Browser Applet* *WriteRecord*BT Banking Details Form Appplet* `Type`Command`Menu`220`1`0``0`Type`Separator`5`0``0`Enabled`true`Caption`New Query	[Alt+Q]`Command`*Browser Applet* *NewQuery*BT Banking Details Form Appplet* `Type`Command`Menu`400`5`0``0`Enabled`true`Caption`Run Query	[Alt+ENTER]`Command`*Browser Applet* *ExecuteQuery*BT Banking Details Form Appplet* `Type`Command`Menu`410`5`0``0`Enabled`true`Caption`Refine Query	[Alt+R]`Command`*Browser Applet* *RefineQuery*BT Banking Details Form Appplet* `Type`Command`Menu`420`1`0``0`Type`Separator`5`0``0`Enabled`true`Caption`About Record	[Ctrl+Alt+K]`Command`*Browser Applet* *AboutRecord*BT Banking Details Form Appplet*About Record Applet*450*160*true`Type`Command`Menu`510`5`0``0`Enabled`true`Caption`Record Count	[Ctrl+Shift+3]`Command`*Browser Applet* *RecordCount*BT Banking Details Form Appplet*Record Count Applet*450*160*true`Type`Command`Menu`520`1`0``0`Type`Separator`5`0``0`Enabled`true`Caption`Create Bookmark...`Command`*Browser Applet* *GetBookmarkURL*BT Banking Details Form Appplet* *300*150*true`Type`Command`Menu`600`5`0``0`Enabled`false`Caption`Print Preview...`Command`#258`Type`Command`Menu`800`5`0``0`Enabled`false`Caption`Print...`Command`#259`Type`Command`Menu`810`0`3`BT Banking Details Form Appplet`0`3`0``0`Enabled`false`key`01068`Command`*Browser Applet* *DeleteRecord*BT Banking Details Form Appplet* `3`0``0`Enabled`false`key`01168`Command`*Browser Applet* *DeleteRecord*BT Banking Details Form Appplet* `3`0``0`Enabled`false`Command``class`#F`2`0`Server`0`#259`false`#258`false`1`6`Command Manager`0`RefreshToolbar`true`7`0`StateToolBar`0`#35`true`#36`false`#17`true`#34`true`#8`false`#37`true`#38`true`0`1`StateExToolBar`0`1`0`#35`0`Checked`false`0`3`FlagsToolBar`0`3`0`#8`0`SWESP`true`SWEH`0`SWEW`0`3`0`#34`0`SWESP`true`SWEH`600`SWEW`800`3`0`#36`0`SWESP`true`SWEH`20`SWEW`380`3`0`State`0`#27`false`#26`false`#28`false`0`3`StateEx`0`0`0`#26`0`0`0`#27`0`1`0`#28`0`Checked`false`0`0`Flags`0`</responseData>
  <responseFile class="java.lang.String"></responseFile>
  <cookies class="java.lang.String">_sn=GXmoeGkdwh1O45lrH7mMIZnLMWvqHkVWiQKqDOICOq1fi95anXYMaCRAX879ujDRD9kS4J75N4kGDX576Q2AKmwZPUBih-4NS80Pc1189OxasEbdAsHiEtIhcnCzZ0zWb5V6QpVraL0TTGU4ktkGZq374g8C0pUBRhKVASKeW21TgUW5eIkswq97I-.qG-kr; _srn=_srn; SWEUAID=SWEUAID</cookies>
  <method class="java.lang.String">POST</method>
  <queryString class="java.lang.String">SWEC=76&amp;SWEMethod=PrepareAppletMenu&amp;SWERPC=1&amp;SWEActiveApplet=BT+Banking+Details+Form+Appplet&amp;SWECmd=InvokeMethod&amp;SRN=xK7T2pIB2ZOV15hwlQxQF5reKcoUB8VpMTZr7we8uAEb&amp;SWEIPS=%400*0*3*0*0*3*0*4*Name31*BT+Banking+Details+Form+Appplet5*SWEJI5*false6*SWEDIC4*true&amp;SWEActiveView=BT+Billing+Account+Profile+view&amp;SWEService=SWE+Command+Manager&amp;SWEDIC=true</queryString>
  <java.net.URL>http://localhost:8080/ecommunications_enu_nsm_aps05524a027/start.swe</java.net.URL>
</httpSample>
<httpSample t="{{\d+}}" it="0" lt="{{\d+}}" ct="{{\d+}}" ts="{{\d+}}" s="true" lb="{{\d+}} /ecommunications_enu_nsm_aps05524a027/start.swe" rc="200" rm="OK" tn="Thread Group 1-1" dt="text" de="utf-8" by="882" sby="1008" sc="1" ec="0" ng="1" na="1" hn="{{.*?}}">
  <responseHeader class="java.lang.String">HTTP/1.1 200 OK
Connection: close
Server: Oracle-iPlanet-Web-Server/7.0
Date: Tue, 23 Jun 2020 13:06:47 GMT
Content-Language: en
Cache-Control: no-cache
Swerpc: true
Content-Type: text/html;charset=utf-8
Connection: close
Matched-Stub-Id: {{\w+-\w+-\w+-\w+-\w+}}
Vary: Accept-Encoding, User-Agent
</responseHeader>
  <requestHeader class="java.lang.String">Connection: close
Content-Type: application/x-www-form-urlencoded
DNT: 1
Accept-Encoding: deflate
Pragma: no-cache
User-Agent: Mozilla/4.0 (compatible; MSIE 7.0; Windows NT 6.3; WOW64; Trident/7.0; .NET4.0E; .NET4.0C; .NET CLR 3.5.30729; .NET CLR 2.0.50727; .NET CLR 3.0.30729)
Accept: text/html, image/gif, image/jpeg, *; q=.2, */*; q=.2
Content-Length: 320
Host: localhost:8080
</requestHeader>
  <responseData class="java.lang.String">@0`1`4`2``0`UC`1`Status`OK`SWEC`76`SRN`xK7T2pIB2ZOV15hwlQxQF5reKcoUB8VpMTZr7we8uAEb`4`0`ResultSet`0`SWEJI`false`#259`false`SWEDIC`false`#258`false`1`6`Command Manager`0`RefreshToolbar`true`7`0`StateToolBar`0`#35`true`#36`false`#17`true`#34`true`#8`false`#37`true`#38`true`0`1`StateExToolBar`0`1`0`#35`0`Checked`false`0`3`FlagsToolBar`0`3`0`#8`0`SWESP`true`SWEH`0`SWEW`0`3`0`#34`0`SWESP`true`SWEH`600`SWEW`800`3`0`#36`0`SWESP`true`SWEH`20`SWEW`380`3`0`State`0`#27`false`#26`false`#28`false`0`3`StateEx`0`0`0`#26`0`0`0`#27`0`1`0`#28`0`Checked`false`0`0`Flags`0`</responseData>
  <responseFile class="java.lang.String"></responseFile>
  <cookies class="java.lang.String">_sn=GXmoeGkdwh1O45lrH7mMIZnLMWvqHkVWiQKqDOICOq1fi95anXYMaCRAX879ujDRD9kS4J75N4kGDX576Q2AKmwZPUBih-4NS80Pc1189OxasEbdAsHiEtIhcnCzZ0zWb5V6QpVraL0TTGU4ktkGZq374g8C0pUBRhKVASKeW21TgUW5eIkswq97I-.qG-kr; _srn=_srn; SWEUAID=SWEUAID</cookies>
  <method class="java.lang.String">POST</method>
  <queryString class="java.lang.String">SWEC=76&amp;SWEMethod=BatchCanInvoke&amp;SWERPC=1&amp;SWEActiveApplet=BT+Banking+Details+Form+Appplet&amp;SWECmd=InvokeMethod&amp;SRN=xK7T2pIB2ZOV15hwlQxQF5reKcoUB8VpMTZr7we8uAEb&amp;SWEIPS=%400*0*4*0*0*3*0*4*%232580*4*%232590*5*SWEJI5*false6*SWEDIC4*true&amp;SWEActiveView=BT+Billing+Account+Profile+view&amp;SWEService=SWE+Command+Manager&amp;SWEDIC=true</queryString>
  <java.net.URL>http://localhost:8080/ecommunications_enu_nsm_aps05524a027/start.swe</java.net.URL>
</httpSample>
<httpSample t="{{\d+}}" it="0" lt="{{\d+}}" ct="{{\d+}}" ts="{{\d+}}" s="true" lb="{{\d+}} /ecommunications_enu_nsm_aps05524a027/start.swe" rc="200" rm="OK" tn="Thread Group 1-1" dt="text" de="utf-8" by="871" sby="1036" sc="1" ec="0" ng="1" na="1" hn="{{.*?}}">
  <responseHeader class="java.lang.String">HTTP/1.1 200 OK
Connection: close
Server: Oracle-iPlanet-Web-Server/7.0
Date: Tue, 23 Jun 2020 13:06:49 GMT
Content-Language: en
Cache-Control: no-cache
Swerpc: true
Content-Type: text/html;charset=utf-8
Connection: close
Matched-Stub-Id: {{\w+-\w+-\w+-\w+-\w+}}
Vary: Accept-Encoding, User-Agent
</responseHeader>
  <requestHeader class="java.lang.String">Connection: close
Content-Type: application/x-www-form-urlencoded
DNT: 1
Accept-Encoding: deflate
Pragma: no-cache
User-Agent: Mozilla/4.0 (compatible; MSIE 7.0; Windows NT 6.3; WOW64; Trident/7.0; .NET4.0E; .NET4.0C; .NET CLR 3.5.30729; .NET CLR 2.0.50727; .NET CLR 3.0.30729)
Accept: text/html, image/gif, image/jpeg, *; q=.2, */*; q=.2
Content-Length: 348
Host: localhost:8080
</requestHeader>
  <responseData class="java.lang.String">@0`1`4`2``0`UC`1`Status`OK`SWEC`77`SRN`xK7T2pIB2ZOV15hwlQxQF5reKcoUB8VpMTZr7we8uAEb`2`0`ResultSet`0`BTGenevaUpgrade``BTGenevaProvision``1`6`Command Manager`0`RefreshToolbar`true`7`0`StateToolBar`0`#35`true`#36`false`#17`true`#34`true`#8`false`#37`true`#38`true`0`1`StateExToolBar`0`1`0`#35`0`Checked`false`0`3`FlagsToolBar`0`3`0`#8`0`SWESP`true`SWEH`0`SWEW`0`3`0`#34`0`SWESP`true`SWEH`600`SWEW`800`3`0`#36`0`SWESP`true`SWEH`20`SWEW`380`3`0`State`0`#27`false`#26`false`#28`false`0`3`StateEx`0`0`0`#26`0`0`0`#27`0`1`0`#28`0`Checked`false`0`0`Flags`0`</responseData>
  <responseFile class="java.lang.String"></responseFile>
  <cookies class="java.lang.String">_sn=GXmoeGkdwh1O45lrH7mMIZnLMWvqHkVWiQKqDOICOq1fi95anXYMaCRAX879ujDRD9kS4J75N4kGDX576Q2AKmwZPUBih-4NS80Pc1189OxasEbdAsHiEtIhcnCzZ0zWb5V6QpVraL0TTGU4ktkGZq374g8C0pUBRhKVASKeW21TgUW5eIkswq97I-.qG-kr; _srn=_srn; SWEUAID=SWEUAID</cookies>
  <method class="java.lang.String">POST</method>
  <queryString class="java.lang.String">SWEC=76&amp;SWEMethod=GetProfileAttributes&amp;SWERPC=1&amp;SWEActiveApplet=BT+Banking+Details+Form+Appplet&amp;SWECmd=InvokeMethod&amp;SRN=xK7T2pIB2ZOV15hwlQxQF5reKcoUB8VpMTZr7we8uAEb&amp;SWEIPS=%400*0*2*0*0*3*0*15*BTGenevaUpgrade15*BTGenevaUpgrade17*BTGenevaProvision17*BTGenevaProvision&amp;SWEActiveView=BT+Billing+Account+Profile+view&amp;SWEService=BT+Set+Profile+Attributes</queryString>
  <java.net.URL>http://localhost:8080/ecommunications_enu_nsm_aps05524a027/start.swe</java.net.URL>
</httpSample>
<httpSample t="{{\d+}}" it="0" lt="{{\d+}}" ct="{{\d+}}" ts="{{\d+}}" s="true" lb="{{\d+}} /ecommunications_enu_nsm_aps05524a027/start.swe" rc="200" rm="OK" tn="Thread Group 1-1" dt="text" de="utf-8" by="850" sby="972" sc="1" ec="0" ng="1" na="1" hn="{{.*?}}">
  <responseHeader class="java.lang.String">HTTP/1.1 200 OK
Connection: close
Server: Oracle-iPlanet-Web-Server/7.0
Date: Tue, 23 Jun 2020 13:06:49 GMT
Content-Language: en
Cache-Control: no-cache
Swerpc: true
Content-Type: text/html;charset=utf-8
Connection: close
Matched-Stub-Id: {{\w+-\w+-\w+-\w+-\w+}}
Vary: Accept-Encoding, User-Agent
</responseHeader>
  <requestHeader class="java.lang.String">Connection: close
Content-Type: application/x-www-form-urlencoded
DNT: 1
Accept-Encoding: deflate
Pragma: no-cache
User-Agent: Mozilla/4.0 (compatible; MSIE 7.0; Windows NT 6.3; WOW64; Trident/7.0; .NET4.0E; .NET4.0C; .NET CLR 3.5.30729; .NET CLR 2.0.50727; .NET CLR 3.0.30729)
Accept: text/html, image/gif, image/jpeg, *; q=.2, */*; q=.2
Content-Length: 284
Host: localhost:8080
</requestHeader>
  <responseData class="java.lang.String">@0`1`4`2``0`UC`1`Status`OK`SWEC`78`SRN`xK7T2pIB2ZOV15hwlQxQF5reKcoUB8VpMTZr7we8uAEb`1`0`ResultSet`0`vFieldChanged``1`6`Command Manager`0`RefreshToolbar`true`7`0`StateToolBar`0`#35`true`#36`false`#17`true`#34`true`#8`false`#37`true`#38`true`0`1`StateExToolBar`0`1`0`#35`0`Checked`false`0`3`FlagsToolBar`0`3`0`#8`0`SWESP`true`SWEH`0`SWEW`0`3`0`#34`0`SWESP`true`SWEH`600`SWEW`800`3`0`#36`0`SWESP`true`SWEH`20`SWEW`380`3`0`State`0`#27`false`#26`false`#28`false`0`3`StateEx`0`0`0`#26`0`0`0`#27`0`1`0`#28`0`Checked`false`0`0`Flags`0`</responseData>
  <responseFile class="java.lang.String"></responseFile>
  <cookies class="java.lang.String">_sn=GXmoeGkdwh1O45lrH7mMIZnLMWvqHkVWiQKqDOICOq1fi95anXYMaCRAX879ujDRD9kS4J75N4kGDX576Q2AKmwZPUBih-4NS80Pc1189OxasEbdAsHiEtIhcnCzZ0zWb5V6QpVraL0TTGU4ktkGZq374g8C0pUBRhKVASKeW21TgUW5eIkswq97I-.qG-kr; _srn=_srn; SWEUAID=SWEUAID</cookies>
  <method class="java.lang.String">POST</method>
  <queryString class="java.lang.String">SWEC=77&amp;SWEMethod=SetAttrib&amp;SWERPC=1&amp;SWEActiveApplet=BT+Banking+Details+Form+Appplet&amp;SWECmd=InvokeMethod&amp;SRN=xK7T2pIB2ZOV15hwlQxQF5reKcoUB8VpMTZr7we8uAEb&amp;SWEIPS=%400*0*1*0*0*3*0*6*PBACId10*3-61EV8C9M&amp;SWEActiveView=BT+Billing+Account+Profile+view&amp;SWEService=BT+Create+Anonymous+Account</queryString>
  <java.net.URL>http://localhost:8080/ecommunications_enu_nsm_aps05524a027/start.swe</java.net.URL>
</httpSample>
<httpSample t="{{\d+}}" it="0" lt="{{\d+}}" ct="{{\d+}}" ts="{{\d+}}" s="true" lb="{{\d+}} /ecommunications_enu_nsm_aps05524a027/start.swe" rc="200" rm="OK" tn="Thread Group 1-1" dt="text" de="utf-8" by="835" sby="970" sc="1" ec="0" ng="1" na="1" hn="{{.*?}}">
  <responseHeader class="java.lang.String">HTTP/1.1 200 OK
Connection: close
Server: Oracle-iPlanet-Web-Server/7.0
Date: Tue, 23 Jun 2020 13:06:49 GMT
Content-Language: en
Cache-Control: no-cache
Swerpc: true
Content-Type: text/html;charset=utf-8
Connection: close
Matched-Stub-Id: {{\w+-\w+-\w+-\w+-\w+}}
Vary: Accept-Encoding, User-Agent
</responseHeader>
  <requestHeader class="java.lang.String">Connection: close
Content-Type: application/x-www-form-urlencoded
DNT: 1
Accept-Encoding: deflate
Pragma: no-cache
User-Agent: Mozilla/4.0 (compatible; MSIE 7.0; Windows NT 6.3; WOW64; Trident/7.0; .NET4.0E; .NET4.0C; .NET CLR 3.5.30729; .NET CLR 2.0.50727; .NET CLR 3.0.30729)
Accept: text/html, image/gif, image/jpeg, *; q=.2, */*; q=.2
Content-Length: 282
Host: localhost:8080
</requestHeader>
  <responseData class="java.lang.String">@0`1`4`2``0`UC`1`Status`OK`SWEC`79`SRN`xK7T2pIB2ZOV15hwlQxQF5reKcoUB8VpMTZr7we8uAEb`0`0`ResultSet`0`1`6`Command Manager`0`RefreshToolbar`true`7`0`StateToolBar`0`#35`true`#36`false`#17`true`#34`true`#8`false`#37`true`#38`true`0`1`StateExToolBar`0`1`0`#35`0`Checked`false`0`3`FlagsToolBar`0`3`0`#8`0`SWESP`true`SWEH`0`SWEW`0`3`0`#34`0`SWESP`true`SWEH`600`SWEW`800`3`0`#36`0`SWESP`true`SWEH`20`SWEW`380`3`0`State`0`#27`false`#26`false`#28`false`0`3`StateEx`0`0`0`#26`0`0`0`#27`0`1`0`#28`0`Checked`false`0`0`Flags`0`</responseData>
  <responseFile class="java.lang.String"></responseFile>
  <cookies class="java.lang.String">_sn=GXmoeGkdwh1O45lrH7mMIZnLMWvqHkVWiQKqDOICOq1fi95anXYMaCRAX879ujDRD9kS4J75N4kGDX576Q2AKmwZPUBih-4NS80Pc1189OxasEbdAsHiEtIhcnCzZ0zWb5V6QpVraL0TTGU4ktkGZq374g8C0pUBRhKVASKeW21TgUW5eIkswq97I-.qG-kr; _srn=_srn; SWEUAID=SWEUAID</cookies>
  <method class="java.lang.String">POST</method>
  <queryString class="java.lang.String">SWEC=78&amp;SWEMethod=RemoveChangedEntity&amp;SWERPC=1&amp;SWEActiveApplet=BT+Banking+Details+Form+Appplet&amp;SWECmd=InvokeMethod&amp;SRN=xK7T2pIB2ZOV15hwlQxQF5reKcoUB8VpMTZr7we8uAEb&amp;SWEIPS=%400*0*1*0*0*3*0*5*RowId10*3-61EV8C9M&amp;SWEActiveView=BT+Billing+Account+Profile+view&amp;SWEService=BT+Billing+State</queryString>
  <java.net.URL>http://localhost:8080/ecommunications_enu_nsm_aps05524a027/start.swe</java.net.URL>
</httpSample>
<httpSample t="{{\d+}}" it="0" lt="{{\d+}}" ct="{{\d+}}" ts="{{\d+}}" s="true" lb="{{\d+}} /ecommunications_enu_nsm_aps05524a027/start.swe" rc="200" rm="OK" tn="Thread Group 1-1" dt="text" de="utf-8" by="835" sby="1071" sc="1" ec="0" ng="1" na="1" hn="{{.*?}}">
  <responseHeader class="java.lang.String">HTTP/1.1 200 OK
Connection: close
Server: Oracle-iPlanet-Web-Server/7.0
Date: Tue, 23 Jun 2020 13:06:49 GMT
Content-Language: en
Cache-Control: no-cache
Swerpc: true
Content-Type: text/html;charset=utf-8
Connection: close
Matched-Stub-Id: {{\w+-\w+-\w+-\w+-\w+}}
Vary: Accept-Encoding, User-Agent
</responseHeader>
  <requestHeader class="java.lang.String">Connection: close
Content-Type: application/x-www-form-urlencoded
DNT: 1
Accept-Encoding: deflate
Pragma: no-cache
User-Agent: Mozilla/4.0 (compatible; MSIE 7.0; Windows NT 6.3; WOW64; Trident/7.0; .NET4.0E; .NET4.0C; .NET CLR 3.5.30729; .NET CLR 2.0.50727; .NET CLR 3.0.30729)
Accept: text/html, image/gif, image/jpeg, *; q=.2, */*; q=.2
Content-Length: 383
Host: localhost:8080
</requestHeader>
  <responseData class="java.lang.String">@0`1`4`2``0`UC`1`Status`OK`SWEC`80`SRN`xK7T2pIB2ZOV15hwlQxQF5reKcoUB8VpMTZr7we8uAEb`0`0`ResultSet`0`1`6`Command Manager`0`RefreshToolbar`true`7`0`StateToolBar`0`#35`true`#36`false`#17`true`#34`true`#8`false`#37`true`#38`true`0`1`StateExToolBar`0`1`0`#35`0`Checked`false`0`3`FlagsToolBar`0`3`0`#8`0`SWESP`true`SWEH`0`SWEW`0`3`0`#34`0`SWESP`true`SWEH`600`SWEW`800`3`0`#36`0`SWESP`true`SWEH`20`SWEW`380`3`0`State`0`#27`false`#26`false`#28`false`0`3`StateEx`0`0`0`#26`0`0`0`#27`0`1`0`#28`0`Checked`false`0`0`Flags`0`</responseData>
  <responseFile class="java.lang.String"></responseFile>
  <cookies class="java.lang.String">_sn=GXmoeGkdwh1O45lrH7mMIZnLMWvqHkVWiQKqDOICOq1fi95anXYMaCRAX879ujDRD9kS4J75N4kGDX576Q2AKmwZPUBih-4NS80Pc1189OxasEbdAsHiEtIhcnCzZ0zWb5V6QpVraL0TTGU4ktkGZq374g8C0pUBRhKVASKeW21TgUW5eIkswq97I-.qG-kr; _srn=_srn; SWEUAID=SWEUAID</cookies>
  <method class="java.lang.String">POST</method>
  <queryString class="java.lang.String">SWEC=79&amp;SWEMethod=SetProfileAttributes&amp;SWERPC=1&amp;SWEActiveApplet=BT+Banking+Details+Form+Appplet&amp;SWECmd=InvokeMethod&amp;SRN=xK7T2pIB2ZOV15hwlQxQF5reKcoUB8VpMTZr7we8uAEb&amp;SWEIPS=%400*0*6*0*0*3*0*9*ModMPPDay2*No11*BTAvoidCall0*15*BTGenevaUpgrade0*17*BTGenevaDowngrade0*17*BTGenevaProvision0*11*PrimEMailId0*&amp;SWEActiveView=BT+Billing+Account+Profile+view&amp;SWEService=BT+Set+Profile+Attributes</queryString>
  <java.net.URL>http://localhost:8080/ecommunications_enu_nsm_aps05524a027/start.swe</java.net.URL>
</httpSample>
<httpSample t="{{\d+}}" it="0" lt="{{\d+}}" ct="{{\d+}}" ts="{{\d+}}" s="true" lb="{{\d+}} /ecommunications_enu_nsm_aps05524a027/start.swe" rc="200" rm="OK" tn="Thread Group 1-1" dt="text" de="utf-8" by="7294" sby="1359" sc="1" ec="0" ng="1" na="1" hn="{{.*?}}">
  <responseHeader class="java.lang.String">HTTP/1.1 200 OK
Connection: close
Server: Oracle-iPlanet-Web-Server/7.0
Date: Tue, 23 Jun 2020 13:06:49 GMT
Content-Language: en
Cache-Control: no-cache
Swerpc: true
Content-Type: text/html;charset=utf-8
Connection: close
Matched-Stub-Id: {{\w+-\w+-\w+-\w+-\w+}}
Vary: Accept-Encoding, User-Agent
</responseHeader>
  <requestHeader class="java.lang.String">Connection: close
Content-Type: application/x-www-form-urlencoded
DNT: 1
Accept-Encoding: deflate
Pragma: no-cache
User-Agent: Mozilla/4.0 (compatible; MSIE 7.0; Windows NT 6.3; WOW64; Trident/7.0; .NET4.0E; .NET4.0C; .NET CLR 3.5.30729; .NET CLR 2.0.50727; .NET CLR 3.0.30729)
Accept: text/html, image/gif, image/jpeg, *; q=.2, */*; q=.2
Content-Length: 671
Host: localhost:8080
</requestHeader>
  <responseData class="java.lang.String">@0`1`4`3``0`UC`1`Status`Completed`SWEC`81`SRN`xK7T2pIB2ZOV15hwlQxQF5reKcoUB8VpMTZr7we8uAEb`0`41`Notifications`0`2`0``0`OP`bn`bc`S_BC2`7`0``0`br`0`ArgsArray`30*BT Billing Profile Form Applet1*01*11*11*11*21*11*31*01*41*01*51*11*61*11*71*11*81*01*91*02*101*02*111*12*121*12*131*12*141*12*151*02*161*12*171*12*181*12*191*12*201*12*211*12*221*12*231*12*241*12*251*02*261*12*271*12*281*12*291*12*301*12*311*12*321*12*331*02*341*12*351*02*361*12*371*02*381*12*391*12*401*12*411*02*421*12*431*12*441*12*451*02*461*12*471*12*481*12*491*02*501*12*511*02*521*12*531*12*541*12*551*02*561*12*571*02*581*12*591*02*601*12*611*02*621*12*631*02*641*12*651*02*661*12*671*12*681*12*691*12*701*12*711*12*721*02*731*12*741*02*751*12*761*02*771*12*781*02*791*12*801*02*811*12*821*02*831*12*841*02*851*12*861*02*871*12*881*02*891*12*901*12*911*12*921*02*931*12*941*02*951*12*961*02*971*12*981*12*991*13*1001*03*1011*13*1021*03*1031*13*1041*13*1051*13*1061*03*1071*13*1081*03*1091*13*1101*13*1111*13*1121*03*1131*13*1141*13*1151*13*1161*13*1171*13*1181*03*1191*13*1201*03*1211*13*1221*13*1231*13*1241*03*1251*13*1261*03*1271*13*1281*03*1291*13*1301*03*1311*13*1321*03*1331*13*1341*03*1351*13*1361*03*1371*13*1381*03*1391*13*1401*13*1411*13*1421*13*1431*13*1441*03*1451*13*1461*03*1471*13*1481*03*1491*13*1501*13*1511*13*1521*13*1531*13*1541*13*1551*13*1561*13*1571*13*1581*13*1591*1`size`1`cr`0`OP`g`bc`S_BC2`type`SWEICanUpdate`7`0``0`br`0`ArgsArray`30*BT Billing Profile Form Applet1*01*11*11*11*21*11*31*01*41*01*51*01*61*01*71*01*81*11*91*02*101*02*111*12*121*12*131*02*141*02*151*02*161*12*171*12*181*12*191*12*201*12*211*02*221*02*231*02*241*12*251*02*261*02*271*02*281*02*291*02*301*02*311*02*321*12*331*12*341*02*351*02*361*02*371*02*381*02*391*02*401*12*411*12*421*02*431*0`size`1`cr`0`OP`g`bc`S_BC2`type`SWEICanInvokeMethod`7`0``0`br`0`ArgsArray`31*BT Banking Details Form Appplet1*01*11*11*11*21*11*31*11*41*11*51*11*61*11*71*11*81*11*91*12*101*12*111*12*121*12*131*12*141*12*151*12*161*02*171*12*181*02*191*12*201*12*211*12*221*02*231*12*241*02*251*12*261*02*271*12*281*02*291*12*301*12*311*12*321*02*331*12*341*12*351*12*361*12*371*12*381*12*391*12*401*02*411*12*421*02*431*12*441*12*451*12*461*02*471*12*481*02*491*12*501*02*511*12*521*02*531*12*541*02*551*12*561*02*571*12*581*12*591*12*601*12*611*12*621*12*631*02*641*12*651*02*661*12*671*02*681*12*691*02*701*12*711*02*721*12*731*02*741*12*751*02*761*12*771*02*781*12*791*02*801*12*811*12*821*12*831*02*841*12*851*02*861*12*871*02*881*12*891*12*901*12*911*02*921*12*931*02*941*12*951*12*961*12*971*02*981*12*991*03*1001*13*1011*13*1021*13*1031*03*1041*13*1051*13*1061*13*1071*13*1081*13*1091*03*1101*13*1111*03*1121*13*1131*13*1141*13*1151*03*1161*13*1171*03*1181*13*1191*03*1201*13*1211*03*1221*13*1231*03*1241*13*1251*03*1261*13*1271*03*1281*13*1291*03*1301*13*1311*13*1321*13*1331*13*1341*13*1351*03*1361*13*1371*03*1381*13*1391*03*1401*13*1411*13*1421*13*1431*13*1441*13*1451*13*1461*13*1471*13*1481*13*1491*13*1501*13*1511*0`size`1`cr`0`OP`g`bc`S_BC2`type`SWEICanUpdate`7`0``0`br`0`ArgsArray`31*BT Banking Details Form Appplet1*01*01*11*01*21*01*31*01*41*01*51*01*61*01*71*11*81*01*91*02*101*12*111*12*121*02*131*02*141*12*151*12*161*12*171*12*181*12*191*02*201*02*211*02*221*12*231*02*241*02*251*02*261*02*271*02*281*02*291*02*301*12*311*12*321*02*331*02*341*02*351*02*361*02*371*02*381*12*391*12*401*02*411*0`size`1`cr`0`OP`g`bc`S_BC2`type`SWEICanInvokeMethod`7`1``0`br`0`ar`0`size`1`cr`0`OP`ndw`bc`S_BC2`f`Payment Method`2`0`FieldValues`0`ValueArray`12*Direct Debit`FieldArray`2*13`7`0``0`br`0`ar`0`size`1`cr`0`OP`nfd`bc`S_BC2`f`Payment Method`7`1``0`br`0`ar`0`size`1`cr`0`OP`ndw`bc`S_BC2`f`BT Bill Format QABA`2`0`FieldValues`0`ValueArray`13*Standard Bill`FieldArray`2*16`7`0``0`br`0`ar`0`size`1`cr`0`OP`nfd`bc`S_BC2`f`BT Bill Format QABA`7`0``0`br`0`ar`0`size`1`cr`0`OP`nfd`bc`S_BC2`f`Payment Method Calc`7`0``0`br`0`ar`0`size`1`cr`0`OP`nfd`bc`S_BC2`f`IsCC Read Only`7`0``0`br`0`ar`0`size`1`cr`0`OP`nfd`bc`S_BC2`f`Credit Card Expiration Calculated Date`7`0``0`br`0`ar`0`size`1`cr`0`OP`nfd`bc`S_BC2`f`Bank Details Read Only`7`0``0`br`0`ar`0`size`1`cr`0`OP`nfd`bc`S_BC2`f`Bank Details Read Only Flag`7`0``0`br`0`ar`0`size`1`cr`0`OP`nfd`bc`S_BC2`f`BT Geneva Bank Detail Read Only`7`0``0`br`0`ar`0`size`1`cr`0`OP`nfd`bc`S_BC2`f`Bank Detail Direct Debit Mandate Read Only`7`0``0`br`0`ar`0`size`1`cr`0`OP`nfd`bc`S_BC2`f`BT CSS GENEVA Flag`7`0``0`br`0`ar`0`size`1`cr`0`OP`nfd`bc`S_BC2`f`BTCallCurrentValueReadOnly`7`0``0`br`0`ar`0`size`1`cr`0`OP`nfd`bc`S_BC2`f`BT WBDD Payment Method`7`0``0`br`0`ar`0`size`1`cr`0`OP`nfd`bc`S_BC2`f`BT MPP/WBDD Payment Method`7`0``0`br`0`ar`0`size`1`cr`0`OP`nfd`bc`S_BC2`f`BT Childline Donation Read Only`7`0``0`br`0`ar`0`size`1`cr`0`OP`nfd`bc`S_BC2`f`BT MPP Refund Amt Read Only`7`0``0`br`0`ar`0`size`1`cr`0`OP`nfd`bc`S_BC2`f`BT MPP Payment Method Amount`7`0``0`br`0`ar`0`size`1`cr`0`OP`nfd`bc`S_BC2`f`BT MPP Payment Method Read Only Amount`7`0``0`br`0`ar`0`size`1`cr`0`OP`nfd`bc`S_BC2`f`BT MPP Payment Method`7`0``0`br`0`ar`0`size`1`cr`0`OP`nfd`bc`S_BC2`f`BT MPP Payment Method Read Only`7`0``0`br`0`ar`0`size`1`cr`0`OP`nfd`bc`S_BC2`f`BT ItmOptnRead Only`7`0``0`br`0`ar`0`size`1`cr`0`OP`nfd`bc`S_BC2`f`BT ItemFldsReadOnly`7`0``0`br`0`ar`0`size`1`cr`0`OP`nfd`bc`S_BC2`f`BT BillCycle Payment Method`7`0``0`br`0`ar`0`size`1`cr`0`OP`nfd`bc`S_BC2`f`BT Bill Cycle Day Read Only`7`0``0`br`0`ar`0`size`1`cr`0`OP`nfd`bc`S_BC2`f`BT Bill Frequency Category`7`0``0`br`0`ar`0`size`1`cr`0`OP`nfd`bc`S_BC2`f`BT Bill Frequency 2`7`0``0`br`0`ar`0`size`1`cr`0`OP`nfd`bc`S_BC2`f`BT BC Read Only Flag Calc`7`0``0`br`0`ar`0`size`1`cr`0`OP`nfd`bc`S_BC2`f`BT CSS GENEVA`7`0``0`br`0`ar`0`size`1`cr`0`OP`nfd`bc`S_BC2`f`BT Payment Method ReadOnly`7`0``0`br`0`ar`0`size`1`cr`0`OP`nfd`bc`S_BC2`f`BT BC Read Only Flag Calc/ Direct Debit`8`0``0`br`0`value`0`ar`0`state`cp`size`1`cr`0`OP`sc`bc`S_BC2`8`0``0`br`0`value`0`ar`0`state`np`size`1`cr`0`OP`sc`bc`S_BC2`6`1``0`br`0`ar`0`size`1`cr`0`OP`nrdw`bc`S_BC2`1`0`FieldValues`0`ValueArray`0*0*9*Requested1*N2*N 0*0*1*N0*0*0*0*10*3-61EV8C9M12*Direct Debit7*Monthly10*Paper bill13*Standard Bill0*3*GBP0*0*0*10*3-61EV8CAU`6`0``0`br`0`ar`0`size`1`cr`0`OP`nrd`bc`S_BC2`2`0``0`OP`en`bc`S_BC2`3`0`hui`0`n`Billing Account Profile: 3-61EV8C9M`hupd`1`hnact`top._swe._sweapp.S_App.GotoView(&amp;quot;BT Billing Account Profile view&amp;quot;, &amp;quot;&amp;quot;, &amp;quot;/ecommunications_enu_nsm_aps05524a027/start.swe?SWENeedContext=false&amp;amp;SWECmd=GotoBookmarkView&amp;amp;SWEBMC=81&amp;amp;SWEC=81&amp;amp;SRN=xK7T2pIB2ZOV15hwlQxQF5reKcoUB8VpMTZr7we8uAEb&amp;quot;, top._sweclient._swecontent._sweview)`1`6`Command Manager`0`RefreshToolbar`true`7`0`StateToolBar`0`#35`true`#36`true`#17`true`#34`true`#8`false`#37`true`#38`true`0`1`StateExToolBar`0`1`0`#35`0`Checked`false`0`3`FlagsToolBar`0`3`0`#8`0`SWESP`true`SWEH`0`SWEW`0`3`0`#34`0`SWESP`true`SWEH`600`SWEW`800`3`0`#36`0`SWESP`true`SWEH`20`SWEW`380`3`0`State`0`#27`false`#26`false`#28`false`0`3`StateEx`0`0`0`#26`0`0`0`#27`0`1`0`#28`0`Checked`false`0`0`Flags`0`</responseData>
  <responseFile class="java.lang.String"></responseFile>
  <cookies class="java.lang.String">_sn=GXmoeGkdwh1O45lrH7mMIZnLMWvqHkVWiQKqDOICOq1fi95anXYMaCRAX879ujDRD9kS4J75N4kGDX576Q2AKmwZPUBih-4NS80Pc1189OxasEbdAsHiEtIhcnCzZ0zWb5V6QpVraL0TTGU4ktkGZq374g8C0pUBRhKVASKeW21TgUW5eIkswq97I-.qG-kr; _srn=_srn; SWEUAID=SWEUAID</cookies>
  <method class="java.lang.String">POST</method>
  <queryString class="java.lang.String">SWEVI=&amp;SWERowId=3-61EV8CAU&amp;SWEC=80&amp;SWEMethod=WriteRecord&amp;SWEBCVals=%400*0*0*1*0*3*0*2*0*11*FieldValues3*0*10*FieldArray17*14*Payment+Method10*ValueArray15*12*Direct+Debit&amp;SWEReqRowId=1&amp;SWERPC=1&amp;s_2_1_0_0=&amp;SWEApplet=BT+Banking+Details+Form+Appplet&amp;SWEActiveApplet=BT+Banking+Details+Form+Appplet&amp;s_2_1_2_0=Requested&amp;SWEView=BT+Billing+Account+Profile+view&amp;s_2_1_3_0=&amp;SWECmd=InvokeMethod&amp;SRN=xK7T2pIB2ZOV15hwlQxQF5reKcoUB8VpMTZr7we8uAEb&amp;s_2_1_4_0=N&amp;SWEIPS=%400*0*2*0*0*3*0*15*Method+Argument0*7*Command63**Browser+Applet*+*WriteRecord*BT+Banking+Details+Form+Appplet*+&amp;SWETS={{\d+}}&amp;SWEActiveView=BT+Billing+Account+Profile+view&amp;SWEP=&amp;SWERowIds=SWERowId0%3D3-61EV8C9M</queryString>
  <java.net.URL>http://localhost:8080/ecommunications_enu_nsm_aps05524a027/start.swe</java.net.URL>
</httpSample>
<httpSample t="{{\d+}}" it="0" lt="{{\d+}}" ct="{{\d+}}" ts="{{\d+}}" s="true" lb="{{\d+}} /ecommunications_enu_nsm_aps05524a027/start.swe" rc="200" rm="OK" tn="Thread Group 1-1" dt="text" de="utf-8" by="937" sby="1171" sc="1" ec="0" ng="1" na="1" hn="{{.*?}}">
  <responseHeader class="java.lang.String">HTTP/1.1 200 OK
Connection: close
Server: Oracle-iPlanet-Web-Server/7.0
Date: Tue, 23 Jun 2020 13:06:49 GMT
Content-Language: en
Cache-Control: no-cache
Swerpc: true
Content-Type: text/html;charset=utf-8
Connection: close
Matched-Stub-Id: {{\w+-\w+-\w+-\w+-\w+}}
Vary: Accept-Encoding, User-Agent
</responseHeader>
  <requestHeader class="java.lang.String">Connection: close
Content-Type: application/x-www-form-urlencoded
DNT: 1
Accept-Encoding: deflate
Pragma: no-cache
User-Agent: Mozilla/4.0 (compatible; MSIE 7.0; Windows NT 6.3; WOW64; Trident/7.0; .NET4.0E; .NET4.0C; .NET CLR 3.5.30729; .NET CLR 2.0.50727; .NET CLR 3.0.30729)
Accept: text/html, image/gif, image/jpeg, *; q=.2, */*; q=.2
Content-Length: 483
Host: localhost:8080
</requestHeader>
  <responseData class="java.lang.String">@0`1`4`2``0`UC`1`Status`OK`SWEC`82`SRN`xK7T2pIB2ZOV15hwlQxQF5reKcoUB8VpMTZr7we8uAEb`10`0`ResultSet`0`UpgradeError``Prepro3``NewMsg``RtrnMsg``Prepro2``Upgrade``Message``Prepro1``ModBnkDtls``FieldChanged``1`6`Command Manager`0`RefreshToolbar`true`7`0`StateToolBar`0`#35`true`#36`true`#17`true`#34`true`#8`false`#37`true`#38`true`0`1`StateExToolBar`0`1`0`#35`0`Checked`false`0`3`FlagsToolBar`0`3`0`#8`0`SWESP`true`SWEH`0`SWEW`0`3`0`#34`0`SWESP`true`SWEH`600`SWEW`800`3`0`#36`0`SWESP`true`SWEH`20`SWEW`380`3`0`State`0`#27`false`#26`false`#28`false`0`3`StateEx`0`0`0`#26`0`0`0`#27`0`1`0`#28`0`Checked`false`0`0`Flags`0`</responseData>
  <responseFile class="java.lang.String"></responseFile>
  <cookies class="java.lang.String">_sn=GXmoeGkdwh1O45lrH7mMIZnLMWvqHkVWiQKqDOICOq1fi95anXYMaCRAX879ujDRD9kS4J75N4kGDX576Q2AKmwZPUBih-4NS80Pc1189OxasEbdAsHiEtIhcnCzZ0zWb5V6QpVraL0TTGU4ktkGZq374g8C0pUBRhKVASKeW21TgUW5eIkswq97I-.qG-kr; _srn=_srn; SWEUAID=SWEUAID</cookies>
  <method class="java.lang.String">POST</method>
  <queryString class="java.lang.String">SWEC=81&amp;SWEMethod=GetProfileAttributes&amp;SWERPC=1&amp;SWEActiveApplet=BT+Banking+Details+Form+Appplet&amp;SWECmd=InvokeMethod&amp;SRN=xK7T2pIB2ZOV15hwlQxQF5reKcoUB8VpMTZr7we8uAEb&amp;SWEIPS=%400*0*10*0*0*3*0*7*Upgrade7*Upgrade7*Prepro27*Prepro27*Prepro37*Prepro36*NewMsg6*NewMsg10*ModBnkDtls10*ModBnkDtls7*RtrnMsg7*RtrnMsg7*Message7*Message12*UpgradeError12*UpgradeError12*FieldChanged12*FieldChanged7*Prepro17*Prepro1&amp;SWEActiveView=BT+Billing+Account+Profile+view&amp;SWEService=BT+Set+Profile+Attributes</queryString>
  <java.net.URL>http://localhost:8080/ecommunications_enu_nsm_aps05524a027/start.swe</java.net.URL>
</httpSample>
<httpSample t="{{\d+}}" it="0" lt="{{\d+}}" ct="{{\d+}}" ts="{{\d+}}" s="true" lb="{{\d+}} /ecommunications_enu_nsm_aps05524a027/start.swe" rc="200" rm="OK" tn="Thread Group 1-1" dt="text" de="utf-8" by="834" sby="1086" sc="1" ec="0" ng="1" na="1" hn="{{.*?}}">
  <responseHeader class="java.lang.String">HTTP/1.1 200 OK
Connection: close
Server: Oracle-iPlanet-Web-Server/7.0
Date: Tue, 23 Jun 2020 13:06:50 GMT
Content-Language: en
Cache-Control: no-cache
Swerpc: true
Content-Type: text/html;charset=utf-8
Connection: close
Matched-Stub-Id: {{\w+-\w+-\w+-\w+-\w+}}
Vary: Accept-Encoding, User-Agent
</responseHeader>
  <requestHeader class="java.lang.String">Connection: close
Content-Type: application/x-www-form-urlencoded
DNT: 1
Accept-Encoding: deflate
Pragma: no-cache
User-Agent: Mozilla/4.0 (compatible; MSIE 7.0; Windows NT 6.3; WOW64; Trident/7.0; .NET4.0E; .NET4.0C; .NET CLR 3.5.30729; .NET CLR 2.0.50727; .NET CLR 3.0.30729)
Accept: text/html, image/gif, image/jpeg, *; q=.2, */*; q=.2
Content-Length: 398
Host: localhost:8080
</requestHeader>
  <responseData class="java.lang.String">@0`1`4`2``0`UC`1`Status`OK`SWEC`83`SRN`xK7T2pIB2ZOV15hwlQxQF5reKcoUB8VpMTZr7we8uAEb`0`0`ResultSet`0`1`6`Command Manager`0`RefreshToolbar`true`7`0`StateToolBar`0`#35`true`#36`true`#17`true`#34`true`#8`false`#37`true`#38`true`0`1`StateExToolBar`0`1`0`#35`0`Checked`false`0`3`FlagsToolBar`0`3`0`#8`0`SWESP`true`SWEH`0`SWEW`0`3`0`#34`0`SWESP`true`SWEH`600`SWEW`800`3`0`#36`0`SWESP`true`SWEH`20`SWEW`380`3`0`State`0`#27`false`#26`false`#28`false`0`3`StateEx`0`0`0`#26`0`0`0`#27`0`1`0`#28`0`Checked`false`0`0`Flags`0`</responseData>
  <responseFile class="java.lang.String"></responseFile>
  <cookies class="java.lang.String">_sn=GXmoeGkdwh1O45lrH7mMIZnLMWvqHkVWiQKqDOICOq1fi95anXYMaCRAX879ujDRD9kS4J75N4kGDX576Q2AKmwZPUBih-4NS80Pc1189OxasEbdAsHiEtIhcnCzZ0zWb5V6QpVraL0TTGU4ktkGZq374g8C0pUBRhKVASKeW21TgUW5eIkswq97I-.qG-kr; _srn=_srn; SWEUAID=SWEUAID</cookies>
  <method class="java.lang.String">POST</method>
  <queryString class="java.lang.String">SWEC=82&amp;SWEMethod=SetProfileAttributes&amp;SWERPC=1&amp;SWEActiveApplet=BT+Banking+Details+Form+Appplet&amp;SWECmd=InvokeMethod&amp;SRN=xK7T2pIB2ZOV15hwlQxQF5reKcoUB8VpMTZr7we8uAEb&amp;SWEIPS=%400*0*10*0*0*3*0*7*Upgrade0*7*Prepro20*7*Prepro30*6*NewMsg0*10*ModBnkDtls0*7*RtrnMsg0*7*Message0*12*UpgradeError0*12*FieldChanged0*7*Prepro10*&amp;SWEActiveView=BT+Billing+Account+Profile+view&amp;SWEService=BT+Set+Profile+Attributes</queryString>
  <java.net.URL>http://localhost:8080/ecommunications_enu_nsm_aps05524a027/start.swe</java.net.URL>
</httpSample>
<httpSample t="{{\d+}}" it="0" lt="{{\d+}}" ct="{{\d+}}" ts="{{\d+}}" s="true" lb="{{\d+}} /ecommunications_enu_nsm_aps05524a027/start.swe" rc="200" rm="OK" tn="Thread Group 1-1" dt="text" de="utf-8" by="97462" sby="842" sc="1" ec="0" ng="1" na="1" hn="{{.*?}}">
  <responseHeader class="java.lang.String">HTTP/1.1 200 OK
Connection: close
Server: Oracle-iPlanet-Web-Server/7.0
Date: Tue, 23 Jun 2020 13:07:02 GMT
Content-Language: en
Cache-Control: no-cache
Swerpc: true
Content-Type: text/html;charset=utf-8
Matched-Stub-Id: {{\w+-\w+-\w+-\w+-\w+}}
Vary: Accept-Encoding, User-Agent
</responseHeader>
  <requestHeader class="java.lang.String">Connection: close
Content-Type: application/x-www-form-urlencoded
DNT: 1
Accept-Encoding: deflate
Pragma: no-cache
User-Agent: Mozilla/4.0 (compatible; MSIE 7.0; Windows NT 6.3; WOW64; Trident/7.0; .NET4.0E; .NET4.0C; .NET CLR 3.5.30729; .NET CLR 2.0.50727; .NET CLR 3.0.30729)
Accept: text/html, image/gif, image/jpeg, *; q=.2, */*; q=.2
Content-Length: 154
Host: localhost:8080
</requestHeader>
  <responseData class="java.lang.String">@0`1`7`3``0`Target`top._sweclient._swecontent._sweview`UC`1`ViewId``Status`NewLayout`View`Order Entry - Line Items Detail View (Sales)`SWEC`84`SRN`xK7T2pIB2ZOV15hwlQxQF5reKcoUB8VpMTZr7we8uAEb`0`3`api`0`0`1`nbo`0`2`2`boi`3``n`Order Entry (Sales)`z``0`1`nbc`0`3`2`bci`3`S_BC1`n`Order Entry - Orders`shd`27*Order_Entry__Orders_BusComp61*srf1592409810_444/bscripts/all/buscomp_order_entry__orders.js`sh`1574`0`82`fl`0`8`0`f`0`itx`1`n`1158`sc`0`l`10`crf`215`dft`5`t`220`dn`1158`9`0`f`0`itx`1`n`158`sc`0`irq`1`l`30`crf`215`dft`5`t`220`dn`159`9`0`f`0`itx`1`n`100`sc`0`l`100`ibp`1`crf`215`dft`5`t`220`dn`100`9`0`f`0`itx`1`n`1153`sc`0`l`30`ibp`1`crf`215`dft`5`t`220`dn`1153`9`0`f`0`itx`1`n`144`sc`0`l`50`crf`215`dft`5`iro`1`t`220`dn`658`10`0`f`0`itx`1`n`1705`sc`0`icl`1`l`255`crf`215`dft`5`iro`1`t`220`dn`1704`11`0`f`0`itx`1`n`115`sc`0`ipc`1`irq`1`l`30`ibp`1`crf`215`dft`5`t`220`dn`115`9`0`f`0`itx`1`n`1708`sc`0`l`100`ibp`1`crf`215`dft`5`t`220`dn`1707`8`0`f`0`n`1386`sc`0`ipc`1`l`32`crf`215`dft`1885`t`226`dn`1710`10`0`f`0`itx`1`n`1712`sc`0`ipc`1`l`30`ibp`1`crf`215`dft`5`t`220`dn`1713`8`0`f`0`itx`1`n`1715`sc`0`l`1`crf`215`dft`5`t`218`dn`1715`10`0`f`0`itx`1`n`160`sc`0`ipc`1`l`30`ibp`1`crf`215`dft`5`t`220`dn`152`9`0`f`0`itx`1`n`135`sc`0`l`50`crf`215`dft`5`iro`1`t`220`dn`313`7`0`f`0`n`1719`sc`0`l`32`crf`215`dft`1885`t`226`dn`1718`9`0`f`0`itx`1`n`1721`sc`0`l`50`crf`215`dft`5`iro`1`t`220`dn`1720`10`0`f`0`itx`1`n`650`sc`0`ipc`1`l`30`ibp`1`crf`215`dft`5`t`220`dn`650`9`0`f`0`itx`1`n`134`sc`0`l`50`ibp`1`crf`215`dft`5`t`220`dn`314`8`0`f`0`itx`1`n`642`sc`0`l`30`crf`215`dft`5`t`220`dn`641`8`0`f`0`itx`1`n`121`sc`0`l`255`crf`215`dft`5`t`220`dn`121`8`0`f`0`itx`1`n`1726`sc`0`l`100`crf`215`dft`5`t`220`dn`1725`10`0`f`0`itx`1`n`643`sc`0`ipc`1`l`30`ibp`1`crf`215`dft`5`t`220`dn`643`8`0`f`0`n`162`sc`0`ipc`1`l`32`crf`215`dft`1024`t`226`dn`162`7`0`f`0`n`1727`sc`0`l`32`crf`215`dft`5`t`226`dn`1727`8`0`f`0`itx`1`n`1729`sc`0`l`100`crf`215`dft`5`t`220`dn`1728`8`0`f`0`itx`1`n`1730`sc`0`l`100`crf`215`dft`5`t`220`dn`1731`9`0`f`0`itx`1`n`1732`sc`0`l`50`ibp`1`crf`215`dft`5`t`220`dn`427`8`0`f`0`itx`1`n`1734`sc`0`l`50`crf`215`dft`5`t`220`dn`342`8`0`f`0`itx`1`n`1737`sc`0`l`50`crf`215`dft`5`t`220`dn`1736`9`0`f`0`itx`1`n`1738`sc`0`ipc`1`l`30`crf`215`dft`5`t`220`dn`1739`8`0`f`0`itx`1`n`1741`sc`0`l`1`crf`215`dft`5`t`218`dn`1740`9`0`f`0`itx`1`n`142`sc`0`l`50`ibp`1`crf`215`dft`5`t`220`dn`142`9`0`f`0`itx`1`n`1742`sc`0`l`50`ibp`1`crf`215`dft`5`t`220`dn`1743`8`0`f`0`itx`1`n`1744`sc`0`l`30`crf`215`dft`5`t`220`dn`1745`10`0`f`0`itx`1`n`165`sc`0`ipc`1`l`50`ibp`1`crf`215`dft`5`t`220`dn`119`9`0`f`0`itx`1`n`208`sc`0`l`100`ibp`1`crf`215`dft`5`t`220`dn`208`8`0`f`0`n`1747`sc`0`inm`1`l`16`crf`215`dft`5`t`1306`dn`1748`8`0`f`0`itx`1`n`141`sc`0`l`1`crf`215`dft`5`t`218`dn`1427`8`0`f`0`itx`1`n`1750`sc`0`l`1`crf`215`dft`5`t`218`dn`1749`9`0`f`0`itx`1`n`1752`sc`0`ipc`1`l`250`crf`215`dft`5`t`220`dn`1751`9`0`f`0`n`1753`sc`0`ipc`1`inm`1`l`16`crf`215`dft`5`t`1306`dn`1754`7`0`f`0`n`1756`sc`0`l`32`crf`215`dft`1885`t`226`dn`1755`8`0`f`0`n`1758`sc`6`inm`1`l`18`crf`215`dft`5`t`1029`dn`1759`10`0`f`0`itx`1`n`1397`sc`0`icl`1`l`255`crf`215`dft`5`iro`1`t`220`dn`1396`9`0`f`0`itx`1`n`1260`sc`0`l`100`ibp`1`crf`215`dft`5`t`220`dn`1429`9`0`f`0`itx`1`n`1761`sc`0`l`30`crf`215`dft`5`iro`1`t`220`dn`917`8`0`f`0`n`1376`sc`0`inm`1`l`16`crf`215`dft`5`t`1306`dn`1376`9`0`f`0`itx`1`n`199`sc`0`l`100`ibp`1`crf`215`dft`5`t`220`dn`1452`11`0`f`0`itx`1`n`1762`sc`0`icl`1`ipc`1`l`255`crf`215`dft`5`iro`1`t`220`dn`1763`10`0`f`0`itx`1`n`1764`sc`0`ipc`1`l`30`ibp`1`crf`215`dft`5`t`220`dn`1764`7`0`f`0`n`1392`sc`0`l`32`crf`215`dft`1024`t`226`dn`1393`8`0`f`0`itx`1`n`1399`sc`0`l`1`crf`215`dft`5`t`218`dn`1398`9`0`f`0`itx`1`n`1448`sc`0`l`30`ibp`1`crf`215`dft`5`t`220`dn`1448`8`0`f`0`itx`1`n`1450`sc`0`l`1`crf`215`dft`5`t`218`dn`1450`8`0`f`0`itx`1`n`1768`sc`0`l`15`crf`215`dft`5`t`214`dn`1768`9`0`f`0`itx`1`n`1404`sc`0`l`30`ibp`1`crf`215`dft`5`t`220`dn`1403`11`0`f`0`itx`1`n`1770`sc`0`icl`1`ipc`1`l`1`crf`215`dft`5`iro`1`t`218`dn`1769`9`0`f`0`itx`1`n`1454`sc`0`l`50`ibp`1`crf`215`dft`5`t`220`dn`1771`9`0`f`0`itx`1`n`888`sc`0`l`100`ibp`1`crf`215`dft`5`t`220`dn`888`10`0`f`0`itx`1`n`1773`sc`0`icl`1`l`255`crf`215`dft`5`iro`1`t`220`dn`151`8`0`f`0`itx`1`n`1775`sc`0`l`50`crf`215`dft`5`t`220`dn`1774`9`0`f`0`itx`1`n`155`sc`0`l`100`crf`215`dft`5`iro`1`t`220`dn`155`9`0`f`0`itx`1`n`1777`sc`0`l`30`ibp`1`crf`215`dft`5`t`220`dn`1776`8`0`f`0`itx`1`n`1779`sc`0`l`30`crf`215`dft`5`t`220`dn`1778`9`0`f`0`itx`1`n`1780`sc`0`l`30`crf`215`dft`5`iro`1`t`220`dn`1781`9`0`f`0`itx`1`n`1422`sc`0`ipc`1`l`1`crf`215`dft`5`t`218`dn`1422`8`0`f`0`itx`1`n`1782`sc`0`l`20`crf`215`dft`5`t`220`dn`1782`8`0`f`0`itx`1`n`1783`sc`0`l`15`crf`215`dft`5`t`214`dn`1784`9`0`f`0`itx`1`n`1457`sc`0`l`64`ibp`1`crf`215`dft`5`t`220`dn`114`9`0`f`0`itx`1`n`1787`sc`0`l`50`ibp`1`crf`215`dft`5`t`220`dn`1788`8`0`f`0`itx`1`n`1789`sc`0`l`1`crf`215`dft`5`t`218`dn`1790`8`0`f`0`itx`1`n`1791`sc`0`l`255`crf`215`dft`5`t`220`dn`1792`9`0`f`0`n`1795`sc`6`inm`1`l`18`crf`215`dft`5`iro`1`t`1029`dn`1794`8`0`f`0`itx`1`n`1796`sc`0`l`30`crf`215`dft`5`t`220`dn`1797`8`0`f`0`itx`1`n`1799`sc`0`l`50`crf`215`dft`5`t`220`dn`1798`9`0`f`0`itx`1`n`1802`sc`0`l`30`crf`215`dft`5`iro`1`t`220`dn`1801`9`0`f`0`itx`1`n`1805`sc`0`l`100`crf`215`dft`5`iro`1`t`220`dn`1804`7`0`f`0`n`1806`sc`0`l`32`crf`215`dft`1024`t`1016`dn`1808`8`0`f`0`itx`1`n`1809`sc`0`l`1`crf`215`dft`5`t`218`dn`1810`8`0`f`0`n`1811`sc`6`inm`1`l`18`crf`215`dft`5`t`1029`dn`1812`8`0`f`0`itx`1`n`1814`sc`0`l`50`crf`215`dft`5`t`220`dn`1813`8`0`f`0`n`1815`sc`0`inm`1`l`16`crf`215`dft`5`t`1306`dn`1816`11`0`f`0`itx`1`n`183`sc`0`irq`1`l`15`crf`215`dft`5`ihn`1`iro`1`t`214`dn`183`3`2`rl`0`crnm`1`nmr`1`atr`0`2`0`r`0`v`0*19*VOL013-47326074854715*Blazemeter Demo10*3-61EV8C9M13*BB_CCPEIM50000*7*Pending0*19*06/24/2020 00:00:008*BT Voice1*N11*In-Progress10*Blazemeter19*06/23/2020 00:00:000*0*4*Demo0*0*1*N0*19*06/23/2020 14:02:520*0*1*N6*Letter0*14*+44012123456780*1*N19*Consumer Price List0*3*00011*Sales Order0*0*1*Y0*34*Leave out of sight and under cover0*19*06/23/2020 14:02:520*0*0*8*Consumer1*10*3*Low7*Default19*06/23/2020 14:02:521*N14*Run Assignment1*Y0*0*1*N0*15*Blazemeter Demo11*Low-Pending0*9*BT Volume0*0*0*1*N0*0*0*0*0*0*0*0*0*0*0*0*1*N0*0*0*10*3-61EV8AO3`i`3-61EV8AO3`1`0`tr`0`v``0`1`nbc`0`6`2`bci`3`S_BC2`n`Order Entry - Line Items`shd`31*Order_Entry__Line_Items_BusComp65*srf1592409810_444/bscripts/all/buscomp_order_entry__line_items.js`st`762`cac`1`pi`S_BC1`hhr`1`0`94`fl`0`9`0`f`0`itx`1`n`1915`sc`0`l`50`crf`215`dft`5`iro`1`t`220`dn`1914`8`0`f`0`itx`1`n`821`sc`0`l`30`crf`215`dft`5`t`220`dn`821`10`0`f`0`itx`1`n`1918`sc`0`ipc`1`l`30`crf`215`dft`5`iro`1`t`220`dn`1918`10`0`f`0`itx`1`n`1921`sc`0`ipc`1`l`30`crf`215`dft`5`iro`1`t`220`dn`1921`8`0`f`0`itx`1`n`1922`sc`0`l`15`crf`215`dft`5`t`214`dn`1922`9`0`f`0`itx`1`n`1930`sc`0`l`50`crf`215`dft`5`iro`1`t`220`dn`1930`9`0`f`0`itx`1`n`1526`sc`0`l`50`ibp`1`crf`215`dft`5`t`220`dn`1931`10`0`f`0`itx`1`n`1933`sc`0`icl`1`l`255`crf`215`dft`5`iro`1`t`220`dn`1932`10`0`f`0`itx`1`n`1935`sc`0`icl`1`l`255`crf`215`dft`5`iro`1`t`220`dn`1934`9`0`f`0`itx`1`n`1532`sc`0`l`30`crf`215`dft`5`iro`1`t`220`dn`1936`8`0`f`0`itx`1`n`1938`sc`0`l`255`crf`215`dft`5`t`220`dn`1937`9`0`f`0`itx`1`n`1940`sc`0`irq`1`l`15`crf`215`dft`5`t`214`dn`1940`7`0`f`0`n`1540`sc`0`l`32`crf`215`dft`5`t`219`dn`1540`9`0`f`0`n`1950`sc`6`inm`1`l`18`crf`215`dft`5`iro`1`t`1029`dn`1950`10`0`f`0`itx`1`n`1951`sc`0`icl`1`l`255`crf`215`dft`5`iro`1`t`220`dn`1778`9`0`f`0`itx`1`n`824`sc`0`icl`1`l`255`crf`215`dft`5`t`220`dn`825`10`0`f`0`itx`1`n`624`sc`0`icl`1`l`255`crf`215`dft`5`iro`1`t`220`dn`1959`9`0`f`0`itx`1`n`140`sc`0`l`100`ibp`1`crf`215`dft`5`t`220`dn`140`10`0`f`0`n`1462`sc`2`icl`1`inm`1`l`25`crf`1027`dft`5`iro`1`t`221`dn`1329`11`0`f`0`itx`1`n`751`sc`0`ipc`1`irq`1`l`20`ibp`1`crf`215`dft`5`t`220`dn`751`9`0`f`0`n`1028`sc`0`ipc`1`irq`1`l`32`crf`215`dft`5`t`219`dn`1028`9`0`f`0`itx`1`n`671`sc`0`l`15`ibp`1`crf`215`dft`5`t`214`dn`671`8`0`f`0`itx`1`n`833`sc`0`l`100`crf`215`dft`5`t`220`dn`833`9`0`f`0`itx`1`n`685`sc`0`l`100`ibp`1`crf`215`dft`5`t`220`dn`686`9`0`f`0`itx`1`n`1153`sc`0`l`30`ibp`1`crf`215`dft`5`t`220`dn`1153`9`0`f`0`itx`1`n`1961`sc`0`l`30`ibp`1`crf`215`dft`5`t`220`dn`1962`8`0`f`0`n`1114`sc`0`ipc`1`l`32`crf`215`dft`1024`t`226`dn`1114`8`0`f`0`itx`1`n`1966`sc`0`l`15`crf`215`dft`5`t`220`dn`1965`8`0`f`0`n`1967`sc`0`l`32`ibp`1`crf`215`dft`5`t`226`dn`1968`10`0`f`0`itx`1`n`1491`sc`0`ipc`1`l`30`ibp`1`crf`215`dft`5`t`220`dn`1969`10`0`f`0`itx`1`n`115`sc`0`ipc`1`l`30`ibp`1`crf`215`dft`5`t`220`dn`115`9`0`f`0`itx`1`n`160`sc`0`l`30`ibp`1`crf`215`dft`5`t`220`dn`152`7`0`f`0`n`1972`sc`0`l`32`crf`215`dft`5`t`226`dn`1971`7`0`f`0`n`1973`sc`0`l`32`crf`215`dft`1024`t`1016`dn`1974`9`0`f`0`n`1510`sc`6`ipc`1`inm`1`l`18`crf`215`dft`5`t`1029`dn`1975`9`0`f`0`itx`1`n`894`sc`0`l`30`crf`215`dft`5`iro`1`t`220`dn`1976`8`0`f`0`itx`1`n`640`sc`0`l`30`crf`215`dft`5`t`220`dn`641`9`0`f`0`itx`1`n`1979`sc`0`l`100`ibp`1`crf`215`dft`5`t`220`dn`1978`9`0`f`0`itx`1`n`1980`sc`0`l`50`ibp`1`crf`215`dft`5`t`220`dn`981`9`0`f`0`itx`1`n`1982`sc`0`l`50`ibp`1`crf`215`dft`5`t`220`dn`1981`9`0`f`0`itx`1`n`1545`sc`0`l`50`crf`215`dft`5`iro`1`t`220`dn`1984`8`0`f`0`itx`1`n`1987`sc`0`l`30`crf`215`dft`5`t`220`dn`1986`10`0`f`0`itx`1`n`1990`sc`0`ipc`1`l`30`ibp`1`crf`215`dft`5`t`220`dn`1989`9`0`f`0`itx`1`n`1992`sc`0`l`1`crf`215`dft`5`iro`1`t`218`dn`1993`8`0`f`0`itx`1`n`1994`sc`0`l`100`crf`215`dft`5`t`220`dn`1995`10`0`f`0`itx`1`n`1892`sc`0`icl`1`l`255`crf`215`dft`5`iro`1`t`220`dn`1891`8`0`f`0`itx`1`n`1996`sc`0`l`30`crf`215`dft`5`t`220`dn`1997`9`0`f`0`itx`1`n`1999`sc`0`l`30`ibp`1`crf`215`dft`5`t`220`dn`1998`8`0`f`0`itx`1`n`2000`sc`0`l`30`crf`215`dft`5`t`220`dn`2001`9`0`f`0`itx`1`n`859`sc`0`l`30`ibp`1`crf`215`dft`5`t`220`dn`860`9`0`f`0`itx`1`n`2003`sc`0`l`30`ibp`1`crf`215`dft`5`t`220`dn`2002`9`0`f`0`itx`1`n`861`sc`0`l`30`ibp`1`crf`215`dft`5`t`220`dn`862`8`0`f`0`itx`1`n`863`sc`0`l`30`crf`215`dft`5`t`220`dn`864`8`0`f`0`itx`1`n`2005`sc`0`l`30`crf`215`dft`5`t`220`dn`2006`8`0`f`0`itx`1`n`2007`sc`0`l`30`crf`215`dft`5`t`220`dn`2008`8`0`f`0`itx`1`n`2009`sc`0`l`30`crf`215`dft`5`t`220`dn`2010`8`0`f`0`itx`1`n`2011`sc`0`l`30`crf`215`dft`5`t`220`dn`858`8`0`f`0`itx`1`n`2012`sc`0`l`150`crf`215`dft`5`t`220`dn`2013`9`0`f`0`itx`1`n`2015`sc`0`l`30`ibp`1`crf`215`dft`5`t`220`dn`2014`8`0`f`0`n`2016`sc`0`ipc`1`l`32`crf`215`dft`1024`t`226`dn`2017`8`0`f`0`itx`1`n`2018`sc`0`l`30`crf`215`dft`5`t`220`dn`2019`11`0`f`0`itx`1`n`2022`sc`0`icl`1`ipc`1`l`255`crf`215`dft`5`iro`1`t`220`dn`2021`8`0`f`0`itx`1`n`2024`sc`0`l`1`crf`215`dft`5`t`218`dn`2023`10`0`f`0`itx`1`n`2025`sc`0`icl`1`l`255`crf`215`dft`5`iro`1`t`220`dn`1739`10`0`f`0`n`1324`sc`0`ipc`1`inm`1`irq`1`l`16`crf`215`dft`5`t`1306`dn`1325`8`0`f`0`itx`1`n`2027`sc`0`l`1`crf`215`dft`5`t`218`dn`2026`9`0`f`0`itx`1`n`2029`sc`0`l`30`ibp`1`crf`215`dft`5`t`220`dn`2028`8`0`f`0`n`1465`sc`6`inm`1`l`18`crf`215`dft`5`t`1029`dn`1464`8`0`f`0`n`2031`sc`6`inm`1`l`18`crf`215`dft`5`t`1029`dn`2030`8`0`f`0`itx`1`n`2032`sc`0`l`30`crf`215`dft`5`t`220`dn`2033`9`0`f`0`itx`1`n`2034`sc`0`l`50`ibp`1`crf`215`dft`5`t`220`dn`2035`8`0`f`0`itx`1`n`2037`sc`0`l`100`crf`215`dft`5`t`220`dn`2038`8`0`f`0`itx`1`n`300`sc`0`l`50`crf`215`dft`5`t`220`dn`2039`8`0`f`0`itx`1`n`1546`sc`0`l`50`crf`215`dft`5`t`220`dn`2040`10`0`f`0`itx`1`n`2136`sc`0`icl`1`l`1`crf`215`dft`5`iro`1`t`218`dn`2136`10`0`f`0`itx`1`n`2137`sc`0`icl`1`l`1`crf`215`dft`5`iro`1`t`218`dn`2137`9`0`f`0`itx`1`n`1539`sc`0`l`1`crf`215`dft`5`iro`1`t`218`dn`1539`7`0`f`0`n`1392`sc`0`l`32`crf`215`dft`5`t`226`dn`1392`8`0`f`0`itx`1`n`1507`sc`0`l`1`crf`215`dft`5`t`218`dn`1507`8`0`f`0`itx`1`n`2150`sc`0`l`250`crf`215`dft`5`t`220`dn`2150`9`0`f`0`itx`1`n`1496`sc`0`l`100`ibp`1`crf`215`dft`5`t`220`dn`1496`8`0`f`0`itx`1`n`1564`sc`0`l`100`crf`215`dft`5`t`220`dn`1564`10`0`f`0`n`1537`sc`2`icl`1`inm`1`l`25`crf`1027`dft`5`iro`1`t`221`dn`1537`8`0`f`0`itx`1`n`141`sc`0`l`1`crf`215`dft`5`t`218`dn`141`8`0`f`0`itx`1`n`1528`sc`0`l`250`crf`215`dft`5`t`220`dn`1528`8`0`f`0`itx`1`n`659`sc`0`l`2000`crf`215`dft`5`t`220`dn`659`9`0`f`0`itx`1`n`1552`sc`0`l`100`ibp`1`crf`215`dft`5`t`220`dn`1552`9`0`f`0`itx`1`n`1493`sc`0`l`30`ibp`1`crf`215`dft`5`t`220`dn`1493`9`0`f`0`itx`1`n`1195`sc`0`l`15`ibp`1`crf`215`dft`5`t`214`dn`1195`9`0`f`0`itx`1`n`1530`sc`0`l`30`ibp`1`crf`215`dft`5`t`220`dn`1530`11`0`f`0`itx`1`n`183`sc`0`irq`1`l`15`crf`215`dft`5`ihn`1`iro`1`t`214`dn`183`8`0`f`0`sc`0`n`1019`l`255`crf`1020`ihn`1`iro`1`dn`1019`t`220`8`0`f`0`sc`0`n`1021`l`255`crf`1020`ihn`1`iro`1`dn`1021`t`220`8`0`f`0`sc`0`n`1022`l`255`crf`1020`ihn`1`iro`1`dn`1022`t`220`4`8`rl`0`inrk`1`crnm`1`nmr`7`atr`0`2`0`r`0`v`0*0*11*In-Progress7*Pending0*2*OF8*S01546530*0*9*Promotion0*10*3-61EV8AO30*1*10*1*15*Blank22*BB UN BB 15GB  (31.50)4*31.53*GBP10*06/23/20200*0*0*10*3-61EV8C9M22*Monthly/Quarterly Bill19*06/23/2020 14:02:520*0*3*Add7*Pending11*In-Progress0*0*1*19*Per Month0*0*0*0*10*Blazemeter0*7*Default1*N0*0*0*0*0*0*0*0*0*0*0*0*15*VOL013-61EV8BLC0*0*0*0*0*1*N1*01*10*0*0*0*0*0*0*0*4*Demo1*N1*N1*N19*06/23/2020 14:02:521*N0*0*0*4*31.51*Y0*0*0*0*0*4*Good10*3-61EV8BLC1*01*N1*N`i`3-61EV8BLC`2`0`r`0`v`0*15*VOL013-61EV8BLC11*In-Progress7*Pending0*2*DF8*S01554490*0*7*Product0*10*3-61EV8AO30*1*10*1*25*Blank35*BT Home Hub 2.0 (Not for new sales)2*463*GBP10*06/23/20200*0*0*10*3-61EV8C9M17*Credit/Debit Card19*06/23/2020 14:02:520*0*3*Add7*Pending11*In-Progress0*0*1*14*Each0*0*0*0*10*Blazemeter0*7*Default1*N0*12*Out Of Stock7*FY3 9QX0*0*0*0*0*0*0*0*0*15*VOL013-61EV8BLE0*0*0*0*41*169, Preston Old Road, Blackpool, FY3 9QX1*N1*01*10*13*NotApplicable0*0*0*0*0*0*4*Demo1*N1*N1*Y19*06/23/2020 14:02:521*N0*0*0*2*461*Y0*0*0*0*0*4*Good10*3-61EV8BLE1*01*N1*N`i`3-61EV8BLE`2`0`r`0`v`0*15*VOL013-61EV8BLC11*In-Progress7*Pending0*2*DF8*S01554510*0*7*Product0*10*3-61EV8AO30*1*10*1*35*Blank19*Hub Phone 2.1 Black4*40.93*GBP10*06/23/20200*0*0*10*3-61EV8C9M17*Credit/Debit Card19*06/23/2020 14:02:520*0*3*Add7*Pending11*In-Progress0*0*1*14*Each0*0*0*0*10*Blazemeter0*7*Default1*N0*12*Out Of Stock7*FY3 9QX0*0*0*0*0*0*0*0*0*15*VOL013-61EV8BLY0*0*0*0*41*169, Preston Old Road, Blackpool, FY3 9QX1*N1*01*10*13*NotApplicable0*0*0*0*0*0*4*Demo1*N1*N1*Y19*06/23/2020 14:02:521*N0*0*0*4*40.91*Y0*0*0*0*0*4*Good10*3-61EV8BLY1*01*N1*N`i`3-61EV8BLY`2`0`r`0`v`0*15*VOL013-61EV8BLC11*In-Progress7*Pending0*2*OF8*S01546740*0*7*Product0*10*3-61EV8AO30*1*10*1*45*Blank70*DISCOUNT BB AQ BB Unltd (36.00) GBP 4.80 off for 3mnths 18mnths cntrct4*-4.83*GBP10*06/23/20200*0*0*10*3-61EV8C9M22*Monthly/Quarterly Bill19*06/23/2020 14:02:520*0*3*Add7*Pending11*In-Progress0*0*1*19*Per Month0*0*0*0*10*Blazemeter0*7*Default1*N0*12*Out Of Stock0*0*0*0*0*0*0*0*0*0*15*VOL013-61EV8BMI0*0*0*0*0*1*N1*01*10*0*0*0*0*0*0*0*4*Demo1*N1*N1*N19*06/23/2020 14:02:521*N0*0*0*4*-4.81*Y0*0*0*0*0*4*Good10*3-61EV8BMI1*01*N1*N`i`3-61EV8BMI`2`0`r`0`v`8*Standard15*VOL013-61EV8BLC11*In-Progress7*Pending0*2*OF8*S01546900*0*7*Product0*10*3-61EV8AO30*1*10*1*55*Blank65*Contract BB AQ BB Unltd (36.00) GBP off for 3mnths 18mnths cntrct1*03*GBP10*06/23/20200*0*0*10*3-61EV8C9M22*Monthly/Quarterly Bill19*06/23/2020 14:02:520*0*3*Add7*Pending11*In-Progress0*0*1*19*Per Month0*0*0*0*10*Blazemeter0*7*Default1*N0*12*Out Of Stock0*0*0*0*0*0*0*0*0*0*15*VOL013-61EV8BN30*0*0*0*0*1*N1*01*10*0*0*0*0*0*0*0*4*Demo1*N1*N1*N19*06/23/2020 14:02:521*N0*0*0*1*01*Y0*0*0*0*0*4*Good10*3-61EV8BN31*01*N1*N`i`3-61EV8BN3`2`0`r`0`v`0*15*VOL013-61EV8BLC11*In-Progress7*Pending0*5*OTHER8*S01458680*0*7*Product0*10*3-61EV8AO30*1*10*1*65*Blank17*BB Access Service1*03*GBP10*06/23/202010*3-61EV8AO811*012123456780*10*3-61EV8C9M22*Monthly/Quarterly Bill19*06/23/2020 14:02:520*0*3*Add7*Pending11*In-Progress0*0*1*19*Per Month0*0*0*0*10*Blazemeter0*7*Default1*N0*0*0*0*0*0*0*0*0*0*0*0*15*VOL013-61EV8BNQ0*0*0*7*FY3 9QX0*1*N1*01*10*0*0*0*0*0*0*0*4*Demo1*N1*N1*N19*06/23/2020 14:02:521*N0*0*0*1*01*Y0*0*0*0*0*4*Good10*3-61EV8BNQ1*01*Y1*N`i`3-61EV8BNQ`2`0`r`0`v`0*15*VOL013-61EV8BLC11*In-Progress7*Pending0*5*OTHER8*S01458690*0*7*Product0*10*3-61EV8AO30*1*10*1*75*Blank11*ISP Service1*03*GBP10*06/23/20200*0*0*10*3-61EV8C9M22*Monthly/Quarterly Bill19*06/23/2020 14:02:520*0*3*Add7*Pending11*In-Progress0*0*1*19*Per Month0*0*0*0*10*Blazemeter0*7*Default1*N0*0*0*0*0*0*0*0*0*0*0*0*15*VOL013-61EV8BT60*0*0*7*FY3 9QX0*1*N1*01*10*0*0*0*0*0*0*0*4*Demo1*N1*N1*N19*06/23/2020 14:02:521*N0*0*0*1*01*Y0*0*0*0*0*4*Good10*3-61EV8BT61*11*Y1*N`i`3-61EV8BT6`1`0`tr`0`v``1`1`nv`0`imv`1`6`4`vi`3``vt`STANDARD`ich`0`n`Order Entry - Line Items Detail View (Sales)`pu`http://localhost:8080/ecommunications_enu_nsm_aps05524a027/start.swe`tt`Order Line Items Detail`tb`&lt;span id=&apos;s_tb&apos;&gt;&lt;table datatable=&quot;0&quot; summary=&quot;&quot; cellpadding=&quot;0&quot; cellspacing=&quot;0&quot; border=&quot;0&quot;&gt;&lt;tr&gt;&lt;td&gt;&lt;span class=&quot;threadbar&quot;&gt;&lt;a href=&apos;JavaScript:{App().GotoView(&quot;Sales Order-Browse Catalog View&quot;, &quot;&quot;, &quot;/ecommunications_enu_nsm_aps05524a027/start.swe?SWENeedContext=false&amp;SWECmd=GotoBookmarkView&amp;SWEBMC=48&amp;SWEC=84&amp;SWEBID=-1&amp;SRN=xK7T2pIB2ZOV15hwlQxQF5reKcoUB8VpMTZr7we8uAEb&amp;SWETS=&amp;SWEKeepContext=1&quot;, window);void(0)}&apos; &gt;&lt;nobr&gt;Catalog:&lt;/nobr&gt;&lt;/a&gt;&lt;/span&gt;&lt;/td&gt;&lt;td&gt;&lt;img src=&quot;images/spacer.gif&quot; width=&quot;5&quot; height=&quot;1&quot; alt=&quot;&quot;&gt;&lt;/td&gt;&lt;td&gt;&lt;span class=&quot;threadbardiv&quot;&gt;&amp;nbsp;&amp;gt;&amp;nbsp;&lt;/span&gt;&lt;/td&gt;&lt;td&gt;&lt;span class=&quot;threadbar&quot;&gt;&lt;a href=&apos;JavaScript:{App().GotoView(&quot;Sales Order-Browse Catalog Category Details View - Add to Cart&quot;, &quot;&quot;, &quot;/ecommunications_enu_nsm_aps05524a027/start.swe?SWENeedContext=false&amp;SWECmd=GotoBookmarkView&amp;SWEBMC=52&amp;SWEC=84&amp;SWEBID=-1&amp;SRN=xK7T2pIB2ZOV15hwlQxQF5reKcoUB8VpMTZr7we8uAEb&amp;SWETS=&amp;SWEKeepContext=1&quot;, window);void(0)}&apos; &gt;&lt;nobr&gt;Category:BT Broadband and BB Talk&lt;/nobr&gt;&lt;/a&gt;&lt;/span&gt;&lt;/td&gt;&lt;td&gt;&lt;img src=&quot;images/spacer.gif&quot; width=&quot;5&quot; height=&quot;1&quot; alt=&quot;&quot;&gt;&lt;/td&gt;&lt;td&gt;&lt;span class=&quot;threadbardiv&quot;&gt;&amp;nbsp;&amp;gt;&amp;nbsp;&lt;/span&gt;&lt;/td&gt;&lt;td&gt;&lt;span class=&quot;threadbar&quot;&gt;&lt;nobr&gt;Order Line Items Detail:&lt;/nobr&gt;&lt;/span&gt;&lt;/td&gt;&lt;td&gt;&lt;img src=&quot;images/spacer.gif&quot; width=&quot;5&quot; height=&quot;1&quot; alt=&quot;&quot;&gt;&lt;/td&gt;&lt;td&gt;&lt;/td&gt;&lt;/tr&gt;&lt;/table&gt;&lt;/span&gt;`0`1`na`0`17`3`ai`3`S_A1`nfi`1`n`BT Order Entry - Order Form Applet Dashboard (Sales)`cud`4*16651*14*18061*14*18131*14*16671*14*16961*14*17911*04*17961*04*18111*04*18151*04*16861*14*17981*04*16711*14*18271*14*18281*04*17281*14*16591*14*18031*04*18291*14*18301*04*18311*14*17681*04*18321*04*18331*03*6491*04*17641*14*17611*04*17331*14*17141*14*17491*14*17301*14*17871*04*17691*04*17321*14*18091*04*17621*04*17351*14*17821*04*18341*14*16771*14*17251*04*13941*14*13951*14*17761*14*16691*14*17181*14*17031*04*17401*04*16731*14*17781*04*17831*14*18351*04*17421*04*17381*04*17471*04*17581*04*17531*04*18361*04*14191*04*17121*14*17441*14*18371*04*16881*14*16781*14*18381*04*18391*04*18401*14*16571*14*18411*14*14411*04*18421*14*17511*13*6411*14*16801*14*17061*04*14061*04*14081*03*6501*14*14201*04*18431*04*13971*04*18441*14*14211*04*14221*14*17741*14*14231*04*13921*14*14471*14*14171*14*13701*14*18201*14*14531*14*16831*14*14271*14*14291*13*5871*14*14311*14*14261*14*11531*14*14301*04*14561*03*1211*12*451*14*14321*14*13981*14*14021*14*14331*14*14341*13*1231*04*18211*14*14351*04*14001*13*2081*03*1621*14*13661*03*1551*04*14361*04*14371*04*14381*04*14401*03*1511*02*641*14*18451*03*6431*13*3171*14*14421*13*1601*14*14431*14*14441*04*14451*03*2431*14*13741*02*431*13*1311*03*6461*14*18461*14*17891*03*2641*04*13811*04*18471*14*14481*13*1151*14*14491*14*14501*03*1001*04*17241*14*14521*13*1341*14*18481*03*1421*14*18491*14*13881*14*14541*14*18501*14*14551*03*1351*04*13961*04*14571*14*18511*04*13861*14*13731*13*1451*04*18521*03*6581*04*18531*04*18541*03*6321*14*14591*14*18551*04*18251*12*121*12*281*14*14601*13*3061*13*7731*14*18561*02*401*13*2541*02*391*12*441*13*3071*12*271*14*13761*03*8881*14*17171*04*17461*14*17231*14*17551*04*17091*14*17851*03*6361*04*16991*14*18571*14*10121*14*18001*04*17931*04*17801*04*16941*13*4961*14*16621*14*16911*14*12991*1`cik`4*16661*13*6991*14*16861*14*18171*04*16611*14*16701*14*16761*02*541*14*16901*04*16791*14*16571*14*18181*14*18191*14*16821*14*13711*14*18201*14*16851*12*431*02*451*14*18211*12*201*02*311*13*2431*14*18221*14*18231*14*18241*13*6331*14*18251*12*281*04*14141*13*3061*04*16951*12*401*12*391*02*441*13*3071*12*271*04*12001*14*16641*14*16931*12*211*12*221*12*231*12*241*12*251*02*261*02*291*12*301*02*321*02*331*12*341*02*351*02*361*02*371*02*381*12*411*02*421*12*461*12*471*12*481*02*491*02*501*02*511*02*521*02*531*02*551*14*12311*14*14161*14*14151*14*18261*02*561*02*571*1`shd`56*BT_Order_Entry__Order_Form_Applet_Dashboard_Sales_Applet90*srf1592409810_444/bscripts/all/applet_bt_order_entry__order_form_applet_dashboard_sales.js`asq`0`ied`1`vrn`S_A1`tt`1365`inu`0`hmn`1`rsp`false`bnr`0`iem``bci`S_BC1`hlc`3*a_11*11*2`i`1`0`109`cl`0`23`1`c`0`pt`5`sp`s_1_1_66_0`dm`7`w`0`n`1657`pw`0`ph`0`ju`6`sq`1997`pan`5`mn`1657`ibp`1`crf`8`sdy`0`h`0`iec`1`dft`5`ime`5`dmc`0`t`67`dn`1658`fn`5`msz`32`13`0`imp`0`SWEField`s_1_1_66_0`SWENeedContext`true`SWER`0`SWESP`false`SWEMethod`BTCreditCheck`SWECmd`InvokeMethod`SWEDIC`false`SWEReqRowId`0`SWEView`Order Entry - Line Items Detail View (Sales)`SWEC`84`SWEBID`-1`SRN`xK7T2pIB2ZOV15hwlQxQF5reKcoUB8VpMTZr7we8uAEb`SWEApplet`BT Order Entry - Order Form Applet Dashboard (Sales)`23`1`c`0`pt`5`sp`s_1_1_15_0`dm`7`w`0`n`1659`pw`0`ph`0`ju`6`sq`1997`pan`5`mn`1661`ibp`1`crf`8`sdy`0`h`0`iec`1`dft`5`ime`5`dmc`0`t`67`dn`1660`fn`5`msz`32`13`0`imp`0`SWEField`s_1_1_15_0`SWENeedContext`true`SWER`0`SWESP`false`SWEMethod`BTAddServicePoint`SWECmd`InvokeMethod`SWEDIC`false`SWEReqRowId`0`SWEView`Order Entry - Line Items Detail View (Sales)`SWEC`84`SWEBID`-1`SRN`xK7T2pIB2ZOV15hwlQxQF5reKcoUB8VpMTZr7we8uAEb`SWEApplet`BT Order Entry - Order Form Applet Dashboard (Sales)`23`1`c`0`pt`5`sp`s_1_1_198_0`dm`7`w`0`n`1662`pw`0`ph`0`ju`6`sq`1997`pan`5`mn`1664`ibp`1`crf`8`sdy`0`h`0`iec`1`dft`5`ime`5`dmc`0`t`67`dn`1663`fn`5`msz`32`13`0`imp`0`SWEField`s_1_1_198_0`SWENeedContext`true`SWER`0`SWESP`false`SWEMethod`BTSDiscount`SWECmd`InvokeMethod`SWEDIC`false`SWEReqRowId`0`SWEView`Order Entry - Line Items Detail View (Sales)`SWEC`84`SWEBID`-1`SRN`xK7T2pIB2ZOV15hwlQxQF5reKcoUB8VpMTZr7we8uAEb`SWEApplet`BT Order Entry - Order Form Applet Dashboard (Sales)`23`1`c`0`pt`5`sp`s_1_1_0_0`dm`7`w`0`n`1665`pw`0`ph`0`ju`6`sq`1997`pan`5`mn`1666`ibp`1`crf`8`sdy`0`h`0`iec`1`dft`5`ime`5`dmc`0`t`67`dn`1665`fn`5`msz`32`13`0`imp`0`SWEField`s_1_1_0_0`SWENeedContext`true`SWER`0`SWESP`false`SWEMethod`GetAOSO`SWECmd`InvokeMethod`SWEDIC`false`SWEReqRowId`0`SWEView`Order Entry - Line Items Detail View (Sales)`SWEC`84`SWEBID`-1`SRN`xK7T2pIB2ZOV15hwlQxQF5reKcoUB8VpMTZr7we8uAEb`SWEApplet`BT Order Entry - Order Form Applet Dashboard (Sales)`23`1`c`0`pt`5`sp`s_1_1_165_0`dm`7`w`0`n`632`pw`0`ph`0`ju`6`sq`1997`pan`5`mn`633`ibp`1`crf`8`sdy`0`h`0`iec`1`dft`5`ime`5`dmc`0`t`67`dn`633`fn`5`msz`32`13`0`imp`0`SWEField`s_1_1_165_0`SWENeedContext`true`SWER`0`SWESP`false`SWEMethod`Revise`SWECmd`InvokeMethod`SWEDIC`false`SWEReqRowId`0`SWEView`Order Entry - Line Items Detail View (Sales)`SWEC`84`SWEBID`-1`SRN`xK7T2pIB2ZOV15hwlQxQF5reKcoUB8VpMTZr7we8uAEb`SWEApplet`BT Order Entry - Order Form Applet Dashboard (Sales)`25`1`c`0`pt`5`sp`s_1_1_177_0`dm`7`w`0`n`39`eb`&lt;img src=&quot;images/rcnv_prv_1.gif&quot; border=&quot;0&quot; space=&quot;0&quot; hspace=&quot;0&quot; alt=&quot;Previous record&quot;  title=&quot;Previous record&quot; &gt;`pw`0`db`&lt;img src=&quot;images/rcnv_prv_0.gif&quot; border=&quot;0&quot; space=&quot;0&quot; hspace=&quot;0&quot; alt=&quot;Previous record&quot;  title=&quot;Previous record&quot; &gt;`ph`0`ju`6`sq`1997`pan`5`mn`39`ibp`1`crf`8`sdy`0`h`0`iec`1`dft`5`ime`5`dmc`0`t`67`dn`5`fn`5`msz`32`13`0`imp`0`SWEField`s_1_1_177_0`SWENeedContext`true`SWER`0`SWESP`false`SWEMethod`GotoPreviousSet`SWECmd`InvokeMethod`SWEDIC`false`SWEReqRowId`0`SWEView`Order Entry - Line Items Detail View (Sales)`SWEC`84`SWEBID`-1`SRN`xK7T2pIB2ZOV15hwlQxQF5reKcoUB8VpMTZr7we8uAEb`SWEApplet`BT Order Entry - Order Form Applet Dashboard (Sales)`25`1`c`0`pt`5`sp`s_1_1_175_0`dm`7`w`0`n`40`eb`&lt;img src=&quot;images/rcnv_nxt_1.gif&quot; border=&quot;0&quot; space=&quot;0&quot; hspace=&quot;0&quot; alt=&quot;Next Record&quot;  title=&quot;Next Record&quot; &gt;`pw`0`db`&lt;img src=&quot;images/rcnv_nxt_0.gif&quot; border=&quot;0&quot; space=&quot;0&quot; hspace=&quot;0&quot; alt=&quot;Next Record&quot;  title=&quot;Next Record&quot; &gt;`ph`0`ju`6`sq`1997`pan`5`mn`40`ibp`1`crf`8`sdy`0`h`0`iec`1`dft`5`ime`5`dmc`0`t`67`dn`5`fn`5`msz`32`13`0`imp`0`SWEField`s_1_1_175_0`SWENeedContext`true`SWER`0`SWESP`false`SWEMethod`GotoNextSet`SWECmd`InvokeMethod`SWEDIC`false`SWEReqRowId`0`SWEView`Order Entry - Line Items Detail View (Sales)`SWEC`84`SWEBID`-1`SRN`xK7T2pIB2ZOV15hwlQxQF5reKcoUB8VpMTZr7we8uAEb`SWEApplet`BT Order Entry - Order Form Applet Dashboard (Sales)`23`1`c`0`pt`5`sp`s_1_1_3_0`dm`7`w`0`n`1667`pw`0`ph`0`ju`6`sq`1997`pan`5`mn`699`ibp`1`crf`8`sdy`0`h`0`iec`1`dft`5`ime`5`dmc`0`t`67`dn`1668`fn`5`msz`32`17`0`imp`0`SWEField`s_1_1_3_0`SWENeedContext`true`SWER`0`SWESP`true`SWEMethod`ShowPopup`SWECmd`InvokeMethod`SWEH`100`SWEDIC`true`SWEReqRowId`0`SWEView`Order Entry - Line Items Detail View (Sales)`SWEC`84`SWEW`300`SWEM`Edit`SWEBID`-1`SRN`xK7T2pIB2ZOV15hwlQxQF5reKcoUB8VpMTZr7we8uAEb`SWETA`BT Spring PortIn Order Details`SWEApplet`BT Order Entry - Order Form Applet Dashboard (Sales)`23`1`c`0`pt`5`sp`s_1_1_43_0`dm`7`w`0`n`1669`pw`0`ph`0`ju`6`sq`1997`pan`5`mn`1670`ibp`1`crf`8`sdy`0`h`0`iec`1`dft`5`ime`5`dmc`0`t`67`dn`1669`fn`5`msz`32`13`0`imp`0`SWEField`s_1_1_43_0`SWENeedContext`true`SWER`0`SWESP`false`SWEMethod`GenerateAppointmnt`SWECmd`InvokeMethod`SWEDIC`false`SWEReqRowId`0`SWEView`Order Entry - Line Items Detail View (Sales)`SWEC`84`SWEBID`-1`SRN`xK7T2pIB2ZOV15hwlQxQF5reKcoUB8VpMTZr7we8uAEb`SWEApplet`BT Order Entry - Order Form Applet Dashboard (Sales)`23`1`c`0`pt`5`sp`s_1_1_178_0`dm`7`w`0`n`44`pw`0`ph`0`ju`6`sq`1997`pan`5`mn`44`ibp`1`crf`8`sdy`0`h`0`iec`1`dft`5`ime`5`dmc`0`t`67`dn`530`fn`5`msz`32`13`0`imp`0`SWEField`s_1_1_178_0`SWENeedContext`true`SWER`0`SWESP`false`SWEMethod`NewQuery`SWECmd`InvokeMethod`SWEDIC`false`SWEReqRowId`0`SWEView`Order Entry - Line Items Detail View (Sales)`SWEC`84`SWEBID`-1`SRN`xK7T2pIB2ZOV15hwlQxQF5reKcoUB8VpMTZr7we8uAEb`SWEApplet`BT Order Entry - Order Form Applet Dashboard (Sales)`23`1`c`0`pt`5`sp`s_1_1_101_0`dm`7`w`0`n`45`pw`0`ph`0`ju`6`sq`1997`pan`5`mn`45`ibp`1`crf`8`sdy`0`h`0`iec`1`dft`5`ime`5`dmc`0`t`67`dn`392`fn`5`msz`32`13`0`imp`0`SWEField`s_1_1_101_0`SWENeedContext`true`SWER`0`SWESP`false`SWEMethod`ExecuteQuery`SWECmd`InvokeMethod`SWEDIC`false`SWEReqRowId`0`SWEView`Order Entry - Line Items Detail View (Sales)`SWEC`84`SWEBID`-1`SRN`xK7T2pIB2ZOV15hwlQxQF5reKcoUB8VpMTZr7we8uAEb`SWEApplet`BT Order Entry - Order Form Applet Dashboard (Sales)`23`1`c`0`pt`5`sp`s_1_1_94_0`dm`7`w`0`n`587`pw`0`ph`0`ju`6`sq`1997`pan`5`mn`43`ibp`1`crf`8`sdy`0`h`0`iec`1`dft`5`ime`5`dmc`0`t`67`dn`393`fn`5`msz`32`13`0`imp`0`SWEField`s_1_1_94_0`SWENeedContext`true`SWER`0`SWESP`false`SWEMethod`UndoQuery`SWECmd`InvokeMethod`SWEDIC`false`SWEReqRowId`0`SWEView`Order Entry - Line Items Detail View (Sales)`SWEC`84`SWEBID`-1`SRN`xK7T2pIB2ZOV15hwlQxQF5reKcoUB8VpMTZr7we8uAEb`SWEApplet`BT Order Entry - Order Form Applet Dashboard (Sales)`23`1`c`0`pt`5`sp`s_1_1_11_0`dm`7`w`0`n`1671`pw`0`ph`0`ju`6`sq`1997`pan`5`mn`699`ibp`1`crf`8`sdy`0`h`0`iec`1`dft`5`ime`5`dmc`0`t`67`dn`1672`fn`5`msz`32`17`0`imp`0`SWEField`s_1_1_11_0`SWENeedContext`true`SWER`0`SWESP`true`SWEMethod`ShowPopup`SWECmd`InvokeMethod`SWEH`100`SWEDIC`true`SWEReqRowId`0`SWEView`Order Entry - Line Items Detail View (Sales)`SWEC`84`SWEW`300`SWEM`Base`SWEBID`-1`SRN`xK7T2pIB2ZOV15hwlQxQF5reKcoUB8VpMTZr7we8uAEb`SWETA`BT Transfer PopUp List Applet`SWEApplet`BT Order Entry - Order Form Applet Dashboard (Sales)`23`1`c`0`pt`5`sp`s_1_1_120_0`dm`7`w`0`n`64`pw`0`ph`0`ju`6`sq`1997`pan`5`mn`20`ibp`1`crf`8`sdy`0`h`0`iec`1`dft`5`ime`5`dmc`0`t`67`dn`652`fn`5`msz`32`17`0`imp`0`SWEField`s_1_1_120_0`SWENeedContext`true`SWER`0`SWESP`true`SWEMethod`ShowQueryAssistant`SWECmd`InvokeMethod`SWEH`100`SWEDIC`true`SWEReqRowId`0`SWEView`Order Entry - Line Items Detail View (Sales)`SWEC`84`SWEW`300`SWEM`Edit`SWEBID`-1`SRN`xK7T2pIB2ZOV15hwlQxQF5reKcoUB8VpMTZr7we8uAEb`SWETA`Query Assistant`SWEApplet`BT Order Entry - Order Form Applet Dashboard (Sales)`23`1`c`0`pt`1675`sp`s_1_1_47_0`dm`7`w`0`n`1673`pw`0`ph`0`ju`6`sq`1997`pan`5`mn`1676`ibp`1`crf`8`sdy`0`h`0`iec`1`dft`5`ime`5`dmc`0`t`67`dn`1674`fn`5`msz`32`13`0`imp`0`SWEField`s_1_1_47_0`SWENeedContext`true`SWER`0`SWESP`false`SWEMethod`RecoverCopyOrder`SWECmd`InvokeMethod`SWEDIC`false`SWEReqRowId`0`SWEView`Order Entry - Line Items Detail View (Sales)`SWEC`84`SWEBID`-1`SRN`xK7T2pIB2ZOV15hwlQxQF5reKcoUB8VpMTZr7we8uAEb`SWEApplet`BT Order Entry - Order Form Applet Dashboard (Sales)`23`1`c`0`pt`5`sp`s_1_1_38_0`dm`7`w`0`n`1677`pw`0`ph`0`ju`6`sq`1997`pan`5`mn`699`ibp`1`crf`8`sdy`0`h`0`iec`1`dft`5`ime`5`dmc`0`t`67`dn`393`fn`5`msz`32`17`0`imp`0`SWEField`s_1_1_38_0`SWENeedContext`true`SWER`0`SWESP`true`SWEMethod`ShowPopup`SWECmd`InvokeMethod`SWEH`100`SWEDIC`true`SWEReqRowId`0`SWEView`Order Entry - Line Items Detail View (Sales)`SWEC`84`SWEW`300`SWEM`Edit`SWEBID`-1`SRN`xK7T2pIB2ZOV15hwlQxQF5reKcoUB8VpMTZr7we8uAEb`SWETA`BT Order Cancel Form Applet`SWEApplet`BT Order Entry - Order Form Applet Dashboard (Sales)`23`1`c`0`pt`5`sp`s_1_1_62_0`dm`7`w`0`n`1678`pw`0`ph`0`ju`6`sq`1997`pan`5`mn`1679`ibp`1`crf`8`sdy`0`h`0`iec`1`dft`5`ime`5`dmc`0`t`67`dn`1678`fn`5`msz`32`13`0`imp`0`SWEField`s_1_1_62_0`SWENeedContext`true`SWER`0`SWESP`false`SWEMethod`GetNTVPPOffers`SWECmd`InvokeMethod`SWEDIC`false`SWEReqRowId`0`SWEView`Order Entry - Line Items Detail View (Sales)`SWEC`84`SWEBID`-1`SRN`xK7T2pIB2ZOV15hwlQxQF5reKcoUB8VpMTZr7we8uAEb`SWEApplet`BT Order Entry - Order Form Applet Dashboard (Sales)`23`1`c`0`pt`5`sp`s_1_1_72_0`dm`7`w`0`n`1680`pw`0`ph`0`ju`6`sq`1997`pan`5`mn`1682`ibp`1`crf`8`sdy`0`h`0`iec`1`dft`5`ime`5`dmc`0`t`67`dn`1681`fn`5`msz`32`13`0`imp`0`SWEField`s_1_1_72_0`SWENeedContext`true`SWER`0`SWESP`false`SWEMethod`GenActivityPlans`SWECmd`InvokeMethod`SWEDIC`false`SWEReqRowId`0`SWEView`Order Entry - Line Items Detail View (Sales)`SWEC`84`SWEBID`-1`SRN`xK7T2pIB2ZOV15hwlQxQF5reKcoUB8VpMTZr7we8uAEb`SWEApplet`BT Order Entry - Order Form Applet Dashboard (Sales)`23`1`c`0`pt`5`sp`s_1_1_91_0`dm`7`w`0`n`1683`pw`0`ph`0`ju`6`sq`1997`pan`5`mn`1685`ibp`1`crf`8`sdy`0`h`0`iec`1`dft`5`ime`5`dmc`0`t`67`dn`1684`fn`5`msz`32`13`0`imp`0`SWEField`s_1_1_91_0`SWENeedContext`true`SWER`0`SWESP`false`SWEMethod`BTNetworkService`SWECmd`InvokeMethod`SWEDIC`false`SWEReqRowId`0`SWEView`Order Entry - Line Items Detail View (Sales)`SWEC`84`SWEBID`-1`SRN`xK7T2pIB2ZOV15hwlQxQF5reKcoUB8VpMTZr7we8uAEb`SWEApplet`BT Order Entry - Order Form Applet Dashboard (Sales)`23`1`c`0`pt`5`sp`s_1_1_9_0`dm`7`w`0`n`1686`pw`0`ph`0`ju`6`sq`1997`pan`5`mn`1686`ibp`1`crf`8`sdy`0`h`0`iec`1`dft`5`ime`5`dmc`0`t`67`dn`1687`fn`5`msz`32`13`0`imp`0`SWEField`s_1_1_9_0`SWENeedContext`true`SWER`0`SWESP`false`SWEMethod`BTSendAdHocKCI`SWECmd`InvokeMethod`SWEDIC`false`SWEReqRowId`0`SWEView`Order Entry - Line Items Detail View (Sales)`SWEC`84`SWEBID`-1`SRN`xK7T2pIB2ZOV15hwlQxQF5reKcoUB8VpMTZr7we8uAEb`SWEApplet`BT Order Entry - Order Form Applet Dashboard (Sales)`23`1`c`0`pt`5`sp`s_1_1_61_0`dm`7`w`0`n`1688`pw`0`ph`0`ju`6`sq`1997`pan`5`mn`1690`ibp`1`crf`8`sdy`0`h`0`iec`1`dft`5`ime`5`dmc`0`t`67`dn`1689`fn`5`msz`32`13`0`imp`0`SWEField`s_1_1_61_0`SWENeedContext`true`SWER`0`SWESP`false`SWEMethod`OrderResponse`SWECmd`InvokeMethod`SWEDIC`false`SWEReqRowId`0`SWEView`Order Entry - Line Items Detail View (Sales)`SWEC`84`SWEBID`-1`SRN`xK7T2pIB2ZOV15hwlQxQF5reKcoUB8VpMTZr7we8uAEb`SWEApplet`BT Order Entry - Order Form Applet Dashboard (Sales)`23`1`c`0`pt`5`sp`s_1_1_199_0`dm`7`w`0`n`1691`pw`0`ph`0`ju`6`sq`1997`pan`5`mn`1693`ibp`1`crf`8`sdy`0`h`0`iec`1`dft`5`ime`5`dmc`0`t`67`dn`1692`fn`5`msz`32`13`0`imp`0`SWEField`s_1_1_199_0`SWENeedContext`true`SWER`0`SWESP`false`SWEMethod`GetBTPlus`SWECmd`InvokeMethod`SWEDIC`false`SWEReqRowId`0`SWEView`Order Entry - Line Items Detail View (Sales)`SWEC`84`SWEBID`-1`SRN`xK7T2pIB2ZOV15hwlQxQF5reKcoUB8VpMTZr7we8uAEb`SWEApplet`BT Order Entry - Order Form Applet Dashboard (Sales)`23`0`c`0`pt`5`sp`s_1_1_196_0`dm`7`w`0`csq`1`n`1694`pw`0`ph`0`ju`6`sq`1997`pan`5`ibp`1`crf`8`sdy`0`h`0`iec`1`dft`5`ime`5`dmc`0`t`438`dn`1158`fn`1158`msz`10`25`1`c`0`pt`5`sp`s_1_1_129_0`dm`5`w`0`n`243`eb`&lt;img src=&quot;images/btn_more.gif&quot; border=&quot;0&quot; space=&quot;0&quot; hspace=&quot;0&quot; alt=&quot;Show more&quot;  title=&quot;Show more&quot; &gt;`pw`0`ph`0`ju`6`sq`1997`pan`5`icm`243`mn`243`ibp`1`crf`8`sdy`0`h`0`iec`1`dft`5`ime`5`dmc`0`t`10`dn`5`fn`5`msz`32`13`0`imp`0`SWEField`s_1_1_129_0`SWENeedContext`true`SWER`0`SWESP`false`SWEMethod`ToggleLayout`SWECmd`InvokeMethod`SWEDIC`false`SWEReqRowId`0`SWEView`Order Entry - Line Items Detail View (Sales)`SWEC`84`SWEBID`-1`SRN`xK7T2pIB2ZOV15hwlQxQF5reKcoUB8VpMTZr7we8uAEb`SWEApplet`BT Order Entry - Order Form Applet Dashboard (Sales)`23`1`c`0`pt`5`sp`s_1_1_173_0`dm`7`w`0`n`773`pw`0`ph`0`ju`6`sq`1997`pan`5`mn`1695`ibp`1`crf`8`sdy`0`h`0`iec`1`dft`5`ime`5`dmc`0`t`67`dn`773`fn`5`msz`32`13`0`imp`0`SWEField`s_1_1_173_0`SWENeedContext`true`SWER`0`SWESP`false`SWEMethod`SubmitOrderSvc`SWECmd`InvokeMethod`SWEDIC`false`SWEReqRowId`0`SWEView`Order Entry - Line Items Detail View (Sales)`SWEC`84`SWEBID`-1`SRN`xK7T2pIB2ZOV15hwlQxQF5reKcoUB8VpMTZr7we8uAEb`SWEApplet`BT Order Entry - Order Form Applet Dashboard (Sales)`23`1`c`0`pt`5`sp`s_1_1_4_0`dm`7`w`0`n`1696`pw`0`ph`0`ju`6`sq`1997`pan`5`mn`699`ibp`1`crf`8`sdy`0`h`0`iec`1`dft`5`ime`5`dmc`0`t`67`dn`1697`fn`5`msz`32`17`0`imp`0`SWEField`s_1_1_4_0`SWENeedContext`true`SWER`0`SWESP`true`SWEMethod`ShowPopup`SWECmd`InvokeMethod`SWEH`100`SWEDIC`true`SWEReqRowId`0`SWEView`Order Entry - Line Items Detail View (Sales)`SWEC`84`SWEW`300`SWEM`Edit`SWEBID`-1`SRN`xK7T2pIB2ZOV15hwlQxQF5reKcoUB8VpMTZr7we8uAEb`SWETA`BT BBHousehold DN Applet`SWEApplet`BT Order Entry - Order Form Applet Dashboard (Sales)`23`0`c`0`pt`1372`sp`s_1_1_136_0`dm`5`w`168`csq`1`n`264`pw`0`ph`0`ju`6`sq`1001`pan`5`ibp`1`crf`8`sdy`0`h`24`iec`1`dft`5`ime`5`dmc`0`t`4`dn`159`fn`158`msz`30`25`0`c`0`pt`1698`sp`s_1_1_143_0`dm`5`w`112`csq`1`n`100`pw`300`pat`Pick`ph`100`ju`6`sq`1031`ied`1`pan`5`ibp`1`crf`8`sdy`0`h`24`iec`1`dft`5`ime`5`dmc`0`t`4`dn`896`fn`100`msz`100`23`0`c`0`pt`5`sp`s_1_1_190_0`dm`7`w`85`csq`1`n`1699`pw`0`ph`0`ju`6`sq`1997`pan`5`ibp`1`crf`8`sdy`0`h`24`iec`1`dft`5`ime`5`dmc`0`t`1700`dn`1701`fn`1153`msz`30`25`0`c`0`pt`5`sp`s_1_1_97_0`dm`7`w`128`csq`1`n`1153`pw`300`pat`Pick`ph`100`ju`6`sq`1016`ied`1`pan`5`ibp`1`crf`8`sdy`0`h`24`iec`1`dft`5`ime`5`dmc`0`t`4`dn`1153`fn`1153`msz`30`23`0`c`0`pt`1702`sp`s_1_1_162_0`dm`5`w`112`csq`1`n`658`pw`0`ph`0`ju`6`sq`1032`pan`5`ibp`1`crf`8`sdy`0`h`24`iec`1`dft`5`ime`5`dmc`0`t`4`dn`658`fn`144`msz`50`23`0`c`0`pt`5`sp`s_1_1_45_0`dm`69`w`120`csq`1`n`1703`pw`0`ph`0`ju`6`sq`1997`pan`5`ibp`1`crf`8`sdy`0`h`24`iec`1`dft`5`ime`5`dmc`0`t`4`dn`1704`fn`1705`msz`255`23`0`c`0`pt`1379`sp`s_1_1_140_0`dm`5`w`168`csq`1`n`115`pw`0`ph`0`ju`6`sq`1002`pan`5`ibp`1`crf`8`sdy`0`h`24`iec`1`dft`5`ime`5`dmc`0`t`116`dn`115`fn`115`msz`30`25`0`c`0`pt`5`sp`s_1_1_73_0`dm`7`w`112`csq`1`n`1706`pw`300`pat`Pick`ph`100`ju`6`sq`1052`ied`1`pan`5`ibp`1`crf`8`sdy`0`h`24`iec`1`dft`5`ime`5`dmc`0`t`4`dn`1707`fn`1708`msz`100`22`0`c`0`pt`1387`sp`s_1_1_187_0`dm`7`w`128`n`1709`pw`0`ph`0`ju`6`sq`1017`pan`5`ibp`1`crf`8`sdy`0`h`24`iec`1`dft`1711`ime`5`dmc`0`t`163`dn`1710`fn`1386`msz`255`23`0`c`0`pt`5`sp`s_1_1_58_0`dm`7`w`112`csq`1`n`1712`pw`0`ph`0`ju`6`sq`1033`pan`1712`ibp`1`crf`8`sdy`0`h`24`iec`1`dft`5`ime`5`dmc`0`t`116`dn`1713`fn`1712`msz`30`22`0`c`0`pt`5`sp`s_1_1_27_0`dm`7`w`120`n`1714`pw`0`ph`0`ju`6`sq`1997`pan`5`ibp`1`crf`8`sdy`0`h`24`iec`1`dft`5`ime`5`dmc`0`t`438`dn`1715`fn`1715`msz`1`23`0`c`0`pt`1716`sp`s_1_1_125_0`dm`5`w`168`csq`1`n`160`pw`0`ph`0`ju`6`sq`1003`pan`5`ibp`1`crf`8`sdy`0`h`24`iec`1`dft`5`ime`5`dmc`0`t`116`dn`152`fn`160`msz`30`23`0`c`0`pt`1385`sp`s_1_1_183_0`dm`5`w`112`csq`1`n`1717`pw`0`ph`0`ju`6`sq`1050`pan`5`ibp`1`crf`8`sdy`0`h`24`iec`1`dft`5`ime`5`dmc`0`t`4`dn`313`fn`135`msz`50`22`0`c`0`pt`5`sp`s_1_1_44_0`dm`7`w`128`n`1718`pw`0`ph`0`ju`6`sq`1018`pan`5`ibp`1`crf`8`sdy`0`h`24`iec`1`dft`1711`ime`5`dmc`0`t`163`dn`1718`fn`1719`msz`255`25`0`c`0`pt`5`sp`s_1_1_128_0`dm`7`w`112`csq`1`n`1445`pw`300`pat`Mvg`ph`100`ju`6`sq`1034`ied`1`pan`5`ibp`1`crf`8`sdy`0`h`24`iec`1`dft`5`ime`5`dmc`0`t`4`dn`1720`fn`1721`msz`50`22`0`c`0`pt`5`sp`s_1_1_27_0`dm`7`w`120`n`1714`pw`0`ph`0`ju`6`sq`1997`pan`5`ibp`1`crf`8`sdy`0`h`24`iec`1`dft`5`ime`5`dmc`0`t`438`dn`1715`fn`1715`msz`1`23`0`c`0`pt`5`sp`s_1_1_76_0`dm`7`w`168`csq`1`n`650`pw`0`ph`0`ju`6`sq`1046`pan`1722`ibp`1`crf`8`sdy`0`h`24`iec`1`dft`5`ime`5`dmc`0`t`116`dn`650`fn`650`msz`30`25`0`c`0`pt`1383`sp`s_1_1_185_0`dm`5`w`112`csq`1`n`1723`pw`300`pat`Pick`ph`100`ju`6`sq`1049`ied`1`pan`5`ibp`1`crf`8`sdy`0`h`24`iec`1`dft`5`ime`5`dmc`0`t`4`dn`314`fn`134`msz`50`23`0`c`0`pt`5`sp`s_1_1_71_0`dm`7`w`128`csq`1`n`641`pw`0`ph`0`ju`6`sq`1019`pan`5`ibp`1`crf`8`sdy`0`h`24`iec`1`dft`5`ime`5`dmc`0`t`4`dn`641`fn`642`msz`30`23`0`c`0`pt`5`sp`s_1_1_144_0`dm`7`w`112`csq`1`n`1724`pw`0`ph`0`ju`6`sq`1048`pan`5`ibp`1`crf`8`sdy`0`h`24`iec`1`dft`5`ime`5`dmc`0`t`122`dn`121`fn`121`msz`255`23`0`c`0`pt`5`sp`s_1_1_39_0`dm`7`w`112`csq`1`n`1725`pw`0`ph`0`ju`6`sq`1061`pan`5`ibp`1`crf`8`sdy`0`h`24`iec`1`dft`5`ime`5`dmc`0`t`438`dn`1725`fn`1726`msz`100`23`0`c`0`pt`5`sp`s_1_1_122_0`dm`7`w`168`csq`1`n`643`pw`0`ph`0`ju`6`sq`1047`pan`5`ibp`1`crf`8`sdy`0`h`24`iec`1`dft`5`ime`5`dmc`0`t`116`dn`643`fn`643`msz`30`22`0`c`0`pt`5`sp`s_1_1_112_0`dm`7`w`112`n`162`pw`0`ph`0`ju`6`sq`1004`pan`5`ibp`1`crf`8`sdy`0`h`24`iec`1`dft`637`ime`5`dmc`0`t`163`dn`162`fn`162`msz`255`22`0`c`0`pt`5`sp`s_1_1_127_0`dm`7`w`128`n`1444`pw`0`ph`0`ju`6`sq`1036`pan`5`ibp`1`crf`8`sdy`0`h`24`iec`1`dft`5`ime`5`dmc`0`t`4`dn`1727`fn`1727`msz`255`24`0`c`0`pt`5`sp`s_1_1_14_0`dm`7`w`112`csq`1`n`1728`pw`300`pat`Pick`ph`100`ju`6`sq`1997`ied`1`pan`5`crf`8`sdy`0`h`24`iec`1`dft`5`ime`5`dmc`0`t`4`dn`1728`fn`1729`msz`100`23`0`c`0`pt`5`sp`s_1_1_29_0`dm`7`w`120`csq`1`n`1730`pw`0`ph`0`ju`6`sq`1997`pan`5`ibp`1`crf`8`sdy`0`h`24`iec`1`dft`5`ime`5`dmc`0`t`438`dn`1731`fn`1730`msz`100`23`0`c`0`pt`5`sp`s_1_1_32_0`dm`7`w`168`csq`1`n`1732`pw`0`ph`0`ju`6`sq`1007`pan`5`ibp`1`crf`8`sdy`0`h`24`iec`1`dft`5`ime`5`dmc`0`t`116`dn`427`fn`1732`msz`50`24`0`c`0`pt`5`sp`s_1_1_26_0`dm`7`w`112`csq`1`n`1733`pw`300`pat`Pick`ph`100`ju`6`sq`1008`ied`1`pan`5`crf`8`sdy`0`h`24`iec`1`dft`5`ime`5`dmc`0`t`4`dn`342`fn`1734`msz`50`24`0`c`0`pt`5`sp`s_1_1_35_0`dm`7`w`128`csq`1`n`1735`pw`300`pat`Pick`ph`100`ju`6`sq`1009`ied`1`pan`5`crf`8`sdy`0`h`24`iec`1`dft`5`ime`5`dmc`0`t`4`dn`1736`fn`1737`msz`50`23`0`c`0`pt`5`sp`s_1_1_52_0`dm`7`w`112`csq`1`n`1738`pw`0`ph`0`ju`6`sq`1051`pan`5`ibp`1`crf`8`sdy`0`h`24`iec`1`dft`5`ime`5`dmc`0`t`4`dn`1739`fn`1738`msz`30`22`0`c`0`pt`5`sp`s_1_1_46_0`dm`7`w`32`n`1740`pw`0`ph`0`ju`6`sq`1030`pan`5`ibp`1`crf`8`sdy`0`h`24`iec`1`dft`5`ime`5`dmc`0`t`92`dn`1740`fn`1741`msz`1`25`0`c`0`pt`1380`sp`s_1_1_148_0`dm`5`w`112`csq`1`n`142`pw`300`pat`Pick`ph`100`ju`6`sq`1035`ied`1`pan`5`ibp`1`crf`8`sdy`0`h`24`iec`1`dft`5`ime`5`dmc`0`t`4`dn`142`fn`142`msz`50`23`0`c`0`pt`5`sp`s_1_1_51_0`dm`7`w`128`csq`1`n`1742`pw`0`ph`0`ju`6`sq`1021`pan`1742`ibp`1`crf`8`sdy`0`h`24`iec`1`dft`5`ime`5`dmc`0`t`116`dn`1743`fn`1742`msz`50`22`0`c`0`pt`5`sp`s_1_1_59_0`dm`7`w`112`csq`1`n`1744`pw`0`ph`0`ju`6`sq`1053`pan`5`crf`8`sdy`0`h`24`iec`1`dft`5`ime`5`dmc`0`t`116`dn`1745`fn`1744`msz`30`25`0`c`0`pt`1382`sp`s_1_1_184_0`dm`5`w`168`csq`1`n`1746`pw`300`pat`Pick`ph`100`ju`6`sq`1005`ied`1`pan`5`ibp`1`crf`8`sdy`0`h`24`iec`1`dft`5`ime`5`dmc`0`t`116`dn`119`fn`165`msz`50`25`0`c`0`pt`5`sp`s_1_1_111_0`dm`7`w`112`csq`1`n`208`pw`300`pat`Pick`ph`100`ju`6`sq`1037`ied`1`pan`5`ibp`1`crf`8`sdy`0`h`24`iec`1`dft`5`ime`5`dmc`0`t`4`dn`208`fn`208`msz`100`22`0`c`0`pt`5`sp`s_1_1_53_0`dm`7`w`128`n`1747`pw`0`ph`0`ju`6`sq`1022`pan`5`ibp`1`crf`8`sdy`0`h`24`iec`1`dft`5`ime`5`dmc`0`t`4`dn`1748`fn`1747`msz`16`23`0`c`0`pt`5`sp`s_1_1_92_0`dm`7`w`0`n`1427`pw`0`ph`0`ju`6`sq`1054`pan`5`icm`387`ibp`1`crf`8`sdy`0`h`0`iec`1`dft`5`ime`5`dmc`0`t`92`dn`1427`fn`141`msz`1`22`0`c`0`pt`5`sp`s_1_1_28_0`dm`7`w`200`n`1749`pw`0`ph`0`ju`6`sq`1060`pan`5`ibp`1`crf`8`sdy`0`h`24`iec`1`dft`5`ime`5`dmc`0`t`438`dn`1749`fn`1750`msz`1`23`0`c`0`pt`5`sp`s_1_1_70_0`dm`7`w`168`csq`1`n`1751`pw`0`ph`0`ju`6`sq`1006`pan`5`ibp`1`crf`8`sdy`0`h`24`iec`1`dft`5`ime`5`dmc`0`t`4`dn`1751`fn`1752`msz`250`22`0`c`0`pt`5`sp`s_1_1_55_0`dm`7`w`112`n`1753`pw`0`ph`0`ju`6`sq`1038`pan`5`ibp`1`crf`8`sdy`0`h`24`iec`1`dft`5`ime`5`dmc`0`t`4`dn`1754`fn`1753`msz`16`22`0`c`0`pt`1757`sp`s_1_1_186_0`dm`7`w`128`n`1755`pw`0`ph`0`ju`6`sq`1023`pan`5`ibp`1`crf`8`sdy`0`h`24`iec`1`dft`1711`ime`5`dmc`0`t`163`dn`1755`fn`1756`msz`255`22`0`c`0`pt`5`sp`s_1_1_54_0`dm`7`w`168`n`1758`pw`0`ph`0`ju`6`sq`1010`pan`5`ibp`1`crf`8`sdy`0`h`24`iec`1`dft`5`ime`5`dmc`0`t`4`dn`1759`fn`1758`msz`18`23`0`c`0`pt`5`sp`s_1_1_79_0`dm`7`w`112`csq`1`n`1397`pw`0`ph`0`ju`6`sq`1039`pan`5`ibp`1`crf`8`sdy`0`h`24`iec`1`dft`5`ime`5`dmc`0`t`4`dn`1760`fn`1397`msz`255`25`0`c`0`pt`5`sp`s_1_1_93_0`dm`7`w`128`csq`1`n`1429`pw`300`pat`Pick`ph`100`ju`6`sq`1024`ied`1`pan`5`ibp`1`crf`8`sdy`0`h`24`iec`1`dft`5`ime`5`dmc`0`t`4`dn`1429`fn`1260`msz`100`23`0`c`0`pt`5`sp`s_1_1_25_0`dm`7`w`112`csq`1`n`1761`pw`0`ph`0`ju`6`sq`1056`pan`5`ibp`1`crf`8`sdy`0`h`24`iec`1`dft`5`ime`5`dmc`0`t`4`dn`917`fn`1761`msz`30`22`0`c`0`pt`5`sp`s_1_1_181_0`dm`7`w`168`n`1376`pw`0`ph`0`ju`6`sq`1011`pan`5`ibp`1`crf`8`sdy`0`h`24`iec`1`dft`5`ime`5`dmc`0`t`735`dn`1376`fn`1376`msz`16`25`0`c`0`pt`5`sp`s_1_1_145_0`dm`5`w`112`csq`1`n`1452`pw`300`pat`Pick`ph`100`ju`6`sq`1040`ied`1`pan`5`ibp`1`crf`8`sdy`0`h`24`iec`1`dft`5`ime`5`dmc`0`t`4`dn`1452`fn`199`msz`100`23`0`c`0`pt`5`sp`s_1_1_34_0`dm`7`w`112`csq`1`n`1762`pw`0`ph`0`ju`6`sq`1057`pan`5`ibp`1`crf`8`sdy`0`h`24`iec`1`dft`5`ime`5`dmc`0`t`4`dn`1763`fn`1762`msz`255`23`0`c`0`pt`5`sp`s_1_1_24_0`dm`7`w`128`csq`1`n`1764`pw`0`ph`0`ju`6`sq`1997`pan`1765`ibp`1`crf`8`sdy`0`h`24`iec`1`dft`5`ime`5`dmc`0`t`116`dn`1764`fn`1764`msz`30`22`0`c`0`pt`5`sp`s_1_1_85_0`dm`7`w`168`n`1392`pw`0`ph`0`ju`6`sq`1012`pan`5`ibp`1`crf`8`sdy`0`h`24`iec`1`dft`637`ime`5`dmc`0`t`163`dn`1393`fn`1392`msz`255`23`0`c`0`pt`5`sp`s_1_1_103_0`dm`7`w`40`n`1398`pw`0`ph`0`ju`6`sq`1041`pan`5`icm`387`ibp`1`crf`8`sdy`0`h`0`iec`1`dft`5`ime`5`dmc`0`t`92`dn`1398`fn`1399`msz`1`23`0`c`0`pt`5`sp`s_1_1_139_0`dm`5`w`128`csq`1`n`1448`pw`0`ph`0`ju`6`sq`1029`pan`1766`ibp`1`crf`8`sdy`0`h`24`iec`1`dft`5`ime`5`dmc`0`t`116`dn`1448`fn`1448`msz`30`23`0`c`0`pt`1767`sp`s_1_1_142_0`dm`7`w`0`n`1450`pw`0`ph`0`ju`6`sq`1058`pan`5`icm`387`ibp`1`crf`8`sdy`0`h`0`iec`1`dft`5`ime`5`dmc`0`t`92`dn`1450`fn`1450`msz`1`23`0`c`0`pt`5`sp`s_1_1_20_0`dm`7`w`128`csq`1`n`1768`pw`0`ph`0`ju`6`sq`1997`pan`5`ibp`1`crf`8`sdy`0`h`24`iec`1`dft`5`ime`5`dmc`0`t`4`dn`1768`fn`1768`msz`15`23`0`c`0`pt`5`sp`s_1_1_155_0`dm`7`w`168`csq`1`n`1396`pw`0`ph`0`ju`6`sq`1013`pan`5`ibp`1`crf`8`sdy`0`h`24`iec`1`dft`5`ime`5`dmc`0`t`4`dn`1396`fn`1397`msz`255`23`0`c`0`pt`5`sp`s_1_1_104_0`dm`7`w`112`csq`1`n`1402`pw`0`ph`0`ju`6`sq`1042`pan`1405`ibp`1`crf`8`sdy`0`h`24`iec`1`dft`5`ime`5`dmc`0`t`116`dn`1403`fn`1404`msz`30`22`0`c`0`pt`5`sp`s_1_1_31_0`dm`7`w`32`n`1769`pw`0`ph`0`ju`6`sq`1030`pan`5`ibp`1`crf`8`sdy`0`h`24`iec`1`dft`5`ime`5`dmc`0`t`92`dn`1769`fn`1770`msz`1`25`0`c`0`pt`1772`sp`s_1_1_151_0`dm`5`w`112`csq`1`n`1454`pw`300`pat`Pick`ph`100`ju`6`sq`1059`ied`1`pan`5`ibp`1`crf`8`sdy`0`h`24`iec`1`dft`5`ime`5`dmc`0`t`4`dn`1771`fn`1454`msz`50`25`0`c`0`pt`5`sp`s_1_1_182_0`dm`7`w`168`csq`1`n`888`pw`300`pat`Pick`ph`100`ju`6`sq`1015`ied`1`pan`5`ibp`1`crf`8`sdy`0`h`24`iec`1`dft`5`ime`5`dmc`0`t`4`dn`888`fn`888`msz`100`23`0`c`0`pt`5`sp`s_1_1_119_0`dm`7`w`112`csq`1`n`151`pw`0`ph`0`ju`6`sq`1014`pan`5`ibp`1`crf`8`sdy`0`h`24`iec`1`dft`5`ime`5`dmc`0`t`4`dn`151`fn`1773`msz`255`24`0`c`0`pt`5`sp`s_1_1_83_0`dm`7`w`32`csq`1`n`1774`pw`0`ph`0`ju`6`sq`1027`pan`5`icm`387`ibp`1`crf`8`sdy`0`h`24`iec`1`dft`5`ime`5`dmc`0`t`92`dn`1774`fn`1775`msz`50`25`0`c`0`pt`5`sp`s_1_1_114_0`dm`7`w`112`csq`1`n`155`pw`300`pat`Mvg`ph`100`ju`6`sq`1043`ied`1`pan`5`ibp`1`crf`8`sdy`0`h`24`iec`1`dft`5`ime`5`dmc`0`t`4`dn`155`fn`155`msz`100`25`0`c`0`pt`5`sp`s_1_1_42_0`dm`7`w`168`csq`1`n`1776`pw`300`pat`Pick`ph`100`ju`6`sq`1997`ied`1`pan`5`ibp`1`crf`8`sdy`0`h`24`iec`1`dft`5`ime`5`dmc`0`t`4`dn`1776`fn`1777`msz`30`23`0`c`0`pt`5`sp`s_1_1_48_0`dm`7`w`112`csq`1`n`1778`pw`0`ph`0`ju`6`sq`1044`pan`5`ibp`1`crf`8`sdy`0`h`24`iec`1`dft`5`ime`5`dmc`0`t`4`dn`1778`fn`1779`msz`30`23`0`c`0`pt`5`sp`s_1_1_195_0`dm`5`w`128`csq`1`n`1780`pw`0`ph`0`ju`6`sq`1029`pan`5`ibp`1`crf`8`sdy`0`h`24`iec`1`dft`5`ime`5`dmc`0`t`4`dn`1781`fn`1780`msz`30`23`0`c`0`pt`5`sp`s_1_1_82_0`dm`7`w`32`n`1422`pw`0`ph`0`ju`6`sq`1027`pan`5`icm`387`ibp`1`crf`8`sdy`0`h`24`iec`1`dft`5`ime`5`dmc`0`t`92`dn`1422`fn`1422`msz`1`23`0`c`0`pt`5`sp`s_1_1_36_0`dm`7`w`168`csq`1`n`1782`pw`0`ph`0`ju`6`sq`1100`pan`5`ibp`1`crf`8`sdy`0`h`24`iec`1`dft`5`ime`5`dmc`0`t`4`dn`1782`fn`1782`msz`20`24`1`c`0`pt`5`sp`s_1_1_49_0`dm`7`w`24`csq`1`n`1783`pw`0`ph`0`ju`6`sq`1997`pan`5`mn`54`ibp`1`crf`8`sdy`0`h`24`iec`1`dft`5`ime`5`dmc`0`t`10`dn`1784`fn`1783`msz`15`0`0``0`23`0`c`0`pt`1786`sp`s_1_1_188_0`dm`5`w`112`csq`1`n`1785`pw`0`ph`0`ju`6`sq`1045`pan`5`ibp`1`crf`8`sdy`0`h`24`iec`1`dft`5`ime`5`dmc`0`t`4`dn`114`fn`1457`msz`64`23`0`c`0`pt`5`sp`s_1_1_30_0`dm`7`w`128`csq`1`n`1787`pw`0`ph`0`ju`6`sq`1030`pan`5`ibp`1`crf`8`sdy`0`h`24`iec`1`dft`5`ime`5`dmc`0`t`4`dn`1788`fn`1787`msz`50`22`0`c`0`pt`5`sp`s_1_1_135_0`dm`7`w`0`n`1789`pw`0`ph`0`ju`6`sq`1997`pan`5`ibp`1`crf`8`sdy`0`h`0`iec`1`dft`5`ime`5`dmc`0`t`92`dn`1790`fn`1789`msz`1`23`0`c`0`pt`5`sp`s_1_1_5_0`dm`7`w`168`csq`1`n`1791`pw`0`ph`0`ju`6`sq`1101`pan`5`ibp`1`crf`8`sdy`0`h`24`iec`1`dft`5`ime`5`dmc`0`t`4`dn`1792`fn`1791`msz`255`22`0`c`0`pt`5`sp`s_1_1_194_0`dm`7`w`112`n`1793`pw`0`ph`0`ju`6`sq`1044`pan`5`ibp`1`crf`8`sdy`0`h`24`iec`1`dft`5`ime`5`dmc`0`t`4`dn`1794`fn`1795`msz`18`23`0`c`0`pt`5`sp`s_1_1_6_0`dm`7`w`128`csq`1`n`1796`pw`0`ph`0`ju`6`sq`1031`pan`5`ibp`1`crf`8`sdy`0`h`24`iec`1`dft`5`ime`5`dmc`0`t`4`dn`1797`fn`1796`msz`30`23`0`c`0`pt`5`sp`s_1_1_10_0`dm`7`w`120`csq`1`n`1798`pw`0`ph`0`ju`6`sq`1997`pan`5`ibp`1`crf`8`sdy`0`h`24`iec`1`dft`5`ime`5`dmc`0`t`4`dn`1798`fn`1799`msz`50`23`0`c`0`pt`5`sp`s_1_1_193_0`dm`7`w`168`csq`1`n`1800`pw`0`ph`0`ju`6`sq`1102`pan`5`ibp`1`crf`8`sdy`0`h`24`iec`1`dft`5`ime`5`dmc`0`t`4`dn`1801`fn`1802`msz`30`23`0`c`0`pt`5`sp`s_1_1_16_0`dm`7`w`112`csq`1`n`1803`pw`0`ph`0`ju`6`sq`1055`pan`5`ibp`1`crf`8`sdy`0`h`24`iec`1`dft`5`ime`5`dmc`0`t`4`dn`1804`fn`1805`msz`100`22`0`c`0`pt`5`sp`s_1_1_1_0`dm`7`w`120`n`1806`pw`0`ph`0`ju`6`sq`1997`pan`5`ibp`1`crf`8`sdy`0`h`24`iec`1`dft`637`ime`5`dmc`0`t`1807`dn`1808`fn`1806`msz`255`23`0`c`0`pt`5`sp`s_1_1_33_0`dm`7`w`24`n`1809`pw`0`ph`0`ju`6`sq`1110`pan`5`icm`387`ibp`1`crf`8`sdy`0`h`24`iec`1`dft`5`ime`5`dmc`0`t`92`dn`1810`fn`1809`msz`1`22`0`c`0`pt`5`sp`s_1_1_7_0`dm`7`w`112`n`1811`pw`0`ph`0`ju`6`sq`1997`pan`5`ibp`1`crf`8`sdy`0`h`24`iec`1`dft`5`ime`5`dmc`0`t`4`dn`1812`fn`1811`msz`18`23`0`c`0`pt`5`sp`s_1_1_2_0`dm`7`w`112`csq`1`n`1813`pw`0`ph`0`ju`6`sq`1997`pan`5`ibp`1`crf`8`sdy`0`h`24`iec`1`dft`5`ime`5`dmc`0`t`4`dn`1813`fn`1814`msz`50`22`0`c`0`pt`5`sp`s_1_1_8_0`dm`7`w`112`n`1815`pw`0`ph`0`ju`6`sq`1997`pan`5`ibp`1`crf`8`sdy`0`h`24`iec`1`dft`5`ime`5`dmc`0`t`4`dn`1816`fn`1815`msz`16`1`0`cfm`0`DeleteRecord`IDS_SWE_DELETE_CONFIRM_WARNING`0`7`pcl`0`2`0`pc`0`allowPC`false`External Order #``2`0`pc`0`allowPC`false`Integration Message``2`0`pc`0`allowPC`false`Integration Status``2`0`pc`0`Sold To Address``allowPC`false`2`0`pc`0`allowPC`false`Sold To Site``2`0`pc`0`allowPC`false`HTML Button``2`0`pc`0`allowPC`false`HTML MiniButton``0`1`nla`0`19`5`ai`3`S_A2`nfi`1`n`BT Order Entry - Line Item List Applet (Sales)`cud`4*19551*14*19571*14*19111*14*19091*14*19431*14*19451*14*19471*14*19521*14*19411*13*3671*13*3651*13*3661*14*20491*04*20501*04*20111*04*19051*14*19161*14*19011*14*19181*04*19301*04*19371*04*19041*14*19141*04*19321*04*19341*04*19211*04*19391*04*19221*04*19311*13*8211*04*19361*04*13761*04*15401*04*19231*14*19191*14*14821*14*20511*14*14791*14*14801*14*14811*14*20521*14*20531*14*20541*13*5871*12*451*14*19261*14*20551*12*641*13*6351*13*5891*13*3161*13*6461*13*5901*14*20561*13*1051*12*121*14*20571*14*19291*14*14831*14*14841*14*14851*14*20581*14*13211*14*14861*13*7891*14*14871*14*14881*12*281*14*14891*14*13331*12*401*13*6361*02*391*14*16941*12*441*14*19241*13*3071*12*271*12*311*13*5911*13*4961*14*20591*14*17781*04*20111*04*20001*03*8591*03*8611*04*20121*14*20051*04*20071*04*20371*14*20091*03*8631*03*1251*04*20601*04*14011*04*20611*14*19941*14*20621*04*18291*04*18311*04*18321*04*20631*04*20491*04*20641*04*20651*04*19641*14*19671*14*20161*14*19881*14*19731*04*20201*03*6401*14*20321*14*20341*14*20181*14*20661*04*20671*04*20681*04*13951*04*19771*14*20691*04*20701*04*14901*04*15311*03*9811*14*19701*04*19981*03*6861*14*14641*04*20711*04*20721*03*4771*04*20731*04*20301*04*20141*14*19811*04*20741*04*20281*14*20391*04*20751*04*20761*04*19851*04*20261*13*6241*04*17641*04*20771*03*1521*14*20781*04*20791*04*20801*04*20811*04*20821*04*19611*14*20831*04*20841*04*20851*04*14561*04*14531*04*20861*04*19961*14*18921*04*20871*04*20881*14*20891*04*20901*04*20911*04*20921*04*14911*04*20931*04*11951*14*13921*03*1391*03*6511*04*14921*03*1411*14*14931*14*14941*03*1351*03*1341*04*14951*04*14961*03*1451*04*14971*03*1211*04*17381*04*19921*04*14981*04*14991*14*11531*14*15001*14*15021*04*11141*14*15031*04*15041*04*15051*04*13271*04*13261*03*1531*04*15071*14*15081*04*15091*04*15101*04*15111*04*15121*14*10211*14*20941*04*15131*04*15141*04*15151*04*20951*04*20961*04*20971*04*20981*04*20991*04*21001*04*21011*04*21021*04*21031*04*21041*04*21051*13*7621*14*15161*04*15171*04*15181*04*15191*04*15201*04*15211*04*15221*04*15231*03*6591*14*15241*04*15251*03*8241*04*15261*04*15271*04*15281*04*15291*03*8871*03*1401*04*21061*04*15301*14*15321*04*15331*04*13241*14*15341*04*15351*04*15361*14*15381*04*15391*04*15401*13*1381*03*8881*04*21071*13*8891*04*21081*14*21091*14*15421*04*15431*04*15441*04*15451*04*15461*14*15471*04*15481*04*15491*04*15501*04*15511*04*15521*13*1151*14*15531*14*15541*14*15551*04*15561*04*15571*04*15581*04*21101*04*15591*13*8941*03*1481*04*15601*04*15611*04*15621*04*15631*04*15641*04*21111*04*21121*13*7511*14*21131*04*21141*04*21151*04*21161*04*21171*14*21181*14*21191*14*21201*04*13741*04*21211*04*21221*04*21231*03*2541*03*8331*03*6711*04*21241*04*21251*04*21261*03*8921*04*20231*0`cik`4*19561*14*19581*14*19131*14*19101*14*19441*14*19461*14*19491*14*19541*13*6991*13*3641*14*19071*14*19171*04*19031*14*19041*14*19231*14*19201*14*14681*14*20411*14*14671*14*14131*04*20421*14*20431*14*20441*12*431*02*451*14*19281*14*20451*12*201*03*6351*14*20461*14*20471*14*18711*14*14691*14*14701*14*13231*04*14711*13*7901*04*14721*14*14731*04*14611*14*14741*02*401*02*391*02*441*14*19251*13*3071*12*271*02*311*13*3101*14*20481*02*211*12*221*12*231*12*241*12*251*02*261*12*281*02*291*02*301*02*321*12*331*02*341*12*351*12*361*12*371*02*381*12*411*02*421*02*461*12*471*12*481*02*491*02*501*02*511*02*521*02*531*02*541*12*551*14*13301*04*13311*14*14751*14*14761*04*14771*14*14661*12*561*02*571*0`pf`VER_1.0_~0|Outline Number|20~0|State|10~0|Product|300~0|Item Price|55~0|Service Point|100~0|Service Id|100~0|Hazard Notes|100~0|Billing Account Number|100~0|BT NRC Payment Type|100~0|Due Date|90~0|BT Appointment Id|100~0|BT Appointment Start|100~0|Action Code|55~0|Status|100~0|Sub-Status|130~0|Completion Date|100~0|BT Commitment Date|100~0|Extended Quantity|100~0|Unit of Measure|100~0|BT External Order Reference|100~0|Cease Order Reason|100~0|Competitor|100~0|Recovery Action|100~0|Ship To Contact - First Name|100~0|Revision_Status|100~0|BT Cease Instruction|100~0|BT External Flag|100~1|Service Start Date|100~1|Service End Date|100~0|BT Appointment Change Reason|100~1|BT KCI Status|100~0|BT Stock Level|100~0|BT Ship To Address PostCode|100~0|Delivery Method|100~0|BT Alert Type|100~0|BT Base Promotion Integration Id|100~1|BT Line Item Completion Date|100~0|Delivery Status|100~0|BT Offer Promotion Integration Id|100~0|BT TBYB Promotion Integration Id|100~0|BT Previous Base Promotion Integration Id|100~0|BT Previous Offer Promotion Integration Id|100~0|BT TBYB Previous Promotion Integration Id|100~0|Asset Integration Id|100~0|BT Override Context|100~0|RFP Subcategory|100~0|BT Billing Override Date|100~0|BT Service Address Post Code|100~1|Ship To Account Location|100~0|BT Delivery Address Details|176~0|Waive Delivery Charge|100~0|BT Credit Risk|100~0|Quantity Requested|20~0|SendReturnsPackaging|100~0|ReplacementType|100~0|Product Deposit|100~0|Product PIA|100~0|BT On Behalf Of|100~0|BT Provision Instruction|100~0|BT Revision Reason|100~0|Retail BB SID|100~0|Ship To Contact - Last Name|100`shd`50*BT_Order_Entry__Line_Item_List_Applet_Sales_Applet84*srf1592409810_444/bscripts/all/applet_bt_order_entry__line_item_list_applet_sales.js`rct`16`asq`1`ied`1`vrn`S_A2`tt`639`inu`0`hmn`1`rsp`false`bnr`0`iem``bci`S_BC2`hlc`3*a_21*11*2`i`2`0`45`cl`0`23`1`c`0`pt`5`sp`s_2_1_17_0`dm`7`w`0`n`1901`pw`0`ph`0`ju`6`sq`2997`pan`5`mn`1903`ibp`1`crf`8`sdy`0`h`0`iec`1`dft`5`ime`5`dmc`0`t`67`dn`1902`fn`5`msz`32`14`0`imp`0`SWEField`s_2_1_17_0`SWENeedContext`true`SWER`0`SWESP`false`SWERowIds`SWERowId0=3-61EV8AO3`SWEMethod`FollowonOrderSvc`SWECmd`InvokeMethod`SWEDIC`false`SWEReqRowId`0`SWEView`Order Entry - Line Items Detail View (Sales)`SWEC`84`SWEBID`-1`SRN`xK7T2pIB2ZOV15hwlQxQF5reKcoUB8VpMTZr7we8uAEb`SWEApplet`BT Order Entry - Line Item List Applet (Sales)`23`1`c`0`pt`5`sp`s_2_1_21_0`dm`7`w`0`n`1904`pw`0`ph`0`ju`6`sq`2997`pan`5`mn`1904`ibp`1`crf`8`sdy`0`h`0`iec`1`dft`5`ime`5`dmc`0`t`67`dn`1904`fn`5`msz`32`14`0`imp`0`SWEField`s_2_1_21_0`SWENeedContext`true`SWER`0`SWESP`false`SWERowIds`SWERowId0=3-61EV8AO3`SWEMethod`CascadeCAD`SWECmd`InvokeMethod`SWEDIC`false`SWEReqRowId`0`SWEView`Order Entry - Line Items Detail View (Sales)`SWEC`84`SWEBID`-1`SRN`xK7T2pIB2ZOV15hwlQxQF5reKcoUB8VpMTZr7we8uAEb`SWEApplet`BT Order Entry - Line Item List Applet (Sales)`23`1`c`0`pt`5`sp`s_2_1_15_0`dm`7`w`0`n`1905`pw`0`ph`0`ju`94`sq`2997`pan`5`mn`1907`ibp`1`crf`8`sdy`0`h`0`iec`1`dft`5`ime`5`dmc`0`t`67`dn`1906`fn`5`msz`32`14`0`imp`0`SWEField`s_2_1_15_0`SWENeedContext`true`SWER`0`SWESP`false`SWERowIds`SWERowId0=3-61EV8AO3`SWEMethod`EventMethodBTCancelAll`SWECmd`InvokeMethod`SWEDIC`false`SWEReqRowId`0`SWEView`Order Entry - Line Items Detail View (Sales)`SWEC`84`SWEBID`-1`SRN`xK7T2pIB2ZOV15hwlQxQF5reKcoUB8VpMTZr7we8uAEb`SWEApplet`BT Order Entry - Line Item List Applet (Sales)`23`1`c`0`pt`5`sp`s_2_1_69_0`dm`7`w`0`n`1333`pw`0`ph`0`ju`6`sq`2997`pan`5`mn`699`ibp`1`crf`8`sdy`0`h`0`iec`1`dft`5`ime`5`dmc`0`t`67`dn`1567`fn`5`msz`32`18`0`imp`0`SWEField`s_2_1_69_0`SWENeedContext`true`SWER`0`SWESP`true`SWERowIds`SWERowId0=3-61EV8AO3`SWEMethod`ShowPopup`SWECmd`InvokeMethod`SWEH`100`SWEDIC`true`SWEReqRowId`0`SWEView`Order Entry - Line Items Detail View (Sales)`SWEC`84`SWEW`300`SWEM`Edit List`SWEBID`-1`SRN`xK7T2pIB2ZOV15hwlQxQF5reKcoUB8VpMTZr7we8uAEb`SWETA`Product Popup Applet`SWEApplet`BT Order Entry - Line Item List Applet (Sales)`23`1`c`0`pt`5`sp`s_2_1_47_0`dm`7`w`0`n`64`pw`0`ph`0`ju`6`sq`2997`pan`5`mn`20`ibp`1`crf`8`sdy`0`h`0`iec`1`dft`5`ime`5`dmc`0`t`67`dn`652`fn`5`msz`32`18`0`imp`0`SWEField`s_2_1_47_0`SWENeedContext`true`SWER`0`SWESP`true`SWERowIds`SWERowId0=3-61EV8AO3`SWEMethod`ShowQueryAssistant`SWECmd`InvokeMethod`SWEH`100`SWEDIC`true`SWEReqRowId`0`SWEView`Order Entry - Line Items Detail View (Sales)`SWEC`84`SWEW`300`SWEM`Edit`SWEBID`-1`SRN`xK7T2pIB2ZOV15hwlQxQF5reKcoUB8VpMTZr7we8uAEb`SWETA`Query Assistant`SWEApplet`BT Order Entry - Line Item List Applet (Sales)`23`1`c`0`pt`5`sp`s_2_1_60_0`dm`5`w`0`n`1485`pw`0`ph`0`ju`6`sq`2997`pan`5`mn`699`ibp`1`crf`8`sdy`0`h`0`iec`1`dft`5`ime`5`dmc`0`t`67`dn`1567`fn`5`msz`32`18`0`imp`0`SWEField`s_2_1_60_0`SWENeedContext`true`SWER`0`SWESP`true`SWERowIds`SWERowId0=3-61EV8AO3`SWEMethod`ShowPopup`SWECmd`InvokeMethod`SWEH`100`SWEDIC`true`SWEReqRowId`0`SWEView`Order Entry - Line Items Detail View (Sales)`SWEC`84`SWEW`300`SWEM`Edit List`SWEBID`-1`SRN`xK7T2pIB2ZOV15hwlQxQF5reKcoUB8VpMTZr7we8uAEb`SWETA`Product Popup Applet`SWEApplet`BT Order Entry - Line Item List Applet (Sales)`23`1`c`0`pt`5`sp`s_2_1_62_0`dm`5`w`0`n`1321`pw`0`ph`0`ju`6`sq`2997`pan`5`mn`1323`ibp`1`crf`8`sdy`0`h`0`iec`1`dft`5`ime`5`dmc`0`t`67`dn`1908`fn`5`msz`32`14`0`imp`0`SWEField`s_2_1_62_0`SWENeedContext`true`SWER`0`SWESP`false`SWERowIds`SWERowId0=3-61EV8AO3`SWEMethod`ReconfigureCxProd`SWECmd`InvokeMethod`SWEDIC`false`SWEReqRowId`0`SWEView`Order Entry - Line Items Detail View (Sales)`SWEC`84`SWEBID`-1`SRN`xK7T2pIB2ZOV15hwlQxQF5reKcoUB8VpMTZr7we8uAEb`SWEApplet`BT Order Entry - Line Item List Applet (Sales)`23`1`c`0`pt`5`sp`s_2_1_58_0`dm`5`w`0`n`1483`pw`0`ph`0`ju`6`sq`2997`pan`5`mn`1469`ibp`1`crf`8`sdy`0`h`0`iec`1`dft`5`ime`5`dmc`0`t`67`dn`1469`fn`5`msz`32`14`0`imp`0`SWEField`s_2_1_58_0`SWENeedContext`true`SWER`0`SWESP`false`SWERowIds`SWERowId0=3-61EV8AO3`SWEMethod`Reprice`SWECmd`InvokeMethod`SWEDIC`false`SWEReqRowId`0`SWEView`Order Entry - Line Items Detail View (Sales)`SWEC`84`SWEBID`-1`SRN`xK7T2pIB2ZOV15hwlQxQF5reKcoUB8VpMTZr7we8uAEb`SWEApplet`BT Order Entry - Line Item List Applet (Sales)`23`1`c`0`pt`5`sp`s_2_1_3_0`dm`7`w`0`n`1909`pw`0`ph`0`ju`6`sq`2997`pan`5`mn`1910`ibp`1`crf`8`sdy`0`h`0`iec`1`dft`5`ime`5`dmc`0`t`67`dn`1909`fn`5`msz`32`14`0`imp`0`SWEField`s_2_1_3_0`SWENeedContext`true`SWER`0`SWESP`false`SWERowIds`SWERowId0=3-61EV8AO3`SWEMethod`GetTarget`SWECmd`InvokeMethod`SWEDIC`false`SWEReqRowId`0`SWEView`Order Entry - Line Items Detail View (Sales)`SWEC`84`SWEBID`-1`SRN`xK7T2pIB2ZOV15hwlQxQF5reKcoUB8VpMTZr7we8uAEb`SWEApplet`BT Order Entry - Line Item List Applet (Sales)`23`1`c`0`pt`5`sp`s_2_1_2_0`dm`7`w`0`n`1911`pw`0`ph`0`ju`6`sq`2997`pan`5`mn`1913`ibp`1`crf`8`sdy`0`h`0`iec`1`dft`5`ime`5`dmc`0`t`67`dn`1912`fn`5`msz`32`18`0`imp`0`SWEField`s_2_1_2_0`SWENeedContext`true`SWER`0`SWESP`true`SWERowIds`SWERowId0=3-61EV8AO3`SWEMethod`ExistingPricePoint`SWECmd`InvokeMethod`SWEH`1000`SWEDIC`true`SWEReqRowId`0`SWEView`Order Entry - Line Items Detail View (Sales)`SWEC`84`SWEW`1000`SWEM`Edit`SWEBID`-1`SRN`xK7T2pIB2ZOV15hwlQxQF5reKcoUB8VpMTZr7we8uAEb`SWETA`BT DBP SalesOrder List ExistingPrice Applet`SWEApplet`BT Order Entry - Line Item List Applet (Sales)`23`0`c`0`pt`5`sp`s_2_1_22_0`dm`7`w`0`csq`1`n`1914`pw`0`ph`0`ju`6`sq`2997`pan`5`ibp`1`crf`8`sdy`0`h`0`iec`1`dft`5`ime`5`dmc`0`t`438`dn`1914`fn`1915`msz`50`23`1`c`0`pt`5`sp`s_2_1_16_0`dm`7`w`0`n`1916`pw`0`ph`0`ju`6`sq`2997`pan`5`mn`1917`ibp`1`crf`8`sdy`0`h`0`iec`1`dft`5`ime`5`dmc`0`t`67`dn`1917`fn`5`msz`32`14`0`imp`0`SWEField`s_2_1_16_0`SWENeedContext`true`SWER`0`SWESP`false`SWERowIds`SWERowId0=3-61EV8AO3`SWEMethod`CancelAmend`SWECmd`InvokeMethod`SWEDIC`false`SWEReqRowId`0`SWEView`Order Entry - Line Items Detail View (Sales)`SWEC`84`SWEBID`-1`SRN`xK7T2pIB2ZOV15hwlQxQF5reKcoUB8VpMTZr7we8uAEb`SWEApplet`BT Order Entry - Line Item List Applet (Sales)`23`0`c`0`pt`5`sp`s_2_1_29_0`dm`7`w`0`csq`1`n`821`pw`0`ph`0`ju`6`sq`2997`pan`5`ibp`1`crf`8`sdy`0`h`0`iec`1`dft`5`ime`5`dmc`0`t`438`dn`821`fn`821`msz`30`25`1`c`0`pt`5`sp`s_2_1_70_0`dm`7`w`0`n`40`eb`&lt;img src=&quot;images/rcnv_nxtset_1.gif&quot; border=&quot;0&quot; space=&quot;0&quot; hspace=&quot;0&quot; alt=&quot;Next record set&quot;  title=&quot;Next record set&quot; &gt;`pw`0`db`&lt;img src=&quot;images/rcnv_nxtset_0.gif&quot; border=&quot;0&quot; space=&quot;0&quot; hspace=&quot;0&quot; alt=&quot;Next record set&quot;  title=&quot;Next record set&quot; &gt;`ph`0`ju`6`sq`2997`pan`5`mn`40`ibp`1`crf`8`sdy`0`h`0`iec`1`dft`5`ime`5`dmc`0`t`67`dn`5`fn`5`msz`32`14`0`imp`0`SWEField`s_2_1_70_0`SWENeedContext`true`SWER`0`SWESP`false`SWERowIds`SWERowId0=3-61EV8AO3`SWEMethod`GotoNextSet`SWECmd`InvokeMethod`SWEDIC`false`SWEReqRowId`0`SWEView`Order Entry - Line Items Detail View (Sales)`SWEC`84`SWEBID`-1`SRN`xK7T2pIB2ZOV15hwlQxQF5reKcoUB8VpMTZr7we8uAEb`SWEApplet`BT Order Entry - Line Item List Applet (Sales)`25`1`c`0`pt`5`sp`s_2_1_72_0`dm`7`w`0`n`39`eb`&lt;img src=&quot;images/rcnv_prvset_1.gif&quot; border=&quot;0&quot; space=&quot;0&quot; hspace=&quot;0&quot; alt=&quot;Previous record set&quot;  title=&quot;Previous record set&quot; &gt;`pw`0`db`&lt;img src=&quot;images/rcnv_prvset_0.gif&quot; border=&quot;0&quot; space=&quot;0&quot; hspace=&quot;0&quot; alt=&quot;Previous record set&quot;  title=&quot;Previous record set&quot; &gt;`ph`0`ju`6`sq`2997`pan`5`mn`39`ibp`1`crf`8`sdy`0`h`0`iec`1`dft`5`ime`5`dmc`0`t`67`dn`5`fn`5`msz`32`14`0`imp`0`SWEField`s_2_1_72_0`SWENeedContext`true`SWER`0`SWESP`false`SWERowIds`SWERowId0=3-61EV8AO3`SWEMethod`GotoPreviousSet`SWECmd`InvokeMethod`SWEDIC`false`SWEReqRowId`0`SWEView`Order Entry - Line Items Detail View (Sales)`SWEC`84`SWEBID`-1`SRN`xK7T2pIB2ZOV15hwlQxQF5reKcoUB8VpMTZr7we8uAEb`SWEApplet`BT Order Entry - Line Item List Applet (Sales)`25`1`c`0`pt`5`sp`s_2_1_79_0`dm`7`w`0`n`591`eb`&lt;img src=&quot;images/row_off_d.gif&quot; border=&quot;0&quot; space=&quot;0&quot; hspace=&quot;0&quot; alt=&quot;Select record&quot;  title=&quot;Select record&quot; &gt;`pw`0`db`&lt;img src=&quot;images/row_on_d.gif&quot; border=&quot;0&quot; space=&quot;0&quot; hspace=&quot;0&quot; alt=&quot;Record selected&quot;  title=&quot;Record selected&quot; &gt;`ph`0`ju`6`sq`2997`pan`5`mn`310`ibp`1`crf`8`sdy`0`h`0`iec`1`dft`5`ime`5`dmc`0`t`67`dn`5`fn`5`msz`32`14`0`imp`0`SWEField`s_2_1_79_0`SWENeedContext`true`SWER`0`SWESP`false`SWERowIds`SWERowId0=3-61EV8AO3`SWEMethod`PositionOnRow`SWECmd`InvokeMethod`SWEDIC`false`SWEReqRowId`0`SWEView`Order Entry - Line Items Detail View (Sales)`SWEC`84`SWEBID`-1`SRN`xK7T2pIB2ZOV15hwlQxQF5reKcoUB8VpMTZr7we8uAEb`SWEApplet`BT Order Entry - Line Item List Applet (Sales)`23`1`c`0`pt`5`sp`s_2_1_43_0`dm`7`w`0`n`587`pw`0`ph`0`ju`6`sq`2997`pan`5`mn`43`ibp`1`crf`8`sdy`0`h`0`iec`1`dft`5`ime`5`dmc`0`t`67`dn`393`fn`5`msz`32`14`0`imp`0`SWEField`s_2_1_43_0`SWENeedContext`true`SWER`0`SWESP`false`SWERowIds`SWERowId0=3-61EV8AO3`SWEMethod`UndoQuery`SWECmd`InvokeMethod`SWEDIC`false`SWEReqRowId`0`SWEView`Order Entry - Line Items Detail View (Sales)`SWEC`84`SWEBID`-1`SRN`xK7T2pIB2ZOV15hwlQxQF5reKcoUB8VpMTZr7we8uAEb`SWEApplet`BT Order Entry - Line Item List Applet (Sales)`23`0`c`0`pt`5`sp`s_2_1_18_0`dm`7`w`0`csq`1`n`1918`pw`0`ph`0`ju`6`sq`2997`pan`5`ibp`1`crf`8`sdy`0`h`0`iec`1`dft`5`ime`5`dmc`0`t`438`dn`1918`fn`1918`msz`30`23`1`c`0`pt`5`sp`s_2_1_34_0`dm`7`w`0`n`1919`pw`0`ph`0`ju`6`sq`2997`pan`5`mn`1920`ibp`1`crf`8`sdy`0`h`0`iec`1`dft`5`ime`5`dmc`0`t`67`dn`1919`fn`5`msz`32`14`0`imp`0`SWEField`s_2_1_34_0`SWENeedContext`true`SWER`0`SWESP`false`SWERowIds`SWERowId0=3-61EV8AO3`SWEMethod`ViewSupplierNotes`SWECmd`InvokeMethod`SWEDIC`false`SWEReqRowId`0`SWEView`Order Entry - Line Items Detail View (Sales)`SWEC`84`SWEBID`-1`SRN`xK7T2pIB2ZOV15hwlQxQF5reKcoUB8VpMTZr7we8uAEb`SWEApplet`BT Order Entry - Line Item List Applet (Sales)`23`1`c`0`pt`5`sp`s_2_1_44_0`dm`7`w`0`n`45`pw`0`ph`0`ju`6`sq`2997`pan`5`mn`45`ibp`1`crf`8`sdy`0`h`0`iec`1`dft`5`ime`5`dmc`0`t`67`dn`392`fn`5`msz`32`14`0`imp`0`SWEField`s_2_1_44_0`SWENeedContext`true`SWER`0`SWESP`false`SWERowIds`SWERowId0=3-61EV8AO3`SWEMethod`ExecuteQuery`SWECmd`InvokeMethod`SWEDIC`false`SWEReqRowId`0`SWEView`Order Entry - Line Items Detail View (Sales)`SWEC`84`SWEBID`-1`SRN`xK7T2pIB2ZOV15hwlQxQF5reKcoUB8VpMTZr7we8uAEb`SWEApplet`BT Order Entry - Line Item List Applet (Sales)`23`0`c`0`pt`5`sp`s_2_1_25_0`dm`7`w`0`csq`1`n`1921`pw`0`ph`0`ju`6`sq`2997`pan`5`ibp`1`crf`8`sdy`0`h`0`iec`1`dft`5`ime`5`dmc`0`t`438`dn`1921`fn`1921`msz`30`23`0`c`0`pt`5`sp`s_2_1_27_0`dm`7`w`0`csq`1`n`1922`pw`0`ph`0`ju`6`sq`2997`pan`5`ibp`1`crf`8`sdy`0`h`0`iec`1`dft`5`ime`5`dmc`0`t`438`dn`1922`fn`1922`msz`15`23`1`c`0`pt`5`sp`s_2_1_67_0`dm`7`w`0`n`28`pw`0`ph`0`ju`6`sq`2997`pan`5`mn`1461`ibp`1`crf`8`sdy`0`h`0`iec`1`dft`5`ime`5`dmc`0`t`67`dn`531`fn`5`msz`32`14`0`imp`0`SWEField`s_2_1_67_0`SWENeedContext`true`SWER`0`SWESP`false`SWERowIds`SWERowId0=3-61EV8AO3`SWEMethod`BTDeleteLineItem`SWECmd`InvokeMethod`SWEDIC`false`SWEReqRowId`0`SWEView`Order Entry - Line Items Detail View (Sales)`SWEC`84`SWEBID`-1`SRN`xK7T2pIB2ZOV15hwlQxQF5reKcoUB8VpMTZr7we8uAEb`SWEApplet`BT Order Entry - Line Item List Applet (Sales)`23`1`c`0`pt`5`sp`s_2_1_33_0`dm`7`w`0`n`1923`pw`0`ph`0`ju`6`sq`2997`pan`5`mn`1923`ibp`1`crf`8`sdy`0`h`0`iec`1`dft`5`ime`5`dmc`0`t`67`dn`1923`fn`5`msz`32`14`0`imp`0`SWEField`s_2_1_33_0`SWENeedContext`true`SWER`0`SWESP`false`SWERowIds`SWERowId0=3-61EV8AO3`SWEMethod`SetCAD`SWECmd`InvokeMethod`SWEDIC`false`SWEReqRowId`0`SWEView`Order Entry - Line Items Detail View (Sales)`SWEC`84`SWEBID`-1`SRN`xK7T2pIB2ZOV15hwlQxQF5reKcoUB8VpMTZr7we8uAEb`SWEApplet`BT Order Entry - Line Item List Applet (Sales)`23`1`c`0`pt`5`sp`s_2_1_75_0`dm`7`w`0`n`1924`pw`0`ph`0`ju`6`sq`2997`pan`5`mn`1925`ibp`1`crf`8`sdy`0`h`0`iec`1`dft`5`ime`5`dmc`0`t`67`dn`86`fn`5`msz`32`14`0`imp`0`SWEField`s_2_1_75_0`SWENeedContext`true`SWER`0`SWESP`false`SWERowIds`SWERowId0=3-61EV8AO3`SWEMethod`ExpandAll`SWECmd`InvokeMethod`SWEDIC`false`SWEReqRowId`0`SWEView`Order Entry - Line Items Detail View (Sales)`SWEC`84`SWEBID`-1`SRN`xK7T2pIB2ZOV15hwlQxQF5reKcoUB8VpMTZr7we8uAEb`SWEApplet`BT Order Entry - Line Item List Applet (Sales)`23`1`c`0`pt`5`sp`s_2_1_45_0`dm`5`w`0`n`1926`pw`0`ph`0`ju`6`sq`2997`pan`5`mn`1928`ibp`1`crf`8`sdy`0`h`0`iec`1`dft`5`ime`5`dmc`0`t`67`dn`1927`fn`5`msz`32`14`0`imp`0`SWEField`s_2_1_45_0`SWENeedContext`true`SWER`0`SWESP`false`SWERowIds`SWERowId0=3-61EV8AO3`SWEMethod`BTConfigure`SWECmd`InvokeMethod`SWEDIC`false`SWEReqRowId`0`SWEView`Order Entry - Line Items Detail View (Sales)`SWEC`84`SWEBID`-1`SRN`xK7T2pIB2ZOV15hwlQxQF5reKcoUB8VpMTZr7we8uAEb`SWEApplet`BT Order Entry - Line Item List Applet (Sales)`23`1`c`0`pt`5`sp`s_2_1_57_0`dm`7`w`0`n`1929`pw`0`ph`0`ju`6`sq`2997`pan`5`mn`1871`ibp`1`crf`8`sdy`0`h`0`iec`1`dft`5`ime`5`dmc`0`t`67`dn`1872`fn`5`msz`32`14`0`imp`0`SWEField`s_2_1_57_0`SWENeedContext`true`SWER`0`SWESP`false`SWERowIds`SWERowId0=3-61EV8AO3`SWEMethod`EditPromotion`SWECmd`InvokeMethod`SWEDIC`false`SWEReqRowId`0`SWEView`Order Entry - Line Items Detail View (Sales)`SWEC`84`SWEBID`-1`SRN`xK7T2pIB2ZOV15hwlQxQF5reKcoUB8VpMTZr7we8uAEb`SWEApplet`BT Order Entry - Line Item List Applet (Sales)`23`0`c`0`pt`5`sp`s_2_1_19_0`dm`7`w`0`csq`1`n`1930`pw`0`ph`0`ju`6`sq`2997`pan`5`ibp`1`crf`8`sdy`0`h`0`iec`1`dft`5`ime`5`dmc`0`t`438`dn`1930`fn`1930`msz`50`23`0`c`0`pt`5`sp`s_2_1_28_0`dm`7`w`0`csq`1`n`1931`pw`0`ph`0`ju`6`sq`2997`pan`5`ibp`1`crf`8`sdy`0`h`0`iec`1`dft`5`ime`5`dmc`0`t`438`dn`1931`fn`1526`msz`50`25`1`c`0`pt`5`sp`s_2_1_48_0`dm`7`w`0`n`635`eb`&lt;img src=&quot;images/btn_more.gif&quot; border=&quot;0&quot; space=&quot;0&quot; hspace=&quot;0&quot; alt=&quot;Show more&quot;  title=&quot;Show more&quot; &gt;`pw`0`ph`0`ju`6`sq`2997`pan`5`icm`635`mn`635`ibp`1`crf`8`sdy`0`h`0`iec`1`dft`5`ime`5`dmc`0`t`10`dn`5`fn`5`msz`32`14`0`imp`0`SWEField`s_2_1_48_0`SWENeedContext`true`SWER`0`SWESP`false`SWERowIds`SWERowId0=3-61EV8AO3`SWEMethod`ToggleListRowCount`SWECmd`InvokeMethod`SWEDIC`false`SWEReqRowId`0`SWEView`Order Entry - Line Items Detail View (Sales)`SWEC`84`SWEBID`-1`SRN`xK7T2pIB2ZOV15hwlQxQF5reKcoUB8VpMTZr7we8uAEb`SWEApplet`BT Order Entry - Line Item List Applet (Sales)`23`0`c`0`pt`5`sp`s_2_1_23_0`dm`7`w`0`csq`1`n`1932`pw`0`ph`0`ju`6`sq`2997`pan`5`ibp`1`crf`8`sdy`0`h`0`iec`1`dft`5`ime`5`dmc`0`t`438`dn`1932`fn`1933`msz`255`23`0`c`0`pt`5`sp`s_2_1_24_0`dm`7`w`0`csq`1`n`1934`pw`0`ph`0`ju`6`sq`2997`pan`5`ibp`1`crf`8`sdy`0`h`0`iec`1`dft`5`ime`5`dmc`0`t`438`dn`1934`fn`1935`msz`255`23`0`c`0`pt`5`sp`s_2_1_30_0`dm`7`w`0`csq`1`n`1936`pw`0`ph`0`ju`6`sq`2997`pan`5`ibp`1`crf`8`sdy`0`h`0`iec`1`dft`5`ime`5`dmc`0`t`438`dn`1936`fn`1532`msz`30`23`0`c`0`pt`5`sp`s_2_1_20_0`dm`7`w`0`csq`1`n`1937`pw`0`ph`0`ju`6`sq`2997`pan`5`ibp`1`crf`8`sdy`0`h`0`iec`1`dft`5`ime`5`dmc`0`t`438`dn`1937`fn`1938`msz`255`23`0`c`0`pt`5`sp`s_2_1_26_0`dm`7`w`0`csq`1`n`1939`pw`0`ph`0`ju`6`sq`2997`pan`5`ibp`1`crf`8`sdy`0`h`0`iec`1`dft`5`ime`5`dmc`0`t`438`dn`1939`fn`1940`msz`15`23`1`c`0`pt`5`sp`s_2_1_8_0`dm`7`w`0`n`1941`pw`0`ph`0`ju`6`sq`2997`pan`5`mn`699`ibp`1`crf`8`sdy`0`h`0`iec`1`dft`5`ime`5`dmc`0`t`67`dn`1942`fn`5`msz`32`18`0`imp`0`SWEField`s_2_1_8_0`SWENeedContext`true`SWER`0`SWESP`true`SWERowIds`SWERowId0=3-61EV8AO3`SWEMethod`ShowPopup`SWECmd`InvokeMethod`SWEH`100`SWEDIC`true`SWEReqRowId`0`SWEView`Order Entry - Line Items Detail View (Sales)`SWEC`84`SWEW`300`SWEM`Edit`SWEBID`-1`SRN`xK7T2pIB2ZOV15hwlQxQF5reKcoUB8VpMTZr7we8uAEb`SWETA`BT Mobile Cross Account Transfer Applet`SWEApplet`BT Order Entry - Line Item List Applet (Sales)`23`1`c`0`pt`5`sp`s_2_1_4_0`dm`7`w`0`n`1943`pw`0`ph`0`ju`6`sq`2997`pan`5`mn`1944`ibp`1`crf`8`sdy`0`h`0`iec`1`dft`5`ime`5`dmc`0`t`67`dn`1943`fn`5`msz`32`14`0`imp`0`SWEField`s_2_1_4_0`SWENeedContext`true`SWER`0`SWESP`false`SWERowIds`SWERowId0=3-61EV8AO3`SWEMethod`HandsetCreditSales`SWECmd`InvokeMethod`SWEDIC`false`SWEReqRowId`0`SWEView`Order Entry - Line Items Detail View (Sales)`SWEC`84`SWEBID`-1`SRN`xK7T2pIB2ZOV15hwlQxQF5reKcoUB8VpMTZr7we8uAEb`SWEApplet`BT Order Entry - Line Item List Applet (Sales)`23`1`c`0`pt`5`sp`s_2_1_5_0`dm`7`w`0`n`1945`pw`0`ph`0`ju`6`sq`2997`pan`5`mn`1946`ibp`1`crf`8`sdy`0`h`0`iec`1`dft`5`ime`5`dmc`0`t`67`dn`1945`fn`5`msz`32`14`0`imp`0`SWEField`s_2_1_5_0`SWENeedContext`true`SWER`0`SWESP`false`SWERowIds`SWERowId0=3-61EV8AO3`SWEMethod`HandsetOutrightSales`SWECmd`InvokeMethod`SWEDIC`false`SWEReqRowId`0`SWEView`Order Entry - Line Items Detail View (Sales)`SWEC`84`SWEBID`-1`SRN`xK7T2pIB2ZOV15hwlQxQF5reKcoUB8VpMTZr7we8uAEb`SWEApplet`BT Order Entry - Line Item List Applet (Sales)`23`1`c`0`pt`5`sp`s_2_1_6_0`dm`7`w`0`n`1947`pw`0`ph`0`ju`6`sq`2997`pan`5`mn`1949`ibp`1`crf`8`sdy`0`h`0`iec`1`dft`5`ime`5`dmc`0`t`67`dn`1948`fn`5`msz`32`14`0`imp`0`SWEField`s_2_1_6_0`SWENeedContext`true`SWER`0`SWESP`false`SWERowIds`SWERowId0=3-61EV8AO3`SWEMethod`BTOneOffChargeCalc`SWECmd`InvokeMethod`SWEDIC`false`SWEReqRowId`0`SWEView`Order Entry - Line Items Detail View (Sales)`SWEC`84`SWEBID`-1`SRN`xK7T2pIB2ZOV15hwlQxQF5reKcoUB8VpMTZr7we8uAEb`SWEApplet`BT Order Entry - Line Item List Applet (Sales)`22`0`c`0`pt`5`sp`s_2_1_32_0`dm`7`w`0`n`1540`pw`0`ph`0`ju`6`sq`2997`pan`5`ibp`1`crf`8`sdy`0`h`0`iec`1`dft`5`ime`5`dmc`0`t`438`dn`1540`fn`1540`msz`32`22`0`c`0`pt`5`sp`s_2_1_31_0`dm`7`w`0`n`1376`pw`0`ph`0`ju`6`sq`2997`pan`5`ibp`1`crf`8`sdy`0`h`0`iec`1`dft`5`ime`5`dmc`0`t`438`dn`1950`fn`1950`msz`18`23`0`c`0`pt`5`sp`s_2_1_82_0`dm`7`w`0`csq`1`n`1778`pw`0`ph`0`ju`6`sq`2997`pan`5`ibp`1`crf`8`sdy`0`h`0`iec`1`dft`5`ime`5`dmc`0`t`438`dn`1778`fn`1951`msz`255`23`1`c`0`pt`5`sp`s_2_1_7_0`dm`7`w`0`n`1952`pw`0`ph`0`ju`6`sq`2997`pan`5`mn`1954`ibp`1`crf`8`sdy`0`h`0`iec`1`dft`5`ime`5`dmc`0`t`67`dn`1953`fn`5`msz`32`14`0`imp`0`SWEField`s_2_1_7_0`SWENeedContext`true`SWER`0`SWESP`false`SWERowIds`SWERowId0=3-61EV8AO3`SWEMethod`fnActCharge`SWECmd`InvokeMethod`SWEDIC`false`SWEReqRowId`0`SWEView`Order Entry - Line Items Detail View (Sales)`SWEC`84`SWEBID`-1`SRN`xK7T2pIB2ZOV15hwlQxQF5reKcoUB8VpMTZr7we8uAEb`SWEApplet`BT Order Entry - Line Item List Applet (Sales)`23`1`c`0`pt`5`sp`s_2_1_0_0`dm`7`w`0`n`1955`pw`0`ph`0`ju`6`sq`2997`pan`5`mn`1956`ibp`1`crf`8`sdy`0`h`0`iec`1`dft`5`ime`5`dmc`0`t`67`dn`1955`fn`5`msz`32`14`0`imp`0`SWEField`s_2_1_0_0`SWENeedContext`true`SWER`0`SWESP`false`SWERowIds`SWERowId0=3-61EV8AO3`SWEMethod`AddMarkerProduct`SWECmd`InvokeMethod`SWEDIC`false`SWEReqRowId`0`SWEView`Order Entry - Line Items Detail View (Sales)`SWEC`84`SWEBID`-1`SRN`xK7T2pIB2ZOV15hwlQxQF5reKcoUB8VpMTZr7we8uAEb`SWEApplet`BT Order Entry - Line Item List Applet (Sales)`23`1`c`0`pt`5`sp`s_2_1_1_0`dm`7`w`0`n`1957`pw`0`ph`0`ju`6`sq`2997`pan`5`mn`1958`ibp`1`crf`8`sdy`0`h`0`iec`1`dft`5`ime`5`dmc`0`t`67`dn`1957`fn`5`msz`32`14`0`imp`0`SWEField`s_2_1_1_0`SWENeedContext`true`SWER`0`SWESP`false`SWERowIds`SWERowId0=3-61EV8AO3`SWEMethod`DeleteAOSO`SWECmd`InvokeMethod`SWEDIC`false`SWEReqRowId`0`SWEView`Order Entry - Line Items Detail View (Sales)`SWEC`84`SWEBID`-1`SRN`xK7T2pIB2ZOV15hwlQxQF5reKcoUB8VpMTZr7we8uAEb`SWEApplet`BT Order Entry - Line Item List Applet (Sales)`1`0`cfm`0`DeleteRecord`IDS_SWE_DELETE_CONFIRM_WARNING`0`57`col`0`24`0`co`0`pt`5`sp`s_2_2_233_`dm`7`w`20`csq`1`n`824`pw`0`ph`0`ju`6`sq`2997`pan`5`ibp`1`crf`8`sdy`0`h`0`iec`1`dft`5`cix`0`ime`5`dmc`0`t`4`dn`825`fn`824`msz`255`25`0`co`0`pt`5`sp`s_2_2_144_`dm`7`w`10`csq`1`n`624`pw`0`ph`0`ju`6`sq`2997`pan`5`icm`830`ibp`1`crf`8`sdy`0`h`0`iec`1`dft`5`cix`1`ime`5`dmc`0`t`4`dn`1959`fn`624`msz`255`27`0`co`0`pt`5`sp`s_2_2_239_`dm`5`w`300`csq`1`n`140`pw`300`pat`Pick`ist`1`ph`100`ju`6`sq`2997`ied`1`pan`5`ibp`1`crf`8`sdy`0`h`0`iec`1`dft`5`cix`2`ime`5`dmc`0`t`4`dn`140`fn`140`msz`100`25`0`co`0`pt`5`sp`s_2_2_208_`dm`5`w`55`n`1514`pw`300`pat`Detail`ph`100`ju`103`sq`2997`ied`1`pan`5`ibp`1`crf`1960`sdy`0`h`0`iec`1`dft`5`cix`3`ime`5`dmc`0`t`102`dn`1329`fn`1462`msz`25`27`0`co`0`pt`5`sp`s_2_2_301_`dm`7`w`100`csq`1`n`671`pw`300`pat`Pick`ist`1`ph`100`ju`6`sq`2997`ied`1`pan`5`ibp`1`crf`8`sdy`0`h`0`iec`1`dft`5`cix`4`ime`5`dmc`0`t`4`dn`671`fn`671`msz`15`26`0`co`0`pt`5`sp`s_2_2_300_`dm`7`w`100`csq`1`n`833`pw`300`pat`Pick`ist`1`ph`100`ju`6`sq`2997`ied`1`pan`5`crf`8`sdy`0`h`0`iec`1`dft`5`cix`5`ime`5`dmc`0`t`4`dn`833`fn`833`msz`100`27`0`co`0`pt`5`sp`s_2_2_128_`dm`7`w`100`csq`1`n`686`pw`300`pat`Pick`ist`1`ph`100`ju`6`sq`2997`ied`1`pan`5`ibp`1`crf`8`sdy`0`h`0`iec`1`dft`5`cix`6`ime`5`dmc`100`t`4`dn`686`fn`685`msz`100`27`0`co`0`pt`5`sp`s_2_2_189_`dm`7`w`100`csq`1`n`1153`pw`300`pat`Pick`ist`1`ph`100`ju`6`sq`2997`ied`1`pan`5`ibp`1`crf`8`sdy`0`h`0`iec`1`dft`5`cix`7`ime`5`dmc`0`t`4`dn`1153`fn`1153`msz`30`25`0`co`0`pt`5`sp`s_2_2_153_`dm`7`w`100`csq`1`n`1961`pw`0`ist`1`ph`0`ju`6`sq`2997`pan`1963`ibp`1`crf`8`sdy`0`h`0`iec`1`dft`5`cix`8`ime`5`dmc`0`t`116`dn`1962`fn`1961`msz`30`24`0`co`0`pt`5`sp`s_2_2_192_`dm`7`w`90`n`1114`pw`0`ist`1`ph`0`ju`6`sq`2997`pan`5`ibp`1`crf`8`sdy`0`h`0`iec`1`dft`637`cix`9`ime`5`dmc`0`t`163`dn`1755`fn`1114`msz`255`25`0`co`0`pt`5`sp`s_2_2_106_`dm`7`w`100`csq`1`n`1964`pw`0`ist`1`ph`0`ju`6`sq`2997`pan`5`ibp`1`crf`8`sdy`0`h`0`iec`1`dft`5`cix`10`ime`5`dmc`0`t`4`dn`1965`fn`1966`msz`15`26`0`co`0`pt`5`sp`s_2_2_107_`dm`7`w`100`n`1967`pw`300`pat`Pick`ist`1`ph`100`ju`6`sq`2997`ied`1`pan`5`ibp`1`crf`8`sdy`0`h`0`iec`1`dft`5`cix`11`ime`5`dmc`0`t`4`dn`1968`fn`1967`msz`255`25`0`co`0`pt`5`sp`s_2_2_168_`dm`7`w`55`csq`1`n`1491`pw`0`ist`1`ph`0`ju`6`sq`2997`pan`5`ibp`1`crf`8`sdy`0`h`0`iec`1`dft`5`cix`12`ime`5`dmc`0`t`116`dn`1969`fn`1491`msz`30`25`0`co`0`pt`117`sp`s_2_2_268_`dm`5`w`100`csq`1`n`115`pw`0`ist`1`ph`0`ju`6`sq`2997`pan`5`ibp`1`crf`8`sdy`0`h`0`iec`1`dft`5`cix`13`ime`5`dmc`0`t`116`dn`115`fn`115`msz`30`25`0`co`0`pt`5`sp`s_2_2_147_`dm`7`w`130`csq`1`n`152`pw`0`ist`1`ph`0`ju`6`sq`2997`pan`5`ibp`1`crf`8`sdy`0`h`0`iec`1`dft`5`cix`14`ime`5`dmc`0`t`116`dn`152`fn`160`msz`30`24`0`co`0`pt`5`sp`s_2_2_126_`dm`7`w`100`n`1970`pw`0`ist`1`ph`0`ju`6`sq`2997`pan`5`ibp`1`crf`8`sdy`0`h`0`iec`1`dft`5`cix`15`ime`5`dmc`0`t`163`dn`1971`fn`1972`msz`255`24`0`co`0`pt`5`sp`s_2_2_110_`dm`7`w`100`n`1973`pw`0`ist`1`ph`0`ju`6`sq`2997`pan`5`ibp`1`crf`8`sdy`0`h`0`iec`1`dft`637`cix`16`ime`5`dmc`0`t`1807`dn`1974`fn`1973`msz`255`24`0`co`0`pt`5`sp`s_2_2_202_`dm`7`w`100`n`1510`pw`0`ist`1`ph`0`ju`103`sq`2997`pan`5`ibp`1`crf`8`sdy`0`h`0`iec`1`dft`5`cix`17`ime`5`dmc`0`t`735`dn`1975`fn`1510`msz`18`25`0`co`0`pt`5`sp`s_2_2_277_`dm`7`w`100`csq`1`n`894`pw`0`ist`1`ph`0`ju`6`sq`2997`pan`5`ibp`1`crf`8`sdy`0`h`0`iec`1`dft`5`cix`18`ime`5`dmc`0`t`4`dn`1976`fn`894`msz`30`25`0`co`0`pt`5`sp`s_2_2_112_`dm`7`w`100`csq`1`n`640`pw`0`ist`1`ph`0`ju`6`sq`2997`pan`5`ibp`1`crf`8`sdy`0`h`0`iec`1`dft`5`cix`19`ime`5`dmc`0`t`4`dn`641`fn`640`msz`30`25`0`co`0`pt`5`sp`s_2_2_120_`dm`7`w`100`csq`1`n`1977`pw`0`ist`1`ph`0`ju`6`sq`2997`pan`5`ibp`1`crf`8`sdy`0`h`0`iec`1`dft`5`cix`20`ime`5`dmc`0`t`116`dn`1978`fn`1979`msz`100`25`0`co`0`pt`5`sp`s_2_2_125_`dm`7`w`100`csq`1`n`981`pw`0`ist`1`ph`0`ju`6`sq`2997`pan`5`ibp`1`crf`8`sdy`0`h`0`iec`1`dft`5`cix`21`ime`5`dmc`0`t`116`dn`981`fn`1980`msz`50`25`0`co`0`pt`5`sp`s_2_2_136_`dm`7`w`100`csq`1`n`1981`pw`0`ist`1`ph`0`ju`6`sq`2997`pan`1983`ibp`1`crf`8`sdy`0`h`0`iec`1`dft`5`cix`22`ime`5`dmc`0`t`116`dn`1981`fn`1982`msz`50`25`0`co`0`pt`5`sp`s_2_2_260_`dm`5`w`100`csq`1`n`1545`pw`0`ist`1`ph`0`ju`6`sq`2997`pan`5`ibp`1`crf`8`sdy`0`h`0`iec`1`dft`5`cix`23`ime`5`dmc`0`t`4`dn`1984`fn`1545`msz`50`24`0`co`0`pt`5`sp`s_2_2_142_`dm`7`w`100`csq`1`n`1985`pw`0`ist`1`ph`0`ju`6`sq`2997`pan`5`crf`8`sdy`0`h`0`iec`1`dft`5`cix`24`ime`5`dmc`0`t`4`dn`1986`fn`1987`msz`30`25`0`co`0`pt`5`sp`s_2_2_109_`dm`7`w`100`csq`1`n`1988`pw`0`ist`1`ph`0`ju`6`sq`2997`pan`1991`ibp`1`crf`8`sdy`0`h`0`iec`1`dft`5`cix`25`ime`5`dmc`0`t`116`dn`1989`fn`1990`msz`30`24`0`co`0`pt`5`sp`s_2_2_186_`dm`7`w`100`n`1992`pw`0`ist`1`ph`0`ju`6`sq`2997`pan`5`ibp`1`crf`8`sdy`0`h`0`iec`1`dft`5`cix`26`ime`5`dmc`0`t`92`dn`1993`fn`1992`msz`1`25`0`co`0`pt`5`sp`s_2_2_97_`dm`7`w`100`csq`1`n`1994`pw`0`ist`1`ph`0`ju`6`sq`2997`pan`5`ibp`1`crf`8`sdy`0`h`0`iec`1`dft`5`cix`27`ime`5`dmc`0`t`4`dn`1995`fn`1994`msz`100`24`0`co`0`pt`5`sp`s_2_2_161_`dm`7`w`100`csq`1`n`1892`pw`0`ph`0`ju`6`sq`2997`pan`5`ibp`1`crf`8`sdy`0`h`0`iec`1`dft`5`cix`28`ime`5`dmc`0`t`4`dn`1891`fn`1892`msz`255`26`0`co`0`pt`5`sp`s_2_2_160_`dm`7`w`100`csq`1`n`1996`pw`300`pat`Pick`ist`1`ph`100`ju`6`sq`2997`ied`1`pan`5`crf`8`sdy`0`h`0`iec`1`dft`5`cix`29`ime`5`dmc`0`t`4`dn`1997`fn`1996`msz`30`25`0`co`0`pt`5`sp`s_2_2_127_`dm`7`w`100`csq`1`n`1998`pw`0`ist`1`ph`0`ju`6`sq`2997`pan`5`ibp`1`crf`8`sdy`0`h`0`iec`1`dft`5`cix`30`ime`5`dmc`0`t`4`dn`1998`fn`1999`msz`30`25`0`co`0`pt`5`sp`s_2_2_84_`dm`7`w`100`csq`1`n`2000`pw`0`ist`1`ph`0`ju`6`sq`2997`pan`5`ibp`1`crf`8`sdy`0`h`0`iec`1`dft`5`cix`31`ime`5`dmc`0`t`4`dn`2001`fn`2000`msz`30`25`0`co`0`pt`5`sp`s_2_2_85_`dm`7`w`100`csq`1`n`859`pw`0`ist`1`ph`0`ju`6`sq`2997`pan`5`ibp`1`crf`8`sdy`0`h`0`iec`1`dft`5`cix`32`ime`5`dmc`0`t`4`dn`860`fn`859`msz`30`25`0`co`0`pt`5`sp`s_2_2_101_`dm`7`w`100`csq`1`n`1832`pw`0`ist`1`ph`0`ju`6`sq`2997`pan`2004`ibp`1`crf`8`sdy`0`h`0`iec`1`dft`5`cix`33`ime`5`dmc`0`t`116`dn`2002`fn`2003`msz`30`25`0`co`0`pt`5`sp`s_2_2_86_`dm`7`w`100`csq`1`n`861`pw`0`ist`1`ph`0`ju`6`sq`2997`pan`5`ibp`1`crf`8`sdy`0`h`0`iec`1`dft`5`cix`34`ime`5`dmc`0`t`4`dn`862`fn`861`msz`30`25`0`co`0`pt`5`sp`s_2_2_92_`dm`7`w`100`csq`1`n`863`pw`0`ist`1`ph`0`ju`6`sq`2997`pan`5`ibp`1`crf`8`sdy`0`h`0`iec`1`dft`5`cix`35`ime`5`dmc`0`t`4`dn`864`fn`863`msz`30`25`0`co`0`pt`5`sp`s_2_2_88_`dm`7`w`100`csq`1`n`2005`pw`0`ist`1`ph`0`ju`6`sq`2997`pan`5`ibp`1`crf`8`sdy`0`h`0`iec`1`dft`5`cix`36`ime`5`dmc`0`t`4`dn`2006`fn`2005`msz`30`25`0`co`0`pt`5`sp`s_2_2_89_`dm`7`w`100`csq`1`n`2007`pw`0`ist`1`ph`0`ju`6`sq`2997`pan`5`ibp`1`crf`8`sdy`0`h`0`iec`1`dft`5`cix`37`ime`5`dmc`0`t`4`dn`2008`fn`2007`msz`30`25`0`co`0`pt`5`sp`s_2_2_91_`dm`7`w`100`csq`1`n`2009`pw`0`ist`1`ph`0`ju`6`sq`2997`pan`5`ibp`1`crf`8`sdy`0`h`0`iec`1`dft`5`cix`38`ime`5`dmc`0`t`4`dn`2010`fn`2009`msz`30`25`0`co`0`pt`5`sp`s_2_2_14_`dm`7`w`100`csq`1`n`2011`pw`0`ist`1`ph`0`ju`6`sq`2997`pan`5`ibp`1`crf`8`sdy`0`h`0`iec`1`dft`5`cix`39`ime`5`dmc`0`t`4`dn`858`fn`2011`msz`30`25`0`co`0`pt`5`sp`s_2_2_87_`dm`7`w`100`csq`1`n`2012`pw`0`ist`1`ph`0`ju`6`sq`2997`pan`5`ibp`1`crf`8`sdy`0`h`0`iec`1`dft`5`cix`40`ime`5`dmc`0`t`4`dn`2013`fn`2012`msz`150`25`0`co`0`pt`5`sp`s_2_2_135_`dm`7`w`100`csq`1`n`2014`pw`0`ist`1`ph`0`ju`6`sq`2997`pan`5`ibp`1`crf`8`sdy`0`h`0`iec`1`dft`5`cix`41`ime`5`dmc`0`t`116`dn`2014`fn`2015`msz`30`24`0`co`0`pt`5`sp`s_2_2_108_`dm`7`w`100`n`2016`pw`0`ist`1`ph`0`ju`6`sq`2997`pan`5`ibp`1`crf`8`sdy`0`h`0`iec`1`dft`637`cix`42`ime`5`dmc`0`t`163`dn`2017`fn`2016`msz`255`26`0`co`0`pt`5`sp`s_2_2_115_`dm`7`w`100`csq`1`n`2018`pw`300`pat`Pick`ist`1`ph`100`ju`6`sq`2997`ied`1`pan`5`crf`8`sdy`0`h`0`iec`1`dft`5`cix`43`ime`5`dmc`0`t`4`dn`2019`fn`2018`msz`30`24`0`co`0`pt`5`sp`s_2_2_111_`dm`7`w`176`csq`1`n`2020`pw`0`ph`0`ju`6`sq`2997`pan`5`ibp`1`crf`8`sdy`0`h`0`iec`1`dft`5`cix`44`ime`5`dmc`0`t`122`dn`2021`fn`2022`msz`255`24`0`co`0`pt`5`sp`s_2_2_306_`dm`7`w`100`n`2023`pw`0`ist`1`ph`0`ju`6`sq`2997`pan`5`ibp`1`crf`8`sdy`0`h`0`iec`1`dft`5`cix`45`ime`5`dmc`0`t`92`dn`2023`fn`2024`msz`1`24`0`co`0`pt`5`sp`s_2_2_185_`dm`7`w`100`csq`1`n`1738`pw`0`ph`0`ju`6`sq`2997`pan`5`ibp`1`crf`8`sdy`0`h`0`iec`1`dft`5`cix`46`ime`5`dmc`0`t`4`dn`1739`fn`2025`msz`255`24`0`co`0`pt`5`sp`s_2_2_244_`dm`5`w`20`n`1324`pw`0`ist`1`ph`0`ju`103`sq`2997`pan`5`ibp`1`crf`8`sdy`0`h`0`iec`1`dft`5`cix`47`ime`5`dmc`0`t`735`dn`1325`fn`1324`msz`16`24`0`co`0`pt`5`sp`s_2_2_143_`dm`7`w`100`n`2026`pw`0`ist`1`ph`0`ju`6`sq`2997`pan`5`ibp`1`crf`8`sdy`0`h`0`iec`1`dft`5`cix`48`ime`5`dmc`0`t`92`dn`2026`fn`2027`msz`1`25`0`co`0`pt`5`sp`s_2_2_138_`dm`7`w`100`csq`1`n`2028`pw`0`ist`1`ph`0`ju`6`sq`2997`pan`5`ibp`1`crf`8`sdy`0`h`0`iec`1`dft`5`cix`49`ime`5`dmc`0`t`116`dn`2028`fn`2029`msz`30`24`0`co`0`pt`5`sp`s_2_2_129_`dm`7`w`100`n`1464`pw`0`ist`1`ph`0`ju`6`sq`2997`pan`5`ibp`1`crf`8`sdy`0`h`0`iec`1`dft`5`cix`50`ime`5`dmc`0`t`4`dn`1464`fn`1465`msz`18`24`0`co`0`pt`5`sp`s_2_2_134_`dm`7`w`100`n`2030`pw`0`ist`1`ph`0`ju`6`sq`2997`pan`5`ibp`1`crf`8`sdy`0`h`0`iec`1`dft`5`cix`51`ime`5`dmc`0`t`4`dn`2030`fn`2031`msz`18`25`0`co`0`pt`5`sp`s_2_2_113_`dm`7`w`100`csq`1`n`2032`pw`0`ist`1`ph`0`ju`6`sq`2997`pan`5`ibp`1`crf`8`sdy`0`h`0`iec`1`dft`5`cix`52`ime`5`dmc`0`t`4`dn`2033`fn`2032`msz`30`25`0`co`0`pt`5`sp`s_2_2_114_`dm`7`w`100`csq`1`n`2034`pw`0`ist`1`ph`0`ju`6`sq`2997`pan`2036`ibp`1`crf`8`sdy`0`h`0`iec`1`dft`5`cix`53`ime`5`dmc`0`t`116`dn`2035`fn`2034`msz`50`24`0`co`0`pt`5`sp`s_2_2_90_`dm`7`w`100`csq`1`n`2037`pw`0`ist`1`ph`0`ju`6`sq`2997`pan`5`crf`8`sdy`0`h`0`iec`1`dft`5`cix`54`ime`5`dmc`0`t`116`dn`2038`fn`2037`msz`100`25`0`co`0`pt`5`sp`s_2_2_139_`dm`7`w`100`csq`1`n`2039`pw`0`ist`1`ph`0`ju`6`sq`2997`pan`5`ibp`1`crf`8`sdy`0`h`0`iec`1`dft`5`cix`55`ime`5`dmc`0`t`4`dn`2039`fn`300`msz`50`26`0`co`0`pt`5`sp`s_2_2_261_`dm`5`w`100`csq`1`n`1546`pw`300`pat`Pick`ist`1`ph`100`ju`6`sq`2997`ied`1`pan`5`crf`8`sdy`0`h`0`iec`1`dft`5`cix`56`ime`5`dmc`0`t`4`dn`2040`fn`1546`msz`50`4`0`cn`0`Billing Account Number`1*11*11*11*11*11*11*1`BT Service Address Post Code`1*11*11*11*11*11*11*1`BT Appointment Id`1*11*11*11*11*11*11*1`Ship To Contact - Last Name`1*11*11*11*11*11*11*1`0`3`pcl`0`2`0`pc`0`allowPC`false`QueryComboBox``2`0`pc`0`allowPC`false`QuerySrchSpec``2`0`pc`0`allowPC`false`HTML Hidden2``0`1`na`0`17`2`ai`3`S_A3`nfi`2`n`BT Order Entry - Line Item Form Applet`cud`4*21761*04*21771*04*20681*04*21781*04*14951*04*10281*14*21391*14*21791*14*21461*14*21411*14*21591*14*21571*14*15181*04*21801*04*21811*04*15531*14*15621*04*15061*14*13261*04*21821*14*14911*04*21361*04*21371*03*5871*14*14941*14*15071*12*451*14*21831*04*15101*04*13981*04*14031*04*21841*03*1661*04*21851*02*641*13*3171*14*21631*14*15411*14*15501*04*21861*14*21871*14*21881*04*21891*04*20501*03*2431*12*431*14*20871*04*21901*04*21911*04*21101*03*8941*04*21711*14*21921*04*11531*14*21931*14*21441*13*1211*04*21941*04*21951*04*21551*14*21681*14*21511*04*21961*04*21971*14*21981*14*21991*03*1451*04*22001*04*22011*14*21331*14*22021*14*22031*14*21521*04*22041*04*22051*04*22061*04*22071*04*22081*03*6591*14*22091*14*18561*04*21321*03*2541*04*19311*04*22101*04*21561*03*8881*04*21731*13*8331*03*6711*04*19361*03*1401*02*281*14*21341*03*3061*14*21601*12*401*14*22111*02*391*14*21381*13*6361*02*441*14*21431*03*3071*14*22121*04*21281*14*21291*14*22131*12*311*14*22141*04*22151*04*22161*04*21611*04*22171*04*22181*14*22191*04*22201*04*22211*04*21661*14*15351*03*1151*13*1481*04*22221*04*22231*04*22241*04*21481*04*22251*04*21541*02*271*14*22261*04*22271*14*22281*14*22291*14*22301*1`cik`2*431*02*451*12*201*03*3171*13*2431*12*281*03*3061*02*401*12*391*02*441*13*3071*14*12261*14*21311*13*6991*12*271*02*211*12*221*12*231*12*241*12*251*02*261*02*291*02*301*02*311*12*321*02*331*12*341*02*351*02*361*02*371*02*381*12*411*02*421*12*461*12*471*12*481*02*491*02*501*02*511*02*521*02*531*02*541*12*551*12*561*02*571*1`shd`44*BT_Order_Entry__Line_Item_Form_Applet_Applet78*srf1592409810_444/bscripts/all/applet_bt_order_entry__line_item_form_applet.js`asq`2`ied`1`vrn`S_A3`tt`2127`inu`0`hmn`1`rsp`false`bnr`0`iem``bci`S_BC2`hlc`3*a_31*11*2`i`3`0`46`cl`0`23`1`c`0`pt`5`sp`s_3_1_101_0`dm`5`w`0`n`44`pw`0`ph`0`ju`6`sq`3997`pan`5`mn`44`ibp`1`crf`8`sdy`0`h`0`iec`1`dft`5`ime`5`dmc`0`t`67`dn`530`fn`5`msz`32`14`0`imp`0`SWEField`s_3_1_101_0`SWENeedContext`true`SWER`0`SWESP`false`SWERowIds`SWERowId0=3-61EV8AO3`SWEMethod`NewQuery`SWECmd`InvokeMethod`SWEDIC`false`SWEReqRowId`0`SWEView`Order Entry - Line Items Detail View (Sales)`SWEC`84`SWEBID`-1`SRN`xK7T2pIB2ZOV15hwlQxQF5reKcoUB8VpMTZr7we8uAEb`SWEApplet`BT Order Entry - Line Item Form Applet`23`1`c`0`pt`5`sp`s_3_1_26_0`dm`5`w`0`n`45`pw`0`ph`0`ju`6`sq`3997`pan`5`mn`45`ibp`1`crf`8`sdy`0`h`0`iec`1`dft`5`ime`5`dmc`0`t`67`dn`392`fn`5`msz`32`14`0`imp`0`SWEField`s_3_1_26_0`SWENeedContext`true`SWER`0`SWESP`false`SWERowIds`SWERowId0=3-61EV8AO3`SWEMethod`ExecuteQuery`SWECmd`InvokeMethod`SWEDIC`false`SWEReqRowId`0`SWEView`Order Entry - Line Items Detail View (Sales)`SWEC`84`SWEBID`-1`SRN`xK7T2pIB2ZOV15hwlQxQF5reKcoUB8VpMTZr7we8uAEb`SWEApplet`BT Order Entry - Line Item Form Applet`23`1`c`0`pt`5`sp`s_3_1_23_0`dm`5`w`0`n`587`pw`0`ph`0`ju`6`sq`3997`pan`5`mn`43`ibp`1`crf`8`sdy`0`h`0`iec`1`dft`5`ime`5`dmc`0`t`67`dn`393`fn`5`msz`32`14`0`imp`0`SWEField`s_3_1_23_0`SWENeedContext`true`SWER`0`SWESP`false`SWERowIds`SWERowId0=3-61EV8AO3`SWEMethod`UndoQuery`SWECmd`InvokeMethod`SWEDIC`false`SWEReqRowId`0`SWEView`Order Entry - Line Items Detail View (Sales)`SWEC`84`SWEBID`-1`SRN`xK7T2pIB2ZOV15hwlQxQF5reKcoUB8VpMTZr7we8uAEb`SWEApplet`BT Order Entry - Line Item Form Applet`23`1`c`0`pt`5`sp`s_3_1_105_0`dm`7`w`0`n`2128`pw`0`ph`0`ju`6`sq`3997`pan`5`mn`1226`ibp`1`crf`8`sdy`0`h`0`iec`1`dft`5`ime`5`dmc`0`t`67`dn`1244`fn`5`msz`32`14`0`imp`0`SWEField`s_3_1_105_0`SWENeedContext`true`SWER`0`SWESP`false`SWERowIds`SWERowId0=3-61EV8AO3`SWEMethod`GoToSMART`SWECmd`InvokeMethod`SWEDIC`false`SWEReqRowId`0`SWEView`Order Entry - Line Items Detail View (Sales)`SWEC`84`SWEBID`-1`SRN`xK7T2pIB2ZOV15hwlQxQF5reKcoUB8VpMTZr7we8uAEb`SWEApplet`BT Order Entry - Line Item Form Applet`23`1`c`0`pt`5`sp`s_3_1_106_0`dm`7`w`0`n`2129`pw`0`ph`0`ju`6`sq`3997`pan`5`mn`2131`ibp`1`crf`8`sdy`0`h`0`iec`1`dft`5`ime`5`dmc`0`t`67`dn`2130`fn`5`msz`32`14`0`imp`0`SWEField`s_3_1_106_0`SWENeedContext`true`SWER`0`SWESP`false`SWERowIds`SWERowId0=3-61EV8AO3`SWEMethod`BTManageAppointment`SWECmd`InvokeMethod`SWEDIC`false`SWEReqRowId`0`SWEView`Order Entry - Line Items Detail View (Sales)`SWEC`84`SWEBID`-1`SRN`xK7T2pIB2ZOV15hwlQxQF5reKcoUB8VpMTZr7we8uAEb`SWEApplet`BT Order Entry - Line Item Form Applet`25`1`c`0`pt`5`sp`s_3_1_98_0`dm`5`w`0`n`39`eb`&lt;img src=&quot;images/rcnv_prv_1.gif&quot; border=&quot;0&quot; space=&quot;0&quot; hspace=&quot;0&quot; alt=&quot;Previous record&quot;  title=&quot;Previous record&quot; &gt;`pw`0`db`&lt;img src=&quot;images/rcnv_prv_0.gif&quot; border=&quot;0&quot; space=&quot;0&quot; hspace=&quot;0&quot; alt=&quot;Previous record&quot;  title=&quot;Previous record&quot; &gt;`ph`0`ju`6`sq`3997`pan`5`mn`39`ibp`1`crf`8`sdy`0`h`0`iec`1`dft`5`ime`5`dmc`0`t`67`dn`5`fn`5`msz`32`14`0`imp`0`SWEField`s_3_1_98_0`SWENeedContext`true`SWER`0`SWESP`false`SWERowIds`SWERowId0=3-61EV8AO3`SWEMethod`GotoPreviousSet`SWECmd`InvokeMethod`SWEDIC`false`SWEReqRowId`0`SWEView`Order Entry - Line Items Detail View (Sales)`SWEC`84`SWEBID`-1`SRN`xK7T2pIB2ZOV15hwlQxQF5reKcoUB8VpMTZr7we8uAEb`SWEApplet`BT Order Entry - Line Item Form Applet`25`1`c`0`pt`5`sp`s_3_1_96_0`dm`5`w`0`n`40`eb`&lt;img src=&quot;images/rcnv_nxt_1.gif&quot; border=&quot;0&quot; space=&quot;0&quot; hspace=&quot;0&quot; alt=&quot;Next Record&quot;  title=&quot;Next Record&quot; &gt;`pw`0`db`&lt;img src=&quot;images/rcnv_nxt_0.gif&quot; border=&quot;0&quot; space=&quot;0&quot; hspace=&quot;0&quot; alt=&quot;Next Record&quot;  title=&quot;Next Record&quot; &gt;`ph`0`ju`6`sq`3997`pan`5`mn`40`ibp`1`crf`8`sdy`0`h`0`iec`1`dft`5`ime`5`dmc`0`t`67`dn`5`fn`5`msz`32`14`0`imp`0`SWEField`s_3_1_96_0`SWENeedContext`true`SWER`0`SWESP`false`SWERowIds`SWERowId0=3-61EV8AO3`SWEMethod`GotoNextSet`SWECmd`InvokeMethod`SWEDIC`false`SWEReqRowId`0`SWEView`Order Entry - Line Items Detail View (Sales)`SWEC`84`SWEBID`-1`SRN`xK7T2pIB2ZOV15hwlQxQF5reKcoUB8VpMTZr7we8uAEb`SWEApplet`BT Order Entry - Line Item Form Applet`23`1`c`0`pt`5`sp`s_3_1_34_0`dm`7`w`0`n`64`pw`0`ph`0`ju`6`sq`3997`pan`5`mn`20`ibp`1`crf`8`sdy`0`h`0`iec`1`dft`5`ime`5`dmc`0`t`67`dn`652`fn`5`msz`32`18`0`imp`0`SWEField`s_3_1_34_0`SWENeedContext`true`SWER`0`SWESP`true`SWERowIds`SWERowId0=3-61EV8AO3`SWEMethod`ShowQueryAssistant`SWECmd`InvokeMethod`SWEH`100`SWEDIC`true`SWEReqRowId`0`SWEView`Order Entry - Line Items Detail View (Sales)`SWEC`84`SWEW`300`SWEM`Edit`SWEBID`-1`SRN`xK7T2pIB2ZOV15hwlQxQF5reKcoUB8VpMTZr7we8uAEb`SWETA`Query Assistant`SWEApplet`BT Order Entry - Line Item Form Applet`23`1`c`0`pt`5`sp`s_3_1_35_0`dm`5`w`0`n`317`pw`0`ph`0`ju`6`sq`3997`pan`5`mn`317`ibp`1`crf`8`sdy`0`h`0`iec`1`dft`5`ime`5`dmc`0`t`67`dn`383`fn`5`msz`32`14`0`imp`0`SWEField`s_3_1_35_0`SWENeedContext`true`SWER`0`SWESP`false`SWERowIds`SWERowId0=3-61EV8AO3`SWEMethod`SaveEditRecord`SWECmd`InvokeMethod`SWEDIC`false`SWEReqRowId`0`SWEView`Order Entry - Line Items Detail View (Sales)`SWEC`84`SWEBID`-1`SRN`xK7T2pIB2ZOV15hwlQxQF5reKcoUB8VpMTZr7we8uAEb`SWEApplet`BT Order Entry - Line Item Form Applet`25`1`c`0`pt`5`sp`s_3_1_44_0`dm`5`w`0`n`243`eb`&lt;img src=&quot;images/btn_more.gif&quot; border=&quot;0&quot; space=&quot;0&quot; hspace=&quot;0&quot; alt=&quot;Show more&quot;  title=&quot;Show more&quot; &gt;`pw`0`ph`0`ju`6`sq`3997`pan`5`icm`243`mn`243`ibp`1`crf`8`sdy`0`h`0`iec`1`dft`5`ime`5`dmc`0`t`10`dn`5`fn`5`msz`32`14`0`imp`0`SWEField`s_3_1_44_0`SWENeedContext`true`SWER`0`SWESP`false`SWERowIds`SWERowId0=3-61EV8AO3`SWEMethod`ToggleLayout`SWECmd`InvokeMethod`SWEDIC`false`SWEReqRowId`0`SWEView`Order Entry - Line Items Detail View (Sales)`SWEC`84`SWEBID`-1`SRN`xK7T2pIB2ZOV15hwlQxQF5reKcoUB8VpMTZr7we8uAEb`SWEApplet`BT Order Entry - Line Item Form Applet`23`0`c`0`pt`5`sp`s_3_1_81_0`dm`5`w`120`csq`1`n`2132`pw`0`ph`0`ju`6`sq`3002`pan`5`ibp`1`crf`8`sdy`0`h`24`iec`1`dft`5`ime`5`dmc`0`t`4`dn`1471`fn`824`msz`255`22`0`c`0`pt`5`sp`s_3_1_69_0`dm`7`w`120`n`2133`pw`0`ph`0`ju`6`sq`3004`pan`5`ibp`1`crf`8`sdy`0`h`24`iec`1`dft`637`ime`5`dmc`0`t`163`dn`1114`fn`1114`msz`255`23`0`c`0`pt`117`sp`s_3_1_120_0`dm`5`w`120`csq`1`n`115`pw`0`ph`0`ju`6`sq`3005`pan`5`ibp`1`crf`8`sdy`0`h`24`iec`1`dft`5`ime`5`dmc`0`t`116`dn`115`fn`115`msz`30`23`0`c`0`pt`5`sp`s_3_1_93_0`dm`7`w`120`csq`1`n`2134`pw`0`ph`0`ju`6`sq`3997`pan`5`ibp`1`crf`8`sdy`0`h`24`iec`1`dft`5`ime`5`dmc`0`t`4`dn`1976`fn`894`msz`30`25`0`c`0`pt`5`sp`s_3_1_91_0`dm`5`w`120`csq`1`n`140`pw`300`pat`Pick`ph`100`ju`6`sq`3008`ied`1`pan`5`ibp`1`crf`8`sdy`0`h`24`iec`1`dft`5`ime`5`dmc`0`t`4`dn`140`fn`140`msz`100`23`0`c`0`pt`5`sp`s_3_1_88_0`dm`7`w`120`csq`1`n`833`pw`0`ph`0`ju`6`sq`3997`pan`5`ibp`1`crf`8`sdy`0`h`24`iec`1`dft`5`ime`5`dmc`0`t`4`dn`2135`fn`833`msz`100`23`0`c`0`pt`5`sp`s_3_1_20_0`dm`7`w`120`csq`1`n`1491`pw`0`ph`0`ju`6`sq`3069`pan`5`ibp`1`crf`8`sdy`0`h`24`iec`1`dft`5`ime`5`dmc`0`t`116`dn`1969`fn`1491`msz`30`25`0`c`0`pt`5`sp`s_3_1_53_0`dm`7`w`120`csq`1`n`1153`pw`300`pat`Pick`ph`100`ju`6`sq`3997`ied`1`pan`5`ibp`1`crf`8`sdy`0`h`24`iec`1`dft`5`ime`5`dmc`0`t`4`dn`1153`fn`1153`msz`30`22`0`c`0`pt`5`sp`s_3_1_21_0`dm`7`w`128`n`2136`pw`0`ph`0`ju`6`sq`3069`pan`5`ibp`1`crf`8`sdy`0`h`24`iec`1`dft`5`ime`5`dmc`0`t`438`dn`2136`fn`2136`msz`1`22`0`c`0`pt`5`sp`s_3_1_22_0`dm`7`w`128`n`2137`pw`0`ph`0`ju`6`sq`3069`pan`5`ibp`1`crf`8`sdy`0`h`24`iec`1`dft`5`ime`5`dmc`0`t`438`dn`2137`fn`2137`msz`1`23`0`c`0`pt`5`sp`s_3_1_99_0`dm`7`w`16`csq`1`n`2138`pw`0`ph`0`ju`6`sq`3997`pan`5`ibp`1`crf`8`sdy`0`h`24`iec`1`dft`5`ime`5`dmc`0`t`438`dn`1940`fn`1940`msz`15`22`0`c`0`pt`5`sp`s_3_1_6_0`dm`7`w`456`n`2139`pw`0`ph`0`ju`6`sq`3068`pan`5`ibp`1`crf`8`sdy`0`h`32`iec`1`dft`5`ime`5`dmc`0`t`1700`dn`2140`fn`5`msz`32`22`0`c`0`pt`5`sp`s_3_1_9_0`dm`7`w`520`n`2141`pw`0`ph`0`ju`6`sq`3067`pan`5`ibp`1`crf`8`sdy`0`h`32`iec`1`dft`5`ime`5`dmc`0`t`1700`dn`2142`fn`5`msz`32`23`0`c`0`pt`5`sp`s_3_1_102_0`dm`5`w`120`n`2143`pw`0`ph`0`ju`6`sq`3003`pan`5`icm`387`ibp`1`crf`8`sdy`0`h`0`iec`1`dft`5`ime`5`dmc`0`t`92`dn`1622`fn`1539`msz`1`22`0`c`0`pt`5`sp`s_3_1_55_0`dm`7`w`120`n`2144`pw`0`ph`0`ju`6`sq`3006`pan`5`ibp`1`crf`8`sdy`0`h`24`iec`1`dft`637`ime`5`dmc`0`t`163`dn`1393`fn`1392`msz`255`23`0`c`0`pt`5`sp`s_3_1_25_0`dm`7`w`112`n`1507`pw`0`ph`0`ju`6`sq`3052`pan`5`icm`387`ibp`1`crf`8`sdy`0`h`24`iec`1`dft`5`ime`5`dmc`0`t`92`dn`2145`fn`1507`msz`1`22`0`c`0`pt`5`sp`s_3_1_8_0`dm`7`w`456`n`2146`pw`0`ph`0`ju`6`sq`3065`pan`5`ibp`1`crf`8`sdy`0`h`32`iec`1`dft`5`ime`5`dmc`0`t`1700`dn`2147`fn`5`msz`32`23`0`c`0`pt`5`sp`s_3_1_125_0`dm`5`w`112`csq`1`n`2148`pw`0`ph`0`ju`6`sq`3055`pan`5`ibp`1`crf`8`sdy`0`h`24`iec`1`dft`5`ime`5`dmc`0`t`4`dn`2149`fn`2150`msz`250`23`0`c`0`pt`5`sp`s_3_1_90_0`dm`5`w`120`csq`1`n`1936`pw`0`ph`0`ju`6`sq`3015`pan`5`ibp`1`crf`8`sdy`0`h`24`iec`1`dft`5`ime`5`dmc`0`t`4`dn`814`fn`1532`msz`30`25`0`c`0`pt`5`sp`s_3_1_61_0`dm`5`w`120`csq`1`n`2151`pw`300`pat`Pick`ph`100`ju`6`sq`3016`ied`1`pan`5`ibp`1`crf`8`sdy`0`h`24`iec`1`dft`5`ime`5`dmc`0`t`4`dn`1496`fn`1496`msz`100`24`0`c`0`pt`5`sp`s_3_1_72_0`dm`5`w`112`n`2152`pw`300`pat`Detail`ph`100`ju`6`sq`3047`ied`1`pan`5`ibp`1`crf`722`sdy`0`h`24`iec`1`dft`5`ime`5`dmc`0`t`102`dn`1328`fn`1462`msz`25`23`0`c`0`pt`5`sp`s_3_1_83_0`dm`7`w`120`csq`1`n`1931`pw`0`ph`0`ju`6`sq`3009`pan`5`ibp`1`crf`8`sdy`0`h`24`iec`1`dft`5`ime`5`dmc`0`t`4`dn`2153`fn`1526`msz`50`23`0`c`0`pt`5`sp`s_3_1_127_0`dm`5`w`120`csq`1`n`2154`pw`0`ph`0`ju`6`sq`3017`pan`5`ibp`1`crf`8`sdy`0`h`24`iec`1`dft`5`ime`5`dmc`0`t`4`dn`1564`fn`1564`msz`100`22`0`c`0`pt`5`sp`s_3_1_49_0`dm`7`w`112`n`2110`pw`0`ph`0`ju`6`sq`3997`pan`5`ibp`1`crf`722`sdy`0`h`24`iec`1`dft`5`ime`5`dmc`0`t`735`dn`2110`fn`1537`msz`25`23`0`c`0`pt`5`sp`s_3_1_59_0`dm`5`w`120`n`2155`pw`0`ph`0`ju`6`sq`3013`pan`5`icm`387`ibp`1`crf`8`sdy`0`h`0`iec`1`dft`5`ime`5`dmc`0`t`92`dn`1427`fn`141`msz`1`23`0`c`0`pt`5`sp`s_3_1_85_0`dm`7`w`112`csq`1`n`2156`pw`0`ph`0`ju`6`sq`3084`pan`5`ibp`1`crf`8`sdy`0`h`24`iec`1`dft`5`ime`5`dmc`0`t`4`dn`1528`fn`1528`msz`250`22`0`c`0`pt`5`sp`s_3_1_11_0`dm`7`w`456`n`2157`pw`0`ph`0`ju`6`sq`3066`pan`5`ibp`1`crf`8`sdy`0`h`32`iec`1`dft`5`ime`5`dmc`0`t`1700`dn`2158`fn`5`msz`32`22`0`c`0`pt`5`sp`s_3_1_10_0`dm`7`w`528`n`2159`pw`0`ph`0`ju`6`sq`3069`pan`5`ibp`1`crf`8`sdy`0`h`32`iec`1`dft`5`ime`5`dmc`0`t`1700`dn`1110`fn`5`msz`32`22`0`c`0`pt`5`sp`s_3_1_95_0`dm`5`w`120`n`2160`pw`0`ph`0`ju`6`sq`3048`pan`5`ibp`1`crf`8`sdy`0`h`24`iec`1`dft`5`ime`5`dmc`0`t`735`dn`1325`fn`1324`msz`16`23`0`c`0`pt`5`sp`s_3_1_112_0`dm`5`w`120`csq`1`n`2161`pw`0`ph`0`ju`6`sq`3032`pan`5`ibp`1`crf`8`sdy`0`h`24`iec`1`dft`5`ime`5`dmc`0`t`4`dn`2162`fn`1545`msz`50`22`0`c`0`pt`5`sp`s_3_1_36_0`dm`7`w`120`n`2163`pw`0`ph`0`ju`6`sq`3022`pan`5`ibp`1`crf`8`sdy`0`h`24`iec`1`dft`637`ime`5`dmc`0`t`97`dn`2164`fn`1540`msz`32`23`0`c`0`pt`5`sp`s_3_1_78_0`dm`5`w`192`csq`1`n`659`pw`0`ph`0`ju`6`sq`3060`pan`5`ibp`1`crf`8`sdy`0`h`24`iec`1`dft`5`ime`5`dmc`0`t`4`dn`2165`fn`659`msz`2000`25`0`c`0`pt`5`sp`s_3_1_118_0`dm`5`w`120`csq`1`n`2166`pw`300`pat`Pick`ph`100`ju`6`sq`3024`ied`1`pan`5`ibp`1`crf`8`sdy`0`h`24`iec`1`dft`5`ime`5`dmc`0`t`4`dn`2167`fn`1552`msz`100`23`0`c`0`pt`5`sp`s_3_1_60_0`dm`5`w`120`csq`1`n`2168`pw`0`ph`0`ju`6`sq`3030`pan`2170`ibp`1`crf`8`sdy`0`h`24`iec`1`dft`5`ime`5`dmc`0`t`116`dn`2169`fn`1493`msz`30`25`0`c`0`pt`5`sp`s_3_1_51_0`dm`5`w`120`csq`1`n`2171`pw`300`pat`Pick`ph`100`ju`6`sq`3038`ied`1`pan`5`ibp`1`crf`8`sdy`0`h`24`iec`1`dft`5`ime`5`dmc`0`t`4`dn`2172`fn`1195`msz`15`23`0`c`0`pt`5`sp`s_3_1_87_0`dm`5`w`120`csq`1`n`2173`pw`0`ph`0`ju`6`sq`3040`pan`2175`ibp`1`crf`8`sdy`0`h`24`iec`1`dft`5`ime`5`dmc`0`t`116`dn`2174`fn`1530`msz`30`1`0`cfm`0`DeleteRecord`IDS_SWE_DELETE_CONFIRM_WARNING`1`0`aa`0`n`BT Order Entry - Line Item List Applet (Sales)`0`6`nci`0`1`0`SI`0`SX`7`0`46`PI`0`1`0`II`0`CP` All Orders`1`0`II`0`CP` All Orders this Week`1`0`II`0`CP`*Pending Manager Approval`1`0`II`0`CP`1MB - Cancelled Orders`1`0`II`0`CP`1MB - Completed Orders`1`0`II`0`CP`1MB - Failed Submission Orders`1`0`II`0`CP`1MB - Orders Since Yesterday`1`0`II`0`CP`1MB - Pending Orders`1`0`II`0`CP`1MB - Pending Orders Since Yesterday`1`0`II`0`CP`All  Sales Orders`1`0`II`0`CP`All Orders Today`1`0`II`0`CP`My Team&apos;s Quote&apos;s`1`0`II`0`CP`Number of Open Orders`1`0`II`0`CP`OPEN MANUAL SUBMISSION`1`0`II`0`CP`Open Sales Orders`1`0`II`0`CP`Open and Billing Setup Completed for &gt; 5Hrs`1`0`II`0`CP`Open and Billing Setup Completed for more than 5Hrs`1`0`II`0`CP`Open and Customer Setup Completed for &gt;5Hrs`1`0`II`0`CP`Open and Customer Setup Completed for more than 5Hrs`1`0`II`0`CP`Open and Submitted to OFS for &gt; 5Hrs`1`0`II`0`CP`Open and Submitted to OFS for more than 5Hrs`1`0`II`0`CP`Open_ActivationSubmitted&gt;5hours`1`0`II`0`CP`Open_ActivationonNetwork&gt;30min`1`0`II`0`CP`Open_AssetsetuponBilling&gt;30min`1`0`II`0`CP`Open_BillingSetupComplete&gt;30min`1`0`II`0`CP`Open_CustomerSetupComplete&gt;30min`1`0`II`0`CP`Open_SubmittedDispatchers&gt;3days at weekend`1`0`II`0`CP`Open_SubmittedtoProtect&gt;3days at weekend`1`0`II`0`CP`Orders with Credit Assignment Crediting Errors`1`0`II`0`CP`Orders with Credit Assignment System Errors`1`0`II`0`CP`PENDING AWAIT CUST OVER 30 DAYS`1`0`II`0`CP`PENDING AWAITING CUSTOMER`1`0`II`0`CP`PENDING CREDIT REFERRAL`1`0`II`0`CP`PENDING CREDIT REFERRAL TEMP`1`0`II`0`CP`PENDING CREDIT REFERRAL WEB`1`0`II`0`CP`PENDING_AWAITING_CUSTOMER`1`0`II`0`CP`PENDING_AWAITING_CUSTOMER_&gt;30DAY`1`0`II`0`CP`PENDING_CREDIT_REFERRAL`1`0`II`0`CP`Pending_Fulfillmentorder_14 Days`1`0`II`0`CP`Pending_Fulfillmentorders_21days`1`0`II`0`CP`Pending_Fulfillmentorders_7days`1`0`II`0`CP`Pending_Validated_&gt;1 hour`1`0`II`0`CP`REFERRAL DECISION MADE`1`0`II`0`CP`REFERRAL DECISION MADE TEMP`1`0`II`0`CP`REFERRAL_DECISION_MADE`1`0`II`0`CP`SWLS`0`2`VI`0`2`0`II`0`CP`1576`VN`1575`2`0`II`0`CP`1578`VN`1577`1`1`AI`0`SX`0`2`0`II`0`CP`105`VN`1575`1`17`DI`0`SX`1`2`0`II`0`CP`1580`VN`1579`2`0`II`0`CP`639`VN`1581`2`0`II`0`CP`1583`VN`1582`2`0`II`0`CP`1585`VN`1584`2`0`II`0`CP`1064`VN`1586`2`0`II`0`CP`1588`VN`1587`2`0`II`0`CP`1590`VN`1589`2`0`II`0`CP`1592`VN`1591`2`0`II`0`CP`1594`VN`1593`2`0`II`0`CP`1596`VN`1595`2`0`II`0`CP`1598`VN`1597`2`0`II`0`CP`1600`VN`1599`2`0`II`0`CP`1602`VN`1601`2`0`II`0`CP`1604`VN`1603`2`0`II`0`CP`1606`VN`1605`2`0`II`0`CP`1608`VN`1607`2`0`II`0`CP`1610`VN`1609`1`9`SDI`0`SX`0`2`0`II`0`CP`2231`VN`1581`2`0`II`0`CP`651`VN`2232`2`0`II`0`CP`2234`VN`2233`2`0`II`0`CP`1592`VN`2235`2`0`II`0`CP`2237`VN`2236`2`0`II`0`CP`2239`VN`2238`2`0`II`0`CP`2241`VN`2240`2`0`II`0`CP`2243`VN`2242`2`0`II`0`CP`2245`VN`2244`2`0`hui`0`n`Order Line Items Detail: VOL013-473260748547`hnact`top._swe._sweapp.S_App.GotoView(&amp;quot;Order Entry - Line Items Detail View (Sales\)&amp;quot;, &amp;quot;&amp;quot;, &amp;quot;/ecommunications_enu_nsm_aps05524a027/start.swe?SWENeedContext=false&amp;amp;SWECmd=GotoBookmarkView&amp;amp;SWEBMC=84&amp;amp;SWEC=84&amp;amp;SRN=xK7T2pIB2ZOV15hwlQxQF5reKcoUB8VpMTZr7we8uAEb&amp;quot;, top._sweclient._swecontent._sweview)`1`6`Command Manager`0`RefreshToolbar`true`7`0`StateToolBar`0`#35`true`#36`true`#17`true`#34`true`#8`false`#37`true`#38`true`0`1`StateExToolBar`0`1`0`#35`0`Checked`false`0`3`FlagsToolBar`0`3`0`#8`0`SWESP`true`SWEH`0`SWEW`0`3`0`#34`0`SWESP`true`SWEH`600`SWEW`800`3`0`#36`0`SWESP`true`SWEH`20`SWEW`380`3`0`State`0`#27`false`#26`false`#28`false`0`3`StateEx`0`0`0`#26`0`0`0`#27`0`1`0`#28`0`Checked`false`0`0`Flags`0`</responseData>
  <responseFile class="java.lang.String"></responseFile>
  <cookies class="java.lang.String">_sn=GXmoeGkdwh1O45lrH7mMIZnLMWvqHkVWiQKqDOICOq1fi95anXYMaCRAX879ujDRD9kS4J75N4kGDX576Q2AKmwZPUBih-4NS80Pc1189OxasEbdAsHiEtIhcnCzZ0zWb5V6QpVraL0TTGU4ktkGZq374g8C0pUBRhKVASKeW21TgUW5eIkswq97I-.qG-kr; _srn=_srn; SWEUAID=SWEUAID</cookies>
  <method class="java.lang.String">POST</method>
  <queryString class="java.lang.String">SWEC=83&amp;SWERPC=1&amp;SWENeedContext=false&amp;SWEBMC=63&amp;SWECmd=GotoBookmarkView&amp;SRN=xK7T2pIB2ZOV15hwlQxQF5reKcoUB8VpMTZr7we8uAEb&amp;SWEKeepContext=1&amp;SWEBID=-1&amp;SWETS=</queryString>
  <java.net.URL>http://localhost:8080/ecommunications_enu_nsm_aps05524a027/start.swe</java.net.URL>
</httpSample>
<httpSample t="{{\d+}}" it="0" lt="{{\d+}}" ct="{{\d+}}" ts="{{\d+}}" s="true" lb="{{\d+}} /ecommunications_enu_nsm_aps05524a027/start.swe" rc="200" rm="OK" tn="Thread Group 1-1" dt="text" de="utf-8" by="4329" sby="1194" sc="1" ec="0" ng="1" na="1" hn="{{.*?}}">
  <responseHeader class="java.lang.String">HTTP/1.1 200 OK
Connection: close
Server: Oracle-iPlanet-Web-Server/7.0
Date: Tue, 23 Jun 2020 13:04:37 GMT
Content-Language: en
Cache-Control: no-cache
Content-Type: text/html;charset=utf-8
Matched-Stub-Id: {{\w+-\w+-\w+-\w+-\w+}}
Vary: Accept-Encoding, User-Agent
Content-Encoding: gzip
</responseHeader>
  <requestHeader class="java.lang.String">Connection: close
Referer: http://localhost:8080/ecommunications_enu_nsm_aps05524a027/start.swe?SWENeedContext=false&amp;SWECmd=GetCachedFrame&amp;SWEACn=23534&amp;SWEC=3&amp;SWEFrame=top._sweclient._swecontent._sweview&amp;SWEBID=-1&amp;SRN=xK7T2pIB2ZOV15hwlQxQF5reKcoUB8VpMTZr7we8uAEb&amp;SWETS=
Accept-Language: en-GB
DNT: 1
Accept-Encoding: gzip, deflate
Accept: image/jpeg, application/x-ms-application, image/gif, application/xaml+xml, image/pjpeg, application/x-ms-xbap, */*
User-Agent: Mozilla/4.0 (compatible; MSIE 7.0; Windows NT 6.3; WOW64; Trident/7.0; .NET4.0E; .NET4.0C; .NET CLR 3.5.30729; .NET CLR 2.0.50727; .NET CLR 3.0.30729)
Host: localhost:8080
</requestHeader>
  <responseData class="java.lang.String">&lt;HTML &gt;&lt;head&gt;&lt;meta HTTP-EQUIV=&quot;Pragma&quot; CONTENT=&quot;no-cache&quot;&gt;
&lt;title&gt;Order Line Items Detail&lt;/title&gt;&lt;link href=&quot;files/main.css&quot; rel=&quot;stylesheet&quot;/&gt;
&lt;script language=&quot;javascript&quot; src=&quot;23048/scripts/swecommon.js&quot;&gt;&lt;/script&gt; 
&lt;script language=&quot;javascript&quot; src=&quot;23048/scripts/swecmn_hi.js&quot;&gt;&lt;/script&gt; 
&lt;/head&gt;&lt;body leftmargin=&quot;8&quot; topmargin=&quot;2&quot; marginwidth=&quot;20&quot; marginheight=&quot;2&quot; class=&quot;ScreenBack&quot;&gt;&lt;script&gt;
if(typeof(top._swescript)!=&apos;undefined&apos;&amp;&amp;top._swescript!=null) top._swescript.InitFrame(this);&lt;/script&gt;
&lt;table datatable=&quot;0&quot; summary=&quot;&quot; border=&quot;0&quot; cellspacing=&quot;0&quot; cellpadding=&quot;1&quot; width=&quot;100%&quot;&gt;&lt;tr&gt;&lt;/tr&gt;&lt;/table&gt;&lt;a name=&quot;SWEApplet1&quot; id=&quot;SWEApplet1&quot; href=&quot;#SWEApplet1&quot; title=&quot;Sales Order&quot;&gt;&lt;/a&gt;
&lt;div id=&apos;s_S_A1_div&apos;oncontextmenu=&apos;HandleContextMenu(&quot;BT Order Entry - Order Form Applet Dashboard (Sales\)&quot;)&apos; onclick=&apos;HandleAppletClick(&quot;BT Order Entry - Order Form Applet Dashboard (Sales\)&quot;)&apos;&gt;
&lt;a id=&quot;SWETopHidden1&quot; href=&quot;javascript:void(0);&quot; tabindex=&quot;1000&quot;&gt;&lt;/a&gt;&lt;table datatable=&quot;0&quot; summary=&quot;&quot; cellpadding=&quot;0&quot; cellspacing=&quot;0&quot; border=&quot;0&quot;&gt;&lt;tr&gt;&lt;td&gt;&lt;img src=&quot;images/spacer.gif&quot; width=&quot;1&quot; height=&quot;3&quot; alt=&quot;&quot;&gt;&lt;/td&gt;&lt;/tr&gt;&lt;/table&gt;&lt;form name=&quot;SWEForm1_0&quot; method=&quot;post&quot; action=&quot;/ecommunications_enu_nsm_aps05524a027/start.swe&quot; onSubmit=&quot;return false;&quot; &gt;
&lt;div class=&quot;NotSelected&quot; id=&quot;a_1&quot;&gt;&lt;table datatable=&quot;0&quot; summary=&quot;&quot; width=&quot;100%&quot; cellpadding=&quot;0&quot; cellspacing=&quot;0&quot; border=&quot;0&quot; align=&quot;center&quot; class=&quot;AppletBack&quot;&gt;&lt;tr&gt;&lt;td class=&quot;AppletHIFormBorder&quot;&gt;&lt;span class=&quot;AppletStyleParent77&quot;&gt;&lt;table datatable=&quot;0&quot; summary=&quot;&quot; width=&quot;100%&quot; cellspacing=&quot;0&quot; cellpadding=&quot;2&quot; border=&quot;0&quot; align=&quot;center&quot;&gt;&lt;tr class=&quot;AppletButtons&quot;&gt;&lt;td nowrap width=&quot;100%&quot; class=&quot;AppletTitle&quot;&gt;&amp;nbsp;Sales Order&lt;/td&gt;&lt;td nowrap valign=&quot;absmiddle&quot; class=&quot;legend&quot;&gt;&lt;/td&gt;&lt;td width=&quot;100%&quot;&gt;&amp;nbsp;&lt;img src=&quot;images/btn_div_gray.gif&quot; height=&quot;13&quot; align=&quot;middle&quot; alt=&quot;&quot;&gt;&amp;nbsp;&lt;/td&gt;&lt;td valign=&quot;middle&quot; nowrap&gt;&lt;span id=&apos;SWEApplet1_ctrlmsg&apos;&gt;&lt;/span&gt;&lt;/td&gt;&lt;td class=&quot;AppletTitle&quot; valign=&quot;middle&quot; nowrap&gt;&lt;span id=s_1_1_177_0&gt;&amp;nbsp;&lt;/span&gt;&lt;/td&gt;&lt;td class=&quot;AppletTitle&quot; valign=&quot;middle&quot; nowrap&gt;&amp;nbsp;&lt;span id=s_1_rc&gt;&lt;/span&gt;&amp;nbsp;&lt;/td&gt;&lt;td class=&quot;AppletTitle&quot; valign=&quot;middle&quot; nowrap&gt;&lt;span id=s_1_1_175_0&gt;&amp;nbsp;&lt;/span&gt;&lt;/td&gt;&lt;td valign=&quot;middle&quot; nowrap&gt;&lt;span id=s_1_1_196_0&gt;&amp;nbsp;&lt;/span&gt;&lt;/td&gt;&lt;td valign=&quot;middle&quot; nowrap&gt;&lt;span id=s_1_1_129_0&gt;&amp;nbsp;&lt;/span&gt;&lt;/td&gt;&lt;td valign=&quot;top&quot; align=&quot;right&quot;&gt;&lt;/td&gt;&lt;/tr&gt;&lt;/table&gt;&lt;table datatable=&quot;0&quot; summary=&quot;&quot; class=&quot;AppletBackTable&quot; width=&quot;100%&quot; cellspacing=&quot;0&quot; cellpadding=&quot;2&quot; align=&quot;center&quot;&gt;&lt;tr class=&quot;AppletBack&quot; align=&quot;left&quot;&gt;&lt;td nowrap class=&quot;AppletMenu&quot;&gt;&lt;span class=&quot;miniBtnUICTop&quot;&gt;&lt;span class=&quot;miniBtnUIC&quot;&gt;&lt;a id=&apos;s_at_m_1&apos; href=&quot;javascript:void(0)&quot; onclick=&quot;window.event.cancelBubble=true; _JMenu_Initialize(this, &apos;BT Order Entry - Order Form Applet Dashboard (Sales\)&apos;, &apos;Applet&apos;, s_at_m_1Ax, 0, false); return false;&quot; onmouseover=&quot;MinibtnHover(this.parentNode)&quot; onmouseout=&quot;MinibtnOut(this.parentNode)&quot; onmousedown=&quot;MinibtnDown(this.parentNode)&quot; onmouseup=&quot;MinibtnUp(this.parentNode)&quot; &gt;Menu&amp;nbsp;&lt;img border=&quot;0&quot; src=&quot;images/img_arrow.gif&quot; align=&quot;center&quot;&gt;&lt;/a&gt;&lt;/span&gt;&lt;/span&gt;&lt;object id= &quot;s_at_m_1Ax&quot; CLASSID=&quot;CLSID:9174862b-ac3b-4f9f-abc9-a0a3c9fd95d4&quot; codebase=&quot;23048/applets/SiebelAx_HI_Client.cab&quot; width=0 height = 0&gt;&lt;/object&gt;&lt;/td&gt;&lt;td&gt;&lt;img height=1 alt=&quot;&quot; src=&quot;images/spacer.gif&quot; width=4&gt;&lt;/td&gt;&lt;td&gt;&lt;img src=&quot;images/btn_div_gray.gif&quot; height=&quot;13&quot; align=&quot;middle&quot; alt=&quot;&quot;&gt;&lt;/td&gt;&lt;td&gt;&lt;img src=&quot;images/spacer.gif&quot; width=&quot;4&quot; height=&quot;1&quot; alt=&quot;&quot;&gt;&lt;/td&gt;&lt;td nowrap&gt;&lt;span id=s_1_1_178_0&gt;&amp;nbsp;&lt;/span&gt;&lt;/td&gt;&lt;td nowrap&gt;&lt;span id=s_1_1_101_0&gt;&amp;nbsp;&lt;/span&gt;&lt;/td&gt;&lt;td nowrap&gt;&lt;span id=s_1_1_94_0&gt;&amp;nbsp;&lt;/span&gt;&lt;/td&gt;&lt;td nowrap&gt;&lt;span id=s_1_1_120_0&gt;&amp;nbsp;&lt;/span&gt;&lt;/td&gt;&lt;td nowrap&gt;&lt;span id=s_1_1_173_0&gt;&amp;nbsp;&lt;/span&gt;&lt;/td&gt;&lt;td nowrap&gt;&lt;span id=s_1_1_11_0&gt;&amp;nbsp;&lt;/span&gt;&lt;/td&gt;&lt;td nowrap&gt;&lt;span id=s_1_1_66_0&gt;&amp;nbsp;&lt;/span&gt;&lt;/td&gt;&lt;td nowrap&gt;&lt;span id=s_1_1_15_0&gt;&amp;nbsp;&lt;/span&gt;&lt;/td&gt;&lt;td nowrap&gt;&lt;span id=s_1_1_43_0&gt;&amp;nbsp;&lt;/span&gt;&lt;/td&gt;&lt;td nowrap&gt;&lt;span id=s_1_1_198_0&gt;&amp;nbsp;&lt;/span&gt;&lt;/td&gt;&lt;td nowrap&gt;&lt;span id=s_1_1_0_0&gt;&amp;nbsp;&lt;/span&gt;&lt;/td&gt;&lt;td nowrap&gt;&lt;span id=s_1_1_165_0&gt;&amp;nbsp;&lt;/span&gt;&lt;/td&gt;&lt;td nowrap&gt;&lt;span id=s_1_1_4_0&gt;&amp;nbsp;&lt;/span&gt;&lt;/td&gt;&lt;td nowrap&gt;&lt;span id=s_1_1_47_0&gt;&amp;nbsp;&lt;/span&gt;&lt;/td&gt;&lt;td nowrap&gt;&lt;span id=s_1_1_38_0&gt;&amp;nbsp;&lt;/span&gt;&lt;/td&gt;&lt;td nowrap&gt;&lt;span id=s_1_1_62_0&gt;&amp;nbsp;&lt;/span&gt;&lt;/td&gt;&lt;td nowrap&gt;&lt;span id=s_1_1_91_0&gt;&amp;nbsp;&lt;/span&gt;&lt;/td&gt;&lt;td nowrap&gt;&lt;span id=s_1_1_61_0&gt;&amp;nbsp;&lt;/span&gt;&lt;/td&gt;&lt;td nowrap&gt;&lt;span id=s_1_1_199_0&gt;&amp;nbsp;&lt;/span&gt;&lt;/td&gt;&lt;td valign=&quot;middle&quot;&gt;&lt;img src=&quot;images/btn_div_gray.gif&quot; height=&quot;13&quot; align=&quot;middle&quot; alt=&quot;&quot;&gt;&lt;/td&gt;&lt;td valign=&quot;middle&quot; nowrap&gt;&lt;span id=s_1_1_3_0&gt;&amp;nbsp;&lt;/span&gt;&lt;/td&gt;&lt;td&gt;&amp;nbsp;&lt;/td&gt;&lt;td&gt;&lt;table datatable=&quot;0&quot; summary=&quot;&quot; width=&quot;100%&quot; valign=&quot;top&quot; align=&quot;center&quot; cellpadding=&apos;0&apos; cellspacing=&apos;0&apos; border=&apos;0&apos;&gt;&lt;/table&gt;&lt;/td&gt;&lt;td class=&quot;mceGridLabel&quot; align=&quot;left&quot; width=&quot;100%&quot; nowrap&gt;&amp;nbsp;&lt;b&gt;&lt;span id=1_msg&gt;&lt;/span&gt;&lt;/b&gt;&lt;/td&gt;&lt;/tr&gt;&lt;/table&gt;&lt;table datatable=&quot;0&quot; summary=&quot;&quot; class=&quot;AppletBackTable&quot; width=&quot;100%&quot; cellspacing=&quot;0&quot; cellpadding=&quot;0&quot; align=&quot;center&quot;&gt;&lt;tr class=&quot;AppletBack&quot;&gt;&lt;td class=&quot;AppletBack&quot;&gt;&lt;img src=&quot;images/spacer.gif&quot; height=&quot;1&quot; width=&quot;1&quot; alt=&quot;&quot;&gt;&lt;/td&gt;&lt;td class=&quot;AppletBlank&quot; width=&quot;100%&quot;&gt;&lt;img src=&quot;images/spacer.gif&quot; height=&quot;1&quot; width=&quot;1&quot; alt=&quot;&quot;&gt;&lt;/td&gt;&lt;/tr&gt;&lt;/table&gt;&lt;span id=1_c_err style=&quot;display: none;&quot;&gt;&lt;table datatable=&quot;0&quot; summary=&quot;&quot; class=&quot;AppletBack&quot; width=&quot;100%&quot; cellpadding=&quot;0&quot; cellspacing=&quot;5&quot; border=&quot;0&quot;&gt;&lt;tr&gt;&lt;td class=&quot;error&quot;&gt;&lt;/td&gt;&lt;/tr&gt;&lt;/table&gt;&lt;/span&gt;&lt;div class=&quot;NotSelected&quot; id=&quot;a_1&quot;&gt;&lt;div align=left style=&quot;width:100%;&quot; class=&quot;GridBorder&quot;&gt;&lt;table class=&quot;GridBack&quot; border=0 cellspacing=0 cellpadding=0&gt;&lt;tr&gt;&lt;td&gt;&lt;/td&gt;&lt;td style=&quot;width:8px;&quot;&gt;&lt;/td&gt;&lt;td style=&quot;width:88px;&quot;&gt;&lt;/td&gt;&lt;td style=&quot;width:24px;&quot;&gt;&lt;/td&gt;&lt;td style=&quot;width:8px;&quot;&gt;&lt;/td&gt;&lt;td style=&quot;width:8px;&quot;&gt;&lt;/td&gt;&lt;td style=&quot;width:128px;&quot;&gt;&lt;/td&gt;&lt;td style=&quot;width:8px;&quot;&gt;&lt;/td&gt;&lt;td style=&quot;width:8px;&quot;&gt;&lt;/td&gt;&lt;td style=&quot;width:64px;&quot;&gt;&lt;/td&gt;&lt;td style=&quot;width:32px;&quot;&gt;&lt;/td&gt;&lt;td style=&quot;width:40px;&quot;&gt;&lt;/td&gt;&lt;td style=&quot;width:8px;&quot;&gt;&lt;/td&gt;&lt;td style=&quot;width:64px;&quot;&gt;&lt;/td&gt;&lt;td style=&quot;width:8px;&quot;&gt;&lt;/td&gt;&lt;td style=&quot;width:24px;&quot;&gt;&lt;/td&gt;&lt;td style=&quot;width:96px;&quot;&gt;&lt;/td&gt;&lt;td style=&quot;width:32px;&quot;&gt;&lt;/td&gt;&lt;td style=&quot;width:8px;&quot;&gt;&lt;/td&gt;&lt;td style=&quot;width:72px;&quot;&gt;&lt;/td&gt;&lt;td style=&quot;width:8px;&quot;&gt;&lt;/td&gt;&lt;td style=&quot;width:8px;&quot;&gt;&lt;/td&gt;&lt;td style=&quot;width:8px;&quot;&gt;&lt;/td&gt;&lt;td style=&quot;width:16px;&quot;&gt;&lt;/td&gt;&lt;td style=&quot;width:8px;&quot;&gt;&lt;/td&gt;&lt;td style=&quot;width:80px;&quot;&gt;&lt;/td&gt;&lt;td style=&quot;width:40px;&quot;&gt;&lt;/td&gt;&lt;td style=&quot;width:8px;&quot;&gt;&lt;/td&gt;&lt;td style=&quot;width:32px;&quot;&gt;&lt;/td&gt;&lt;td style=&quot;width:8px;&quot;&gt;&lt;/td&gt;&lt;td style=&quot;width:24px;&quot;&gt;&lt;/td&gt;&lt;td style=&quot;width:8px;&quot;&gt;&lt;/td&gt;&lt;td style=&quot;width:40px;&quot;&gt;&lt;/td&gt;&lt;td style=&quot;width:72px;&quot;&gt;&lt;/td&gt;&lt;td style=&quot;width:8px;&quot;&gt;&lt;/td&gt;&lt;/tr&gt;&lt;tr&gt;&lt;td style=&quot;height:24;&quot;&gt;&lt;/td&gt;&lt;td nowrap valign=middle colSpan=2 rowSpan=1&gt;&lt;div class=&quot;mceGridLabel&quot; align=&quot;Right&quot;&gt;&amp;nbsp;Order #:&lt;img src=&quot;images/icon_req.gif&quot; border=&quot;0&quot; space=&quot;0&quot; hspace=&quot;0&quot; alt=&quot;Required&quot;  title=&quot;Required&quot; &gt;&lt;/img&gt;&lt;/div&gt;&lt;/td&gt;&lt;td nowrap valign=middle colSpan=4 rowSpan=1&gt;&lt;div class=&quot;mceGridField&quot;&gt;&lt;script&gt;SWEWriteObjectTag(this,&apos;&lt;object id=s_1_1_136_0 CLASSID=&quot;CLSID:1cb4ef94-8549-471a-b73f-54ff5c244212&quot; HEIGHT=24 WIDTH=168&gt;&lt;/object&gt;&apos;);&lt;/script&gt;&lt;/div&gt;&lt;/td&gt;&lt;td rowSpan=12 colSpan=1&gt;&lt;/td&gt;&lt;td nowrap valign=middle colSpan=3 rowSpan=1&gt;&lt;div class=&quot;mceGridLabel&quot; align=&quot;Right&quot;&gt;&amp;nbsp;Customer:&lt;/div&gt;&lt;/td&gt;&lt;td nowrap valign=middle colSpan=3 rowSpan=1&gt;&lt;div class=&quot;mceGridField&quot;&gt;&lt;script&gt;SWEWriteObjectTag(this,&apos;&lt;object id=s_1_1_143_0 CLASSID=&quot;CLSID:1cb4ef94-8549-471a-b73f-54ff5c244212&quot; HEIGHT=24 WIDTH=112&gt;&lt;/object&gt;&apos;);&lt;/script&gt;&lt;/div&gt;&lt;/td&gt;&lt;td rowSpan=1 colSpan=2&gt;&lt;/td&gt;&lt;td nowrap valign=middle colSpan=1 rowSpan=1&gt;&lt;div class=&quot;mceGridField&quot;&gt;&lt;div align=&quot;right&quot;&gt;Billing Account Number:&lt;/div&gt;&lt;/td&gt;&lt;td nowrap valign=middle colSpan=5 rowSpan=1&gt;&lt;div class=&quot;mceGridField&quot;&gt;&lt;script&gt;SWEWriteObjectTag(this,&apos;&lt;object id=s_1_1_97_0 CLASSID=&quot;CLSID:1cb4ef94-8549-471a-b73f-54ff5c244212&quot; HEIGHT=24 WIDTH=128&gt;&lt;/object&gt;&apos;);&lt;/script&gt;&lt;/div&gt;&lt;/td&gt;&lt;td rowSpan=5 colSpan=1&gt;&lt;/td&gt;&lt;td nowrap valign=middle colSpan=3 rowSpan=1&gt;&lt;div class=&quot;mceGridLabel&quot; align=&quot;Right&quot;&gt;&amp;nbsp;Created By:&lt;/div&gt;&lt;/td&gt;&lt;td nowrap valign=middle colSpan=5 rowSpan=1&gt;&lt;div class=&quot;mceGridField&quot;&gt;&lt;script&gt;SWEWriteObjectTag(this,&apos;&lt;object id=s_1_1_162_0 CLASSID=&quot;CLSID:1cb4ef94-8549-471a-b73f-54ff5c244212&quot; HEIGHT=24 WIDTH=112&gt;&lt;/object&gt;&apos;);&lt;/script&gt;&lt;/div&gt;&lt;/td&gt;&lt;td rowSpan=12 colSpan=1&gt;&lt;/td&gt;&lt;td nowrap valign=middle colSpan=3 rowSpan=1&gt;&lt;div class=&quot;mceGridField&quot;&gt;&lt;span style=display:none; id=s_1_1_45_0_s&gt;&amp;nbsp;&lt;/span&gt;&lt;script&gt;SWEWriteObjectTag(this,&apos;&lt;object id=s_1_1_45_0 CLASSID=&quot;CLSID:1cb4ef94-8549-471a-b73f-54ff5c244212&quot; HEIGHT=24 WIDTH=120&gt;&lt;/object&gt;&apos;);&lt;/script&gt;&lt;/div&gt;&lt;/td&gt;&lt;/tr&gt;&lt;tr&gt;&lt;td style=&quot;height:8;&quot;&gt;&lt;/td&gt;&lt;td nowrap valign=middle colSpan=2 rowSpan=2&gt;&lt;div class=&quot;mceGridLabel&quot; align=&quot;Right&quot;&gt;&amp;nbsp;Status:&lt;img src=&quot;images/icon_req.gif&quot; border=&quot;0&quot; space=&quot;0&quot; hspace=&quot;0&quot; alt=&quot;Required&quot;  title=&quot;Required&quot; &gt;&lt;/img&gt;&lt;/div&gt;&lt;/td&gt;&lt;td nowrap valign=middle colSpan=4 rowSpan=2&gt;&lt;div class=&quot;mceGridField&quot;&gt;&lt;script&gt;SWEWriteObjectTag(this,&apos;&lt;object id=s_1_1_140_0 CLASSID=&quot;CLSID:1cb4ef94-8549-471a-b73f-54ff5c244212&quot; HEIGHT=24 WIDTH=168&gt;&lt;/object&gt;&apos;);&lt;/script&gt;&lt;/div&gt;&lt;/td&gt;&lt;td nowrap valign=middle colSpan=3 rowSpan=2&gt;&lt;div class=&quot;mceGridLabel&quot; align=&quot;Right&quot;&gt;&amp;nbsp;Legal Entity:&lt;/div&gt;&lt;/td&gt;&lt;td nowrap valign=middle colSpan=3 rowSpan=2&gt;&lt;div class=&quot;mceGridField&quot;&gt;&lt;script&gt;SWEWriteObjectTag(this,&apos;&lt;object id=s_1_1_73_0 CLASSID=&quot;CLSID:1cb4ef94-8549-471a-b73f-54ff5c244212&quot; HEIGHT=24 WIDTH=112&gt;&lt;/object&gt;&apos;);&lt;/script&gt;&lt;/div&gt;&lt;/td&gt;&lt;td nowrap valign=middle colSpan=3 rowSpan=2&gt;&lt;div class=&quot;mceGridLabel&quot; align=&quot;Right&quot;&gt;&amp;nbsp;Customer Requested Date:&lt;/div&gt;&lt;/td&gt;&lt;td nowrap valign=middle colSpan=5 rowSpan=2&gt;&lt;div class=&quot;mceGridField&quot;&gt;&lt;script&gt;SWEWriteObjectTag(this,&apos;&lt;object id=s_1_1_187_0 CLASSID=&quot;CLSID:1cb4ef94-8549-471a-b73f-54ff5c244212&quot; HEIGHT=24 WIDTH=128&gt;&lt;/object&gt;&apos;);&lt;/script&gt;&lt;/div&gt;&lt;/td&gt;&lt;td nowrap valign=middle colSpan=3 rowSpan=2&gt;&lt;div class=&quot;mceGridLabel&quot; align=&quot;Right&quot;&gt;&amp;nbsp;Dealer Channel:&lt;/div&gt;&lt;/td&gt;&lt;td nowrap valign=middle colSpan=5 rowSpan=2&gt;&lt;div class=&quot;mceGridField&quot;&gt;&lt;script&gt;SWEWriteObjectTag(this,&apos;&lt;object id=s_1_1_58_0 CLASSID=&quot;CLSID:1cb4ef94-8549-471a-b73f-54ff5c244212&quot; HEIGHT=24 WIDTH=112&gt;&lt;/object&gt;&apos;);&lt;/script&gt;&lt;/div&gt;&lt;/td&gt;&lt;td rowSpan=1 colSpan=3&gt;&lt;/td&gt;&lt;/tr&gt;&lt;tr&gt;&lt;td style=&quot;height:16;&quot;&gt;&lt;/td&gt;&lt;td nowrap valign=middle colSpan=3 rowSpan=2&gt;&lt;div class=&quot;mceGridField&quot;&gt;&lt;span id=s_1_1_27_0&gt;&amp;nbsp;&lt;/span&gt;&lt;/div&gt;&lt;/td&gt;&lt;/tr&gt;&lt;tr&gt;&lt;td style=&quot;height:8;&quot;&gt;&lt;/td&gt;&lt;td nowrap valign=middle colSpan=2 rowSpan=2&gt;&lt;div class=&quot;mceGridLabel&quot; align=&quot;Right&quot;&gt;&amp;nbsp;Sub-Status:&lt;/div&gt;&lt;/td&gt;&lt;td nowrap valign=middle colSpan=4 rowSpan=2&gt;&lt;div class=&quot;mceGridField&quot;&gt;&lt;script&gt;SWEWriteObjectTag(this,&apos;&lt;object id=s_1_1_125_0 CLASSID=&quot;CLSID:1cb4ef94-8549-471a-b73f-54ff5c244212&quot; HEIGHT=24 WIDTH=168&gt;&lt;/object&gt;&apos;);&lt;/script&gt;&lt;/div&gt;&lt;/td&gt;&lt;td nowrap valign=middle colSpan=3 rowSpan=2&gt;&lt;div class=&quot;mceGridLabel&quot; align=&quot;Right&quot;&gt;&amp;nbsp;First Name:&lt;/div&gt;&lt;/td&gt;&lt;td nowrap valign=middle colSpan=3 rowSpan=2&gt;&lt;div class=&quot;mceGridField&quot;&gt;&lt;script&gt;SWEWriteObjectTag(this,&apos;&lt;object id=s_1_1_183_0 CLASSID=&quot;CLSID:1cb4ef94-8549-471a-b73f-54ff5c244212&quot; HEIGHT=24 WIDTH=112&gt;&lt;/object&gt;&apos;);&lt;/script&gt;&lt;/div&gt;&lt;/td&gt;&lt;td nowrap valign=middle colSpan=3 rowSpan=2&gt;&lt;div class=&quot;mceGridLabel&quot; align=&quot;Right&quot;&gt;&amp;nbsp;Order Fulfilment Date:&lt;/div&gt;&lt;/td&gt;&lt;td nowrap valign=middle colSpan=5 rowSpan=2&gt;&lt;div class=&quot;mceGridField&quot;&gt;&lt;script&gt;SWEWriteObjectTag(this,&apos;&lt;object id=s_1_1_44_0 CLASSID=&quot;CLSID:1cb4ef94-8549-471a-b73f-54ff5c244212&quot; HEIGHT=24 WIDTH=128&gt;&lt;/object&gt;&apos;);&lt;/script&gt;&lt;/div&gt;&lt;/td&gt;&lt;td nowrap valign=middle colSpan=3 rowSpan=2&gt;&lt;div class=&quot;mceGridLabel&quot; align=&quot;Right&quot;&gt;&amp;nbsp;Team (Queue):&lt;/div&gt;&lt;/td&gt;&lt;td nowrap valign=middle colSpan=5 rowSpan=2&gt;&lt;div class=&quot;mceGridField&quot;&gt;&lt;script&gt;SWEWriteObjectTag(this,&apos;&lt;object id=s_1_1_128_0 CLASSID=&quot;CLSID:1cb4ef94-8549-471a-b73f-54ff5c244212&quot; HEIGHT=24 WIDTH=112&gt;&lt;/object&gt;&apos;);&lt;/script&gt;&lt;/div&gt;&lt;/td&gt;&lt;/tr&gt;&lt;tr&gt;&lt;td style=&quot;height:16;&quot;&gt;&lt;/td&gt;&lt;td nowrap valign=middle colSpan=3 rowSpan=2&gt;&lt;div class=&quot;mceGridField&quot;&gt;&lt;span id=s_1_1_27_0&gt;&amp;nbsp;&lt;/span&gt;&lt;/div&gt;&lt;/td&gt;&lt;/tr&gt;&lt;tr&gt;&lt;td style=&quot;height:8;&quot;&gt;&lt;/td&gt;&lt;td nowrap valign=middle colSpan=2 rowSpan=3&gt;&lt;div class=&quot;mceGridLabel&quot; align=&quot;Right&quot;&gt;&amp;nbsp;Reason Category:&lt;/div&gt;&lt;/td&gt;&lt;td nowrap valign=middle colSpan=4 rowSpan=3&gt;&lt;div class=&quot;mceGridField&quot;&gt;&lt;script&gt;SWEWriteObjectTag(this,&apos;&lt;object id=s_1_1_76_0 CLASSID=&quot;CLSID:1cb4ef94-8549-471a-b73f-54ff5c244212&quot; HEIGHT=24 WIDTH=168&gt;&lt;/object&gt;&apos;);&lt;/script&gt;&lt;/div&gt;&lt;/td&gt;&lt;td nowrap valign=middle colSpan=3 rowSpan=3&gt;&lt;div class=&quot;mceGridLabel&quot; align=&quot;Right&quot;&gt;&amp;nbsp;Last Name:&lt;/div&gt;&lt;/td&gt;&lt;td nowrap valign=middle colSpan=3 rowSpan=3&gt;&lt;div class=&quot;mceGridField&quot;&gt;&lt;script&gt;SWEWriteObjectTag(this,&apos;&lt;object id=s_1_1_185_0 CLASSID=&quot;CLSID:1cb4ef94-8549-471a-b73f-54ff5c244212&quot; HEIGHT=24 WIDTH=112&gt;&lt;/object&gt;&apos;);&lt;/script&gt;&lt;/div&gt;&lt;/td&gt;&lt;td nowrap valign=middle colSpan=3 rowSpan=3&gt;&lt;div class=&quot;mceGridLabel&quot; align=&quot;Right&quot;&gt;&amp;nbsp;External Order Reference:&lt;/div&gt;&lt;/td&gt;&lt;td nowrap valign=middle colSpan=7 rowSpan=3&gt;&lt;div class=&quot;mceGridField&quot;&gt;&lt;script&gt;SWEWriteObjectTag(this,&apos;&lt;object id=s_1_1_71_0 CLASSID=&quot;CLSID:1cb4ef94-8549-471a-b73f-54ff5c244212&quot; HEIGHT=24 WIDTH=128&gt;&lt;/object&gt;&apos;);&lt;/script&gt;&lt;/div&gt;&lt;/td&gt;&lt;td rowSpan=3 colSpan=1&gt;&lt;/td&gt;&lt;td nowrap valign=middle colSpan=1 rowSpan=3&gt;&lt;div class=&quot;mceGridLabel&quot; align=&quot;Right&quot;&gt;&amp;nbsp;Description:&lt;/div&gt;&lt;/td&gt;&lt;td valign=middle colSpan=5 rowSpan=3&gt;&lt;div class=&quot;mceGridField&quot;&gt;&lt;script&gt;SWEWriteObjectTag(this,&apos;&lt;object id=s_1_1_144_0 CLASSID=&quot;CLSID:1cb4ef94-8549-471a-b73f-54ff5c244212&quot; HEIGHT=24 WIDTH=112&gt;&lt;/object&gt;&apos;);&lt;/script&gt;&lt;/div&gt;&lt;/td&gt;&lt;/tr&gt;&lt;tr&gt;&lt;td style=&quot;height:8;&quot;&gt;&lt;/td&gt;&lt;td rowSpan=1 colSpan=3&gt;&lt;/td&gt;&lt;/tr&gt;&lt;tr&gt;&lt;td style=&quot;height:8;&quot;&gt;&lt;/td&gt;&lt;td nowrap valign=middle colSpan=2 rowSpan=2&gt;&lt;div class=&quot;mceGridField&quot;&gt;&lt;span id=s_1_1_39_0&gt;&amp;nbsp;&lt;/span&gt;&lt;/div&gt;&lt;/td&gt;&lt;td rowSpan=2 colSpan=1&gt;&lt;/td&gt;&lt;/tr&gt;&lt;tr&gt;&lt;td style=&quot;height:16;&quot;&gt;&lt;/td&gt;&lt;td nowrap valign=middle colSpan=2 rowSpan=2&gt;&lt;div class=&quot;mceGridLabel&quot; align=&quot;Right&quot;&gt;&amp;nbsp;Return Reason:&lt;/div&gt;&lt;/td&gt;&lt;td nowrap valign=middle colSpan=4 rowSpan=2&gt;&lt;div class=&quot;mceGridField&quot;&gt;&lt;script&gt;SWEWriteObjectTag(this,&apos;&lt;object id=s_1_1_122_0 CLASSID=&quot;CLSID:1cb4ef94-8549-471a-b73f-54ff5c244212&quot; HEIGHT=24 WIDTH=168&gt;&lt;/object&gt;&apos;);&lt;/script&gt;&lt;/div&gt;&lt;/td&gt;&lt;td nowrap valign=middle colSpan=3 rowSpan=2&gt;&lt;div class=&quot;mceGridLabel&quot; align=&quot;Right&quot;&gt;&amp;nbsp;Order Date:&lt;/div&gt;&lt;/td&gt;&lt;td nowrap valign=middle colSpan=3 rowSpan=2&gt;&lt;div class=&quot;mceGridField&quot;&gt;&lt;script&gt;SWEWriteObjectTag(this,&apos;&lt;object id=s_1_1_112_0 CLASSID=&quot;CLSID:1cb4ef94-8549-471a-b73f-54ff5c244212&quot; HEIGHT=24 WIDTH=112&gt;&lt;/object&gt;&apos;);&lt;/script&gt;&lt;/div&gt;&lt;/td&gt;&lt;td nowrap valign=middle colSpan=3 rowSpan=2&gt;&lt;div class=&quot;mceGridLabel&quot; align=&quot;Right&quot;&gt;&amp;nbsp;Submit Date:&lt;/div&gt;&lt;/td&gt;&lt;td nowrap valign=middle colSpan=5 rowSpan=2&gt;&lt;div class=&quot;mceGridField&quot;&gt;&lt;script&gt;SWEWriteObjectTag(this,&apos;&lt;object id=s_1_1_127_0 CLASSID=&quot;CLSID:1cb4ef94-8549-471a-b73f-54ff5c244212&quot; HEIGHT=24 WIDTH=128&gt;&lt;/object&gt;&apos;);&lt;/script&gt;&lt;/div&gt;&lt;/td&gt;&lt;td rowSpan=4 colSpan=1&gt;&lt;/td&gt;&lt;td nowrap valign=middle colSpan=3 rowSpan=2&gt;&lt;div class=&quot;mceGridLabel&quot; align=&quot;Right&quot;&gt;&amp;nbsp;Alternate Telephone:&lt;/div&gt;&lt;/td&gt;&lt;td nowrap valign=middle colSpan=5 rowSpan=2&gt;&lt;div class=&quot;mceGridField&quot;&gt;&lt;script&gt;SWEWriteObjectTag(this,&apos;&lt;object id=s_1_1_14_0 CLASSID=&quot;CLSID:1cb4ef94-8549-471a-b73f-54ff5c244212&quot; HEIGHT=24 WIDTH=112&gt;&lt;/object&gt;&apos;);&lt;/script&gt;&lt;/div&gt;&lt;/td&gt;&lt;/tr&gt;&lt;tr&gt;&lt;td style=&quot;height:8;&quot;&gt;&lt;/td&gt;&lt;td nowrap valign=middle colSpan=3 rowSpan=2&gt;&lt;div class=&quot;mceGridField&quot;&gt;&lt;span id=s_1_1_29_0&gt;&amp;nbsp;&lt;/span&gt;&lt;/div&gt;&lt;/td&gt;&lt;/tr&gt;&lt;tr&gt;&lt;td style=&quot;height:16;&quot;&gt;&lt;/td&gt;&lt;td nowrap valign=middle colSpan=2 rowSpan=2&gt;&lt;div class=&quot;mceGridLabel&quot; align=&quot;Right&quot;&gt;&amp;nbsp;Pref Comm Method:&lt;/div&gt;&lt;/td&gt;&lt;td nowrap valign=middle colSpan=4 rowSpan=2&gt;&lt;div class=&quot;mceGridField&quot;&gt;&lt;script&gt;SWEWriteObjectTag(this,&apos;&lt;object id=s_1_1_32_0 CLASSID=&quot;CLSID:1cb4ef94-8549-471a-b73f-54ff5c244212&quot; HEIGHT=24 WIDTH=168&gt;&lt;/object&gt;&apos;);&lt;/script&gt;&lt;/div&gt;&lt;/td&gt;&lt;td nowrap valign=middle colSpan=3 rowSpan=2&gt;&lt;div class=&quot;mceGridLabel&quot; align=&quot;Right&quot;&gt;&amp;nbsp;Email:&lt;/div&gt;&lt;/td&gt;&lt;td nowrap valign=middle colSpan=3 rowSpan=2&gt;&lt;div class=&quot;mceGridField&quot;&gt;&lt;script&gt;SWEWriteObjectTag(this,&apos;&lt;object id=s_1_1_26_0 CLASSID=&quot;CLSID:1cb4ef94-8549-471a-b73f-54ff5c244212&quot; HEIGHT=24 WIDTH=112&gt;&lt;/object&gt;&apos;);&lt;/script&gt;&lt;/div&gt;&lt;/td&gt;&lt;td nowrap valign=middle colSpan=3 rowSpan=2&gt;&lt;div class=&quot;mceGridLabel&quot; align=&quot;Right&quot;&gt;&amp;nbsp;Telephone:&lt;/div&gt;&lt;/td&gt;&lt;td nowrap valign=middle colSpan=5 rowSpan=2&gt;&lt;div class=&quot;mceGridField&quot;&gt;&lt;script&gt;SWEWriteObjectTag(this,&apos;&lt;object id=s_1_1_35_0 CLASSID=&quot;CLSID:1cb4ef94-8549-471a-b73f-54ff5c244212&quot; HEIGHT=24 WIDTH=128&gt;&lt;/object&gt;&apos;);&lt;/script&gt;&lt;/div&gt;&lt;/td&gt;&lt;td nowrap valign=middle colSpan=3 rowSpan=2&gt;&lt;/td&gt;&lt;td nowrap valign=middle colSpan=5 rowSpan=2&gt;&lt;/td&gt;&lt;/tr&gt;&lt;tr&gt;&lt;td style=&quot;height:8;&quot;&gt;&lt;/td&gt;&lt;td rowSpan=1 colSpan=3&gt;&lt;/td&gt;&lt;/tr&gt;&lt;/table&gt;&lt;/div&gt;&lt;/div&gt;&lt;/span&gt;&lt;/td&gt;&lt;/tr&gt;&lt;/table&gt;&lt;/div&gt;&lt;/form&gt;
&lt;a id=&quot;SWEBottomHidden1&quot; href=&quot;javascript:void(0);&quot; tabindex=&quot;1999&quot; onfocus=&quot;document.getElementById(&apos;SWETopHidden1&apos;).focus();&quot;&gt;&lt;/a&gt;&lt;/div&gt;&lt;table datatable=&quot;0&quot; summary=&quot;&quot; class=&quot;tier3Back&quot; width=&quot;100%&quot; align=&quot;center&quot; cellpadding=&quot;0&quot; cellspacing=&quot;0&quot; border=&quot;0&quot;&gt;&lt;tr valign=&quot;top&quot;&gt;&lt;td&gt;&lt;img src=&quot;images/spacer.gif&quot; width=&quot;1&quot; height=&quot;3&quot; alt=&quot;&quot;&gt;&lt;/td&gt;&lt;/tr&gt;&lt;/table&gt;&lt;div id=s_vctrl_div STYLE=&quot;height:37px&quot;&gt;&lt;div&gt; &lt;/div&gt;&lt;script&gt;SWEWriteObjectTag(this,&apos;&lt;OBJECT ID=&quot;s_vctrl&quot; CLASSID=&quot;clsid:bfb7437b-a5ea-4d13-a552-4150b0fdf838&quot; CODEBASE=&quot;&quot; WIDTH =&quot;100%&quot; HEIGHT =&quot;100%&quot;  tabindex=-1 &gt;&lt;PARAM NAME=&quot;style&quot; VALUE=&quot;Tab&quot;/&gt;&lt;PARAM NAME=&quot;indentWidth&quot; VALUE=&quot;30&quot;/&gt;&lt;PARAM NAME=&quot;anchorTab&quot; VALUE=&quot;true&quot;/&gt;&lt;PARAM NAME=&quot;type&quot; VALUE=&quot;Detail Category With View&quot;/&gt;&lt;/OBJECT&gt;&apos;);&lt;/script&gt;&lt;/div&gt;&lt;div style=&quot;width:100%; border-color:#E0E5F5; border-style: solid; border-width: 0 1 1 1; padding: 0 3 3 3;&quot;&gt;&lt;a name=&quot;SWEApplet2&quot; id=&quot;SWEApplet2&quot; href=&quot;#SWEApplet2&quot; title=&quot;Line Items&quot;&gt;&lt;/a&gt;
&lt;div id=&apos;s_S_A2_div&apos;oncontextmenu=&apos;HandleContextMenu(&quot;BT Order Entry - Line Item List Applet (Sales\)&quot;)&apos; onclick=&apos;HandleAppletClick(&quot;BT Order Entry - Line Item List Applet (Sales\)&quot;)&apos;&gt;
&lt;a id=&quot;SWETopHidden2&quot; href=&quot;javascript:void(0);&quot; tabindex=&quot;2000&quot;&gt;&lt;/a&gt;&lt;form name=&quot;SWEForm2_0&quot; method=&quot;post&quot; action=&quot;/ecommunications_enu_nsm_aps05524a027/start.swe&quot; &gt;
&lt;span class=&quot;AppletStyleChild77&quot;&gt;&lt;div class=&quot;NotSelected&quot; id=&quot;a_2&quot;&gt;&lt;table datatable=&quot;0&quot; summary=&quot;&quot; width=&quot;100%&quot; cellspacing=&quot;0&quot; cellpadding=&quot;2&quot; border=&quot;0&quot; align=&quot;center&quot;&gt;&lt;tr class=&quot;AppletButtons&quot; align=&quot;left&quot;&gt;&lt;td nowrap class=&quot;AppletMenu&quot;&gt;&lt;span class=&quot;miniBtnUICTop&quot;&gt;&lt;span class=&quot;miniBtnUIC&quot;&gt;&lt;a id=&apos;s_at_m_2&apos; href=&quot;javascript:void(0)&quot; onclick=&quot;window.event.cancelBubble=true; _JMenu_Initialize(this, &apos;BT Order Entry - Line Item List Applet (Sales\)&apos;, &apos;Applet&apos;, s_at_m_2Ax, 0, false); return false;&quot; onmouseover=&quot;MinibtnHover(this.parentNode)&quot; onmouseout=&quot;MinibtnOut(this.parentNode)&quot; onmousedown=&quot;MinibtnDown(this.parentNode)&quot; onmouseup=&quot;MinibtnUp(this.parentNode)&quot; &gt;Menu&amp;nbsp;&lt;img border=&quot;0&quot; src=&quot;images/img_arrow.gif&quot; align=&quot;center&quot;&gt;&lt;/a&gt;&lt;/span&gt;&lt;/span&gt;&lt;object id= &quot;s_at_m_2Ax&quot; CLASSID=&quot;CLSID:9174862b-ac3b-4f9f-abc9-a0a3c9fd95d4&quot; codebase=&quot;23048/applets/SiebelAx_HI_Client.cab&quot; width=0 height = 0&gt;&lt;/object&gt;&lt;/td&gt;&lt;td&gt;&lt;img height=1 alt=&quot;&quot; src=&quot;images/spacer.gif&quot; width=4&gt;&lt;/td&gt;&lt;td&gt;&lt;img src=&quot;images/btn_div_gray.gif&quot; height=&quot;13&quot; align=&quot;middle&quot; alt=&quot;&quot;&gt;&lt;/td&gt;&lt;td&gt;&lt;img src=&quot;images/spacer.gif&quot; width=&quot;4&quot; height=&quot;1&quot; alt=&quot;&quot;&gt;&lt;/td&gt;&lt;td nowrap&gt;&lt;span id=s_2_1_18_0&gt;&amp;nbsp;&lt;/span&gt;&lt;/td&gt;&lt;td nowrap&gt;&lt;span id=s_2_1_25_0&gt;&amp;nbsp;&lt;/span&gt;&lt;/td&gt;&lt;td nowrap&gt;&lt;span id=s_2_1_7_0&gt;&amp;nbsp;&lt;/span&gt;&lt;/td&gt;&lt;td nowrap&gt;&lt;span id=s_2_1_34_0&gt;&amp;nbsp;&lt;/span&gt;&lt;/td&gt;&lt;td nowrap&gt;&lt;span id=s_2_1_44_0&gt;&amp;nbsp;&lt;/span&gt;&lt;/td&gt;&lt;td nowrap&gt;&lt;span id=s_2_1_17_0&gt;&amp;nbsp;&lt;/span&gt;&lt;/td&gt;&lt;td nowrap&gt;&lt;span id=s_2_1_21_0&gt;&amp;nbsp;&lt;/span&gt;&lt;/td&gt;&lt;td nowrap&gt;&lt;span id=s_2_1_15_0&gt;&amp;nbsp;&lt;/span&gt;&lt;/td&gt;&lt;td nowrap&gt;&lt;span id=s_2_1_43_0&gt;&amp;nbsp;&lt;/span&gt;&lt;/td&gt;&lt;td nowrap&gt;&lt;span id=s_2_1_47_0&gt;&amp;nbsp;&lt;/span&gt;&lt;/td&gt;&lt;td nowrap&gt;&lt;span id=s_2_1_60_0&gt;&amp;nbsp;&lt;/span&gt;&lt;/td&gt;&lt;td nowrap&gt;&lt;span id=s_2_1_62_0&gt;&amp;nbsp;&lt;/span&gt;&lt;/td&gt;&lt;td nowrap&gt;&lt;span id=s_2_1_58_0&gt;&amp;nbsp;&lt;/span&gt;&lt;/td&gt;&lt;td nowrap&gt;&lt;span id=s_2_1_3_0&gt;&amp;nbsp;&lt;/span&gt;&lt;/td&gt;&lt;td nowrap&gt;&lt;span id=s_2_1_2_0&gt;&amp;nbsp;&lt;/span&gt;&lt;/td&gt;&lt;td nowrap&gt;&lt;span id=s_2_1_0_0&gt;&amp;nbsp;&lt;/span&gt;&lt;/td&gt;&lt;td nowrap&gt;&lt;span id=s_2_1_27_0&gt;&amp;nbsp;&lt;/span&gt;&lt;/td&gt;&lt;td nowrap&gt;&lt;span id=s_2_1_67_0&gt;&amp;nbsp;&lt;/span&gt;&lt;/td&gt;&lt;td nowrap&gt;&lt;span id=s_2_1_33_0&gt;&amp;nbsp;&lt;/span&gt;&lt;/td&gt;&lt;td nowrap&gt;&lt;span id=s_2_1_75_0&gt;&amp;nbsp;&lt;/span&gt;&lt;/td&gt;&lt;td nowrap&gt;&lt;span id=s_2_1_45_0&gt;&amp;nbsp;&lt;/span&gt;&lt;/td&gt;&lt;td nowrap&gt;&lt;span id=s_2_1_57_0&gt;&amp;nbsp;&lt;/span&gt;&lt;/td&gt;&lt;td nowrap&gt;&lt;span id=s_2_1_8_0&gt;&amp;nbsp;&lt;/span&gt;&lt;/td&gt;&lt;td nowrap&gt;&lt;span id=s_2_1_4_0&gt;&amp;nbsp;&lt;/span&gt;&lt;/td&gt;&lt;td nowrap&gt;&lt;span id=s_2_1_5_0&gt;&amp;nbsp;&lt;/span&gt;&lt;/td&gt;&lt;td nowrap&gt;&lt;span id=s_2_1_6_0&gt;&amp;nbsp;&lt;/span&gt;&lt;/td&gt;&lt;td nowrap&gt;&lt;span id=s_2_1_1_0&gt;&amp;nbsp;&lt;/span&gt;&lt;/td&gt;&lt;td valign=&quot;middle&quot;&gt;&lt;img src=&quot;images/btn_div_gray.gif&quot; height=&quot;13&quot; align=&quot;middle&quot; alt=&quot;&quot;&gt;&lt;/td&gt;&lt;td valign=&quot;middle&quot; nowrap&gt;&lt;span id=s_2_1_79_0&gt;&amp;nbsp;&lt;/span&gt;&lt;/td&gt;&lt;td&gt;&amp;nbsp;&lt;/td&gt;&lt;td&gt;&lt;table datatable=&quot;0&quot; summary=&quot;&quot; width=&quot;100%&quot; valign=&quot;top&quot; align=&quot;center&quot; cellpadding=&apos;0&apos; cellspacing=&apos;0&apos; border=&apos;0&apos;&gt;&lt;/table&gt;&lt;/td&gt;&lt;td nowrap&gt;&amp;nbsp;&lt;b&gt;&lt;span id=2_msg&gt;&lt;/span&gt;&lt;/b&gt;&lt;/td&gt;&lt;td align=&quot;right&quot; width=&quot;100%&quot;&gt;&lt;td valign=&quot;middle&quot; nowrap&gt;&lt;span id=&apos;SWEApplet2_ctrlmsg&apos;&gt;&lt;/span&gt;&lt;/td&gt;&lt;td valign=&quot;middle&quot; nowrap&gt;&amp;nbsp;&lt;span id=s_2_rc&gt;&lt;/span&gt;&amp;nbsp;&lt;/td&gt;&lt;td valign=&quot;middle&quot;&gt;&amp;nbsp;&lt;img src=&quot;images/btn_div_gray.gif&quot; height=&quot;13&quot; align=&quot;middle&quot; alt=&quot;&quot;&gt;&amp;nbsp;&lt;/td&gt;&lt;td valign=&quot;middle&quot; nowrap&gt;&lt;span id=s_2_1_24_0&gt;&amp;nbsp;&lt;/span&gt;&lt;/td&gt;&lt;td valign=&quot;middle&quot; nowrap&gt;&lt;b&gt;&lt;span id=s_2_1_30_0&gt;&amp;nbsp;&lt;/span&gt;&lt;/b&gt;&lt;/td&gt;&lt;td valign=&quot;middle&quot; nowrap&gt;&lt;span id=s_2_1_20_0&gt;&amp;nbsp;&lt;/span&gt;&lt;/td&gt;&lt;td valign=&quot;middle&quot; nowrap&gt;&lt;span id=s_2_1_26_0&gt;&amp;nbsp;&lt;/span&gt;&lt;/td&gt;&lt;td valign=&quot;middle&quot; nowrap&gt;&lt;span id=s_2_1_28_0&gt;&amp;nbsp;&lt;/span&gt;&lt;/td&gt;&lt;td valign=&quot;middle&quot; nowrap&gt;&lt;span id=s_2_1_48_0&gt;&amp;nbsp;&lt;/span&gt;&lt;/td&gt;&lt;/td&gt;&lt;td valign=&quot;top&quot; align=&quot;right&quot;&gt;&lt;/td&gt;&lt;/tr&gt;&lt;/table&gt;&lt;span id=2_c_err style=&quot;display: none;&quot;&gt;&lt;table datatable=&quot;0&quot; summary=&quot;&quot; class=&quot;AppletBack&quot; width=&quot;100%&quot; cellpadding=&quot;4&quot; cellspacing=&quot;0&quot; border=&quot;0&quot;&gt;&lt;tr&gt;&lt;td class=&quot;error&quot;&gt;&lt;br&gt;&amp;nbsp;&lt;/td&gt;&lt;/tr&gt;&lt;/table&gt;&lt;/span&gt;&lt;div class=&quot;AppletHIListBorder&quot;&gt;&lt;div id=&quot;s_2_ld&quot; STYLE=&quot;height:322px&quot;&gt;&lt;div&gt;&lt;/div&gt;&lt;script&gt;SWEWriteObjectTag(this,&apos;&lt;object id=&quot;s_2_l&quot;  CLASSID=&quot;CLSID:a9967980-c623-4092-b952-fcf15f67b8a5&quot; WIDTH=100% HEIGHT=100%&gt;&lt;/OBJECT&gt;&apos;);&lt;/script&gt;&lt;/div&gt;&lt;/div&gt;&lt;/div&gt;&lt;/span&gt;&lt;/form&gt;
&lt;a id=&quot;SWEBottomHidden2&quot; href=&quot;javascript:void(0);&quot; tabindex=&quot;2999&quot; onfocus=&quot;document.getElementById(&apos;SWETopHidden2&apos;).focus();&quot;&gt;&lt;/a&gt;&lt;/div&gt;&lt;a name=&quot;SWEApplet3&quot; id=&quot;SWEApplet3&quot; href=&quot;#SWEApplet3&quot; title=&quot;Line Detail&quot;&gt;&lt;/a&gt;
&lt;div id=&apos;s_S_A3_div&apos;oncontextmenu=&apos;HandleContextMenu(&quot;BT Order Entry - Line Item Form Applet&quot;)&apos; onclick=&apos;HandleAppletClick(&quot;BT Order Entry - Line Item Form Applet&quot;)&apos;&gt;
&lt;a id=&quot;SWETopHidden3&quot; href=&quot;javascript:void(0);&quot; tabindex=&quot;3000&quot;&gt;&lt;/a&gt;&lt;table datatable=&quot;0&quot; summary=&quot;&quot;&gt;&lt;tr&gt;&lt;td&gt;&lt;img src=&quot;images/spacer.gif&quot; width=&quot;1&quot; height=&quot;3&quot; alt=&quot;&quot;&gt;&lt;/td&gt;&lt;/tr&gt;&lt;/table&gt;&lt;form name=&quot;SWEForm3_0&quot; method=&quot;post&quot; action=&quot;/ecommunications_enu_nsm_aps05524a027/start.swe&quot; onSubmit=&quot;return false;&quot; &gt;
&lt;div class=&quot;NotSelected&quot; id=&quot;a_3&quot;&gt;&lt;table datatable=&quot;0&quot; summary=&quot;&quot; width=&quot;100%&quot; cellpadding=&quot;0&quot; cellspacing=&quot;0&quot; border=&quot;0&quot; align=&quot;center&quot; class=&quot;AppletBack&quot;&gt;&lt;tr&gt;&lt;td class=&quot;AppletHIFormBorder&quot;&gt;&lt;span class=&quot;AppletStyleChild77&quot;&gt;&lt;table datatable=&quot;0&quot; summary=&quot;&quot; width=&quot;100%&quot; cellspacing=&quot;0&quot; cellpadding=&quot;2&quot; border=&quot;0&quot; align=&quot;center&quot;&gt;&lt;tr class=&quot;AppletButtons&quot;&gt;&lt;td nowrap width=&quot;100%&quot; class=&quot;AppletTitle&quot;&gt;&amp;nbsp;Line Detail&lt;/td&gt;&lt;td nowrap valign=&quot;absmiddle&quot; class=&quot;legend&quot;&gt;&lt;/td&gt;&lt;td width=&quot;100%&quot;&gt;&amp;nbsp;&lt;img src=&quot;images/btn_div_gray.gif&quot; height=&quot;13&quot; align=&quot;middle&quot; alt=&quot;&quot;&gt;&amp;nbsp;&lt;/td&gt;&lt;td valign=&quot;middle&quot; nowrap&gt;&lt;span id=&apos;SWEApplet3_ctrlmsg&apos;&gt;&lt;/span&gt;&lt;/td&gt;&lt;td class=&quot;AppletTitle&quot; valign=&quot;middle&quot; nowrap&gt;&lt;span id=s_3_1_98_0&gt;&amp;nbsp;&lt;/span&gt;&lt;/td&gt;&lt;td class=&quot;AppletTitle&quot; valign=&quot;middle&quot; nowrap&gt;&amp;nbsp;&lt;span id=s_3_rc&gt;&lt;/span&gt;&amp;nbsp;&lt;/td&gt;&lt;td class=&quot;AppletTitle&quot; valign=&quot;middle&quot; nowrap&gt;&lt;span id=s_3_1_96_0&gt;&amp;nbsp;&lt;/span&gt;&lt;/td&gt;&lt;td&gt;&amp;nbsp;&lt;/td&gt;&lt;td class=&quot;AppletTitle&quot; valign=&quot;middle&quot;&gt;&lt;img src=&quot;images/btn_div.gif&quot; height=&quot;13&quot; align=&quot;middle&quot; alt=&quot;&quot;&gt;&lt;/td&gt;&lt;td&gt;&amp;nbsp;&lt;/td&gt;&lt;td valign=&quot;middle&quot; nowrap&gt;&lt;span id=s_3_1_44_0&gt;&amp;nbsp;&lt;/span&gt;&lt;/td&gt;&lt;td valign=&quot;top&quot; align=&quot;right&quot;&gt;&lt;/td&gt;&lt;/tr&gt;&lt;/table&gt;&lt;table datatable=&quot;0&quot; summary=&quot;&quot; class=&quot;AppletBackTable&quot; width=&quot;100%&quot; cellspacing=&quot;0&quot; cellpadding=&quot;2&quot; align=&quot;center&quot;&gt;&lt;tr class=&quot;AppletBack&quot; align=&quot;left&quot;&gt;&lt;td nowrap class=&quot;AppletMenu&quot;&gt;&lt;span class=&quot;miniBtnUICTop&quot;&gt;&lt;span class=&quot;miniBtnUIC&quot;&gt;&lt;a id=&apos;s_at_m_3&apos; href=&quot;javascript:void(0)&quot; onclick=&quot;window.event.cancelBubble=true; _JMenu_Initialize(this, &apos;BT Order Entry - Line Item Form Applet&apos;, &apos;Applet&apos;, s_at_m_3Ax, 0, false); return false;&quot; onmouseover=&quot;MinibtnHover(this.parentNode)&quot; onmouseout=&quot;MinibtnOut(this.parentNode)&quot; onmousedown=&quot;MinibtnDown(this.parentNode)&quot; onmouseup=&quot;MinibtnUp(this.parentNode)&quot; &gt;Menu&amp;nbsp;&lt;img border=&quot;0&quot; src=&quot;images/img_arrow.gif&quot; align=&quot;center&quot;&gt;&lt;/a&gt;&lt;/span&gt;&lt;/span&gt;&lt;object id= &quot;s_at_m_3Ax&quot; CLASSID=&quot;CLSID:9174862b-ac3b-4f9f-abc9-a0a3c9fd95d4&quot; codebase=&quot;23048/applets/SiebelAx_HI_Client.cab&quot; width=0 height = 0&gt;&lt;/object&gt;&lt;/td&gt;&lt;td&gt;&lt;img height=1 alt=&quot;&quot; src=&quot;images/spacer.gif&quot; width=4&gt;&lt;/td&gt;&lt;td&gt;&lt;img src=&quot;images/btn_div_gray.gif&quot; height=&quot;13&quot; align=&quot;middle&quot; alt=&quot;&quot;&gt;&lt;/td&gt;&lt;td&gt;&lt;img src=&quot;images/spacer.gif&quot; width=&quot;4&quot; height=&quot;1&quot; alt=&quot;&quot;&gt;&lt;/td&gt;&lt;td nowrap&gt;&lt;span id=s_3_1_101_0&gt;&amp;nbsp;&lt;/span&gt;&lt;/td&gt;&lt;td nowrap&gt;&lt;span id=s_3_1_26_0&gt;&amp;nbsp;&lt;/span&gt;&lt;/td&gt;&lt;td nowrap&gt;&lt;span id=s_3_1_23_0&gt;&amp;nbsp;&lt;/span&gt;&lt;/td&gt;&lt;td nowrap&gt;&lt;span id=s_3_1_34_0&gt;&amp;nbsp;&lt;/span&gt;&lt;/td&gt;&lt;td nowrap&gt;&lt;span id=s_3_1_105_0&gt;&amp;nbsp;&lt;/span&gt;&lt;/td&gt;&lt;td nowrap&gt;&lt;span id=s_3_1_106_0&gt;&amp;nbsp;&lt;/span&gt;&lt;/td&gt;&lt;td&gt;&lt;table datatable=&quot;0&quot; summary=&quot;&quot; width=&quot;100%&quot; valign=&quot;top&quot; align=&quot;center&quot; cellpadding=&apos;0&apos; cellspacing=&apos;0&apos; border=&apos;0&apos;&gt;&lt;/table&gt;&lt;/td&gt;&lt;td class=&quot;mceGridLabel&quot; align=&quot;left&quot; width=&quot;100%&quot; nowrap&gt;&amp;nbsp;&lt;b&gt;&lt;span id=3_msg&gt;&lt;/span&gt;&lt;/b&gt;&lt;/td&gt;&lt;/tr&gt;&lt;/table&gt;&lt;table datatable=&quot;0&quot; summary=&quot;&quot; class=&quot;AppletBackTable&quot; width=&quot;100%&quot; cellspacing=&quot;0&quot; cellpadding=&quot;0&quot; align=&quot;center&quot;&gt;&lt;tr class=&quot;AppletBack&quot;&gt;&lt;td class=&quot;AppletBack&quot;&gt;&lt;img src=&quot;images/spacer.gif&quot; height=&quot;1&quot; width=&quot;1&quot; alt=&quot;&quot;&gt;&lt;/td&gt;&lt;td class=&quot;AppletBlank&quot; width=&quot;100%&quot;&gt;&lt;img src=&quot;images/spacer.gif&quot; height=&quot;1&quot; width=&quot;1&quot; alt=&quot;&quot;&gt;&lt;/td&gt;&lt;/tr&gt;&lt;/table&gt;&lt;span id=3_c_err style=&quot;display: none;&quot;&gt;&lt;table datatable=&quot;0&quot; summary=&quot;&quot; class=&quot;AppletBack&quot; width=&quot;100%&quot; cellpadding=&quot;0&quot; cellspacing=&quot;5&quot; border=&quot;0&quot;&gt;&lt;tr&gt;&lt;td class=&quot;error&quot;&gt;&lt;/td&gt;&lt;/tr&gt;&lt;/table&gt;&lt;/span&gt;&lt;div class=&quot;NotSelected&quot; id=&quot;a_3&quot;&gt;&lt;div align=left style=&quot;width:100%;&quot; class=&quot;GridBorder&quot;&gt;&lt;table class=&quot;GridBack&quot; border=0 cellspacing=0 cellpadding=0&gt;&lt;tr&gt;&lt;td&gt;&lt;/td&gt;&lt;td style=&quot;width:8px;&quot;&gt;&lt;/td&gt;&lt;td style=&quot;width:104px;&quot;&gt;&lt;/td&gt;&lt;td style=&quot;width:16px;&quot;&gt;&lt;/td&gt;&lt;td style=&quot;width:104px;&quot;&gt;&lt;/td&gt;&lt;td style=&quot;width:8px;&quot;&gt;&lt;/td&gt;&lt;td style=&quot;width:8px;&quot;&gt;&lt;/td&gt;&lt;td style=&quot;width:8px;&quot;&gt;&lt;/td&gt;&lt;td style=&quot;width:56px;&quot;&gt;&lt;/td&gt;&lt;td style=&quot;width:40px;&quot;&gt;&lt;/td&gt;&lt;td style=&quot;width:16px;&quot;&gt;&lt;/td&gt;&lt;td style=&quot;width:72px;&quot;&gt;&lt;/td&gt;&lt;td style=&quot;width:8px;&quot;&gt;&lt;/td&gt;&lt;td style=&quot;width:16px;&quot;&gt;&lt;/td&gt;&lt;td style=&quot;width:8px;&quot;&gt;&lt;/td&gt;&lt;td style=&quot;width:8px;&quot;&gt;&lt;/td&gt;&lt;td style=&quot;width:8px;&quot;&gt;&lt;/td&gt;&lt;td style=&quot;width:8px;&quot;&gt;&lt;/td&gt;&lt;td style=&quot;width:80px;&quot;&gt;&lt;/td&gt;&lt;td style=&quot;width:40px;&quot;&gt;&lt;/td&gt;&lt;td style=&quot;width:16px;&quot;&gt;&lt;/td&gt;&lt;td style=&quot;width:48px;&quot;&gt;&lt;/td&gt;&lt;td style=&quot;width:16px;&quot;&gt;&lt;/td&gt;&lt;td style=&quot;width:48px;&quot;&gt;&lt;/td&gt;&lt;td style=&quot;width:8px;&quot;&gt;&lt;/td&gt;&lt;td style=&quot;width:8px;&quot;&gt;&lt;/td&gt;&lt;td style=&quot;width:64px;&quot;&gt;&lt;/td&gt;&lt;td style=&quot;width:64px;&quot;&gt;&lt;/td&gt;&lt;td style=&quot;width:112px;&quot;&gt;&lt;/td&gt;&lt;td style=&quot;width:8px;&quot;&gt;&lt;/td&gt;&lt;td style=&quot;width:8px;&quot;&gt;&lt;/td&gt;&lt;/tr&gt;&lt;tr&gt;&lt;td style=&quot;height:24;&quot;&gt;&lt;/td&gt;&lt;td rowSpan=3 colSpan=1&gt;&lt;/td&gt;&lt;td nowrap valign=middle colSpan=2 rowSpan=1&gt;&lt;div class=&quot;mceGridLabel&quot; align=&quot;Right&quot;&gt;&amp;nbsp;Sequence:&lt;/div&gt;&lt;/td&gt;&lt;td nowrap valign=middle colSpan=3 rowSpan=1&gt;&lt;div class=&quot;mceGridField&quot;&gt;&lt;script&gt;SWEWriteObjectTag(this,&apos;&lt;object id=s_3_1_81_0 CLASSID=&quot;CLSID:1cb4ef94-8549-471a-b73f-54ff5c244212&quot; HEIGHT=24 WIDTH=120&gt;&lt;/object&gt;&apos;);&lt;/script&gt;&lt;/div&gt;&lt;/td&gt;&lt;td rowSpan=3 colSpan=1&gt;&lt;/td&gt;&lt;td nowrap valign=middle colSpan=3 rowSpan=1&gt;&lt;div class=&quot;mceGridLabel&quot; align=&quot;Right&quot;&gt;&amp;nbsp;Due Date:&lt;/div&gt;&lt;/td&gt;&lt;td nowrap valign=middle colSpan=6 rowSpan=1&gt;&lt;div class=&quot;mceGridField&quot;&gt;&lt;script&gt;SWEWriteObjectTag(this,&apos;&lt;object id=s_3_1_69_0 CLASSID=&quot;CLSID:1cb4ef94-8549-471a-b73f-54ff5c244212&quot; HEIGHT=24 WIDTH=120&gt;&lt;/object&gt;&apos;);&lt;/script&gt;&lt;/div&gt;&lt;/td&gt;&lt;td rowSpan=2 colSpan=1&gt;&lt;/td&gt;&lt;td nowrap valign=middle colSpan=2 rowSpan=1&gt;&lt;div class=&quot;mceGridLabel&quot; align=&quot;Right&quot;&gt;&amp;nbsp;Status:&lt;/div&gt;&lt;/td&gt;&lt;td nowrap valign=middle colSpan=4 rowSpan=1&gt;&lt;div class=&quot;mceGridField&quot;&gt;&lt;script&gt;SWEWriteObjectTag(this,&apos;&lt;object id=s_3_1_120_0 CLASSID=&quot;CLSID:1cb4ef94-8549-471a-b73f-54ff5c244212&quot; HEIGHT=24 WIDTH=120&gt;&lt;/object&gt;&apos;);&lt;/script&gt;&lt;/div&gt;&lt;/td&gt;&lt;td rowSpan=3 colSpan=1&gt;&lt;/td&gt;&lt;td nowrap valign=middle colSpan=3 rowSpan=1&gt;&lt;div class=&quot;mceGridLabel&quot; align=&quot;Right&quot;&gt;&amp;nbsp;UoM:&lt;/div&gt;&lt;/td&gt;&lt;td nowrap valign=middle colSpan=2 rowSpan=1&gt;&lt;div class=&quot;mceGridField&quot;&gt;&lt;script&gt;SWEWriteObjectTag(this,&apos;&lt;object id=s_3_1_93_0 CLASSID=&quot;CLSID:1cb4ef94-8549-471a-b73f-54ff5c244212&quot; HEIGHT=24 WIDTH=120&gt;&lt;/object&gt;&apos;);&lt;/script&gt;&lt;/div&gt;&lt;/td&gt;&lt;td rowSpan=3 colSpan=1&gt;&lt;/td&gt;&lt;/tr&gt;&lt;tr&gt;&lt;td style=&quot;height:24;&quot;&gt;&lt;/td&gt;&lt;td nowrap valign=middle colSpan=2 rowSpan=1&gt;&lt;div class=&quot;mceGridLabel&quot; align=&quot;Right&quot;&gt;&amp;nbsp;Product:&lt;/div&gt;&lt;/td&gt;&lt;td nowrap valign=middle colSpan=3 rowSpan=1&gt;&lt;div class=&quot;mceGridField&quot;&gt;&lt;script&gt;SWEWriteObjectTag(this,&apos;&lt;object id=s_3_1_91_0 CLASSID=&quot;CLSID:1cb4ef94-8549-471a-b73f-54ff5c244212&quot; HEIGHT=24 WIDTH=120&gt;&lt;/object&gt;&apos;);&lt;/script&gt;&lt;/div&gt;&lt;/td&gt;&lt;td nowrap valign=middle colSpan=3 rowSpan=1&gt;&lt;div class=&quot;mceGridLabel&quot; align=&quot;Right&quot;&gt;&amp;nbsp;MSISDN No:&lt;/div&gt;&lt;/td&gt;&lt;td nowrap valign=middle colSpan=6 rowSpan=1&gt;&lt;div class=&quot;mceGridField&quot;&gt;&lt;script&gt;SWEWriteObjectTag(this,&apos;&lt;object id=s_3_1_88_0 CLASSID=&quot;CLSID:1cb4ef94-8549-471a-b73f-54ff5c244212&quot; HEIGHT=24 WIDTH=120&gt;&lt;/object&gt;&apos;);&lt;/script&gt;&lt;/div&gt;&lt;/td&gt;&lt;td nowrap valign=middle colSpan=2 rowSpan=1&gt;&lt;div class=&quot;mceGridLabel&quot; align=&quot;Right&quot;&gt;&amp;nbsp;Action:&lt;/div&gt;&lt;/td&gt;&lt;td nowrap valign=middle colSpan=4 rowSpan=1&gt;&lt;div class=&quot;mceGridField&quot;&gt;&lt;script&gt;SWEWriteObjectTag(this,&apos;&lt;object id=s_3_1_20_0 CLASSID=&quot;CLSID:1cb4ef94-8549-471a-b73f-54ff5c244212&quot; HEIGHT=24 WIDTH=120&gt;&lt;/object&gt;&apos;);&lt;/script&gt;&lt;/div&gt;&lt;/td&gt;&lt;td nowrap valign=middle colSpan=3 rowSpan=1&gt;&lt;div class=&quot;mceGridLabel&quot; align=&quot;Right&quot;&gt;&amp;nbsp;Billing Account Number:&lt;/div&gt;&lt;/td&gt;&lt;td nowrap valign=middle colSpan=2 rowSpan=1&gt;&lt;div class=&quot;mceGridField&quot;&gt;&lt;script&gt;SWEWriteObjectTag(this,&apos;&lt;object id=s_3_1_53_0 CLASSID=&quot;CLSID:1cb4ef94-8549-471a-b73f-54ff5c244212&quot; HEIGHT=24 WIDTH=120&gt;&lt;/object&gt;&apos;);&lt;/script&gt;&lt;/div&gt;&lt;/td&gt;&lt;/tr&gt;&lt;tr&gt;&lt;td style=&quot;height:24;&quot;&gt;&lt;/td&gt;&lt;td rowSpan=1 colSpan=5&gt;&lt;/td&gt;&lt;td rowSpan=1 colSpan=1&gt;&lt;/td&gt;&lt;td nowrap valign=middle colSpan=3 rowSpan=1&gt;&lt;div class=&quot;mceGridField&quot;&gt;&lt;span id=s_3_1_21_0&gt;&amp;nbsp;&lt;/span&gt;&lt;/div&gt;&lt;/td&gt;&lt;td rowSpan=1 colSpan=1&gt;&lt;/td&gt;&lt;td nowrap valign=middle colSpan=6 rowSpan=1&gt;&lt;div class=&quot;mceGridField&quot;&gt;&lt;span id=s_3_1_22_0&gt;&amp;nbsp;&lt;/span&gt;&lt;/div&gt;&lt;/td&gt;&lt;td rowSpan=1 colSpan=3&gt;&lt;/td&gt;&lt;td nowrap valign=middle colSpan=1 rowSpan=1&gt;&lt;div class=&quot;mceGridField&quot;&gt;&lt;span id=s_3_1_99_0&gt;&amp;nbsp;&lt;/span&gt;&lt;/div&gt;&lt;/td&gt;&lt;td rowSpan=1 colSpan=1&gt;&lt;/td&gt;&lt;td rowSpan=1 colSpan=5&gt;&lt;/td&gt;&lt;/tr&gt;&lt;/table&gt;&lt;/div&gt;&lt;/div&gt;&lt;/span&gt;&lt;/td&gt;&lt;/tr&gt;&lt;/table&gt;&lt;/div&gt;&lt;/form&gt;
&lt;a id=&quot;SWEBottomHidden3&quot; href=&quot;javascript:void(0);&quot; tabindex=&quot;3999&quot; onfocus=&quot;document.getElementById(&apos;SWETopHidden3&apos;).focus();&quot;&gt;&lt;/a&gt;&lt;/div&gt;&lt;table datatable=&quot;0&quot; summary=&quot;&quot; width=&quot;100%&quot; border=&quot;0&quot; cellspacing=&quot;0&quot; cellpadding=&quot;3&quot;&gt;&lt;tr valign=&quot;top&quot;&gt;&lt;td width=&quot;50%&quot;&gt;&lt;/td&gt;&lt;td width=&quot;50%&quot;&gt;&lt;/td&gt;&lt;/tr&gt;&lt;/table&gt;&lt;/div&gt;&lt;script&gt;

SWEIsHighInteract = true; Top().SWEIsHighInteract = true;
if (typeof(top._samePage) != &apos;undefined&apos; &amp;&amp; top._samePage!=&quot;&quot;) top._samePage = &quot;&quot;;
if (top.opener == null || typeof top.opener.swetop == &apos;unknown&apos; || typeof top.opener.swetop == &apos;undefined&apos;) top._swe._sweapp.S_App.SWECount = 63;
else top.opener.top._swe._sweapp.S_App.SWECount = 63;
g_bInitialized = true;

if(typeof(top._swescript)!=&apos;undefined&apos; &amp;&amp; top._swescript!=null)top._swescript.InitApplet(&quot;BT Order Entry - Order Form Applet Dashboard (Sales)&quot;,&quot;SWEApplet1&quot;,&quot;Order Entry - Line Items Detail View (Sales)&quot;,3, this);
if (top._swescript!=null) top._swescript.InitMethod(&quot;GotoAppletMenu&quot;, this, &quot;s_at_m_1&quot;, null, null);
if(top._swe._sweapp._JMenuObj == null)                  
top._swe._sweapp._JMenuObj = new top._swe._sweapp.JMenu();
top._swe._sweapp._JMenuObj.BindAXObj (this.document.getElementById(&quot;s_at_m_1Ax&quot;),&apos;Applet&apos;, &apos;BT Order Entry - Order Form Applet Dashboard (Sales\)&apos;, this.document.getElementById(&quot;s_at_m_1&quot;), &quot;s_at_m_1&quot;);
document.oncontextmenu = HandleContextMenu;
if(typeof(top._swescript)!=&apos;undefined&apos; &amp;&amp; top._swescript!=null)top._swescript.InitApplet(&quot;BT Order Entry - Line Item List Applet (Sales)&quot;,&quot;SWEApplet2&quot;,&quot;Order Entry - Line Items Detail View (Sales)&quot;,6, this);
if (top._swescript!=null) top._swescript.InitMethod(&quot;GotoAppletMenu&quot;, this, &quot;s_at_m_2&quot;, null, null);
if(top._swe._sweapp._JMenuObj == null)                  
top._swe._sweapp._JMenuObj = new top._swe._sweapp.JMenu();
top._swe._sweapp._JMenuObj.BindAXObj (this.document.getElementById(&quot;s_at_m_2Ax&quot;),&apos;Applet&apos;, &apos;BT Order Entry - Line Item List Applet (Sales\)&apos;, this.document.getElementById(&quot;s_at_m_2&quot;), &quot;s_at_m_2&quot;);
document.oncontextmenu = HandleContextMenu;
if(typeof(top._swescript)!=&apos;undefined&apos; &amp;&amp; top._swescript!=null)top._swescript.InitApplet(&quot;BT Order Entry - Line Item Form Applet&quot;,&quot;SWEApplet3&quot;,&quot;Order Entry - Line Items Detail View (Sales)&quot;,3, this);
if (top._swescript!=null) top._swescript.InitMethod(&quot;GotoAppletMenu&quot;, this, &quot;s_at_m_3&quot;, null, null);
if(top._swe._sweapp._JMenuObj == null)                  
top._swe._sweapp._JMenuObj = new top._swe._sweapp.JMenu();
top._swe._sweapp._JMenuObj.BindAXObj (this.document.getElementById(&quot;s_at_m_3Ax&quot;),&apos;Applet&apos;, &apos;BT Order Entry - Line Item Form Applet&apos;, this.document.getElementById(&quot;s_at_m_3&quot;), &quot;s_at_m_3&quot;);
document.oncontextmenu = HandleContextMenu;

&lt;/script&gt;
&lt;script for=window event=onunload&gt;
top._swe._sweapp.S_App.SetLayoutUnloaded(&quot;View&quot;, &quot;Order Entry - Line Items Detail View (Sales)&quot;);
&lt;/script&gt;
&lt;script for=window event=onload&gt;
top._swe._sweapp.S_App.SetLayoutLoaded(&quot;View&quot;, &quot;Order Entry - Line Items Detail View (Sales)&quot;, window, &quot;&quot;);
&lt;/script&gt;
&lt;/body&gt;&lt;/html&gt;</responseData>
  <responseFile class="java.lang.String"></responseFile>
  <cookies class="java.lang.String">_sn=GXmoeGkdwh1O45lrH7mMIZnLMWvqHkVWiQKqDOICOq1fi95anXYMaCRAX879ujDRD9kS4J75N4kGDX576Q2AKmwZPUBih-4NS80Pc1189OxasEbdAsHiEtIhcnCzZ0zWb5V6QpVraL0TTGU4ktkGZq374g8C0pUBRhKVASKeW21TgUW5eIkswq97I-.qG-kr; _srn=_srn; SWEUAID=SWEUAID</cookies>
  <method class="java.lang.String">GET</method>
  <queryString class="java.lang.String"></queryString>
  <java.net.URL>http://localhost:8080/ecommunications_enu_nsm_aps05524a027/start.swe?SWECmd=GetViewLayout&amp;SWEView=Order+Entry+-+Line+Items+Detail+View+%28Sales%29&amp;SWEVI=&amp;SWEVLC=3-2NTUN-318_Siebel%2BPower%2BCommunications_43%257c1592409810%257c0_0_23048_PATCHSET18PATCHSET18PATCHSET18_L&amp;SRN=xK7T2pIB2ZOV15hwlQxQF5reKcoUB8VpMTZr7we8uAEb</java.net.URL>
</httpSample>
<httpSample t="{{\d+}}" it="0" lt="{{\d+}}" ct="{{\d+}}" ts="{{\d+}}" s="true" lb="{{\d+}} /ecommunications_enu_nsm_aps05524a027/start.swe" rc="200" rm="OK" tn="Thread Group 1-1" dt="text" de="utf-8" by="1535" sby="860" sc="1" ec="0" ng="1" na="1" hn="{{.*?}}">
  <responseHeader class="java.lang.String">HTTP/1.1 200 OK
Connection: close
Server: Oracle-iPlanet-Web-Server/7.0
Date: Tue, 23 Jun 2020 13:07:03 GMT
Content-Language: en
Cache-Control: no-cache
Swerpc: true
Content-Type: text/html;charset=utf-8
Connection: close
Matched-Stub-Id: {{\w+-\w+-\w+-\w+-\w+}}
Vary: Accept-Encoding, User-Agent
</responseHeader>
  <requestHeader class="java.lang.String">Connection: close
Content-Type: application/x-www-form-urlencoded
DNT: 1
Accept-Encoding: deflate
Pragma: no-cache
User-Agent: Mozilla/4.0 (compatible; MSIE 7.0; Windows NT 6.3; WOW64; Trident/7.0; .NET4.0E; .NET4.0C; .NET CLR 3.5.30729; .NET CLR 2.0.50727; .NET CLR 3.0.30729)
Accept: text/html, image/gif, image/jpeg, *; q=.2, */*; q=.2
Content-Length: 172
Host: localhost:8080
</requestHeader>
  <responseData class="java.lang.String">@0`1`4`3``0`UC`1`Status`OK`SWEC`85`SRN`xK7T2pIB2ZOV15hwlQxQF5reKcoUB8VpMTZr7we8uAEb`1`0`ResultSet`0`BTSFlg`Y`0`8`Notifications`0`2`0``0`OP`bn`bc`S_BC1`7`0``0`br`0`ArgsArray`52*BT Order Entry - Order Form Applet Dashboard (Sales)1*1`size`1`cr`0`OP`g`bc`S_BC1`type`SWEIRowSelection`7`0``0`br`0`ArgsArray`52*BT Order Entry - Order Form Applet Dashboard (Sales)10**HTML Link1*123**Billing Account Number1*121**Billing Profile Link1*1`size`1`cr`0`OP`g`bc`S_BC1`type`SWEICanNavigate`2`0``0`OP`en`bc`S_BC1`2`0``0`OP`bn`bc`S_BC2`7`0``0`br`0`ArgsArray`38*BT Order Entry - Line Item Form Applet1*1`size`16`cr`6`OP`g`bc`S_BC2`type`SWEIRowSelection`7`0``0`br`0`ArgsArray`46*BT Order Entry - Line Item List Applet (Sales)1*11*01*01*01*01*01*0`size`16`cr`6`OP`g`bc`S_BC2`type`SWEIRowSelection`2`0``0`OP`en`bc`S_BC2`1`6`Command Manager`0`RefreshToolbar`true`7`0`StateToolBar`0`#35`true`#36`true`#17`true`#34`true`#8`false`#37`true`#38`true`0`1`StateExToolBar`0`1`0`#35`0`Checked`false`0`3`FlagsToolBar`0`3`0`#8`0`SWESP`true`SWEH`0`SWEW`0`3`0`#34`0`SWESP`true`SWEH`600`SWEW`800`3`0`#36`0`SWESP`true`SWEH`20`SWEW`380`3`0`State`0`#27`false`#26`false`#28`false`0`3`StateEx`0`0`0`#26`0`0`0`#27`0`1`0`#28`0`Checked`false`0`0`Flags`0`</responseData>
  <responseFile class="java.lang.String"></responseFile>
  <cookies class="java.lang.String">_sn=GXmoeGkdwh1O45lrH7mMIZnLMWvqHkVWiQKqDOICOq1fi95anXYMaCRAX879ujDRD9kS4J75N4kGDX576Q2AKmwZPUBih-4NS80Pc1189OxasEbdAsHiEtIhcnCzZ0zWb5V6QpVraL0TTGU4ktkGZq374g8C0pUBRhKVASKeW21TgUW5eIkswq97I-.qG-kr; _srn=_srn; SWEUAID=SWEUAID</cookies>
  <method class="java.lang.String">POST</method>
  <queryString class="java.lang.String">SWEC=84&amp;SWEMethod=DashBoardAppletLoadBR&amp;SWERPC=1&amp;SWECmd=InvokeMethod&amp;SRN=xK7T2pIB2ZOV15hwlQxQF5reKcoUB8VpMTZr7we8uAEb&amp;SWEIPS=%400*0*0*0*0*3*0*&amp;SWEService=BT+Masking+Service</queryString>
  <java.net.URL>http://localhost:8080/ecommunications_enu_nsm_aps05524a027/start.swe</java.net.URL>
</httpSample>
<httpSample t="{{\d+}}" it="0" lt="{{\d+}}" ct="{{\d+}}" ts="{{\d+}}" s="true" lb="{{\d+}} /ecommunications_enu_nsm_aps05524a027/start.swe" rc="200" rm="OK" tn="Thread Group 1-1" dt="text" de="utf-8" by="6445" sby="1223" sc="1" ec="0" ng="1" na="1" hn="{{.*?}}">
  <responseHeader class="java.lang.String">HTTP/1.1 200 OK
Connection: close
Server: Oracle-iPlanet-Web-Server/7.0
Date: Tue, 23 Jun 2020 13:07:23 GMT
Content-Language: en
Cache-Control: no-cache
Swerpc: true
Content-Type: text/html;charset=utf-8
Connection: close
Matched-Stub-Id: {{\w+-\w+-\w+-\w+-\w+}}
Vary: Accept-Encoding, User-Agent
</responseHeader>
  <requestHeader class="java.lang.String">Connection: close
Content-Type: application/x-www-form-urlencoded
DNT: 1
Accept-Encoding: deflate
Pragma: no-cache
User-Agent: Mozilla/4.0 (compatible; MSIE 7.0; Windows NT 6.3; WOW64; Trident/7.0; .NET4.0E; .NET4.0C; .NET CLR 3.5.30729; .NET CLR 2.0.50727; .NET CLR 3.0.30729)
Accept: text/html, image/gif, image/jpeg, *; q=.2, */*; q=.2
Content-Length: 535
Host: localhost:8080
</requestHeader>
  <responseData class="java.lang.String">@0`1`4`3``0`UC`1`Status`Continue`SWEC`86`SRN`xK7T2pIB2ZOV15hwlQxQF5reKcoUB8VpMTZr7we8uAEb`0`12`Notifications`0`2`0``0`OP`bn`bc`S_BC2`7`0``0`br`0`ArgsArray`38*BT Order Entry - Line Item Form Applet1*01*01*11*01*21*01*31*01*41*01*51*11*61*11*71*11*81*11*91*12*101*12*111*12*121*02*131*02*141*02*151*12*161*02*171*12*181*02*191*12*201*02*211*02*221*02*231*12*241*12*251*12*261*12*271*02*281*02*291*02*301*02*311*02*321*02*331*02*341*12*351*12*361*12*371*12*381*02*391*12*401*12*411*02*421*02*431*02*441*12*451*12*461*02*471*02*481*02*491*02*501*02*511*12*521*02*531*12*541*12*551*12*561*02*571*02*581*02*591*12*601*12*611*02*621*02*631*12*641*12*651*02*661*02*671*02*681*12*691*12*701*12*711*12*721*02*731*02*741*02*751*02*761*02*771*02*781*12*791*12*801*02*811*02*821*02*831*02*841*02*851*02*861*02*871*12*881*12*891*12*901*02*911*02*921*12*931*02*941*12*951*12*961*12*971*02*981*12*991*13*1001*03*1011*13*1021*03*1031*13*1041*03*1051*13*1061*13*1071*13*1081*13*1091*03*1101*03*1111*03*1121*03*1131*03*1141*13*1151*03*1161*03*1171*03*1181*13*1191*03*1201*13*1211*03*1221*03*1231*03*1241*03*1251*03*1261*03*1271*03*1281*13*1291*03*1301*13*1311*13*1321*13*1331*1`size`16`cr`6`OP`g`bc`S_BC2`type`SWEICanUpdate`7`0``0`br`0`ArgsArray`38*BT Order Entry - Line Item Form Applet1*01*01*11*11*21*01*31*11*41*11*51*01*61*01*71*11*81*11*91*12*101*12*111*12*121*12*131*12*141*02*151*12*161*12*171*12*181*12*191*02*201*02*211*02*221*02*231*12*241*02*251*12*261*02*271*02*281*02*291*12*301*12*311*12*321*12*331*12*341*12*351*02*361*02*371*02*381*02*391*02*401*02*411*12*421*12*431*12*441*1`size`16`cr`6`OP`g`bc`S_BC2`type`SWEICanInvokeMethod`7`0``0`br`0`ArgsArray`46*BT Order Entry - Line Item List Applet (Sales)1*01*01*01*01*01*11*0`size`16`cr`6`OP`g`bc`S_BC2`type`SWEIRowSelection`7`0``0`br`0`ArgsArray`46*BT Order Entry - Line Item List Applet (Sales)1*01*11*11*11*21*11*31*11*41*11*51*11*61*11*71*11*81*11*91*12*101*12*111*12*121*02*131*02*141*02*151*12*161*12*171*12*181*02*191*02*201*02*211*12*221*02*231*02*241*02*251*02*261*02*271*02*281*02*291*02*301*02*311*02*321*02*331*12*341*12*351*12*361*12*371*12*381*12*391*12*401*12*411*12*421*12*431*12*441*12*451*12*461*12*471*12*481*12*491*12*501*12*511*12*521*12*531*12*541*12*551*12*561*12*571*12*581*12*591*12*601*12*611*12*621*12*631*12*641*12*651*12*661*12*671*12*681*12*691*12*701*12*711*02*721*12*731*12*741*12*751*12*761*12*771*12*781*12*791*12*801*12*811*12*821*02*831*02*841*02*851*02*861*02*871*12*881*02*891*02*901*12*911*02*921*02*931*02*941*02*951*02*961*12*971*12*981*02*991*03*1001*03*1011*03*1021*03*1031*03*1041*03*1051*03*1061*13*1071*13*1081*13*1091*13*1101*03*1111*03*1121*13*1131*13*1141*13*1151*13*1161*03*1171*03*1181*03*1191*03*1201*13*1211*03*1221*03*1231*03*1241*03*1251*13*1261*03*1271*03*1281*13*1291*03*1301*03*1311*03*1321*03*1331*03*1341*03*1351*13*1361*03*1371*03*1381*13*1391*03*1401*03*1411*03*1421*03*1431*13*1441*03*1451*03*1461*03*1471*13*1481*03*1491*03*1501*03*1511*03*1521*03*1531*13*1541*03*1551*03*1561*03*1571*03*1581*03*1591*03*1601*13*1611*03*1621*03*1631*13*1641*03*1651*03*1661*03*1671*03*1681*03*1691*03*1701*13*1711*03*1721*03*1731*03*1741*03*1751*13*1761*13*1771*03*1781*03*1791*03*1801*03*1811*03*1821*03*1831*03*1841*03*1851*03*1861*03*1871*03*1881*13*1891*13*1901*13*1911*03*1921*13*1931*03*1941*03*1951*03*1961*03*1971*03*1981*03*1991*13*2001*03*2011*03*2021*03*2031*03*2041*13*2051*13*2061*03*2071*03*2081*03*2091*03*2101*03*2111*03*2121*03*2131*03*2141*03*2151*03*2161*03*2171*03*2181*03*2191*03*2201*13*2211*13*2221*03*2231*03*2241*03*2251*03*2261*03*2271*03*2281*03*2291*03*2301*13*2311*03*2321*03*2331*03*2341*03*2351*03*2361*03*2371*03*2381*13*2391*03*2401*03*2411*13*2421*03*2431*03*2441*13*2451*03*2461*03*2471*13*2481*03*2491*03*2501*13*2511*03*2521*03*2531*13*2541*03*2551*13*2561*13*2571*03*2581*03*2591*03*2601*03*2611*13*2621*03*2631*03*2641*03*2651*03*2661*03*2671*13*2681*13*2691*13*2701*13*2711*03*2721*03*2731*03*2741*03*2751*03*2761*13*2771*03*2781*03*2791*03*2801*03*2811*03*2821*03*2831*03*2841*03*2851*13*2861*13*2871*03*2881*03*2891*03*2901*03*2911*13*2921*13*2931*13*2941*03*2951*03*2961*03*2971*03*2981*03*2991*03*3001*13*3011*13*3021*03*3031*03*3041*03*3051*03*3061*0`size`16`cr`6`OP`g`bc`S_BC2`type`SWEICanUpdate`7`0``0`br`0`ArgsArray`46*BT Order Entry - Line Item List Applet (Sales)1*01*11*11*11*21*11*31*11*41*11*51*11*61*11*71*11*81*11*91*12*101*12*111*02*121*12*131*12*141*12*151*12*161*12*171*12*181*12*191*02*201*12*211*12*221*12*231*02*241*12*251*12*261*12*271*02*281*12*291*12*301*12*311*02*321*12*331*12*341*12*351*12*361*02*371*12*381*02*391*12*401*12*411*02*421*02*431*12*441*12*451*12*461*02*471*12*481*12*491*02*501*12*511*12*521*12*531*12*541*02*551*12*561*02*571*02*581*02*591*12*601*02*611*12*621*12*631*12*641*12*651*12*661*02*671*02*681*12*691*12*701*02*711*02*721*02*731*02*741*02*751*02*761*12*771*12*781*12*791*12*801*02*811*02*821*12*831*12*841*02*851*0`size`16`cr`6`OP`g`bc`S_BC2`type`SWEICanInvokeMethod`7`0``0`bSelected`false`br`0`ar`0`size`16`cr`6`OP`ns`bc`S_BC2`8`0``0`br`0`value`6`ar`5`state`cr`size`16`cr`6`OP`sc`bc`S_BC2`6`0``0`br`0`ar`5`size`16`cr`6`OP`nar`bc`S_BC2`7`0``0`bSelected`true`br`0`ar`5`size`16`cr`6`OP`ns`bc`S_BC2`8`0``0`br`0`ArgsArray`38*BT Order Entry - Line Item Form Applet1*5`ar`5`size`16`cr`6`OP`g`bc`S_BC2`type`BegRow`2`0``0`OP`en`bc`S_BC2`3`0`hui`0`n`Order Line Items Detail: VOL013-473260748547`hupd`1`hnact`top._swe._sweapp.S_App.GotoView(&amp;quot;Order Entry - Line Items Detail View (Sales\)&amp;quot;, &amp;quot;&amp;quot;, &amp;quot;/ecommunications_enu_nsm_aps05524a027/start.swe?SWENeedContext=false&amp;amp;SWECmd=GotoBookmarkView&amp;amp;SWEBMC=86&amp;amp;SWEC=86&amp;amp;SRN=xK7T2pIB2ZOV15hwlQxQF5reKcoUB8VpMTZr7we8uAEb&amp;quot;, top._sweclient._swecontent._sweview)`1`6`Command Manager`0`RefreshToolbar`true`7`0`StateToolBar`0`#35`true`#36`true`#17`true`#34`true`#8`false`#37`true`#38`true`0`1`StateExToolBar`0`1`0`#35`0`Checked`false`0`3`FlagsToolBar`0`3`0`#8`0`SWESP`true`SWEH`0`SWEW`0`3`0`#34`0`SWESP`true`SWEH`600`SWEW`800`3`0`#36`0`SWESP`true`SWEH`20`SWEW`380`3`0`State`0`#27`false`#26`false`#28`false`0`3`StateEx`0`0`0`#26`0`0`0`#27`0`1`0`#28`0`Checked`false`0`0`Flags`0`</responseData>
  <responseFile class="java.lang.String"></responseFile>
  <cookies class="java.lang.String">_sn=GXmoeGkdwh1O45lrH7mMIZnLMWvqHkVWiQKqDOICOq1fi95anXYMaCRAX879ujDRD9kS4J75N4kGDX576Q2AKmwZPUBih-4NS80Pc1189OxasEbdAsHiEtIhcnCzZ0zWb5V6QpVraL0TTGU4ktkGZq374g8C0pUBRhKVASKeW21TgUW5eIkswq97I-.qG-kr; _srn=_srn; SWEUAID=SWEUAID</cookies>
  <method class="java.lang.String">POST</method>
  <queryString class="java.lang.String">SWEControlClicked=0&amp;SWER=5&amp;SWEShiftClicked=0&amp;SWEVI=&amp;SWERowId=3-61EV8BNQ&amp;SWEC=85&amp;SWEMethod=PositionOnRow&amp;SWEReqRowId=1&amp;SWERPC=1&amp;SWEApplet=BT+Order+Entry+-+Line+Item+List+Applet+%28Sales%29&amp;SWEActiveApplet=BT+Order+Entry+-+Line+Item+List+Applet+%28Sales%29&amp;SWEView=Order+Entry+-+Line+Items+Detail+View+%28Sales%29&amp;SWECmd=InvokeMethod&amp;SRN=xK7T2pIB2ZOV15hwlQxQF5reKcoUB8VpMTZr7we8uAEb&amp;SWESP=false&amp;SWETS={{\d+}}&amp;SWEActiveView=Order+Entry+-+Line+Items+Detail+View+%28Sales%29&amp;SWEIgnoreCtrlShift=0&amp;SWEP=&amp;SWERowIds=SWERowId0%3D3-61EV8AO3</queryString>
  <java.net.URL>http://localhost:8080/ecommunications_enu_nsm_aps05524a027/start.swe</java.net.URL>
</httpSample>
<httpSample t="{{\d+}}" it="0" lt="{{\d+}}" ct="{{\d+}}" ts="{{\d+}}" s="true" lb="{{\d+}} /ecommunications_enu_nsm_aps05524a027/start.swe" rc="200" rm="OK" tn="Thread Group 1-1" dt="text" de="utf-8" by="1755" sby="1648" sc="1" ec="0" ng="1" na="1" hn="{{.*?}}">
  <responseHeader class="java.lang.String">HTTP/1.1 200 OK
Connection: close
Server: Oracle-iPlanet-Web-Server/7.0
Date: Tue, 23 Jun 2020 13:07:32 GMT
Content-Language: en
Cache-Control: no-cache
Swerpc: true
Content-Type: text/html;charset=utf-8
Connection: close
Matched-Stub-Id: {{\w+-\w+-\w+-\w+-\w+}}
Vary: Accept-Encoding, User-Agent
</responseHeader>
  <requestHeader class="java.lang.String">Connection: close
Content-Type: application/x-www-form-urlencoded
DNT: 1
Accept-Encoding: deflate
Pragma: no-cache
User-Agent: Mozilla/4.0 (compatible; MSIE 7.0; Windows NT 6.3; WOW64; Trident/7.0; .NET4.0E; .NET4.0C; .NET CLR 3.5.30729; .NET CLR 2.0.50727; .NET CLR 3.0.30729)
Accept: text/html, image/gif, image/jpeg, *; q=.2, */*; q=.2
Content-Length: 960
Host: localhost:8080
</requestHeader>
  <responseData class="java.lang.String">@0`1`4`2``0`UC`1`Status`Completed`SWEC`87`SRN`xK7T2pIB2ZOV15hwlQxQF5reKcoUB8VpMTZr7we8uAEb`0`3`Notifications`0`2`0``0`OP`bn`bc`S_BC2`8`0``0`br`0`ArgsArray`0*44*Order Entry - Line Items Detail View (Sales)46*BT Order Entry - Line Item List Applet (Sales)11*s_2_2_120_54*true0*24*1st line/no prev service15*Additional line12*BB Migration20*BB Migration Provide26*Change Promotion - Upgrade29*Change of Record Details only19*Change of promotion18*CrossAccountHStoSP20*CrossAccountSIMOtoSP18*CrossAccountSPtoHS20*CrossAccountSPtoSIMO18*CrossAccountSPtoSP27*Cust unwilling to give info21*Disconnected in error23*FlexibleDiscountProduct29*Home Mover (previously Cable)30*Home Mover (previously on LLU)30*Home Mover (previously on WLR)27*Moving-Staying with BT (E).22*Other provision reason28*Prev svc with LLU competitor28*Prev svc with WLR competitor25*Previous service on cable17*Provided in error28*Second Line (Already has BT)17*Slam reconnection`ar`5`size`16`cr`6`OP`g`bc`S_BC2`type`GetQuickPickInfo`2`0``0`OP`en`bc`S_BC2`1`6`Command Manager`0`RefreshToolbar`true`7`0`StateToolBar`0`#35`true`#36`true`#17`true`#34`true`#8`false`#37`true`#38`true`0`1`StateExToolBar`0`1`0`#35`0`Checked`false`0`3`FlagsToolBar`0`3`0`#8`0`SWESP`true`SWEH`0`SWEW`0`3`0`#34`0`SWESP`true`SWEH`600`SWEW`800`3`0`#36`0`SWESP`true`SWEH`20`SWEW`380`3`0`State`0`#27`false`#26`false`#28`false`0`3`StateEx`0`0`0`#26`0`0`0`#27`0`1`0`#28`0`Checked`false`0`0`Flags`0`</responseData>
  <responseFile class="java.lang.String"></responseFile>
  <cookies class="java.lang.String">_sn=GXmoeGkdwh1O45lrH7mMIZnLMWvqHkVWiQKqDOICOq1fi95anXYMaCRAX879ujDRD9kS4J75N4kGDX576Q2AKmwZPUBih-4NS80Pc1189OxasEbdAsHiEtIhcnCzZ0zWb5V6QpVraL0TTGU4ktkGZq374g8C0pUBRhKVASKeW21TgUW5eIkswq97I-.qG-kr; _srn=_srn; SWEUAID=SWEUAID</cookies>
  <method class="java.lang.String">POST</method>
  <queryString class="java.lang.String">s_2_2_120_5=&amp;s_2_2_112_5=&amp;SWECmd=InvokeMethod&amp;s_2_2_114_5=&amp;s_2_2_244_5=1&amp;s_2_2_301_5=3-61EV8AO8&amp;s_2_2_106_5=&amp;SWEJI=false&amp;s_2_2_87_5=&amp;s_2_2_160_5=&amp;s_2_2_189_5=3-61EV8C9M&amp;s_2_2_108_5=&amp;s_2_2_97_5=&amp;SWEActiveApplet=BT+Order+Entry+-+Line+Item+List+Applet+%28Sales%29&amp;SWEReqRowId=1&amp;s_2_2_128_5=&amp;s_2_2_138_5=&amp;SWEView=Order+Entry+-+Line+Items+Detail+View+%28Sales%29&amp;SWERowIds=SWERowId0%3D3-61EV8AO3&amp;s_2_2_90_5=&amp;SWERowId=3-61EV8BNQ&amp;s_2_2_268_5=Pending&amp;s_2_2_192_5=23%2F06%2F2020+14%3A02%3A52&amp;SWEC=86&amp;s_2_2_113_5=&amp;SWETS={{\d+}}&amp;SWERPC=1&amp;s_2_2_300_5=01212345678&amp;SWEVI=&amp;s_2_2_261_5=Demo&amp;SWEField=s_2_2_120_5&amp;s_2_2_115_5=FY3+9QX&amp;s_2_2_107_5=&amp;s_2_2_125_5=&amp;s_2_2_143_5=&amp;SWEP=&amp;s_2_2_135_5=&amp;SWEApplet=BT+Order+Entry+-+Line+Item+List+Applet+%28Sales%29&amp;SWEActiveView=Order+Entry+-+Line+Items+Detail+View+%28Sales%29&amp;s_2_2_153_5=Monthly%2FQuarterly+Bill&amp;s_2_2_109_5=Default&amp;SWEMethod=GetQuickPickInfo&amp;SRN=xK7T2pIB2ZOV15hwlQxQF5reKcoUB8VpMTZr7we8uAEb&amp;s_2_2_147_5=In-Progress</queryString>
  <java.net.URL>http://localhost:8080/ecommunications_enu_nsm_aps05524a027/start.swe</java.net.URL>
</httpSample>
<httpSample t="{{\d+}}" it="0" lt="{{\d+}}" ct="{{\d+}}" ts="{{\d+}}" s="true" lb="{{\d+}} /ecommunications_enu_nsm_aps05524a027/start.swe" rc="200" rm="OK" tn="Thread Group 1-1" dt="text" de="utf-8" by="3161" sby="1663" sc="1" ec="0" ng="1" na="1" hn="{{.*?}}">
  <responseHeader class="java.lang.String">HTTP/1.1 200 OK
Connection: close
Server: Oracle-iPlanet-Web-Server/7.0
Date: Tue, 23 Jun 2020 13:07:35 GMT
Content-Language: en
Cache-Control: no-cache
Swerpc: true
Content-Type: text/html;charset=utf-8
Connection: close
Matched-Stub-Id: {{\w+-\w+-\w+-\w+-\w+}}
Vary: Accept-Encoding, User-Agent
</responseHeader>
  <requestHeader class="java.lang.String">Connection: close
Content-Type: application/x-www-form-urlencoded
DNT: 1
Accept-Encoding: deflate
Pragma: no-cache
User-Agent: Mozilla/4.0 (compatible; MSIE 7.0; Windows NT 6.3; WOW64; Trident/7.0; .NET4.0E; .NET4.0C; .NET CLR 3.5.30729; .NET CLR 2.0.50727; .NET CLR 3.0.30729)
Accept: text/html, image/gif, image/jpeg, *; q=.2, */*; q=.2
Content-Length: 975
Host: localhost:8080
</requestHeader>
  <responseData class="java.lang.String">@0`1`4`2``0`UC`1`Status`Completed`SWEC`88`SRN`xK7T2pIB2ZOV15hwlQxQF5reKcoUB8VpMTZr7we8uAEb`0`16`Notifications`0`2`0``0`OP`bn`bc`S_BC2`7`0``0`br`0`ArgsArray`38*BT Order Entry - Line Item Form Applet1*01*01*11*11*21*01*31*11*41*11*51*01*61*01*71*11*81*11*91*12*101*12*111*12*121*12*131*12*141*12*151*12*161*12*171*12*181*12*191*02*201*02*211*02*221*02*231*12*241*02*251*12*261*02*271*02*281*02*291*12*301*12*311*12*321*12*331*12*341*12*351*02*361*02*371*02*381*02*391*02*401*02*411*12*421*12*431*12*441*1`size`16`cr`6`OP`g`bc`S_BC2`type`SWEICanInvokeMethod`7`0``0`br`0`ArgsArray`46*BT Order Entry - Line Item List Applet (Sales)14**QueryComboBox1*?14**QuerySrchSpec1*?13**HTML Hidden21*?`size`16`cr`6`OP`g`bc`S_BC2`type`SWEIPrivFlds`7`0``0`br`0`ArgsArray`46*BT Order Entry - Line Item List Applet (Sales)1*01*11*11*11*21*11*31*11*41*11*51*11*61*11*71*11*81*11*91*12*101*12*111*02*121*12*131*12*141*12*151*12*161*12*171*12*181*12*191*02*201*12*211*12*221*12*231*02*241*12*251*12*261*12*271*02*281*12*291*12*301*12*311*02*321*12*331*12*341*12*351*12*361*02*371*12*381*02*391*12*401*12*411*02*421*02*431*12*441*12*451*12*461*12*471*12*481*12*491*02*501*12*511*12*521*12*531*12*541*02*551*12*561*02*571*02*581*02*591*12*601*02*611*12*621*12*631*12*641*12*651*12*661*02*671*02*681*12*691*12*701*02*711*02*721*02*731*02*741*02*751*02*761*12*771*12*781*12*791*12*801*02*811*02*821*12*831*12*841*02*851*0`size`16`cr`6`OP`g`bc`S_BC2`type`SWEICanInvokeMethod`8`0``0`br`0`value`1`ar`5`state`cp`size`16`cr`6`OP`sc`bc`S_BC2`7`1``0`br`0`ar`5`size`16`cr`6`OP`ndw`bc`S_BC2`f`BT RFP Subcategory`2`0`FieldValues`0`ValueArray`0*`FieldArray`2*58`7`0``0`br`0`ar`5`size`16`cr`6`OP`nfd`bc`S_BC2`f`BT RFP Subcategory`7`1``0`br`0`ar`5`size`16`cr`6`OP`ndw`bc`S_BC2`f`BT Competitor Details`2`0`FieldValues`0`ValueArray`0*`FieldArray`2*38`7`0``0`br`0`ar`5`size`16`cr`6`OP`nfd`bc`S_BC2`f`BT Competitor Details`8`0``0`br`0`value`0`ar`5`state`n`size`16`cr`6`OP`sc`bc`S_BC2`8`0``0`br`0`value`1`ar`5`state`n`size`16`cr`6`OP`sc`bc`S_BC2`7`1``0`br`0`ar`5`size`16`cr`6`OP`ndw`bc`S_BC2`f`BT Cease Instructions`2`0`FieldValues`0`ValueArray`7*Default`FieldArray`2*42`7`0``0`br`0`ar`5`size`16`cr`6`OP`nfd`bc`S_BC2`f`BT Cease Instructions`7`1``0`br`0`ar`5`size`16`cr`6`OP`ndw`bc`S_BC2`f`BT Cessation Reason`2`0`FieldValues`0`ValueArray`24*1st line/no prev service`FieldArray`2*37`7`0``0`br`0`ar`5`size`16`cr`6`OP`nfd`bc`S_BC2`f`BT Cessation Reason`2`0``0`OP`en`bc`S_BC2`1`6`Command Manager`0`RefreshToolbar`true`7`0`StateToolBar`0`#35`true`#36`true`#17`true`#34`true`#8`false`#37`true`#38`true`0`1`StateExToolBar`0`1`0`#35`0`Checked`false`0`3`FlagsToolBar`0`3`0`#8`0`SWESP`true`SWEH`0`SWEW`0`3`0`#34`0`SWESP`true`SWEH`600`SWEW`800`3`0`#36`0`SWESP`true`SWEH`20`SWEW`380`3`0`State`0`#27`false`#26`false`#28`false`0`3`StateEx`0`0`0`#26`0`0`0`#27`0`1`0`#28`0`Checked`false`0`0`Flags`0`</responseData>
  <responseFile class="java.lang.String"></responseFile>
  <cookies class="java.lang.String">_sn=GXmoeGkdwh1O45lrH7mMIZnLMWvqHkVWiQKqDOICOq1fi95anXYMaCRAX879ujDRD9kS4J75N4kGDX576Q2AKmwZPUBih-4NS80Pc1189OxasEbdAsHiEtIhcnCzZ0zWb5V6QpVraL0TTGU4ktkGZq374g8C0pUBRhKVASKeW21TgUW5eIkswq97I-.qG-kr; _srn=_srn; SWEUAID=SWEUAID</cookies>
  <method class="java.lang.String">POST</method>
  <queryString class="java.lang.String">s_2_2_120_5=1st+line%2Fno+prev+service&amp;s_2_2_112_5=&amp;SWECmd=InvokeMethod&amp;s_2_2_114_5=&amp;s_2_2_106_5=&amp;s_2_2_301_5=3-61EV8AO8&amp;s_2_2_244_5=1&amp;s_2_2_160_5=&amp;s_2_2_87_5=&amp;s_2_2_108_5=&amp;s_2_2_189_5=3-61EV8C9M&amp;s_2_2_97_5=&amp;SWEActiveApplet=BT+Order+Entry+-+Line+Item+List+Applet+%28Sales%29&amp;s_2_2_128_5=&amp;SWEReqRowId=1&amp;SWERowIds=SWERowId0%3D3-61EV8AO3&amp;SWEView=Order+Entry+-+Line+Items+Detail+View+%28Sales%29&amp;s_2_2_138_5=&amp;s_2_2_90_5=&amp;s_2_2_268_5=Pending&amp;SWERowId=3-61EV8BNQ&amp;s_2_2_192_5=23%2F06%2F2020+14%3A02%3A52&amp;SWEC=87&amp;SWETS={{\d+}}&amp;s_2_2_113_5=&amp;SWERPC=1&amp;s_2_2_300_5=01212345678&amp;s_2_2_261_5=Demo&amp;SWEVI=&amp;s_2_2_115_5=FY3+9QX&amp;s_2_2_107_5=&amp;s_2_2_125_5=&amp;s_2_2_143_5=&amp;SWEP=&amp;SWEApplet=BT+Order+Entry+-+Line+Item+List+Applet+%28Sales%29&amp;s_2_2_135_5=&amp;SWEActiveView=Order+Entry+-+Line+Items+Detail+View+%28Sales%29&amp;s_2_2_109_5=Default&amp;s_2_2_153_5=Monthly%2FQuarterly+Bill&amp;SWEPOC=BT+Cessation+Reason&amp;SWEMethod=PostChanges&amp;SRN=xK7T2pIB2ZOV15hwlQxQF5reKcoUB8VpMTZr7we8uAEb&amp;s_2_2_147_5=In-Progress</queryString>
  <java.net.URL>http://localhost:8080/ecommunications_enu_nsm_aps05524a027/start.swe</java.net.URL>
</httpSample>
<httpSample t="{{\d+}}" it="0" lt="{{\d+}}" ct="{{\d+}}" ts="{{\d+}}" s="true" lb="{{\d+}} /ecommunications_enu_nsm_aps05524a027/start.swe" rc="200" rm="OK" tn="Thread Group 1-1" dt="text" de="utf-8" by="4176" sby="1636" sc="1" ec="0" ng="1" na="1" hn="{{.*?}}">
  <responseHeader class="java.lang.String">HTTP/1.1 200 OK
Connection: close
Server: Oracle-iPlanet-Web-Server/7.0
Date: Tue, 23 Jun 2020 13:07:46 GMT
Content-Language: en
Cache-Control: no-cache
Swerpc: true
Content-Type: text/html;charset=utf-8
Connection: close
Matched-Stub-Id: {{\w+-\w+-\w+-\w+-\w+}}
Vary: Accept-Encoding, User-Agent
</responseHeader>
  <requestHeader class="java.lang.String">Connection: close
Content-Type: application/x-www-form-urlencoded
DNT: 1
Accept-Encoding: deflate
Pragma: no-cache
User-Agent: Mozilla/4.0 (compatible; MSIE 7.0; Windows NT 6.3; WOW64; Trident/7.0; .NET4.0E; .NET4.0C; .NET CLR 3.5.30729; .NET CLR 2.0.50727; .NET CLR 3.0.30729)
Accept: text/html, image/gif, image/jpeg, *; q=.2, */*; q=.2
Content-Length: 948
Host: localhost:8080
</requestHeader>
  <responseData class="java.lang.String">@0`1`4`3``0`UC`1`Status`Completed`SWEC`89`SRN`xK7T2pIB2ZOV15hwlQxQF5reKcoUB8VpMTZr7we8uAEb`0`18`Notifications`0`2`0``0`OP`bn`bc`S_BC1`7`0``0`br`0`ArgsArray`52*BT Order Entry - Order Form Applet Dashboard (Sales)17**External Order #1*?20**Integration Message1*?19**Integration Status1*?16**Sold To Address1*?13**Sold To Site1*?12**HTML Button1*?16**HTML MiniButton1*?`size`1`cr`0`OP`g`bc`S_BC1`type`SWEIPrivFlds`7`0``0`br`0`ar`0`size`1`cr`0`OP`nfd`bc`S_BC1`f`BT PSTN Product`7`1``0`br`0`ar`0`size`1`cr`0`OP`ndw`bc`S_BC1`f`BT PSTN Product Sum`2`0`FieldValues`0`ValueArray`1*N`FieldArray`2*55`7`0``0`br`0`ar`0`size`1`cr`0`OP`nfd`bc`S_BC1`f`BT PSTN Product Sum`7`0``0`br`0`ar`0`size`1`cr`0`OP`nfd`bc`S_BC1`f`BT Product Line Type`7`1``0`br`0`ar`0`size`1`cr`0`OP`ndw`bc`S_BC1`f`BT Product Line`2`0`FieldValues`0`ValueArray`3*Low`FieldArray`2*47`7`0``0`br`0`ar`0`size`1`cr`0`OP`nfd`bc`S_BC1`f`BT Product Line`7`1``0`br`0`ar`0`size`1`cr`0`OP`ndw`bc`S_BC1`f`BT PSTN Product Sum`2`0`FieldValues`0`ValueArray`1*N`FieldArray`2*55`7`1``0`br`0`ar`0`size`1`cr`0`OP`ndw`bc`S_BC1`f`BT Product Line`2`0`FieldValues`0`ValueArray`3*Low`FieldArray`2*47`2`0``0`OP`en`bc`S_BC1`2`0``0`OP`bn`bc`S_BC2`7`0``0`br`0`ArgsArray`38*BT Order Entry - Line Item Form Applet1*01*01*11*11*21*01*31*11*41*11*51*01*61*01*71*11*81*11*91*12*101*12*111*12*121*12*131*12*141*02*151*12*161*12*171*12*181*12*191*02*201*02*211*02*221*02*231*12*241*02*251*12*261*02*271*02*281*02*291*12*301*12*311*12*321*12*331*12*341*12*351*02*361*02*371*02*381*02*391*02*401*02*411*12*421*12*431*12*441*1`size`16`cr`6`OP`g`bc`S_BC2`type`SWEICanInvokeMethod`7`0``0`br`0`ArgsArray`46*BT Order Entry - Line Item List Applet (Sales)1*01*11*11*11*21*11*31*11*41*11*51*11*61*11*71*11*81*11*91*12*101*12*111*02*121*12*131*12*141*12*151*12*161*12*171*12*181*12*191*02*201*12*211*12*221*12*231*02*241*12*251*12*261*12*271*02*281*12*291*12*301*12*311*02*321*12*331*12*341*12*351*12*361*02*371*12*381*02*391*12*401*12*411*02*421*02*431*12*441*12*451*12*461*02*471*12*481*12*491*02*501*12*511*12*521*12*531*12*541*02*551*12*561*02*571*02*581*02*591*12*601*02*611*12*621*12*631*12*641*12*651*12*661*02*671*02*681*12*691*12*701*02*711*02*721*02*731*02*741*02*751*02*761*12*771*12*781*12*791*12*801*02*811*02*821*12*831*12*841*02*851*0`size`16`cr`6`OP`g`bc`S_BC2`type`SWEICanInvokeMethod`8`0``0`br`0`value`0`ar`5`state`cp`size`16`cr`6`OP`sc`bc`S_BC2`6`1``0`br`0`ar`5`size`16`cr`6`OP`nrdw`bc`S_BC2`1`0`FieldValues`0`ValueArray`0*15*VOL013-61EV8BLC11*In-Progress7*Pending0*5*OTHER8*S01458680*0*7*Product0*10*3-61EV8AO30*1*10*1*65*Blank17*BB Access Service1*03*GBP10*06/23/202010*3-61EV8AO811*012123456780*10*3-61EV8C9M22*Monthly/Quarterly Bill19*06/23/2020 14:02:520*0*3*Add7*Pending11*In-Progress0*0*1*19*Per Month0*24*1st line/no prev service0*0*10*Blazemeter0*7*Default1*N0*0*0*0*0*0*0*0*0*0*0*0*15*VOL013-61EV8BNQ0*0*0*7*FY3 9QX0*1*N1*01*10*0*0*0*0*0*0*0*4*Demo1*N1*N1*N19*06/23/2020 14:02:521*N0*0*0*1*01*Y0*0*0*0*0*4*Good10*3-61EV8BNQ1*01*Y1*N`6`0``0`br`0`ar`5`size`16`cr`6`OP`nrd`bc`S_BC2`2`0``0`OP`en`bc`S_BC2`3`0`hui`0`n`Order Line Items Detail: VOL013-473260748547`hupd`1`hnact`top._swe._sweapp.S_App.GotoView(&amp;quot;Order Entry - Line Items Detail View (Sales\)&amp;quot;, &amp;quot;&amp;quot;, &amp;quot;/ecommunications_enu_nsm_aps05524a027/start.swe?SWENeedContext=false&amp;amp;SWECmd=GotoBookmarkView&amp;amp;SWEBMC=89&amp;amp;SWEC=89&amp;amp;SRN=xK7T2pIB2ZOV15hwlQxQF5reKcoUB8VpMTZr7we8uAEb&amp;quot;, top._sweclient._swecontent._sweview)`1`6`Command Manager`0`RefreshToolbar`true`7`0`StateToolBar`0`#35`true`#36`true`#17`true`#34`true`#8`false`#37`true`#38`true`0`1`StateExToolBar`0`1`0`#35`0`Checked`false`0`3`FlagsToolBar`0`3`0`#8`0`SWESP`true`SWEH`0`SWEW`0`3`0`#34`0`SWESP`true`SWEH`600`SWEW`800`3`0`#36`0`SWESP`true`SWEH`20`SWEW`380`3`0`State`0`#27`false`#26`false`#28`false`0`3`StateEx`0`0`0`#26`0`0`0`#27`0`1`0`#28`0`Checked`false`0`0`Flags`0`</responseData>
  <responseFile class="java.lang.String"></responseFile>
  <cookies class="java.lang.String">_sn=GXmoeGkdwh1O45lrH7mMIZnLMWvqHkVWiQKqDOICOq1fi95anXYMaCRAX879ujDRD9kS4J75N4kGDX576Q2AKmwZPUBih-4NS80Pc1189OxasEbdAsHiEtIhcnCzZ0zWb5V6QpVraL0TTGU4ktkGZq374g8C0pUBRhKVASKeW21TgUW5eIkswq97I-.qG-kr; _srn=_srn; SWEUAID=SWEUAID</cookies>
  <method class="java.lang.String">POST</method>
  <queryString class="java.lang.String">s_2_2_120_5=1st+line%2Fno+prev+service&amp;s_2_2_112_5=&amp;SWECmd=InvokeMethod&amp;s_2_2_114_5=&amp;s_2_2_106_5=&amp;s_2_2_301_5=3-61EV8AO8&amp;s_2_2_244_5=1&amp;s_2_2_160_5=&amp;s_2_2_87_5=&amp;s_2_2_108_5=&amp;s_2_2_189_5=3-61EV8C9M&amp;s_2_2_97_5=&amp;SWEActiveApplet=BT+Order+Entry+-+Line+Item+List+Applet+%28Sales%29&amp;s_2_2_128_5=&amp;SWEReqRowId=1&amp;SWERowIds=SWERowId0%3D3-61EV8AO3&amp;SWEView=Order+Entry+-+Line+Items+Detail+View+%28Sales%29&amp;s_2_2_138_5=&amp;s_2_2_90_5=&amp;s_2_2_268_5=Pending&amp;SWERowId=3-61EV8BNQ&amp;s_2_2_192_5=23%2F06%2F2020+14%3A02%3A52&amp;SWEC=88&amp;SWETS={{\d+}}&amp;s_2_2_113_5=&amp;SWERPC=1&amp;s_2_2_300_5=01212345678&amp;s_2_2_261_5=Demo&amp;SWEVI=&amp;s_2_2_115_5=FY3+9QX&amp;s_2_2_107_5=&amp;s_2_2_125_5=&amp;s_2_2_143_5=&amp;SWEP=&amp;SWEApplet=BT+Order+Entry+-+Line+Item+List+Applet+%28Sales%29&amp;s_2_2_135_5=&amp;SWEActiveView=Order+Entry+-+Line+Items+Detail+View+%28Sales%29&amp;s_2_2_109_5=Default&amp;s_2_2_153_5=Monthly%2FQuarterly+Bill&amp;SWEMethod=WriteRecord&amp;SRN=xK7T2pIB2ZOV15hwlQxQF5reKcoUB8VpMTZr7we8uAEb&amp;s_2_2_147_5=In-Progress</queryString>
  <java.net.URL>http://localhost:8080/ecommunications_enu_nsm_aps05524a027/start.swe</java.net.URL>
</httpSample>
<httpSample t="{{\d+}}" it="0" lt="{{\d+}}" ct="{{\d+}}" ts="{{\d+}}" s="true" lb="{{\d+}} /ecommunications_enu_nsm_aps05524a027/start.swe" rc="200" rm="OK" tn="Thread Group 1-1" dt="text" de="utf-8" by="6445" sby="1223" sc="1" ec="0" ng="1" na="1" hn="{{.*?}}">
  <responseHeader class="java.lang.String">HTTP/1.1 200 OK
Connection: close
Server: Oracle-iPlanet-Web-Server/7.0
Date: Tue, 23 Jun 2020 13:07:46 GMT
Content-Language: en
Cache-Control: no-cache
Swerpc: true
Content-Type: text/html;charset=utf-8
Connection: close
Matched-Stub-Id: {{\w+-\w+-\w+-\w+-\w+}}
Vary: Accept-Encoding, User-Agent
</responseHeader>
  <requestHeader class="java.lang.String">Connection: close
Content-Type: application/x-www-form-urlencoded
DNT: 1
Accept-Encoding: deflate
Pragma: no-cache
User-Agent: Mozilla/4.0 (compatible; MSIE 7.0; Windows NT 6.3; WOW64; Trident/7.0; .NET4.0E; .NET4.0C; .NET CLR 3.5.30729; .NET CLR 2.0.50727; .NET CLR 3.0.30729)
Accept: text/html, image/gif, image/jpeg, *; q=.2, */*; q=.2
Content-Length: 535
Host: localhost:8080
</requestHeader>
  <responseData class="java.lang.String">@0`1`4`3``0`UC`1`Status`Continue`SWEC`90`SRN`xK7T2pIB2ZOV15hwlQxQF5reKcoUB8VpMTZr7we8uAEb`0`12`Notifications`0`2`0``0`OP`bn`bc`S_BC2`7`0``0`br`0`ArgsArray`38*BT Order Entry - Line Item Form Applet1*01*01*11*01*21*01*31*01*41*01*51*11*61*11*71*11*81*11*91*12*101*12*111*12*121*02*131*02*141*02*151*12*161*02*171*12*181*02*191*12*201*02*211*02*221*02*231*12*241*12*251*12*261*12*271*02*281*02*291*02*301*02*311*02*321*02*331*02*341*12*351*12*361*12*371*12*381*02*391*12*401*12*411*02*421*02*431*02*441*12*451*12*461*02*471*02*481*02*491*02*501*02*511*12*521*02*531*12*541*12*551*12*561*02*571*02*581*02*591*12*601*12*611*02*621*02*631*12*641*12*651*02*661*02*671*02*681*12*691*12*701*12*711*12*721*02*731*02*741*02*751*02*761*02*771*02*781*12*791*12*801*02*811*02*821*02*831*02*841*02*851*02*861*02*871*12*881*12*891*02*901*02*911*02*921*12*931*02*941*12*951*12*961*12*971*02*981*12*991*13*1001*03*1011*13*1021*03*1031*13*1041*03*1051*13*1061*13*1071*13*1081*13*1091*03*1101*03*1111*03*1121*03*1131*03*1141*13*1151*03*1161*03*1171*03*1181*13*1191*03*1201*13*1211*03*1221*03*1231*03*1241*03*1251*03*1261*03*1271*03*1281*13*1291*03*1301*13*1311*13*1321*13*1331*1`size`16`cr`6`OP`g`bc`S_BC2`type`SWEICanUpdate`7`0``0`br`0`ArgsArray`38*BT Order Entry - Line Item Form Applet1*01*01*11*11*21*01*31*11*41*11*51*01*61*01*71*01*81*11*91*12*101*12*111*12*121*12*131*12*141*02*151*12*161*12*171*12*181*12*191*02*201*02*211*02*221*02*231*12*241*02*251*12*261*02*271*02*281*02*291*12*301*02*311*12*321*02*331*12*341*12*351*02*361*02*371*02*381*02*391*02*401*02*411*12*421*12*431*12*441*0`size`16`cr`6`OP`g`bc`S_BC2`type`SWEICanInvokeMethod`7`0``0`br`0`ArgsArray`46*BT Order Entry - Line Item List Applet (Sales)1*01*01*01*01*01*01*1`size`16`cr`6`OP`g`bc`S_BC2`type`SWEIRowSelection`7`0``0`br`0`ArgsArray`46*BT Order Entry - Line Item List Applet (Sales)1*01*11*11*11*21*11*31*11*41*11*51*11*61*11*71*11*81*11*91*12*101*12*111*12*121*02*131*02*141*02*151*12*161*12*171*12*181*02*191*02*201*02*211*12*221*02*231*02*241*02*251*02*261*02*271*02*281*02*291*02*301*02*311*02*321*02*331*12*341*12*351*12*361*12*371*12*381*12*391*12*401*12*411*12*421*12*431*12*441*12*451*12*461*12*471*12*481*12*491*12*501*12*511*12*521*12*531*12*541*12*551*12*561*12*571*12*581*12*591*12*601*12*611*12*621*12*631*12*641*12*651*12*661*12*671*12*681*12*691*12*701*12*711*02*721*12*731*12*741*12*751*12*761*12*771*12*781*12*791*12*801*12*811*12*821*02*831*02*841*02*851*02*861*02*871*12*881*02*891*02*901*12*911*02*921*02*931*02*941*02*951*02*961*12*971*12*981*02*991*03*1001*03*1011*03*1021*03*1031*03*1041*03*1051*03*1061*13*1071*13*1081*13*1091*13*1101*03*1111*03*1121*13*1131*13*1141*13*1151*13*1161*03*1171*03*1181*03*1191*03*1201*13*1211*03*1221*03*1231*03*1241*03*1251*13*1261*03*1271*03*1281*13*1291*03*1301*03*1311*03*1321*03*1331*03*1341*03*1351*13*1361*03*1371*03*1381*13*1391*03*1401*03*1411*03*1421*03*1431*13*1441*03*1451*03*1461*03*1471*13*1481*03*1491*03*1501*03*1511*03*1521*03*1531*13*1541*03*1551*03*1561*03*1571*03*1581*03*1591*03*1601*13*1611*03*1621*03*1631*13*1641*03*1651*03*1661*03*1671*03*1681*03*1691*03*1701*13*1711*03*1721*03*1731*03*1741*03*1751*13*1761*13*1771*03*1781*03*1791*03*1801*03*1811*03*1821*03*1831*03*1841*03*1851*03*1861*03*1871*03*1881*13*1891*13*1901*13*1911*03*1921*13*1931*03*1941*03*1951*03*1961*03*1971*03*1981*03*1991*13*2001*03*2011*03*2021*03*2031*03*2041*13*2051*13*2061*03*2071*03*2081*03*2091*03*2101*03*2111*03*2121*03*2131*03*2141*03*2151*03*2161*03*2171*03*2181*03*2191*03*2201*13*2211*13*2221*03*2231*03*2241*03*2251*03*2261*03*2271*03*2281*03*2291*03*2301*13*2311*03*2321*03*2331*03*2341*03*2351*03*2361*03*2371*03*2381*13*2391*03*2401*03*2411*13*2421*03*2431*03*2441*13*2451*03*2461*03*2471*13*2481*03*2491*03*2501*13*2511*03*2521*03*2531*13*2541*03*2551*13*2561*13*2571*03*2581*03*2591*03*2601*03*2611*13*2621*03*2631*03*2641*03*2651*03*2661*03*2671*13*2681*13*2691*13*2701*13*2711*03*2721*03*2731*03*2741*03*2751*03*2761*13*2771*03*2781*03*2791*03*2801*03*2811*03*2821*03*2831*03*2841*03*2851*13*2861*13*2871*03*2881*03*2891*03*2901*03*2911*13*2921*13*2931*13*2941*03*2951*03*2961*03*2971*03*2981*03*2991*03*3001*13*3011*03*3021*03*3031*03*3041*03*3051*03*3061*0`size`16`cr`6`OP`g`bc`S_BC2`type`SWEICanUpdate`7`0``0`br`0`ArgsArray`46*BT Order Entry - Line Item List Applet (Sales)1*01*11*11*11*21*11*31*11*41*11*51*11*61*11*71*11*81*11*91*12*101*12*111*02*121*12*131*12*141*12*151*12*161*12*171*12*181*12*191*02*201*12*211*12*221*12*231*02*241*12*251*12*261*12*271*02*281*12*291*12*301*12*311*02*321*12*331*12*341*12*351*12*361*02*371*12*381*02*391*12*401*12*411*02*421*02*431*12*441*12*451*12*461*02*471*12*481*12*491*02*501*12*511*12*521*12*531*12*541*02*551*12*561*02*571*02*581*02*591*12*601*02*611*12*621*12*631*12*641*12*651*02*661*02*671*02*681*12*691*12*701*02*711*02*721*02*731*02*741*02*751*02*761*12*771*12*781*12*791*02*801*02*811*02*821*12*831*12*841*02*851*0`size`16`cr`6`OP`g`bc`S_BC2`type`SWEICanInvokeMethod`7`0``0`bSelected`false`br`0`ar`5`size`16`cr`6`OP`ns`bc`S_BC2`8`0``0`br`0`value`7`ar`6`state`cr`size`16`cr`6`OP`sc`bc`S_BC2`6`0``0`br`0`ar`6`size`16`cr`6`OP`nar`bc`S_BC2`7`0``0`bSelected`true`br`0`ar`6`size`16`cr`6`OP`ns`bc`S_BC2`8`0``0`br`0`ArgsArray`38*BT Order Entry - Line Item Form Applet1*6`ar`6`size`16`cr`6`OP`g`bc`S_BC2`type`BegRow`2`0``0`OP`en`bc`S_BC2`3`0`hui`0`n`Order Line Items Detail: VOL013-473260748547`hupd`1`hnact`top._swe._sweapp.S_App.GotoView(&amp;quot;Order Entry - Line Items Detail View (Sales\)&amp;quot;, &amp;quot;&amp;quot;, &amp;quot;/ecommunications_enu_nsm_aps05524a027/start.swe?SWENeedContext=false&amp;amp;SWECmd=GotoBookmarkView&amp;amp;SWEBMC=90&amp;amp;SWEC=90&amp;amp;SRN=xK7T2pIB2ZOV15hwlQxQF5reKcoUB8VpMTZr7we8uAEb&amp;quot;, top._sweclient._swecontent._sweview)`1`6`Command Manager`0`RefreshToolbar`true`7`0`StateToolBar`0`#35`true`#36`true`#17`true`#34`true`#8`false`#37`true`#38`true`0`1`StateExToolBar`0`1`0`#35`0`Checked`false`0`3`FlagsToolBar`0`3`0`#8`0`SWESP`true`SWEH`0`SWEW`0`3`0`#34`0`SWESP`true`SWEH`600`SWEW`800`3`0`#36`0`SWESP`true`SWEH`20`SWEW`380`3`0`State`0`#27`false`#26`false`#28`false`0`3`StateEx`0`0`0`#26`0`0`0`#27`0`1`0`#28`0`Checked`false`0`0`Flags`0`</responseData>
  <responseFile class="java.lang.String"></responseFile>
  <cookies class="java.lang.String">_sn=GXmoeGkdwh1O45lrH7mMIZnLMWvqHkVWiQKqDOICOq1fi95anXYMaCRAX879ujDRD9kS4J75N4kGDX576Q2AKmwZPUBih-4NS80Pc1189OxasEbdAsHiEtIhcnCzZ0zWb5V6QpVraL0TTGU4ktkGZq374g8C0pUBRhKVASKeW21TgUW5eIkswq97I-.qG-kr; _srn=_srn; SWEUAID=SWEUAID</cookies>
  <method class="java.lang.String">POST</method>
  <queryString class="java.lang.String">SWEControlClicked=0&amp;SWER=6&amp;SWEShiftClicked=0&amp;SWEVI=&amp;SWERowId=3-61EV8BT6&amp;SWEC=89&amp;SWEMethod=PositionOnRow&amp;SWEReqRowId=1&amp;SWERPC=1&amp;SWEApplet=BT+Order+Entry+-+Line+Item+List+Applet+%28Sales%29&amp;SWEActiveApplet=BT+Order+Entry+-+Line+Item+List+Applet+%28Sales%29&amp;SWEView=Order+Entry+-+Line+Items+Detail+View+%28Sales%29&amp;SWECmd=InvokeMethod&amp;SRN=xK7T2pIB2ZOV15hwlQxQF5reKcoUB8VpMTZr7we8uAEb&amp;SWESP=false&amp;SWETS={{\d+}}&amp;SWEActiveView=Order+Entry+-+Line+Items+Detail+View+%28Sales%29&amp;SWEIgnoreCtrlShift=0&amp;SWEP=&amp;SWERowIds=SWERowId0%3D3-61EV8AO3</queryString>
  <java.net.URL>http://localhost:8080/ecommunications_enu_nsm_aps05524a027/start.swe</java.net.URL>
</httpSample>
<httpSample t="{{\d+}}" it="0" lt="{{\d+}}" ct="{{\d+}}" ts="{{\d+}}" s="true" lb="{{\d+}} /ecommunications_enu_nsm_aps05524a027/start.swe" rc="200" rm="OK" tn="Thread Group 1-1" dt="text" de="utf-8" by="9186" sby="1636" sc="1" ec="0" ng="1" na="1" hn="{{.*?}}">
  <responseHeader class="java.lang.String">HTTP/1.1 200 OK
Connection: close
Server: Oracle-iPlanet-Web-Server/7.0
Date: Tue, 23 Jun 2020 13:07:52 GMT
Content-Language: en
Cache-Control: no-cache
Swerpc: true
Content-Type: text/html;charset=utf-8
Matched-Stub-Id: {{\w+-\w+-\w+-\w+-\w+}}
Vary: Accept-Encoding, User-Agent
</responseHeader>
  <requestHeader class="java.lang.String">Connection: close
Content-Type: application/x-www-form-urlencoded
DNT: 1
Accept-Encoding: deflate
Pragma: no-cache
User-Agent: Mozilla/4.0 (compatible; MSIE 7.0; Windows NT 6.3; WOW64; Trident/7.0; .NET4.0E; .NET4.0C; .NET CLR 3.5.30729; .NET CLR 2.0.50727; .NET CLR 3.0.30729)
Accept: text/html, image/gif, image/jpeg, *; q=.2, */*; q=.2
Content-Length: 948
Host: localhost:8080
</requestHeader>
  <responseData class="java.lang.String">@0`1`10`2``0`URL`/ecommunications_enu_nsm_aps05524a027/start.swe?SWECmd=GetCachedFrame&amp;SWEC=91&amp;SWEFrame=top._sweclient._swecontent._sweview._swetmp&amp;SRN=xK7T2pIB2ZOV15hwlQxQF5reKcoUB8VpMTZr7we8uAEb`UC`1`Target`top.SWEPopupWin._swecontent`ViewId``Status`NewPopup`View``SWEH`100`SWEC`91`SWEW`300`SRN`xK7T2pIB2ZOV15hwlQxQF5reKcoUB8VpMTZr7we8uAEb`0`3`api`0`2`0`sc`0`rqc`91`v`17*Select Service Id13*Retain Number17*Retain Service Id12*RetainNumber12*Reuse Number11*ReuseNumber17*Import OLO Number20*BT Mobile Reactivate10*Reactivate16*MobileReactivate7*VOICall7*VoICall9*BT MSISDN6*MSISDN15*NextAvailableDN25*Next Available Service Id8*ListType9*List Type37*PickList Number Reservation List Type15*DirectoryNumber16*Directory Number12*OLOServiceID20*Suggested Service Id5*Apply18*AffiliatedContacts11*AllContacts12*BTPickRecord12*bApplyTarget19*ButtonAffilContacts17*ButtonAllContacts13*PopupQueryAdd9*ServiceID21*RequestedNumberSearch15*RequestedNumber11*OrderItemId14*NumberReserved20*NumberReservationKey12*Mature_Value6*Mature12*ExchangeCode12*ErrorMessage9*ErrorCode5*Error18*DocumentIssuedDate12*DistrictCode13*Display_Value21*DirectoryNumber_Value11*ClusterFlag10*AddressKey`0`1`boi`3``0`1`nbc`0`3`2`bci`3`S_BC3`n`BT Number Reservation VBC`cdl`1`iqs`1`0`6`fl`0`9`0`f`0`itx`1`n`2965`sc`0`ipc`1`l`255`crf`215`dft`5`t`220`dn`2966`8`0`f`0`itx`1`n`2967`sc`0`l`1`crf`215`dft`5`t`218`dn`2968`9`0`f`0`itx`1`n`2969`sc`0`l`255`ibp`1`crf`215`dft`5`t`220`dn`2970`8`0`f`0`itx`1`n`2972`sc`0`l`255`crf`215`dft`5`t`220`dn`2973`8`0`f`0`itx`1`n`2974`sc`0`l`255`crf`215`dft`5`t`220`dn`2975`11`0`f`0`itx`1`n`183`sc`0`irq`1`l`15`crf`215`dft`5`ihn`1`iro`1`t`214`dn`183`2`1`rl`0`nmr`0`atr`-1`1`0`tr`0`v``2`2`vi`3``vt`STANDARD`ich`0`0`1`nla`0`25`5`ai`3`S_A4`nfi`1`n`BT Numbe Reservation Pick Applet`cud`4*29651*14*29601*04*29591*04*29541*04*29571*04*29791*03*6031*04*29801*04*29811*04*29821*02*431*03*5891*03*5981*02*401*02*391*03*5901*03*3161*02*451*04*29631*03*6191*03*6201*03*6211*13*3671*02*441*03*6221*13*1051*02*291*04*29831*03*3071*02*271*03*6021*03*3101*03*5231*02*311*03*1501*14*29841*14*29851*14*29861*14*29871*14*29741*14*29881*14*29891*14*29671*14*29901*14*29911*14*29691*14*29921*14*29931*14*29941*14*29951*14*29961*14*29971*14*29981*14*29991*14*29721*14*30001*14*30011*1`dqy`1`pbk`2E_BT Order Entry - Line Item List Applet (Sales)9_EditFieldA_3-61EV8BT6B_s_2_2_300_02_91`cik`4*29621*12*451*14*29561*14*29581*13*5851*14*29761*04*29771*04*29781*02*431*13*5981*02*401*02*391*04*29641*13*3641*12*441*12*291*03*3071*12*271*03*5231*13*3101*02*311*02*211*02*221*02*231*02*241*02*251*02*261*02*281*02*301*02*321*02*331*02*341*02*351*02*361*02*371*02*381*02*411*02*421*02*201*12*461*12*471*02*481*02*491*02*501*02*511*02*521*02*531*02*541*12*551*02*561*02*571*0`pf`VER_1.0_~0|NextAvailableDN|100~0|ListType|100~0|DirectoryNumber|100~0|OLOServiceID|100`shd`39*BT_Numbe_Reservation_Pick_Applet_Applet73*srf1592409810_444/bscripts/all/applet_bt_numbe_reservation_pick_applet.js`rct`10`asq`-1`ied`1`vrn`S_A4`tt`2953`ppan`BT Numbe Reservation Pick Applet`pan`BT Numbe Reservation Pick Applet`inu`1`hmn`1`dbckmd`585`dmd`585`rsp`false`bnr`0`iem``bci`S_BC3`hlc`3*a_41*11*2`i`4`0`8`cl`0`23`1`c`0`pt`5`sp`s_4_1_44_0`dm`69`w`0`n`45`pw`0`ph`0`ju`6`sq`997`pan`5`mn`45`ibp`1`crf`8`sdy`0`h`0`iec`1`dft`5`ime`5`dmc`0`t`67`dn`392`fn`5`msz`32`15`0`imp`0`SWEField`s_4_1_44_0`SWENeedContext`false`SWER`65535`SWESP`false`SWERowIds`SWERowId0=3-61EV8AO3,SWERowId1=3-61EV8BT6`SWEMethod`ExecuteQuery`SWECmd`InvokeMethod`SWEP`2E_BT Order Entry - Line Item List Applet (Sales)9_EditFieldA_3-61EV8BT6B_s_2_2_300_02_91`SWEDIC`true`SWEReqRowId`0`SWEView`Order Entry - Line Items Detail View (Sales)`SWEC`91`SWEBID`-1`SRN`xK7T2pIB2ZOV15hwlQxQF5reKcoUB8VpMTZr7we8uAEb`SWEApplet`BT Numbe Reservation Pick Applet`23`1`c`0`pt`5`sp`s_4_1_312_0`dm`69`w`0`n`2954`pw`0`ph`0`ju`6`sq`997`pan`5`mn`2956`ibp`1`crf`8`sdy`0`h`0`iec`1`dft`5`ime`5`dmc`0`t`67`dn`2955`fn`5`msz`32`15`0`imp`0`SWEField`s_4_1_312_0`SWENeedContext`false`SWER`65535`SWESP`false`SWERowIds`SWERowId0=3-61EV8AO3,SWERowId1=3-61EV8BT6`SWEMethod`RetainNumber`SWECmd`InvokeMethod`SWEP`2E_BT Order Entry - Line Item List Applet (Sales)9_EditFieldA_3-61EV8BT6B_s_2_2_300_02_91`SWEDIC`true`SWEReqRowId`0`SWEView`Order Entry - Line Items Detail View (Sales)`SWEC`91`SWEBID`-1`SRN`xK7T2pIB2ZOV15hwlQxQF5reKcoUB8VpMTZr7we8uAEb`SWEApplet`BT Numbe Reservation Pick Applet`23`1`c`0`pt`5`sp`s_4_1_313_0`dm`69`w`0`n`2957`pw`0`ph`0`ju`6`sq`997`pan`5`mn`2958`ibp`1`crf`8`sdy`0`h`0`iec`1`dft`5`ime`5`dmc`0`t`67`dn`2957`fn`5`msz`32`15`0`imp`0`SWEField`s_4_1_313_0`SWENeedContext`false`SWER`65535`SWESP`false`SWERowIds`SWERowId0=3-61EV8AO3,SWERowId1=3-61EV8BT6`SWEMethod`ReuseNumber`SWECmd`InvokeMethod`SWEP`2E_BT Order Entry - Line Item List Applet (Sales)9_EditFieldA_3-61EV8BT6B_s_2_2_300_02_91`SWEDIC`true`SWEReqRowId`0`SWEView`Order Entry - Line Items Detail View (Sales)`SWEC`91`SWEBID`-1`SRN`xK7T2pIB2ZOV15hwlQxQF5reKcoUB8VpMTZr7we8uAEb`SWEApplet`BT Numbe Reservation Pick Applet`23`1`c`0`pt`5`sp`s_4_1_314_0`dm`69`w`0`n`2959`pw`0`ph`0`ju`6`sq`997`pan`5`mn`45`ibp`1`crf`8`sdy`0`h`0`iec`1`dft`5`ime`5`dmc`0`t`67`dn`2959`fn`5`msz`32`15`0`imp`0`SWEField`s_4_1_314_0`SWENeedContext`false`SWER`65535`SWESP`false`SWERowIds`SWERowId0=3-61EV8AO3,SWERowId1=3-61EV8BT6`SWEMethod`ExecuteQuery`SWECmd`InvokeMethod`SWEP`2E_BT Order Entry - Line Item List Applet (Sales)9_EditFieldA_3-61EV8BT6B_s_2_2_300_02_91`SWEDIC`true`SWEReqRowId`0`SWEView`Order Entry - Line Items Detail View (Sales)`SWEC`91`SWEBID`-1`SRN`xK7T2pIB2ZOV15hwlQxQF5reKcoUB8VpMTZr7we8uAEb`SWEApplet`BT Numbe Reservation Pick Applet`23`1`c`0`pt`5`sp`s_4_1_315_0`dm`7`w`0`n`2960`pw`0`ph`0`ju`6`sq`997`pan`5`mn`2962`ibp`1`crf`8`sdy`0`h`0`iec`1`dft`5`ime`5`dmc`0`t`67`dn`2961`fn`5`msz`32`15`0`imp`0`SWEField`s_4_1_315_0`SWENeedContext`false`SWER`65535`SWESP`false`SWERowIds`SWERowId0=3-61EV8AO3,SWERowId1=3-61EV8BT6`SWEMethod`MobileReactivate`SWECmd`InvokeMethod`SWEP`2E_BT Order Entry - Line Item List Applet (Sales)9_EditFieldA_3-61EV8BT6B_s_2_2_300_02_91`SWEDIC`true`SWEReqRowId`0`SWEView`Order Entry - Line Items Detail View (Sales)`SWEC`91`SWEBID`-1`SRN`xK7T2pIB2ZOV15hwlQxQF5reKcoUB8VpMTZr7we8uAEb`SWEApplet`BT Numbe Reservation Pick Applet`23`1`c`0`pt`5`sp`s_4_1_316_0`dm`69`w`0`n`2963`pw`0`ph`0`ju`6`sq`997`pan`5`mn`2964`ibp`1`crf`8`sdy`0`h`0`iec`1`dft`5`ime`5`dmc`0`t`67`dn`392`fn`5`msz`32`15`0`imp`0`SWEField`s_4_1_316_0`SWENeedContext`false`SWER`65535`SWESP`false`SWERowIds`SWERowId0=3-61EV8AO3,SWERowId1=3-61EV8BT6`SWEMethod`VoICall`SWECmd`InvokeMethod`SWEP`2E_BT Order Entry - Line Item List Applet (Sales)9_EditFieldA_3-61EV8BT6B_s_2_2_300_02_91`SWEDIC`true`SWEReqRowId`0`SWEView`Order Entry - Line Items Detail View (Sales)`SWEC`91`SWEBID`-1`SRN`xK7T2pIB2ZOV15hwlQxQF5reKcoUB8VpMTZr7we8uAEb`SWEApplet`BT Numbe Reservation Pick Applet`23`1`c`0`pt`5`sp`s_4_1_317_0`dm`69`w`0`n`523`pw`0`ph`0`ju`6`sq`997`pan`5`mn`523`ibp`1`crf`8`sdy`0`h`0`iec`1`dft`5`ime`5`dmc`0`t`67`dn`534`fn`5`msz`32`15`0`imp`0`SWEField`s_4_1_317_0`SWENeedContext`false`SWER`65535`SWESP`false`SWERowIds`SWERowId0=3-61EV8AO3,SWERowId1=3-61EV8BT6`SWEMethod`CloseApplet`SWECmd`InvokeMethod`SWEP`2E_BT Order Entry - Line Item List Applet (Sales)9_EditFieldA_3-61EV8BT6B_s_2_2_300_02_91`SWEDIC`true`SWEReqRowId`0`SWEView`Order Entry - Line Items Detail View (Sales)`SWEC`91`SWEBID`-1`SRN`xK7T2pIB2ZOV15hwlQxQF5reKcoUB8VpMTZr7we8uAEb`SWEApplet`BT Numbe Reservation Pick Applet`23`0`c`0`pt`5`sp`s_4_1_311_0`dm`7`w`0`csq`1`n`2965`pw`0`ph`0`ju`6`sq`997`pan`5`ibp`1`crf`8`sdy`0`h`0`iec`1`dft`5`ime`5`dmc`0`t`4`dn`2966`fn`2965`msz`255`1`0`cfm`0`DeleteRecord`IDS_SWE_DELETE_CONFIRM_WARNING`0`4`col`0`25`0`co`0`pt`5`sp`s_4_2_307_`dm`7`w`100`csq`1`n`2967`pw`0`ist`1`ph`0`ju`6`sq`997`pan`5`ibp`1`crf`8`sdy`0`h`0`iec`1`dft`5`cix`0`ime`5`dmc`0`t`92`dn`2968`fn`2967`msz`1`25`0`co`0`pt`5`sp`s_4_2_308_`dm`7`w`100`csq`1`n`2969`pw`0`ist`1`ph`0`ju`6`sq`997`pan`2971`ibp`1`crf`8`sdy`0`h`0`iec`1`dft`5`cix`1`ime`5`dmc`0`t`116`dn`2970`fn`2969`msz`255`25`0`co`0`pt`5`sp`s_4_2_309_`dm`7`w`100`csq`1`n`2972`pw`0`ist`1`ph`0`ju`6`sq`997`pan`5`ibp`1`crf`8`sdy`0`h`0`iec`1`dft`5`cix`2`ime`5`dmc`0`t`4`dn`2973`fn`2972`msz`255`25`0`co`0`pt`5`sp`s_4_2_310_`dm`7`w`100`csq`1`n`2974`pw`0`ist`1`ph`0`ju`6`sq`997`pan`5`ibp`1`crf`8`sdy`0`h`0`iec`1`dft`5`cix`3`ime`5`dmc`0`t`4`dn`2975`fn`2974`msz`255`0`2`pcl`0`2`0`pc`0`allowPC`false`PopupQuerySrchspec``2`0`pc`0`allowPC`false`PopupQueryCombobox`List Type`2`0`pif`3`S_A2`pc`Service Id`pmd``1`0`aa`0`n`BT Numbe Reservation Pick Applet`1`6`Command Manager`0`RefreshToolbar`true`7`0`StateToolBar`0`#35`true`#36`true`#17`true`#34`true`#8`false`#37`true`#38`true`0`1`StateExToolBar`0`1`0`#35`0`Checked`false`0`3`FlagsToolBar`0`3`0`#8`0`SWESP`true`SWEH`0`SWEW`0`3`0`#34`0`SWESP`true`SWEH`600`SWEW`800`3`0`#36`0`SWESP`true`SWEH`20`SWEW`380`3`0`State`0`#27`false`#26`false`#28`false`0`3`StateEx`0`0`0`#26`0`0`0`#27`0`1`0`#28`0`Checked`false`0`0`Flags`0`</responseData>
  <responseFile class="java.lang.String"></responseFile>
  <cookies class="java.lang.String">_sn=GXmoeGkdwh1O45lrH7mMIZnLMWvqHkVWiQKqDOICOq1fi95anXYMaCRAX879ujDRD9kS4J75N4kGDX576Q2AKmwZPUBih-4NS80Pc1189OxasEbdAsHiEtIhcnCzZ0zWb5V6QpVraL0TTGU4ktkGZq374g8C0pUBRhKVASKeW21TgUW5eIkswq97I-.qG-kr; _srn=_srn; SWEUAID=SWEUAID</cookies>
  <method class="java.lang.String">POST</method>
  <queryString class="java.lang.String">s_2_2_120_6=&amp;s_2_2_112_6=&amp;SWECmd=InvokeMethod&amp;s_2_2_114_6=&amp;SWEJI=false&amp;s_2_2_244_6=1&amp;s_2_2_106_6=&amp;s_2_2_87_6=&amp;s_2_2_160_6=&amp;s_2_2_189_6=3-61EV8C9M&amp;s_2_2_108_6=&amp;s_2_2_97_6=&amp;SWEActiveApplet=BT+Order+Entry+-+Line+Item+List+Applet+%28Sales%29&amp;SWEReqRowId=1&amp;s_2_2_128_6=&amp;SWEView=Order+Entry+-+Line+Items+Detail+View+%28Sales%29&amp;SWERowIds=SWERowId0%3D3-61EV8AO3&amp;s_2_2_138_6=&amp;SWERowId=3-61EV8BT6&amp;s_2_2_90_6=&amp;s_2_2_268_6=Pending&amp;s_2_2_192_6=23%2F06%2F2020+14%3A02%3A52&amp;SWEC=90&amp;SWETS={{\d+}}&amp;SWERPC=1&amp;s_2_2_113_6=&amp;SWEH=100&amp;SWEVI=&amp;s_2_2_300_6=&amp;s_2_2_261_6=Demo&amp;SWEField=s_2_2_300_6&amp;s_2_2_115_6=FY3+9QX&amp;s_2_2_107_6=&amp;s_2_2_125_6=&amp;s_2_2_143_6=&amp;SWEP=&amp;SWEApplet=BT+Order+Entry+-+Line+Item+List+Applet+%28Sales%29&amp;SWEActiveView=Order+Entry+-+Line+Items+Detail+View+%28Sales%29&amp;s_2_2_135_6=&amp;s_2_2_153_6=Monthly%2FQuarterly+Bill&amp;s_2_2_109_6=Default&amp;SWEMethod=EditField&amp;SWEW=300&amp;SWESP=true&amp;SRN=xK7T2pIB2ZOV15hwlQxQF5reKcoUB8VpMTZr7we8uAEb&amp;s_2_2_147_6=In-Progress</queryString>
  <java.net.URL>http://localhost:8080/ecommunications_enu_nsm_aps05524a027/start.swe</java.net.URL>
</httpSample>
<httpSample t="{{\d+}}" it="0" lt="{{\d+}}" ct="{{\d+}}" ts="{{\d+}}" s="true" lb="{{\d+}} /ecommunications_enu_nsm_aps05524a027/start.swe" rc="200" rm="OK" tn="Thread Group 1-1" dt="text" de="utf-8" by="1659" sby="1427" sc="1" ec="0" ng="1" na="1" hn="{{.*?}}">
  <responseHeader class="java.lang.String">HTTP/1.1 200 OK
Connection: close
Server: Oracle-iPlanet-Web-Server/7.0
Date: Tue, 23 Jun 2020 13:07:53 GMT
Content-Language: en
Cache-Control: private
Content-Type: text/html;charset=utf-8
Matched-Stub-Id: {{\w+-\w+-\w+-\w+-\w+}}
Vary: Accept-Encoding, User-Agent
Content-Encoding: gzip
</responseHeader>
  <requestHeader class="java.lang.String">Connection: close
Referer: http://localhost:8080/ecommunications_enu_nsm_aps05524a027/start.swe?SWECmd=ShowPopupFrames&amp;SWEDIC=1&amp;SWEU=/ecommunications_enu_nsm_aps05524a027/start.swe%3fSWEField%3d%26SWEMethod%3dShowPopup%26SWECmd%3dInvokeMethod%26SWEView%3dBT%2bContact%2bAt%2bView%26SWEC%3d23%26SWEM%3dEdit%2bList%26SRN%3dxK7T2pIB2ZOV15hwlQxQF5reKcoUB8VpMTZr7we8uAEb%26SWEApplet%3dBT%2bContact%2bForm%2bApplet%26SWETA%3dBT%2bISC%2bEdit%2bMMN%2bApplet%26SWESP%3d1%26SRN%3dxK7T2pIB2ZOV15hwlQxQF5reKcoUB8VpMTZr7we8uAEb&amp;SRN=xK7T2pIB2ZOV15hwlQxQF5reKcoUB8VpMTZr7we8uAEb
Accept-Language: en-GB
DNT: 1
Accept-Encoding: gzip, deflate
Accept: image/jpeg, application/x-ms-application, image/gif, application/xaml+xml, image/pjpeg, application/x-ms-xbap, */*
User-Agent: Mozilla/4.0 (compatible; MSIE 7.0; Windows NT 6.3; WOW64; Trident/7.0; .NET4.0E; .NET4.0C; .NET CLR 3.5.30729; .NET CLR 2.0.50727; .NET CLR 3.0.30729)
Host: localhost:8080
</requestHeader>
  <responseData class="java.lang.String">&lt;a id=&quot;SWETopHidden4&quot; href=&quot;javascript:void(0);&quot; tabindex=&quot;0&quot;&gt;&lt;/a&gt;&lt;HTML  OT=&apos;SiebWebPopupWindow&apos;&gt;&lt;head&gt;&lt;title&gt;Select Service Id&lt;/title&gt;&lt;link href=&quot;files/main.css&quot; rel=&quot;stylesheet&quot;/&gt;
&lt;script language=&quot;javascript&quot; src=&quot;23048/scripts/swecommon.js&quot;&gt;&lt;/script&gt; 
&lt;script language=&quot;javascript&quot; src=&quot;23048/scripts/swecmn_hi.js&quot;&gt;&lt;/script&gt; 
&lt;/head&gt;&lt;script language=&quot;javascript&quot; src=&quot;23048/scripts/AppletTitle.js&quot;&gt;&lt;/script&gt;&lt;script language=&quot;javascript&quot; src=&quot;23048/scripts/IeVersion.js&quot;&gt;&lt;/script&gt;&lt;script language=&quot;javascript&quot; src=&quot;23048/scripts/ResizeApplet.js&quot;&gt;&lt;/script&gt;&lt;body bgcolor=&quot;#dedede&quot; topmargin=&quot;0&quot; leftmargin=&quot;0&quot; marginwidth=&quot;0&quot; marginheight=&quot;0&quot; onbeforeunload=&quot;ResizeApplet();&quot;&gt;&lt;link href=&quot;files/main.css&quot; rel=&quot;stylesheet&quot;/&gt;&lt;table datatable=&quot;0&quot; summary=&quot;&quot; width=&quot;100%&quot; cellspacing=&quot;0&quot; cellpadding=&quot;0&quot; border=&quot;0&quot; align=&quot;center&quot;&gt;&lt;form name=&quot;SWEForm4_0&quot; method=&quot;post&quot; action=&quot;/ecommunications_enu_nsm_aps05524a027/start.swe&quot; onSubmit=&quot;return false;&quot; &gt;
&lt;tr valign=&quot;top&quot;&gt;&lt;td class=&quot;AppletStylePopup&quot;&gt;&lt;table datatable=&quot;0&quot; summary=&quot;&quot; class=&quot;AppletBack&quot; valign=&quot;top&quot; width=&quot;100%&quot; cellpadding=&quot;2&quot; cellspacing=&quot;1&quot; border=&quot;0&quot;&gt;&lt;tr valign=&quot;top&quot;&gt;&lt;td&gt;&lt;span id=4_c_err style=&quot;display: none;&quot;&gt;&lt;table datatable=&quot;0&quot; summary=&quot;&quot; class=&quot;AppletBack&quot; width=&quot;100%&quot; cellpadding=&quot;2&quot; cellspacing=&quot;0&quot; border=&quot;0&quot;&gt;&lt;tr&gt;&lt;td class=&quot;error&quot;&gt;&lt;/td&gt;&lt;/tr&gt;&lt;/table&gt;&lt;/span&gt;&lt;table datatable=&quot;0&quot; summary=&quot;&quot; class=&quot;AppletBack&quot; border=&quot;0&quot; cellpadding=&quot;0&quot; cellspacing=&quot;4&quot;&gt;&lt;tr&gt;&lt;td class=&quot;scLabelRight&quot;&gt;Next Available Service Id:&lt;/td&gt;&lt;td class=&quot;scField&quot; &gt;&lt;script&gt;SWEWriteObjectTag(this,&apos;&lt;object id=s_4_2_307_0 CLASSID=&quot;CLSID:1cb4ef94-8549-471a-b73f-54ff5c244212&quot; HEIGHT=12 WIDTH=12&gt;&lt;/object&gt;&apos;);&lt;/script&gt;&lt;/td&gt;&lt;/tr&gt;&lt;tr&gt;&lt;td class=&quot;scLabelRight&quot;&gt;List Type:&lt;/td&gt;&lt;td class=&quot;scField&quot; &gt;&lt;script&gt;SWEWriteObjectTag(this,&apos;&lt;object id=s_4_2_308_0 CLASSID=&quot;CLSID:1cb4ef94-8549-471a-b73f-54ff5c244212&quot; HEIGHT=20 WIDTH=100&gt;&lt;/object&gt;&apos;);&lt;/script&gt;&lt;/td&gt;&lt;/tr&gt;&lt;tr&gt;&lt;td class=&quot;scLabelRight&quot;&gt;Directory Number:&lt;/td&gt;&lt;td class=&quot;scField&quot; &gt;&lt;script&gt;SWEWriteObjectTag(this,&apos;&lt;object id=s_4_2_309_0 CLASSID=&quot;CLSID:1cb4ef94-8549-471a-b73f-54ff5c244212&quot; HEIGHT=20 WIDTH=100&gt;&lt;/object&gt;&apos;);&lt;/script&gt;&lt;/td&gt;&lt;/tr&gt;&lt;tr&gt;&lt;td class=&quot;scLabelRight&quot;&gt;Suggested Service Id:&lt;/td&gt;&lt;td class=&quot;scField&quot; &gt;&lt;script&gt;SWEWriteObjectTag(this,&apos;&lt;object id=s_4_2_310_0 CLASSID=&quot;CLSID:1cb4ef94-8549-471a-b73f-54ff5c244212&quot; HEIGHT=20 WIDTH=100&gt;&lt;/object&gt;&apos;);&lt;/script&gt;&lt;/td&gt;&lt;/tr&gt;&lt;tr&gt;&lt;td class=&quot;scLabelRight&quot;&gt;MSISDN:&lt;/td&gt;&lt;td class=&quot;scField&quot; &gt;&lt;script&gt;SWEWriteObjectTag(this,&apos;&lt;object id=s_4_1_311_0 CLASSID=&quot;CLSID:1cb4ef94-8549-471a-b73f-54ff5c244212&quot; HEIGHT=20 WIDTH=175&gt;&lt;/object&gt;&apos;);&lt;/script&gt;&lt;/td&gt;&lt;/tr&gt;&lt;tr&gt;&lt;td&gt;&lt;img src=&quot;images/spacer.gif&quot; width=&quot;1&quot; height=&quot;1&quot; class=&quot;popupLabelSize&quot; alt=&quot;&quot;&gt;&lt;/td&gt;&lt;td&gt;&lt;/td&gt;&lt;/tr&gt;&lt;/table&gt;&lt;/td&gt;&lt;/tr&gt;&lt;/table&gt;&lt;table datatable=&quot;0&quot; summary=&quot;&quot; width=&quot;100%&quot; cellpadding=&quot;2&quot; cellspacing=&quot;0&quot; border=&quot;0&quot;  class=&quot;AppletStylePopup&quot;&gt;&lt;tr class=&quot;AppletBttm&quot;&gt;&lt;td width=&quot;100%&quot;&gt;&lt;img src=&quot;images/spacer.gif&quot; valign=&quot;top&quot; width=&quot;10&quot; height=&quot;20&quot; alt=&quot;&quot;&gt;&lt;/td&gt;&lt;td nowrap&gt;&lt;span id=s_4_1_44_0&gt;&amp;nbsp;&lt;/span&gt;&lt;/td&gt;&lt;td nowrap&gt;&lt;span id=s_4_1_312_0&gt;&amp;nbsp;&lt;/span&gt;&lt;/td&gt;&lt;td nowrap&gt;&lt;span id=s_4_1_313_0&gt;&amp;nbsp;&lt;/span&gt;&lt;/td&gt;&lt;td nowrap&gt;&lt;span id=s_4_1_314_0&gt;&amp;nbsp;&lt;/span&gt;&lt;/td&gt;&lt;td nowrap&gt;&lt;span id=s_4_1_315_0&gt;&amp;nbsp;&lt;/span&gt;&lt;/td&gt;&lt;td nowrap&gt;&lt;span id=s_4_1_316_0&gt;&amp;nbsp;&lt;/span&gt;&lt;/td&gt;&lt;td nowrap&gt;&lt;span id=s_4_1_317_0&gt;&amp;nbsp;&lt;/span&gt;&lt;/td&gt;&lt;td&gt;&lt;img src=&quot;images/spacer.gif&quot; valign=&quot;top&quot; width=&quot;10&quot; height=&quot;20&quot; alt=&quot;&quot;&gt;&lt;/td&gt;&lt;/tr&gt;&lt;/table&gt;&lt;/td&gt;&lt;/tr&gt;&lt;/form&gt;
&lt;/table&gt;&lt;script&gt;

SWEIsHighInteract = true; Top().SWEIsHighInteract = true;
if (typeof(top._samePage) != &apos;undefined&apos; &amp;&amp; top._samePage!=&quot;&quot;) top._samePage = &quot;&quot;;
if (top.opener == null || typeof top.opener.swetop == &apos;unknown&apos; || typeof top.opener.swetop == &apos;undefined&apos;) top._swe._sweapp.S_App.SWECount = 91;
else top.opener.top._swe._sweapp.S_App.SWECount = 91;
g_bInitialized = true;
&lt;/script&gt;
&lt;script for=window event=onunload&gt;
if (top.opener != null &amp;&amp; typeof(top.opener) != &apos;undefined&apos; &amp;&amp; top.opener.top._swe != null &amp;&amp; typeof(top.opener.top._swe) != &apos;undefined&apos; &amp;&amp; top.opener.top._swe._sweapp  != null &amp;&amp; typeof(top.opener.top._swe._sweapp)  != &apos;undefined&apos;) {top.opener.top._swe._sweapp.S_App.SetLayoutUnloaded (&quot;Popup&quot;, &quot;BT Numbe Reservation Pick Applet&quot;);}
if ( top._sweapp.cmdInit == true ) {  top._sweapp.S_CmdMgr.Enable(1);}
&lt;/script&gt;
&lt;script for=window event=onload&gt;
top.document.title=&quot;Select Service Id&quot;;
top.opener.top._swe._sweapp.S_App.SetLayoutLoaded (&quot;Popup&quot;, &quot;BT Numbe Reservation Pick Applet&quot;, window, &quot;@0`1`1`0``0`dx`1`&quot;);
if ( top._sweapp.cmdInit == true ) {  top._sweapp.S_CmdMgr.Enable(1);}
&lt;/script&gt;
&lt;/body&gt;&lt;/html&gt;&lt;a id=&quot;SWEBottomHidden4&quot; href=&quot;javascript:void(0);&quot; tabindex=&quot;999&quot; onfocus=&quot;document.getElementById(&apos;SWETopHidden4&apos;).focus();&quot;&gt;&lt;/a&gt;</responseData>
  <responseFile class="java.lang.String"></responseFile>
  <cookies class="java.lang.String">_sn=GXmoeGkdwh1O45lrH7mMIZnLMWvqHkVWiQKqDOICOq1fi95anXYMaCRAX879ujDRD9kS4J75N4kGDX576Q2AKmwZPUBih-4NS80Pc1189OxasEbdAsHiEtIhcnCzZ0zWb5V6QpVraL0TTGU4ktkGZq374g8C0pUBRhKVASKeW21TgUW5eIkswq97I-.qG-kr; _srn=_srn; SWEUAID=SWEUAID</cookies>
  <method class="java.lang.String">GET</method>
  <queryString class="java.lang.String"></queryString>
  <java.net.URL>http://localhost:8080/ecommunications_enu_nsm_aps05524a027/start.swe?SWECmd=GetCachedFrame&amp;SWEC=91&amp;SWEFrame=top._sweclient._swecontent._sweview._swetmp&amp;SRN=xK7T2pIB2ZOV15hwlQxQF5reKcoUB8VpMTZr7we8uAEb&amp;SWESP=1&amp;SRN=xK7T2pIB2ZOV15hwlQxQF5reKcoUB8VpMTZr7we8uAEb</java.net.URL>
</httpSample>
<httpSample t="{{\d+}}" it="0" lt="{{\d+}}" ct="{{\d+}}" ts="{{\d+}}" s="true" lb="{{\d+}} /ecommunications_enu_nsm_aps05524a027/start.swe" rc="200" rm="OK" tn="Thread Group 1-1" dt="text" de="utf-8" by="1253" sby="978" sc="1" ec="0" ng="1" na="1" hn="{{.*?}}">
  <responseHeader class="java.lang.String">HTTP/1.1 200 OK
Connection: close
Server: Oracle-iPlanet-Web-Server/7.0
Date: Tue, 23 Jun 2020 13:07:53 GMT
Content-Language: en
Cache-Control: no-cache
Swerpc: true
Content-Type: text/html;charset=utf-8
Connection: close
Matched-Stub-Id: {{\w+-\w+-\w+-\w+-\w+}}
Vary: Accept-Encoding, User-Agent
</responseHeader>
  <requestHeader class="java.lang.String">Connection: close
Content-Type: application/x-www-form-urlencoded
DNT: 1
Accept-Encoding: deflate
Pragma: no-cache
User-Agent: Mozilla/4.0 (compatible; MSIE 7.0; Windows NT 6.3; WOW64; Trident/7.0; .NET4.0E; .NET4.0C; .NET CLR 3.5.30729; .NET CLR 2.0.50727; .NET CLR 3.0.30729)
Accept: text/html, image/gif, image/jpeg, *; q=.2, */*; q=.2
Content-Length: 290
Host: localhost:8080
</requestHeader>
  <responseData class="java.lang.String">@0`1`4`3``0`UC`1`Status`OK`SWEC`92`SRN`xK7T2pIB2ZOV15hwlQxQF5reKcoUB8VpMTZr7we8uAEb`8`0`ResultSet`0`Retain Number`N`ServiceId``Contactemail`Blazemeter.Demo`Reuse Number`N`EmailRetained`N`Import OLO Number`N`SPSubStatus`undefined`Hide NumRev Applet`N`0`3`Notifications`0`2`0``0`OP`bn`bc`S_BC3`8`0``0`br`0`ArgsArray`32*BT Numbe Reservation Pick Applet89*2E_BT Order Entry - Line Item List Applet (Sales)9_EditFieldA_3-61EV8BT6B_s_2_2_300_02_91`ar`-1`size`10`cr`0`OP`g`bc`S_BC3`type`SetPopupBookmark`2`0``0`OP`en`bc`S_BC3`1`6`Command Manager`0`RefreshToolbar`true`7`0`StateToolBar`0`#35`true`#36`true`#17`true`#34`true`#8`false`#37`true`#38`true`0`1`StateExToolBar`0`1`0`#35`0`Checked`false`0`3`FlagsToolBar`0`3`0`#8`0`SWESP`true`SWEH`0`SWEW`0`3`0`#34`0`SWESP`true`SWEH`600`SWEW`800`3`0`#36`0`SWESP`true`SWEH`20`SWEW`380`3`0`State`0`#27`false`#26`false`#28`false`0`3`StateEx`0`0`0`#26`0`0`0`#27`0`1`0`#28`0`Checked`false`0`0`Flags`0`</responseData>
  <responseFile class="java.lang.String"></responseFile>
  <cookies class="java.lang.String">_sn=GXmoeGkdwh1O45lrH7mMIZnLMWvqHkVWiQKqDOICOq1fi95anXYMaCRAX879ujDRD9kS4J75N4kGDX576Q2AKmwZPUBih-4NS80Pc1189OxasEbdAsHiEtIhcnCzZ0zWb5V6QpVraL0TTGU4ktkGZq374g8C0pUBRhKVASKeW21TgUW5eIkswq97I-.qG-kr; _srn=_srn; SWEUAID=SWEUAID</cookies>
  <method class="java.lang.String">POST</method>
  <queryString class="java.lang.String">SWEC=91&amp;SWEMethod=InitProfAttr&amp;SWERPC=1&amp;SWECmd=InvokeMethod&amp;SRN=xK7T2pIB2ZOV15hwlQxQF5reKcoUB8VpMTZr7we8uAEb&amp;SWEIPS=%400*0*4*0*0*3*0*13*OrderHeaderId10*3-61EV8AO320*Asset+Integration+Id15*VOL013-61EV8BT612*Line+Item+Id10*3-61EV8BT621*Header+Order+Sub+Type0*&amp;SWEService=BT+Number+Reservation</queryString>
  <java.net.URL>http://localhost:8080/ecommunications_enu_nsm_aps05524a027/start.swe</java.net.URL>
</httpSample>
<httpSample t="{{\d+}}" it="0" lt="{{\d+}}" ct="{{\d+}}" ts="{{\d+}}" s="true" lb="{{\d+}} /ecommunications_enu_nsm_aps05524a027/start.swe" rc="200" rm="OK" tn="Thread Group 1-1" dt="text" de="utf-8" by="14978" sby="1271" sc="1" ec="0" ng="1" na="1" hn="{{.*?}}">
  <responseHeader class="java.lang.String">HTTP/1.1 200 OK
Connection: close
Server: Oracle-iPlanet-Web-Server/7.0
Date: Tue, 23 Jun 2020 13:08:05 GMT
Content-Language: en
Cache-Control: no-cache
Swerpc: true
Content-Type: text/html;charset=utf-8
Matched-Stub-Id: {{\w+-\w+-\w+-\w+-\w+}}
Vary: Accept-Encoding, User-Agent
</responseHeader>
  <requestHeader class="java.lang.String">Connection: close
Content-Type: application/x-www-form-urlencoded
DNT: 1
Accept-Encoding: deflate
Pragma: no-cache
User-Agent: Mozilla/4.0 (compatible; MSIE 7.0; Windows NT 6.3; WOW64; Trident/7.0; .NET4.0E; .NET4.0C; .NET CLR 3.5.30729; .NET CLR 2.0.50727; .NET CLR 3.0.30729)
Accept: text/html, image/gif, image/jpeg, *; q=.2, */*; q=.2
Content-Length: 583
Host: localhost:8080
</requestHeader>
  <responseData class="java.lang.String">@0`1`8`4``0`URL`/ecommunications_enu_nsm_aps05524a027/start.swe?SWECmd=GetCachedFrame&amp;SWEC=92&amp;SWEFrame=top._sweclient._swecontent._sweview._swetmp&amp;SRN=xK7T2pIB2ZOV15hwlQxQF5reKcoUB8VpMTZr7we8uAEb`UC`1`Target`top.SWEPopupWin._swecontent`ViewId``Status`NewPopup`View``SWEC`92`SRN`xK7T2pIB2ZOV15hwlQxQF5reKcoUB8VpMTZr7we8uAEb`0`53`Notifications`0`2`0``0`OP`bn`bc`S_BC3`7`0``0`br`0`ArgsArray`32*BT Numbe Reservation Pick Applet1*11*01*01*01*01*01*0`size`10`cr`0`OP`g`bc`S_BC3`type`SWEIRowSelection`7`0``0`br`0`ArgsArray`32*BT Numbe Reservation Pick Applet19**PopupQuerySrchspec1*?19**PopupQueryCombobox10*?List Type`size`10`cr`0`OP`g`bc`S_BC3`type`SWEIPrivFlds`7`0``0`br`0`ArgsArray`32*BT Numbe Reservation Pick Applet1*01*01*11*01*21*01*31*01*41*01*51*01*61*01*71*01*81*01*91*02*101*02*111*02*121*02*131*02*141*02*151*02*161*02*171*02*181*02*191*02*201*02*211*12*221*02*231*02*241*12*251*02*261*02*271*02*281*02*291*02*301*02*311*02*321*02*331*02*341*02*351*02*361*02*371*02*381*02*391*02*401*02*411*02*421*02*431*02*441*02*451*02*461*02*471*02*481*02*491*02*501*02*511*02*521*02*531*02*541*02*551*02*561*0`size`10`cr`0`OP`g`bc`S_BC3`type`SWEICanUpdate`7`0``0`br`0`ArgsArray`32*BT Numbe Reservation Pick Applet1*01*11*11*11*21*11*31*11*41*11*51*01*61*01*71*01*81*01*91*02*101*02*111*02*121*12*131*12*141*12*151*02*161*12*171*02*181*12*191*12*201*02*211*12*221*02*231*02*241*02*251*02*261*12*271*02*281*02*291*02*301*02*311*12*321*12*331*02*341*02*351*12*361*02*371*02*381*02*391*12*401*12*411*02*421*02*431*02*441*02*451*02*461*02*471*12*481*12*491*02*501*0`size`10`cr`0`OP`g`bc`S_BC3`type`SWEICanInvokeMethod`8`0``0`br`0`v`Blazemeter.Demo`ar`-1`size`10`cr`0`OP`nfq`bc`S_BC3`f`OLOServiceID`8`0``0`br`0`v``ar`-1`size`10`cr`0`OP`nfq`bc`S_BC3`f`ListType`8`0``0`br`0`v``ar`-1`size`10`cr`0`OP`nfq`bc`S_BC3`f`DirectoryNumber`8`0``0`br`0`v`N`ar`-1`size`10`cr`0`OP`nfq`bc`S_BC3`f`NextAvailableDN`8`0``0`br`0`v``ar`-1`size`10`cr`0`OP`nfq`bc`S_BC3`f`BT MSISDN`8`0``0`br`0`value`0`ar`-1`state`bInQueryState`size`10`cr`0`OP`sc`bc`S_BC3`8`0``0`br`0`value`1`ar`-1`state`bExecuted`size`10`cr`0`OP`sc`bc`S_BC3`7`1``0`br`0`ar`-1`size`10`index`0`cr`0`OP`iw`bc`S_BC3`1`0`FieldValues`0`ValueArray`0*0*0*0*0*6*VRId-0`7`1``0`br`0`ar`-1`size`10`index`1`cr`0`OP`iw`bc`S_BC3`1`0`FieldValues`0`ValueArray`0*0*0*0*0*6*VRId-1`7`1``0`br`0`ar`-1`size`10`index`2`cr`0`OP`iw`bc`S_BC3`1`0`FieldValues`0`ValueArray`0*0*0*0*0*6*VRId-2`7`1``0`br`0`ar`-1`size`10`index`3`cr`0`OP`iw`bc`S_BC3`1`0`FieldValues`0`ValueArray`0*0*0*0*0*6*VRId-3`7`1``0`br`0`ar`-1`size`10`index`4`cr`0`OP`iw`bc`S_BC3`1`0`FieldValues`0`ValueArray`0*0*0*0*0*6*VRId-4`7`1``0`br`0`ar`-1`size`10`index`5`cr`0`OP`iw`bc`S_BC3`1`0`FieldValues`0`ValueArray`0*0*0*0*0*6*VRId-5`7`1``0`br`0`ar`-1`size`10`index`6`cr`0`OP`iw`bc`S_BC3`1`0`FieldValues`0`ValueArray`0*0*0*0*0*6*VRId-6`7`1``0`br`0`ar`-1`size`10`index`7`cr`0`OP`iw`bc`S_BC3`1`0`FieldValues`0`ValueArray`0*0*0*0*0*0*`8`0``0`br`0`ar`-1`size`10`index`7`cr`0`OP`dw`bc`S_BC3`nr`1`8`0``0`br`0`value`0`ar`0`state`activeRow`size`10`cr`0`OP`sc`bc`S_BC3`8`0``0`br`0`value`1`ar`0`state`cr`size`10`cr`0`OP`sc`bc`S_BC3`8`0``0`br`0`value`1`ar`0`state`nrk`size`10`cr`0`OP`sc`bc`S_BC3`8`0``0`br`0`value`7`ar`0`state`nr`size`10`cr`0`OP`sc`bc`S_BC3`6`0``0`br`0`ar`0`size`10`cr`0`OP`nd`bc`S_BC3`8`0``0`br`0`ar`0`size`10`index`6`cr`0`OP`dw`bc`S_BC3`nr`1`8`0``0`br`0`ar`0`size`10`index`5`cr`0`OP`dw`bc`S_BC3`nr`1`8`0``0`br`0`ar`0`size`10`index`4`cr`0`OP`dw`bc`S_BC3`nr`1`8`0``0`br`0`ar`0`size`10`index`3`cr`0`OP`dw`bc`S_BC3`nr`1`8`0``0`br`0`ar`0`size`10`index`2`cr`0`OP`dw`bc`S_BC3`nr`1`8`0``0`br`0`ar`0`size`10`index`1`cr`0`OP`dw`bc`S_BC3`nr`1`8`0``0`br`0`ar`0`size`10`index`0`cr`0`OP`dw`bc`S_BC3`nr`1`7`1``0`br`0`ar`-1`size`10`index`0`cr`0`OP`iw`bc`S_BC3`1`0`FieldValues`0`ValueArray`0*0*0*0*0*6*VRId-0`7`1``0`br`0`ar`-1`size`10`index`1`cr`0`OP`iw`bc`S_BC3`1`0`FieldValues`0`ValueArray`0*0*0*0*0*6*VRId-1`7`1``0`br`0`ar`-1`size`10`index`2`cr`0`OP`iw`bc`S_BC3`1`0`FieldValues`0`ValueArray`0*0*0*0*0*6*VRId-2`7`1``0`br`0`ar`-1`size`10`index`3`cr`0`OP`iw`bc`S_BC3`1`0`FieldValues`0`ValueArray`0*0*0*0*0*6*VRId-3`7`1``0`br`0`ar`-1`size`10`index`4`cr`0`OP`iw`bc`S_BC3`1`0`FieldValues`0`ValueArray`0*0*0*0*0*6*VRId-4`7`1``0`br`0`ar`-1`size`10`index`5`cr`0`OP`iw`bc`S_BC3`1`0`FieldValues`0`ValueArray`0*0*0*0*0*6*VRId-5`7`1``0`br`0`ar`-1`size`10`index`6`cr`0`OP`iw`bc`S_BC3`1`0`FieldValues`0`ValueArray`0*0*0*0*0*6*VRId-6`7`1``0`br`0`ar`-1`size`10`index`7`cr`0`OP`iw`bc`S_BC3`1`0`FieldValues`0`ValueArray`0*0*0*0*0*0*`8`0``0`br`0`ar`-1`size`10`index`7`cr`0`OP`dw`bc`S_BC3`nr`1`7`1``0`br`0`ar`-1`size`10`index`0`cr`0`OP`iw`bc`S_BC3`1`0`FieldValues`0`ValueArray`0*0*0*0*0*0*`8`0``0`br`0`ar`-1`size`10`index`0`cr`0`OP`dw`bc`S_BC3`nr`1`6`0``0`br`0`ar`0`size`10`cr`0`OP`nd`bc`S_BC3`6`0``0`br`0`ar`0`size`10`cr`0`OP`eq`bc`S_BC3`8`0``0`br`0`srt``s`[NextAvailableDN] = &quot;N&quot; AND [OLOServiceID] LIKE &quot;Blazemeter.Demo*&quot;`ar`0`size`10`cr`0`OP`e`bc`S_BC3`8`0``0`br`0`value`0`ar`0`state`activeRow`size`10`cr`0`OP`sc`bc`S_BC3`6`0``0`br`0`ar`0`size`10`cr`0`OP`nd`bc`S_BC3`8`0``0`br`0`ArgsArray`32*BT Numbe Reservation Pick Applet89*2E_BT Order Entry - Line Item List Applet (Sales)9_EditFieldA_3-61EV8BT6B_s_2_2_300_12_92`ar`0`size`10`cr`0`OP`g`bc`S_BC3`type`SetPopupBookmark`8`0``0`br`0`value`0`ar`0`state`bActiveFieldListDirty`size`10`cr`0`OP`sc`bc`S_BC3`8`0``0`br`0`value`1`ar`0`state`cud`size`10`cr`0`OP`sc`bc`S_BC3`2`0``0`OP`en`bc`S_BC3`0`3`api`0`2`0`sc`0`rqc`92`v`2*Ok15*Display Message`0`1`boi`3``0`2`bci`3`S_BC3`0`2`fl`0`8`0`f`0`itx`1`n`2999`sc`0`l`255`crf`215`dft`5`t`220`dn`833`8`0`f`0`itx`1`n`2998`sc`0`l`255`crf`215`dft`5`t`220`dn`3003`4`8`rl`0`inrk`1`crnm`1`nmr`7`atr`0`2`0`r`0`v`0*0*0*0*0*6*VRId-013*oneview.cisp10*`i`VRId-0`2`0`r`0`v`0*0*0*0*0*6*VRId-113*oneview1.cisp0*`i`VRId-1`2`0`r`0`v`0*0*0*0*0*6*VRId-213*oneview1.cisp0*`i`VRId-2`2`0`r`0`v`0*0*0*0*0*6*VRId-325*sarikash@techmahindra.com0*`i`VRId-3`2`0`r`0`v`0*0*0*0*0*6*VRId-424*ranjanp@techmahindra.com0*`i`VRId-4`2`0`r`0`v`0*0*0*0*0*6*VRId-58*oneview20*`i`VRId-5`2`0`r`0`v`0*0*0*0*0*6*VRId-65*cisp20*`i`VRId-6`1`0`tr`0`v``2`2`vi`3``vt`STANDARD`ich`0`7`6`ai`3`S_A4`cud`4*29651*04*29601*04*29591*04*29541*04*29571*04*29791*03*6031*04*29801*04*29811*04*29821*02*431*03*5891*03*5981*02*401*02*391*03*5901*03*3161*02*451*04*29631*03*6191*03*6201*03*6211*13*3671*02*441*03*6221*13*1051*02*291*04*29831*03*3071*02*271*03*6021*03*3101*03*5231*02*311*03*1501*04*29841*04*29851*04*29861*04*29871*04*29741*04*29881*04*29891*04*29671*04*29901*04*29911*04*29691*04*29921*04*29931*04*29941*04*29951*04*29961*04*29971*04*29981*04*29991*04*29721*04*30001*04*30011*0`dqy`1`cik`4*29621*12*451*14*29561*14*29581*13*5851*14*29761*04*29771*04*29781*02*431*03*5981*02*401*02*391*04*29641*13*3641*12*441*12*291*03*3071*12*271*03*5231*13*3101*12*311*02*211*12*221*02*231*02*241*02*251*02*261*12*281*02*301*02*321*02*331*02*341*12*351*12*361*02*371*02*381*12*411*02*421*02*201*02*461*12*471*12*481*02*491*02*501*02*511*02*521*02*531*02*541*12*551*12*561*02*571*0`pf`VER_1.0_~0|DirectoryNumber_Value|200~0|Display_Value|100`rct`10`ied`1`bnr`0`0`0`rcl`0`0`0`rctl`0`0`10`cl`0`23`1`c`0`pt`5`sp`s_4_1_44_0`dm`69`w`0`n`45`pw`0`ph`0`ju`6`sq`997`pan`5`mn`45`ibp`1`crf`8`sdy`0`h`0`iec`1`dft`5`ime`5`dmc`0`t`67`dn`392`fn`5`msz`32`15`0`imp`0`SWEField`s_4_1_44_0`SWENeedContext`false`SWER`0`SWESP`false`SWERowIds`SWERowId0=3-61EV8AO3,SWERowId1=3-61EV8BT6`SWEMethod`ExecuteQuery`SWECmd`InvokeMethod`SWEP`2E_BT Order Entry - Line Item List Applet (Sales)9_EditFieldA_3-61EV8BT6B_s_2_2_300_12_92`SWEDIC`true`SWEReqRowId`0`SWEView`Order Entry - Line Items Detail View (Sales)`SWEC`92`SWEBID`-1`SRN`xK7T2pIB2ZOV15hwlQxQF5reKcoUB8VpMTZr7we8uAEb`SWEApplet`BT Numbe Reservation Pick Applet`23`1`c`0`pt`5`sp`s_4_1_318_0`dm`7`w`0`n`43`pw`0`ph`0`ju`6`sq`997`pan`5`mn`43`ibp`1`crf`8`sdy`0`h`0`iec`1`dft`5`ime`5`dmc`0`t`67`dn`393`fn`5`msz`32`15`0`imp`0`SWEField`s_4_1_318_0`SWENeedContext`false`SWER`0`SWESP`false`SWERowIds`SWERowId0=3-61EV8AO3,SWERowId1=3-61EV8BT6`SWEMethod`UndoQuery`SWECmd`InvokeMethod`SWEP`2E_BT Order Entry - Line Item List Applet (Sales)9_EditFieldA_3-61EV8BT6B_s_2_2_300_12_92`SWEDIC`true`SWEReqRowId`0`SWEView`Order Entry - Line Items Detail View (Sales)`SWEC`92`SWEBID`-1`SRN`xK7T2pIB2ZOV15hwlQxQF5reKcoUB8VpMTZr7we8uAEb`SWEApplet`BT Numbe Reservation Pick Applet`23`1`c`0`pt`5`sp`s_4_1_312_0`dm`69`w`0`n`2954`pw`0`ph`0`ju`6`sq`997`pan`5`mn`2956`ibp`1`crf`8`sdy`0`h`0`iec`1`dft`5`ime`5`dmc`0`t`67`dn`2955`fn`5`msz`32`15`0`imp`0`SWEField`s_4_1_312_0`SWENeedContext`false`SWER`0`SWESP`false`SWERowIds`SWERowId0=3-61EV8AO3,SWERowId1=3-61EV8BT6`SWEMethod`RetainNumber`SWECmd`InvokeMethod`SWEP`2E_BT Order Entry - Line Item List Applet (Sales)9_EditFieldA_3-61EV8BT6B_s_2_2_300_12_92`SWEDIC`true`SWEReqRowId`0`SWEView`Order Entry - Line Items Detail View (Sales)`SWEC`92`SWEBID`-1`SRN`xK7T2pIB2ZOV15hwlQxQF5reKcoUB8VpMTZr7we8uAEb`SWEApplet`BT Numbe Reservation Pick Applet`25`1`c`0`pt`5`sp`s_4_1_72_0`dm`69`w`0`n`39`eb`&lt;img src=&quot;images/rcnv_prvset_1.gif&quot; border=&quot;0&quot; space=&quot;0&quot; hspace=&quot;0&quot; alt=&quot;Previous record set&quot;  title=&quot;Previous record set&quot; &gt;`pw`0`db`&lt;img src=&quot;images/rcnv_prvset_0.gif&quot; border=&quot;0&quot; space=&quot;0&quot; hspace=&quot;0&quot; alt=&quot;Previous record set&quot;  title=&quot;Previous record set&quot; &gt;`ph`0`ju`6`sq`997`pan`5`mn`39`ibp`1`crf`8`sdy`0`h`0`iec`1`dft`5`ime`5`dmc`0`t`67`dn`381`fn`5`msz`32`15`0`imp`0`SWEField`s_4_1_72_0`SWENeedContext`false`SWER`0`SWESP`false`SWERowIds`SWERowId0=3-61EV8AO3,SWERowId1=3-61EV8BT6`SWEMethod`GotoPreviousSet`SWECmd`InvokeMethod`SWEP`2E_BT Order Entry - Line Item List Applet (Sales)9_EditFieldA_3-61EV8BT6B_s_2_2_300_12_92`SWEDIC`true`SWEReqRowId`0`SWEView`Order Entry - Line Items Detail View (Sales)`SWEC`92`SWEBID`-1`SRN`xK7T2pIB2ZOV15hwlQxQF5reKcoUB8VpMTZr7we8uAEb`SWEApplet`BT Numbe Reservation Pick Applet`25`1`c`0`pt`5`sp`s_4_1_70_0`dm`69`w`0`n`40`eb`&lt;img src=&quot;images/rcnv_nxtset_1.gif&quot; border=&quot;0&quot; space=&quot;0&quot; hspace=&quot;0&quot; alt=&quot;Next record set&quot;  title=&quot;Next record set&quot; &gt;`pw`0`db`&lt;img src=&quot;images/rcnv_nxtset_0.gif&quot; border=&quot;0&quot; space=&quot;0&quot; hspace=&quot;0&quot; alt=&quot;Next record set&quot;  title=&quot;Next record set&quot; &gt;`ph`0`ju`6`sq`997`pan`5`mn`40`ibp`1`crf`8`sdy`0`h`0`iec`1`dft`5`ime`5`dmc`0`t`67`dn`382`fn`5`msz`32`15`0`imp`0`SWEField`s_4_1_70_0`SWENeedContext`false`SWER`0`SWESP`false`SWERowIds`SWERowId0=3-61EV8AO3,SWERowId1=3-61EV8BT6`SWEMethod`GotoNextSet`SWECmd`InvokeMethod`SWEP`2E_BT Order Entry - Line Item List Applet (Sales)9_EditFieldA_3-61EV8BT6B_s_2_2_300_12_92`SWEDIC`true`SWEReqRowId`0`SWEView`Order Entry - Line Items Detail View (Sales)`SWEC`92`SWEBID`-1`SRN`xK7T2pIB2ZOV15hwlQxQF5reKcoUB8VpMTZr7we8uAEb`SWEApplet`BT Numbe Reservation Pick Applet`25`1`c`0`pt`5`sp`s_4_1_319_0`dm`7`w`0`n`310`eb`&lt;img src=&quot;images/row_off_d.gif&quot; border=&quot;0&quot; space=&quot;0&quot; hspace=&quot;0&quot; alt=&quot;Select record&quot;  title=&quot;Select record&quot; &gt;`pw`0`db`&lt;img src=&quot;images/row_on_d.gif&quot; border=&quot;0&quot; space=&quot;0&quot; hspace=&quot;0&quot; alt=&quot;Record selected&quot;  title=&quot;Record selected&quot; &gt;`ph`0`ju`6`sq`997`pan`5`mn`310`ibp`1`crf`8`sdy`0`h`0`iec`1`dft`5`ime`5`dmc`0`t`67`dn`5`fn`5`msz`32`15`0`imp`0`SWEField`s_4_1_319_0`SWENeedContext`false`SWER`0`SWESP`false`SWERowIds`SWERowId0=3-61EV8AO3,SWERowId1=3-61EV8BT6`SWEMethod`PositionOnRow`SWECmd`InvokeMethod`SWEP`2E_BT Order Entry - Line Item List Applet (Sales)9_EditFieldA_3-61EV8BT6B_s_2_2_300_12_92`SWEDIC`true`SWEReqRowId`0`SWEView`Order Entry - Line Items Detail View (Sales)`SWEC`92`SWEBID`-1`SRN`xK7T2pIB2ZOV15hwlQxQF5reKcoUB8VpMTZr7we8uAEb`SWEApplet`BT Numbe Reservation Pick Applet`23`1`c`0`pt`5`sp`s_4_1_320_0`dm`7`w`0`n`2979`pw`0`ph`0`ju`6`sq`997`pan`5`mn`585`ibp`1`crf`8`sdy`0`h`0`iec`1`dft`5`ime`5`dmc`0`t`67`dn`3002`fn`5`msz`32`15`0`imp`0`SWEField`s_4_1_320_0`SWENeedContext`false`SWER`0`SWESP`false`SWERowIds`SWERowId0=3-61EV8AO3,SWERowId1=3-61EV8BT6`SWEMethod`PickRecord`SWECmd`InvokeMethod`SWEP`2E_BT Order Entry - Line Item List Applet (Sales)9_EditFieldA_3-61EV8BT6B_s_2_2_300_12_92`SWEDIC`true`SWEReqRowId`0`SWEView`Order Entry - Line Items Detail View (Sales)`SWEC`92`SWEBID`-1`SRN`xK7T2pIB2ZOV15hwlQxQF5reKcoUB8VpMTZr7we8uAEb`SWEApplet`BT Numbe Reservation Pick Applet`23`1`c`0`pt`5`sp`s_4_1_317_0`dm`69`w`0`n`523`pw`0`ph`0`ju`6`sq`997`pan`5`mn`523`ibp`1`crf`8`sdy`0`h`0`iec`1`dft`5`ime`5`dmc`0`t`67`dn`534`fn`5`msz`32`15`0`imp`0`SWEField`s_4_1_317_0`SWENeedContext`false`SWER`0`SWESP`false`SWERowIds`SWERowId0=3-61EV8AO3,SWERowId1=3-61EV8BT6`SWEMethod`CloseApplet`SWECmd`InvokeMethod`SWEP`2E_BT Order Entry - Line Item List Applet (Sales)9_EditFieldA_3-61EV8BT6B_s_2_2_300_12_92`SWEDIC`true`SWEReqRowId`0`SWEView`Order Entry - Line Items Detail View (Sales)`SWEC`92`SWEBID`-1`SRN`xK7T2pIB2ZOV15hwlQxQF5reKcoUB8VpMTZr7we8uAEb`SWEApplet`BT Numbe Reservation Pick Applet`23`1`c`0`pt`5`sp`s_4_1_316_0`dm`69`w`0`n`2963`pw`0`ph`0`ju`6`sq`997`pan`5`mn`2964`ibp`1`crf`8`sdy`0`h`0`iec`1`dft`5`ime`5`dmc`0`t`67`dn`392`fn`5`msz`32`15`0`imp`0`SWEField`s_4_1_316_0`SWENeedContext`false`SWER`0`SWESP`false`SWERowIds`SWERowId0=3-61EV8AO3,SWERowId1=3-61EV8BT6`SWEMethod`VoICall`SWECmd`InvokeMethod`SWEP`2E_BT Order Entry - Line Item List Applet (Sales)9_EditFieldA_3-61EV8BT6B_s_2_2_300_12_92`SWEDIC`true`SWEReqRowId`0`SWEView`Order Entry - Line Items Detail View (Sales)`SWEC`92`SWEBID`-1`SRN`xK7T2pIB2ZOV15hwlQxQF5reKcoUB8VpMTZr7we8uAEb`SWEApplet`BT Numbe Reservation Pick Applet`22`0`c`0`pt`5`sp`s_4_1_321_0`dm`7`w`0`n`603`pw`0`ph`0`ju`6`sq`997`pan`5`ibp`1`crf`8`sdy`0`h`0`iec`1`dft`5`ime`5`dmc`0`t`89`dn`604`fn`5`msz`32`1`0`cfm`0`DeleteRecord`IDS_SWE_DELETE_CONFIRM_WARNING`0`2`col`0`25`0`co`0`pt`5`sp`s_4_2_322_`dm`7`w`200`csq`1`n`2999`pw`0`ist`1`ph`0`ju`6`sq`997`pan`5`ibp`1`crf`8`sdy`0`h`0`iec`1`dft`5`cix`0`ime`5`dmc`0`t`4`dn`833`fn`2999`msz`255`25`0`co`0`pt`5`sp`s_4_2_323_`dm`7`w`100`csq`1`n`2998`pw`0`ist`1`ph`0`ju`6`sq`997`pan`5`ibp`1`crf`8`sdy`0`h`0`iec`1`dft`5`cix`1`ime`5`dmc`0`t`4`dn`3003`fn`2998`msz`255`0`2`pcl`0`2`0`pc`0`allowPC`false`PopupQuerySrchspec``2`0`pc`0`allowPC`false`PopupQueryCombobox`List Type`1`0`aa`0`n`BT Numbe Reservation Pick Applet`3`0`hui`0`n`Order Line Items Detail: VOL013-473260748547`hupd`1`hnact`top._swe._sweapp.S_App.GotoView(&amp;quot;Order Entry - Line Items Detail View (Sales\)&amp;quot;, &amp;quot;&amp;quot;, &amp;quot;/ecommunications_enu_nsm_aps05524a027/start.swe?SWENeedContext=false&amp;amp;SWECmd=GotoBookmarkView&amp;amp;SWEBMC=92&amp;amp;SWEC=92&amp;amp;SRN=xK7T2pIB2ZOV15hwlQxQF5reKcoUB8VpMTZr7we8uAEb&amp;quot;, top._sweclient._swecontent._sweview)`1`6`Command Manager`0`RefreshToolbar`true`7`0`StateToolBar`0`#35`true`#36`true`#17`true`#34`true`#8`false`#37`true`#38`true`0`1`StateExToolBar`0`1`0`#35`0`Checked`false`0`3`FlagsToolBar`0`3`0`#8`0`SWESP`true`SWEH`0`SWEW`0`3`0`#34`0`SWESP`true`SWEH`600`SWEW`800`3`0`#36`0`SWESP`true`SWEH`20`SWEW`380`3`0`State`0`#27`false`#26`false`#28`false`0`3`StateEx`0`0`0`#26`0`0`0`#27`0`1`0`#28`0`Checked`false`0`0`Flags`0`</responseData>
  <responseFile class="java.lang.String"></responseFile>
  <cookies class="java.lang.String">_sn=GXmoeGkdwh1O45lrH7mMIZnLMWvqHkVWiQKqDOICOq1fi95anXYMaCRAX879ujDRD9kS4J75N4kGDX576Q2AKmwZPUBih-4NS80Pc1189OxasEbdAsHiEtIhcnCzZ0zWb5V6QpVraL0TTGU4ktkGZq374g8C0pUBRhKVASKeW21TgUW5eIkswq97I-.qG-kr; _srn=_srn; SWEUAID=SWEUAID</cookies>
  <method class="java.lang.String">POST</method>
  <queryString class="java.lang.String">s_4_2_307_0=N&amp;SWER=65535&amp;s_4_2_308_0=&amp;SWEVI=&amp;SWERowId=&amp;s_4_2_309_0=&amp;SWEC=92&amp;SWEMethod=ExecuteQuery&amp;SWEReqRowId=0&amp;SWERPC=1&amp;SWENeedContext=false&amp;SWEApplet=BT+Numbe+Reservation+Pick+Applet&amp;s_4_1_311_0=&amp;s_4_2_310_0=Blazemeter.Demo&amp;SWEView=Order+Entry+-+Line+Items+Detail+View+%28Sales%29&amp;SWECmd=InvokeMethod&amp;SWEField=s_4_1_44_0&amp;SRN=xK7T2pIB2ZOV15hwlQxQF5reKcoUB8VpMTZr7we8uAEb&amp;SWESP=false&amp;SWEBID=-1&amp;SWETS={{\d+}}&amp;SWEDIC=true&amp;SWEP=2E_BT+Order+Entry+-+Line+Item+List+Applet+%28Sales%299_EditFieldA_3-61EV8BT6B_s_2_2_300_02_91&amp;SWERowIds=SWERowId0%3D3-61EV8AO3%2CSWERowId1%3D3-61EV8BT6</queryString>
  <java.net.URL>http://localhost:8080/ecommunications_enu_nsm_aps05524a027/start.swe</java.net.URL>
</httpSample>
<httpSample t="{{\d+}}" it="0" lt="{{\d+}}" ct="{{\d+}}" ts="{{\d+}}" s="true" lb="{{\d+}} /ecommunications_enu_nsm_aps05524a027/start.swe" rc="200" rm="OK" tn="Thread Group 1-1" dt="text" de="utf-8" by="1645" sby="1427" sc="1" ec="0" ng="1" na="1" hn="{{.*?}}">
  <responseHeader class="java.lang.String">HTTP/1.1 200 OK
Connection: close
Server: Oracle-iPlanet-Web-Server/7.0
Date: Tue, 23 Jun 2020 13:08:05 GMT
Content-Language: en
Cache-Control: private
Content-Type: text/html;charset=utf-8
Matched-Stub-Id: {{\w+-\w+-\w+-\w+-\w+}}
Vary: Accept-Encoding, User-Agent
Content-Encoding: gzip
</responseHeader>
  <requestHeader class="java.lang.String">Connection: close
Referer: http://localhost:8080/ecommunications_enu_nsm_aps05524a027/start.swe?SWECmd=ShowPopupFrames&amp;SWEDIC=1&amp;SWEU=/ecommunications_enu_nsm_aps05524a027/start.swe%3fSWEField%3d%26SWEMethod%3dShowPopup%26SWECmd%3dInvokeMethod%26SWEView%3dBT%2bContact%2bAt%2bView%26SWEC%3d23%26SWEM%3dEdit%2bList%26SRN%3dxK7T2pIB2ZOV15hwlQxQF5reKcoUB8VpMTZr7we8uAEb%26SWEApplet%3dBT%2bContact%2bForm%2bApplet%26SWETA%3dBT%2bISC%2bEdit%2bMMN%2bApplet%26SWESP%3d1%26SRN%3dxK7T2pIB2ZOV15hwlQxQF5reKcoUB8VpMTZr7we8uAEb&amp;SRN=xK7T2pIB2ZOV15hwlQxQF5reKcoUB8VpMTZr7we8uAEb
Accept-Language: en-GB
DNT: 1
Accept-Encoding: gzip, deflate
Accept: image/jpeg, application/x-ms-application, image/gif, application/xaml+xml, image/pjpeg, application/x-ms-xbap, */*
User-Agent: Mozilla/4.0 (compatible; MSIE 7.0; Windows NT 6.3; WOW64; Trident/7.0; .NET4.0E; .NET4.0C; .NET CLR 3.5.30729; .NET CLR 2.0.50727; .NET CLR 3.0.30729)
Host: localhost:8080
</requestHeader>
  <responseData class="java.lang.String">&lt;a id=&quot;SWETopHidden4&quot; href=&quot;javascript:void(0);&quot; tabindex=&quot;0&quot;&gt;&lt;/a&gt;&lt;HTML  OT=&apos;SiebWebPopupWindow&apos;&gt;&lt;head&gt;&lt;title&gt;Select Service Id&lt;/title&gt;&lt;link href=&quot;files/main.css&quot; rel=&quot;stylesheet&quot;/&gt;
&lt;script language=&quot;javascript&quot; src=&quot;23048/scripts/swecommon.js&quot;&gt;&lt;/script&gt; 
&lt;script language=&quot;javascript&quot; src=&quot;23048/scripts/swecmn_hi.js&quot;&gt;&lt;/script&gt; 
&lt;/head&gt;&lt;script language=&quot;javascript&quot; src=&quot;23048/scripts/AppletTitle.js&quot;&gt;&lt;/script&gt;&lt;script language=&quot;javascript&quot; src=&quot;23048/scripts/IeVersion.js&quot;&gt;&lt;/script&gt;&lt;script language=&quot;javascript&quot; src=&quot;23048/scripts/ResizeApplet.js&quot;&gt;&lt;/script&gt;&lt;body bgcolor=&quot;#dedede&quot; topmargin=&quot;0&quot; leftmargin=&quot;0&quot; marginwidth=&quot;0&quot; marginheight=&quot;0&quot; onbeforeunload=&quot;ResizeApplet();&quot;&gt;&lt;form name=&quot;SWEForm4_0&quot; method=&quot;post&quot; action=&quot;/ecommunications_enu_nsm_aps05524a027/start.swe&quot; &gt;
&lt;table datatable=&quot;0&quot; summary=&quot;&quot; width=&quot;100%&quot; cellspacing=&quot;0&quot; cellpadding=&quot;0&quot; border=&quot;0&quot; align=&quot;center&quot;&gt;&lt;tr valign=&quot;top&quot;&gt;&lt;td class=&quot;AppletStylePopup&quot;&gt;&lt;table datatable=&quot;0&quot; summary=&quot;&quot; width=&quot;100%&quot; cellspacing=&quot;0&quot; cellpadding=&quot;0&quot; border=&quot;0&quot; align=&quot;center&quot;&gt;&lt;tr class=&quot;AppletButtons&quot;&gt;&lt;td&gt;&lt;img src=&quot;images/spacer.gif&quot; height=&quot;1&quot; width=&quot;10&quot; alt=&quot;&quot;&gt;&lt;/td&gt;&lt;td colspan=&quot;2&quot;&gt;&lt;table datatable=&quot;0&quot; summary=&quot;&quot; cellpadding=&quot;2&quot; cellspacing=&quot;0&quot; border=&quot;0&quot;&gt;&lt;tr class=&quot;AppletButtons&quot;&gt;&lt;td nowrap&gt;&lt;span id=s_4_1_44_0&gt;&amp;nbsp;&lt;/span&gt;&lt;/td&gt;&lt;td nowrap&gt;&lt;span id=s_4_1_318_0&gt;&amp;nbsp;&lt;/span&gt;&lt;/td&gt;&lt;td nowrap&gt;&lt;span id=s_4_1_319_0&gt;&amp;nbsp;&lt;/span&gt;&lt;/td&gt;&lt;td&gt;&lt;table datatable=&quot;0&quot; summary=&quot;&quot; width=&quot;100%&quot; valign=&quot;top&quot; align=&quot;center&quot; cellpadding=&apos;0&apos; cellspacing=&apos;0&apos; border=&apos;0&apos;&gt;&lt;/table&gt;&lt;/td&gt;&lt;td nowrap&gt;&amp;nbsp;&lt;b&gt;&lt;span id=4_msg&gt;&lt;/span&gt;&lt;/b&gt;&lt;/td&gt;&lt;/tr&gt;&lt;/table&gt;&lt;/td&gt;&lt;td align=&quot;right&quot; width=&quot;100%&quot;&gt;&lt;table datatable=&quot;0&quot; summary=&quot;&quot; cellpadding=&quot;2&quot; cellspacing=&quot;0&quot; border=&quot;0&quot;&gt;&lt;tr class=&quot;AppletButtons&quot;&gt;&lt;td width=&quot;100%&quot;&gt;&lt;img src=&quot;images/spacer.gif&quot; valign=&quot;top&quot; width=&quot;1&quot; height=&quot;1&quot; alt=&quot;&quot;&gt;&lt;/td&gt;&lt;td valign=&quot;middle&quot;&gt;&amp;nbsp;&lt;img src=&quot;images/btn_div.gif&quot; height=&quot;13&quot; align=&quot;middle&quot; alt=&quot;&quot;&gt;&lt;/td&gt;&lt;td valign=&quot;middle&quot; width=&quot;120&quot; nowrap&gt;&amp;nbsp;&lt;span id=s_4_rc&gt;&lt;/span&gt;&amp;nbsp;&lt;/td&gt;&lt;/tr&gt;&lt;/table&gt;&lt;/td&gt;&lt;td valign=&quot;top&quot; align=&quot;right&quot;&gt;&lt;/td&gt;&lt;/tr&gt;&lt;/table&gt;&lt;span id=4_c_err style=&quot;display: none;&quot;&gt;&lt;table datatable=&quot;0&quot; summary=&quot;&quot; class=&quot;AppletBack&quot; width=&quot;100%&quot; cellpadding=&quot;4&quot; cellspacing=&quot;0&quot; border=&quot;0&quot;&gt;&lt;tr&gt;&lt;td class=&quot;error&quot;&gt;&lt;br&gt;&amp;nbsp;&lt;/td&gt;&lt;/tr&gt;&lt;/table&gt;&lt;/span&gt;&lt;div id=&quot;s_4_ld&quot; STYLE=&quot;height:214px&quot;&gt;&lt;div&gt;&lt;/div&gt;&lt;script&gt;SWEWriteObjectTag(this,&apos;&lt;object id=&quot;s_4_l&quot;  CLASSID=&quot;CLSID:a9967980-c623-4092-b952-fcf15f67b8a5&quot; WIDTH=100% HEIGHT=100%&gt;&lt;/OBJECT&gt;&apos;);&lt;/script&gt;&lt;/div&gt;&lt;table datatable=&quot;0&quot; summary=&quot;&quot; width=&quot;100%&quot; cellpadding=&quot;2&quot; cellspacing=&quot;0&quot; border=&quot;0&quot;&gt;&lt;tr class=&quot;AppletBttm&quot;&gt;&lt;td width=&quot;100%&quot;&gt;&lt;img src=&quot;images/spacer.gif&quot; valign=&quot;top&quot; width=&quot;10&quot; height=&quot;20&quot; alt=&quot;&quot;&gt;&lt;/td&gt;&lt;td class=&quot;mceGridLabel&quot; nowrap&gt;&lt;span id=s_4_1_316_0&gt;&amp;nbsp;&lt;/span&gt;&lt;/td&gt;&lt;td nowrap&gt;&lt;span id=s_4_1_320_0&gt;&amp;nbsp;&lt;/span&gt;&lt;/td&gt;&lt;td nowrap&gt;&lt;span id=s_4_1_317_0&gt;&amp;nbsp;&lt;/span&gt;&lt;/td&gt;&lt;td&gt;&lt;img src=&quot;images/spacer.gif&quot; valign=&quot;top&quot; width=&quot;10&quot; height=&quot;20&quot; alt=&quot;&quot;&gt;&lt;/td&gt;&lt;/tr&gt;&lt;/table&gt;&lt;/td&gt;&lt;/tr&gt;&lt;/table&gt;&lt;/form&gt;
&lt;script&gt;

SWEIsHighInteract = true; Top().SWEIsHighInteract = true;
if (typeof(top._samePage) != &apos;undefined&apos; &amp;&amp; top._samePage!=&quot;&quot;) top._samePage = &quot;&quot;;
if (top.opener == null || typeof top.opener.swetop == &apos;unknown&apos; || typeof top.opener.swetop == &apos;undefined&apos;) top._swe._sweapp.S_App.SWECount = 92;
else top.opener.top._swe._sweapp.S_App.SWECount = 92;
g_bInitialized = true;
&lt;/script&gt;
&lt;script for=window event=onunload&gt;
if (top.opener != null &amp;&amp; typeof(top.opener) != &apos;undefined&apos; &amp;&amp; top.opener.top._swe != null &amp;&amp; typeof(top.opener.top._swe) != &apos;undefined&apos; &amp;&amp; top.opener.top._swe._sweapp  != null &amp;&amp; typeof(top.opener.top._swe._sweapp)  != &apos;undefined&apos;) {top.opener.top._swe._sweapp.S_App.SetLayoutUnloaded (&quot;Popup&quot;, &quot;BT Numbe Reservation Pick Applet&quot;);}
if ( top._sweapp.cmdInit == true ) {  top._sweapp.S_CmdMgr.Enable(1);}
&lt;/script&gt;
&lt;script for=window event=onload&gt;
top.document.title=&quot;Select Service Id&quot;;
top.opener.top._swe._sweapp.S_App.SetLayoutLoaded (&quot;Popup&quot;, &quot;BT Numbe Reservation Pick Applet&quot;, window);
if ( top._sweapp.cmdInit == true ) {  top._sweapp.S_CmdMgr.Enable(1);}
&lt;/script&gt;
&lt;/body&gt;&lt;/html&gt;&lt;a id=&quot;SWEBottomHidden4&quot; href=&quot;javascript:void(0);&quot; tabindex=&quot;999&quot; onfocus=&quot;document.getElementById(&apos;SWETopHidden4&apos;).focus();&quot;&gt;&lt;/a&gt;</responseData>
  <responseFile class="java.lang.String"></responseFile>
  <cookies class="java.lang.String">_sn=GXmoeGkdwh1O45lrH7mMIZnLMWvqHkVWiQKqDOICOq1fi95anXYMaCRAX879ujDRD9kS4J75N4kGDX576Q2AKmwZPUBih-4NS80Pc1189OxasEbdAsHiEtIhcnCzZ0zWb5V6QpVraL0TTGU4ktkGZq374g8C0pUBRhKVASKeW21TgUW5eIkswq97I-.qG-kr; _srn=_srn; SWEUAID=SWEUAID</cookies>
  <method class="java.lang.String">GET</method>
  <queryString class="java.lang.String"></queryString>
  <java.net.URL>http://localhost:8080/ecommunications_enu_nsm_aps05524a027/start.swe?SWECmd=GetCachedFrame&amp;SWEC=92&amp;SWEFrame=top._sweclient._swecontent._sweview._swetmp&amp;SRN=xK7T2pIB2ZOV15hwlQxQF5reKcoUB8VpMTZr7we8uAEb&amp;SWESP=1&amp;SRN=xK7T2pIB2ZOV15hwlQxQF5reKcoUB8VpMTZr7we8uAEb</java.net.URL>
</httpSample>
<httpSample t="{{\d+}}" it="0" lt="{{\d+}}" ct="{{\d+}}" ts="{{\d+}}" s="true" lb="{{\d+}} /ecommunications_enu_nsm_aps05524a027/start.swe" rc="200" rm="OK" tn="Thread Group 1-1" dt="text" de="utf-8" by="968" sby="978" sc="1" ec="0" ng="1" na="1" hn="{{.*?}}">
  <responseHeader class="java.lang.String">HTTP/1.1 200 OK
Connection: close
Server: Oracle-iPlanet-Web-Server/7.0
Date: Tue, 23 Jun 2020 13:08:05 GMT
Content-Language: en
Cache-Control: no-cache
Swerpc: true
Content-Type: text/html;charset=utf-8
Connection: close
Matched-Stub-Id: {{\w+-\w+-\w+-\w+-\w+}}
Vary: Accept-Encoding, User-Agent
</responseHeader>
  <requestHeader class="java.lang.String">Connection: close
Content-Type: application/x-www-form-urlencoded
DNT: 1
Accept-Encoding: deflate
Pragma: no-cache
User-Agent: Mozilla/4.0 (compatible; MSIE 7.0; Windows NT 6.3; WOW64; Trident/7.0; .NET4.0E; .NET4.0C; .NET CLR 3.5.30729; .NET CLR 2.0.50727; .NET CLR 3.0.30729)
Accept: text/html, image/gif, image/jpeg, *; q=.2, */*; q=.2
Content-Length: 290
Host: localhost:8080
</requestHeader>
  <responseData class="java.lang.String">@0`1`4`2``0`UC`1`Status`OK`SWEC`93`SRN`xK7T2pIB2ZOV15hwlQxQF5reKcoUB8VpMTZr7we8uAEb`8`0`ResultSet`0`Retain Number`Y`ServiceId``Contactemail``Reuse Number`Y`EmailRetained``Import OLO Number`Y`SPSubStatus`undefined`Hide NumRev Applet`N`1`6`Command Manager`0`RefreshToolbar`true`7`0`StateToolBar`0`#35`true`#36`true`#17`true`#34`true`#8`false`#37`true`#38`true`0`1`StateExToolBar`0`1`0`#35`0`Checked`false`0`3`FlagsToolBar`0`3`0`#8`0`SWESP`true`SWEH`0`SWEW`0`3`0`#34`0`SWESP`true`SWEH`600`SWEW`800`3`0`#36`0`SWESP`true`SWEH`20`SWEW`380`3`0`State`0`#27`false`#26`false`#28`false`0`3`StateEx`0`0`0`#26`0`0`0`#27`0`1`0`#28`0`Checked`false`0`0`Flags`0`</responseData>
  <responseFile class="java.lang.String"></responseFile>
  <cookies class="java.lang.String">_sn=GXmoeGkdwh1O45lrH7mMIZnLMWvqHkVWiQKqDOICOq1fi95anXYMaCRAX879ujDRD9kS4J75N4kGDX576Q2AKmwZPUBih-4NS80Pc1189OxasEbdAsHiEtIhcnCzZ0zWb5V6QpVraL0TTGU4ktkGZq374g8C0pUBRhKVASKeW21TgUW5eIkswq97I-.qG-kr; _srn=_srn; SWEUAID=SWEUAID</cookies>
  <method class="java.lang.String">POST</method>
  <queryString class="java.lang.String">SWEC=92&amp;SWEMethod=InitProfAttr&amp;SWERPC=1&amp;SWECmd=InvokeMethod&amp;SRN=xK7T2pIB2ZOV15hwlQxQF5reKcoUB8VpMTZr7we8uAEb&amp;SWEIPS=%400*0*4*0*0*3*0*13*OrderHeaderId10*3-61EV8AO320*Asset+Integration+Id15*VOL013-61EV8BT612*Line+Item+Id10*3-61EV8BT621*Header+Order+Sub+Type0*&amp;SWEService=BT+Number+Reservation</queryString>
  <java.net.URL>http://localhost:8080/ecommunications_enu_nsm_aps05524a027/start.swe</java.net.URL>
</httpSample>
<httpSample t="{{\d+}}" it="0" lt="{{\d+}}" ct="{{\d+}}" ts="{{\d+}}" s="true" lb="{{\d+}} /ecommunications_enu_nsm_aps05524a027/start.swe" rc="200" rm="OK" tn="Thread Group 1-1" dt="text" de="utf-8" by="8027" sby="1191" sc="1" ec="0" ng="1" na="1" hn="{{.*?}}">
  <responseHeader class="java.lang.String">HTTP/1.1 200 OK
Connection: close
Server: Oracle-iPlanet-Web-Server/7.0
Date: Tue, 23 Jun 2020 13:08:16 GMT
Content-Language: en
Cache-Control: no-cache
Swerpc: true
Content-Type: text/html;charset=utf-8
Connection: close
Matched-Stub-Id: {{\w+-\w+-\w+-\w+-\w+}}
Vary: Accept-Encoding, User-Agent
</responseHeader>
  <requestHeader class="java.lang.String">Connection: close
Content-Type: application/x-www-form-urlencoded
DNT: 1
Accept-Encoding: deflate
Pragma: no-cache
User-Agent: Mozilla/4.0 (compatible; MSIE 7.0; Windows NT 6.3; WOW64; Trident/7.0; .NET4.0E; .NET4.0C; .NET CLR 3.5.30729; .NET CLR 2.0.50727; .NET CLR 3.0.30729)
Accept: text/html, image/gif, image/jpeg, *; q=.2, */*; q=.2
Content-Length: 503
Host: localhost:8080
</requestHeader>
  <responseData class="java.lang.String">@0`1`4`2``0`UC`1`Status`ClosePopup`SWEC`93`SRN`xK7T2pIB2ZOV15hwlQxQF5reKcoUB8VpMTZr7we8uAEb`0`52`Notifications`0`2`0``0`OP`bn`bc`S_BC2`7`0``0`br`0`ArgsArray`46*BT Order Entry - Line Item List Applet (Sales)14**QueryComboBox1*?14**QuerySrchSpec1*?13**HTML Hidden21*?`size`16`cr`0`OP`g`bc`S_BC2`type`SWEIPrivFlds`8`0``0`br`0`ar`6`size`16`index`6`cr`6`OP`dw`bc`S_BC2`nr`1`8`0``0`br`0`ar`6`size`16`index`5`cr`6`OP`dw`bc`S_BC2`nr`1`8`0``0`br`0`ar`6`size`16`index`4`cr`6`OP`dw`bc`S_BC2`nr`1`8`0``0`br`0`ar`6`size`16`index`3`cr`6`OP`dw`bc`S_BC2`nr`1`8`0``0`br`0`ar`6`size`16`index`2`cr`6`OP`dw`bc`S_BC2`nr`1`8`0``0`br`0`ar`6`size`16`index`1`cr`6`OP`dw`bc`S_BC2`nr`1`8`0``0`br`0`ar`6`size`16`index`0`cr`6`OP`dw`bc`S_BC2`nr`1`8`0``0`br`0`value`0`ar`-1`state`bExecuted`size`16`cr`6`OP`sc`bc`S_BC2`8`0``0`br`0`value`1`ar`-1`state`bExecuted`size`16`cr`6`OP`sc`bc`S_BC2`8`0``0`br`0`srt`Line Number`s`[Order Header Id] = &quot;3-61EV8AO3&quot;`ar`-1`size`16`cr`6`OP`e`bc`S_BC2`7`1``0`br`0`ar`-1`size`16`index`0`cr`6`OP`iw`bc`S_BC2`1`0`FieldValues`0`ValueArray`0*0*11*In-Progress7*Pending0*2*OF8*S01546530*0*9*Promotion0*10*3-61EV8AO30*1*10*1*15*Blank22*BB UN BB 15GB  (31.50)4*31.53*GBP10*06/23/20200*0*0*10*3-61EV8C9M22*Monthly/Quarterly Bill19*06/23/2020 14:02:520*0*3*Add7*Pending11*In-Progress0*0*1*19*Per Month0*0*0*0*10*Blazemeter0*7*Default1*N0*0*0*0*0*0*0*0*0*0*0*0*15*VOL013-61EV8BLC0*0*0*0*0*1*N1*01*10*0*0*0*0*0*0*0*4*Demo1*N1*N1*N19*06/23/2020 14:02:521*N0*0*0*4*31.51*Y0*0*0*0*0*4*Good10*3-61EV8BLC1*01*N1*N`7`1``0`br`0`ar`-1`size`16`index`1`cr`6`OP`iw`bc`S_BC2`1`0`FieldValues`0`ValueArray`0*15*VOL013-61EV8BLC11*In-Progress7*Pending0*2*DF8*S01554490*0*7*Product0*10*3-61EV8AO30*1*10*1*25*Blank35*BT Home Hub 2.0 (Not for new sales)2*463*GBP10*06/23/20200*0*0*10*3-61EV8C9M17*Credit/Debit Card19*06/23/2020 14:02:520*0*3*Add7*Pending11*In-Progress0*0*1*14*Each0*0*0*0*10*Blazemeter0*7*Default1*N0*12*Out Of Stock7*FY3 9QX0*0*0*0*0*0*0*0*0*15*VOL013-61EV8BLE0*0*0*0*41*169, Preston Old Road, Blackpool, FY3 9QX1*N1*01*10*13*NotApplicable0*0*0*0*0*0*4*Demo1*N1*N1*Y19*06/23/2020 14:02:521*N0*0*0*2*461*Y0*0*0*0*0*4*Good10*3-61EV8BLE1*01*N1*N`7`1``0`br`0`ar`-1`size`16`index`2`cr`6`OP`iw`bc`S_BC2`1`0`FieldValues`0`ValueArray`0*15*VOL013-61EV8BLC11*In-Progress7*Pending0*2*DF8*S01554510*0*7*Product0*10*3-61EV8AO30*1*10*1*35*Blank19*Hub Phone 2.1 Black4*40.93*GBP10*06/23/20200*0*0*10*3-61EV8C9M17*Credit/Debit Card19*06/23/2020 14:02:520*0*3*Add7*Pending11*In-Progress0*0*1*14*Each0*0*0*0*10*Blazemeter0*7*Default1*N0*12*Out Of Stock7*FY3 9QX0*0*0*0*0*0*0*0*0*15*VOL013-61EV8BLY0*0*0*0*41*169, Preston Old Road, Blackpool, FY3 9QX1*N1*01*10*13*NotApplicable0*0*0*0*0*0*4*Demo1*N1*N1*Y19*06/23/2020 14:02:521*N0*0*0*4*40.91*Y0*0*0*0*0*4*Good10*3-61EV8BLY1*01*N1*N`7`1``0`br`0`ar`-1`size`16`index`3`cr`6`OP`iw`bc`S_BC2`1`0`FieldValues`0`ValueArray`0*15*VOL013-61EV8BLC11*In-Progress7*Pending0*2*OF8*S01546740*0*7*Product0*10*3-61EV8AO30*1*10*1*45*Blank70*DISCOUNT BB AQ BB Unltd (36.00) GBP 4.80 off for 3mnths 18mnths cntrct4*-4.83*GBP10*06/23/20200*0*0*10*3-61EV8C9M22*Monthly/Quarterly Bill19*06/23/2020 14:02:520*0*3*Add7*Pending11*In-Progress0*0*1*19*Per Month0*0*0*0*10*Blazemeter0*7*Default1*N0*12*Out Of Stock0*0*0*0*0*0*0*0*0*0*15*VOL013-61EV8BMI0*0*0*0*0*1*N1*01*10*0*0*0*0*0*0*0*4*Demo1*N1*N1*N19*06/23/2020 14:02:521*N0*0*0*4*-4.81*Y0*0*0*0*0*4*Good10*3-61EV8BMI1*01*N1*N`7`1``0`br`0`ar`-1`size`16`index`4`cr`6`OP`iw`bc`S_BC2`1`0`FieldValues`0`ValueArray`8*Standard15*VOL013-61EV8BLC11*In-Progress7*Pending0*2*OF8*S01546900*0*7*Product0*10*3-61EV8AO30*1*10*1*55*Blank65*Contract BB AQ BB Unltd (36.00) GBP off for 3mnths 18mnths cntrct1*03*GBP10*06/23/20200*0*0*10*3-61EV8C9M22*Monthly/Quarterly Bill19*06/23/2020 14:02:520*0*3*Add7*Pending11*In-Progress0*0*1*19*Per Month0*0*0*0*10*Blazemeter0*7*Default1*N0*12*Out Of Stock0*0*0*0*0*0*0*0*0*0*15*VOL013-61EV8BN30*0*0*0*0*1*N1*01*10*0*0*0*0*0*0*0*4*Demo1*N1*N1*N19*06/23/2020 14:02:521*N0*0*0*1*01*Y0*0*0*0*0*4*Good10*3-61EV8BN31*01*N1*N`7`1``0`br`0`ar`-1`size`16`index`5`cr`6`OP`iw`bc`S_BC2`1`0`FieldValues`0`ValueArray`0*15*VOL013-61EV8BLC11*In-Progress7*Pending0*5*OTHER8*S01458680*0*7*Product0*10*3-61EV8AO30*1*10*1*65*Blank17*BB Access Service1*03*GBP10*06/23/202010*3-61EV8AO811*012123456780*10*3-61EV8C9M22*Monthly/Quarterly Bill19*06/23/2020 14:02:520*0*3*Add7*Pending11*In-Progress0*0*1*19*Per Month0*24*1st line/no prev service0*0*10*Blazemeter0*7*Default1*N0*0*0*0*0*0*0*0*0*0*0*0*15*VOL013-61EV8BNQ0*0*0*7*FY3 9QX0*1*N1*01*10*0*0*0*0*0*0*0*4*Demo1*N1*N1*N19*06/23/2020 14:02:521*N0*0*0*1*01*Y0*0*0*0*0*4*Good10*3-61EV8BNQ1*01*Y1*N`7`1``0`br`0`ar`-1`size`16`index`6`cr`6`OP`iw`bc`S_BC2`1`0`FieldValues`0`ValueArray`0*15*VOL013-61EV8BLC11*In-Progress7*Pending0*5*OTHER8*S01458690*0*7*Product0*10*3-61EV8AO30*1*10*1*75*Blank11*ISP Service1*03*GBP10*06/23/20200*13*oneview.cisp10*10*3-61EV8C9M22*Monthly/Quarterly Bill19*06/23/2020 14:02:520*0*3*Add7*Pending11*In-Progress0*0*1*19*Per Month0*0*0*0*10*Blazemeter0*7*Default1*N0*0*0*0*0*0*0*0*0*0*0*0*15*VOL013-61EV8BT60*0*0*7*FY3 9QX0*1*N1*01*10*0*0*0*0*0*0*0*4*Demo1*N1*N1*N19*06/23/2020 14:02:521*N0*0*0*1*01*Y0*0*0*0*0*4*Good10*3-61EV8BT61*11*Y1*N`7`1``0`br`0`ar`-1`size`16`index`7`cr`6`OP`iw`bc`S_BC2`1`0`FieldValues`0`ValueArray`0*0*0*0*0*0*0*0*0*0*0*0*0*0*0*0*0*0*0*0*0*0*0*0*0*0*0*0*0*0*0*0*0*0*0*0*0*0*0*0*0*0*0*0*0*0*0*0*0*0*0*0*0*0*0*0*0*0*0*0*0*0*0*0*0*0*0*0*0*0*0*0*0*0*0*0*0*0*0*0*0*0*0*0*0*0*0*0*0*0*0*0*0*0*`8`0``0`br`0`ar`-1`size`16`index`7`cr`6`OP`dw`bc`S_BC2`nr`1`8`0``0`br`0`value`0`ar`0`state`activeRow`size`16`cr`6`OP`sc`bc`S_BC2`8`0``0`br`0`value`1`ar`0`state`cr`size`16`cr`0`OP`sc`bc`S_BC2`6`0``0`br`0`ar`0`size`16`cr`0`OP`nd`bc`S_BC2`8`0``0`br`0`value`0`ar`0`state`activeRow`size`16`cr`0`OP`sc`bc`S_BC2`6`0``0`br`0`ar`0`size`16`cr`0`OP`nd`bc`S_BC2`7`0``0`bSelected`false`br`0`ar`0`size`16`cr`0`OP`ns`bc`S_BC2`8`0``0`br`0`value`2`ar`1`state`cr`size`16`cr`0`OP`sc`bc`S_BC2`6`0``0`br`0`ar`1`size`16`cr`0`OP`nar`bc`S_BC2`7`0``0`bSelected`true`br`0`ar`1`size`16`cr`0`OP`ns`bc`S_BC2`7`0``0`bSelected`false`br`0`ar`1`size`16`cr`0`OP`ns`bc`S_BC2`8`0``0`br`0`value`3`ar`2`state`cr`size`16`cr`0`OP`sc`bc`S_BC2`6`0``0`br`0`ar`2`size`16`cr`0`OP`nar`bc`S_BC2`7`0``0`bSelected`true`br`0`ar`2`size`16`cr`0`OP`ns`bc`S_BC2`7`0``0`bSelected`false`br`0`ar`2`size`16`cr`0`OP`ns`bc`S_BC2`8`0``0`br`0`value`4`ar`3`state`cr`size`16`cr`0`OP`sc`bc`S_BC2`6`0``0`br`0`ar`3`size`16`cr`0`OP`nar`bc`S_BC2`7`0``0`bSelected`true`br`0`ar`3`size`16`cr`0`OP`ns`bc`S_BC2`7`0``0`bSelected`false`br`0`ar`3`size`16`cr`0`OP`ns`bc`S_BC2`8`0``0`br`0`value`5`ar`4`state`cr`size`16`cr`0`OP`sc`bc`S_BC2`6`0``0`br`0`ar`4`size`16`cr`0`OP`nar`bc`S_BC2`7`0``0`bSelected`true`br`0`ar`4`size`16`cr`0`OP`ns`bc`S_BC2`7`0``0`bSelected`false`br`0`ar`4`size`16`cr`0`OP`ns`bc`S_BC2`8`0``0`br`0`value`6`ar`5`state`cr`size`16`cr`0`OP`sc`bc`S_BC2`6`0``0`br`0`ar`5`size`16`cr`0`OP`nar`bc`S_BC2`7`0``0`bSelected`true`br`0`ar`5`size`16`cr`0`OP`ns`bc`S_BC2`7`0``0`bSelected`false`br`0`ar`5`size`16`cr`0`OP`ns`bc`S_BC2`8`0``0`br`0`value`7`ar`6`state`cr`size`16`cr`0`OP`sc`bc`S_BC2`6`0``0`br`0`ar`6`size`16`cr`0`OP`nar`bc`S_BC2`7`0``0`bSelected`true`br`0`ar`6`size`16`cr`0`OP`ns`bc`S_BC2`8`0``0`br`0`ArgsArray`46*BT Order Entry - Line Item List Applet (Sales)`ar`6`size`16`cr`0`OP`g`bc`S_BC2`type`ClosePopup`2`0``0`OP`en`bc`S_BC2`1`6`Command Manager`0`RefreshToolbar`true`7`0`StateToolBar`0`#35`true`#36`true`#17`true`#34`true`#8`false`#37`true`#38`true`0`1`StateExToolBar`0`1`0`#35`0`Checked`false`0`3`FlagsToolBar`0`3`0`#8`0`SWESP`true`SWEH`0`SWEW`0`3`0`#34`0`SWESP`true`SWEH`600`SWEW`800`3`0`#36`0`SWESP`true`SWEH`20`SWEW`380`3`0`State`0`#27`false`#26`false`#28`false`0`3`StateEx`0`0`0`#26`0`0`0`#27`0`1`0`#28`0`Checked`false`0`0`Flags`0`</responseData>
  <responseFile class="java.lang.String"></responseFile>
  <cookies class="java.lang.String">_sn=GXmoeGkdwh1O45lrH7mMIZnLMWvqHkVWiQKqDOICOq1fi95anXYMaCRAX879ujDRD9kS4J75N4kGDX576Q2AKmwZPUBih-4NS80Pc1189OxasEbdAsHiEtIhcnCzZ0zWb5V6QpVraL0TTGU4ktkGZq374g8C0pUBRhKVASKeW21TgUW5eIkswq97I-.qG-kr; _srn=_srn; SWEUAID=SWEUAID</cookies>
  <method class="java.lang.String">POST</method>
  <queryString class="java.lang.String">SWER=0&amp;SWEVI=&amp;SWERowId=VRId-0&amp;SWEC=93&amp;SWEMethod=PickRecord&amp;SWEReqRowId=1&amp;SWERPC=1&amp;SWENeedContext=false&amp;SWEApplet=BT+Numbe+Reservation+Pick+Applet&amp;SWEView=Order+Entry+-+Line+Items+Detail+View+%28Sales%29&amp;SWECmd=InvokeMethod&amp;SWEField=s_4_1_320_0&amp;SRN=xK7T2pIB2ZOV15hwlQxQF5reKcoUB8VpMTZr7we8uAEb&amp;SWESP=false&amp;SWEBID=-1&amp;SWETS={{\d+}}&amp;SWEDIC=true&amp;SWEP=2E_BT+Order+Entry+-+Line+Item+List+Applet+%28Sales%299_EditFieldA_3-61EV8BT6B_s_2_2_300_12_92&amp;SWERowIds=SWERowId0%3D3-61EV8AO3%2CSWERowId1%3D3-61EV8BT6</queryString>
  <java.net.URL>http://localhost:8080/ecommunications_enu_nsm_aps05524a027/start.swe</java.net.URL>
</httpSample>
<httpSample t="{{\d+}}" it="0" lt="{{\d+}}" ct="{{\d+}}" ts="{{\d+}}" s="true" lb="{{\d+}} /ecommunications_enu_nsm_aps05524a027/start.swe" rc="200" rm="OK" tn="Thread Group 1-1" dt="text" de="utf-8" by="39584" sby="1018" sc="1" ec="0" ng="1" na="1" hn="{{.*?}}">
  <responseHeader class="java.lang.String">HTTP/1.1 200 OK
Connection: close
Server: Oracle-iPlanet-Web-Server/7.0
Date: Tue, 23 Jun 2020 13:08:44 GMT
Content-Language: en
Cache-Control: no-cache
Swerpc: true
Content-Type: text/html;charset=utf-8
Matched-Stub-Id: {{\w+-\w+-\w+-\w+-\w+}}
Vary: Accept-Encoding, User-Agent
</responseHeader>
  <requestHeader class="java.lang.String">Connection: close
Content-Type: application/x-www-form-urlencoded
DNT: 1
Accept-Encoding: deflate
Pragma: no-cache
User-Agent: Mozilla/4.0 (compatible; MSIE 7.0; Windows NT 6.3; WOW64; Trident/7.0; .NET4.0E; .NET4.0C; .NET CLR 3.5.30729; .NET CLR 2.0.50727; .NET CLR 3.0.30729)
Accept: text/html, image/gif, image/jpeg, *; q=.2, */*; q=.2
Content-Length: 330
Host: localhost:8080
</requestHeader>
  <responseData class="java.lang.String">@0`1`7`3``0`Target`top._sweclient._swecontent._sweview`UC`1`ViewId``Status`NewLayout`View`Order Ship To View (Sales)`SWEC`94`SRN`xK7T2pIB2ZOV15hwlQxQF5reKcoUB8VpMTZr7we8uAEb`0`4`api`0`2`0`sc`0`rqc`94`v`6*Verify10*Drop Order35*Drop the order in the shopping cart10*Get Status9*GetStatus23*Weighted order priority33*BT FS PickList InvLoc OrdPriority12*BPopupVerify16*Shipment Details15*Ship to Address21*Sub Premise, Building23*BT Address Premise Calc25*PickList Carrier Priority12*Ship to Site22*Ship to Address Line 221*Street Number, Street22*BT Address Street Calc13*Charging Type12*Carrier Type19*Ship To - Last Name31*1 or more last names to ship to12*Ship to City20*Primary Ship To City13*Ship to State21*Primary Ship To State14*Delivery Terms22*PickList Freight Terms20*Ship To - First Name32*1 or more first names to ship to3*Zip27*Primary Ship To Postal Code23*Primary Ship To Country13*Ship Complete17*Delivery Complete17*Ship Instrustions35*Delivery Instructions (max 40 char)18*BT Address Confirm15*Address Confirm17*Pack Instructions11*ToggeLayout15*Tax Exempt Code5*Phone25*Transit to Address Line 215*BSpreadDiscount15*Spread Discount18*BtnCalcShipCharges16*Shipping and Tax12*CallShipping25*MonthlyChargesFormSection15*MONTHLY CHARGES23*EquipInstallFormSection32*EQUIPMENT &amp; INSTALLATION CHARGES19*TotalDueFormSection13*TOTAL DUE NOW14*Item Total MRC34*Current Order Total Base Price MRC14*Item Total NRC34*Current Order Total Base Price NRC13*Total Net NRC9*Total NRC23*Total Item Discount MRC37*Current Order Total Item Discount MRC23*Total Item Discount NRC37*Current Order Total Item Discount NRC8*Shipping7*Freight13*AdjustmentMRC14*Adjustment MRC19*Discount Amount MRC13*AdjustmentNRC14*Adjustment NRC13*SISOM_TaxRate8*Tax Rate14*SalesTaxAmount3*Tax13*Net Total MRC13*Net Total NRC10*OrderTotal7*NRC Tax32*NRC Current Order Total Item Tax11*NRC Freight13*RefreshRecord14*TaxCalculation19*ExplicitWriteRecord23*CalculateShippingAndTax7*MRC Tax11*MRC Freight12*SalesTaxRate14*BRefreshRecord17*BtnCalculateTaxes13*OrderSubTotal12*Services Net17*LabelProductTotal27*Total Line Discount Percent9*ItemTotal13*Product Total14*Training Total12*ItemDiscount14*DiscountAmount18*LabelProductTotal214*DiscountReason14*TotalListPrice17*TotalCurrentPrice7*Ship To`0`1`nbo`0`2`1`boi`3``n`Order Entry (Sales)`z``0`1`nbc`0`3`2`bci`3`S_BC1`n`Order Entry - Orders`shd`27*Order_Entry__Orders_BusComp61*srf1592409810_444/bscripts/all/buscomp_order_entry__orders.js`sh`1574`0`54`fl`0`9`0`f`0`itx`1`n`158`sc`0`irq`1`l`30`crf`215`dft`5`t`220`dn`159`9`0`f`0`itx`1`n`100`sc`0`l`100`ibp`1`crf`215`dft`5`t`220`dn`100`9`0`f`0`itx`1`n`208`sc`0`l`100`ibp`1`crf`215`dft`5`t`220`dn`208`10`0`f`0`n`1375`sc`2`icl`1`inm`1`l`25`crf`1027`dft`5`iro`1`t`221`dn`1375`11`0`f`0`itx`1`n`751`sc`0`ipc`1`irq`1`l`20`ibp`1`crf`215`dft`5`t`220`dn`751`7`0`f`0`n`1028`sc`0`l`32`crf`215`dft`5`t`219`dn`1028`8`0`f`0`n`1376`sc`0`inm`1`l`16`crf`215`dft`5`t`1306`dn`1376`10`0`f`0`itx`1`n`165`sc`0`ipc`1`l`50`ibp`1`crf`215`dft`5`t`220`dn`119`9`0`f`0`itx`1`n`134`sc`0`l`50`ibp`1`crf`215`dft`5`t`220`dn`314`10`0`f`0`n`145`sc`0`irq`1`l`32`crf`215`dft`5`ihn`1`iro`1`t`226`dn`145`9`0`f`0`itx`1`n`135`sc`0`l`50`crf`215`dft`5`iro`1`t`220`dn`313`8`0`f`0`n`1386`sc`0`ipc`1`l`32`crf`215`dft`1885`t`226`dn`1710`9`0`f`0`n`1388`sc`7`ipc`1`inm`1`l`18`crf`215`dft`5`t`1029`dn`1388`8`0`f`0`itx`1`n`121`sc`0`l`255`crf`215`dft`5`t`220`dn`121`9`0`f`0`itx`1`n`888`sc`0`l`100`ibp`1`crf`215`dft`5`t`220`dn`888`8`0`f`0`n`162`sc`0`ipc`1`l`32`crf`215`dft`1024`t`226`dn`162`7`0`f`0`n`1392`sc`0`l`32`crf`215`dft`1024`t`226`dn`1393`10`0`f`0`itx`1`n`1397`sc`0`icl`1`l`255`crf`215`dft`5`iro`1`t`220`dn`1396`8`0`f`0`itx`1`n`1399`sc`0`l`1`crf`215`dft`5`t`218`dn`1398`8`0`f`0`itx`1`n`1401`sc`0`l`100`crf`215`dft`5`t`220`dn`1401`8`0`f`0`itx`1`n`1450`sc`0`l`1`crf`215`dft`5`t`218`dn`1450`9`0`f`0`itx`1`n`1404`sc`0`l`30`ibp`1`crf`215`dft`5`t`220`dn`1403`10`0`f`0`n`1407`sc`2`icl`1`inm`1`l`25`crf`1027`dft`5`iro`1`t`221`dn`3079`9`0`f`0`itx`1`n`166`sc`0`l`30`ibp`1`crf`215`dft`5`t`220`dn`166`10`0`f`0`n`1409`sc`2`icl`1`inm`1`l`25`crf`1027`dft`5`iro`1`t`221`dn`3063`10`0`f`0`itx`1`n`1764`sc`0`ipc`1`l`30`ibp`1`crf`215`dft`5`t`220`dn`1764`8`0`f`0`itx`1`n`1768`sc`0`l`15`crf`215`dft`5`t`214`dn`1768`10`0`f`0`itx`1`n`3015`sc`0`icl`1`l`255`crf`215`dft`5`iro`1`t`220`dn`3014`10`0`f`0`itx`1`n`1999`sc`0`ipc`1`l`30`ibp`1`crf`215`dft`5`t`220`dn`1998`9`0`f`0`itx`1`n`2092`sc`0`l`50`crf`215`dft`5`iro`1`t`220`dn`1377`10`0`f`0`itx`1`n`3020`sc`0`icl`1`l`255`crf`215`dft`5`iro`1`t`220`dn`3019`10`0`f`0`itx`1`n`3022`sc`0`ipc`1`l`30`ibp`1`crf`215`dft`5`t`220`dn`3021`8`0`f`0`itx`1`n`3023`sc`0`l`50`crf`215`dft`5`t`220`dn`314`9`0`f`0`itx`1`n`3026`sc`0`l`50`crf`215`dft`5`iro`1`t`220`dn`297`9`0`f`0`itx`1`n`3028`sc`0`l`10`ibp`1`crf`215`dft`5`t`220`dn`570`10`0`f`0`itx`1`n`1512`sc`0`ipc`1`l`30`ibp`1`crf`215`dft`5`t`220`dn`3029`8`0`f`0`itx`1`n`3031`sc`0`l`50`crf`215`dft`5`t`220`dn`313`8`0`f`0`itx`1`n`3034`sc`0`l`30`crf`215`dft`5`t`220`dn`572`9`0`f`0`itx`1`n`3035`sc`0`l`30`ibp`1`crf`215`dft`5`t`220`dn`584`9`0`f`0`itx`1`n`1541`sc`0`ipc`1`l`1`crf`215`dft`5`t`218`dn`3037`9`0`f`0`itx`1`n`1752`sc`0`ipc`1`l`250`crf`215`dft`5`t`220`dn`1751`8`0`f`0`itx`1`n`3040`sc`0`l`1`crf`215`dft`5`t`218`dn`3041`10`0`f`0`n`3059`sc`2`icl`1`inm`1`l`25`crf`1027`dft`5`iro`1`t`221`dn`3058`11`0`f`0`n`3061`sc`2`icl`1`ipc`1`inm`1`l`25`crf`1027`dft`5`iro`1`t`221`dn`3060`10`0`f`0`n`3065`sc`2`icl`1`inm`1`l`25`crf`1027`dft`5`iro`1`t`221`dn`3064`10`0`f`0`n`3067`sc`2`icl`1`inm`1`l`25`crf`1027`dft`5`iro`1`t`221`dn`3066`9`0`f`0`n`3069`sc`7`ipc`1`inm`1`l`25`crf`1027`dft`5`t`221`dn`3068`9`0`f`0`n`3072`sc`2`ipc`1`inm`1`l`25`crf`1027`dft`5`t`221`dn`3071`9`0`f`0`n`1499`sc`7`ipc`1`inm`1`l`25`crf`1027`dft`5`t`221`dn`3074`9`0`f`0`n`3076`sc`2`ipc`1`inm`1`l`18`crf`215`dft`5`t`1029`dn`3076`9`0`f`0`n`1553`sc`7`ipc`1`inm`1`l`25`crf`1027`dft`5`t`221`dn`3078`10`0`f`0`n`3083`sc`2`icl`1`inm`1`l`25`crf`1027`dft`5`iro`1`t`221`dn`3083`10`0`f`0`n`3084`sc`2`icl`1`inm`1`l`25`crf`1027`dft`5`iro`1`t`221`dn`3084`11`0`f`0`itx`1`n`183`sc`0`irq`1`l`15`crf`215`dft`5`ihn`1`iro`1`t`214`dn`183`3`2`rl`0`crnm`1`nmr`1`atr`0`2`0`r`0`v`19*VOL013-47326074854715*Blazemeter Demo0*4*86.93*GBP10*06/23/20201*111*Sales Order4*Demo19*06/23/2020 14:02:5210*Blazemeter19*06/24/2020 00:00:000*0*15*Blazemeter Demo19*06/23/2020 14:02:5219*06/23/2020 14:02:520*1*N10*3-61EV8AO31*Y0*4*26.73*Low4*86.97*Default0*2*, 8*Standard0*21*169, Preston Old Road4*Free4*Demo9*Blackpool0*0*10*Blazemeter7*FY3 9QX14*United Kingdom1*N34*Leave out of sight and under cover1*Y4*26.74*86.91*01*00*0*0*0*0*1*01*010*3-61EV8AO3`i`3-61EV8AO3`1`0`tr`0`v``1`1`nv`0`imv`1`6`5`vi`3``vt`STANDARD`ich`0`n`Order Ship To View (Sales)`pu`http://localhost:8080/ecommunications_enu_nsm_aps05524a027/start.swe`tt`Shipment`tb`&lt;span id=&apos;s_tb&apos;&gt;&lt;table datatable=&quot;0&quot; summary=&quot;&quot; cellpadding=&quot;0&quot; cellspacing=&quot;0&quot; border=&quot;0&quot;&gt;&lt;tr&gt;&lt;td&gt;&lt;span class=&quot;threadbar&quot;&gt;&lt;a href=&apos;JavaScript:{App().GotoView(&quot;Sales Order-Browse Catalog View&quot;, &quot;&quot;, &quot;/ecommunications_enu_nsm_aps05524a027/start.swe?SWENeedContext=false&amp;SWECmd=GotoBookmarkView&amp;SWEBMC=48&amp;SWEC=94&amp;SWEBID=-1&amp;SRN=xK7T2pIB2ZOV15hwlQxQF5reKcoUB8VpMTZr7we8uAEb&amp;SWETS=&amp;SWEKeepContext=1&quot;, window);void(0)}&apos; &gt;&lt;nobr&gt;Catalog:&lt;/nobr&gt;&lt;/a&gt;&lt;/span&gt;&lt;/td&gt;&lt;td&gt;&lt;img src=&quot;images/spacer.gif&quot; width=&quot;5&quot; height=&quot;1&quot; alt=&quot;&quot;&gt;&lt;/td&gt;&lt;td&gt;&lt;span class=&quot;threadbardiv&quot;&gt;&amp;nbsp;&amp;gt;&amp;nbsp;&lt;/span&gt;&lt;/td&gt;&lt;td&gt;&lt;span class=&quot;threadbar&quot;&gt;&lt;a href=&apos;JavaScript:{App().GotoView(&quot;Sales Order-Browse Catalog Category Details View - Add to Cart&quot;, &quot;&quot;, &quot;/ecommunications_enu_nsm_aps05524a027/start.swe?SWENeedContext=false&amp;SWECmd=GotoBookmarkView&amp;SWEBMC=52&amp;SWEC=94&amp;SWEBID=-1&amp;SRN=xK7T2pIB2ZOV15hwlQxQF5reKcoUB8VpMTZr7we8uAEb&amp;SWETS=&amp;SWEKeepContext=1&quot;, window);void(0)}&apos; &gt;&lt;nobr&gt;Category:BT Broadband and BB Talk&lt;/nobr&gt;&lt;/a&gt;&lt;/span&gt;&lt;/td&gt;&lt;td&gt;&lt;img src=&quot;images/spacer.gif&quot; width=&quot;5&quot; height=&quot;1&quot; alt=&quot;&quot;&gt;&lt;/td&gt;&lt;td&gt;&lt;span class=&quot;threadbardiv&quot;&gt;&amp;nbsp;&amp;gt;&amp;nbsp;&lt;/span&gt;&lt;/td&gt;&lt;td&gt;&lt;span class=&quot;threadbar&quot;&gt;&lt;nobr&gt;Order:&lt;/nobr&gt;&lt;/span&gt;&lt;/td&gt;&lt;td&gt;&lt;img src=&quot;images/spacer.gif&quot; width=&quot;5&quot; height=&quot;1&quot; alt=&quot;&quot;&gt;&lt;/td&gt;&lt;td&gt;&lt;/td&gt;&lt;/tr&gt;&lt;/table&gt;&lt;/span&gt;`0`1`na`0`16`3`ai`3`S_A1`nfi`1`n`Order Entry - Order Form Applet Dashboard (Sales)`cud`4*30111*14*18271*14*18281*04*13941*14*13951*14*18291*04*18301*04*18311*04*17681*04*18321*04*18331*03*6491*04*17641*14*18421*14*14061*04*14081*04*14201*04*18431*04*13971*04*14211*04*14221*04*14231*04*13921*14*14241*14*14251*14*16801*14*14261*14*14271*14*14281*14*14291*03*5871*14*14311*14*14301*03*7511*13*1211*12*451*14*14191*04*14321*14*13981*14*14021*14*14331*14*14341*13*1231*04*18211*14*14351*04*14001*13*2081*03*1621*14*14411*04*13661*03*1551*04*14361*04*14371*04*14381*04*14401*03*1511*02*641*14*18451*03*6431*13*3171*14*14421*14*14431*14*14441*04*14451*04*14471*13*2431*14*14171*14*13741*02*431*13*1311*04*14531*13*6461*14*18461*13*2641*04*13811*14*18471*14*14481*14*14491*14*14501*14*14561*04*17241*14*14521*03*1341*14*18481*04*18491*14*13881*04*14541*04*18501*14*14551*03*1351*04*13961*04*14571*04*14581*04*18511*04*13861*14*13731*13*1451*04*18521*03*6581*04*18531*04*18541*03*6321*14*14591*14*18551*04*18251*12*121*12*281*14*14601*13*3061*13*7731*14*18561*02*401*13*2541*02*391*12*441*12*291*13*3071*12*271*14*13761*03*8881*14*17171*04*17461*14*17231*14*17091*14*17851*0`cik`3*6991*14*18171*04*18191*14*14111*14*30081*04*16821*14*13711*14*14131*02*431*02*451*14*18211*12*201*02*311*13*2431*14*18221*14*18231*14*18241*13*6331*14*18251*12*281*14*14141*13*3061*04*16951*12*401*12*391*02*441*12*291*13*3071*12*271*02*211*12*221*12*231*12*241*12*251*02*261*02*301*12*321*02*331*12*341*02*351*02*361*02*371*02*381*12*411*02*421*12*461*12*471*12*481*02*491*02*501*02*511*02*521*02*531*02*541*12*551*13*6451*04*14161*14*14151*14*14101*12*561*02*571*1`asq`0`ied`1`vrn`S_A1`tt`1365`inu`0`hmn`1`rsp`false`bnr`0`iem``bci`S_BC1`hlc`3*a_11*11*2`i`1`0`39`cl`0`23`0`c`0`pt`5`sp`s_1_1_49_0`dm`69`w`0`csq`1`n`1366`pw`0`ph`0`ju`6`sq`1997`pan`5`ibp`1`crf`8`sdy`0`h`0`iec`1`dft`5`ime`5`dmc`0`t`1367`dn`5`fn`158`msz`30`23`1`c`0`pt`5`sp`s_1_1_114_0`dm`7`w`0`n`44`pw`0`ph`0`ju`6`sq`1997`pan`5`mn`44`ibp`1`crf`8`sdy`0`h`0`iec`1`dft`5`ime`5`dmc`0`t`67`dn`530`fn`5`msz`32`13`0`imp`0`SWEField`s_1_1_114_0`SWENeedContext`true`SWER`0`SWESP`false`SWEMethod`NewQuery`SWECmd`InvokeMethod`SWEDIC`false`SWEReqRowId`0`SWEView`Order Ship To View (Sales)`SWEC`94`SWEBID`-1`SRN`xK7T2pIB2ZOV15hwlQxQF5reKcoUB8VpMTZr7we8uAEb`SWEApplet`Order Entry - Order Form Applet Dashboard (Sales)`23`1`c`0`pt`5`sp`s_1_1_35_0`dm`7`w`0`n`45`pw`0`ph`0`ju`6`sq`1997`pan`5`mn`45`ibp`1`crf`8`sdy`0`h`0`iec`1`dft`5`ime`5`dmc`0`t`67`dn`392`fn`5`msz`32`13`0`imp`0`SWEField`s_1_1_35_0`SWENeedContext`true`SWER`0`SWESP`false`SWEMethod`ExecuteQuery`SWECmd`InvokeMethod`SWEDIC`false`SWEReqRowId`0`SWEView`Order Ship To View (Sales)`SWEC`94`SWEBID`-1`SRN`xK7T2pIB2ZOV15hwlQxQF5reKcoUB8VpMTZr7we8uAEb`SWEApplet`Order Entry - Order Form Applet Dashboard (Sales)`23`1`c`0`pt`5`sp`s_1_1_30_0`dm`7`w`0`n`587`pw`0`ph`0`ju`6`sq`1997`pan`5`mn`43`ibp`1`crf`8`sdy`0`h`0`iec`1`dft`5`ime`5`dmc`0`t`67`dn`393`fn`5`msz`32`13`0`imp`0`SWEField`s_1_1_30_0`SWENeedContext`true`SWER`0`SWESP`false`SWEMethod`UndoQuery`SWECmd`InvokeMethod`SWEDIC`false`SWEReqRowId`0`SWEView`Order Ship To View (Sales)`SWEC`94`SWEBID`-1`SRN`xK7T2pIB2ZOV15hwlQxQF5reKcoUB8VpMTZr7we8uAEb`SWEApplet`Order Entry - Order Form Applet Dashboard (Sales)`23`1`c`0`pt`5`sp`s_1_1_13_0`dm`7`w`0`n`1842`pw`0`ph`0`ju`6`sq`1997`pan`5`mn`1819`ibp`1`crf`8`sdy`0`h`0`iec`1`dft`5`ime`5`dmc`0`t`67`dn`3004`fn`5`msz`32`13`0`imp`0`SWEField`s_1_1_13_0`SWENeedContext`true`SWER`0`SWESP`false`SWEMethod`QuotesAndOrdersValidate`SWECmd`InvokeMethod`SWEDIC`false`SWEReqRowId`0`SWEView`Order Ship To View (Sales)`SWEC`94`SWEBID`-1`SRN`xK7T2pIB2ZOV15hwlQxQF5reKcoUB8VpMTZr7we8uAEb`SWEApplet`Order Entry - Order Form Applet Dashboard (Sales)`25`1`c`0`pt`5`sp`s_1_1_113_0`dm`7`w`0`n`39`eb`&lt;img src=&quot;images/rcnv_prv_1.gif&quot; border=&quot;0&quot; space=&quot;0&quot; hspace=&quot;0&quot; alt=&quot;Previous record&quot;  title=&quot;Previous record&quot; &gt;`pw`0`db`&lt;img src=&quot;images/rcnv_prv_0.gif&quot; border=&quot;0&quot; space=&quot;0&quot; hspace=&quot;0&quot; alt=&quot;Previous record&quot;  title=&quot;Previous record&quot; &gt;`ph`0`ju`6`sq`1997`pan`5`mn`39`ibp`1`crf`8`sdy`0`h`0`iec`1`dft`5`ime`5`dmc`0`t`67`dn`5`fn`5`msz`32`13`0`imp`0`SWEField`s_1_1_113_0`SWENeedContext`true`SWER`0`SWESP`false`SWEMethod`GotoPreviousSet`SWECmd`InvokeMethod`SWEDIC`false`SWEReqRowId`0`SWEView`Order Ship To View (Sales)`SWEC`94`SWEBID`-1`SRN`xK7T2pIB2ZOV15hwlQxQF5reKcoUB8VpMTZr7we8uAEb`SWEApplet`Order Entry - Order Form Applet Dashboard (Sales)`25`1`c`0`pt`5`sp`s_1_1_111_0`dm`7`w`0`n`40`eb`&lt;img src=&quot;images/rcnv_nxt_1.gif&quot; border=&quot;0&quot; space=&quot;0&quot; hspace=&quot;0&quot; alt=&quot;Next Record&quot;  title=&quot;Next Record&quot; &gt;`pw`0`db`&lt;img src=&quot;images/rcnv_nxt_0.gif&quot; border=&quot;0&quot; space=&quot;0&quot; hspace=&quot;0&quot; alt=&quot;Next Record&quot;  title=&quot;Next Record&quot; &gt;`ph`0`ju`6`sq`1997`pan`5`mn`40`ibp`1`crf`8`sdy`0`h`0`iec`1`dft`5`ime`5`dmc`0`t`67`dn`5`fn`5`msz`32`13`0`imp`0`SWEField`s_1_1_111_0`SWENeedContext`true`SWER`0`SWESP`false`SWEMethod`GotoNextSet`SWECmd`InvokeMethod`SWEDIC`false`SWEReqRowId`0`SWEView`Order Ship To View (Sales)`SWEC`94`SWEBID`-1`SRN`xK7T2pIB2ZOV15hwlQxQF5reKcoUB8VpMTZr7we8uAEb`SWEApplet`Order Entry - Order Form Applet Dashboard (Sales)`23`1`c`0`pt`5`sp`s_1_1_56_0`dm`7`w`0`n`64`pw`0`ph`0`ju`6`sq`1997`pan`5`mn`20`ibp`1`crf`8`sdy`0`h`0`iec`1`dft`5`ime`5`dmc`0`t`67`dn`652`fn`5`msz`32`17`0`imp`0`SWEField`s_1_1_56_0`SWENeedContext`true`SWER`0`SWESP`true`SWEMethod`ShowQueryAssistant`SWECmd`InvokeMethod`SWEH`100`SWEDIC`true`SWEReqRowId`0`SWEView`Order Ship To View (Sales)`SWEC`94`SWEW`300`SWEM`Edit`SWEBID`-1`SRN`xK7T2pIB2ZOV15hwlQxQF5reKcoUB8VpMTZr7we8uAEb`SWETA`Query Assistant`SWEApplet`Order Entry - Order Form Applet Dashboard (Sales)`23`1`c`0`pt`5`sp`s_1_1_115_0`dm`7`w`0`n`29`pw`0`ph`0`ju`6`sq`1997`pan`5`mn`29`ibp`1`crf`8`sdy`0`h`0`iec`1`dft`5`ime`5`dmc`0`t`67`dn`93`fn`5`msz`32`13`0`imp`0`SWEField`s_1_1_115_0`SWENeedContext`true`SWER`0`SWESP`false`SWEMethod`NewRecord`SWECmd`InvokeMethod`SWEDIC`false`SWEReqRowId`0`SWEView`Order Ship To View (Sales)`SWEC`94`SWEBID`-1`SRN`xK7T2pIB2ZOV15hwlQxQF5reKcoUB8VpMTZr7we8uAEb`SWEApplet`Order Entry - Order Form Applet Dashboard (Sales)`23`1`c`0`pt`3006`sp`s_1_1_104_0`dm`7`w`0`n`1825`pw`0`ph`0`ju`6`sq`1997`pan`5`mn`1825`ibp`1`crf`8`sdy`0`h`0`iec`1`dft`5`ime`5`dmc`0`t`67`dn`3005`fn`5`msz`32`13`0`imp`0`SWEField`s_1_1_104_0`SWENeedContext`true`SWER`0`SWESP`false`SWEMethod`CUTDropOrder`SWECmd`InvokeMethod`SWEDIC`false`SWEReqRowId`0`SWEView`Order Ship To View (Sales)`SWEC`94`SWEBID`-1`SRN`xK7T2pIB2ZOV15hwlQxQF5reKcoUB8VpMTZr7we8uAEb`SWEApplet`Order Entry - Order Form Applet Dashboard (Sales)`23`1`c`0`pt`5`sp`s_1_1_24_0`dm`7`w`0`n`1425`pw`0`ph`0`ju`6`sq`1997`pan`5`mn`3008`ibp`1`crf`8`sdy`0`h`0`iec`1`dft`5`ime`5`dmc`0`t`67`dn`3007`fn`5`msz`32`13`0`imp`0`SWEField`s_1_1_24_0`SWENeedContext`true`SWER`0`SWESP`false`SWEMethod`GetStatus`SWECmd`InvokeMethod`SWEDIC`false`SWEReqRowId`0`SWEView`Order Ship To View (Sales)`SWEC`94`SWEBID`-1`SRN`xK7T2pIB2ZOV15hwlQxQF5reKcoUB8VpMTZr7we8uAEb`SWEApplet`Order Entry - Order Form Applet Dashboard (Sales)`25`1`c`0`pt`5`sp`s_1_1_65_0`dm`5`w`0`n`243`eb`&lt;img src=&quot;images/btn_more.gif&quot; border=&quot;0&quot; space=&quot;0&quot; hspace=&quot;0&quot; alt=&quot;Show more&quot;  title=&quot;Show more&quot; &gt;`pw`0`ph`0`ju`6`sq`1997`pan`5`icm`243`mn`243`ibp`1`crf`8`sdy`0`h`0`iec`1`dft`5`ime`5`dmc`0`t`10`dn`5`fn`5`msz`32`13`0`imp`0`SWEField`s_1_1_65_0`SWENeedContext`true`SWER`0`SWESP`false`SWEMethod`ToggleLayout`SWECmd`InvokeMethod`SWEDIC`false`SWEReqRowId`0`SWEView`Order Ship To View (Sales)`SWEC`94`SWEBID`-1`SRN`xK7T2pIB2ZOV15hwlQxQF5reKcoUB8VpMTZr7we8uAEb`SWEApplet`Order Entry - Order Form Applet Dashboard (Sales)`23`0`c`0`pt`1372`sp`s_1_1_73_0`dm`5`w`128`csq`1`n`264`pw`0`ph`0`ju`6`sq`1001`pan`5`ibp`1`crf`8`sdy`0`h`24`iec`1`dft`5`ime`5`dmc`0`t`4`dn`159`fn`158`msz`30`25`0`c`0`pt`5`sp`s_1_1_95_0`dm`7`w`128`csq`1`n`1373`pw`300`pat`Pick`ph`100`ju`6`sq`1010`ied`1`pan`5`ibp`1`crf`8`sdy`0`h`0`iec`1`dft`5`ime`5`dmc`0`t`4`dn`896`fn`100`msz`100`25`0`c`0`pt`5`sp`s_1_1_46_0`dm`7`w`128`csq`1`n`208`pw`300`pat`Pick`ph`100`ju`6`sq`1020`ied`1`pan`5`ibp`1`crf`8`sdy`0`h`24`iec`1`dft`5`ime`5`dmc`0`t`4`dn`208`fn`208`msz`100`24`0`c`0`pt`5`sp`s_1_1_67_0`dm`7`w`128`n`1374`pw`300`pat`Detail`ph`100`ju`6`sq`1030`ied`1`pan`5`ibp`1`crf`722`sdy`0`h`24`iec`1`dft`5`ime`5`dmc`0`t`102`dn`1374`fn`1375`msz`25`22`0`c`0`pt`5`sp`s_1_1_69_0`dm`7`w`128`n`131`pw`0`ph`0`ju`6`sq`1002`pan`5`ibp`1`crf`8`sdy`0`h`24`iec`1`dft`5`ime`5`dmc`0`t`735`dn`1376`fn`1376`msz`16`25`0`c`0`pt`1382`sp`s_1_1_74_0`dm`5`w`128`csq`1`n`1381`pw`300`pat`Pick`ph`100`ju`6`sq`1003`ied`1`pan`5`ibp`1`crf`8`sdy`0`h`24`iec`1`dft`5`ime`5`dmc`0`t`116`dn`119`fn`165`msz`50`25`0`c`0`pt`1383`sp`s_1_1_82_0`dm`5`w`128`csq`1`n`134`pw`300`pat`Pick`ph`100`ju`6`sq`1012`ied`1`pan`5`ibp`1`crf`8`sdy`0`h`24`iec`1`dft`5`ime`5`dmc`0`t`4`dn`314`fn`134`msz`50`22`0`c`0`pt`1384`sp`s_1_1_96_0`dm`5`w`128`n`145`pw`0`ph`0`ju`6`sq`1022`pan`5`ibp`1`crf`8`sdy`0`h`24`iec`1`dft`5`ime`5`dmc`0`t`163`dn`145`fn`145`msz`255`25`0`c`0`pt`5`sp`s_1_1_33_0`dm`7`w`128`csq`1`n`751`pw`300`pat`Pick`ph`100`ju`6`sq`1032`ied`1`pan`5`ibp`1`crf`8`sdy`0`h`24`iec`1`dft`5`ime`5`dmc`0`t`4`dn`982`fn`751`msz`20`23`0`c`0`pt`1385`sp`s_1_1_89_0`dm`5`w`128`csq`1`n`135`pw`0`ph`0`ju`6`sq`1013`pan`5`ibp`1`crf`8`sdy`0`h`24`iec`1`dft`5`ime`5`dmc`0`t`4`dn`313`fn`135`msz`50`22`0`c`0`pt`1387`sp`s_1_1_94_0`dm`7`w`128`n`1386`pw`0`ph`0`ju`6`sq`1023`pan`5`ibp`1`crf`8`sdy`0`h`24`iec`1`dft`637`ime`5`dmc`0`t`163`dn`184`fn`1386`msz`255`23`0`c`0`pt`1390`sp`s_1_1_85_0`dm`5`w`128`n`1388`pw`300`pat`Pick`ph`100`ju`6`sq`1033`ied`1`pan`1391`crf`8`sdy`0`h`24`iec`1`dft`1389`ime`5`dmc`0`t`116`dn`1388`fn`1388`msz`18`23`0`c`0`pt`5`sp`s_1_1_34_0`dm`7`w`128`csq`1`n`121`pw`0`ph`0`ju`6`sq`1005`pan`5`ibp`1`crf`8`sdy`0`h`48`iec`1`dft`5`ime`5`dmc`0`t`122`dn`1110`fn`121`msz`255`25`0`c`0`pt`5`sp`s_1_1_119_0`dm`7`w`128`csq`1`n`888`pw`300`pat`Pick`ph`100`ju`6`sq`1014`ied`1`pan`5`ibp`1`crf`8`sdy`0`h`24`iec`1`dft`5`ime`5`dmc`0`t`4`dn`888`fn`888`msz`100`22`0`c`0`pt`5`sp`s_1_1_47_0`dm`7`w`128`n`162`pw`0`ph`0`ju`6`sq`1024`pan`5`ibp`1`crf`8`sdy`0`h`24`iec`1`dft`637`ime`5`dmc`0`t`163`dn`162`fn`162`msz`255`22`0`c`0`pt`5`sp`s_1_1_22_0`dm`7`w`128`n`1392`pw`0`ph`0`ju`6`sq`1025`pan`5`ibp`1`crf`8`sdy`0`h`24`iec`1`dft`637`ime`5`dmc`0`t`163`dn`1393`fn`1392`msz`255`23`0`c`0`pt`5`sp`s_1_1_90_0`dm`7`w`128`csq`1`n`1396`pw`0`ph`0`ju`6`sq`1006`pan`5`ibp`1`crf`8`sdy`0`h`24`iec`1`dft`5`ime`5`dmc`0`t`4`dn`1396`fn`1397`msz`255`23`0`c`0`pt`5`sp`s_1_1_38_0`dm`7`w`128`n`1398`pw`0`ph`0`ju`6`sq`1027`pan`5`icm`387`ibp`1`crf`8`sdy`0`h`0`iec`1`dft`5`ime`5`dmc`0`t`92`dn`1398`fn`1399`msz`1`24`0`c`0`pt`1401`sp`s_1_1_45_0`dm`5`w`128`csq`1`n`1400`pw`300`pat`Pick`ph`100`ju`6`sq`1037`ied`1`pan`5`crf`8`sdy`0`h`24`iec`1`dft`5`ime`5`dmc`0`t`4`dn`1400`fn`1401`msz`100`23`0`c`0`pt`1767`sp`s_1_1_78_0`dm`7`w`0`n`1450`pw`0`ph`0`ju`6`sq`1008`pan`5`icm`387`ibp`1`crf`8`sdy`0`h`0`iec`1`dft`5`ime`5`dmc`0`t`92`dn`1450`fn`1450`msz`1`23`0`c`0`pt`5`sp`s_1_1_39_0`dm`7`w`128`csq`1`n`1402`pw`0`ph`0`ju`6`sq`1028`pan`1405`ibp`1`crf`8`sdy`0`h`24`iec`1`dft`5`ime`5`dmc`0`t`116`dn`1403`fn`1404`msz`30`24`0`c`0`pt`5`sp`s_1_1_14_0`dm`7`w`128`n`1406`pw`300`pat`Detail`ph`100`ju`6`sq`1997`ied`1`pan`5`ibp`1`crf`722`sdy`0`h`24`iec`1`dft`5`ime`5`dmc`0`t`102`dn`1406`fn`1407`msz`25`22`0`c`0`pt`1387`sp`s_1_1_123_0`dm`7`w`128`n`1709`pw`0`ph`0`ju`6`sq`1019`pan`5`ibp`1`crf`8`sdy`0`h`24`iec`1`dft`1711`ime`5`dmc`0`t`163`dn`1709`fn`1386`msz`255`23`0`c`0`pt`3009`sp`s_1_1_77_0`dm`5`w`128`csq`1`n`1449`pw`0`ph`0`ju`6`sq`1997`pan`3010`ibp`1`crf`8`sdy`0`h`24`iec`1`dft`5`ime`5`dmc`0`t`116`dn`151`fn`166`msz`30`24`0`c`0`pt`5`sp`s_1_1_15_0`dm`7`w`128`n`1408`pw`300`pat`Detail`ph`100`ju`6`sq`1997`ied`1`pan`5`ibp`1`crf`722`sdy`0`h`24`iec`1`dft`5`ime`5`dmc`0`t`102`dn`1408`fn`1409`msz`25`23`0`c`0`pt`5`sp`s_1_1_12_0`dm`7`w`128`csq`1`n`1764`pw`0`ph`0`ju`6`sq`1997`pan`1765`ibp`1`crf`8`sdy`0`h`24`iec`1`dft`5`ime`5`dmc`0`t`116`dn`1764`fn`1764`msz`30`23`0`c`0`pt`5`sp`s_1_1_8_0`dm`7`w`128`csq`1`n`1768`pw`0`ph`0`ju`6`sq`1997`pan`5`ibp`1`crf`8`sdy`0`h`24`iec`1`dft`5`ime`5`dmc`0`t`4`dn`1768`fn`1768`msz`15`1`0`cfm`0`DeleteRecord`IDS_SWE_DELETE_CONFIRM_WARNING`0`6`pcl`0`2`0`pc`0`allowPC`false`External Order #``2`0`pc`0`allowPC`false`Integration Message``2`0`pc`0`allowPC`false`Integration Status``2`0`pc`0`allowPC`false`Return Reason``2`0`pc`0`Sold To Address``allowPC`false`2`0`pc`0`allowPC`false`Sold To Site``0`1`na`0`16`3`ai`3`S_A2`nfi`2`n`Order Ship To Form Applet (Sales)`cud`4*30421*04*30381*14*21691*12*641*13*2431*14*30431*13*3121*13*4781*13*4791*13*4801*14*21861*13*3061*12*451*12*401*12*391*12*441*12*281*14*30401*12*291*13*3101*14*30361*12*431*12*271*13*3171*12*311*13*4221*03*4151*04*21871*14*30441*14*30331*13*5841*04*30451*14*30461*14*30131*04*30181*03*1151*14*30171*04*30251*04*30271*03*5301*1`cik`2*201*03*2431*02*291*12*281*02*301*12*271*03*3061*02*451*12*401*12*391*02*441*13*3101*12*431*02*311*12*211*12*221*12*231*12*241*12*251*02*261*02*321*02*331*12*341*02*351*02*361*02*371*02*381*12*411*02*421*12*461*12*471*12*481*02*491*02*501*02*511*02*521*02*531*02*541*12*551*12*561*02*571*1`asq`1`ied`1`vrn`S_A2`tt`3012`inu`0`hmn`1`rsp`false`bnr`0`iem``bci`S_BC1`hlc`3*a_21*11*2`i`2`0`21`cl`0`23`1`c`0`pt`5`sp`s_2_1_12_0`dm`7`w`0`n`45`pw`0`ph`0`ju`6`sq`2997`pan`5`mn`45`ibp`1`crf`8`sdy`0`h`0`iec`1`dft`5`ime`5`dmc`0`t`67`dn`392`fn`5`msz`32`13`0`imp`0`SWEField`s_2_1_12_0`SWENeedContext`true`SWER`0`SWESP`false`SWEMethod`ExecuteQuery`SWECmd`InvokeMethod`SWEDIC`false`SWEReqRowId`0`SWEView`Order Ship To View (Sales)`SWEC`94`SWEBID`-1`SRN`xK7T2pIB2ZOV15hwlQxQF5reKcoUB8VpMTZr7we8uAEb`SWEApplet`Order Ship To Form Applet (Sales)`23`1`c`0`pt`5`sp`s_2_1_21_0`dm`7`w`0`n`43`pw`0`ph`0`ju`6`sq`2997`pan`5`mn`43`ibp`1`crf`8`sdy`0`h`0`iec`1`dft`5`ime`5`dmc`0`t`67`dn`393`fn`5`msz`32`13`0`imp`0`SWEField`s_2_1_21_0`SWENeedContext`true`SWER`0`SWESP`false`SWEMethod`UndoQuery`SWECmd`InvokeMethod`SWEDIC`false`SWEReqRowId`0`SWEView`Order Ship To View (Sales)`SWEC`94`SWEBID`-1`SRN`xK7T2pIB2ZOV15hwlQxQF5reKcoUB8VpMTZr7we8uAEb`SWEApplet`Order Ship To Form Applet (Sales)`25`1`c`0`pt`5`sp`s_2_1_14_0`dm`7`w`0`n`39`eb`&lt;img src=&quot;images/rcnv_prv_1.gif&quot; border=&quot;0&quot; space=&quot;0&quot; hspace=&quot;0&quot; alt=&quot;Previous record&quot;  title=&quot;Previous record&quot; &gt;`pw`0`db`&lt;img src=&quot;images/rcnv_prv_0.gif&quot; border=&quot;0&quot; space=&quot;0&quot; hspace=&quot;0&quot; alt=&quot;Previous record&quot;  title=&quot;Previous record&quot; &gt;`ph`0`ju`6`sq`2997`pan`5`mn`39`ibp`1`crf`8`sdy`0`h`0`iec`1`dft`5`ime`5`dmc`0`t`67`dn`381`fn`5`msz`32`13`0`imp`0`SWEField`s_2_1_14_0`SWENeedContext`true`SWER`0`SWESP`false`SWEMethod`GotoPreviousSet`SWECmd`InvokeMethod`SWEDIC`false`SWEReqRowId`0`SWEView`Order Ship To View (Sales)`SWEC`94`SWEBID`-1`SRN`xK7T2pIB2ZOV15hwlQxQF5reKcoUB8VpMTZr7we8uAEb`SWEApplet`Order Ship To Form Applet (Sales)`25`1`c`0`pt`5`sp`s_2_1_13_0`dm`7`w`0`n`40`eb`&lt;img src=&quot;images/rcnv_nxt_1.gif&quot; border=&quot;0&quot; space=&quot;0&quot; hspace=&quot;0&quot; alt=&quot;Next Record&quot;  title=&quot;Next Record&quot; &gt;`pw`0`db`&lt;img src=&quot;images/rcnv_nxt_0.gif&quot; border=&quot;0&quot; space=&quot;0&quot; hspace=&quot;0&quot; alt=&quot;Next Record&quot;  title=&quot;Next Record&quot; &gt;`ph`0`ju`6`sq`2997`pan`5`mn`40`ibp`1`crf`8`sdy`0`h`0`iec`1`dft`5`ime`5`dmc`0`t`67`dn`382`fn`5`msz`32`13`0`imp`0`SWEField`s_2_1_13_0`SWENeedContext`true`SWER`0`SWESP`false`SWEMethod`GotoNextSet`SWECmd`InvokeMethod`SWEDIC`false`SWEReqRowId`0`SWEView`Order Ship To View (Sales)`SWEC`94`SWEBID`-1`SRN`xK7T2pIB2ZOV15hwlQxQF5reKcoUB8VpMTZr7we8uAEb`SWEApplet`Order Ship To Form Applet (Sales)`23`1`c`0`pt`5`sp`s_2_1_3_0`dm`7`w`0`n`64`pw`0`ph`0`ju`6`sq`2997`pan`5`mn`20`ibp`1`crf`8`sdy`0`h`0`iec`1`dft`5`ime`5`dmc`0`t`67`dn`652`fn`5`msz`32`17`0`imp`0`SWEField`s_2_1_3_0`SWENeedContext`true`SWER`0`SWESP`true`SWEMethod`ShowQueryAssistant`SWECmd`InvokeMethod`SWEH`100`SWEDIC`true`SWEReqRowId`0`SWEView`Order Ship To View (Sales)`SWEC`94`SWEW`300`SWEM`Edit`SWEBID`-1`SRN`xK7T2pIB2ZOV15hwlQxQF5reKcoUB8VpMTZr7we8uAEb`SWETA`Query Assistant`SWEApplet`Order Ship To Form Applet (Sales)`25`1`c`0`pt`5`sp`s_2_1_4_0`dm`7`w`0`n`243`eb`&lt;img src=&quot;images/btn_more.gif&quot; border=&quot;0&quot; space=&quot;0&quot; hspace=&quot;0&quot; alt=&quot;Show more&quot;  title=&quot;Show more&quot; &gt;`pw`0`ph`0`ju`6`sq`2997`pan`5`icm`243`mn`243`ibp`1`crf`8`sdy`0`h`0`iec`1`dft`5`ime`5`dmc`0`t`10`dn`5`fn`5`msz`32`13`0`imp`0`SWEField`s_2_1_4_0`SWENeedContext`true`SWER`0`SWESP`false`SWEMethod`ToggleLayout`SWECmd`InvokeMethod`SWEDIC`false`SWEReqRowId`0`SWEView`Order Ship To View (Sales)`SWEC`94`SWEBID`-1`SRN`xK7T2pIB2ZOV15hwlQxQF5reKcoUB8VpMTZr7we8uAEb`SWEApplet`Order Ship To Form Applet (Sales)`23`0`c`0`pt`5`sp`s_2_1_33_0`dm`7`w`384`csq`1`n`3013`pw`0`ph`0`ju`6`sq`2008`pan`5`ibp`1`crf`8`sdy`0`h`24`iec`1`dft`5`ime`5`dmc`0`t`4`dn`3014`fn`3015`msz`255`23`0`c`0`pt`5`sp`s_2_1_10_0`dm`7`w`112`csq`1`n`2186`pw`0`ph`0`ju`6`sq`2015`pan`3016`ibp`1`crf`8`sdy`0`h`24`iec`1`dft`5`ime`5`dmc`0`t`116`dn`1998`fn`1999`msz`30`23`0`c`0`pt`5`sp`s_2_1_36_0`dm`7`w`128`csq`1`n`3017`pw`0`ph`0`ju`6`sq`2006`pan`5`ibp`1`crf`8`sdy`0`h`24`iec`1`dft`5`ime`5`dmc`0`t`4`dn`1377`fn`2092`msz`50`23`0`c`0`pt`5`sp`s_2_1_34_0`dm`7`w`384`csq`1`n`3018`pw`0`ph`0`ju`6`sq`2009`pan`5`ibp`1`crf`8`sdy`0`h`24`iec`1`dft`5`ime`5`dmc`0`t`4`dn`3019`fn`3020`msz`255`23`0`c`0`pt`5`sp`s_2_1_2_0`dm`7`w`112`csq`1`n`2169`pw`0`ph`0`ju`6`sq`2017`pan`2170`ibp`1`crf`8`sdy`0`h`24`iec`1`dft`5`ime`5`dmc`0`t`116`dn`3021`fn`3022`msz`30`25`0`c`0`pt`3024`sp`s_2_1_25_0`dm`5`w`128`csq`1`n`422`pw`300`pat`Mvg`ph`100`ju`6`sq`2003`ied`1`pan`5`ibp`1`crf`8`sdy`0`h`24`iec`1`dft`5`ime`5`dmc`0`t`4`dn`314`fn`3023`msz`50`23`0`c`0`pt`5`sp`s_2_1_37_0`dm`7`w`128`csq`1`n`3025`pw`0`ph`0`ju`6`sq`2010`pan`5`ibp`1`crf`8`sdy`0`h`24`iec`1`dft`5`ime`5`dmc`0`t`4`dn`297`fn`3026`msz`50`23`0`c`0`pt`5`sp`s_2_1_38_0`dm`7`w`128`csq`1`n`3027`pw`0`ph`0`ju`6`sq`2011`pan`5`ibp`1`crf`8`sdy`0`h`24`iec`1`dft`5`ime`5`dmc`0`t`4`dn`570`fn`3028`msz`10`23`0`c`0`pt`5`sp`s_2_1_27_0`dm`7`w`112`csq`1`n`2187`pw`0`ph`0`ju`6`sq`2016`pan`3030`ibp`1`crf`8`sdy`0`h`24`iec`1`dft`5`ime`5`dmc`0`t`116`dn`3029`fn`1512`msz`30`23`0`c`0`pt`3032`sp`s_2_1_26_0`dm`5`w`128`csq`1`n`415`pw`0`ph`0`ju`6`sq`2004`pan`5`ibp`1`crf`8`sdy`0`h`24`iec`1`dft`5`ime`5`dmc`0`t`4`dn`313`fn`3031`msz`50`24`0`c`0`pt`5`sp`s_2_1_29_0`dm`7`w`128`csq`1`n`3033`pw`300`pat`Pick`ph`100`ju`6`sq`2012`ied`1`pan`5`crf`8`sdy`0`h`24`iec`1`dft`5`ime`5`dmc`0`t`4`dn`572`fn`3034`msz`30`23`0`c`0`pt`5`sp`s_2_1_30_0`dm`7`w`128`csq`1`n`584`pw`0`ph`0`ju`6`sq`2013`pan`5`ibp`1`crf`8`sdy`0`h`24`iec`1`dft`5`ime`5`dmc`0`t`4`dn`584`fn`3035`msz`30`22`0`c`0`pt`5`sp`s_2_1_20_0`dm`7`w`112`n`3036`pw`0`ph`0`ju`6`sq`2017`pan`5`ibp`1`crf`8`sdy`0`h`0`iec`1`dft`5`ime`5`dmc`0`t`92`dn`3037`fn`1541`msz`1`23`0`c`0`pt`5`sp`s_2_1_1_0`dm`7`w`240`csq`1`n`3038`pw`0`ph`0`ju`6`sq`2997`pan`5`ibp`1`crf`8`sdy`0`h`56`iec`1`dft`5`ime`5`dmc`0`t`122`dn`3039`fn`1752`msz`250`22`0`c`0`pt`5`sp`s_2_1_17_0`dm`7`w`112`n`3040`pw`0`ph`0`ju`6`sq`2017`pan`5`ibp`1`crf`8`sdy`0`h`0`iec`1`dft`5`ime`5`dmc`0`t`92`dn`3041`fn`3040`msz`1`1`0`cfm`0`DeleteRecord`IDS_SWE_DELETE_CONFIRM_WARNING`0`4`pcl`0`2`0`pc`0`allowPC`false`Tax Exempt Code``2`0`pc`0`allowPC`false`Phone``2`0`pc`0`allowPC`false`Transit to Address Line 2``2`0`pc`0`allowPC`false`Query``0`1`na`0`16`2`ai`3`S_A3`nfi`3`n`Order Entry - Order SubTotal Form Applet (Sales)`cud`4*30721*14*30891*04*30901*04*30841*04*30821*04*14061*04*14081*04*30751*04*30911*04*30921*14*30471*14*30491*14*30931*13*5871*14*21691*14*11101*12*451*12*401*12*391*14*30941*02*641*13*3171*14*30951*04*21861*14*21871*13*2431*12*431*14*30961*14*30971*04*30981*04*30991*04*31001*04*31011*04*30771*04*31021*14*30811*02*121*14*31031*14*31041*04*31051*04*31061*03*4961*14*30581*04*30601*04*30791*04*30801*04*30621*04*30681*04*30641*04*30661*04*30701*04*30731*04*30521*14*30541*14*30561*1`cik`4*30851*13*6991*14*30511*14*30861*12*431*02*451*12*401*12*391*02*201*04*30871*13*2431*12*211*12*221*12*231*12*241*12*251*02*261*02*271*02*281*02*291*12*301*12*311*12*321*02*331*12*341*02*351*02*361*02*371*02*381*12*411*02*421*12*441*12*461*12*471*12*481*02*491*02*501*02*511*02*521*02*531*02*541*12*551*14*30881*12*561*02*571*1`asq`2`ied`1`vrn`S_A3`tt`2234`inu`0`hmn`1`rsp`false`bnr`0`iem``bci`S_BC1`hlc`3*a_31*11*2`i`3`0`26`cl`0`23`1`c`0`pt`5`sp`s_3_1_16_0`dm`7`w`0`n`45`pw`0`ph`0`ju`6`sq`3997`pan`5`mn`45`ibp`1`crf`8`sdy`0`h`0`iec`1`dft`5`ime`5`dmc`0`t`67`dn`392`fn`5`msz`32`13`0`imp`0`SWEField`s_3_1_16_0`SWENeedContext`true`SWER`0`SWESP`false`SWEMethod`ExecuteQuery`SWECmd`InvokeMethod`SWEDIC`false`SWEReqRowId`0`SWEView`Order Ship To View (Sales)`SWEC`94`SWEBID`-1`SRN`xK7T2pIB2ZOV15hwlQxQF5reKcoUB8VpMTZr7we8uAEb`SWEApplet`Order Entry - Order SubTotal Form Applet (Sales)`23`1`c`0`pt`5`sp`s_3_1_13_0`dm`7`w`0`n`587`pw`0`ph`0`ju`6`sq`3997`pan`5`mn`43`ibp`1`crf`8`sdy`0`h`0`iec`1`dft`5`ime`5`dmc`0`t`67`dn`393`fn`5`msz`32`13`0`imp`0`SWEField`s_3_1_13_0`SWENeedContext`true`SWER`0`SWESP`false`SWEMethod`UndoQuery`SWECmd`InvokeMethod`SWEDIC`false`SWEReqRowId`0`SWEView`Order Ship To View (Sales)`SWEC`94`SWEBID`-1`SRN`xK7T2pIB2ZOV15hwlQxQF5reKcoUB8VpMTZr7we8uAEb`SWEApplet`Order Entry - Order SubTotal Form Applet (Sales)`23`1`c`0`pt`5`sp`s_3_1_10_0`dm`7`w`0`n`3047`pw`0`ph`0`ju`6`sq`3997`pan`5`mn`699`ibp`1`crf`8`sdy`0`h`0`iec`1`dft`5`ime`5`dmc`0`t`67`dn`3048`fn`5`msz`32`17`0`imp`0`SWEField`s_3_1_10_0`SWENeedContext`true`SWER`0`SWESP`true`SWEMethod`ShowPopup`SWECmd`InvokeMethod`SWEH`100`SWEDIC`true`SWEReqRowId`0`SWEView`Order Ship To View (Sales)`SWEC`94`SWEW`300`SWEM`Edit`SWEBID`-1`SRN`xK7T2pIB2ZOV15hwlQxQF5reKcoUB8VpMTZr7we8uAEb`SWETA`Quote Spread Discount Popup Applet`SWEApplet`Order Entry - Order SubTotal Form Applet (Sales)`23`1`c`0`pt`5`sp`s_3_1_11_0`dm`7`w`0`n`3049`pw`0`ph`0`ju`6`sq`3997`pan`5`mn`3051`ibp`1`crf`8`sdy`0`h`0`iec`1`dft`5`ime`5`dmc`0`t`67`dn`3050`fn`5`msz`32`13`0`imp`0`SWEField`s_3_1_11_0`SWENeedContext`true`SWER`0`SWESP`false`SWEMethod`CallShipping`SWECmd`InvokeMethod`SWEDIC`false`SWEReqRowId`0`SWEView`Order Ship To View (Sales)`SWEC`94`SWEBID`-1`SRN`xK7T2pIB2ZOV15hwlQxQF5reKcoUB8VpMTZr7we8uAEb`SWEApplet`Order Entry - Order SubTotal Form Applet (Sales)`25`1`c`0`pt`5`sp`s_3_1_18_0`dm`7`w`0`n`39`eb`&lt;img src=&quot;images/rcnv_prvset_1.gif&quot; border=&quot;0&quot; space=&quot;0&quot; hspace=&quot;0&quot; alt=&quot;Previous record set&quot;  title=&quot;Previous record set&quot; &gt;`pw`0`db`&lt;img src=&quot;images/rcnv_prvset_0.gif&quot; border=&quot;0&quot; space=&quot;0&quot; hspace=&quot;0&quot; alt=&quot;Previous record set&quot;  title=&quot;Previous record set&quot; &gt;`ph`0`ju`6`sq`3997`pan`5`mn`39`ibp`1`crf`8`sdy`0`h`0`iec`1`dft`5`ime`5`dmc`0`t`67`dn`381`fn`5`msz`32`13`0`imp`0`SWEField`s_3_1_18_0`SWENeedContext`true`SWER`0`SWESP`false`SWEMethod`GotoPreviousSet`SWECmd`InvokeMethod`SWEDIC`false`SWEReqRowId`0`SWEView`Order Ship To View (Sales)`SWEC`94`SWEBID`-1`SRN`xK7T2pIB2ZOV15hwlQxQF5reKcoUB8VpMTZr7we8uAEb`SWEApplet`Order Entry - Order SubTotal Form Applet (Sales)`25`1`c`0`pt`5`sp`s_3_1_17_0`dm`7`w`0`n`40`eb`&lt;img src=&quot;images/rcnv_nxtset_1.gif&quot; border=&quot;0&quot; space=&quot;0&quot; hspace=&quot;0&quot; alt=&quot;Next record set&quot;  title=&quot;Next record set&quot; &gt;`pw`0`db`&lt;img src=&quot;images/rcnv_nxtset_0.gif&quot; border=&quot;0&quot; space=&quot;0&quot; hspace=&quot;0&quot; alt=&quot;Next record set&quot;  title=&quot;Next record set&quot; &gt;`ph`0`ju`6`sq`3997`pan`5`mn`40`ibp`1`crf`8`sdy`0`h`0`iec`1`dft`5`ime`5`dmc`0`t`67`dn`382`fn`5`msz`32`13`0`imp`0`SWEField`s_3_1_17_0`SWENeedContext`true`SWER`0`SWESP`false`SWEMethod`GotoNextSet`SWECmd`InvokeMethod`SWEDIC`false`SWEReqRowId`0`SWEView`Order Ship To View (Sales)`SWEC`94`SWEBID`-1`SRN`xK7T2pIB2ZOV15hwlQxQF5reKcoUB8VpMTZr7we8uAEb`SWEApplet`Order Entry - Order SubTotal Form Applet (Sales)`23`1`c`0`pt`5`sp`s_3_1_20_0`dm`7`w`0`n`64`pw`0`ph`0`ju`6`sq`3997`pan`5`mn`20`ibp`1`crf`8`sdy`0`h`0`iec`1`dft`5`ime`5`dmc`0`t`67`dn`652`fn`5`msz`32`17`0`imp`0`SWEField`s_3_1_20_0`SWENeedContext`true`SWER`0`SWESP`true`SWEMethod`ShowQueryAssistant`SWECmd`InvokeMethod`SWEH`100`SWEDIC`true`SWEReqRowId`0`SWEView`Order Ship To View (Sales)`SWEC`94`SWEW`300`SWEM`Edit`SWEBID`-1`SRN`xK7T2pIB2ZOV15hwlQxQF5reKcoUB8VpMTZr7we8uAEb`SWETA`Query Assistant`SWEApplet`Order Entry - Order SubTotal Form Applet (Sales)`25`1`c`0`pt`5`sp`s_3_1_25_0`dm`7`w`0`n`243`eb`&lt;img src=&quot;images/btn_more.gif&quot; border=&quot;0&quot; space=&quot;0&quot; hspace=&quot;0&quot; alt=&quot;Show more&quot;  title=&quot;Show more&quot; &gt;`pw`0`ph`0`ju`6`sq`3997`pan`5`icm`243`mn`243`ibp`1`crf`8`sdy`0`h`0`iec`1`dft`5`ime`5`dmc`0`t`10`dn`5`fn`5`msz`32`13`0`imp`0`SWEField`s_3_1_25_0`SWENeedContext`true`SWER`0`SWESP`false`SWEMethod`ToggleLayout`SWECmd`InvokeMethod`SWEDIC`false`SWEReqRowId`0`SWEView`Order Ship To View (Sales)`SWEC`94`SWEBID`-1`SRN`xK7T2pIB2ZOV15hwlQxQF5reKcoUB8VpMTZr7we8uAEb`SWEApplet`Order Entry - Order SubTotal Form Applet (Sales)`22`0`c`0`pt`5`sp`s_3_1_52_0`dm`7`w`208`n`3052`pw`0`ph`0`ju`6`sq`3997`pan`5`ibp`1`crf`8`sdy`0`h`24`iec`1`dft`5`ime`5`dmc`0`t`1700`dn`3053`fn`5`msz`32`22`0`c`0`pt`5`sp`s_3_1_53_0`dm`7`w`208`n`3054`pw`0`ph`0`ju`6`sq`3997`pan`5`ibp`1`crf`8`sdy`0`h`24`iec`1`dft`5`ime`5`dmc`0`t`1700`dn`3055`fn`5`msz`32`22`0`c`0`pt`5`sp`s_3_1_54_0`dm`7`w`208`n`3056`pw`0`ph`0`ju`6`sq`3997`pan`5`ibp`1`crf`8`sdy`0`h`24`iec`1`dft`5`ime`5`dmc`0`t`1700`dn`3057`fn`5`msz`32`22`0`c`0`pt`5`sp`s_3_1_42_0`dm`7`w`88`n`3058`pw`0`ph`0`ju`6`sq`3001`pan`5`ibp`1`crf`722`sdy`0`h`24`iec`1`dft`5`ime`5`dmc`0`t`735`dn`3058`fn`3059`msz`25`22`0`c`0`pt`5`sp`s_3_1_43_0`dm`7`w`88`n`3060`pw`0`ph`0`ju`6`sq`3005`pan`5`ibp`1`crf`722`sdy`0`h`24`iec`1`dft`5`ime`5`dmc`0`t`735`dn`3060`fn`3061`msz`25`22`0`c`0`pt`5`sp`s_3_1_46_0`dm`7`w`88`n`3062`pw`0`ph`0`ju`6`sq`3997`pan`5`ibp`1`crf`722`sdy`0`h`24`iec`1`dft`5`ime`5`dmc`0`t`735`dn`3063`fn`1409`msz`25`22`0`c`0`pt`5`sp`s_3_1_48_0`dm`7`w`88`n`3064`pw`0`ph`0`ju`6`sq`3002`pan`5`ibp`1`crf`722`sdy`0`h`24`iec`1`dft`5`ime`5`dmc`0`t`735`dn`3064`fn`3065`msz`25`22`0`c`0`pt`5`sp`s_3_1_49_0`dm`7`w`88`n`3066`pw`0`ph`0`ju`6`sq`3006`pan`5`ibp`1`crf`722`sdy`0`h`24`iec`1`dft`5`ime`5`dmc`0`t`735`dn`3066`fn`3067`msz`25`24`0`c`0`pt`5`sp`s_3_1_47_0`dm`7`w`88`n`3068`pw`300`pat`Detail`ph`100`ju`6`sq`3012`ied`1`pan`5`ibp`1`crf`722`sdy`0`h`24`iec`1`dft`5`ime`5`dmc`0`t`102`dn`3068`fn`3069`msz`25`24`0`c`0`pt`5`sp`s_3_1_50_0`dm`5`w`88`n`3070`pw`300`pat`Detail`ph`100`ju`6`sq`3003`ied`1`pan`5`ibp`1`crf`722`sdy`0`h`24`iec`1`dft`5`ime`5`dmc`0`t`102`dn`3071`fn`3072`msz`25`24`0`c`0`pt`5`sp`s_3_1_51_0`dm`5`w`88`n`3073`pw`300`pat`Detail`ph`100`ju`6`sq`3007`ied`1`pan`5`ibp`1`crf`722`sdy`0`h`24`iec`1`dft`5`ime`5`dmc`0`t`102`dn`3074`fn`1499`msz`25`22`0`c`0`pt`5`sp`s_3_1_7_0`dm`7`w`56`n`3075`pw`0`ph`0`ju`6`sq`3013`pan`5`ibp`1`crf`8`sdy`0`h`24`iec`1`dft`5`ime`5`dmc`0`t`735`dn`3076`fn`3076`msz`18`24`0`c`0`pt`5`sp`s_3_1_33_0`dm`7`w`88`n`3077`pw`300`pat`Detail`ph`100`ju`6`sq`3013`ied`1`pan`5`ibp`1`crf`722`sdy`0`h`24`iec`1`dft`5`ime`5`dmc`0`t`102`dn`3078`fn`1553`msz`25`22`0`c`0`pt`5`sp`s_3_1_44_0`dm`7`w`88`n`3079`pw`0`ph`0`ju`6`sq`3004`pan`5`ibp`1`crf`722`sdy`0`h`24`iec`1`dft`5`ime`5`dmc`0`t`735`dn`3079`fn`1407`msz`25`22`0`c`0`pt`5`sp`s_3_1_45_0`dm`7`w`88`n`3080`pw`0`ph`0`ju`6`sq`3008`pan`5`ibp`1`crf`722`sdy`0`h`24`iec`1`dft`5`ime`5`dmc`0`t`735`dn`3080`fn`1409`msz`25`24`0`c`0`pt`5`sp`s_3_1_35_0`dm`7`w`88`n`3081`pw`300`pat`Detail`ph`100`ju`6`sq`3014`ied`1`pan`5`ibp`1`crf`722`sdy`0`h`24`iec`1`dft`5`ime`5`dmc`0`t`102`dn`1375`fn`1375`msz`25`24`0`c`0`pt`5`sp`s_3_1_4_0`dm`7`w`88`n`3082`pw`300`pat`Detail`ph`100`ju`6`sq`3008`ied`1`pan`5`ibp`1`crf`722`sdy`0`h`24`iec`1`dft`5`ime`5`dmc`0`t`102`dn`3078`fn`3083`msz`25`24`0`c`0`pt`5`sp`s_3_1_3_0`dm`7`w`88`n`3084`pw`300`pat`Detail`ph`100`ju`6`sq`3008`ied`1`pan`5`ibp`1`crf`722`sdy`0`h`24`iec`1`dft`5`ime`5`dmc`0`t`102`dn`3069`fn`3084`msz`25`1`0`cfm`0`DeleteRecord`IDS_SWE_DELETE_CONFIRM_WARNING`3`0`vanc`0`vsid`s_vctrl_div`vsos`2*48`vstp`vuc`1`0`aa`0`n`Order Ship To Form Applet (Sales)`0`6`nci`0`1`0`SI`0`SX`7`0`46`PI`0`1`0`II`0`CP` All Orders`1`0`II`0`CP` All Orders this Week`1`0`II`0`CP`*Pending Manager Approval`1`0`II`0`CP`1MB - Cancelled Orders`1`0`II`0`CP`1MB - Completed Orders`1`0`II`0`CP`1MB - Failed Submission Orders`1`0`II`0`CP`1MB - Orders Since Yesterday`1`0`II`0`CP`1MB - Pending Orders`1`0`II`0`CP`1MB - Pending Orders Since Yesterday`1`0`II`0`CP`All  Sales Orders`1`0`II`0`CP`All Orders Today`1`0`II`0`CP`My Team&apos;s Quote&apos;s`1`0`II`0`CP`Number of Open Orders`1`0`II`0`CP`OPEN MANUAL SUBMISSION`1`0`II`0`CP`Open Sales Orders`1`0`II`0`CP`Open and Billing Setup Completed for &gt; 5Hrs`1`0`II`0`CP`Open and Billing Setup Completed for more than 5Hrs`1`0`II`0`CP`Open and Customer Setup Completed for &gt;5Hrs`1`0`II`0`CP`Open and Customer Setup Completed for more than 5Hrs`1`0`II`0`CP`Open and Submitted to OFS for &gt; 5Hrs`1`0`II`0`CP`Open and Submitted to OFS for more than 5Hrs`1`0`II`0`CP`Open_ActivationSubmitted&gt;5hours`1`0`II`0`CP`Open_ActivationonNetwork&gt;30min`1`0`II`0`CP`Open_AssetsetuponBilling&gt;30min`1`0`II`0`CP`Open_BillingSetupComplete&gt;30min`1`0`II`0`CP`Open_CustomerSetupComplete&gt;30min`1`0`II`0`CP`Open_SubmittedDispatchers&gt;3days at weekend`1`0`II`0`CP`Open_SubmittedtoProtect&gt;3days at weekend`1`0`II`0`CP`Orders with Credit Assignment Crediting Errors`1`0`II`0`CP`Orders with Credit Assignment System Errors`1`0`II`0`CP`PENDING AWAIT CUST OVER 30 DAYS`1`0`II`0`CP`PENDING AWAITING CUSTOMER`1`0`II`0`CP`PENDING CREDIT REFERRAL`1`0`II`0`CP`PENDING CREDIT REFERRAL TEMP`1`0`II`0`CP`PENDING CREDIT REFERRAL WEB`1`0`II`0`CP`PENDING_AWAITING_CUSTOMER`1`0`II`0`CP`PENDING_AWAITING_CUSTOMER_&gt;30DAY`1`0`II`0`CP`PENDING_CREDIT_REFERRAL`1`0`II`0`CP`Pending_Fulfillmentorder_14 Days`1`0`II`0`CP`Pending_Fulfillmentorders_21days`1`0`II`0`CP`Pending_Fulfillmentorders_7days`1`0`II`0`CP`Pending_Validated_&gt;1 hour`1`0`II`0`CP`REFERRAL DECISION MADE`1`0`II`0`CP`REFERRAL DECISION MADE TEMP`1`0`II`0`CP`REFERRAL_DECISION_MADE`1`0`II`0`CP`SWLS`0`2`VI`0`2`0`II`0`CP`1576`VN`1575`2`0`II`0`CP`1578`VN`1577`1`1`AI`0`SX`0`2`0`II`0`CP`105`VN`1575`1`17`DI`0`SX`3`2`0`II`0`CP`1580`VN`1579`2`0`II`0`CP`639`VN`1581`2`0`II`0`CP`1583`VN`1582`2`0`II`0`CP`1585`VN`1584`2`0`II`0`CP`1064`VN`1586`2`0`II`0`CP`1588`VN`1587`2`0`II`0`CP`1590`VN`1589`2`0`II`0`CP`1592`VN`1591`2`0`II`0`CP`1594`VN`1593`2`0`II`0`CP`1596`VN`1595`2`0`II`0`CP`1598`VN`1597`2`0`II`0`CP`1600`VN`1599`2`0`II`0`CP`1602`VN`1601`2`0`II`0`CP`1604`VN`1603`2`0`II`0`CP`1606`VN`1605`2`0`II`0`CP`1608`VN`1607`2`0`II`0`CP`1610`VN`1609`1`1`SDI`0`SX`0`2`0`II`0`CP`3107`VN`1584`2`0`hui`0`n`Shipment: VOL013-473260748547`hnact`top._swe._sweapp.S_App.GotoView(&amp;quot;Order Ship To View (Sales\)&amp;quot;, &amp;quot;&amp;quot;, &amp;quot;/ecommunications_enu_nsm_aps05524a027/start.swe?SWENeedContext=false&amp;amp;SWECmd=GotoBookmarkView&amp;amp;SWEBMC=94&amp;amp;SWEC=94&amp;amp;SRN=xK7T2pIB2ZOV15hwlQxQF5reKcoUB8VpMTZr7we8uAEb&amp;quot;, top._sweclient._swecontent._sweview)`1`7`Command Manager`0`RefreshToolbar`true`7`0`StateToolBar`0`#35`true`#36`true`#17`true`#34`true`#8`false`#37`true`#38`true`0`1`StateExToolBar`0`1`0`#35`0`Checked`false`0`3`FlagsToolBar`0`3`0`#8`0`SWESP`true`SWEH`0`SWEW`0`3`0`#34`0`SWESP`true`SWEH`600`SWEW`800`3`0`#36`0`SWESP`true`SWEH`20`SWEW`380`3`0`State`0`#27`false`#26`false`#28`false`0`3`StateEx`0`0`0`#26`0`0`0`#27`0`1`0`#28`0`Checked`false`0`0`Flags`0`0`3`Accelerators`0`0`3`Order Entry - Order Form Applet Dashboard (Sales)`0`2`0``0`key`01068`Command`*Browser Applet* *DeleteRecord*Order Entry - Order Form Applet Dashboard (Sales)* `2`0``0`key`01168`Command`*Browser Applet* *DeleteRecord*Order Entry - Order Form Applet Dashboard (Sales)* `2`0``0`Command``class`#F`0`1`Order Ship To Form Applet (Sales)`0`2`0``0`Command``class`#F`0`5`Order Entry - Order SubTotal Form Applet (Sales)`0`2`0``0`key`01078`Command`*Browser Applet* *NewRecord*Order Entry - Order SubTotal Form Applet (Sales)* `2`0``0`key`01178`Command`*Browser Applet* *NewRecord*Order Entry - Order SubTotal Form Applet (Sales)* `2`0``0`key`01068`Command`*Browser Applet* *DeleteRecord*Order Entry - Order SubTotal Form Applet (Sales)* `2`0``0`key`01168`Command`*Browser Applet* *DeleteRecord*Order Entry - Order SubTotal Form Applet (Sales)* `2`0``0`Command``class`#F`</responseData>
  <responseFile class="java.lang.String"></responseFile>
  <cookies class="java.lang.String">_sn=GXmoeGkdwh1O45lrH7mMIZnLMWvqHkVWiQKqDOICOq1fi95anXYMaCRAX879ujDRD9kS4J75N4kGDX576Q2AKmwZPUBih-4NS80Pc1189OxasEbdAsHiEtIhcnCzZ0zWb5V6QpVraL0TTGU4ktkGZq374g8C0pUBRhKVASKeW21TgUW5eIkswq97I-.qG-kr; _srn=_srn; SWEUAID=SWEUAID</cookies>
  <method class="java.lang.String">POST</method>
  <queryString class="java.lang.String">SWEC=93&amp;SWEScrollTop=2*48&amp;SWERPC=1&amp;SWENeedContext=false&amp;SWEActiveApplet=BT+Order+Entry+-+Line+Item+List+Applet+%28Sales%29&amp;SWEView=Order+Ship+To+View+%28Sales%29&amp;SWECmd=GotoView&amp;SRN=xK7T2pIB2ZOV15hwlQxQF5reKcoUB8VpMTZr7we8uAEb&amp;SWEScrollId=s_vctrl_div&amp;SWEKeepContext=1&amp;SWEActiveView=Order+Entry+-+Line+Items+Detail+View+%28Sales%29</queryString>
  <java.net.URL>http://localhost:8080/ecommunications_enu_nsm_aps05524a027/start.swe</java.net.URL>
</httpSample>
<httpSample t="{{\d+}}" it="0" lt="{{\d+}}" ct="{{\d+}}" ts="{{\d+}}" s="true" lb="{{\d+}} /ecommunications_enu_nsm_aps05524a027/start.swe" rc="200" rm="OK" tn="Thread Group 1-1" dt="text" de="utf-8" by="3984" sby="1176" sc="1" ec="0" ng="1" na="1" hn="{{.*?}}">
  <responseHeader class="java.lang.String">HTTP/1.1 200 OK
Connection: close
Server: Oracle-iPlanet-Web-Server/7.0
Date: Tue, 23 Jun 2020 13:08:44 GMT
Content-Language: en
Cache-Control: no-cache
Content-Type: text/html;charset=utf-8
Matched-Stub-Id: {{\w+-\w+-\w+-\w+-\w+}}
Vary: Accept-Encoding, User-Agent
Content-Encoding: gzip
</responseHeader>
  <requestHeader class="java.lang.String">Connection: close
Referer: http://localhost:8080/ecommunications_enu_nsm_aps05524a027/start.swe?SWENeedContext=false&amp;SWECmd=GetCachedFrame&amp;SWEACn=23534&amp;SWEC=3&amp;SWEFrame=top._sweclient._swecontent._sweview&amp;SWEBID=-1&amp;SRN=xK7T2pIB2ZOV15hwlQxQF5reKcoUB8VpMTZr7we8uAEb&amp;SWETS=
Accept-Language: en-GB
DNT: 1
Accept-Encoding: gzip, deflate
Accept: image/jpeg, application/x-ms-application, image/gif, application/xaml+xml, image/pjpeg, application/x-ms-xbap, */*
User-Agent: Mozilla/4.0 (compatible; MSIE 7.0; Windows NT 6.3; WOW64; Trident/7.0; .NET4.0E; .NET4.0C; .NET CLR 3.5.30729; .NET CLR 2.0.50727; .NET CLR 3.0.30729)
Host: localhost:8080
</requestHeader>
  <responseData class="java.lang.String">&lt;HTML &gt;&lt;head&gt;&lt;meta HTTP-EQUIV=&quot;Pragma&quot; CONTENT=&quot;no-cache&quot;&gt;
&lt;title&gt;Shipment&lt;/title&gt;&lt;link href=&quot;files/main.css&quot; rel=&quot;stylesheet&quot;/&gt;
&lt;script language=&quot;javascript&quot; src=&quot;23048/scripts/swecommon.js&quot;&gt;&lt;/script&gt; 
&lt;script language=&quot;javascript&quot; src=&quot;23048/scripts/swecmn_hi.js&quot;&gt;&lt;/script&gt; 
&lt;/head&gt;&lt;body leftmargin=&quot;8&quot; topmargin=&quot;2&quot; marginwidth=&quot;20&quot; marginheight=&quot;2&quot; class=&quot;ScreenBack&quot;&gt;&lt;script&gt;
if(typeof(top._swescript)!=&apos;undefined&apos;&amp;&amp;top._swescript!=null) top._swescript.InitFrame(this);&lt;/script&gt;
&lt;table datatable=&quot;0&quot; summary=&quot;&quot; border=&quot;0&quot; cellspacing=&quot;0&quot; cellpadding=&quot;1&quot; width=&quot;100%&quot;&gt;&lt;tr&gt;&lt;/tr&gt;&lt;/table&gt;&lt;a name=&quot;SWEApplet1&quot; id=&quot;SWEApplet1&quot; href=&quot;#SWEApplet1&quot; title=&quot;Sales Order&quot;&gt;&lt;/a&gt;
&lt;div id=&apos;s_S_A1_div&apos;oncontextmenu=&apos;HandleContextMenu(&quot;Order Entry - Order Form Applet Dashboard (Sales\)&quot;)&apos; onclick=&apos;HandleAppletClick(&quot;Order Entry - Order Form Applet Dashboard (Sales\)&quot;)&apos;&gt;
&lt;a id=&quot;SWETopHidden1&quot; href=&quot;javascript:void(0);&quot; tabindex=&quot;1000&quot;&gt;&lt;/a&gt;&lt;table datatable=&quot;0&quot; summary=&quot;&quot; cellpadding=&quot;0&quot; cellspacing=&quot;0&quot; border=&quot;0&quot;&gt;&lt;tr&gt;&lt;td&gt;&lt;img src=&quot;images/spacer.gif&quot; width=&quot;1&quot; height=&quot;3&quot; alt=&quot;&quot;&gt;&lt;/td&gt;&lt;/tr&gt;&lt;/table&gt;&lt;form name=&quot;SWEForm1_0&quot; method=&quot;post&quot; action=&quot;/ecommunications_enu_nsm_aps05524a027/start.swe&quot; onSubmit=&quot;return false;&quot; &gt;
&lt;div class=&quot;NotSelected&quot; id=&quot;a_1&quot;&gt;&lt;table datatable=&quot;0&quot; summary=&quot;&quot; width=&quot;100%&quot; cellpadding=&quot;0&quot; cellspacing=&quot;0&quot; border=&quot;0&quot; align=&quot;center&quot; class=&quot;AppletBack&quot;&gt;&lt;tr&gt;&lt;td class=&quot;AppletHIFormBorder&quot;&gt;&lt;span class=&quot;AppletStyleParent77&quot;&gt;&lt;table datatable=&quot;0&quot; summary=&quot;&quot; width=&quot;100%&quot; cellspacing=&quot;0&quot; cellpadding=&quot;2&quot; border=&quot;0&quot; align=&quot;center&quot;&gt;&lt;tr class=&quot;AppletButtons&quot;&gt;&lt;td nowrap width=&quot;100%&quot; class=&quot;AppletTitle&quot;&gt;&amp;nbsp;&lt;span id=s_1_1_49_0&gt;&amp;nbsp;&lt;/span&gt;&lt;div style=&apos;display:none;&apos;&gt;Sales Order&lt;/div&gt;&lt;/td&gt;&lt;td nowrap valign=&quot;absmiddle&quot; class=&quot;legend&quot;&gt;&lt;/td&gt;&lt;td width=&quot;100%&quot;&gt;&amp;nbsp;&lt;img src=&quot;images/btn_div_gray.gif&quot; height=&quot;13&quot; align=&quot;middle&quot; alt=&quot;&quot;&gt;&amp;nbsp;&lt;/td&gt;&lt;td valign=&quot;middle&quot; nowrap&gt;&lt;span id=&apos;SWEApplet1_ctrlmsg&apos;&gt;&lt;/span&gt;&lt;/td&gt;&lt;td class=&quot;AppletTitle&quot; valign=&quot;middle&quot; nowrap&gt;&lt;span id=s_1_1_113_0&gt;&amp;nbsp;&lt;/span&gt;&lt;/td&gt;&lt;td class=&quot;AppletTitle&quot; valign=&quot;middle&quot; nowrap&gt;&amp;nbsp;&lt;span id=s_1_rc&gt;&lt;/span&gt;&amp;nbsp;&lt;/td&gt;&lt;td class=&quot;AppletTitle&quot; valign=&quot;middle&quot; nowrap&gt;&lt;span id=s_1_1_111_0&gt;&amp;nbsp;&lt;/span&gt;&lt;/td&gt;&lt;td&gt;&amp;nbsp;&lt;/td&gt;&lt;td class=&quot;AppletTitle&quot; valign=&quot;middle&quot;&gt;&lt;img src=&quot;images/btn_div.gif&quot; height=&quot;13&quot; align=&quot;middle&quot; alt=&quot;&quot;&gt;&lt;/td&gt;&lt;td&gt;&amp;nbsp;&lt;/td&gt;&lt;td valign=&quot;middle&quot; nowrap&gt;&lt;span id=s_1_1_65_0&gt;&amp;nbsp;&lt;/span&gt;&lt;/td&gt;&lt;td valign=&quot;top&quot; align=&quot;right&quot;&gt;&lt;/td&gt;&lt;/tr&gt;&lt;/table&gt;&lt;table datatable=&quot;0&quot; summary=&quot;&quot; class=&quot;AppletBackTable&quot; width=&quot;100%&quot; cellspacing=&quot;0&quot; cellpadding=&quot;2&quot; align=&quot;center&quot;&gt;&lt;tr class=&quot;AppletBack&quot; align=&quot;left&quot;&gt;&lt;td nowrap class=&quot;AppletMenu&quot;&gt;&lt;span class=&quot;miniBtnUICTop&quot;&gt;&lt;span class=&quot;miniBtnUIC&quot;&gt;&lt;a id=&apos;s_at_m_1&apos; href=&quot;javascript:void(0)&quot; onclick=&quot;window.event.cancelBubble=true; _JMenu_Initialize(this, &apos;Order Entry - Order Form Applet Dashboard (Sales\)&apos;, &apos;Applet&apos;, s_at_m_1Ax, 0, false); return false;&quot; onmouseover=&quot;MinibtnHover(this.parentNode)&quot; onmouseout=&quot;MinibtnOut(this.parentNode)&quot; onmousedown=&quot;MinibtnDown(this.parentNode)&quot; onmouseup=&quot;MinibtnUp(this.parentNode)&quot; &gt;Menu&amp;nbsp;&lt;img border=&quot;0&quot; src=&quot;images/img_arrow.gif&quot; align=&quot;center&quot;&gt;&lt;/a&gt;&lt;/span&gt;&lt;/span&gt;&lt;object id= &quot;s_at_m_1Ax&quot; CLASSID=&quot;CLSID:9174862b-ac3b-4f9f-abc9-a0a3c9fd95d4&quot; codebase=&quot;23048/applets/SiebelAx_HI_Client.cab&quot; width=0 height = 0&gt;&lt;/object&gt;&lt;/td&gt;&lt;td&gt;&lt;img height=1 alt=&quot;&quot; src=&quot;images/spacer.gif&quot; width=4&gt;&lt;/td&gt;&lt;td&gt;&lt;img src=&quot;images/btn_div_gray.gif&quot; height=&quot;13&quot; align=&quot;middle&quot; alt=&quot;&quot;&gt;&lt;/td&gt;&lt;td&gt;&lt;img src=&quot;images/spacer.gif&quot; width=&quot;4&quot; height=&quot;1&quot; alt=&quot;&quot;&gt;&lt;/td&gt;&lt;td nowrap&gt;&lt;span id=s_1_1_115_0&gt;&amp;nbsp;&lt;/span&gt;&lt;/td&gt;&lt;td nowrap&gt;&lt;span id=s_1_1_114_0&gt;&amp;nbsp;&lt;/span&gt;&lt;/td&gt;&lt;td nowrap&gt;&lt;span id=s_1_1_35_0&gt;&amp;nbsp;&lt;/span&gt;&lt;/td&gt;&lt;td nowrap&gt;&lt;span id=s_1_1_30_0&gt;&amp;nbsp;&lt;/span&gt;&lt;/td&gt;&lt;td nowrap&gt;&lt;span id=s_1_1_56_0&gt;&amp;nbsp;&lt;/span&gt;&lt;/td&gt;&lt;td nowrap&gt;&lt;span id=s_1_1_13_0&gt;&amp;nbsp;&lt;/span&gt;&lt;/td&gt;&lt;td nowrap&gt;&lt;span id=s_1_1_104_0&gt;&amp;nbsp;&lt;/span&gt;&lt;/td&gt;&lt;td nowrap&gt;&lt;span id=s_1_1_24_0&gt;&amp;nbsp;&lt;/span&gt;&lt;/td&gt;&lt;td&gt;&lt;table datatable=&quot;0&quot; summary=&quot;&quot; width=&quot;100%&quot; valign=&quot;top&quot; align=&quot;center&quot; cellpadding=&apos;0&apos; cellspacing=&apos;0&apos; border=&apos;0&apos;&gt;&lt;/table&gt;&lt;/td&gt;&lt;td class=&quot;mceGridLabel&quot; align=&quot;left&quot; width=&quot;100%&quot; nowrap&gt;&amp;nbsp;&lt;b&gt;&lt;span id=1_msg&gt;&lt;/span&gt;&lt;/b&gt;&lt;/td&gt;&lt;/tr&gt;&lt;/table&gt;&lt;table datatable=&quot;0&quot; summary=&quot;&quot; class=&quot;AppletBackTable&quot; width=&quot;100%&quot; cellspacing=&quot;0&quot; cellpadding=&quot;0&quot; align=&quot;center&quot;&gt;&lt;tr class=&quot;AppletBack&quot;&gt;&lt;td class=&quot;AppletBack&quot;&gt;&lt;img src=&quot;images/spacer.gif&quot; height=&quot;1&quot; width=&quot;1&quot; alt=&quot;&quot;&gt;&lt;/td&gt;&lt;td class=&quot;AppletBlank&quot; width=&quot;100%&quot;&gt;&lt;img src=&quot;images/spacer.gif&quot; height=&quot;1&quot; width=&quot;1&quot; alt=&quot;&quot;&gt;&lt;/td&gt;&lt;/tr&gt;&lt;/table&gt;&lt;span id=1_c_err style=&quot;display: none;&quot;&gt;&lt;table datatable=&quot;0&quot; summary=&quot;&quot; class=&quot;AppletBack&quot; width=&quot;100%&quot; cellpadding=&quot;0&quot; cellspacing=&quot;5&quot; border=&quot;0&quot;&gt;&lt;tr&gt;&lt;td class=&quot;error&quot;&gt;&lt;/td&gt;&lt;/tr&gt;&lt;/table&gt;&lt;/span&gt;&lt;div class=&quot;NotSelected&quot; id=&quot;a_1&quot;&gt;&lt;div align=left style=&quot;width:100%;&quot; class=&quot;GridBorder&quot;&gt;&lt;table class=&quot;GridBack&quot; border=0 cellspacing=0 cellpadding=0&gt;&lt;tr&gt;&lt;td&gt;&lt;/td&gt;&lt;td style=&quot;width:8px;&quot;&gt;&lt;/td&gt;&lt;td style=&quot;width:120px;&quot;&gt;&lt;/td&gt;&lt;td style=&quot;width:40px;&quot;&gt;&lt;/td&gt;&lt;td style=&quot;width:8px;&quot;&gt;&lt;/td&gt;&lt;td style=&quot;width:80px;&quot;&gt;&lt;/td&gt;&lt;td style=&quot;width:8px;&quot;&gt;&lt;/td&gt;&lt;td style=&quot;width:48px;&quot;&gt;&lt;/td&gt;&lt;td style=&quot;width:128px;&quot;&gt;&lt;/td&gt;&lt;td style=&quot;width:128px;&quot;&gt;&lt;/td&gt;&lt;td style=&quot;width:8px;&quot;&gt;&lt;/td&gt;&lt;td style=&quot;width:40px;&quot;&gt;&lt;/td&gt;&lt;td style=&quot;width:112px;&quot;&gt;&lt;/td&gt;&lt;td style=&quot;width:128px;&quot;&gt;&lt;/td&gt;&lt;td style=&quot;width:8px;&quot;&gt;&lt;/td&gt;&lt;td style=&quot;width:72px;&quot;&gt;&lt;/td&gt;&lt;td style=&quot;width:128px;&quot;&gt;&lt;/td&gt;&lt;td style=&quot;width:128px;&quot;&gt;&lt;/td&gt;&lt;/tr&gt;&lt;tr&gt;&lt;td style=&quot;height:8;&quot;&gt;&lt;/td&gt;&lt;td rowSpan=1 colSpan=17&gt;&lt;/td&gt;&lt;/tr&gt;&lt;tr&gt;&lt;td style=&quot;height:24;&quot;&gt;&lt;/td&gt;&lt;td nowrap valign=middle colSpan=2 rowSpan=1&gt;&lt;div class=&quot;mceGridLabel&quot; align=&quot;Right&quot;&gt;&amp;nbsp;Order #:&lt;img src=&quot;images/icon_req.gif&quot; border=&quot;0&quot; space=&quot;0&quot; hspace=&quot;0&quot; alt=&quot;Required&quot;  title=&quot;Required&quot; &gt;&lt;/img&gt;&lt;/div&gt;&lt;/td&gt;&lt;td nowrap valign=middle colSpan=3 rowSpan=1&gt;&lt;div class=&quot;mceGridField&quot;&gt;&lt;script&gt;SWEWriteObjectTag(this,&apos;&lt;object id=s_1_1_73_0 CLASSID=&quot;CLSID:1cb4ef94-8549-471a-b73f-54ff5c244212&quot; HEIGHT=24 WIDTH=128&gt;&lt;/object&gt;&apos;);&lt;/script&gt;&lt;/div&gt;&lt;/td&gt;&lt;td rowSpan=3 colSpan=1&gt;&lt;/td&gt;&lt;td nowrap valign=middle colSpan=2 rowSpan=1&gt;&lt;div class=&quot;mceGridLabel&quot; align=&quot;Right&quot;&gt;&amp;nbsp;Customer:&lt;/div&gt;&lt;/td&gt;&lt;td nowrap valign=middle colSpan=1 rowSpan=1&gt;&lt;div class=&quot;mceGridField&quot;&gt;&lt;script&gt;SWEWriteObjectTag(this,&apos;&lt;object id=s_1_1_95_0 CLASSID=&quot;CLSID:1cb4ef94-8549-471a-b73f-54ff5c244212&quot; HEIGHT=20 WIDTH=128&gt;&lt;/object&gt;&apos;);&lt;/script&gt;&lt;/div&gt;&lt;/td&gt;&lt;td rowSpan=3 colSpan=1&gt;&lt;/td&gt;&lt;td nowrap valign=middle colSpan=2 rowSpan=1&gt;&lt;div class=&quot;mceGridLabel&quot; align=&quot;Right&quot;&gt;&amp;nbsp;Opportunity:&lt;/div&gt;&lt;/td&gt;&lt;td nowrap valign=middle colSpan=1 rowSpan=1&gt;&lt;div class=&quot;mceGridField&quot;&gt;&lt;script&gt;SWEWriteObjectTag(this,&apos;&lt;object id=s_1_1_46_0 CLASSID=&quot;CLSID:1cb4ef94-8549-471a-b73f-54ff5c244212&quot; HEIGHT=24 WIDTH=128&gt;&lt;/object&gt;&apos;);&lt;/script&gt;&lt;/div&gt;&lt;/td&gt;&lt;td rowSpan=3 colSpan=1&gt;&lt;/td&gt;&lt;td nowrap valign=middle colSpan=2 rowSpan=1&gt;&lt;div class=&quot;mceGridLabel&quot; align=&quot;Right&quot;&gt;&amp;nbsp;Total:&lt;/div&gt;&lt;/td&gt;&lt;td nowrap valign=middle colSpan=1 rowSpan=1&gt;&lt;div class=&quot;mceGridField&quot;&gt;&lt;script&gt;SWEWriteObjectTag(this,&apos;&lt;object id=s_1_1_67_0 CLASSID=&quot;CLSID:1cb4ef94-8549-471a-b73f-54ff5c244212&quot; HEIGHT=24 WIDTH=128&gt;&lt;/object&gt;&apos;);&lt;/script&gt;&lt;/div&gt;&lt;/td&gt;&lt;/tr&gt;&lt;tr&gt;&lt;td style=&quot;height:24;&quot;&gt;&lt;/td&gt;&lt;td nowrap valign=middle colSpan=2 rowSpan=1&gt;&lt;div class=&quot;mceGridLabel&quot; align=&quot;Right&quot;&gt;&amp;nbsp;Revision:&lt;/div&gt;&lt;/td&gt;&lt;td nowrap valign=middle colSpan=3 rowSpan=1&gt;&lt;div class=&quot;mceGridField&quot;&gt;&lt;script&gt;SWEWriteObjectTag(this,&apos;&lt;object id=s_1_1_69_0 CLASSID=&quot;CLSID:1cb4ef94-8549-471a-b73f-54ff5c244212&quot; HEIGHT=24 WIDTH=128&gt;&lt;/object&gt;&apos;);&lt;/script&gt;&lt;/div&gt;&lt;/td&gt;&lt;td rowSpan=1 colSpan=1&gt;&lt;/td&gt;&lt;td valign=middle colSpan=1 rowSpan=1&gt;&lt;/td&gt;&lt;td valign=middle colSpan=1 rowSpan=1&gt;&lt;/td&gt;&lt;td rowSpan=1 colSpan=1&gt;&lt;/td&gt;&lt;td valign=middle colSpan=1 rowSpan=1&gt;&lt;/td&gt;&lt;td valign=middle colSpan=1 rowSpan=1&gt;&lt;/td&gt;&lt;td rowSpan=1 colSpan=1&gt;&lt;/td&gt;&lt;td valign=middle colSpan=1 rowSpan=1&gt;&lt;/td&gt;&lt;td valign=middle colSpan=1 rowSpan=1&gt;&lt;/td&gt;&lt;/tr&gt;&lt;tr&gt;&lt;td style=&quot;height:24;&quot;&gt;&lt;/td&gt;&lt;td nowrap valign=middle colSpan=2 rowSpan=1&gt;&lt;div class=&quot;mceGridLabel&quot; align=&quot;Right&quot;&gt;&amp;nbsp;Type:&lt;/div&gt;&lt;/td&gt;&lt;td nowrap valign=middle colSpan=3 rowSpan=1&gt;&lt;div class=&quot;mceGridField&quot;&gt;&lt;script&gt;SWEWriteObjectTag(this,&apos;&lt;object id=s_1_1_74_0 CLASSID=&quot;CLSID:1cb4ef94-8549-471a-b73f-54ff5c244212&quot; HEIGHT=24 WIDTH=128&gt;&lt;/object&gt;&apos;);&lt;/script&gt;&lt;/div&gt;&lt;/td&gt;&lt;td nowrap valign=middle colSpan=2 rowSpan=1&gt;&lt;/td&gt;&lt;td nowrap valign=middle colSpan=1 rowSpan=1&gt;&lt;/td&gt;&lt;td nowrap valign=middle colSpan=2 rowSpan=1&gt;&lt;/td&gt;&lt;td nowrap valign=middle colSpan=1 rowSpan=1&gt;&lt;/td&gt;&lt;td nowrap valign=middle colSpan=2 rowSpan=1&gt;&lt;/td&gt;&lt;td nowrap valign=middle colSpan=1 rowSpan=1&gt;&lt;/td&gt;&lt;/tr&gt;&lt;/table&gt;&lt;/div&gt;&lt;/div&gt;&lt;/span&gt;&lt;/td&gt;&lt;/tr&gt;&lt;/table&gt;&lt;/div&gt;&lt;/form&gt;
&lt;a id=&quot;SWEBottomHidden1&quot; href=&quot;javascript:void(0);&quot; tabindex=&quot;1999&quot; onfocus=&quot;document.getElementById(&apos;SWETopHidden1&apos;).focus();&quot;&gt;&lt;/a&gt;&lt;/div&gt;&lt;table datatable=&quot;0&quot; summary=&quot;&quot; class=&quot;tier3Back&quot; width=&quot;100%&quot; align=&quot;center&quot; cellpadding=&quot;0&quot; cellspacing=&quot;0&quot; border=&quot;0&quot;&gt;&lt;tr valign=&quot;top&quot;&gt;&lt;td&gt;&lt;img src=&quot;images/spacer.gif&quot; width=&quot;1&quot; height=&quot;3&quot; alt=&quot;&quot;&gt;&lt;/td&gt;&lt;/tr&gt;&lt;/table&gt;&lt;div id=s_vctrl_div STYLE=&quot;height:37px&quot;&gt;&lt;div&gt; &lt;/div&gt;&lt;script&gt;SWEWriteObjectTag(this,&apos;&lt;OBJECT ID=&quot;s_vctrl&quot; CLASSID=&quot;clsid:bfb7437b-a5ea-4d13-a552-4150b0fdf838&quot; CODEBASE=&quot;&quot; WIDTH =&quot;100%&quot; HEIGHT =&quot;100%&quot;  tabindex=-1 &gt;&lt;PARAM NAME=&quot;style&quot; VALUE=&quot;Tab&quot;/&gt;&lt;PARAM NAME=&quot;indentWidth&quot; VALUE=&quot;30&quot;/&gt;&lt;PARAM NAME=&quot;type&quot; VALUE=&quot;Detail Category&quot;/&gt;&lt;/OBJECT&gt;&apos;);&lt;/script&gt;&lt;/div&gt;&lt;div style=&quot;width:100%; border-color:#E0E5F5; border-style: solid; border-width: 0 1 1 1; padding: 0 3 3 3;&quot;&gt;&lt;a name=&quot;SWEApplet2&quot; id=&quot;SWEApplet2&quot; href=&quot;#SWEApplet2&quot; title=&quot;Shipment Details&quot;&gt;&lt;/a&gt;
&lt;div id=&apos;s_S_A2_div&apos;oncontextmenu=&apos;HandleContextMenu(&quot;Order Ship To Form Applet (Sales\)&quot;)&apos; onclick=&apos;HandleAppletClick(&quot;Order Ship To Form Applet (Sales\)&quot;)&apos;&gt;
&lt;a id=&quot;SWETopHidden2&quot; href=&quot;javascript:void(0);&quot; tabindex=&quot;2000&quot;&gt;&lt;/a&gt;&lt;form name=&quot;SWEForm2_0&quot; method=&quot;post&quot; action=&quot;/ecommunications_enu_nsm_aps05524a027/start.swe&quot; onSubmit=&quot;return false;&quot; &gt;
&lt;div class=&quot;NotSelected&quot; id=&quot;a_2&quot;&gt;&lt;table datatable=&quot;0&quot; summary=&quot;&quot; width=&quot;100%&quot; cellpadding=&quot;0&quot; cellspacing=&quot;0&quot; border=&quot;0&quot; align=&quot;center&quot; class=&quot;AppletBack&quot;&gt;&lt;tr&gt;&lt;td class=&quot;AppletHIFormBorder&quot;&gt;&lt;span class=&quot;AppletStyleChild77&quot;&gt;&lt;table datatable=&quot;0&quot; summary=&quot;&quot; width=&quot;100%&quot; cellspacing=&quot;0&quot; cellpadding=&quot;2&quot; border=&quot;0&quot; align=&quot;center&quot;&gt;&lt;tr class=&quot;AppletButtons&quot;&gt;&lt;td nowrap width=&quot;100%&quot; class=&quot;AppletTitle&quot;&gt;&amp;nbsp;&lt;/td&gt;&lt;td nowrap valign=&quot;absmiddle&quot; class=&quot;legend&quot;&gt;&lt;/td&gt;&lt;td width=&quot;100%&quot;&gt;&amp;nbsp;&lt;img src=&quot;images/btn_div_gray.gif&quot; height=&quot;13&quot; align=&quot;middle&quot; alt=&quot;&quot;&gt;&amp;nbsp;&lt;/td&gt;&lt;td valign=&quot;middle&quot; nowrap&gt;&lt;span id=&apos;SWEApplet2_ctrlmsg&apos;&gt;&lt;/span&gt;&lt;/td&gt;&lt;td class=&quot;AppletTitle&quot; valign=&quot;middle&quot; nowrap&gt;&lt;span id=s_2_1_14_0&gt;&amp;nbsp;&lt;/span&gt;&lt;/td&gt;&lt;td class=&quot;AppletTitle&quot; valign=&quot;middle&quot; nowrap&gt;&amp;nbsp;&lt;span id=s_2_rc&gt;&lt;/span&gt;&amp;nbsp;&lt;/td&gt;&lt;td class=&quot;AppletTitle&quot; valign=&quot;middle&quot; nowrap&gt;&lt;span id=s_2_1_13_0&gt;&amp;nbsp;&lt;/span&gt;&lt;/td&gt;&lt;td valign=&quot;top&quot; align=&quot;right&quot;&gt;&lt;/td&gt;&lt;/tr&gt;&lt;/table&gt;&lt;table datatable=&quot;0&quot; summary=&quot;&quot; class=&quot;AppletBackTable&quot; width=&quot;100%&quot; cellspacing=&quot;0&quot; cellpadding=&quot;2&quot; align=&quot;center&quot;&gt;&lt;tr class=&quot;AppletBack&quot; align=&quot;left&quot;&gt;&lt;td nowrap class=&quot;AppletMenu&quot;&gt;&lt;span class=&quot;miniBtnUICTop&quot;&gt;&lt;span class=&quot;miniBtnUIC&quot;&gt;&lt;a id=&apos;s_at_m_2&apos; href=&quot;javascript:void(0)&quot; onclick=&quot;window.event.cancelBubble=true; _JMenu_Initialize(this, &apos;Order Ship To Form Applet (Sales\)&apos;, &apos;Applet&apos;, s_at_m_2Ax, 0, false); return false;&quot; onmouseover=&quot;MinibtnHover(this.parentNode)&quot; onmouseout=&quot;MinibtnOut(this.parentNode)&quot; onmousedown=&quot;MinibtnDown(this.parentNode)&quot; onmouseup=&quot;MinibtnUp(this.parentNode)&quot; &gt;Menu&amp;nbsp;&lt;img border=&quot;0&quot; src=&quot;images/img_arrow.gif&quot; align=&quot;center&quot;&gt;&lt;/a&gt;&lt;/span&gt;&lt;/span&gt;&lt;object id= &quot;s_at_m_2Ax&quot; CLASSID=&quot;CLSID:9174862b-ac3b-4f9f-abc9-a0a3c9fd95d4&quot; codebase=&quot;23048/applets/SiebelAx_HI_Client.cab&quot; width=0 height = 0&gt;&lt;/object&gt;&lt;/td&gt;&lt;td&gt;&lt;img height=1 alt=&quot;&quot; src=&quot;images/spacer.gif&quot; width=4&gt;&lt;/td&gt;&lt;td&gt;&lt;img src=&quot;images/btn_div_gray.gif&quot; height=&quot;13&quot; align=&quot;middle&quot; alt=&quot;&quot;&gt;&lt;/td&gt;&lt;td&gt;&lt;img src=&quot;images/spacer.gif&quot; width=&quot;4&quot; height=&quot;1&quot; alt=&quot;&quot;&gt;&lt;/td&gt;&lt;td nowrap&gt;&lt;span id=s_2_1_12_0&gt;&amp;nbsp;&lt;/span&gt;&lt;/td&gt;&lt;td nowrap&gt;&lt;span id=s_2_1_21_0&gt;&amp;nbsp;&lt;/span&gt;&lt;/td&gt;&lt;td nowrap&gt;&lt;span id=s_2_1_3_0&gt;&amp;nbsp;&lt;/span&gt;&lt;/td&gt;&lt;td&gt;&lt;table datatable=&quot;0&quot; summary=&quot;&quot; width=&quot;100%&quot; valign=&quot;top&quot; align=&quot;center&quot; cellpadding=&apos;0&apos; cellspacing=&apos;0&apos; border=&apos;0&apos;&gt;&lt;/table&gt;&lt;/td&gt;&lt;td class=&quot;mceGridLabel&quot; align=&quot;left&quot; width=&quot;100%&quot; nowrap&gt;&amp;nbsp;&lt;b&gt;&lt;span id=2_msg&gt;&lt;/span&gt;&lt;/b&gt;&lt;/td&gt;&lt;/tr&gt;&lt;/table&gt;&lt;table datatable=&quot;0&quot; summary=&quot;&quot; class=&quot;AppletBackTable&quot; width=&quot;100%&quot; cellspacing=&quot;0&quot; cellpadding=&quot;0&quot; align=&quot;center&quot;&gt;&lt;tr class=&quot;AppletBack&quot;&gt;&lt;td class=&quot;AppletBack&quot;&gt;&lt;img src=&quot;images/spacer.gif&quot; height=&quot;1&quot; width=&quot;1&quot; alt=&quot;&quot;&gt;&lt;/td&gt;&lt;td class=&quot;AppletBlank&quot; width=&quot;100%&quot;&gt;&lt;img src=&quot;images/spacer.gif&quot; height=&quot;1&quot; width=&quot;1&quot; alt=&quot;&quot;&gt;&lt;/td&gt;&lt;/tr&gt;&lt;/table&gt;&lt;span id=2_c_err style=&quot;display: none;&quot;&gt;&lt;table datatable=&quot;0&quot; summary=&quot;&quot; class=&quot;AppletBack&quot; width=&quot;100%&quot; cellpadding=&quot;0&quot; cellspacing=&quot;5&quot; border=&quot;0&quot;&gt;&lt;tr&gt;&lt;td class=&quot;error&quot;&gt;&lt;/td&gt;&lt;/tr&gt;&lt;/table&gt;&lt;/span&gt;&lt;div class=&quot;NotSelected&quot; id=&quot;a_2&quot;&gt;&lt;div align=left style=&quot;width:100%;&quot; class=&quot;GridBorder&quot;&gt;&lt;table class=&quot;GridBack&quot; border=0 cellspacing=0 cellpadding=0&gt;&lt;tr&gt;&lt;td&gt;&lt;/td&gt;&lt;td style=&quot;width:8px;&quot;&gt;&lt;/td&gt;&lt;td style=&quot;width:128px;&quot;&gt;&lt;/td&gt;&lt;td style=&quot;width:128px;&quot;&gt;&lt;/td&gt;&lt;td style=&quot;width:8px;&quot;&gt;&lt;/td&gt;&lt;td style=&quot;width:144px;&quot;&gt;&lt;/td&gt;&lt;td style=&quot;width:128px;&quot;&gt;&lt;/td&gt;&lt;td style=&quot;width:112px;&quot;&gt;&lt;/td&gt;&lt;td style=&quot;width:8px;&quot;&gt;&lt;/td&gt;&lt;td style=&quot;width:8px;&quot;&gt;&lt;/td&gt;&lt;td style=&quot;width:128px;&quot;&gt;&lt;/td&gt;&lt;td style=&quot;width:8px;&quot;&gt;&lt;/td&gt;&lt;td style=&quot;width:192px;&quot;&gt;&lt;/td&gt;&lt;td style=&quot;width:112px;&quot;&gt;&lt;/td&gt;&lt;/tr&gt;&lt;tr&gt;&lt;td style=&quot;height:8;&quot;&gt;&lt;/td&gt;&lt;td rowSpan=7 colSpan=1&gt;&lt;/td&gt;&lt;td rowSpan=1 colSpan=12&gt;&lt;/td&gt;&lt;/tr&gt;&lt;tr&gt;&lt;td style=&quot;height:24;&quot;&gt;&lt;/td&gt;&lt;td valign=middle colSpan=1 rowSpan=1&gt;&lt;/td&gt;&lt;td valign=middle colSpan=1 rowSpan=1&gt;&lt;/td&gt;&lt;td rowSpan=4 colSpan=1&gt;&lt;/td&gt;&lt;td nowrap valign=middle colSpan=1 rowSpan=1&gt;&lt;div class=&quot;mceGridLabel&quot; align=&quot;Right&quot;&gt;&amp;nbsp;Sub Premise, Building:&lt;/div&gt;&lt;/td&gt;&lt;td nowrap valign=middle colSpan=5 rowSpan=1&gt;&lt;div class=&quot;mceGridField&quot;&gt;&lt;script&gt;SWEWriteObjectTag(this,&apos;&lt;object id=s_2_1_33_0 CLASSID=&quot;CLSID:1cb4ef94-8549-471a-b73f-54ff5c244212&quot; HEIGHT=24 WIDTH=384&gt;&lt;/object&gt;&apos;);&lt;/script&gt;&lt;/div&gt;&lt;/td&gt;&lt;td rowSpan=4 colSpan=1&gt;&lt;/td&gt;&lt;td nowrap valign=middle colSpan=1 rowSpan=1&gt;&lt;div class=&quot;mceGridLabel&quot; align=&quot;Right&quot;&gt;&amp;nbsp;Delivery Method:&lt;/div&gt;&lt;/td&gt;&lt;td nowrap valign=middle colSpan=1 rowSpan=1&gt;&lt;div class=&quot;mceGridField&quot;&gt;&lt;script&gt;SWEWriteObjectTag(this,&apos;&lt;object id=s_2_1_10_0 CLASSID=&quot;CLSID:1cb4ef94-8549-471a-b73f-54ff5c244212&quot; HEIGHT=24 WIDTH=112&gt;&lt;/object&gt;&apos;);&lt;/script&gt;&lt;/div&gt;&lt;/td&gt;&lt;/tr&gt;&lt;tr&gt;&lt;td style=&quot;height:24;&quot;&gt;&lt;/td&gt;&lt;td nowrap valign=middle colSpan=1 rowSpan=1&gt;&lt;div class=&quot;mceGridLabel&quot; align=&quot;Right&quot;&gt;&amp;nbsp;Site:&lt;/div&gt;&lt;/td&gt;&lt;td nowrap valign=middle colSpan=1 rowSpan=1&gt;&lt;div class=&quot;mceGridField&quot;&gt;&lt;script&gt;SWEWriteObjectTag(this,&apos;&lt;object id=s_2_1_36_0 CLASSID=&quot;CLSID:1cb4ef94-8549-471a-b73f-54ff5c244212&quot; HEIGHT=24 WIDTH=128&gt;&lt;/object&gt;&apos;);&lt;/script&gt;&lt;/div&gt;&lt;/td&gt;&lt;td nowrap valign=middle colSpan=1 rowSpan=1&gt;&lt;div class=&quot;mceGridLabel&quot; align=&quot;Right&quot;&gt;&amp;nbsp;Street Number, Street:&lt;/div&gt;&lt;/td&gt;&lt;td nowrap valign=middle colSpan=5 rowSpan=1&gt;&lt;div class=&quot;mceGridField&quot;&gt;&lt;script&gt;SWEWriteObjectTag(this,&apos;&lt;object id=s_2_1_34_0 CLASSID=&quot;CLSID:1cb4ef94-8549-471a-b73f-54ff5c244212&quot; HEIGHT=24 WIDTH=384&gt;&lt;/object&gt;&apos;);&lt;/script&gt;&lt;/div&gt;&lt;/td&gt;&lt;td nowrap valign=middle colSpan=1 rowSpan=1&gt;&lt;div class=&quot;mceGridLabel&quot; align=&quot;Right&quot;&gt;&amp;nbsp;Charging Type:&lt;/div&gt;&lt;/td&gt;&lt;td nowrap valign=middle colSpan=1 rowSpan=1&gt;&lt;div class=&quot;mceGridField&quot;&gt;&lt;script&gt;SWEWriteObjectTag(this,&apos;&lt;object id=s_2_1_2_0 CLASSID=&quot;CLSID:1cb4ef94-8549-471a-b73f-54ff5c244212&quot; HEIGHT=24 WIDTH=112&gt;&lt;/object&gt;&apos;);&lt;/script&gt;&lt;/div&gt;&lt;/td&gt;&lt;/tr&gt;&lt;tr&gt;&lt;td style=&quot;height:24;&quot;&gt;&lt;/td&gt;&lt;td nowrap valign=middle colSpan=1 rowSpan=1&gt;&lt;div class=&quot;mceGridLabel&quot; align=&quot;Right&quot;&gt;&amp;nbsp;Last Name:&lt;/div&gt;&lt;/td&gt;&lt;td nowrap valign=middle colSpan=1 rowSpan=1&gt;&lt;div class=&quot;mceGridField&quot;&gt;&lt;script&gt;SWEWriteObjectTag(this,&apos;&lt;object id=s_2_1_25_0 CLASSID=&quot;CLSID:1cb4ef94-8549-471a-b73f-54ff5c244212&quot; HEIGHT=24 WIDTH=128&gt;&lt;/object&gt;&apos;);&lt;/script&gt;&lt;/div&gt;&lt;/td&gt;&lt;td nowrap valign=middle colSpan=1 rowSpan=1&gt;&lt;div class=&quot;mceGridLabel&quot; align=&quot;Right&quot;&gt;&amp;nbsp;Town:&lt;/div&gt;&lt;/td&gt;&lt;td nowrap valign=middle colSpan=1 rowSpan=1&gt;&lt;div class=&quot;mceGridField&quot;&gt;&lt;script&gt;SWEWriteObjectTag(this,&apos;&lt;object id=s_2_1_37_0 CLASSID=&quot;CLSID:1cb4ef94-8549-471a-b73f-54ff5c244212&quot; HEIGHT=24 WIDTH=128&gt;&lt;/object&gt;&apos;);&lt;/script&gt;&lt;/div&gt;&lt;/td&gt;&lt;td nowrap valign=middle colSpan=3 rowSpan=1&gt;&lt;div class=&quot;mceGridLabel&quot; align=&quot;Right&quot;&gt;&amp;nbsp;County:&lt;/div&gt;&lt;/td&gt;&lt;td nowrap valign=middle colSpan=1 rowSpan=1&gt;&lt;div class=&quot;mceGridField&quot;&gt;&lt;script&gt;SWEWriteObjectTag(this,&apos;&lt;object id=s_2_1_38_0 CLASSID=&quot;CLSID:1cb4ef94-8549-471a-b73f-54ff5c244212&quot; HEIGHT=24 WIDTH=128&gt;&lt;/object&gt;&apos;);&lt;/script&gt;&lt;/div&gt;&lt;/td&gt;&lt;td nowrap valign=middle colSpan=1 rowSpan=1&gt;&lt;div class=&quot;mceGridLabel&quot; align=&quot;Right&quot;&gt;&amp;nbsp;Delivery Terms:&lt;/div&gt;&lt;/td&gt;&lt;td nowrap valign=middle colSpan=1 rowSpan=1&gt;&lt;div class=&quot;mceGridField&quot;&gt;&lt;script&gt;SWEWriteObjectTag(this,&apos;&lt;object id=s_2_1_27_0 CLASSID=&quot;CLSID:1cb4ef94-8549-471a-b73f-54ff5c244212&quot; HEIGHT=24 WIDTH=112&gt;&lt;/object&gt;&apos;);&lt;/script&gt;&lt;/div&gt;&lt;/td&gt;&lt;/tr&gt;&lt;tr&gt;&lt;td style=&quot;height:24;&quot;&gt;&lt;/td&gt;&lt;td nowrap valign=middle colSpan=1 rowSpan=1&gt;&lt;div class=&quot;mceGridLabel&quot; align=&quot;Right&quot;&gt;&amp;nbsp;First Name:&lt;/div&gt;&lt;/td&gt;&lt;td nowrap valign=middle colSpan=1 rowSpan=1&gt;&lt;div class=&quot;mceGridField&quot;&gt;&lt;script&gt;SWEWriteObjectTag(this,&apos;&lt;object id=s_2_1_26_0 CLASSID=&quot;CLSID:1cb4ef94-8549-471a-b73f-54ff5c244212&quot; HEIGHT=24 WIDTH=128&gt;&lt;/object&gt;&apos;);&lt;/script&gt;&lt;/div&gt;&lt;/td&gt;&lt;td nowrap valign=middle colSpan=1 rowSpan=1&gt;&lt;div class=&quot;mceGridLabel&quot; align=&quot;Right&quot;&gt;&amp;nbsp;Post Code:&lt;/div&gt;&lt;/td&gt;&lt;td nowrap valign=middle colSpan=1 rowSpan=1&gt;&lt;div class=&quot;mceGridField&quot;&gt;&lt;script&gt;SWEWriteObjectTag(this,&apos;&lt;object id=s_2_1_29_0 CLASSID=&quot;CLSID:1cb4ef94-8549-471a-b73f-54ff5c244212&quot; HEIGHT=24 WIDTH=128&gt;&lt;/object&gt;&apos;);&lt;/script&gt;&lt;/div&gt;&lt;/td&gt;&lt;td nowrap valign=middle colSpan=3 rowSpan=1&gt;&lt;div class=&quot;mceGridLabel&quot; align=&quot;Right&quot;&gt;&amp;nbsp;Country:&lt;/div&gt;&lt;/td&gt;&lt;td nowrap valign=middle colSpan=1 rowSpan=1&gt;&lt;div class=&quot;mceGridField&quot;&gt;&lt;script&gt;SWEWriteObjectTag(this,&apos;&lt;object id=s_2_1_30_0 CLASSID=&quot;CLSID:1cb4ef94-8549-471a-b73f-54ff5c244212&quot; HEIGHT=24 WIDTH=128&gt;&lt;/object&gt;&apos;);&lt;/script&gt;&lt;/div&gt;&lt;/td&gt;&lt;td nowrap valign=middle colSpan=1 rowSpan=1&gt;&lt;div class=&quot;mceGridLabel&quot; align=&quot;Right&quot;&gt;&amp;nbsp;Delivery Complete:&lt;/div&gt;&lt;/td&gt;&lt;td nowrap valign=middle colSpan=1 rowSpan=1&gt;&lt;div class=&quot;mceGridField&quot;&gt;&lt;script&gt;SWEWriteObjectTag(this,&apos;&lt;object id=s_2_1_20_0 CLASSID=&quot;CLSID:1cb4ef94-8549-471a-b73f-54ff5c244212&quot; HEIGHT=12 WIDTH=12&gt;&lt;/object&gt;&apos;);&lt;/script&gt;&lt;/div&gt;&lt;/td&gt;&lt;/tr&gt;&lt;tr&gt;&lt;td style=&quot;height:24;&quot;&gt;&lt;/td&gt;&lt;td nowrap valign=middle colSpan=4 rowSpan=1&gt;&lt;div class=&quot;mceGridLabel&quot; align=&quot;Right&quot;&gt;&amp;nbsp;Delivery Instructions (max 40 char):&lt;/div&gt;&lt;/td&gt;&lt;td valign=middle colSpan=2 rowSpan=2&gt;&lt;div class=&quot;mceGridField&quot;&gt;&lt;script&gt;SWEWriteObjectTag(this,&apos;&lt;object id=s_2_1_1_0 CLASSID=&quot;CLSID:1cb4ef94-8549-471a-b73f-54ff5c244212&quot; HEIGHT=56 WIDTH=240&gt;&lt;/object&gt;&apos;);&lt;/script&gt;&lt;/div&gt;&lt;/td&gt;&lt;td rowSpan=2 colSpan=1&gt;&lt;/td&gt;&lt;td nowrap valign=middle colSpan=4 rowSpan=1&gt;&lt;div class=&quot;mceGridLabel&quot; align=&quot;Right&quot;&gt;&amp;nbsp;Address Confirm:&lt;/div&gt;&lt;/td&gt;&lt;td nowrap valign=middle colSpan=1 rowSpan=1&gt;&lt;div class=&quot;mceGridField&quot;&gt;&lt;script&gt;SWEWriteObjectTag(this,&apos;&lt;object id=s_2_1_17_0 CLASSID=&quot;CLSID:1cb4ef94-8549-471a-b73f-54ff5c244212&quot; HEIGHT=12 WIDTH=12&gt;&lt;/object&gt;&apos;);&lt;/script&gt;&lt;/div&gt;&lt;/td&gt;&lt;/tr&gt;&lt;tr&gt;&lt;td style=&quot;height:32;&quot;&gt;&lt;/td&gt;&lt;td rowSpan=1 colSpan=4&gt;&lt;/td&gt;&lt;td rowSpan=1 colSpan=5&gt;&lt;/td&gt;&lt;/tr&gt;&lt;/table&gt;&lt;/div&gt;&lt;/div&gt;&lt;/span&gt;&lt;/td&gt;&lt;/tr&gt;&lt;/table&gt;&lt;/div&gt;&lt;/form&gt;
&lt;a id=&quot;SWEBottomHidden2&quot; href=&quot;javascript:void(0);&quot; tabindex=&quot;2999&quot; onfocus=&quot;document.getElementById(&apos;SWETopHidden2&apos;).focus();&quot;&gt;&lt;/a&gt;&lt;/div&gt;&lt;table datatable=&quot;0&quot; summary=&quot;&quot; class=&quot;tier3Back&quot; width=&quot;100%&quot; align=&quot;center&quot; cellpadding=&quot;0&quot; cellspacing=&quot;0&quot; border=&quot;0&quot;&gt;&lt;tr valign=&quot;top&quot;&gt;&lt;td&gt;&lt;img src=&quot;images/spacer.gif&quot; width=&quot;1&quot; height=&quot;3&quot; alt=&quot;&quot;&gt;&lt;/td&gt;&lt;/tr&gt;&lt;/table&gt;&lt;div id=s_svctrl_div STYLE=&quot;height:37px&quot;&gt;&lt;div&gt; &lt;/div&gt;&lt;script&gt;SWEWriteObjectTag(this,&apos;&lt;OBJECT ID=&quot;s_svctrl&quot; CLASSID=&quot;clsid:bfb7437b-a5ea-4d13-a552-4150b0fdf838&quot; CODEBASE=&quot;&quot; WIDTH =&quot;100%&quot; HEIGHT =&quot;100%&quot;  tabindex=-1 &gt;&lt;PARAM NAME=&quot;style&quot; VALUE=&quot;Tab&quot;/&gt;&lt;PARAM NAME=&quot;indentWidth&quot; VALUE=&quot;60&quot;/&gt;&lt;PARAM NAME=&quot;anchorTab&quot; VALUE=&quot;true&quot;/&gt;&lt;PARAM NAME=&quot;type&quot; VALUE=&quot;Detail Category View&quot;/&gt;&lt;/OBJECT&gt;&apos;);&lt;/script&gt;&lt;/div&gt;&lt;a name=&quot;SWEApplet3&quot; id=&quot;SWEApplet3&quot; href=&quot;#SWEApplet3&quot; title=&quot;Totals&quot;&gt;&lt;/a&gt;
&lt;div id=&apos;s_S_A3_div&apos;oncontextmenu=&apos;HandleContextMenu(&quot;Order Entry - Order SubTotal Form Applet (Sales\)&quot;)&apos; onclick=&apos;HandleAppletClick(&quot;Order Entry - Order SubTotal Form Applet (Sales\)&quot;)&apos;&gt;
&lt;a id=&quot;SWETopHidden3&quot; href=&quot;javascript:void(0);&quot; tabindex=&quot;3000&quot;&gt;&lt;/a&gt;&lt;form name=&quot;SWEForm3_0&quot; method=&quot;post&quot; action=&quot;/ecommunications_enu_nsm_aps05524a027/start.swe&quot; onSubmit=&quot;return false;&quot; &gt;
&lt;div class=&quot;NotSelected&quot; id=&quot;a_3&quot;&gt;&lt;table datatable=&quot;0&quot; summary=&quot;&quot; width=&quot;100%&quot; cellpadding=&quot;0&quot; cellspacing=&quot;0&quot; border=&quot;0&quot; align=&quot;center&quot; class=&quot;AppletBack&quot;&gt;&lt;tr&gt;&lt;td class=&quot;AppletHIFormBorder&quot;&gt;&lt;span class=&quot;AppletStyleChild77&quot;&gt;&lt;table datatable=&quot;0&quot; summary=&quot;&quot; width=&quot;100%&quot; cellspacing=&quot;0&quot; cellpadding=&quot;2&quot; border=&quot;0&quot; align=&quot;center&quot;&gt;&lt;tr class=&quot;AppletButtons&quot;&gt;&lt;td nowrap width=&quot;100%&quot; class=&quot;AppletTitle&quot;&gt;&amp;nbsp;&lt;/td&gt;&lt;td nowrap valign=&quot;absmiddle&quot; class=&quot;legend&quot;&gt;&lt;/td&gt;&lt;td width=&quot;100%&quot;&gt;&amp;nbsp;&lt;img src=&quot;images/btn_div_gray.gif&quot; height=&quot;13&quot; align=&quot;middle&quot; alt=&quot;&quot;&gt;&amp;nbsp;&lt;/td&gt;&lt;td valign=&quot;middle&quot; nowrap&gt;&lt;span id=&apos;SWEApplet3_ctrlmsg&apos;&gt;&lt;/span&gt;&lt;/td&gt;&lt;td class=&quot;AppletTitle&quot; valign=&quot;middle&quot; nowrap&gt;&lt;span id=s_3_1_18_0&gt;&amp;nbsp;&lt;/span&gt;&lt;/td&gt;&lt;td class=&quot;AppletTitle&quot; valign=&quot;middle&quot; nowrap&gt;&amp;nbsp;&lt;span id=s_3_rc&gt;&lt;/span&gt;&amp;nbsp;&lt;/td&gt;&lt;td class=&quot;AppletTitle&quot; valign=&quot;middle&quot; nowrap&gt;&lt;span id=s_3_1_17_0&gt;&amp;nbsp;&lt;/span&gt;&lt;/td&gt;&lt;td&gt;&amp;nbsp;&lt;/td&gt;&lt;td class=&quot;AppletTitle&quot; valign=&quot;middle&quot;&gt;&lt;img src=&quot;images/btn_div.gif&quot; height=&quot;13&quot; align=&quot;middle&quot; alt=&quot;&quot;&gt;&lt;/td&gt;&lt;td&gt;&amp;nbsp;&lt;/td&gt;&lt;td valign=&quot;middle&quot; nowrap&gt;&lt;span id=s_3_1_25_0&gt;&amp;nbsp;&lt;/span&gt;&lt;/td&gt;&lt;td valign=&quot;top&quot; align=&quot;right&quot;&gt;&lt;/td&gt;&lt;/tr&gt;&lt;/table&gt;&lt;table datatable=&quot;0&quot; summary=&quot;&quot; class=&quot;AppletBackTable&quot; width=&quot;100%&quot; cellspacing=&quot;0&quot; cellpadding=&quot;2&quot; align=&quot;center&quot;&gt;&lt;tr class=&quot;AppletBack&quot; align=&quot;left&quot;&gt;&lt;td nowrap class=&quot;AppletMenu&quot;&gt;&lt;span class=&quot;miniBtnUICTop&quot;&gt;&lt;span class=&quot;miniBtnUIC&quot;&gt;&lt;a id=&apos;s_at_m_3&apos; href=&quot;javascript:void(0)&quot; onclick=&quot;window.event.cancelBubble=true; _JMenu_Initialize(this, &apos;Order Entry - Order SubTotal Form Applet (Sales\)&apos;, &apos;Applet&apos;, s_at_m_3Ax, 0, false); return false;&quot; onmouseover=&quot;MinibtnHover(this.parentNode)&quot; onmouseout=&quot;MinibtnOut(this.parentNode)&quot; onmousedown=&quot;MinibtnDown(this.parentNode)&quot; onmouseup=&quot;MinibtnUp(this.parentNode)&quot; &gt;Menu&amp;nbsp;&lt;img border=&quot;0&quot; src=&quot;images/img_arrow.gif&quot; align=&quot;center&quot;&gt;&lt;/a&gt;&lt;/span&gt;&lt;/span&gt;&lt;object id= &quot;s_at_m_3Ax&quot; CLASSID=&quot;CLSID:9174862b-ac3b-4f9f-abc9-a0a3c9fd95d4&quot; codebase=&quot;23048/applets/SiebelAx_HI_Client.cab&quot; width=0 height = 0&gt;&lt;/object&gt;&lt;/td&gt;&lt;td&gt;&lt;img height=1 alt=&quot;&quot; src=&quot;images/spacer.gif&quot; width=4&gt;&lt;/td&gt;&lt;td&gt;&lt;img src=&quot;images/btn_div_gray.gif&quot; height=&quot;13&quot; align=&quot;middle&quot; alt=&quot;&quot;&gt;&lt;/td&gt;&lt;td&gt;&lt;img src=&quot;images/spacer.gif&quot; width=&quot;4&quot; height=&quot;1&quot; alt=&quot;&quot;&gt;&lt;/td&gt;&lt;td nowrap&gt;&lt;span id=s_3_1_16_0&gt;&amp;nbsp;&lt;/span&gt;&lt;/td&gt;&lt;td nowrap&gt;&lt;span id=s_3_1_13_0&gt;&amp;nbsp;&lt;/span&gt;&lt;/td&gt;&lt;td nowrap&gt;&lt;span id=s_3_1_20_0&gt;&amp;nbsp;&lt;/span&gt;&lt;/td&gt;&lt;td nowrap&gt;&lt;span id=s_3_1_10_0&gt;&amp;nbsp;&lt;/span&gt;&lt;/td&gt;&lt;td nowrap&gt;&lt;span id=s_3_1_11_0&gt;&amp;nbsp;&lt;/span&gt;&lt;/td&gt;&lt;td&gt;&lt;table datatable=&quot;0&quot; summary=&quot;&quot; width=&quot;100%&quot; valign=&quot;top&quot; align=&quot;center&quot; cellpadding=&apos;0&apos; cellspacing=&apos;0&apos; border=&apos;0&apos;&gt;&lt;/table&gt;&lt;/td&gt;&lt;td class=&quot;mceGridLabel&quot; align=&quot;left&quot; width=&quot;100%&quot; nowrap&gt;&amp;nbsp;&lt;b&gt;&lt;span id=3_msg&gt;&lt;/span&gt;&lt;/b&gt;&lt;/td&gt;&lt;/tr&gt;&lt;/table&gt;&lt;table datatable=&quot;0&quot; summary=&quot;&quot; class=&quot;AppletBackTable&quot; width=&quot;100%&quot; cellspacing=&quot;0&quot; cellpadding=&quot;0&quot; align=&quot;center&quot;&gt;&lt;tr class=&quot;AppletBack&quot;&gt;&lt;td class=&quot;AppletBack&quot;&gt;&lt;img src=&quot;images/spacer.gif&quot; height=&quot;1&quot; width=&quot;1&quot; alt=&quot;&quot;&gt;&lt;/td&gt;&lt;td class=&quot;AppletBlank&quot; width=&quot;100%&quot;&gt;&lt;img src=&quot;images/spacer.gif&quot; height=&quot;1&quot; width=&quot;1&quot; alt=&quot;&quot;&gt;&lt;/td&gt;&lt;/tr&gt;&lt;/table&gt;&lt;span id=3_c_err style=&quot;display: none;&quot;&gt;&lt;table datatable=&quot;0&quot; summary=&quot;&quot; class=&quot;AppletBack&quot; width=&quot;100%&quot; cellpadding=&quot;0&quot; cellspacing=&quot;5&quot; border=&quot;0&quot;&gt;&lt;tr&gt;&lt;td class=&quot;error&quot;&gt;&lt;/td&gt;&lt;/tr&gt;&lt;/table&gt;&lt;/span&gt;&lt;div class=&quot;NotSelected&quot; id=&quot;a_3&quot;&gt;&lt;div align=left style=&quot;width:100%;&quot; class=&quot;GridBorder&quot;&gt;&lt;table class=&quot;GridBack&quot; border=0 cellspacing=0 cellpadding=0&gt;&lt;tr&gt;&lt;td&gt;&lt;/td&gt;&lt;td style=&quot;width:8px;&quot;&gt;&lt;/td&gt;&lt;td style=&quot;width:200px;&quot;&gt;&lt;/td&gt;&lt;td style=&quot;width:88px;&quot;&gt;&lt;/td&gt;&lt;td style=&quot;width:8px;&quot;&gt;&lt;/td&gt;&lt;td style=&quot;width:200px;&quot;&gt;&lt;/td&gt;&lt;td style=&quot;width:88px;&quot;&gt;&lt;/td&gt;&lt;td style=&quot;width:8px;&quot;&gt;&lt;/td&gt;&lt;td style=&quot;width:80px;&quot;&gt;&lt;/td&gt;&lt;td style=&quot;width:56px;&quot;&gt;&lt;/td&gt;&lt;td style=&quot;width:8px;&quot;&gt;&lt;/td&gt;&lt;td style=&quot;width:56px;&quot;&gt;&lt;/td&gt;&lt;td style=&quot;width:88px;&quot;&gt;&lt;/td&gt;&lt;/tr&gt;&lt;tr&gt;&lt;td style=&quot;height:8;&quot;&gt;&lt;/td&gt;&lt;td rowSpan=6 colSpan=1&gt;&lt;/td&gt;&lt;td rowSpan=1 colSpan=11&gt;&lt;/td&gt;&lt;/tr&gt;&lt;tr&gt;&lt;td style=&quot;height:24;&quot;&gt;&lt;/td&gt;&lt;td nowrap valign=middle colSpan=2 rowSpan=1&gt;&lt;div class=&quot;mceGridField&quot;&gt;&lt;table height=&quot;24&quot; width=&quot;100%&quot; class=&quot;FormSection&quot;&gt;&lt;tr&gt;&lt;td class=&quot;FormSection&quot;&gt;&lt;b&gt;MONTHLY CHARGES&lt;/b&gt;&lt;/td&gt;&lt;/tr&gt;&lt;/table&gt;&lt;/div&gt;&lt;/td&gt;&lt;td rowSpan=5 colSpan=1&gt;&lt;/td&gt;&lt;td nowrap valign=middle colSpan=2 rowSpan=1&gt;&lt;div class=&quot;mceGridField&quot;&gt;&lt;table height=&quot;24&quot; width=&quot;100%&quot; class=&quot;FormSection&quot;&gt;&lt;tr&gt;&lt;td class=&quot;FormSection&quot;&gt;&lt;b&gt;EQUIPMENT &amp; INSTALLATION CHARGES&lt;/b&gt;&lt;/td&gt;&lt;/tr&gt;&lt;/table&gt;&lt;/div&gt;&lt;/td&gt;&lt;td rowSpan=5 colSpan=1&gt;&lt;/td&gt;&lt;td nowrap valign=middle colSpan=5 rowSpan=1&gt;&lt;div class=&quot;mceGridField&quot;&gt;&lt;table height=&quot;24&quot; width=&quot;100%&quot; class=&quot;FormSection&quot;&gt;&lt;tr&gt;&lt;td class=&quot;FormSection&quot;&gt;&lt;b&gt;TOTAL DUE NOW&lt;/b&gt;&lt;/td&gt;&lt;/tr&gt;&lt;/table&gt;&lt;/div&gt;&lt;/td&gt;&lt;/tr&gt;&lt;tr&gt;&lt;td style=&quot;height:24;&quot;&gt;&lt;/td&gt;&lt;td nowrap valign=middle colSpan=1 rowSpan=1&gt;&lt;div class=&quot;mceGridLabel&quot; align=&quot;Right&quot;&gt;&amp;nbsp;Item Total MRC:&lt;/div&gt;&lt;/td&gt;&lt;td nowrap valign=middle colSpan=1 rowSpan=1&gt;&lt;div class=&quot;mceGridField&quot;&gt;&lt;script&gt;SWEWriteObjectTag(this,&apos;&lt;object id=s_3_1_42_0 CLASSID=&quot;CLSID:1cb4ef94-8549-471a-b73f-54ff5c244212&quot; HEIGHT=24 WIDTH=88&gt;&lt;/object&gt;&apos;);&lt;/script&gt;&lt;/div&gt;&lt;/td&gt;&lt;td nowrap valign=middle colSpan=1 rowSpan=1&gt;&lt;div class=&quot;mceGridLabel&quot; align=&quot;Right&quot;&gt;&amp;nbsp;Item Total NRC:&lt;/div&gt;&lt;/td&gt;&lt;td nowrap valign=middle colSpan=1 rowSpan=1&gt;&lt;div class=&quot;mceGridField&quot;&gt;&lt;script&gt;SWEWriteObjectTag(this,&apos;&lt;object id=s_3_1_43_0 CLASSID=&quot;CLSID:1cb4ef94-8549-471a-b73f-54ff5c244212&quot; HEIGHT=24 WIDTH=88&gt;&lt;/object&gt;&apos;);&lt;/script&gt;&lt;/div&gt;&lt;/td&gt;&lt;td nowrap valign=middle colSpan=4 rowSpan=1&gt;&lt;div class=&quot;mceGridLabel&quot; align=&quot;Right&quot;&gt;&amp;nbsp;Total NRC:&lt;/div&gt;&lt;/td&gt;&lt;td nowrap valign=middle colSpan=1 rowSpan=1&gt;&lt;div class=&quot;mceGridField&quot;&gt;&lt;script&gt;SWEWriteObjectTag(this,&apos;&lt;object id=s_3_1_46_0 CLASSID=&quot;CLSID:1cb4ef94-8549-471a-b73f-54ff5c244212&quot; HEIGHT=24 WIDTH=88&gt;&lt;/object&gt;&apos;);&lt;/script&gt;&lt;/div&gt;&lt;/td&gt;&lt;/tr&gt;&lt;tr&gt;&lt;td style=&quot;height:24;&quot;&gt;&lt;/td&gt;&lt;td nowrap valign=middle colSpan=1 rowSpan=1&gt;&lt;div class=&quot;mceGridLabel&quot; align=&quot;Right&quot;&gt;&amp;nbsp;Total Item Discount MRC:&lt;/div&gt;&lt;/td&gt;&lt;td nowrap valign=middle colSpan=1 rowSpan=1&gt;&lt;div class=&quot;mceGridField&quot;&gt;&lt;script&gt;SWEWriteObjectTag(this,&apos;&lt;object id=s_3_1_48_0 CLASSID=&quot;CLSID:1cb4ef94-8549-471a-b73f-54ff5c244212&quot; HEIGHT=24 WIDTH=88&gt;&lt;/object&gt;&apos;);&lt;/script&gt;&lt;/div&gt;&lt;/td&gt;&lt;td nowrap valign=middle colSpan=1 rowSpan=1&gt;&lt;div class=&quot;mceGridLabel&quot; align=&quot;Right&quot;&gt;&amp;nbsp;Total Item Discount NRC:&lt;/div&gt;&lt;/td&gt;&lt;td nowrap valign=middle colSpan=1 rowSpan=1&gt;&lt;div class=&quot;mceGridField&quot;&gt;&lt;script&gt;SWEWriteObjectTag(this,&apos;&lt;object id=s_3_1_49_0 CLASSID=&quot;CLSID:1cb4ef94-8549-471a-b73f-54ff5c244212&quot; HEIGHT=24 WIDTH=88&gt;&lt;/object&gt;&apos;);&lt;/script&gt;&lt;/div&gt;&lt;/td&gt;&lt;td nowrap valign=middle colSpan=4 rowSpan=1&gt;&lt;div class=&quot;mceGridLabel&quot; align=&quot;Right&quot;&gt;&amp;nbsp;Shipping:&lt;/div&gt;&lt;/td&gt;&lt;td nowrap valign=middle colSpan=1 rowSpan=1&gt;&lt;div class=&quot;mceGridField&quot;&gt;&lt;script&gt;SWEWriteObjectTag(this,&apos;&lt;object id=s_3_1_47_0 CLASSID=&quot;CLSID:1cb4ef94-8549-471a-b73f-54ff5c244212&quot; HEIGHT=24 WIDTH=88&gt;&lt;/object&gt;&apos;);&lt;/script&gt;&lt;/div&gt;&lt;/td&gt;&lt;/tr&gt;&lt;tr&gt;&lt;td style=&quot;height:24;&quot;&gt;&lt;/td&gt;&lt;td nowrap valign=middle colSpan=1 rowSpan=1&gt;&lt;div class=&quot;mceGridLabel&quot; align=&quot;Right&quot;&gt;&amp;nbsp;Adjustment MRC:&lt;/div&gt;&lt;/td&gt;&lt;td nowrap valign=middle colSpan=1 rowSpan=1&gt;&lt;div class=&quot;mceGridField&quot;&gt;&lt;script&gt;SWEWriteObjectTag(this,&apos;&lt;object id=s_3_1_50_0 CLASSID=&quot;CLSID:1cb4ef94-8549-471a-b73f-54ff5c244212&quot; HEIGHT=24 WIDTH=88&gt;&lt;/object&gt;&apos;);&lt;/script&gt;&lt;/div&gt;&lt;/td&gt;&lt;td nowrap valign=middle colSpan=1 rowSpan=1&gt;&lt;div class=&quot;mceGridLabel&quot; align=&quot;Right&quot;&gt;&amp;nbsp;Adjustment NRC:&lt;/div&gt;&lt;/td&gt;&lt;td nowrap valign=middle colSpan=1 rowSpan=1&gt;&lt;div class=&quot;mceGridField&quot;&gt;&lt;script&gt;SWEWriteObjectTag(this,&apos;&lt;object id=s_3_1_51_0 CLASSID=&quot;CLSID:1cb4ef94-8549-471a-b73f-54ff5c244212&quot; HEIGHT=24 WIDTH=88&gt;&lt;/object&gt;&apos;);&lt;/script&gt;&lt;/div&gt;&lt;/td&gt;&lt;td nowrap valign=middle colSpan=1 rowSpan=1&gt;&lt;div class=&quot;mceGridLabel&quot; align=&quot;Right&quot;&gt;&amp;nbsp;Tax Rate:&lt;/div&gt;&lt;/td&gt;&lt;td nowrap valign=middle colSpan=1 rowSpan=1&gt;&lt;div class=&quot;mceGridField&quot;&gt;&lt;script&gt;SWEWriteObjectTag(this,&apos;&lt;object id=s_3_1_7_0 CLASSID=&quot;CLSID:1cb4ef94-8549-471a-b73f-54ff5c244212&quot; HEIGHT=24 WIDTH=56&gt;&lt;/object&gt;&apos;);&lt;/script&gt;&lt;/div&gt;&lt;/td&gt;&lt;td rowSpan=1 colSpan=1&gt;&lt;/td&gt;&lt;td nowrap valign=middle colSpan=1 rowSpan=1&gt;&lt;div class=&quot;mceGridLabel&quot; align=&quot;Right&quot;&gt;&amp;nbsp;Tax:&lt;/div&gt;&lt;/td&gt;&lt;td nowrap valign=middle colSpan=1 rowSpan=1&gt;&lt;div class=&quot;mceGridField&quot;&gt;&lt;script&gt;SWEWriteObjectTag(this,&apos;&lt;object id=s_3_1_33_0 CLASSID=&quot;CLSID:1cb4ef94-8549-471a-b73f-54ff5c244212&quot; HEIGHT=24 WIDTH=88&gt;&lt;/object&gt;&apos;);&lt;/script&gt;&lt;/div&gt;&lt;/td&gt;&lt;/tr&gt;&lt;tr&gt;&lt;td style=&quot;height:24;&quot;&gt;&lt;/td&gt;&lt;td nowrap valign=middle colSpan=1 rowSpan=1&gt;&lt;div class=&quot;mceGridLabel&quot; align=&quot;Right&quot;&gt;&amp;nbsp;Net Total MRC:&lt;/div&gt;&lt;/td&gt;&lt;td nowrap valign=middle colSpan=1 rowSpan=1&gt;&lt;div class=&quot;mceGridField&quot;&gt;&lt;script&gt;SWEWriteObjectTag(this,&apos;&lt;object id=s_3_1_44_0 CLASSID=&quot;CLSID:1cb4ef94-8549-471a-b73f-54ff5c244212&quot; HEIGHT=24 WIDTH=88&gt;&lt;/object&gt;&apos;);&lt;/script&gt;&lt;/div&gt;&lt;/td&gt;&lt;td nowrap valign=middle colSpan=1 rowSpan=1&gt;&lt;div class=&quot;mceGridLabel&quot; align=&quot;Right&quot;&gt;&amp;nbsp;Net Total NRC:&lt;/div&gt;&lt;/td&gt;&lt;td nowrap valign=middle colSpan=1 rowSpan=1&gt;&lt;div class=&quot;mceGridField&quot;&gt;&lt;script&gt;SWEWriteObjectTag(this,&apos;&lt;object id=s_3_1_45_0 CLASSID=&quot;CLSID:1cb4ef94-8549-471a-b73f-54ff5c244212&quot; HEIGHT=24 WIDTH=88&gt;&lt;/object&gt;&apos;);&lt;/script&gt;&lt;/div&gt;&lt;/td&gt;&lt;td nowrap valign=middle colSpan=4 rowSpan=1&gt;&lt;div class=&quot;mceGridLabel&quot; align=&quot;Right&quot;&gt;&amp;nbsp;Order Total:&lt;/div&gt;&lt;/td&gt;&lt;td nowrap valign=middle colSpan=1 rowSpan=1&gt;&lt;div class=&quot;mceGridField&quot;&gt;&lt;script&gt;SWEWriteObjectTag(this,&apos;&lt;object id=s_3_1_35_0 CLASSID=&quot;CLSID:1cb4ef94-8549-471a-b73f-54ff5c244212&quot; HEIGHT=24 WIDTH=88&gt;&lt;/object&gt;&apos;);&lt;/script&gt;&lt;/div&gt;&lt;/td&gt;&lt;/tr&gt;&lt;/table&gt;&lt;/div&gt;&lt;/div&gt;&lt;/span&gt;&lt;/td&gt;&lt;/tr&gt;&lt;/table&gt;&lt;/div&gt;&lt;/form&gt;
&lt;a id=&quot;SWEBottomHidden3&quot; href=&quot;javascript:void(0);&quot; tabindex=&quot;3999&quot; onfocus=&quot;document.getElementById(&apos;SWETopHidden3&apos;).focus();&quot;&gt;&lt;/a&gt;&lt;/div&gt;&lt;table datatable=&quot;0&quot; summary=&quot;&quot; width=&quot;100%&quot; border=&quot;0&quot; cellspacing=&quot;0&quot; cellpadding=&quot;3&quot;&gt;&lt;tr valign=&quot;top&quot;&gt;&lt;td width=&quot;50%&quot;&gt;&lt;/td&gt;&lt;td width=&quot;50%&quot;&gt;&lt;/td&gt;&lt;/tr&gt;&lt;/table&gt;&lt;/div&gt;&lt;script&gt;

SWEIsHighInteract = true; Top().SWEIsHighInteract = true;
if (typeof(top._samePage) != &apos;undefined&apos; &amp;&amp; top._samePage!=&quot;&quot;) top._samePage = &quot;&quot;;
if (top.opener == null || typeof top.opener.swetop == &apos;unknown&apos; || typeof top.opener.swetop == &apos;undefined&apos;) top._swe._sweapp.S_App.SWECount = 94;
else top.opener.top._swe._sweapp.S_App.SWECount = 94;
g_bInitialized = true;

if(typeof(top._swescript)!=&apos;undefined&apos; &amp;&amp; top._swescript!=null)top._swescript.InitApplet(&quot;Order Entry - Order Form Applet Dashboard (Sales)&quot;,&quot;SWEApplet1&quot;,&quot;Order Ship To View (Sales)&quot;,3, this);
if (top._swescript!=null) top._swescript.InitMethod(&quot;GotoAppletMenu&quot;, this, &quot;s_at_m_1&quot;, null, null);
if(top._swe._sweapp._JMenuObj == null)                  
top._swe._sweapp._JMenuObj = new top._swe._sweapp.JMenu();
top._swe._sweapp._JMenuObj.BindAXObj (this.document.getElementById(&quot;s_at_m_1Ax&quot;),&apos;Applet&apos;, &apos;Order Entry - Order Form Applet Dashboard (Sales\)&apos;, this.document.getElementById(&quot;s_at_m_1&quot;), &quot;s_at_m_1&quot;);
document.oncontextmenu = HandleContextMenu;
if(typeof(top._swescript)!=&apos;undefined&apos; &amp;&amp; top._swescript!=null)top._swescript.InitApplet(&quot;Order Ship To Form Applet (Sales)&quot;,&quot;SWEApplet2&quot;,&quot;Order Ship To View (Sales)&quot;,3, this);
if (top._swescript!=null) top._swescript.InitMethod(&quot;GotoAppletMenu&quot;, this, &quot;s_at_m_2&quot;, null, null);
if(top._swe._sweapp._JMenuObj == null)                  
top._swe._sweapp._JMenuObj = new top._swe._sweapp.JMenu();
top._swe._sweapp._JMenuObj.BindAXObj (this.document.getElementById(&quot;s_at_m_2Ax&quot;),&apos;Applet&apos;, &apos;Order Ship To Form Applet (Sales\)&apos;, this.document.getElementById(&quot;s_at_m_2&quot;), &quot;s_at_m_2&quot;);
document.oncontextmenu = HandleContextMenu;
if(typeof(top._swescript)!=&apos;undefined&apos; &amp;&amp; top._swescript!=null)top._swescript.InitApplet(&quot;Order Entry - Order SubTotal Form Applet (Sales)&quot;,&quot;SWEApplet3&quot;,&quot;Order Ship To View (Sales)&quot;,3, this);
if (top._swescript!=null) top._swescript.InitMethod(&quot;GotoAppletMenu&quot;, this, &quot;s_at_m_3&quot;, null, null);
if(top._swe._sweapp._JMenuObj == null)                  
top._swe._sweapp._JMenuObj = new top._swe._sweapp.JMenu();
top._swe._sweapp._JMenuObj.BindAXObj (this.document.getElementById(&quot;s_at_m_3Ax&quot;),&apos;Applet&apos;, &apos;Order Entry - Order SubTotal Form Applet (Sales\)&apos;, this.document.getElementById(&quot;s_at_m_3&quot;), &quot;s_at_m_3&quot;);
document.oncontextmenu = HandleContextMenu;

&lt;/script&gt;
&lt;script for=window event=onunload&gt;
top._swe._sweapp.S_App.SetLayoutUnloaded(&quot;View&quot;, &quot;Order Ship To View (Sales)&quot;);
&lt;/script&gt;
&lt;script for=window event=onload&gt;
top._swe._sweapp.S_App.SetLayoutLoaded(&quot;View&quot;, &quot;Order Ship To View (Sales)&quot;, window, &quot;&quot;);
&lt;/script&gt;
&lt;/body&gt;&lt;/html&gt;</responseData>
  <responseFile class="java.lang.String"></responseFile>
  <cookies class="java.lang.String">_sn=GXmoeGkdwh1O45lrH7mMIZnLMWvqHkVWiQKqDOICOq1fi95anXYMaCRAX879ujDRD9kS4J75N4kGDX576Q2AKmwZPUBih-4NS80Pc1189OxasEbdAsHiEtIhcnCzZ0zWb5V6QpVraL0TTGU4ktkGZq374g8C0pUBRhKVASKeW21TgUW5eIkswq97I-.qG-kr; _srn=_srn; SWEUAID=SWEUAID</cookies>
  <method class="java.lang.String">GET</method>
  <queryString class="java.lang.String"></queryString>
  <java.net.URL>http://localhost:8080/ecommunications_enu_nsm_aps05524a027/start.swe?SWECmd=GetViewLayout&amp;SWEView=Order+Ship+To+View+%28Sales%29&amp;SWEVI=&amp;SWEVLC=3-2NTUN-318_Siebel%2BPower%2BCommunications_43%257c1592409810%257c0_0_23048_PATCHSET18PATCHSET18PATCHSET18_L&amp;SRN=xK7T2pIB2ZOV15hwlQxQF5reKcoUB8VpMTZr7we8uAEb</java.net.URL>
</httpSample>
<httpSample t="{{\d+}}" it="0" lt="{{\d+}}" ct="{{\d+}}" ts="{{\d+}}" s="true" lb="{{\d+}} /ecommunications_enu_nsm_aps05524a027/start.swe" rc="200" rm="OK" tn="Thread Group 1-1" dt="text" de="utf-8" by="97437" sby="1172" sc="1" ec="0" ng="1" na="1" hn="{{.*?}}">
  <responseHeader class="java.lang.String">HTTP/1.1 200 OK
Connection: close
Server: Oracle-iPlanet-Web-Server/7.0
Date: Tue, 23 Jun 2020 13:09:04 GMT
Content-Language: en
Cache-Control: no-cache
Swerpc: true
Content-Type: text/html;charset=utf-8
Matched-Stub-Id: {{\w+-\w+-\w+-\w+-\w+}}
Vary: Accept-Encoding, User-Agent
</responseHeader>
  <requestHeader class="java.lang.String">Connection: close
Content-Type: application/x-www-form-urlencoded
DNT: 1
Accept-Encoding: deflate
Pragma: no-cache
User-Agent: Mozilla/4.0 (compatible; MSIE 7.0; Windows NT 6.3; WOW64; Trident/7.0; .NET4.0E; .NET4.0C; .NET CLR 3.5.30729; .NET CLR 2.0.50727; .NET CLR 3.0.30729)
Accept: text/html, image/gif, image/jpeg, *; q=.2, */*; q=.2
Content-Length: 484
Host: localhost:8080
</requestHeader>
  <responseData class="java.lang.String">@0`1`7`3``0`Target`top._sweclient._swecontent._sweview`UC`1`ViewId``Status`NewLayout`View`Order Entry - Line Items Detail View (Sales)`SWEC`95`SRN`xK7T2pIB2ZOV15hwlQxQF5reKcoUB8VpMTZr7we8uAEb`0`3`api`0`0`1`nbo`0`2`2`boi`3``n`Order Entry (Sales)`z``0`1`nbc`0`3`2`bci`3`S_BC1`n`Order Entry - Orders`shd`27*Order_Entry__Orders_BusComp61*srf1592409810_444/bscripts/all/buscomp_order_entry__orders.js`sh`1574`0`82`fl`0`8`0`f`0`itx`1`n`1158`sc`0`l`10`crf`215`dft`5`t`220`dn`1158`9`0`f`0`itx`1`n`158`sc`0`irq`1`l`30`crf`215`dft`5`t`220`dn`159`9`0`f`0`itx`1`n`100`sc`0`l`100`ibp`1`crf`215`dft`5`t`220`dn`100`9`0`f`0`itx`1`n`1153`sc`0`l`30`ibp`1`crf`215`dft`5`t`220`dn`1153`9`0`f`0`itx`1`n`144`sc`0`l`50`crf`215`dft`5`iro`1`t`220`dn`658`10`0`f`0`itx`1`n`1705`sc`0`icl`1`l`255`crf`215`dft`5`iro`1`t`220`dn`1704`11`0`f`0`itx`1`n`115`sc`0`ipc`1`irq`1`l`30`ibp`1`crf`215`dft`5`t`220`dn`115`9`0`f`0`itx`1`n`1708`sc`0`l`100`ibp`1`crf`215`dft`5`t`220`dn`1707`8`0`f`0`n`1386`sc`0`ipc`1`l`32`crf`215`dft`1885`t`226`dn`1710`10`0`f`0`itx`1`n`1712`sc`0`ipc`1`l`30`ibp`1`crf`215`dft`5`t`220`dn`1713`8`0`f`0`itx`1`n`1715`sc`0`l`1`crf`215`dft`5`t`218`dn`1715`10`0`f`0`itx`1`n`160`sc`0`ipc`1`l`30`ibp`1`crf`215`dft`5`t`220`dn`152`9`0`f`0`itx`1`n`135`sc`0`l`50`crf`215`dft`5`iro`1`t`220`dn`313`7`0`f`0`n`1719`sc`0`l`32`crf`215`dft`1885`t`226`dn`1718`9`0`f`0`itx`1`n`1721`sc`0`l`50`crf`215`dft`5`iro`1`t`220`dn`1720`10`0`f`0`itx`1`n`650`sc`0`ipc`1`l`30`ibp`1`crf`215`dft`5`t`220`dn`650`9`0`f`0`itx`1`n`134`sc`0`l`50`ibp`1`crf`215`dft`5`t`220`dn`314`8`0`f`0`itx`1`n`642`sc`0`l`30`crf`215`dft`5`t`220`dn`641`8`0`f`0`itx`1`n`121`sc`0`l`255`crf`215`dft`5`t`220`dn`121`8`0`f`0`itx`1`n`1726`sc`0`l`100`crf`215`dft`5`t`220`dn`1725`10`0`f`0`itx`1`n`643`sc`0`ipc`1`l`30`ibp`1`crf`215`dft`5`t`220`dn`643`8`0`f`0`n`162`sc`0`ipc`1`l`32`crf`215`dft`1024`t`226`dn`162`7`0`f`0`n`1727`sc`0`l`32`crf`215`dft`5`t`226`dn`1727`8`0`f`0`itx`1`n`1729`sc`0`l`100`crf`215`dft`5`t`220`dn`1728`8`0`f`0`itx`1`n`1730`sc`0`l`100`crf`215`dft`5`t`220`dn`1731`9`0`f`0`itx`1`n`1732`sc`0`l`50`ibp`1`crf`215`dft`5`t`220`dn`427`8`0`f`0`itx`1`n`1734`sc`0`l`50`crf`215`dft`5`t`220`dn`342`8`0`f`0`itx`1`n`1737`sc`0`l`50`crf`215`dft`5`t`220`dn`1736`9`0`f`0`itx`1`n`1738`sc`0`ipc`1`l`30`crf`215`dft`5`t`220`dn`1739`8`0`f`0`itx`1`n`1741`sc`0`l`1`crf`215`dft`5`t`218`dn`1740`9`0`f`0`itx`1`n`142`sc`0`l`50`ibp`1`crf`215`dft`5`t`220`dn`142`9`0`f`0`itx`1`n`1742`sc`0`l`50`ibp`1`crf`215`dft`5`t`220`dn`1743`8`0`f`0`itx`1`n`1744`sc`0`l`30`crf`215`dft`5`t`220`dn`1745`10`0`f`0`itx`1`n`165`sc`0`ipc`1`l`50`ibp`1`crf`215`dft`5`t`220`dn`119`9`0`f`0`itx`1`n`208`sc`0`l`100`ibp`1`crf`215`dft`5`t`220`dn`208`8`0`f`0`n`1747`sc`0`inm`1`l`16`crf`215`dft`5`t`1306`dn`1748`8`0`f`0`itx`1`n`141`sc`0`l`1`crf`215`dft`5`t`218`dn`1427`8`0`f`0`itx`1`n`1750`sc`0`l`1`crf`215`dft`5`t`218`dn`1749`9`0`f`0`itx`1`n`1752`sc`0`ipc`1`l`250`crf`215`dft`5`t`220`dn`1751`9`0`f`0`n`1753`sc`0`ipc`1`inm`1`l`16`crf`215`dft`5`t`1306`dn`1754`7`0`f`0`n`1756`sc`0`l`32`crf`215`dft`1885`t`226`dn`1755`8`0`f`0`n`1758`sc`6`inm`1`l`18`crf`215`dft`5`t`1029`dn`1759`10`0`f`0`itx`1`n`1397`sc`0`icl`1`l`255`crf`215`dft`5`iro`1`t`220`dn`1396`9`0`f`0`itx`1`n`1260`sc`0`l`100`ibp`1`crf`215`dft`5`t`220`dn`1429`9`0`f`0`itx`1`n`1761`sc`0`l`30`crf`215`dft`5`iro`1`t`220`dn`917`8`0`f`0`n`1376`sc`0`inm`1`l`16`crf`215`dft`5`t`1306`dn`1376`9`0`f`0`itx`1`n`199`sc`0`l`100`ibp`1`crf`215`dft`5`t`220`dn`1452`11`0`f`0`itx`1`n`1762`sc`0`icl`1`ipc`1`l`255`crf`215`dft`5`iro`1`t`220`dn`1763`10`0`f`0`itx`1`n`1764`sc`0`ipc`1`l`30`ibp`1`crf`215`dft`5`t`220`dn`1764`7`0`f`0`n`1392`sc`0`l`32`crf`215`dft`1024`t`226`dn`1393`8`0`f`0`itx`1`n`1399`sc`0`l`1`crf`215`dft`5`t`218`dn`1398`9`0`f`0`itx`1`n`1448`sc`0`l`30`ibp`1`crf`215`dft`5`t`220`dn`1448`8`0`f`0`itx`1`n`1450`sc`0`l`1`crf`215`dft`5`t`218`dn`1450`8`0`f`0`itx`1`n`1768`sc`0`l`15`crf`215`dft`5`t`214`dn`1768`9`0`f`0`itx`1`n`1404`sc`0`l`30`ibp`1`crf`215`dft`5`t`220`dn`1403`11`0`f`0`itx`1`n`1770`sc`0`icl`1`ipc`1`l`1`crf`215`dft`5`iro`1`t`218`dn`1769`9`0`f`0`itx`1`n`1454`sc`0`l`50`ibp`1`crf`215`dft`5`t`220`dn`1771`9`0`f`0`itx`1`n`888`sc`0`l`100`ibp`1`crf`215`dft`5`t`220`dn`888`10`0`f`0`itx`1`n`1773`sc`0`icl`1`l`255`crf`215`dft`5`iro`1`t`220`dn`151`8`0`f`0`itx`1`n`1775`sc`0`l`50`crf`215`dft`5`t`220`dn`1774`9`0`f`0`itx`1`n`155`sc`0`l`100`crf`215`dft`5`iro`1`t`220`dn`155`9`0`f`0`itx`1`n`1777`sc`0`l`30`ibp`1`crf`215`dft`5`t`220`dn`1776`8`0`f`0`itx`1`n`1779`sc`0`l`30`crf`215`dft`5`t`220`dn`1778`9`0`f`0`itx`1`n`1780`sc`0`l`30`crf`215`dft`5`iro`1`t`220`dn`1781`9`0`f`0`itx`1`n`1422`sc`0`ipc`1`l`1`crf`215`dft`5`t`218`dn`1422`8`0`f`0`itx`1`n`1782`sc`0`l`20`crf`215`dft`5`t`220`dn`1782`8`0`f`0`itx`1`n`1783`sc`0`l`15`crf`215`dft`5`t`214`dn`1784`9`0`f`0`itx`1`n`1457`sc`0`l`64`ibp`1`crf`215`dft`5`t`220`dn`114`9`0`f`0`itx`1`n`1787`sc`0`l`50`ibp`1`crf`215`dft`5`t`220`dn`1788`8`0`f`0`itx`1`n`1789`sc`0`l`1`crf`215`dft`5`t`218`dn`1790`8`0`f`0`itx`1`n`1791`sc`0`l`255`crf`215`dft`5`t`220`dn`1792`9`0`f`0`n`1795`sc`6`inm`1`l`18`crf`215`dft`5`iro`1`t`1029`dn`1794`8`0`f`0`itx`1`n`1796`sc`0`l`30`crf`215`dft`5`t`220`dn`1797`8`0`f`0`itx`1`n`1799`sc`0`l`50`crf`215`dft`5`t`220`dn`1798`9`0`f`0`itx`1`n`1802`sc`0`l`30`crf`215`dft`5`iro`1`t`220`dn`1801`9`0`f`0`itx`1`n`1805`sc`0`l`100`crf`215`dft`5`iro`1`t`220`dn`1804`7`0`f`0`n`1806`sc`0`l`32`crf`215`dft`1024`t`1016`dn`1808`8`0`f`0`itx`1`n`1809`sc`0`l`1`crf`215`dft`5`t`218`dn`1810`8`0`f`0`n`1811`sc`6`inm`1`l`18`crf`215`dft`5`t`1029`dn`1812`8`0`f`0`itx`1`n`1814`sc`0`l`50`crf`215`dft`5`t`220`dn`1813`8`0`f`0`n`1815`sc`0`inm`1`l`16`crf`215`dft`5`t`1306`dn`1816`11`0`f`0`itx`1`n`183`sc`0`irq`1`l`15`crf`215`dft`5`ihn`1`iro`1`t`214`dn`183`3`2`rl`0`crnm`1`nmr`1`atr`0`2`0`r`0`v`0*19*VOL013-47326074854715*Blazemeter Demo10*3-61EV8C9M13*BB_CCPEIM50000*7*Pending0*19*06/24/2020 00:00:008*BT Voice1*N11*In-Progress10*Blazemeter19*06/23/2020 00:00:000*0*4*Demo0*0*1*N0*19*06/23/2020 14:02:520*0*1*N6*Letter0*14*+44012123456780*1*N19*Consumer Price List0*3*00011*Sales Order0*0*1*Y0*34*Leave out of sight and under cover0*19*06/23/2020 14:02:520*0*0*8*Consumer1*10*3*Low7*Default19*06/23/2020 14:02:521*N14*Run Assignment1*Y0*0*1*N0*15*Blazemeter Demo11*Low-Pending0*9*BT Volume0*0*0*1*N0*0*0*0*0*0*0*0*0*0*0*0*1*N0*0*0*10*3-61EV8AO3`i`3-61EV8AO3`1`0`tr`0`v``0`1`nbc`0`6`2`bci`3`S_BC2`n`Order Entry - Line Items`shd`31*Order_Entry__Line_Items_BusComp65*srf1592409810_444/bscripts/all/buscomp_order_entry__line_items.js`st`762`cac`1`pi`S_BC1`hhr`1`0`94`fl`0`9`0`f`0`itx`1`n`1915`sc`0`l`50`crf`215`dft`5`iro`1`t`220`dn`1914`8`0`f`0`itx`1`n`821`sc`0`l`30`crf`215`dft`5`t`220`dn`821`10`0`f`0`itx`1`n`1918`sc`0`ipc`1`l`30`crf`215`dft`5`iro`1`t`220`dn`1918`10`0`f`0`itx`1`n`1921`sc`0`ipc`1`l`30`crf`215`dft`5`iro`1`t`220`dn`1921`8`0`f`0`itx`1`n`1922`sc`0`l`15`crf`215`dft`5`t`214`dn`1922`9`0`f`0`itx`1`n`1930`sc`0`l`50`crf`215`dft`5`iro`1`t`220`dn`1930`9`0`f`0`itx`1`n`1526`sc`0`l`50`ibp`1`crf`215`dft`5`t`220`dn`2153`10`0`f`0`itx`1`n`1933`sc`0`icl`1`l`255`crf`215`dft`5`iro`1`t`220`dn`1932`10`0`f`0`itx`1`n`1935`sc`0`icl`1`l`255`crf`215`dft`5`iro`1`t`220`dn`1934`9`0`f`0`itx`1`n`1532`sc`0`l`30`crf`215`dft`5`iro`1`t`220`dn`814`8`0`f`0`itx`1`n`1938`sc`0`l`255`crf`215`dft`5`t`220`dn`1937`9`0`f`0`itx`1`n`1940`sc`0`irq`1`l`15`crf`215`dft`5`t`214`dn`1940`7`0`f`0`n`1540`sc`0`l`32`crf`215`dft`5`t`219`dn`1540`9`0`f`0`n`1950`sc`6`inm`1`l`18`crf`215`dft`5`iro`1`t`1029`dn`1950`10`0`f`0`itx`1`n`1951`sc`0`icl`1`l`255`crf`215`dft`5`iro`1`t`220`dn`1778`9`0`f`0`itx`1`n`824`sc`0`icl`1`l`255`crf`215`dft`5`t`220`dn`825`10`0`f`0`itx`1`n`624`sc`0`icl`1`l`255`crf`215`dft`5`iro`1`t`220`dn`1959`9`0`f`0`itx`1`n`140`sc`0`l`100`ibp`1`crf`215`dft`5`t`220`dn`140`10`0`f`0`n`1462`sc`2`icl`1`inm`1`l`25`crf`1027`dft`5`iro`1`t`221`dn`1329`11`0`f`0`itx`1`n`751`sc`0`ipc`1`irq`1`l`20`ibp`1`crf`215`dft`5`t`220`dn`751`9`0`f`0`n`1028`sc`0`ipc`1`irq`1`l`32`crf`215`dft`5`t`219`dn`1028`9`0`f`0`itx`1`n`671`sc`0`l`15`ibp`1`crf`215`dft`5`t`214`dn`671`8`0`f`0`itx`1`n`833`sc`0`l`100`crf`215`dft`5`t`220`dn`833`9`0`f`0`itx`1`n`685`sc`0`l`100`ibp`1`crf`215`dft`5`t`220`dn`686`9`0`f`0`itx`1`n`1153`sc`0`l`30`ibp`1`crf`215`dft`5`t`220`dn`1153`9`0`f`0`itx`1`n`1961`sc`0`l`30`ibp`1`crf`215`dft`5`t`220`dn`1962`8`0`f`0`n`1114`sc`0`ipc`1`l`32`crf`215`dft`1024`t`226`dn`1114`8`0`f`0`itx`1`n`1966`sc`0`l`15`crf`215`dft`5`t`220`dn`1965`8`0`f`0`n`1967`sc`0`l`32`ibp`1`crf`215`dft`5`t`226`dn`1968`10`0`f`0`itx`1`n`1491`sc`0`ipc`1`l`30`ibp`1`crf`215`dft`5`t`220`dn`1969`10`0`f`0`itx`1`n`115`sc`0`ipc`1`l`30`ibp`1`crf`215`dft`5`t`220`dn`115`9`0`f`0`itx`1`n`160`sc`0`l`30`ibp`1`crf`215`dft`5`t`220`dn`152`7`0`f`0`n`1972`sc`0`l`32`crf`215`dft`5`t`226`dn`1971`7`0`f`0`n`1973`sc`0`l`32`crf`215`dft`1024`t`1016`dn`1974`9`0`f`0`n`1510`sc`6`ipc`1`inm`1`l`18`crf`215`dft`5`t`1029`dn`1975`9`0`f`0`itx`1`n`894`sc`0`l`30`crf`215`dft`5`iro`1`t`220`dn`1976`8`0`f`0`itx`1`n`640`sc`0`l`30`crf`215`dft`5`t`220`dn`641`9`0`f`0`itx`1`n`1979`sc`0`l`100`ibp`1`crf`215`dft`5`t`220`dn`1978`9`0`f`0`itx`1`n`1980`sc`0`l`50`ibp`1`crf`215`dft`5`t`220`dn`981`9`0`f`0`itx`1`n`1982`sc`0`l`50`ibp`1`crf`215`dft`5`t`220`dn`1981`9`0`f`0`itx`1`n`1545`sc`0`l`50`crf`215`dft`5`iro`1`t`220`dn`1984`8`0`f`0`itx`1`n`1987`sc`0`l`30`crf`215`dft`5`t`220`dn`1986`10`0`f`0`itx`1`n`1990`sc`0`ipc`1`l`30`ibp`1`crf`215`dft`5`t`220`dn`1989`9`0`f`0`itx`1`n`1992`sc`0`l`1`crf`215`dft`5`iro`1`t`218`dn`1993`8`0`f`0`itx`1`n`1994`sc`0`l`100`crf`215`dft`5`t`220`dn`1995`10`0`f`0`itx`1`n`1892`sc`0`icl`1`l`255`crf`215`dft`5`iro`1`t`220`dn`1891`8`0`f`0`itx`1`n`1996`sc`0`l`30`crf`215`dft`5`t`220`dn`1997`9`0`f`0`itx`1`n`1999`sc`0`l`30`ibp`1`crf`215`dft`5`t`220`dn`1998`8`0`f`0`itx`1`n`2000`sc`0`l`30`crf`215`dft`5`t`220`dn`2001`9`0`f`0`itx`1`n`859`sc`0`l`30`ibp`1`crf`215`dft`5`t`220`dn`860`9`0`f`0`itx`1`n`2003`sc`0`l`30`ibp`1`crf`215`dft`5`t`220`dn`2002`9`0`f`0`itx`1`n`861`sc`0`l`30`ibp`1`crf`215`dft`5`t`220`dn`862`8`0`f`0`itx`1`n`863`sc`0`l`30`crf`215`dft`5`t`220`dn`864`8`0`f`0`itx`1`n`2005`sc`0`l`30`crf`215`dft`5`t`220`dn`2006`8`0`f`0`itx`1`n`2007`sc`0`l`30`crf`215`dft`5`t`220`dn`2008`8`0`f`0`itx`1`n`2009`sc`0`l`30`crf`215`dft`5`t`220`dn`2010`8`0`f`0`itx`1`n`2011`sc`0`l`30`crf`215`dft`5`t`220`dn`858`8`0`f`0`itx`1`n`2012`sc`0`l`150`crf`215`dft`5`t`220`dn`2013`9`0`f`0`itx`1`n`2015`sc`0`l`30`ibp`1`crf`215`dft`5`t`220`dn`2014`8`0`f`0`n`2016`sc`0`ipc`1`l`32`crf`215`dft`1024`t`226`dn`2017`8`0`f`0`itx`1`n`2018`sc`0`l`30`crf`215`dft`5`t`220`dn`2019`11`0`f`0`itx`1`n`2022`sc`0`icl`1`ipc`1`l`255`crf`215`dft`5`iro`1`t`220`dn`2021`8`0`f`0`itx`1`n`2024`sc`0`l`1`crf`215`dft`5`t`218`dn`2023`10`0`f`0`itx`1`n`2025`sc`0`icl`1`l`255`crf`215`dft`5`iro`1`t`220`dn`1739`10`0`f`0`n`1324`sc`0`ipc`1`inm`1`irq`1`l`16`crf`215`dft`5`t`1306`dn`1325`8`0`f`0`itx`1`n`2027`sc`0`l`1`crf`215`dft`5`t`218`dn`2026`9`0`f`0`itx`1`n`2029`sc`0`l`30`ibp`1`crf`215`dft`5`t`220`dn`2028`8`0`f`0`n`1465`sc`6`inm`1`l`18`crf`215`dft`5`t`1029`dn`1464`8`0`f`0`n`2031`sc`6`inm`1`l`18`crf`215`dft`5`t`1029`dn`2030`8`0`f`0`itx`1`n`2032`sc`0`l`30`crf`215`dft`5`t`220`dn`2033`9`0`f`0`itx`1`n`2034`sc`0`l`50`ibp`1`crf`215`dft`5`t`220`dn`2035`8`0`f`0`itx`1`n`2037`sc`0`l`100`crf`215`dft`5`t`220`dn`2038`8`0`f`0`itx`1`n`300`sc`0`l`50`crf`215`dft`5`t`220`dn`2039`8`0`f`0`itx`1`n`1546`sc`0`l`50`crf`215`dft`5`t`220`dn`2040`10`0`f`0`itx`1`n`2136`sc`0`icl`1`l`1`crf`215`dft`5`iro`1`t`218`dn`2136`10`0`f`0`itx`1`n`2137`sc`0`icl`1`l`1`crf`215`dft`5`iro`1`t`218`dn`2137`9`0`f`0`itx`1`n`1539`sc`0`l`1`crf`215`dft`5`iro`1`t`218`dn`1539`7`0`f`0`n`1392`sc`0`l`32`crf`215`dft`5`t`226`dn`1392`8`0`f`0`itx`1`n`1507`sc`0`l`1`crf`215`dft`5`t`218`dn`1507`8`0`f`0`itx`1`n`2150`sc`0`l`250`crf`215`dft`5`t`220`dn`2150`9`0`f`0`itx`1`n`1496`sc`0`l`100`ibp`1`crf`215`dft`5`t`220`dn`1496`8`0`f`0`itx`1`n`1564`sc`0`l`100`crf`215`dft`5`t`220`dn`1564`10`0`f`0`n`1537`sc`2`icl`1`inm`1`l`25`crf`1027`dft`5`iro`1`t`221`dn`1537`8`0`f`0`itx`1`n`141`sc`0`l`1`crf`215`dft`5`t`218`dn`141`8`0`f`0`itx`1`n`1528`sc`0`l`250`crf`215`dft`5`t`220`dn`1528`8`0`f`0`itx`1`n`659`sc`0`l`2000`crf`215`dft`5`t`220`dn`659`9`0`f`0`itx`1`n`1552`sc`0`l`100`ibp`1`crf`215`dft`5`t`220`dn`1552`9`0`f`0`itx`1`n`1493`sc`0`l`30`ibp`1`crf`215`dft`5`t`220`dn`1493`9`0`f`0`itx`1`n`1195`sc`0`l`15`ibp`1`crf`215`dft`5`t`214`dn`1195`9`0`f`0`itx`1`n`1530`sc`0`l`30`ibp`1`crf`215`dft`5`t`220`dn`1530`11`0`f`0`itx`1`n`183`sc`0`irq`1`l`15`crf`215`dft`5`ihn`1`iro`1`t`214`dn`183`8`0`f`0`sc`0`n`1019`l`255`crf`1020`ihn`1`iro`1`dn`1019`t`220`8`0`f`0`sc`0`n`1021`l`255`crf`1020`ihn`1`iro`1`dn`1021`t`220`8`0`f`0`sc`0`n`1022`l`255`crf`1020`ihn`1`iro`1`dn`1022`t`220`4`9`rl`0`inrk`1`crnm`1`nmr`8`atr`0`2`0`r`0`v`0*0*11*In-Progress7*Pending0*2*OF8*S01546530*0*9*Promotion0*10*3-61EV8AO30*1*10*1*15*Blank22*BB UN BB 15GB  (31.50)4*31.53*GBP10*06/23/20200*0*0*10*3-61EV8C9M22*Monthly/Quarterly Bill19*06/23/2020 14:02:520*0*3*Add7*Pending11*In-Progress0*0*1*19*Per Month0*0*0*0*10*Blazemeter0*7*Default1*N0*0*0*0*0*0*0*0*0*0*0*0*15*VOL013-61EV8BLC0*0*0*0*0*1*N1*01*10*0*0*0*0*0*0*0*4*Demo1*N1*N1*N19*06/23/2020 14:02:521*N0*0*0*4*31.51*Y0*0*0*0*0*4*Good10*3-61EV8BLC1*01*N1*N`i`3-61EV8BLC`2`0`r`0`v`0*15*VOL013-61EV8BLC11*In-Progress7*Pending0*2*DF8*S01554490*0*7*Product0*10*3-61EV8AO30*1*10*1*25*Blank35*BT Home Hub 2.0 (Not for new sales)2*463*GBP10*06/23/20200*0*0*10*3-61EV8C9M17*Credit/Debit Card19*06/23/2020 14:02:520*0*3*Add7*Pending11*In-Progress0*0*1*14*Each0*0*0*0*10*Blazemeter0*7*Default1*N0*12*Out Of Stock7*FY3 9QX8*Standard0*0*0*0*0*0*0*0*15*VOL013-61EV8BLE0*0*0*0*41*169, Preston Old Road, Blackpool, FY3 9QX1*N1*01*10*13*NotApplicable0*0*0*0*0*0*4*Demo1*N1*N1*Y19*06/23/2020 14:02:521*N0*0*0*2*461*Y0*0*0*4*Free0*4*Good10*3-61EV8BLE1*01*N1*N`i`3-61EV8BLE`2`0`r`0`v`0*15*VOL013-61EV8BLC11*In-Progress7*Pending0*2*DF8*S01554510*0*7*Product0*10*3-61EV8AO30*1*10*1*35*Blank19*Hub Phone 2.1 Black4*40.93*GBP10*06/23/20200*0*0*10*3-61EV8C9M17*Credit/Debit Card19*06/23/2020 14:02:520*0*3*Add7*Pending11*In-Progress0*0*1*14*Each0*0*0*0*10*Blazemeter0*7*Default1*N0*12*Out Of Stock7*FY3 9QX8*Standard0*0*0*0*0*0*0*0*15*VOL013-61EV8BLY0*0*0*0*41*169, Preston Old Road, Blackpool, FY3 9QX1*N1*01*10*13*NotApplicable0*0*0*0*0*0*4*Demo1*N1*N1*Y19*06/23/2020 14:02:521*N0*0*0*4*40.91*Y0*0*0*4*Free0*4*Good10*3-61EV8BLY1*01*N1*N`i`3-61EV8BLY`2`0`r`0`v`0*15*VOL013-61EV8BLC11*In-Progress7*Pending0*2*OF8*S01546740*0*7*Product0*10*3-61EV8AO30*1*10*1*45*Blank70*DISCOUNT BB AQ BB Unltd (36.00) GBP 4.80 off for 3mnths 18mnths cntrct4*-4.83*GBP10*06/23/20200*0*0*10*3-61EV8C9M22*Monthly/Quarterly Bill19*06/23/2020 14:02:520*0*3*Add7*Pending11*In-Progress0*0*1*19*Per Month0*0*0*0*10*Blazemeter0*7*Default1*N0*12*Out Of Stock0*0*0*0*0*0*0*0*0*0*15*VOL013-61EV8BMI0*0*0*0*0*1*N1*01*10*0*0*0*0*0*0*0*4*Demo1*N1*N1*N19*06/23/2020 14:02:521*N0*0*0*4*-4.81*Y0*0*0*0*0*4*Good10*3-61EV8BMI1*01*N1*N`i`3-61EV8BMI`2`0`r`0`v`8*Standard15*VOL013-61EV8BLC11*In-Progress7*Pending0*2*OF8*S01546900*0*7*Product0*10*3-61EV8AO30*1*10*1*55*Blank65*Contract BB AQ BB Unltd (36.00) GBP off for 3mnths 18mnths cntrct1*03*GBP10*06/23/20200*0*0*10*3-61EV8C9M22*Monthly/Quarterly Bill19*06/23/2020 14:02:520*0*3*Add7*Pending11*In-Progress0*0*1*19*Per Month0*0*0*0*10*Blazemeter0*7*Default1*N0*12*Out Of Stock0*0*0*0*0*0*0*0*0*0*15*VOL013-61EV8BN30*0*0*0*0*1*N1*01*10*0*0*0*0*0*0*0*4*Demo1*N1*N1*N19*06/23/2020 14:02:521*N0*0*0*1*01*Y0*0*0*0*0*4*Good10*3-61EV8BN31*01*N1*N`i`3-61EV8BN3`2`0`r`0`v`0*15*VOL013-61EV8BLC11*In-Progress7*Pending0*5*OTHER8*S01458680*0*7*Product0*10*3-61EV8AO30*1*10*1*65*Blank17*BB Access Service1*03*GBP10*06/23/202010*3-61EV8AO811*012123456780*10*3-61EV8C9M22*Monthly/Quarterly Bill19*06/23/2020 14:02:520*0*3*Add7*Pending11*In-Progress0*0*1*19*Per Month0*24*1st line/no prev service0*0*10*Blazemeter0*7*Default1*N0*0*0*0*0*0*0*0*0*0*0*0*15*VOL013-61EV8BNQ0*0*0*7*FY3 9QX0*1*N1*01*10*0*0*0*0*0*0*0*4*Demo1*N1*N1*N19*06/23/2020 14:02:521*N0*0*0*1*01*Y0*0*0*0*0*4*Good10*3-61EV8BNQ1*01*Y1*N`i`3-61EV8BNQ`2`0`r`0`v`0*15*VOL013-61EV8BLC11*In-Progress7*Pending0*5*OTHER8*S01458690*0*7*Product0*10*3-61EV8AO30*1*10*1*75*Blank11*ISP Service1*03*GBP10*06/23/20200*13*oneview.cisp10*10*3-61EV8C9M22*Monthly/Quarterly Bill19*06/23/2020 14:02:520*0*3*Add7*Pending11*In-Progress0*0*1*19*Per Month0*0*0*0*10*Blazemeter0*7*Default1*N0*0*0*0*0*0*0*0*0*0*0*0*15*VOL013-61EV8BT60*0*0*7*FY3 9QX0*1*N1*01*10*0*0*0*0*0*0*0*4*Demo1*N1*N1*N19*06/23/2020 14:02:521*N0*0*0*1*01*Y0*0*0*0*0*4*Good10*3-61EV8BT61*01*Y1*N`i`3-61EV8BT6`2`0`r`0`v`0*0*11*In-Progress7*Pending0*2*DF8*S02077970*0*7*Product0*10*3-61EV8AO30*1*10*1*85*Blank15*Delivery Charge4*7.953*GBP10*06/23/20200*0*0*10*3-61EV8C9M17*Credit/Debit Card19*06/23/2020 00:00:000*0*3*Add7*Pending11*In-Progress0*0*1*14*Each0*0*0*0*10*Blazemeter0*7*Default1*N0*7*Stocked7*FY3 9QX0*0*0*0*0*0*0*0*0*15*VOL013-61EV8CBR0*0*0*0*41*169, Preston Old Road, Blackpool, FY3 9QX1*N1*01*10*13*NotApplicable0*0*0*0*0*0*4*Demo1*N1*N1*N19*06/23/2020 14:02:521*N0*0*0*4*7.951*Y0*0*0*0*0*4*Good10*3-61EV8CBR1*11*N1*N`i`3-61EV8CBR`1`0`tr`0`v``1`1`nv`0`imv`1`6`4`vi`3``vt`STANDARD`ich`0`n`Order Entry - Line Items Detail View (Sales)`pu`http://localhost:8080/ecommunications_enu_nsm_aps05524a027/start.swe`tt`Order Line Items Detail`tb`&lt;span id=&apos;s_tb&apos;&gt;&lt;table datatable=&quot;0&quot; summary=&quot;&quot; cellpadding=&quot;0&quot; cellspacing=&quot;0&quot; border=&quot;0&quot;&gt;&lt;tr&gt;&lt;td&gt;&lt;span class=&quot;threadbar&quot;&gt;&lt;nobr&gt;Order Line Items Detail:&lt;/nobr&gt;&lt;/span&gt;&lt;/td&gt;&lt;td&gt;&lt;img src=&quot;images/spacer.gif&quot; width=&quot;5&quot; height=&quot;1&quot; alt=&quot;&quot;&gt;&lt;/td&gt;&lt;td&gt;&lt;/td&gt;&lt;/tr&gt;&lt;/table&gt;&lt;/span&gt;`0`1`na`0`17`3`ai`3`S_A1`nfi`1`n`BT Order Entry - Order Form Applet Dashboard (Sales)`cud`4*16651*14*18061*14*18131*14*16671*14*16961*14*17911*04*17961*04*18111*04*18151*04*16861*14*17981*04*16711*14*18271*14*18281*04*17281*14*16591*14*18031*04*18291*14*18301*04*18311*14*17681*04*18321*04*18331*03*6491*04*17641*14*17611*04*17331*14*17141*14*17491*14*17301*14*17871*04*17691*04*17321*14*18091*04*17621*04*17351*14*17821*04*18341*14*16771*14*17251*04*13941*14*13951*14*17761*14*16691*14*17181*14*17031*04*17401*04*16731*14*17781*04*17831*14*18351*04*17421*04*17381*04*17471*04*17581*04*17531*04*18361*04*14191*04*17121*14*17441*14*18371*04*16881*14*16781*14*18381*04*18391*04*18401*14*16571*14*18411*14*14411*04*18421*14*17511*13*6411*14*16801*14*17061*04*14061*04*14081*03*6501*14*14201*04*18431*04*13971*04*18441*14*14211*04*14221*14*17741*14*14231*04*13921*14*14471*14*14171*14*13701*14*18201*14*14531*14*16831*14*14271*14*14291*13*5871*14*14311*14*14261*14*11531*14*14301*04*14561*03*1211*12*451*14*14321*14*13981*14*14021*14*14331*14*14341*13*1231*04*18211*14*14351*04*14001*13*2081*03*1621*14*13661*03*1551*04*14361*04*14371*04*14381*04*14401*03*1511*02*641*14*18451*03*6431*13*3171*14*14421*13*1601*14*14431*14*14441*04*14451*03*2431*14*13741*02*431*13*1311*03*6461*14*18461*14*17891*03*2641*04*13811*04*18471*14*14481*13*1151*14*14491*14*14501*03*1001*04*17241*14*14521*13*1341*14*18481*03*1421*14*18491*14*13881*14*14541*14*18501*14*14551*03*1351*04*13961*04*14571*14*18511*04*13861*14*13731*13*1451*04*18521*03*6581*04*18531*04*18541*03*6321*14*14591*14*18551*04*18251*12*121*12*281*14*14601*13*3061*13*7731*14*18561*02*401*13*2541*02*391*12*441*13*3071*12*271*14*13761*03*8881*14*17171*04*17461*14*17231*14*17551*04*17091*14*17851*03*6361*04*16991*14*18571*14*10121*14*18001*04*17931*04*17801*04*16941*13*4961*14*16621*14*16911*14*12991*1`cik`4*16661*13*6991*14*16861*14*18171*04*16611*14*16701*14*16761*02*541*14*16901*04*16791*14*16571*14*18181*14*18191*14*16821*14*13711*14*18201*14*16851*12*431*02*451*14*18211*12*201*02*311*13*2431*14*18221*14*18231*14*18241*13*6331*14*18251*12*281*04*14141*13*3061*04*16951*12*401*12*391*02*441*13*3071*12*271*04*12001*14*16641*14*16931*12*211*12*221*12*231*12*241*12*251*02*261*02*291*12*301*02*321*02*331*12*341*02*351*02*361*02*371*02*381*12*411*02*421*12*461*12*471*12*481*02*491*02*501*02*511*02*521*02*531*02*551*14*12311*14*14161*14*14151*14*18261*02*561*02*571*1`shd`56*BT_Order_Entry__Order_Form_Applet_Dashboard_Sales_Applet90*srf1592409810_444/bscripts/all/applet_bt_order_entry__order_form_applet_dashboard_sales.js`asq`0`ied`1`vrn`S_A1`tt`1365`inu`0`hmn`1`rsp`false`bnr`0`iem``bci`S_BC1`hlc`3*a_11*11*2`i`1`0`109`cl`0`23`1`c`0`pt`5`sp`s_1_1_66_0`dm`7`w`0`n`1657`pw`0`ph`0`ju`6`sq`1997`pan`5`mn`1657`ibp`1`crf`8`sdy`0`h`0`iec`1`dft`5`ime`5`dmc`0`t`67`dn`1658`fn`5`msz`32`13`0`imp`0`SWEField`s_1_1_66_0`SWENeedContext`true`SWER`0`SWESP`false`SWEMethod`BTCreditCheck`SWECmd`InvokeMethod`SWEDIC`false`SWEReqRowId`0`SWEView`Order Entry - Line Items Detail View (Sales)`SWEC`95`SWEBID`-1`SRN`xK7T2pIB2ZOV15hwlQxQF5reKcoUB8VpMTZr7we8uAEb`SWEApplet`BT Order Entry - Order Form Applet Dashboard (Sales)`23`1`c`0`pt`5`sp`s_1_1_15_0`dm`7`w`0`n`1659`pw`0`ph`0`ju`6`sq`1997`pan`5`mn`1661`ibp`1`crf`8`sdy`0`h`0`iec`1`dft`5`ime`5`dmc`0`t`67`dn`1660`fn`5`msz`32`13`0`imp`0`SWEField`s_1_1_15_0`SWENeedContext`true`SWER`0`SWESP`false`SWEMethod`BTAddServicePoint`SWECmd`InvokeMethod`SWEDIC`false`SWEReqRowId`0`SWEView`Order Entry - Line Items Detail View (Sales)`SWEC`95`SWEBID`-1`SRN`xK7T2pIB2ZOV15hwlQxQF5reKcoUB8VpMTZr7we8uAEb`SWEApplet`BT Order Entry - Order Form Applet Dashboard (Sales)`23`1`c`0`pt`5`sp`s_1_1_198_0`dm`7`w`0`n`1662`pw`0`ph`0`ju`6`sq`1997`pan`5`mn`1664`ibp`1`crf`8`sdy`0`h`0`iec`1`dft`5`ime`5`dmc`0`t`67`dn`1663`fn`5`msz`32`13`0`imp`0`SWEField`s_1_1_198_0`SWENeedContext`true`SWER`0`SWESP`false`SWEMethod`BTSDiscount`SWECmd`InvokeMethod`SWEDIC`false`SWEReqRowId`0`SWEView`Order Entry - Line Items Detail View (Sales)`SWEC`95`SWEBID`-1`SRN`xK7T2pIB2ZOV15hwlQxQF5reKcoUB8VpMTZr7we8uAEb`SWEApplet`BT Order Entry - Order Form Applet Dashboard (Sales)`23`1`c`0`pt`5`sp`s_1_1_0_0`dm`7`w`0`n`1665`pw`0`ph`0`ju`6`sq`1997`pan`5`mn`1666`ibp`1`crf`8`sdy`0`h`0`iec`1`dft`5`ime`5`dmc`0`t`67`dn`1665`fn`5`msz`32`13`0`imp`0`SWEField`s_1_1_0_0`SWENeedContext`true`SWER`0`SWESP`false`SWEMethod`GetAOSO`SWECmd`InvokeMethod`SWEDIC`false`SWEReqRowId`0`SWEView`Order Entry - Line Items Detail View (Sales)`SWEC`95`SWEBID`-1`SRN`xK7T2pIB2ZOV15hwlQxQF5reKcoUB8VpMTZr7we8uAEb`SWEApplet`BT Order Entry - Order Form Applet Dashboard (Sales)`23`1`c`0`pt`5`sp`s_1_1_165_0`dm`7`w`0`n`632`pw`0`ph`0`ju`6`sq`1997`pan`5`mn`633`ibp`1`crf`8`sdy`0`h`0`iec`1`dft`5`ime`5`dmc`0`t`67`dn`633`fn`5`msz`32`13`0`imp`0`SWEField`s_1_1_165_0`SWENeedContext`true`SWER`0`SWESP`false`SWEMethod`Revise`SWECmd`InvokeMethod`SWEDIC`false`SWEReqRowId`0`SWEView`Order Entry - Line Items Detail View (Sales)`SWEC`95`SWEBID`-1`SRN`xK7T2pIB2ZOV15hwlQxQF5reKcoUB8VpMTZr7we8uAEb`SWEApplet`BT Order Entry - Order Form Applet Dashboard (Sales)`25`1`c`0`pt`5`sp`s_1_1_177_0`dm`7`w`0`n`39`eb`&lt;img src=&quot;images/rcnv_prv_1.gif&quot; border=&quot;0&quot; space=&quot;0&quot; hspace=&quot;0&quot; alt=&quot;Previous record&quot;  title=&quot;Previous record&quot; &gt;`pw`0`db`&lt;img src=&quot;images/rcnv_prv_0.gif&quot; border=&quot;0&quot; space=&quot;0&quot; hspace=&quot;0&quot; alt=&quot;Previous record&quot;  title=&quot;Previous record&quot; &gt;`ph`0`ju`6`sq`1997`pan`5`mn`39`ibp`1`crf`8`sdy`0`h`0`iec`1`dft`5`ime`5`dmc`0`t`67`dn`5`fn`5`msz`32`13`0`imp`0`SWEField`s_1_1_177_0`SWENeedContext`true`SWER`0`SWESP`false`SWEMethod`GotoPreviousSet`SWECmd`InvokeMethod`SWEDIC`false`SWEReqRowId`0`SWEView`Order Entry - Line Items Detail View (Sales)`SWEC`95`SWEBID`-1`SRN`xK7T2pIB2ZOV15hwlQxQF5reKcoUB8VpMTZr7we8uAEb`SWEApplet`BT Order Entry - Order Form Applet Dashboard (Sales)`25`1`c`0`pt`5`sp`s_1_1_175_0`dm`7`w`0`n`40`eb`&lt;img src=&quot;images/rcnv_nxt_1.gif&quot; border=&quot;0&quot; space=&quot;0&quot; hspace=&quot;0&quot; alt=&quot;Next Record&quot;  title=&quot;Next Record&quot; &gt;`pw`0`db`&lt;img src=&quot;images/rcnv_nxt_0.gif&quot; border=&quot;0&quot; space=&quot;0&quot; hspace=&quot;0&quot; alt=&quot;Next Record&quot;  title=&quot;Next Record&quot; &gt;`ph`0`ju`6`sq`1997`pan`5`mn`40`ibp`1`crf`8`sdy`0`h`0`iec`1`dft`5`ime`5`dmc`0`t`67`dn`5`fn`5`msz`32`13`0`imp`0`SWEField`s_1_1_175_0`SWENeedContext`true`SWER`0`SWESP`false`SWEMethod`GotoNextSet`SWECmd`InvokeMethod`SWEDIC`false`SWEReqRowId`0`SWEView`Order Entry - Line Items Detail View (Sales)`SWEC`95`SWEBID`-1`SRN`xK7T2pIB2ZOV15hwlQxQF5reKcoUB8VpMTZr7we8uAEb`SWEApplet`BT Order Entry - Order Form Applet Dashboard (Sales)`23`1`c`0`pt`5`sp`s_1_1_3_0`dm`7`w`0`n`1667`pw`0`ph`0`ju`6`sq`1997`pan`5`mn`699`ibp`1`crf`8`sdy`0`h`0`iec`1`dft`5`ime`5`dmc`0`t`67`dn`1668`fn`5`msz`32`17`0`imp`0`SWEField`s_1_1_3_0`SWENeedContext`true`SWER`0`SWESP`true`SWEMethod`ShowPopup`SWECmd`InvokeMethod`SWEH`100`SWEDIC`true`SWEReqRowId`0`SWEView`Order Entry - Line Items Detail View (Sales)`SWEC`95`SWEW`300`SWEM`Edit`SWEBID`-1`SRN`xK7T2pIB2ZOV15hwlQxQF5reKcoUB8VpMTZr7we8uAEb`SWETA`BT Spring PortIn Order Details`SWEApplet`BT Order Entry - Order Form Applet Dashboard (Sales)`23`1`c`0`pt`5`sp`s_1_1_43_0`dm`7`w`0`n`1669`pw`0`ph`0`ju`6`sq`1997`pan`5`mn`1670`ibp`1`crf`8`sdy`0`h`0`iec`1`dft`5`ime`5`dmc`0`t`67`dn`1669`fn`5`msz`32`13`0`imp`0`SWEField`s_1_1_43_0`SWENeedContext`true`SWER`0`SWESP`false`SWEMethod`GenerateAppointmnt`SWECmd`InvokeMethod`SWEDIC`false`SWEReqRowId`0`SWEView`Order Entry - Line Items Detail View (Sales)`SWEC`95`SWEBID`-1`SRN`xK7T2pIB2ZOV15hwlQxQF5reKcoUB8VpMTZr7we8uAEb`SWEApplet`BT Order Entry - Order Form Applet Dashboard (Sales)`23`1`c`0`pt`5`sp`s_1_1_178_0`dm`7`w`0`n`44`pw`0`ph`0`ju`6`sq`1997`pan`5`mn`44`ibp`1`crf`8`sdy`0`h`0`iec`1`dft`5`ime`5`dmc`0`t`67`dn`530`fn`5`msz`32`13`0`imp`0`SWEField`s_1_1_178_0`SWENeedContext`true`SWER`0`SWESP`false`SWEMethod`NewQuery`SWECmd`InvokeMethod`SWEDIC`false`SWEReqRowId`0`SWEView`Order Entry - Line Items Detail View (Sales)`SWEC`95`SWEBID`-1`SRN`xK7T2pIB2ZOV15hwlQxQF5reKcoUB8VpMTZr7we8uAEb`SWEApplet`BT Order Entry - Order Form Applet Dashboard (Sales)`23`1`c`0`pt`5`sp`s_1_1_101_0`dm`7`w`0`n`45`pw`0`ph`0`ju`6`sq`1997`pan`5`mn`45`ibp`1`crf`8`sdy`0`h`0`iec`1`dft`5`ime`5`dmc`0`t`67`dn`392`fn`5`msz`32`13`0`imp`0`SWEField`s_1_1_101_0`SWENeedContext`true`SWER`0`SWESP`false`SWEMethod`ExecuteQuery`SWECmd`InvokeMethod`SWEDIC`false`SWEReqRowId`0`SWEView`Order Entry - Line Items Detail View (Sales)`SWEC`95`SWEBID`-1`SRN`xK7T2pIB2ZOV15hwlQxQF5reKcoUB8VpMTZr7we8uAEb`SWEApplet`BT Order Entry - Order Form Applet Dashboard (Sales)`23`1`c`0`pt`5`sp`s_1_1_94_0`dm`7`w`0`n`587`pw`0`ph`0`ju`6`sq`1997`pan`5`mn`43`ibp`1`crf`8`sdy`0`h`0`iec`1`dft`5`ime`5`dmc`0`t`67`dn`393`fn`5`msz`32`13`0`imp`0`SWEField`s_1_1_94_0`SWENeedContext`true`SWER`0`SWESP`false`SWEMethod`UndoQuery`SWECmd`InvokeMethod`SWEDIC`false`SWEReqRowId`0`SWEView`Order Entry - Line Items Detail View (Sales)`SWEC`95`SWEBID`-1`SRN`xK7T2pIB2ZOV15hwlQxQF5reKcoUB8VpMTZr7we8uAEb`SWEApplet`BT Order Entry - Order Form Applet Dashboard (Sales)`23`1`c`0`pt`5`sp`s_1_1_11_0`dm`7`w`0`n`1671`pw`0`ph`0`ju`6`sq`1997`pan`5`mn`699`ibp`1`crf`8`sdy`0`h`0`iec`1`dft`5`ime`5`dmc`0`t`67`dn`1672`fn`5`msz`32`17`0`imp`0`SWEField`s_1_1_11_0`SWENeedContext`true`SWER`0`SWESP`true`SWEMethod`ShowPopup`SWECmd`InvokeMethod`SWEH`100`SWEDIC`true`SWEReqRowId`0`SWEView`Order Entry - Line Items Detail View (Sales)`SWEC`95`SWEW`300`SWEM`Base`SWEBID`-1`SRN`xK7T2pIB2ZOV15hwlQxQF5reKcoUB8VpMTZr7we8uAEb`SWETA`BT Transfer PopUp List Applet`SWEApplet`BT Order Entry - Order Form Applet Dashboard (Sales)`23`1`c`0`pt`5`sp`s_1_1_120_0`dm`7`w`0`n`64`pw`0`ph`0`ju`6`sq`1997`pan`5`mn`20`ibp`1`crf`8`sdy`0`h`0`iec`1`dft`5`ime`5`dmc`0`t`67`dn`652`fn`5`msz`32`17`0`imp`0`SWEField`s_1_1_120_0`SWENeedContext`true`SWER`0`SWESP`true`SWEMethod`ShowQueryAssistant`SWECmd`InvokeMethod`SWEH`100`SWEDIC`true`SWEReqRowId`0`SWEView`Order Entry - Line Items Detail View (Sales)`SWEC`95`SWEW`300`SWEM`Edit`SWEBID`-1`SRN`xK7T2pIB2ZOV15hwlQxQF5reKcoUB8VpMTZr7we8uAEb`SWETA`Query Assistant`SWEApplet`BT Order Entry - Order Form Applet Dashboard (Sales)`23`1`c`0`pt`1675`sp`s_1_1_47_0`dm`7`w`0`n`1673`pw`0`ph`0`ju`6`sq`1997`pan`5`mn`1676`ibp`1`crf`8`sdy`0`h`0`iec`1`dft`5`ime`5`dmc`0`t`67`dn`1674`fn`5`msz`32`13`0`imp`0`SWEField`s_1_1_47_0`SWENeedContext`true`SWER`0`SWESP`false`SWEMethod`RecoverCopyOrder`SWECmd`InvokeMethod`SWEDIC`false`SWEReqRowId`0`SWEView`Order Entry - Line Items Detail View (Sales)`SWEC`95`SWEBID`-1`SRN`xK7T2pIB2ZOV15hwlQxQF5reKcoUB8VpMTZr7we8uAEb`SWEApplet`BT Order Entry - Order Form Applet Dashboard (Sales)`23`1`c`0`pt`5`sp`s_1_1_38_0`dm`7`w`0`n`1677`pw`0`ph`0`ju`6`sq`1997`pan`5`mn`699`ibp`1`crf`8`sdy`0`h`0`iec`1`dft`5`ime`5`dmc`0`t`67`dn`393`fn`5`msz`32`17`0`imp`0`SWEField`s_1_1_38_0`SWENeedContext`true`SWER`0`SWESP`true`SWEMethod`ShowPopup`SWECmd`InvokeMethod`SWEH`100`SWEDIC`true`SWEReqRowId`0`SWEView`Order Entry - Line Items Detail View (Sales)`SWEC`95`SWEW`300`SWEM`Edit`SWEBID`-1`SRN`xK7T2pIB2ZOV15hwlQxQF5reKcoUB8VpMTZr7we8uAEb`SWETA`BT Order Cancel Form Applet`SWEApplet`BT Order Entry - Order Form Applet Dashboard (Sales)`23`1`c`0`pt`5`sp`s_1_1_62_0`dm`7`w`0`n`1678`pw`0`ph`0`ju`6`sq`1997`pan`5`mn`1679`ibp`1`crf`8`sdy`0`h`0`iec`1`dft`5`ime`5`dmc`0`t`67`dn`1678`fn`5`msz`32`13`0`imp`0`SWEField`s_1_1_62_0`SWENeedContext`true`SWER`0`SWESP`false`SWEMethod`GetNTVPPOffers`SWECmd`InvokeMethod`SWEDIC`false`SWEReqRowId`0`SWEView`Order Entry - Line Items Detail View (Sales)`SWEC`95`SWEBID`-1`SRN`xK7T2pIB2ZOV15hwlQxQF5reKcoUB8VpMTZr7we8uAEb`SWEApplet`BT Order Entry - Order Form Applet Dashboard (Sales)`23`1`c`0`pt`5`sp`s_1_1_72_0`dm`7`w`0`n`1680`pw`0`ph`0`ju`6`sq`1997`pan`5`mn`1682`ibp`1`crf`8`sdy`0`h`0`iec`1`dft`5`ime`5`dmc`0`t`67`dn`1681`fn`5`msz`32`13`0`imp`0`SWEField`s_1_1_72_0`SWENeedContext`true`SWER`0`SWESP`false`SWEMethod`GenActivityPlans`SWECmd`InvokeMethod`SWEDIC`false`SWEReqRowId`0`SWEView`Order Entry - Line Items Detail View (Sales)`SWEC`95`SWEBID`-1`SRN`xK7T2pIB2ZOV15hwlQxQF5reKcoUB8VpMTZr7we8uAEb`SWEApplet`BT Order Entry - Order Form Applet Dashboard (Sales)`23`1`c`0`pt`5`sp`s_1_1_91_0`dm`7`w`0`n`1683`pw`0`ph`0`ju`6`sq`1997`pan`5`mn`1685`ibp`1`crf`8`sdy`0`h`0`iec`1`dft`5`ime`5`dmc`0`t`67`dn`1684`fn`5`msz`32`13`0`imp`0`SWEField`s_1_1_91_0`SWENeedContext`true`SWER`0`SWESP`false`SWEMethod`BTNetworkService`SWECmd`InvokeMethod`SWEDIC`false`SWEReqRowId`0`SWEView`Order Entry - Line Items Detail View (Sales)`SWEC`95`SWEBID`-1`SRN`xK7T2pIB2ZOV15hwlQxQF5reKcoUB8VpMTZr7we8uAEb`SWEApplet`BT Order Entry - Order Form Applet Dashboard (Sales)`23`1`c`0`pt`5`sp`s_1_1_9_0`dm`7`w`0`n`1686`pw`0`ph`0`ju`6`sq`1997`pan`5`mn`1686`ibp`1`crf`8`sdy`0`h`0`iec`1`dft`5`ime`5`dmc`0`t`67`dn`1687`fn`5`msz`32`13`0`imp`0`SWEField`s_1_1_9_0`SWENeedContext`true`SWER`0`SWESP`false`SWEMethod`BTSendAdHocKCI`SWECmd`InvokeMethod`SWEDIC`false`SWEReqRowId`0`SWEView`Order Entry - Line Items Detail View (Sales)`SWEC`95`SWEBID`-1`SRN`xK7T2pIB2ZOV15hwlQxQF5reKcoUB8VpMTZr7we8uAEb`SWEApplet`BT Order Entry - Order Form Applet Dashboard (Sales)`23`1`c`0`pt`5`sp`s_1_1_61_0`dm`7`w`0`n`1688`pw`0`ph`0`ju`6`sq`1997`pan`5`mn`1690`ibp`1`crf`8`sdy`0`h`0`iec`1`dft`5`ime`5`dmc`0`t`67`dn`1689`fn`5`msz`32`13`0`imp`0`SWEField`s_1_1_61_0`SWENeedContext`true`SWER`0`SWESP`false`SWEMethod`OrderResponse`SWECmd`InvokeMethod`SWEDIC`false`SWEReqRowId`0`SWEView`Order Entry - Line Items Detail View (Sales)`SWEC`95`SWEBID`-1`SRN`xK7T2pIB2ZOV15hwlQxQF5reKcoUB8VpMTZr7we8uAEb`SWEApplet`BT Order Entry - Order Form Applet Dashboard (Sales)`23`1`c`0`pt`5`sp`s_1_1_199_0`dm`7`w`0`n`1691`pw`0`ph`0`ju`6`sq`1997`pan`5`mn`1693`ibp`1`crf`8`sdy`0`h`0`iec`1`dft`5`ime`5`dmc`0`t`67`dn`1692`fn`5`msz`32`13`0`imp`0`SWEField`s_1_1_199_0`SWENeedContext`true`SWER`0`SWESP`false`SWEMethod`GetBTPlus`SWECmd`InvokeMethod`SWEDIC`false`SWEReqRowId`0`SWEView`Order Entry - Line Items Detail View (Sales)`SWEC`95`SWEBID`-1`SRN`xK7T2pIB2ZOV15hwlQxQF5reKcoUB8VpMTZr7we8uAEb`SWEApplet`BT Order Entry - Order Form Applet Dashboard (Sales)`23`0`c`0`pt`5`sp`s_1_1_196_0`dm`7`w`0`csq`1`n`1694`pw`0`ph`0`ju`6`sq`1997`pan`5`ibp`1`crf`8`sdy`0`h`0`iec`1`dft`5`ime`5`dmc`0`t`438`dn`1158`fn`1158`msz`10`25`1`c`0`pt`5`sp`s_1_1_129_0`dm`5`w`0`n`243`eb`&lt;img src=&quot;images/btn_more.gif&quot; border=&quot;0&quot; space=&quot;0&quot; hspace=&quot;0&quot; alt=&quot;Show more&quot;  title=&quot;Show more&quot; &gt;`pw`0`ph`0`ju`6`sq`1997`pan`5`icm`243`mn`243`ibp`1`crf`8`sdy`0`h`0`iec`1`dft`5`ime`5`dmc`0`t`10`dn`5`fn`5`msz`32`13`0`imp`0`SWEField`s_1_1_129_0`SWENeedContext`true`SWER`0`SWESP`false`SWEMethod`ToggleLayout`SWECmd`InvokeMethod`SWEDIC`false`SWEReqRowId`0`SWEView`Order Entry - Line Items Detail View (Sales)`SWEC`95`SWEBID`-1`SRN`xK7T2pIB2ZOV15hwlQxQF5reKcoUB8VpMTZr7we8uAEb`SWEApplet`BT Order Entry - Order Form Applet Dashboard (Sales)`23`1`c`0`pt`5`sp`s_1_1_173_0`dm`7`w`0`n`773`pw`0`ph`0`ju`6`sq`1997`pan`5`mn`1695`ibp`1`crf`8`sdy`0`h`0`iec`1`dft`5`ime`5`dmc`0`t`67`dn`773`fn`5`msz`32`13`0`imp`0`SWEField`s_1_1_173_0`SWENeedContext`true`SWER`0`SWESP`false`SWEMethod`SubmitOrderSvc`SWECmd`InvokeMethod`SWEDIC`false`SWEReqRowId`0`SWEView`Order Entry - Line Items Detail View (Sales)`SWEC`95`SWEBID`-1`SRN`xK7T2pIB2ZOV15hwlQxQF5reKcoUB8VpMTZr7we8uAEb`SWEApplet`BT Order Entry - Order Form Applet Dashboard (Sales)`23`1`c`0`pt`5`sp`s_1_1_4_0`dm`7`w`0`n`1696`pw`0`ph`0`ju`6`sq`1997`pan`5`mn`699`ibp`1`crf`8`sdy`0`h`0`iec`1`dft`5`ime`5`dmc`0`t`67`dn`1697`fn`5`msz`32`17`0`imp`0`SWEField`s_1_1_4_0`SWENeedContext`true`SWER`0`SWESP`true`SWEMethod`ShowPopup`SWECmd`InvokeMethod`SWEH`100`SWEDIC`true`SWEReqRowId`0`SWEView`Order Entry - Line Items Detail View (Sales)`SWEC`95`SWEW`300`SWEM`Edit`SWEBID`-1`SRN`xK7T2pIB2ZOV15hwlQxQF5reKcoUB8VpMTZr7we8uAEb`SWETA`BT BBHousehold DN Applet`SWEApplet`BT Order Entry - Order Form Applet Dashboard (Sales)`23`0`c`0`pt`1372`sp`s_1_1_136_0`dm`5`w`168`csq`1`n`264`pw`0`ph`0`ju`6`sq`1001`pan`5`ibp`1`crf`8`sdy`0`h`24`iec`1`dft`5`ime`5`dmc`0`t`4`dn`159`fn`158`msz`30`25`0`c`0`pt`1698`sp`s_1_1_143_0`dm`5`w`112`csq`1`n`100`pw`300`pat`Pick`ph`100`ju`6`sq`1031`ied`1`pan`5`ibp`1`crf`8`sdy`0`h`24`iec`1`dft`5`ime`5`dmc`0`t`4`dn`896`fn`100`msz`100`23`0`c`0`pt`5`sp`s_1_1_190_0`dm`7`w`85`csq`1`n`1699`pw`0`ph`0`ju`6`sq`1997`pan`5`ibp`1`crf`8`sdy`0`h`24`iec`1`dft`5`ime`5`dmc`0`t`1700`dn`1701`fn`1153`msz`30`25`0`c`0`pt`5`sp`s_1_1_97_0`dm`7`w`128`csq`1`n`1153`pw`300`pat`Pick`ph`100`ju`6`sq`1016`ied`1`pan`5`ibp`1`crf`8`sdy`0`h`24`iec`1`dft`5`ime`5`dmc`0`t`4`dn`1153`fn`1153`msz`30`23`0`c`0`pt`1702`sp`s_1_1_162_0`dm`5`w`112`csq`1`n`658`pw`0`ph`0`ju`6`sq`1032`pan`5`ibp`1`crf`8`sdy`0`h`24`iec`1`dft`5`ime`5`dmc`0`t`4`dn`658`fn`144`msz`50`23`0`c`0`pt`5`sp`s_1_1_45_0`dm`69`w`120`csq`1`n`1703`pw`0`ph`0`ju`6`sq`1997`pan`5`ibp`1`crf`8`sdy`0`h`24`iec`1`dft`5`ime`5`dmc`0`t`4`dn`1704`fn`1705`msz`255`23`0`c`0`pt`1379`sp`s_1_1_140_0`dm`5`w`168`csq`1`n`115`pw`0`ph`0`ju`6`sq`1002`pan`5`ibp`1`crf`8`sdy`0`h`24`iec`1`dft`5`ime`5`dmc`0`t`116`dn`115`fn`115`msz`30`25`0`c`0`pt`5`sp`s_1_1_73_0`dm`7`w`112`csq`1`n`1706`pw`300`pat`Pick`ph`100`ju`6`sq`1052`ied`1`pan`5`ibp`1`crf`8`sdy`0`h`24`iec`1`dft`5`ime`5`dmc`0`t`4`dn`1707`fn`1708`msz`100`22`0`c`0`pt`1387`sp`s_1_1_187_0`dm`7`w`128`n`1709`pw`0`ph`0`ju`6`sq`1017`pan`5`ibp`1`crf`8`sdy`0`h`24`iec`1`dft`1711`ime`5`dmc`0`t`163`dn`1710`fn`1386`msz`255`23`0`c`0`pt`5`sp`s_1_1_58_0`dm`7`w`112`csq`1`n`1712`pw`0`ph`0`ju`6`sq`1033`pan`1712`ibp`1`crf`8`sdy`0`h`24`iec`1`dft`5`ime`5`dmc`0`t`116`dn`1713`fn`1712`msz`30`22`0`c`0`pt`5`sp`s_1_1_27_0`dm`7`w`120`n`1714`pw`0`ph`0`ju`6`sq`1997`pan`5`ibp`1`crf`8`sdy`0`h`24`iec`1`dft`5`ime`5`dmc`0`t`438`dn`1715`fn`1715`msz`1`23`0`c`0`pt`1716`sp`s_1_1_125_0`dm`5`w`168`csq`1`n`160`pw`0`ph`0`ju`6`sq`1003`pan`5`ibp`1`crf`8`sdy`0`h`24`iec`1`dft`5`ime`5`dmc`0`t`116`dn`152`fn`160`msz`30`23`0`c`0`pt`1385`sp`s_1_1_183_0`dm`5`w`112`csq`1`n`1717`pw`0`ph`0`ju`6`sq`1050`pan`5`ibp`1`crf`8`sdy`0`h`24`iec`1`dft`5`ime`5`dmc`0`t`4`dn`313`fn`135`msz`50`22`0`c`0`pt`5`sp`s_1_1_44_0`dm`7`w`128`n`1718`pw`0`ph`0`ju`6`sq`1018`pan`5`ibp`1`crf`8`sdy`0`h`24`iec`1`dft`1711`ime`5`dmc`0`t`163`dn`1718`fn`1719`msz`255`25`0`c`0`pt`5`sp`s_1_1_128_0`dm`7`w`112`csq`1`n`1445`pw`300`pat`Mvg`ph`100`ju`6`sq`1034`ied`1`pan`5`ibp`1`crf`8`sdy`0`h`24`iec`1`dft`5`ime`5`dmc`0`t`4`dn`1720`fn`1721`msz`50`22`0`c`0`pt`5`sp`s_1_1_27_0`dm`7`w`120`n`1714`pw`0`ph`0`ju`6`sq`1997`pan`5`ibp`1`crf`8`sdy`0`h`24`iec`1`dft`5`ime`5`dmc`0`t`438`dn`1715`fn`1715`msz`1`23`0`c`0`pt`5`sp`s_1_1_76_0`dm`7`w`168`csq`1`n`650`pw`0`ph`0`ju`6`sq`1046`pan`1722`ibp`1`crf`8`sdy`0`h`24`iec`1`dft`5`ime`5`dmc`0`t`116`dn`650`fn`650`msz`30`25`0`c`0`pt`1383`sp`s_1_1_185_0`dm`5`w`112`csq`1`n`1723`pw`300`pat`Pick`ph`100`ju`6`sq`1049`ied`1`pan`5`ibp`1`crf`8`sdy`0`h`24`iec`1`dft`5`ime`5`dmc`0`t`4`dn`314`fn`134`msz`50`23`0`c`0`pt`5`sp`s_1_1_71_0`dm`7`w`128`csq`1`n`641`pw`0`ph`0`ju`6`sq`1019`pan`5`ibp`1`crf`8`sdy`0`h`24`iec`1`dft`5`ime`5`dmc`0`t`4`dn`641`fn`642`msz`30`23`0`c`0`pt`5`sp`s_1_1_144_0`dm`7`w`112`csq`1`n`1724`pw`0`ph`0`ju`6`sq`1048`pan`5`ibp`1`crf`8`sdy`0`h`24`iec`1`dft`5`ime`5`dmc`0`t`122`dn`121`fn`121`msz`255`23`0`c`0`pt`5`sp`s_1_1_39_0`dm`7`w`112`csq`1`n`1725`pw`0`ph`0`ju`6`sq`1061`pan`5`ibp`1`crf`8`sdy`0`h`24`iec`1`dft`5`ime`5`dmc`0`t`438`dn`1725`fn`1726`msz`100`23`0`c`0`pt`5`sp`s_1_1_122_0`dm`7`w`168`csq`1`n`643`pw`0`ph`0`ju`6`sq`1047`pan`5`ibp`1`crf`8`sdy`0`h`24`iec`1`dft`5`ime`5`dmc`0`t`116`dn`643`fn`643`msz`30`22`0`c`0`pt`5`sp`s_1_1_112_0`dm`7`w`112`n`162`pw`0`ph`0`ju`6`sq`1004`pan`5`ibp`1`crf`8`sdy`0`h`24`iec`1`dft`637`ime`5`dmc`0`t`163`dn`162`fn`162`msz`255`22`0`c`0`pt`5`sp`s_1_1_127_0`dm`7`w`128`n`1444`pw`0`ph`0`ju`6`sq`1036`pan`5`ibp`1`crf`8`sdy`0`h`24`iec`1`dft`5`ime`5`dmc`0`t`4`dn`1727`fn`1727`msz`255`24`0`c`0`pt`5`sp`s_1_1_14_0`dm`7`w`112`csq`1`n`1728`pw`300`pat`Pick`ph`100`ju`6`sq`1997`ied`1`pan`5`crf`8`sdy`0`h`24`iec`1`dft`5`ime`5`dmc`0`t`4`dn`1728`fn`1729`msz`100`23`0`c`0`pt`5`sp`s_1_1_29_0`dm`7`w`120`csq`1`n`1730`pw`0`ph`0`ju`6`sq`1997`pan`5`ibp`1`crf`8`sdy`0`h`24`iec`1`dft`5`ime`5`dmc`0`t`438`dn`1731`fn`1730`msz`100`23`0`c`0`pt`5`sp`s_1_1_32_0`dm`7`w`168`csq`1`n`1732`pw`0`ph`0`ju`6`sq`1007`pan`5`ibp`1`crf`8`sdy`0`h`24`iec`1`dft`5`ime`5`dmc`0`t`116`dn`427`fn`1732`msz`50`24`0`c`0`pt`5`sp`s_1_1_26_0`dm`7`w`112`csq`1`n`1733`pw`300`pat`Pick`ph`100`ju`6`sq`1008`ied`1`pan`5`crf`8`sdy`0`h`24`iec`1`dft`5`ime`5`dmc`0`t`4`dn`342`fn`1734`msz`50`24`0`c`0`pt`5`sp`s_1_1_35_0`dm`7`w`128`csq`1`n`1735`pw`300`pat`Pick`ph`100`ju`6`sq`1009`ied`1`pan`5`crf`8`sdy`0`h`24`iec`1`dft`5`ime`5`dmc`0`t`4`dn`1736`fn`1737`msz`50`23`0`c`0`pt`5`sp`s_1_1_52_0`dm`7`w`112`csq`1`n`1738`pw`0`ph`0`ju`6`sq`1051`pan`5`ibp`1`crf`8`sdy`0`h`24`iec`1`dft`5`ime`5`dmc`0`t`4`dn`1739`fn`1738`msz`30`22`0`c`0`pt`5`sp`s_1_1_46_0`dm`7`w`32`n`1740`pw`0`ph`0`ju`6`sq`1030`pan`5`ibp`1`crf`8`sdy`0`h`24`iec`1`dft`5`ime`5`dmc`0`t`92`dn`1740`fn`1741`msz`1`25`0`c`0`pt`1380`sp`s_1_1_148_0`dm`5`w`112`csq`1`n`142`pw`300`pat`Pick`ph`100`ju`6`sq`1035`ied`1`pan`5`ibp`1`crf`8`sdy`0`h`24`iec`1`dft`5`ime`5`dmc`0`t`4`dn`142`fn`142`msz`50`23`0`c`0`pt`5`sp`s_1_1_51_0`dm`7`w`128`csq`1`n`1742`pw`0`ph`0`ju`6`sq`1021`pan`1742`ibp`1`crf`8`sdy`0`h`24`iec`1`dft`5`ime`5`dmc`0`t`116`dn`1743`fn`1742`msz`50`22`0`c`0`pt`5`sp`s_1_1_59_0`dm`7`w`112`csq`1`n`1744`pw`0`ph`0`ju`6`sq`1053`pan`5`crf`8`sdy`0`h`24`iec`1`dft`5`ime`5`dmc`0`t`116`dn`1745`fn`1744`msz`30`25`0`c`0`pt`1382`sp`s_1_1_184_0`dm`5`w`168`csq`1`n`1746`pw`300`pat`Pick`ph`100`ju`6`sq`1005`ied`1`pan`5`ibp`1`crf`8`sdy`0`h`24`iec`1`dft`5`ime`5`dmc`0`t`116`dn`119`fn`165`msz`50`25`0`c`0`pt`5`sp`s_1_1_111_0`dm`7`w`112`csq`1`n`208`pw`300`pat`Pick`ph`100`ju`6`sq`1037`ied`1`pan`5`ibp`1`crf`8`sdy`0`h`24`iec`1`dft`5`ime`5`dmc`0`t`4`dn`208`fn`208`msz`100`22`0`c`0`pt`5`sp`s_1_1_53_0`dm`7`w`128`n`1747`pw`0`ph`0`ju`6`sq`1022`pan`5`ibp`1`crf`8`sdy`0`h`24`iec`1`dft`5`ime`5`dmc`0`t`4`dn`1748`fn`1747`msz`16`23`0`c`0`pt`5`sp`s_1_1_92_0`dm`7`w`0`n`1427`pw`0`ph`0`ju`6`sq`1054`pan`5`icm`387`ibp`1`crf`8`sdy`0`h`0`iec`1`dft`5`ime`5`dmc`0`t`92`dn`1427`fn`141`msz`1`22`0`c`0`pt`5`sp`s_1_1_28_0`dm`7`w`200`n`1749`pw`0`ph`0`ju`6`sq`1060`pan`5`ibp`1`crf`8`sdy`0`h`24`iec`1`dft`5`ime`5`dmc`0`t`438`dn`1749`fn`1750`msz`1`23`0`c`0`pt`5`sp`s_1_1_70_0`dm`7`w`168`csq`1`n`1751`pw`0`ph`0`ju`6`sq`1006`pan`5`ibp`1`crf`8`sdy`0`h`24`iec`1`dft`5`ime`5`dmc`0`t`4`dn`1751`fn`1752`msz`250`22`0`c`0`pt`5`sp`s_1_1_55_0`dm`7`w`112`n`1753`pw`0`ph`0`ju`6`sq`1038`pan`5`ibp`1`crf`8`sdy`0`h`24`iec`1`dft`5`ime`5`dmc`0`t`4`dn`1754`fn`1753`msz`16`22`0`c`0`pt`1757`sp`s_1_1_186_0`dm`7`w`128`n`1755`pw`0`ph`0`ju`6`sq`1023`pan`5`ibp`1`crf`8`sdy`0`h`24`iec`1`dft`1711`ime`5`dmc`0`t`163`dn`1755`fn`1756`msz`255`22`0`c`0`pt`5`sp`s_1_1_54_0`dm`7`w`168`n`1758`pw`0`ph`0`ju`6`sq`1010`pan`5`ibp`1`crf`8`sdy`0`h`24`iec`1`dft`5`ime`5`dmc`0`t`4`dn`1759`fn`1758`msz`18`23`0`c`0`pt`5`sp`s_1_1_79_0`dm`7`w`112`csq`1`n`1397`pw`0`ph`0`ju`6`sq`1039`pan`5`ibp`1`crf`8`sdy`0`h`24`iec`1`dft`5`ime`5`dmc`0`t`4`dn`1760`fn`1397`msz`255`25`0`c`0`pt`5`sp`s_1_1_93_0`dm`7`w`128`csq`1`n`1429`pw`300`pat`Pick`ph`100`ju`6`sq`1024`ied`1`pan`5`ibp`1`crf`8`sdy`0`h`24`iec`1`dft`5`ime`5`dmc`0`t`4`dn`1429`fn`1260`msz`100`23`0`c`0`pt`5`sp`s_1_1_25_0`dm`7`w`112`csq`1`n`1761`pw`0`ph`0`ju`6`sq`1056`pan`5`ibp`1`crf`8`sdy`0`h`24`iec`1`dft`5`ime`5`dmc`0`t`4`dn`917`fn`1761`msz`30`22`0`c`0`pt`5`sp`s_1_1_181_0`dm`7`w`168`n`1376`pw`0`ph`0`ju`6`sq`1011`pan`5`ibp`1`crf`8`sdy`0`h`24`iec`1`dft`5`ime`5`dmc`0`t`735`dn`1376`fn`1376`msz`16`25`0`c`0`pt`5`sp`s_1_1_145_0`dm`5`w`112`csq`1`n`1452`pw`300`pat`Pick`ph`100`ju`6`sq`1040`ied`1`pan`5`ibp`1`crf`8`sdy`0`h`24`iec`1`dft`5`ime`5`dmc`0`t`4`dn`1452`fn`199`msz`100`23`0`c`0`pt`5`sp`s_1_1_34_0`dm`7`w`112`csq`1`n`1762`pw`0`ph`0`ju`6`sq`1057`pan`5`ibp`1`crf`8`sdy`0`h`24`iec`1`dft`5`ime`5`dmc`0`t`4`dn`1763`fn`1762`msz`255`23`0`c`0`pt`5`sp`s_1_1_24_0`dm`7`w`128`csq`1`n`1764`pw`0`ph`0`ju`6`sq`1997`pan`1765`ibp`1`crf`8`sdy`0`h`24`iec`1`dft`5`ime`5`dmc`0`t`116`dn`1764`fn`1764`msz`30`22`0`c`0`pt`5`sp`s_1_1_85_0`dm`7`w`168`n`1392`pw`0`ph`0`ju`6`sq`1012`pan`5`ibp`1`crf`8`sdy`0`h`24`iec`1`dft`637`ime`5`dmc`0`t`163`dn`1393`fn`1392`msz`255`23`0`c`0`pt`5`sp`s_1_1_103_0`dm`7`w`40`n`1398`pw`0`ph`0`ju`6`sq`1041`pan`5`icm`387`ibp`1`crf`8`sdy`0`h`0`iec`1`dft`5`ime`5`dmc`0`t`92`dn`1398`fn`1399`msz`1`23`0`c`0`pt`5`sp`s_1_1_139_0`dm`5`w`128`csq`1`n`1448`pw`0`ph`0`ju`6`sq`1029`pan`1766`ibp`1`crf`8`sdy`0`h`24`iec`1`dft`5`ime`5`dmc`0`t`116`dn`1448`fn`1448`msz`30`23`0`c`0`pt`1767`sp`s_1_1_142_0`dm`7`w`0`n`1450`pw`0`ph`0`ju`6`sq`1058`pan`5`icm`387`ibp`1`crf`8`sdy`0`h`0`iec`1`dft`5`ime`5`dmc`0`t`92`dn`1450`fn`1450`msz`1`23`0`c`0`pt`5`sp`s_1_1_20_0`dm`7`w`128`csq`1`n`1768`pw`0`ph`0`ju`6`sq`1997`pan`5`ibp`1`crf`8`sdy`0`h`24`iec`1`dft`5`ime`5`dmc`0`t`4`dn`1768`fn`1768`msz`15`23`0`c`0`pt`5`sp`s_1_1_155_0`dm`7`w`168`csq`1`n`1396`pw`0`ph`0`ju`6`sq`1013`pan`5`ibp`1`crf`8`sdy`0`h`24`iec`1`dft`5`ime`5`dmc`0`t`4`dn`1396`fn`1397`msz`255`23`0`c`0`pt`5`sp`s_1_1_104_0`dm`7`w`112`csq`1`n`1402`pw`0`ph`0`ju`6`sq`1042`pan`1405`ibp`1`crf`8`sdy`0`h`24`iec`1`dft`5`ime`5`dmc`0`t`116`dn`1403`fn`1404`msz`30`22`0`c`0`pt`5`sp`s_1_1_31_0`dm`7`w`32`n`1769`pw`0`ph`0`ju`6`sq`1030`pan`5`ibp`1`crf`8`sdy`0`h`24`iec`1`dft`5`ime`5`dmc`0`t`92`dn`1769`fn`1770`msz`1`25`0`c`0`pt`1772`sp`s_1_1_151_0`dm`5`w`112`csq`1`n`1454`pw`300`pat`Pick`ph`100`ju`6`sq`1059`ied`1`pan`5`ibp`1`crf`8`sdy`0`h`24`iec`1`dft`5`ime`5`dmc`0`t`4`dn`1771`fn`1454`msz`50`25`0`c`0`pt`5`sp`s_1_1_182_0`dm`7`w`168`csq`1`n`888`pw`300`pat`Pick`ph`100`ju`6`sq`1015`ied`1`pan`5`ibp`1`crf`8`sdy`0`h`24`iec`1`dft`5`ime`5`dmc`0`t`4`dn`888`fn`888`msz`100`23`0`c`0`pt`5`sp`s_1_1_119_0`dm`7`w`112`csq`1`n`151`pw`0`ph`0`ju`6`sq`1014`pan`5`ibp`1`crf`8`sdy`0`h`24`iec`1`dft`5`ime`5`dmc`0`t`4`dn`151`fn`1773`msz`255`24`0`c`0`pt`5`sp`s_1_1_83_0`dm`7`w`32`csq`1`n`1774`pw`0`ph`0`ju`6`sq`1027`pan`5`icm`387`ibp`1`crf`8`sdy`0`h`24`iec`1`dft`5`ime`5`dmc`0`t`92`dn`1774`fn`1775`msz`50`25`0`c`0`pt`5`sp`s_1_1_114_0`dm`7`w`112`csq`1`n`155`pw`300`pat`Mvg`ph`100`ju`6`sq`1043`ied`1`pan`5`ibp`1`crf`8`sdy`0`h`24`iec`1`dft`5`ime`5`dmc`0`t`4`dn`155`fn`155`msz`100`25`0`c`0`pt`5`sp`s_1_1_42_0`dm`7`w`168`csq`1`n`1776`pw`300`pat`Pick`ph`100`ju`6`sq`1997`ied`1`pan`5`ibp`1`crf`8`sdy`0`h`24`iec`1`dft`5`ime`5`dmc`0`t`4`dn`1776`fn`1777`msz`30`23`0`c`0`pt`5`sp`s_1_1_48_0`dm`7`w`112`csq`1`n`1778`pw`0`ph`0`ju`6`sq`1044`pan`5`ibp`1`crf`8`sdy`0`h`24`iec`1`dft`5`ime`5`dmc`0`t`4`dn`1778`fn`1779`msz`30`23`0`c`0`pt`5`sp`s_1_1_195_0`dm`5`w`128`csq`1`n`1780`pw`0`ph`0`ju`6`sq`1029`pan`5`ibp`1`crf`8`sdy`0`h`24`iec`1`dft`5`ime`5`dmc`0`t`4`dn`1781`fn`1780`msz`30`23`0`c`0`pt`5`sp`s_1_1_82_0`dm`7`w`32`n`1422`pw`0`ph`0`ju`6`sq`1027`pan`5`icm`387`ibp`1`crf`8`sdy`0`h`24`iec`1`dft`5`ime`5`dmc`0`t`92`dn`1422`fn`1422`msz`1`23`0`c`0`pt`5`sp`s_1_1_36_0`dm`7`w`168`csq`1`n`1782`pw`0`ph`0`ju`6`sq`1100`pan`5`ibp`1`crf`8`sdy`0`h`24`iec`1`dft`5`ime`5`dmc`0`t`4`dn`1782`fn`1782`msz`20`24`1`c`0`pt`5`sp`s_1_1_49_0`dm`7`w`24`csq`1`n`1783`pw`0`ph`0`ju`6`sq`1997`pan`5`mn`54`ibp`1`crf`8`sdy`0`h`24`iec`1`dft`5`ime`5`dmc`0`t`10`dn`1784`fn`1783`msz`15`0`0``0`23`0`c`0`pt`1786`sp`s_1_1_188_0`dm`5`w`112`csq`1`n`1785`pw`0`ph`0`ju`6`sq`1045`pan`5`ibp`1`crf`8`sdy`0`h`24`iec`1`dft`5`ime`5`dmc`0`t`4`dn`114`fn`1457`msz`64`23`0`c`0`pt`5`sp`s_1_1_30_0`dm`7`w`128`csq`1`n`1787`pw`0`ph`0`ju`6`sq`1030`pan`5`ibp`1`crf`8`sdy`0`h`24`iec`1`dft`5`ime`5`dmc`0`t`4`dn`1788`fn`1787`msz`50`22`0`c`0`pt`5`sp`s_1_1_135_0`dm`7`w`0`n`1789`pw`0`ph`0`ju`6`sq`1997`pan`5`ibp`1`crf`8`sdy`0`h`0`iec`1`dft`5`ime`5`dmc`0`t`92`dn`1790`fn`1789`msz`1`23`0`c`0`pt`5`sp`s_1_1_5_0`dm`7`w`168`csq`1`n`1791`pw`0`ph`0`ju`6`sq`1101`pan`5`ibp`1`crf`8`sdy`0`h`24`iec`1`dft`5`ime`5`dmc`0`t`4`dn`1792`fn`1791`msz`255`22`0`c`0`pt`5`sp`s_1_1_194_0`dm`7`w`112`n`1793`pw`0`ph`0`ju`6`sq`1044`pan`5`ibp`1`crf`8`sdy`0`h`24`iec`1`dft`5`ime`5`dmc`0`t`4`dn`1794`fn`1795`msz`18`23`0`c`0`pt`5`sp`s_1_1_6_0`dm`7`w`128`csq`1`n`1796`pw`0`ph`0`ju`6`sq`1031`pan`5`ibp`1`crf`8`sdy`0`h`24`iec`1`dft`5`ime`5`dmc`0`t`4`dn`1797`fn`1796`msz`30`23`0`c`0`pt`5`sp`s_1_1_10_0`dm`7`w`120`csq`1`n`1798`pw`0`ph`0`ju`6`sq`1997`pan`5`ibp`1`crf`8`sdy`0`h`24`iec`1`dft`5`ime`5`dmc`0`t`4`dn`1798`fn`1799`msz`50`23`0`c`0`pt`5`sp`s_1_1_193_0`dm`7`w`168`csq`1`n`1800`pw`0`ph`0`ju`6`sq`1102`pan`5`ibp`1`crf`8`sdy`0`h`24`iec`1`dft`5`ime`5`dmc`0`t`4`dn`1801`fn`1802`msz`30`23`0`c`0`pt`5`sp`s_1_1_16_0`dm`7`w`112`csq`1`n`1803`pw`0`ph`0`ju`6`sq`1055`pan`5`ibp`1`crf`8`sdy`0`h`24`iec`1`dft`5`ime`5`dmc`0`t`4`dn`1804`fn`1805`msz`100`22`0`c`0`pt`5`sp`s_1_1_1_0`dm`7`w`120`n`1806`pw`0`ph`0`ju`6`sq`1997`pan`5`ibp`1`crf`8`sdy`0`h`24`iec`1`dft`637`ime`5`dmc`0`t`1807`dn`1808`fn`1806`msz`255`23`0`c`0`pt`5`sp`s_1_1_33_0`dm`7`w`24`n`1809`pw`0`ph`0`ju`6`sq`1110`pan`5`icm`387`ibp`1`crf`8`sdy`0`h`24`iec`1`dft`5`ime`5`dmc`0`t`92`dn`1810`fn`1809`msz`1`22`0`c`0`pt`5`sp`s_1_1_7_0`dm`7`w`112`n`1811`pw`0`ph`0`ju`6`sq`1997`pan`5`ibp`1`crf`8`sdy`0`h`24`iec`1`dft`5`ime`5`dmc`0`t`4`dn`1812`fn`1811`msz`18`23`0`c`0`pt`5`sp`s_1_1_2_0`dm`7`w`112`csq`1`n`1813`pw`0`ph`0`ju`6`sq`1997`pan`5`ibp`1`crf`8`sdy`0`h`24`iec`1`dft`5`ime`5`dmc`0`t`4`dn`1813`fn`1814`msz`50`22`0`c`0`pt`5`sp`s_1_1_8_0`dm`7`w`112`n`1815`pw`0`ph`0`ju`6`sq`1997`pan`5`ibp`1`crf`8`sdy`0`h`24`iec`1`dft`5`ime`5`dmc`0`t`4`dn`1816`fn`1815`msz`16`1`0`cfm`0`DeleteRecord`IDS_SWE_DELETE_CONFIRM_WARNING`0`7`pcl`0`2`0`pc`0`allowPC`false`External Order #``2`0`pc`0`allowPC`false`Integration Message``2`0`pc`0`allowPC`false`Integration Status``2`0`pc`0`Sold To Address``allowPC`false`2`0`pc`0`allowPC`false`Sold To Site``2`0`pc`0`allowPC`false`HTML Button``2`0`pc`0`allowPC`false`HTML MiniButton``0`1`nla`0`19`5`ai`3`S_A2`nfi`1`n`BT Order Entry - Line Item List Applet (Sales)`cud`4*19551*14*19571*14*19111*14*19091*14*19431*14*19451*14*19471*14*19521*14*19411*13*3671*13*3651*13*3661*14*20491*04*20501*04*20111*04*19051*14*19161*14*19011*14*19181*04*19301*04*19371*04*19041*14*19141*04*19321*04*19341*04*19211*04*19391*04*19221*04*19311*13*8211*04*19361*04*13761*04*15401*04*19231*14*19191*14*14821*14*20511*14*14791*14*14801*14*14811*14*20521*14*20531*14*20541*13*5871*12*451*14*19261*14*20551*12*641*13*6351*13*5891*13*3161*13*6461*13*5901*14*20561*13*1051*12*121*14*20571*14*19291*14*14831*14*14841*14*14851*14*20581*14*13211*14*14861*13*7891*14*14871*14*14881*12*281*14*14891*14*13331*12*401*13*6361*02*391*14*16941*12*441*14*19241*13*3071*12*271*12*311*13*5911*13*4961*14*20591*14*17781*04*20111*04*20001*03*8591*03*8611*04*20121*14*20051*04*20071*04*20371*14*20091*03*8631*03*1251*04*20601*04*14011*04*20611*14*19941*14*20621*04*18291*04*18311*04*18321*04*20631*04*20491*04*20641*04*20651*04*19641*14*19671*14*20161*14*19881*14*19731*04*20201*03*6401*14*20321*14*20341*14*20181*14*20661*04*20671*04*20681*04*13951*04*19771*14*20691*04*20701*04*14901*04*15311*03*9811*14*19701*04*19981*03*6861*14*14641*04*20711*04*20721*03*4771*04*20731*04*20301*04*20141*14*19811*04*20741*04*20281*14*20391*04*20751*04*20761*04*19851*04*20261*13*6241*04*17641*04*20771*03*1521*14*20781*04*20791*04*20801*04*20811*04*20821*04*19611*14*20831*04*20841*04*20851*04*14561*04*14531*04*20861*04*19961*14*18921*04*20871*04*20881*14*20891*04*20901*04*20911*04*20921*04*14911*04*20931*04*11951*14*13921*03*1391*03*6511*04*14921*03*1411*14*14931*14*14941*03*1351*03*1341*04*14951*04*14961*03*1451*04*14971*03*1211*04*17381*04*19921*04*14981*04*14991*14*11531*14*15001*14*15021*04*11141*14*15031*04*15041*04*15051*04*13271*04*13261*03*1531*04*15071*14*15081*04*15091*04*15101*04*15111*04*15121*14*10211*14*20941*04*15131*04*15141*04*15151*04*20951*04*20961*04*20971*04*20981*04*20991*04*21001*04*21011*04*21021*04*21031*04*21041*04*21051*13*7621*14*15161*04*15171*04*15181*04*15191*04*15201*04*15211*04*15221*04*15231*03*6591*14*15241*04*15251*03*8241*04*15261*04*15271*04*15281*04*15291*03*8871*03*1401*04*21061*04*15301*14*15321*04*15331*04*13241*14*15341*04*15351*04*15361*14*15381*04*15391*04*15401*13*1381*03*8881*04*21071*13*8891*04*21081*14*21091*14*15421*04*15431*04*15441*04*15451*04*15461*14*15471*04*15481*04*15491*04*15501*04*15511*04*15521*13*1151*14*15531*14*15541*14*15551*04*15561*04*15571*04*15581*04*21101*04*15591*13*8941*03*1481*04*15601*04*15611*04*15621*04*15631*04*15641*04*21111*04*21121*13*7511*14*21131*04*21141*04*21151*04*21161*04*21171*14*21181*14*21191*14*21201*04*13741*04*21211*04*21221*04*21231*03*2541*03*8331*03*6711*04*21241*04*21251*04*21261*03*8921*04*20231*0`cik`4*19561*14*19581*14*19131*14*19101*14*19441*14*19461*14*19491*14*19541*13*6991*13*3641*14*19071*14*19171*04*19031*14*19041*14*19231*14*19201*14*14681*14*20411*14*14671*14*14131*04*20421*14*20431*14*20441*12*431*02*451*14*19281*14*20451*12*201*03*6351*14*20461*14*20471*14*18711*14*14691*14*14701*14*13231*04*14711*13*7901*04*14721*14*14731*04*14611*14*14741*02*401*02*391*02*441*14*19251*13*3071*12*271*02*311*13*3101*14*20481*02*211*12*221*12*231*12*241*12*251*02*261*12*281*02*291*02*301*02*321*12*331*02*341*12*351*12*361*12*371*02*381*12*411*02*421*02*461*12*471*12*481*02*491*02*501*02*511*02*521*02*531*02*541*12*551*14*13301*04*13311*14*14751*14*14761*04*14771*14*14661*12*561*02*571*0`pf`VER_1.0_~0|Outline Number|20~0|State|10~0|Product|300~0|Item Price|55~0|Service Point|100~0|Service Id|100~0|Hazard Notes|100~0|Billing Account Number|100~0|BT NRC Payment Type|100~0|Due Date|90~0|BT Appointment Id|100~0|BT Appointment Start|100~0|Action Code|55~0|Status|100~0|Sub-Status|130~0|Completion Date|100~0|BT Commitment Date|100~0|Extended Quantity|100~0|Unit of Measure|100~0|BT External Order Reference|100~0|Cease Order Reason|100~0|Competitor|100~0|Recovery Action|100~0|Ship To Contact - First Name|100~0|Revision_Status|100~0|BT Cease Instruction|100~0|BT External Flag|100~1|Service Start Date|100~1|Service End Date|100~0|BT Appointment Change Reason|100~1|BT KCI Status|100~0|BT Stock Level|100~0|BT Ship To Address PostCode|100~0|Delivery Method|100~0|BT Alert Type|100~0|BT Base Promotion Integration Id|100~1|BT Line Item Completion Date|100~0|Delivery Status|100~0|BT Offer Promotion Integration Id|100~0|BT TBYB Promotion Integration Id|100~0|BT Previous Base Promotion Integration Id|100~0|BT Previous Offer Promotion Integration Id|100~0|BT TBYB Previous Promotion Integration Id|100~0|Asset Integration Id|100~0|BT Override Context|100~0|RFP Subcategory|100~0|BT Billing Override Date|100~0|BT Service Address Post Code|100~1|Ship To Account Location|100~0|BT Delivery Address Details|176~0|Waive Delivery Charge|100~0|BT Credit Risk|100~0|Quantity Requested|20~0|SendReturnsPackaging|100~0|ReplacementType|100~0|Product Deposit|100~0|Product PIA|100~0|BT On Behalf Of|100~0|BT Provision Instruction|100~0|BT Revision Reason|100~0|Retail BB SID|100~0|Ship To Contact - Last Name|100`shd`50*BT_Order_Entry__Line_Item_List_Applet_Sales_Applet84*srf1592409810_444/bscripts/all/applet_bt_order_entry__line_item_list_applet_sales.js`rct`16`asq`1`ied`1`vrn`S_A2`tt`639`inu`0`hmn`1`rsp`false`bnr`0`iem``bci`S_BC2`hlc`3*a_21*11*2`i`2`0`45`cl`0`23`1`c`0`pt`5`sp`s_2_1_17_0`dm`7`w`0`n`1901`pw`0`ph`0`ju`6`sq`2997`pan`5`mn`1903`ibp`1`crf`8`sdy`0`h`0`iec`1`dft`5`ime`5`dmc`0`t`67`dn`1902`fn`5`msz`32`14`0`imp`0`SWEField`s_2_1_17_0`SWENeedContext`true`SWER`0`SWESP`false`SWERowIds`SWERowId0=3-61EV8AO3`SWEMethod`FollowonOrderSvc`SWECmd`InvokeMethod`SWEDIC`false`SWEReqRowId`0`SWEView`Order Entry - Line Items Detail View (Sales)`SWEC`95`SWEBID`-1`SRN`xK7T2pIB2ZOV15hwlQxQF5reKcoUB8VpMTZr7we8uAEb`SWEApplet`BT Order Entry - Line Item List Applet (Sales)`23`1`c`0`pt`5`sp`s_2_1_21_0`dm`7`w`0`n`1904`pw`0`ph`0`ju`6`sq`2997`pan`5`mn`1904`ibp`1`crf`8`sdy`0`h`0`iec`1`dft`5`ime`5`dmc`0`t`67`dn`1904`fn`5`msz`32`14`0`imp`0`SWEField`s_2_1_21_0`SWENeedContext`true`SWER`0`SWESP`false`SWERowIds`SWERowId0=3-61EV8AO3`SWEMethod`CascadeCAD`SWECmd`InvokeMethod`SWEDIC`false`SWEReqRowId`0`SWEView`Order Entry - Line Items Detail View (Sales)`SWEC`95`SWEBID`-1`SRN`xK7T2pIB2ZOV15hwlQxQF5reKcoUB8VpMTZr7we8uAEb`SWEApplet`BT Order Entry - Line Item List Applet (Sales)`23`1`c`0`pt`5`sp`s_2_1_15_0`dm`7`w`0`n`1905`pw`0`ph`0`ju`94`sq`2997`pan`5`mn`1907`ibp`1`crf`8`sdy`0`h`0`iec`1`dft`5`ime`5`dmc`0`t`67`dn`1906`fn`5`msz`32`14`0`imp`0`SWEField`s_2_1_15_0`SWENeedContext`true`SWER`0`SWESP`false`SWERowIds`SWERowId0=3-61EV8AO3`SWEMethod`EventMethodBTCancelAll`SWECmd`InvokeMethod`SWEDIC`false`SWEReqRowId`0`SWEView`Order Entry - Line Items Detail View (Sales)`SWEC`95`SWEBID`-1`SRN`xK7T2pIB2ZOV15hwlQxQF5reKcoUB8VpMTZr7we8uAEb`SWEApplet`BT Order Entry - Line Item List Applet (Sales)`23`1`c`0`pt`5`sp`s_2_1_69_0`dm`7`w`0`n`1333`pw`0`ph`0`ju`6`sq`2997`pan`5`mn`699`ibp`1`crf`8`sdy`0`h`0`iec`1`dft`5`ime`5`dmc`0`t`67`dn`1567`fn`5`msz`32`18`0`imp`0`SWEField`s_2_1_69_0`SWENeedContext`true`SWER`0`SWESP`true`SWERowIds`SWERowId0=3-61EV8AO3`SWEMethod`ShowPopup`SWECmd`InvokeMethod`SWEH`100`SWEDIC`true`SWEReqRowId`0`SWEView`Order Entry - Line Items Detail View (Sales)`SWEC`95`SWEW`300`SWEM`Edit List`SWEBID`-1`SRN`xK7T2pIB2ZOV15hwlQxQF5reKcoUB8VpMTZr7we8uAEb`SWETA`Product Popup Applet`SWEApplet`BT Order Entry - Line Item List Applet (Sales)`23`1`c`0`pt`5`sp`s_2_1_47_0`dm`7`w`0`n`64`pw`0`ph`0`ju`6`sq`2997`pan`5`mn`20`ibp`1`crf`8`sdy`0`h`0`iec`1`dft`5`ime`5`dmc`0`t`67`dn`652`fn`5`msz`32`18`0`imp`0`SWEField`s_2_1_47_0`SWENeedContext`true`SWER`0`SWESP`true`SWERowIds`SWERowId0=3-61EV8AO3`SWEMethod`ShowQueryAssistant`SWECmd`InvokeMethod`SWEH`100`SWEDIC`true`SWEReqRowId`0`SWEView`Order Entry - Line Items Detail View (Sales)`SWEC`95`SWEW`300`SWEM`Edit`SWEBID`-1`SRN`xK7T2pIB2ZOV15hwlQxQF5reKcoUB8VpMTZr7we8uAEb`SWETA`Query Assistant`SWEApplet`BT Order Entry - Line Item List Applet (Sales)`23`1`c`0`pt`5`sp`s_2_1_60_0`dm`5`w`0`n`1485`pw`0`ph`0`ju`6`sq`2997`pan`5`mn`699`ibp`1`crf`8`sdy`0`h`0`iec`1`dft`5`ime`5`dmc`0`t`67`dn`1567`fn`5`msz`32`18`0`imp`0`SWEField`s_2_1_60_0`SWENeedContext`true`SWER`0`SWESP`true`SWERowIds`SWERowId0=3-61EV8AO3`SWEMethod`ShowPopup`SWECmd`InvokeMethod`SWEH`100`SWEDIC`true`SWEReqRowId`0`SWEView`Order Entry - Line Items Detail View (Sales)`SWEC`95`SWEW`300`SWEM`Edit List`SWEBID`-1`SRN`xK7T2pIB2ZOV15hwlQxQF5reKcoUB8VpMTZr7we8uAEb`SWETA`Product Popup Applet`SWEApplet`BT Order Entry - Line Item List Applet (Sales)`23`1`c`0`pt`5`sp`s_2_1_62_0`dm`5`w`0`n`1321`pw`0`ph`0`ju`6`sq`2997`pan`5`mn`1323`ibp`1`crf`8`sdy`0`h`0`iec`1`dft`5`ime`5`dmc`0`t`67`dn`1908`fn`5`msz`32`14`0`imp`0`SWEField`s_2_1_62_0`SWENeedContext`true`SWER`0`SWESP`false`SWERowIds`SWERowId0=3-61EV8AO3`SWEMethod`ReconfigureCxProd`SWECmd`InvokeMethod`SWEDIC`false`SWEReqRowId`0`SWEView`Order Entry - Line Items Detail View (Sales)`SWEC`95`SWEBID`-1`SRN`xK7T2pIB2ZOV15hwlQxQF5reKcoUB8VpMTZr7we8uAEb`SWEApplet`BT Order Entry - Line Item List Applet (Sales)`23`1`c`0`pt`5`sp`s_2_1_58_0`dm`5`w`0`n`1483`pw`0`ph`0`ju`6`sq`2997`pan`5`mn`1469`ibp`1`crf`8`sdy`0`h`0`iec`1`dft`5`ime`5`dmc`0`t`67`dn`1469`fn`5`msz`32`14`0`imp`0`SWEField`s_2_1_58_0`SWENeedContext`true`SWER`0`SWESP`false`SWERowIds`SWERowId0=3-61EV8AO3`SWEMethod`Reprice`SWECmd`InvokeMethod`SWEDIC`false`SWEReqRowId`0`SWEView`Order Entry - Line Items Detail View (Sales)`SWEC`95`SWEBID`-1`SRN`xK7T2pIB2ZOV15hwlQxQF5reKcoUB8VpMTZr7we8uAEb`SWEApplet`BT Order Entry - Line Item List Applet (Sales)`23`1`c`0`pt`5`sp`s_2_1_3_0`dm`7`w`0`n`1909`pw`0`ph`0`ju`6`sq`2997`pan`5`mn`1910`ibp`1`crf`8`sdy`0`h`0`iec`1`dft`5`ime`5`dmc`0`t`67`dn`1909`fn`5`msz`32`14`0`imp`0`SWEField`s_2_1_3_0`SWENeedContext`true`SWER`0`SWESP`false`SWERowIds`SWERowId0=3-61EV8AO3`SWEMethod`GetTarget`SWECmd`InvokeMethod`SWEDIC`false`SWEReqRowId`0`SWEView`Order Entry - Line Items Detail View (Sales)`SWEC`95`SWEBID`-1`SRN`xK7T2pIB2ZOV15hwlQxQF5reKcoUB8VpMTZr7we8uAEb`SWEApplet`BT Order Entry - Line Item List Applet (Sales)`23`1`c`0`pt`5`sp`s_2_1_2_0`dm`7`w`0`n`1911`pw`0`ph`0`ju`6`sq`2997`pan`5`mn`1913`ibp`1`crf`8`sdy`0`h`0`iec`1`dft`5`ime`5`dmc`0`t`67`dn`1912`fn`5`msz`32`18`0`imp`0`SWEField`s_2_1_2_0`SWENeedContext`true`SWER`0`SWESP`true`SWERowIds`SWERowId0=3-61EV8AO3`SWEMethod`ExistingPricePoint`SWECmd`InvokeMethod`SWEH`1000`SWEDIC`true`SWEReqRowId`0`SWEView`Order Entry - Line Items Detail View (Sales)`SWEC`95`SWEW`1000`SWEM`Edit`SWEBID`-1`SRN`xK7T2pIB2ZOV15hwlQxQF5reKcoUB8VpMTZr7we8uAEb`SWETA`BT DBP SalesOrder List ExistingPrice Applet`SWEApplet`BT Order Entry - Line Item List Applet (Sales)`23`0`c`0`pt`5`sp`s_2_1_22_0`dm`7`w`0`csq`1`n`1914`pw`0`ph`0`ju`6`sq`2997`pan`5`ibp`1`crf`8`sdy`0`h`0`iec`1`dft`5`ime`5`dmc`0`t`438`dn`1914`fn`1915`msz`50`23`1`c`0`pt`5`sp`s_2_1_16_0`dm`7`w`0`n`1916`pw`0`ph`0`ju`6`sq`2997`pan`5`mn`1917`ibp`1`crf`8`sdy`0`h`0`iec`1`dft`5`ime`5`dmc`0`t`67`dn`1917`fn`5`msz`32`14`0`imp`0`SWEField`s_2_1_16_0`SWENeedContext`true`SWER`0`SWESP`false`SWERowIds`SWERowId0=3-61EV8AO3`SWEMethod`CancelAmend`SWECmd`InvokeMethod`SWEDIC`false`SWEReqRowId`0`SWEView`Order Entry - Line Items Detail View (Sales)`SWEC`95`SWEBID`-1`SRN`xK7T2pIB2ZOV15hwlQxQF5reKcoUB8VpMTZr7we8uAEb`SWEApplet`BT Order Entry - Line Item List Applet (Sales)`23`0`c`0`pt`5`sp`s_2_1_29_0`dm`7`w`0`csq`1`n`821`pw`0`ph`0`ju`6`sq`2997`pan`5`ibp`1`crf`8`sdy`0`h`0`iec`1`dft`5`ime`5`dmc`0`t`438`dn`821`fn`821`msz`30`25`1`c`0`pt`5`sp`s_2_1_70_0`dm`7`w`0`n`40`eb`&lt;img src=&quot;images/rcnv_nxtset_1.gif&quot; border=&quot;0&quot; space=&quot;0&quot; hspace=&quot;0&quot; alt=&quot;Next record set&quot;  title=&quot;Next record set&quot; &gt;`pw`0`db`&lt;img src=&quot;images/rcnv_nxtset_0.gif&quot; border=&quot;0&quot; space=&quot;0&quot; hspace=&quot;0&quot; alt=&quot;Next record set&quot;  title=&quot;Next record set&quot; &gt;`ph`0`ju`6`sq`2997`pan`5`mn`40`ibp`1`crf`8`sdy`0`h`0`iec`1`dft`5`ime`5`dmc`0`t`67`dn`5`fn`5`msz`32`14`0`imp`0`SWEField`s_2_1_70_0`SWENeedContext`true`SWER`0`SWESP`false`SWERowIds`SWERowId0=3-61EV8AO3`SWEMethod`GotoNextSet`SWECmd`InvokeMethod`SWEDIC`false`SWEReqRowId`0`SWEView`Order Entry - Line Items Detail View (Sales)`SWEC`95`SWEBID`-1`SRN`xK7T2pIB2ZOV15hwlQxQF5reKcoUB8VpMTZr7we8uAEb`SWEApplet`BT Order Entry - Line Item List Applet (Sales)`25`1`c`0`pt`5`sp`s_2_1_72_0`dm`7`w`0`n`39`eb`&lt;img src=&quot;images/rcnv_prvset_1.gif&quot; border=&quot;0&quot; space=&quot;0&quot; hspace=&quot;0&quot; alt=&quot;Previous record set&quot;  title=&quot;Previous record set&quot; &gt;`pw`0`db`&lt;img src=&quot;images/rcnv_prvset_0.gif&quot; border=&quot;0&quot; space=&quot;0&quot; hspace=&quot;0&quot; alt=&quot;Previous record set&quot;  title=&quot;Previous record set&quot; &gt;`ph`0`ju`6`sq`2997`pan`5`mn`39`ibp`1`crf`8`sdy`0`h`0`iec`1`dft`5`ime`5`dmc`0`t`67`dn`5`fn`5`msz`32`14`0`imp`0`SWEField`s_2_1_72_0`SWENeedContext`true`SWER`0`SWESP`false`SWERowIds`SWERowId0=3-61EV8AO3`SWEMethod`GotoPreviousSet`SWECmd`InvokeMethod`SWEDIC`false`SWEReqRowId`0`SWEView`Order Entry - Line Items Detail View (Sales)`SWEC`95`SWEBID`-1`SRN`xK7T2pIB2ZOV15hwlQxQF5reKcoUB8VpMTZr7we8uAEb`SWEApplet`BT Order Entry - Line Item List Applet (Sales)`25`1`c`0`pt`5`sp`s_2_1_79_0`dm`7`w`0`n`591`eb`&lt;img src=&quot;images/row_off_d.gif&quot; border=&quot;0&quot; space=&quot;0&quot; hspace=&quot;0&quot; alt=&quot;Select record&quot;  title=&quot;Select record&quot; &gt;`pw`0`db`&lt;img src=&quot;images/row_on_d.gif&quot; border=&quot;0&quot; space=&quot;0&quot; hspace=&quot;0&quot; alt=&quot;Record selected&quot;  title=&quot;Record selected&quot; &gt;`ph`0`ju`6`sq`2997`pan`5`mn`310`ibp`1`crf`8`sdy`0`h`0`iec`1`dft`5`ime`5`dmc`0`t`67`dn`5`fn`5`msz`32`14`0`imp`0`SWEField`s_2_1_79_0`SWENeedContext`true`SWER`0`SWESP`false`SWERowIds`SWERowId0=3-61EV8AO3`SWEMethod`PositionOnRow`SWECmd`InvokeMethod`SWEDIC`false`SWEReqRowId`0`SWEView`Order Entry - Line Items Detail View (Sales)`SWEC`95`SWEBID`-1`SRN`xK7T2pIB2ZOV15hwlQxQF5reKcoUB8VpMTZr7we8uAEb`SWEApplet`BT Order Entry - Line Item List Applet (Sales)`23`1`c`0`pt`5`sp`s_2_1_43_0`dm`7`w`0`n`587`pw`0`ph`0`ju`6`sq`2997`pan`5`mn`43`ibp`1`crf`8`sdy`0`h`0`iec`1`dft`5`ime`5`dmc`0`t`67`dn`393`fn`5`msz`32`14`0`imp`0`SWEField`s_2_1_43_0`SWENeedContext`true`SWER`0`SWESP`false`SWERowIds`SWERowId0=3-61EV8AO3`SWEMethod`UndoQuery`SWECmd`InvokeMethod`SWEDIC`false`SWEReqRowId`0`SWEView`Order Entry - Line Items Detail View (Sales)`SWEC`95`SWEBID`-1`SRN`xK7T2pIB2ZOV15hwlQxQF5reKcoUB8VpMTZr7we8uAEb`SWEApplet`BT Order Entry - Line Item List Applet (Sales)`23`0`c`0`pt`5`sp`s_2_1_18_0`dm`7`w`0`csq`1`n`1918`pw`0`ph`0`ju`6`sq`2997`pan`5`ibp`1`crf`8`sdy`0`h`0`iec`1`dft`5`ime`5`dmc`0`t`438`dn`1918`fn`1918`msz`30`23`1`c`0`pt`5`sp`s_2_1_34_0`dm`7`w`0`n`1919`pw`0`ph`0`ju`6`sq`2997`pan`5`mn`1920`ibp`1`crf`8`sdy`0`h`0`iec`1`dft`5`ime`5`dmc`0`t`67`dn`1919`fn`5`msz`32`14`0`imp`0`SWEField`s_2_1_34_0`SWENeedContext`true`SWER`0`SWESP`false`SWERowIds`SWERowId0=3-61EV8AO3`SWEMethod`ViewSupplierNotes`SWECmd`InvokeMethod`SWEDIC`false`SWEReqRowId`0`SWEView`Order Entry - Line Items Detail View (Sales)`SWEC`95`SWEBID`-1`SRN`xK7T2pIB2ZOV15hwlQxQF5reKcoUB8VpMTZr7we8uAEb`SWEApplet`BT Order Entry - Line Item List Applet (Sales)`23`1`c`0`pt`5`sp`s_2_1_44_0`dm`7`w`0`n`45`pw`0`ph`0`ju`6`sq`2997`pan`5`mn`45`ibp`1`crf`8`sdy`0`h`0`iec`1`dft`5`ime`5`dmc`0`t`67`dn`392`fn`5`msz`32`14`0`imp`0`SWEField`s_2_1_44_0`SWENeedContext`true`SWER`0`SWESP`false`SWERowIds`SWERowId0=3-61EV8AO3`SWEMethod`ExecuteQuery`SWECmd`InvokeMethod`SWEDIC`false`SWEReqRowId`0`SWEView`Order Entry - Line Items Detail View (Sales)`SWEC`95`SWEBID`-1`SRN`xK7T2pIB2ZOV15hwlQxQF5reKcoUB8VpMTZr7we8uAEb`SWEApplet`BT Order Entry - Line Item List Applet (Sales)`23`0`c`0`pt`5`sp`s_2_1_25_0`dm`7`w`0`csq`1`n`1921`pw`0`ph`0`ju`6`sq`2997`pan`5`ibp`1`crf`8`sdy`0`h`0`iec`1`dft`5`ime`5`dmc`0`t`438`dn`1921`fn`1921`msz`30`23`0`c`0`pt`5`sp`s_2_1_27_0`dm`7`w`0`csq`1`n`1922`pw`0`ph`0`ju`6`sq`2997`pan`5`ibp`1`crf`8`sdy`0`h`0`iec`1`dft`5`ime`5`dmc`0`t`438`dn`1922`fn`1922`msz`15`23`1`c`0`pt`5`sp`s_2_1_67_0`dm`7`w`0`n`28`pw`0`ph`0`ju`6`sq`2997`pan`5`mn`1461`ibp`1`crf`8`sdy`0`h`0`iec`1`dft`5`ime`5`dmc`0`t`67`dn`531`fn`5`msz`32`14`0`imp`0`SWEField`s_2_1_67_0`SWENeedContext`true`SWER`0`SWESP`false`SWERowIds`SWERowId0=3-61EV8AO3`SWEMethod`BTDeleteLineItem`SWECmd`InvokeMethod`SWEDIC`false`SWEReqRowId`0`SWEView`Order Entry - Line Items Detail View (Sales)`SWEC`95`SWEBID`-1`SRN`xK7T2pIB2ZOV15hwlQxQF5reKcoUB8VpMTZr7we8uAEb`SWEApplet`BT Order Entry - Line Item List Applet (Sales)`23`1`c`0`pt`5`sp`s_2_1_33_0`dm`7`w`0`n`1923`pw`0`ph`0`ju`6`sq`2997`pan`5`mn`1923`ibp`1`crf`8`sdy`0`h`0`iec`1`dft`5`ime`5`dmc`0`t`67`dn`1923`fn`5`msz`32`14`0`imp`0`SWEField`s_2_1_33_0`SWENeedContext`true`SWER`0`SWESP`false`SWERowIds`SWERowId0=3-61EV8AO3`SWEMethod`SetCAD`SWECmd`InvokeMethod`SWEDIC`false`SWEReqRowId`0`SWEView`Order Entry - Line Items Detail View (Sales)`SWEC`95`SWEBID`-1`SRN`xK7T2pIB2ZOV15hwlQxQF5reKcoUB8VpMTZr7we8uAEb`SWEApplet`BT Order Entry - Line Item List Applet (Sales)`23`1`c`0`pt`5`sp`s_2_1_75_0`dm`7`w`0`n`1924`pw`0`ph`0`ju`6`sq`2997`pan`5`mn`1925`ibp`1`crf`8`sdy`0`h`0`iec`1`dft`5`ime`5`dmc`0`t`67`dn`86`fn`5`msz`32`14`0`imp`0`SWEField`s_2_1_75_0`SWENeedContext`true`SWER`0`SWESP`false`SWERowIds`SWERowId0=3-61EV8AO3`SWEMethod`ExpandAll`SWECmd`InvokeMethod`SWEDIC`false`SWEReqRowId`0`SWEView`Order Entry - Line Items Detail View (Sales)`SWEC`95`SWEBID`-1`SRN`xK7T2pIB2ZOV15hwlQxQF5reKcoUB8VpMTZr7we8uAEb`SWEApplet`BT Order Entry - Line Item List Applet (Sales)`23`1`c`0`pt`5`sp`s_2_1_45_0`dm`5`w`0`n`1926`pw`0`ph`0`ju`6`sq`2997`pan`5`mn`1928`ibp`1`crf`8`sdy`0`h`0`iec`1`dft`5`ime`5`dmc`0`t`67`dn`1927`fn`5`msz`32`14`0`imp`0`SWEField`s_2_1_45_0`SWENeedContext`true`SWER`0`SWESP`false`SWERowIds`SWERowId0=3-61EV8AO3`SWEMethod`BTConfigure`SWECmd`InvokeMethod`SWEDIC`false`SWEReqRowId`0`SWEView`Order Entry - Line Items Detail View (Sales)`SWEC`95`SWEBID`-1`SRN`xK7T2pIB2ZOV15hwlQxQF5reKcoUB8VpMTZr7we8uAEb`SWEApplet`BT Order Entry - Line Item List Applet (Sales)`23`1`c`0`pt`5`sp`s_2_1_57_0`dm`7`w`0`n`1929`pw`0`ph`0`ju`6`sq`2997`pan`5`mn`1871`ibp`1`crf`8`sdy`0`h`0`iec`1`dft`5`ime`5`dmc`0`t`67`dn`1872`fn`5`msz`32`14`0`imp`0`SWEField`s_2_1_57_0`SWENeedContext`true`SWER`0`SWESP`false`SWERowIds`SWERowId0=3-61EV8AO3`SWEMethod`EditPromotion`SWECmd`InvokeMethod`SWEDIC`false`SWEReqRowId`0`SWEView`Order Entry - Line Items Detail View (Sales)`SWEC`95`SWEBID`-1`SRN`xK7T2pIB2ZOV15hwlQxQF5reKcoUB8VpMTZr7we8uAEb`SWEApplet`BT Order Entry - Line Item List Applet (Sales)`23`0`c`0`pt`5`sp`s_2_1_19_0`dm`7`w`0`csq`1`n`1930`pw`0`ph`0`ju`6`sq`2997`pan`5`ibp`1`crf`8`sdy`0`h`0`iec`1`dft`5`ime`5`dmc`0`t`438`dn`1930`fn`1930`msz`50`23`0`c`0`pt`5`sp`s_2_1_28_0`dm`7`w`0`csq`1`n`1931`pw`0`ph`0`ju`6`sq`2997`pan`5`ibp`1`crf`8`sdy`0`h`0`iec`1`dft`5`ime`5`dmc`0`t`438`dn`1931`fn`1526`msz`50`25`1`c`0`pt`5`sp`s_2_1_48_0`dm`7`w`0`n`635`eb`&lt;img src=&quot;images/btn_more.gif&quot; border=&quot;0&quot; space=&quot;0&quot; hspace=&quot;0&quot; alt=&quot;Show more&quot;  title=&quot;Show more&quot; &gt;`pw`0`ph`0`ju`6`sq`2997`pan`5`icm`635`mn`635`ibp`1`crf`8`sdy`0`h`0`iec`1`dft`5`ime`5`dmc`0`t`10`dn`5`fn`5`msz`32`14`0`imp`0`SWEField`s_2_1_48_0`SWENeedContext`true`SWER`0`SWESP`false`SWERowIds`SWERowId0=3-61EV8AO3`SWEMethod`ToggleListRowCount`SWECmd`InvokeMethod`SWEDIC`false`SWEReqRowId`0`SWEView`Order Entry - Line Items Detail View (Sales)`SWEC`95`SWEBID`-1`SRN`xK7T2pIB2ZOV15hwlQxQF5reKcoUB8VpMTZr7we8uAEb`SWEApplet`BT Order Entry - Line Item List Applet (Sales)`23`0`c`0`pt`5`sp`s_2_1_23_0`dm`7`w`0`csq`1`n`1932`pw`0`ph`0`ju`6`sq`2997`pan`5`ibp`1`crf`8`sdy`0`h`0`iec`1`dft`5`ime`5`dmc`0`t`438`dn`1932`fn`1933`msz`255`23`0`c`0`pt`5`sp`s_2_1_24_0`dm`7`w`0`csq`1`n`1934`pw`0`ph`0`ju`6`sq`2997`pan`5`ibp`1`crf`8`sdy`0`h`0`iec`1`dft`5`ime`5`dmc`0`t`438`dn`1934`fn`1935`msz`255`23`0`c`0`pt`5`sp`s_2_1_30_0`dm`7`w`0`csq`1`n`1936`pw`0`ph`0`ju`6`sq`2997`pan`5`ibp`1`crf`8`sdy`0`h`0`iec`1`dft`5`ime`5`dmc`0`t`438`dn`1936`fn`1532`msz`30`23`0`c`0`pt`5`sp`s_2_1_20_0`dm`7`w`0`csq`1`n`1937`pw`0`ph`0`ju`6`sq`2997`pan`5`ibp`1`crf`8`sdy`0`h`0`iec`1`dft`5`ime`5`dmc`0`t`438`dn`1937`fn`1938`msz`255`23`0`c`0`pt`5`sp`s_2_1_26_0`dm`7`w`0`csq`1`n`1939`pw`0`ph`0`ju`6`sq`2997`pan`5`ibp`1`crf`8`sdy`0`h`0`iec`1`dft`5`ime`5`dmc`0`t`438`dn`1939`fn`1940`msz`15`23`1`c`0`pt`5`sp`s_2_1_8_0`dm`7`w`0`n`1941`pw`0`ph`0`ju`6`sq`2997`pan`5`mn`699`ibp`1`crf`8`sdy`0`h`0`iec`1`dft`5`ime`5`dmc`0`t`67`dn`1942`fn`5`msz`32`18`0`imp`0`SWEField`s_2_1_8_0`SWENeedContext`true`SWER`0`SWESP`true`SWERowIds`SWERowId0=3-61EV8AO3`SWEMethod`ShowPopup`SWECmd`InvokeMethod`SWEH`100`SWEDIC`true`SWEReqRowId`0`SWEView`Order Entry - Line Items Detail View (Sales)`SWEC`95`SWEW`300`SWEM`Edit`SWEBID`-1`SRN`xK7T2pIB2ZOV15hwlQxQF5reKcoUB8VpMTZr7we8uAEb`SWETA`BT Mobile Cross Account Transfer Applet`SWEApplet`BT Order Entry - Line Item List Applet (Sales)`23`1`c`0`pt`5`sp`s_2_1_4_0`dm`7`w`0`n`1943`pw`0`ph`0`ju`6`sq`2997`pan`5`mn`1944`ibp`1`crf`8`sdy`0`h`0`iec`1`dft`5`ime`5`dmc`0`t`67`dn`1943`fn`5`msz`32`14`0`imp`0`SWEField`s_2_1_4_0`SWENeedContext`true`SWER`0`SWESP`false`SWERowIds`SWERowId0=3-61EV8AO3`SWEMethod`HandsetCreditSales`SWECmd`InvokeMethod`SWEDIC`false`SWEReqRowId`0`SWEView`Order Entry - Line Items Detail View (Sales)`SWEC`95`SWEBID`-1`SRN`xK7T2pIB2ZOV15hwlQxQF5reKcoUB8VpMTZr7we8uAEb`SWEApplet`BT Order Entry - Line Item List Applet (Sales)`23`1`c`0`pt`5`sp`s_2_1_5_0`dm`7`w`0`n`1945`pw`0`ph`0`ju`6`sq`2997`pan`5`mn`1946`ibp`1`crf`8`sdy`0`h`0`iec`1`dft`5`ime`5`dmc`0`t`67`dn`1945`fn`5`msz`32`14`0`imp`0`SWEField`s_2_1_5_0`SWENeedContext`true`SWER`0`SWESP`false`SWERowIds`SWERowId0=3-61EV8AO3`SWEMethod`HandsetOutrightSales`SWECmd`InvokeMethod`SWEDIC`false`SWEReqRowId`0`SWEView`Order Entry - Line Items Detail View (Sales)`SWEC`95`SWEBID`-1`SRN`xK7T2pIB2ZOV15hwlQxQF5reKcoUB8VpMTZr7we8uAEb`SWEApplet`BT Order Entry - Line Item List Applet (Sales)`23`1`c`0`pt`5`sp`s_2_1_6_0`dm`7`w`0`n`1947`pw`0`ph`0`ju`6`sq`2997`pan`5`mn`1949`ibp`1`crf`8`sdy`0`h`0`iec`1`dft`5`ime`5`dmc`0`t`67`dn`1948`fn`5`msz`32`14`0`imp`0`SWEField`s_2_1_6_0`SWENeedContext`true`SWER`0`SWESP`false`SWERowIds`SWERowId0=3-61EV8AO3`SWEMethod`BTOneOffChargeCalc`SWECmd`InvokeMethod`SWEDIC`false`SWEReqRowId`0`SWEView`Order Entry - Line Items Detail View (Sales)`SWEC`95`SWEBID`-1`SRN`xK7T2pIB2ZOV15hwlQxQF5reKcoUB8VpMTZr7we8uAEb`SWEApplet`BT Order Entry - Line Item List Applet (Sales)`22`0`c`0`pt`5`sp`s_2_1_32_0`dm`7`w`0`n`1540`pw`0`ph`0`ju`6`sq`2997`pan`5`ibp`1`crf`8`sdy`0`h`0`iec`1`dft`5`ime`5`dmc`0`t`438`dn`1540`fn`1540`msz`32`22`0`c`0`pt`5`sp`s_2_1_31_0`dm`7`w`0`n`1376`pw`0`ph`0`ju`6`sq`2997`pan`5`ibp`1`crf`8`sdy`0`h`0`iec`1`dft`5`ime`5`dmc`0`t`438`dn`1950`fn`1950`msz`18`23`0`c`0`pt`5`sp`s_2_1_82_0`dm`7`w`0`csq`1`n`1778`pw`0`ph`0`ju`6`sq`2997`pan`5`ibp`1`crf`8`sdy`0`h`0`iec`1`dft`5`ime`5`dmc`0`t`438`dn`1778`fn`1951`msz`255`23`1`c`0`pt`5`sp`s_2_1_7_0`dm`7`w`0`n`1952`pw`0`ph`0`ju`6`sq`2997`pan`5`mn`1954`ibp`1`crf`8`sdy`0`h`0`iec`1`dft`5`ime`5`dmc`0`t`67`dn`1953`fn`5`msz`32`14`0`imp`0`SWEField`s_2_1_7_0`SWENeedContext`true`SWER`0`SWESP`false`SWERowIds`SWERowId0=3-61EV8AO3`SWEMethod`fnActCharge`SWECmd`InvokeMethod`SWEDIC`false`SWEReqRowId`0`SWEView`Order Entry - Line Items Detail View (Sales)`SWEC`95`SWEBID`-1`SRN`xK7T2pIB2ZOV15hwlQxQF5reKcoUB8VpMTZr7we8uAEb`SWEApplet`BT Order Entry - Line Item List Applet (Sales)`23`1`c`0`pt`5`sp`s_2_1_0_0`dm`7`w`0`n`1955`pw`0`ph`0`ju`6`sq`2997`pan`5`mn`1956`ibp`1`crf`8`sdy`0`h`0`iec`1`dft`5`ime`5`dmc`0`t`67`dn`1955`fn`5`msz`32`14`0`imp`0`SWEField`s_2_1_0_0`SWENeedContext`true`SWER`0`SWESP`false`SWERowIds`SWERowId0=3-61EV8AO3`SWEMethod`AddMarkerProduct`SWECmd`InvokeMethod`SWEDIC`false`SWEReqRowId`0`SWEView`Order Entry - Line Items Detail View (Sales)`SWEC`95`SWEBID`-1`SRN`xK7T2pIB2ZOV15hwlQxQF5reKcoUB8VpMTZr7we8uAEb`SWEApplet`BT Order Entry - Line Item List Applet (Sales)`23`1`c`0`pt`5`sp`s_2_1_1_0`dm`7`w`0`n`1957`pw`0`ph`0`ju`6`sq`2997`pan`5`mn`1958`ibp`1`crf`8`sdy`0`h`0`iec`1`dft`5`ime`5`dmc`0`t`67`dn`1957`fn`5`msz`32`14`0`imp`0`SWEField`s_2_1_1_0`SWENeedContext`true`SWER`0`SWESP`false`SWERowIds`SWERowId0=3-61EV8AO3`SWEMethod`DeleteAOSO`SWECmd`InvokeMethod`SWEDIC`false`SWEReqRowId`0`SWEView`Order Entry - Line Items Detail View (Sales)`SWEC`95`SWEBID`-1`SRN`xK7T2pIB2ZOV15hwlQxQF5reKcoUB8VpMTZr7we8uAEb`SWEApplet`BT Order Entry - Line Item List Applet (Sales)`1`0`cfm`0`DeleteRecord`IDS_SWE_DELETE_CONFIRM_WARNING`0`57`col`0`24`0`co`0`pt`5`sp`s_2_2_233_`dm`7`w`20`csq`1`n`824`pw`0`ph`0`ju`6`sq`2997`pan`5`ibp`1`crf`8`sdy`0`h`0`iec`1`dft`5`cix`0`ime`5`dmc`0`t`4`dn`825`fn`824`msz`255`25`0`co`0`pt`5`sp`s_2_2_144_`dm`7`w`10`csq`1`n`624`pw`0`ph`0`ju`6`sq`2997`pan`5`icm`830`ibp`1`crf`8`sdy`0`h`0`iec`1`dft`5`cix`1`ime`5`dmc`0`t`4`dn`1959`fn`624`msz`255`27`0`co`0`pt`5`sp`s_2_2_239_`dm`5`w`300`csq`1`n`140`pw`300`pat`Pick`ist`1`ph`100`ju`6`sq`2997`ied`1`pan`5`ibp`1`crf`8`sdy`0`h`0`iec`1`dft`5`cix`2`ime`5`dmc`0`t`4`dn`140`fn`140`msz`100`25`0`co`0`pt`5`sp`s_2_2_208_`dm`5`w`55`n`1514`pw`300`pat`Detail`ph`100`ju`103`sq`2997`ied`1`pan`5`ibp`1`crf`1960`sdy`0`h`0`iec`1`dft`5`cix`3`ime`5`dmc`0`t`102`dn`1329`fn`1462`msz`25`27`0`co`0`pt`5`sp`s_2_2_301_`dm`7`w`100`csq`1`n`671`pw`300`pat`Pick`ist`1`ph`100`ju`6`sq`2997`ied`1`pan`5`ibp`1`crf`8`sdy`0`h`0`iec`1`dft`5`cix`4`ime`5`dmc`0`t`4`dn`671`fn`671`msz`15`26`0`co`0`pt`5`sp`s_2_2_300_`dm`7`w`100`csq`1`n`833`pw`300`pat`Pick`ist`1`ph`100`ju`6`sq`2997`ied`1`pan`5`crf`8`sdy`0`h`0`iec`1`dft`5`cix`5`ime`5`dmc`0`t`4`dn`833`fn`833`msz`100`27`0`co`0`pt`5`sp`s_2_2_128_`dm`7`w`100`csq`1`n`686`pw`300`pat`Pick`ist`1`ph`100`ju`6`sq`2997`ied`1`pan`5`ibp`1`crf`8`sdy`0`h`0`iec`1`dft`5`cix`6`ime`5`dmc`100`t`4`dn`686`fn`685`msz`100`27`0`co`0`pt`5`sp`s_2_2_189_`dm`7`w`100`csq`1`n`1153`pw`300`pat`Pick`ist`1`ph`100`ju`6`sq`2997`ied`1`pan`5`ibp`1`crf`8`sdy`0`h`0`iec`1`dft`5`cix`7`ime`5`dmc`0`t`4`dn`1153`fn`1153`msz`30`25`0`co`0`pt`5`sp`s_2_2_153_`dm`7`w`100`csq`1`n`1961`pw`0`ist`1`ph`0`ju`6`sq`2997`pan`1963`ibp`1`crf`8`sdy`0`h`0`iec`1`dft`5`cix`8`ime`5`dmc`0`t`116`dn`1962`fn`1961`msz`30`24`0`co`0`pt`5`sp`s_2_2_192_`dm`7`w`90`n`1114`pw`0`ist`1`ph`0`ju`6`sq`2997`pan`5`ibp`1`crf`8`sdy`0`h`0`iec`1`dft`637`cix`9`ime`5`dmc`0`t`163`dn`1755`fn`1114`msz`255`25`0`co`0`pt`5`sp`s_2_2_106_`dm`7`w`100`csq`1`n`1964`pw`0`ist`1`ph`0`ju`6`sq`2997`pan`5`ibp`1`crf`8`sdy`0`h`0`iec`1`dft`5`cix`10`ime`5`dmc`0`t`4`dn`1965`fn`1966`msz`15`26`0`co`0`pt`5`sp`s_2_2_107_`dm`7`w`100`n`1967`pw`300`pat`Pick`ist`1`ph`100`ju`6`sq`2997`ied`1`pan`5`ibp`1`crf`8`sdy`0`h`0`iec`1`dft`5`cix`11`ime`5`dmc`0`t`4`dn`1968`fn`1967`msz`255`25`0`co`0`pt`5`sp`s_2_2_168_`dm`7`w`55`csq`1`n`1491`pw`0`ist`1`ph`0`ju`6`sq`2997`pan`5`ibp`1`crf`8`sdy`0`h`0`iec`1`dft`5`cix`12`ime`5`dmc`0`t`116`dn`1969`fn`1491`msz`30`25`0`co`0`pt`117`sp`s_2_2_268_`dm`5`w`100`csq`1`n`115`pw`0`ist`1`ph`0`ju`6`sq`2997`pan`5`ibp`1`crf`8`sdy`0`h`0`iec`1`dft`5`cix`13`ime`5`dmc`0`t`116`dn`115`fn`115`msz`30`25`0`co`0`pt`5`sp`s_2_2_147_`dm`7`w`130`csq`1`n`152`pw`0`ist`1`ph`0`ju`6`sq`2997`pan`5`ibp`1`crf`8`sdy`0`h`0`iec`1`dft`5`cix`14`ime`5`dmc`0`t`116`dn`152`fn`160`msz`30`24`0`co`0`pt`5`sp`s_2_2_126_`dm`7`w`100`n`1970`pw`0`ist`1`ph`0`ju`6`sq`2997`pan`5`ibp`1`crf`8`sdy`0`h`0`iec`1`dft`5`cix`15`ime`5`dmc`0`t`163`dn`1971`fn`1972`msz`255`24`0`co`0`pt`5`sp`s_2_2_110_`dm`7`w`100`n`1973`pw`0`ist`1`ph`0`ju`6`sq`2997`pan`5`ibp`1`crf`8`sdy`0`h`0`iec`1`dft`637`cix`16`ime`5`dmc`0`t`1807`dn`1974`fn`1973`msz`255`24`0`co`0`pt`5`sp`s_2_2_202_`dm`7`w`100`n`1510`pw`0`ist`1`ph`0`ju`103`sq`2997`pan`5`ibp`1`crf`8`sdy`0`h`0`iec`1`dft`5`cix`17`ime`5`dmc`0`t`735`dn`1975`fn`1510`msz`18`25`0`co`0`pt`5`sp`s_2_2_277_`dm`7`w`100`csq`1`n`894`pw`0`ist`1`ph`0`ju`6`sq`2997`pan`5`ibp`1`crf`8`sdy`0`h`0`iec`1`dft`5`cix`18`ime`5`dmc`0`t`4`dn`1976`fn`894`msz`30`25`0`co`0`pt`5`sp`s_2_2_112_`dm`7`w`100`csq`1`n`640`pw`0`ist`1`ph`0`ju`6`sq`2997`pan`5`ibp`1`crf`8`sdy`0`h`0`iec`1`dft`5`cix`19`ime`5`dmc`0`t`4`dn`641`fn`640`msz`30`25`0`co`0`pt`5`sp`s_2_2_120_`dm`7`w`100`csq`1`n`1977`pw`0`ist`1`ph`0`ju`6`sq`2997`pan`5`ibp`1`crf`8`sdy`0`h`0`iec`1`dft`5`cix`20`ime`5`dmc`0`t`116`dn`1978`fn`1979`msz`100`25`0`co`0`pt`5`sp`s_2_2_125_`dm`7`w`100`csq`1`n`981`pw`0`ist`1`ph`0`ju`6`sq`2997`pan`5`ibp`1`crf`8`sdy`0`h`0`iec`1`dft`5`cix`21`ime`5`dmc`0`t`116`dn`981`fn`1980`msz`50`25`0`co`0`pt`5`sp`s_2_2_136_`dm`7`w`100`csq`1`n`1981`pw`0`ist`1`ph`0`ju`6`sq`2997`pan`1983`ibp`1`crf`8`sdy`0`h`0`iec`1`dft`5`cix`22`ime`5`dmc`0`t`116`dn`1981`fn`1982`msz`50`25`0`co`0`pt`5`sp`s_2_2_260_`dm`5`w`100`csq`1`n`1545`pw`0`ist`1`ph`0`ju`6`sq`2997`pan`5`ibp`1`crf`8`sdy`0`h`0`iec`1`dft`5`cix`23`ime`5`dmc`0`t`4`dn`1984`fn`1545`msz`50`24`0`co`0`pt`5`sp`s_2_2_142_`dm`7`w`100`csq`1`n`1985`pw`0`ist`1`ph`0`ju`6`sq`2997`pan`5`crf`8`sdy`0`h`0`iec`1`dft`5`cix`24`ime`5`dmc`0`t`4`dn`1986`fn`1987`msz`30`25`0`co`0`pt`5`sp`s_2_2_109_`dm`7`w`100`csq`1`n`1988`pw`0`ist`1`ph`0`ju`6`sq`2997`pan`1991`ibp`1`crf`8`sdy`0`h`0`iec`1`dft`5`cix`25`ime`5`dmc`0`t`116`dn`1989`fn`1990`msz`30`24`0`co`0`pt`5`sp`s_2_2_186_`dm`7`w`100`n`1992`pw`0`ist`1`ph`0`ju`6`sq`2997`pan`5`ibp`1`crf`8`sdy`0`h`0`iec`1`dft`5`cix`26`ime`5`dmc`0`t`92`dn`1993`fn`1992`msz`1`25`0`co`0`pt`5`sp`s_2_2_97_`dm`7`w`100`csq`1`n`1994`pw`0`ist`1`ph`0`ju`6`sq`2997`pan`5`ibp`1`crf`8`sdy`0`h`0`iec`1`dft`5`cix`27`ime`5`dmc`0`t`4`dn`1995`fn`1994`msz`100`24`0`co`0`pt`5`sp`s_2_2_161_`dm`7`w`100`csq`1`n`1892`pw`0`ph`0`ju`6`sq`2997`pan`5`ibp`1`crf`8`sdy`0`h`0`iec`1`dft`5`cix`28`ime`5`dmc`0`t`4`dn`1891`fn`1892`msz`255`26`0`co`0`pt`5`sp`s_2_2_160_`dm`7`w`100`csq`1`n`1996`pw`300`pat`Pick`ist`1`ph`100`ju`6`sq`2997`ied`1`pan`5`crf`8`sdy`0`h`0`iec`1`dft`5`cix`29`ime`5`dmc`0`t`4`dn`1997`fn`1996`msz`30`25`0`co`0`pt`5`sp`s_2_2_127_`dm`7`w`100`csq`1`n`1998`pw`0`ist`1`ph`0`ju`6`sq`2997`pan`5`ibp`1`crf`8`sdy`0`h`0`iec`1`dft`5`cix`30`ime`5`dmc`0`t`4`dn`1998`fn`1999`msz`30`25`0`co`0`pt`5`sp`s_2_2_84_`dm`7`w`100`csq`1`n`2000`pw`0`ist`1`ph`0`ju`6`sq`2997`pan`5`ibp`1`crf`8`sdy`0`h`0`iec`1`dft`5`cix`31`ime`5`dmc`0`t`4`dn`2001`fn`2000`msz`30`25`0`co`0`pt`5`sp`s_2_2_85_`dm`7`w`100`csq`1`n`859`pw`0`ist`1`ph`0`ju`6`sq`2997`pan`5`ibp`1`crf`8`sdy`0`h`0`iec`1`dft`5`cix`32`ime`5`dmc`0`t`4`dn`860`fn`859`msz`30`25`0`co`0`pt`5`sp`s_2_2_101_`dm`7`w`100`csq`1`n`1832`pw`0`ist`1`ph`0`ju`6`sq`2997`pan`2004`ibp`1`crf`8`sdy`0`h`0`iec`1`dft`5`cix`33`ime`5`dmc`0`t`116`dn`2002`fn`2003`msz`30`25`0`co`0`pt`5`sp`s_2_2_86_`dm`7`w`100`csq`1`n`861`pw`0`ist`1`ph`0`ju`6`sq`2997`pan`5`ibp`1`crf`8`sdy`0`h`0`iec`1`dft`5`cix`34`ime`5`dmc`0`t`4`dn`862`fn`861`msz`30`25`0`co`0`pt`5`sp`s_2_2_92_`dm`7`w`100`csq`1`n`863`pw`0`ist`1`ph`0`ju`6`sq`2997`pan`5`ibp`1`crf`8`sdy`0`h`0`iec`1`dft`5`cix`35`ime`5`dmc`0`t`4`dn`864`fn`863`msz`30`25`0`co`0`pt`5`sp`s_2_2_88_`dm`7`w`100`csq`1`n`2005`pw`0`ist`1`ph`0`ju`6`sq`2997`pan`5`ibp`1`crf`8`sdy`0`h`0`iec`1`dft`5`cix`36`ime`5`dmc`0`t`4`dn`2006`fn`2005`msz`30`25`0`co`0`pt`5`sp`s_2_2_89_`dm`7`w`100`csq`1`n`2007`pw`0`ist`1`ph`0`ju`6`sq`2997`pan`5`ibp`1`crf`8`sdy`0`h`0`iec`1`dft`5`cix`37`ime`5`dmc`0`t`4`dn`2008`fn`2007`msz`30`25`0`co`0`pt`5`sp`s_2_2_91_`dm`7`w`100`csq`1`n`2009`pw`0`ist`1`ph`0`ju`6`sq`2997`pan`5`ibp`1`crf`8`sdy`0`h`0`iec`1`dft`5`cix`38`ime`5`dmc`0`t`4`dn`2010`fn`2009`msz`30`25`0`co`0`pt`5`sp`s_2_2_14_`dm`7`w`100`csq`1`n`2011`pw`0`ist`1`ph`0`ju`6`sq`2997`pan`5`ibp`1`crf`8`sdy`0`h`0`iec`1`dft`5`cix`39`ime`5`dmc`0`t`4`dn`858`fn`2011`msz`30`25`0`co`0`pt`5`sp`s_2_2_87_`dm`7`w`100`csq`1`n`2012`pw`0`ist`1`ph`0`ju`6`sq`2997`pan`5`ibp`1`crf`8`sdy`0`h`0`iec`1`dft`5`cix`40`ime`5`dmc`0`t`4`dn`2013`fn`2012`msz`150`25`0`co`0`pt`5`sp`s_2_2_135_`dm`7`w`100`csq`1`n`2014`pw`0`ist`1`ph`0`ju`6`sq`2997`pan`5`ibp`1`crf`8`sdy`0`h`0`iec`1`dft`5`cix`41`ime`5`dmc`0`t`116`dn`2014`fn`2015`msz`30`24`0`co`0`pt`5`sp`s_2_2_108_`dm`7`w`100`n`2016`pw`0`ist`1`ph`0`ju`6`sq`2997`pan`5`ibp`1`crf`8`sdy`0`h`0`iec`1`dft`637`cix`42`ime`5`dmc`0`t`163`dn`2017`fn`2016`msz`255`26`0`co`0`pt`5`sp`s_2_2_115_`dm`7`w`100`csq`1`n`2018`pw`300`pat`Pick`ist`1`ph`100`ju`6`sq`2997`ied`1`pan`5`crf`8`sdy`0`h`0`iec`1`dft`5`cix`43`ime`5`dmc`0`t`4`dn`2019`fn`2018`msz`30`24`0`co`0`pt`5`sp`s_2_2_111_`dm`7`w`176`csq`1`n`2020`pw`0`ph`0`ju`6`sq`2997`pan`5`ibp`1`crf`8`sdy`0`h`0`iec`1`dft`5`cix`44`ime`5`dmc`0`t`122`dn`2021`fn`2022`msz`255`24`0`co`0`pt`5`sp`s_2_2_306_`dm`7`w`100`n`2023`pw`0`ist`1`ph`0`ju`6`sq`2997`pan`5`ibp`1`crf`8`sdy`0`h`0`iec`1`dft`5`cix`45`ime`5`dmc`0`t`92`dn`2023`fn`2024`msz`1`24`0`co`0`pt`5`sp`s_2_2_185_`dm`7`w`100`csq`1`n`1738`pw`0`ph`0`ju`6`sq`2997`pan`5`ibp`1`crf`8`sdy`0`h`0`iec`1`dft`5`cix`46`ime`5`dmc`0`t`4`dn`1739`fn`2025`msz`255`24`0`co`0`pt`5`sp`s_2_2_244_`dm`5`w`20`n`1324`pw`0`ist`1`ph`0`ju`103`sq`2997`pan`5`ibp`1`crf`8`sdy`0`h`0`iec`1`dft`5`cix`47`ime`5`dmc`0`t`735`dn`1325`fn`1324`msz`16`24`0`co`0`pt`5`sp`s_2_2_143_`dm`7`w`100`n`2026`pw`0`ist`1`ph`0`ju`6`sq`2997`pan`5`ibp`1`crf`8`sdy`0`h`0`iec`1`dft`5`cix`48`ime`5`dmc`0`t`92`dn`2026`fn`2027`msz`1`25`0`co`0`pt`5`sp`s_2_2_138_`dm`7`w`100`csq`1`n`2028`pw`0`ist`1`ph`0`ju`6`sq`2997`pan`5`ibp`1`crf`8`sdy`0`h`0`iec`1`dft`5`cix`49`ime`5`dmc`0`t`116`dn`2028`fn`2029`msz`30`24`0`co`0`pt`5`sp`s_2_2_129_`dm`7`w`100`n`1464`pw`0`ist`1`ph`0`ju`6`sq`2997`pan`5`ibp`1`crf`8`sdy`0`h`0`iec`1`dft`5`cix`50`ime`5`dmc`0`t`4`dn`1464`fn`1465`msz`18`24`0`co`0`pt`5`sp`s_2_2_134_`dm`7`w`100`n`2030`pw`0`ist`1`ph`0`ju`6`sq`2997`pan`5`ibp`1`crf`8`sdy`0`h`0`iec`1`dft`5`cix`51`ime`5`dmc`0`t`4`dn`2030`fn`2031`msz`18`25`0`co`0`pt`5`sp`s_2_2_113_`dm`7`w`100`csq`1`n`2032`pw`0`ist`1`ph`0`ju`6`sq`2997`pan`5`ibp`1`crf`8`sdy`0`h`0`iec`1`dft`5`cix`52`ime`5`dmc`0`t`4`dn`2033`fn`2032`msz`30`25`0`co`0`pt`5`sp`s_2_2_114_`dm`7`w`100`csq`1`n`2034`pw`0`ist`1`ph`0`ju`6`sq`2997`pan`2036`ibp`1`crf`8`sdy`0`h`0`iec`1`dft`5`cix`53`ime`5`dmc`0`t`116`dn`2035`fn`2034`msz`50`24`0`co`0`pt`5`sp`s_2_2_90_`dm`7`w`100`csq`1`n`2037`pw`0`ist`1`ph`0`ju`6`sq`2997`pan`5`crf`8`sdy`0`h`0`iec`1`dft`5`cix`54`ime`5`dmc`0`t`116`dn`2038`fn`2037`msz`100`25`0`co`0`pt`5`sp`s_2_2_139_`dm`7`w`100`csq`1`n`2039`pw`0`ist`1`ph`0`ju`6`sq`2997`pan`5`ibp`1`crf`8`sdy`0`h`0`iec`1`dft`5`cix`55`ime`5`dmc`0`t`4`dn`2039`fn`300`msz`50`26`0`co`0`pt`5`sp`s_2_2_261_`dm`5`w`100`csq`1`n`1546`pw`300`pat`Pick`ist`1`ph`100`ju`6`sq`2997`ied`1`pan`5`crf`8`sdy`0`h`0`iec`1`dft`5`cix`56`ime`5`dmc`0`t`4`dn`2040`fn`1546`msz`50`4`0`cn`0`Billing Account Number`1*11*11*11*11*11*11*11*1`BT Service Address Post Code`1*11*11*11*11*11*11*11*1`BT Appointment Id`1*11*11*11*11*11*11*11*1`Ship To Contact - Last Name`1*11*11*11*11*11*11*11*1`0`3`pcl`0`2`0`pc`0`allowPC`false`QueryComboBox``2`0`pc`0`allowPC`false`QuerySrchSpec``2`0`pc`0`allowPC`false`HTML Hidden2``0`1`na`0`17`2`ai`3`S_A3`nfi`2`n`BT Order Entry - Line Item Form Applet`cud`4*21761*04*21771*04*20681*04*21781*04*14951*04*10281*14*21391*14*21791*14*21461*14*21411*14*21591*14*21571*14*15181*04*21801*04*21811*04*15531*14*15621*04*15061*14*13261*04*21821*14*14911*04*21361*04*21371*03*5871*14*14941*14*15071*12*451*14*21831*04*15101*04*13981*04*14031*04*21841*03*1661*04*21851*02*641*13*3171*14*21631*14*15411*14*15501*04*21861*14*21871*14*21881*04*21891*04*20501*03*2431*12*431*14*20871*04*21901*04*21911*04*21101*03*8941*04*21711*14*21921*04*11531*14*21931*14*21441*13*1211*04*21941*04*21951*04*21551*14*21681*14*21511*04*21961*04*21971*14*21981*14*21991*03*1451*04*22001*04*22011*14*21331*14*22021*14*22031*14*21521*04*22041*04*22051*04*22061*04*22071*04*22081*03*6591*14*22091*14*18561*04*21321*03*2541*04*19311*04*22101*04*21561*03*8881*04*21731*13*8331*03*6711*04*19361*03*1401*02*281*14*21341*03*3061*14*21601*12*401*14*22111*02*391*14*21381*13*6361*02*441*14*21431*03*3071*14*22121*04*21281*14*21291*14*22131*12*311*14*22141*04*22151*04*22161*04*21611*04*22171*04*22181*14*22191*04*22201*04*22211*04*21661*14*15351*03*1151*13*1481*04*22221*04*22231*04*22241*04*21481*04*22251*04*21541*02*271*14*22261*04*22271*14*22281*14*22291*14*22301*1`cik`2*431*02*451*12*201*03*3171*13*2431*12*281*03*3061*02*401*12*391*02*441*13*3071*14*12261*14*21311*13*6991*12*271*02*211*12*221*12*231*12*241*12*251*02*261*02*291*02*301*02*311*12*321*02*331*12*341*02*351*02*361*02*371*02*381*12*411*02*421*12*461*12*471*12*481*02*491*02*501*02*511*02*521*02*531*02*541*12*551*12*561*02*571*1`shd`44*BT_Order_Entry__Line_Item_Form_Applet_Applet78*srf1592409810_444/bscripts/all/applet_bt_order_entry__line_item_form_applet.js`asq`2`ied`1`vrn`S_A3`tt`2127`inu`0`hmn`1`rsp`false`bnr`0`iem``bci`S_BC2`hlc`3*a_31*11*2`i`3`0`46`cl`0`23`1`c`0`pt`5`sp`s_3_1_101_0`dm`5`w`0`n`44`pw`0`ph`0`ju`6`sq`3997`pan`5`mn`44`ibp`1`crf`8`sdy`0`h`0`iec`1`dft`5`ime`5`dmc`0`t`67`dn`530`fn`5`msz`32`14`0`imp`0`SWEField`s_3_1_101_0`SWENeedContext`true`SWER`0`SWESP`false`SWERowIds`SWERowId0=3-61EV8AO3`SWEMethod`NewQuery`SWECmd`InvokeMethod`SWEDIC`false`SWEReqRowId`0`SWEView`Order Entry - Line Items Detail View (Sales)`SWEC`95`SWEBID`-1`SRN`xK7T2pIB2ZOV15hwlQxQF5reKcoUB8VpMTZr7we8uAEb`SWEApplet`BT Order Entry - Line Item Form Applet`23`1`c`0`pt`5`sp`s_3_1_26_0`dm`5`w`0`n`45`pw`0`ph`0`ju`6`sq`3997`pan`5`mn`45`ibp`1`crf`8`sdy`0`h`0`iec`1`dft`5`ime`5`dmc`0`t`67`dn`392`fn`5`msz`32`14`0`imp`0`SWEField`s_3_1_26_0`SWENeedContext`true`SWER`0`SWESP`false`SWERowIds`SWERowId0=3-61EV8AO3`SWEMethod`ExecuteQuery`SWECmd`InvokeMethod`SWEDIC`false`SWEReqRowId`0`SWEView`Order Entry - Line Items Detail View (Sales)`SWEC`95`SWEBID`-1`SRN`xK7T2pIB2ZOV15hwlQxQF5reKcoUB8VpMTZr7we8uAEb`SWEApplet`BT Order Entry - Line Item Form Applet`23`1`c`0`pt`5`sp`s_3_1_23_0`dm`5`w`0`n`587`pw`0`ph`0`ju`6`sq`3997`pan`5`mn`43`ibp`1`crf`8`sdy`0`h`0`iec`1`dft`5`ime`5`dmc`0`t`67`dn`393`fn`5`msz`32`14`0`imp`0`SWEField`s_3_1_23_0`SWENeedContext`true`SWER`0`SWESP`false`SWERowIds`SWERowId0=3-61EV8AO3`SWEMethod`UndoQuery`SWECmd`InvokeMethod`SWEDIC`false`SWEReqRowId`0`SWEView`Order Entry - Line Items Detail View (Sales)`SWEC`95`SWEBID`-1`SRN`xK7T2pIB2ZOV15hwlQxQF5reKcoUB8VpMTZr7we8uAEb`SWEApplet`BT Order Entry - Line Item Form Applet`23`1`c`0`pt`5`sp`s_3_1_105_0`dm`7`w`0`n`2128`pw`0`ph`0`ju`6`sq`3997`pan`5`mn`1226`ibp`1`crf`8`sdy`0`h`0`iec`1`dft`5`ime`5`dmc`0`t`67`dn`1244`fn`5`msz`32`14`0`imp`0`SWEField`s_3_1_105_0`SWENeedContext`true`SWER`0`SWESP`false`SWERowIds`SWERowId0=3-61EV8AO3`SWEMethod`GoToSMART`SWECmd`InvokeMethod`SWEDIC`false`SWEReqRowId`0`SWEView`Order Entry - Line Items Detail View (Sales)`SWEC`95`SWEBID`-1`SRN`xK7T2pIB2ZOV15hwlQxQF5reKcoUB8VpMTZr7we8uAEb`SWEApplet`BT Order Entry - Line Item Form Applet`23`1`c`0`pt`5`sp`s_3_1_106_0`dm`7`w`0`n`2129`pw`0`ph`0`ju`6`sq`3997`pan`5`mn`2131`ibp`1`crf`8`sdy`0`h`0`iec`1`dft`5`ime`5`dmc`0`t`67`dn`2130`fn`5`msz`32`14`0`imp`0`SWEField`s_3_1_106_0`SWENeedContext`true`SWER`0`SWESP`false`SWERowIds`SWERowId0=3-61EV8AO3`SWEMethod`BTManageAppointment`SWECmd`InvokeMethod`SWEDIC`false`SWEReqRowId`0`SWEView`Order Entry - Line Items Detail View (Sales)`SWEC`95`SWEBID`-1`SRN`xK7T2pIB2ZOV15hwlQxQF5reKcoUB8VpMTZr7we8uAEb`SWEApplet`BT Order Entry - Line Item Form Applet`25`1`c`0`pt`5`sp`s_3_1_98_0`dm`5`w`0`n`39`eb`&lt;img src=&quot;images/rcnv_prv_1.gif&quot; border=&quot;0&quot; space=&quot;0&quot; hspace=&quot;0&quot; alt=&quot;Previous record&quot;  title=&quot;Previous record&quot; &gt;`pw`0`db`&lt;img src=&quot;images/rcnv_prv_0.gif&quot; border=&quot;0&quot; space=&quot;0&quot; hspace=&quot;0&quot; alt=&quot;Previous record&quot;  title=&quot;Previous record&quot; &gt;`ph`0`ju`6`sq`3997`pan`5`mn`39`ibp`1`crf`8`sdy`0`h`0`iec`1`dft`5`ime`5`dmc`0`t`67`dn`5`fn`5`msz`32`14`0`imp`0`SWEField`s_3_1_98_0`SWENeedContext`true`SWER`0`SWESP`false`SWERowIds`SWERowId0=3-61EV8AO3`SWEMethod`GotoPreviousSet`SWECmd`InvokeMethod`SWEDIC`false`SWEReqRowId`0`SWEView`Order Entry - Line Items Detail View (Sales)`SWEC`95`SWEBID`-1`SRN`xK7T2pIB2ZOV15hwlQxQF5reKcoUB8VpMTZr7we8uAEb`SWEApplet`BT Order Entry - Line Item Form Applet`25`1`c`0`pt`5`sp`s_3_1_96_0`dm`5`w`0`n`40`eb`&lt;img src=&quot;images/rcnv_nxt_1.gif&quot; border=&quot;0&quot; space=&quot;0&quot; hspace=&quot;0&quot; alt=&quot;Next Record&quot;  title=&quot;Next Record&quot; &gt;`pw`0`db`&lt;img src=&quot;images/rcnv_nxt_0.gif&quot; border=&quot;0&quot; space=&quot;0&quot; hspace=&quot;0&quot; alt=&quot;Next Record&quot;  title=&quot;Next Record&quot; &gt;`ph`0`ju`6`sq`3997`pan`5`mn`40`ibp`1`crf`8`sdy`0`h`0`iec`1`dft`5`ime`5`dmc`0`t`67`dn`5`fn`5`msz`32`14`0`imp`0`SWEField`s_3_1_96_0`SWENeedContext`true`SWER`0`SWESP`false`SWERowIds`SWERowId0=3-61EV8AO3`SWEMethod`GotoNextSet`SWECmd`InvokeMethod`SWEDIC`false`SWEReqRowId`0`SWEView`Order Entry - Line Items Detail View (Sales)`SWEC`95`SWEBID`-1`SRN`xK7T2pIB2ZOV15hwlQxQF5reKcoUB8VpMTZr7we8uAEb`SWEApplet`BT Order Entry - Line Item Form Applet`23`1`c`0`pt`5`sp`s_3_1_34_0`dm`7`w`0`n`64`pw`0`ph`0`ju`6`sq`3997`pan`5`mn`20`ibp`1`crf`8`sdy`0`h`0`iec`1`dft`5`ime`5`dmc`0`t`67`dn`652`fn`5`msz`32`18`0`imp`0`SWEField`s_3_1_34_0`SWENeedContext`true`SWER`0`SWESP`true`SWERowIds`SWERowId0=3-61EV8AO3`SWEMethod`ShowQueryAssistant`SWECmd`InvokeMethod`SWEH`100`SWEDIC`true`SWEReqRowId`0`SWEView`Order Entry - Line Items Detail View (Sales)`SWEC`95`SWEW`300`SWEM`Edit`SWEBID`-1`SRN`xK7T2pIB2ZOV15hwlQxQF5reKcoUB8VpMTZr7we8uAEb`SWETA`Query Assistant`SWEApplet`BT Order Entry - Line Item Form Applet`23`1`c`0`pt`5`sp`s_3_1_35_0`dm`5`w`0`n`317`pw`0`ph`0`ju`6`sq`3997`pan`5`mn`317`ibp`1`crf`8`sdy`0`h`0`iec`1`dft`5`ime`5`dmc`0`t`67`dn`383`fn`5`msz`32`14`0`imp`0`SWEField`s_3_1_35_0`SWENeedContext`true`SWER`0`SWESP`false`SWERowIds`SWERowId0=3-61EV8AO3`SWEMethod`SaveEditRecord`SWECmd`InvokeMethod`SWEDIC`false`SWEReqRowId`0`SWEView`Order Entry - Line Items Detail View (Sales)`SWEC`95`SWEBID`-1`SRN`xK7T2pIB2ZOV15hwlQxQF5reKcoUB8VpMTZr7we8uAEb`SWEApplet`BT Order Entry - Line Item Form Applet`25`1`c`0`pt`5`sp`s_3_1_44_0`dm`5`w`0`n`243`eb`&lt;img src=&quot;images/btn_more.gif&quot; border=&quot;0&quot; space=&quot;0&quot; hspace=&quot;0&quot; alt=&quot;Show more&quot;  title=&quot;Show more&quot; &gt;`pw`0`ph`0`ju`6`sq`3997`pan`5`icm`243`mn`243`ibp`1`crf`8`sdy`0`h`0`iec`1`dft`5`ime`5`dmc`0`t`10`dn`5`fn`5`msz`32`14`0`imp`0`SWEField`s_3_1_44_0`SWENeedContext`true`SWER`0`SWESP`false`SWERowIds`SWERowId0=3-61EV8AO3`SWEMethod`ToggleLayout`SWECmd`InvokeMethod`SWEDIC`false`SWEReqRowId`0`SWEView`Order Entry - Line Items Detail View (Sales)`SWEC`95`SWEBID`-1`SRN`xK7T2pIB2ZOV15hwlQxQF5reKcoUB8VpMTZr7we8uAEb`SWEApplet`BT Order Entry - Line Item Form Applet`23`0`c`0`pt`5`sp`s_3_1_81_0`dm`5`w`120`csq`1`n`2132`pw`0`ph`0`ju`6`sq`3002`pan`5`ibp`1`crf`8`sdy`0`h`24`iec`1`dft`5`ime`5`dmc`0`t`4`dn`1471`fn`824`msz`255`22`0`c`0`pt`5`sp`s_3_1_69_0`dm`7`w`120`n`2133`pw`0`ph`0`ju`6`sq`3004`pan`5`ibp`1`crf`8`sdy`0`h`24`iec`1`dft`637`ime`5`dmc`0`t`163`dn`1114`fn`1114`msz`255`23`0`c`0`pt`117`sp`s_3_1_120_0`dm`5`w`120`csq`1`n`115`pw`0`ph`0`ju`6`sq`3005`pan`5`ibp`1`crf`8`sdy`0`h`24`iec`1`dft`5`ime`5`dmc`0`t`116`dn`115`fn`115`msz`30`23`0`c`0`pt`5`sp`s_3_1_93_0`dm`7`w`120`csq`1`n`2134`pw`0`ph`0`ju`6`sq`3997`pan`5`ibp`1`crf`8`sdy`0`h`24`iec`1`dft`5`ime`5`dmc`0`t`4`dn`1976`fn`894`msz`30`25`0`c`0`pt`5`sp`s_3_1_91_0`dm`5`w`120`csq`1`n`140`pw`300`pat`Pick`ph`100`ju`6`sq`3008`ied`1`pan`5`ibp`1`crf`8`sdy`0`h`24`iec`1`dft`5`ime`5`dmc`0`t`4`dn`140`fn`140`msz`100`23`0`c`0`pt`5`sp`s_3_1_88_0`dm`7`w`120`csq`1`n`833`pw`0`ph`0`ju`6`sq`3997`pan`5`ibp`1`crf`8`sdy`0`h`24`iec`1`dft`5`ime`5`dmc`0`t`4`dn`2135`fn`833`msz`100`23`0`c`0`pt`5`sp`s_3_1_20_0`dm`7`w`120`csq`1`n`1491`pw`0`ph`0`ju`6`sq`3069`pan`5`ibp`1`crf`8`sdy`0`h`24`iec`1`dft`5`ime`5`dmc`0`t`116`dn`1969`fn`1491`msz`30`25`0`c`0`pt`5`sp`s_3_1_53_0`dm`7`w`120`csq`1`n`1153`pw`300`pat`Pick`ph`100`ju`6`sq`3997`ied`1`pan`5`ibp`1`crf`8`sdy`0`h`24`iec`1`dft`5`ime`5`dmc`0`t`4`dn`1153`fn`1153`msz`30`22`0`c`0`pt`5`sp`s_3_1_21_0`dm`7`w`128`n`2136`pw`0`ph`0`ju`6`sq`3069`pan`5`ibp`1`crf`8`sdy`0`h`24`iec`1`dft`5`ime`5`dmc`0`t`438`dn`2136`fn`2136`msz`1`22`0`c`0`pt`5`sp`s_3_1_22_0`dm`7`w`128`n`2137`pw`0`ph`0`ju`6`sq`3069`pan`5`ibp`1`crf`8`sdy`0`h`24`iec`1`dft`5`ime`5`dmc`0`t`438`dn`2137`fn`2137`msz`1`23`0`c`0`pt`5`sp`s_3_1_99_0`dm`7`w`16`csq`1`n`2138`pw`0`ph`0`ju`6`sq`3997`pan`5`ibp`1`crf`8`sdy`0`h`24`iec`1`dft`5`ime`5`dmc`0`t`438`dn`1940`fn`1940`msz`15`22`0`c`0`pt`5`sp`s_3_1_6_0`dm`7`w`456`n`2139`pw`0`ph`0`ju`6`sq`3068`pan`5`ibp`1`crf`8`sdy`0`h`32`iec`1`dft`5`ime`5`dmc`0`t`1700`dn`2140`fn`5`msz`32`22`0`c`0`pt`5`sp`s_3_1_9_0`dm`7`w`520`n`2141`pw`0`ph`0`ju`6`sq`3067`pan`5`ibp`1`crf`8`sdy`0`h`32`iec`1`dft`5`ime`5`dmc`0`t`1700`dn`2142`fn`5`msz`32`23`0`c`0`pt`5`sp`s_3_1_102_0`dm`5`w`120`n`2143`pw`0`ph`0`ju`6`sq`3003`pan`5`icm`387`ibp`1`crf`8`sdy`0`h`0`iec`1`dft`5`ime`5`dmc`0`t`92`dn`1622`fn`1539`msz`1`22`0`c`0`pt`5`sp`s_3_1_55_0`dm`7`w`120`n`2144`pw`0`ph`0`ju`6`sq`3006`pan`5`ibp`1`crf`8`sdy`0`h`24`iec`1`dft`637`ime`5`dmc`0`t`163`dn`1393`fn`1392`msz`255`23`0`c`0`pt`5`sp`s_3_1_25_0`dm`7`w`112`n`1507`pw`0`ph`0`ju`6`sq`3052`pan`5`icm`387`ibp`1`crf`8`sdy`0`h`24`iec`1`dft`5`ime`5`dmc`0`t`92`dn`2145`fn`1507`msz`1`22`0`c`0`pt`5`sp`s_3_1_8_0`dm`7`w`456`n`2146`pw`0`ph`0`ju`6`sq`3065`pan`5`ibp`1`crf`8`sdy`0`h`32`iec`1`dft`5`ime`5`dmc`0`t`1700`dn`2147`fn`5`msz`32`23`0`c`0`pt`5`sp`s_3_1_125_0`dm`5`w`112`csq`1`n`2148`pw`0`ph`0`ju`6`sq`3055`pan`5`ibp`1`crf`8`sdy`0`h`24`iec`1`dft`5`ime`5`dmc`0`t`4`dn`2149`fn`2150`msz`250`23`0`c`0`pt`5`sp`s_3_1_90_0`dm`5`w`120`csq`1`n`1936`pw`0`ph`0`ju`6`sq`3015`pan`5`ibp`1`crf`8`sdy`0`h`24`iec`1`dft`5`ime`5`dmc`0`t`4`dn`814`fn`1532`msz`30`25`0`c`0`pt`5`sp`s_3_1_61_0`dm`5`w`120`csq`1`n`2151`pw`300`pat`Pick`ph`100`ju`6`sq`3016`ied`1`pan`5`ibp`1`crf`8`sdy`0`h`24`iec`1`dft`5`ime`5`dmc`0`t`4`dn`1496`fn`1496`msz`100`24`0`c`0`pt`5`sp`s_3_1_72_0`dm`5`w`112`n`2152`pw`300`pat`Detail`ph`100`ju`6`sq`3047`ied`1`pan`5`ibp`1`crf`722`sdy`0`h`24`iec`1`dft`5`ime`5`dmc`0`t`102`dn`1328`fn`1462`msz`25`23`0`c`0`pt`5`sp`s_3_1_83_0`dm`7`w`120`csq`1`n`1931`pw`0`ph`0`ju`6`sq`3009`pan`5`ibp`1`crf`8`sdy`0`h`24`iec`1`dft`5`ime`5`dmc`0`t`4`dn`2153`fn`1526`msz`50`23`0`c`0`pt`5`sp`s_3_1_127_0`dm`5`w`120`csq`1`n`2154`pw`0`ph`0`ju`6`sq`3017`pan`5`ibp`1`crf`8`sdy`0`h`24`iec`1`dft`5`ime`5`dmc`0`t`4`dn`1564`fn`1564`msz`100`22`0`c`0`pt`5`sp`s_3_1_49_0`dm`7`w`112`n`2110`pw`0`ph`0`ju`6`sq`3997`pan`5`ibp`1`crf`722`sdy`0`h`24`iec`1`dft`5`ime`5`dmc`0`t`735`dn`2110`fn`1537`msz`25`23`0`c`0`pt`5`sp`s_3_1_59_0`dm`5`w`120`n`2155`pw`0`ph`0`ju`6`sq`3013`pan`5`icm`387`ibp`1`crf`8`sdy`0`h`0`iec`1`dft`5`ime`5`dmc`0`t`92`dn`1427`fn`141`msz`1`23`0`c`0`pt`5`sp`s_3_1_85_0`dm`7`w`112`csq`1`n`2156`pw`0`ph`0`ju`6`sq`3084`pan`5`ibp`1`crf`8`sdy`0`h`24`iec`1`dft`5`ime`5`dmc`0`t`4`dn`1528`fn`1528`msz`250`22`0`c`0`pt`5`sp`s_3_1_11_0`dm`7`w`456`n`2157`pw`0`ph`0`ju`6`sq`3066`pan`5`ibp`1`crf`8`sdy`0`h`32`iec`1`dft`5`ime`5`dmc`0`t`1700`dn`2158`fn`5`msz`32`22`0`c`0`pt`5`sp`s_3_1_10_0`dm`7`w`528`n`2159`pw`0`ph`0`ju`6`sq`3069`pan`5`ibp`1`crf`8`sdy`0`h`32`iec`1`dft`5`ime`5`dmc`0`t`1700`dn`1110`fn`5`msz`32`22`0`c`0`pt`5`sp`s_3_1_95_0`dm`5`w`120`n`2160`pw`0`ph`0`ju`6`sq`3048`pan`5`ibp`1`crf`8`sdy`0`h`24`iec`1`dft`5`ime`5`dmc`0`t`735`dn`1325`fn`1324`msz`16`23`0`c`0`pt`5`sp`s_3_1_112_0`dm`5`w`120`csq`1`n`2161`pw`0`ph`0`ju`6`sq`3032`pan`5`ibp`1`crf`8`sdy`0`h`24`iec`1`dft`5`ime`5`dmc`0`t`4`dn`2162`fn`1545`msz`50`22`0`c`0`pt`5`sp`s_3_1_36_0`dm`7`w`120`n`2163`pw`0`ph`0`ju`6`sq`3022`pan`5`ibp`1`crf`8`sdy`0`h`24`iec`1`dft`637`ime`5`dmc`0`t`97`dn`2164`fn`1540`msz`32`23`0`c`0`pt`5`sp`s_3_1_78_0`dm`5`w`192`csq`1`n`659`pw`0`ph`0`ju`6`sq`3060`pan`5`ibp`1`crf`8`sdy`0`h`24`iec`1`dft`5`ime`5`dmc`0`t`4`dn`2165`fn`659`msz`2000`25`0`c`0`pt`5`sp`s_3_1_118_0`dm`5`w`120`csq`1`n`2166`pw`300`pat`Pick`ph`100`ju`6`sq`3024`ied`1`pan`5`ibp`1`crf`8`sdy`0`h`24`iec`1`dft`5`ime`5`dmc`0`t`4`dn`2167`fn`1552`msz`100`23`0`c`0`pt`5`sp`s_3_1_60_0`dm`5`w`120`csq`1`n`2168`pw`0`ph`0`ju`6`sq`3030`pan`2170`ibp`1`crf`8`sdy`0`h`24`iec`1`dft`5`ime`5`dmc`0`t`116`dn`2169`fn`1493`msz`30`25`0`c`0`pt`5`sp`s_3_1_51_0`dm`5`w`120`csq`1`n`2171`pw`300`pat`Pick`ph`100`ju`6`sq`3038`ied`1`pan`5`ibp`1`crf`8`sdy`0`h`24`iec`1`dft`5`ime`5`dmc`0`t`4`dn`2172`fn`1195`msz`15`23`0`c`0`pt`5`sp`s_3_1_87_0`dm`5`w`120`csq`1`n`2173`pw`0`ph`0`ju`6`sq`3040`pan`2175`ibp`1`crf`8`sdy`0`h`24`iec`1`dft`5`ime`5`dmc`0`t`116`dn`2174`fn`1530`msz`30`1`0`cfm`0`DeleteRecord`IDS_SWE_DELETE_CONFIRM_WARNING`1`0`aa`0`n`BT Order Entry - Line Item List Applet (Sales)`0`6`nci`0`1`0`SI`0`SX`7`0`46`PI`0`1`0`II`0`CP` All Orders`1`0`II`0`CP` All Orders this Week`1`0`II`0`CP`*Pending Manager Approval`1`0`II`0`CP`1MB - Cancelled Orders`1`0`II`0`CP`1MB - Completed Orders`1`0`II`0`CP`1MB - Failed Submission Orders`1`0`II`0`CP`1MB - Orders Since Yesterday`1`0`II`0`CP`1MB - Pending Orders`1`0`II`0`CP`1MB - Pending Orders Since Yesterday`1`0`II`0`CP`All  Sales Orders`1`0`II`0`CP`All Orders Today`1`0`II`0`CP`My Team&apos;s Quote&apos;s`1`0`II`0`CP`Number of Open Orders`1`0`II`0`CP`OPEN MANUAL SUBMISSION`1`0`II`0`CP`Open Sales Orders`1`0`II`0`CP`Open and Billing Setup Completed for &gt; 5Hrs`1`0`II`0`CP`Open and Billing Setup Completed for more than 5Hrs`1`0`II`0`CP`Open and Customer Setup Completed for &gt;5Hrs`1`0`II`0`CP`Open and Customer Setup Completed for more than 5Hrs`1`0`II`0`CP`Open and Submitted to OFS for &gt; 5Hrs`1`0`II`0`CP`Open and Submitted to OFS for more than 5Hrs`1`0`II`0`CP`Open_ActivationSubmitted&gt;5hours`1`0`II`0`CP`Open_ActivationonNetwork&gt;30min`1`0`II`0`CP`Open_AssetsetuponBilling&gt;30min`1`0`II`0`CP`Open_BillingSetupComplete&gt;30min`1`0`II`0`CP`Open_CustomerSetupComplete&gt;30min`1`0`II`0`CP`Open_SubmittedDispatchers&gt;3days at weekend`1`0`II`0`CP`Open_SubmittedtoProtect&gt;3days at weekend`1`0`II`0`CP`Orders with Credit Assignment Crediting Errors`1`0`II`0`CP`Orders with Credit Assignment System Errors`1`0`II`0`CP`PENDING AWAIT CUST OVER 30 DAYS`1`0`II`0`CP`PENDING AWAITING CUSTOMER`1`0`II`0`CP`PENDING CREDIT REFERRAL`1`0`II`0`CP`PENDING CREDIT REFERRAL TEMP`1`0`II`0`CP`PENDING CREDIT REFERRAL WEB`1`0`II`0`CP`PENDING_AWAITING_CUSTOMER`1`0`II`0`CP`PENDING_AWAITING_CUSTOMER_&gt;30DAY`1`0`II`0`CP`PENDING_CREDIT_REFERRAL`1`0`II`0`CP`Pending_Fulfillmentorder_14 Days`1`0`II`0`CP`Pending_Fulfillmentorders_21days`1`0`II`0`CP`Pending_Fulfillmentorders_7days`1`0`II`0`CP`Pending_Validated_&gt;1 hour`1`0`II`0`CP`REFERRAL DECISION MADE`1`0`II`0`CP`REFERRAL DECISION MADE TEMP`1`0`II`0`CP`REFERRAL_DECISION_MADE`1`0`II`0`CP`SWLS`0`2`VI`0`2`0`II`0`CP`1576`VN`1575`2`0`II`0`CP`1578`VN`1577`1`1`AI`0`SX`0`2`0`II`0`CP`105`VN`1575`1`17`DI`0`SX`1`2`0`II`0`CP`1580`VN`1579`2`0`II`0`CP`639`VN`1581`2`0`II`0`CP`1583`VN`1582`2`0`II`0`CP`1585`VN`1584`2`0`II`0`CP`1064`VN`1586`2`0`II`0`CP`1588`VN`1587`2`0`II`0`CP`1590`VN`1589`2`0`II`0`CP`1592`VN`1591`2`0`II`0`CP`1594`VN`1593`2`0`II`0`CP`1596`VN`1595`2`0`II`0`CP`1598`VN`1597`2`0`II`0`CP`1600`VN`1599`2`0`II`0`CP`1602`VN`1601`2`0`II`0`CP`1604`VN`1603`2`0`II`0`CP`1606`VN`1605`2`0`II`0`CP`1608`VN`1607`2`0`II`0`CP`1610`VN`1609`1`9`SDI`0`SX`0`2`0`II`0`CP`2231`VN`1581`2`0`II`0`CP`651`VN`2232`2`0`II`0`CP`2234`VN`2233`2`0`II`0`CP`1592`VN`2235`2`0`II`0`CP`2237`VN`2236`2`0`II`0`CP`2239`VN`2238`2`0`II`0`CP`2241`VN`2240`2`0`II`0`CP`2243`VN`2242`2`0`II`0`CP`2245`VN`2244`2`0`hui`0`n`Order Line Items Detail: VOL013-473260748547`hnact`top._swe._sweapp.S_App.GotoView(&amp;quot;Order Entry - Line Items Detail View (Sales\)&amp;quot;, &amp;quot;&amp;quot;, &amp;quot;/ecommunications_enu_nsm_aps05524a027/start.swe?SWENeedContext=false&amp;amp;SWECmd=GotoBookmarkView&amp;amp;SWEBMC=95&amp;amp;SWEC=95&amp;amp;SRN=xK7T2pIB2ZOV15hwlQxQF5reKcoUB8VpMTZr7we8uAEb&amp;quot;, top._sweclient._swecontent._sweview)`1`6`Command Manager`0`RefreshToolbar`true`7`0`StateToolBar`0`#35`true`#36`true`#17`true`#34`true`#8`false`#37`true`#38`true`0`1`StateExToolBar`0`1`0`#35`0`Checked`false`0`3`FlagsToolBar`0`3`0`#8`0`SWESP`true`SWEH`0`SWEW`0`3`0`#34`0`SWESP`true`SWEH`600`SWEW`800`3`0`#36`0`SWESP`true`SWEH`20`SWEW`380`13`0`State`0`#268`false`#274`false`#27`false`#275`false`#269`false`#26`false`#273`false`#272`false`#28`false`#266`false`#270`false`#267`false`#271`false`0`3`StateEx`0`0`0`#26`0`0`0`#27`0`1`0`#28`0`Checked`false`0`7`Flags`0`3`0`#267`0`SWESP`true`SWEH`0`SWEW`0`3`0`#269`0`SWESP`true`SWEH`20`SWEW`380`3`0`#270`0`SWESP`true`SWEH`290`SWEW`470`3`0`#271`0`SWESP`true`SWEH`20`SWEW`380`3`0`#272`0`SWESP`true`SWEH`290`SWEW`470`3`0`#274`0`SWESP`true`SWEH`20`SWEW`380`3`0`#275`0`SWESP`true`SWEH`290`SWEW`470`</responseData>
  <responseFile class="java.lang.String"></responseFile>
  <cookies class="java.lang.String">_sn=GXmoeGkdwh1O45lrH7mMIZnLMWvqHkVWiQKqDOICOq1fi95anXYMaCRAX879ujDRD9kS4J75N4kGDX576Q2AKmwZPUBih-4NS80Pc1189OxasEbdAsHiEtIhcnCzZ0zWb5V6QpVraL0TTGU4ktkGZq374g8C0pUBRhKVASKeW21TgUW5eIkswq97I-.qG-kr; _srn=_srn; SWEUAID=SWEUAID</cookies>
  <method class="java.lang.String">POST</method>
  <queryString class="java.lang.String">SWER=0&amp;SWEVI=&amp;SWERowId=3-61EV8AO3&amp;SWEMethod=CallShipping&amp;SWEC=94&amp;SWEReqRowId=1&amp;SWERPC=1&amp;SWENeedContext=true&amp;SWEApplet=Order+Entry+-+Order+SubTotal+Form+Applet+%28Sales%29&amp;SWEActiveApplet=Order+Entry+-+Order+SubTotal+Form+Applet+%28Sales%29&amp;SWEView=Order+Ship+To+View+%28Sales%29&amp;SWEField=s_3_1_11_0&amp;SWECmd=InvokeMethod&amp;SWESP=false&amp;SRN=xK7T2pIB2ZOV15hwlQxQF5reKcoUB8VpMTZr7we8uAEb&amp;SWEBID=-1&amp;SWETS={{\d+}}&amp;SWEActiveView=Order+Ship+To+View+%28Sales%29&amp;SWEDIC=false&amp;SWEP=&amp;SWERowIds=</queryString>
  <java.net.URL>http://localhost:8080/ecommunications_enu_nsm_aps05524a027/start.swe</java.net.URL>
</httpSample>
<httpSample t="{{\d+}}" it="0" lt="{{\d+}}" ct="{{\d+}}" ts="{{\d+}}" s="true" lb="{{\d+}} /ecommunications_enu_nsm_aps05524a027/start.swe" rc="200" rm="OK" tn="Thread Group 1-1" dt="text" de="utf-8" by="4329" sby="1194" sc="1" ec="0" ng="1" na="1" hn="{{.*?}}">
  <responseHeader class="java.lang.String">HTTP/1.1 200 OK
Connection: close
Server: Oracle-iPlanet-Web-Server/7.0
Date: Tue, 23 Jun 2020 13:04:37 GMT
Content-Language: en
Cache-Control: no-cache
Content-Type: text/html;charset=utf-8
Matched-Stub-Id: {{\w+-\w+-\w+-\w+-\w+}}
Vary: Accept-Encoding, User-Agent
Content-Encoding: gzip
</responseHeader>
  <requestHeader class="java.lang.String">Connection: close
Referer: http://localhost:8080/ecommunications_enu_nsm_aps05524a027/start.swe?SWENeedContext=false&amp;SWECmd=GetCachedFrame&amp;SWEACn=23534&amp;SWEC=3&amp;SWEFrame=top._sweclient._swecontent._sweview&amp;SWEBID=-1&amp;SRN=xK7T2pIB2ZOV15hwlQxQF5reKcoUB8VpMTZr7we8uAEb&amp;SWETS=
Accept-Language: en-GB
DNT: 1
Accept-Encoding: gzip, deflate
Accept: image/jpeg, application/x-ms-application, image/gif, application/xaml+xml, image/pjpeg, application/x-ms-xbap, */*
User-Agent: Mozilla/4.0 (compatible; MSIE 7.0; Windows NT 6.3; WOW64; Trident/7.0; .NET4.0E; .NET4.0C; .NET CLR 3.5.30729; .NET CLR 2.0.50727; .NET CLR 3.0.30729)
Host: localhost:8080
</requestHeader>
  <responseData class="java.lang.String">&lt;HTML &gt;&lt;head&gt;&lt;meta HTTP-EQUIV=&quot;Pragma&quot; CONTENT=&quot;no-cache&quot;&gt;
&lt;title&gt;Order Line Items Detail&lt;/title&gt;&lt;link href=&quot;files/main.css&quot; rel=&quot;stylesheet&quot;/&gt;
&lt;script language=&quot;javascript&quot; src=&quot;23048/scripts/swecommon.js&quot;&gt;&lt;/script&gt; 
&lt;script language=&quot;javascript&quot; src=&quot;23048/scripts/swecmn_hi.js&quot;&gt;&lt;/script&gt; 
&lt;/head&gt;&lt;body leftmargin=&quot;8&quot; topmargin=&quot;2&quot; marginwidth=&quot;20&quot; marginheight=&quot;2&quot; class=&quot;ScreenBack&quot;&gt;&lt;script&gt;
if(typeof(top._swescript)!=&apos;undefined&apos;&amp;&amp;top._swescript!=null) top._swescript.InitFrame(this);&lt;/script&gt;
&lt;table datatable=&quot;0&quot; summary=&quot;&quot; border=&quot;0&quot; cellspacing=&quot;0&quot; cellpadding=&quot;1&quot; width=&quot;100%&quot;&gt;&lt;tr&gt;&lt;/tr&gt;&lt;/table&gt;&lt;a name=&quot;SWEApplet1&quot; id=&quot;SWEApplet1&quot; href=&quot;#SWEApplet1&quot; title=&quot;Sales Order&quot;&gt;&lt;/a&gt;
&lt;div id=&apos;s_S_A1_div&apos;oncontextmenu=&apos;HandleContextMenu(&quot;BT Order Entry - Order Form Applet Dashboard (Sales\)&quot;)&apos; onclick=&apos;HandleAppletClick(&quot;BT Order Entry - Order Form Applet Dashboard (Sales\)&quot;)&apos;&gt;
&lt;a id=&quot;SWETopHidden1&quot; href=&quot;javascript:void(0);&quot; tabindex=&quot;1000&quot;&gt;&lt;/a&gt;&lt;table datatable=&quot;0&quot; summary=&quot;&quot; cellpadding=&quot;0&quot; cellspacing=&quot;0&quot; border=&quot;0&quot;&gt;&lt;tr&gt;&lt;td&gt;&lt;img src=&quot;images/spacer.gif&quot; width=&quot;1&quot; height=&quot;3&quot; alt=&quot;&quot;&gt;&lt;/td&gt;&lt;/tr&gt;&lt;/table&gt;&lt;form name=&quot;SWEForm1_0&quot; method=&quot;post&quot; action=&quot;/ecommunications_enu_nsm_aps05524a027/start.swe&quot; onSubmit=&quot;return false;&quot; &gt;
&lt;div class=&quot;NotSelected&quot; id=&quot;a_1&quot;&gt;&lt;table datatable=&quot;0&quot; summary=&quot;&quot; width=&quot;100%&quot; cellpadding=&quot;0&quot; cellspacing=&quot;0&quot; border=&quot;0&quot; align=&quot;center&quot; class=&quot;AppletBack&quot;&gt;&lt;tr&gt;&lt;td class=&quot;AppletHIFormBorder&quot;&gt;&lt;span class=&quot;AppletStyleParent77&quot;&gt;&lt;table datatable=&quot;0&quot; summary=&quot;&quot; width=&quot;100%&quot; cellspacing=&quot;0&quot; cellpadding=&quot;2&quot; border=&quot;0&quot; align=&quot;center&quot;&gt;&lt;tr class=&quot;AppletButtons&quot;&gt;&lt;td nowrap width=&quot;100%&quot; class=&quot;AppletTitle&quot;&gt;&amp;nbsp;Sales Order&lt;/td&gt;&lt;td nowrap valign=&quot;absmiddle&quot; class=&quot;legend&quot;&gt;&lt;/td&gt;&lt;td width=&quot;100%&quot;&gt;&amp;nbsp;&lt;img src=&quot;images/btn_div_gray.gif&quot; height=&quot;13&quot; align=&quot;middle&quot; alt=&quot;&quot;&gt;&amp;nbsp;&lt;/td&gt;&lt;td valign=&quot;middle&quot; nowrap&gt;&lt;span id=&apos;SWEApplet1_ctrlmsg&apos;&gt;&lt;/span&gt;&lt;/td&gt;&lt;td class=&quot;AppletTitle&quot; valign=&quot;middle&quot; nowrap&gt;&lt;span id=s_1_1_177_0&gt;&amp;nbsp;&lt;/span&gt;&lt;/td&gt;&lt;td class=&quot;AppletTitle&quot; valign=&quot;middle&quot; nowrap&gt;&amp;nbsp;&lt;span id=s_1_rc&gt;&lt;/span&gt;&amp;nbsp;&lt;/td&gt;&lt;td class=&quot;AppletTitle&quot; valign=&quot;middle&quot; nowrap&gt;&lt;span id=s_1_1_175_0&gt;&amp;nbsp;&lt;/span&gt;&lt;/td&gt;&lt;td valign=&quot;middle&quot; nowrap&gt;&lt;span id=s_1_1_196_0&gt;&amp;nbsp;&lt;/span&gt;&lt;/td&gt;&lt;td valign=&quot;middle&quot; nowrap&gt;&lt;span id=s_1_1_129_0&gt;&amp;nbsp;&lt;/span&gt;&lt;/td&gt;&lt;td valign=&quot;top&quot; align=&quot;right&quot;&gt;&lt;/td&gt;&lt;/tr&gt;&lt;/table&gt;&lt;table datatable=&quot;0&quot; summary=&quot;&quot; class=&quot;AppletBackTable&quot; width=&quot;100%&quot; cellspacing=&quot;0&quot; cellpadding=&quot;2&quot; align=&quot;center&quot;&gt;&lt;tr class=&quot;AppletBack&quot; align=&quot;left&quot;&gt;&lt;td nowrap class=&quot;AppletMenu&quot;&gt;&lt;span class=&quot;miniBtnUICTop&quot;&gt;&lt;span class=&quot;miniBtnUIC&quot;&gt;&lt;a id=&apos;s_at_m_1&apos; href=&quot;javascript:void(0)&quot; onclick=&quot;window.event.cancelBubble=true; _JMenu_Initialize(this, &apos;BT Order Entry - Order Form Applet Dashboard (Sales\)&apos;, &apos;Applet&apos;, s_at_m_1Ax, 0, false); return false;&quot; onmouseover=&quot;MinibtnHover(this.parentNode)&quot; onmouseout=&quot;MinibtnOut(this.parentNode)&quot; onmousedown=&quot;MinibtnDown(this.parentNode)&quot; onmouseup=&quot;MinibtnUp(this.parentNode)&quot; &gt;Menu&amp;nbsp;&lt;img border=&quot;0&quot; src=&quot;images/img_arrow.gif&quot; align=&quot;center&quot;&gt;&lt;/a&gt;&lt;/span&gt;&lt;/span&gt;&lt;object id= &quot;s_at_m_1Ax&quot; CLASSID=&quot;CLSID:9174862b-ac3b-4f9f-abc9-a0a3c9fd95d4&quot; codebase=&quot;23048/applets/SiebelAx_HI_Client.cab&quot; width=0 height = 0&gt;&lt;/object&gt;&lt;/td&gt;&lt;td&gt;&lt;img height=1 alt=&quot;&quot; src=&quot;images/spacer.gif&quot; width=4&gt;&lt;/td&gt;&lt;td&gt;&lt;img src=&quot;images/btn_div_gray.gif&quot; height=&quot;13&quot; align=&quot;middle&quot; alt=&quot;&quot;&gt;&lt;/td&gt;&lt;td&gt;&lt;img src=&quot;images/spacer.gif&quot; width=&quot;4&quot; height=&quot;1&quot; alt=&quot;&quot;&gt;&lt;/td&gt;&lt;td nowrap&gt;&lt;span id=s_1_1_178_0&gt;&amp;nbsp;&lt;/span&gt;&lt;/td&gt;&lt;td nowrap&gt;&lt;span id=s_1_1_101_0&gt;&amp;nbsp;&lt;/span&gt;&lt;/td&gt;&lt;td nowrap&gt;&lt;span id=s_1_1_94_0&gt;&amp;nbsp;&lt;/span&gt;&lt;/td&gt;&lt;td nowrap&gt;&lt;span id=s_1_1_120_0&gt;&amp;nbsp;&lt;/span&gt;&lt;/td&gt;&lt;td nowrap&gt;&lt;span id=s_1_1_173_0&gt;&amp;nbsp;&lt;/span&gt;&lt;/td&gt;&lt;td nowrap&gt;&lt;span id=s_1_1_11_0&gt;&amp;nbsp;&lt;/span&gt;&lt;/td&gt;&lt;td nowrap&gt;&lt;span id=s_1_1_66_0&gt;&amp;nbsp;&lt;/span&gt;&lt;/td&gt;&lt;td nowrap&gt;&lt;span id=s_1_1_15_0&gt;&amp;nbsp;&lt;/span&gt;&lt;/td&gt;&lt;td nowrap&gt;&lt;span id=s_1_1_43_0&gt;&amp;nbsp;&lt;/span&gt;&lt;/td&gt;&lt;td nowrap&gt;&lt;span id=s_1_1_198_0&gt;&amp;nbsp;&lt;/span&gt;&lt;/td&gt;&lt;td nowrap&gt;&lt;span id=s_1_1_0_0&gt;&amp;nbsp;&lt;/span&gt;&lt;/td&gt;&lt;td nowrap&gt;&lt;span id=s_1_1_165_0&gt;&amp;nbsp;&lt;/span&gt;&lt;/td&gt;&lt;td nowrap&gt;&lt;span id=s_1_1_4_0&gt;&amp;nbsp;&lt;/span&gt;&lt;/td&gt;&lt;td nowrap&gt;&lt;span id=s_1_1_47_0&gt;&amp;nbsp;&lt;/span&gt;&lt;/td&gt;&lt;td nowrap&gt;&lt;span id=s_1_1_38_0&gt;&amp;nbsp;&lt;/span&gt;&lt;/td&gt;&lt;td nowrap&gt;&lt;span id=s_1_1_62_0&gt;&amp;nbsp;&lt;/span&gt;&lt;/td&gt;&lt;td nowrap&gt;&lt;span id=s_1_1_91_0&gt;&amp;nbsp;&lt;/span&gt;&lt;/td&gt;&lt;td nowrap&gt;&lt;span id=s_1_1_61_0&gt;&amp;nbsp;&lt;/span&gt;&lt;/td&gt;&lt;td nowrap&gt;&lt;span id=s_1_1_199_0&gt;&amp;nbsp;&lt;/span&gt;&lt;/td&gt;&lt;td valign=&quot;middle&quot;&gt;&lt;img src=&quot;images/btn_div_gray.gif&quot; height=&quot;13&quot; align=&quot;middle&quot; alt=&quot;&quot;&gt;&lt;/td&gt;&lt;td valign=&quot;middle&quot; nowrap&gt;&lt;span id=s_1_1_3_0&gt;&amp;nbsp;&lt;/span&gt;&lt;/td&gt;&lt;td&gt;&amp;nbsp;&lt;/td&gt;&lt;td&gt;&lt;table datatable=&quot;0&quot; summary=&quot;&quot; width=&quot;100%&quot; valign=&quot;top&quot; align=&quot;center&quot; cellpadding=&apos;0&apos; cellspacing=&apos;0&apos; border=&apos;0&apos;&gt;&lt;/table&gt;&lt;/td&gt;&lt;td class=&quot;mceGridLabel&quot; align=&quot;left&quot; width=&quot;100%&quot; nowrap&gt;&amp;nbsp;&lt;b&gt;&lt;span id=1_msg&gt;&lt;/span&gt;&lt;/b&gt;&lt;/td&gt;&lt;/tr&gt;&lt;/table&gt;&lt;table datatable=&quot;0&quot; summary=&quot;&quot; class=&quot;AppletBackTable&quot; width=&quot;100%&quot; cellspacing=&quot;0&quot; cellpadding=&quot;0&quot; align=&quot;center&quot;&gt;&lt;tr class=&quot;AppletBack&quot;&gt;&lt;td class=&quot;AppletBack&quot;&gt;&lt;img src=&quot;images/spacer.gif&quot; height=&quot;1&quot; width=&quot;1&quot; alt=&quot;&quot;&gt;&lt;/td&gt;&lt;td class=&quot;AppletBlank&quot; width=&quot;100%&quot;&gt;&lt;img src=&quot;images/spacer.gif&quot; height=&quot;1&quot; width=&quot;1&quot; alt=&quot;&quot;&gt;&lt;/td&gt;&lt;/tr&gt;&lt;/table&gt;&lt;span id=1_c_err style=&quot;display: none;&quot;&gt;&lt;table datatable=&quot;0&quot; summary=&quot;&quot; class=&quot;AppletBack&quot; width=&quot;100%&quot; cellpadding=&quot;0&quot; cellspacing=&quot;5&quot; border=&quot;0&quot;&gt;&lt;tr&gt;&lt;td class=&quot;error&quot;&gt;&lt;/td&gt;&lt;/tr&gt;&lt;/table&gt;&lt;/span&gt;&lt;div class=&quot;NotSelected&quot; id=&quot;a_1&quot;&gt;&lt;div align=left style=&quot;width:100%;&quot; class=&quot;GridBorder&quot;&gt;&lt;table class=&quot;GridBack&quot; border=0 cellspacing=0 cellpadding=0&gt;&lt;tr&gt;&lt;td&gt;&lt;/td&gt;&lt;td style=&quot;width:8px;&quot;&gt;&lt;/td&gt;&lt;td style=&quot;width:88px;&quot;&gt;&lt;/td&gt;&lt;td style=&quot;width:24px;&quot;&gt;&lt;/td&gt;&lt;td style=&quot;width:8px;&quot;&gt;&lt;/td&gt;&lt;td style=&quot;width:8px;&quot;&gt;&lt;/td&gt;&lt;td style=&quot;width:128px;&quot;&gt;&lt;/td&gt;&lt;td style=&quot;width:8px;&quot;&gt;&lt;/td&gt;&lt;td style=&quot;width:8px;&quot;&gt;&lt;/td&gt;&lt;td style=&quot;width:64px;&quot;&gt;&lt;/td&gt;&lt;td style=&quot;width:32px;&quot;&gt;&lt;/td&gt;&lt;td style=&quot;width:40px;&quot;&gt;&lt;/td&gt;&lt;td style=&quot;width:8px;&quot;&gt;&lt;/td&gt;&lt;td style=&quot;width:64px;&quot;&gt;&lt;/td&gt;&lt;td style=&quot;width:8px;&quot;&gt;&lt;/td&gt;&lt;td style=&quot;width:24px;&quot;&gt;&lt;/td&gt;&lt;td style=&quot;width:96px;&quot;&gt;&lt;/td&gt;&lt;td style=&quot;width:32px;&quot;&gt;&lt;/td&gt;&lt;td style=&quot;width:8px;&quot;&gt;&lt;/td&gt;&lt;td style=&quot;width:72px;&quot;&gt;&lt;/td&gt;&lt;td style=&quot;width:8px;&quot;&gt;&lt;/td&gt;&lt;td style=&quot;width:8px;&quot;&gt;&lt;/td&gt;&lt;td style=&quot;width:8px;&quot;&gt;&lt;/td&gt;&lt;td style=&quot;width:16px;&quot;&gt;&lt;/td&gt;&lt;td style=&quot;width:8px;&quot;&gt;&lt;/td&gt;&lt;td style=&quot;width:80px;&quot;&gt;&lt;/td&gt;&lt;td style=&quot;width:40px;&quot;&gt;&lt;/td&gt;&lt;td style=&quot;width:8px;&quot;&gt;&lt;/td&gt;&lt;td style=&quot;width:32px;&quot;&gt;&lt;/td&gt;&lt;td style=&quot;width:8px;&quot;&gt;&lt;/td&gt;&lt;td style=&quot;width:24px;&quot;&gt;&lt;/td&gt;&lt;td style=&quot;width:8px;&quot;&gt;&lt;/td&gt;&lt;td style=&quot;width:40px;&quot;&gt;&lt;/td&gt;&lt;td style=&quot;width:72px;&quot;&gt;&lt;/td&gt;&lt;td style=&quot;width:8px;&quot;&gt;&lt;/td&gt;&lt;/tr&gt;&lt;tr&gt;&lt;td style=&quot;height:24;&quot;&gt;&lt;/td&gt;&lt;td nowrap valign=middle colSpan=2 rowSpan=1&gt;&lt;div class=&quot;mceGridLabel&quot; align=&quot;Right&quot;&gt;&amp;nbsp;Order #:&lt;img src=&quot;images/icon_req.gif&quot; border=&quot;0&quot; space=&quot;0&quot; hspace=&quot;0&quot; alt=&quot;Required&quot;  title=&quot;Required&quot; &gt;&lt;/img&gt;&lt;/div&gt;&lt;/td&gt;&lt;td nowrap valign=middle colSpan=4 rowSpan=1&gt;&lt;div class=&quot;mceGridField&quot;&gt;&lt;script&gt;SWEWriteObjectTag(this,&apos;&lt;object id=s_1_1_136_0 CLASSID=&quot;CLSID:1cb4ef94-8549-471a-b73f-54ff5c244212&quot; HEIGHT=24 WIDTH=168&gt;&lt;/object&gt;&apos;);&lt;/script&gt;&lt;/div&gt;&lt;/td&gt;&lt;td rowSpan=12 colSpan=1&gt;&lt;/td&gt;&lt;td nowrap valign=middle colSpan=3 rowSpan=1&gt;&lt;div class=&quot;mceGridLabel&quot; align=&quot;Right&quot;&gt;&amp;nbsp;Customer:&lt;/div&gt;&lt;/td&gt;&lt;td nowrap valign=middle colSpan=3 rowSpan=1&gt;&lt;div class=&quot;mceGridField&quot;&gt;&lt;script&gt;SWEWriteObjectTag(this,&apos;&lt;object id=s_1_1_143_0 CLASSID=&quot;CLSID:1cb4ef94-8549-471a-b73f-54ff5c244212&quot; HEIGHT=24 WIDTH=112&gt;&lt;/object&gt;&apos;);&lt;/script&gt;&lt;/div&gt;&lt;/td&gt;&lt;td rowSpan=1 colSpan=2&gt;&lt;/td&gt;&lt;td nowrap valign=middle colSpan=1 rowSpan=1&gt;&lt;div class=&quot;mceGridField&quot;&gt;&lt;div align=&quot;right&quot;&gt;Billing Account Number:&lt;/div&gt;&lt;/td&gt;&lt;td nowrap valign=middle colSpan=5 rowSpan=1&gt;&lt;div class=&quot;mceGridField&quot;&gt;&lt;script&gt;SWEWriteObjectTag(this,&apos;&lt;object id=s_1_1_97_0 CLASSID=&quot;CLSID:1cb4ef94-8549-471a-b73f-54ff5c244212&quot; HEIGHT=24 WIDTH=128&gt;&lt;/object&gt;&apos;);&lt;/script&gt;&lt;/div&gt;&lt;/td&gt;&lt;td rowSpan=5 colSpan=1&gt;&lt;/td&gt;&lt;td nowrap valign=middle colSpan=3 rowSpan=1&gt;&lt;div class=&quot;mceGridLabel&quot; align=&quot;Right&quot;&gt;&amp;nbsp;Created By:&lt;/div&gt;&lt;/td&gt;&lt;td nowrap valign=middle colSpan=5 rowSpan=1&gt;&lt;div class=&quot;mceGridField&quot;&gt;&lt;script&gt;SWEWriteObjectTag(this,&apos;&lt;object id=s_1_1_162_0 CLASSID=&quot;CLSID:1cb4ef94-8549-471a-b73f-54ff5c244212&quot; HEIGHT=24 WIDTH=112&gt;&lt;/object&gt;&apos;);&lt;/script&gt;&lt;/div&gt;&lt;/td&gt;&lt;td rowSpan=12 colSpan=1&gt;&lt;/td&gt;&lt;td nowrap valign=middle colSpan=3 rowSpan=1&gt;&lt;div class=&quot;mceGridField&quot;&gt;&lt;span style=display:none; id=s_1_1_45_0_s&gt;&amp;nbsp;&lt;/span&gt;&lt;script&gt;SWEWriteObjectTag(this,&apos;&lt;object id=s_1_1_45_0 CLASSID=&quot;CLSID:1cb4ef94-8549-471a-b73f-54ff5c244212&quot; HEIGHT=24 WIDTH=120&gt;&lt;/object&gt;&apos;);&lt;/script&gt;&lt;/div&gt;&lt;/td&gt;&lt;/tr&gt;&lt;tr&gt;&lt;td style=&quot;height:8;&quot;&gt;&lt;/td&gt;&lt;td nowrap valign=middle colSpan=2 rowSpan=2&gt;&lt;div class=&quot;mceGridLabel&quot; align=&quot;Right&quot;&gt;&amp;nbsp;Status:&lt;img src=&quot;images/icon_req.gif&quot; border=&quot;0&quot; space=&quot;0&quot; hspace=&quot;0&quot; alt=&quot;Required&quot;  title=&quot;Required&quot; &gt;&lt;/img&gt;&lt;/div&gt;&lt;/td&gt;&lt;td nowrap valign=middle colSpan=4 rowSpan=2&gt;&lt;div class=&quot;mceGridField&quot;&gt;&lt;script&gt;SWEWriteObjectTag(this,&apos;&lt;object id=s_1_1_140_0 CLASSID=&quot;CLSID:1cb4ef94-8549-471a-b73f-54ff5c244212&quot; HEIGHT=24 WIDTH=168&gt;&lt;/object&gt;&apos;);&lt;/script&gt;&lt;/div&gt;&lt;/td&gt;&lt;td nowrap valign=middle colSpan=3 rowSpan=2&gt;&lt;div class=&quot;mceGridLabel&quot; align=&quot;Right&quot;&gt;&amp;nbsp;Legal Entity:&lt;/div&gt;&lt;/td&gt;&lt;td nowrap valign=middle colSpan=3 rowSpan=2&gt;&lt;div class=&quot;mceGridField&quot;&gt;&lt;script&gt;SWEWriteObjectTag(this,&apos;&lt;object id=s_1_1_73_0 CLASSID=&quot;CLSID:1cb4ef94-8549-471a-b73f-54ff5c244212&quot; HEIGHT=24 WIDTH=112&gt;&lt;/object&gt;&apos;);&lt;/script&gt;&lt;/div&gt;&lt;/td&gt;&lt;td nowrap valign=middle colSpan=3 rowSpan=2&gt;&lt;div class=&quot;mceGridLabel&quot; align=&quot;Right&quot;&gt;&amp;nbsp;Customer Requested Date:&lt;/div&gt;&lt;/td&gt;&lt;td nowrap valign=middle colSpan=5 rowSpan=2&gt;&lt;div class=&quot;mceGridField&quot;&gt;&lt;script&gt;SWEWriteObjectTag(this,&apos;&lt;object id=s_1_1_187_0 CLASSID=&quot;CLSID:1cb4ef94-8549-471a-b73f-54ff5c244212&quot; HEIGHT=24 WIDTH=128&gt;&lt;/object&gt;&apos;);&lt;/script&gt;&lt;/div&gt;&lt;/td&gt;&lt;td nowrap valign=middle colSpan=3 rowSpan=2&gt;&lt;div class=&quot;mceGridLabel&quot; align=&quot;Right&quot;&gt;&amp;nbsp;Dealer Channel:&lt;/div&gt;&lt;/td&gt;&lt;td nowrap valign=middle colSpan=5 rowSpan=2&gt;&lt;div class=&quot;mceGridField&quot;&gt;&lt;script&gt;SWEWriteObjectTag(this,&apos;&lt;object id=s_1_1_58_0 CLASSID=&quot;CLSID:1cb4ef94-8549-471a-b73f-54ff5c244212&quot; HEIGHT=24 WIDTH=112&gt;&lt;/object&gt;&apos;);&lt;/script&gt;&lt;/div&gt;&lt;/td&gt;&lt;td rowSpan=1 colSpan=3&gt;&lt;/td&gt;&lt;/tr&gt;&lt;tr&gt;&lt;td style=&quot;height:16;&quot;&gt;&lt;/td&gt;&lt;td nowrap valign=middle colSpan=3 rowSpan=2&gt;&lt;div class=&quot;mceGridField&quot;&gt;&lt;span id=s_1_1_27_0&gt;&amp;nbsp;&lt;/span&gt;&lt;/div&gt;&lt;/td&gt;&lt;/tr&gt;&lt;tr&gt;&lt;td style=&quot;height:8;&quot;&gt;&lt;/td&gt;&lt;td nowrap valign=middle colSpan=2 rowSpan=2&gt;&lt;div class=&quot;mceGridLabel&quot; align=&quot;Right&quot;&gt;&amp;nbsp;Sub-Status:&lt;/div&gt;&lt;/td&gt;&lt;td nowrap valign=middle colSpan=4 rowSpan=2&gt;&lt;div class=&quot;mceGridField&quot;&gt;&lt;script&gt;SWEWriteObjectTag(this,&apos;&lt;object id=s_1_1_125_0 CLASSID=&quot;CLSID:1cb4ef94-8549-471a-b73f-54ff5c244212&quot; HEIGHT=24 WIDTH=168&gt;&lt;/object&gt;&apos;);&lt;/script&gt;&lt;/div&gt;&lt;/td&gt;&lt;td nowrap valign=middle colSpan=3 rowSpan=2&gt;&lt;div class=&quot;mceGridLabel&quot; align=&quot;Right&quot;&gt;&amp;nbsp;First Name:&lt;/div&gt;&lt;/td&gt;&lt;td nowrap valign=middle colSpan=3 rowSpan=2&gt;&lt;div class=&quot;mceGridField&quot;&gt;&lt;script&gt;SWEWriteObjectTag(this,&apos;&lt;object id=s_1_1_183_0 CLASSID=&quot;CLSID:1cb4ef94-8549-471a-b73f-54ff5c244212&quot; HEIGHT=24 WIDTH=112&gt;&lt;/object&gt;&apos;);&lt;/script&gt;&lt;/div&gt;&lt;/td&gt;&lt;td nowrap valign=middle colSpan=3 rowSpan=2&gt;&lt;div class=&quot;mceGridLabel&quot; align=&quot;Right&quot;&gt;&amp;nbsp;Order Fulfilment Date:&lt;/div&gt;&lt;/td&gt;&lt;td nowrap valign=middle colSpan=5 rowSpan=2&gt;&lt;div class=&quot;mceGridField&quot;&gt;&lt;script&gt;SWEWriteObjectTag(this,&apos;&lt;object id=s_1_1_44_0 CLASSID=&quot;CLSID:1cb4ef94-8549-471a-b73f-54ff5c244212&quot; HEIGHT=24 WIDTH=128&gt;&lt;/object&gt;&apos;);&lt;/script&gt;&lt;/div&gt;&lt;/td&gt;&lt;td nowrap valign=middle colSpan=3 rowSpan=2&gt;&lt;div class=&quot;mceGridLabel&quot; align=&quot;Right&quot;&gt;&amp;nbsp;Team (Queue):&lt;/div&gt;&lt;/td&gt;&lt;td nowrap valign=middle colSpan=5 rowSpan=2&gt;&lt;div class=&quot;mceGridField&quot;&gt;&lt;script&gt;SWEWriteObjectTag(this,&apos;&lt;object id=s_1_1_128_0 CLASSID=&quot;CLSID:1cb4ef94-8549-471a-b73f-54ff5c244212&quot; HEIGHT=24 WIDTH=112&gt;&lt;/object&gt;&apos;);&lt;/script&gt;&lt;/div&gt;&lt;/td&gt;&lt;/tr&gt;&lt;tr&gt;&lt;td style=&quot;height:16;&quot;&gt;&lt;/td&gt;&lt;td nowrap valign=middle colSpan=3 rowSpan=2&gt;&lt;div class=&quot;mceGridField&quot;&gt;&lt;span id=s_1_1_27_0&gt;&amp;nbsp;&lt;/span&gt;&lt;/div&gt;&lt;/td&gt;&lt;/tr&gt;&lt;tr&gt;&lt;td style=&quot;height:8;&quot;&gt;&lt;/td&gt;&lt;td nowrap valign=middle colSpan=2 rowSpan=3&gt;&lt;div class=&quot;mceGridLabel&quot; align=&quot;Right&quot;&gt;&amp;nbsp;Reason Category:&lt;/div&gt;&lt;/td&gt;&lt;td nowrap valign=middle colSpan=4 rowSpan=3&gt;&lt;div class=&quot;mceGridField&quot;&gt;&lt;script&gt;SWEWriteObjectTag(this,&apos;&lt;object id=s_1_1_76_0 CLASSID=&quot;CLSID:1cb4ef94-8549-471a-b73f-54ff5c244212&quot; HEIGHT=24 WIDTH=168&gt;&lt;/object&gt;&apos;);&lt;/script&gt;&lt;/div&gt;&lt;/td&gt;&lt;td nowrap valign=middle colSpan=3 rowSpan=3&gt;&lt;div class=&quot;mceGridLabel&quot; align=&quot;Right&quot;&gt;&amp;nbsp;Last Name:&lt;/div&gt;&lt;/td&gt;&lt;td nowrap valign=middle colSpan=3 rowSpan=3&gt;&lt;div class=&quot;mceGridField&quot;&gt;&lt;script&gt;SWEWriteObjectTag(this,&apos;&lt;object id=s_1_1_185_0 CLASSID=&quot;CLSID:1cb4ef94-8549-471a-b73f-54ff5c244212&quot; HEIGHT=24 WIDTH=112&gt;&lt;/object&gt;&apos;);&lt;/script&gt;&lt;/div&gt;&lt;/td&gt;&lt;td nowrap valign=middle colSpan=3 rowSpan=3&gt;&lt;div class=&quot;mceGridLabel&quot; align=&quot;Right&quot;&gt;&amp;nbsp;External Order Reference:&lt;/div&gt;&lt;/td&gt;&lt;td nowrap valign=middle colSpan=7 rowSpan=3&gt;&lt;div class=&quot;mceGridField&quot;&gt;&lt;script&gt;SWEWriteObjectTag(this,&apos;&lt;object id=s_1_1_71_0 CLASSID=&quot;CLSID:1cb4ef94-8549-471a-b73f-54ff5c244212&quot; HEIGHT=24 WIDTH=128&gt;&lt;/object&gt;&apos;);&lt;/script&gt;&lt;/div&gt;&lt;/td&gt;&lt;td rowSpan=3 colSpan=1&gt;&lt;/td&gt;&lt;td nowrap valign=middle colSpan=1 rowSpan=3&gt;&lt;div class=&quot;mceGridLabel&quot; align=&quot;Right&quot;&gt;&amp;nbsp;Description:&lt;/div&gt;&lt;/td&gt;&lt;td valign=middle colSpan=5 rowSpan=3&gt;&lt;div class=&quot;mceGridField&quot;&gt;&lt;script&gt;SWEWriteObjectTag(this,&apos;&lt;object id=s_1_1_144_0 CLASSID=&quot;CLSID:1cb4ef94-8549-471a-b73f-54ff5c244212&quot; HEIGHT=24 WIDTH=112&gt;&lt;/object&gt;&apos;);&lt;/script&gt;&lt;/div&gt;&lt;/td&gt;&lt;/tr&gt;&lt;tr&gt;&lt;td style=&quot;height:8;&quot;&gt;&lt;/td&gt;&lt;td rowSpan=1 colSpan=3&gt;&lt;/td&gt;&lt;/tr&gt;&lt;tr&gt;&lt;td style=&quot;height:8;&quot;&gt;&lt;/td&gt;&lt;td nowrap valign=middle colSpan=2 rowSpan=2&gt;&lt;div class=&quot;mceGridField&quot;&gt;&lt;span id=s_1_1_39_0&gt;&amp;nbsp;&lt;/span&gt;&lt;/div&gt;&lt;/td&gt;&lt;td rowSpan=2 colSpan=1&gt;&lt;/td&gt;&lt;/tr&gt;&lt;tr&gt;&lt;td style=&quot;height:16;&quot;&gt;&lt;/td&gt;&lt;td nowrap valign=middle colSpan=2 rowSpan=2&gt;&lt;div class=&quot;mceGridLabel&quot; align=&quot;Right&quot;&gt;&amp;nbsp;Return Reason:&lt;/div&gt;&lt;/td&gt;&lt;td nowrap valign=middle colSpan=4 rowSpan=2&gt;&lt;div class=&quot;mceGridField&quot;&gt;&lt;script&gt;SWEWriteObjectTag(this,&apos;&lt;object id=s_1_1_122_0 CLASSID=&quot;CLSID:1cb4ef94-8549-471a-b73f-54ff5c244212&quot; HEIGHT=24 WIDTH=168&gt;&lt;/object&gt;&apos;);&lt;/script&gt;&lt;/div&gt;&lt;/td&gt;&lt;td nowrap valign=middle colSpan=3 rowSpan=2&gt;&lt;div class=&quot;mceGridLabel&quot; align=&quot;Right&quot;&gt;&amp;nbsp;Order Date:&lt;/div&gt;&lt;/td&gt;&lt;td nowrap valign=middle colSpan=3 rowSpan=2&gt;&lt;div class=&quot;mceGridField&quot;&gt;&lt;script&gt;SWEWriteObjectTag(this,&apos;&lt;object id=s_1_1_112_0 CLASSID=&quot;CLSID:1cb4ef94-8549-471a-b73f-54ff5c244212&quot; HEIGHT=24 WIDTH=112&gt;&lt;/object&gt;&apos;);&lt;/script&gt;&lt;/div&gt;&lt;/td&gt;&lt;td nowrap valign=middle colSpan=3 rowSpan=2&gt;&lt;div class=&quot;mceGridLabel&quot; align=&quot;Right&quot;&gt;&amp;nbsp;Submit Date:&lt;/div&gt;&lt;/td&gt;&lt;td nowrap valign=middle colSpan=5 rowSpan=2&gt;&lt;div class=&quot;mceGridField&quot;&gt;&lt;script&gt;SWEWriteObjectTag(this,&apos;&lt;object id=s_1_1_127_0 CLASSID=&quot;CLSID:1cb4ef94-8549-471a-b73f-54ff5c244212&quot; HEIGHT=24 WIDTH=128&gt;&lt;/object&gt;&apos;);&lt;/script&gt;&lt;/div&gt;&lt;/td&gt;&lt;td rowSpan=4 colSpan=1&gt;&lt;/td&gt;&lt;td nowrap valign=middle colSpan=3 rowSpan=2&gt;&lt;div class=&quot;mceGridLabel&quot; align=&quot;Right&quot;&gt;&amp;nbsp;Alternate Telephone:&lt;/div&gt;&lt;/td&gt;&lt;td nowrap valign=middle colSpan=5 rowSpan=2&gt;&lt;div class=&quot;mceGridField&quot;&gt;&lt;script&gt;SWEWriteObjectTag(this,&apos;&lt;object id=s_1_1_14_0 CLASSID=&quot;CLSID:1cb4ef94-8549-471a-b73f-54ff5c244212&quot; HEIGHT=24 WIDTH=112&gt;&lt;/object&gt;&apos;);&lt;/script&gt;&lt;/div&gt;&lt;/td&gt;&lt;/tr&gt;&lt;tr&gt;&lt;td style=&quot;height:8;&quot;&gt;&lt;/td&gt;&lt;td nowrap valign=middle colSpan=3 rowSpan=2&gt;&lt;div class=&quot;mceGridField&quot;&gt;&lt;span id=s_1_1_29_0&gt;&amp;nbsp;&lt;/span&gt;&lt;/div&gt;&lt;/td&gt;&lt;/tr&gt;&lt;tr&gt;&lt;td style=&quot;height:16;&quot;&gt;&lt;/td&gt;&lt;td nowrap valign=middle colSpan=2 rowSpan=2&gt;&lt;div class=&quot;mceGridLabel&quot; align=&quot;Right&quot;&gt;&amp;nbsp;Pref Comm Method:&lt;/div&gt;&lt;/td&gt;&lt;td nowrap valign=middle colSpan=4 rowSpan=2&gt;&lt;div class=&quot;mceGridField&quot;&gt;&lt;script&gt;SWEWriteObjectTag(this,&apos;&lt;object id=s_1_1_32_0 CLASSID=&quot;CLSID:1cb4ef94-8549-471a-b73f-54ff5c244212&quot; HEIGHT=24 WIDTH=168&gt;&lt;/object&gt;&apos;);&lt;/script&gt;&lt;/div&gt;&lt;/td&gt;&lt;td nowrap valign=middle colSpan=3 rowSpan=2&gt;&lt;div class=&quot;mceGridLabel&quot; align=&quot;Right&quot;&gt;&amp;nbsp;Email:&lt;/div&gt;&lt;/td&gt;&lt;td nowrap valign=middle colSpan=3 rowSpan=2&gt;&lt;div class=&quot;mceGridField&quot;&gt;&lt;script&gt;SWEWriteObjectTag(this,&apos;&lt;object id=s_1_1_26_0 CLASSID=&quot;CLSID:1cb4ef94-8549-471a-b73f-54ff5c244212&quot; HEIGHT=24 WIDTH=112&gt;&lt;/object&gt;&apos;);&lt;/script&gt;&lt;/div&gt;&lt;/td&gt;&lt;td nowrap valign=middle colSpan=3 rowSpan=2&gt;&lt;div class=&quot;mceGridLabel&quot; align=&quot;Right&quot;&gt;&amp;nbsp;Telephone:&lt;/div&gt;&lt;/td&gt;&lt;td nowrap valign=middle colSpan=5 rowSpan=2&gt;&lt;div class=&quot;mceGridField&quot;&gt;&lt;script&gt;SWEWriteObjectTag(this,&apos;&lt;object id=s_1_1_35_0 CLASSID=&quot;CLSID:1cb4ef94-8549-471a-b73f-54ff5c244212&quot; HEIGHT=24 WIDTH=128&gt;&lt;/object&gt;&apos;);&lt;/script&gt;&lt;/div&gt;&lt;/td&gt;&lt;td nowrap valign=middle colSpan=3 rowSpan=2&gt;&lt;/td&gt;&lt;td nowrap valign=middle colSpan=5 rowSpan=2&gt;&lt;/td&gt;&lt;/tr&gt;&lt;tr&gt;&lt;td style=&quot;height:8;&quot;&gt;&lt;/td&gt;&lt;td rowSpan=1 colSpan=3&gt;&lt;/td&gt;&lt;/tr&gt;&lt;/table&gt;&lt;/div&gt;&lt;/div&gt;&lt;/span&gt;&lt;/td&gt;&lt;/tr&gt;&lt;/table&gt;&lt;/div&gt;&lt;/form&gt;
&lt;a id=&quot;SWEBottomHidden1&quot; href=&quot;javascript:void(0);&quot; tabindex=&quot;1999&quot; onfocus=&quot;document.getElementById(&apos;SWETopHidden1&apos;).focus();&quot;&gt;&lt;/a&gt;&lt;/div&gt;&lt;table datatable=&quot;0&quot; summary=&quot;&quot; class=&quot;tier3Back&quot; width=&quot;100%&quot; align=&quot;center&quot; cellpadding=&quot;0&quot; cellspacing=&quot;0&quot; border=&quot;0&quot;&gt;&lt;tr valign=&quot;top&quot;&gt;&lt;td&gt;&lt;img src=&quot;images/spacer.gif&quot; width=&quot;1&quot; height=&quot;3&quot; alt=&quot;&quot;&gt;&lt;/td&gt;&lt;/tr&gt;&lt;/table&gt;&lt;div id=s_vctrl_div STYLE=&quot;height:37px&quot;&gt;&lt;div&gt; &lt;/div&gt;&lt;script&gt;SWEWriteObjectTag(this,&apos;&lt;OBJECT ID=&quot;s_vctrl&quot; CLASSID=&quot;clsid:bfb7437b-a5ea-4d13-a552-4150b0fdf838&quot; CODEBASE=&quot;&quot; WIDTH =&quot;100%&quot; HEIGHT =&quot;100%&quot;  tabindex=-1 &gt;&lt;PARAM NAME=&quot;style&quot; VALUE=&quot;Tab&quot;/&gt;&lt;PARAM NAME=&quot;indentWidth&quot; VALUE=&quot;30&quot;/&gt;&lt;PARAM NAME=&quot;anchorTab&quot; VALUE=&quot;true&quot;/&gt;&lt;PARAM NAME=&quot;type&quot; VALUE=&quot;Detail Category With View&quot;/&gt;&lt;/OBJECT&gt;&apos;);&lt;/script&gt;&lt;/div&gt;&lt;div style=&quot;width:100%; border-color:#E0E5F5; border-style: solid; border-width: 0 1 1 1; padding: 0 3 3 3;&quot;&gt;&lt;a name=&quot;SWEApplet2&quot; id=&quot;SWEApplet2&quot; href=&quot;#SWEApplet2&quot; title=&quot;Line Items&quot;&gt;&lt;/a&gt;
&lt;div id=&apos;s_S_A2_div&apos;oncontextmenu=&apos;HandleContextMenu(&quot;BT Order Entry - Line Item List Applet (Sales\)&quot;)&apos; onclick=&apos;HandleAppletClick(&quot;BT Order Entry - Line Item List Applet (Sales\)&quot;)&apos;&gt;
&lt;a id=&quot;SWETopHidden2&quot; href=&quot;javascript:void(0);&quot; tabindex=&quot;2000&quot;&gt;&lt;/a&gt;&lt;form name=&quot;SWEForm2_0&quot; method=&quot;post&quot; action=&quot;/ecommunications_enu_nsm_aps05524a027/start.swe&quot; &gt;
&lt;span class=&quot;AppletStyleChild77&quot;&gt;&lt;div class=&quot;NotSelected&quot; id=&quot;a_2&quot;&gt;&lt;table datatable=&quot;0&quot; summary=&quot;&quot; width=&quot;100%&quot; cellspacing=&quot;0&quot; cellpadding=&quot;2&quot; border=&quot;0&quot; align=&quot;center&quot;&gt;&lt;tr class=&quot;AppletButtons&quot; align=&quot;left&quot;&gt;&lt;td nowrap class=&quot;AppletMenu&quot;&gt;&lt;span class=&quot;miniBtnUICTop&quot;&gt;&lt;span class=&quot;miniBtnUIC&quot;&gt;&lt;a id=&apos;s_at_m_2&apos; href=&quot;javascript:void(0)&quot; onclick=&quot;window.event.cancelBubble=true; _JMenu_Initialize(this, &apos;BT Order Entry - Line Item List Applet (Sales\)&apos;, &apos;Applet&apos;, s_at_m_2Ax, 0, false); return false;&quot; onmouseover=&quot;MinibtnHover(this.parentNode)&quot; onmouseout=&quot;MinibtnOut(this.parentNode)&quot; onmousedown=&quot;MinibtnDown(this.parentNode)&quot; onmouseup=&quot;MinibtnUp(this.parentNode)&quot; &gt;Menu&amp;nbsp;&lt;img border=&quot;0&quot; src=&quot;images/img_arrow.gif&quot; align=&quot;center&quot;&gt;&lt;/a&gt;&lt;/span&gt;&lt;/span&gt;&lt;object id= &quot;s_at_m_2Ax&quot; CLASSID=&quot;CLSID:9174862b-ac3b-4f9f-abc9-a0a3c9fd95d4&quot; codebase=&quot;23048/applets/SiebelAx_HI_Client.cab&quot; width=0 height = 0&gt;&lt;/object&gt;&lt;/td&gt;&lt;td&gt;&lt;img height=1 alt=&quot;&quot; src=&quot;images/spacer.gif&quot; width=4&gt;&lt;/td&gt;&lt;td&gt;&lt;img src=&quot;images/btn_div_gray.gif&quot; height=&quot;13&quot; align=&quot;middle&quot; alt=&quot;&quot;&gt;&lt;/td&gt;&lt;td&gt;&lt;img src=&quot;images/spacer.gif&quot; width=&quot;4&quot; height=&quot;1&quot; alt=&quot;&quot;&gt;&lt;/td&gt;&lt;td nowrap&gt;&lt;span id=s_2_1_18_0&gt;&amp;nbsp;&lt;/span&gt;&lt;/td&gt;&lt;td nowrap&gt;&lt;span id=s_2_1_25_0&gt;&amp;nbsp;&lt;/span&gt;&lt;/td&gt;&lt;td nowrap&gt;&lt;span id=s_2_1_7_0&gt;&amp;nbsp;&lt;/span&gt;&lt;/td&gt;&lt;td nowrap&gt;&lt;span id=s_2_1_34_0&gt;&amp;nbsp;&lt;/span&gt;&lt;/td&gt;&lt;td nowrap&gt;&lt;span id=s_2_1_44_0&gt;&amp;nbsp;&lt;/span&gt;&lt;/td&gt;&lt;td nowrap&gt;&lt;span id=s_2_1_17_0&gt;&amp;nbsp;&lt;/span&gt;&lt;/td&gt;&lt;td nowrap&gt;&lt;span id=s_2_1_21_0&gt;&amp;nbsp;&lt;/span&gt;&lt;/td&gt;&lt;td nowrap&gt;&lt;span id=s_2_1_15_0&gt;&amp;nbsp;&lt;/span&gt;&lt;/td&gt;&lt;td nowrap&gt;&lt;span id=s_2_1_43_0&gt;&amp;nbsp;&lt;/span&gt;&lt;/td&gt;&lt;td nowrap&gt;&lt;span id=s_2_1_47_0&gt;&amp;nbsp;&lt;/span&gt;&lt;/td&gt;&lt;td nowrap&gt;&lt;span id=s_2_1_60_0&gt;&amp;nbsp;&lt;/span&gt;&lt;/td&gt;&lt;td nowrap&gt;&lt;span id=s_2_1_62_0&gt;&amp;nbsp;&lt;/span&gt;&lt;/td&gt;&lt;td nowrap&gt;&lt;span id=s_2_1_58_0&gt;&amp;nbsp;&lt;/span&gt;&lt;/td&gt;&lt;td nowrap&gt;&lt;span id=s_2_1_3_0&gt;&amp;nbsp;&lt;/span&gt;&lt;/td&gt;&lt;td nowrap&gt;&lt;span id=s_2_1_2_0&gt;&amp;nbsp;&lt;/span&gt;&lt;/td&gt;&lt;td nowrap&gt;&lt;span id=s_2_1_0_0&gt;&amp;nbsp;&lt;/span&gt;&lt;/td&gt;&lt;td nowrap&gt;&lt;span id=s_2_1_27_0&gt;&amp;nbsp;&lt;/span&gt;&lt;/td&gt;&lt;td nowrap&gt;&lt;span id=s_2_1_67_0&gt;&amp;nbsp;&lt;/span&gt;&lt;/td&gt;&lt;td nowrap&gt;&lt;span id=s_2_1_33_0&gt;&amp;nbsp;&lt;/span&gt;&lt;/td&gt;&lt;td nowrap&gt;&lt;span id=s_2_1_75_0&gt;&amp;nbsp;&lt;/span&gt;&lt;/td&gt;&lt;td nowrap&gt;&lt;span id=s_2_1_45_0&gt;&amp;nbsp;&lt;/span&gt;&lt;/td&gt;&lt;td nowrap&gt;&lt;span id=s_2_1_57_0&gt;&amp;nbsp;&lt;/span&gt;&lt;/td&gt;&lt;td nowrap&gt;&lt;span id=s_2_1_8_0&gt;&amp;nbsp;&lt;/span&gt;&lt;/td&gt;&lt;td nowrap&gt;&lt;span id=s_2_1_4_0&gt;&amp;nbsp;&lt;/span&gt;&lt;/td&gt;&lt;td nowrap&gt;&lt;span id=s_2_1_5_0&gt;&amp;nbsp;&lt;/span&gt;&lt;/td&gt;&lt;td nowrap&gt;&lt;span id=s_2_1_6_0&gt;&amp;nbsp;&lt;/span&gt;&lt;/td&gt;&lt;td nowrap&gt;&lt;span id=s_2_1_1_0&gt;&amp;nbsp;&lt;/span&gt;&lt;/td&gt;&lt;td valign=&quot;middle&quot;&gt;&lt;img src=&quot;images/btn_div_gray.gif&quot; height=&quot;13&quot; align=&quot;middle&quot; alt=&quot;&quot;&gt;&lt;/td&gt;&lt;td valign=&quot;middle&quot; nowrap&gt;&lt;span id=s_2_1_79_0&gt;&amp;nbsp;&lt;/span&gt;&lt;/td&gt;&lt;td&gt;&amp;nbsp;&lt;/td&gt;&lt;td&gt;&lt;table datatable=&quot;0&quot; summary=&quot;&quot; width=&quot;100%&quot; valign=&quot;top&quot; align=&quot;center&quot; cellpadding=&apos;0&apos; cellspacing=&apos;0&apos; border=&apos;0&apos;&gt;&lt;/table&gt;&lt;/td&gt;&lt;td nowrap&gt;&amp;nbsp;&lt;b&gt;&lt;span id=2_msg&gt;&lt;/span&gt;&lt;/b&gt;&lt;/td&gt;&lt;td align=&quot;right&quot; width=&quot;100%&quot;&gt;&lt;td valign=&quot;middle&quot; nowrap&gt;&lt;span id=&apos;SWEApplet2_ctrlmsg&apos;&gt;&lt;/span&gt;&lt;/td&gt;&lt;td valign=&quot;middle&quot; nowrap&gt;&amp;nbsp;&lt;span id=s_2_rc&gt;&lt;/span&gt;&amp;nbsp;&lt;/td&gt;&lt;td valign=&quot;middle&quot;&gt;&amp;nbsp;&lt;img src=&quot;images/btn_div_gray.gif&quot; height=&quot;13&quot; align=&quot;middle&quot; alt=&quot;&quot;&gt;&amp;nbsp;&lt;/td&gt;&lt;td valign=&quot;middle&quot; nowrap&gt;&lt;span id=s_2_1_24_0&gt;&amp;nbsp;&lt;/span&gt;&lt;/td&gt;&lt;td valign=&quot;middle&quot; nowrap&gt;&lt;b&gt;&lt;span id=s_2_1_30_0&gt;&amp;nbsp;&lt;/span&gt;&lt;/b&gt;&lt;/td&gt;&lt;td valign=&quot;middle&quot; nowrap&gt;&lt;span id=s_2_1_20_0&gt;&amp;nbsp;&lt;/span&gt;&lt;/td&gt;&lt;td valign=&quot;middle&quot; nowrap&gt;&lt;span id=s_2_1_26_0&gt;&amp;nbsp;&lt;/span&gt;&lt;/td&gt;&lt;td valign=&quot;middle&quot; nowrap&gt;&lt;span id=s_2_1_28_0&gt;&amp;nbsp;&lt;/span&gt;&lt;/td&gt;&lt;td valign=&quot;middle&quot; nowrap&gt;&lt;span id=s_2_1_48_0&gt;&amp;nbsp;&lt;/span&gt;&lt;/td&gt;&lt;/td&gt;&lt;td valign=&quot;top&quot; align=&quot;right&quot;&gt;&lt;/td&gt;&lt;/tr&gt;&lt;/table&gt;&lt;span id=2_c_err style=&quot;display: none;&quot;&gt;&lt;table datatable=&quot;0&quot; summary=&quot;&quot; class=&quot;AppletBack&quot; width=&quot;100%&quot; cellpadding=&quot;4&quot; cellspacing=&quot;0&quot; border=&quot;0&quot;&gt;&lt;tr&gt;&lt;td class=&quot;error&quot;&gt;&lt;br&gt;&amp;nbsp;&lt;/td&gt;&lt;/tr&gt;&lt;/table&gt;&lt;/span&gt;&lt;div class=&quot;AppletHIListBorder&quot;&gt;&lt;div id=&quot;s_2_ld&quot; STYLE=&quot;height:322px&quot;&gt;&lt;div&gt;&lt;/div&gt;&lt;script&gt;SWEWriteObjectTag(this,&apos;&lt;object id=&quot;s_2_l&quot;  CLASSID=&quot;CLSID:a9967980-c623-4092-b952-fcf15f67b8a5&quot; WIDTH=100% HEIGHT=100%&gt;&lt;/OBJECT&gt;&apos;);&lt;/script&gt;&lt;/div&gt;&lt;/div&gt;&lt;/div&gt;&lt;/span&gt;&lt;/form&gt;
&lt;a id=&quot;SWEBottomHidden2&quot; href=&quot;javascript:void(0);&quot; tabindex=&quot;2999&quot; onfocus=&quot;document.getElementById(&apos;SWETopHidden2&apos;).focus();&quot;&gt;&lt;/a&gt;&lt;/div&gt;&lt;a name=&quot;SWEApplet3&quot; id=&quot;SWEApplet3&quot; href=&quot;#SWEApplet3&quot; title=&quot;Line Detail&quot;&gt;&lt;/a&gt;
&lt;div id=&apos;s_S_A3_div&apos;oncontextmenu=&apos;HandleContextMenu(&quot;BT Order Entry - Line Item Form Applet&quot;)&apos; onclick=&apos;HandleAppletClick(&quot;BT Order Entry - Line Item Form Applet&quot;)&apos;&gt;
&lt;a id=&quot;SWETopHidden3&quot; href=&quot;javascript:void(0);&quot; tabindex=&quot;3000&quot;&gt;&lt;/a&gt;&lt;table datatable=&quot;0&quot; summary=&quot;&quot;&gt;&lt;tr&gt;&lt;td&gt;&lt;img src=&quot;images/spacer.gif&quot; width=&quot;1&quot; height=&quot;3&quot; alt=&quot;&quot;&gt;&lt;/td&gt;&lt;/tr&gt;&lt;/table&gt;&lt;form name=&quot;SWEForm3_0&quot; method=&quot;post&quot; action=&quot;/ecommunications_enu_nsm_aps05524a027/start.swe&quot; onSubmit=&quot;return false;&quot; &gt;
&lt;div class=&quot;NotSelected&quot; id=&quot;a_3&quot;&gt;&lt;table datatable=&quot;0&quot; summary=&quot;&quot; width=&quot;100%&quot; cellpadding=&quot;0&quot; cellspacing=&quot;0&quot; border=&quot;0&quot; align=&quot;center&quot; class=&quot;AppletBack&quot;&gt;&lt;tr&gt;&lt;td class=&quot;AppletHIFormBorder&quot;&gt;&lt;span class=&quot;AppletStyleChild77&quot;&gt;&lt;table datatable=&quot;0&quot; summary=&quot;&quot; width=&quot;100%&quot; cellspacing=&quot;0&quot; cellpadding=&quot;2&quot; border=&quot;0&quot; align=&quot;center&quot;&gt;&lt;tr class=&quot;AppletButtons&quot;&gt;&lt;td nowrap width=&quot;100%&quot; class=&quot;AppletTitle&quot;&gt;&amp;nbsp;Line Detail&lt;/td&gt;&lt;td nowrap valign=&quot;absmiddle&quot; class=&quot;legend&quot;&gt;&lt;/td&gt;&lt;td width=&quot;100%&quot;&gt;&amp;nbsp;&lt;img src=&quot;images/btn_div_gray.gif&quot; height=&quot;13&quot; align=&quot;middle&quot; alt=&quot;&quot;&gt;&amp;nbsp;&lt;/td&gt;&lt;td valign=&quot;middle&quot; nowrap&gt;&lt;span id=&apos;SWEApplet3_ctrlmsg&apos;&gt;&lt;/span&gt;&lt;/td&gt;&lt;td class=&quot;AppletTitle&quot; valign=&quot;middle&quot; nowrap&gt;&lt;span id=s_3_1_98_0&gt;&amp;nbsp;&lt;/span&gt;&lt;/td&gt;&lt;td class=&quot;AppletTitle&quot; valign=&quot;middle&quot; nowrap&gt;&amp;nbsp;&lt;span id=s_3_rc&gt;&lt;/span&gt;&amp;nbsp;&lt;/td&gt;&lt;td class=&quot;AppletTitle&quot; valign=&quot;middle&quot; nowrap&gt;&lt;span id=s_3_1_96_0&gt;&amp;nbsp;&lt;/span&gt;&lt;/td&gt;&lt;td&gt;&amp;nbsp;&lt;/td&gt;&lt;td class=&quot;AppletTitle&quot; valign=&quot;middle&quot;&gt;&lt;img src=&quot;images/btn_div.gif&quot; height=&quot;13&quot; align=&quot;middle&quot; alt=&quot;&quot;&gt;&lt;/td&gt;&lt;td&gt;&amp;nbsp;&lt;/td&gt;&lt;td valign=&quot;middle&quot; nowrap&gt;&lt;span id=s_3_1_44_0&gt;&amp;nbsp;&lt;/span&gt;&lt;/td&gt;&lt;td valign=&quot;top&quot; align=&quot;right&quot;&gt;&lt;/td&gt;&lt;/tr&gt;&lt;/table&gt;&lt;table datatable=&quot;0&quot; summary=&quot;&quot; class=&quot;AppletBackTable&quot; width=&quot;100%&quot; cellspacing=&quot;0&quot; cellpadding=&quot;2&quot; align=&quot;center&quot;&gt;&lt;tr class=&quot;AppletBack&quot; align=&quot;left&quot;&gt;&lt;td nowrap class=&quot;AppletMenu&quot;&gt;&lt;span class=&quot;miniBtnUICTop&quot;&gt;&lt;span class=&quot;miniBtnUIC&quot;&gt;&lt;a id=&apos;s_at_m_3&apos; href=&quot;javascript:void(0)&quot; onclick=&quot;window.event.cancelBubble=true; _JMenu_Initialize(this, &apos;BT Order Entry - Line Item Form Applet&apos;, &apos;Applet&apos;, s_at_m_3Ax, 0, false); return false;&quot; onmouseover=&quot;MinibtnHover(this.parentNode)&quot; onmouseout=&quot;MinibtnOut(this.parentNode)&quot; onmousedown=&quot;MinibtnDown(this.parentNode)&quot; onmouseup=&quot;MinibtnUp(this.parentNode)&quot; &gt;Menu&amp;nbsp;&lt;img border=&quot;0&quot; src=&quot;images/img_arrow.gif&quot; align=&quot;center&quot;&gt;&lt;/a&gt;&lt;/span&gt;&lt;/span&gt;&lt;object id= &quot;s_at_m_3Ax&quot; CLASSID=&quot;CLSID:9174862b-ac3b-4f9f-abc9-a0a3c9fd95d4&quot; codebase=&quot;23048/applets/SiebelAx_HI_Client.cab&quot; width=0 height = 0&gt;&lt;/object&gt;&lt;/td&gt;&lt;td&gt;&lt;img height=1 alt=&quot;&quot; src=&quot;images/spacer.gif&quot; width=4&gt;&lt;/td&gt;&lt;td&gt;&lt;img src=&quot;images/btn_div_gray.gif&quot; height=&quot;13&quot; align=&quot;middle&quot; alt=&quot;&quot;&gt;&lt;/td&gt;&lt;td&gt;&lt;img src=&quot;images/spacer.gif&quot; width=&quot;4&quot; height=&quot;1&quot; alt=&quot;&quot;&gt;&lt;/td&gt;&lt;td nowrap&gt;&lt;span id=s_3_1_101_0&gt;&amp;nbsp;&lt;/span&gt;&lt;/td&gt;&lt;td nowrap&gt;&lt;span id=s_3_1_26_0&gt;&amp;nbsp;&lt;/span&gt;&lt;/td&gt;&lt;td nowrap&gt;&lt;span id=s_3_1_23_0&gt;&amp;nbsp;&lt;/span&gt;&lt;/td&gt;&lt;td nowrap&gt;&lt;span id=s_3_1_34_0&gt;&amp;nbsp;&lt;/span&gt;&lt;/td&gt;&lt;td nowrap&gt;&lt;span id=s_3_1_105_0&gt;&amp;nbsp;&lt;/span&gt;&lt;/td&gt;&lt;td nowrap&gt;&lt;span id=s_3_1_106_0&gt;&amp;nbsp;&lt;/span&gt;&lt;/td&gt;&lt;td&gt;&lt;table datatable=&quot;0&quot; summary=&quot;&quot; width=&quot;100%&quot; valign=&quot;top&quot; align=&quot;center&quot; cellpadding=&apos;0&apos; cellspacing=&apos;0&apos; border=&apos;0&apos;&gt;&lt;/table&gt;&lt;/td&gt;&lt;td class=&quot;mceGridLabel&quot; align=&quot;left&quot; width=&quot;100%&quot; nowrap&gt;&amp;nbsp;&lt;b&gt;&lt;span id=3_msg&gt;&lt;/span&gt;&lt;/b&gt;&lt;/td&gt;&lt;/tr&gt;&lt;/table&gt;&lt;table datatable=&quot;0&quot; summary=&quot;&quot; class=&quot;AppletBackTable&quot; width=&quot;100%&quot; cellspacing=&quot;0&quot; cellpadding=&quot;0&quot; align=&quot;center&quot;&gt;&lt;tr class=&quot;AppletBack&quot;&gt;&lt;td class=&quot;AppletBack&quot;&gt;&lt;img src=&quot;images/spacer.gif&quot; height=&quot;1&quot; width=&quot;1&quot; alt=&quot;&quot;&gt;&lt;/td&gt;&lt;td class=&quot;AppletBlank&quot; width=&quot;100%&quot;&gt;&lt;img src=&quot;images/spacer.gif&quot; height=&quot;1&quot; width=&quot;1&quot; alt=&quot;&quot;&gt;&lt;/td&gt;&lt;/tr&gt;&lt;/table&gt;&lt;span id=3_c_err style=&quot;display: none;&quot;&gt;&lt;table datatable=&quot;0&quot; summary=&quot;&quot; class=&quot;AppletBack&quot; width=&quot;100%&quot; cellpadding=&quot;0&quot; cellspacing=&quot;5&quot; border=&quot;0&quot;&gt;&lt;tr&gt;&lt;td class=&quot;error&quot;&gt;&lt;/td&gt;&lt;/tr&gt;&lt;/table&gt;&lt;/span&gt;&lt;div class=&quot;NotSelected&quot; id=&quot;a_3&quot;&gt;&lt;div align=left style=&quot;width:100%;&quot; class=&quot;GridBorder&quot;&gt;&lt;table class=&quot;GridBack&quot; border=0 cellspacing=0 cellpadding=0&gt;&lt;tr&gt;&lt;td&gt;&lt;/td&gt;&lt;td style=&quot;width:8px;&quot;&gt;&lt;/td&gt;&lt;td style=&quot;width:104px;&quot;&gt;&lt;/td&gt;&lt;td style=&quot;width:16px;&quot;&gt;&lt;/td&gt;&lt;td style=&quot;width:104px;&quot;&gt;&lt;/td&gt;&lt;td style=&quot;width:8px;&quot;&gt;&lt;/td&gt;&lt;td style=&quot;width:8px;&quot;&gt;&lt;/td&gt;&lt;td style=&quot;width:8px;&quot;&gt;&lt;/td&gt;&lt;td style=&quot;width:56px;&quot;&gt;&lt;/td&gt;&lt;td style=&quot;width:40px;&quot;&gt;&lt;/td&gt;&lt;td style=&quot;width:16px;&quot;&gt;&lt;/td&gt;&lt;td style=&quot;width:72px;&quot;&gt;&lt;/td&gt;&lt;td style=&quot;width:8px;&quot;&gt;&lt;/td&gt;&lt;td style=&quot;width:16px;&quot;&gt;&lt;/td&gt;&lt;td style=&quot;width:8px;&quot;&gt;&lt;/td&gt;&lt;td style=&quot;width:8px;&quot;&gt;&lt;/td&gt;&lt;td style=&quot;width:8px;&quot;&gt;&lt;/td&gt;&lt;td style=&quot;width:8px;&quot;&gt;&lt;/td&gt;&lt;td style=&quot;width:80px;&quot;&gt;&lt;/td&gt;&lt;td style=&quot;width:40px;&quot;&gt;&lt;/td&gt;&lt;td style=&quot;width:16px;&quot;&gt;&lt;/td&gt;&lt;td style=&quot;width:48px;&quot;&gt;&lt;/td&gt;&lt;td style=&quot;width:16px;&quot;&gt;&lt;/td&gt;&lt;td style=&quot;width:48px;&quot;&gt;&lt;/td&gt;&lt;td style=&quot;width:8px;&quot;&gt;&lt;/td&gt;&lt;td style=&quot;width:8px;&quot;&gt;&lt;/td&gt;&lt;td style=&quot;width:64px;&quot;&gt;&lt;/td&gt;&lt;td style=&quot;width:64px;&quot;&gt;&lt;/td&gt;&lt;td style=&quot;width:112px;&quot;&gt;&lt;/td&gt;&lt;td style=&quot;width:8px;&quot;&gt;&lt;/td&gt;&lt;td style=&quot;width:8px;&quot;&gt;&lt;/td&gt;&lt;/tr&gt;&lt;tr&gt;&lt;td style=&quot;height:24;&quot;&gt;&lt;/td&gt;&lt;td rowSpan=3 colSpan=1&gt;&lt;/td&gt;&lt;td nowrap valign=middle colSpan=2 rowSpan=1&gt;&lt;div class=&quot;mceGridLabel&quot; align=&quot;Right&quot;&gt;&amp;nbsp;Sequence:&lt;/div&gt;&lt;/td&gt;&lt;td nowrap valign=middle colSpan=3 rowSpan=1&gt;&lt;div class=&quot;mceGridField&quot;&gt;&lt;script&gt;SWEWriteObjectTag(this,&apos;&lt;object id=s_3_1_81_0 CLASSID=&quot;CLSID:1cb4ef94-8549-471a-b73f-54ff5c244212&quot; HEIGHT=24 WIDTH=120&gt;&lt;/object&gt;&apos;);&lt;/script&gt;&lt;/div&gt;&lt;/td&gt;&lt;td rowSpan=3 colSpan=1&gt;&lt;/td&gt;&lt;td nowrap valign=middle colSpan=3 rowSpan=1&gt;&lt;div class=&quot;mceGridLabel&quot; align=&quot;Right&quot;&gt;&amp;nbsp;Due Date:&lt;/div&gt;&lt;/td&gt;&lt;td nowrap valign=middle colSpan=6 rowSpan=1&gt;&lt;div class=&quot;mceGridField&quot;&gt;&lt;script&gt;SWEWriteObjectTag(this,&apos;&lt;object id=s_3_1_69_0 CLASSID=&quot;CLSID:1cb4ef94-8549-471a-b73f-54ff5c244212&quot; HEIGHT=24 WIDTH=120&gt;&lt;/object&gt;&apos;);&lt;/script&gt;&lt;/div&gt;&lt;/td&gt;&lt;td rowSpan=2 colSpan=1&gt;&lt;/td&gt;&lt;td nowrap valign=middle colSpan=2 rowSpan=1&gt;&lt;div class=&quot;mceGridLabel&quot; align=&quot;Right&quot;&gt;&amp;nbsp;Status:&lt;/div&gt;&lt;/td&gt;&lt;td nowrap valign=middle colSpan=4 rowSpan=1&gt;&lt;div class=&quot;mceGridField&quot;&gt;&lt;script&gt;SWEWriteObjectTag(this,&apos;&lt;object id=s_3_1_120_0 CLASSID=&quot;CLSID:1cb4ef94-8549-471a-b73f-54ff5c244212&quot; HEIGHT=24 WIDTH=120&gt;&lt;/object&gt;&apos;);&lt;/script&gt;&lt;/div&gt;&lt;/td&gt;&lt;td rowSpan=3 colSpan=1&gt;&lt;/td&gt;&lt;td nowrap valign=middle colSpan=3 rowSpan=1&gt;&lt;div class=&quot;mceGridLabel&quot; align=&quot;Right&quot;&gt;&amp;nbsp;UoM:&lt;/div&gt;&lt;/td&gt;&lt;td nowrap valign=middle colSpan=2 rowSpan=1&gt;&lt;div class=&quot;mceGridField&quot;&gt;&lt;script&gt;SWEWriteObjectTag(this,&apos;&lt;object id=s_3_1_93_0 CLASSID=&quot;CLSID:1cb4ef94-8549-471a-b73f-54ff5c244212&quot; HEIGHT=24 WIDTH=120&gt;&lt;/object&gt;&apos;);&lt;/script&gt;&lt;/div&gt;&lt;/td&gt;&lt;td rowSpan=3 colSpan=1&gt;&lt;/td&gt;&lt;/tr&gt;&lt;tr&gt;&lt;td style=&quot;height:24;&quot;&gt;&lt;/td&gt;&lt;td nowrap valign=middle colSpan=2 rowSpan=1&gt;&lt;div class=&quot;mceGridLabel&quot; align=&quot;Right&quot;&gt;&amp;nbsp;Product:&lt;/div&gt;&lt;/td&gt;&lt;td nowrap valign=middle colSpan=3 rowSpan=1&gt;&lt;div class=&quot;mceGridField&quot;&gt;&lt;script&gt;SWEWriteObjectTag(this,&apos;&lt;object id=s_3_1_91_0 CLASSID=&quot;CLSID:1cb4ef94-8549-471a-b73f-54ff5c244212&quot; HEIGHT=24 WIDTH=120&gt;&lt;/object&gt;&apos;);&lt;/script&gt;&lt;/div&gt;&lt;/td&gt;&lt;td nowrap valign=middle colSpan=3 rowSpan=1&gt;&lt;div class=&quot;mceGridLabel&quot; align=&quot;Right&quot;&gt;&amp;nbsp;MSISDN No:&lt;/div&gt;&lt;/td&gt;&lt;td nowrap valign=middle colSpan=6 rowSpan=1&gt;&lt;div class=&quot;mceGridField&quot;&gt;&lt;script&gt;SWEWriteObjectTag(this,&apos;&lt;object id=s_3_1_88_0 CLASSID=&quot;CLSID:1cb4ef94-8549-471a-b73f-54ff5c244212&quot; HEIGHT=24 WIDTH=120&gt;&lt;/object&gt;&apos;);&lt;/script&gt;&lt;/div&gt;&lt;/td&gt;&lt;td nowrap valign=middle colSpan=2 rowSpan=1&gt;&lt;div class=&quot;mceGridLabel&quot; align=&quot;Right&quot;&gt;&amp;nbsp;Action:&lt;/div&gt;&lt;/td&gt;&lt;td nowrap valign=middle colSpan=4 rowSpan=1&gt;&lt;div class=&quot;mceGridField&quot;&gt;&lt;script&gt;SWEWriteObjectTag(this,&apos;&lt;object id=s_3_1_20_0 CLASSID=&quot;CLSID:1cb4ef94-8549-471a-b73f-54ff5c244212&quot; HEIGHT=24 WIDTH=120&gt;&lt;/object&gt;&apos;);&lt;/script&gt;&lt;/div&gt;&lt;/td&gt;&lt;td nowrap valign=middle colSpan=3 rowSpan=1&gt;&lt;div class=&quot;mceGridLabel&quot; align=&quot;Right&quot;&gt;&amp;nbsp;Billing Account Number:&lt;/div&gt;&lt;/td&gt;&lt;td nowrap valign=middle colSpan=2 rowSpan=1&gt;&lt;div class=&quot;mceGridField&quot;&gt;&lt;script&gt;SWEWriteObjectTag(this,&apos;&lt;object id=s_3_1_53_0 CLASSID=&quot;CLSID:1cb4ef94-8549-471a-b73f-54ff5c244212&quot; HEIGHT=24 WIDTH=120&gt;&lt;/object&gt;&apos;);&lt;/script&gt;&lt;/div&gt;&lt;/td&gt;&lt;/tr&gt;&lt;tr&gt;&lt;td style=&quot;height:24;&quot;&gt;&lt;/td&gt;&lt;td rowSpan=1 colSpan=5&gt;&lt;/td&gt;&lt;td rowSpan=1 colSpan=1&gt;&lt;/td&gt;&lt;td nowrap valign=middle colSpan=3 rowSpan=1&gt;&lt;div class=&quot;mceGridField&quot;&gt;&lt;span id=s_3_1_21_0&gt;&amp;nbsp;&lt;/span&gt;&lt;/div&gt;&lt;/td&gt;&lt;td rowSpan=1 colSpan=1&gt;&lt;/td&gt;&lt;td nowrap valign=middle colSpan=6 rowSpan=1&gt;&lt;div class=&quot;mceGridField&quot;&gt;&lt;span id=s_3_1_22_0&gt;&amp;nbsp;&lt;/span&gt;&lt;/div&gt;&lt;/td&gt;&lt;td rowSpan=1 colSpan=3&gt;&lt;/td&gt;&lt;td nowrap valign=middle colSpan=1 rowSpan=1&gt;&lt;div class=&quot;mceGridField&quot;&gt;&lt;span id=s_3_1_99_0&gt;&amp;nbsp;&lt;/span&gt;&lt;/div&gt;&lt;/td&gt;&lt;td rowSpan=1 colSpan=1&gt;&lt;/td&gt;&lt;td rowSpan=1 colSpan=5&gt;&lt;/td&gt;&lt;/tr&gt;&lt;/table&gt;&lt;/div&gt;&lt;/div&gt;&lt;/span&gt;&lt;/td&gt;&lt;/tr&gt;&lt;/table&gt;&lt;/div&gt;&lt;/form&gt;
&lt;a id=&quot;SWEBottomHidden3&quot; href=&quot;javascript:void(0);&quot; tabindex=&quot;3999&quot; onfocus=&quot;document.getElementById(&apos;SWETopHidden3&apos;).focus();&quot;&gt;&lt;/a&gt;&lt;/div&gt;&lt;table datatable=&quot;0&quot; summary=&quot;&quot; width=&quot;100%&quot; border=&quot;0&quot; cellspacing=&quot;0&quot; cellpadding=&quot;3&quot;&gt;&lt;tr valign=&quot;top&quot;&gt;&lt;td width=&quot;50%&quot;&gt;&lt;/td&gt;&lt;td width=&quot;50%&quot;&gt;&lt;/td&gt;&lt;/tr&gt;&lt;/table&gt;&lt;/div&gt;&lt;script&gt;

SWEIsHighInteract = true; Top().SWEIsHighInteract = true;
if (typeof(top._samePage) != &apos;undefined&apos; &amp;&amp; top._samePage!=&quot;&quot;) top._samePage = &quot;&quot;;
if (top.opener == null || typeof top.opener.swetop == &apos;unknown&apos; || typeof top.opener.swetop == &apos;undefined&apos;) top._swe._sweapp.S_App.SWECount = 63;
else top.opener.top._swe._sweapp.S_App.SWECount = 63;
g_bInitialized = true;

if(typeof(top._swescript)!=&apos;undefined&apos; &amp;&amp; top._swescript!=null)top._swescript.InitApplet(&quot;BT Order Entry - Order Form Applet Dashboard (Sales)&quot;,&quot;SWEApplet1&quot;,&quot;Order Entry - Line Items Detail View (Sales)&quot;,3, this);
if (top._swescript!=null) top._swescript.InitMethod(&quot;GotoAppletMenu&quot;, this, &quot;s_at_m_1&quot;, null, null);
if(top._swe._sweapp._JMenuObj == null)                  
top._swe._sweapp._JMenuObj = new top._swe._sweapp.JMenu();
top._swe._sweapp._JMenuObj.BindAXObj (this.document.getElementById(&quot;s_at_m_1Ax&quot;),&apos;Applet&apos;, &apos;BT Order Entry - Order Form Applet Dashboard (Sales\)&apos;, this.document.getElementById(&quot;s_at_m_1&quot;), &quot;s_at_m_1&quot;);
document.oncontextmenu = HandleContextMenu;
if(typeof(top._swescript)!=&apos;undefined&apos; &amp;&amp; top._swescript!=null)top._swescript.InitApplet(&quot;BT Order Entry - Line Item List Applet (Sales)&quot;,&quot;SWEApplet2&quot;,&quot;Order Entry - Line Items Detail View (Sales)&quot;,6, this);
if (top._swescript!=null) top._swescript.InitMethod(&quot;GotoAppletMenu&quot;, this, &quot;s_at_m_2&quot;, null, null);
if(top._swe._sweapp._JMenuObj == null)                  
top._swe._sweapp._JMenuObj = new top._swe._sweapp.JMenu();
top._swe._sweapp._JMenuObj.BindAXObj (this.document.getElementById(&quot;s_at_m_2Ax&quot;),&apos;Applet&apos;, &apos;BT Order Entry - Line Item List Applet (Sales\)&apos;, this.document.getElementById(&quot;s_at_m_2&quot;), &quot;s_at_m_2&quot;);
document.oncontextmenu = HandleContextMenu;
if(typeof(top._swescript)!=&apos;undefined&apos; &amp;&amp; top._swescript!=null)top._swescript.InitApplet(&quot;BT Order Entry - Line Item Form Applet&quot;,&quot;SWEApplet3&quot;,&quot;Order Entry - Line Items Detail View (Sales)&quot;,3, this);
if (top._swescript!=null) top._swescript.InitMethod(&quot;GotoAppletMenu&quot;, this, &quot;s_at_m_3&quot;, null, null);
if(top._swe._sweapp._JMenuObj == null)                  
top._swe._sweapp._JMenuObj = new top._swe._sweapp.JMenu();
top._swe._sweapp._JMenuObj.BindAXObj (this.document.getElementById(&quot;s_at_m_3Ax&quot;),&apos;Applet&apos;, &apos;BT Order Entry - Line Item Form Applet&apos;, this.document.getElementById(&quot;s_at_m_3&quot;), &quot;s_at_m_3&quot;);
document.oncontextmenu = HandleContextMenu;

&lt;/script&gt;
&lt;script for=window event=onunload&gt;
top._swe._sweapp.S_App.SetLayoutUnloaded(&quot;View&quot;, &quot;Order Entry - Line Items Detail View (Sales)&quot;);
&lt;/script&gt;
&lt;script for=window event=onload&gt;
top._swe._sweapp.S_App.SetLayoutLoaded(&quot;View&quot;, &quot;Order Entry - Line Items Detail View (Sales)&quot;, window, &quot;&quot;);
&lt;/script&gt;
&lt;/body&gt;&lt;/html&gt;</responseData>
  <responseFile class="java.lang.String"></responseFile>
  <cookies class="java.lang.String">_sn=GXmoeGkdwh1O45lrH7mMIZnLMWvqHkVWiQKqDOICOq1fi95anXYMaCRAX879ujDRD9kS4J75N4kGDX576Q2AKmwZPUBih-4NS80Pc1189OxasEbdAsHiEtIhcnCzZ0zWb5V6QpVraL0TTGU4ktkGZq374g8C0pUBRhKVASKeW21TgUW5eIkswq97I-.qG-kr; _srn=_srn; SWEUAID=SWEUAID</cookies>
  <method class="java.lang.String">GET</method>
  <queryString class="java.lang.String"></queryString>
  <java.net.URL>http://localhost:8080/ecommunications_enu_nsm_aps05524a027/start.swe?SWECmd=GetViewLayout&amp;SWEView=Order+Entry+-+Line+Items+Detail+View+%28Sales%29&amp;SWEVI=&amp;SWEVLC=3-2NTUN-318_Siebel%2BPower%2BCommunications_43%257c1592409810%257c0_0_23048_PATCHSET18PATCHSET18PATCHSET18_L&amp;SRN=xK7T2pIB2ZOV15hwlQxQF5reKcoUB8VpMTZr7we8uAEb</java.net.URL>
</httpSample>
<httpSample t="{{\d+}}" it="0" lt="{{\d+}}" ct="{{\d+}}" ts="{{\d+}}" s="true" lb="{{\d+}} /ecommunications_enu_nsm_aps05524a027/start.swe" rc="200" rm="OK" tn="Thread Group 1-1" dt="text" de="utf-8" by="1538" sby="860" sc="1" ec="0" ng="1" na="1" hn="{{.*?}}">
  <responseHeader class="java.lang.String">HTTP/1.1 200 OK
Connection: close
Server: Oracle-iPlanet-Web-Server/7.0
Date: Tue, 23 Jun 2020 13:09:04 GMT
Content-Language: en
Cache-Control: no-cache
Swerpc: true
Content-Type: text/html;charset=utf-8
Connection: close
Matched-Stub-Id: {{\w+-\w+-\w+-\w+-\w+}}
Vary: Accept-Encoding, User-Agent
</responseHeader>
  <requestHeader class="java.lang.String">Connection: close
Content-Type: application/x-www-form-urlencoded
DNT: 1
Accept-Encoding: deflate
Pragma: no-cache
User-Agent: Mozilla/4.0 (compatible; MSIE 7.0; Windows NT 6.3; WOW64; Trident/7.0; .NET4.0E; .NET4.0C; .NET CLR 3.5.30729; .NET CLR 2.0.50727; .NET CLR 3.0.30729)
Accept: text/html, image/gif, image/jpeg, *; q=.2, */*; q=.2
Content-Length: 172
Host: localhost:8080
</requestHeader>
  <responseData class="java.lang.String">@0`1`4`3``0`UC`1`Status`OK`SWEC`96`SRN`xK7T2pIB2ZOV15hwlQxQF5reKcoUB8VpMTZr7we8uAEb`1`0`ResultSet`0`BTSFlg`Y`0`8`Notifications`0`2`0``0`OP`bn`bc`S_BC1`7`0``0`br`0`ArgsArray`52*BT Order Entry - Order Form Applet Dashboard (Sales)1*1`size`1`cr`0`OP`g`bc`S_BC1`type`SWEIRowSelection`7`0``0`br`0`ArgsArray`52*BT Order Entry - Order Form Applet Dashboard (Sales)10**HTML Link1*123**Billing Account Number1*121**Billing Profile Link1*1`size`1`cr`0`OP`g`bc`S_BC1`type`SWEICanNavigate`2`0``0`OP`en`bc`S_BC1`2`0``0`OP`bn`bc`S_BC2`7`0``0`br`0`ArgsArray`38*BT Order Entry - Line Item Form Applet1*1`size`16`cr`7`OP`g`bc`S_BC2`type`SWEIRowSelection`7`0``0`br`0`ArgsArray`46*BT Order Entry - Line Item List Applet (Sales)1*11*01*01*01*01*01*01*0`size`16`cr`7`OP`g`bc`S_BC2`type`SWEIRowSelection`2`0``0`OP`en`bc`S_BC2`1`6`Command Manager`0`RefreshToolbar`true`7`0`StateToolBar`0`#35`true`#36`true`#17`true`#34`true`#8`false`#37`true`#38`true`0`1`StateExToolBar`0`1`0`#35`0`Checked`false`0`3`FlagsToolBar`0`3`0`#8`0`SWESP`true`SWEH`0`SWEW`0`3`0`#34`0`SWESP`true`SWEH`600`SWEW`800`3`0`#36`0`SWESP`true`SWEH`20`SWEW`380`3`0`State`0`#27`false`#26`false`#28`false`0`3`StateEx`0`0`0`#26`0`0`0`#27`0`1`0`#28`0`Checked`false`0`0`Flags`0`</responseData>
  <responseFile class="java.lang.String"></responseFile>
  <cookies class="java.lang.String">_sn=GXmoeGkdwh1O45lrH7mMIZnLMWvqHkVWiQKqDOICOq1fi95anXYMaCRAX879ujDRD9kS4J75N4kGDX576Q2AKmwZPUBih-4NS80Pc1189OxasEbdAsHiEtIhcnCzZ0zWb5V6QpVraL0TTGU4ktkGZq374g8C0pUBRhKVASKeW21TgUW5eIkswq97I-.qG-kr; _srn=_srn; SWEUAID=SWEUAID</cookies>
  <method class="java.lang.String">POST</method>
  <queryString class="java.lang.String">SWEC=95&amp;SWEMethod=DashBoardAppletLoadBR&amp;SWERPC=1&amp;SWECmd=InvokeMethod&amp;SRN=xK7T2pIB2ZOV15hwlQxQF5reKcoUB8VpMTZr7we8uAEb&amp;SWEIPS=%400*0*0*0*0*3*0*&amp;SWEService=BT+Masking+Service</queryString>
  <java.net.URL>http://localhost:8080/ecommunications_enu_nsm_aps05524a027/start.swe</java.net.URL>
</httpSample>
<httpSample t="{{\d+}}" it="0" lt="{{\d+}}" ct="{{\d+}}" ts="{{\d+}}" s="true" lb="{{\d+}} /ecommunications_enu_nsm_aps05524a027/start.swe" rc="200" rm="OK" tn="Thread Group 1-1" dt="text" de="utf-8" by="20424" sby="1105" sc="1" ec="0" ng="1" na="1" hn="{{.*?}}">
  <responseHeader class="java.lang.String">HTTP/1.1 200 OK
Connection: close
Server: Oracle-iPlanet-Web-Server/7.0
Date: Tue, 23 Jun 2020 13:10:29 GMT
Content-Language: en
Cache-Control: no-cache
Swerpc: true
Content-Type: text/html;charset=utf-8
Matched-Stub-Id: {{\w+-\w+-\w+-\w+-\w+}}
Vary: Accept-Encoding, User-Agent
</responseHeader>
  <requestHeader class="java.lang.String">Connection: close
Content-Type: application/x-www-form-urlencoded
DNT: 1
Accept-Encoding: deflate
Pragma: no-cache
User-Agent: Mozilla/4.0 (compatible; MSIE 7.0; Windows NT 6.3; WOW64; Trident/7.0; .NET4.0E; .NET4.0C; .NET CLR 3.5.30729; .NET CLR 2.0.50727; .NET CLR 3.0.30729)
Accept: text/html, image/gif, image/jpeg, *; q=.2, */*; q=.2
Content-Length: 417
Host: localhost:8080
</requestHeader>
  <responseData class="java.lang.String">@0`1`4`3``0`UC`1`Status`OK`SWEC`97`SRN`xK7T2pIB2ZOV15hwlQxQF5reKcoUB8VpMTZr7we8uAEb`2`0`ResultSet`0`PopUpMsg``BTSDebtCheck`N`0`87`Notifications`0`2`0``0`OP`bn`bc`S_BC1`7`0``0`br`0`ArgsArray`52*BT Order Entry - Order Form Applet Dashboard (Sales)17**External Order #1*?20**Integration Message1*?19**Integration Status1*?16**Sold To Address1*?13**Sold To Site1*?12**HTML Button1*?16**HTML MiniButton1*?`size`1`cr`0`OP`g`bc`S_BC1`type`SWEIPrivFlds`8`0``0`br`0`value`0`ar`0`state`n`size`1`cr`0`OP`sc`bc`S_BC1`8`0``0`br`0`ar`0`size`1`index`0`cr`0`OP`dw`bc`S_BC1`nr`1`8`0``0`br`0`value`0`ar`-1`state`bExecuted`size`1`cr`0`OP`sc`bc`S_BC1`8`0``0`br`0`value`1`ar`-1`state`bExecuted`size`1`cr`0`OP`sc`bc`S_BC1`7`1``0`br`0`ar`-1`size`1`index`0`cr`0`OP`iw`bc`S_BC1`1`0`FieldValues`0`ValueArray`0*19*VOL013-47326074854715*Blazemeter Demo10*3-61EV8C9M13*BB_CCPEIM50000*7*Pending0*19*06/24/2020 00:00:008*BT Voice1*N11*In-Progress10*Blazemeter19*06/23/2020 00:00:000*0*4*Demo0*0*1*N0*19*06/23/2020 14:02:520*0*1*N6*Letter0*14*+44012123456780*1*N19*Consumer Price List0*3*00011*Sales Order0*0*1*Y0*34*Leave out of sight and under cover0*19*06/23/2020 14:02:520*0*0*8*Consumer1*10*3*Low7*Default19*06/23/2020 14:02:521*N14*Run Assignment1*Y0*0*1*N0*15*Blazemeter Demo11*Low-Pending0*9*BT Volume0*0*0*1*N0*0*0*0*0*0*0*0*0*0*0*0*1*N0*0*0*10*3-61EV8AO3`8`0``0`br`0`value`0`ar`0`state`activeRow`size`1`cr`0`OP`sc`bc`S_BC1`8`0``0`br`0`value`0`ar`0`state`activeRow`size`1`cr`0`OP`sc`bc`S_BC1`8`0``0`br`0`value`0`ar`0`state`activeRow`size`1`cr`0`OP`sc`bc`S_BC1`8`0``0`br`0`value`0`ar`0`state`activeRow`size`1`cr`0`OP`sc`bc`S_BC1`8`0``0`br`0`value`0`ar`0`state`activeRow`size`1`cr`0`OP`sc`bc`S_BC1`8`0``0`br`0`value`1`ar`0`state`n`size`1`cr`0`OP`sc`bc`S_BC1`8`0``0`br`0`srt``s`[Id] = &quot;3-61EV8AO3&quot;`ar`0`size`1`cr`0`OP`e`bc`S_BC1`6`0``0`br`0`ar`0`size`1`cr`0`OP`nd`bc`S_BC1`2`0``0`OP`en`bc`S_BC1`2`0``0`OP`bn`bc`S_BC2`8`0``0`br`0`value`0`ar`0`state`n`size`16`cr`7`OP`sc`bc`S_BC2`8`0``0`br`0`ar`0`size`16`index`7`cr`7`OP`dw`bc`S_BC2`nr`1`8`0``0`br`0`ar`0`size`16`index`6`cr`7`OP`dw`bc`S_BC2`nr`1`8`0``0`br`0`ar`0`size`16`index`5`cr`7`OP`dw`bc`S_BC2`nr`1`8`0``0`br`0`ar`0`size`16`index`4`cr`7`OP`dw`bc`S_BC2`nr`1`8`0``0`br`0`ar`0`size`16`index`3`cr`7`OP`dw`bc`S_BC2`nr`1`8`0``0`br`0`ar`0`size`16`index`2`cr`7`OP`dw`bc`S_BC2`nr`1`8`0``0`br`0`ar`0`size`16`index`1`cr`7`OP`dw`bc`S_BC2`nr`1`8`0``0`br`0`ar`0`size`16`index`0`cr`7`OP`dw`bc`S_BC2`nr`1`8`0``0`br`0`value`0`ar`-1`state`bExecuted`size`16`cr`7`OP`sc`bc`S_BC2`8`0``0`br`0`value`1`ar`-1`state`bExecuted`size`16`cr`7`OP`sc`bc`S_BC2`7`1``0`br`0`ar`-1`size`16`index`0`cr`7`OP`iw`bc`S_BC2`1`0`FieldValues`0`ValueArray`0*0*11*In-Progress7*Pending0*2*OF8*S01546530*0*9*Promotion0*10*3-61EV8AO30*1*10*1*15*Blank22*BB UN BB 15GB  (31.50)4*31.53*GBP10*06/23/20200*0*0*10*3-61EV8C9M22*Monthly/Quarterly Bill19*06/23/2020 14:02:520*0*3*Add7*Pending11*In-Progress0*0*1*19*Per Month0*0*0*0*10*Blazemeter0*7*Default1*N0*0*0*0*0*0*0*0*0*0*0*0*15*VOL013-61EV8BLC0*0*0*0*0*1*N1*01*10*0*0*0*0*0*0*0*4*Demo1*N1*N1*N19*06/23/2020 14:02:521*N0*0*0*4*31.51*Y0*0*0*0*0*4*Good10*3-61EV8BLC0*0*0*`7`1``0`br`0`ar`-1`size`16`index`1`cr`7`OP`iw`bc`S_BC2`1`0`FieldValues`0`ValueArray`0*15*VOL013-61EV8BLC11*In-Progress7*Pending0*2*DF8*S01554490*0*7*Product0*10*3-61EV8AO30*1*10*1*15*Blank35*BT Home Hub 2.0 (Not for new sales)2*463*GBP10*06/23/20200*0*0*10*3-61EV8C9M17*Credit/Debit Card19*06/23/2020 14:02:520*0*3*Add7*Pending11*In-Progress0*0*1*14*Each0*0*0*0*10*Blazemeter0*7*Default1*N0*12*Out Of Stock7*FY3 9QX8*Standard0*0*0*0*0*0*0*0*15*VOL013-61EV8BLE0*0*0*0*41*169, Preston Old Road, Blackpool, FY3 9QX1*N1*01*10*13*NotApplicable0*0*0*0*0*0*4*Demo1*N1*N1*Y19*06/23/2020 14:02:521*N0*0*0*2*461*Y0*0*0*4*Free0*4*Good10*3-61EV8BLE0*0*0*`7`1``0`br`0`ar`-1`size`16`index`2`cr`7`OP`iw`bc`S_BC2`1`0`FieldValues`0`ValueArray`0*15*VOL013-61EV8BLC11*In-Progress7*Pending0*2*DF8*S01554510*0*7*Product0*10*3-61EV8AO30*1*10*1*15*Blank19*Hub Phone 2.1 Black4*40.93*GBP10*06/23/20200*0*0*10*3-61EV8C9M17*Credit/Debit Card19*06/23/2020 14:02:520*0*3*Add7*Pending11*In-Progress0*0*1*14*Each0*0*0*0*10*Blazemeter0*7*Default1*N0*12*Out Of Stock7*FY3 9QX8*Standard0*0*0*0*0*0*0*0*15*VOL013-61EV8BLY0*0*0*0*41*169, Preston Old Road, Blackpool, FY3 9QX1*N1*01*10*13*NotApplicable0*0*0*0*0*0*4*Demo1*N1*N1*Y19*06/23/2020 14:02:521*N0*0*0*4*40.91*Y0*0*0*4*Free0*4*Good10*3-61EV8BLY0*0*0*`7`1``0`br`0`ar`-1`size`16`index`3`cr`7`OP`iw`bc`S_BC2`1`0`FieldValues`0`ValueArray`0*15*VOL013-61EV8BLC11*In-Progress7*Pending0*2*OF8*S01546740*0*7*Product0*10*3-61EV8AO30*1*10*1*15*Blank70*DISCOUNT BB AQ BB Unltd (36.00) GBP 4.80 off for 3mnths 18mnths cntrct4*-4.83*GBP10*06/23/20200*0*0*10*3-61EV8C9M22*Monthly/Quarterly Bill19*06/23/2020 14:02:520*0*3*Add7*Pending11*In-Progress0*0*1*19*Per Month0*0*0*0*10*Blazemeter0*7*Default1*N0*12*Out Of Stock0*0*0*0*0*0*0*0*0*0*15*VOL013-61EV8BMI0*0*0*0*0*1*N1*01*10*0*0*0*0*0*0*0*4*Demo1*N1*N1*N19*06/23/2020 14:02:521*N0*0*0*4*-4.81*Y0*0*0*0*0*4*Good10*3-61EV8BMI0*0*0*`7`1``0`br`0`ar`-1`size`16`index`4`cr`7`OP`iw`bc`S_BC2`1`0`FieldValues`0`ValueArray`8*Standard15*VOL013-61EV8BLC11*In-Progress7*Pending0*2*OF8*S01546900*0*7*Product0*10*3-61EV8AO30*1*10*1*15*Blank65*Contract BB AQ BB Unltd (36.00) GBP off for 3mnths 18mnths cntrct1*03*GBP10*06/23/20200*0*0*10*3-61EV8C9M22*Monthly/Quarterly Bill19*06/23/2020 14:02:520*0*3*Add7*Pending11*In-Progress0*0*1*19*Per Month0*0*0*0*10*Blazemeter0*7*Default1*N0*12*Out Of Stock0*0*0*0*0*0*0*0*0*0*15*VOL013-61EV8BN30*0*0*0*0*1*N1*01*10*0*0*0*0*0*0*0*4*Demo1*N1*N1*N19*06/23/2020 14:02:521*N0*0*0*1*01*Y0*0*0*0*0*4*Good10*3-61EV8BN30*0*0*`7`1``0`br`0`ar`-1`size`16`index`5`cr`7`OP`iw`bc`S_BC2`1`0`FieldValues`0`ValueArray`0*15*VOL013-61EV8BLC11*In-Progress7*Pending0*5*OTHER8*S01458680*0*7*Product0*10*3-61EV8AO30*1*10*1*15*Blank17*BB Access Service1*03*GBP10*06/23/202010*3-61EV8AO811*012123456780*10*3-61EV8C9M22*Monthly/Quarterly Bill19*06/23/2020 14:02:520*0*3*Add7*Pending11*In-Progress0*0*1*19*Per Month0*24*1st line/no prev service0*0*10*Blazemeter0*7*Default1*N0*0*0*0*0*0*0*0*0*0*0*0*15*VOL013-61EV8BNQ0*0*0*7*FY3 9QX0*1*N1*01*10*0*0*0*0*0*0*0*4*Demo1*N1*N1*N19*06/23/2020 14:02:521*N0*0*0*1*01*Y0*0*0*0*0*4*Good10*3-61EV8BNQ0*0*0*`7`1``0`br`0`ar`-1`size`16`index`6`cr`7`OP`iw`bc`S_BC2`1`0`FieldValues`0`ValueArray`0*15*VOL013-61EV8BLC11*In-Progress7*Pending0*5*OTHER8*S01458690*0*7*Product0*10*3-61EV8AO30*1*10*1*15*Blank11*ISP Service1*03*GBP10*06/23/20200*13*oneview.cisp10*10*3-61EV8C9M22*Monthly/Quarterly Bill19*06/23/2020 14:02:520*0*3*Add7*Pending11*In-Progress0*0*1*19*Per Month0*0*0*0*10*Blazemeter0*7*Default1*N0*0*0*0*0*0*0*0*0*0*0*0*15*VOL013-61EV8BT60*0*0*7*FY3 9QX0*1*N1*01*10*0*0*0*0*0*0*0*4*Demo1*N1*N1*N19*06/23/2020 14:02:521*N0*0*0*1*01*Y0*0*0*0*0*4*Good10*3-61EV8BT60*0*0*`7`1``0`br`0`ar`-1`size`16`index`7`cr`7`OP`iw`bc`S_BC2`1`0`FieldValues`0`ValueArray`0*0*11*In-Progress7*Pending0*2*DF8*S02077970*0*7*Product0*10*3-61EV8AO30*1*10*1*15*Blank15*Delivery Charge4*7.953*GBP10*06/23/20200*0*0*10*3-61EV8C9M17*Credit/Debit Card19*06/23/2020 00:00:000*0*3*Add7*Pending11*In-Progress0*0*1*14*Each0*0*0*0*10*Blazemeter0*7*Default1*N0*7*Stocked7*FY3 9QX0*0*0*0*0*0*0*0*0*15*VOL013-61EV8CBR0*0*0*0*41*169, Preston Old Road, Blackpool, FY3 9QX1*N1*01*10*13*NotApplicable0*0*0*0*0*0*4*Demo1*N1*N1*N19*06/23/2020 14:02:521*N0*0*0*4*7.951*Y0*0*0*0*0*4*Good10*3-61EV8CBR0*0*0*`7`1``0`br`0`ar`-1`size`16`index`8`cr`7`OP`iw`bc`S_BC2`1`0`FieldValues`0`ValueArray`0*0*0*0*0*0*0*0*0*0*0*0*0*0*0*0*0*0*0*0*0*0*0*0*0*0*0*0*0*0*0*0*0*0*0*0*0*0*0*0*0*0*0*0*0*0*0*0*0*0*0*0*0*0*0*0*0*0*0*0*0*0*0*0*0*0*0*0*0*0*0*0*0*0*0*0*0*0*0*0*0*0*0*0*0*0*0*0*0*0*0*0*0*0*`8`0``0`br`0`ar`-1`size`16`index`8`cr`7`OP`dw`bc`S_BC2`nr`1`8`0``0`br`0`value`0`ar`0`state`activeRow`size`16`cr`7`OP`sc`bc`S_BC2`8`0``0`br`0`value`1`ar`0`state`n`size`16`cr`0`OP`sc`bc`S_BC2`8`0``0`br`0`value`0`ar`0`state`n`size`16`cr`0`OP`sc`bc`S_BC2`8`0``0`br`0`ar`0`size`16`index`7`cr`0`OP`dw`bc`S_BC2`nr`1`8`0``0`br`0`ar`0`size`16`index`6`cr`0`OP`dw`bc`S_BC2`nr`1`8`0``0`br`0`ar`0`size`16`index`5`cr`0`OP`dw`bc`S_BC2`nr`1`8`0``0`br`0`ar`0`size`16`index`4`cr`0`OP`dw`bc`S_BC2`nr`1`8`0``0`br`0`ar`0`size`16`index`3`cr`0`OP`dw`bc`S_BC2`nr`1`8`0``0`br`0`ar`0`size`16`index`2`cr`0`OP`dw`bc`S_BC2`nr`1`8`0``0`br`0`ar`0`size`16`index`1`cr`0`OP`dw`bc`S_BC2`nr`1`8`0``0`br`0`ar`0`size`16`index`0`cr`0`OP`dw`bc`S_BC2`nr`1`8`0``0`br`0`value`0`ar`-1`state`bExecuted`size`16`cr`0`OP`sc`bc`S_BC2`8`0``0`br`0`value`1`ar`-1`state`bExecuted`size`16`cr`0`OP`sc`bc`S_BC2`7`1``0`br`0`ar`-1`size`16`index`0`cr`0`OP`iw`bc`S_BC2`1`0`FieldValues`0`ValueArray`0*0*11*In-Progress7*Pending0*2*OF8*S01546530*0*9*Promotion0*10*3-61EV8AO30*1*10*1*15*Blank22*BB UN BB 15GB  (31.50)4*31.53*GBP10*06/23/20200*0*0*10*3-61EV8C9M22*Monthly/Quarterly Bill19*06/23/2020 14:02:520*0*3*Add7*Pending11*In-Progress0*0*1*19*Per Month0*0*0*0*10*Blazemeter0*7*Default1*N0*0*0*0*0*0*0*0*0*0*0*0*15*VOL013-61EV8BLC0*0*0*0*0*1*N1*01*10*0*0*0*0*0*0*0*4*Demo1*N1*N1*N19*06/23/2020 14:02:521*N0*0*0*4*31.51*Y0*0*0*0*0*4*Good10*3-61EV8BLC0*0*0*`7`1``0`br`0`ar`-1`size`16`index`1`cr`0`OP`iw`bc`S_BC2`1`0`FieldValues`0`ValueArray`0*15*VOL013-61EV8BLC11*In-Progress7*Pending0*2*DF8*S01554490*0*7*Product0*10*3-61EV8AO30*1*10*1*15*Blank35*BT Home Hub 2.0 (Not for new sales)2*463*GBP10*06/23/20200*0*0*10*3-61EV8C9M17*Credit/Debit Card19*06/23/2020 14:02:520*0*3*Add7*Pending11*In-Progress0*0*1*14*Each0*0*0*0*10*Blazemeter0*7*Default1*N0*12*Out Of Stock7*FY3 9QX8*Standard0*0*0*0*0*0*0*0*15*VOL013-61EV8BLE0*0*0*0*41*169, Preston Old Road, Blackpool, FY3 9QX1*N1*01*10*13*NotApplicable0*0*0*0*0*0*4*Demo1*N1*N1*Y19*06/23/2020 14:02:521*N0*0*0*2*461*Y0*0*0*4*Free0*4*Good10*3-61EV8BLE0*0*0*`7`1``0`br`0`ar`-1`size`16`index`2`cr`0`OP`iw`bc`S_BC2`1`0`FieldValues`0`ValueArray`0*15*VOL013-61EV8BLC11*In-Progress7*Pending0*2*DF8*S01554510*0*7*Product0*10*3-61EV8AO30*1*10*1*15*Blank19*Hub Phone 2.1 Black4*40.93*GBP10*06/23/20200*0*0*10*3-61EV8C9M17*Credit/Debit Card19*06/23/2020 14:02:520*0*3*Add7*Pending11*In-Progress0*0*1*14*Each0*0*0*0*10*Blazemeter0*7*Default1*N0*12*Out Of Stock7*FY3 9QX8*Standard0*0*0*0*0*0*0*0*15*VOL013-61EV8BLY0*0*0*0*41*169, Preston Old Road, Blackpool, FY3 9QX1*N1*01*10*13*NotApplicable0*0*0*0*0*0*4*Demo1*N1*N1*Y19*06/23/2020 14:02:521*N0*0*0*4*40.91*Y0*0*0*4*Free0*4*Good10*3-61EV8BLY0*0*0*`7`1``0`br`0`ar`-1`size`16`index`3`cr`0`OP`iw`bc`S_BC2`1`0`FieldValues`0`ValueArray`0*15*VOL013-61EV8BLC11*In-Progress7*Pending0*2*OF8*S01546740*0*7*Product0*10*3-61EV8AO30*1*10*1*15*Blank70*DISCOUNT BB AQ BB Unltd (36.00) GBP 4.80 off for 3mnths 18mnths cntrct4*-4.83*GBP10*06/23/20200*0*0*10*3-61EV8C9M22*Monthly/Quarterly Bill19*06/23/2020 14:02:520*0*3*Add7*Pending11*In-Progress0*0*1*19*Per Month0*0*0*0*10*Blazemeter0*7*Default1*N0*12*Out Of Stock0*0*0*0*0*0*0*0*0*0*15*VOL013-61EV8BMI0*0*0*0*0*1*N1*01*10*0*0*0*0*0*0*0*4*Demo1*N1*N1*N19*06/23/2020 14:02:521*N0*0*0*4*-4.81*Y0*0*0*0*0*4*Good10*3-61EV8BMI0*0*0*`7`1``0`br`0`ar`-1`size`16`index`4`cr`0`OP`iw`bc`S_BC2`1`0`FieldValues`0`ValueArray`8*Standard15*VOL013-61EV8BLC11*In-Progress7*Pending0*2*OF8*S01546900*0*7*Product0*10*3-61EV8AO30*1*10*1*15*Blank65*Contract BB AQ BB Unltd (36.00) GBP off for 3mnths 18mnths cntrct1*03*GBP10*06/23/20200*0*0*10*3-61EV8C9M22*Monthly/Quarterly Bill19*06/23/2020 14:02:520*0*3*Add7*Pending11*In-Progress0*0*1*19*Per Month0*0*0*0*10*Blazemeter0*7*Default1*N0*12*Out Of Stock0*0*0*0*0*0*0*0*0*0*15*VOL013-61EV8BN30*0*0*0*0*1*N1*01*10*0*0*0*0*0*0*0*4*Demo1*N1*N1*N19*06/23/2020 14:02:521*N0*0*0*1*01*Y0*0*0*0*0*4*Good10*3-61EV8BN30*0*0*`7`1``0`br`0`ar`-1`size`16`index`5`cr`0`OP`iw`bc`S_BC2`1`0`FieldValues`0`ValueArray`0*15*VOL013-61EV8BLC11*In-Progress7*Pending0*5*OTHER8*S01458680*0*7*Product0*10*3-61EV8AO30*1*10*1*15*Blank17*BB Access Service1*03*GBP10*06/23/202010*3-61EV8AO811*012123456780*10*3-61EV8C9M22*Monthly/Quarterly Bill19*06/23/2020 14:02:520*0*3*Add7*Pending11*In-Progress0*0*1*19*Per Month0*24*1st line/no prev service0*0*10*Blazemeter0*7*Default1*N0*0*0*0*0*0*0*0*0*0*0*0*15*VOL013-61EV8BNQ0*0*0*7*FY3 9QX0*1*N1*01*10*0*0*0*0*0*0*0*4*Demo1*N1*N1*N19*06/23/2020 14:02:521*N0*0*0*1*01*Y0*0*0*0*0*4*Good10*3-61EV8BNQ0*0*0*`7`1``0`br`0`ar`-1`size`16`index`6`cr`0`OP`iw`bc`S_BC2`1`0`FieldValues`0`ValueArray`0*15*VOL013-61EV8BLC11*In-Progress7*Pending0*5*OTHER8*S01458690*0*7*Product0*10*3-61EV8AO30*1*10*1*15*Blank11*ISP Service1*03*GBP10*06/23/20200*13*oneview.cisp10*10*3-61EV8C9M22*Monthly/Quarterly Bill19*06/23/2020 14:02:520*0*3*Add7*Pending11*In-Progress0*0*1*19*Per Month0*0*0*0*10*Blazemeter0*7*Default1*N0*0*0*0*0*0*0*0*0*0*0*0*15*VOL013-61EV8BT60*0*0*7*FY3 9QX0*1*N1*01*10*0*0*0*0*0*0*0*4*Demo1*N1*N1*N19*06/23/2020 14:02:521*N0*0*0*1*01*Y0*0*0*0*0*4*Good10*3-61EV8BT60*0*0*`7`1``0`br`0`ar`-1`size`16`index`7`cr`0`OP`iw`bc`S_BC2`1`0`FieldValues`0`ValueArray`0*0*11*In-Progress7*Pending0*2*DF8*S02077970*0*7*Product0*10*3-61EV8AO30*1*10*1*15*Blank15*Delivery Charge4*7.953*GBP10*06/23/20200*0*0*10*3-61EV8C9M17*Credit/Debit Card19*06/23/2020 00:00:000*0*3*Add7*Pending11*In-Progress0*0*1*14*Each0*0*0*0*10*Blazemeter0*7*Default1*N0*7*Stocked7*FY3 9QX0*0*0*0*0*0*0*0*0*15*VOL013-61EV8CBR0*0*0*0*41*169, Preston Old Road, Blackpool, FY3 9QX1*N1*01*10*13*NotApplicable0*0*0*0*0*0*4*Demo1*N1*N1*N19*06/23/2020 14:02:521*N0*0*0*4*7.951*Y0*0*0*0*0*4*Good10*3-61EV8CBR0*0*0*`7`1``0`br`0`ar`-1`size`16`index`8`cr`0`OP`iw`bc`S_BC2`1`0`FieldValues`0`ValueArray`0*0*0*0*0*0*0*0*0*0*0*0*0*0*0*0*0*0*0*0*0*0*0*0*0*0*0*0*0*0*0*0*0*0*0*0*0*0*0*0*0*0*0*0*0*0*0*0*0*0*0*0*0*0*0*0*0*0*0*0*0*0*0*0*0*0*0*0*0*0*0*0*0*0*0*0*0*0*0*0*0*0*0*0*0*0*0*0*0*0*0*0*0*0*`8`0``0`br`0`ar`-1`size`16`index`8`cr`0`OP`dw`bc`S_BC2`nr`1`8`0``0`br`0`value`0`ar`0`state`activeRow`size`16`cr`0`OP`sc`bc`S_BC2`8`0``0`br`0`value`1`ar`0`state`n`size`16`cr`0`OP`sc`bc`S_BC2`8`0``0`br`0`value`0`ar`0`state`n`size`16`cr`0`OP`sc`bc`S_BC2`8`0``0`br`0`ar`0`size`16`index`7`cr`0`OP`dw`bc`S_BC2`nr`1`8`0``0`br`0`ar`0`size`16`index`6`cr`0`OP`dw`bc`S_BC2`nr`1`8`0``0`br`0`ar`0`size`16`index`5`cr`0`OP`dw`bc`S_BC2`nr`1`8`0``0`br`0`ar`0`size`16`index`4`cr`0`OP`dw`bc`S_BC2`nr`1`8`0``0`br`0`ar`0`size`16`index`3`cr`0`OP`dw`bc`S_BC2`nr`1`8`0``0`br`0`ar`0`size`16`index`2`cr`0`OP`dw`bc`S_BC2`nr`1`8`0``0`br`0`ar`0`size`16`index`1`cr`0`OP`dw`bc`S_BC2`nr`1`8`0``0`br`0`ar`0`size`16`index`0`cr`0`OP`dw`bc`S_BC2`nr`1`8`0``0`br`0`value`0`ar`-1`state`bExecuted`size`16`cr`0`OP`sc`bc`S_BC2`8`0``0`br`0`value`1`ar`-1`state`bExecuted`size`16`cr`0`OP`sc`bc`S_BC2`7`1``0`br`0`ar`-1`size`16`index`0`cr`0`OP`iw`bc`S_BC2`1`0`FieldValues`0`ValueArray`0*0*11*In-Progress7*Pending0*2*OF8*S01546530*0*9*Promotion0*10*3-61EV8AO30*1*10*1*15*Blank22*BB UN BB 15GB  (31.50)4*31.53*GBP10*06/23/20200*0*0*10*3-61EV8C9M22*Monthly/Quarterly Bill19*06/23/2020 14:02:520*0*3*Add7*Pending11*In-Progress0*0*1*19*Per Month0*0*0*0*10*Blazemeter0*7*Default1*N0*0*0*0*0*0*0*0*0*0*0*0*15*VOL013-61EV8BLC0*0*0*0*0*1*N1*01*10*0*0*0*0*0*0*0*4*Demo1*N1*N1*N19*06/23/2020 14:02:521*N0*0*0*4*31.51*Y0*0*0*0*0*4*Good10*3-61EV8BLC1*01*N1*N`7`1``0`br`0`ar`-1`size`16`index`1`cr`0`OP`iw`bc`S_BC2`1`0`FieldValues`0`ValueArray`0*15*VOL013-61EV8BLC11*In-Progress7*Pending0*2*DF8*S01554490*0*7*Product0*10*3-61EV8AO30*1*10*1*25*Blank35*BT Home Hub 2.0 (Not for new sales)2*463*GBP10*06/23/20200*0*0*10*3-61EV8C9M17*Credit/Debit Card19*06/23/2020 14:02:520*0*3*Add7*Pending11*In-Progress0*0*1*14*Each0*0*0*0*10*Blazemeter0*7*Default1*N0*12*Out Of Stock7*FY3 9QX8*Standard0*0*0*0*0*0*0*0*15*VOL013-61EV8BLE0*0*0*0*41*169, Preston Old Road, Blackpool, FY3 9QX1*N1*01*10*13*NotApplicable0*0*0*0*0*0*4*Demo1*N1*N1*Y19*06/23/2020 14:02:521*N0*0*0*2*461*Y0*0*0*4*Free0*4*Good10*3-61EV8BLE1*01*N1*N`7`1``0`br`0`ar`-1`size`16`index`2`cr`0`OP`iw`bc`S_BC2`1`0`FieldValues`0`ValueArray`0*15*VOL013-61EV8BLC11*In-Progress7*Pending0*2*DF8*S01554510*0*7*Product0*10*3-61EV8AO30*1*10*1*35*Blank19*Hub Phone 2.1 Black4*40.93*GBP10*06/23/20200*0*0*10*3-61EV8C9M17*Credit/Debit Card19*06/23/2020 14:02:520*0*3*Add7*Pending11*In-Progress0*0*1*14*Each0*0*0*0*10*Blazemeter0*7*Default1*N0*12*Out Of Stock7*FY3 9QX8*Standard0*0*0*0*0*0*0*0*15*VOL013-61EV8BLY0*0*0*0*41*169, Preston Old Road, Blackpool, FY3 9QX1*N1*01*10*13*NotApplicable0*0*0*0*0*0*4*Demo1*N1*N1*Y19*06/23/2020 14:02:521*N0*0*0*4*40.91*Y0*0*0*4*Free0*4*Good10*3-61EV8BLY1*01*N1*N`7`1``0`br`0`ar`-1`size`16`index`3`cr`0`OP`iw`bc`S_BC2`1`0`FieldValues`0`ValueArray`0*15*VOL013-61EV8BLC11*In-Progress7*Pending0*2*OF8*S01546740*0*7*Product0*10*3-61EV8AO30*1*10*1*45*Blank70*DISCOUNT BB AQ BB Unltd (36.00) GBP 4.80 off for 3mnths 18mnths cntrct4*-4.83*GBP10*06/23/20200*0*0*10*3-61EV8C9M22*Monthly/Quarterly Bill19*06/23/2020 14:02:520*0*3*Add7*Pending11*In-Progress0*0*1*19*Per Month0*0*0*0*10*Blazemeter0*7*Default1*N0*12*Out Of Stock0*0*0*0*0*0*0*0*0*0*15*VOL013-61EV8BMI0*0*0*0*0*1*N1*01*10*0*0*0*0*0*0*0*4*Demo1*N1*N1*N19*06/23/2020 14:02:521*N0*0*0*4*-4.81*Y0*0*0*0*0*4*Good10*3-61EV8BMI1*01*N1*N`7`1``0`br`0`ar`-1`size`16`index`4`cr`0`OP`iw`bc`S_BC2`1`0`FieldValues`0`ValueArray`8*Standard15*VOL013-61EV8BLC11*In-Progress7*Pending0*2*OF8*S01546900*0*7*Product0*10*3-61EV8AO30*1*10*1*55*Blank65*Contract BB AQ BB Unltd (36.00) GBP off for 3mnths 18mnths cntrct1*03*GBP10*06/23/20200*0*0*10*3-61EV8C9M22*Monthly/Quarterly Bill19*06/23/2020 14:02:520*0*3*Add7*Pending11*In-Progress0*0*1*19*Per Month0*0*0*0*10*Blazemeter0*7*Default1*N0*12*Out Of Stock0*0*0*0*0*0*0*0*0*0*15*VOL013-61EV8BN30*0*0*0*0*1*N1*01*10*0*0*0*0*0*0*0*4*Demo1*N1*N1*N19*06/23/2020 14:02:521*N0*0*0*1*01*Y0*0*0*0*0*4*Good10*3-61EV8BN31*01*N1*N`7`1``0`br`0`ar`-1`size`16`index`5`cr`0`OP`iw`bc`S_BC2`1`0`FieldValues`0`ValueArray`0*15*VOL013-61EV8BLC11*In-Progress7*Pending0*5*OTHER8*S01458680*0*7*Product0*10*3-61EV8AO30*1*10*1*65*Blank17*BB Access Service1*03*GBP10*06/23/202010*3-61EV8AO811*012123456780*10*3-61EV8C9M22*Monthly/Quarterly Bill19*06/23/2020 14:02:520*0*3*Add7*Pending11*In-Progress0*0*1*19*Per Month0*24*1st line/no prev service0*0*10*Blazemeter0*7*Default1*N0*0*0*0*0*0*0*0*0*0*0*0*15*VOL013-61EV8BNQ0*0*0*7*FY3 9QX0*1*N1*01*10*0*0*0*0*0*0*0*4*Demo1*N1*N1*N19*06/23/2020 14:02:521*N0*0*0*1*01*Y0*0*0*0*0*4*Good10*3-61EV8BNQ1*01*Y1*N`7`1``0`br`0`ar`-1`size`16`index`6`cr`0`OP`iw`bc`S_BC2`1`0`FieldValues`0`ValueArray`0*15*VOL013-61EV8BLC11*In-Progress7*Pending0*5*OTHER8*S01458690*0*7*Product0*10*3-61EV8AO30*1*10*1*75*Blank11*ISP Service1*03*GBP10*06/23/20200*13*oneview.cisp10*10*3-61EV8C9M22*Monthly/Quarterly Bill19*06/23/2020 14:02:520*0*3*Add7*Pending11*In-Progress0*0*1*19*Per Month0*0*0*0*10*Blazemeter0*7*Default1*N0*0*0*0*0*0*0*0*0*0*0*0*15*VOL013-61EV8BT60*0*0*7*FY3 9QX0*1*N1*01*10*0*0*0*0*0*0*0*4*Demo1*N1*N1*N19*06/23/2020 14:02:521*N0*0*0*1*01*Y0*0*0*0*0*4*Good10*3-61EV8BT61*01*Y1*N`7`1``0`br`0`ar`-1`size`16`index`7`cr`0`OP`iw`bc`S_BC2`1`0`FieldValues`0`ValueArray`0*0*11*In-Progress7*Pending0*2*DF8*S02077970*0*7*Product0*10*3-61EV8AO30*1*10*1*85*Blank15*Delivery Charge4*7.953*GBP10*06/23/20200*0*0*10*3-61EV8C9M17*Credit/Debit Card19*06/23/2020 00:00:000*0*3*Add7*Pending11*In-Progress0*0*1*14*Each0*0*0*0*10*Blazemeter0*7*Default1*N0*7*Stocked7*FY3 9QX0*0*0*0*0*0*0*0*0*15*VOL013-61EV8CBR0*0*0*0*41*169, Preston Old Road, Blackpool, FY3 9QX1*N1*01*10*13*NotApplicable0*0*0*0*0*0*4*Demo1*N1*N1*N19*06/23/2020 14:02:521*N0*0*0*4*7.951*Y0*0*0*0*0*4*Good10*3-61EV8CBR1*11*N1*N`7`1``0`br`0`ar`-1`size`16`index`8`cr`0`OP`iw`bc`S_BC2`1`0`FieldValues`0`ValueArray`0*0*0*0*0*0*0*0*0*0*0*0*0*0*0*0*0*0*0*0*0*0*0*0*0*0*0*0*0*0*0*0*0*0*0*0*0*0*0*0*0*0*0*0*0*0*0*0*0*0*0*0*0*0*0*0*0*0*0*0*0*0*0*0*0*0*0*0*0*0*0*0*0*0*0*0*0*0*0*0*0*0*0*0*0*0*0*0*0*0*0*0*0*0*`8`0``0`br`0`ar`-1`size`16`index`8`cr`0`OP`dw`bc`S_BC2`nr`1`8`0``0`br`0`value`0`ar`0`state`activeRow`size`16`cr`0`OP`sc`bc`S_BC2`8`0``0`br`0`value`1`ar`0`state`n`size`16`cr`0`OP`sc`bc`S_BC2`2`0``0`OP`en`bc`S_BC2`1`6`Command Manager`0`RefreshToolbar`true`7`0`StateToolBar`0`#35`true`#36`true`#17`true`#34`true`#8`false`#37`true`#38`true`0`1`StateExToolBar`0`1`0`#35`0`Checked`false`0`3`FlagsToolBar`0`3`0`#8`0`SWESP`true`SWEH`0`SWEW`0`3`0`#34`0`SWESP`true`SWEH`600`SWEW`800`3`0`#36`0`SWESP`true`SWEH`20`SWEW`380`3`0`State`0`#27`false`#26`false`#28`false`0`3`StateEx`0`0`0`#26`0`0`0`#27`0`1`0`#28`0`Checked`false`0`0`Flags`0`</responseData>
  <responseFile class="java.lang.String"></responseFile>
  <cookies class="java.lang.String">_sn=GXmoeGkdwh1O45lrH7mMIZnLMWvqHkVWiQKqDOICOq1fi95anXYMaCRAX879ujDRD9kS4J75N4kGDX576Q2AKmwZPUBih-4NS80Pc1189OxasEbdAsHiEtIhcnCzZ0zWb5V6QpVraL0TTGU4ktkGZq374g8C0pUBRhKVASKeW21TgUW5eIkswq97I-.qG-kr; _srn=_srn; SWEUAID=SWEUAID</cookies>
  <method class="java.lang.String">POST</method>
  <queryString class="java.lang.String">SWEC=96&amp;SWEMethod=BTRouteToInteractionServices&amp;SWERPC=1&amp;SWEActiveApplet=BT+Order+Entry+-+Order+Form+Applet+Dashboard+%28Sales%29&amp;SWECmd=InvokeMethod&amp;SRN=xK7T2pIB2ZOV15hwlQxQF5reKcoUB8VpMTZr7we8uAEb&amp;SWEIPS=%400*0*3*0*0*3*0*22*BTInteractionBSToRoute14*BTS+Debt+Check26*BTInteractionMethodToRoute15*BTSSkyDebtCheck7*OrderId10*3-61EV8AO3&amp;SWEActiveView=Order+Entry+-+Line+Items+Detail+View+%28Sales%29&amp;SWEService=BT+Action</queryString>
  <java.net.URL>http://localhost:8080/ecommunications_enu_nsm_aps05524a027/start.swe</java.net.URL>
</httpSample>
<httpSample t="{{\d+}}" it="0" lt="{{\d+}}" ct="{{\d+}}" ts="{{\d+}}" s="true" lb="{{\d+}} /ecommunications_enu_nsm_aps05524a027/start.swe" rc="200" rm="OK" tn="Thread Group 1-1" dt="text" de="utf-8" by="18591" sby="1845" sc="1" ec="0" ng="1" na="1" hn="{{.*?}}">
  <responseHeader class="java.lang.String">HTTP/1.1 200 OK
Connection: close
Server: Oracle-iPlanet-Web-Server/7.0
Date: Tue, 23 Jun 2020 13:10:30 GMT
Content-Language: en
Cache-Control: no-cache
Swerpc: true
Content-Type: text/html;charset=utf-8
Matched-Stub-Id: {{\w+-\w+-\w+-\w+-\w+}}
Vary: Accept-Encoding, User-Agent
</responseHeader>
  <requestHeader class="java.lang.String">Connection: close
Content-Type: application/x-www-form-urlencoded
DNT: 1
Accept-Encoding: deflate
Pragma: no-cache
User-Agent: Mozilla/4.0 (compatible; MSIE 7.0; Windows NT 6.3; WOW64; Trident/7.0; .NET4.0E; .NET4.0C; .NET CLR 3.5.30729; .NET CLR 2.0.50727; .NET CLR 3.0.30729)
Accept: text/html, image/gif, image/jpeg, *; q=.2, */*; q=.2
Content-Length: 1156
Host: localhost:8080
</requestHeader>
  <responseData class="java.lang.String">@0`1`4`2``0`UC`1`Status`Completed`SWEC`98`SRN`xK7T2pIB2ZOV15hwlQxQF5reKcoUB8VpMTZr7we8uAEb`0`89`Notifications`0`2`0``0`OP`bn`bc`S_BC1`7`0``0`br`0`ArgsArray`52*BT Order Entry - Order Form Applet Dashboard (Sales)17**External Order #1*?20**Integration Message1*?19**Integration Status1*?16**Sold To Address1*?13**Sold To Site1*?12**HTML Button1*?16**HTML MiniButton1*?`size`1`cr`0`OP`g`bc`S_BC1`type`SWEIPrivFlds`7`0``0`br`0`ArgsArray`52*BT Order Entry - Order Form Applet Dashboard (Sales)1*01*11*11*11*21*11*31*11*41*11*51*01*61*01*71*01*81*01*91*12*101*02*111*12*121*12*131*02*141*12*151*12*161*02*171*12*181*02*191*12*201*02*211*02*221*02*231*02*241*12*251*02*261*12*271*12*281*12*291*12*301*02*311*02*321*12*331*02*341*02*351*12*361*02*371*12*381*12*391*02*401*12*411*12*421*12*431*12*441*12*451*02*461*02*471*12*481*02*491*12*501*02*511*12*521*02*531*12*541*02*551*02*561*02*571*02*581*12*591*12*601*02*611*12*621*12*631*02*641*02*651*12*661*12*671*12*681*02*691*12*701*12*711*12*721*12*731*02*741*02*751*02*761*12*771*02*781*02*791*02*801*12*811*02*821*12*831*12*841*02*851*12*861*12*871*12*881*12*891*12*901*12*911*12*921*12*931*12*941*12*951*12*961*12*971*12*981*02*991*03*1001*13*1011*13*1021*13*1031*13*1041*13*1051*13*1061*13*1071*03*1081*13*1091*03*1101*13*1111*03*1121*13*1131*03*1141*03*1151*03*1161*03*1171*03*1181*03*1191*03*1201*13*1211*03*1221*13*1231*13*1241*13*1251*13*1261*13*1271*03*1281*03*1291*13*1301*03*1311*13*1321*03*1331*13*1341*13*1351*03*1361*03*1371*03*1381*13*1391*13*1401*13*1411*13*1421*03*1431*03*1441*13*1451*13*1461*13*1471*03*1481*13*1491*13*1501*13*1511*13*1521*13*1531*03*1541*03*1551*03*1561*13*1571*03*1581*13*1591*13*1601*03*1611*03*1621*03*1631*03*1641*03*1651*13*1661*13*1671*03*1681*13*1691*13*1701*13*1711*13*1721*13*1731*13*1741*03*1751*13*1761*03*1771*13*1781*13*1791*13*1801*13*1811*03*1821*13*1831*03*1841*13*1851*13*1861*03*1871*13*1881*03*1891*03*1901*13*1911*13*1921*13*1931*03*1941*03*1951*03*1961*13*1971*13*1981*13*1991*13*2001*1`size`1`cr`0`OP`g`bc`S_BC1`type`SWEICanUpdate`8`0``0`br`0`ar`0`size`1`index`0`cr`0`OP`dw`bc`S_BC1`nr`1`8`0``0`br`0`value`0`ar`-1`state`bExecuted`size`1`cr`0`OP`sc`bc`S_BC1`8`0``0`br`0`value`1`ar`-1`state`bExecuted`size`1`cr`0`OP`sc`bc`S_BC1`8`0``0`br`0`srt``s`[Id] = &quot;3-61EV8AO3&quot;`ar`-1`size`1`cr`0`OP`e`bc`S_BC1`7`1``0`br`0`ar`-1`size`1`index`0`cr`0`OP`iw`bc`S_BC1`1`0`FieldValues`0`ValueArray`0*19*VOL013-47326074854715*Blazemeter Demo10*3-61EV8C9M13*BB_CCPEIM50000*7*Pending0*19*06/24/2020 00:00:008*BT Voice1*N11*In-Progress10*Blazemeter19*06/23/2020 00:00:000*0*4*Demo0*0*1*N0*19*06/23/2020 14:02:520*0*1*N6*Letter0*14*+44012123456780*1*N19*Consumer Price List0*3*00011*Sales Order0*0*1*Y1*N34*Leave out of sight and under cover1*019*06/23/2020 14:02:521*00*0*8*Consumer1*10*3*Low7*Default19*06/23/2020 14:02:521*N14*Run Assignment1*Y0*0*1*N0*15*Blazemeter Demo11*Low-Pending0*9*BT Volume0*0*0*1*N0*0*0*0*0*0*0*0*0*0*0*0*1*N1*00*1*010*3-61EV8AO3`8`0``0`br`0`value`0`ar`0`state`activeRow`size`1`cr`0`OP`sc`bc`S_BC1`6`0``0`br`0`ar`0`size`1`cr`0`OP`nd`bc`S_BC1`8`0``0`br`0`value`0`ar`0`state`activeRow`size`1`cr`0`OP`sc`bc`S_BC1`6`0``0`br`0`ar`0`size`1`cr`0`OP`nd`bc`S_BC1`7`1``0`br`0`ar`0`size`1`cr`0`OP`ndw`bc`S_BC1`f`BT Advance Payment Type`2`0`FieldValues`0`ValueArray`0*`FieldArray`2*31`7`0``0`br`0`ar`0`size`1`cr`0`OP`nfd`bc`S_BC1`f`BT Advance Payment Type`7`1``0`br`0`ar`0`size`1`cr`0`OP`ndw`bc`S_BC1`f`BT Deposit`2`0`FieldValues`0`ValueArray`0*`FieldArray`2*35`7`0``0`br`0`ar`0`size`1`cr`0`OP`nfd`bc`S_BC1`f`BT Deposit`7`0``0`br`0`ar`0`size`1`cr`0`OP`nfd`bc`S_BC1`f`Current Order Total Net Price NRC`7`0``0`br`0`ar`0`size`1`cr`0`OP`nfd`bc`S_BC1`f`NRC Order Total`7`0``0`br`0`ar`0`size`1`cr`0`OP`nfd`bc`S_BC1`f`Order Total`8`0``0`br`0`value`1`ar`0`state`cp`size`1`cr`0`OP`sc`bc`S_BC1`8`0``0`br`0`value`0`ar`0`state`n`size`1`cr`0`OP`sc`bc`S_BC1`8`0``0`br`0`value`1`ar`0`state`n`size`1`cr`0`OP`sc`bc`S_BC1`8`0``0`br`0`value`0`ar`0`state`n`size`1`cr`0`OP`sc`bc`S_BC1`8`0``0`br`0`value`1`ar`0`state`n`size`1`cr`0`OP`sc`bc`S_BC1`7`1``0`br`0`ar`0`size`1`cr`0`OP`ndw`bc`S_BC1`f`BT Manual Worthiness`2`0`FieldValues`0`ValueArray`1*N`FieldArray`2*37`7`0``0`br`0`ar`0`size`1`cr`0`OP`nfd`bc`S_BC1`f`BT Manual Worthiness`7`1``0`br`0`ar`0`size`1`cr`0`OP`ndw`bc`S_BC1`f`BT Order Worthiness`2`0`FieldValues`0`ValueArray`1*0`FieldArray`2*39`7`0``0`br`0`ar`0`size`1`cr`0`OP`nfd`bc`S_BC1`f`BT Order Worthiness`7`1``0`br`0`ar`0`size`1`cr`0`OP`ndw`bc`S_BC1`f`BT Order Risk`2`0`FieldValues`0`ValueArray`1*0`FieldArray`2*41`7`0``0`br`0`ar`0`size`1`cr`0`OP`nfd`bc`S_BC1`f`BT Order Risk`8`0``0`br`0`value`0`ar`0`state`n`size`1`cr`0`OP`sc`bc`S_BC1`8`0``0`br`0`value`1`ar`0`state`n`size`1`cr`0`OP`sc`bc`S_BC1`7`1``0`br`0`ar`0`size`1`cr`0`OP`ndw`bc`S_BC1`f`BT Order Worthiness High`2`0`FieldValues`0`ValueArray`1*0`FieldArray`2*80`7`0``0`br`0`ar`0`size`1`cr`0`OP`nfd`bc`S_BC1`f`BT Order Worthiness High`7`1``0`br`0`ar`0`size`1`cr`0`OP`ndw`bc`S_BC1`f`BT Order Risk High`2`0`FieldValues`0`ValueArray`1*0`FieldArray`2*78`7`0``0`br`0`ar`0`size`1`cr`0`OP`nfd`bc`S_BC1`f`BT Order Risk High`8`0``0`br`0`value`0`ar`0`state`cp`size`1`cr`0`OP`sc`bc`S_BC1`6`1``0`br`0`ar`0`size`1`cr`0`OP`nrdw`bc`S_BC1`1`0`FieldValues`0`ValueArray`0*19*VOL013-47326074854715*Blazemeter Demo10*3-61EV8C9M13*BB_CCPEIM50000*7*Pending0*19*06/24/2020 00:00:008*BT Voice1*N11*In-Progress10*Blazemeter19*06/23/2020 00:00:000*0*4*Demo0*0*1*N0*19*06/23/2020 14:02:520*0*1*N6*Letter0*14*+44012123456780*1*N19*Consumer Price List0*3*00011*Sales Order0*0*1*Y1*N34*Leave out of sight and under cover1*019*06/23/2020 14:02:521*00*0*8*Consumer1*10*3*Low7*Default19*06/23/2020 14:02:521*N14*Run Assignment1*Y0*0*1*N0*15*Blazemeter Demo11*Low-Pending0*9*BT Volume0*0*0*1*N0*0*0*0*0*0*0*0*0*0*0*0*1*N1*00*1*010*3-61EV8AO3`6`0``0`br`0`ar`0`size`1`cr`0`OP`nrd`bc`S_BC1`2`0``0`OP`en`bc`S_BC1`2`0``0`OP`bn`bc`S_BC2`7`0``0`br`0`ArgsArray`46*BT Order Entry - Line Item List Applet (Sales)14**QueryComboBox1*?14**QuerySrchSpec1*?13**HTML Hidden21*?`size`16`cr`0`OP`g`bc`S_BC2`type`SWEIPrivFlds`8`0``0`br`0`ar`0`size`16`index`7`cr`0`OP`dw`bc`S_BC2`nr`1`8`0``0`br`0`ar`0`size`16`index`6`cr`0`OP`dw`bc`S_BC2`nr`1`8`0``0`br`0`ar`0`size`16`index`5`cr`0`OP`dw`bc`S_BC2`nr`1`8`0``0`br`0`ar`0`size`16`index`4`cr`0`OP`dw`bc`S_BC2`nr`1`8`0``0`br`0`ar`0`size`16`index`3`cr`0`OP`dw`bc`S_BC2`nr`1`8`0``0`br`0`ar`0`size`16`index`2`cr`0`OP`dw`bc`S_BC2`nr`1`8`0``0`br`0`ar`0`size`16`index`1`cr`0`OP`dw`bc`S_BC2`nr`1`8`0``0`br`0`ar`0`size`16`index`0`cr`0`OP`dw`bc`S_BC2`nr`1`8`0``0`br`0`value`0`ar`-1`state`bExecuted`size`16`cr`0`OP`sc`bc`S_BC2`8`0``0`br`0`value`1`ar`-1`state`bExecuted`size`16`cr`0`OP`sc`bc`S_BC2`8`0``0`br`0`srt`Line Number`s``ar`-1`size`16`cr`0`OP`e`bc`S_BC2`7`1``0`br`0`ar`-1`size`16`index`0`cr`0`OP`iw`bc`S_BC2`1`0`FieldValues`0`ValueArray`0*0*11*In-Progress7*Pending0*2*OF8*S01546530*0*9*Promotion0*10*3-61EV8AO30*1*10*1*15*Blank22*BB UN BB 15GB  (31.50)4*31.53*GBP10*06/23/20200*0*0*10*3-61EV8C9M22*Monthly/Quarterly Bill19*06/23/2020 14:02:520*0*3*Add7*Pending11*In-Progress0*0*1*19*Per Month0*0*0*0*10*Blazemeter0*7*Default1*N0*0*0*0*0*0*0*0*0*0*0*0*15*VOL013-61EV8BLC0*0*0*0*0*1*N1*01*10*0*0*0*0*0*0*0*4*Demo1*N1*N1*N19*06/23/2020 14:02:521*N0*0*0*4*31.51*Y0*0*0*0*0*4*Good10*3-61EV8BLC0*0*0*`7`1``0`br`0`ar`-1`size`16`index`1`cr`0`OP`iw`bc`S_BC2`1`0`FieldValues`0`ValueArray`0*15*VOL013-61EV8BLC11*In-Progress7*Pending0*2*DF8*S01554490*0*7*Product0*10*3-61EV8AO30*1*10*1*15*Blank35*BT Home Hub 2.0 (Not for new sales)2*463*GBP10*06/23/20200*0*0*10*3-61EV8C9M17*Credit/Debit Card19*06/23/2020 14:02:520*0*3*Add7*Pending11*In-Progress0*0*1*14*Each0*0*0*0*10*Blazemeter0*7*Default1*N0*12*Out Of Stock7*FY3 9QX8*Standard0*0*0*0*0*0*0*0*15*VOL013-61EV8BLE0*0*0*0*41*169, Preston Old Road, Blackpool, FY3 9QX1*N1*01*10*13*NotApplicable0*0*0*0*0*0*4*Demo1*N1*N1*Y19*06/23/2020 14:02:521*N0*0*0*2*461*Y0*0*0*4*Free0*4*Good10*3-61EV8BLE0*0*0*`7`1``0`br`0`ar`-1`size`16`index`2`cr`0`OP`iw`bc`S_BC2`1`0`FieldValues`0`ValueArray`0*15*VOL013-61EV8BLC11*In-Progress7*Pending0*2*DF8*S01554510*0*7*Product0*10*3-61EV8AO30*1*10*1*15*Blank19*Hub Phone 2.1 Black4*40.93*GBP10*06/23/20200*0*0*10*3-61EV8C9M17*Credit/Debit Card19*06/23/2020 14:02:520*0*3*Add7*Pending11*In-Progress0*0*1*14*Each0*0*0*0*10*Blazemeter0*7*Default1*N0*12*Out Of Stock7*FY3 9QX8*Standard0*0*0*0*0*0*0*0*15*VOL013-61EV8BLY0*0*0*0*41*169, Preston Old Road, Blackpool, FY3 9QX1*N1*01*10*13*NotApplicable0*0*0*0*0*0*4*Demo1*N1*N1*Y19*06/23/2020 14:02:521*N0*0*0*4*40.91*Y0*0*0*4*Free0*4*Good10*3-61EV8BLY0*0*0*`7`1``0`br`0`ar`-1`size`16`index`3`cr`0`OP`iw`bc`S_BC2`1`0`FieldValues`0`ValueArray`0*15*VOL013-61EV8BLC11*In-Progress7*Pending0*2*OF8*S01546740*0*7*Product0*10*3-61EV8AO30*1*10*1*15*Blank70*DISCOUNT BB AQ BB Unltd (36.00) GBP 4.80 off for 3mnths 18mnths cntrct4*-4.83*GBP10*06/23/20200*0*0*10*3-61EV8C9M22*Monthly/Quarterly Bill19*06/23/2020 14:02:520*0*3*Add7*Pending11*In-Progress0*0*1*19*Per Month0*0*0*0*10*Blazemeter0*7*Default1*N0*12*Out Of Stock0*0*0*0*0*0*0*0*0*0*15*VOL013-61EV8BMI0*0*0*0*0*1*N1*01*10*0*0*0*0*0*0*0*4*Demo1*N1*N1*N19*06/23/2020 14:02:521*N0*0*0*4*-4.81*Y0*0*0*0*0*4*Good10*3-61EV8BMI0*0*0*`7`1``0`br`0`ar`-1`size`16`index`4`cr`0`OP`iw`bc`S_BC2`1`0`FieldValues`0`ValueArray`8*Standard15*VOL013-61EV8BLC11*In-Progress7*Pending0*2*OF8*S01546900*0*7*Product0*10*3-61EV8AO30*1*10*1*15*Blank65*Contract BB AQ BB Unltd (36.00) GBP off for 3mnths 18mnths cntrct1*03*GBP10*06/23/20200*0*0*10*3-61EV8C9M22*Monthly/Quarterly Bill19*06/23/2020 14:02:520*0*3*Add7*Pending11*In-Progress0*0*1*19*Per Month0*0*0*0*10*Blazemeter0*7*Default1*N0*12*Out Of Stock0*0*0*0*0*0*0*0*0*0*15*VOL013-61EV8BN30*0*0*0*0*1*N1*01*10*0*0*0*0*0*0*0*4*Demo1*N1*N1*N19*06/23/2020 14:02:521*N0*0*0*1*01*Y0*0*0*0*0*4*Good10*3-61EV8BN30*0*0*`7`1``0`br`0`ar`-1`size`16`index`5`cr`0`OP`iw`bc`S_BC2`1`0`FieldValues`0`ValueArray`0*15*VOL013-61EV8BLC11*In-Progress7*Pending0*5*OTHER8*S01458680*0*7*Product0*10*3-61EV8AO30*1*10*1*15*Blank17*BB Access Service1*03*GBP10*06/23/202010*3-61EV8AO811*012123456780*10*3-61EV8C9M22*Monthly/Quarterly Bill19*06/23/2020 14:02:520*0*3*Add7*Pending11*In-Progress0*0*1*19*Per Month0*24*1st line/no prev service0*0*10*Blazemeter0*7*Default1*N0*0*0*0*0*0*0*0*0*0*0*0*15*VOL013-61EV8BNQ0*0*0*7*FY3 9QX0*1*N1*01*10*0*0*0*0*0*0*0*4*Demo1*N1*N1*N19*06/23/2020 14:02:521*N0*0*0*1*01*Y0*0*0*0*0*4*Good10*3-61EV8BNQ0*0*0*`7`1``0`br`0`ar`-1`size`16`index`6`cr`0`OP`iw`bc`S_BC2`1`0`FieldValues`0`ValueArray`0*15*VOL013-61EV8BLC11*In-Progress7*Pending0*5*OTHER8*S01458690*0*7*Product0*10*3-61EV8AO30*1*10*1*15*Blank11*ISP Service1*03*GBP10*06/23/20200*13*oneview.cisp10*10*3-61EV8C9M22*Monthly/Quarterly Bill19*06/23/2020 14:02:520*0*3*Add7*Pending11*In-Progress0*0*1*19*Per Month0*0*0*0*10*Blazemeter0*7*Default1*N0*0*0*0*0*0*0*0*0*0*0*0*15*VOL013-61EV8BT60*0*0*7*FY3 9QX0*1*N1*01*10*0*0*0*0*0*0*0*4*Demo1*N1*N1*N19*06/23/2020 14:02:521*N0*0*0*1*01*Y0*0*0*0*0*4*Good10*3-61EV8BT60*0*0*`7`1``0`br`0`ar`-1`size`16`index`7`cr`0`OP`iw`bc`S_BC2`1`0`FieldValues`0`ValueArray`0*0*11*In-Progress7*Pending0*2*DF8*S02077970*0*7*Product0*10*3-61EV8AO30*1*10*1*15*Blank15*Delivery Charge4*7.953*GBP10*06/23/20200*0*0*10*3-61EV8C9M17*Credit/Debit Card19*06/23/2020 00:00:000*0*3*Add7*Pending11*In-Progress0*0*1*14*Each0*0*0*0*10*Blazemeter0*7*Default1*N0*7*Stocked7*FY3 9QX0*0*0*0*0*0*0*0*0*15*VOL013-61EV8CBR0*0*0*0*41*169, Preston Old Road, Blackpool, FY3 9QX1*N1*01*10*13*NotApplicable0*0*0*0*0*0*4*Demo1*N1*N1*N19*06/23/2020 14:02:521*N0*0*0*4*7.951*Y0*0*0*0*0*4*Good10*3-61EV8CBR0*0*0*`7`1``0`br`0`ar`-1`size`16`index`8`cr`0`OP`iw`bc`S_BC2`1`0`FieldValues`0`ValueArray`0*0*0*0*0*0*0*0*0*0*0*0*0*0*0*0*0*0*0*0*0*0*0*0*0*0*0*0*0*0*0*0*0*0*0*0*0*0*0*0*0*0*0*0*0*0*0*0*0*0*0*0*0*0*0*0*0*0*0*0*0*0*0*0*0*0*0*0*0*0*0*0*0*0*0*0*0*0*0*0*0*0*0*0*0*0*0*0*0*0*0*0*0*0*`8`0``0`br`0`ar`-1`size`16`index`8`cr`0`OP`dw`bc`S_BC2`nr`1`8`0``0`br`0`value`0`ar`0`state`activeRow`size`16`cr`0`OP`sc`bc`S_BC2`6`0``0`br`0`ar`0`size`16`cr`0`OP`nd`bc`S_BC2`8`0``0`br`0`ar`0`size`16`index`7`cr`0`OP`dw`bc`S_BC2`nr`1`8`0``0`br`0`ar`0`size`16`index`6`cr`0`OP`dw`bc`S_BC2`nr`1`8`0``0`br`0`ar`0`size`16`index`5`cr`0`OP`dw`bc`S_BC2`nr`1`8`0``0`br`0`ar`0`size`16`index`4`cr`0`OP`dw`bc`S_BC2`nr`1`8`0``0`br`0`ar`0`size`16`index`3`cr`0`OP`dw`bc`S_BC2`nr`1`8`0``0`br`0`ar`0`size`16`index`2`cr`0`OP`dw`bc`S_BC2`nr`1`8`0``0`br`0`ar`0`size`16`index`1`cr`0`OP`dw`bc`S_BC2`nr`1`8`0``0`br`0`ar`0`size`16`index`0`cr`0`OP`dw`bc`S_BC2`nr`1`8`0``0`br`0`value`0`ar`-1`state`bExecuted`size`16`cr`0`OP`sc`bc`S_BC2`8`0``0`br`0`value`1`ar`-1`state`bExecuted`size`16`cr`0`OP`sc`bc`S_BC2`8`0``0`br`0`srt`Line Number`s``ar`-1`size`16`cr`0`OP`e`bc`S_BC2`7`1``0`br`0`ar`-1`size`16`index`0`cr`0`OP`iw`bc`S_BC2`1`0`FieldValues`0`ValueArray`0*0*11*In-Progress7*Pending0*2*OF8*S01546530*0*9*Promotion0*10*3-61EV8AO30*1*10*1*15*Blank22*BB UN BB 15GB  (31.50)4*31.53*GBP10*06/23/20200*0*0*10*3-61EV8C9M22*Monthly/Quarterly Bill19*06/23/2020 14:02:520*0*3*Add7*Pending11*In-Progress0*0*1*19*Per Month0*0*0*0*10*Blazemeter0*7*Default1*N0*0*0*0*0*0*0*0*0*0*0*0*15*VOL013-61EV8BLC0*0*0*0*0*1*N1*01*10*0*0*0*0*0*0*0*4*Demo1*N1*N1*N19*06/23/2020 14:02:521*N0*0*0*4*31.51*Y0*0*0*0*0*4*Good10*3-61EV8BLC1*01*N1*N`7`1``0`br`0`ar`-1`size`16`index`1`cr`0`OP`iw`bc`S_BC2`1`0`FieldValues`0`ValueArray`0*15*VOL013-61EV8BLC11*In-Progress7*Pending0*2*DF8*S01554490*0*7*Product0*10*3-61EV8AO30*1*10*1*25*Blank35*BT Home Hub 2.0 (Not for new sales)2*463*GBP10*06/23/20200*0*0*10*3-61EV8C9M17*Credit/Debit Card19*06/23/2020 14:02:520*0*3*Add7*Pending11*In-Progress0*0*1*14*Each0*0*0*0*10*Blazemeter0*7*Default1*N0*12*Out Of Stock7*FY3 9QX8*Standard0*0*0*0*0*0*0*0*15*VOL013-61EV8BLE0*0*0*0*41*169, Preston Old Road, Blackpool, FY3 9QX1*N1*01*10*13*NotApplicable0*0*0*0*0*0*4*Demo1*N1*N1*Y19*06/23/2020 14:02:521*N0*0*0*2*461*Y0*0*0*4*Free0*4*Good10*3-61EV8BLE1*01*N1*N`7`1``0`br`0`ar`-1`size`16`index`2`cr`0`OP`iw`bc`S_BC2`1`0`FieldValues`0`ValueArray`0*15*VOL013-61EV8BLC11*In-Progress7*Pending0*2*DF8*S01554510*0*7*Product0*10*3-61EV8AO30*1*10*1*35*Blank19*Hub Phone 2.1 Black4*40.93*GBP10*06/23/20200*0*0*10*3-61EV8C9M17*Credit/Debit Card19*06/23/2020 14:02:520*0*3*Add7*Pending11*In-Progress0*0*1*14*Each0*0*0*0*10*Blazemeter0*7*Default1*N0*12*Out Of Stock7*FY3 9QX8*Standard0*0*0*0*0*0*0*0*15*VOL013-61EV8BLY0*0*0*0*41*169, Preston Old Road, Blackpool, FY3 9QX1*N1*01*10*13*NotApplicable0*0*0*0*0*0*4*Demo1*N1*N1*Y19*06/23/2020 14:02:521*N0*0*0*4*40.91*Y0*0*0*4*Free0*4*Good10*3-61EV8BLY1*01*N1*N`7`1``0`br`0`ar`-1`size`16`index`3`cr`0`OP`iw`bc`S_BC2`1`0`FieldValues`0`ValueArray`0*15*VOL013-61EV8BLC11*In-Progress7*Pending0*2*OF8*S01546740*0*7*Product0*10*3-61EV8AO30*1*10*1*45*Blank70*DISCOUNT BB AQ BB Unltd (36.00) GBP 4.80 off for 3mnths 18mnths cntrct4*-4.83*GBP10*06/23/20200*0*0*10*3-61EV8C9M22*Monthly/Quarterly Bill19*06/23/2020 14:02:520*0*3*Add7*Pending11*In-Progress0*0*1*19*Per Month0*0*0*0*10*Blazemeter0*7*Default1*N0*12*Out Of Stock0*0*0*0*0*0*0*0*0*0*15*VOL013-61EV8BMI0*0*0*0*0*1*N1*01*10*0*0*0*0*0*0*0*4*Demo1*N1*N1*N19*06/23/2020 14:02:521*N0*0*0*4*-4.81*Y0*0*0*0*0*4*Good10*3-61EV8BMI1*01*N1*N`7`1``0`br`0`ar`-1`size`16`index`4`cr`0`OP`iw`bc`S_BC2`1`0`FieldValues`0`ValueArray`8*Standard15*VOL013-61EV8BLC11*In-Progress7*Pending0*2*OF8*S01546900*0*7*Product0*10*3-61EV8AO30*1*10*1*55*Blank65*Contract BB AQ BB Unltd (36.00) GBP off for 3mnths 18mnths cntrct1*03*GBP10*06/23/20200*0*0*10*3-61EV8C9M22*Monthly/Quarterly Bill19*06/23/2020 14:02:520*0*3*Add7*Pending11*In-Progress0*0*1*19*Per Month0*0*0*0*10*Blazemeter0*7*Default1*N0*12*Out Of Stock0*0*0*0*0*0*0*0*0*0*15*VOL013-61EV8BN30*0*0*0*0*1*N1*01*10*0*0*0*0*0*0*0*4*Demo1*N1*N1*N19*06/23/2020 14:02:521*N0*0*0*1*01*Y0*0*0*0*0*4*Good10*3-61EV8BN31*01*N1*N`7`1``0`br`0`ar`-1`size`16`index`5`cr`0`OP`iw`bc`S_BC2`1`0`FieldValues`0`ValueArray`0*15*VOL013-61EV8BLC11*In-Progress7*Pending0*5*OTHER8*S01458680*0*7*Product0*10*3-61EV8AO30*1*10*1*65*Blank17*BB Access Service1*03*GBP10*06/23/202010*3-61EV8AO811*012123456780*10*3-61EV8C9M22*Monthly/Quarterly Bill19*06/23/2020 14:02:520*0*3*Add7*Pending11*In-Progress0*0*1*19*Per Month0*24*1st line/no prev service0*0*10*Blazemeter0*7*Default1*N0*0*0*0*0*0*0*0*0*0*0*0*15*VOL013-61EV8BNQ0*0*0*7*FY3 9QX0*1*N1*01*10*0*0*0*0*0*0*0*4*Demo1*N1*N1*N19*06/23/2020 14:02:521*N0*0*0*1*01*Y0*0*0*0*0*4*Good10*3-61EV8BNQ1*01*Y1*N`7`1``0`br`0`ar`-1`size`16`index`6`cr`0`OP`iw`bc`S_BC2`1`0`FieldValues`0`ValueArray`0*15*VOL013-61EV8BLC11*In-Progress7*Pending0*5*OTHER8*S01458690*0*7*Product0*10*3-61EV8AO30*1*10*1*75*Blank11*ISP Service1*03*GBP10*06/23/20200*13*oneview.cisp10*10*3-61EV8C9M22*Monthly/Quarterly Bill19*06/23/2020 14:02:520*0*3*Add7*Pending11*In-Progress0*0*1*19*Per Month0*0*0*0*10*Blazemeter0*7*Default1*N0*0*0*0*0*0*0*0*0*0*0*0*15*VOL013-61EV8BT60*0*0*7*FY3 9QX0*1*N1*01*10*0*0*0*0*0*0*0*4*Demo1*N1*N1*N19*06/23/2020 14:02:521*N0*0*0*1*01*Y0*0*0*0*0*4*Good10*3-61EV8BT61*01*Y1*N`7`1``0`br`0`ar`-1`size`16`index`7`cr`0`OP`iw`bc`S_BC2`1`0`FieldValues`0`ValueArray`0*0*11*In-Progress7*Pending0*2*DF8*S02077970*0*7*Product0*10*3-61EV8AO30*1*10*1*85*Blank15*Delivery Charge4*7.953*GBP10*06/23/20200*0*0*10*3-61EV8C9M17*Credit/Debit Card19*06/23/2020 00:00:000*0*3*Add7*Pending11*In-Progress0*0*1*14*Each0*0*0*0*10*Blazemeter0*7*Default1*N0*7*Stocked7*FY3 9QX0*0*0*0*0*0*0*0*0*15*VOL013-61EV8CBR0*0*0*0*41*169, Preston Old Road, Blackpool, FY3 9QX1*N1*01*10*13*NotApplicable0*0*0*0*0*0*4*Demo1*N1*N1*N19*06/23/2020 14:02:521*N0*0*0*4*7.951*Y0*0*0*0*0*4*Good10*3-61EV8CBR1*11*N1*N`7`1``0`br`0`ar`-1`size`16`index`8`cr`0`OP`iw`bc`S_BC2`1`0`FieldValues`0`ValueArray`0*0*0*0*0*0*0*0*0*0*0*0*0*0*0*0*0*0*0*0*0*0*0*0*0*0*0*0*0*0*0*0*0*0*0*0*0*0*0*0*0*0*0*0*0*0*0*0*0*0*0*0*0*0*0*0*0*0*0*0*0*0*0*0*0*0*0*0*0*0*0*0*0*0*0*0*0*0*0*0*0*0*0*0*0*0*0*0*0*0*0*0*0*0*`8`0``0`br`0`ar`-1`size`16`index`8`cr`0`OP`dw`bc`S_BC2`nr`1`8`0``0`br`0`value`0`ar`0`state`activeRow`size`16`cr`0`OP`sc`bc`S_BC2`6`0``0`br`0`ar`0`size`16`cr`0`OP`nd`bc`S_BC2`2`0``0`OP`en`bc`S_BC2`1`6`Command Manager`0`RefreshToolbar`true`7`0`StateToolBar`0`#35`true`#36`true`#17`true`#34`true`#8`false`#37`true`#38`true`0`1`StateExToolBar`0`1`0`#35`0`Checked`false`0`3`FlagsToolBar`0`3`0`#8`0`SWESP`true`SWEH`0`SWEW`0`3`0`#34`0`SWESP`true`SWEH`600`SWEW`800`3`0`#36`0`SWESP`true`SWEH`20`SWEW`380`3`0`State`0`#27`false`#26`false`#28`false`0`3`StateEx`0`0`0`#26`0`0`0`#27`0`1`0`#28`0`Checked`false`0`0`Flags`0`</responseData>
  <responseFile class="java.lang.String"></responseFile>
  <cookies class="java.lang.String">_sn=GXmoeGkdwh1O45lrH7mMIZnLMWvqHkVWiQKqDOICOq1fi95anXYMaCRAX879ujDRD9kS4J75N4kGDX576Q2AKmwZPUBih-4NS80Pc1189OxasEbdAsHiEtIhcnCzZ0zWb5V6QpVraL0TTGU4ktkGZq374g8C0pUBRhKVASKeW21TgUW5eIkswq97I-.qG-kr; _srn=_srn; SWEUAID=SWEUAID</cookies>
  <method class="java.lang.String">POST</method>
  <queryString class="java.lang.String">s_1_1_144_0=&amp;s_1_1_82_0=N&amp;SWECmd=InvokeMethod&amp;s_1_1_92_0=Y&amp;s_1_1_1_0=&amp;s_1_1_182_0=Blazemeter+Demo&amp;s_1_1_58_0=BT+Voice&amp;s_1_1_76_0=&amp;s_1_1_148_0=Consumer+Price+List&amp;s_1_1_103_0=N&amp;s_1_1_184_0=Sales+Order&amp;SWEActiveApplet=BT+Order+Entry+-+Order+Form+Applet+Dashboard+%28Sales%29&amp;SWEReqRowId=1&amp;SWEView=Order+Entry+-+Line+Items+Detail+View+%28Sales%29&amp;s_1_1_35_0=%2B4401212345678&amp;SWERowIds=&amp;s_1_1_151_0=&amp;s_1_1_125_0=In-Progress&amp;s_1_1_71_0=&amp;SWERowId=3-61EV8AO3&amp;SWEC=97&amp;s_1_1_145_0=&amp;SWETS={{\d+}}&amp;SWERPC=1&amp;s_1_1_83_0=&amp;SWEVI=&amp;s_1_1_93_0=&amp;s_1_1_2_0=&amp;s_1_1_139_0=Run+Assignment&amp;s_1_1_85_0=23%2F06%2F2020+14%3A02%3A52&amp;s_1_1_59_0=000&amp;s_1_1_112_0=23%2F06%2F2020+14%3A02%3A52&amp;s_1_1_14_0=&amp;SWEP=&amp;SWEApplet=BT+Order+Entry+-+Order+Form+Applet+Dashboard+%28Sales%29&amp;s_1_1_32_0=Letter&amp;SWEActiveView=Order+Entry+-+Line+Items+Detail+View+%28Sales%29&amp;s_1_1_104_0=&amp;s_1_1_185_0=Demo&amp;s_1_1_122_0=&amp;s_1_1_24_0=Default&amp;s_1_1_42_0=&amp;s_1_1_140_0=Pending&amp;s_1_1_97_0=3-61EV8C9M&amp;s_1_1_187_0=24%2F06%2F2020+00%3A00%3A00&amp;SWEMethod=CallEquifaxSS&amp;s_1_1_26_0=&amp;s_1_1_70_0=Leave+out+of+sight+and+under+cover&amp;SRN=xK7T2pIB2ZOV15hwlQxQF5reKcoUB8VpMTZr7we8uAEb&amp;s_1_1_44_0=23%2F06%2F2020+00%3A00%3A00</queryString>
  <java.net.URL>http://localhost:8080/ecommunications_enu_nsm_aps05524a027/start.swe</java.net.URL>
</httpSample>
<httpSample t="{{\d+}}" it="0" lt="{{\d+}}" ct="{{\d+}}" ts="{{\d+}}" s="true" lb="{{\d+}} /ecommunications_enu_nsm_aps05524a027/start.swe" rc="200" rm="OK" tn="Thread Group 1-1" dt="text" de="utf-8" by="8486" sby="1644" sc="1" ec="0" ng="1" na="1" hn="{{.*?}}">
  <responseHeader class="java.lang.String">HTTP/1.1 200 OK
Connection: close
Server: Oracle-iPlanet-Web-Server/7.0
Date: Tue, 23 Jun 2020 13:10:57 GMT
Content-Language: en
Cache-Control: no-cache
Swerpc: true
Content-Type: text/html;charset=utf-8
Matched-Stub-Id: {{\w+-\w+-\w+-\w+-\w+}}
Vary: Accept-Encoding, User-Agent
</responseHeader>
  <requestHeader class="java.lang.String">Connection: close
Content-Type: application/x-www-form-urlencoded
DNT: 1
Accept-Encoding: deflate
Pragma: no-cache
User-Agent: Mozilla/4.0 (compatible; MSIE 7.0; Windows NT 6.3; WOW64; Trident/7.0; .NET4.0E; .NET4.0C; .NET CLR 3.5.30729; .NET CLR 2.0.50727; .NET CLR 3.0.30729)
Accept: text/html, image/gif, image/jpeg, *; q=.2, */*; q=.2
Content-Length: 956
Host: localhost:8080
</requestHeader>
  <responseData class="java.lang.String">@0`1`4`2``0`UC`1`Status`Completed`SWEC`99`SRN`xK7T2pIB2ZOV15hwlQxQF5reKcoUB8VpMTZr7we8uAEb`0`36`Notifications`0`2`0``0`OP`bn`bc`S_BC2`7`0``0`br`0`ArgsArray`46*BT Order Entry - Line Item List Applet (Sales)1*11*01*01*01*01*01*01*01*0`size`16`cr`0`OP`g`bc`S_BC2`type`SWEIRowSelection`7`0``0`br`0`ArgsArray`46*BT Order Entry - Line Item List Applet (Sales)14**QueryComboBox1*?14**QuerySrchSpec1*?13**HTML Hidden21*?`size`16`cr`0`OP`g`bc`S_BC2`type`SWEIPrivFlds`7`0``0`br`0`ArgsArray`46*BT Order Entry - Line Item List Applet (Sales)23**Billing Account Number1*11*11*11*11*11*11*11*11*128**Ship To Contact - Last Name1*11*11*11*11*11*11*11*11*129**BT Service Address Post Code1*11*11*11*11*11*11*11*11*118**BT Appointment Id1*11*11*11*11*11*11*11*11*1`size`16`cr`0`OP`g`bc`S_BC2`type`SWEICanNavigate`8`0``0`br`0`value`0`ar`0`state`n`size`16`cr`0`OP`sc`bc`S_BC2`8`0``0`br`0`ar`0`size`16`index`7`cr`0`OP`dw`bc`S_BC2`nr`1`8`0``0`br`0`ar`0`size`16`index`6`cr`0`OP`dw`bc`S_BC2`nr`1`8`0``0`br`0`ar`0`size`16`index`5`cr`0`OP`dw`bc`S_BC2`nr`1`8`0``0`br`0`ar`0`size`16`index`4`cr`0`OP`dw`bc`S_BC2`nr`1`8`0``0`br`0`ar`0`size`16`index`3`cr`0`OP`dw`bc`S_BC2`nr`1`8`0``0`br`0`ar`0`size`16`index`2`cr`0`OP`dw`bc`S_BC2`nr`1`8`0``0`br`0`ar`0`size`16`index`1`cr`0`OP`dw`bc`S_BC2`nr`1`8`0``0`br`0`ar`0`size`16`index`0`cr`0`OP`dw`bc`S_BC2`nr`1`8`0``0`br`0`value`0`ar`-1`state`bExecuted`size`16`cr`0`OP`sc`bc`S_BC2`8`0``0`br`0`value`1`ar`-1`state`bExecuted`size`16`cr`0`OP`sc`bc`S_BC2`7`1``0`br`0`ar`-1`size`16`index`0`cr`0`OP`iw`bc`S_BC2`1`0`FieldValues`0`ValueArray`0*0*11*In-Progress7*Pending0*2*OF8*S01546530*0*9*Promotion0*10*3-61EV8AO30*1*10*1*15*Blank22*BB UN BB 15GB  (31.50)4*31.53*GBP10*06/23/20200*0*0*10*3-61EV8C9M22*Monthly/Quarterly Bill19*06/23/2020 14:02:520*0*3*Add7*Pending11*In-Progress0*0*1*19*Per Month0*0*0*0*10*Blazemeter0*7*Default1*N0*0*0*0*0*0*0*0*0*0*0*0*15*VOL013-61EV8BLC0*0*0*0*0*1*N1*01*10*0*0*0*0*0*0*0*4*Demo1*N1*N1*N19*06/23/2020 14:02:521*N0*0*0*4*31.51*Y0*0*0*0*0*4*Good10*3-61EV8BLC1*01*N1*N`7`1``0`br`0`ar`-1`size`16`index`1`cr`0`OP`iw`bc`S_BC2`1`0`FieldValues`0`ValueArray`0*15*VOL013-61EV8BLC11*In-Progress7*Pending0*2*DF8*S01554490*0*7*Product0*10*3-61EV8AO30*1*10*1*25*Blank35*BT Home Hub 2.0 (Not for new sales)2*463*GBP10*06/23/20200*0*0*10*3-61EV8C9M17*Credit/Debit Card19*06/23/2020 14:02:520*0*3*Add7*Pending11*In-Progress0*0*1*14*Each0*0*0*0*10*Blazemeter0*7*Default1*N0*12*Out Of Stock7*FY3 9QX8*Standard0*0*0*0*0*0*0*0*15*VOL013-61EV8BLE0*0*0*0*41*169, Preston Old Road, Blackpool, FY3 9QX1*N1*01*10*13*NotApplicable0*0*0*0*0*0*4*Demo1*N1*N1*Y19*06/23/2020 14:02:521*N0*0*0*2*461*Y0*0*0*4*Free0*4*Good10*3-61EV8BLE1*01*N1*N`7`1``0`br`0`ar`-1`size`16`index`2`cr`0`OP`iw`bc`S_BC2`1`0`FieldValues`0`ValueArray`0*15*VOL013-61EV8BLC11*In-Progress7*Pending0*2*DF8*S01554510*0*7*Product0*10*3-61EV8AO30*1*10*1*35*Blank19*Hub Phone 2.1 Black4*40.93*GBP10*06/23/20200*0*0*10*3-61EV8C9M17*Credit/Debit Card19*06/23/2020 14:02:520*0*3*Add7*Pending11*In-Progress0*0*1*14*Each0*0*0*0*10*Blazemeter0*7*Default1*N0*12*Out Of Stock7*FY3 9QX8*Standard0*0*0*0*0*0*0*0*15*VOL013-61EV8BLY0*0*0*0*41*169, Preston Old Road, Blackpool, FY3 9QX1*N1*01*10*13*NotApplicable0*0*0*0*0*0*4*Demo1*N1*N1*Y19*06/23/2020 14:02:521*N0*0*0*4*40.91*Y0*0*0*4*Free0*4*Good10*3-61EV8BLY1*01*N1*N`7`1``0`br`0`ar`-1`size`16`index`3`cr`0`OP`iw`bc`S_BC2`1`0`FieldValues`0`ValueArray`0*15*VOL013-61EV8BLC11*In-Progress7*Pending0*2*OF8*S01546740*0*7*Product0*10*3-61EV8AO30*1*10*1*45*Blank70*DISCOUNT BB AQ BB Unltd (36.00) GBP 4.80 off for 3mnths 18mnths cntrct4*-4.83*GBP10*06/23/20200*0*0*10*3-61EV8C9M22*Monthly/Quarterly Bill19*06/23/2020 14:02:520*0*3*Add7*Pending11*In-Progress0*0*1*19*Per Month0*0*0*0*10*Blazemeter0*7*Default1*N0*12*Out Of Stock0*0*0*0*0*0*0*0*0*0*15*VOL013-61EV8BMI0*0*0*0*0*1*N1*01*10*0*0*0*0*0*0*0*4*Demo1*N1*N1*N19*06/23/2020 14:02:521*N0*0*0*4*-4.81*Y0*0*0*0*0*4*Good10*3-61EV8BMI1*01*N1*N`7`1``0`br`0`ar`-1`size`16`index`4`cr`0`OP`iw`bc`S_BC2`1`0`FieldValues`0`ValueArray`8*Standard15*VOL013-61EV8BLC11*In-Progress7*Pending0*2*OF8*S01546900*0*7*Product0*10*3-61EV8AO30*1*10*1*55*Blank65*Contract BB AQ BB Unltd (36.00) GBP off for 3mnths 18mnths cntrct1*03*GBP10*06/23/20200*0*0*10*3-61EV8C9M22*Monthly/Quarterly Bill19*06/23/2020 14:02:520*0*3*Add7*Pending11*In-Progress0*0*1*19*Per Month0*0*0*0*10*Blazemeter0*7*Default1*N0*12*Out Of Stock0*0*0*0*0*0*0*0*0*0*15*VOL013-61EV8BN30*0*0*0*0*1*N1*01*10*0*0*0*0*0*0*0*4*Demo1*N1*N1*N19*06/23/2020 14:02:521*N0*0*0*1*01*Y0*0*0*0*0*4*Good10*3-61EV8BN31*01*N1*N`7`1``0`br`0`ar`-1`size`16`index`5`cr`0`OP`iw`bc`S_BC2`1`0`FieldValues`0`ValueArray`0*15*VOL013-61EV8BLC11*In-Progress7*Pending0*5*OTHER8*S01458680*0*7*Product0*10*3-61EV8AO30*1*10*1*65*Blank17*BB Access Service1*03*GBP10*06/23/202010*3-61EV8AO811*012123456780*10*3-61EV8C9M22*Monthly/Quarterly Bill19*06/23/2020 14:02:520*0*3*Add7*Pending11*In-Progress0*0*1*19*Per Month0*24*1st line/no prev service0*0*10*Blazemeter0*7*Default1*N0*0*0*0*0*0*0*0*0*0*0*0*15*VOL013-61EV8BNQ0*0*0*7*FY3 9QX0*1*N1*01*10*0*0*0*0*0*0*0*4*Demo1*N1*N1*N19*06/23/2020 14:02:521*N0*0*0*1*01*Y0*0*0*0*0*4*Good10*3-61EV8BNQ1*01*Y1*N`7`1``0`br`0`ar`-1`size`16`index`6`cr`0`OP`iw`bc`S_BC2`1`0`FieldValues`0`ValueArray`0*15*VOL013-61EV8BLC11*In-Progress7*Pending0*5*OTHER8*S01458690*0*7*Product0*10*3-61EV8AO30*1*10*1*75*Blank11*ISP Service1*03*GBP10*06/23/20200*13*oneview.cisp10*10*3-61EV8C9M22*Monthly/Quarterly Bill19*06/23/2020 14:02:520*0*3*Add7*Pending11*In-Progress0*0*1*19*Per Month0*0*0*0*10*Blazemeter0*7*Default1*N0*0*0*0*0*0*0*0*0*0*0*0*15*VOL013-61EV8BT60*0*0*7*FY3 9QX0*1*N1*01*10*0*0*0*0*0*0*0*4*Demo1*N1*N1*N19*06/23/2020 14:02:521*N0*0*0*1*01*Y0*0*0*0*0*4*Good10*3-61EV8BT61*01*Y1*N`7`1``0`br`0`ar`-1`size`16`index`7`cr`0`OP`iw`bc`S_BC2`1`0`FieldValues`0`ValueArray`0*0*11*In-Progress7*Pending0*2*DF8*S02077970*0*7*Product0*10*3-61EV8AO30*1*10*1*85*Blank15*Delivery Charge1*03*GBP10*06/23/20200*0*0*10*3-61EV8C9M17*Credit/Debit Card19*06/23/2020 00:00:000*0*3*Add7*Pending11*In-Progress0*0*1*14*Each0*0*0*0*10*Blazemeter0*7*Default1*N0*7*Stocked7*FY3 9QX0*0*0*0*0*0*0*0*0*15*VOL013-61EV8CBR0*0*0*0*41*169, Preston Old Road, Blackpool, FY3 9QX1*N1*01*10*13*NotApplicable0*0*0*0*0*0*4*Demo1*N1*N1*N19*06/23/2020 14:02:521*N0*0*0*1*01*Y0*0*0*0*0*4*Good10*3-61EV8CBR1*01*N1*N`7`1``0`br`0`ar`-1`size`16`index`8`cr`0`OP`iw`bc`S_BC2`1`0`FieldValues`0`ValueArray`0*0*11*In-Progress7*Pending0*6*BFPOST8*S03490180*0*7*Product0*10*3-61EV8AO30*1*10*1*95*Blank49*BT broadband - activation and Installation charge5*59.993*GBP10*06/23/20200*0*0*10*3-61EV8C9M17*Credit/Debit Card19*06/23/2020 00:00:000*0*3*Add7*Pending11*In-Progress0*0*1*14*Each0*0*0*0*10*Blazemeter0*7*Default1*N0*0*0*0*0*0*0*0*0*0*0*0*15*VOL013-61EV8CM00*0*0*0*0*1*N1*01*10*0*0*0*0*0*0*0*4*Demo1*N1*N1*N19*06/23/2020 14:02:521*N0*0*0*5*59.991*Y0*0*0*0*0*4*Good10*3-61EV8CM01*11*N1*N`7`1``0`br`0`ar`-1`size`16`index`9`cr`0`OP`iw`bc`S_BC2`1`0`FieldValues`0`ValueArray`0*0*0*0*0*0*0*0*0*0*0*0*0*0*0*0*0*0*0*0*0*0*0*0*0*0*0*0*0*0*0*0*0*0*0*0*0*0*0*0*0*0*0*0*0*0*0*0*0*0*0*0*0*0*0*0*0*0*0*0*0*0*0*0*0*0*0*0*0*0*0*0*0*0*0*0*0*0*0*0*0*0*0*0*0*0*0*0*0*0*0*0*0*0*`8`0``0`br`0`ar`-1`size`16`index`9`cr`0`OP`dw`bc`S_BC2`nr`1`8`0``0`br`0`value`0`ar`0`state`activeRow`size`16`cr`0`OP`sc`bc`S_BC2`8`0``0`br`0`value`0`ar`0`state`activeRow`size`16`cr`0`OP`sc`bc`S_BC2`8`0``0`br`0`value`0`ar`0`state`activeRow`size`16`cr`0`OP`sc`bc`S_BC2`8`0``0`br`0`value`0`ar`0`state`activeRow`size`16`cr`0`OP`sc`bc`S_BC2`8`0``0`br`0`value`0`ar`0`state`activeRow`size`16`cr`0`OP`sc`bc`S_BC2`8`0``0`br`0`value`1`ar`0`state`n`size`16`cr`0`OP`sc`bc`S_BC2`8`0``0`br`0`srt`Line Number`s``ar`0`size`16`cr`0`OP`e`bc`S_BC2`8`0``0`br`0`value`9`ar`0`state`nr`size`16`cr`0`OP`sc`bc`S_BC2`6`0``0`br`0`ar`0`size`16`cr`0`OP`nd`bc`S_BC2`2`0``0`OP`en`bc`S_BC2`1`6`Command Manager`0`RefreshToolbar`true`7`0`StateToolBar`0`#35`true`#36`true`#17`true`#34`true`#8`false`#37`true`#38`true`0`1`StateExToolBar`0`1`0`#35`0`Checked`false`0`3`FlagsToolBar`0`3`0`#8`0`SWESP`true`SWEH`0`SWEW`0`3`0`#34`0`SWESP`true`SWEH`600`SWEW`800`3`0`#36`0`SWESP`true`SWEH`20`SWEW`380`3`0`State`0`#27`false`#26`false`#28`false`0`3`StateEx`0`0`0`#26`0`0`0`#27`0`1`0`#28`0`Checked`false`0`0`Flags`0`</responseData>
  <responseFile class="java.lang.String"></responseFile>
  <cookies class="java.lang.String">_sn=GXmoeGkdwh1O45lrH7mMIZnLMWvqHkVWiQKqDOICOq1fi95anXYMaCRAX879ujDRD9kS4J75N4kGDX576Q2AKmwZPUBih-4NS80Pc1189OxasEbdAsHiEtIhcnCzZ0zWb5V6QpVraL0TTGU4ktkGZq374g8C0pUBRhKVASKeW21TgUW5eIkswq97I-.qG-kr; _srn=_srn; SWEUAID=SWEUAID</cookies>
  <method class="java.lang.String">POST</method>
  <queryString class="java.lang.String">s_2_2_114_0=&amp;s_2_2_244_0=1&amp;SWECmd=InvokeMethod&amp;SWENeedContext=true&amp;s_2_2_106_0=&amp;s_2_2_160_0=&amp;s_2_2_87_0=&amp;s_2_2_189_0=3-61EV8C9M&amp;s_2_2_108_0=&amp;s_2_2_97_0=&amp;s_2_2_128_0=&amp;s_2_2_138_0=&amp;s_2_2_90_0=&amp;SWEActiveApplet=BT+Order+Entry+-+Line+Item+List+Applet+%28Sales%29&amp;SWEReqRowId=1&amp;s_2_2_268_0=Pending&amp;s_2_2_192_0=23%2F06%2F2020+14%3A02%3A52&amp;SWERowIds=SWERowId0%3D3-61EV8AO3&amp;SWEView=Order+Entry+-+Line+Items+Detail+View+%28Sales%29&amp;SWERowId=3-61EV8BLC&amp;s_2_2_113_0=&amp;SWEBID=-1&amp;SWEC=98&amp;s_2_2_261_0=Demo&amp;SWEDIC=false&amp;s_2_2_115_0=&amp;SWETS={{\d+}}&amp;SWERPC=1&amp;s_2_2_107_0=&amp;s_2_2_125_0=&amp;SWEVI=&amp;s_2_2_143_0=&amp;SWEField=s_2_1_6_0&amp;s_2_2_135_0=&amp;s_2_2_153_0=Monthly%2FQuarterly+Bill&amp;s_2_2_109_0=Default&amp;SWEP=&amp;SWEApplet=BT+Order+Entry+-+Line+Item+List+Applet+%28Sales%29&amp;SWEActiveView=Order+Entry+-+Line+Items+Detail+View+%28Sales%29&amp;SWER=0&amp;s_2_2_147_0=In-Progress&amp;s_2_2_120_0=&amp;SWESP=false&amp;SWEMethod=BTOneOffChargeCalc&amp;s_2_2_112_0=&amp;SRN=xK7T2pIB2ZOV15hwlQxQF5reKcoUB8VpMTZr7we8uAEb</queryString>
  <java.net.URL>http://localhost:8080/ecommunications_enu_nsm_aps05524a027/start.swe</java.net.URL>
</httpSample>
<httpSample t="{{\d+}}" it="0" lt="{{\d+}}" ct="{{\d+}}" ts="{{\d+}}" s="true" lb="{{\d+}} /ecommunications_enu_nsm_aps05524a027/start.swe" rc="200" rm="OK" tn="Thread Group 1-1" dt="text" de="utf-8" by="6545" sby="1636" sc="1" ec="0" ng="1" na="1" hn="{{.*?}}">
  <responseHeader class="java.lang.String">HTTP/1.1 200 OK
Connection: close
Server: Oracle-iPlanet-Web-Server/7.0
Date: Tue, 23 Jun 2020 13:11:11 GMT
Content-Language: en
Cache-Control: no-cache
Swerpc: true
Content-Type: text/html;charset=utf-8
Connection: close
Matched-Stub-Id: {{\w+-\w+-\w+-\w+-\w+}}
Vary: Accept-Encoding, User-Agent
</responseHeader>
  <requestHeader class="java.lang.String">Connection: close
Content-Type: application/x-www-form-urlencoded
DNT: 1
Accept-Encoding: deflate
Pragma: no-cache
User-Agent: Mozilla/4.0 (compatible; MSIE 7.0; Windows NT 6.3; WOW64; Trident/7.0; .NET4.0E; .NET4.0C; .NET CLR 3.5.30729; .NET CLR 2.0.50727; .NET CLR 3.0.30729)
Accept: text/html, image/gif, image/jpeg, *; q=.2, */*; q=.2
Content-Length: 948
Host: localhost:8080
</requestHeader>
  <responseData class="java.lang.String">@0`1`4`2``0`UC`1`Status`Completed`SWEC`100`SRN`xK7T2pIB2ZOV15hwlQxQF5reKcoUB8VpMTZr7we8uAEb`0`50`Notifications`0`2`0``0`OP`bn`bc`S_BC2`7`0``0`br`0`ArgsArray`46*BT Order Entry - Line Item List Applet (Sales)1*11*01*01*01*01*01*01*01*01*01*01*0`size`16`cr`0`OP`g`bc`S_BC2`type`SWEIRowSelection`7`0``0`br`0`ArgsArray`46*BT Order Entry - Line Item List Applet (Sales)14**QueryComboBox1*?14**QuerySrchSpec1*?13**HTML Hidden21*?`size`16`cr`0`OP`g`bc`S_BC2`type`SWEIPrivFlds`7`0``0`br`0`ArgsArray`46*BT Order Entry - Line Item List Applet (Sales)23**Billing Account Number1*11*11*11*11*11*11*11*11*11*11*11*128**Ship To Contact - Last Name1*11*11*11*11*11*11*11*11*11*11*11*129**BT Service Address Post Code1*11*11*11*11*11*11*11*11*11*11*11*118**BT Appointment Id1*11*11*11*11*11*11*11*11*11*11*11*1`size`16`cr`0`OP`g`bc`S_BC2`type`SWEICanNavigate`8`0``0`br`0`value`0`ar`0`state`n`size`16`cr`0`OP`sc`bc`S_BC2`8`0``0`br`0`value`0`ar`0`state`activeRow`size`16`cr`0`OP`sc`bc`S_BC2`7`1``0`br`0`ar`0`size`16`cr`0`OP`ndw`bc`S_BC2`f`Is Expanded`2`0`FieldValues`0`ValueArray`1*N`FieldArray`2*93`8`0``0`br`0`value`0`ar`0`state`activeRow`size`16`cr`0`OP`sc`bc`S_BC2`8`0``0`br`0`value`1`ar`1`state`activeRow`size`16`cr`0`OP`sc`bc`S_BC2`7`1``0`br`0`ar`1`size`16`cr`0`OP`ndw`bc`S_BC2`f`Is Expanded`2`0`FieldValues`0`ValueArray`1*N`FieldArray`2*93`8`0``0`br`0`value`1`ar`1`state`activeRow`size`16`cr`0`OP`sc`bc`S_BC2`8`0``0`br`0`value`2`ar`2`state`activeRow`size`16`cr`0`OP`sc`bc`S_BC2`7`1``0`br`0`ar`2`size`16`cr`0`OP`ndw`bc`S_BC2`f`Is Expanded`2`0`FieldValues`0`ValueArray`1*N`FieldArray`2*93`8`0``0`br`0`value`2`ar`2`state`activeRow`size`16`cr`0`OP`sc`bc`S_BC2`8`0``0`br`0`value`3`ar`3`state`activeRow`size`16`cr`0`OP`sc`bc`S_BC2`7`1``0`br`0`ar`3`size`16`cr`0`OP`ndw`bc`S_BC2`f`Is Expanded`2`0`FieldValues`0`ValueArray`1*N`FieldArray`2*93`8`0``0`br`0`value`3`ar`3`state`activeRow`size`16`cr`0`OP`sc`bc`S_BC2`8`0``0`br`0`value`4`ar`4`state`activeRow`size`16`cr`0`OP`sc`bc`S_BC2`7`1``0`br`0`ar`4`size`16`cr`0`OP`ndw`bc`S_BC2`f`Is Expanded`2`0`FieldValues`0`ValueArray`1*N`FieldArray`2*93`8`0``0`br`0`value`4`ar`4`state`activeRow`size`16`cr`0`OP`sc`bc`S_BC2`8`0``0`br`0`value`5`ar`5`state`activeRow`size`16`cr`0`OP`sc`bc`S_BC2`7`1``0`br`0`ar`5`size`16`index`6`cr`0`OP`iw`bc`S_BC2`1`0`FieldValues`0`ValueArray`0*0*11*In-Progress7*Pending10*3-61EV8BNQ5*OTHER8*S03034490*0*7*Product0*10*3-61EV8AO30*1*10*3*6.15*Blank33*Non-working day activation charge1*03*GBP10*06/23/20200*0*0*0*17*Credit/Debit Card0*0*0*3*Add7*Pending11*In-Progress0*0*1*14*Each0*0*0*0*0*0*7*Default1*N0*0*0*0*0*0*0*0*0*0*0*0*15*VOL013-61EV8BOT0*0*0*0*0*1*N1*01*10*0*0*0*0*0*0*0*0*1*N1*N1*N0*1*N0*0*0*1*01*Y0*0*0*0*0*0*10*3-61EV8BOT2*001*N1*N`7`1``0`br`0`ar`5`size`16`index`7`cr`0`OP`iw`bc`S_BC2`1`0`FieldValues`0`ValueArray`0*0*11*In-Progress7*Pending10*3-61EV8BNQ0*8*S01314760*0*7*Product0*10*3-61EV8AO30*1*10*3*6.25*Blank13*Standard Care1*03*GBP10*06/23/20200*0*0*0*22*Monthly/Quarterly Bill0*0*0*3*Add7*Pending11*In-Progress0*0*1*19*Per Month0*0*0*0*0*0*7*Default0*0*0*0*0*0*0*0*0*0*0*0*0*15*VOL013-61EV8BOW0*0*0*0*0*1*N0*1*10*0*0*0*0*0*0*0*0*1*N1*N1*N0*1*N0*0*0*1*01*Y0*0*0*0*0*0*10*3-61EV8BOW2*011*N1*N`7`1``0`br`0`ar`5`size`16`cr`0`OP`ndw`bc`S_BC2`f`Is Expanded`2`0`FieldValues`0`ValueArray`1*Y`FieldArray`2*93`8`0``0`br`0`value`5`ar`5`state`activeRow`size`16`cr`0`OP`sc`bc`S_BC2`8`0``0`br`0`value`6`ar`6`state`activeRow`size`16`cr`0`OP`sc`bc`S_BC2`7`1``0`br`0`ar`6`size`16`cr`0`OP`ndw`bc`S_BC2`f`Is Expanded`2`0`FieldValues`0`ValueArray`1*N`FieldArray`2*93`8`0``0`br`0`value`6`ar`6`state`activeRow`size`16`cr`0`OP`sc`bc`S_BC2`8`0``0`br`0`value`7`ar`7`state`activeRow`size`16`cr`0`OP`sc`bc`S_BC2`7`1``0`br`0`ar`7`size`16`cr`0`OP`ndw`bc`S_BC2`f`Is Expanded`2`0`FieldValues`0`ValueArray`1*N`FieldArray`2*93`8`0``0`br`0`value`7`ar`7`state`activeRow`size`16`cr`0`OP`sc`bc`S_BC2`8`0``0`br`0`value`8`ar`8`state`activeRow`size`16`cr`0`OP`sc`bc`S_BC2`7`1``0`br`0`ar`8`size`16`index`9`cr`0`OP`iw`bc`S_BC2`1`0`FieldValues`0`ValueArray`0*0*11*In-Progress7*Pending10*3-61EV8BT65*OTHER8*S01458720*0*7*Product0*10*3-61EV8AO30*1*10*3*7.15*Blank14*ISP Transients1*03*GBP10*06/23/20200*0*0*0*22*Monthly/Quarterly Bill0*0*0*3*Add7*Pending11*In-Progress0*0*1*10*0*0*0*0*0*0*7*Default0*0*0*0*0*0*0*0*0*0*0*0*0*15*VOL013-61EV8BU00*0*0*0*0*1*N0*1*10*0*0*0*0*0*0*0*0*1*N1*N1*N0*1*N0*0*0*1*01*Y0*0*0*0*0*0*10*3-61EV8BU02*011*N1*N`7`1``0`br`0`ar`8`size`16`cr`0`OP`ndw`bc`S_BC2`f`Is Expanded`2`0`FieldValues`0`ValueArray`1*Y`FieldArray`2*93`8`0``0`br`0`value`8`ar`8`state`activeRow`size`16`cr`0`OP`sc`bc`S_BC2`8`0``0`br`0`value`9`ar`9`state`activeRow`size`16`cr`0`OP`sc`bc`S_BC2`7`1``0`br`0`ar`9`size`16`cr`0`OP`ndw`bc`S_BC2`f`Is Expanded`2`0`FieldValues`0`ValueArray`1*N`FieldArray`2*93`8`0``0`br`0`value`9`ar`9`state`activeRow`size`16`cr`0`OP`sc`bc`S_BC2`8`0``0`br`0`value`10`ar`10`state`activeRow`size`16`cr`0`OP`sc`bc`S_BC2`7`1``0`br`0`ar`10`size`16`cr`0`OP`ndw`bc`S_BC2`f`Is Expanded`2`0`FieldValues`0`ValueArray`1*N`FieldArray`2*93`8`0``0`br`0`value`10`ar`10`state`activeRow`size`16`cr`0`OP`sc`bc`S_BC2`8`0``0`br`0`value`11`ar`11`state`activeRow`size`16`cr`0`OP`sc`bc`S_BC2`7`1``0`br`0`ar`11`size`16`cr`0`OP`ndw`bc`S_BC2`f`Is Expanded`2`0`FieldValues`0`ValueArray`1*N`FieldArray`2*93`7`1``0`br`0`ar`11`size`16`index`12`cr`0`OP`iw`bc`S_BC2`1`0`FieldValues`0`ValueArray`0*0*0*0*0*0*0*0*0*0*0*0*0*0*0*0*0*0*0*0*0*0*0*0*0*0*0*0*0*0*0*0*0*0*0*0*0*0*0*0*0*0*0*0*0*0*0*0*0*0*0*0*0*0*0*0*0*0*0*0*0*0*0*0*0*0*0*0*0*0*0*0*0*0*0*0*0*0*0*0*0*0*0*0*0*0*0*0*0*0*0*0*0*0*`8`0``0`br`0`ar`11`size`16`index`12`cr`0`OP`dw`bc`S_BC2`nr`1`8`0``0`br`0`value`0`ar`0`state`activeRow`size`16`cr`0`OP`sc`bc`S_BC2`8`0``0`br`0`value`1`ar`0`state`n`size`16`cr`0`OP`sc`bc`S_BC2`8`0``0`br`0`value`12`ar`0`state`nr`size`16`cr`0`OP`sc`bc`S_BC2`6`0``0`br`0`ar`0`size`16`cr`0`OP`nd`bc`S_BC2`2`0``0`OP`en`bc`S_BC2`1`6`Command Manager`0`RefreshToolbar`true`7`0`StateToolBar`0`#35`true`#36`true`#17`true`#34`true`#8`false`#37`true`#38`true`0`1`StateExToolBar`0`1`0`#35`0`Checked`false`0`3`FlagsToolBar`0`3`0`#8`0`SWESP`true`SWEH`0`SWEW`0`3`0`#34`0`SWESP`true`SWEH`600`SWEW`800`3`0`#36`0`SWESP`true`SWEH`20`SWEW`380`3`0`State`0`#27`false`#26`false`#28`false`0`3`StateEx`0`0`0`#26`0`0`0`#27`0`1`0`#28`0`Checked`false`0`0`Flags`0`</responseData>
  <responseFile class="java.lang.String"></responseFile>
  <cookies class="java.lang.String">_sn=GXmoeGkdwh1O45lrH7mMIZnLMWvqHkVWiQKqDOICOq1fi95anXYMaCRAX879ujDRD9kS4J75N4kGDX576Q2AKmwZPUBih-4NS80Pc1189OxasEbdAsHiEtIhcnCzZ0zWb5V6QpVraL0TTGU4ktkGZq374g8C0pUBRhKVASKeW21TgUW5eIkswq97I-.qG-kr; _srn=_srn; SWEUAID=SWEUAID</cookies>
  <method class="java.lang.String">POST</method>
  <queryString class="java.lang.String">s_2_2_114_0=&amp;s_2_2_244_0=1&amp;SWECmd=InvokeMethod&amp;SWENeedContext=true&amp;s_2_2_106_0=&amp;s_2_2_160_0=&amp;s_2_2_87_0=&amp;s_2_2_189_0=3-61EV8C9M&amp;s_2_2_108_0=&amp;s_2_2_97_0=&amp;s_2_2_128_0=&amp;s_2_2_138_0=&amp;s_2_2_90_0=&amp;SWEActiveApplet=BT+Order+Entry+-+Line+Item+List+Applet+%28Sales%29&amp;SWEReqRowId=1&amp;s_2_2_268_0=Pending&amp;s_2_2_192_0=23%2F06%2F2020+14%3A02%3A52&amp;SWERowIds=SWERowId0%3D3-61EV8AO3&amp;SWEView=Order+Entry+-+Line+Items+Detail+View+%28Sales%29&amp;SWERowId=3-61EV8BLC&amp;s_2_2_113_0=&amp;SWEBID=-1&amp;SWEC=99&amp;s_2_2_261_0=Demo&amp;SWEDIC=false&amp;s_2_2_115_0=&amp;SWETS={{\d+}}&amp;SWERPC=1&amp;s_2_2_107_0=&amp;s_2_2_125_0=&amp;SWEVI=&amp;s_2_2_143_0=&amp;SWEField=s_2_1_75_0&amp;s_2_2_135_0=&amp;s_2_2_153_0=Monthly%2FQuarterly+Bill&amp;s_2_2_109_0=Default&amp;SWEP=&amp;SWEApplet=BT+Order+Entry+-+Line+Item+List+Applet+%28Sales%29&amp;SWEActiveView=Order+Entry+-+Line+Items+Detail+View+%28Sales%29&amp;SWER=0&amp;s_2_2_147_0=In-Progress&amp;s_2_2_120_0=&amp;SWESP=false&amp;SWEMethod=ExpandAll&amp;s_2_2_112_0=&amp;SRN=xK7T2pIB2ZOV15hwlQxQF5reKcoUB8VpMTZr7we8uAEb</queryString>
  <java.net.URL>http://localhost:8080/ecommunications_enu_nsm_aps05524a027/start.swe</java.net.URL>
</httpSample>
<httpSample t="{{\d+}}" it="0" lt="{{\d+}}" ct="{{\d+}}" ts="{{\d+}}" s="true" lb="{{\d+}} /ecommunications_enu_nsm_aps05524a027/start.swe" rc="200" rm="OK" tn="Thread Group 1-1" dt="text" de="utf-8" by="877" sby="1041" sc="1" ec="0" ng="1" na="1" hn="{{.*?}}">
  <responseHeader class="java.lang.String">HTTP/1.1 200 OK
Connection: close
Server: Oracle-iPlanet-Web-Server/7.0
Date: Tue, 23 Jun 2020 13:11:23 GMT
Content-Language: en
Cache-Control: no-cache
Swerpc: true
Content-Type: text/html;charset=utf-8
Connection: close
Matched-Stub-Id: {{\w+-\w+-\w+-\w+-\w+}}
Vary: Accept-Encoding, User-Agent
</responseHeader>
  <requestHeader class="java.lang.String">Connection: close
Content-Type: application/x-www-form-urlencoded
DNT: 1
Accept-Encoding: deflate
Pragma: no-cache
User-Agent: Mozilla/4.0 (compatible; MSIE 7.0; Windows NT 6.3; WOW64; Trident/7.0; .NET4.0E; .NET4.0C; .NET CLR 3.5.30729; .NET CLR 2.0.50727; .NET CLR 3.0.30729)
Accept: text/html, image/gif, image/jpeg, *; q=.2, */*; q=.2
Content-Length: 353
Host: localhost:8080
</requestHeader>
  <responseData class="java.lang.String">@0`1`4`2``0`UC`1`Status`OK`SWEC`100`SRN`xK7T2pIB2ZOV15hwlQxQF5reKcoUB8VpMTZr7we8uAEb`4`0`ResultSet`0`SWEJI`false`SWEDIC`false`#8`false`#9`true`1`6`Command Manager`0`RefreshToolbar`true`7`0`StateToolBar`0`#35`true`#36`true`#17`true`#34`true`#8`false`#37`true`#38`true`0`1`StateExToolBar`0`1`0`#35`0`Checked`false`0`3`FlagsToolBar`0`3`0`#8`0`SWESP`true`SWEH`0`SWEW`0`3`0`#34`0`SWESP`true`SWEH`600`SWEW`800`3`0`#36`0`SWESP`true`SWEH`20`SWEW`380`3`0`State`0`#27`false`#26`false`#28`false`0`3`StateEx`0`0`0`#26`0`0`0`#27`0`1`0`#28`0`Checked`false`0`0`Flags`0`</responseData>
  <responseFile class="java.lang.String"></responseFile>
  <cookies class="java.lang.String">_sn=GXmoeGkdwh1O45lrH7mMIZnLMWvqHkVWiQKqDOICOq1fi95anXYMaCRAX879ujDRD9kS4J75N4kGDX576Q2AKmwZPUBih-4NS80Pc1189OxasEbdAsHiEtIhcnCzZ0zWb5V6QpVraL0TTGU4ktkGZq374g8C0pUBRhKVASKeW21TgUW5eIkswq97I-.qG-kr; _srn=_srn; SWEUAID=SWEUAID</cookies>
  <method class="java.lang.String">POST</method>
  <queryString class="java.lang.String">SWEC=100&amp;SWEMethod=BatchCanInvoke&amp;SWERPC=1&amp;SWEActiveApplet=BT+Order+Entry+-+Line+Item+List+Applet+%28Sales%29&amp;SWECmd=InvokeMethod&amp;SRN=xK7T2pIB2ZOV15hwlQxQF5reKcoUB8VpMTZr7we8uAEb&amp;SWEIPS=%400*0*4*0*0*3*0*2*%2380*2*%2390*5*SWEJI5*false6*SWEDIC4*true&amp;SWEActiveView=Order+Entry+-+Line+Items+Detail+View+%28Sales%29&amp;SWEService=SWE+Command+Manager&amp;SWEDIC=true</queryString>
  <java.net.URL>http://localhost:8080/ecommunications_enu_nsm_aps05524a027/start.swe</java.net.URL>
</httpSample>
<httpSample t="{{\d+}}" it="0" lt="{{\d+}}" ct="{{\d+}}" ts="{{\d+}}" s="true" lb="{{\d+}} /ecommunications_enu_nsm_aps05524a027/start.swe" rc="200" rm="OK" tn="Thread Group 1-1" dt="text" de="utf-8" by="1531" sby="1643" sc="1" ec="0" ng="1" na="1" hn="{{.*?}}">
  <responseHeader class="java.lang.String">HTTP/1.1 200 OK
Connection: close
Server: Oracle-iPlanet-Web-Server/7.0
Date: Tue, 23 Jun 2020 13:11:27 GMT
Content-Language: en
Cache-Control: no-cache
Swerpc: true
Content-Type: text/html;charset=utf-8
Connection: close
Matched-Stub-Id: {{\w+-\w+-\w+-\w+-\w+}}
Vary: Accept-Encoding, User-Agent
</responseHeader>
  <requestHeader class="java.lang.String">Connection: close
Content-Type: application/x-www-form-urlencoded
DNT: 1
Accept-Encoding: deflate
Pragma: no-cache
User-Agent: Mozilla/4.0 (compatible; MSIE 7.0; Windows NT 6.3; WOW64; Trident/7.0; .NET4.0E; .NET4.0C; .NET CLR 3.5.30729; .NET CLR 2.0.50727; .NET CLR 3.0.30729)
Accept: text/html, image/gif, image/jpeg, *; q=.2, */*; q=.2
Content-Length: 955
Host: localhost:8080
</requestHeader>
  <responseData class="java.lang.String">@0`1`4`2``0`UC`1`Status`Completed`SWEC`101`SRN`xK7T2pIB2ZOV15hwlQxQF5reKcoUB8VpMTZr7we8uAEb`0`11`Notifications`0`2`0``0`OP`bn`bc`S_BC2`7`0``0`br`0`ArgsArray`46*BT Order Entry - Line Item List Applet (Sales)1*11*11*11*11*11*11*11*11*11*11*11*1`size`16`cr`0`OP`g`bc`S_BC2`type`SWEIRowSelection`8`0``0`br`0`value`1`ar`0`state`ms`size`16`cr`0`OP`sc`bc`S_BC2`8`0``0`br`0`value`1`ar`0`state`is`size`16`cr`0`OP`sc`bc`S_BC2`8`0``0`br`0`value`12`ar`0`state`ns`size`16`cr`0`OP`sc`bc`S_BC2`7`0``0`br`0`ar`0`size`16`bInMultiSelMode`true`cr`0`OP`smc`bc`S_BC2`6`0``0`br`0`ar`0`size`16`cr`0`OP`cs`bc`S_BC2`8`0``0`br`0`value`0`ar`0`state`n`size`16`cr`0`OP`sc`bc`S_BC2`8`0``0`br`0`value`1`ar`0`state`n`size`16`cr`0`OP`sc`bc`S_BC2`8`0``0`br`0`value`0`ar`0`state`cm`size`16`cr`0`OP`sc`bc`S_BC2`2`0``0`OP`en`bc`S_BC2`1`6`Command Manager`0`RefreshToolbar`true`7`0`StateToolBar`0`#35`true`#36`true`#17`true`#34`true`#8`false`#37`true`#38`true`0`1`StateExToolBar`0`1`0`#35`0`Checked`false`0`3`FlagsToolBar`0`3`0`#8`0`SWESP`true`SWEH`0`SWEW`0`3`0`#34`0`SWESP`true`SWEH`600`SWEW`800`3`0`#36`0`SWESP`true`SWEH`20`SWEW`380`3`0`State`0`#27`false`#26`false`#28`false`0`3`StateEx`0`0`0`#26`0`0`0`#27`0`1`0`#28`0`Checked`false`0`0`Flags`0`</responseData>
  <responseFile class="java.lang.String"></responseFile>
  <cookies class="java.lang.String">_sn=GXmoeGkdwh1O45lrH7mMIZnLMWvqHkVWiQKqDOICOq1fi95anXYMaCRAX879ujDRD9kS4J75N4kGDX576Q2AKmwZPUBih-4NS80Pc1189OxasEbdAsHiEtIhcnCzZ0zWb5V6QpVraL0TTGU4ktkGZq374g8C0pUBRhKVASKeW21TgUW5eIkswq97I-.qG-kr; _srn=_srn; SWEUAID=SWEUAID</cookies>
  <method class="java.lang.String">POST</method>
  <queryString class="java.lang.String">s_2_2_114_0=&amp;s_2_2_244_0=1&amp;SWECmd=InvokeMethod&amp;s_2_2_106_0=&amp;s_2_2_160_0=&amp;s_2_2_87_0=&amp;s_2_2_189_0=3-61EV8C9M&amp;s_2_2_108_0=&amp;s_2_2_97_0=&amp;s_2_2_128_0=&amp;s_2_2_138_0=&amp;s_2_2_90_0=&amp;SWEActiveApplet=BT+Order+Entry+-+Line+Item+List+Applet+%28Sales%29&amp;SWEReqRowId=1&amp;s_2_2_268_0=Pending&amp;s_2_2_192_0=23%2F06%2F2020+14%3A02%3A52&amp;SWERowIds=SWERowId0%3D3-61EV8AO3&amp;SWEView=Order+Entry+-+Line+Items+Detail+View+%28Sales%29&amp;SWERowId=3-61EV8BLC&amp;s_2_2_113_0=&amp;SWEC=100&amp;s_2_2_261_0=Demo&amp;SWETS={{\d+}}&amp;s_2_2_115_0=&amp;SWERPC=1&amp;s_2_2_107_0=&amp;SWEVI=&amp;s_2_2_125_0=&amp;s_2_2_143_0=&amp;s_2_2_135_0=&amp;s_2_2_153_0=Monthly%2FQuarterly+Bill&amp;s_2_2_109_0=Default&amp;SWEP=&amp;SWEApplet=BT+Order+Entry+-+Line+Item+List+Applet+%28Sales%29&amp;SWEActiveView=Order+Entry+-+Line+Items+Detail+View+%28Sales%29&amp;s_2_2_147_0=In-Progress&amp;s_2_2_120_0=&amp;SWEMethod=SelectAll&amp;s_2_2_112_0=&amp;SRN=xK7T2pIB2ZOV15hwlQxQF5reKcoUB8VpMTZr7we8uAEb&amp;SWEIPS=%400*0*2*0*0*3*0*15*Method+Argument0*7*Command31**Browser+Applet*+*SelectAll*+*+</queryString>
  <java.net.URL>http://localhost:8080/ecommunications_enu_nsm_aps05524a027/start.swe</java.net.URL>
</httpSample>
<httpSample t="{{\d+}}" it="0" lt="{{\d+}}" ct="{{\d+}}" ts="{{\d+}}" s="true" lb="{{\d+}} /ecommunications_enu_nsm_aps05524a027/start.swe" rc="200" rm="OK" tn="Thread Group 1-1" dt="text" de="utf-8" by="877" sby="1041" sc="1" ec="0" ng="1" na="1" hn="{{.*?}}">
  <responseHeader class="java.lang.String">HTTP/1.1 200 OK
Connection: close
Server: Oracle-iPlanet-Web-Server/7.0
Date: Tue, 23 Jun 2020 13:11:28 GMT
Content-Language: en
Cache-Control: no-cache
Swerpc: true
Content-Type: text/html;charset=utf-8
Connection: close
Matched-Stub-Id: {{\w+-\w+-\w+-\w+-\w+}}
Vary: Accept-Encoding, User-Agent
</responseHeader>
  <requestHeader class="java.lang.String">Connection: close
Content-Type: application/x-www-form-urlencoded
DNT: 1
Accept-Encoding: deflate
Pragma: no-cache
User-Agent: Mozilla/4.0 (compatible; MSIE 7.0; Windows NT 6.3; WOW64; Trident/7.0; .NET4.0E; .NET4.0C; .NET CLR 3.5.30729; .NET CLR 2.0.50727; .NET CLR 3.0.30729)
Accept: text/html, image/gif, image/jpeg, *; q=.2, */*; q=.2
Content-Length: 353
Host: localhost:8080
</requestHeader>
  <responseData class="java.lang.String">@0`1`4`2``0`UC`1`Status`OK`SWEC`101`SRN`xK7T2pIB2ZOV15hwlQxQF5reKcoUB8VpMTZr7we8uAEb`4`0`ResultSet`0`SWEJI`false`SWEDIC`false`#8`false`#9`true`1`6`Command Manager`0`RefreshToolbar`true`7`0`StateToolBar`0`#35`true`#36`true`#17`true`#34`true`#8`false`#37`true`#38`true`0`1`StateExToolBar`0`1`0`#35`0`Checked`false`0`3`FlagsToolBar`0`3`0`#8`0`SWESP`true`SWEH`0`SWEW`0`3`0`#34`0`SWESP`true`SWEH`600`SWEW`800`3`0`#36`0`SWESP`true`SWEH`20`SWEW`380`3`0`State`0`#27`false`#26`false`#28`false`0`3`StateEx`0`0`0`#26`0`0`0`#27`0`1`0`#28`0`Checked`false`0`0`Flags`0`</responseData>
  <responseFile class="java.lang.String"></responseFile>
  <cookies class="java.lang.String">_sn=GXmoeGkdwh1O45lrH7mMIZnLMWvqHkVWiQKqDOICOq1fi95anXYMaCRAX879ujDRD9kS4J75N4kGDX576Q2AKmwZPUBih-4NS80Pc1189OxasEbdAsHiEtIhcnCzZ0zWb5V6QpVraL0TTGU4ktkGZq374g8C0pUBRhKVASKeW21TgUW5eIkswq97I-.qG-kr; _srn=_srn; SWEUAID=SWEUAID</cookies>
  <method class="java.lang.String">POST</method>
  <queryString class="java.lang.String">SWEC=101&amp;SWEMethod=BatchCanInvoke&amp;SWERPC=1&amp;SWEActiveApplet=BT+Order+Entry+-+Line+Item+List+Applet+%28Sales%29&amp;SWECmd=InvokeMethod&amp;SRN=xK7T2pIB2ZOV15hwlQxQF5reKcoUB8VpMTZr7we8uAEb&amp;SWEIPS=%400*0*4*0*0*3*0*2*%2380*2*%2390*5*SWEJI5*false6*SWEDIC4*true&amp;SWEActiveView=Order+Entry+-+Line+Items+Detail+View+%28Sales%29&amp;SWEService=SWE+Command+Manager&amp;SWEDIC=true</queryString>
  <java.net.URL>http://localhost:8080/ecommunications_enu_nsm_aps05524a027/start.swe</java.net.URL>
</httpSample>
<httpSample t="{{\d+}}" it="0" lt="{{\d+}}" ct="{{\d+}}" ts="{{\d+}}" s="true" lb="{{\d+}} /ecommunications_enu_nsm_aps05524a027/start.swe" rc="200" rm="OK" tn="Thread Group 1-1" dt="text" de="utf-8" by="1142" sby="1700" sc="1" ec="0" ng="1" na="1" hn="{{.*?}}">
  <responseHeader class="java.lang.String">HTTP/1.1 200 OK
Connection: close
Server: Oracle-iPlanet-Web-Server/7.0
Date: Tue, 23 Jun 2020 13:11:30 GMT
Content-Language: en
Cache-Control: no-cache
Swerpc: true
Content-Type: text/html;charset=utf-8
Connection: close
Matched-Stub-Id: {{\w+-\w+-\w+-\w+-\w+}}
Vary: Accept-Encoding, User-Agent
</responseHeader>
  <requestHeader class="java.lang.String">Connection: close
Content-Type: application/x-www-form-urlencoded
DNT: 1
Accept-Encoding: deflate
Pragma: no-cache
User-Agent: Mozilla/4.0 (compatible; MSIE 7.0; Windows NT 6.3; WOW64; Trident/7.0; .NET4.0E; .NET4.0C; .NET CLR 3.5.30729; .NET CLR 2.0.50727; .NET CLR 3.0.30729)
Accept: text/html, image/gif, image/jpeg, *; q=.2, */*; q=.2
Content-Length: 1011
Host: localhost:8080
</requestHeader>
  <responseData class="java.lang.String">@0`1`10`2``0`URL`/ecommunications_enu_nsm_aps05524a027/start.swe?SWECmd=GetCachedFrame&amp;SWEC=102&amp;SWEFrame=top._sweclient._swecontent._sweview._swetmp&amp;SRN=xK7T2pIB2ZOV15hwlQxQF5reKcoUB8VpMTZr7we8uAEb`UC`1`Target`top.SWEPopupWin._swecontent`ViewId``Status`NewPopup`View``SWEH`230`SWEC`102`SWEW`420`SRN`xK7T2pIB2ZOV15hwlQxQF5reKcoUB8VpMTZr7we8uAEb`0`2`api`0`0`0`boi`3``2`1`vi`3``vt`STANDARD`ich`0`1`0`aa`0`isp`1`1`6`Command Manager`0`RefreshToolbar`true`7`0`StateToolBar`0`#35`true`#36`true`#17`true`#34`true`#8`false`#37`true`#38`true`0`1`StateExToolBar`0`1`0`#35`0`Checked`false`0`3`FlagsToolBar`0`3`0`#8`0`SWESP`true`SWEH`0`SWEW`0`3`0`#34`0`SWESP`true`SWEH`600`SWEW`800`3`0`#36`0`SWESP`true`SWEH`20`SWEW`380`3`0`State`0`#27`false`#26`false`#28`false`0`3`StateEx`0`0`0`#26`0`0`0`#27`0`1`0`#28`0`Checked`false`0`0`Flags`0`</responseData>
  <responseFile class="java.lang.String"></responseFile>
  <cookies class="java.lang.String">_sn=GXmoeGkdwh1O45lrH7mMIZnLMWvqHkVWiQKqDOICOq1fi95anXYMaCRAX879ujDRD9kS4J75N4kGDX576Q2AKmwZPUBih-4NS80Pc1189OxasEbdAsHiEtIhcnCzZ0zWb5V6QpVraL0TTGU4ktkGZq374g8C0pUBRhKVASKeW21TgUW5eIkswq97I-.qG-kr; _srn=_srn; SWEUAID=SWEUAID</cookies>
  <method class="java.lang.String">POST</method>
  <queryString class="java.lang.String">s_2_2_114_0=&amp;s_2_2_244_0=1&amp;SWECmd=InvokeMethod&amp;s_2_2_106_0=&amp;s_2_2_160_0=&amp;s_2_2_87_0=&amp;s_2_2_189_0=3-61EV8C9M&amp;s_2_2_108_0=&amp;s_2_2_97_0=&amp;s_2_2_128_0=&amp;s_2_2_138_0=&amp;s_2_2_90_0=&amp;SWEActiveApplet=BT+Order+Entry+-+Line+Item+List+Applet+%28Sales%29&amp;SWEReqRowId=1&amp;s_2_2_268_0=Pending&amp;s_2_2_192_0=23%2F06%2F2020+14%3A02%3A52&amp;SWERowIds=SWERowId0%3D3-61EV8AO3&amp;SWEView=Order+Entry+-+Line+Items+Detail+View+%28Sales%29&amp;SWERowId=3-61EV8BLC&amp;s_2_2_113_0=&amp;SWEC=101&amp;s_2_2_261_0=Demo&amp;SWETS={{\d+}}&amp;s_2_2_115_0=&amp;SWERPC=1&amp;s_2_2_107_0=&amp;SWEVI=&amp;s_2_2_125_0=&amp;s_2_2_143_0=&amp;s_2_2_135_0=&amp;s_2_2_153_0=Monthly%2FQuarterly+Bill&amp;s_2_2_109_0=Default&amp;SWEP=&amp;SWEApplet=BT+Order+Entry+-+Line+Item+List+Applet+%28Sales%29&amp;SWEActiveView=Order+Entry+-+Line+Items+Detail+View+%28Sales%29&amp;s_2_2_147_0=In-Progress&amp;s_2_2_120_0=&amp;SWEMethod=ChangeRecords&amp;s_2_2_112_0=&amp;SRN=xK7T2pIB2ZOV15hwlQxQF5reKcoUB8VpMTZr7we8uAEb&amp;SWEIPS=%400*0*5*0*0*3*0*15*Method+Argument0*4*SWEW3*4207*Command48**Browser+Applet*+*ChangeRecords*+*+*420*230*true4*SWEH3*2305*SWESP4*true</queryString>
  <java.net.URL>http://localhost:8080/ecommunications_enu_nsm_aps05524a027/start.swe</java.net.URL>
</httpSample>
<httpSample t="{{\d+}}" it="0" lt="{{\d+}}" ct="{{\d+}}" ts="{{\d+}}" s="true" lb="{{\d+}} /ecommunications_enu_nsm_aps05524a027/start.swe" rc="200" rm="OK" tn="Thread Group 1-1" dt="text" de="utf-8" by="2920" sby="1428" sc="1" ec="0" ng="1" na="1" hn="{{.*?}}">
  <responseHeader class="java.lang.String">HTTP/1.1 200 OK
Connection: close
Server: Oracle-iPlanet-Web-Server/7.0
Date: Tue, 23 Jun 2020 13:11:30 GMT
Content-Language: en
Cache-Control: private
Content-Type: text/html;charset=utf-8
Matched-Stub-Id: {{\w+-\w+-\w+-\w+-\w+}}
Vary: Accept-Encoding, User-Agent
Content-Encoding: gzip
</responseHeader>
  <requestHeader class="java.lang.String">Connection: close
Referer: http://localhost:8080/ecommunications_enu_nsm_aps05524a027/start.swe?SWECmd=ShowPopupFrames&amp;SWEDIC=1&amp;SWEU=/ecommunications_enu_nsm_aps05524a027/start.swe%3fSWEField%3d%26SWEMethod%3dShowPopup%26SWECmd%3dInvokeMethod%26SWEView%3dBT%2bContact%2bAt%2bView%26SWEC%3d23%26SWEM%3dEdit%2bList%26SRN%3dxK7T2pIB2ZOV15hwlQxQF5reKcoUB8VpMTZr7we8uAEb%26SWEApplet%3dBT%2bContact%2bForm%2bApplet%26SWETA%3dBT%2bISC%2bEdit%2bMMN%2bApplet%26SWESP%3d1%26SRN%3dxK7T2pIB2ZOV15hwlQxQF5reKcoUB8VpMTZr7we8uAEb&amp;SRN=xK7T2pIB2ZOV15hwlQxQF5reKcoUB8VpMTZr7we8uAEb
Accept-Language: en-GB
DNT: 1
Accept-Encoding: gzip, deflate
Accept: image/jpeg, application/x-ms-application, image/gif, application/xaml+xml, image/pjpeg, application/x-ms-xbap, */*
User-Agent: Mozilla/4.0 (compatible; MSIE 7.0; Windows NT 6.3; WOW64; Trident/7.0; .NET4.0E; .NET4.0C; .NET CLR 3.5.30729; .NET CLR 2.0.50727; .NET CLR 3.0.30729)
Host: localhost:8080
</requestHeader>
  <responseData class="java.lang.String">&lt;HTML  OT=&apos;SiebWebPopupWindow&apos;&gt;&lt;head&gt;&lt;title&gt;Change Records&lt;/title&gt;&lt;link href=&quot;files/main.css&quot; rel=&quot;stylesheet&quot;/&gt;
&lt;script language=&quot;javascript&quot; src=&quot;23048/scripts/swecommon.js&quot;&gt;&lt;/script&gt; 
&lt;script language=&quot;javascript&quot; src=&quot;23048/scripts/swecmn_hi.js&quot;&gt;&lt;/script&gt; 
&lt;script language=&quot;javascript&quot; src=&quot;23048/scripts/swecmn_li.js&quot;&gt;&lt;/script&gt; 
&lt;script language=&quot;javascript&quot; src=&quot;23048/scripts/sweutil_c_o.js&quot;&gt;&lt;/script&gt; 
&lt;/head&gt;&lt;script language=&quot;javascript&quot; src=&quot;23048/scripts/AppletTitle.js&quot;&gt;&lt;/script&gt;&lt;script language=&quot;javascript&quot; src=&quot;23048/scripts/IeVersion.js&quot;&gt;&lt;/script&gt;&lt;script language=&quot;javascript&quot; src=&quot;23048/scripts/ResizeApplet.js&quot;&gt;&lt;/script&gt;&lt;body bgcolor=&quot;#dedede&quot; topmargin=&quot;0&quot; leftmargin=&quot;0&quot; marginwidth=&quot;0&quot; marginheight=&quot;0&quot; onbeforeunload=&quot;ResizeApplet();&quot;&gt;&lt;script&gt;
 if (typeof(top.EventHandler)!=&apos;undefined&apos; &amp;&amp; top.EventHandler!=null) this.EventHandler = top.EventHandler;
else if (opener != null &amp;&amp; opener.top.PopupEventHandler != null &amp;&amp; typeof(opener.top.PopupEventHandler)!=&apos;undefined&apos;)
this.EventHandler = opener.top.PopupEventHandler;
function HandleKeyUp(e) {
 if(!document.all) event=e;
 if( typeof(EventHandler)!=&apos;undefined&apos; &amp;&amp; EventHandler !=null ) EventHandler(this, event);
}
if(!document.all) document.captureEvents(Event.KEYUP);
this.document.onkeyup = HandleKeyUp;
&lt;/script&gt;
&lt;link href=&quot;files/main.css&quot; rel=&quot;stylesheet&quot;/&gt;&lt;form name=&quot;SWEForm4_0&quot; method=&quot;post&quot; action=&quot;/ecommunications_enu_nsm_aps05524a027/start.swe&quot; &gt;
&lt;table datatable=&quot;0&quot; summary=&quot;&quot; width=&quot;100%&quot; cellspacing=&quot;0&quot; cellpadding=&quot;0&quot; border=&quot;0&quot; align=&quot;center&quot;&gt;&lt;tr valign=&quot;top&quot;&gt;&lt;td class=&quot;AppletStylePopup&quot;&gt;&lt;table datatable=&quot;0&quot; summary=&quot;&quot; class=&quot;AppletBack&quot; valign=&quot;top&quot; width=&quot;100%&quot; cellpadding=&quot;0&quot; cellspacing=&quot;0&quot; border=&quot;0&quot;&gt;&lt;tr valign=&quot;top&quot;&gt;&lt;td&gt;&lt;table datatable=&quot;0&quot; summary=&quot;&quot; width=&quot;100%&quot; class=&quot;AppletBack&quot; border=&quot;0&quot; cellspacing=&quot;2&quot; cellpadding=&quot;1&quot; align=&quot;center&quot;&gt;&lt;/table&gt;&lt;table datatable=&quot;0&quot; summary=&quot;&quot; class=&quot;AppletBack&quot; border=&quot;0&quot; cellpadding=&quot;0&quot; cellspacing=&quot;0&quot;&gt;&lt;tr valign=&quot;top&quot;&gt;&lt;td&gt;&lt;table datatable=&quot;0&quot; summary=&quot;&quot; border=&quot;0&quot; cellspacing=&quot;2&quot; cellpadding=&quot;1&quot; align=&quot;center&quot;&gt;&lt;tr&gt;&lt;td colspan=&quot;2&quot;&gt;&lt;table height=&quot;24&quot; width=&quot;100%&quot; class=&quot;FormSection&quot;&gt;&lt;tr&gt;&lt;td class=&quot;FormSection&quot;&gt;&lt;b&gt;1st Field to Change&lt;/b&gt;&lt;/td&gt;&lt;/tr&gt;&lt;/table&gt;&lt;/td&gt;&lt;/tr&gt;&lt;tr valign=&quot;top&quot;&gt;&lt;td class=&quot;scLabelRight&quot; nowrap&gt;Field&lt;/td&gt;&lt;td class=&quot;scField&quot; width=&quot;100%&quot;&gt;&lt;table datatable=&quot;0&quot; summary=&quot;&quot; cellpadding=&quot;0&quot; cellspacing=&quot;0&quot; border=&quot;0&quot;&gt;&lt;tr&gt;&lt;td class=&quot;scField&quot; &gt;&lt;nobr&gt;&lt;select name=&quot;s_4_1_307_0&quot;  id=&apos;s_4_1_307_0&apos; tabindex=1 &gt;
&lt;/select&gt;
&lt;/nobr&gt;&lt;/td&gt;&lt;td&gt;&amp;nbsp;&lt;/td&gt;&lt;/tr&gt;&lt;/table&gt;&lt;/td&gt;&lt;/tr&gt;&lt;tr valign=&quot;top&quot;&gt;&lt;td class=&quot;scLabelRight&quot; nowrap&gt;Value&lt;/td&gt;&lt;td class=&quot;scField&quot; width=&quot;100%&quot;&gt;&lt;table datatable=&quot;0&quot; summary=&quot;&quot; cellpadding=&quot;0&quot; cellspacing=&quot;0&quot; border=&quot;0&quot;&gt;&lt;tr&gt;&lt;td class=&quot;scField&quot; &gt;&lt;nobr&gt;&lt;input type=&quot;text&quot; name=&apos;s_4_1_308_0&apos; value=&apos;&apos;  id=&apos;s_4_1_308_0&apos; tabindex=2  maxlength=&quot;1024&quot;&gt;&lt;/nobr&gt;&lt;/td&gt;&lt;td&gt;&amp;nbsp;&lt;/td&gt;&lt;/tr&gt;&lt;/table&gt;&lt;/td&gt;&lt;/tr&gt;&lt;tr&gt;&lt;td colspan=&quot;2&quot;&gt;&lt;table height=&quot;24&quot; width=&quot;100%&quot; class=&quot;FormSection&quot;&gt;&lt;tr&gt;&lt;td class=&quot;FormSection&quot;&gt;&lt;b&gt;Third Field to Change&lt;/b&gt;&lt;/td&gt;&lt;/tr&gt;&lt;/table&gt;&lt;/td&gt;&lt;/tr&gt;&lt;tr valign=&quot;top&quot;&gt;&lt;td class=&quot;scLabelRight&quot; nowrap&gt;Field&lt;/td&gt;&lt;td class=&quot;scField&quot; width=&quot;100%&quot;&gt;&lt;table datatable=&quot;0&quot; summary=&quot;&quot; cellpadding=&quot;0&quot; cellspacing=&quot;0&quot; border=&quot;0&quot;&gt;&lt;tr&gt;&lt;td class=&quot;scField&quot; &gt;&lt;nobr&gt;&lt;select name=&quot;s_4_1_309_0&quot;  id=&apos;s_4_1_309_0&apos; tabindex=5 &gt;
&lt;/select&gt;
&lt;/nobr&gt;&lt;/td&gt;&lt;td&gt;&amp;nbsp;&lt;/td&gt;&lt;/tr&gt;&lt;/table&gt;&lt;/td&gt;&lt;/tr&gt;&lt;tr valign=&quot;top&quot;&gt;&lt;td class=&quot;scLabelRight&quot; nowrap&gt;Value&lt;/td&gt;&lt;td class=&quot;scField&quot; width=&quot;100%&quot;&gt;&lt;table datatable=&quot;0&quot; summary=&quot;&quot; cellpadding=&quot;0&quot; cellspacing=&quot;0&quot; border=&quot;0&quot;&gt;&lt;tr&gt;&lt;td class=&quot;scField&quot; &gt;&lt;nobr&gt;&lt;input type=&quot;text&quot; name=&apos;s_4_1_310_0&apos; value=&apos;&apos;  id=&apos;s_4_1_310_0&apos; tabindex=6  maxlength=&quot;1024&quot;&gt;&lt;/nobr&gt;&lt;/td&gt;&lt;td&gt;&amp;nbsp;&lt;/td&gt;&lt;/tr&gt;&lt;/table&gt;&lt;/td&gt;&lt;/tr&gt;&lt;/table&gt;&lt;/td&gt;&lt;td&gt;&lt;table datatable=&quot;0&quot; summary=&quot;&quot; border=&quot;0&quot; cellspacing=&quot;2&quot; cellpadding=&quot;1&quot;&gt;&lt;tr&gt;&lt;td colspan=&quot;2&quot;&gt;&lt;table height=&quot;24&quot; width=&quot;100%&quot; class=&quot;FormSection&quot;&gt;&lt;tr&gt;&lt;td class=&quot;FormSection&quot;&gt;&lt;b&gt;2nd Field to Change&lt;/b&gt;&lt;/td&gt;&lt;/tr&gt;&lt;/table&gt;&lt;/td&gt;&lt;/tr&gt;&lt;tr valign=&quot;top&quot;&gt;&lt;td class=&quot;scLabelRight&quot; nowrap&gt;Field&lt;/td&gt;&lt;td class=&quot;scField&quot; width=&quot;100%&quot;&gt;&lt;table datatable=&quot;0&quot; summary=&quot;&quot; cellpadding=&quot;0&quot; cellspacing=&quot;0&quot; border=&quot;0&quot;&gt;&lt;tr&gt;&lt;td class=&quot;scField&quot; &gt;&lt;nobr&gt;&lt;select name=&quot;s_4_1_311_0&quot;  id=&apos;s_4_1_311_0&apos; tabindex=3 &gt;
&lt;/select&gt;
&lt;/nobr&gt;&lt;/td&gt;&lt;td&gt;&amp;nbsp;&lt;/td&gt;&lt;/tr&gt;&lt;/table&gt;&lt;/td&gt;&lt;/tr&gt;&lt;tr valign=&quot;top&quot;&gt;&lt;td class=&quot;scLabelRight&quot; nowrap&gt;Value&lt;/td&gt;&lt;td class=&quot;scField&quot; width=&quot;100%&quot;&gt;&lt;table datatable=&quot;0&quot; summary=&quot;&quot; cellpadding=&quot;0&quot; cellspacing=&quot;0&quot; border=&quot;0&quot;&gt;&lt;tr&gt;&lt;td class=&quot;scField&quot; &gt;&lt;nobr&gt;&lt;input type=&quot;text&quot; name=&apos;s_4_1_312_0&apos; value=&apos;&apos;  id=&apos;s_4_1_312_0&apos; tabindex=4  maxlength=&quot;1024&quot;&gt;&lt;/nobr&gt;&lt;/td&gt;&lt;td&gt;&amp;nbsp;&lt;/td&gt;&lt;/tr&gt;&lt;/table&gt;&lt;/td&gt;&lt;/tr&gt;&lt;tr&gt;&lt;td colspan=&quot;2&quot;&gt;&lt;table height=&quot;24&quot; width=&quot;100%&quot; class=&quot;FormSection&quot;&gt;&lt;tr&gt;&lt;td class=&quot;FormSection&quot;&gt;&lt;b&gt;4th Field to Change&lt;/b&gt;&lt;/td&gt;&lt;/tr&gt;&lt;/table&gt;&lt;/td&gt;&lt;/tr&gt;&lt;tr valign=&quot;top&quot;&gt;&lt;td class=&quot;scLabelRight&quot; nowrap&gt;Field&lt;/td&gt;&lt;td class=&quot;scField&quot; width=&quot;100%&quot;&gt;&lt;table datatable=&quot;0&quot; summary=&quot;&quot; cellpadding=&quot;0&quot; cellspacing=&quot;0&quot; border=&quot;0&quot;&gt;&lt;tr&gt;&lt;td class=&quot;scField&quot; &gt;&lt;nobr&gt;&lt;select name=&quot;s_4_1_313_0&quot;  id=&apos;s_4_1_313_0&apos; tabindex=7 &gt;
&lt;/select&gt;
&lt;/nobr&gt;&lt;/td&gt;&lt;td&gt;&amp;nbsp;&lt;/td&gt;&lt;/tr&gt;&lt;/table&gt;&lt;/td&gt;&lt;/tr&gt;&lt;tr valign=&quot;top&quot;&gt;&lt;td class=&quot;scLabelRight&quot; nowrap&gt;Value&lt;/td&gt;&lt;td class=&quot;scField&quot; width=&quot;100%&quot;&gt;&lt;table datatable=&quot;0&quot; summary=&quot;&quot; cellpadding=&quot;0&quot; cellspacing=&quot;0&quot; border=&quot;0&quot;&gt;&lt;tr&gt;&lt;td class=&quot;scField&quot; &gt;&lt;nobr&gt;&lt;input type=&quot;text&quot; name=&apos;s_4_1_314_0&apos; value=&apos;&apos;  id=&apos;s_4_1_314_0&apos; tabindex=997  maxlength=&quot;1024&quot;&gt;&lt;/nobr&gt;&lt;/td&gt;&lt;td&gt;&amp;nbsp;&lt;/td&gt;&lt;/tr&gt;&lt;/table&gt;&lt;/td&gt;&lt;/tr&gt;&lt;/table&gt;&lt;/td&gt;&lt;/tr&gt;&lt;/table&gt;&lt;table datatable=&quot;0&quot; summary=&quot;&quot; class=&quot;AppletBack&quot; border=&quot;0&quot; cellspacing=&quot;2&quot; cellpadding=&quot;1&quot; align=&quot;center&quot;&gt;&lt;/table&gt;&lt;/td&gt;&lt;/tr&gt;&lt;/table&gt;&lt;/td&gt;&lt;/tr&gt;&lt;tr&gt;&lt;td&gt;&lt;table datatable=&quot;0&quot; summary=&quot;&quot; width=&quot;100%&quot; cellpadding=&quot;2&quot; cellspacing=&quot;0&quot; border=&quot;0&quot; class=&quot;AppletStylePopup&quot;&gt;&lt;tr class=&quot;appletbttm&quot;&gt;&lt;td width=&quot;100%&quot;&gt;&lt;img src=&quot;images/spacer.gif&quot; valign=&quot;top&quot; width=&quot;10&quot; height=&quot;20&quot; alt=&quot;&quot;&gt;&lt;/td&gt;&lt;td nowrap&gt;&lt;span class=&quot;minibuttonOn&quot;&gt;&lt;a href=&apos;JavaScript:void(0)&apos; onclick=&apos;SWESubmitForm(document.SWEForm4_0,s_2,&quot;s_4_1_315_0&quot;,&quot;&quot;); return false;&apos;  tabindex=997  id=&apos;s_4_1_315_0&apos;&gt;OK&lt;/a&gt;&lt;/span&gt;&lt;/td&gt;&lt;td nowrap&gt;&lt;span class=&quot;minibuttonOn&quot;&gt;&lt;a href=&apos;JavaScript:void(0)&apos; onclick=&apos;SWESubmitForm(document.SWEForm4_0,s_3,&quot;s_4_1_316_0&quot;,&quot;&quot;); return false;&apos;  tabindex=997  id=&apos;s_4_1_316_0&apos;&gt;Cancel&lt;/a&gt;&lt;/span&gt;&lt;/td&gt;&lt;td&gt;&lt;img src=&quot;images/spacer.gif&quot; valign=&quot;top&quot; width=&quot;10&quot; height=&quot;20&quot; alt=&quot;&quot;&gt;&lt;/td&gt;&lt;/tr&gt;&lt;/table&gt;&lt;/td&gt;&lt;/tr&gt;&lt;/table&gt;&lt;span id=&apos;s_4&apos;&gt;&lt;/span&gt;&lt;/form&gt;
&lt;script&gt;

SWEIsHighInteract = true; Top().SWEIsHighInteract = true;
var s_0=new Array(&quot;&quot;,&quot;BT Hazard&quot;,&quot;Billing Account Number&quot;,&quot;BT NRC Payment Type&quot;,&quot;Due Date&quot;,&quot;BT Appointment&quot;,&quot;BT Appointment Start&quot;,&quot;Status&quot;,&quot;BT Sub-Status&quot;,&quot;BT External Order Reference&quot;,&quot;BT Cessation Reason&quot;,&quot;BT Competitor Details&quot;,&quot;BT Cease Instructions&quot;,&quot;Service Start Date&quot;,&quot;Service End Date&quot;,&quot;BT Appointment Change Reason&quot;,&quot;BT Ship To Address PostCode&quot;,&quot;BT Override Context&quot;,&quot;BT RFP Subcategory&quot;,&quot;BT Billing Override Date&quot;,&quot;BT Service Address Post Code&quot;,&quot;Quantity Requested&quot;,&quot;BT SendReturnsPackaging&quot;,&quot;BT ReplacementType&quot;,&quot;BT On Behalf Of&quot;,&quot;BT Provision Instruction&quot;,&quot;BT Revision Reason&quot;,&quot;Ship To Contact - Last Name&quot;);
var s_1=new Array(&quot;&quot;,&quot;Hazard Notes&quot;,&quot;Billing Account Number&quot;,&quot;NRC Payment Type&quot;,&quot;Customer Agreed Date&quot;,&quot;Appointment Id&quot;,&quot;Appointment&quot;,&quot;Status&quot;,&quot;Sub-Status&quot;,&quot;External Order Reference&quot;,&quot;Reason&quot;,&quot;Competitor&quot;,&quot;Cease Instruction&quot;,&quot;Service Start Date&quot;,&quot;Service End Date&quot;,&quot;Appointment Change Reason&quot;,&quot;Delivery Address&quot;,&quot;Override Context&quot;,&quot;RFP Subcategory&quot;,&quot;Billing Override Date&quot;,&quot;Service Address&quot;,&quot;Qty&quot;,&quot;SendReturnsPackaging&quot;,&quot;ReplacementType&quot;,&quot;On Behalf Of&quot;,&quot;Provision Instructions&quot;,&quot;Revision Reason&quot;,&quot;Ship To Contact&quot;);
var s_2 = {action:&quot;/ecommunications_enu_nsm_aps05524a027/start.swe#SWEApplet4&quot;,target:&quot;_self&quot;,SWECmd:&quot;InvokeMethod&quot;,SWEMethod:&quot;DoChangeRecords&quot;,SWEView:&quot;Order Entry - Line Items Detail View (Sales\)&quot;,SWEApplet:&quot;Change Records Popup Applet (SWE\)&quot;,SWERowIds:&quot;SWERowId0=3-61EV8AO3,SWERowId1=3-61EV8BLC&quot;,SWEReqRowId:&quot;1&quot;,SWESP:&quot;false&quot;,SWENeedContext:&quot;false&quot;,SWEDIC:&quot;true&quot;};
var s_3 = {action:&quot;/ecommunications_enu_nsm_aps05524a027/start.swe#SWEApplet4&quot;,target:&quot;_self&quot;,SWECmd:&quot;InvokeMethod&quot;,SWEMethod:&quot;CloseApplet&quot;,SWEView:&quot;Order Entry - Line Items Detail View (Sales\)&quot;,SWEApplet:&quot;Change Records Popup Applet (SWE\)&quot;,SWERowIds:&quot;SWERowId0=3-61EV8AO3,SWERowId1=3-61EV8BLC&quot;,SWEReqRowId:&quot;0&quot;,SWESP:&quot;false&quot;,SWENeedContext:&quot;false&quot;,SWEDIC:&quot;true&quot;};
var s_4 = new Array(&apos;SWEFo&apos;,&apos;SWEField&apos;,&apos;SWENeedContext&apos;,&apos;SWENoHttpRedir&apos;,&apos;SWEP&apos;,&apos;SWECmd&apos;,&apos;SWEMethod&apos;,&apos;SWERowIds&apos;,&apos;SWESP&apos;,&apos;SWEVI&apos;,&apos;SWESPNR&apos;,&apos;SWEPOC&apos;,&apos;SWESPNH&apos;,&apos;SWEH&apos;,&apos;SWETargetView&apos;,&apos;SWEDIC&apos;,&apos;SWEReqRowId&apos;,&apos;SWEView&apos;,&apos;SWEC&apos;,&apos;SWERowId&apos;,&apos;SWETVI&apos;,&apos;SWEW&apos;,&apos;SWEBID&apos;,&apos;SWEM&apos;,&apos;SRN&apos;,&apos;SWESPa&apos;,&apos;SWETS&apos;,&apos;SWEContainer&apos;,&apos;SWEWN&apos;,&apos;SWEApplet&apos;,&apos;SWETA&apos;);
function SWEDoRefresh(anchor) { location.replace(&apos;/ecommunications_enu_nsm_aps05524a027/start.swe?SWECmd=Refresh&amp;SWEVI=&amp;SWEC=102&amp;SRN=xK7T2pIB2ZOV15hwlQxQF5reKcoUB8VpMTZr7we8uAEb&amp;SWEApplet=Change+Records+Popup+Applet+(SWE\)&apos; + anchor); }
if (typeof(top._samePage) != &apos;undefined&apos; &amp;&amp; top._samePage!=&quot;&quot;) top._samePage = &quot;&quot;;
Top().SWECount = 102;

if(typeof(Top().SWEServerCount)==&apos;undefined&apos; || Top().SWEServerCount&lt;Top().SWECount) {Top().SWEServerCount = Top().SWECount;}
g_bInitialized = true;

var ctrlLookupMap = new Array();
function FindControl (appletName, controlName) { return (ctrlLookupMap [appletName + &quot;.&quot; + controlName]); }
ctrlLookupMap[&quot;Change Records Popup Applet (SWE).Field 1&quot;] = &quot;s_4_1_307_0&quot;;
c_o(&quot;s_4_1_307_0&quot;,s_0,s_1);
ctrlLookupMap[&quot;Change Records Popup Applet (SWE).Value 1&quot;] = &quot;s_4_1_308_0&quot;;
ctrlLookupMap[&quot;Change Records Popup Applet (SWE).Field 3&quot;] = &quot;s_4_1_309_0&quot;;
c_o(&quot;s_4_1_309_0&quot;,s_0,s_1);
ctrlLookupMap[&quot;Change Records Popup Applet (SWE).Value 3&quot;] = &quot;s_4_1_310_0&quot;;
ctrlLookupMap[&quot;Change Records Popup Applet (SWE).Field 2&quot;] = &quot;s_4_1_311_0&quot;;
c_o(&quot;s_4_1_311_0&quot;,s_0,s_1);
ctrlLookupMap[&quot;Change Records Popup Applet (SWE).Value 2&quot;] = &quot;s_4_1_312_0&quot;;
ctrlLookupMap[&quot;Change Records Popup Applet (SWE).Field 4&quot;] = &quot;s_4_1_313_0&quot;;
c_o(&quot;s_4_1_313_0&quot;,s_0,s_1);
ctrlLookupMap[&quot;Change Records Popup Applet (SWE).Value 4&quot;] = &quot;s_4_1_314_0&quot;;
c_h(&quot;s_4&quot;,s_4,new Array(&apos;SWEForm4_0&apos;,&apos;&apos;,&apos;false&apos;,&apos;false&apos;,&apos;2E_BT Order Entry - Line Item List Applet (Sales\)9_ShowPopupA_3-61EV8BLC0_3_102&apos;,&apos;InvokeMethod&apos;,&apos;Refresh&apos;,&apos;SWERowId0=3-61EV8AO3,SWERowId1=3-61EV8BLC&apos;,&apos;false&apos;,&apos;&apos;,&apos;&apos;,&apos;&apos;,&apos;&apos;,&apos;&apos;,&apos;&apos;,&apos;true&apos;,&apos;0&apos;,&apos;Order Entry - Line Items Detail View (Sales\)&apos;,&apos;102&apos;,&apos;&apos;,&apos;&apos;,&apos;&apos;,&apos;-1&apos;,&apos;&apos;,&apos;xK7T2pIB2ZOV15hwlQxQF5reKcoUB8VpMTZr7we8uAEb&apos;,&apos;&apos;,&apos;&apos;,&apos;&apos;,&apos;&apos;,&apos;Change Records Popup Applet (SWE\)&apos;,&apos;&apos;));
&lt;/script&gt;
&lt;script for=window event=onunload&gt;
top.opener.top._swe._sweapp.S_App.SetLayoutUnloaded (&quot;PopupSI&quot;, &quot;Change Records Popup Applet (SWE)&quot;);

OnPageUnload ();
&lt;/script&gt;
&lt;script for=window event=onload&gt;
top.opener.top._swe._sweapp.S_App.SetLayoutLoaded (&quot;PopupSI&quot;, &quot;Change Records Popup Applet (SWE)&quot;, window);

top.document.title=&quot;Change Records&quot;;

&lt;/script&gt;
&lt;/body&gt;&lt;/html&gt;&lt;a id=&quot;SWEEndAppletStartAnchor_4&quot; href=&quot;javascript:void(0);&quot; tabindex=&quot;999&quot;&gt;&lt;/a&gt;&lt;a id=&quot;SWEEndAppletEndAnchor_4&quot; href=&quot;javascript:void(0);&quot; tabindex=&quot;999&quot; onfocus=&quot;document.getElementById(&apos;SWEEndAppletStartAnchor_4&apos;).focus();&quot;&gt;&lt;/a&gt;</responseData>
  <responseFile class="java.lang.String"></responseFile>
  <cookies class="java.lang.String">_sn=GXmoeGkdwh1O45lrH7mMIZnLMWvqHkVWiQKqDOICOq1fi95anXYMaCRAX879ujDRD9kS4J75N4kGDX576Q2AKmwZPUBih-4NS80Pc1189OxasEbdAsHiEtIhcnCzZ0zWb5V6QpVraL0TTGU4ktkGZq374g8C0pUBRhKVASKeW21TgUW5eIkswq97I-.qG-kr; _srn=_srn; SWEUAID=SWEUAID</cookies>
  <method class="java.lang.String">GET</method>
  <queryString class="java.lang.String"></queryString>
  <java.net.URL>http://localhost:8080/ecommunications_enu_nsm_aps05524a027/start.swe?SWECmd=GetCachedFrame&amp;SWEC=102&amp;SWEFrame=top._sweclient._swecontent._sweview._swetmp&amp;SRN=xK7T2pIB2ZOV15hwlQxQF5reKcoUB8VpMTZr7we8uAEb&amp;SWESP=1&amp;SRN=xK7T2pIB2ZOV15hwlQxQF5reKcoUB8VpMTZr7we8uAEb</java.net.URL>
</httpSample>
<httpSample t="{{\d+}}" it="0" lt="{{\d+}}" ct="{{\d+}}" ts="{{\d+}}" s="true" lb="{{\d+}} /ecommunications_enu_nsm_aps05524a027/start.swe" rc="200" rm="OK" tn="Thread Group 1-1" dt="text" de="utf-8" by="2379" sby="1818" sc="1" ec="0" ng="1" na="1" hn="{{.*?}}">
  <responseHeader class="java.lang.String">HTTP/1.1 200 OK
Connection: close
Server: Oracle-iPlanet-Web-Server/7.0
Date: Tue, 23 Jun 2020 13:11:46 GMT
Content-Language: en
Cache-Control: private
Content-Type: text/html;charset=utf-8
Matched-Stub-Id: {{\w+-\w+-\w+-\w+-\w+}}
Vary: Accept-Encoding, User-Agent
Content-Encoding: gzip
</responseHeader>
  <requestHeader class="java.lang.String">Connection: close
Referer: http://localhost:8080/ecommunications_enu_nsm_aps05524a027/start.swe?SWECmd=GetCachedFrame&amp;SWEC=102&amp;SWEFrame=top._sweclient._swecontent._sweview._swetmp&amp;SRN=xK7T2pIB2ZOV15hwlQxQF5reKcoUB8VpMTZr7we8uAEb&amp;SWESP=1&amp;SRN=xK7T2pIB2ZOV15hwlQxQF5reKcoUB8VpMTZr7we8uAEb
Accept-Language: en-GB
DNT: 1
Pragma: no-cache
Accept: image/jpeg, application/x-ms-application, image/gif, application/xaml+xml, image/pjpeg, application/x-ms-xbap, */*
Content-Type: application/x-www-form-urlencoded
Accept-Encoding: gzip, deflate
User-Agent: Mozilla/4.0 (compatible; MSIE 7.0; Windows NT 6.3; WOW64; Trident/7.0; .NET4.0E; .NET4.0C; .NET CLR 3.5.30729; .NET CLR 2.0.50727; .NET CLR 3.0.30729)
Content-Length: 769
Host: localhost:8080
</requestHeader>
  <responseData class="java.lang.String">&lt;html&gt;&lt;body&gt;
&lt;script language=&quot;javascript&quot; src=&quot;23048/scripts/swecommon.js&quot;&gt;&lt;/script&gt;&lt;script&gt; if (top.opener != null) {
if (top.opener.SWEDoRefresh != null){
 top.opener.SWERefresh(&quot;&quot;,&quot;&quot;,&quot;&quot;);
 App().ClosePopup();
}
else {
 var app=top.opener.top._swe._sweapp.S_App; app.ProcessRPCInfo (&apos;@0`1`4`3``0`UC`1`Status`ClosePopup`SWEC`102`SRN`xK7T2pIB2ZOV15hwlQxQF5reKcoUB8VpMTZr7we8uAEb`0`47`Notifications`0`2`0``0`OP`bn`bc`S_BC2`7`0``0`br`0`ArgsArray`46*BT Order Entry - Line Item List Applet (Sales\)14**QueryComboBox1*?14**QuerySrchSpec1*?13**HTML Hidden21*?`size`16`cr`0`OP`g`bc`S_BC2`type`SWEIPrivFlds`8`0``0`br`0`value`0`ar`0`state`n`size`16`cr`0`OP`sc`bc`S_BC2`8`0``0`br`0`value`1`ar`1`state`cp`size`16`cr`0`OP`sc`bc`S_BC2`8`0``0`br`0`value`0`ar`1`state`cp`size`16`cr`0`OP`sc`bc`S_BC2`8`0``0`br`0`value`1`ar`2`state`cp`size`16`cr`0`OP`sc`bc`S_BC2`8`0``0`br`0`value`0`ar`2`state`cp`size`16`cr`0`OP`sc`bc`S_BC2`8`0``0`br`0`value`1`ar`6`state`cp`size`16`cr`0`OP`sc`bc`S_BC2`8`0``0`br`0`value`0`ar`6`state`cp`size`16`cr`0`OP`sc`bc`S_BC2`8`0``0`br`0`value`1`ar`10`state`cp`size`16`cr`0`OP`sc`bc`S_BC2`8`0``0`br`0`value`0`ar`10`state`cp`size`16`cr`0`OP`sc`bc`S_BC2`8`0``0`br`0`value`1`ar`11`state`cp`size`16`cr`0`OP`sc`bc`S_BC2`8`0``0`br`0`value`0`ar`11`state`cp`size`16`cr`0`OP`sc`bc`S_BC2`8`0``0`br`0`ar`11`size`16`index`0`cr`0`OP`dw`bc`S_BC2`nr`-1`7`1``0`br`0`ar`11`size`16`index`0`cr`0`OP`iw`bc`S_BC2`1`0`FieldValues`0`ValueArray`0*0*11*In-Progress7*Pending0*2*OF8*S01546530*0*9*Promotion0*10*3-61EV8AO30*1*10*1*15*Blank22*BB UN BB 15GB  (31.50\)4*31.53*GBP10*06/23/20200*0*0*10*3-61EV8C9M22*Monthly/Quarterly Bill19*06/23/2020 14:02:520*0*3*Add7*Pending11*In-Progress0*0*1*19*Per Month0*0*0*0*10*Blazemeter0*7*Default1*N0*0*0*0*0*0*0*0*0*0*0*0*15*VOL013-61EV8BLC0*0*0*0*0*1*N1*01*10*0*0*0*0*0*0*0*4*Demo1*N1*N1*N19*06/23/2020 14:02:521*N0*0*0*4*31.51*Y0*0*0*0*0*4*Good10*3-61EV8BLC1*01*N1*N`7`1``0`br`0`ar`11`size`16`index`1`cr`0`OP`iw`bc`S_BC2`1`0`FieldValues`0`ValueArray`0*15*VOL013-61EV8BLC11*In-Progress7*Pending0*2*DF8*S01554490*0*7*Product0*10*3-61EV8AO30*1*10*1*25*Blank35*BT Home Hub 2.0 (Not for new sales\)2*463*GBP10*06/23/20200*0*0*10*3-61EV8C9M22*Monthly/Quarterly Bill19*06/23/2020 14:02:520*0*3*Add7*Pending11*In-Progress0*0*1*14*Each0*0*0*0*10*Blazemeter0*7*Default1*N0*12*Out Of Stock7*FY3 9QX8*Standard0*0*0*0*0*0*0*0*15*VOL013-61EV8BLE0*0*0*0*41*169, Preston Old Road, Blackpool, FY3 9QX1*N1*01*10*13*NotApplicable0*0*0*0*0*0*4*Demo1*N1*N1*Y19*06/23/2020 14:02:521*N0*0*0*2*461*Y0*0*0*4*Free0*4*Good10*3-61EV8BLE1*01*N1*N`7`1``0`br`0`ar`11`size`16`index`2`cr`0`OP`iw`bc`S_BC2`1`0`FieldValues`0`ValueArray`0*15*VOL013-61EV8BLC11*In-Progress7*Pending0*2*DF8*S01554510*0*7*Product0*10*3-61EV8AO30*1*10*1*35*Blank19*Hub Phone 2.1 Black4*40.93*GBP10*06/23/20200*0*0*10*3-61EV8C9M22*Monthly/Quarterly Bill19*06/23/2020 14:02:520*0*3*Add7*Pending11*In-Progress0*0*1*14*Each0*0*0*0*10*Blazemeter0*7*Default1*N0*12*Out Of Stock7*FY3 9QX8*Standard0*0*0*0*0*0*0*0*15*VOL013-61EV8BLY0*0*0*0*41*169, Preston Old Road, Blackpool, FY3 9QX1*N1*01*10*13*NotApplicable0*0*0*0*0*0*4*Demo1*N1*N1*Y19*06/23/2020 14:02:521*N0*0*0*4*40.91*Y0*0*0*4*Free0*4*Good10*3-61EV8BLY1*01*N1*N`7`1``0`br`0`ar`11`size`16`index`3`cr`0`OP`iw`bc`S_BC2`1`0`FieldValues`0`ValueArray`0*15*VOL013-61EV8BLC11*In-Progress7*Pending0*2*OF8*S01546740*0*7*Product0*10*3-61EV8AO30*1*10*1*45*Blank70*DISCOUNT BB AQ BB Unltd (36.00\) GBP 4.80 off for 3mnths 18mnths cntrct4*-4.83*GBP10*06/23/20200*0*0*10*3-61EV8C9M22*Monthly/Quarterly Bill19*06/23/2020 14:02:520*0*3*Add7*Pending11*In-Progress0*0*1*19*Per Month0*0*0*0*10*Blazemeter0*7*Default1*N0*12*Out Of Stock0*0*0*0*0*0*0*0*0*0*15*VOL013-61EV8BMI0*0*0*0*0*1*N1*01*10*0*0*0*0*0*0*0*4*Demo1*N1*N1*N19*06/23/2020 14:02:521*N0*0*0*4*-4.81*Y0*0*0*0*0*4*Good10*3-61EV8BMI1*01*N1*N`7`1``0`br`0`ar`11`size`16`index`4`cr`0`OP`iw`bc`S_BC2`1`0`FieldValues`0`ValueArray`8*Standard15*VOL013-61EV8BLC11*In-Progress7*Pending0*2*OF8*S01546900*0*7*Product0*10*3-61EV8AO30*1*10*1*55*Blank65*Contract BB AQ BB Unltd (36.00\) GBP off for 3mnths 18mnths cntrct1*03*GBP10*06/23/20200*0*0*10*3-61EV8C9M22*Monthly/Quarterly Bill19*06/23/2020 14:02:520*0*3*Add7*Pending11*In-Progress0*0*1*19*Per Month0*0*0*0*10*Blazemeter0*7*Default1*N0*12*Out Of Stock0*0*0*0*0*0*0*0*0*0*15*VOL013-61EV8BN30*0*0*0*0*1*N1*01*10*0*0*0*0*0*0*0*4*Demo1*N1*N1*N19*06/23/2020 14:02:521*N0*0*0*1*01*Y0*0*0*0*0*4*Good10*3-61EV8BN31*01*N1*N`7`1``0`br`0`ar`11`size`16`index`5`cr`0`OP`iw`bc`S_BC2`1`0`FieldValues`0`ValueArray`0*15*VOL013-61EV8BLC11*In-Progress7*Pending0*5*OTHER8*S01458680*0*7*Product0*10*3-61EV8AO30*1*10*1*65*Blank17*BB Access Service1*03*GBP10*06/23/202010*3-61EV8AO811*012123456780*10*3-61EV8C9M22*Monthly/Quarterly Bill19*06/23/2020 14:02:520*0*3*Add7*Pending11*In-Progress0*0*1*19*Per Month0*24*1st line/no prev service0*0*10*Blazemeter0*7*Default1*N0*0*0*0*0*0*0*0*0*0*0*0*15*VOL013-61EV8BNQ0*0*0*7*FY3 9QX0*1*N1*01*10*0*0*0*0*0*0*0*4*Demo1*N1*N1*N19*06/23/2020 14:02:521*N0*0*0*1*01*Y0*0*0*0*0*4*Good10*3-61EV8BNQ1*01*Y1*Y`7`1``0`br`0`ar`11`size`16`index`6`cr`0`OP`iw`bc`S_BC2`1`0`FieldValues`0`ValueArray`0*0*11*In-Progress7*Pending10*3-61EV8BNQ5*OTHER8*S03034490*0*7*Product0*10*3-61EV8AO30*1*10*3*6.15*Blank33*Non-working day activation charge1*03*GBP10*06/23/20200*0*0*0*22*Monthly/Quarterly Bill0*0*0*3*Add7*Pending11*In-Progress0*0*1*14*Each0*0*0*0*0*0*7*Default1*N0*0*0*0*0*0*0*0*0*0*0*0*15*VOL013-61EV8BOT0*0*0*0*0*1*N1*01*10*0*0*0*0*0*0*0*0*1*N1*N1*N0*1*N0*0*0*1*01*Y0*0*0*0*0*0*10*3-61EV8BOT2*001*N1*N`7`1``0`br`0`ar`11`size`16`index`7`cr`0`OP`iw`bc`S_BC2`1`0`FieldValues`0`ValueArray`0*0*11*In-Progress7*Pending10*3-61EV8BNQ0*8*S01314760*0*7*Product0*10*3-61EV8AO30*1*10*3*6.25*Blank13*Standard Care1*03*GBP10*06/23/20200*0*0*0*22*Monthly/Quarterly Bill0*0*0*3*Add7*Pending11*In-Progress0*0*1*19*Per Month0*0*0*0*0*0*7*Default0*0*0*0*0*0*0*0*0*0*0*0*0*15*VOL013-61EV8BOW0*0*0*0*0*1*N0*1*10*0*0*0*0*0*0*0*0*1*N1*N1*N0*1*N0*0*0*1*01*Y0*0*0*0*0*0*10*3-61EV8BOW2*011*N1*N`7`1``0`br`0`ar`11`size`16`index`8`cr`0`OP`iw`bc`S_BC2`1`0`FieldValues`0`ValueArray`0*15*VOL013-61EV8BLC11*In-Progress7*Pending0*5*OTHER8*S01458690*0*7*Product0*10*3-61EV8AO30*1*10*1*75*Blank11*ISP Service1*03*GBP10*06/23/20200*13*oneview.cisp10*10*3-61EV8C9M22*Monthly/Quarterly Bill19*06/23/2020 14:02:520*0*3*Add7*Pending11*In-Progress0*0*1*19*Per Month0*0*0*0*10*Blazemeter0*7*Default1*N0*0*0*0*0*0*0*0*0*0*0*0*15*VOL013-61EV8BT60*0*0*7*FY3 9QX0*1*N1*01*10*0*0*0*0*0*0*0*4*Demo1*N1*N1*N19*06/23/2020 14:02:521*N0*0*0*1*01*Y0*0*0*0*0*4*Good10*3-61EV8BT61*01*Y1*Y`7`1``0`br`0`ar`11`size`16`index`9`cr`0`OP`iw`bc`S_BC2`1`0`FieldValues`0`ValueArray`0*0*11*In-Progress7*Pending10*3-61EV8BT65*OTHER8*S01458720*0*7*Product0*10*3-61EV8AO30*1*10*3*7.15*Blank14*ISP Transients1*03*GBP10*06/23/20200*0*0*0*22*Monthly/Quarterly Bill0*0*0*3*Add7*Pending11*In-Progress0*0*1*10*0*0*0*0*0*0*7*Default0*0*0*0*0*0*0*0*0*0*0*0*0*15*VOL013-61EV8BU00*0*0*0*0*1*N0*1*10*0*0*0*0*0*0*0*0*1*N1*N1*N0*1*N0*0*0*1*01*Y0*0*0*0*0*0*10*3-61EV8BU02*011*N1*N`7`1``0`br`0`ar`11`size`16`index`10`cr`0`OP`iw`bc`S_BC2`1`0`FieldValues`0`ValueArray`0*0*11*In-Progress7*Pending0*2*DF8*S02077970*0*7*Product0*10*3-61EV8AO30*1*10*1*85*Blank15*Delivery Charge1*03*GBP10*06/23/20200*0*0*10*3-61EV8C9M22*Monthly/Quarterly Bill19*06/23/2020 00:00:000*0*3*Add7*Pending11*In-Progress0*0*1*14*Each0*0*0*0*10*Blazemeter0*7*Default1*N0*7*Stocked7*FY3 9QX0*0*0*0*0*0*0*0*0*15*VOL013-61EV8CBR0*0*0*0*41*169, Preston Old Road, Blackpool, FY3 9QX1*N1*01*10*13*NotApplicable0*0*0*0*0*0*4*Demo1*N1*N1*N19*06/23/2020 14:02:521*N0*0*0*1*01*Y0*0*0*0*0*4*Good10*3-61EV8CBR1*01*N1*N`7`1``0`br`0`ar`11`size`16`index`11`cr`0`OP`iw`bc`S_BC2`1`0`FieldValues`0`ValueArray`0*0*11*In-Progress7*Pending0*6*BFPOST8*S03490180*0*7*Product0*10*3-61EV8AO30*1*10*1*95*Blank49*BT broadband - activation and Installation charge5*59.993*GBP10*06/23/20200*0*0*10*3-61EV8C9M22*Monthly/Quarterly Bill19*06/23/2020 00:00:000*0*3*Add7*Pending11*In-Progress0*0*1*14*Each0*0*0*0*10*Blazemeter0*7*Default1*N0*0*0*0*0*0*0*0*0*0*0*0*15*VOL013-61EV8CM00*0*0*0*0*1*N1*01*10*0*0*0*0*0*0*0*4*Demo1*N1*N1*N19*06/23/2020 14:02:521*N0*0*0*5*59.991*Y0*0*0*0*0*4*Good10*3-61EV8CM01*11*N1*N`8`0``0`br`0`value`1`ar`11`state`bExecuted`size`16`cr`0`OP`sc`bc`S_BC2`8`0``0`br`0`value`11`ar`11`state`activeRow`size`16`cr`0`OP`sc`bc`S_BC2`8`0``0`br`0`value`0`ar`11`state`cp`size`16`cr`0`OP`sc`bc`S_BC2`8`0``0`br`0`value`0`ar`11`state`np`size`16`cr`0`OP`sc`bc`S_BC2`8`0``0`br`0`value`1`ar`11`state`n`size`16`cr`0`OP`sc`bc`S_BC2`8`0``0`br`0`value`0`ar`11`state`n`size`16`cr`0`OP`sc`bc`S_BC2`8`0``0`br`0`value`1`ar`11`state`n`size`16`cr`0`OP`sc`bc`S_BC2`8`0``0`br`0`value`0`ar`11`state`n`size`16`cr`0`OP`sc`bc`S_BC2`8`0``0`br`0`value`1`ar`11`state`n`size`16`cr`0`OP`sc`bc`S_BC2`8`0``0`br`0`value`0`ar`0`state`n`size`16`cr`0`OP`sc`bc`S_BC2`8`0``0`br`0`value`1`ar`0`state`n`size`16`cr`0`OP`sc`bc`S_BC2`6`0``0`br`0`ar`0`size`16`cr`0`OP`nar`bc`S_BC2`8`0``0`br`0`value`0`ar`0`state`n`size`16`cr`0`OP`sc`bc`S_BC2`8`0``0`br`0`value`1`ar`0`state`n`size`16`cr`0`OP`sc`bc`S_BC2`6`0``0`br`0`ar`0`size`16`cr`0`OP`nar`bc`S_BC2`6`0``0`br`0`ar`0`size`16`cr`0`OP`nd`bc`S_BC2`6`0``0`br`0`ar`0`size`16`cr`0`OP`cs`bc`S_BC2`8`0``0`br`0`ArgsArray`46*BT Order Entry - Line Item List Applet (Sales\)`ar`0`size`16`cr`0`OP`g`bc`S_BC2`type`ClosePopup`8`0``0`br`0`value`0`ar`0`state`n`size`16`cr`0`OP`sc`bc`S_BC2`8`0``0`br`0`value`1`ar`0`state`n`size`16`cr`0`OP`sc`bc`S_BC2`2`0``0`OP`en`bc`S_BC2`3`0`hui`0`n`Order Line Items Detail: VOL013-473260748547`hupd`1`hnact`top._swe._sweapp.S_App.GotoView(&amp;quot;Order Entry - Line Items Detail View (Sales\\\)&amp;quot;, &amp;quot;&amp;quot;, &amp;quot;/ecommunications_enu_nsm_aps05524a027/start.swe?SWENeedContext=false&amp;amp;SWECmd=GotoBookmarkView&amp;amp;SWEBMC=95&amp;amp;SWEC=95&amp;amp;SRN=xK7T2pIB2ZOV15hwlQxQF5reKcoUB8VpMTZr7we8uAEb&amp;quot;, top._sweclient._swecontent._sweview\)`1`6`Command Manager`0`RefreshToolbar`true`7`0`StateToolBar`0`#35`true`#36`true`#17`true`#34`true`#8`false`#37`true`#38`true`0`1`StateExToolBar`0`1`0`#35`0`Checked`false`0`3`FlagsToolBar`0`3`0`#8`0`SWESP`true`SWEH`0`SWEW`0`3`0`#34`0`SWESP`true`SWEH`600`SWEW`800`3`0`#36`0`SWESP`true`SWEH`20`SWEW`380`3`0`State`0`#27`false`#26`false`#28`false`0`3`StateEx`0`0`0`#26`0`0`0`#27`0`1`0`#28`0`Checked`false`0`0`Flags`0`&apos;);
}
;}
&lt;/script&gt;&lt;/body&gt;&lt;/html&gt;</responseData>
  <responseFile class="java.lang.String"></responseFile>
  <cookies class="java.lang.String">_sn=GXmoeGkdwh1O45lrH7mMIZnLMWvqHkVWiQKqDOICOq1fi95anXYMaCRAX879ujDRD9kS4J75N4kGDX576Q2AKmwZPUBih-4NS80Pc1189OxasEbdAsHiEtIhcnCzZ0zWb5V6QpVraL0TTGU4ktkGZq374g8C0pUBRhKVASKeW21TgUW5eIkswq97I-.qG-kr; _srn=_srn; SWEUAID=SWEUAID</cookies>
  <method class="java.lang.String">POST</method>
  <queryString class="java.lang.String">s_4_1_307_0=BT+NRC+Payment+Type&amp;s_4_1_308_0=Monthly%2FQuarterly+Bill&amp;s_4_1_309_0=&amp;s_4_1_310_0=&amp;s_4_1_311_0=&amp;s_4_1_312_0=&amp;s_4_1_313_0=&amp;s_4_1_314_0=&amp;SWEFo=SWEForm4_0&amp;SWEField=s_4_1_315_0&amp;SWENeedContext=false&amp;SWENoHttpRedir=true&amp;SWEP=2E_BT+Order+Entry+-+Line+Item+List+Applet+%28Sales%299_ShowPopupA_3-61EV8BLC0_3_102&amp;SWECmd=InvokeMethod&amp;SWEMethod=DoChangeRecords&amp;SWERowIds=SWERowId0%3D3-61EV8AO3%2CSWERowId1%3D3-61EV8BLC&amp;SWESP=false&amp;SWEVI=&amp;SWESPNR=&amp;SWEPOC=&amp;SWESPNH=&amp;SWEH=&amp;SWETargetView=&amp;SWEDIC=true&amp;SWEReqRowId=1&amp;SWEView=Order+Entry+-+Line+Items+Detail+View+%28Sales%29&amp;SWEC=102&amp;SWERowId=&amp;SWETVI=&amp;SWEW=&amp;SWEBID=-1&amp;SWEM=&amp;SRN=xK7T2pIB2ZOV15hwlQxQF5reKcoUB8VpMTZr7we8uAEb&amp;SWESPa=&amp;SWETS={{\d+}}&amp;SWEContainer=&amp;SWEWN=&amp;SWEApplet=Change+Records+Popup+Applet+%28SWE%29&amp;SWETA=</queryString>
  <java.net.URL>http://localhost:8080/ecommunications_enu_nsm_aps05524a027/start.swe</java.net.URL>
</httpSample>
<httpSample t="{{\d+}}" it="0" lt="{{\d+}}" ct="{{\d+}}" ts="{{\d+}}" s="true" lb="{{\d+}} /ecommunications_enu_nsm_aps05524a027/start.swe" rc="200" rm="OK" tn="Thread Group 1-1" dt="text" de="utf-8" by="877" sby="1041" sc="1" ec="0" ng="1" na="1" hn="{{.*?}}">
  <responseHeader class="java.lang.String">HTTP/1.1 200 OK
Connection: close
Server: Oracle-iPlanet-Web-Server/7.0
Date: Tue, 23 Jun 2020 13:11:48 GMT
Content-Language: en
Cache-Control: no-cache
Swerpc: true
Content-Type: text/html;charset=utf-8
Connection: close
Matched-Stub-Id: {{\w+-\w+-\w+-\w+-\w+}}
Vary: Accept-Encoding, User-Agent
</responseHeader>
  <requestHeader class="java.lang.String">Connection: close
Content-Type: application/x-www-form-urlencoded
DNT: 1
Accept-Encoding: deflate
Pragma: no-cache
User-Agent: Mozilla/4.0 (compatible; MSIE 7.0; Windows NT 6.3; WOW64; Trident/7.0; .NET4.0E; .NET4.0C; .NET CLR 3.5.30729; .NET CLR 2.0.50727; .NET CLR 3.0.30729)
Accept: text/html, image/gif, image/jpeg, *; q=.2, */*; q=.2
Content-Length: 353
Host: localhost:8080
</requestHeader>
  <responseData class="java.lang.String">@0`1`4`2``0`UC`1`Status`OK`SWEC`102`SRN`xK7T2pIB2ZOV15hwlQxQF5reKcoUB8VpMTZr7we8uAEb`4`0`ResultSet`0`SWEJI`false`SWEDIC`false`#8`false`#9`true`1`6`Command Manager`0`RefreshToolbar`true`7`0`StateToolBar`0`#35`true`#36`true`#17`true`#34`true`#8`false`#37`true`#38`true`0`1`StateExToolBar`0`1`0`#35`0`Checked`false`0`3`FlagsToolBar`0`3`0`#8`0`SWESP`true`SWEH`0`SWEW`0`3`0`#34`0`SWESP`true`SWEH`600`SWEW`800`3`0`#36`0`SWESP`true`SWEH`20`SWEW`380`3`0`State`0`#27`false`#26`false`#28`false`0`3`StateEx`0`0`0`#26`0`0`0`#27`0`1`0`#28`0`Checked`false`0`0`Flags`0`</responseData>
  <responseFile class="java.lang.String"></responseFile>
  <cookies class="java.lang.String">_sn=GXmoeGkdwh1O45lrH7mMIZnLMWvqHkVWiQKqDOICOq1fi95anXYMaCRAX879ujDRD9kS4J75N4kGDX576Q2AKmwZPUBih-4NS80Pc1189OxasEbdAsHiEtIhcnCzZ0zWb5V6QpVraL0TTGU4ktkGZq374g8C0pUBRhKVASKeW21TgUW5eIkswq97I-.qG-kr; _srn=_srn; SWEUAID=SWEUAID</cookies>
  <method class="java.lang.String">POST</method>
  <queryString class="java.lang.String">SWEC=102&amp;SWEMethod=BatchCanInvoke&amp;SWERPC=1&amp;SWEActiveApplet=BT+Order+Entry+-+Line+Item+List+Applet+%28Sales%29&amp;SWECmd=InvokeMethod&amp;SRN=xK7T2pIB2ZOV15hwlQxQF5reKcoUB8VpMTZr7we8uAEb&amp;SWEIPS=%400*0*4*0*0*3*0*2*%2380*2*%2390*5*SWEJI5*false6*SWEDIC4*true&amp;SWEActiveView=Order+Entry+-+Line+Items+Detail+View+%28Sales%29&amp;SWEService=SWE+Command+Manager&amp;SWEDIC=true</queryString>
  <java.net.URL>http://localhost:8080/ecommunications_enu_nsm_aps05524a027/start.swe</java.net.URL>
</httpSample>
<httpSample t="{{\d+}}" it="0" lt="{{\d+}}" ct="{{\d+}}" ts="{{\d+}}" s="true" lb="{{\d+}} /ecommunications_enu_nsm_aps05524a027/start.swe" rc="200" rm="OK" tn="Thread Group 1-1" dt="text" de="utf-8" by="3287" sby="1647" sc="1" ec="0" ng="1" na="1" hn="{{.*?}}">
  <responseHeader class="java.lang.String">HTTP/1.1 200 OK
Connection: close
Server: Oracle-iPlanet-Web-Server/7.0
Date: Tue, 23 Jun 2020 13:11:50 GMT
Content-Language: en
Cache-Control: no-cache
Swerpc: true
Content-Type: text/html;charset=utf-8
Connection: close
Matched-Stub-Id: {{\w+-\w+-\w+-\w+-\w+}}
Vary: Accept-Encoding, User-Agent
</responseHeader>
  <requestHeader class="java.lang.String">Connection: close
Content-Type: application/x-www-form-urlencoded
DNT: 1
Accept-Encoding: deflate
Pragma: no-cache
User-Agent: Mozilla/4.0 (compatible; MSIE 7.0; Windows NT 6.3; WOW64; Trident/7.0; .NET4.0E; .NET4.0C; .NET CLR 3.5.30729; .NET CLR 2.0.50727; .NET CLR 3.0.30729)
Accept: text/html, image/gif, image/jpeg, *; q=.2, */*; q=.2
Content-Length: 959
Host: localhost:8080
</requestHeader>
  <responseData class="java.lang.String">@0`1`4`3``0`UC`1`Status`Completed`SWEC`103`SRN`xK7T2pIB2ZOV15hwlQxQF5reKcoUB8VpMTZr7we8uAEb`0`21`Notifications`0`2`0``0`OP`bn`bc`S_BC1`7`0``0`br`0`ArgsArray`52*BT Order Entry - Order Form Applet Dashboard (Sales)17**External Order #1*?20**Integration Message1*?19**Integration Status1*?16**Sold To Address1*?13**Sold To Site1*?12**HTML Button1*?16**HTML MiniButton1*?`size`1`cr`0`OP`g`bc`S_BC1`type`SWEIPrivFlds`7`0``0`br`0`ar`0`size`1`cr`0`OP`nfd`bc`S_BC1`f`BT PSTN Product`7`1``0`br`0`ar`0`size`1`cr`0`OP`ndw`bc`S_BC1`f`BT PSTN Product Sum`2`0`FieldValues`0`ValueArray`1*N`FieldArray`2*55`7`0``0`br`0`ar`0`size`1`cr`0`OP`nfd`bc`S_BC1`f`BT PSTN Product Sum`7`0``0`br`0`ar`0`size`1`cr`0`OP`nfd`bc`S_BC1`f`BT Product Line Type`7`1``0`br`0`ar`0`size`1`cr`0`OP`ndw`bc`S_BC1`f`BT Product Line`2`0`FieldValues`0`ValueArray`3*Low`FieldArray`2*47`7`0``0`br`0`ar`0`size`1`cr`0`OP`nfd`bc`S_BC1`f`BT Product Line`7`1``0`br`0`ar`0`size`1`cr`0`OP`ndw`bc`S_BC1`f`BT PSTN Product Sum`2`0`FieldValues`0`ValueArray`1*N`FieldArray`2*55`7`1``0`br`0`ar`0`size`1`cr`0`OP`ndw`bc`S_BC1`f`BT Product Line`2`0`FieldValues`0`ValueArray`3*Low`FieldArray`2*47`2`0``0`OP`en`bc`S_BC1`2`0``0`OP`bn`bc`S_BC2`8`0``0`br`0`value`1`ar`0`state`cp`size`16`cr`0`OP`sc`bc`S_BC2`8`0``0`br`0`value`0`ar`0`state`cp`size`16`cr`0`OP`sc`bc`S_BC2`8`0``0`br`0`value`0`ar`0`state`n`size`16`cr`0`OP`sc`bc`S_BC2`8`0``0`br`0`value`1`ar`0`state`n`size`16`cr`0`OP`sc`bc`S_BC2`6`1``0`br`0`ar`0`size`16`cr`0`OP`nrdw`bc`S_BC2`1`0`FieldValues`0`ValueArray`0*0*11*In-Progress7*Pending0*2*OF8*S01546530*0*9*Promotion0*10*3-61EV8AO30*1*10*1*15*Blank22*BB UN BB 15GB  (31.50)4*31.53*GBP10*06/23/20200*0*0*10*3-61EV8C9M22*Monthly/Quarterly Bill19*06/23/2020 14:02:520*0*3*Add7*Pending11*In-Progress0*0*1*19*Per Month0*0*0*0*10*Blazemeter0*7*Default1*N0*0*0*0*0*0*0*0*0*0*0*0*15*VOL013-61EV8BLC0*0*0*0*0*1*N1*01*10*0*0*0*0*0*0*0*4*Demo1*N1*N1*N19*06/23/2020 14:02:521*N0*0*0*4*31.51*Y0*0*0*0*0*4*Good10*3-61EV8BLC1*01*N1*N`6`0``0`br`0`ar`0`size`16`cr`0`OP`nrd`bc`S_BC2`8`0``0`br`0`value`0`ar`0`state`n`size`16`cr`0`OP`sc`bc`S_BC2`8`0``0`br`0`value`1`ar`0`state`n`size`16`cr`0`OP`sc`bc`S_BC2`2`0``0`OP`en`bc`S_BC2`3`0`hui`0`n`Order Line Items Detail: VOL013-473260748547`hupd`1`hnact`top._swe._sweapp.S_App.GotoView(&amp;quot;Order Entry - Line Items Detail View (Sales\)&amp;quot;, &amp;quot;&amp;quot;, &amp;quot;/ecommunications_enu_nsm_aps05524a027/start.swe?SWENeedContext=false&amp;amp;SWECmd=GotoBookmarkView&amp;amp;SWEBMC=103&amp;amp;SWEC=103&amp;amp;SRN=xK7T2pIB2ZOV15hwlQxQF5reKcoUB8VpMTZr7we8uAEb&amp;quot;, top._sweclient._swecontent._sweview)`1`6`Command Manager`0`RefreshToolbar`true`7`0`StateToolBar`0`#35`true`#36`true`#17`true`#34`true`#8`false`#37`true`#38`true`0`1`StateExToolBar`0`1`0`#35`0`Checked`false`0`3`FlagsToolBar`0`3`0`#8`0`SWESP`true`SWEH`0`SWEW`0`3`0`#34`0`SWESP`true`SWEH`600`SWEW`800`3`0`#36`0`SWESP`true`SWEH`20`SWEW`380`3`0`State`0`#27`false`#26`false`#28`false`0`3`StateEx`0`0`0`#26`0`0`0`#27`0`1`0`#28`0`Checked`false`0`0`Flags`0`</responseData>
  <responseFile class="java.lang.String"></responseFile>
  <cookies class="java.lang.String">_sn=GXmoeGkdwh1O45lrH7mMIZnLMWvqHkVWiQKqDOICOq1fi95anXYMaCRAX879ujDRD9kS4J75N4kGDX576Q2AKmwZPUBih-4NS80Pc1189OxasEbdAsHiEtIhcnCzZ0zWb5V6QpVraL0TTGU4ktkGZq374g8C0pUBRhKVASKeW21TgUW5eIkswq97I-.qG-kr; _srn=_srn; SWEUAID=SWEUAID</cookies>
  <method class="java.lang.String">POST</method>
  <queryString class="java.lang.String">s_2_2_114_0=&amp;s_2_2_244_0=1&amp;SWECmd=InvokeMethod&amp;s_2_2_106_0=&amp;s_2_2_160_0=&amp;s_2_2_87_0=&amp;s_2_2_189_0=3-61EV8C9M&amp;s_2_2_108_0=&amp;s_2_2_97_0=&amp;s_2_2_128_0=&amp;s_2_2_138_0=&amp;s_2_2_90_0=&amp;SWEActiveApplet=BT+Order+Entry+-+Line+Item+List+Applet+%28Sales%29&amp;SWEReqRowId=1&amp;s_2_2_268_0=Pending&amp;s_2_2_192_0=23%2F06%2F2020+14%3A02%3A52&amp;SWERowIds=SWERowId0%3D3-61EV8AO3&amp;SWEView=Order+Entry+-+Line+Items+Detail+View+%28Sales%29&amp;SWERowId=3-61EV8BLC&amp;s_2_2_113_0=&amp;SWEC=102&amp;s_2_2_261_0=Demo&amp;SWETS={{\d+}}&amp;s_2_2_115_0=&amp;SWERPC=1&amp;s_2_2_107_0=&amp;SWEVI=&amp;s_2_2_125_0=&amp;s_2_2_143_0=&amp;s_2_2_135_0=&amp;s_2_2_153_0=Monthly%2FQuarterly+Bill&amp;s_2_2_109_0=Default&amp;SWEP=&amp;SWEApplet=BT+Order+Entry+-+Line+Item+List+Applet+%28Sales%29&amp;SWEActiveView=Order+Entry+-+Line+Items+Detail+View+%28Sales%29&amp;s_2_2_147_0=In-Progress&amp;s_2_2_120_0=&amp;SWEMethod=WriteRecord&amp;s_2_2_112_0=&amp;SRN=xK7T2pIB2ZOV15hwlQxQF5reKcoUB8VpMTZr7we8uAEb&amp;SWEIPS=%400*0*2*0*0*3*0*15*Method+Argument0*7*Command33**Browser+Applet*+*WriteRecord*+*+</queryString>
  <java.net.URL>http://localhost:8080/ecommunications_enu_nsm_aps05524a027/start.swe</java.net.URL>
</httpSample>
<httpSample t="{{\d+}}" it="0" lt="{{\d+}}" ct="{{\d+}}" ts="{{\d+}}" s="true" lb="{{\d+}} /ecommunications_enu_nsm_aps05524a027/start.swe" rc="200" rm="OK" tn="Thread Group 1-1" dt="text" de="utf-8" by="835" sby="1001" sc="1" ec="0" ng="1" na="1" hn="{{.*?}}">
  <responseHeader class="java.lang.String">HTTP/1.1 200 OK
Connection: close
Server: Oracle-iPlanet-Web-Server/7.0
Date: Tue, 23 Jun 2020 13:12:02 GMT
Content-Language: en
Cache-Control: no-cache
Swerpc: true
Content-Type: text/html;charset=utf-8
Connection: close
Matched-Stub-Id: {{\w+-\w+-\w+-\w+-\w+}}
Vary: Accept-Encoding, User-Agent
</responseHeader>
  <requestHeader class="java.lang.String">Connection: close
Content-Type: application/x-www-form-urlencoded
DNT: 1
Accept-Encoding: deflate
Pragma: no-cache
User-Agent: Mozilla/4.0 (compatible; MSIE 7.0; Windows NT 6.3; WOW64; Trident/7.0; .NET4.0E; .NET4.0C; .NET CLR 3.5.30729; .NET CLR 2.0.50727; .NET CLR 3.0.30729)
Accept: text/html, image/gif, image/jpeg, *; q=.2, */*; q=.2
Content-Length: 313
Host: localhost:8080
</requestHeader>
  <responseData class="java.lang.String">@0`1`4`2``0`UC`1`Status`OK`SWEC`104`SRN`xK7T2pIB2ZOV15hwlQxQF5reKcoUB8VpMTZr7we8uAEb`0`0`ResultSet`0`1`6`Command Manager`0`RefreshToolbar`true`7`0`StateToolBar`0`#35`true`#36`true`#17`true`#34`true`#8`false`#37`true`#38`true`0`1`StateExToolBar`0`1`0`#35`0`Checked`false`0`3`FlagsToolBar`0`3`0`#8`0`SWESP`true`SWEH`0`SWEW`0`3`0`#34`0`SWESP`true`SWEH`600`SWEW`800`3`0`#36`0`SWESP`true`SWEH`20`SWEW`380`3`0`State`0`#27`false`#26`false`#28`false`0`3`StateEx`0`0`0`#26`0`0`0`#27`0`1`0`#28`0`Checked`false`0`0`Flags`0`</responseData>
  <responseFile class="java.lang.String"></responseFile>
  <cookies class="java.lang.String">_sn=GXmoeGkdwh1O45lrH7mMIZnLMWvqHkVWiQKqDOICOq1fi95anXYMaCRAX879ujDRD9kS4J75N4kGDX576Q2AKmwZPUBih-4NS80Pc1189OxasEbdAsHiEtIhcnCzZ0zWb5V6QpVraL0TTGU4ktkGZq374g8C0pUBRhKVASKeW21TgUW5eIkswq97I-.qG-kr; _srn=_srn; SWEUAID=SWEUAID</cookies>
  <method class="java.lang.String">POST</method>
  <queryString class="java.lang.String">SWEC=103&amp;SWEMethod=CheckforDER&amp;SWERPC=1&amp;SWEActiveApplet=BT+Order+Entry+-+Line+Item+List+Applet+%28Sales%29&amp;SWECmd=InvokeMethod&amp;SRN=xK7T2pIB2ZOV15hwlQxQF5reKcoUB8VpMTZr7we8uAEb&amp;SWEIPS=%400*0*1*0*0*3*0*7*OrderId10*3-61EV8AO3&amp;SWEActiveView=Order+Entry+-+Line+Items+Detail+View+%28Sales%29&amp;SWEService=BT+Verify+Orders</queryString>
  <java.net.URL>http://localhost:8080/ecommunications_enu_nsm_aps05524a027/start.swe</java.net.URL>
</httpSample>
<httpSample t="{{\d+}}" it="0" lt="{{\d+}}" ct="{{\d+}}" ts="{{\d+}}" s="true" lb="{{\d+}} /ecommunications_enu_nsm_aps05524a027/start.swe" rc="200" rm="OK" tn="Thread Group 1-1" dt="text" de="utf-8" by="888" sby="1027" sc="1" ec="0" ng="1" na="1" hn="{{.*?}}">
  <responseHeader class="java.lang.String">HTTP/1.1 200 OK
Connection: close
Server: Oracle-iPlanet-Web-Server/7.0
Date: Tue, 23 Jun 2020 13:12:02 GMT
Content-Language: en
Cache-Control: no-cache
Swerpc: true
Content-Type: text/html;charset=utf-8
Connection: close
Matched-Stub-Id: {{\w+-\w+-\w+-\w+-\w+}}
Vary: Accept-Encoding, User-Agent
</responseHeader>
  <requestHeader class="java.lang.String">Connection: close
Content-Type: application/x-www-form-urlencoded
DNT: 1
Accept-Encoding: deflate
Pragma: no-cache
User-Agent: Mozilla/4.0 (compatible; MSIE 7.0; Windows NT 6.3; WOW64; Trident/7.0; .NET4.0E; .NET4.0C; .NET CLR 3.5.30729; .NET CLR 2.0.50727; .NET CLR 3.0.30729)
Accept: text/html, image/gif, image/jpeg, *; q=.2, */*; q=.2
Content-Length: 339
Host: localhost:8080
</requestHeader>
  <responseData class="java.lang.String">@0`1`4`2``0`UC`1`Status`OK`SWEC`105`SRN`xK7T2pIB2ZOV15hwlQxQF5reKcoUB8VpMTZr7we8uAEb`4`0`ResultSet`0`sBronzeSilverMsg``sMsg``SetCADFlag`N`ManualCADFlag`0`1`6`Command Manager`0`RefreshToolbar`true`7`0`StateToolBar`0`#35`true`#36`true`#17`true`#34`true`#8`false`#37`true`#38`true`0`1`StateExToolBar`0`1`0`#35`0`Checked`false`0`3`FlagsToolBar`0`3`0`#8`0`SWESP`true`SWEH`0`SWEW`0`3`0`#34`0`SWESP`true`SWEH`600`SWEW`800`3`0`#36`0`SWESP`true`SWEH`20`SWEW`380`3`0`State`0`#27`false`#26`false`#28`false`0`3`StateEx`0`0`0`#26`0`0`0`#27`0`1`0`#28`0`Checked`false`0`0`Flags`0`</responseData>
  <responseFile class="java.lang.String"></responseFile>
  <cookies class="java.lang.String">_sn=GXmoeGkdwh1O45lrH7mMIZnLMWvqHkVWiQKqDOICOq1fi95anXYMaCRAX879ujDRD9kS4J75N4kGDX576Q2AKmwZPUBih-4NS80Pc1189OxasEbdAsHiEtIhcnCzZ0zWb5V6QpVraL0TTGU4ktkGZq374g8C0pUBRhKVASKeW21TgUW5eIkswq97I-.qG-kr; _srn=_srn; SWEUAID=SWEUAID</cookies>
  <method class="java.lang.String">POST</method>
  <queryString class="java.lang.String">SWEC=104&amp;SWEMethod=CheckSetCADFlgNew&amp;SWERPC=1&amp;SWEActiveApplet=BT+Order+Entry+-+Line+Item+List+Applet+%28Sales%29&amp;SWECmd=InvokeMethod&amp;SRN=xK7T2pIB2ZOV15hwlQxQF5reKcoUB8VpMTZr7we8uAEb&amp;SWEIPS=%400*0*2*0*0*3*0*14*SkipRaiseError1*Y7*OrderId10*3-61EV8AO3&amp;SWEActiveView=Order+Entry+-+Line+Items+Detail+View+%28Sales%29&amp;SWEService=BT+Verify+Orders</queryString>
  <java.net.URL>http://localhost:8080/ecommunications_enu_nsm_aps05524a027/start.swe</java.net.URL>
</httpSample>
<httpSample t="{{\d+}}" it="0" lt="{{\d+}}" ct="{{\d+}}" ts="{{\d+}}" s="true" lb="{{\d+}} /ecommunications_enu_nsm_aps05524a027/start.swe" rc="200" rm="OK" tn="Thread Group 1-1" dt="text" de="utf-8" by="20963" sby="1634" sc="1" ec="0" ng="1" na="1" hn="{{.*?}}">
  <responseHeader class="java.lang.String">HTTP/1.1 200 OK
Connection: close
Server: Oracle-iPlanet-Web-Server/7.0
Date: Tue, 23 Jun 2020 13:12:05 GMT
Content-Language: en
Cache-Control: no-cache
Swerpc: true
Content-Type: text/html;charset=utf-8
Matched-Stub-Id: {{\w+-\w+-\w+-\w+-\w+}}
Vary: Accept-Encoding, User-Agent
</responseHeader>
  <requestHeader class="java.lang.String">Connection: close
Content-Type: application/x-www-form-urlencoded
DNT: 1
Accept-Encoding: deflate
Pragma: no-cache
User-Agent: Mozilla/4.0 (compatible; MSIE 7.0; Windows NT 6.3; WOW64; Trident/7.0; .NET4.0E; .NET4.0C; .NET CLR 3.5.30729; .NET CLR 2.0.50727; .NET CLR 3.0.30729)
Accept: text/html, image/gif, image/jpeg, *; q=.2, */*; q=.2
Content-Length: 946
Host: localhost:8080
</requestHeader>
  <responseData class="java.lang.String">@0`1`4`2``0`UC`1`Status`Completed`SWEC`106`SRN`xK7T2pIB2ZOV15hwlQxQF5reKcoUB8VpMTZr7we8uAEb`0`93`Notifications`0`2`0``0`OP`bn`bc`S_BC1`7`0``0`br`0`ArgsArray`52*BT Order Entry - Order Form Applet Dashboard (Sales)1*01*11*11*11*21*11*31*11*41*11*51*01*61*01*71*01*81*01*91*12*101*02*111*12*121*12*131*02*141*12*151*12*161*02*171*12*181*02*191*12*201*02*211*02*221*02*231*02*241*12*251*02*261*12*271*12*281*12*291*12*301*02*311*02*321*12*331*02*341*02*351*12*361*02*371*12*381*12*391*02*401*12*411*12*421*12*431*12*441*12*451*02*461*02*471*12*481*02*491*12*501*02*511*02*521*02*531*02*541*02*551*02*561*02*571*02*581*12*591*12*601*02*611*12*621*12*631*02*641*02*651*12*661*12*671*12*681*02*691*12*701*12*711*12*721*12*731*02*741*02*751*02*761*12*771*02*781*02*791*02*801*12*811*02*821*12*831*12*841*02*851*12*861*12*871*12*881*12*891*12*901*12*911*12*921*12*931*12*941*12*951*12*961*12*971*12*981*02*991*03*1001*13*1011*13*1021*13*1031*13*1041*13*1051*13*1061*13*1071*03*1081*13*1091*03*1101*13*1111*03*1121*13*1131*03*1141*03*1151*03*1161*03*1171*03*1181*03*1191*03*1201*13*1211*03*1221*13*1231*13*1241*13*1251*13*1261*13*1271*03*1281*03*1291*13*1301*03*1311*13*1321*03*1331*13*1341*13*1351*03*1361*03*1371*03*1381*13*1391*13*1401*13*1411*13*1421*03*1431*03*1441*13*1451*13*1461*13*1471*03*1481*13*1491*13*1501*13*1511*13*1521*13*1531*03*1541*03*1551*03*1561*13*1571*03*1581*13*1591*13*1601*03*1611*03*1621*03*1631*03*1641*03*1651*13*1661*13*1671*03*1681*13*1691*13*1701*13*1711*13*1721*13*1731*13*1741*03*1751*13*1761*03*1771*13*1781*13*1791*13*1801*13*1811*03*1821*13*1831*03*1841*13*1851*13*1861*03*1871*13*1881*03*1891*03*1901*13*1911*13*1921*13*1931*03*1941*03*1951*03*1961*13*1971*13*1981*13*1991*13*2001*1`size`1`cr`0`OP`g`bc`S_BC1`type`SWEICanUpdate`6`1``0`br`0`ar`0`size`1`cr`0`OP`nrdw`bc`S_BC1`1`0`FieldValues`0`ValueArray`0*19*VOL013-47326074854715*Blazemeter Demo10*3-61EV8C9M13*BB_CCPEIM50000*7*Pending0*19*06/24/2020 00:00:008*BT Voice1*N11*In-Progress10*Blazemeter19*06/23/2020 00:00:000*0*4*Demo0*0*1*Y0*19*06/23/2020 14:02:520*0*1*N6*Letter0*14*+44012123456780*1*N19*Consumer Price List0*3*00011*Sales Order0*0*1*Y1*N34*Leave out of sight and under cover1*019*06/23/2020 14:02:521*00*0*8*Consumer1*10*3*Low7*Default19*06/23/2020 14:02:521*N14*Run Assignment1*Y0*0*1*N0*15*Blazemeter Demo11*Low-Pending0*9*BT Volume0*0*0*1*N0*0*0*0*0*0*0*0*0*0*0*0*1*N1*00*1*010*3-61EV8AO3`6`0``0`br`0`ar`0`size`1`cr`0`OP`nrd`bc`S_BC1`2`0``0`OP`en`bc`S_BC1`2`0``0`OP`bn`bc`S_BC2`7`0``0`br`0`ArgsArray`46*BT Order Entry - Line Item List Applet (Sales)1*11*01*01*01*01*01*01*01*01*11*11*1`size`16`cr`0`OP`g`bc`S_BC2`type`SWEIRowSelection`7`0``0`br`0`ArgsArray`46*BT Order Entry - Line Item List Applet (Sales)14**QueryComboBox1*?14**QuerySrchSpec1*?13**HTML Hidden21*?`size`16`cr`0`OP`g`bc`S_BC2`type`SWEIPrivFlds`7`0``0`br`0`ArgsArray`46*BT Order Entry - Line Item List Applet (Sales)23**Billing Account Number1*11*11*11*11*11*11*11*11*128**Ship To Contact - Last Name1*11*11*11*11*11*11*11*11*129**BT Service Address Post Code1*11*11*11*11*11*11*11*11*118**BT Appointment Id1*11*11*11*11*11*11*11*11*1`size`16`cr`0`OP`g`bc`S_BC2`type`SWEICanNavigate`8`0``0`br`0`value`0`ar`0`state`n`size`16`cr`0`OP`sc`bc`S_BC2`8`0``0`br`0`value`0`ar`0`state`ms`size`16`cr`0`OP`sc`bc`S_BC2`8`0``0`br`0`value`0`ar`0`state`is`size`16`cr`0`OP`sc`bc`S_BC2`8`0``0`br`0`ar`0`size`16`index`11`cr`0`OP`dw`bc`S_BC2`nr`1`8`0``0`br`0`ar`0`size`16`index`10`cr`0`OP`dw`bc`S_BC2`nr`1`8`0``0`br`0`ar`0`size`16`index`9`cr`0`OP`dw`bc`S_BC2`nr`1`8`0``0`br`0`ar`0`size`16`index`8`cr`0`OP`dw`bc`S_BC2`nr`1`8`0``0`br`0`ar`0`size`16`index`7`cr`0`OP`dw`bc`S_BC2`nr`1`8`0``0`br`0`ar`0`size`16`index`6`cr`0`OP`dw`bc`S_BC2`nr`1`8`0``0`br`0`ar`0`size`16`index`5`cr`0`OP`dw`bc`S_BC2`nr`1`8`0``0`br`0`ar`0`size`16`index`4`cr`0`OP`dw`bc`S_BC2`nr`1`8`0``0`br`0`ar`0`size`16`index`3`cr`0`OP`dw`bc`S_BC2`nr`1`8`0``0`br`0`ar`0`size`16`index`2`cr`0`OP`dw`bc`S_BC2`nr`1`8`0``0`br`0`ar`0`size`16`index`1`cr`0`OP`dw`bc`S_BC2`nr`1`8`0``0`br`0`ar`0`size`16`index`0`cr`0`OP`dw`bc`S_BC2`nr`1`8`0``0`br`0`value`0`ar`-1`state`bExecuted`size`16`cr`0`OP`sc`bc`S_BC2`8`0``0`br`0`value`1`ar`-1`state`bExecuted`size`16`cr`0`OP`sc`bc`S_BC2`7`1``0`br`0`ar`-1`size`16`index`0`cr`0`OP`iw`bc`S_BC2`1`0`FieldValues`0`ValueArray`0*0*11*In-Progress7*Pending0*2*OF8*S01546530*0*9*Promotion0*10*3-61EV8AO30*1*10*1*15*Blank22*BB UN BB 15GB  (31.50)4*31.53*GBP10*06/23/20200*0*0*10*3-61EV8C9M22*Monthly/Quarterly Bill19*06/23/2020 14:02:520*0*3*Add7*Pending11*In-Progress0*0*1*19*Per Month0*0*0*0*10*Blazemeter0*7*Default1*N0*0*0*0*0*0*0*0*0*0*0*0*15*VOL013-61EV8BLC0*0*0*0*0*1*N1*01*10*0*0*0*0*0*0*0*4*Demo1*N1*N1*N19*06/23/2020 14:02:521*N0*0*0*4*31.51*Y0*0*0*0*0*4*Good10*3-61EV8BLC0*0*0*`7`1``0`br`0`ar`-1`size`16`index`1`cr`0`OP`iw`bc`S_BC2`1`0`FieldValues`0`ValueArray`0*15*VOL013-61EV8BLC11*In-Progress7*Pending0*2*DF8*S01554490*0*7*Product0*10*3-61EV8AO30*1*10*1*15*Blank35*BT Home Hub 2.0 (Not for new sales)2*463*GBP10*06/23/20200*0*0*10*3-61EV8C9M22*Monthly/Quarterly Bill19*06/23/2020 14:02:520*0*3*Add7*Pending11*In-Progress0*0*1*14*Each0*0*0*0*10*Blazemeter0*7*Default1*N0*12*Out Of Stock7*FY3 9QX8*Standard0*0*0*0*0*0*0*0*15*VOL013-61EV8BLE0*0*0*0*41*169, Preston Old Road, Blackpool, FY3 9QX1*N1*01*10*13*NotApplicable0*0*0*0*0*0*4*Demo1*N1*N1*Y19*06/23/2020 14:02:521*N0*0*0*2*461*Y0*0*0*4*Free0*4*Good10*3-61EV8BLE0*0*0*`7`1``0`br`0`ar`-1`size`16`index`2`cr`0`OP`iw`bc`S_BC2`1`0`FieldValues`0`ValueArray`0*15*VOL013-61EV8BLC11*In-Progress7*Pending0*2*DF8*S01554510*0*7*Product0*10*3-61EV8AO30*1*10*1*15*Blank19*Hub Phone 2.1 Black4*40.93*GBP10*06/23/20200*0*0*10*3-61EV8C9M22*Monthly/Quarterly Bill19*06/23/2020 14:02:520*0*3*Add7*Pending11*In-Progress0*0*1*14*Each0*0*0*0*10*Blazemeter0*7*Default1*N0*12*Out Of Stock7*FY3 9QX8*Standard0*0*0*0*0*0*0*0*15*VOL013-61EV8BLY0*0*0*0*41*169, Preston Old Road, Blackpool, FY3 9QX1*N1*01*10*13*NotApplicable0*0*0*0*0*0*4*Demo1*N1*N1*Y19*06/23/2020 14:02:521*N0*0*0*4*40.91*Y0*0*0*4*Free0*4*Good10*3-61EV8BLY0*0*0*`7`1``0`br`0`ar`-1`size`16`index`3`cr`0`OP`iw`bc`S_BC2`1`0`FieldValues`0`ValueArray`0*15*VOL013-61EV8BLC11*In-Progress7*Pending0*2*OF8*S01546740*0*7*Product0*10*3-61EV8AO30*1*10*1*15*Blank70*DISCOUNT BB AQ BB Unltd (36.00) GBP 4.80 off for 3mnths 18mnths cntrct4*-4.83*GBP10*06/23/20200*0*0*10*3-61EV8C9M22*Monthly/Quarterly Bill19*06/23/2020 14:02:520*0*3*Add7*Pending11*In-Progress0*0*1*19*Per Month0*0*0*0*10*Blazemeter0*7*Default1*N0*12*Out Of Stock0*0*0*0*0*0*0*0*0*0*15*VOL013-61EV8BMI0*0*0*0*0*1*N1*01*10*0*0*0*0*0*0*0*4*Demo1*N1*N1*N19*06/23/2020 14:02:521*N0*0*0*4*-4.81*Y0*0*0*0*0*4*Good10*3-61EV8BMI0*0*0*`7`1``0`br`0`ar`-1`size`16`index`4`cr`0`OP`iw`bc`S_BC2`1`0`FieldValues`0`ValueArray`8*Standard15*VOL013-61EV8BLC11*In-Progress7*Pending0*2*OF8*S01546900*0*7*Product0*10*3-61EV8AO30*1*10*1*15*Blank65*Contract BB AQ BB Unltd (36.00) GBP off for 3mnths 18mnths cntrct1*03*GBP10*06/23/20200*0*0*10*3-61EV8C9M22*Monthly/Quarterly Bill19*06/23/2020 14:02:520*0*3*Add7*Pending11*In-Progress0*0*1*19*Per Month0*0*0*0*10*Blazemeter0*7*Default1*N0*12*Out Of Stock0*0*0*0*0*0*0*0*0*0*15*VOL013-61EV8BN30*0*0*0*0*1*N1*01*10*0*0*0*0*0*0*0*4*Demo1*N1*N1*N19*06/23/2020 14:02:521*N0*0*0*1*01*Y0*0*0*0*0*4*Good10*3-61EV8BN30*0*0*`7`1``0`br`0`ar`-1`size`16`index`5`cr`0`OP`iw`bc`S_BC2`1`0`FieldValues`0`ValueArray`0*15*VOL013-61EV8BLC11*In-Progress7*Pending0*5*OTHER8*S01458680*0*7*Product0*10*3-61EV8AO30*1*10*1*15*Blank17*BB Access Service1*03*GBP10*06/23/202010*3-61EV8AO811*012123456780*10*3-61EV8C9M22*Monthly/Quarterly Bill19*06/23/2020 14:02:520*0*3*Add7*Pending11*In-Progress0*0*1*19*Per Month0*24*1st line/no prev service0*0*10*Blazemeter0*7*Default1*N0*0*0*0*0*0*0*0*0*0*0*0*15*VOL013-61EV8BNQ0*0*0*7*FY3 9QX0*1*N1*01*10*0*0*0*0*0*0*0*4*Demo1*N1*N1*N19*06/23/2020 14:02:521*N0*0*0*1*01*Y0*0*0*0*0*4*Good10*3-61EV8BNQ0*0*0*`7`1``0`br`0`ar`-1`size`16`index`6`cr`0`OP`iw`bc`S_BC2`1`0`FieldValues`0`ValueArray`0*15*VOL013-61EV8BLC11*In-Progress7*Pending0*5*OTHER8*S01458690*0*7*Product0*10*3-61EV8AO30*1*10*1*15*Blank11*ISP Service1*03*GBP10*06/23/20200*13*oneview.cisp10*10*3-61EV8C9M22*Monthly/Quarterly Bill19*06/23/2020 14:02:520*0*3*Add7*Pending11*In-Progress0*0*1*19*Per Month0*0*0*0*10*Blazemeter0*7*Default1*N0*0*0*0*0*0*0*0*0*0*0*0*15*VOL013-61EV8BT60*0*0*7*FY3 9QX0*1*N1*01*10*0*0*0*0*0*0*0*4*Demo1*N1*N1*N19*06/23/2020 14:02:521*N0*0*0*1*01*Y0*0*0*0*0*4*Good10*3-61EV8BT60*0*0*`7`1``0`br`0`ar`-1`size`16`index`7`cr`0`OP`iw`bc`S_BC2`1`0`FieldValues`0`ValueArray`0*0*11*In-Progress7*Pending0*2*DF8*S02077970*0*7*Product0*10*3-61EV8AO30*1*10*1*15*Blank15*Delivery Charge1*03*GBP10*06/23/20200*0*0*10*3-61EV8C9M22*Monthly/Quarterly Bill19*06/23/2020 00:00:000*0*3*Add7*Pending11*In-Progress0*0*1*14*Each0*0*0*0*10*Blazemeter0*7*Default1*N0*7*Stocked7*FY3 9QX0*0*0*0*0*0*0*0*0*15*VOL013-61EV8CBR0*0*0*0*41*169, Preston Old Road, Blackpool, FY3 9QX1*N1*01*10*13*NotApplicable0*0*0*0*0*0*4*Demo1*N1*N1*N19*06/23/2020 14:02:521*N0*0*0*1*01*Y0*0*0*0*0*4*Good10*3-61EV8CBR0*0*0*`7`1``0`br`0`ar`-1`size`16`index`8`cr`0`OP`iw`bc`S_BC2`1`0`FieldValues`0`ValueArray`0*0*11*In-Progress7*Pending0*6*BFPOST8*S03490180*0*7*Product0*10*3-61EV8AO30*1*10*1*15*Blank49*BT broadband - activation and Installation charge5*59.993*GBP10*06/23/20200*0*0*10*3-61EV8C9M22*Monthly/Quarterly Bill19*06/23/2020 00:00:000*0*3*Add7*Pending11*In-Progress0*0*1*14*Each0*0*0*0*10*Blazemeter0*7*Default1*N0*0*0*0*0*0*0*0*0*0*0*0*15*VOL013-61EV8CM00*0*0*0*0*1*N1*01*10*0*0*0*0*0*0*0*4*Demo1*N1*N1*N19*06/23/2020 14:02:521*N0*0*0*5*59.991*Y0*0*0*0*0*4*Good10*3-61EV8CM00*0*0*`7`1``0`br`0`ar`-1`size`16`index`9`cr`0`OP`iw`bc`S_BC2`1`0`FieldValues`0`ValueArray`0*0*0*0*0*0*0*0*0*0*0*0*0*0*0*0*0*0*0*0*0*0*0*0*0*0*0*0*0*0*0*0*0*0*0*0*0*0*0*0*0*0*0*0*0*0*0*0*0*0*0*0*0*0*0*0*0*0*0*0*0*0*0*0*0*0*0*0*0*0*0*0*0*0*0*0*0*0*0*0*0*0*0*0*0*0*0*0*0*0*0*0*0*0*`8`0``0`br`0`ar`-1`size`16`index`9`cr`0`OP`dw`bc`S_BC2`nr`1`7`1``0`br`0`ar`-1`size`16`index`0`cr`0`OP`iw`bc`S_BC2`1`0`FieldValues`0`ValueArray`0*0*0*0*0*0*0*0*0*0*0*0*0*0*0*0*0*0*0*0*0*0*0*0*0*0*0*0*0*0*0*0*0*0*0*0*0*0*0*0*0*0*0*0*0*0*0*0*0*0*0*0*0*0*0*0*0*0*0*0*0*0*0*0*0*0*0*0*0*0*0*0*0*0*0*0*0*0*0*0*0*0*0*0*0*0*0*0*0*0*0*0*0*0*`8`0``0`br`0`ar`-1`size`16`index`0`cr`0`OP`dw`bc`S_BC2`nr`1`8`0``0`br`0`value`0`ar`0`state`activeRow`size`16`cr`0`OP`sc`bc`S_BC2`8`0``0`br`0`value`0`ar`0`state`activeRow`size`16`cr`0`OP`sc`bc`S_BC2`8`0``0`br`0`value`1`ar`0`state`n`size`16`cr`0`OP`sc`bc`S_BC2`8`0``0`br`0`ar`0`size`16`index`8`cr`0`OP`dw`bc`S_BC2`nr`1`8`0``0`br`0`ar`0`size`16`index`7`cr`0`OP`dw`bc`S_BC2`nr`1`8`0``0`br`0`ar`0`size`16`index`6`cr`0`OP`dw`bc`S_BC2`nr`1`8`0``0`br`0`ar`0`size`16`index`5`cr`0`OP`dw`bc`S_BC2`nr`1`8`0``0`br`0`ar`0`size`16`index`4`cr`0`OP`dw`bc`S_BC2`nr`1`8`0``0`br`0`ar`0`size`16`index`3`cr`0`OP`dw`bc`S_BC2`nr`1`8`0``0`br`0`ar`0`size`16`index`2`cr`0`OP`dw`bc`S_BC2`nr`1`8`0``0`br`0`ar`0`size`16`index`1`cr`0`OP`dw`bc`S_BC2`nr`1`8`0``0`br`0`ar`0`size`16`index`0`cr`0`OP`dw`bc`S_BC2`nr`1`8`0``0`br`0`value`0`ar`-1`state`bExecuted`size`16`cr`0`OP`sc`bc`S_BC2`8`0``0`br`0`value`1`ar`-1`state`bExecuted`size`16`cr`0`OP`sc`bc`S_BC2`8`0``0`br`0`srt`Line Number`s`[Id] = &quot;3-61EV8BNQ&quot;`ar`-1`size`16`cr`0`OP`e`bc`S_BC2`7`1``0`br`0`ar`-1`size`16`index`0`cr`0`OP`iw`bc`S_BC2`1`0`FieldValues`0`ValueArray`0*15*VOL013-61EV8BLC11*In-Progress7*Pending0*5*OTHER8*S01458680*0*7*Product0*10*3-61EV8AO30*1*10*1*15*Blank17*BB Access Service1*03*GBP10*06/23/202010*3-61EV8AO811*012123456780*10*3-61EV8C9M22*Monthly/Quarterly Bill19*06/23/2020 14:02:520*0*3*Add7*Pending11*In-Progress0*0*1*19*Per Month0*24*1st line/no prev service0*0*10*Blazemeter0*7*Default1*N0*0*0*0*0*0*0*0*0*0*0*0*15*VOL013-61EV8BNQ0*0*0*7*FY3 9QX0*1*N1*01*10*0*0*0*0*0*0*0*4*Demo1*N1*N1*N19*06/23/2020 14:02:521*N0*0*0*1*01*Y0*0*0*0*0*4*Good10*3-61EV8BNQ0*0*0*`8`0``0`br`0`value`0`ar`0`state`activeRow`size`16`cr`0`OP`sc`bc`S_BC2`8`0``0`br`0`value`1`ar`0`state`nr`size`16`cr`0`OP`sc`bc`S_BC2`6`0``0`br`0`ar`0`size`16`cr`0`OP`nd`bc`S_BC2`8`0``0`br`0`ar`0`size`16`index`0`cr`0`OP`dw`bc`S_BC2`nr`1`8`0``0`br`0`value`0`ar`-1`state`bExecuted`size`16`cr`0`OP`sc`bc`S_BC2`8`0``0`br`0`value`1`ar`-1`state`bExecuted`size`16`cr`0`OP`sc`bc`S_BC2`8`0``0`br`0`srt`Line Number`s`[Id] = &quot;3-61EV8CBR&quot;`ar`-1`size`16`cr`0`OP`e`bc`S_BC2`7`1``0`br`0`ar`-1`size`16`index`0`cr`0`OP`iw`bc`S_BC2`1`0`FieldValues`0`ValueArray`0*0*11*In-Progress7*Pending0*2*DF8*S02077970*0*7*Product0*10*3-61EV8AO30*1*10*1*15*Blank15*Delivery Charge1*03*GBP10*06/23/20200*0*0*10*3-61EV8C9M22*Monthly/Quarterly Bill19*06/23/2020 00:00:000*0*3*Add7*Pending11*In-Progress0*0*1*14*Each0*0*0*0*10*Blazemeter0*7*Default1*N0*7*Stocked7*FY3 9QX0*0*0*0*0*0*0*0*0*15*VOL013-61EV8CBR0*0*0*0*41*169, Preston Old Road, Blackpool, FY3 9QX1*N1*01*10*13*NotApplicable0*0*0*0*0*0*4*Demo1*N1*N1*N19*06/23/2020 14:02:521*N0*0*0*1*01*Y0*0*0*0*0*4*Good10*3-61EV8CBR0*0*0*`8`0``0`br`0`value`0`ar`0`state`activeRow`size`16`cr`0`OP`sc`bc`S_BC2`6`0``0`br`0`ar`0`size`16`cr`0`OP`nd`bc`S_BC2`8`0``0`br`0`ar`0`size`16`index`0`cr`0`OP`dw`bc`S_BC2`nr`1`8`0``0`br`0`value`0`ar`-1`state`bExecuted`size`16`cr`0`OP`sc`bc`S_BC2`8`0``0`br`0`value`1`ar`-1`state`bExecuted`size`16`cr`0`OP`sc`bc`S_BC2`8`0``0`br`0`srt`Line Number`s`[Id] = &quot;3-61EV8CBR&quot;`ar`-1`size`16`cr`0`OP`e`bc`S_BC2`7`1``0`br`0`ar`-1`size`16`index`0`cr`0`OP`iw`bc`S_BC2`1`0`FieldValues`0`ValueArray`0*0*11*In-Progress7*Pending0*2*DF8*S02077970*0*7*Product0*10*3-61EV8AO30*1*10*1*15*Blank15*Delivery Charge1*03*GBP10*06/23/20200*0*0*10*3-61EV8C9M22*Monthly/Quarterly Bill19*06/23/2020 00:00:000*0*3*Add7*Pending11*In-Progress0*0*1*14*Each0*0*0*0*10*Blazemeter0*7*Default1*N0*7*Stocked7*FY3 9QX0*0*0*0*0*0*0*0*0*15*VOL013-61EV8CBR0*0*0*0*41*169, Preston Old Road, Blackpool, FY3 9QX1*N1*01*10*13*NotApplicable0*0*0*0*0*0*4*Demo1*N1*N1*N19*06/23/2020 14:02:521*N0*0*0*1*01*Y0*0*0*0*0*4*Good10*3-61EV8CBR0*0*0*`8`0``0`br`0`value`0`ar`0`state`activeRow`size`16`cr`0`OP`sc`bc`S_BC2`6`0``0`br`0`ar`0`size`16`cr`0`OP`nd`bc`S_BC2`8`0``0`br`0`ar`0`size`16`index`0`cr`0`OP`dw`bc`S_BC2`nr`1`8`0``0`br`0`value`0`ar`-1`state`bExecuted`size`16`cr`0`OP`sc`bc`S_BC2`8`0``0`br`0`value`1`ar`-1`state`bExecuted`size`16`cr`0`OP`sc`bc`S_BC2`8`0``0`br`0`srt`Line Number`s`[Order Header Id] = &quot;3-61EV8AO3&quot;`ar`-1`size`16`cr`0`OP`e`bc`S_BC2`7`1``0`br`0`ar`-1`size`16`index`0`cr`0`OP`iw`bc`S_BC2`1`0`FieldValues`0`ValueArray`0*0*11*In-Progress7*Pending0*2*OF8*S01546530*0*9*Promotion0*10*3-61EV8AO30*1*10*1*15*Blank22*BB UN BB 15GB  (31.50)4*31.53*GBP10*06/23/20200*0*0*10*3-61EV8C9M22*Monthly/Quarterly Bill19*06/30/2020 14:12:030*0*3*Add7*Pending11*In-Progress0*0*1*19*Per Month0*0*0*0*10*Blazemeter0*7*Default1*N0*0*0*0*0*0*0*0*0*0*0*0*15*VOL013-61EV8BLC0*0*0*0*0*1*N1*01*10*0*0*0*0*0*0*0*4*Demo1*N1*N1*N19*06/23/2020 14:02:521*N0*0*0*4*31.51*Y0*0*0*0*0*4*Good10*3-61EV8BLC1*01*N1*N`7`1``0`br`0`ar`-1`size`16`index`1`cr`0`OP`iw`bc`S_BC2`1`0`FieldValues`0`ValueArray`0*15*VOL013-61EV8BLC11*In-Progress7*Pending0*2*DF8*S01554490*0*7*Product0*10*3-61EV8AO30*1*10*1*25*Blank35*BT Home Hub 2.0 (Not for new sales)2*463*GBP10*06/23/20200*0*0*10*3-61EV8C9M22*Monthly/Quarterly Bill19*06/29/2020 00:00:000*0*3*Add7*Pending11*In-Progress0*0*1*14*Each0*0*0*0*10*Blazemeter0*7*Default1*N0*12*Out Of Stock7*FY3 9QX8*Standard0*0*0*0*0*0*0*0*15*VOL013-61EV8BLE0*0*0*0*41*169, Preston Old Road, Blackpool, FY3 9QX1*N1*01*10*13*NotApplicable0*0*0*0*0*0*4*Demo1*N1*N1*Y19*06/23/2020 14:02:521*N0*0*0*2*461*Y0*0*0*4*Free0*4*Good10*3-61EV8BLE1*01*N1*N`7`1``0`br`0`ar`-1`size`16`index`2`cr`0`OP`iw`bc`S_BC2`1`0`FieldValues`0`ValueArray`0*15*VOL013-61EV8BLC11*In-Progress7*Pending0*2*DF8*S01554510*0*7*Product0*10*3-61EV8AO30*1*10*1*35*Blank19*Hub Phone 2.1 Black4*40.93*GBP10*06/23/20200*0*0*10*3-61EV8C9M22*Monthly/Quarterly Bill19*06/29/2020 00:00:000*0*3*Add7*Pending11*In-Progress0*0*1*14*Each0*0*0*0*10*Blazemeter0*7*Default1*N0*12*Out Of Stock7*FY3 9QX8*Standard0*0*0*0*0*0*0*0*15*VOL013-61EV8BLY0*0*0*0*41*169, Preston Old Road, Blackpool, FY3 9QX1*N1*01*10*13*NotApplicable0*0*0*0*0*0*4*Demo1*N1*N1*Y19*06/23/2020 14:02:521*N0*0*0*4*40.91*Y0*0*0*4*Free0*4*Good10*3-61EV8BLY1*01*N1*N`7`1``0`br`0`ar`-1`size`16`index`3`cr`0`OP`iw`bc`S_BC2`1`0`FieldValues`0`ValueArray`0*15*VOL013-61EV8BLC11*In-Progress7*Pending0*2*OF8*S01546740*0*7*Product0*10*3-61EV8AO30*1*10*1*45*Blank70*DISCOUNT BB AQ BB Unltd (36.00) GBP 4.80 off for 3mnths 18mnths cntrct4*-4.83*GBP10*06/23/20200*0*0*10*3-61EV8C9M22*Monthly/Quarterly Bill19*06/30/2020 14:12:030*0*3*Add7*Pending11*In-Progress0*0*1*19*Per Month0*0*0*0*10*Blazemeter0*7*Default1*N0*12*Out Of Stock0*0*0*0*0*0*0*0*0*0*15*VOL013-61EV8BMI0*0*0*0*0*1*N1*01*10*0*0*0*0*0*0*0*4*Demo1*N1*N1*N19*06/23/2020 14:02:521*N0*0*0*4*-4.81*Y0*0*0*0*0*4*Good10*3-61EV8BMI1*01*N1*N`7`1``0`br`0`ar`-1`size`16`index`4`cr`0`OP`iw`bc`S_BC2`1`0`FieldValues`0`ValueArray`8*Standard15*VOL013-61EV8BLC11*In-Progress7*Pending0*2*OF8*S01546900*0*7*Product0*10*3-61EV8AO30*1*10*1*55*Blank65*Contract BB AQ BB Unltd (36.00) GBP off for 3mnths 18mnths cntrct1*03*GBP10*06/23/20200*0*0*10*3-61EV8C9M22*Monthly/Quarterly Bill19*06/30/2020 14:12:030*0*3*Add7*Pending11*In-Progress0*0*1*19*Per Month0*0*0*0*10*Blazemeter0*7*Default1*N0*12*Out Of Stock0*0*0*0*0*0*0*0*0*0*15*VOL013-61EV8BN30*0*0*0*0*1*N1*01*10*0*0*0*0*0*0*0*4*Demo1*N1*N1*N19*06/23/2020 14:02:521*N0*0*0*1*01*Y0*0*0*0*0*4*Good10*3-61EV8BN31*01*N1*N`7`1``0`br`0`ar`-1`size`16`index`5`cr`0`OP`iw`bc`S_BC2`1`0`FieldValues`0`ValueArray`0*15*VOL013-61EV8BLC11*In-Progress7*Pending0*5*OTHER8*S01458680*0*7*Product0*10*3-61EV8AO30*1*10*1*65*Blank17*BB Access Service1*03*GBP10*06/23/202010*3-61EV8AO811*012123456780*10*3-61EV8C9M22*Monthly/Quarterly Bill19*06/30/2020 14:12:030*0*3*Add7*Pending11*In-Progress0*0*1*19*Per Month0*24*1st line/no prev service0*0*10*Blazemeter0*7*Default1*N0*0*0*0*0*0*0*0*0*0*0*0*15*VOL013-61EV8BNQ0*0*0*7*FY3 9QX0*1*N1*01*10*0*0*0*0*0*0*0*4*Demo1*N1*N1*N19*06/23/2020 14:02:521*N0*0*0*1*01*Y0*0*0*0*0*4*Good10*3-61EV8BNQ1*01*Y1*N`7`1``0`br`0`ar`-1`size`16`index`6`cr`0`OP`iw`bc`S_BC2`1`0`FieldValues`0`ValueArray`0*15*VOL013-61EV8BLC11*In-Progress7*Pending0*5*OTHER8*S01458690*0*7*Product0*10*3-61EV8AO30*1*10*1*75*Blank11*ISP Service1*03*GBP10*06/23/20200*13*oneview.cisp10*10*3-61EV8C9M22*Monthly/Quarterly Bill19*06/30/2020 14:12:030*0*3*Add7*Pending11*In-Progress0*0*1*19*Per Month0*0*0*0*10*Blazemeter0*7*Default1*N0*0*0*0*0*0*0*0*0*0*0*0*15*VOL013-61EV8BT60*0*0*7*FY3 9QX0*1*N1*01*10*0*0*0*0*0*0*0*4*Demo1*N1*N1*N19*06/23/2020 14:02:521*N0*0*0*1*01*Y0*0*0*0*0*4*Good10*3-61EV8BT61*01*Y1*N`7`1``0`br`0`ar`-1`size`16`index`7`cr`0`OP`iw`bc`S_BC2`1`0`FieldValues`0`ValueArray`0*0*11*In-Progress7*Pending0*2*DF8*S02077970*0*7*Product0*10*3-61EV8AO30*1*10*1*85*Blank15*Delivery Charge1*03*GBP10*06/23/20200*0*0*10*3-61EV8C9M22*Monthly/Quarterly Bill19*06/23/2020 14:12:040*0*3*Add7*Pending11*In-Progress0*0*1*14*Each0*0*0*0*10*Blazemeter0*7*Default1*N0*7*Stocked7*FY3 9QX0*0*0*0*0*0*0*0*0*15*VOL013-61EV8CBR0*0*0*0*41*169, Preston Old Road, Blackpool, FY3 9QX1*N1*01*10*13*NotApplicable0*0*0*0*0*0*4*Demo1*N1*N1*N19*06/23/2020 14:02:521*N0*0*0*1*01*Y0*0*0*0*0*4*Good10*3-61EV8CBR1*01*N1*N`7`1``0`br`0`ar`-1`size`16`index`8`cr`0`OP`iw`bc`S_BC2`1`0`FieldValues`0`ValueArray`0*0*11*In-Progress7*Pending0*6*BFPOST8*S03490180*0*7*Product0*10*3-61EV8AO30*1*10*1*95*Blank49*BT broadband - activation and Installation charge5*59.993*GBP10*06/23/20200*0*0*10*3-61EV8C9M22*Monthly/Quarterly Bill19*06/23/2020 00:00:000*0*3*Add7*Pending11*In-Progress0*0*1*14*Each0*0*0*0*10*Blazemeter0*7*Default1*N0*0*0*0*0*0*0*0*0*0*0*0*15*VOL013-61EV8CM00*0*0*0*0*1*N1*01*10*0*0*0*0*0*0*0*4*Demo1*N1*N1*N19*06/23/2020 14:02:521*N0*0*0*5*59.991*Y0*0*0*0*0*4*Good10*3-61EV8CM01*11*N1*N`7`1``0`br`0`ar`-1`size`16`index`9`cr`0`OP`iw`bc`S_BC2`1`0`FieldValues`0`ValueArray`0*0*0*0*0*0*0*0*0*0*0*0*0*0*0*0*0*0*0*0*0*0*0*0*0*0*0*0*0*0*0*0*0*0*0*0*0*0*0*0*0*0*0*0*0*0*0*0*0*0*0*0*0*0*0*0*0*0*0*0*0*0*0*0*0*0*0*0*0*0*0*0*0*0*0*0*0*0*0*0*0*0*0*0*0*0*0*0*0*0*0*0*0*0*`8`0``0`br`0`ar`-1`size`16`index`9`cr`0`OP`dw`bc`S_BC2`nr`1`8`0``0`br`0`value`0`ar`0`state`activeRow`size`16`cr`0`OP`sc`bc`S_BC2`8`0``0`br`0`value`9`ar`0`state`nr`size`16`cr`0`OP`sc`bc`S_BC2`6`0``0`br`0`ar`0`size`16`cr`0`OP`nd`bc`S_BC2`8`0``0`br`0`value`1`ar`0`state`cm`size`16`cr`0`OP`sc`bc`S_BC2`8`0``0`br`0`value`1`ar`0`state`ns`size`16`cr`0`OP`sc`bc`S_BC2`2`0``0`OP`en`bc`S_BC2`1`6`Command Manager`0`RefreshToolbar`true`7`0`StateToolBar`0`#35`true`#36`true`#17`true`#34`true`#8`false`#37`true`#38`true`0`1`StateExToolBar`0`1`0`#35`0`Checked`false`0`3`FlagsToolBar`0`3`0`#8`0`SWESP`true`SWEH`0`SWEW`0`3`0`#34`0`SWESP`true`SWEH`600`SWEW`800`3`0`#36`0`SWESP`true`SWEH`20`SWEW`380`3`0`State`0`#27`false`#26`false`#28`false`0`3`StateEx`0`0`0`#26`0`0`0`#27`0`1`0`#28`0`Checked`false`0`0`Flags`0`</responseData>
  <responseFile class="java.lang.String"></responseFile>
  <cookies class="java.lang.String">_sn=GXmoeGkdwh1O45lrH7mMIZnLMWvqHkVWiQKqDOICOq1fi95anXYMaCRAX879ujDRD9kS4J75N4kGDX576Q2AKmwZPUBih-4NS80Pc1189OxasEbdAsHiEtIhcnCzZ0zWb5V6QpVraL0TTGU4ktkGZq374g8C0pUBRhKVASKeW21TgUW5eIkswq97I-.qG-kr; _srn=_srn; SWEUAID=SWEUAID</cookies>
  <method class="java.lang.String">POST</method>
  <queryString class="java.lang.String">s_2_2_114_0=&amp;s_2_2_244_0=1&amp;SWECmd=InvokeMethod&amp;SWENeedContext=true&amp;s_2_2_106_0=&amp;s_2_2_160_0=&amp;s_2_2_87_0=&amp;s_2_2_189_0=3-61EV8C9M&amp;s_2_2_108_0=&amp;s_2_2_97_0=&amp;s_2_2_128_0=&amp;s_2_2_138_0=&amp;s_2_2_90_0=&amp;SWEActiveApplet=BT+Order+Entry+-+Line+Item+List+Applet+%28Sales%29&amp;SWEReqRowId=1&amp;s_2_2_268_0=Pending&amp;s_2_2_192_0=23%2F06%2F2020+14%3A02%3A52&amp;SWERowIds=SWERowId0%3D3-61EV8AO3&amp;SWEView=Order+Entry+-+Line+Items+Detail+View+%28Sales%29&amp;SWERowId=3-61EV8BLC&amp;s_2_2_113_0=&amp;SWEBID=-1&amp;SWEC=105&amp;s_2_2_261_0=Demo&amp;SWEDIC=false&amp;s_2_2_115_0=&amp;SWETS={{\d+}}&amp;SWERPC=1&amp;s_2_2_107_0=&amp;s_2_2_125_0=&amp;SWEVI=&amp;s_2_2_143_0=&amp;SWEField=s_2_1_33_0&amp;s_2_2_135_0=&amp;s_2_2_153_0=Monthly%2FQuarterly+Bill&amp;s_2_2_109_0=Default&amp;SWEP=&amp;SWEApplet=BT+Order+Entry+-+Line+Item+List+Applet+%28Sales%29&amp;SWEActiveView=Order+Entry+-+Line+Items+Detail+View+%28Sales%29&amp;SWER=0&amp;s_2_2_147_0=In-Progress&amp;s_2_2_120_0=&amp;SWESP=false&amp;SWEMethod=SetCAD&amp;s_2_2_112_0=&amp;SRN=xK7T2pIB2ZOV15hwlQxQF5reKcoUB8VpMTZr7we8uAEb</queryString>
  <java.net.URL>http://localhost:8080/ecommunications_enu_nsm_aps05524a027/start.swe</java.net.URL>
</httpSample>
<httpSample t="{{\d+}}" it="0" lt="{{\d+}}" ct="{{\d+}}" ts="{{\d+}}" s="true" lb="{{\d+}} /ecommunications_enu_nsm_aps05524a027/start.swe" rc="200" rm="OK" tn="Thread Group 1-1" dt="text" de="utf-8" by="856" sby="1006" sc="1" ec="0" ng="1" na="1" hn="{{.*?}}">
  <responseHeader class="java.lang.String">HTTP/1.1 200 OK
Connection: close
Server: Oracle-iPlanet-Web-Server/7.0
Date: Tue, 23 Jun 2020 13:12:20 GMT
Content-Language: en
Cache-Control: no-cache
Swerpc: true
Content-Type: text/html;charset=utf-8
Connection: close
Matched-Stub-Id: {{\w+-\w+-\w+-\w+-\w+}}
Vary: Accept-Encoding, User-Agent
</responseHeader>
  <requestHeader class="java.lang.String">Connection: close
Content-Type: application/x-www-form-urlencoded
DNT: 1
Accept-Encoding: deflate
Pragma: no-cache
User-Agent: Mozilla/4.0 (compatible; MSIE 7.0; Windows NT 6.3; WOW64; Trident/7.0; .NET4.0E; .NET4.0C; .NET CLR 3.5.30729; .NET CLR 2.0.50727; .NET CLR 3.0.30729)
Accept: text/html, image/gif, image/jpeg, *; q=.2, */*; q=.2
Content-Length: 318
Host: localhost:8080
</requestHeader>
  <responseData class="java.lang.String">@0`1`4`2``0`UC`1`Status`OK`SWEC`107`SRN`xK7T2pIB2ZOV15hwlQxQF5reKcoUB8VpMTZr7we8uAEb`1`0`ResultSet`0`ProdCode`Eligibility`1`6`Command Manager`0`RefreshToolbar`true`7`0`StateToolBar`0`#35`true`#36`true`#17`true`#34`true`#8`false`#37`true`#38`true`0`1`StateExToolBar`0`1`0`#35`0`Checked`false`0`3`FlagsToolBar`0`3`0`#8`0`SWESP`true`SWEH`0`SWEW`0`3`0`#34`0`SWESP`true`SWEH`600`SWEW`800`3`0`#36`0`SWESP`true`SWEH`20`SWEW`380`3`0`State`0`#27`false`#26`false`#28`false`0`3`StateEx`0`0`0`#26`0`0`0`#27`0`1`0`#28`0`Checked`false`0`0`Flags`0`</responseData>
  <responseFile class="java.lang.String"></responseFile>
  <cookies class="java.lang.String">_sn=GXmoeGkdwh1O45lrH7mMIZnLMWvqHkVWiQKqDOICOq1fi95anXYMaCRAX879ujDRD9kS4J75N4kGDX576Q2AKmwZPUBih-4NS80Pc1189OxasEbdAsHiEtIhcnCzZ0zWb5V6QpVraL0TTGU4ktkGZq374g8C0pUBRhKVASKeW21TgUW5eIkswq97I-.qG-kr; _srn=_srn; SWEUAID=SWEUAID</cookies>
  <method class="java.lang.String">POST</method>
  <queryString class="java.lang.String">SWEC=106&amp;SWEMethod=ProductCode&amp;SWERPC=1&amp;SWEActiveApplet=BT+Order+Entry+-+Order+Form+Applet+Dashboard+%28Sales%29&amp;SWECmd=InvokeMethod&amp;SRN=xK7T2pIB2ZOV15hwlQxQF5reKcoUB8VpMTZr7we8uAEb&amp;SWEIPS=%400*0*1*0*0*3*0*7*OrderId10*3-61EV8AO3&amp;SWEActiveView=Order+Entry+-+Line+Items+Detail+View+%28Sales%29&amp;SWEService=BT+Customer+KCI</queryString>
  <java.net.URL>http://localhost:8080/ecommunications_enu_nsm_aps05524a027/start.swe</java.net.URL>
</httpSample>
<httpSample t="{{\d+}}" it="0" lt="{{\d+}}" ct="{{\d+}}" ts="{{\d+}}" s="true" lb="{{\d+}} /ecommunications_enu_nsm_aps05524a027/start.swe" rc="200" rm="OK" tn="Thread Group 1-1" dt="text" de="utf-8" by="974" sby="1088" sc="1" ec="0" ng="1" na="1" hn="{{.*?}}">
  <responseHeader class="java.lang.String">HTTP/1.1 200 OK
Connection: close
Server: Oracle-iPlanet-Web-Server/7.0
Date: Tue, 23 Jun 2020 13:12:20 GMT
Content-Language: en
Cache-Control: no-cache
Swerpc: true
Content-Type: text/html;charset=utf-8
Connection: close
Matched-Stub-Id: {{\w+-\w+-\w+-\w+-\w+}}
Vary: Accept-Encoding, User-Agent
</responseHeader>
  <requestHeader class="java.lang.String">Connection: close
Content-Type: application/x-www-form-urlencoded
DNT: 1
Accept-Encoding: deflate
Pragma: no-cache
User-Agent: Mozilla/4.0 (compatible; MSIE 7.0; Windows NT 6.3; WOW64; Trident/7.0; .NET4.0E; .NET4.0C; .NET CLR 3.5.30729; .NET CLR 2.0.50727; .NET CLR 3.0.30729)
Accept: text/html, image/gif, image/jpeg, *; q=.2, */*; q=.2
Content-Length: 400
Host: localhost:8080
</requestHeader>
  <responseData class="java.lang.String">@0`1`4`2``0`UC`1`Status`OK`SWEC`108`SRN`xK7T2pIB2ZOV15hwlQxQF5reKcoUB8VpMTZr7we8uAEb`4`0`ResultSet`0`sOnlineFieldFlag`N`Continue`Y`SaleableMsg`This handset/Home Hub isn&apos;t available. Please choose another and submit the order.`sMsgOKCancel``1`6`Command Manager`0`RefreshToolbar`true`7`0`StateToolBar`0`#35`true`#36`true`#17`true`#34`true`#8`false`#37`true`#38`true`0`1`StateExToolBar`0`1`0`#35`0`Checked`false`0`3`FlagsToolBar`0`3`0`#8`0`SWESP`true`SWEH`0`SWEW`0`3`0`#34`0`SWESP`true`SWEH`600`SWEW`800`3`0`#36`0`SWESP`true`SWEH`20`SWEW`380`3`0`State`0`#27`false`#26`false`#28`false`0`3`StateEx`0`0`0`#26`0`0`0`#27`0`1`0`#28`0`Checked`false`0`0`Flags`0`</responseData>
  <responseFile class="java.lang.String"></responseFile>
  <cookies class="java.lang.String">_sn=GXmoeGkdwh1O45lrH7mMIZnLMWvqHkVWiQKqDOICOq1fi95anXYMaCRAX879ujDRD9kS4J75N4kGDX576Q2AKmwZPUBih-4NS80Pc1189OxasEbdAsHiEtIhcnCzZ0zWb5V6QpVraL0TTGU4ktkGZq374g8C0pUBRhKVASKeW21TgUW5eIkswq97I-.qG-kr; _srn=_srn; SWEUAID=SWEUAID</cookies>
  <method class="java.lang.String">POST</method>
  <queryString class="java.lang.String">SWEC=107&amp;SWEMethod=fnServerCallPerf&amp;SWERPC=1&amp;SWEActiveApplet=BT+Order+Entry+-+Order+Form+Applet+Dashboard+%28Sales%29&amp;SWECmd=InvokeMethod&amp;SRN=xK7T2pIB2ZOV15hwlQxQF5reKcoUB8VpMTZr7we8uAEb&amp;SWEIPS=%400*0*5*0*0*3*0*11*sOrdSubType0*4*Flag1*Y12*OrderSubType0*9*sRevision1*17*OrderId10*3-61EV8AO3&amp;SWEActiveView=Order+Entry+-+Line+Items+Detail+View+%28Sales%29&amp;SWEService=BT+Submit+Order+Dashboard%28Sales%29</queryString>
  <java.net.URL>http://localhost:8080/ecommunications_enu_nsm_aps05524a027/start.swe</java.net.URL>
</httpSample>
<httpSample t="{{\d+}}" it="0" lt="{{\d+}}" ct="{{\d+}}" ts="{{\d+}}" s="true" lb="{{\d+}} /ecommunications_enu_nsm_aps05524a027/start.swe" rc="200" rm="OK" tn="Thread Group 1-1" dt="text" de="utf-8" by="1293" sby="1081" sc="1" ec="0" ng="1" na="1" hn="{{.*?}}">
  <responseHeader class="java.lang.String">HTTP/1.1 200 OK
Connection: close
Server: Oracle-iPlanet-Web-Server/7.0
Date: Tue, 23 Jun 2020 13:12:20 GMT
Content-Language: en
Cache-Control: no-cache
Swerpc: true
Content-Type: text/html;charset=utf-8
Connection: close
Matched-Stub-Id: {{\w+-\w+-\w+-\w+-\w+}}
Vary: Accept-Encoding, User-Agent
</responseHeader>
  <requestHeader class="java.lang.String">Connection: close
Content-Type: application/x-www-form-urlencoded
DNT: 1
Accept-Encoding: deflate
Pragma: no-cache
User-Agent: Mozilla/4.0 (compatible; MSIE 7.0; Windows NT 6.3; WOW64; Trident/7.0; .NET4.0E; .NET4.0C; .NET CLR 3.5.30729; .NET CLR 2.0.50727; .NET CLR 3.0.30729)
Accept: text/html, image/gif, image/jpeg, *; q=.2, */*; q=.2
Content-Length: 393
Host: localhost:8080
</requestHeader>
  <responseData class="java.lang.String">@0`1`4`2``0`UC`1`Status`OK`SWEC`109`SRN`xK7T2pIB2ZOV15hwlQxQF5reKcoUB8VpMTZr7we8uAEb`28`0`ResultSet`0`SID``Process Instance Id`3-61EV8CUU`SPPDiscountFlag`N`Product Identifier``GSM Prom Type`SingleMonth`Account Id``BB HH Present`N`Order RevNum``Exist Disc Type``BB Row Id`3-61EV8BNQ`Object Id`3-61EV8AO3`Customer Id``Contract Status`Out`BB SIM Discount``Siebel Operation Object Id`3-61EV8BNQ`OrderNumber``Order Id`3-61EV8AO3`SoftMSGSPP``Emp Driver Exist`N`Message``Action``Msg``BB Present`N`SPPPromPresent`N`GSM Order Type``SoftMsg``Error Code``Error Message``1`6`Command Manager`0`RefreshToolbar`true`7`0`StateToolBar`0`#35`true`#36`true`#17`true`#34`true`#8`false`#37`true`#38`true`0`1`StateExToolBar`0`1`0`#35`0`Checked`false`0`3`FlagsToolBar`0`3`0`#8`0`SWESP`true`SWEH`0`SWEW`0`3`0`#34`0`SWESP`true`SWEH`600`SWEW`800`3`0`#36`0`SWESP`true`SWEH`20`SWEW`380`3`0`State`0`#27`false`#26`false`#28`false`0`3`StateEx`0`0`0`#26`0`0`0`#27`0`1`0`#28`0`Checked`false`0`0`Flags`0`</responseData>
  <responseFile class="java.lang.String"></responseFile>
  <cookies class="java.lang.String">_sn=GXmoeGkdwh1O45lrH7mMIZnLMWvqHkVWiQKqDOICOq1fi95anXYMaCRAX879ujDRD9kS4J75N4kGDX576Q2AKmwZPUBih-4NS80Pc1189OxasEbdAsHiEtIhcnCzZ0zWb5V6QpVraL0TTGU4ktkGZq374g8C0pUBRhKVASKeW21TgUW5eIkswq97I-.qG-kr; _srn=_srn; SWEUAID=SWEUAID</cookies>
  <method class="java.lang.String">POST</method>
  <queryString class="java.lang.String">SWEC=108&amp;SWEMethod=RunProcess&amp;SWERPC=1&amp;SWEActiveApplet=BT+Order+Entry+-+Order+Form+Applet+Dashboard+%28Sales%29&amp;SWECmd=InvokeMethod&amp;SRN=xK7T2pIB2ZOV15hwlQxQF5reKcoUB8VpMTZr7we8uAEb&amp;SWEIPS=%400*0*3*0*0*3*0*11*ProcessName25*BT+Spring+Discount+Engine8*Order+Id10*3-61EV8AO39*Object+Id10*3-61EV8AO3&amp;SWEActiveView=Order+Entry+-+Line+Items+Detail+View+%28Sales%29&amp;SWEService=Workflow+Process+Manager</queryString>
  <java.net.URL>http://localhost:8080/ecommunications_enu_nsm_aps05524a027/start.swe</java.net.URL>
</httpSample>
<httpSample t="{{\d+}}" it="0" lt="{{\d+}}" ct="{{\d+}}" ts="{{\d+}}" s="true" lb="{{\d+}} /ecommunications_enu_nsm_aps05524a027/start.swe" rc="200" rm="OK" tn="Thread Group 1-1" dt="text" de="utf-8" by="1288" sby="1090" sc="1" ec="0" ng="1" na="1" hn="{{.*?}}">
  <responseHeader class="java.lang.String">HTTP/1.1 200 OK
Connection: close
Server: Oracle-iPlanet-Web-Server/7.0
Date: Tue, 23 Jun 2020 13:12:21 GMT
Content-Language: en
Cache-Control: no-cache
Swerpc: true
Content-Type: text/html;charset=utf-8
Connection: close
Matched-Stub-Id: {{\w+-\w+-\w+-\w+-\w+}}
Vary: Accept-Encoding, User-Agent
</responseHeader>
  <requestHeader class="java.lang.String">Connection: close
Content-Type: application/x-www-form-urlencoded
DNT: 1
Accept-Encoding: deflate
Pragma: no-cache
User-Agent: Mozilla/4.0 (compatible; MSIE 7.0; Windows NT 6.3; WOW64; Trident/7.0; .NET4.0E; .NET4.0C; .NET CLR 3.5.30729; .NET CLR 2.0.50727; .NET CLR 3.0.30729)
Accept: text/html, image/gif, image/jpeg, *; q=.2, */*; q=.2
Content-Length: 402
Host: localhost:8080
</requestHeader>
  <responseData class="java.lang.String">@0`1`4`2``0`UC`1`Status`OK`SWEC`110`SRN`xK7T2pIB2ZOV15hwlQxQF5reKcoUB8VpMTZr7we8uAEb`5`0`ResultSet`0`STD MessageSwitch`Y`TakeOverChargeable Message``SubmitMessage`Please recap the order with the customer using the iHelp Recap tool.
Please note, after the order is submitted Billing and Payment details cannot be modified for following Billing Account(s) until the Billing Setup is complete:3-61EV8C9M
Click &apos;OK&apos; to submit the order or click &apos;Cancel&apos; to go back and recap with the customer or modify Billing and Payment details.`Explanation``RecapSubmit``1`6`Command Manager`0`RefreshToolbar`true`7`0`StateToolBar`0`#35`true`#36`true`#17`true`#34`true`#8`false`#37`true`#38`true`0`1`StateExToolBar`0`1`0`#35`0`Checked`false`0`3`FlagsToolBar`0`3`0`#8`0`SWESP`true`SWEH`0`SWEW`0`3`0`#34`0`SWESP`true`SWEH`600`SWEW`800`3`0`#36`0`SWESP`true`SWEH`20`SWEW`380`3`0`State`0`#27`false`#26`false`#28`false`0`3`StateEx`0`0`0`#26`0`0`0`#27`0`1`0`#28`0`Checked`false`0`0`Flags`0`</responseData>
  <responseFile class="java.lang.String"></responseFile>
  <cookies class="java.lang.String">_sn=GXmoeGkdwh1O45lrH7mMIZnLMWvqHkVWiQKqDOICOq1fi95anXYMaCRAX879ujDRD9kS4J75N4kGDX576Q2AKmwZPUBih-4NS80Pc1189OxasEbdAsHiEtIhcnCzZ0zWb5V6QpVraL0TTGU4ktkGZq374g8C0pUBRhKVASKeW21TgUW5eIkswq97I-.qG-kr; _srn=_srn; SWEUAID=SWEUAID</cookies>
  <method class="java.lang.String">POST</method>
  <queryString class="java.lang.String">SWEC=109&amp;SWEMethod=fnServerSideSubmit&amp;SWERPC=1&amp;SWEActiveApplet=BT+Order+Entry+-+Order+Form+Applet+Dashboard+%28Sales%29&amp;SWECmd=InvokeMethod&amp;SRN=xK7T2pIB2ZOV15hwlQxQF5reKcoUB8VpMTZr7we8uAEb&amp;SWEIPS=%400*0*5*0*0*3*0*11*sOrdSubType0*4*Flag1*Y12*OrderSubType0*9*sRevision1*17*OrderId10*3-61EV8AO3&amp;SWEActiveView=Order+Entry+-+Line+Items+Detail+View+%28Sales%29&amp;SWEService=BT+Submit+Order+Dashboard%28Sales%29</queryString>
  <java.net.URL>http://localhost:8080/ecommunications_enu_nsm_aps05524a027/start.swe</java.net.URL>
</httpSample>
<httpSample t="{{\d+}}" it="0" lt="{{\d+}}" ct="{{\d+}}" ts="{{\d+}}" s="true" lb="{{\d+}} /ecommunications_enu_nsm_aps05524a027/start.swe" rc="200" rm="OK" tn="Thread Group 1-1" dt="text" de="utf-8" by="2864" sby="1046" sc="1" ec="0" ng="1" na="1" hn="{{.*?}}">
  <responseHeader class="java.lang.String">HTTP/1.1 200 OK
Connection: close
Server: Oracle-iPlanet-Web-Server/7.0
Date: Tue, 23 Jun 2020 13:12:33 GMT
Content-Language: en
Cache-Control: no-cache
Swerpc: true
Content-Type: text/html;charset=utf-8
Connection: close
Matched-Stub-Id: {{\w+-\w+-\w+-\w+-\w+}}
Vary: Accept-Encoding, User-Agent
</responseHeader>
  <requestHeader class="java.lang.String">Connection: close
Content-Type: application/x-www-form-urlencoded
DNT: 1
Accept-Encoding: deflate
Pragma: no-cache
User-Agent: Mozilla/4.0 (compatible; MSIE 7.0; Windows NT 6.3; WOW64; Trident/7.0; .NET4.0E; .NET4.0C; .NET CLR 3.5.30729; .NET CLR 2.0.50727; .NET CLR 3.0.30729)
Accept: text/html, image/gif, image/jpeg, *; q=.2, */*; q=.2
Content-Length: 358
Host: localhost:8080
</requestHeader>
  <responseData class="java.lang.String">@0`1`4`2``0`UC`1`Status`OK`SWEC`111`SRN`xK7T2pIB2ZOV15hwlQxQF5reKcoUB8VpMTZr7we8uAEb`73`0`ResultSet`0`Revision`1`Account`Blazemeter Demo`Customer Id`3-61EV7QGN`BT Customer Type`Consumer`BT SKIP KCI Flag``Parent Order Id``RecontractMessage``sError``BT Replacement Flag``OrderId`3-61EV8AO3`WWTMsg``DI`Are you sure you have hit Discounting? If not are you sure you wish to progress with Order submission?`BT Order Sub Type``Prod Prom Id`1-5G25WAB`Relief Validation Message``VAL_Error``TVRecontract`Y`BT Credit Check Skip Flag``DIUser`N`Ship Instructions`Leave out of sight and under cover`sAlternatePhone``PCPFlag``PSTNAmendHigh``HomeAwayMesg``AddErrMsg``Contact Id`3-61EV7QEC`Renumber`N`sBETMsg``Service Provider Id``Result`true`BT Dealer Channel`BT Voice`BT Sub-Status`In-Progress`CheckCeaseOrderReason`N`sAlert``ABCReq`N`BT Advance Payment Type``Account Id`3-61EV7QGN`HMsg`Please note that an old version of the Home Hub has been added to the order. Click &apos;Cancel&apos; to remove the Hub and then add the latest BT Home Hub to the order or press OK to continue submitting the order if you are sure that an old version of the Hub should be ordered.Please note that no new BT Home Hub has been added to the order. If the customer already has a BT Home Hub (or other suitable router) click &apos;OK&apos;. If the customer doesn&apos;t already have a BT Home Hub (or other suitable router) click &apos;Cancel&apos; to add a BT Home Hub to the order.`SetCADFlag`Y`BT Product Line`Low`Order Number`VOL013-473260748547`Return To Account Id``SourceErrCode`undefined`ContractMessage``sAppointflg``AncillaryMsg``BBRecontract`Y`Status`Pending`ORAddressConfirmSubmit`Y`Vision | TVHDE | iNew | iOld`undefined | undefined | undefinedundefined | undefinedundefined`AddrConfrm`Y`Appointment Id``VASBoltOnError``HubMsg``PSTNAmendMsg``PrevSLTType``Billing Account Id`3-61EV8C9M`Segment3Softmsg``HCS_SALE`N`FollowOnManualSubmit``POIDMessage``Primary Contact Primary Address Id`3-2BOM9D67`DSR_Error``BT Revision Type``SBSMsg``SR Id``TargetSLTType`Copper`TargetSuppErrCode`MAX`ReConErrorMessage``OrdDilvryAddr`3-2BOM9D67`RecordOnlyFlag`N`Bill Type Message``Pref Comm Method`Letter`1`6`Command Manager`0`RefreshToolbar`true`7`0`StateToolBar`0`#35`true`#36`true`#17`true`#34`true`#8`false`#37`true`#38`true`0`1`StateExToolBar`0`1`0`#35`0`Checked`false`0`3`FlagsToolBar`0`3`0`#8`0`SWESP`true`SWEH`0`SWEW`0`3`0`#34`0`SWESP`true`SWEH`600`SWEW`800`3`0`#36`0`SWESP`true`SWEH`20`SWEW`380`3`0`State`0`#27`false`#26`false`#28`false`0`3`StateEx`0`0`0`#26`0`0`0`#27`0`1`0`#28`0`Checked`false`0`0`Flags`0`</responseData>
  <responseFile class="java.lang.String"></responseFile>
  <cookies class="java.lang.String">_sn=GXmoeGkdwh1O45lrH7mMIZnLMWvqHkVWiQKqDOICOq1fi95anXYMaCRAX879ujDRD9kS4J75N4kGDX576Q2AKmwZPUBih-4NS80Pc1189OxasEbdAsHiEtIhcnCzZ0zWb5V6QpVraL0TTGU4ktkGZq374g8C0pUBRhKVASKeW21TgUW5eIkswq97I-.qG-kr; _srn=_srn; SWEUAID=SWEUAID</cookies>
  <method class="java.lang.String">POST</method>
  <queryString class="java.lang.String">SWEC=110&amp;SWEMethod=QueryOnOrder&amp;SWERPC=1&amp;SWEActiveApplet=BT+Order+Entry+-+Order+Form+Applet+Dashboard+%28Sales%29&amp;SWECmd=InvokeMethod&amp;SRN=xK7T2pIB2ZOV15hwlQxQF5reKcoUB8VpMTZr7we8uAEb&amp;SWEIPS=%400*0*2*0*0*3*0*11*BrowserCall1*Y8*Order+Id10*3-61EV8AO3&amp;SWEActiveView=Order+Entry+-+Line+Items+Detail+View+%28Sales%29&amp;SWEService=BT+Submit+Order+Dashboard%28Sales%29</queryString>
  <java.net.URL>http://localhost:8080/ecommunications_enu_nsm_aps05524a027/start.swe</java.net.URL>
</httpSample>
<httpSample t="{{\d+}}" it="0" lt="{{\d+}}" ct="{{\d+}}" ts="{{\d+}}" s="true" lb="{{\d+}} /ecommunications_enu_nsm_aps05524a027/start.swe" rc="200" rm="OK" tn="Thread Group 1-1" dt="text" de="utf-8" by="835" sby="1022" sc="1" ec="0" ng="1" na="1" hn="{{.*?}}">
  <responseHeader class="java.lang.String">HTTP/1.1 200 OK
Connection: close
Server: Oracle-iPlanet-Web-Server/7.0
Date: Tue, 23 Jun 2020 13:12:33 GMT
Content-Language: en
Cache-Control: no-cache
Swerpc: true
Content-Type: text/html;charset=utf-8
Connection: close
Matched-Stub-Id: {{\w+-\w+-\w+-\w+-\w+}}
Vary: Accept-Encoding, User-Agent
</responseHeader>
  <requestHeader class="java.lang.String">Connection: close
Content-Type: application/x-www-form-urlencoded
DNT: 1
Accept-Encoding: deflate
Pragma: no-cache
User-Agent: Mozilla/4.0 (compatible; MSIE 7.0; Windows NT 6.3; WOW64; Trident/7.0; .NET4.0E; .NET4.0C; .NET CLR 3.5.30729; .NET CLR 2.0.50727; .NET CLR 3.0.30729)
Accept: text/html, image/gif, image/jpeg, *; q=.2, */*; q=.2
Content-Length: 334
Host: localhost:8080
</requestHeader>
  <responseData class="java.lang.String">@0`1`4`2``0`UC`1`Status`OK`SWEC`112`SRN`xK7T2pIB2ZOV15hwlQxQF5reKcoUB8VpMTZr7we8uAEb`0`0`ResultSet`0`1`6`Command Manager`0`RefreshToolbar`true`7`0`StateToolBar`0`#35`true`#36`true`#17`true`#34`true`#8`false`#37`true`#38`true`0`1`StateExToolBar`0`1`0`#35`0`Checked`false`0`3`FlagsToolBar`0`3`0`#8`0`SWESP`true`SWEH`0`SWEW`0`3`0`#34`0`SWESP`true`SWEH`600`SWEW`800`3`0`#36`0`SWESP`true`SWEH`20`SWEW`380`3`0`State`0`#27`false`#26`false`#28`false`0`3`StateEx`0`0`0`#26`0`0`0`#27`0`1`0`#28`0`Checked`false`0`0`Flags`0`</responseData>
  <responseFile class="java.lang.String"></responseFile>
  <cookies class="java.lang.String">_sn=GXmoeGkdwh1O45lrH7mMIZnLMWvqHkVWiQKqDOICOq1fi95anXYMaCRAX879ujDRD9kS4J75N4kGDX576Q2AKmwZPUBih-4NS80Pc1189OxasEbdAsHiEtIhcnCzZ0zWb5V6QpVraL0TTGU4ktkGZq374g8C0pUBRhKVASKeW21TgUW5eIkswq97I-.qG-kr; _srn=_srn; SWEUAID=SWEUAID</cookies>
  <method class="java.lang.String">POST</method>
  <queryString class="java.lang.String">SWEC=111&amp;SWEMethod=fnSpendCapValidation&amp;SWERPC=1&amp;SWEActiveApplet=BT+Order+Entry+-+Order+Form+Applet+Dashboard+%28Sales%29&amp;SWECmd=InvokeMethod&amp;SRN=xK7T2pIB2ZOV15hwlQxQF5reKcoUB8VpMTZr7we8uAEb&amp;SWEIPS=%400*0*1*0*0*3*0*7*OrderId10*3-61EV8AO3&amp;SWEActiveView=Order+Entry+-+Line+Items+Detail+View+%28Sales%29&amp;SWEService=BT+Submit+Order+Checks</queryString>
  <java.net.URL>http://localhost:8080/ecommunications_enu_nsm_aps05524a027/start.swe</java.net.URL>
</httpSample>
<httpSample t="{{\d+}}" it="0" lt="{{\d+}}" ct="{{\d+}}" ts="{{\d+}}" s="true" lb="{{\d+}} /ecommunications_enu_nsm_aps05524a027/start.swe" rc="200" rm="OK" tn="Thread Group 1-1" dt="text" de="utf-8" by="843" sby="1029" sc="1" ec="0" ng="1" na="1" hn="{{.*?}}">
  <responseHeader class="java.lang.String">HTTP/1.1 200 OK
Connection: close
Server: Oracle-iPlanet-Web-Server/7.0
Date: Tue, 23 Jun 2020 13:12:33 GMT
Content-Language: en
Cache-Control: no-cache
Swerpc: true
Content-Type: text/html;charset=utf-8
Connection: close
Matched-Stub-Id: {{\w+-\w+-\w+-\w+-\w+}}
Vary: Accept-Encoding, User-Agent
</responseHeader>
  <requestHeader class="java.lang.String">Connection: close
Content-Type: application/x-www-form-urlencoded
DNT: 1
Accept-Encoding: deflate
Pragma: no-cache
User-Agent: Mozilla/4.0 (compatible; MSIE 7.0; Windows NT 6.3; WOW64; Trident/7.0; .NET4.0E; .NET4.0C; .NET CLR 3.5.30729; .NET CLR 2.0.50727; .NET CLR 3.0.30729)
Accept: text/html, image/gif, image/jpeg, *; q=.2, */*; q=.2
Content-Length: 341
Host: localhost:8080
</requestHeader>
  <responseData class="java.lang.String">@0`1`4`2``0`UC`1`Status`OK`SWEC`113`SRN`xK7T2pIB2ZOV15hwlQxQF5reKcoUB8VpMTZr7we8uAEb`1`0`ResultSet`0`sFlag`N`1`6`Command Manager`0`RefreshToolbar`true`7`0`StateToolBar`0`#35`true`#36`true`#17`true`#34`true`#8`false`#37`true`#38`true`0`1`StateExToolBar`0`1`0`#35`0`Checked`false`0`3`FlagsToolBar`0`3`0`#8`0`SWESP`true`SWEH`0`SWEW`0`3`0`#34`0`SWESP`true`SWEH`600`SWEW`800`3`0`#36`0`SWESP`true`SWEH`20`SWEW`380`3`0`State`0`#27`false`#26`false`#28`false`0`3`StateEx`0`0`0`#26`0`0`0`#27`0`1`0`#28`0`Checked`false`0`0`Flags`0`</responseData>
  <responseFile class="java.lang.String"></responseFile>
  <cookies class="java.lang.String">_sn=GXmoeGkdwh1O45lrH7mMIZnLMWvqHkVWiQKqDOICOq1fi95anXYMaCRAX879ujDRD9kS4J75N4kGDX576Q2AKmwZPUBih-4NS80Pc1189OxasEbdAsHiEtIhcnCzZ0zWb5V6QpVraL0TTGU4ktkGZq374g8C0pUBRhKVASKeW21TgUW5eIkswq97I-.qG-kr; _srn=_srn; SWEUAID=SWEUAID</cookies>
  <method class="java.lang.String">POST</method>
  <queryString class="java.lang.String">SWEC=112&amp;SWEMethod=ValidateSIMO&amp;SWERPC=1&amp;SWEActiveApplet=BT+Order+Entry+-+Order+Form+Applet+Dashboard+%28Sales%29&amp;SWECmd=InvokeMethod&amp;SRN=xK7T2pIB2ZOV15hwlQxQF5reKcoUB8VpMTZr7we8uAEb&amp;SWEIPS=%400*0*1*0*0*3*0*8*Order+Id10*3-61EV8AO3&amp;SWEActiveView=Order+Entry+-+Line+Items+Detail+View+%28Sales%29&amp;SWEService=BT+Submit+Order+Dashboard%28Sales%29</queryString>
  <java.net.URL>http://localhost:8080/ecommunications_enu_nsm_aps05524a027/start.swe</java.net.URL>
</httpSample>
<httpSample t="{{\d+}}" it="0" lt="{{\d+}}" ct="{{\d+}}" ts="{{\d+}}" s="true" lb="{{\d+}} /ecommunications_enu_nsm_aps05524a027/start.swe" rc="200" rm="OK" tn="Thread Group 1-1" dt="text" de="utf-8" by="827" sby="993" sc="1" ec="0" ng="1" na="1" hn="{{.*?}}">
  <responseHeader class="java.lang.String">HTTP/1.1 200 OK
Connection: close
Server: Oracle-iPlanet-Web-Server/7.0
Date: Tue, 23 Jun 2020 13:12:34 GMT
Content-Language: en
Cache-Control: no-cache
Swerpc: true
Content-Type: text/html;charset=utf-8
Connection: close
Matched-Stub-Id: {{\w+-\w+-\w+-\w+-\w+}}
Vary: Accept-Encoding, User-Agent
</responseHeader>
  <requestHeader class="java.lang.String">Connection: close
Content-Type: application/x-www-form-urlencoded
DNT: 1
Accept-Encoding: deflate
Pragma: no-cache
User-Agent: Mozilla/4.0 (compatible; MSIE 7.0; Windows NT 6.3; WOW64; Trident/7.0; .NET4.0E; .NET4.0C; .NET CLR 3.5.30729; .NET CLR 2.0.50727; .NET CLR 3.0.30729)
Accept: text/html, image/gif, image/jpeg, *; q=.2, */*; q=.2
Content-Length: 305
Host: localhost:8080
</requestHeader>
  <responseData class="java.lang.String">@0`1`5`1``0`UC`1`Status`OK`Result``SWEC`114`SRN`xK7T2pIB2ZOV15hwlQxQF5reKcoUB8VpMTZr7we8uAEb`1`6`Command Manager`0`RefreshToolbar`true`7`0`StateToolBar`0`#35`true`#36`true`#17`true`#34`true`#8`false`#37`true`#38`true`0`1`StateExToolBar`0`1`0`#35`0`Checked`false`0`3`FlagsToolBar`0`3`0`#8`0`SWESP`true`SWEH`0`SWEW`0`3`0`#34`0`SWESP`true`SWEH`600`SWEW`800`3`0`#36`0`SWESP`true`SWEH`20`SWEW`380`3`0`State`0`#27`false`#26`false`#28`false`0`3`StateEx`0`0`0`#26`0`0`0`#27`0`1`0`#28`0`Checked`false`0`0`Flags`0`</responseData>
  <responseFile class="java.lang.String"></responseFile>
  <cookies class="java.lang.String">_sn=GXmoeGkdwh1O45lrH7mMIZnLMWvqHkVWiQKqDOICOq1fi95anXYMaCRAX879ujDRD9kS4J75N4kGDX576Q2AKmwZPUBih-4NS80Pc1189OxasEbdAsHiEtIhcnCzZ0zWb5V6QpVraL0TTGU4ktkGZq374g8C0pUBRhKVASKeW21TgUW5eIkswq97I-.qG-kr; _srn=_srn; SWEUAID=SWEUAID</cookies>
  <method class="java.lang.String">POST</method>
  <queryString class="java.lang.String">SWEC=113&amp;SWEMethod=GetProfileAttr&amp;SWERPC=1&amp;SWEActiveApplet=BT+Order+Entry+-+Order+Form+Applet+Dashboard+%28Sales%29&amp;SWECmd=InvokeMethod&amp;SRN=xK7T2pIB2ZOV15hwlQxQF5reKcoUB8VpMTZr7we8uAEb&amp;SWEIPS=%400*0*1*0*14*GetProfileAttr3*0*8*attrName6*EE+HUB&amp;SWEActiveView=Order+Entry+-+Line+Items+Detail+View+%28Sales%29</queryString>
  <java.net.URL>http://localhost:8080/ecommunications_enu_nsm_aps05524a027/start.swe</java.net.URL>
</httpSample>
<httpSample t="{{\d+}}" it="0" lt="{{\d+}}" ct="{{\d+}}" ts="{{\d+}}" s="true" lb="{{\d+}} /ecommunications_enu_nsm_aps05524a027/start.swe" rc="200" rm="OK" tn="Thread Group 1-1" dt="text" de="utf-8" by="835" sby="1019" sc="1" ec="0" ng="1" na="1" hn="{{.*?}}">
  <responseHeader class="java.lang.String">HTTP/1.1 200 OK
Connection: close
Server: Oracle-iPlanet-Web-Server/7.0
Date: Tue, 23 Jun 2020 13:12:34 GMT
Content-Language: en
Cache-Control: no-cache
Swerpc: true
Content-Type: text/html;charset=utf-8
Connection: close
Matched-Stub-Id: {{\w+-\w+-\w+-\w+-\w+}}
Vary: Accept-Encoding, User-Agent
</responseHeader>
  <requestHeader class="java.lang.String">Connection: close
Content-Type: application/x-www-form-urlencoded
DNT: 1
Accept-Encoding: deflate
Pragma: no-cache
User-Agent: Mozilla/4.0 (compatible; MSIE 7.0; Windows NT 6.3; WOW64; Trident/7.0; .NET4.0E; .NET4.0C; .NET CLR 3.5.30729; .NET CLR 2.0.50727; .NET CLR 3.0.30729)
Accept: text/html, image/gif, image/jpeg, *; q=.2, */*; q=.2
Content-Length: 331
Host: localhost:8080
</requestHeader>
  <responseData class="java.lang.String">@0`1`4`2``0`UC`1`Status`OK`SWEC`115`SRN`xK7T2pIB2ZOV15hwlQxQF5reKcoUB8VpMTZr7we8uAEb`0`0`ResultSet`0`1`6`Command Manager`0`RefreshToolbar`true`7`0`StateToolBar`0`#35`true`#36`true`#17`true`#34`true`#8`false`#37`true`#38`true`0`1`StateExToolBar`0`1`0`#35`0`Checked`false`0`3`FlagsToolBar`0`3`0`#8`0`SWESP`true`SWEH`0`SWEW`0`3`0`#34`0`SWESP`true`SWEH`600`SWEW`800`3`0`#36`0`SWESP`true`SWEH`20`SWEW`380`3`0`State`0`#27`false`#26`false`#28`false`0`3`StateEx`0`0`0`#26`0`0`0`#27`0`1`0`#28`0`Checked`false`0`0`Flags`0`</responseData>
  <responseFile class="java.lang.String"></responseFile>
  <cookies class="java.lang.String">_sn=GXmoeGkdwh1O45lrH7mMIZnLMWvqHkVWiQKqDOICOq1fi95anXYMaCRAX879ujDRD9kS4J75N4kGDX576Q2AKmwZPUBih-4NS80Pc1189OxasEbdAsHiEtIhcnCzZ0zWb5V6QpVraL0TTGU4ktkGZq374g8C0pUBRhKVASKeW21TgUW5eIkswq97I-.qG-kr; _srn=_srn; SWEUAID=SWEUAID</cookies>
  <method class="java.lang.String">POST</method>
  <queryString class="java.lang.String">SWEC=114&amp;SWEMethod=fnPriceEvalInterface&amp;SWERPC=1&amp;SWEActiveApplet=BT+Order+Entry+-+Order+Form+Applet+Dashboard+%28Sales%29&amp;SWECmd=InvokeMethod&amp;SRN=xK7T2pIB2ZOV15hwlQxQF5reKcoUB8VpMTZr7we8uAEb&amp;SWEIPS=%400*0*1*0*0*3*0*8*Order+Id10*3-61EV8AO3&amp;SWEActiveView=Order+Entry+-+Line+Items+Detail+View+%28Sales%29&amp;SWEService=BT+Masking+Service</queryString>
  <java.net.URL>http://localhost:8080/ecommunications_enu_nsm_aps05524a027/start.swe</java.net.URL>
</httpSample>
<httpSample t="{{\d+}}" it="0" lt="{{\d+}}" ct="{{\d+}}" ts="{{\d+}}" s="true" lb="{{\d+}} /ecommunications_enu_nsm_aps05524a027/start.swe" rc="200" rm="OK" tn="Thread Group 1-1" dt="text" de="utf-8" by="835" sby="1015" sc="1" ec="0" ng="1" na="1" hn="{{.*?}}">
  <responseHeader class="java.lang.String">HTTP/1.1 200 OK
Connection: close
Server: Oracle-iPlanet-Web-Server/7.0
Date: Tue, 23 Jun 2020 13:12:34 GMT
Content-Language: en
Cache-Control: no-cache
Swerpc: true
Content-Type: text/html;charset=utf-8
Connection: close
Matched-Stub-Id: {{\w+-\w+-\w+-\w+-\w+}}
Vary: Accept-Encoding, User-Agent
</responseHeader>
  <requestHeader class="java.lang.String">Connection: close
Content-Type: application/x-www-form-urlencoded
DNT: 1
Accept-Encoding: deflate
Pragma: no-cache
User-Agent: Mozilla/4.0 (compatible; MSIE 7.0; Windows NT 6.3; WOW64; Trident/7.0; .NET4.0E; .NET4.0C; .NET CLR 3.5.30729; .NET CLR 2.0.50727; .NET CLR 3.0.30729)
Accept: text/html, image/gif, image/jpeg, *; q=.2, */*; q=.2
Content-Length: 327
Host: localhost:8080
</requestHeader>
  <responseData class="java.lang.String">@0`1`4`2``0`UC`1`Status`OK`SWEC`116`SRN`xK7T2pIB2ZOV15hwlQxQF5reKcoUB8VpMTZr7we8uAEb`0`0`ResultSet`0`1`6`Command Manager`0`RefreshToolbar`true`7`0`StateToolBar`0`#35`true`#36`true`#17`true`#34`true`#8`false`#37`true`#38`true`0`1`StateExToolBar`0`1`0`#35`0`Checked`false`0`3`FlagsToolBar`0`3`0`#8`0`SWESP`true`SWEH`0`SWEW`0`3`0`#34`0`SWESP`true`SWEH`600`SWEW`800`3`0`#36`0`SWESP`true`SWEH`20`SWEW`380`3`0`State`0`#27`false`#26`false`#28`false`0`3`StateEx`0`0`0`#26`0`0`0`#27`0`1`0`#28`0`Checked`false`0`0`Flags`0`</responseData>
  <responseFile class="java.lang.String"></responseFile>
  <cookies class="java.lang.String">_sn=GXmoeGkdwh1O45lrH7mMIZnLMWvqHkVWiQKqDOICOq1fi95anXYMaCRAX879ujDRD9kS4J75N4kGDX576Q2AKmwZPUBih-4NS80Pc1189OxasEbdAsHiEtIhcnCzZ0zWb5V6QpVraL0TTGU4ktkGZq374g8C0pUBRhKVASKeW21TgUW5eIkswq97I-.qG-kr; _srn=_srn; SWEUAID=SWEUAID</cookies>
  <method class="java.lang.String">POST</method>
  <queryString class="java.lang.String">SWEC=115&amp;SWEMethod=fnValidateBTPlus&amp;SWERPC=1&amp;SWEActiveApplet=BT+Order+Entry+-+Order+Form+Applet+Dashboard+%28Sales%29&amp;SWECmd=InvokeMethod&amp;SRN=xK7T2pIB2ZOV15hwlQxQF5reKcoUB8VpMTZr7we8uAEb&amp;SWEIPS=%400*0*1*0*0*3*0*8*Order+Id10*3-61EV8AO3&amp;SWEActiveView=Order+Entry+-+Line+Items+Detail+View+%28Sales%29&amp;SWEService=BT+Masking+Service</queryString>
  <java.net.URL>http://localhost:8080/ecommunications_enu_nsm_aps05524a027/start.swe</java.net.URL>
</httpSample>
<httpSample t="{{\d+}}" it="0" lt="{{\d+}}" ct="{{\d+}}" ts="{{\d+}}" s="true" lb="{{\d+}} /ecommunications_enu_nsm_aps05524a027/start.swe" rc="200" rm="OK" tn="Thread Group 1-1" dt="text" de="utf-8" by="857" sby="1009" sc="1" ec="0" ng="1" na="1" hn="{{.*?}}">
  <responseHeader class="java.lang.String">HTTP/1.1 200 OK
Connection: close
Server: Oracle-iPlanet-Web-Server/7.0
Date: Tue, 23 Jun 2020 13:12:44 GMT
Content-Language: en
Cache-Control: no-cache
Swerpc: true
Content-Type: text/html;charset=utf-8
Connection: close
Matched-Stub-Id: {{\w+-\w+-\w+-\w+-\w+}}
Vary: Accept-Encoding, User-Agent
</responseHeader>
  <requestHeader class="java.lang.String">Connection: close
Content-Type: application/x-www-form-urlencoded
DNT: 1
Accept-Encoding: deflate
Pragma: no-cache
User-Agent: Mozilla/4.0 (compatible; MSIE 7.0; Windows NT 6.3; WOW64; Trident/7.0; .NET4.0E; .NET4.0C; .NET CLR 3.5.30729; .NET CLR 2.0.50727; .NET CLR 3.0.30729)
Accept: text/html, image/gif, image/jpeg, *; q=.2, */*; q=.2
Content-Length: 321
Host: localhost:8080
</requestHeader>
  <responseData class="java.lang.String">@0`1`4`2``0`UC`1`Status`OK`SWEC`117`SRN`xK7T2pIB2ZOV15hwlQxQF5reKcoUB8VpMTZr7we8uAEb`1`0`ResultSet`0`HighLandErrorMessage``1`6`Command Manager`0`RefreshToolbar`true`7`0`StateToolBar`0`#35`true`#36`true`#17`true`#34`true`#8`false`#37`true`#38`true`0`1`StateExToolBar`0`1`0`#35`0`Checked`false`0`3`FlagsToolBar`0`3`0`#8`0`SWESP`true`SWEH`0`SWEW`0`3`0`#34`0`SWESP`true`SWEH`600`SWEW`800`3`0`#36`0`SWESP`true`SWEH`20`SWEW`380`3`0`State`0`#27`false`#26`false`#28`false`0`3`StateEx`0`0`0`#26`0`0`0`#27`0`1`0`#28`0`Checked`false`0`0`Flags`0`</responseData>
  <responseFile class="java.lang.String"></responseFile>
  <cookies class="java.lang.String">_sn=GXmoeGkdwh1O45lrH7mMIZnLMWvqHkVWiQKqDOICOq1fi95anXYMaCRAX879ujDRD9kS4J75N4kGDX576Q2AKmwZPUBih-4NS80Pc1189OxasEbdAsHiEtIhcnCzZ0zWb5V6QpVraL0TTGU4ktkGZq374g8C0pUBRhKVASKeW21TgUW5eIkswq97I-.qG-kr; _srn=_srn; SWEUAID=SWEUAID</cookies>
  <method class="java.lang.String">POST</method>
  <queryString class="java.lang.String">SWEC=116&amp;SWEMethod=fnHighlandCustCheck&amp;SWERPC=1&amp;SWEActiveApplet=BT+Order+Entry+-+Order+Form+Applet+Dashboard+%28Sales%29&amp;SWECmd=InvokeMethod&amp;SRN=xK7T2pIB2ZOV15hwlQxQF5reKcoUB8VpMTZr7we8uAEb&amp;SWEIPS=%400*0*1*0*0*3*0*8*Order+Id10*3-61EV8AO3&amp;SWEActiveView=Order+Entry+-+Line+Items+Detail+View+%28Sales%29&amp;SWEService=BT+Action</queryString>
  <java.net.URL>http://localhost:8080/ecommunications_enu_nsm_aps05524a027/start.swe</java.net.URL>
</httpSample>
<httpSample t="{{\d+}}" it="0" lt="{{\d+}}" ct="{{\d+}}" ts="{{\d+}}" s="true" lb="{{\d+}} /ecommunications_enu_nsm_aps05524a027/start.swe" rc="200" rm="OK" tn="Thread Group 1-1" dt="text" de="utf-8" by="827" sby="1002" sc="1" ec="0" ng="1" na="1" hn="{{.*?}}">
  <responseHeader class="java.lang.String">HTTP/1.1 200 OK
Connection: close
Server: Oracle-iPlanet-Web-Server/7.0
Date: Tue, 23 Jun 2020 13:12:45 GMT
Content-Language: en
Cache-Control: no-cache
Swerpc: true
Content-Type: text/html;charset=utf-8
Connection: close
Matched-Stub-Id: {{\w+-\w+-\w+-\w+-\w+}}
Vary: Accept-Encoding, User-Agent
</responseHeader>
  <requestHeader class="java.lang.String">Connection: close
Content-Type: application/x-www-form-urlencoded
DNT: 1
Accept-Encoding: deflate
Pragma: no-cache
User-Agent: Mozilla/4.0 (compatible; MSIE 7.0; Windows NT 6.3; WOW64; Trident/7.0; .NET4.0E; .NET4.0C; .NET CLR 3.5.30729; .NET CLR 2.0.50727; .NET CLR 3.0.30729)
Accept: text/html, image/gif, image/jpeg, *; q=.2, */*; q=.2
Content-Length: 314
Host: localhost:8080
</requestHeader>
  <responseData class="java.lang.String">@0`1`5`1``0`UC`1`Status`OK`Result``SWEC`118`SRN`xK7T2pIB2ZOV15hwlQxQF5reKcoUB8VpMTZr7we8uAEb`1`6`Command Manager`0`RefreshToolbar`true`7`0`StateToolBar`0`#35`true`#36`true`#17`true`#34`true`#8`false`#37`true`#38`true`0`1`StateExToolBar`0`1`0`#35`0`Checked`false`0`3`FlagsToolBar`0`3`0`#8`0`SWESP`true`SWEH`0`SWEW`0`3`0`#34`0`SWESP`true`SWEH`600`SWEW`800`3`0`#36`0`SWESP`true`SWEH`20`SWEW`380`3`0`State`0`#27`false`#26`false`#28`false`0`3`StateEx`0`0`0`#26`0`0`0`#27`0`1`0`#28`0`Checked`false`0`0`Flags`0`</responseData>
  <responseFile class="java.lang.String"></responseFile>
  <cookies class="java.lang.String">_sn=GXmoeGkdwh1O45lrH7mMIZnLMWvqHkVWiQKqDOICOq1fi95anXYMaCRAX879ujDRD9kS4J75N4kGDX576Q2AKmwZPUBih-4NS80Pc1189OxasEbdAsHiEtIhcnCzZ0zWb5V6QpVraL0TTGU4ktkGZq374g8C0pUBRhKVASKeW21TgUW5eIkswq97I-.qG-kr; _srn=_srn; SWEUAID=SWEUAID</cookies>
  <method class="java.lang.String">POST</method>
  <queryString class="java.lang.String">SWEC=117&amp;SWEMethod=SetProfileAttr&amp;SWERPC=1&amp;SWEActiveApplet=BT+Order+Entry+-+Order+Form+Applet+Dashboard+%28Sales%29&amp;SWECmd=InvokeMethod&amp;SRN=xK7T2pIB2ZOV15hwlQxQF5reKcoUB8VpMTZr7we8uAEb&amp;SWEIPS=%400*0*2*0*14*SetProfileAttr3*0*5*value0*8*attrName6*EE+HUB&amp;SWEActiveView=Order+Entry+-+Line+Items+Detail+View+%28Sales%29</queryString>
  <java.net.URL>http://localhost:8080/ecommunications_enu_nsm_aps05524a027/start.swe</java.net.URL>
</httpSample>
<httpSample t="{{\d+}}" it="0" lt="{{\d+}}" ct="{{\d+}}" ts="{{\d+}}" s="true" lb="{{\d+}} /ecommunications_enu_nsm_aps05524a027/start.swe" rc="200" rm="OK" tn="Thread Group 1-1" dt="text" de="utf-8" by="855" sby="1014" sc="1" ec="0" ng="1" na="1" hn="{{.*?}}">
  <responseHeader class="java.lang.String">HTTP/1.1 200 OK
Connection: close
Server: Oracle-iPlanet-Web-Server/7.0
Date: Tue, 23 Jun 2020 13:12:45 GMT
Content-Language: en
Cache-Control: no-cache
Swerpc: true
Content-Type: text/html;charset=utf-8
Connection: close
Matched-Stub-Id: {{\w+-\w+-\w+-\w+-\w+}}
Vary: Accept-Encoding, User-Agent
</responseHeader>
  <requestHeader class="java.lang.String">Connection: close
Content-Type: application/x-www-form-urlencoded
DNT: 1
Accept-Encoding: deflate
Pragma: no-cache
User-Agent: Mozilla/4.0 (compatible; MSIE 7.0; Windows NT 6.3; WOW64; Trident/7.0; .NET4.0E; .NET4.0C; .NET CLR 3.5.30729; .NET CLR 2.0.50727; .NET CLR 3.0.30729)
Accept: text/html, image/gif, image/jpeg, *; q=.2, */*; q=.2
Content-Length: 326
Host: localhost:8080
</requestHeader>
  <responseData class="java.lang.String">@0`1`4`2``0`UC`1`Status`OK`SWEC`119`SRN`xK7T2pIB2ZOV15hwlQxQF5reKcoUB8VpMTZr7we8uAEb`1`0`ResultSet`0`FinalMessageString``1`6`Command Manager`0`RefreshToolbar`true`7`0`StateToolBar`0`#35`true`#36`true`#17`true`#34`true`#8`false`#37`true`#38`true`0`1`StateExToolBar`0`1`0`#35`0`Checked`false`0`3`FlagsToolBar`0`3`0`#8`0`SWESP`true`SWEH`0`SWEW`0`3`0`#34`0`SWESP`true`SWEH`600`SWEW`800`3`0`#36`0`SWESP`true`SWEH`20`SWEW`380`3`0`State`0`#27`false`#26`false`#28`false`0`3`StateEx`0`0`0`#26`0`0`0`#27`0`1`0`#28`0`Checked`false`0`0`Flags`0`</responseData>
  <responseFile class="java.lang.String"></responseFile>
  <cookies class="java.lang.String">_sn=GXmoeGkdwh1O45lrH7mMIZnLMWvqHkVWiQKqDOICOq1fi95anXYMaCRAX879ujDRD9kS4J75N4kGDX576Q2AKmwZPUBih-4NS80Pc1189OxasEbdAsHiEtIhcnCzZ0zWb5V6QpVraL0TTGU4ktkGZq374g8C0pUBRhKVASKeW21TgUW5eIkswq97I-.qG-kr; _srn=_srn; SWEUAID=SWEUAID</cookies>
  <method class="java.lang.String">POST</method>
  <queryString class="java.lang.String">SWEC=118&amp;SWEMethod=fnAmazonInfoMsg&amp;SWERPC=1&amp;SWEActiveApplet=BT+Order+Entry+-+Order+Form+Applet+Dashboard+%28Sales%29&amp;SWECmd=InvokeMethod&amp;SRN=xK7T2pIB2ZOV15hwlQxQF5reKcoUB8VpMTZr7we8uAEb&amp;SWEIPS=%400*0*1*0*0*3*0*8*Order+Id10*3-61EV8AO3&amp;SWEActiveView=Order+Entry+-+Line+Items+Detail+View+%28Sales%29&amp;SWEService=BT+Masking+Service</queryString>
  <java.net.URL>http://localhost:8080/ecommunications_enu_nsm_aps05524a027/start.swe</java.net.URL>
</httpSample>
<httpSample t="{{\d+}}" it="0" lt="{{\d+}}" ct="{{\d+}}" ts="{{\d+}}" s="true" lb="{{\d+}} /ecommunications_enu_nsm_aps05524a027/start.swe" rc="200" rm="OK" tn="Thread Group 1-1" dt="text" de="utf-8" by="847" sby="1059" sc="1" ec="0" ng="1" na="1" hn="{{.*?}}">
  <responseHeader class="java.lang.String">HTTP/1.1 200 OK
Connection: close
Server: Oracle-iPlanet-Web-Server/7.0
Date: Tue, 23 Jun 2020 13:12:45 GMT
Content-Language: en
Cache-Control: no-cache
Swerpc: true
Content-Type: text/html;charset=utf-8
Connection: close
Matched-Stub-Id: {{\w+-\w+-\w+-\w+-\w+}}
Vary: Accept-Encoding, User-Agent
</responseHeader>
  <requestHeader class="java.lang.String">Connection: close
Content-Type: application/x-www-form-urlencoded
DNT: 1
Accept-Encoding: deflate
Pragma: no-cache
User-Agent: Mozilla/4.0 (compatible; MSIE 7.0; Windows NT 6.3; WOW64; Trident/7.0; .NET4.0E; .NET4.0C; .NET CLR 3.5.30729; .NET CLR 2.0.50727; .NET CLR 3.0.30729)
Accept: text/html, image/gif, image/jpeg, *; q=.2, */*; q=.2
Content-Length: 371
Host: localhost:8080
</requestHeader>
  <responseData class="java.lang.String">@0`1`4`2``0`UC`1`Status`OK`SWEC`120`SRN`xK7T2pIB2ZOV15hwlQxQF5reKcoUB8VpMTZr7we8uAEb`1`0`ResultSet`0`ShowPopup`N`1`6`Command Manager`0`RefreshToolbar`true`7`0`StateToolBar`0`#35`true`#36`true`#17`true`#34`true`#8`false`#37`true`#38`true`0`1`StateExToolBar`0`1`0`#35`0`Checked`false`0`3`FlagsToolBar`0`3`0`#8`0`SWESP`true`SWEH`0`SWEW`0`3`0`#34`0`SWESP`true`SWEH`600`SWEW`800`3`0`#36`0`SWESP`true`SWEH`20`SWEW`380`3`0`State`0`#27`false`#26`false`#28`false`0`3`StateEx`0`0`0`#26`0`0`0`#27`0`1`0`#28`0`Checked`false`0`0`Flags`0`</responseData>
  <responseFile class="java.lang.String"></responseFile>
  <cookies class="java.lang.String">_sn=GXmoeGkdwh1O45lrH7mMIZnLMWvqHkVWiQKqDOICOq1fi95anXYMaCRAX879ujDRD9kS4J75N4kGDX576Q2AKmwZPUBih-4NS80Pc1189OxasEbdAsHiEtIhcnCzZ0zWb5V6QpVraL0TTGU4ktkGZq374g8C0pUBRhKVASKeW21TgUW5eIkswq97I-.qG-kr; _srn=_srn; SWEUAID=SWEUAID</cookies>
  <method class="java.lang.String">POST</method>
  <queryString class="java.lang.String">SWEC=119&amp;SWEMethod=fnAOSOChangePromoCheck&amp;SWERPC=1&amp;SWEActiveApplet=BT+Order+Entry+-+Order+Form+Applet+Dashboard+%28Sales%29&amp;SWECmd=InvokeMethod&amp;SRN=xK7T2pIB2ZOV15hwlQxQF5reKcoUB8VpMTZr7we8uAEb&amp;SWEIPS=%400*0*2*0*0*3*0*18*Billing+Account+Id10*3-61EV8C9M8*Order+Id10*3-61EV8AO3&amp;SWEActiveView=Order+Entry+-+Line+Items+Detail+View+%28Sales%29&amp;SWEService=BT+Submit+Order+Checks</queryString>
  <java.net.URL>http://localhost:8080/ecommunications_enu_nsm_aps05524a027/start.swe</java.net.URL>
</httpSample>
<httpSample t="{{\d+}}" it="0" lt="{{\d+}}" ct="{{\d+}}" ts="{{\d+}}" s="true" lb="{{\d+}} /ecommunications_enu_nsm_aps05524a027/start.swe" rc="200" rm="OK" tn="Thread Group 1-1" dt="text" de="utf-8" by="845" sby="1050" sc="1" ec="0" ng="1" na="1" hn="{{.*?}}">
  <responseHeader class="java.lang.String">HTTP/1.1 200 OK
Connection: close
Server: Oracle-iPlanet-Web-Server/7.0
Date: Tue, 23 Jun 2020 13:12:45 GMT
Content-Language: en
Cache-Control: no-cache
Swerpc: true
Content-Type: text/html;charset=utf-8
Connection: close
Matched-Stub-Id: {{\w+-\w+-\w+-\w+-\w+}}
Vary: Accept-Encoding, User-Agent
</responseHeader>
  <requestHeader class="java.lang.String">Connection: close
Content-Type: application/x-www-form-urlencoded
DNT: 1
Accept-Encoding: deflate
Pragma: no-cache
User-Agent: Mozilla/4.0 (compatible; MSIE 7.0; Windows NT 6.3; WOW64; Trident/7.0; .NET4.0E; .NET4.0C; .NET CLR 3.5.30729; .NET CLR 2.0.50727; .NET CLR 3.0.30729)
Accept: text/html, image/gif, image/jpeg, *; q=.2, */*; q=.2
Content-Length: 362
Host: localhost:8080
</requestHeader>
  <responseData class="java.lang.String">@0`1`4`2``0`UC`1`Status`OK`SWEC`121`SRN`xK7T2pIB2ZOV15hwlQxQF5reKcoUB8VpMTZr7we8uAEb`1`0`ResultSet`0`F1STBMsg``1`6`Command Manager`0`RefreshToolbar`true`7`0`StateToolBar`0`#35`true`#36`true`#17`true`#34`true`#8`false`#37`true`#38`true`0`1`StateExToolBar`0`1`0`#35`0`Checked`false`0`3`FlagsToolBar`0`3`0`#8`0`SWESP`true`SWEH`0`SWEW`0`3`0`#34`0`SWESP`true`SWEH`600`SWEW`800`3`0`#36`0`SWESP`true`SWEH`20`SWEW`380`3`0`State`0`#27`false`#26`false`#28`false`0`3`StateEx`0`0`0`#26`0`0`0`#27`0`1`0`#28`0`Checked`false`0`0`Flags`0`</responseData>
  <responseFile class="java.lang.String"></responseFile>
  <cookies class="java.lang.String">_sn=GXmoeGkdwh1O45lrH7mMIZnLMWvqHkVWiQKqDOICOq1fi95anXYMaCRAX879ujDRD9kS4J75N4kGDX576Q2AKmwZPUBih-4NS80Pc1189OxasEbdAsHiEtIhcnCzZ0zWb5V6QpVraL0TTGU4ktkGZq374g8C0pUBRhKVASKeW21TgUW5eIkswq97I-.qG-kr; _srn=_srn; SWEUAID=SWEUAID</cookies>
  <method class="java.lang.String">POST</method>
  <queryString class="java.lang.String">SWEC=120&amp;SWEMethod=fnF1STBValidation&amp;SWERPC=1&amp;SWEActiveApplet=BT+Order+Entry+-+Order+Form+Applet+Dashboard+%28Sales%29&amp;SWECmd=InvokeMethod&amp;SRN=xK7T2pIB2ZOV15hwlQxQF5reKcoUB8VpMTZr7we8uAEb&amp;SWEIPS=%400*0*2*0*0*3*0*18*Billing+Account+Id10*3-61EV8C9M8*Order+Id10*3-61EV8AO3&amp;SWEActiveView=Order+Entry+-+Line+Items+Detail+View+%28Sales%29&amp;SWEService=BT+Masking+Service</queryString>
  <java.net.URL>http://localhost:8080/ecommunications_enu_nsm_aps05524a027/start.swe</java.net.URL>
</httpSample>
<httpSample t="{{\d+}}" it="0" lt="{{\d+}}" ct="{{\d+}}" ts="{{\d+}}" s="true" lb="{{\d+}} /ecommunications_enu_nsm_aps05524a027/start.swe" rc="200" rm="OK" tn="Thread Group 1-1" dt="text" de="utf-8" by="847" sby="1050" sc="1" ec="0" ng="1" na="1" hn="{{.*?}}">
  <responseHeader class="java.lang.String">HTTP/1.1 200 OK
Connection: close
Server: Oracle-iPlanet-Web-Server/7.0
Date: Tue, 23 Jun 2020 13:12:45 GMT
Content-Language: en
Cache-Control: no-cache
Swerpc: true
Content-Type: text/html;charset=utf-8
Connection: close
Matched-Stub-Id: {{\w+-\w+-\w+-\w+-\w+}}
Vary: Accept-Encoding, User-Agent
</responseHeader>
  <requestHeader class="java.lang.String">Connection: close
Content-Type: application/x-www-form-urlencoded
DNT: 1
Accept-Encoding: deflate
Pragma: no-cache
User-Agent: Mozilla/4.0 (compatible; MSIE 7.0; Windows NT 6.3; WOW64; Trident/7.0; .NET4.0E; .NET4.0C; .NET CLR 3.5.30729; .NET CLR 2.0.50727; .NET CLR 3.0.30729)
Accept: text/html, image/gif, image/jpeg, *; q=.2, */*; q=.2
Content-Length: 362
Host: localhost:8080
</requestHeader>
  <responseData class="java.lang.String">@0`1`4`2``0`UC`1`Status`OK`SWEC`122`SRN`xK7T2pIB2ZOV15hwlQxQF5reKcoUB8VpMTZr7we8uAEb`1`0`ResultSet`0`ShowPopup`N`1`6`Command Manager`0`RefreshToolbar`true`7`0`StateToolBar`0`#35`true`#36`true`#17`true`#34`true`#8`false`#37`true`#38`true`0`1`StateExToolBar`0`1`0`#35`0`Checked`false`0`3`FlagsToolBar`0`3`0`#8`0`SWESP`true`SWEH`0`SWEW`0`3`0`#34`0`SWESP`true`SWEH`600`SWEW`800`3`0`#36`0`SWESP`true`SWEH`20`SWEW`380`3`0`State`0`#27`false`#26`false`#28`false`0`3`StateEx`0`0`0`#26`0`0`0`#27`0`1`0`#28`0`Checked`false`0`0`Flags`0`</responseData>
  <responseFile class="java.lang.String"></responseFile>
  <cookies class="java.lang.String">_sn=GXmoeGkdwh1O45lrH7mMIZnLMWvqHkVWiQKqDOICOq1fi95anXYMaCRAX879ujDRD9kS4J75N4kGDX576Q2AKmwZPUBih-4NS80Pc1189OxasEbdAsHiEtIhcnCzZ0zWb5V6QpVraL0TTGU4ktkGZq374g8C0pUBRhKVASKeW21TgUW5eIkswq97I-.qG-kr; _srn=_srn; SWEUAID=SWEUAID</cookies>
  <method class="java.lang.String">POST</method>
  <queryString class="java.lang.String">SWEC=121&amp;SWEMethod=fnValidateSTB&amp;SWERPC=1&amp;SWEActiveApplet=BT+Order+Entry+-+Order+Form+Applet+Dashboard+%28Sales%29&amp;SWECmd=InvokeMethod&amp;SRN=xK7T2pIB2ZOV15hwlQxQF5reKcoUB8VpMTZr7we8uAEb&amp;SWEIPS=%400*0*2*0*0*3*0*18*Billing+Account+Id10*3-61EV8C9M8*Order+Id10*3-61EV8AO3&amp;SWEActiveView=Order+Entry+-+Line+Items+Detail+View+%28Sales%29&amp;SWEService=BT+Submit+Order+Checks</queryString>
  <java.net.URL>http://localhost:8080/ecommunications_enu_nsm_aps05524a027/start.swe</java.net.URL>
</httpSample>
<httpSample t="{{\d+}}" it="0" lt="{{\d+}}" ct="{{\d+}}" ts="{{\d+}}" s="true" lb="{{\d+}} /ecommunications_enu_nsm_aps05524a027/start.swe" rc="200" rm="OK" tn="Thread Group 1-1" dt="text" de="utf-8" by="835" sby="1021" sc="1" ec="0" ng="1" na="1" hn="{{.*?}}">
  <responseHeader class="java.lang.String">HTTP/1.1 200 OK
Connection: close
Server: Oracle-iPlanet-Web-Server/7.0
Date: Tue, 23 Jun 2020 13:12:45 GMT
Content-Language: en
Cache-Control: no-cache
Swerpc: true
Content-Type: text/html;charset=utf-8
Connection: close
Matched-Stub-Id: {{\w+-\w+-\w+-\w+-\w+}}
Vary: Accept-Encoding, User-Agent
</responseHeader>
  <requestHeader class="java.lang.String">Connection: close
Content-Type: application/x-www-form-urlencoded
DNT: 1
Accept-Encoding: deflate
Pragma: no-cache
User-Agent: Mozilla/4.0 (compatible; MSIE 7.0; Windows NT 6.3; WOW64; Trident/7.0; .NET4.0E; .NET4.0C; .NET CLR 3.5.30729; .NET CLR 2.0.50727; .NET CLR 3.0.30729)
Accept: text/html, image/gif, image/jpeg, *; q=.2, */*; q=.2
Content-Length: 333
Host: localhost:8080
</requestHeader>
  <responseData class="java.lang.String">@0`1`4`2``0`UC`1`Status`OK`SWEC`123`SRN`xK7T2pIB2ZOV15hwlQxQF5reKcoUB8VpMTZr7we8uAEb`0`0`ResultSet`0`1`6`Command Manager`0`RefreshToolbar`true`7`0`StateToolBar`0`#35`true`#36`true`#17`true`#34`true`#8`false`#37`true`#38`true`0`1`StateExToolBar`0`1`0`#35`0`Checked`false`0`3`FlagsToolBar`0`3`0`#8`0`SWESP`true`SWEH`0`SWEW`0`3`0`#34`0`SWESP`true`SWEH`600`SWEW`800`3`0`#36`0`SWESP`true`SWEH`20`SWEW`380`3`0`State`0`#27`false`#26`false`#28`false`0`3`StateEx`0`0`0`#26`0`0`0`#27`0`1`0`#28`0`Checked`false`0`0`Flags`0`</responseData>
  <responseFile class="java.lang.String"></responseFile>
  <cookies class="java.lang.String">_sn=GXmoeGkdwh1O45lrH7mMIZnLMWvqHkVWiQKqDOICOq1fi95anXYMaCRAX879ujDRD9kS4J75N4kGDX576Q2AKmwZPUBih-4NS80Pc1189OxasEbdAsHiEtIhcnCzZ0zWb5V6QpVraL0TTGU4ktkGZq374g8C0pUBRhKVASKeW21TgUW5eIkswq97I-.qG-kr; _srn=_srn; SWEUAID=SWEUAID</cookies>
  <method class="java.lang.String">POST</method>
  <queryString class="java.lang.String">SWEC=122&amp;SWEMethod=fnValidateNTVAndH3IBox&amp;SWERPC=1&amp;SWEActiveApplet=BT+Order+Entry+-+Order+Form+Applet+Dashboard+%28Sales%29&amp;SWECmd=InvokeMethod&amp;SRN=xK7T2pIB2ZOV15hwlQxQF5reKcoUB8VpMTZr7we8uAEb&amp;SWEIPS=%400*0*1*0*0*3*0*8*Order+Id10*3-61EV8AO3&amp;SWEActiveView=Order+Entry+-+Line+Items+Detail+View+%28Sales%29&amp;SWEService=BT+Masking+Service</queryString>
  <java.net.URL>http://localhost:8080/ecommunications_enu_nsm_aps05524a027/start.swe</java.net.URL>
</httpSample>
<httpSample t="{{\d+}}" it="0" lt="{{\d+}}" ct="{{\d+}}" ts="{{\d+}}" s="true" lb="{{\d+}} /ecommunications_enu_nsm_aps05524a027/start.swe" rc="200" rm="OK" tn="Thread Group 1-1" dt="text" de="utf-8" by="843" sby="1024" sc="1" ec="0" ng="1" na="1" hn="{{.*?}}">
  <responseHeader class="java.lang.String">HTTP/1.1 200 OK
Connection: close
Server: Oracle-iPlanet-Web-Server/7.0
Date: Tue, 23 Jun 2020 13:12:45 GMT
Content-Language: en
Cache-Control: no-cache
Swerpc: true
Content-Type: text/html;charset=utf-8
Connection: close
Matched-Stub-Id: {{\w+-\w+-\w+-\w+-\w+}}
Vary: Accept-Encoding, User-Agent
</responseHeader>
  <requestHeader class="java.lang.String">Connection: close
Content-Type: application/x-www-form-urlencoded
DNT: 1
Accept-Encoding: deflate
Pragma: no-cache
User-Agent: Mozilla/4.0 (compatible; MSIE 7.0; Windows NT 6.3; WOW64; Trident/7.0; .NET4.0E; .NET4.0C; .NET CLR 3.5.30729; .NET CLR 2.0.50727; .NET CLR 3.0.30729)
Accept: text/html, image/gif, image/jpeg, *; q=.2, */*; q=.2
Content-Length: 336
Host: localhost:8080
</requestHeader>
  <responseData class="java.lang.String">@0`1`4`2``0`UC`1`Status`OK`SWEC`124`SRN`xK7T2pIB2ZOV15hwlQxQF5reKcoUB8VpMTZr7we8uAEb`1`0`ResultSet`0`ErrMsg``1`6`Command Manager`0`RefreshToolbar`true`7`0`StateToolBar`0`#35`true`#36`true`#17`true`#34`true`#8`false`#37`true`#38`true`0`1`StateExToolBar`0`1`0`#35`0`Checked`false`0`3`FlagsToolBar`0`3`0`#8`0`SWESP`true`SWEH`0`SWEW`0`3`0`#34`0`SWESP`true`SWEH`600`SWEW`800`3`0`#36`0`SWESP`true`SWEH`20`SWEW`380`3`0`State`0`#27`false`#26`false`#28`false`0`3`StateEx`0`0`0`#26`0`0`0`#27`0`1`0`#28`0`Checked`false`0`0`Flags`0`</responseData>
  <responseFile class="java.lang.String"></responseFile>
  <cookies class="java.lang.String">_sn=GXmoeGkdwh1O45lrH7mMIZnLMWvqHkVWiQKqDOICOq1fi95anXYMaCRAX879ujDRD9kS4J75N4kGDX576Q2AKmwZPUBih-4NS80Pc1189OxasEbdAsHiEtIhcnCzZ0zWb5V6QpVraL0TTGU4ktkGZq374g8C0pUBRhKVASKeW21TgUW5eIkswq97I-.qG-kr; _srn=_srn; SWEUAID=SWEUAID</cookies>
  <method class="java.lang.String">POST</method>
  <queryString class="java.lang.String">SWEC=123&amp;SWEMethod=fnIdCheck&amp;SWERPC=1&amp;SWEActiveApplet=BT+Order+Entry+-+Order+Form+Applet+Dashboard+%28Sales%29&amp;SWECmd=InvokeMethod&amp;SRN=xK7T2pIB2ZOV15hwlQxQF5reKcoUB8VpMTZr7we8uAEb&amp;SWEIPS=%400*0*2*0*0*3*0*7*OrderId10*3-61EV8AO317*BT+Order+Sub+Type0*&amp;SWEActiveView=Order+Entry+-+Line+Items+Detail+View+%28Sales%29&amp;SWEService=BT+Validation</queryString>
  <java.net.URL>http://localhost:8080/ecommunications_enu_nsm_aps05524a027/start.swe</java.net.URL>
</httpSample>
<httpSample t="{{\d+}}" it="0" lt="{{\d+}}" ct="{{\d+}}" ts="{{\d+}}" s="true" lb="{{\d+}} /ecommunications_enu_nsm_aps05524a027/start.swe" rc="200" rm="OK" tn="Thread Group 1-1" dt="text" de="utf-8" by="922" sby="1051" sc="1" ec="0" ng="1" na="1" hn="{{.*?}}">
  <responseHeader class="java.lang.String">HTTP/1.1 200 OK
Connection: close
Server: Oracle-iPlanet-Web-Server/7.0
Date: Tue, 23 Jun 2020 13:12:46 GMT
Content-Language: en
Cache-Control: no-cache
Swerpc: true
Content-Type: text/html;charset=utf-8
Connection: close
Matched-Stub-Id: {{\w+-\w+-\w+-\w+-\w+}}
Vary: Accept-Encoding, User-Agent
</responseHeader>
  <requestHeader class="java.lang.String">Connection: close
Content-Type: application/x-www-form-urlencoded
DNT: 1
Accept-Encoding: deflate
Pragma: no-cache
User-Agent: Mozilla/4.0 (compatible; MSIE 7.0; Windows NT 6.3; WOW64; Trident/7.0; .NET4.0E; .NET4.0C; .NET CLR 3.5.30729; .NET CLR 2.0.50727; .NET CLR 3.0.30729)
Accept: text/html, image/gif, image/jpeg, *; q=.2, */*; q=.2
Content-Length: 363
Host: localhost:8080
</requestHeader>
  <responseData class="java.lang.String">@0`1`4`2``0`UC`1`Status`OK`SWEC`125`SRN`xK7T2pIB2ZOV15hwlQxQF5reKcoUB8VpMTZr7we8uAEb`5`0`ResultSet`0`BT FraudResult`FALSE`BT ErrorPresent`NO`BT ParkOrder``Can Submit`true`BT ErrorMessage``1`6`Command Manager`0`RefreshToolbar`true`7`0`StateToolBar`0`#35`true`#36`true`#17`true`#34`true`#8`false`#37`true`#38`true`0`1`StateExToolBar`0`1`0`#35`0`Checked`false`0`3`FlagsToolBar`0`3`0`#8`0`SWESP`true`SWEH`0`SWEW`0`3`0`#34`0`SWESP`true`SWEH`600`SWEW`800`3`0`#36`0`SWESP`true`SWEH`20`SWEW`380`3`0`State`0`#27`false`#26`false`#28`false`0`3`StateEx`0`0`0`#26`0`0`0`#27`0`1`0`#28`0`Checked`false`0`0`Flags`0`</responseData>
  <responseFile class="java.lang.String"></responseFile>
  <cookies class="java.lang.String">_sn=GXmoeGkdwh1O45lrH7mMIZnLMWvqHkVWiQKqDOICOq1fi95anXYMaCRAX879ujDRD9kS4J75N4kGDX576Q2AKmwZPUBih-4NS80Pc1189OxasEbdAsHiEtIhcnCzZ0zWb5V6QpVraL0TTGU4ktkGZq374g8C0pUBRhKVASKeW21TgUW5eIkswq97I-.qG-kr; _srn=_srn; SWEUAID=SWEUAID</cookies>
  <method class="java.lang.String">POST</method>
  <queryString class="java.lang.String">SWEC=124&amp;SWEMethod=BT_CanSubmitCW&amp;SWERPC=1&amp;SWEActiveApplet=BT+Order+Entry+-+Order+Form+Applet+Dashboard+%28Sales%29&amp;SWECmd=InvokeMethod&amp;SRN=xK7T2pIB2ZOV15hwlQxQF5reKcoUB8VpMTZr7we8uAEb&amp;SWEIPS=%400*0*2*0*0*3*0*18*Billing+Account+Id10*3-61EV8C9M8*Order+Id10*3-61EV8AO3&amp;SWEActiveView=Order+Entry+-+Line+Items+Detail+View+%28Sales%29&amp;SWEService=BT+Submit+Order+Checks</queryString>
  <java.net.URL>http://localhost:8080/ecommunications_enu_nsm_aps05524a027/start.swe</java.net.URL>
</httpSample>
<httpSample t="{{\d+}}" it="0" lt="{{\d+}}" ct="{{\d+}}" ts="{{\d+}}" s="true" lb="{{\d+}} /ecommunications_enu_nsm_aps05524a027/start.swe" rc="200" rm="OK" tn="Thread Group 1-1" dt="text" de="utf-8" by="835" sby="1037" sc="1" ec="0" ng="1" na="1" hn="{{.*?}}">
  <responseHeader class="java.lang.String">HTTP/1.1 200 OK
Connection: close
Server: Oracle-iPlanet-Web-Server/7.0
Date: Tue, 23 Jun 2020 13:12:46 GMT
Content-Language: en
Cache-Control: no-cache
Swerpc: true
Content-Type: text/html;charset=utf-8
Connection: close
Matched-Stub-Id: {{\w+-\w+-\w+-\w+-\w+}}
Vary: Accept-Encoding, User-Agent
</responseHeader>
  <requestHeader class="java.lang.String">Connection: close
Content-Type: application/x-www-form-urlencoded
DNT: 1
Accept-Encoding: deflate
Pragma: no-cache
User-Agent: Mozilla/4.0 (compatible; MSIE 7.0; Windows NT 6.3; WOW64; Trident/7.0; .NET4.0E; .NET4.0C; .NET CLR 3.5.30729; .NET CLR 2.0.50727; .NET CLR 3.0.30729)
Accept: text/html, image/gif, image/jpeg, *; q=.2, */*; q=.2
Content-Length: 349
Host: localhost:8080
</requestHeader>
  <responseData class="java.lang.String">@0`1`4`2``0`UC`1`Status`OK`SWEC`126`SRN`xK7T2pIB2ZOV15hwlQxQF5reKcoUB8VpMTZr7we8uAEb`0`0`ResultSet`0`1`6`Command Manager`0`RefreshToolbar`true`7`0`StateToolBar`0`#35`true`#36`true`#17`true`#34`true`#8`false`#37`true`#38`true`0`1`StateExToolBar`0`1`0`#35`0`Checked`false`0`3`FlagsToolBar`0`3`0`#8`0`SWESP`true`SWEH`0`SWEW`0`3`0`#34`0`SWESP`true`SWEH`600`SWEW`800`3`0`#36`0`SWESP`true`SWEH`20`SWEW`380`3`0`State`0`#27`false`#26`false`#28`false`0`3`StateEx`0`0`0`#26`0`0`0`#27`0`1`0`#28`0`Checked`false`0`0`Flags`0`</responseData>
  <responseFile class="java.lang.String"></responseFile>
  <cookies class="java.lang.String">_sn=GXmoeGkdwh1O45lrH7mMIZnLMWvqHkVWiQKqDOICOq1fi95anXYMaCRAX879ujDRD9kS4J75N4kGDX576Q2AKmwZPUBih-4NS80Pc1189OxasEbdAsHiEtIhcnCzZ0zWb5V6QpVraL0TTGU4ktkGZq374g8C0pUBRhKVASKeW21TgUW5eIkswq97I-.qG-kr; _srn=_srn; SWEUAID=SWEUAID</cookies>
  <method class="java.lang.String">POST</method>
  <queryString class="java.lang.String">SWEC=125&amp;SWEMethod=getORNADkey&amp;SWERPC=1&amp;SWEActiveApplet=BT+Order+Entry+-+Order+Form+Applet+Dashboard+%28Sales%29&amp;SWECmd=InvokeMethod&amp;SRN=xK7T2pIB2ZOV15hwlQxQF5reKcoUB8VpMTZr7we8uAEb&amp;SWEIPS=%400*0*2*0*0*3*0*11*ProfileNull1*Y8*Order+Id10*3-61EV8AO3&amp;SWEActiveView=Order+Entry+-+Line+Items+Detail+View+%28Sales%29&amp;SWEService=Business+Service+for+MTA+API</queryString>
  <java.net.URL>http://localhost:8080/ecommunications_enu_nsm_aps05524a027/start.swe</java.net.URL>
</httpSample>
<httpSample t="{{\d+}}" it="0" lt="{{\d+}}" ct="{{\d+}}" ts="{{\d+}}" s="true" lb="{{\d+}} /ecommunications_enu_nsm_aps05524a027/start.swe" rc="200" rm="OK" tn="Thread Group 1-1" dt="text" de="utf-8" by="835" sby="1073" sc="1" ec="0" ng="1" na="1" hn="{{.*?}}">
  <responseHeader class="java.lang.String">HTTP/1.1 200 OK
Connection: close
Server: Oracle-iPlanet-Web-Server/7.0
Date: Tue, 23 Jun 2020 13:12:46 GMT
Content-Language: en
Cache-Control: no-cache
Swerpc: true
Content-Type: text/html;charset=utf-8
Connection: close
Matched-Stub-Id: {{\w+-\w+-\w+-\w+-\w+}}
Vary: Accept-Encoding, User-Agent
</responseHeader>
  <requestHeader class="java.lang.String">Connection: close
Content-Type: application/x-www-form-urlencoded
DNT: 1
Accept-Encoding: deflate
Pragma: no-cache
User-Agent: Mozilla/4.0 (compatible; MSIE 7.0; Windows NT 6.3; WOW64; Trident/7.0; .NET4.0E; .NET4.0C; .NET CLR 3.5.30729; .NET CLR 2.0.50727; .NET CLR 3.0.30729)
Accept: text/html, image/gif, image/jpeg, *; q=.2, */*; q=.2
Content-Length: 385
Host: localhost:8080
</requestHeader>
  <responseData class="java.lang.String">@0`1`4`2``0`UC`1`Status`OK`SWEC`127`SRN`xK7T2pIB2ZOV15hwlQxQF5reKcoUB8VpMTZr7we8uAEb`0`0`ResultSet`0`1`6`Command Manager`0`RefreshToolbar`true`7`0`StateToolBar`0`#35`true`#36`true`#17`true`#34`true`#8`false`#37`true`#38`true`0`1`StateExToolBar`0`1`0`#35`0`Checked`false`0`3`FlagsToolBar`0`3`0`#8`0`SWESP`true`SWEH`0`SWEW`0`3`0`#34`0`SWESP`true`SWEH`600`SWEW`800`3`0`#36`0`SWESP`true`SWEH`20`SWEW`380`3`0`State`0`#27`false`#26`false`#28`false`0`3`StateEx`0`0`0`#26`0`0`0`#27`0`1`0`#28`0`Checked`false`0`0`Flags`0`</responseData>
  <responseFile class="java.lang.String"></responseFile>
  <cookies class="java.lang.String">_sn=GXmoeGkdwh1O45lrH7mMIZnLMWvqHkVWiQKqDOICOq1fi95anXYMaCRAX879ujDRD9kS4J75N4kGDX576Q2AKmwZPUBih-4NS80Pc1189OxasEbdAsHiEtIhcnCzZ0zWb5V6QpVraL0TTGU4ktkGZq374g8C0pUBRhKVASKeW21TgUW5eIkswq97I-.qG-kr; _srn=_srn; SWEUAID=SWEUAID</cookies>
  <method class="java.lang.String">POST</method>
  <queryString class="java.lang.String">SWEC=126&amp;SWEMethod=BTCeaseOrderConfirmationMessage&amp;SWERPC=1&amp;SWEActiveApplet=BT+Order+Entry+-+Order+Form+Applet+Dashboard+%28Sales%29&amp;SWECmd=InvokeMethod&amp;SRN=xK7T2pIB2ZOV15hwlQxQF5reKcoUB8VpMTZr7we8uAEb&amp;SWEIPS=%400*0*2*0*0*3*0*5*sType29*CeaseOrderConfirmationMessage8*Order+Id10*3-61EV8AO3&amp;SWEActiveView=Order+Entry+-+Line+Items+Detail+View+%28Sales%29&amp;SWEService=BT+Submit+Order+Checks</queryString>
  <java.net.URL>http://localhost:8080/ecommunications_enu_nsm_aps05524a027/start.swe</java.net.URL>
</httpSample>
<httpSample t="{{\d+}}" it="0" lt="{{\d+}}" ct="{{\d+}}" ts="{{\d+}}" s="true" lb="{{\d+}} /ecommunications_enu_nsm_aps05524a027/start.swe" rc="200" rm="OK" tn="Thread Group 1-1" dt="text" de="utf-8" by="892" sby="1087" sc="1" ec="0" ng="1" na="1" hn="{{.*?}}">
  <responseHeader class="java.lang.String">HTTP/1.1 200 OK
Connection: close
Server: Oracle-iPlanet-Web-Server/7.0
Date: Tue, 23 Jun 2020 13:12:47 GMT
Content-Language: en
Cache-Control: no-cache
Swerpc: true
Content-Type: text/html;charset=utf-8
Connection: close
Matched-Stub-Id: {{\w+-\w+-\w+-\w+-\w+}}
Vary: Accept-Encoding, User-Agent
</responseHeader>
  <requestHeader class="java.lang.String">Connection: close
Content-Type: application/x-www-form-urlencoded
DNT: 1
Accept-Encoding: deflate
Pragma: no-cache
User-Agent: Mozilla/4.0 (compatible; MSIE 7.0; Windows NT 6.3; WOW64; Trident/7.0; .NET4.0E; .NET4.0C; .NET CLR 3.5.30729; .NET CLR 2.0.50727; .NET CLR 3.0.30729)
Accept: text/html, image/gif, image/jpeg, *; q=.2, */*; q=.2
Content-Length: 399
Host: localhost:8080
</requestHeader>
  <responseData class="java.lang.String">@0`1`4`2``0`UC`1`Status`OK`SWEC`128`SRN`xK7T2pIB2ZOV15hwlQxQF5reKcoUB8VpMTZr7we8uAEb`3`0`ResultSet`0`BT FraudResult`FALSE`BT ErrorPresent`NO`BT ErrorMessage``1`6`Command Manager`0`RefreshToolbar`true`7`0`StateToolBar`0`#35`true`#36`true`#17`true`#34`true`#8`false`#37`true`#38`true`0`1`StateExToolBar`0`1`0`#35`0`Checked`false`0`3`FlagsToolBar`0`3`0`#8`0`SWESP`true`SWEH`0`SWEW`0`3`0`#34`0`SWESP`true`SWEH`600`SWEW`800`3`0`#36`0`SWESP`true`SWEH`20`SWEW`380`3`0`State`0`#27`false`#26`false`#28`false`0`3`StateEx`0`0`0`#26`0`0`0`#27`0`1`0`#28`0`Checked`false`0`0`Flags`0`</responseData>
  <responseFile class="java.lang.String"></responseFile>
  <cookies class="java.lang.String">_sn=GXmoeGkdwh1O45lrH7mMIZnLMWvqHkVWiQKqDOICOq1fi95anXYMaCRAX879ujDRD9kS4J75N4kGDX576Q2AKmwZPUBih-4NS80Pc1189OxasEbdAsHiEtIhcnCzZ0zWb5V6QpVraL0TTGU4ktkGZq374g8C0pUBRhKVASKeW21TgUW5eIkswq97I-.qG-kr; _srn=_srn; SWEUAID=SWEUAID</cookies>
  <method class="java.lang.String">POST</method>
  <queryString class="java.lang.String">SWEC=127&amp;SWEMethod=BT_CheckBilingSubStatus&amp;SWERPC=1&amp;SWEActiveApplet=BT+Order+Entry+-+Order+Form+Applet+Dashboard+%28Sales%29&amp;SWECmd=InvokeMethod&amp;SRN=xK7T2pIB2ZOV15hwlQxQF5reKcoUB8VpMTZr7we8uAEb&amp;SWEIPS=%400*0*3*0*0*3*0*18*Billing+Account+Id10*3-61EV8C9M8*Order+Id10*3-61EV8AO314*Dealer+Channel8*BT+Voice&amp;SWEActiveView=Order+Entry+-+Line+Items+Detail+View+%28Sales%29&amp;SWEService=BT+Submit+Order+Checks</queryString>
  <java.net.URL>http://localhost:8080/ecommunications_enu_nsm_aps05524a027/start.swe</java.net.URL>
</httpSample>
<httpSample t="{{\d+}}" it="0" lt="{{\d+}}" ct="{{\d+}}" ts="{{\d+}}" s="true" lb="{{\d+}} /ecommunications_enu_nsm_aps05524a027/start.swe" rc="200" rm="OK" tn="Thread Group 1-1" dt="text" de="utf-8" by="1046" sby="1161" sc="1" ec="0" ng="1" na="1" hn="{{.*?}}">
  <responseHeader class="java.lang.String">HTTP/1.1 200 OK
Connection: close
Server: Oracle-iPlanet-Web-Server/7.0
Date: Tue, 23 Jun 2020 13:12:47 GMT
Content-Language: en
Cache-Control: no-cache
Swerpc: true
Content-Type: text/html;charset=utf-8
Connection: close
Matched-Stub-Id: {{\w+-\w+-\w+-\w+-\w+}}
Vary: Accept-Encoding, User-Agent
</responseHeader>
  <requestHeader class="java.lang.String">Connection: close
Content-Type: application/x-www-form-urlencoded
DNT: 1
Accept-Encoding: deflate
Pragma: no-cache
User-Agent: Mozilla/4.0 (compatible; MSIE 7.0; Windows NT 6.3; WOW64; Trident/7.0; .NET4.0E; .NET4.0C; .NET CLR 3.5.30729; .NET CLR 2.0.50727; .NET CLR 3.0.30729)
Accept: text/html, image/gif, image/jpeg, *; q=.2, */*; q=.2
Content-Length: 473
Host: localhost:8080
</requestHeader>
  <responseData class="java.lang.String">@0`1`4`2``0`UC`1`Status`OK`SWEC`129`SRN`xK7T2pIB2ZOV15hwlQxQF5reKcoUB8VpMTZr7we8uAEb`7`0`ResultSet`0`Process Instance Id`3-61EV8CX0`Object Id``BTLogEntry`E;MAJOR;BT Submit Order Dashboard(Sales) BrowserScript_SubmitOrderSvcPartC; fnDFvalMsg_Started`Siebel Operation Object Id``DDData``Error Code``Error Message``1`6`Command Manager`0`RefreshToolbar`true`7`0`StateToolBar`0`#35`true`#36`true`#17`true`#34`true`#8`false`#37`true`#38`true`0`1`StateExToolBar`0`1`0`#35`0`Checked`false`0`3`FlagsToolBar`0`3`0`#8`0`SWESP`true`SWEH`0`SWEW`0`3`0`#34`0`SWESP`true`SWEH`600`SWEW`800`3`0`#36`0`SWESP`true`SWEH`20`SWEW`380`3`0`State`0`#27`false`#26`false`#28`false`0`3`StateEx`0`0`0`#26`0`0`0`#27`0`1`0`#28`0`Checked`false`0`0`Flags`0`</responseData>
  <responseFile class="java.lang.String"></responseFile>
  <cookies class="java.lang.String">_sn=GXmoeGkdwh1O45lrH7mMIZnLMWvqHkVWiQKqDOICOq1fi95anXYMaCRAX879ujDRD9kS4J75N4kGDX576Q2AKmwZPUBih-4NS80Pc1189OxasEbdAsHiEtIhcnCzZ0zWb5V6QpVraL0TTGU4ktkGZq374g8C0pUBRhKVASKeW21TgUW5eIkswq97I-.qG-kr; _srn=_srn; SWEUAID=SWEUAID</cookies>
  <method class="java.lang.String">POST</method>
  <queryString class="java.lang.String">SWEC=128&amp;SWEMethod=RunProcess&amp;SWERPC=1&amp;SWEActiveApplet=BT+Order+Entry+-+Order+Form+Applet+Dashboard+%28Sales%29&amp;SWECmd=InvokeMethod&amp;SRN=xK7T2pIB2ZOV15hwlQxQF5reKcoUB8VpMTZr7we8uAEb&amp;SWEIPS=%400*0*2*0*0*3*0*11*ProcessName32*BT+Temporary+Application+Logging10*BTLogEntry94*E%3BMAJOR%3BBT+Submit+Order+Dashboard%28Sales%29+BrowserScript_SubmitOrderSvcPartC%3B+fnDFvalMsg_Started&amp;SWEActiveView=Order+Entry+-+Line+Items+Detail+View+%28Sales%29&amp;SWEService=Workflow+Process+Manager</queryString>
  <java.net.URL>http://localhost:8080/ecommunications_enu_nsm_aps05524a027/start.swe</java.net.URL>
</httpSample>
<httpSample t="{{\d+}}" it="0" lt="{{\d+}}" ct="{{\d+}}" ts="{{\d+}}" s="true" lb="{{\d+}} /ecommunications_enu_nsm_aps05524a027/start.swe" rc="200" rm="OK" tn="Thread Group 1-1" dt="text" de="utf-8" by="835" sby="1027" sc="1" ec="0" ng="1" na="1" hn="{{.*?}}">
  <responseHeader class="java.lang.String">HTTP/1.1 200 OK
Connection: close
Server: Oracle-iPlanet-Web-Server/7.0
Date: Tue, 23 Jun 2020 13:12:47 GMT
Content-Language: en
Cache-Control: no-cache
Swerpc: true
Content-Type: text/html;charset=utf-8
Connection: close
Matched-Stub-Id: {{\w+-\w+-\w+-\w+-\w+}}
Vary: Accept-Encoding, User-Agent
</responseHeader>
  <requestHeader class="java.lang.String">Connection: close
Content-Type: application/x-www-form-urlencoded
DNT: 1
Accept-Encoding: deflate
Pragma: no-cache
User-Agent: Mozilla/4.0 (compatible; MSIE 7.0; Windows NT 6.3; WOW64; Trident/7.0; .NET4.0E; .NET4.0C; .NET CLR 3.5.30729; .NET CLR 2.0.50727; .NET CLR 3.0.30729)
Accept: text/html, image/gif, image/jpeg, *; q=.2, */*; q=.2
Content-Length: 339
Host: localhost:8080
</requestHeader>
  <responseData class="java.lang.String">@0`1`4`2``0`UC`1`Status`OK`SWEC`130`SRN`xK7T2pIB2ZOV15hwlQxQF5reKcoUB8VpMTZr7we8uAEb`0`0`ResultSet`0`1`6`Command Manager`0`RefreshToolbar`true`7`0`StateToolBar`0`#35`true`#36`true`#17`true`#34`true`#8`false`#37`true`#38`true`0`1`StateExToolBar`0`1`0`#35`0`Checked`false`0`3`FlagsToolBar`0`3`0`#8`0`SWESP`true`SWEH`0`SWEW`0`3`0`#34`0`SWESP`true`SWEH`600`SWEW`800`3`0`#36`0`SWESP`true`SWEH`20`SWEW`380`3`0`State`0`#27`false`#26`false`#28`false`0`3`StateEx`0`0`0`#26`0`0`0`#27`0`1`0`#28`0`Checked`false`0`0`Flags`0`</responseData>
  <responseFile class="java.lang.String"></responseFile>
  <cookies class="java.lang.String">_sn=GXmoeGkdwh1O45lrH7mMIZnLMWvqHkVWiQKqDOICOq1fi95anXYMaCRAX879ujDRD9kS4J75N4kGDX576Q2AKmwZPUBih-4NS80Pc1189OxasEbdAsHiEtIhcnCzZ0zWb5V6QpVraL0TTGU4ktkGZq374g8C0pUBRhKVASKeW21TgUW5eIkswq97I-.qG-kr; _srn=_srn; SWEUAID=SWEUAID</cookies>
  <method class="java.lang.String">POST</method>
  <queryString class="java.lang.String">SWEC=129&amp;SWEMethod=fnDFvalMsg&amp;SWERPC=1&amp;SWEActiveApplet=BT+Order+Entry+-+Order+Form+Applet+Dashboard+%28Sales%29&amp;SWECmd=InvokeMethod&amp;SRN=xK7T2pIB2ZOV15hwlQxQF5reKcoUB8VpMTZr7we8uAEb&amp;SWEIPS=%400*0*1*0*0*3*0*8*Order+Id10*3-61EV8AO3&amp;SWEActiveView=Order+Entry+-+Line+Items+Detail+View+%28Sales%29&amp;SWEService=BT+Submit+Order+Dashboard%28Sales%29</queryString>
  <java.net.URL>http://localhost:8080/ecommunications_enu_nsm_aps05524a027/start.swe</java.net.URL>
</httpSample>
<httpSample t="{{\d+}}" it="0" lt="{{\d+}}" ct="{{\d+}}" ts="{{\d+}}" s="true" lb="{{\d+}} /ecommunications_enu_nsm_aps05524a027/start.swe" rc="200" rm="OK" tn="Thread Group 1-1" dt="text" de="utf-8" by="1042" sby="1157" sc="1" ec="0" ng="1" na="1" hn="{{.*?}}">
  <responseHeader class="java.lang.String">HTTP/1.1 200 OK
Connection: close
Server: Oracle-iPlanet-Web-Server/7.0
Date: Tue, 23 Jun 2020 13:12:47 GMT
Content-Language: en
Cache-Control: no-cache
Swerpc: true
Content-Type: text/html;charset=utf-8
Connection: close
Matched-Stub-Id: {{\w+-\w+-\w+-\w+-\w+}}
Vary: Accept-Encoding, User-Agent
</responseHeader>
  <requestHeader class="java.lang.String">Connection: close
Content-Type: application/x-www-form-urlencoded
DNT: 1
Accept-Encoding: deflate
Pragma: no-cache
User-Agent: Mozilla/4.0 (compatible; MSIE 7.0; Windows NT 6.3; WOW64; Trident/7.0; .NET4.0E; .NET4.0C; .NET CLR 3.5.30729; .NET CLR 2.0.50727; .NET CLR 3.0.30729)
Accept: text/html, image/gif, image/jpeg, *; q=.2, */*; q=.2
Content-Length: 469
Host: localhost:8080
</requestHeader>
  <responseData class="java.lang.String">@0`1`4`2``0`UC`1`Status`OK`SWEC`131`SRN`xK7T2pIB2ZOV15hwlQxQF5reKcoUB8VpMTZr7we8uAEb`7`0`ResultSet`0`Process Instance Id`3-61EV8CX4`Object Id``BTLogEntry`E;MAJOR;BT Submit Order Dashboard(Sales) BrowserScript_SubmitOrderSvcPartC; fnDFvalMsg_End`Siebel Operation Object Id``DDData``Error Code``Error Message``1`6`Command Manager`0`RefreshToolbar`true`7`0`StateToolBar`0`#35`true`#36`true`#17`true`#34`true`#8`false`#37`true`#38`true`0`1`StateExToolBar`0`1`0`#35`0`Checked`false`0`3`FlagsToolBar`0`3`0`#8`0`SWESP`true`SWEH`0`SWEW`0`3`0`#34`0`SWESP`true`SWEH`600`SWEW`800`3`0`#36`0`SWESP`true`SWEH`20`SWEW`380`3`0`State`0`#27`false`#26`false`#28`false`0`3`StateEx`0`0`0`#26`0`0`0`#27`0`1`0`#28`0`Checked`false`0`0`Flags`0`</responseData>
  <responseFile class="java.lang.String"></responseFile>
  <cookies class="java.lang.String">_sn=GXmoeGkdwh1O45lrH7mMIZnLMWvqHkVWiQKqDOICOq1fi95anXYMaCRAX879ujDRD9kS4J75N4kGDX576Q2AKmwZPUBih-4NS80Pc1189OxasEbdAsHiEtIhcnCzZ0zWb5V6QpVraL0TTGU4ktkGZq374g8C0pUBRhKVASKeW21TgUW5eIkswq97I-.qG-kr; _srn=_srn; SWEUAID=SWEUAID</cookies>
  <method class="java.lang.String">POST</method>
  <queryString class="java.lang.String">SWEC=130&amp;SWEMethod=RunProcess&amp;SWERPC=1&amp;SWEActiveApplet=BT+Order+Entry+-+Order+Form+Applet+Dashboard+%28Sales%29&amp;SWECmd=InvokeMethod&amp;SRN=xK7T2pIB2ZOV15hwlQxQF5reKcoUB8VpMTZr7we8uAEb&amp;SWEIPS=%400*0*2*0*0*3*0*11*ProcessName32*BT+Temporary+Application+Logging10*BTLogEntry90*E%3BMAJOR%3BBT+Submit+Order+Dashboard%28Sales%29+BrowserScript_SubmitOrderSvcPartC%3B+fnDFvalMsg_End&amp;SWEActiveView=Order+Entry+-+Line+Items+Detail+View+%28Sales%29&amp;SWEService=Workflow+Process+Manager</queryString>
  <java.net.URL>http://localhost:8080/ecommunications_enu_nsm_aps05524a027/start.swe</java.net.URL>
</httpSample>
<httpSample t="{{\d+}}" it="0" lt="{{\d+}}" ct="{{\d+}}" ts="{{\d+}}" s="true" lb="{{\d+}} /ecommunications_enu_nsm_aps05524a027/start.swe" rc="200" rm="OK" tn="Thread Group 1-1" dt="text" de="utf-8" by="841" sby="1050" sc="1" ec="0" ng="1" na="1" hn="{{.*?}}">
  <responseHeader class="java.lang.String">HTTP/1.1 200 OK
Connection: close
Server: Oracle-iPlanet-Web-Server/7.0
Date: Tue, 23 Jun 2020 13:12:47 GMT
Content-Language: en
Cache-Control: no-cache
Swerpc: true
Content-Type: text/html;charset=utf-8
Connection: close
Matched-Stub-Id: {{\w+-\w+-\w+-\w+-\w+}}
Vary: Accept-Encoding, User-Agent
</responseHeader>
  <requestHeader class="java.lang.String">Connection: close
Content-Type: application/x-www-form-urlencoded
DNT: 1
Accept-Encoding: deflate
Pragma: no-cache
User-Agent: Mozilla/4.0 (compatible; MSIE 7.0; Windows NT 6.3; WOW64; Trident/7.0; .NET4.0E; .NET4.0C; .NET CLR 3.5.30729; .NET CLR 2.0.50727; .NET CLR 3.0.30729)
Accept: text/html, image/gif, image/jpeg, *; q=.2, */*; q=.2
Content-Length: 362
Host: localhost:8080
</requestHeader>
  <responseData class="java.lang.String">@0`1`4`2``0`UC`1`Status`OK`SWEC`132`SRN`xK7T2pIB2ZOV15hwlQxQF5reKcoUB8VpMTZr7we8uAEb`1`0`ResultSet`0`High``1`6`Command Manager`0`RefreshToolbar`true`7`0`StateToolBar`0`#35`true`#36`true`#17`true`#34`true`#8`false`#37`true`#38`true`0`1`StateExToolBar`0`1`0`#35`0`Checked`false`0`3`FlagsToolBar`0`3`0`#8`0`SWESP`true`SWEH`0`SWEW`0`3`0`#34`0`SWESP`true`SWEH`600`SWEW`800`3`0`#36`0`SWESP`true`SWEH`20`SWEW`380`3`0`State`0`#27`false`#26`false`#28`false`0`3`StateEx`0`0`0`#26`0`0`0`#27`0`1`0`#28`0`Checked`false`0`0`Flags`0`</responseData>
  <responseFile class="java.lang.String"></responseFile>
  <cookies class="java.lang.String">_sn=GXmoeGkdwh1O45lrH7mMIZnLMWvqHkVWiQKqDOICOq1fi95anXYMaCRAX879ujDRD9kS4J75N4kGDX576Q2AKmwZPUBih-4NS80Pc1189OxasEbdAsHiEtIhcnCzZ0zWb5V6QpVraL0TTGU4ktkGZq374g8C0pUBRhKVASKeW21TgUW5eIkswq97I-.qG-kr; _srn=_srn; SWEUAID=SWEUAID</cookies>
  <method class="java.lang.String">POST</method>
  <queryString class="java.lang.String">SWEC=131&amp;SWEMethod=GetLOVField&amp;SWERPC=1&amp;SWEActiveApplet=BT+Order+Entry+-+Order+Form+Applet+Dashboard+%28Sales%29&amp;SWECmd=InvokeMethod&amp;SRN=xK7T2pIB2ZOV15hwlQxQF5reKcoUB8VpMTZr7we8uAEb&amp;SWEIPS=%400*0*3*0*0*3*0*4*High0*4*Type24*BT_GEN_SUBMIT_ORDER_CSBS4*Name14*SubmitClientBS&amp;SWEActiveView=Order+Entry+-+Line+Items+Detail+View+%28Sales%29&amp;SWEService=BT+List+Of+Values</queryString>
  <java.net.URL>http://localhost:8080/ecommunications_enu_nsm_aps05524a027/start.swe</java.net.URL>
</httpSample>
<httpSample t="{{\d+}}" it="0" lt="{{\d+}}" ct="{{\d+}}" ts="{{\d+}}" s="true" lb="{{\d+}} /ecommunications_enu_nsm_aps05524a027/start.swe" rc="200" rm="OK" tn="Thread Group 1-1" dt="text" de="utf-8" by="835" sby="1025" sc="1" ec="0" ng="1" na="1" hn="{{.*?}}">
  <responseHeader class="java.lang.String">HTTP/1.1 200 OK
Connection: close
Server: Oracle-iPlanet-Web-Server/7.0
Date: Tue, 23 Jun 2020 13:12:47 GMT
Content-Language: en
Cache-Control: no-cache
Swerpc: true
Content-Type: text/html;charset=utf-8
Connection: close
Matched-Stub-Id: {{\w+-\w+-\w+-\w+-\w+}}
Vary: Accept-Encoding, User-Agent
</responseHeader>
  <requestHeader class="java.lang.String">Connection: close
Content-Type: application/x-www-form-urlencoded
DNT: 1
Accept-Encoding: deflate
Pragma: no-cache
User-Agent: Mozilla/4.0 (compatible; MSIE 7.0; Windows NT 6.3; WOW64; Trident/7.0; .NET4.0E; .NET4.0C; .NET CLR 3.5.30729; .NET CLR 2.0.50727; .NET CLR 3.0.30729)
Accept: text/html, image/gif, image/jpeg, *; q=.2, */*; q=.2
Content-Length: 337
Host: localhost:8080
</requestHeader>
  <responseData class="java.lang.String">@0`1`4`2``0`UC`1`Status`OK`SWEC`133`SRN`xK7T2pIB2ZOV15hwlQxQF5reKcoUB8VpMTZr7we8uAEb`0`0`ResultSet`0`1`6`Command Manager`0`RefreshToolbar`true`7`0`StateToolBar`0`#35`true`#36`true`#17`true`#34`true`#8`false`#37`true`#38`true`0`1`StateExToolBar`0`1`0`#35`0`Checked`false`0`3`FlagsToolBar`0`3`0`#8`0`SWESP`true`SWEH`0`SWEW`0`3`0`#34`0`SWESP`true`SWEH`600`SWEW`800`3`0`#36`0`SWESP`true`SWEH`20`SWEW`380`3`0`State`0`#27`false`#26`false`#28`false`0`3`StateEx`0`0`0`#26`0`0`0`#27`0`1`0`#28`0`Checked`false`0`0`Flags`0`</responseData>
  <responseFile class="java.lang.String"></responseFile>
  <cookies class="java.lang.String">_sn=GXmoeGkdwh1O45lrH7mMIZnLMWvqHkVWiQKqDOICOq1fi95anXYMaCRAX879ujDRD9kS4J75N4kGDX576Q2AKmwZPUBih-4NS80Pc1189OxasEbdAsHiEtIhcnCzZ0zWb5V6QpVraL0TTGU4ktkGZq374g8C0pUBRhKVASKeW21TgUW5eIkswq97I-.qG-kr; _srn=_srn; SWEUAID=SWEUAID</cookies>
  <method class="java.lang.String">POST</method>
  <queryString class="java.lang.String">SWEC=132&amp;SWEMethod=fnDualPlayEmpValidation&amp;SWERPC=1&amp;SWEActiveApplet=BT+Order+Entry+-+Order+Form+Applet+Dashboard+%28Sales%29&amp;SWECmd=InvokeMethod&amp;SRN=xK7T2pIB2ZOV15hwlQxQF5reKcoUB8VpMTZr7we8uAEb&amp;SWEIPS=%400*0*1*0*0*3*0*7*OrderId10*3-61EV8AO3&amp;SWEActiveView=Order+Entry+-+Line+Items+Detail+View+%28Sales%29&amp;SWEService=BT+Submit+Order+Checks</queryString>
  <java.net.URL>http://localhost:8080/ecommunications_enu_nsm_aps05524a027/start.swe</java.net.URL>
</httpSample>
<httpSample t="{{\d+}}" it="0" lt="{{\d+}}" ct="{{\d+}}" ts="{{\d+}}" s="true" lb="{{\d+}} /ecommunications_enu_nsm_aps05524a027/start.swe" rc="200" rm="OK" tn="Thread Group 1-1" dt="text" de="utf-8" by="835" sby="1019" sc="1" ec="0" ng="1" na="1" hn="{{.*?}}">
  <responseHeader class="java.lang.String">HTTP/1.1 200 OK
Connection: close
Server: Oracle-iPlanet-Web-Server/7.0
Date: Tue, 23 Jun 2020 13:12:47 GMT
Content-Language: en
Cache-Control: no-cache
Swerpc: true
Content-Type: text/html;charset=utf-8
Connection: close
Matched-Stub-Id: {{\w+-\w+-\w+-\w+-\w+}}
Vary: Accept-Encoding, User-Agent
</responseHeader>
  <requestHeader class="java.lang.String">Connection: close
Content-Type: application/x-www-form-urlencoded
DNT: 1
Accept-Encoding: deflate
Pragma: no-cache
User-Agent: Mozilla/4.0 (compatible; MSIE 7.0; Windows NT 6.3; WOW64; Trident/7.0; .NET4.0E; .NET4.0C; .NET CLR 3.5.30729; .NET CLR 2.0.50727; .NET CLR 3.0.30729)
Accept: text/html, image/gif, image/jpeg, *; q=.2, */*; q=.2
Content-Length: 331
Host: localhost:8080
</requestHeader>
  <responseData class="java.lang.String">@0`1`4`2``0`UC`1`Status`OK`SWEC`134`SRN`xK7T2pIB2ZOV15hwlQxQF5reKcoUB8VpMTZr7we8uAEb`0`0`ResultSet`0`1`6`Command Manager`0`RefreshToolbar`true`7`0`StateToolBar`0`#35`true`#36`true`#17`true`#34`true`#8`false`#37`true`#38`true`0`1`StateExToolBar`0`1`0`#35`0`Checked`false`0`3`FlagsToolBar`0`3`0`#8`0`SWESP`true`SWEH`0`SWEW`0`3`0`#34`0`SWESP`true`SWEH`600`SWEW`800`3`0`#36`0`SWESP`true`SWEH`20`SWEW`380`3`0`State`0`#27`false`#26`false`#28`false`0`3`StateEx`0`0`0`#26`0`0`0`#27`0`1`0`#28`0`Checked`false`0`0`Flags`0`</responseData>
  <responseFile class="java.lang.String"></responseFile>
  <cookies class="java.lang.String">_sn=GXmoeGkdwh1O45lrH7mMIZnLMWvqHkVWiQKqDOICOq1fi95anXYMaCRAX879ujDRD9kS4J75N4kGDX576Q2AKmwZPUBih-4NS80Pc1189OxasEbdAsHiEtIhcnCzZ0zWb5V6QpVraL0TTGU4ktkGZq374g8C0pUBRhKVASKeW21TgUW5eIkswq97I-.qG-kr; _srn=_srn; SWEUAID=SWEUAID</cookies>
  <method class="java.lang.String">POST</method>
  <queryString class="java.lang.String">SWEC=133&amp;SWEMethod=GetOLIProdFamily&amp;SWERPC=1&amp;SWEActiveApplet=BT+Order+Entry+-+Order+Form+Applet+Dashboard+%28Sales%29&amp;SWECmd=InvokeMethod&amp;SRN=xK7T2pIB2ZOV15hwlQxQF5reKcoUB8VpMTZr7we8uAEb&amp;SWEIPS=%400*0*1*0*0*3*0*8*Order+Id10*3-61EV8AO3&amp;SWEActiveView=Order+Entry+-+Line+Items+Detail+View+%28Sales%29&amp;SWEService=BT+Submit+Order+Checks</queryString>
  <java.net.URL>http://localhost:8080/ecommunications_enu_nsm_aps05524a027/start.swe</java.net.URL>
</httpSample>
<httpSample t="{{\d+}}" it="0" lt="{{\d+}}" ct="{{\d+}}" ts="{{\d+}}" s="true" lb="{{\d+}} /ecommunications_enu_nsm_aps05524a027/start.swe" rc="200" rm="OK" tn="Thread Group 1-1" dt="text" de="utf-8" by="835" sby="1031" sc="1" ec="0" ng="1" na="1" hn="{{.*?}}">
  <responseHeader class="java.lang.String">HTTP/1.1 200 OK
Connection: close
Server: Oracle-iPlanet-Web-Server/7.0
Date: Tue, 23 Jun 2020 13:12:53 GMT
Content-Language: en
Cache-Control: no-cache
Swerpc: true
Content-Type: text/html;charset=utf-8
Connection: close
Matched-Stub-Id: {{\w+-\w+-\w+-\w+-\w+}}
Vary: Accept-Encoding, User-Agent
</responseHeader>
  <requestHeader class="java.lang.String">Connection: close
Content-Type: application/x-www-form-urlencoded
DNT: 1
Accept-Encoding: deflate
Pragma: no-cache
User-Agent: Mozilla/4.0 (compatible; MSIE 7.0; Windows NT 6.3; WOW64; Trident/7.0; .NET4.0E; .NET4.0C; .NET CLR 3.5.30729; .NET CLR 2.0.50727; .NET CLR 3.0.30729)
Accept: text/html, image/gif, image/jpeg, *; q=.2, */*; q=.2
Content-Length: 343
Host: localhost:8080
</requestHeader>
  <responseData class="java.lang.String">@0`1`4`2``0`UC`1`Status`OK`SWEC`135`SRN`xK7T2pIB2ZOV15hwlQxQF5reKcoUB8VpMTZr7we8uAEb`0`0`ResultSet`0`1`6`Command Manager`0`RefreshToolbar`true`7`0`StateToolBar`0`#35`true`#36`true`#17`true`#34`true`#8`false`#37`true`#38`true`0`1`StateExToolBar`0`1`0`#35`0`Checked`false`0`3`FlagsToolBar`0`3`0`#8`0`SWESP`true`SWEH`0`SWEW`0`3`0`#34`0`SWESP`true`SWEH`600`SWEW`800`3`0`#36`0`SWESP`true`SWEH`20`SWEW`380`3`0`State`0`#27`false`#26`false`#28`false`0`3`StateEx`0`0`0`#26`0`0`0`#27`0`1`0`#28`0`Checked`false`0`0`Flags`0`</responseData>
  <responseFile class="java.lang.String"></responseFile>
  <cookies class="java.lang.String">_sn=GXmoeGkdwh1O45lrH7mMIZnLMWvqHkVWiQKqDOICOq1fi95anXYMaCRAX879ujDRD9kS4J75N4kGDX576Q2AKmwZPUBih-4NS80Pc1189OxasEbdAsHiEtIhcnCzZ0zWb5V6QpVraL0TTGU4ktkGZq374g8C0pUBRhKVASKeW21TgUW5eIkswq97I-.qG-kr; _srn=_srn; SWEUAID=SWEUAID</cookies>
  <method class="java.lang.String">POST</method>
  <queryString class="java.lang.String">SWEC=134&amp;SWEMethod=SubmitOrderSvc&amp;SWERPC=1&amp;SWEActiveApplet=BT+Order+Entry+-+Order+Form+Applet+Dashboard+%28Sales%29&amp;SWECmd=InvokeMethod&amp;SRN=xK7T2pIB2ZOV15hwlQxQF5reKcoUB8VpMTZr7we8uAEb&amp;SWEIPS=%400*0*1*0*0*3*0*8*Order+Id10*3-61EV8AO3&amp;SWEActiveView=Order+Entry+-+Line+Items+Detail+View+%28Sales%29&amp;SWEService=BT+Submit+Order+Dashboard%28Sales%29</queryString>
  <java.net.URL>http://localhost:8080/ecommunications_enu_nsm_aps05524a027/start.swe</java.net.URL>
</httpSample>
<httpSample t="{{\d+}}" it="0" lt="{{\d+}}" ct="{{\d+}}" ts="{{\d+}}" s="true" lb="{{\d+}} /ecommunications_enu_nsm_aps05524a027/start.swe" rc="200" rm="OK" tn="Thread Group 1-1" dt="text" de="utf-8" by="968" sby="1016" sc="1" ec="0" ng="1" na="1" hn="{{.*?}}">
  <responseHeader class="java.lang.String">HTTP/1.1 200 OK
Connection: close
Server: Oracle-iPlanet-Web-Server/7.0
Date: Tue, 23 Jun 2020 13:12:53 GMT
Content-Language: en
Cache-Control: no-cache
Swerpc: true
Content-Type: text/html;charset=utf-8
Connection: close
Matched-Stub-Id: {{\w+-\w+-\w+-\w+-\w+}}
Vary: Accept-Encoding, User-Agent
</responseHeader>
  <requestHeader class="java.lang.String">Connection: close
Content-Type: application/x-www-form-urlencoded
DNT: 1
Accept-Encoding: deflate
Pragma: no-cache
User-Agent: Mozilla/4.0 (compatible; MSIE 7.0; Windows NT 6.3; WOW64; Trident/7.0; .NET4.0E; .NET4.0C; .NET CLR 3.5.30729; .NET CLR 2.0.50727; .NET CLR 3.0.30729)
Accept: text/html, image/gif, image/jpeg, *; q=.2, */*; q=.2
Content-Length: 328
Host: localhost:8080
</requestHeader>
  <responseData class="java.lang.String">@0`1`4`2``0`UC`1`Status`OK`SWEC`136`SRN`xK7T2pIB2ZOV15hwlQxQF5reKcoUB8VpMTZr7we8uAEb`3`0`ResultSet`0`PACSRFlg`N`PACMsg`There is an open PAC SR. Click OK to cancel the PAC request or cancel the renumber manually.`RenumExists`undefined`1`6`Command Manager`0`RefreshToolbar`true`7`0`StateToolBar`0`#35`true`#36`true`#17`true`#34`true`#8`false`#37`true`#38`true`0`1`StateExToolBar`0`1`0`#35`0`Checked`false`0`3`FlagsToolBar`0`3`0`#8`0`SWESP`true`SWEH`0`SWEW`0`3`0`#34`0`SWESP`true`SWEH`600`SWEW`800`3`0`#36`0`SWESP`true`SWEH`20`SWEW`380`3`0`State`0`#27`false`#26`false`#28`false`0`3`StateEx`0`0`0`#26`0`0`0`#27`0`1`0`#28`0`Checked`false`0`0`Flags`0`</responseData>
  <responseFile class="java.lang.String"></responseFile>
  <cookies class="java.lang.String">_sn=GXmoeGkdwh1O45lrH7mMIZnLMWvqHkVWiQKqDOICOq1fi95anXYMaCRAX879ujDRD9kS4J75N4kGDX576Q2AKmwZPUBih-4NS80Pc1189OxasEbdAsHiEtIhcnCzZ0zWb5V6QpVraL0TTGU4ktkGZq374g8C0pUBRhKVASKeW21TgUW5eIkswq97I-.qG-kr; _srn=_srn; SWEUAID=SWEUAID</cookies>
  <method class="java.lang.String">POST</method>
  <queryString class="java.lang.String">SWEC=135&amp;SWEMethod=CheckRenumberProd&amp;SWERPC=1&amp;SWEActiveApplet=BT+Order+Entry+-+Order+Form+Applet+Dashboard+%28Sales%29&amp;SWECmd=InvokeMethod&amp;SRN=xK7T2pIB2ZOV15hwlQxQF5reKcoUB8VpMTZr7we8uAEb&amp;SWEIPS=%400*0*1*0*0*3*0*8*Order+Id10*3-61EV8AO3&amp;SWEActiveView=Order+Entry+-+Line+Items+Detail+View+%28Sales%29&amp;SWEService=BT+Masking+Service</queryString>
  <java.net.URL>http://localhost:8080/ecommunications_enu_nsm_aps05524a027/start.swe</java.net.URL>
</httpSample>
<httpSample t="{{\d+}}" it="0" lt="{{\d+}}" ct="{{\d+}}" ts="{{\d+}}" s="true" lb="{{\d+}} /ecommunications_enu_nsm_aps05524a027/start.swe" rc="200" rm="OK" tn="Thread Group 1-1" dt="text" de="utf-8" by="835" sby="1032" sc="1" ec="0" ng="1" na="1" hn="{{.*?}}">
  <responseHeader class="java.lang.String">HTTP/1.1 200 OK
Connection: close
Server: Oracle-iPlanet-Web-Server/7.0
Date: Tue, 23 Jun 2020 13:12:53 GMT
Content-Language: en
Cache-Control: no-cache
Swerpc: true
Content-Type: text/html;charset=utf-8
Connection: close
Matched-Stub-Id: {{\w+-\w+-\w+-\w+-\w+}}
Vary: Accept-Encoding, User-Agent
</responseHeader>
  <requestHeader class="java.lang.String">Connection: close
Content-Type: application/x-www-form-urlencoded
DNT: 1
Accept-Encoding: deflate
Pragma: no-cache
User-Agent: Mozilla/4.0 (compatible; MSIE 7.0; Windows NT 6.3; WOW64; Trident/7.0; .NET4.0E; .NET4.0C; .NET CLR 3.5.30729; .NET CLR 2.0.50727; .NET CLR 3.0.30729)
Accept: text/html, image/gif, image/jpeg, *; q=.2, */*; q=.2
Content-Length: 344
Host: localhost:8080
</requestHeader>
  <responseData class="java.lang.String">@0`1`4`2``0`UC`1`Status`OK`SWEC`137`SRN`xK7T2pIB2ZOV15hwlQxQF5reKcoUB8VpMTZr7we8uAEb`0`0`ResultSet`0`1`6`Command Manager`0`RefreshToolbar`true`7`0`StateToolBar`0`#35`true`#36`true`#17`true`#34`true`#8`false`#37`true`#38`true`0`1`StateExToolBar`0`1`0`#35`0`Checked`false`0`3`FlagsToolBar`0`3`0`#8`0`SWESP`true`SWEH`0`SWEW`0`3`0`#34`0`SWESP`true`SWEH`600`SWEW`800`3`0`#36`0`SWESP`true`SWEH`20`SWEW`380`3`0`State`0`#27`false`#26`false`#28`false`0`3`StateEx`0`0`0`#26`0`0`0`#27`0`1`0`#28`0`Checked`false`0`0`Flags`0`</responseData>
  <responseFile class="java.lang.String"></responseFile>
  <cookies class="java.lang.String">_sn=GXmoeGkdwh1O45lrH7mMIZnLMWvqHkVWiQKqDOICOq1fi95anXYMaCRAX879ujDRD9kS4J75N4kGDX576Q2AKmwZPUBih-4NS80Pc1189OxasEbdAsHiEtIhcnCzZ0zWb5V6QpVraL0TTGU4ktkGZq374g8C0pUBRhKVASKeW21TgUW5eIkswq97I-.qG-kr; _srn=_srn; SWEUAID=SWEUAID</cookies>
  <method class="java.lang.String">POST</method>
  <queryString class="java.lang.String">SWEC=136&amp;SWEMethod=HandsetSimCheck&amp;SWERPC=1&amp;SWEActiveApplet=BT+Order+Entry+-+Order+Form+Applet+Dashboard+%28Sales%29&amp;SWECmd=InvokeMethod&amp;SRN=xK7T2pIB2ZOV15hwlQxQF5reKcoUB8VpMTZr7we8uAEb&amp;SWEIPS=%400*0*1*0*0*3*0*8*Order+Id10*3-61EV8AO3&amp;SWEActiveView=Order+Entry+-+Line+Items+Detail+View+%28Sales%29&amp;SWEService=BT+Submit+Order+Dashboard%28Sales%29</queryString>
  <java.net.URL>http://localhost:8080/ecommunications_enu_nsm_aps05524a027/start.swe</java.net.URL>
</httpSample>
<httpSample t="{{\d+}}" it="0" lt="{{\d+}}" ct="{{\d+}}" ts="{{\d+}}" s="true" lb="{{\d+}} /ecommunications_enu_nsm_aps05524a027/start.swe" rc="200" rm="OK" tn="Thread Group 1-1" dt="text" de="utf-8" by="33829" sby="1930" sc="1" ec="0" ng="1" na="1" hn="{{.*?}}">
  <responseHeader class="java.lang.String">HTTP/1.1 200 OK
Connection: close
Server: Oracle-iPlanet-Web-Server/7.0
Date: Tue, 23 Jun 2020 13:13:14 GMT
Content-Language: en
Cache-Control: no-cache
Swerpc: true
Content-Type: text/html;charset=utf-8
Matched-Stub-Id: {{\w+-\w+-\w+-\w+-\w+}}
Vary: Accept-Encoding, User-Agent
</responseHeader>
  <requestHeader class="java.lang.String">Connection: close
Content-Type: application/x-www-form-urlencoded
DNT: 1
Accept-Encoding: deflate
Pragma: no-cache
User-Agent: Mozilla/4.0 (compatible; MSIE 7.0; Windows NT 6.3; WOW64; Trident/7.0; .NET4.0E; .NET4.0C; .NET CLR 3.5.30729; .NET CLR 2.0.50727; .NET CLR 3.0.30729)
Accept: text/html, image/gif, image/jpeg, *; q=.2, */*; q=.2
Content-Length: 1241
Host: localhost:8080
</requestHeader>
  <responseData class="java.lang.String">@0`1`4`2``0`UC`1`Status`Completed`SWEC`138`SRN`xK7T2pIB2ZOV15hwlQxQF5reKcoUB8VpMTZr7we8uAEb`0`130`Notifications`0`2`0``0`OP`bn`bc`S_BC1`7`0``0`br`0`ArgsArray`52*BT Order Entry - Order Form Applet Dashboard (Sales)17**External Order #1*?20**Integration Message1*?19**Integration Status1*?16**Sold To Address1*?13**Sold To Site1*?12**HTML Button1*?16**HTML MiniButton1*?`size`1`cr`0`OP`g`bc`S_BC1`type`SWEIPrivFlds`7`0``0`br`0`ArgsArray`52*BT Order Entry - Order Form Applet Dashboard (Sales)1*01*11*11*11*21*11*31*11*41*11*51*01*61*01*71*01*81*01*91*12*101*02*111*12*121*12*131*02*141*12*151*12*161*02*171*12*181*02*191*12*201*02*211*02*221*02*231*02*241*12*251*02*261*12*271*12*281*12*291*12*301*02*311*02*321*12*331*02*341*02*351*12*361*02*371*12*381*12*391*02*401*12*411*12*421*12*431*12*441*12*451*02*461*02*471*12*481*02*491*12*501*02*511*02*521*02*531*02*541*02*551*02*561*02*571*02*581*02*591*02*601*02*611*12*621*12*631*02*641*02*651*02*661*12*671*12*681*02*691*12*701*02*711*02*721*12*731*02*741*02*751*02*761*02*771*02*781*02*791*02*801*12*811*02*821*12*831*12*841*02*851*12*861*02*871*02*881*12*891*12*901*02*911*12*921*12*931*12*941*12*951*12*961*12*971*02*981*02*991*03*1001*03*1011*13*1021*13*1031*13*1041*13*1051*13*1061*13*1071*03*1081*13*1091*03*1101*13*1111*03*1121*03*1131*03*1141*03*1151*03*1161*03*1171*03*1181*03*1191*03*1201*13*1211*03*1221*03*1231*13*1241*13*1251*13*1261*13*1271*03*1281*03*1291*13*1301*03*1311*13*1321*03*1331*13*1341*13*1351*03*1361*03*1371*03*1381*13*1391*13*1401*13*1411*13*1421*03*1431*03*1441*03*1451*13*1461*03*1471*03*1481*03*1491*13*1501*13*1511*13*1521*13*1531*03*1541*03*1551*03*1561*13*1571*03*1581*03*1591*03*1601*03*1611*03*1621*03*1631*03*1641*03*1651*13*1661*13*1671*03*1681*13*1691*13*1701*13*1711*13*1721*13*1731*13*1741*03*1751*13*1761*03*1771*13*1781*13*1791*13*1801*13*1811*03*1821*13*1831*03*1841*13*1851*03*1861*03*1871*03*1881*03*1891*03*1901*03*1911*03*1921*13*1931*03*1941*03*1951*03*1961*13*1971*13*1981*13*1991*13*2001*1`size`1`cr`0`OP`g`bc`S_BC1`type`SWEICanUpdate`7`0``0`br`0`ArgsArray`52*BT Order Entry - Order Form Applet Dashboard (Sales)1*01*11*11*11*21*11*31*11*41*11*51*11*61*01*71*11*81*01*91*12*101*12*111*12*121*12*131*12*141*12*151*12*161*12*171*02*181*12*191*02*201*02*211*12*221*12*231*12*241*12*251*12*261*12*271*12*281*02*291*12*301*02*311*12*321*12*331*02*341*12*351*12*361*02*371*12*381*12*391*12*401*12*411*12*421*12*431*12*441*02*451*02*461*12*471*02*481*02*491*12*501*02*511*02*521*02*531*02*541*12*551*02*561*12*571*12*581*12*591*02*601*02*611*02*621*02*631*02*641*02*651*12*661*12*671*12*681*12*691*02*701*02*711*1`size`1`cr`0`OP`g`bc`S_BC1`type`SWEICanInvokeMethod`8`0``0`br`0`ar`0`size`1`index`0`cr`0`OP`dw`bc`S_BC1`nr`1`8`0``0`br`0`value`0`ar`-1`state`bExecuted`size`1`cr`0`OP`sc`bc`S_BC1`8`0``0`br`0`value`1`ar`-1`state`bExecuted`size`1`cr`0`OP`sc`bc`S_BC1`8`0``0`br`0`srt``s`[Id] = &quot;3-61EV8AO3&quot;`ar`-1`size`1`cr`0`OP`e`bc`S_BC1`7`1``0`br`0`ar`-1`size`1`index`0`cr`0`OP`iw`bc`S_BC1`1`0`FieldValues`0`ValueArray`0*19*VOL013-47326074854715*Blazemeter Demo10*3-61EV8C9M13*BB_CCPEIM50000*7*Pending0*19*06/24/2020 00:00:008*BT Voice1*N11*In-Progress10*Blazemeter19*06/23/2020 00:00:000*0*4*Demo0*0*1*Y0*19*06/23/2020 14:02:520*0*1*N6*Letter0*14*+44012123456780*1*N19*Consumer Price List0*3*00011*Sales Order0*0*1*Y1*N34*Leave out of sight and under cover1*019*06/23/2020 14:02:521*00*0*8*Consumer1*10*3*Low7*Default19*06/23/2020 14:02:521*N14*Run Assignment1*Y0*0*1*N0*15*Blazemeter Demo11*Low-Pending0*9*BT Volume0*0*0*1*N0*0*0*0*0*0*0*0*0*0*0*0*1*N1*00*1*010*3-61EV8AO3`8`0``0`br`0`value`0`ar`0`state`activeRow`size`1`cr`0`OP`sc`bc`S_BC1`6`0``0`br`0`ar`0`size`1`cr`0`OP`nd`bc`S_BC1`7`1``0`br`0`ar`0`size`1`index`0`cr`0`OP`iw`bc`S_BC1`1`0`FieldValues`0`ValueArray`0*0*0*0*0*0*0*0*0*0*0*0*0*0*0*0*0*0*0*0*0*0*0*0*0*0*0*0*0*0*0*0*0*0*0*0*0*0*0*0*0*0*0*0*0*0*0*0*0*0*0*0*0*0*0*0*0*0*0*0*0*0*0*0*0*0*0*0*0*0*0*0*0*0*0*0*0*0*0*0*0*0*`8`0``0`br`0`ar`0`size`1`index`0`cr`0`OP`dw`bc`S_BC1`nr`1`8`0``0`br`0`value`1`ar`0`state`nrk`size`1`cr`0`OP`sc`bc`S_BC1`6`0``0`br`0`ar`0`size`1`cr`0`OP`nd`bc`S_BC1`8`0``0`br`0`ar`0`size`1`index`0`cr`0`OP`dw`bc`S_BC1`nr`1`8`0``0`br`0`value`0`ar`-1`state`bExecuted`size`1`cr`0`OP`sc`bc`S_BC1`8`0``0`br`0`value`1`ar`-1`state`bExecuted`size`1`cr`0`OP`sc`bc`S_BC1`8`0``0`br`0`srt``s`[Id] = &quot;3-61EV8AO3&quot;`ar`-1`size`1`cr`0`OP`e`bc`S_BC1`7`1``0`br`0`ar`-1`size`1`index`0`cr`0`OP`iw`bc`S_BC1`1`0`FieldValues`0`ValueArray`0*19*VOL013-47326074854715*Blazemeter Demo10*3-61EV8C9M13*BB_CCPEIM50000*4*Open0*19*06/24/2020 00:00:008*BT Voice1*N9*Validated10*Blazemeter19*06/23/2020 00:00:000*0*4*Demo0*0*1*Y0*19*06/23/2020 14:02:5219*06/23/2020 14:13:120*1*N6*Letter0*14*+44012123456780*1*N19*Consumer Price List0*3*00011*Sales Order0*0*1*Y1*N34*Leave out of sight and under cover1*019*06/23/2020 14:02:521*00*0*8*Consumer1*10*3*Low7*Default19*06/23/2020 14:13:131*N14*Run Assignment1*Y0*0*1*N0*15*Blazemeter Demo8*Low-Open0*9*BT Volume0*0*0*1*N0*0*0*0*0*0*0*0*0*0*0*0*1*N1*00*1*010*3-61EV8AO3`8`0``0`br`0`value`0`ar`0`state`activeRow`size`1`cr`0`OP`sc`bc`S_BC1`8`0``0`br`0`value`0`ar`0`state`nrk`size`1`cr`0`OP`sc`bc`S_BC1`6`0``0`br`0`ar`0`size`1`cr`0`OP`nd`bc`S_BC1`6`1``0`br`0`ar`0`size`1`cr`0`OP`nrdw`bc`S_BC1`1`0`FieldValues`0`ValueArray`0*19*VOL013-47326074854715*Blazemeter Demo10*3-61EV8C9M13*BB_CCPEIM50000*4*Open0*19*06/24/2020 00:00:008*BT Voice1*N9*Validated10*Blazemeter19*06/23/2020 00:00:000*0*4*Demo0*0*1*Y0*19*06/23/2020 14:02:5219*06/23/2020 14:13:120*1*N6*Letter0*14*+44012123456780*1*N19*Consumer Price List0*3*00011*Sales Order0*0*1*Y1*N34*Leave out of sight and under cover1*019*06/23/2020 14:02:521*00*0*8*Consumer1*10*3*Low7*Default19*06/23/2020 14:13:131*N14*Run Assignment1*Y0*0*1*N0*15*Blazemeter Demo8*Low-Open0*9*BT Volume0*0*0*1*N0*0*0*0*0*0*0*0*0*0*0*0*1*N1*00*1*010*3-61EV8AO3`6`0``0`br`0`ar`0`size`1`cr`0`OP`nrd`bc`S_BC1`2`0``0`OP`en`bc`S_BC1`2`0``0`OP`bn`bc`S_BC2`7`0``0`br`0`ArgsArray`46*BT Order Entry - Line Item List Applet (Sales)14**QueryComboBox1*?14**QuerySrchSpec1*?13**HTML Hidden21*?`size`16`cr`0`OP`g`bc`S_BC2`type`SWEIPrivFlds`7`0``0`br`0`ArgsArray`46*BT Order Entry - Line Item List Applet (Sales)1*01*11*11*11*21*11*31*11*41*11*51*11*61*11*71*11*81*01*91*12*101*12*111*02*121*12*131*12*141*12*151*12*161*12*171*12*181*12*191*02*201*12*211*12*221*12*231*02*241*12*251*12*261*12*271*02*281*12*291*12*301*12*311*02*321*12*331*12*341*02*351*12*361*02*371*12*381*02*391*12*401*02*411*02*421*02*431*12*441*12*451*12*461*02*471*12*481*12*491*02*501*12*511*12*521*12*531*12*541*02*551*12*561*02*571*02*581*02*591*12*601*02*611*12*621*12*631*12*641*02*651*12*661*02*671*02*681*12*691*12*701*02*711*02*721*02*731*02*741*02*751*02*761*12*771*12*781*02*791*12*801*12*811*02*821*12*831*12*841*02*851*0`size`16`cr`0`OP`g`bc`S_BC2`type`SWEICanInvokeMethod`8`0``0`br`0`ar`0`size`16`index`8`cr`0`OP`dw`bc`S_BC2`nr`1`8`0``0`br`0`ar`0`size`16`index`7`cr`0`OP`dw`bc`S_BC2`nr`1`8`0``0`br`0`ar`0`size`16`index`6`cr`0`OP`dw`bc`S_BC2`nr`1`8`0``0`br`0`ar`0`size`16`index`5`cr`0`OP`dw`bc`S_BC2`nr`1`8`0``0`br`0`ar`0`size`16`index`4`cr`0`OP`dw`bc`S_BC2`nr`1`8`0``0`br`0`ar`0`size`16`index`3`cr`0`OP`dw`bc`S_BC2`nr`1`8`0``0`br`0`ar`0`size`16`index`2`cr`0`OP`dw`bc`S_BC2`nr`1`8`0``0`br`0`ar`0`size`16`index`1`cr`0`OP`dw`bc`S_BC2`nr`1`8`0``0`br`0`ar`0`size`16`index`0`cr`0`OP`dw`bc`S_BC2`nr`1`8`0``0`br`0`value`0`ar`-1`state`bExecuted`size`16`cr`0`OP`sc`bc`S_BC2`8`0``0`br`0`value`1`ar`-1`state`bExecuted`size`16`cr`0`OP`sc`bc`S_BC2`8`0``0`br`0`srt`Line Number`s`[Order Header Id] = &quot;3-61EV8AO3&quot;`ar`-1`size`16`cr`0`OP`e`bc`S_BC2`7`1``0`br`0`ar`-1`size`16`index`0`cr`0`OP`iw`bc`S_BC2`1`0`FieldValues`0`ValueArray`0*0*11*In-Progress7*Pending0*2*OF8*S01546530*0*9*Promotion0*10*3-61EV8AO30*1*10*1*15*Blank22*BB UN BB 15GB  (31.50)4*31.53*GBP10*06/23/20200*0*0*10*3-61EV8C9M22*Monthly/Quarterly Bill19*06/30/2020 14:12:030*0*3*Add7*Pending11*In-Progress0*0*1*19*Per Month0*0*0*0*10*Blazemeter0*7*Default1*N0*0*0*0*0*0*0*0*0*0*0*0*15*VOL013-61EV8BLC0*0*0*0*0*1*N1*01*10*0*0*0*0*0*0*0*4*Demo1*N1*N1*N19*06/23/2020 14:02:521*N0*0*0*4*31.51*Y0*0*0*0*0*4*Good10*3-61EV8BLC0*0*0*`7`1``0`br`0`ar`-1`size`16`index`1`cr`0`OP`iw`bc`S_BC2`1`0`FieldValues`0`ValueArray`0*15*VOL013-61EV8BLC11*In-Progress7*Pending0*2*DF8*S01554490*0*7*Product0*10*3-61EV8AO30*1*10*1*15*Blank35*BT Home Hub 2.0 (Not for new sales)2*463*GBP10*06/23/20200*0*0*10*3-61EV8C9M22*Monthly/Quarterly Bill19*06/29/2020 00:00:000*0*3*Add7*Pending11*In-Progress0*0*1*14*Each0*0*0*0*10*Blazemeter0*7*Default1*N0*12*Out Of Stock7*FY3 9QX8*Standard0*0*0*0*0*0*0*0*15*VOL013-61EV8BLE0*0*0*0*41*169, Preston Old Road, Blackpool, FY3 9QX1*N1*01*10*13*NotApplicable0*0*0*0*0*0*4*Demo1*N1*N1*Y19*06/23/2020 14:02:521*N0*0*0*2*461*Y0*0*0*4*Free0*4*Good10*3-61EV8BLE0*0*0*`7`1``0`br`0`ar`-1`size`16`index`2`cr`0`OP`iw`bc`S_BC2`1`0`FieldValues`0`ValueArray`0*15*VOL013-61EV8BLC11*In-Progress7*Pending0*2*DF8*S01554510*0*7*Product0*10*3-61EV8AO30*1*10*1*15*Blank19*Hub Phone 2.1 Black4*40.93*GBP10*06/23/20200*0*0*10*3-61EV8C9M22*Monthly/Quarterly Bill19*06/29/2020 00:00:000*0*3*Add7*Pending11*In-Progress0*0*1*14*Each0*0*0*0*10*Blazemeter0*7*Default1*N0*12*Out Of Stock7*FY3 9QX8*Standard0*0*0*0*0*0*0*0*15*VOL013-61EV8BLY0*0*0*0*41*169, Preston Old Road, Blackpool, FY3 9QX1*N1*01*10*13*NotApplicable0*0*0*0*0*0*4*Demo1*N1*N1*Y19*06/23/2020 14:02:521*N0*0*0*4*40.91*Y0*0*0*4*Free0*4*Good10*3-61EV8BLY0*0*0*`7`1``0`br`0`ar`-1`size`16`index`3`cr`0`OP`iw`bc`S_BC2`1`0`FieldValues`0`ValueArray`0*15*VOL013-61EV8BLC11*In-Progress7*Pending0*2*OF8*S01546740*0*7*Product0*10*3-61EV8AO30*1*10*1*15*Blank70*DISCOUNT BB AQ BB Unltd (36.00) GBP 4.80 off for 3mnths 18mnths cntrct4*-4.83*GBP10*06/23/20200*0*0*10*3-61EV8C9M22*Monthly/Quarterly Bill19*06/30/2020 14:12:030*0*3*Add7*Pending11*In-Progress0*0*1*19*Per Month0*0*0*0*10*Blazemeter0*7*Default1*N0*12*Out Of Stock0*0*0*0*0*0*0*0*0*0*15*VOL013-61EV8BMI0*0*0*0*0*1*N1*01*10*0*0*0*0*0*0*0*4*Demo1*N1*N1*N19*06/23/2020 14:02:521*N0*0*0*4*-4.81*Y0*0*0*0*0*4*Good10*3-61EV8BMI0*0*0*`7`1``0`br`0`ar`-1`size`16`index`4`cr`0`OP`iw`bc`S_BC2`1`0`FieldValues`0`ValueArray`8*Standard15*VOL013-61EV8BLC11*In-Progress7*Pending0*2*OF8*S01546900*0*7*Product0*10*3-61EV8AO30*1*10*1*15*Blank65*Contract BB AQ BB Unltd (36.00) GBP off for 3mnths 18mnths cntrct1*03*GBP10*06/23/20200*0*0*10*3-61EV8C9M22*Monthly/Quarterly Bill19*06/30/2020 14:12:030*0*3*Add7*Pending11*In-Progress0*0*1*19*Per Month0*0*0*0*10*Blazemeter0*7*Default1*N0*12*Out Of Stock0*0*0*0*0*0*0*0*0*0*15*VOL013-61EV8BN30*0*0*0*0*1*N1*01*10*0*0*0*0*0*0*0*4*Demo1*N1*N1*N19*06/23/2020 14:02:521*N0*0*0*1*01*Y0*0*0*0*0*4*Good10*3-61EV8BN30*0*0*`7`1``0`br`0`ar`-1`size`16`index`5`cr`0`OP`iw`bc`S_BC2`1`0`FieldValues`0`ValueArray`0*15*VOL013-61EV8BLC11*In-Progress7*Pending0*5*OTHER8*S01458680*0*7*Product0*10*3-61EV8AO30*1*10*1*15*Blank17*BB Access Service1*03*GBP10*06/23/202010*3-61EV8AO811*012123456780*10*3-61EV8C9M22*Monthly/Quarterly Bill19*06/30/2020 14:12:030*0*3*Add7*Pending11*In-Progress0*0*1*19*Per Month0*24*1st line/no prev service0*0*10*Blazemeter0*7*Default1*N0*0*0*0*0*0*0*0*0*0*0*0*15*VOL013-61EV8BNQ0*0*0*7*FY3 9QX0*1*N1*01*10*0*0*0*0*0*0*0*4*Demo1*N1*N1*N19*06/23/2020 14:02:521*N0*0*0*1*01*Y0*0*0*0*0*4*Good10*3-61EV8BNQ0*0*0*`7`1``0`br`0`ar`-1`size`16`index`6`cr`0`OP`iw`bc`S_BC2`1`0`FieldValues`0`ValueArray`0*15*VOL013-61EV8BLC11*In-Progress7*Pending0*5*OTHER8*S01458690*0*7*Product0*10*3-61EV8AO30*1*10*1*15*Blank11*ISP Service1*03*GBP10*06/23/20200*13*oneview.cisp10*10*3-61EV8C9M22*Monthly/Quarterly Bill19*06/30/2020 14:12:030*0*3*Add7*Pending11*In-Progress0*0*1*19*Per Month0*0*0*0*10*Blazemeter0*7*Default1*N0*0*0*0*0*0*0*0*0*0*0*0*15*VOL013-61EV8BT60*0*0*7*FY3 9QX0*1*N1*01*10*0*0*0*0*0*0*0*4*Demo1*N1*N1*N19*06/23/2020 14:02:521*N0*0*0*1*01*Y0*0*0*0*0*4*Good10*3-61EV8BT60*0*0*`7`1``0`br`0`ar`-1`size`16`index`7`cr`0`OP`iw`bc`S_BC2`1`0`FieldValues`0`ValueArray`0*0*11*In-Progress7*Pending0*2*DF8*S02077970*0*7*Product0*10*3-61EV8AO30*1*10*1*15*Blank15*Delivery Charge1*03*GBP10*06/23/20200*0*0*10*3-61EV8C9M22*Monthly/Quarterly Bill19*06/23/2020 14:12:040*0*3*Add7*Pending11*In-Progress0*0*1*14*Each0*0*0*0*10*Blazemeter0*7*Default1*N0*7*Stocked7*FY3 9QX0*0*0*0*0*0*0*0*0*15*VOL013-61EV8CBR0*0*0*0*41*169, Preston Old Road, Blackpool, FY3 9QX1*N1*01*10*13*NotApplicable0*0*0*0*0*0*4*Demo1*N1*N1*N19*06/23/2020 14:02:521*N0*0*0*1*01*Y0*0*0*0*0*4*Good10*3-61EV8CBR0*0*0*`7`1``0`br`0`ar`-1`size`16`index`8`cr`0`OP`iw`bc`S_BC2`1`0`FieldValues`0`ValueArray`0*0*11*In-Progress7*Pending0*6*BFPOST8*S03490180*0*7*Product0*10*3-61EV8AO30*1*10*1*15*Blank49*BT broadband - activation and Installation charge5*59.993*GBP10*06/23/20200*0*0*10*3-61EV8C9M22*Monthly/Quarterly Bill19*06/23/2020 00:00:000*0*3*Add7*Pending11*In-Progress0*0*1*14*Each0*0*0*0*10*Blazemeter0*7*Default1*N0*0*0*0*0*0*0*0*0*0*0*0*15*VOL013-61EV8CM00*0*0*0*0*1*N1*01*10*0*0*0*0*0*0*0*4*Demo1*N1*N1*N19*06/23/2020 14:02:521*N0*0*0*5*59.991*Y0*0*0*0*0*4*Good10*3-61EV8CM00*0*0*`7`1``0`br`0`ar`-1`size`16`index`9`cr`0`OP`iw`bc`S_BC2`1`0`FieldValues`0`ValueArray`0*0*0*0*0*0*0*0*0*0*0*0*0*0*0*0*0*0*0*0*0*0*0*0*0*0*0*0*0*0*0*0*0*0*0*0*0*0*0*0*0*0*0*0*0*0*0*0*0*0*0*0*0*0*0*0*0*0*0*0*0*0*0*0*0*0*0*0*0*0*0*0*0*0*0*0*0*0*0*0*0*0*0*0*0*0*0*0*0*0*0*0*0*0*`8`0``0`br`0`ar`-1`size`16`index`9`cr`0`OP`dw`bc`S_BC2`nr`1`8`0``0`br`0`value`0`ar`0`state`activeRow`size`16`cr`0`OP`sc`bc`S_BC2`6`0``0`br`0`ar`0`size`16`cr`0`OP`nd`bc`S_BC2`8`0``0`br`0`ar`0`size`16`index`8`cr`0`OP`dw`bc`S_BC2`nr`1`8`0``0`br`0`ar`0`size`16`index`7`cr`0`OP`dw`bc`S_BC2`nr`1`8`0``0`br`0`ar`0`size`16`index`6`cr`0`OP`dw`bc`S_BC2`nr`1`8`0``0`br`0`ar`0`size`16`index`5`cr`0`OP`dw`bc`S_BC2`nr`1`8`0``0`br`0`ar`0`size`16`index`4`cr`0`OP`dw`bc`S_BC2`nr`1`8`0``0`br`0`ar`0`size`16`index`3`cr`0`OP`dw`bc`S_BC2`nr`1`8`0``0`br`0`ar`0`size`16`index`2`cr`0`OP`dw`bc`S_BC2`nr`1`8`0``0`br`0`ar`0`size`16`index`1`cr`0`OP`dw`bc`S_BC2`nr`1`8`0``0`br`0`ar`0`size`16`index`0`cr`0`OP`dw`bc`S_BC2`nr`1`8`0``0`br`0`value`0`ar`-1`state`bExecuted`size`16`cr`0`OP`sc`bc`S_BC2`8`0``0`br`0`value`1`ar`-1`state`bExecuted`size`16`cr`0`OP`sc`bc`S_BC2`8`0``0`br`0`srt`Line Number`s`[Order Header Id] = &quot;3-61EV8AO3&quot;`ar`-1`size`16`cr`0`OP`e`bc`S_BC2`7`1``0`br`0`ar`-1`size`16`index`0`cr`0`OP`iw`bc`S_BC2`1`0`FieldValues`0`ValueArray`0*0*11*In-Progress7*Pending0*2*OF8*S01546530*0*9*Promotion0*10*3-61EV8AO30*1*10*1*15*Blank22*BB UN BB 15GB  (31.50)4*31.53*GBP10*06/23/20200*0*0*10*3-61EV8C9M22*Monthly/Quarterly Bill19*06/30/2020 14:12:030*0*3*Add7*Pending11*In-Progress0*0*1*19*Per Month0*0*0*0*10*Blazemeter0*7*Default1*N0*0*0*0*0*0*0*0*0*0*0*0*15*VOL013-61EV8BLC0*0*0*0*0*1*N1*01*10*0*0*0*0*0*0*0*4*Demo1*N1*N1*N19*06/23/2020 14:02:521*N0*0*0*4*31.51*Y0*0*0*0*0*4*Good10*3-61EV8BLC0*0*0*`7`1``0`br`0`ar`-1`size`16`index`1`cr`0`OP`iw`bc`S_BC2`1`0`FieldValues`0`ValueArray`0*15*VOL013-61EV8BLC11*In-Progress7*Pending0*2*DF8*S01554490*0*7*Product0*10*3-61EV8AO30*1*10*1*15*Blank35*BT Home Hub 2.0 (Not for new sales)2*463*GBP10*06/23/20200*0*0*10*3-61EV8C9M22*Monthly/Quarterly Bill19*06/29/2020 00:00:000*0*3*Add7*Pending11*In-Progress0*0*1*14*Each0*0*0*0*10*Blazemeter0*7*Default1*N0*12*Out Of Stock7*FY3 9QX8*Standard0*0*0*0*0*0*0*0*15*VOL013-61EV8BLE0*0*0*0*41*169, Preston Old Road, Blackpool, FY3 9QX1*N1*01*10*13*NotApplicable0*0*0*0*0*0*4*Demo1*N1*N1*Y19*06/23/2020 14:02:521*N0*0*0*2*461*Y0*0*0*4*Free0*4*Good10*3-61EV8BLE0*0*0*`7`1``0`br`0`ar`-1`size`16`index`2`cr`0`OP`iw`bc`S_BC2`1`0`FieldValues`0`ValueArray`0*15*VOL013-61EV8BLC11*In-Progress7*Pending0*2*DF8*S01554510*0*7*Product0*10*3-61EV8AO30*1*10*1*15*Blank19*Hub Phone 2.1 Black4*40.93*GBP10*06/23/20200*0*0*10*3-61EV8C9M22*Monthly/Quarterly Bill19*06/29/2020 00:00:000*0*3*Add7*Pending11*In-Progress0*0*1*14*Each0*0*0*0*10*Blazemeter0*7*Default1*N0*12*Out Of Stock7*FY3 9QX8*Standard0*0*0*0*0*0*0*0*15*VOL013-61EV8BLY0*0*0*0*41*169, Preston Old Road, Blackpool, FY3 9QX1*N1*01*10*13*NotApplicable0*0*0*0*0*0*4*Demo1*N1*N1*Y19*06/23/2020 14:02:521*N0*0*0*4*40.91*Y0*0*0*4*Free0*4*Good10*3-61EV8BLY0*0*0*`7`1``0`br`0`ar`-1`size`16`index`3`cr`0`OP`iw`bc`S_BC2`1`0`FieldValues`0`ValueArray`0*15*VOL013-61EV8BLC11*In-Progress7*Pending0*2*OF8*S01546740*0*7*Product0*10*3-61EV8AO30*1*10*1*15*Blank70*DISCOUNT BB AQ BB Unltd (36.00) GBP 4.80 off for 3mnths 18mnths cntrct4*-4.83*GBP10*06/23/20200*0*0*10*3-61EV8C9M22*Monthly/Quarterly Bill19*06/30/2020 14:12:030*0*3*Add7*Pending11*In-Progress0*0*1*19*Per Month0*0*0*0*10*Blazemeter0*7*Default1*N0*12*Out Of Stock0*0*0*0*0*0*0*0*0*0*15*VOL013-61EV8BMI0*0*0*0*0*1*N1*01*10*0*0*0*0*0*0*0*4*Demo1*N1*N1*N19*06/23/2020 14:02:521*N0*0*0*4*-4.81*Y0*0*0*0*0*4*Good10*3-61EV8BMI0*0*0*`7`1``0`br`0`ar`-1`size`16`index`4`cr`0`OP`iw`bc`S_BC2`1`0`FieldValues`0`ValueArray`8*Standard15*VOL013-61EV8BLC11*In-Progress7*Pending0*2*OF8*S01546900*0*7*Product0*10*3-61EV8AO30*1*10*1*15*Blank65*Contract BB AQ BB Unltd (36.00) GBP off for 3mnths 18mnths cntrct1*03*GBP10*06/23/20200*0*0*10*3-61EV8C9M22*Monthly/Quarterly Bill19*06/30/2020 14:12:030*0*3*Add7*Pending11*In-Progress0*0*1*19*Per Month0*0*0*0*10*Blazemeter0*7*Default1*N0*12*Out Of Stock0*0*0*0*0*0*0*0*0*0*15*VOL013-61EV8BN30*0*0*0*0*1*N1*01*10*0*0*0*0*0*0*0*4*Demo1*N1*N1*N19*06/23/2020 14:02:521*N0*0*0*1*01*Y0*0*0*0*0*4*Good10*3-61EV8BN30*0*0*`7`1``0`br`0`ar`-1`size`16`index`5`cr`0`OP`iw`bc`S_BC2`1`0`FieldValues`0`ValueArray`0*15*VOL013-61EV8BLC11*In-Progress7*Pending0*5*OTHER8*S01458680*0*7*Product0*10*3-61EV8AO30*1*10*1*15*Blank17*BB Access Service1*03*GBP10*06/23/202010*3-61EV8AO811*012123456780*10*3-61EV8C9M22*Monthly/Quarterly Bill19*06/30/2020 14:12:030*0*3*Add7*Pending11*In-Progress0*0*1*19*Per Month0*24*1st line/no prev service0*0*10*Blazemeter0*7*Default1*N0*0*0*0*0*0*0*0*0*0*0*0*15*VOL013-61EV8BNQ0*0*0*7*FY3 9QX0*1*N1*01*10*0*0*0*0*0*0*0*4*Demo1*N1*N1*N19*06/23/2020 14:02:521*N0*0*0*1*01*Y0*0*0*0*0*4*Good10*3-61EV8BNQ0*0*0*`7`1``0`br`0`ar`-1`size`16`index`6`cr`0`OP`iw`bc`S_BC2`1`0`FieldValues`0`ValueArray`0*15*VOL013-61EV8BLC11*In-Progress7*Pending0*5*OTHER8*S01458690*0*7*Product0*10*3-61EV8AO30*1*10*1*15*Blank11*ISP Service1*03*GBP10*06/23/20200*13*oneview.cisp10*10*3-61EV8C9M22*Monthly/Quarterly Bill19*06/30/2020 14:12:030*0*3*Add7*Pending11*In-Progress0*0*1*19*Per Month0*0*0*0*10*Blazemeter0*7*Default1*N0*0*0*0*0*0*0*0*0*0*0*0*15*VOL013-61EV8BT60*0*0*7*FY3 9QX0*1*N1*01*10*0*0*0*0*0*0*0*4*Demo1*N1*N1*N19*06/23/2020 14:02:521*N0*0*0*1*01*Y0*0*0*0*0*4*Good10*3-61EV8BT60*0*0*`7`1``0`br`0`ar`-1`size`16`index`7`cr`0`OP`iw`bc`S_BC2`1`0`FieldValues`0`ValueArray`0*0*11*In-Progress7*Pending0*2*DF8*S02077970*0*7*Product0*10*3-61EV8AO30*1*10*1*15*Blank15*Delivery Charge1*03*GBP10*06/23/20200*0*0*10*3-61EV8C9M22*Monthly/Quarterly Bill19*06/23/2020 14:12:040*0*3*Add7*Pending11*In-Progress0*0*1*14*Each0*0*0*0*10*Blazemeter0*7*Default1*N0*7*Stocked7*FY3 9QX0*0*0*0*0*0*0*0*0*15*VOL013-61EV8CBR0*0*0*0*41*169, Preston Old Road, Blackpool, FY3 9QX1*N1*01*10*13*NotApplicable0*0*0*0*0*0*4*Demo1*N1*N1*N19*06/23/2020 14:02:521*N0*0*0*1*01*Y0*0*0*0*0*4*Good10*3-61EV8CBR0*0*0*`7`1``0`br`0`ar`-1`size`16`index`8`cr`0`OP`iw`bc`S_BC2`1`0`FieldValues`0`ValueArray`0*0*11*In-Progress7*Pending0*6*BFPOST8*S03490180*0*7*Product0*10*3-61EV8AO30*1*10*1*15*Blank49*BT broadband - activation and Installation charge5*59.993*GBP10*06/23/20200*0*0*10*3-61EV8C9M22*Monthly/Quarterly Bill19*06/23/2020 00:00:000*0*3*Add7*Pending11*In-Progress0*0*1*14*Each0*0*0*0*10*Blazemeter0*7*Default1*N0*0*0*0*0*0*0*0*0*0*0*0*15*VOL013-61EV8CM00*0*0*0*0*1*N1*01*10*0*0*0*0*0*0*0*4*Demo1*N1*N1*N19*06/23/2020 14:02:521*N0*0*0*5*59.991*Y0*0*0*0*0*4*Good10*3-61EV8CM00*0*0*`7`1``0`br`0`ar`-1`size`16`index`9`cr`0`OP`iw`bc`S_BC2`1`0`FieldValues`0`ValueArray`0*0*0*0*0*0*0*0*0*0*0*0*0*0*0*0*0*0*0*0*0*0*0*0*0*0*0*0*0*0*0*0*0*0*0*0*0*0*0*0*0*0*0*0*0*0*0*0*0*0*0*0*0*0*0*0*0*0*0*0*0*0*0*0*0*0*0*0*0*0*0*0*0*0*0*0*0*0*0*0*0*0*0*0*0*0*0*0*0*0*0*0*0*0*`8`0``0`br`0`ar`-1`size`16`index`9`cr`0`OP`dw`bc`S_BC2`nr`1`8`0``0`br`0`value`0`ar`0`state`activeRow`size`16`cr`0`OP`sc`bc`S_BC2`6`0``0`br`0`ar`0`size`16`cr`0`OP`nd`bc`S_BC2`8`0``0`br`0`ar`0`size`16`index`8`cr`0`OP`dw`bc`S_BC2`nr`1`8`0``0`br`0`ar`0`size`16`index`7`cr`0`OP`dw`bc`S_BC2`nr`1`8`0``0`br`0`ar`0`size`16`index`6`cr`0`OP`dw`bc`S_BC2`nr`1`8`0``0`br`0`ar`0`size`16`index`5`cr`0`OP`dw`bc`S_BC2`nr`1`8`0``0`br`0`ar`0`size`16`index`4`cr`0`OP`dw`bc`S_BC2`nr`1`8`0``0`br`0`ar`0`size`16`index`3`cr`0`OP`dw`bc`S_BC2`nr`1`8`0``0`br`0`ar`0`size`16`index`2`cr`0`OP`dw`bc`S_BC2`nr`1`8`0``0`br`0`ar`0`size`16`index`1`cr`0`OP`dw`bc`S_BC2`nr`1`8`0``0`br`0`ar`0`size`16`index`0`cr`0`OP`dw`bc`S_BC2`nr`1`8`0``0`br`0`value`0`ar`-1`state`bExecuted`size`16`cr`0`OP`sc`bc`S_BC2`8`0``0`br`0`value`1`ar`-1`state`bExecuted`size`16`cr`0`OP`sc`bc`S_BC2`8`0``0`br`0`srt`Line Number`s`[Order Header Id] = &quot;3-61EV8AO3&quot;`ar`-1`size`16`cr`0`OP`e`bc`S_BC2`7`1``0`br`0`ar`-1`size`16`index`0`cr`0`OP`iw`bc`S_BC2`1`0`FieldValues`0`ValueArray`0*0*11*In-Progress7*Pending0*2*OF8*S01546530*0*9*Promotion0*10*3-61EV8AO30*1*10*1*15*Blank22*BB UN BB 15GB  (31.50)4*31.53*GBP10*06/23/20200*0*0*10*3-61EV8C9M22*Monthly/Quarterly Bill19*06/30/2020 14:12:030*0*3*Add7*Pending11*In-Progress0*0*1*19*Per Month0*0*0*0*10*Blazemeter0*7*Default1*N0*0*0*0*0*0*0*0*0*0*0*0*15*VOL013-61EV8BLC0*0*0*0*0*1*N1*01*10*0*0*0*0*0*0*0*4*Demo1*N1*N1*N19*06/23/2020 14:02:521*N0*0*0*4*31.51*Y0*0*0*0*0*4*Good10*3-61EV8BLC0*0*0*`7`1``0`br`0`ar`-1`size`16`index`1`cr`0`OP`iw`bc`S_BC2`1`0`FieldValues`0`ValueArray`0*15*VOL013-61EV8BLC11*In-Progress7*Pending0*2*DF8*S01554490*0*7*Product0*10*3-61EV8AO30*1*10*1*15*Blank35*BT Home Hub 2.0 (Not for new sales)2*463*GBP10*06/23/20200*0*0*10*3-61EV8C9M22*Monthly/Quarterly Bill19*06/29/2020 00:00:000*0*3*Add7*Pending11*In-Progress0*0*1*14*Each0*0*0*0*10*Blazemeter0*7*Default1*N0*12*Out Of Stock7*FY3 9QX8*Standard0*0*0*0*0*0*0*0*15*VOL013-61EV8BLE0*0*0*0*41*169, Preston Old Road, Blackpool, FY3 9QX1*N1*01*10*13*NotApplicable0*0*0*0*0*0*4*Demo1*N1*N1*Y19*06/23/2020 14:02:521*N0*0*0*2*461*Y0*0*0*4*Free0*4*Good10*3-61EV8BLE0*0*0*`7`1``0`br`0`ar`-1`size`16`index`2`cr`0`OP`iw`bc`S_BC2`1`0`FieldValues`0`ValueArray`0*15*VOL013-61EV8BLC11*In-Progress7*Pending0*2*DF8*S01554510*0*7*Product0*10*3-61EV8AO30*1*10*1*15*Blank19*Hub Phone 2.1 Black4*40.93*GBP10*06/23/20200*0*0*10*3-61EV8C9M22*Monthly/Quarterly Bill19*06/29/2020 00:00:000*0*3*Add7*Pending11*In-Progress0*0*1*14*Each0*0*0*0*10*Blazemeter0*7*Default1*N0*12*Out Of Stock7*FY3 9QX8*Standard0*0*0*0*0*0*0*0*15*VOL013-61EV8BLY0*0*0*0*41*169, Preston Old Road, Blackpool, FY3 9QX1*N1*01*10*13*NotApplicable0*0*0*0*0*0*4*Demo1*N1*N1*Y19*06/23/2020 14:02:521*N0*0*0*4*40.91*Y0*0*0*4*Free0*4*Good10*3-61EV8BLY0*0*0*`7`1``0`br`0`ar`-1`size`16`index`3`cr`0`OP`iw`bc`S_BC2`1`0`FieldValues`0`ValueArray`0*15*VOL013-61EV8BLC11*In-Progress7*Pending0*2*OF8*S01546740*0*7*Product0*10*3-61EV8AO30*1*10*1*15*Blank70*DISCOUNT BB AQ BB Unltd (36.00) GBP 4.80 off for 3mnths 18mnths cntrct4*-4.83*GBP10*06/23/20200*0*0*10*3-61EV8C9M22*Monthly/Quarterly Bill19*06/30/2020 14:12:030*0*3*Add7*Pending11*In-Progress0*0*1*19*Per Month0*0*0*0*10*Blazemeter0*7*Default1*N0*12*Out Of Stock0*0*0*0*0*0*0*0*0*0*15*VOL013-61EV8BMI0*0*0*0*0*1*N1*01*10*0*0*0*0*0*0*0*4*Demo1*N1*N1*N19*06/23/2020 14:02:521*N0*0*0*4*-4.81*Y0*0*0*0*0*4*Good10*3-61EV8BMI0*0*0*`7`1``0`br`0`ar`-1`size`16`index`4`cr`0`OP`iw`bc`S_BC2`1`0`FieldValues`0`ValueArray`8*Standard15*VOL013-61EV8BLC11*In-Progress7*Pending0*2*OF8*S01546900*0*7*Product0*10*3-61EV8AO30*1*10*1*15*Blank65*Contract BB AQ BB Unltd (36.00) GBP off for 3mnths 18mnths cntrct1*03*GBP10*06/23/20200*0*0*10*3-61EV8C9M22*Monthly/Quarterly Bill19*06/30/2020 14:12:030*0*3*Add7*Pending11*In-Progress0*0*1*19*Per Month0*0*0*0*10*Blazemeter0*7*Default1*N0*12*Out Of Stock0*0*0*0*0*0*0*0*0*0*15*VOL013-61EV8BN30*0*0*0*0*1*N1*01*10*0*0*0*0*0*0*0*4*Demo1*N1*N1*N19*06/23/2020 14:02:521*N0*0*0*1*01*Y0*0*0*0*0*4*Good10*3-61EV8BN30*0*0*`7`1``0`br`0`ar`-1`size`16`index`5`cr`0`OP`iw`bc`S_BC2`1`0`FieldValues`0`ValueArray`0*15*VOL013-61EV8BLC11*In-Progress7*Pending0*5*OTHER8*S01458680*0*7*Product0*10*3-61EV8AO30*1*10*1*15*Blank17*BB Access Service1*03*GBP10*06/23/202010*3-61EV8AO811*012123456780*10*3-61EV8C9M22*Monthly/Quarterly Bill19*06/30/2020 14:12:030*0*3*Add7*Pending11*In-Progress0*0*1*19*Per Month0*24*1st line/no prev service0*0*10*Blazemeter0*7*Default1*N0*0*0*0*0*0*0*0*0*0*0*0*15*VOL013-61EV8BNQ0*0*0*7*FY3 9QX0*1*N1*01*10*0*0*0*0*0*0*0*4*Demo1*N1*N1*N19*06/23/2020 14:02:521*N0*0*0*1*01*Y0*0*0*0*0*4*Good10*3-61EV8BNQ0*0*0*`7`1``0`br`0`ar`-1`size`16`index`6`cr`0`OP`iw`bc`S_BC2`1`0`FieldValues`0`ValueArray`0*15*VOL013-61EV8BLC11*In-Progress7*Pending0*5*OTHER8*S01458690*0*7*Product0*10*3-61EV8AO30*1*10*1*15*Blank11*ISP Service1*03*GBP10*06/23/20200*13*oneview.cisp10*10*3-61EV8C9M22*Monthly/Quarterly Bill19*06/30/2020 14:12:030*0*3*Add7*Pending11*In-Progress0*0*1*19*Per Month0*0*0*0*10*Blazemeter0*7*Default1*N0*0*0*0*0*0*0*0*0*0*0*0*15*VOL013-61EV8BT60*0*0*7*FY3 9QX0*1*N1*01*10*0*0*0*0*0*0*0*4*Demo1*N1*N1*N19*06/23/2020 14:02:521*N0*0*0*1*01*Y0*0*0*0*0*4*Good10*3-61EV8BT60*0*0*`7`1``0`br`0`ar`-1`size`16`index`7`cr`0`OP`iw`bc`S_BC2`1`0`FieldValues`0`ValueArray`0*0*11*In-Progress7*Pending0*2*DF8*S02077970*0*7*Product0*10*3-61EV8AO30*1*10*1*15*Blank15*Delivery Charge1*03*GBP10*06/23/20200*0*0*10*3-61EV8C9M22*Monthly/Quarterly Bill19*06/23/2020 14:12:040*0*3*Add7*Pending11*In-Progress0*0*1*14*Each0*0*0*0*10*Blazemeter0*7*Default1*N0*7*Stocked7*FY3 9QX0*0*0*0*0*0*0*0*0*15*VOL013-61EV8CBR0*0*0*0*41*169, Preston Old Road, Blackpool, FY3 9QX1*N1*01*10*13*NotApplicable0*0*0*0*0*0*4*Demo1*N1*N1*N19*06/23/2020 14:02:521*N0*0*0*1*01*Y0*0*0*0*0*4*Good10*3-61EV8CBR0*0*0*`7`1``0`br`0`ar`-1`size`16`index`8`cr`0`OP`iw`bc`S_BC2`1`0`FieldValues`0`ValueArray`0*0*11*In-Progress7*Pending0*6*BFPOST8*S03490180*0*7*Product0*10*3-61EV8AO30*1*10*1*15*Blank49*BT broadband - activation and Installation charge5*59.993*GBP10*06/23/20200*0*0*10*3-61EV8C9M22*Monthly/Quarterly Bill19*06/23/2020 00:00:000*0*3*Add7*Pending11*In-Progress0*0*1*14*Each0*0*0*0*10*Blazemeter0*7*Default1*N0*0*0*0*0*0*0*0*0*0*0*0*15*VOL013-61EV8CM00*0*0*0*0*1*N1*01*10*0*0*0*0*0*0*0*4*Demo1*N1*N1*N19*06/23/2020 14:02:521*N0*0*0*5*59.991*Y0*0*0*0*0*4*Good10*3-61EV8CM00*0*0*`7`1``0`br`0`ar`-1`size`16`index`9`cr`0`OP`iw`bc`S_BC2`1`0`FieldValues`0`ValueArray`0*0*0*0*0*0*0*0*0*0*0*0*0*0*0*0*0*0*0*0*0*0*0*0*0*0*0*0*0*0*0*0*0*0*0*0*0*0*0*0*0*0*0*0*0*0*0*0*0*0*0*0*0*0*0*0*0*0*0*0*0*0*0*0*0*0*0*0*0*0*0*0*0*0*0*0*0*0*0*0*0*0*0*0*0*0*0*0*0*0*0*0*0*0*`8`0``0`br`0`ar`-1`size`16`index`9`cr`0`OP`dw`bc`S_BC2`nr`1`8`0``0`br`0`value`0`ar`0`state`activeRow`size`16`cr`0`OP`sc`bc`S_BC2`6`0``0`br`0`ar`0`size`16`cr`0`OP`nd`bc`S_BC2`8`0``0`br`0`ar`0`size`16`index`8`cr`0`OP`dw`bc`S_BC2`nr`1`8`0``0`br`0`ar`0`size`16`index`7`cr`0`OP`dw`bc`S_BC2`nr`1`8`0``0`br`0`ar`0`size`16`index`6`cr`0`OP`dw`bc`S_BC2`nr`1`8`0``0`br`0`ar`0`size`16`index`5`cr`0`OP`dw`bc`S_BC2`nr`1`8`0``0`br`0`ar`0`size`16`index`4`cr`0`OP`dw`bc`S_BC2`nr`1`8`0``0`br`0`ar`0`size`16`index`3`cr`0`OP`dw`bc`S_BC2`nr`1`8`0``0`br`0`ar`0`size`16`index`2`cr`0`OP`dw`bc`S_BC2`nr`1`8`0``0`br`0`ar`0`size`16`index`1`cr`0`OP`dw`bc`S_BC2`nr`1`8`0``0`br`0`ar`0`size`16`index`0`cr`0`OP`dw`bc`S_BC2`nr`1`8`0``0`br`0`value`0`ar`-1`state`bExecuted`size`16`cr`0`OP`sc`bc`S_BC2`8`0``0`br`0`value`1`ar`-1`state`bExecuted`size`16`cr`0`OP`sc`bc`S_BC2`8`0``0`br`0`srt`Line Number`s`[Order Header Id] = &quot;3-61EV8AO3&quot;`ar`-1`size`16`cr`0`OP`e`bc`S_BC2`7`1``0`br`0`ar`-1`size`16`index`0`cr`0`OP`iw`bc`S_BC2`1`0`FieldValues`0`ValueArray`0*0*9*Validated4*Open0*2*OF8*S01546530*0*9*Promotion0*10*3-61EV8AO30*1*10*1*15*Blank22*BB UN BB 15GB  (31.50)4*31.53*GBP10*06/23/20200*0*0*10*3-61EV8C9M22*Monthly/Quarterly Bill19*06/30/2020 14:12:030*0*3*Add7*Pending11*In-Progress0*0*1*19*Per Month0*0*0*0*10*Blazemeter0*7*Default1*N0*0*0*0*0*0*0*0*0*0*0*0*15*VOL013-61EV8BLC0*0*0*0*0*1*N1*01*10*0*0*0*0*0*0*0*4*Demo1*N1*N1*N19*06/23/2020 14:02:521*N0*0*0*4*31.51*Y0*0*0*0*0*4*Good10*3-61EV8BLC1*01*N1*N`7`1``0`br`0`ar`-1`size`16`index`1`cr`0`OP`iw`bc`S_BC2`1`0`FieldValues`0`ValueArray`0*15*VOL013-61EV8BLC9*Validated4*Open0*2*DF8*S01554490*0*7*Product0*10*3-61EV8AO30*1*10*1*25*Blank35*BT Home Hub 2.0 (Not for new sales)2*463*GBP10*06/23/20200*0*0*10*3-61EV8C9M22*Monthly/Quarterly Bill19*06/29/2020 00:00:000*0*3*Add7*Pending11*In-Progress0*0*1*14*Each0*0*0*0*10*Blazemeter0*7*Default1*N0*12*Out Of Stock7*FY3 9QX8*Standard0*0*0*0*0*0*0*0*15*VOL013-61EV8BLE0*0*0*0*41*169, Preston Old Road, Blackpool, FY3 9QX1*N1*01*10*13*NotApplicable0*0*0*0*0*0*4*Demo1*N1*N1*Y19*06/23/2020 14:02:521*N0*0*0*2*461*Y0*0*0*4*Free0*4*Good10*3-61EV8BLE1*01*N1*N`7`1``0`br`0`ar`-1`size`16`index`2`cr`0`OP`iw`bc`S_BC2`1`0`FieldValues`0`ValueArray`0*15*VOL013-61EV8BLC9*Validated4*Open0*2*DF8*S01554510*0*7*Product0*10*3-61EV8AO30*1*10*1*35*Blank19*Hub Phone 2.1 Black4*40.93*GBP10*06/23/20200*0*0*10*3-61EV8C9M22*Monthly/Quarterly Bill19*06/29/2020 00:00:000*0*3*Add7*Pending11*In-Progress0*0*1*14*Each0*0*0*0*10*Blazemeter0*7*Default1*N0*12*Out Of Stock7*FY3 9QX8*Standard0*0*0*0*0*0*0*0*15*VOL013-61EV8BLY0*0*0*0*41*169, Preston Old Road, Blackpool, FY3 9QX1*N1*01*10*13*NotApplicable0*0*0*0*0*0*4*Demo1*N1*N1*Y19*06/23/2020 14:02:521*N0*0*0*4*40.91*Y0*0*0*4*Free0*4*Good10*3-61EV8BLY1*01*N1*N`7`1``0`br`0`ar`-1`size`16`index`3`cr`0`OP`iw`bc`S_BC2`1`0`FieldValues`0`ValueArray`0*15*VOL013-61EV8BLC9*Validated4*Open0*2*OF8*S01546740*0*7*Product0*10*3-61EV8AO30*1*10*1*45*Blank70*DISCOUNT BB AQ BB Unltd (36.00) GBP 4.80 off for 3mnths 18mnths cntrct4*-4.83*GBP10*06/23/20200*0*0*10*3-61EV8C9M22*Monthly/Quarterly Bill19*06/30/2020 14:12:030*0*3*Add7*Pending11*In-Progress0*0*1*19*Per Month0*0*0*0*10*Blazemeter0*7*Default1*N0*12*Out Of Stock0*0*0*0*0*0*0*0*0*0*15*VOL013-61EV8BMI0*0*0*0*0*1*N1*01*10*0*0*0*0*0*0*0*4*Demo1*N1*N1*N19*06/23/2020 14:02:521*N0*0*0*4*-4.81*Y0*0*0*0*0*4*Good10*3-61EV8BMI1*01*N1*N`7`1``0`br`0`ar`-1`size`16`index`4`cr`0`OP`iw`bc`S_BC2`1`0`FieldValues`0`ValueArray`8*Standard15*VOL013-61EV8BLC9*Validated4*Open0*2*OF8*S01546900*0*7*Product0*10*3-61EV8AO30*1*10*1*55*Blank65*Contract BB AQ BB Unltd (36.00) GBP off for 3mnths 18mnths cntrct1*03*GBP10*06/23/20200*0*0*10*3-61EV8C9M22*Monthly/Quarterly Bill19*06/30/2020 14:12:030*0*3*Add7*Pending11*In-Progress0*0*1*19*Per Month0*0*0*0*10*Blazemeter0*7*Default1*N0*12*Out Of Stock0*0*0*0*0*0*0*0*0*0*15*VOL013-61EV8BN30*0*0*0*0*1*N1*01*10*0*0*0*0*0*0*0*4*Demo1*N1*N1*N19*06/23/2020 14:02:521*N0*0*0*1*01*Y0*0*0*0*0*4*Good10*3-61EV8BN31*01*N1*N`7`1``0`br`0`ar`-1`size`16`index`5`cr`0`OP`iw`bc`S_BC2`1`0`FieldValues`0`ValueArray`0*15*VOL013-61EV8BLC9*Validated4*Open0*5*OTHER8*S01458680*0*7*Product0*10*3-61EV8AO30*1*10*1*65*Blank17*BB Access Service1*03*GBP10*06/23/202010*3-61EV8AO811*012123456780*10*3-61EV8C9M22*Monthly/Quarterly Bill19*06/30/2020 14:12:030*0*3*Add7*Pending11*In-Progress0*0*1*19*Per Month0*24*1st line/no prev service0*0*10*Blazemeter0*7*Default1*N0*0*0*0*0*0*0*0*0*0*0*0*15*VOL013-61EV8BNQ0*0*0*7*FY3 9QX0*1*N1*01*10*0*0*0*0*0*0*18*RBBSI_1000231515424*Demo1*N1*N1*N19*06/23/2020 14:02:521*N0*0*0*1*01*Y0*0*0*0*0*4*Good10*3-61EV8BNQ1*01*Y1*N`7`1``0`br`0`ar`-1`size`16`index`6`cr`0`OP`iw`bc`S_BC2`1`0`FieldValues`0`ValueArray`0*15*VOL013-61EV8BLC9*Validated4*Open0*5*OTHER8*S01458690*0*7*Product0*10*3-61EV8AO30*1*10*1*75*Blank11*ISP Service1*03*GBP10*06/23/20200*13*oneview.cisp10*10*3-61EV8C9M22*Monthly/Quarterly Bill19*06/30/2020 14:12:030*0*3*Add7*Pending11*In-Progress0*0*1*19*Per Month0*0*0*0*10*Blazemeter0*7*Default1*N0*0*0*0*0*0*0*0*0*0*0*0*15*VOL013-61EV8BT60*0*0*7*FY3 9QX0*1*N1*01*10*0*0*0*0*0*0*0*4*Demo1*N1*N1*N19*06/23/2020 14:02:521*N0*0*0*1*01*Y0*0*0*0*0*4*Good10*3-61EV8BT61*01*Y1*N`7`1``0`br`0`ar`-1`size`16`index`7`cr`0`OP`iw`bc`S_BC2`1`0`FieldValues`0`ValueArray`0*0*9*Validated4*Open0*2*DF8*S02077970*0*7*Product0*10*3-61EV8AO30*1*10*1*85*Blank15*Delivery Charge1*03*GBP10*06/23/20200*0*0*10*3-61EV8C9M22*Monthly/Quarterly Bill19*06/23/2020 14:12:040*0*3*Add7*Pending11*In-Progress0*0*1*14*Each0*0*0*0*10*Blazemeter0*7*Default1*N0*7*Stocked7*FY3 9QX0*0*0*0*0*0*0*0*0*15*VOL013-61EV8CBR0*0*0*0*41*169, Preston Old Road, Blackpool, FY3 9QX1*N1*01*10*13*NotApplicable0*0*0*0*0*0*4*Demo1*N1*N1*N19*06/23/2020 14:02:521*N0*0*0*1*01*Y0*0*0*0*0*4*Good10*3-61EV8CBR1*01*N1*N`7`1``0`br`0`ar`-1`size`16`index`8`cr`0`OP`iw`bc`S_BC2`1`0`FieldValues`0`ValueArray`0*0*9*Validated4*Open0*6*BFPOST8*S03490180*0*7*Product0*10*3-61EV8AO30*1*10*1*95*Blank49*BT broadband - activation and Installation charge5*59.993*GBP10*06/23/20200*0*0*10*3-61EV8C9M22*Monthly/Quarterly Bill19*06/23/2020 00:00:000*0*3*Add7*Pending11*In-Progress0*0*1*14*Each0*0*0*0*10*Blazemeter0*7*Default1*N0*0*0*0*0*0*0*0*0*0*0*0*15*VOL013-61EV8CM00*0*0*0*0*1*N1*01*10*0*0*0*0*0*0*0*4*Demo1*N1*N1*N19*06/23/2020 14:02:521*N0*0*0*5*59.991*Y0*0*0*0*0*4*Good10*3-61EV8CM01*11*N1*N`7`1``0`br`0`ar`-1`size`16`index`9`cr`0`OP`iw`bc`S_BC2`1`0`FieldValues`0`ValueArray`0*0*0*0*0*0*0*0*0*0*0*0*0*0*0*0*0*0*0*0*0*0*0*0*0*0*0*0*0*0*0*0*0*0*0*0*0*0*0*0*0*0*0*0*0*0*0*0*0*0*0*0*0*0*0*0*0*0*0*0*0*0*0*0*0*0*0*0*0*0*0*0*0*0*0*0*0*0*0*0*0*0*0*0*0*0*0*0*0*0*0*0*0*0*`8`0``0`br`0`ar`-1`size`16`index`9`cr`0`OP`dw`bc`S_BC2`nr`1`8`0``0`br`0`value`0`ar`0`state`activeRow`size`16`cr`0`OP`sc`bc`S_BC2`6`0``0`br`0`ar`0`size`16`cr`0`OP`nd`bc`S_BC2`2`0``0`OP`en`bc`S_BC2`1`6`Command Manager`0`RefreshToolbar`true`7`0`StateToolBar`0`#35`true`#36`true`#17`true`#34`true`#8`false`#37`true`#38`true`0`1`StateExToolBar`0`1`0`#35`0`Checked`false`0`3`FlagsToolBar`0`3`0`#8`0`SWESP`true`SWEH`0`SWEW`0`3`0`#34`0`SWESP`true`SWEH`600`SWEW`800`3`0`#36`0`SWESP`true`SWEH`20`SWEW`380`3`0`State`0`#27`false`#26`false`#28`false`0`3`StateEx`0`0`0`#26`0`0`0`#27`0`1`0`#28`0`Checked`false`0`0`Flags`0`</responseData>
  <responseFile class="java.lang.String"></responseFile>
  <cookies class="java.lang.String">_sn=GXmoeGkdwh1O45lrH7mMIZnLMWvqHkVWiQKqDOICOq1fi95anXYMaCRAX879ujDRD9kS4J75N4kGDX576Q2AKmwZPUBih-4NS80Pc1189OxasEbdAsHiEtIhcnCzZ0zWb5V6QpVraL0TTGU4ktkGZq374g8C0pUBRhKVASKeW21TgUW5eIkswq97I-.qG-kr; _srn=_srn; SWEUAID=SWEUAID</cookies>
  <method class="java.lang.String">POST</method>
  <queryString class="java.lang.String">s_1_1_144_0=&amp;s_1_1_82_0=N&amp;SWECmd=InvokeMethod&amp;SWENeedContext=true&amp;s_1_1_92_0=Y&amp;s_1_1_1_0=&amp;s_1_1_182_0=Blazemeter+Demo&amp;s_1_1_58_0=BT+Voice&amp;s_1_1_76_0=&amp;s_1_1_148_0=Consumer+Price+List&amp;s_1_1_184_0=Sales+Order&amp;s_1_1_103_0=N&amp;SWEActiveApplet=BT+Order+Entry+-+Order+Form+Applet+Dashboard+%28Sales%29&amp;SWEReqRowId=1&amp;s_1_1_35_0=%2B4401212345678&amp;SWEView=Order+Entry+-+Line+Items+Detail+View+%28Sales%29&amp;SWERowIds=&amp;s_1_1_151_0=&amp;s_1_1_71_0=&amp;s_1_1_125_0=In-Progress&amp;SWERowId=3-61EV8AO3&amp;SWEBID=-1&amp;SWEC=137&amp;SWEDIC=false&amp;s_1_1_145_0=&amp;SWETS={{\d+}}&amp;SWERPC=1&amp;s_1_1_83_0=&amp;SWEVI=&amp;SWEField=s_1_1_173_0&amp;s_1_1_93_0=&amp;s_1_1_2_0=&amp;s_1_1_139_0=Run+Assignment&amp;s_1_1_85_0=23%2F06%2F2020+14%3A02%3A52&amp;s_1_1_59_0=000&amp;s_1_1_14_0=&amp;s_1_1_112_0=23%2F06%2F2020+14%3A02%3A52&amp;SWEP=&amp;s_1_1_32_0=Letter&amp;SWEApplet=BT+Order+Entry+-+Order+Form+Applet+Dashboard+%28Sales%29&amp;SWEActiveView=Order+Entry+-+Line+Items+Detail+View+%28Sales%29&amp;s_1_1_104_0=&amp;s_1_1_185_0=Demo&amp;SWER=0&amp;s_1_1_24_0=Default&amp;s_1_1_122_0=&amp;s_1_1_42_0=&amp;s_1_1_140_0=Pending&amp;s_1_1_97_0=3-61EV8C9M&amp;SWESP=false&amp;SWEMethod=SubmitOrderSvc&amp;s_1_1_187_0=24%2F06%2F2020+00%3A00%3A00&amp;s_1_1_70_0=Leave+out+of+sight+and+under+cover&amp;s_1_1_26_0=&amp;s_1_1_44_0=23%2F06%2F2020+00%3A00%3A00&amp;SRN=xK7T2pIB2ZOV15hwlQxQF5reKcoUB8VpMTZr7we8uAEb</queryString>
  <java.net.URL>http://localhost:8080/ecommunications_enu_nsm_aps05524a027/start.swe</java.net.URL>
</httpSample>
<httpSample t="{{\d+}}" it="0" lt="{{\d+}}" ct="{{\d+}}" ts="{{\d+}}" s="true" lb="{{\d+}} /ecommunications_enu_nsm_aps05524a027/start.swe" rc="200" rm="OK" tn="Thread Group 1-1" dt="text" de="utf-8" by="43193" sby="935" sc="1" ec="0" ng="1" na="1" hn="{{.*?}}">
  <responseHeader class="java.lang.String">HTTP/1.1 200 OK
Connection: close
Server: Oracle-iPlanet-Web-Server/7.0
Date: Tue, 23 Jun 2020 13:13:29 GMT
Content-Language: en
Cache-Control: no-cache
Swerpc: true
Content-Type: text/html;charset=utf-8
Matched-Stub-Id: {{\w+-\w+-\w+-\w+-\w+}}
Vary: Accept-Encoding, User-Agent
</responseHeader>
  <requestHeader class="java.lang.String">Connection: close
Content-Type: application/x-www-form-urlencoded
DNT: 1
Accept-Encoding: deflate
Pragma: no-cache
User-Agent: Mozilla/4.0 (compatible; MSIE 7.0; Windows NT 6.3; WOW64; Trident/7.0; .NET4.0E; .NET4.0C; .NET CLR 3.5.30729; .NET CLR 2.0.50727; .NET CLR 3.0.30729)
Accept: text/html, image/gif, image/jpeg, *; q=.2, */*; q=.2
Content-Length: 247
Host: localhost:8080
</requestHeader>
  <responseData class="java.lang.String">@0`1`7`3``0`Target`top._sweclient._swecontent._sweview`UC`1`ViewId``Status`NewLayout`View`CUT Home Page View (CME)`SWEC`139`SRN`xK7T2pIB2ZOV15hwlQxQF5reKcoUB8VpMTZr7we8uAEb`0`3`api`0`0`1`nbo`0`2`6`boi`3``n`WebCallCenter Home`z``0`1`nbc`0`2`2`bci`3`S_BC1`n`Salutation (eApps)`cdl`1`0`1`fl`0`11`0`f`0`itx`1`n`183`sc`0`irq`1`l`15`crf`215`dft`5`ihn`1`iro`1`t`214`dn`183`4`7`rl`0`inrk`1`crnm`1`nmr`6`atr`0`2`0`r`0`v`6*VRId-0`i`VRId-0`2`0`r`0`v`6*VRId-1`i`VRId-1`2`0`r`0`v`6*VRId-2`i`VRId-2`2`0`r`0`v`6*VRId-3`i`VRId-3`2`0`r`0`v`6*VRId-4`i`VRId-4`2`0`r`0`v`6*VRId-5`i`VRId-5`1`0`tr`0`v``0`1`nbc`0`4`2`bci`3`S_BC2`n`Opportunity`st`216`cdl`1`sh`217`0`8`fl`0`8`0`f`0`itx`1`n`91`sc`0`l`1`crf`215`dft`5`t`218`dn`93`7`0`f`0`n`98`sc`0`l`32`crf`215`dft`5`t`219`dn`96`10`0`f`0`itx`1`n`99`sc`0`irq`1`l`100`crf`215`dft`5`iro`1`t`220`dn`99`10`0`f`0`itx`1`n`100`sc`0`l`100`ibp`1`crf`215`dft`5`iro`1`t`220`dn`100`8`0`f`0`n`101`sc`2`inm`1`l`25`crf`222`dft`5`t`221`dn`101`9`0`f`0`itx`1`n`223`sc`0`l`20`ibp`1`crf`215`dft`5`t`220`dn`223`7`0`f`0`n`106`sc`0`l`32`crf`215`dft`5`t`219`dn`106`11`0`f`0`itx`1`n`183`sc`0`irq`1`l`15`crf`215`dft`5`ihn`1`iro`1`t`214`dn`183`3`1`rl`0`inrk`1`nmr`0`atr`-1`1`0`tr`0`v``0`1`nbc`0`4`2`bci`3`S_BC3`n`Service Request`shd`23*Service_Request_BusComp57*srf1592409810_444/bscripts/all/buscomp_service_request.js`cdl`1`sh`224`0`7`fl`0`9`0`f`0`itx`1`n`91`sc`0`irq`1`l`1`crf`215`dft`5`t`218`dn`93`8`0`f`0`itx`1`n`113`sc`0`l`64`crf`215`dft`5`t`220`dn`114`11`0`f`0`itx`1`n`115`sc`0`ipc`1`irq`1`l`30`ibp`1`crf`215`dft`5`t`220`dn`115`11`0`f`0`itx`1`n`118`sc`0`ipc`1`irq`1`l`30`ibp`1`crf`215`dft`5`t`220`dn`119`8`0`f`0`itx`1`n`121`sc`0`l`2000`crf`215`dft`5`t`220`dn`121`9`0`f`0`itx`1`n`100`sc`0`l`100`ibp`1`crf`215`dft`5`t`220`dn`100`11`0`f`0`itx`1`n`183`sc`0`irq`1`l`15`crf`215`dft`5`ihn`1`iro`1`t`214`dn`183`3`1`rl`0`inrk`1`nmr`0`atr`-1`1`0`tr`0`v``0`1`nbc`0`2`2`bci`3`S_BC4`n`Order Entry - Orders Home Page`st`225`0`6`fl`0`9`0`f`0`itx`1`n`158`sc`0`irq`1`l`30`crf`215`dft`5`t`220`dn`159`9`0`f`0`itx`1`n`115`sc`0`irq`1`l`30`crf`215`dft`5`t`220`dn`115`9`0`f`0`itx`1`n`160`sc`0`irq`1`l`30`crf`215`dft`5`t`220`dn`161`8`0`f`0`n`162`sc`0`ipc`1`l`32`crf`215`dft`5`t`226`dn`162`9`0`f`0`itx`1`n`100`sc`0`l`100`crf`215`dft`5`iro`1`t`220`dn`164`11`0`f`0`itx`1`n`183`sc`0`irq`1`l`15`crf`215`dft`5`ihn`1`iro`1`t`214`dn`183`3`6`rl`0`crnm`1`nmr`5`atr`0`2`0`r`0`v`19*VOL013-4732607485474*Open24*Failed Customer Creation19*06/23/2020 14:02:5215*Blazemeter Demo10*3-61EV8AO3`i`3-61EV8AO3`2`0`r`0`v`19*VOL013-4732598740494*Open24*Failed Customer Creation19*06/19/2020 23:35:399*Bt Mobile10*3-61EUPJWH`i`3-61EUPJWH`2`0`r`0`v`19*VOL013-4732591224664*Open24*Failed Customer Creation19*06/19/2020 23:16:509*Bt Mobile10*3-61EU9FZ6`i`3-61EU9FZ6`2`0`r`0`v`19*VOL013-4732583611234*Open24*Failed Customer Creation19*06/19/2020 22:58:079*Bt Mobile10*3-61ETT4IR`i`3-61ETT4IR`2`0`r`0`v`19*VOL013-4732575774304*Open24*Failed Customer Creation19*06/19/2020 22:39:049*Bt Mobile10*3-61ETCBTI`i`3-61ETCBTI`1`0`tr`0`v``0`1`nbc`0`3`2`bci`3`S_BC5`n`Action Home Page`cdl`1`sh`227`0`7`fl`0`8`0`f`0`n`177`sc`0`ipc`1`l`32`crf`215`dft`5`t`226`dn`178`11`0`f`0`itx`1`n`179`sc`0`ipc`1`irq`1`l`30`ibp`1`crf`215`dft`5`t`220`dn`126`11`0`f`0`itx`1`n`119`sc`0`ipc`1`irq`1`l`30`ibp`1`crf`215`dft`5`t`220`dn`119`10`0`f`0`itx`1`n`115`sc`0`ipc`1`l`30`ibp`1`crf`215`dft`5`t`220`dn`115`8`0`f`0`itx`1`n`121`sc`0`l`250`crf`215`dft`5`t`220`dn`121`9`0`f`0`itx`1`n`182`sc`0`l`100`ibp`1`crf`215`dft`5`t`220`dn`100`11`0`f`0`itx`1`n`183`sc`0`irq`1`l`15`crf`215`dft`5`ihn`1`iro`1`t`214`dn`183`3`1`rl`0`inrk`1`nmr`0`atr`-1`1`0`tr`0`v``0`1`nbc`0`2`2`bci`3`S_BC6`n`AnalyticsSSO`cdl`1`0`2`fl`0`10`0`f`0`itx`1`n`168`sc`0`icl`1`l`255`crf`215`dft`5`iro`1`t`220`dn`167`11`0`f`0`itx`1`n`183`sc`0`irq`1`l`15`crf`215`dft`5`ihn`1`iro`1`t`214`dn`183`4`2`rl`0`inrk`1`crnm`1`nmr`1`atr`0`2`0`r`0`v`27*CallCenterHomePageAnalytics6*VRId-0`i`VRId-0`1`0`tr`0`v``1`1`nv`0`imv`1`6`8`vi`3``vt`STANDARD`ich`0`n`CUT Home Page View (CME)`pu`http://localhost:8080/ecommunications_enu_nsm_aps05524a027/start.swe`tt`Siebel Web Call Center Home`tb`&lt;span id=&apos;s_tb&apos;&gt;&lt;table datatable=&quot;0&quot; summary=&quot;&quot; cellpadding=&quot;0&quot; cellspacing=&quot;0&quot; border=&quot;0&quot;&gt;&lt;tr&gt;&lt;td&gt;&lt;span class=&quot;threadbar&quot;&gt;&lt;nobr&gt;Home:&lt;/nobr&gt;&lt;/span&gt;&lt;/td&gt;&lt;td&gt;&lt;img src=&quot;images/spacer.gif&quot; width=&quot;5&quot; height=&quot;1&quot; alt=&quot;&quot;&gt;&lt;/td&gt;&lt;td&gt;&lt;/td&gt;&lt;/tr&gt;&lt;/table&gt;&lt;/span&gt;`0`1`na`0`17`3`ai`3`S_A1`nfi`1`n`Salutation Applet (WCC Home)`cud`1*91*12*581*12*591*12*601*12*611*12*121*02*621*12*631*12*641*11*31*1`dqy`1`cik`2*111*12*141*12*151*02*161*02*171*02*181*12*191*02*201*02*211*12*221*12*231*12*241*12*251*02*261*02*271*02*281*02*291*02*301*02*311*02*321*02*331*12*341*02*351*02*361*02*371*02*381*12*391*02*401*02*411*02*421*02*431*02*441*02*451*12*461*02*471*12*481*02*491*02*501*02*511*02*521*02*531*02*541*12*551*12*561*02*571*0`shd`33*Salutation_Applet_WCC_Home_Applet67*srf1592409810_444/bscripts/all/applet_salutation_applet_wcc_home.js`asq`2`vrn`S_A1`tt`0`inu`0`hmn`1`rsp`false`bnr`0`iem``bci`S_BC1`hlc`3*a_11*11*2`i`1`0`3`cl`0`22`0`c`0`pt`5`sp`s_1_1_9_0`dm`7`w`0`n`3`pw`0`ph`0`ju`6`sq`3997`pan`5`ibp`1`crf`8`sdy`0`h`0`iec`1`dft`5`ime`5`dmc`0`t`4`dn`5`fn`5`msz`32`25`1`c`0`pt`5`sp`s_1_1_0_0`dm`7`w`0`n`9`eb`&lt;img src=&quot;images/applet_salutation1.jpg&quot; border=&quot;0&quot; space=&quot;0&quot; hspace=&quot;0&quot; alt=&quot;Welcome&quot;  title=&quot;Welcome&quot; &gt;`pw`0`db`&lt;img src=&quot;images/applet_salutation1.jpg&quot; border=&quot;0&quot; space=&quot;0&quot; hspace=&quot;0&quot; alt=&quot;Welcome&quot;  title=&quot;Welcome&quot; &gt;`ph`0`ju`6`sq`3997`pan`5`mn`11`ibp`1`crf`8`sdy`0`h`0`iec`1`dft`5`ime`5`dmc`0`t`10`dn`0`fn`5`msz`32`15`0`imp`0`SWEField`s_1_1_0_0`SWENeedContext`true`SWER`0`SWESP`false`SWEMethod`GotoView`SWECmd`GotoView`SWETargetView`CUT Home Page View (CME)`SWEDIC`false`SWEReqRowId`0`SWEView`CUT Home Page View (CME)`SWEC`139`SWEBID`-1`SRN`xK7T2pIB2ZOV15hwlQxQF5reKcoUB8VpMTZr7we8uAEb`SWEKeepContext`0`SWEApplet`Salutation Applet (WCC Home)`22`0`c`0`pt`5`sp`s_1_1_5_0`dm`7`w`0`n`12`pw`0`ph`0`ju`6`sq`3997`pan`5`ibp`1`crf`8`sdy`0`h`0`iec`1`dft`5`ime`5`dmc`0`t`4`dn`13`fn`5`msz`32`1`0`cfm`0`DeleteRecord`IDS_SWE_DELETE_CONFIRM_WARNING`0`2`pcl`0`2`0`pc`0`allowPC`false`AppletTitle``2`0`pc`0`allowPC`false`Explorer``0`1`na`0`16`3`ai`3`S_A2`nfi`2`n`Layout Controls Applet`cud`2*851*02*731*02*791*02*701*02*121*02*661*02*761*02*821*0`dqy`1`cik`2*871*12*751*12*811*12*721*02*681*12*781*12*841*12*211*12*221*12*231*12*241*12*251*02*261*02*271*02*281*02*291*02*301*02*311*02*321*02*331*12*341*02*351*02*361*02*371*02*381*12*391*02*401*12*411*02*421*12*201*02*431*02*441*02*451*12*461*02*471*12*481*02*491*02*501*02*511*02*521*02*531*02*541*12*551*12*561*02*571*1`asq`0`vrn`S_A2`tt`65`inu`1`hmn`1`rsp`false`bnr`0`iem``bci`S_BC1`hlc`3*a_21*11*2`i`2`0`8`cl`0`22`0`c`0`pt`5`sp`s_2_1_4_0`dm`7`w`0`n`12`pw`0`ph`0`ju`6`sq`1997`pan`5`ibp`1`crf`8`sdy`0`h`0`iec`1`dft`5`ime`5`dmc`0`t`4`dn`65`fn`5`msz`32`23`1`c`0`pt`5`sp`s_2_1_5_0`dm`69`w`0`n`66`pw`0`ph`0`ju`6`sq`1997`pan`5`mn`68`ibp`1`crf`8`sdy`0`h`0`iec`1`dft`5`ime`5`dmc`0`t`67`dn`65`fn`5`msz`32`13`0`imp`0`SWEField`s_2_1_5_0`SWENeedContext`true`SWER`0`SWESP`false`SWEMethod`EditViewLayout`SWECmd`InvokeMethod`SWEDIC`false`SWEReqRowId`0`SWEView`CUT Home Page View (CME)`SWEC`139`SWEBID`-1`SRN`xK7T2pIB2ZOV15hwlQxQF5reKcoUB8VpMTZr7we8uAEb`SWEApplet`Layout Controls Applet`23`1`c`0`pt`5`sp`s_2_1_3_0`dm`69`w`0`n`70`pw`0`ph`0`ju`6`sq`1997`pan`5`mn`72`ibp`1`crf`8`sdy`0`h`0`iec`1`dft`5`ime`5`dmc`0`t`67`dn`71`fn`5`msz`32`13`0`imp`0`SWEField`s_2_1_3_0`SWENeedContext`true`SWER`0`SWESP`false`SWEMethod`ShowViewLayout`SWECmd`InvokeMethod`SWEDIC`false`SWEReqRowId`0`SWEView`CUT Home Page View (CME)`SWEC`139`SWEBID`-1`SRN`xK7T2pIB2ZOV15hwlQxQF5reKcoUB8VpMTZr7we8uAEb`SWEApplet`Layout Controls Applet`23`1`c`0`pt`5`sp`s_2_1_1_0`dm`69`w`0`n`73`pw`0`ph`0`ju`6`sq`1997`pan`5`mn`75`ibp`1`crf`8`sdy`0`h`0`iec`1`dft`5`ime`5`dmc`0`t`67`dn`74`fn`5`msz`32`13`0`imp`0`SWEField`s_2_1_1_0`SWENeedContext`true`SWER`0`SWESP`false`SWEMethod`ResetViewLayout`SWECmd`InvokeMethod`SWEDIC`false`SWEReqRowId`0`SWEView`CUT Home Page View (CME)`SWEC`139`SWEBID`-1`SRN`xK7T2pIB2ZOV15hwlQxQF5reKcoUB8VpMTZr7we8uAEb`SWEApplet`Layout Controls Applet`23`1`c`0`pt`5`sp`s_2_1_6_0`dm`69`w`0`n`76`pw`0`ph`0`ju`6`sq`1997`pan`5`mn`78`ibp`1`crf`8`sdy`0`h`0`iec`1`dft`5`ime`5`dmc`0`t`67`dn`77`fn`5`msz`32`13`0`imp`0`SWEField`s_2_1_6_0`SWENeedContext`true`SWER`0`SWESP`false`SWEMethod`HideAllApplets`SWECmd`InvokeMethod`SWEDIC`false`SWEReqRowId`0`SWEView`CUT Home Page View (CME)`SWEC`139`SWEBID`-1`SRN`xK7T2pIB2ZOV15hwlQxQF5reKcoUB8VpMTZr7we8uAEb`SWEApplet`Layout Controls Applet`23`1`c`0`pt`5`sp`s_2_1_2_0`dm`69`w`0`n`79`pw`0`ph`0`ju`6`sq`1997`pan`5`mn`81`ibp`1`crf`8`sdy`0`h`0`iec`1`dft`5`ime`5`dmc`0`t`67`dn`80`fn`5`msz`32`13`0`imp`0`SWEField`s_2_1_2_0`SWENeedContext`true`SWER`0`SWESP`false`SWEMethod`ShowAllApplets`SWECmd`InvokeMethod`SWEDIC`false`SWEReqRowId`0`SWEView`CUT Home Page View (CME)`SWEC`139`SWEBID`-1`SRN`xK7T2pIB2ZOV15hwlQxQF5reKcoUB8VpMTZr7we8uAEb`SWEApplet`Layout Controls Applet`23`1`c`0`pt`5`sp`s_2_1_7_0`dm`69`w`0`n`82`pw`0`ph`0`ju`6`sq`1997`pan`5`mn`84`ibp`1`crf`8`sdy`0`h`0`iec`1`dft`5`ime`5`dmc`0`t`67`dn`83`fn`5`msz`32`13`0`imp`0`SWEField`s_2_1_7_0`SWENeedContext`true`SWER`0`SWESP`false`SWEMethod`MinimizeAllApplets`SWECmd`InvokeMethod`SWEDIC`false`SWEReqRowId`0`SWEView`CUT Home Page View (CME)`SWEC`139`SWEBID`-1`SRN`xK7T2pIB2ZOV15hwlQxQF5reKcoUB8VpMTZr7we8uAEb`SWEApplet`Layout Controls Applet`23`1`c`0`pt`5`sp`s_2_1_0_0`dm`69`w`0`n`85`pw`0`ph`0`ju`6`sq`1997`pan`5`mn`87`ibp`1`crf`8`sdy`0`h`0`iec`1`dft`5`ime`5`dmc`0`t`67`dn`86`fn`5`msz`32`13`0`imp`0`SWEField`s_2_1_0_0`SWENeedContext`true`SWER`0`SWESP`false`SWEMethod`MaximizeAllApplets`SWECmd`InvokeMethod`SWEDIC`false`SWEReqRowId`0`SWEView`CUT Home Page View (CME)`SWEC`139`SWEBID`-1`SRN`xK7T2pIB2ZOV15hwlQxQF5reKcoUB8VpMTZr7we8uAEb`SWEApplet`Layout Controls Applet`1`0`cfm`0`DeleteRecord`IDS_SWE_DELETE_CONFIRM_WARNING`0`1`pcl`0`2`0`pc`0`allowPC`false`AppletTitle``0`1`nla`0`17`3`ai`3`S_A3`nfi`1`n`CUT Opportunity List Applet (CME Home)`cud`2*641*11*91*12*581*12*601*12*621*12*631*12*591*12*611*12*391*12*401*13*1051*12*121*12*961*03*1061*03*1071*03*1081*03*1091*02*911*02*991*03*1001*03*1101*03*1011*03*1111*0`cik`2*201*02*111*12*141*12*161*02*181*12*191*12*151*12*171*02*391*02*401*02*211*02*221*12*231*12*241*12*251*02*261*02*271*02*281*02*291*12*301*02*311*02*321*02*331*02*341*02*351*02*361*12*371*02*381*02*411*02*421*02*431*02*441*12*451*12*461*12*471*02*481*02*491*02*501*02*511*02*521*02*531*02*541*12*551*02*561*12*571*0`pf`VER_1.0_~0|Row Status|100~0|Expected Close Date|100~0|Name|100~0|Account|100~0|Revenue|100`rct`5`asq`4`vrn`S_A3`tt`88`inu`0`hmn`1`rsp`false`bnr`0`iem``bci`S_BC2`hlc`3*a_31*11*2`i`3`0`8`cl`0`25`1`c`0`pt`5`sp`s_3_1_9_0`dm`69`w`0`n`40`eb`&lt;img src=&quot;images/rcnv_nxtset_1.gif&quot; border=&quot;0&quot; space=&quot;0&quot; hspace=&quot;0&quot; alt=&quot;Next record set&quot;  title=&quot;Next record set&quot; &gt;`pw`0`db`&lt;img src=&quot;images/rcnv_nxtset_0.gif&quot; border=&quot;0&quot; space=&quot;0&quot; hspace=&quot;0&quot; alt=&quot;Next record set&quot;  title=&quot;Next record set&quot; &gt;`ph`0`ju`6`sq`5997`pan`5`mn`40`ibp`1`crf`8`sdy`0`h`0`iec`1`dft`5`ime`5`dmc`0`t`67`dn`5`fn`5`msz`32`13`0`imp`0`SWEField`s_3_1_9_0`SWENeedContext`true`SWER`65535`SWESP`false`SWEMethod`GotoNextSet`SWECmd`InvokeMethod`SWEDIC`false`SWEReqRowId`0`SWEView`CUT Home Page View (CME)`SWEC`139`SWEBID`-1`SRN`xK7T2pIB2ZOV15hwlQxQF5reKcoUB8VpMTZr7we8uAEb`SWEApplet`CUT Opportunity List Applet (CME Home)`22`0`c`0`pt`5`sp`s_3_1_11_0`dm`7`w`0`n`12`pw`0`ph`0`ju`6`sq`5997`pan`5`ibp`1`crf`8`sdy`0`h`0`iec`1`dft`5`ime`5`dmc`0`t`89`dn`90`fn`5`msz`32`25`1`c`0`pt`5`sp`s_3_1_4_0`dm`69`w`0`n`62`eb`&lt;img src=&quot;images/btn_aplt_min_1.gif&quot; border=&quot;0&quot; space=&quot;0&quot; hspace=&quot;0&quot; alt=&quot;Collapse&quot;  title=&quot;Collapse&quot; &gt;`pw`0`db`&lt;img src=&quot;images/btn_aplt_min_0.gif&quot; border=&quot;0&quot; space=&quot;0&quot; hspace=&quot;0&quot; alt=&quot;Collapse&quot;  title=&quot;Collapse&quot; &gt;`ph`0`ju`6`sq`5997`pan`5`mn`18`ibp`1`crf`8`sdy`0`h`0`iec`1`dft`5`ime`5`dmc`0`t`10`dn`5`fn`5`msz`32`13`0`imp`0`SWEField`s_3_1_4_0`SWENeedContext`true`SWER`65535`SWESP`false`SWEMethod`MinimizeApplet`SWECmd`InvokeMethod`SWEDIC`false`SWEReqRowId`0`SWEView`CUT Home Page View (CME)`SWEC`139`SWEBID`-1`SRN`xK7T2pIB2ZOV15hwlQxQF5reKcoUB8VpMTZr7we8uAEb`SWEApplet`CUT Opportunity List Applet (CME Home)`25`1`c`0`pt`5`sp`s_3_1_3_0`dm`69`w`0`n`60`eb`&lt;img src=&quot;images/btn_aplt_max_1.gif&quot; border=&quot;0&quot; space=&quot;0&quot; hspace=&quot;0&quot; alt=&quot;Expand&quot;  title=&quot;Expand&quot; &gt;`pw`0`db`&lt;img src=&quot;images/btn_aplt_max_0.gif&quot; border=&quot;0&quot; space=&quot;0&quot; hspace=&quot;0&quot; alt=&quot;Expand&quot;  title=&quot;Expand&quot; &gt;`ph`0`ju`6`sq`5997`pan`5`mn`16`ibp`1`crf`8`sdy`0`h`0`iec`1`dft`5`ime`5`dmc`0`t`10`dn`5`fn`5`msz`32`13`0`imp`0`SWEField`s_3_1_3_0`SWENeedContext`true`SWER`65535`SWESP`false`SWEMethod`MaximizeApplet`SWECmd`InvokeMethod`SWEDIC`false`SWEReqRowId`0`SWEView`CUT Home Page View (CME)`SWEC`139`SWEBID`-1`SRN`xK7T2pIB2ZOV15hwlQxQF5reKcoUB8VpMTZr7we8uAEb`SWEApplet`CUT Opportunity List Applet (CME Home)`25`1`c`0`pt`5`sp`s_3_1_6_0`dm`69`w`0`n`59`eb`&lt;img src=&quot;images/btn_aplt_up_1.gif&quot; border=&quot;0&quot; space=&quot;0&quot; hspace=&quot;0&quot; alt=&quot;Move up&quot;  title=&quot;Move up&quot; &gt;`pw`0`db`&lt;img src=&quot;images/btn_aplt_up_0.gif&quot; border=&quot;0&quot; space=&quot;0&quot; hspace=&quot;0&quot; alt=&quot;Move up&quot;  title=&quot;Move up&quot; &gt;`ph`0`ju`6`sq`5997`pan`5`mn`15`ibp`1`crf`8`sdy`0`h`0`iec`1`dft`5`ime`5`dmc`0`t`10`dn`5`fn`5`msz`32`13`0`imp`0`SWEField`s_3_1_6_0`SWENeedContext`true`SWER`65535`SWESP`false`SWEMethod`MoveAppletUp`SWECmd`InvokeMethod`SWEDIC`false`SWEReqRowId`0`SWEView`CUT Home Page View (CME)`SWEC`139`SWEBID`-1`SRN`xK7T2pIB2ZOV15hwlQxQF5reKcoUB8VpMTZr7we8uAEb`SWEApplet`CUT Opportunity List Applet (CME Home)`25`1`c`0`pt`5`sp`s_3_1_5_0`dm`69`w`0`n`63`eb`&lt;img src=&quot;images/btn_aplt_dwn_1.gif&quot; border=&quot;0&quot; space=&quot;0&quot; hspace=&quot;0&quot; alt=&quot;Move down&quot;  title=&quot;Move down&quot; &gt;`pw`0`db`&lt;img src=&quot;images/btn_aplt_dwn_0.gif&quot; border=&quot;0&quot; space=&quot;0&quot; hspace=&quot;0&quot; alt=&quot;Move down&quot;  title=&quot;Move down&quot; &gt;`ph`0`ju`6`sq`5997`pan`5`mn`19`ibp`1`crf`8`sdy`0`h`0`iec`1`dft`5`ime`5`dmc`0`t`10`dn`5`fn`5`msz`32`13`0`imp`0`SWEField`s_3_1_5_0`SWENeedContext`true`SWER`65535`SWESP`false`SWEMethod`MoveAppletDown`SWECmd`InvokeMethod`SWEDIC`false`SWEReqRowId`0`SWEView`CUT Home Page View (CME)`SWEC`139`SWEBID`-1`SRN`xK7T2pIB2ZOV15hwlQxQF5reKcoUB8VpMTZr7we8uAEb`SWEApplet`CUT Opportunity List Applet (CME Home)`25`1`c`0`pt`5`sp`s_3_1_7_0`dm`69`w`0`n`61`eb`&lt;img src=&quot;images/btn_aplt_shw_1.gif&quot; border=&quot;0&quot; space=&quot;0&quot; hspace=&quot;0&quot; alt=&quot;Show&quot;  title=&quot;Show&quot; &gt;`pw`0`db`&lt;img src=&quot;images/btn_aplt_shw_0.gif&quot; border=&quot;0&quot; space=&quot;0&quot; hspace=&quot;0&quot; alt=&quot;Show&quot;  title=&quot;Show&quot; &gt;`ph`0`ju`6`sq`5997`pan`5`mn`17`ibp`1`crf`8`sdy`0`h`0`iec`1`dft`5`ime`5`dmc`0`t`10`dn`5`fn`5`msz`32`13`0`imp`0`SWEField`s_3_1_7_0`SWENeedContext`true`SWER`65535`SWESP`false`SWEMethod`ShowApplet`SWECmd`InvokeMethod`SWEDIC`false`SWEReqRowId`0`SWEView`CUT Home Page View (CME)`SWEC`139`SWEBID`-1`SRN`xK7T2pIB2ZOV15hwlQxQF5reKcoUB8VpMTZr7we8uAEb`SWEApplet`CUT Opportunity List Applet (CME Home)`25`1`c`0`pt`5`sp`s_3_1_2_0`dm`69`w`0`n`58`eb`&lt;img src=&quot;images/btn_aplt_hide_1.gif&quot; border=&quot;0&quot; space=&quot;0&quot; hspace=&quot;0&quot; alt=&quot;Hide&quot;  title=&quot;Hide&quot; &gt;`pw`0`db`&lt;img src=&quot;images/btn_aplt_hide_0.gif&quot; border=&quot;0&quot; space=&quot;0&quot; hspace=&quot;0&quot; alt=&quot;Hide&quot;  title=&quot;Hide&quot; &gt;`ph`0`ju`6`sq`5997`pan`5`mn`14`ibp`1`crf`8`sdy`0`h`0`iec`1`dft`5`ime`5`dmc`0`t`10`dn`5`fn`5`msz`32`13`0`imp`0`SWEField`s_3_1_2_0`SWENeedContext`true`SWER`65535`SWESP`false`SWEMethod`HideApplet`SWECmd`InvokeMethod`SWEDIC`false`SWEReqRowId`0`SWEView`CUT Home Page View (CME)`SWEC`139`SWEBID`-1`SRN`xK7T2pIB2ZOV15hwlQxQF5reKcoUB8VpMTZr7we8uAEb`SWEApplet`CUT Opportunity List Applet (CME Home)`1`0`cfm`0`DeleteRecord`IDS_SWE_DELETE_CONFIRM_WARNING`0`5`col`0`25`0`co`0`pt`5`sp`s_3_2_17_`dm`7`w`100`n`91`pw`0`ist`1`ph`0`ju`94`sq`5997`pan`5`icm`95`ibp`1`crf`8`sdy`0`h`0`iec`1`dft`5`cix`0`ime`5`dmc`0`t`92`dn`93`fn`91`msz`1`24`0`co`0`pt`5`sp`s_3_2_12_`dm`7`w`100`n`96`pw`0`ist`1`ph`0`ju`6`sq`5997`pan`5`ibp`1`crf`8`sdy`0`h`0`iec`1`dft`5`cix`1`ime`5`dmc`0`t`97`dn`96`fn`98`msz`32`25`0`co`0`pt`5`sp`s_3_2_18_`dm`7`w`100`csq`1`n`99`pw`0`ist`1`ph`0`ju`6`sq`5997`pan`5`ibp`1`crf`8`sdy`0`h`0`iec`1`dft`5`cix`2`ime`5`dmc`0`t`4`dn`99`fn`99`msz`100`27`0`co`0`pt`5`sp`s_3_2_19_`dm`7`w`100`csq`1`n`100`pw`300`pat`Pick`ist`1`ph`100`ju`6`sq`5997`ied`1`pan`5`ibp`1`crf`8`sdy`0`h`0`iec`1`dft`5`cix`3`ime`5`dmc`0`t`4`dn`100`fn`100`msz`100`26`0`co`0`pt`5`sp`s_3_2_21_`dm`7`w`100`n`101`pw`300`pat`Detail`ist`1`ph`100`ju`103`sq`5997`ied`1`pan`5`ibp`1`crf`104`sdy`0`h`0`iec`1`dft`5`cix`4`ime`5`dmc`0`t`102`dn`101`fn`101`msz`25`0`1`nla`0`18`3`ai`3`S_A4`nfi`1`n`CUT Service Request List Applet (CME Home)`cud`2*641*01*91*02*581*02*601*02*621*02*631*02*591*02*611*03*1051*02*121*03*1231*03*1241*03*1251*03*1261*03*1211*03*1271*03*1281*03*1291*03*1301*03*1311*02*911*03*1131*03*1181*03*1321*03*1001*03*1101*03*1331*03*1341*03*1351*03*1361*03*1371*03*1381*03*1391*03*1401*03*1411*03*1421*03*1431*03*1441*03*1451*03*1461*03*1471*03*1481*03*1491*03*1501*03*1511*03*1151*03*1521*03*1531*03*1541*03*1551*03*1561*0`cik`2*201*02*111*12*141*12*161*02*181*12*191*12*151*02*171*02*211*02*221*12*231*12*241*12*251*02*261*02*271*02*281*02*291*02*301*02*311*02*321*02*331*02*341*02*351*02*361*12*371*02*381*02*391*02*401*02*411*02*421*02*431*02*441*12*451*12*461*12*471*02*481*02*491*02*501*02*511*02*521*02*531*02*541*12*551*02*561*12*571*0`pf`VER_1.0_~0|Row Status|100~0|SR Number|100~0|Status|100~0|SR Type|100~0|Description|100~0|Account|100`shd`47*CUT_Service_Request_List_Applet_CME_Home_Applet81*srf1592409810_444/bscripts/all/applet_cut_service_request_list_applet_cme_home.js`rct`3`asq`3`vrn`S_A4`tt`112`inu`1`hmn`1`rsp`false`bnr`0`iem``bci`S_BC3`hlc`3*a_41*11*2`i`4`0`7`cl`0`22`0`c`0`pt`5`sp`s_4_1_9_0`dm`5`w`0`n`12`pw`0`ph`0`ju`6`sq`4997`pan`5`ibp`1`crf`8`sdy`0`h`0`iec`1`dft`5`ime`5`dmc`0`t`89`dn`112`fn`5`msz`32`25`1`c`0`pt`5`sp`s_4_1_4_0`dm`69`w`0`n`62`eb`&lt;img src=&quot;images/btn_aplt_min_1.gif&quot; border=&quot;0&quot; space=&quot;0&quot; hspace=&quot;0&quot; alt=&quot;Collapse&quot;  title=&quot;Collapse&quot; &gt;`pw`0`db`&lt;img src=&quot;images/btn_aplt_min_0.gif&quot; border=&quot;0&quot; space=&quot;0&quot; hspace=&quot;0&quot; alt=&quot;Collapse&quot;  title=&quot;Collapse&quot; &gt;`ph`0`ju`6`sq`4997`pan`5`mn`18`ibp`1`crf`8`sdy`0`h`0`iec`1`dft`5`ime`5`dmc`0`t`10`dn`5`fn`5`msz`32`13`0`imp`0`SWEField`s_4_1_4_0`SWENeedContext`true`SWER`65535`SWESP`false`SWEMethod`MinimizeApplet`SWECmd`InvokeMethod`SWEDIC`false`SWEReqRowId`0`SWEView`CUT Home Page View (CME)`SWEC`139`SWEBID`-1`SRN`xK7T2pIB2ZOV15hwlQxQF5reKcoUB8VpMTZr7we8uAEb`SWEApplet`CUT Service Request List Applet (CME Home)`25`1`c`0`pt`5`sp`s_4_1_3_0`dm`69`w`0`n`60`eb`&lt;img src=&quot;images/btn_aplt_max_1.gif&quot; border=&quot;0&quot; space=&quot;0&quot; hspace=&quot;0&quot; alt=&quot;Expand&quot;  title=&quot;Expand&quot; &gt;`pw`0`db`&lt;img src=&quot;images/btn_aplt_max_0.gif&quot; border=&quot;0&quot; space=&quot;0&quot; hspace=&quot;0&quot; alt=&quot;Expand&quot;  title=&quot;Expand&quot; &gt;`ph`0`ju`6`sq`4997`pan`5`mn`16`ibp`1`crf`8`sdy`0`h`0`iec`1`dft`5`ime`5`dmc`0`t`10`dn`5`fn`5`msz`32`13`0`imp`0`SWEField`s_4_1_3_0`SWENeedContext`true`SWER`65535`SWESP`false`SWEMethod`MaximizeApplet`SWECmd`InvokeMethod`SWEDIC`false`SWEReqRowId`0`SWEView`CUT Home Page View (CME)`SWEC`139`SWEBID`-1`SRN`xK7T2pIB2ZOV15hwlQxQF5reKcoUB8VpMTZr7we8uAEb`SWEApplet`CUT Service Request List Applet (CME Home)`25`1`c`0`pt`5`sp`s_4_1_6_0`dm`69`w`0`n`59`eb`&lt;img src=&quot;images/btn_aplt_up_1.gif&quot; border=&quot;0&quot; space=&quot;0&quot; hspace=&quot;0&quot; alt=&quot;Move up&quot;  title=&quot;Move up&quot; &gt;`pw`0`db`&lt;img src=&quot;images/btn_aplt_up_0.gif&quot; border=&quot;0&quot; space=&quot;0&quot; hspace=&quot;0&quot; alt=&quot;Move up&quot;  title=&quot;Move up&quot; &gt;`ph`0`ju`6`sq`4997`pan`5`mn`15`ibp`1`crf`8`sdy`0`h`0`iec`1`dft`5`ime`5`dmc`0`t`10`dn`5`fn`5`msz`32`13`0`imp`0`SWEField`s_4_1_6_0`SWENeedContext`true`SWER`65535`SWESP`false`SWEMethod`MoveAppletUp`SWECmd`InvokeMethod`SWEDIC`false`SWEReqRowId`0`SWEView`CUT Home Page View (CME)`SWEC`139`SWEBID`-1`SRN`xK7T2pIB2ZOV15hwlQxQF5reKcoUB8VpMTZr7we8uAEb`SWEApplet`CUT Service Request List Applet (CME Home)`25`1`c`0`pt`5`sp`s_4_1_5_0`dm`69`w`0`n`63`eb`&lt;img src=&quot;images/btn_aplt_dwn_1.gif&quot; border=&quot;0&quot; space=&quot;0&quot; hspace=&quot;0&quot; alt=&quot;Move down&quot;  title=&quot;Move down&quot; &gt;`pw`0`db`&lt;img src=&quot;images/btn_aplt_dwn_0.gif&quot; border=&quot;0&quot; space=&quot;0&quot; hspace=&quot;0&quot; alt=&quot;Move down&quot;  title=&quot;Move down&quot; &gt;`ph`0`ju`6`sq`4997`pan`5`mn`19`ibp`1`crf`8`sdy`0`h`0`iec`1`dft`5`ime`5`dmc`0`t`10`dn`5`fn`5`msz`32`13`0`imp`0`SWEField`s_4_1_5_0`SWENeedContext`true`SWER`65535`SWESP`false`SWEMethod`MoveAppletDown`SWECmd`InvokeMethod`SWEDIC`false`SWEReqRowId`0`SWEView`CUT Home Page View (CME)`SWEC`139`SWEBID`-1`SRN`xK7T2pIB2ZOV15hwlQxQF5reKcoUB8VpMTZr7we8uAEb`SWEApplet`CUT Service Request List Applet (CME Home)`25`1`c`0`pt`5`sp`s_4_1_7_0`dm`69`w`0`n`61`eb`&lt;img src=&quot;images/btn_aplt_shw_1.gif&quot; border=&quot;0&quot; space=&quot;0&quot; hspace=&quot;0&quot; alt=&quot;Show&quot;  title=&quot;Show&quot; &gt;`pw`0`db`&lt;img src=&quot;images/btn_aplt_shw_0.gif&quot; border=&quot;0&quot; space=&quot;0&quot; hspace=&quot;0&quot; alt=&quot;Show&quot;  title=&quot;Show&quot; &gt;`ph`0`ju`6`sq`4997`pan`5`mn`17`ibp`1`crf`8`sdy`0`h`0`iec`1`dft`5`ime`5`dmc`0`t`10`dn`5`fn`5`msz`32`13`0`imp`0`SWEField`s_4_1_7_0`SWENeedContext`true`SWER`65535`SWESP`false`SWEMethod`ShowApplet`SWECmd`InvokeMethod`SWEDIC`false`SWEReqRowId`0`SWEView`CUT Home Page View (CME)`SWEC`139`SWEBID`-1`SRN`xK7T2pIB2ZOV15hwlQxQF5reKcoUB8VpMTZr7we8uAEb`SWEApplet`CUT Service Request List Applet (CME Home)`25`1`c`0`pt`5`sp`s_4_1_2_0`dm`69`w`0`n`58`eb`&lt;img src=&quot;images/btn_aplt_hide_1.gif&quot; border=&quot;0&quot; space=&quot;0&quot; hspace=&quot;0&quot; alt=&quot;Hide&quot;  title=&quot;Hide&quot; &gt;`pw`0`db`&lt;img src=&quot;images/btn_aplt_hide_0.gif&quot; border=&quot;0&quot; space=&quot;0&quot; hspace=&quot;0&quot; alt=&quot;Hide&quot;  title=&quot;Hide&quot; &gt;`ph`0`ju`6`sq`4997`pan`5`mn`14`ibp`1`crf`8`sdy`0`h`0`iec`1`dft`5`ime`5`dmc`0`t`10`dn`5`fn`5`msz`32`13`0`imp`0`SWEField`s_4_1_2_0`SWENeedContext`true`SWER`65535`SWESP`false`SWEMethod`HideApplet`SWECmd`InvokeMethod`SWEDIC`false`SWEReqRowId`0`SWEView`CUT Home Page View (CME)`SWEC`139`SWEBID`-1`SRN`xK7T2pIB2ZOV15hwlQxQF5reKcoUB8VpMTZr7we8uAEb`SWEApplet`CUT Service Request List Applet (CME Home)`1`0`cfm`0`DeleteRecord`IDS_SWE_DELETE_CONFIRM_WARNING`0`6`col`0`25`0`co`0`pt`5`sp`s_4_2_20_`dm`5`w`100`n`91`pw`0`ist`1`ph`0`ju`94`sq`4997`pan`5`icm`95`ibp`1`crf`8`sdy`0`h`0`iec`1`dft`5`cix`0`ime`5`dmc`0`t`92`dn`93`fn`91`msz`1`25`0`co`0`pt`5`sp`s_4_2_21_`dm`5`w`100`csq`1`n`113`pw`0`ist`1`ph`0`ju`6`sq`4997`pan`5`ibp`1`crf`8`sdy`0`h`0`iec`1`dft`5`cix`1`ime`5`dmc`0`t`4`dn`114`fn`113`msz`64`25`0`co`0`pt`117`sp`s_4_2_45_`dm`5`w`100`csq`1`n`115`pw`0`ist`1`ph`0`ju`6`sq`4997`pan`5`ibp`1`crf`8`sdy`0`h`0`iec`1`dft`5`cix`2`ime`5`dmc`0`t`116`dn`115`fn`115`msz`30`25`0`co`0`pt`5`sp`s_4_2_22_`dm`5`w`100`csq`1`n`118`pw`0`ist`1`ph`0`ju`6`sq`4997`pan`120`ibp`1`crf`8`sdy`0`h`0`iec`1`dft`5`cix`3`ime`5`dmc`0`t`116`dn`119`fn`118`msz`30`25`0`co`0`pt`5`sp`s_4_2_14_`dm`7`w`100`csq`1`n`121`pw`0`ist`1`ph`0`ju`6`sq`4997`pan`5`ibp`1`crf`8`sdy`0`h`0`iec`1`dft`5`cix`4`ime`5`dmc`0`t`122`dn`121`fn`121`msz`2000`27`0`co`0`pt`5`sp`s_4_2_24_`dm`5`w`100`csq`1`n`100`pw`300`pat`Pick`ist`1`ph`100`ju`6`sq`4997`ied`1`pan`5`ibp`1`crf`8`sdy`0`h`0`iec`1`dft`5`cix`5`ime`5`dmc`0`t`4`dn`100`fn`100`msz`100`0`1`nla`0`17`4`ai`3`S_A5`nfi`1`n`CUT Order Entry - Order List Applet (CME Home)`cud`2*641*11*91*12*581*12*601*12*621*12*631*12*591*12*611*12*401*12*391*13*1051*12*121*13*1581*13*1651*13*1621*13*1601*03*1641*03*1151*03*1001*03*1661*0`cik`2*201*02*111*12*141*12*161*02*181*12*191*02*151*12*171*02*401*12*391*02*211*12*221*12*231*12*241*12*251*02*261*12*271*02*281*02*291*12*301*12*311*12*321*12*331*02*341*12*351*12*361*12*371*02*381*12*411*02*421*12*431*02*441*12*451*12*461*12*471*12*481*02*491*02*501*02*511*02*521*02*531*02*541*12*551*12*561*02*571*1`pf`VER_1.0_~0|Order Number|217~0|Status|100~0|BT Sub-Status|248~0|Order Date|236~0|Customer Name|100`rct`5`asq`6`vrn`S_A5`tt`157`inu`0`hmn`1`rsp`false`bnr`0`iem``bci`S_BC4`hlc`3*a_51*11*2`i`5`0`9`cl`0`25`1`c`0`pt`5`sp`s_5_1_9_0`dm`69`w`0`n`39`eb`&lt;img src=&quot;images/rcnv_prvset_1.gif&quot; border=&quot;0&quot; space=&quot;0&quot; hspace=&quot;0&quot; alt=&quot;Previous record set&quot;  title=&quot;Previous record set&quot; &gt;`pw`0`db`&lt;img src=&quot;images/rcnv_prvset_0.gif&quot; border=&quot;0&quot; space=&quot;0&quot; hspace=&quot;0&quot; alt=&quot;Previous record set&quot;  title=&quot;Previous record set&quot; &gt;`ph`0`ju`6`sq`7997`pan`5`mn`39`ibp`1`crf`8`sdy`0`h`0`iec`1`dft`5`ime`5`dmc`0`t`67`dn`5`fn`5`msz`32`13`0`imp`0`SWEField`s_5_1_9_0`SWENeedContext`true`SWER`0`SWESP`false`SWEMethod`GotoPreviousSet`SWECmd`InvokeMethod`SWEDIC`false`SWEReqRowId`0`SWEView`CUT Home Page View (CME)`SWEC`139`SWEBID`-1`SRN`xK7T2pIB2ZOV15hwlQxQF5reKcoUB8VpMTZr7we8uAEb`SWEApplet`CUT Order Entry - Order List Applet (CME Home)`25`1`c`0`pt`5`sp`s_5_1_8_0`dm`69`w`0`n`40`eb`&lt;img src=&quot;images/rcnv_nxtset_1.gif&quot; border=&quot;0&quot; space=&quot;0&quot; hspace=&quot;0&quot; alt=&quot;Next record set&quot;  title=&quot;Next record set&quot; &gt;`pw`0`db`&lt;img src=&quot;images/rcnv_nxtset_0.gif&quot; border=&quot;0&quot; space=&quot;0&quot; hspace=&quot;0&quot; alt=&quot;Next record set&quot;  title=&quot;Next record set&quot; &gt;`ph`0`ju`6`sq`7997`pan`5`mn`40`ibp`1`crf`8`sdy`0`h`0`iec`1`dft`5`ime`5`dmc`0`t`67`dn`5`fn`5`msz`32`13`0`imp`0`SWEField`s_5_1_8_0`SWENeedContext`true`SWER`0`SWESP`false`SWEMethod`GotoNextSet`SWECmd`InvokeMethod`SWEDIC`false`SWEReqRowId`0`SWEView`CUT Home Page View (CME)`SWEC`139`SWEBID`-1`SRN`xK7T2pIB2ZOV15hwlQxQF5reKcoUB8VpMTZr7we8uAEb`SWEApplet`CUT Order Entry - Order List Applet (CME Home)`22`0`c`0`pt`5`sp`s_5_1_11_0`dm`7`w`0`n`12`pw`0`ph`0`ju`6`sq`7997`pan`5`ibp`1`crf`8`sdy`0`h`0`iec`1`dft`5`ime`5`dmc`0`t`89`dn`157`fn`5`msz`32`25`1`c`0`pt`5`sp`s_5_1_4_0`dm`69`w`0`n`62`eb`&lt;img src=&quot;images/btn_aplt_min_1.gif&quot; border=&quot;0&quot; space=&quot;0&quot; hspace=&quot;0&quot; alt=&quot;Collapse&quot;  title=&quot;Collapse&quot; &gt;`pw`0`db`&lt;img src=&quot;images/btn_aplt_min_0.gif&quot; border=&quot;0&quot; space=&quot;0&quot; hspace=&quot;0&quot; alt=&quot;Collapse&quot;  title=&quot;Collapse&quot; &gt;`ph`0`ju`6`sq`7997`pan`5`mn`18`ibp`1`crf`8`sdy`0`h`0`iec`1`dft`5`ime`5`dmc`0`t`10`dn`5`fn`5`msz`32`13`0`imp`0`SWEField`s_5_1_4_0`SWENeedContext`true`SWER`0`SWESP`false`SWEMethod`MinimizeApplet`SWECmd`InvokeMethod`SWEDIC`false`SWEReqRowId`0`SWEView`CUT Home Page View (CME)`SWEC`139`SWEBID`-1`SRN`xK7T2pIB2ZOV15hwlQxQF5reKcoUB8VpMTZr7we8uAEb`SWEApplet`CUT Order Entry - Order List Applet (CME Home)`25`1`c`0`pt`5`sp`s_5_1_3_0`dm`69`w`0`n`60`eb`&lt;img src=&quot;images/btn_aplt_max_1.gif&quot; border=&quot;0&quot; space=&quot;0&quot; hspace=&quot;0&quot; alt=&quot;Expand&quot;  title=&quot;Expand&quot; &gt;`pw`0`db`&lt;img src=&quot;images/btn_aplt_max_0.gif&quot; border=&quot;0&quot; space=&quot;0&quot; hspace=&quot;0&quot; alt=&quot;Expand&quot;  title=&quot;Expand&quot; &gt;`ph`0`ju`6`sq`7997`pan`5`mn`16`ibp`1`crf`8`sdy`0`h`0`iec`1`dft`5`ime`5`dmc`0`t`10`dn`5`fn`5`msz`32`13`0`imp`0`SWEField`s_5_1_3_0`SWENeedContext`true`SWER`0`SWESP`false`SWEMethod`MaximizeApplet`SWECmd`InvokeMethod`SWEDIC`false`SWEReqRowId`0`SWEView`CUT Home Page View (CME)`SWEC`139`SWEBID`-1`SRN`xK7T2pIB2ZOV15hwlQxQF5reKcoUB8VpMTZr7we8uAEb`SWEApplet`CUT Order Entry - Order List Applet (CME Home)`25`1`c`0`pt`5`sp`s_5_1_6_0`dm`69`w`0`n`59`eb`&lt;img src=&quot;images/btn_aplt_up_1.gif&quot; border=&quot;0&quot; space=&quot;0&quot; hspace=&quot;0&quot; alt=&quot;Move up&quot;  title=&quot;Move up&quot; &gt;`pw`0`db`&lt;img src=&quot;images/btn_aplt_up_0.gif&quot; border=&quot;0&quot; space=&quot;0&quot; hspace=&quot;0&quot; alt=&quot;Move up&quot;  title=&quot;Move up&quot; &gt;`ph`0`ju`6`sq`7997`pan`5`mn`15`ibp`1`crf`8`sdy`0`h`0`iec`1`dft`5`ime`5`dmc`0`t`10`dn`5`fn`5`msz`32`13`0`imp`0`SWEField`s_5_1_6_0`SWENeedContext`true`SWER`0`SWESP`false`SWEMethod`MoveAppletUp`SWECmd`InvokeMethod`SWEDIC`false`SWEReqRowId`0`SWEView`CUT Home Page View (CME)`SWEC`139`SWEBID`-1`SRN`xK7T2pIB2ZOV15hwlQxQF5reKcoUB8VpMTZr7we8uAEb`SWEApplet`CUT Order Entry - Order List Applet (CME Home)`25`1`c`0`pt`5`sp`s_5_1_5_0`dm`69`w`0`n`63`eb`&lt;img src=&quot;images/btn_aplt_dwn_1.gif&quot; border=&quot;0&quot; space=&quot;0&quot; hspace=&quot;0&quot; alt=&quot;Move down&quot;  title=&quot;Move down&quot; &gt;`pw`0`db`&lt;img src=&quot;images/btn_aplt_dwn_0.gif&quot; border=&quot;0&quot; space=&quot;0&quot; hspace=&quot;0&quot; alt=&quot;Move down&quot;  title=&quot;Move down&quot; &gt;`ph`0`ju`6`sq`7997`pan`5`mn`19`ibp`1`crf`8`sdy`0`h`0`iec`1`dft`5`ime`5`dmc`0`t`10`dn`5`fn`5`msz`32`13`0`imp`0`SWEField`s_5_1_5_0`SWENeedContext`true`SWER`0`SWESP`false`SWEMethod`MoveAppletDown`SWECmd`InvokeMethod`SWEDIC`false`SWEReqRowId`0`SWEView`CUT Home Page View (CME)`SWEC`139`SWEBID`-1`SRN`xK7T2pIB2ZOV15hwlQxQF5reKcoUB8VpMTZr7we8uAEb`SWEApplet`CUT Order Entry - Order List Applet (CME Home)`25`1`c`0`pt`5`sp`s_5_1_7_0`dm`69`w`0`n`61`eb`&lt;img src=&quot;images/btn_aplt_shw_1.gif&quot; border=&quot;0&quot; space=&quot;0&quot; hspace=&quot;0&quot; alt=&quot;Show&quot;  title=&quot;Show&quot; &gt;`pw`0`db`&lt;img src=&quot;images/btn_aplt_shw_0.gif&quot; border=&quot;0&quot; space=&quot;0&quot; hspace=&quot;0&quot; alt=&quot;Show&quot;  title=&quot;Show&quot; &gt;`ph`0`ju`6`sq`7997`pan`5`mn`17`ibp`1`crf`8`sdy`0`h`0`iec`1`dft`5`ime`5`dmc`0`t`10`dn`5`fn`5`msz`32`13`0`imp`0`SWEField`s_5_1_7_0`SWENeedContext`true`SWER`0`SWESP`false`SWEMethod`ShowApplet`SWECmd`InvokeMethod`SWEDIC`false`SWEReqRowId`0`SWEView`CUT Home Page View (CME)`SWEC`139`SWEBID`-1`SRN`xK7T2pIB2ZOV15hwlQxQF5reKcoUB8VpMTZr7we8uAEb`SWEApplet`CUT Order Entry - Order List Applet (CME Home)`25`1`c`0`pt`5`sp`s_5_1_2_0`dm`69`w`0`n`58`eb`&lt;img src=&quot;images/btn_aplt_hide_1.gif&quot; border=&quot;0&quot; space=&quot;0&quot; hspace=&quot;0&quot; alt=&quot;Hide&quot;  title=&quot;Hide&quot; &gt;`pw`0`db`&lt;img src=&quot;images/btn_aplt_hide_0.gif&quot; border=&quot;0&quot; space=&quot;0&quot; hspace=&quot;0&quot; alt=&quot;Hide&quot;  title=&quot;Hide&quot; &gt;`ph`0`ju`6`sq`7997`pan`5`mn`14`ibp`1`crf`8`sdy`0`h`0`iec`1`dft`5`ime`5`dmc`0`t`10`dn`5`fn`5`msz`32`13`0`imp`0`SWEField`s_5_1_2_0`SWENeedContext`true`SWER`0`SWESP`false`SWEMethod`HideApplet`SWECmd`InvokeMethod`SWEDIC`false`SWEReqRowId`0`SWEView`CUT Home Page View (CME)`SWEC`139`SWEBID`-1`SRN`xK7T2pIB2ZOV15hwlQxQF5reKcoUB8VpMTZr7we8uAEb`SWEApplet`CUT Order Entry - Order List Applet (CME Home)`1`0`cfm`0`DeleteRecord`IDS_SWE_DELETE_CONFIRM_WARNING`0`5`col`0`25`0`co`0`pt`5`sp`s_5_2_12_`dm`7`w`217`csq`1`n`158`pw`0`ist`1`ph`0`ju`6`sq`7997`pan`5`ibp`1`crf`8`sdy`0`h`0`iec`1`dft`5`cix`0`ime`5`dmc`0`t`4`dn`159`fn`158`msz`30`25`0`co`0`pt`5`sp`s_5_2_17_`dm`7`w`100`csq`1`n`115`pw`0`ist`1`ph`0`ju`6`sq`7997`pan`5`ibp`1`crf`8`sdy`0`h`0`iec`1`dft`5`cix`1`ime`5`dmc`0`t`4`dn`115`fn`115`msz`30`25`0`co`0`pt`5`sp`s_5_2_15_`dm`7`w`248`csq`1`n`160`pw`0`ist`1`ph`0`ju`6`sq`7997`pan`5`ibp`1`crf`8`sdy`0`h`0`iec`1`dft`5`cix`2`ime`5`dmc`0`t`4`dn`161`fn`160`msz`30`24`0`co`0`pt`5`sp`s_5_2_14_`dm`7`w`236`n`162`pw`0`ist`1`ph`0`ju`6`sq`7997`pan`5`ibp`1`crf`8`sdy`0`h`0`iec`1`dft`5`cix`3`ime`5`dmc`0`t`163`dn`162`fn`162`msz`255`25`0`co`0`pt`5`sp`s_5_2_16_`dm`7`w`100`csq`1`n`164`pw`0`ist`1`ph`0`ju`6`sq`7997`pan`5`ibp`1`crf`8`sdy`0`h`0`iec`1`dft`5`cix`4`ime`5`dmc`0`t`4`dn`164`fn`100`msz`100`1`0`cn`0`Order Number`1*11*11*11*11*1`0`1`nla`0`18`4`ai`3`S_A7`nfi`1`n`Home Page Analytics Applet (WCC Home)`cud`2*641*02*121*03*1711*02*581*02*601*03*1721*02*631*02*621*02*591*02*611*03*1731*03*1741*03*1751*03*1051*03*1681*0`dqy`1`cik`2*201*03*1691*02*141*12*161*03*1701*02*191*02*181*12*151*02*171*02*211*12*221*12*231*12*241*12*251*02*261*12*271*02*281*02*291*02*301*02*311*02*321*02*331*02*341*12*351*12*361*12*371*02*381*02*391*02*401*02*411*02*421*02*431*02*441*02*451*12*461*02*471*12*481*02*491*02*501*02*511*02*521*02*531*02*541*12*551*12*561*02*571*0`pf`VER_1.0_~0|CallCenterHomePageAnalytics|100`rct`10`asq`12`vrn`S_A7`tt`167`inu`1`hmn`1`rsp`false`bnr`0`iem``bci`S_BC6`hlc`3*a_71*11*2`i`7`0`7`cl`0`22`0`c`0`pt`5`sp`s_7_1_1_0`dm`7`w`0`n`12`pw`0`ph`0`ju`6`sq`13997`pan`5`ibp`1`crf`8`sdy`0`h`0`iec`1`dft`5`ime`5`dmc`0`t`4`dn`167`fn`5`msz`32`25`1`c`0`pt`5`sp`s_7_1_7_0`dm`69`w`0`n`62`eb`&lt;img src=&quot;images/btn_aplt_min_1.gif&quot; border=&quot;0&quot; space=&quot;0&quot; hspace=&quot;0&quot; alt=&quot;Collapse&quot;  title=&quot;Collapse&quot; &gt;`pw`0`db`&lt;img src=&quot;images/btn_aplt_min_0.gif&quot; border=&quot;0&quot; space=&quot;0&quot; hspace=&quot;0&quot; alt=&quot;Collapse&quot;  title=&quot;Collapse&quot; &gt;`ph`0`ju`6`sq`13997`pan`5`mn`18`ibp`1`crf`8`sdy`0`h`0`iec`1`dft`5`ime`5`dmc`0`t`10`dn`5`fn`5`msz`32`13`0`imp`0`SWEField`s_7_1_7_0`SWENeedContext`true`SWER`0`SWESP`false`SWEMethod`MinimizeApplet`SWECmd`InvokeMethod`SWEDIC`false`SWEReqRowId`0`SWEView`CUT Home Page View (CME)`SWEC`139`SWEBID`-1`SRN`xK7T2pIB2ZOV15hwlQxQF5reKcoUB8VpMTZr7we8uAEb`SWEApplet`Home Page Analytics Applet (WCC Home)`25`1`c`0`pt`5`sp`s_7_1_4_0`dm`69`w`0`n`60`eb`&lt;img src=&quot;images/btn_aplt_max_1.gif&quot; border=&quot;0&quot; space=&quot;0&quot; hspace=&quot;0&quot; alt=&quot;Expand&quot;  title=&quot;Expand&quot; &gt;`pw`0`db`&lt;img src=&quot;images/btn_aplt_max_0.gif&quot; border=&quot;0&quot; space=&quot;0&quot; hspace=&quot;0&quot; alt=&quot;Expand&quot;  title=&quot;Expand&quot; &gt;`ph`0`ju`6`sq`13997`pan`5`mn`16`ibp`1`crf`8`sdy`0`h`0`iec`1`dft`5`ime`5`dmc`0`t`10`dn`5`fn`5`msz`32`13`0`imp`0`SWEField`s_7_1_4_0`SWENeedContext`true`SWER`0`SWESP`false`SWEMethod`MaximizeApplet`SWECmd`InvokeMethod`SWEDIC`false`SWEReqRowId`0`SWEView`CUT Home Page View (CME)`SWEC`139`SWEBID`-1`SRN`xK7T2pIB2ZOV15hwlQxQF5reKcoUB8VpMTZr7we8uAEb`SWEApplet`Home Page Analytics Applet (WCC Home)`25`1`c`0`pt`5`sp`s_7_1_8_0`dm`69`w`0`n`59`eb`&lt;img src=&quot;images/btn_aplt_up_1.gif&quot; border=&quot;0&quot; space=&quot;0&quot; hspace=&quot;0&quot; alt=&quot;Move up&quot;  title=&quot;Move up&quot; &gt;`pw`0`db`&lt;img src=&quot;images/btn_aplt_up_0.gif&quot; border=&quot;0&quot; space=&quot;0&quot; hspace=&quot;0&quot; alt=&quot;Move up&quot;  title=&quot;Move up&quot; &gt;`ph`0`ju`6`sq`13997`pan`5`mn`15`ibp`1`crf`8`sdy`0`h`0`iec`1`dft`5`ime`5`dmc`0`t`10`dn`5`fn`5`msz`32`13`0`imp`0`SWEField`s_7_1_8_0`SWENeedContext`true`SWER`0`SWESP`false`SWEMethod`MoveAppletUp`SWECmd`InvokeMethod`SWEDIC`false`SWEReqRowId`0`SWEView`CUT Home Page View (CME)`SWEC`139`SWEBID`-1`SRN`xK7T2pIB2ZOV15hwlQxQF5reKcoUB8VpMTZr7we8uAEb`SWEApplet`Home Page Analytics Applet (WCC Home)`25`1`c`0`pt`5`sp`s_7_1_6_0`dm`69`w`0`n`63`eb`&lt;img src=&quot;images/btn_aplt_dwn_1.gif&quot; border=&quot;0&quot; space=&quot;0&quot; hspace=&quot;0&quot; alt=&quot;Move down&quot;  title=&quot;Move down&quot; &gt;`pw`0`db`&lt;img src=&quot;images/btn_aplt_dwn_0.gif&quot; border=&quot;0&quot; space=&quot;0&quot; hspace=&quot;0&quot; alt=&quot;Move down&quot;  title=&quot;Move down&quot; &gt;`ph`0`ju`6`sq`13997`pan`5`mn`19`ibp`1`crf`8`sdy`0`h`0`iec`1`dft`5`ime`5`dmc`0`t`10`dn`5`fn`5`msz`32`13`0`imp`0`SWEField`s_7_1_6_0`SWENeedContext`true`SWER`0`SWESP`false`SWEMethod`MoveAppletDown`SWECmd`InvokeMethod`SWEDIC`false`SWEReqRowId`0`SWEView`CUT Home Page View (CME)`SWEC`139`SWEBID`-1`SRN`xK7T2pIB2ZOV15hwlQxQF5reKcoUB8VpMTZr7we8uAEb`SWEApplet`Home Page Analytics Applet (WCC Home)`25`1`c`0`pt`5`sp`s_7_1_9_0`dm`69`w`0`n`61`eb`&lt;img src=&quot;images/btn_aplt_shw_1.gif&quot; border=&quot;0&quot; space=&quot;0&quot; hspace=&quot;0&quot; alt=&quot;Show&quot;  title=&quot;Show&quot; &gt;`pw`0`db`&lt;img src=&quot;images/btn_aplt_shw_0.gif&quot; border=&quot;0&quot; space=&quot;0&quot; hspace=&quot;0&quot; alt=&quot;Show&quot;  title=&quot;Show&quot; &gt;`ph`0`ju`6`sq`13997`pan`5`mn`17`ibp`1`crf`8`sdy`0`h`0`iec`1`dft`5`ime`5`dmc`0`t`10`dn`5`fn`5`msz`32`13`0`imp`0`SWEField`s_7_1_9_0`SWENeedContext`true`SWER`0`SWESP`false`SWEMethod`ShowApplet`SWECmd`InvokeMethod`SWEDIC`false`SWEReqRowId`0`SWEView`CUT Home Page View (CME)`SWEC`139`SWEBID`-1`SRN`xK7T2pIB2ZOV15hwlQxQF5reKcoUB8VpMTZr7we8uAEb`SWEApplet`Home Page Analytics Applet (WCC Home)`25`1`c`0`pt`5`sp`s_7_1_3_0`dm`69`w`0`n`58`eb`&lt;img src=&quot;images/btn_aplt_hide_1.gif&quot; border=&quot;0&quot; space=&quot;0&quot; hspace=&quot;0&quot; alt=&quot;Hide&quot;  title=&quot;Hide&quot; &gt;`pw`0`db`&lt;img src=&quot;images/btn_aplt_hide_0.gif&quot; border=&quot;0&quot; space=&quot;0&quot; hspace=&quot;0&quot; alt=&quot;Hide&quot;  title=&quot;Hide&quot; &gt;`ph`0`ju`6`sq`13997`pan`5`mn`14`ibp`1`crf`8`sdy`0`h`0`iec`1`dft`5`ime`5`dmc`0`t`10`dn`5`fn`5`msz`32`13`0`imp`0`SWEField`s_7_1_3_0`SWENeedContext`true`SWER`0`SWESP`false`SWEMethod`HideApplet`SWECmd`InvokeMethod`SWEDIC`false`SWEReqRowId`0`SWEView`CUT Home Page View (CME)`SWEC`139`SWEBID`-1`SRN`xK7T2pIB2ZOV15hwlQxQF5reKcoUB8VpMTZr7we8uAEb`SWEApplet`Home Page Analytics Applet (WCC Home)`1`0`cfm`0`DeleteRecord`IDS_SWE_DELETE_CONFIRM_WARNING`0`1`col`0`24`0`co`0`pt`5`sp`s_7_2_14_`dm`7`w`100`csq`1`n`168`pw`0`ph`0`ju`6`sq`13997`pan`5`ibp`1`crf`8`sdy`0`h`0`iec`1`dft`5`cix`0`ime`5`dmc`0`t`4`dn`167`fn`168`msz`255`0`4`pcl`0`2`0`pc`0`allowPC`false`AppletTitle``2`0`pc`0`allowPC`false`NoDataMessage``2`0`pc`0`allowPC`false`QueryField``2`0`pc`0`allowPC`false`SearchFieldLabel``0`1`nla`0`17`3`ai`3`S_A6`nfi`1`n`CUT Activity List Applet (CME Home)`cud`2*641*11*91*12*581*12*601*12*621*12*631*12*591*12*611*12*401*12*391*13*1051*12*121*13*1791*02*911*03*1831*03*1841*03*1191*03*1211*03*1511*03*1151*03*1851*03*1861*03*1771*03*1871*03*1881*02*711*03*1891*03*1901*03*1911*03*1921*03*1931*03*1941*03*1951*03*1961*03*1971*03*1981*03*1991*03*1101*03*1821*03*1131*03*2001*03*2011*03*1411*03*2021*03*2031*03*2041*03*2051*03*1351*03*1341*03*1451*03*1441*03*2061*03*2071*03*2081*03*2091*03*1421*03*1431*03*2101*03*2111*03*2121*03*2131*0`cik`2*201*02*111*12*141*12*161*02*181*12*191*12*151*12*171*02*401*02*391*02*211*02*221*12*231*12*241*12*251*02*261*02*271*02*281*02*291*12*301*02*311*02*321*02*331*02*341*02*351*02*361*12*371*02*381*02*411*02*421*02*431*02*441*12*451*12*461*12*471*02*481*02*491*02*501*02*511*02*521*02*531*02*541*12*551*02*561*12*571*0`pf`VER_1.0_~0|Planned|100~0|Category|100~0|Type|100~0|Status|100~0|Description|100~0|Account Name|100`rct`6`asq`5`vrn`S_A6`tt`176`inu`0`hmn`1`rsp`false`bnr`0`iem``bci`S_BC5`hlc`3*a_61*11*2`i`6`0`8`cl`0`25`1`c`0`pt`5`sp`s_6_1_9_0`dm`7`w`0`n`39`eb`&lt;img src=&quot;images/rcnv_prvset_1.gif&quot; border=&quot;0&quot; space=&quot;0&quot; hspace=&quot;0&quot; alt=&quot;Previous record set&quot;  title=&quot;Previous record set&quot; &gt;`pw`0`db`&lt;img src=&quot;images/rcnv_prvset_0.gif&quot; border=&quot;0&quot; space=&quot;0&quot; hspace=&quot;0&quot; alt=&quot;Previous record set&quot;  title=&quot;Previous record set&quot; &gt;`ph`0`ju`6`sq`6997`pan`5`mn`39`ibp`1`crf`8`sdy`0`h`0`iec`1`dft`5`ime`5`dmc`0`t`67`dn`5`fn`5`msz`32`13`0`imp`0`SWEField`s_6_1_9_0`SWENeedContext`true`SWER`65535`SWESP`false`SWEMethod`GotoPreviousSet`SWECmd`InvokeMethod`SWEDIC`false`SWEReqRowId`0`SWEView`CUT Home Page View (CME)`SWEC`139`SWEBID`-1`SRN`xK7T2pIB2ZOV15hwlQxQF5reKcoUB8VpMTZr7we8uAEb`SWEApplet`CUT Activity List Applet (CME Home)`25`1`c`0`pt`5`sp`s_6_1_8_0`dm`7`w`0`n`40`eb`&lt;img src=&quot;images/rcnv_nxtset_1.gif&quot; border=&quot;0&quot; space=&quot;0&quot; hspace=&quot;0&quot; alt=&quot;Next record set&quot;  title=&quot;Next record set&quot; &gt;`pw`0`db`&lt;img src=&quot;images/rcnv_nxtset_0.gif&quot; border=&quot;0&quot; space=&quot;0&quot; hspace=&quot;0&quot; alt=&quot;Next record set&quot;  title=&quot;Next record set&quot; &gt;`ph`0`ju`6`sq`6997`pan`5`mn`40`ibp`1`crf`8`sdy`0`h`0`iec`1`dft`5`ime`5`dmc`0`t`67`dn`5`fn`5`msz`32`13`0`imp`0`SWEField`s_6_1_8_0`SWENeedContext`true`SWER`65535`SWESP`false`SWEMethod`GotoNextSet`SWECmd`InvokeMethod`SWEDIC`false`SWEReqRowId`0`SWEView`CUT Home Page View (CME)`SWEC`139`SWEBID`-1`SRN`xK7T2pIB2ZOV15hwlQxQF5reKcoUB8VpMTZr7we8uAEb`SWEApplet`CUT Activity List Applet (CME Home)`23`1`c`0`pt`5`sp`s_6_1_11_0`dm`5`w`0`n`12`pw`0`ph`0`ju`6`sq`6997`pan`5`mn`11`ibp`1`crf`8`sdy`0`h`0`iec`1`dft`5`ime`5`dmc`0`t`10`dn`176`fn`5`msz`32`15`0`imp`0`SWEField`s_6_1_11_0`SWENeedContext`true`SWER`65535`SWESP`false`SWEMethod`GotoView`SWECmd`GotoView`SWETargetView`Activity List View`SWEDIC`false`SWEReqRowId`0`SWEView`Activity List View`SWEC`139`SWEBID`-1`SRN`xK7T2pIB2ZOV15hwlQxQF5reKcoUB8VpMTZr7we8uAEb`SWEKeepContext`0`SWEApplet`CUT Activity List Applet (CME Home)`25`1`c`0`pt`5`sp`s_6_1_4_0`dm`69`w`0`n`62`eb`&lt;img src=&quot;images/btn_aplt_min_1.gif&quot; border=&quot;0&quot; space=&quot;0&quot; hspace=&quot;0&quot; alt=&quot;Collapse&quot;  title=&quot;Collapse&quot; &gt;`pw`0`db`&lt;img src=&quot;images/btn_aplt_min_0.gif&quot; border=&quot;0&quot; space=&quot;0&quot; hspace=&quot;0&quot; alt=&quot;Collapse&quot;  title=&quot;Collapse&quot; &gt;`ph`0`ju`6`sq`6997`pan`5`mn`18`ibp`1`crf`8`sdy`0`h`0`iec`1`dft`5`ime`5`dmc`0`t`10`dn`5`fn`5`msz`32`13`0`imp`0`SWEField`s_6_1_4_0`SWENeedContext`true`SWER`65535`SWESP`false`SWEMethod`MinimizeApplet`SWECmd`InvokeMethod`SWEDIC`false`SWEReqRowId`0`SWEView`CUT Home Page View (CME)`SWEC`139`SWEBID`-1`SRN`xK7T2pIB2ZOV15hwlQxQF5reKcoUB8VpMTZr7we8uAEb`SWEApplet`CUT Activity List Applet (CME Home)`25`1`c`0`pt`5`sp`s_6_1_3_0`dm`69`w`0`n`60`eb`&lt;img src=&quot;images/btn_aplt_max_1.gif&quot; border=&quot;0&quot; space=&quot;0&quot; hspace=&quot;0&quot; alt=&quot;Expand&quot;  title=&quot;Expand&quot; &gt;`pw`0`db`&lt;img src=&quot;images/btn_aplt_max_0.gif&quot; border=&quot;0&quot; space=&quot;0&quot; hspace=&quot;0&quot; alt=&quot;Expand&quot;  title=&quot;Expand&quot; &gt;`ph`0`ju`6`sq`6997`pan`5`mn`16`ibp`1`crf`8`sdy`0`h`0`iec`1`dft`5`ime`5`dmc`0`t`10`dn`5`fn`5`msz`32`13`0`imp`0`SWEField`s_6_1_3_0`SWENeedContext`true`SWER`65535`SWESP`false`SWEMethod`MaximizeApplet`SWECmd`InvokeMethod`SWEDIC`false`SWEReqRowId`0`SWEView`CUT Home Page View (CME)`SWEC`139`SWEBID`-1`SRN`xK7T2pIB2ZOV15hwlQxQF5reKcoUB8VpMTZr7we8uAEb`SWEApplet`CUT Activity List Applet (CME Home)`25`1`c`0`pt`5`sp`s_6_1_6_0`dm`69`w`0`n`59`eb`&lt;img src=&quot;images/btn_aplt_up_1.gif&quot; border=&quot;0&quot; space=&quot;0&quot; hspace=&quot;0&quot; alt=&quot;Move up&quot;  title=&quot;Move up&quot; &gt;`pw`0`db`&lt;img src=&quot;images/btn_aplt_up_0.gif&quot; border=&quot;0&quot; space=&quot;0&quot; hspace=&quot;0&quot; alt=&quot;Move up&quot;  title=&quot;Move up&quot; &gt;`ph`0`ju`6`sq`6997`pan`5`mn`15`ibp`1`crf`8`sdy`0`h`0`iec`1`dft`5`ime`5`dmc`0`t`10`dn`5`fn`5`msz`32`13`0`imp`0`SWEField`s_6_1_6_0`SWENeedContext`true`SWER`65535`SWESP`false`SWEMethod`MoveAppletUp`SWECmd`InvokeMethod`SWEDIC`false`SWEReqRowId`0`SWEView`CUT Home Page View (CME)`SWEC`139`SWEBID`-1`SRN`xK7T2pIB2ZOV15hwlQxQF5reKcoUB8VpMTZr7we8uAEb`SWEApplet`CUT Activity List Applet (CME Home)`25`1`c`0`pt`5`sp`s_6_1_5_0`dm`69`w`0`n`63`eb`&lt;img src=&quot;images/btn_aplt_dwn_1.gif&quot; border=&quot;0&quot; space=&quot;0&quot; hspace=&quot;0&quot; alt=&quot;Move down&quot;  title=&quot;Move down&quot; &gt;`pw`0`db`&lt;img src=&quot;images/btn_aplt_dwn_0.gif&quot; border=&quot;0&quot; space=&quot;0&quot; hspace=&quot;0&quot; alt=&quot;Move down&quot;  title=&quot;Move down&quot; &gt;`ph`0`ju`6`sq`6997`pan`5`mn`19`ibp`1`crf`8`sdy`0`h`0`iec`1`dft`5`ime`5`dmc`0`t`10`dn`5`fn`5`msz`32`13`0`imp`0`SWEField`s_6_1_5_0`SWENeedContext`true`SWER`65535`SWESP`false`SWEMethod`MoveAppletDown`SWECmd`InvokeMethod`SWEDIC`false`SWEReqRowId`0`SWEView`CUT Home Page View (CME)`SWEC`139`SWEBID`-1`SRN`xK7T2pIB2ZOV15hwlQxQF5reKcoUB8VpMTZr7we8uAEb`SWEApplet`CUT Activity List Applet (CME Home)`25`1`c`0`pt`5`sp`s_6_1_7_0`dm`69`w`0`n`61`eb`&lt;img src=&quot;images/btn_aplt_shw_1.gif&quot; border=&quot;0&quot; space=&quot;0&quot; hspace=&quot;0&quot; alt=&quot;Show&quot;  title=&quot;Show&quot; &gt;`pw`0`db`&lt;img src=&quot;images/btn_aplt_shw_0.gif&quot; border=&quot;0&quot; space=&quot;0&quot; hspace=&quot;0&quot; alt=&quot;Show&quot;  title=&quot;Show&quot; &gt;`ph`0`ju`6`sq`6997`pan`5`mn`17`ibp`1`crf`8`sdy`0`h`0`iec`1`dft`5`ime`5`dmc`0`t`10`dn`5`fn`5`msz`32`13`0`imp`0`SWEField`s_6_1_7_0`SWENeedContext`true`SWER`65535`SWESP`false`SWEMethod`ShowApplet`SWECmd`InvokeMethod`SWEDIC`false`SWEReqRowId`0`SWEView`CUT Home Page View (CME)`SWEC`139`SWEBID`-1`SRN`xK7T2pIB2ZOV15hwlQxQF5reKcoUB8VpMTZr7we8uAEb`SWEApplet`CUT Activity List Applet (CME Home)`1`0`cfm`0`DeleteRecord`IDS_SWE_DELETE_CONFIRM_WARNING`0`6`col`0`24`0`co`0`pt`5`sp`s_6_2_22_`dm`5`w`100`n`177`pw`0`ist`1`ph`0`ju`6`sq`6997`pan`5`ibp`1`crf`8`sdy`0`h`0`iec`1`dft`5`cix`0`ime`5`dmc`0`t`163`dn`178`fn`177`msz`255`25`0`co`0`pt`5`sp`s_6_2_12_`dm`7`w`100`csq`1`n`179`pw`0`ist`1`ph`0`ju`6`sq`6997`pan`5`ibp`1`crf`8`sdy`0`h`0`iec`1`dft`5`cix`1`ime`5`dmc`0`t`4`dn`126`fn`179`msz`30`25`0`co`0`pt`5`sp`s_6_2_16_`dm`5`w`100`csq`1`n`119`pw`0`ist`1`ph`0`ju`6`sq`6997`pan`180`ibp`1`crf`8`sdy`0`h`0`iec`1`dft`5`cix`2`ime`5`dmc`0`t`116`dn`119`fn`119`msz`30`27`0`co`0`pt`5`sp`s_6_2_19_`dm`5`w`100`csq`1`n`115`pw`300`pat`Pick`ist`1`ph`100`ju`6`sq`6997`ied`1`pan`181`ibp`1`crf`8`sdy`0`h`0`iec`1`dft`5`cix`3`ime`5`dmc`0`t`116`dn`115`fn`115`msz`30`25`0`co`0`pt`5`sp`s_6_2_17_`dm`5`w`100`csq`1`n`121`pw`0`ist`1`ph`0`ju`6`sq`6997`pan`5`ibp`1`crf`8`sdy`0`h`0`iec`1`dft`5`cix`4`ime`5`dmc`0`t`4`dn`121`fn`121`msz`250`27`0`co`0`pt`5`sp`s_6_2_38_`dm`5`w`100`csq`1`n`182`pw`300`pat`Pick`ist`1`ph`100`ju`6`sq`6997`ied`1`pan`5`ibp`1`crf`8`sdy`0`h`0`iec`1`dft`5`cix`5`ime`5`dmc`0`t`4`dn`100`fn`182`msz`100`1`0`aa`0`n`Layout Controls Applet`0`6`nci`0`1`0`SI`0`SX`0`1`10`PI`0`SX`0`1`0`II`0`CP`Default`1`0`II`0`CP`Flagged`1`0`II`0`CP`Forecasted`1`0`II`0`CP`High Probability`1`0`II`0`CP`High Quality`1`0`II`0`CP`High Value`1`0`II`0`CP`Home Page View PDQ`1`0`II`0`CP`New`1`0`II`0`CP`Opties scheduled to be closed in 7 days`1`0`II`0`CP`Pending`0`0`VI`0`0`0`AI`0`0`0`DI`0`0`0`SDI`0`2`0`hui`0`n`Siebel Web Call Center Home`hnact`top._swe._sweapp.S_App.GotoView(&amp;quot;CUT Home Page View (CME\)&amp;quot;, &amp;quot;&amp;quot;, &amp;quot;/ecommunications_enu_nsm_aps05524a027/start.swe?SWENeedContext=false&amp;amp;SWECmd=GotoBookmarkView&amp;amp;SWEBMC=139&amp;amp;SWEC=139&amp;amp;SRN=xK7T2pIB2ZOV15hwlQxQF5reKcoUB8VpMTZr7we8uAEb&amp;quot;, top._sweclient._swecontent._sweview)`1`6`Command Manager`0`RefreshToolbar`true`7`0`StateToolBar`0`#35`true`#36`true`#17`true`#34`true`#8`false`#37`true`#38`true`0`1`StateExToolBar`0`1`0`#35`0`Checked`false`0`3`FlagsToolBar`0`3`0`#8`0`SWESP`true`SWEH`0`SWEW`0`3`0`#34`0`SWESP`true`SWEH`600`SWEW`800`3`0`#36`0`SWESP`true`SWEH`20`SWEW`380`3`0`State`0`#27`false`#26`false`#28`false`0`3`StateEx`0`0`0`#26`0`0`0`#27`0`1`0`#28`0`Checked`false`0`0`Flags`0`</responseData>
  <responseFile class="java.lang.String"></responseFile>
  <cookies class="java.lang.String">_sn=GXmoeGkdwh1O45lrH7mMIZnLMWvqHkVWiQKqDOICOq1fi95anXYMaCRAX879ujDRD9kS4J75N4kGDX576Q2AKmwZPUBih-4NS80Pc1189OxasEbdAsHiEtIhcnCzZ0zWb5V6QpVraL0TTGU4ktkGZq374g8C0pUBRhKVASKeW21TgUW5eIkswq97I-.qG-kr; _srn=_srn; SWEUAID=SWEUAID</cookies>
  <method class="java.lang.String">POST</method>
  <queryString class="java.lang.String">SWEC=138&amp;SWERPC=1&amp;SWEActiveApplet=BT+Order+Entry+-+Order+Form+Applet+Dashboard+%28Sales%29&amp;SWECmd=GotoPageTab&amp;SRN=xK7T2pIB2ZOV15hwlQxQF5reKcoUB8VpMTZr7we8uAEb&amp;SWEScreen=CUT+Home+Screen&amp;SWEActiveView=Order+Entry+-+Line+Items+Detail+View+%28Sales%29</queryString>
  <java.net.URL>http://localhost:8080/ecommunications_enu_nsm_aps05524a027/start.swe</java.net.URL>
</httpSample>
<httpSample t="{{\d+}}" it="0" lt="{{\d+}}" ct="{{\d+}}" ts="{{\d+}}" s="true" lb="{{\d+}} /ecommunications_enu_nsm_aps05524a027/start.swe" rc="200" rm="OK" tn="Thread Group 1-1" dt="text" de="utf-8" by="2886" sby="1174" sc="1" ec="0" ng="1" na="1" hn="{{.*?}}">
  <responseHeader class="java.lang.String">HTTP/1.1 200 OK
Connection: close
Server: Oracle-iPlanet-Web-Server/7.0
Date: Tue, 23 Jun 2020 12:48:55 GMT
Content-Language: en
Cache-Control: no-cache, must-revalidate, max-age=0
Pragma: no-cache
Content-Type: text/html;charset=utf-8
Matched-Stub-Id: {{\w+-\w+-\w+-\w+-\w+}}
Vary: Accept-Encoding, User-Agent
Content-Encoding: gzip
</responseHeader>
  <requestHeader class="java.lang.String">Connection: close
Referer: http://localhost:8080/ecommunications_enu_nsm_aps05524a027/start.swe?SWENeedContext=false&amp;SWECmd=GetCachedFrame&amp;SWEACn=23534&amp;SWEC=3&amp;SWEFrame=top._sweclient._swecontent._sweview&amp;SWEBID=-1&amp;SRN=xK7T2pIB2ZOV15hwlQxQF5reKcoUB8VpMTZr7we8uAEb&amp;SWETS=
Accept-Language: en-GB
DNT: 1
Accept-Encoding: gzip, deflate
Accept: image/jpeg, application/x-ms-application, image/gif, application/xaml+xml, image/pjpeg, application/x-ms-xbap, */*
User-Agent: Mozilla/4.0 (compatible; MSIE 7.0; Windows NT 6.3; WOW64; Trident/7.0; .NET4.0E; .NET4.0C; .NET CLR 3.5.30729; .NET CLR 2.0.50727; .NET CLR 3.0.30729)
Host: localhost:8080
</requestHeader>
  <responseData class="java.lang.String">&lt;HTML &gt;&lt;head&gt;&lt;meta HTTP-EQUIV=&quot;Pragma&quot; CONTENT=&quot;no-cache&quot;&gt;
&lt;title&gt;Siebel Web Call Center Home&lt;/title&gt;&lt;link href=&quot;files/main.css&quot; rel=&quot;stylesheet&quot;/&gt;
&lt;script language=&quot;javascript&quot; src=&quot;23048/scripts/swecommon.js&quot;&gt;&lt;/script&gt; 
&lt;script language=&quot;javascript&quot; src=&quot;23048/scripts/swecmn_hi.js&quot;&gt;&lt;/script&gt; 
&lt;/head&gt;&lt;body leftmargin=&quot;8&quot; topmargin=&quot;2&quot; marginwidth=&quot;20&quot; marginheight=&quot;2&quot; class=&quot;ScreenBack&quot;&gt;&lt;script&gt;
if(typeof(top._swescript)!=&apos;undefined&apos;&amp;&amp;top._swescript!=null) top._swescript.InitFrame(this);&lt;/script&gt;
&lt;table datatable=&quot;0&quot; summary=&quot;&quot; border=&quot;0&quot; cellspacing=&quot;0&quot; cellpadding=&quot;1&quot; width=&quot;100%&quot;&gt;&lt;tr&gt;&lt;td align=&quot;right&quot; width=&quot;50%&quot;&gt;&lt;a name=&quot;SWEApplet2&quot; id=&quot;SWEApplet2&quot; href=&quot;#SWEApplet2&quot; title=&quot;Edit Layout&quot;&gt;&lt;/a&gt;
&lt;div id=&apos;s_S_A2_div&apos;oncontextmenu=&apos;HandleContextMenu(&quot;Layout Controls Applet&quot;)&apos; onclick=&apos;HandleAppletClick(&quot;Layout Controls Applet&quot;)&apos;&gt;
&lt;a id=&quot;SWETopHidden2&quot; href=&quot;javascript:void(0);&quot; tabindex=&quot;1000&quot;&gt;&lt;/a&gt;&lt;table datatable=&quot;0&quot; summary=&quot;&quot; height=&quot;16&quot; valign=&quot;top&quot; width=&quot;100%&quot; cellpadding=&quot;0&quot; cellspacing=&quot;0&quot; border=&quot;0&quot;&gt;&lt;tr&gt;&lt;td align=right&gt;&lt;Table datatable=&quot;0&quot; summary=&quot;&quot; cellpadding=2 cellspacing=0&gt;&lt;tr&gt;&lt;td class=&quot;AppletButtons&quot; nowrap&gt;&lt;span id=s_2_1_5_0&gt;&amp;nbsp;&lt;/span&gt;&lt;/td&gt;&lt;/tr&gt;&lt;/table&gt;&lt;/td&gt;&lt;/tr&gt;&lt;/table&gt;&lt;a id=&quot;SWEBottomHidden2&quot; href=&quot;javascript:void(0);&quot; tabindex=&quot;1999&quot; onfocus=&quot;document.getElementById(&apos;SWETopHidden2&apos;).focus();&quot;&gt;&lt;/a&gt;&lt;/div&gt;&lt;/td&gt;&lt;/tr&gt;&lt;/table&gt;&lt;table datatable=&quot;0&quot; summary=&quot;&quot; width=&quot;100%&quot; cellpadding=&quot;5&quot; cellspacing=&quot;0&quot; border=&quot;0&quot;&gt;&lt;tr&gt;&lt;td valign=&quot;top&quot; width=&quot;66%&quot;&gt;&lt;a name=&quot;SWEApplet1&quot; id=&quot;SWEApplet1&quot; href=&quot;#SWEApplet1&quot; title=&quot;Salutation&quot;&gt;&lt;/a&gt;
&lt;div id=&apos;s_S_A1_div&apos;oncontextmenu=&apos;HandleContextMenu(&quot;Salutation Applet (WCC Home\)&quot;)&apos; onclick=&apos;HandleAppletClick(&quot;Salutation Applet (WCC Home\)&quot;)&apos;&gt;
&lt;span class=&quot;AppletStyleParent77&quot;&gt;&lt;form name=&quot;SWEForm1_0&quot; method=&quot;post&quot; action=&quot;/ecommunications_enu_nsm_aps05524a027/start.swe&quot; &gt;
&lt;table datatable=&quot;0&quot; summary=&quot;&quot; valign=&quot;top&quot; width=&quot;100%&quot; cellpadding=&quot;0&quot; cellspacing=&quot;0&quot; border=&quot;0&quot; &gt;&lt;tr&gt;&lt;td class=&quot;pad4&quot;&gt;&lt;span class=&quot;AppHomePageTitle&quot;&gt;My Homepage&lt;/span&gt;&lt;/td&gt;&lt;td class=&quot;pad4&quot;&gt;&lt;span class=&quot;AppHomePageSaluation&quot;&gt;&lt;div class=&apos;Welcome&apos;&gt;&lt;b&gt;Welcome Back FIRSTNAME 5000_BB_CCP_LASTNAME_EMP_EIM.&amp;nbsp;&amp;nbsp;Today is 23 June 2020.&lt;/b&gt;&lt;/div&gt;&lt;/span&gt;&lt;/td&gt;&lt;/tr&gt;&lt;/table&gt;&lt;span id=&apos;s_0&apos;&gt;&lt;/span&gt;&lt;/form&gt;
&lt;/span&gt;&lt;a id=&quot;SWEEndAppletStartAnchor_1&quot; href=&quot;javascript:void(0);&quot; tabindex=&quot;3999&quot;&gt;&lt;/a&gt;&lt;a id=&quot;SWEEndAppletEndAnchor_1&quot; href=&quot;javascript:void(0);&quot; tabindex=&quot;3999&quot; onfocus=&quot;document.getElementById(&apos;SWEEndAppletStartAnchor_1&apos;).focus();&quot;&gt;&lt;/a&gt;&lt;/div&gt;&lt;a name=&quot;SWEApplet4&quot; id=&quot;SWEApplet4&quot; href=&quot;#SWEApplet4&quot; title=&quot;My Service Requests&quot;&gt;&lt;/a&gt;
&lt;div id=&apos;s_S_A4_div&apos;oncontextmenu=&apos;HandleContextMenu(&quot;CUT Service Request List Applet (CME Home\)&quot;)&apos; onclick=&apos;HandleAppletClick(&quot;CUT Service Request List Applet (CME Home\)&quot;)&apos;&gt;
&lt;a id=&quot;SWETopHidden4&quot; href=&quot;javascript:void(0);&quot; tabindex=&quot;4000&quot;&gt;&lt;/a&gt;&lt;table datatable=&quot;0&quot; summary=&quot;&quot; width=&quot;100%&quot; align=&quot;center&quot; cellpadding=&quot;0&quot; cellspacing=&quot;0&quot; border=&quot;0&quot;&gt;&lt;tr valign=&quot;top&quot;&gt;&lt;td&gt;&lt;img src=&quot;images/spacer.gif&quot; width=&quot;1&quot; height=&quot;8&quot; alt=&quot;&quot;&gt;&lt;/td&gt;&lt;/tr&gt;&lt;/table&gt;&lt;span class=&quot;AppletStyle8&quot;&gt;&lt;form name=&quot;SWEForm4_0&quot; method=&quot;post&quot; action=&quot;/ecommunications_enu_nsm_aps05524a027/start.swe&quot; &gt;
&lt;div class=&quot;NotSelected&quot; id=&quot;a_4&quot;&gt;&lt;table datatable=&quot;0&quot; summary=&quot;&quot; width=&quot;100%&quot; cellspacing=&quot;0&quot; cellpadding=&quot;0&quot; border=&quot;0&quot; align=&quot;center&quot;&gt;&lt;tr class=&quot;AppletButtons&quot;&gt;&lt;td valign=&quot;bottom&quot;&gt;&lt;/td&gt;&lt;td valign=&quot;bottom&quot; width=&quot;100%&quot;&gt;&lt;table datatable=&quot;0&quot; summary=&quot;&quot; cellspacing=&quot;0&quot; cellpadding=&quot;3&quot; border=&quot;0&quot;&gt;&lt;tr&gt;&lt;td class=&quot;AppletTitle&quot;&gt;My Service Requests&lt;/td&gt;&lt;/tr&gt;&lt;/table&gt;&lt;/td&gt;&lt;td align=&quot;right&quot; valign=&quot;bottom&quot;&gt;&lt;table datatable=&quot;0&quot; summary=&quot;&quot; cellspacing=&quot;0&quot; cellpadding=&quot;3&quot; border=&quot;0&quot;&gt;&lt;tr&gt;&lt;td&gt;&lt;table datatable=&quot;0&quot; summary=&quot;&quot; cellspacing=&quot;0&quot; cellpadding=&quot;2&quot; border=&quot;0&quot;&gt;&lt;tr class=&quot;AppletButtons&quot;&gt;&lt;td&gt;&lt;span id=s_4_1_4_0&gt;&amp;nbsp;&lt;/span&gt;&lt;/td&gt;&lt;td&gt;&lt;span id=s_4_1_2_0&gt;&amp;nbsp;&lt;/span&gt;&lt;/td&gt;&lt;/tr&gt;&lt;/table&gt;&lt;/td&gt;&lt;/tr&gt;&lt;/table&gt;&lt;/td&gt;&lt;/tr&gt;&lt;/table&gt;&lt;table datatable=&quot;0&quot; summary=&quot;&quot; width=&quot;100%&quot; cellpadding=&quot;0&quot; cellspacing=&quot;0&quot; border=&quot;0&quot;&gt;&lt;tr&gt;&lt;td class=&quot;AppletHIFormBorder&quot;&gt;&lt;span id=4_c_err style=&quot;display: none;&quot;&gt;&lt;table datatable=&quot;0&quot; summary=&quot;&quot; class=&quot;AppletBack&quot; width=&quot;100%&quot; cellpadding=&quot;4&quot; cellspacing=&quot;0&quot; border=&quot;0&quot;&gt;&lt;tr&gt;&lt;td class=&quot;error&quot;&gt;&lt;br&gt;&amp;nbsp;&lt;/td&gt;&lt;/tr&gt;&lt;/table&gt;&lt;/span&gt;&lt;span class=&quot;AppletBottom&quot;&gt;&lt;table datatable=&quot;0&quot; summary=&quot;&quot; width=&quot;100%&quot; cellspacing=&quot;0&quot; cellpadding=&quot;0&quot; border=&quot;0&quot;  align=&quot;center&quot;&gt;&lt;tr class=&quot;AppletButtons&quot;&gt;&lt;td class=&quot;AppletButtons&quot; align=&quot;right&quot;&gt;&lt;img src=&quot;images/spacer.gif&quot; width=&quot;6&quot; height=&quot;2&quot; alt=&quot;&quot;&gt;&lt;/td&gt;&lt;/tr&gt;&lt;/table&gt;&lt;/span&gt;&lt;/td&gt;&lt;/tr&gt;&lt;/table&gt;&lt;/div&gt;&lt;/form&gt;
&lt;/span&gt;&lt;a id=&quot;SWEBottomHidden4&quot; href=&quot;javascript:void(0);&quot; tabindex=&quot;4999&quot; onfocus=&quot;document.getElementById(&apos;SWETopHidden4&apos;).focus();&quot;&gt;&lt;/a&gt;&lt;/div&gt;&lt;a name=&quot;SWEApplet3&quot; id=&quot;SWEApplet3&quot; href=&quot;#SWEApplet3&quot; title=&quot;My New Opportunities&quot;&gt;&lt;/a&gt;
&lt;div id=&apos;s_S_A3_div&apos;oncontextmenu=&apos;HandleContextMenu(&quot;CUT Opportunity List Applet (CME Home\)&quot;)&apos; onclick=&apos;HandleAppletClick(&quot;CUT Opportunity List Applet (CME Home\)&quot;)&apos;&gt;
&lt;a id=&quot;SWETopHidden3&quot; href=&quot;javascript:void(0);&quot; tabindex=&quot;5000&quot;&gt;&lt;/a&gt;&lt;table datatable=&quot;0&quot; summary=&quot;&quot; width=&quot;100%&quot; align=&quot;center&quot; cellpadding=&quot;0&quot; cellspacing=&quot;0&quot; border=&quot;0&quot;&gt;&lt;tr valign=&quot;top&quot;&gt;&lt;td&gt;&lt;img src=&quot;images/spacer.gif&quot; width=&quot;1&quot; height=&quot;8&quot; alt=&quot;&quot;&gt;&lt;/td&gt;&lt;/tr&gt;&lt;/table&gt;&lt;span class=&quot;AppletStyle8&quot;&gt;&lt;form name=&quot;SWEForm3_0&quot; method=&quot;post&quot; action=&quot;/ecommunications_enu_nsm_aps05524a027/start.swe&quot; &gt;
&lt;div class=&quot;NotSelected&quot; id=&quot;a_3&quot;&gt;&lt;table datatable=&quot;0&quot; summary=&quot;&quot; width=&quot;100%&quot; cellspacing=&quot;0&quot; cellpadding=&quot;0&quot; border=&quot;0&quot; align=&quot;center&quot;&gt;&lt;tr class=&quot;AppletButtons&quot;&gt;&lt;td valign=&quot;bottom&quot;&gt;&lt;/td&gt;&lt;td valign=&quot;bottom&quot; width=&quot;100%&quot;&gt;&lt;table datatable=&quot;0&quot; summary=&quot;&quot; cellspacing=&quot;0&quot; cellpadding=&quot;3&quot; border=&quot;0&quot;&gt;&lt;tr&gt;&lt;td class=&quot;AppletTitle&quot;&gt;My Opportunities&lt;/td&gt;&lt;/tr&gt;&lt;/table&gt;&lt;/td&gt;&lt;td align=&quot;right&quot; valign=&quot;bottom&quot;&gt;&lt;table datatable=&quot;0&quot; summary=&quot;&quot; cellspacing=&quot;0&quot; cellpadding=&quot;3&quot; border=&quot;0&quot;&gt;&lt;tr&gt;&lt;td&gt;&lt;table datatable=&quot;0&quot; summary=&quot;&quot; cellspacing=&quot;0&quot; cellpadding=&quot;2&quot; border=&quot;0&quot;&gt;&lt;tr class=&quot;AppletButtons&quot;&gt;&lt;td&gt;&lt;span id=s_3_1_4_0&gt;&amp;nbsp;&lt;/span&gt;&lt;/td&gt;&lt;td&gt;&lt;span id=s_3_1_2_0&gt;&amp;nbsp;&lt;/span&gt;&lt;/td&gt;&lt;/tr&gt;&lt;/table&gt;&lt;/td&gt;&lt;/tr&gt;&lt;/table&gt;&lt;/td&gt;&lt;/tr&gt;&lt;/table&gt;&lt;table datatable=&quot;0&quot; summary=&quot;&quot; width=&quot;100%&quot; cellpadding=&quot;0&quot; cellspacing=&quot;0&quot; border=&quot;0&quot;&gt;&lt;tr&gt;&lt;td class=&quot;AppletHIFormBorder&quot;&gt;&lt;span id=3_c_err style=&quot;display: none;&quot;&gt;&lt;table datatable=&quot;0&quot; summary=&quot;&quot; class=&quot;AppletBack&quot; width=&quot;100%&quot; cellpadding=&quot;4&quot; cellspacing=&quot;0&quot; border=&quot;0&quot;&gt;&lt;tr&gt;&lt;td class=&quot;error&quot;&gt;&lt;br&gt;&amp;nbsp;&lt;/td&gt;&lt;/tr&gt;&lt;/table&gt;&lt;/span&gt;&lt;span class=&quot;AppletBottom&quot;&gt;&lt;table datatable=&quot;0&quot; summary=&quot;&quot; width=&quot;100%&quot; cellspacing=&quot;0&quot; cellpadding=&quot;0&quot; border=&quot;0&quot;  align=&quot;center&quot;&gt;&lt;tr class=&quot;AppletButtons&quot;&gt;&lt;td class=&quot;AppletButtons&quot; align=&quot;right&quot;&gt;&lt;img src=&quot;images/spacer.gif&quot; width=&quot;6&quot; height=&quot;2&quot; alt=&quot;&quot;&gt;&lt;/td&gt;&lt;/tr&gt;&lt;/table&gt;&lt;/span&gt;&lt;/td&gt;&lt;/tr&gt;&lt;/table&gt;&lt;/div&gt;&lt;/form&gt;
&lt;/span&gt;&lt;a id=&quot;SWEBottomHidden3&quot; href=&quot;javascript:void(0);&quot; tabindex=&quot;5999&quot; onfocus=&quot;document.getElementById(&apos;SWETopHidden3&apos;).focus();&quot;&gt;&lt;/a&gt;&lt;/div&gt;&lt;a name=&quot;SWEApplet6&quot; id=&quot;SWEApplet6&quot; href=&quot;#SWEApplet6&quot; title=&quot;My Activities&quot;&gt;&lt;/a&gt;
&lt;div id=&apos;s_S_A6_div&apos;oncontextmenu=&apos;HandleContextMenu(&quot;CUT Activity List Applet (CME Home\)&quot;)&apos; onclick=&apos;HandleAppletClick(&quot;CUT Activity List Applet (CME Home\)&quot;)&apos;&gt;
&lt;a id=&quot;SWETopHidden6&quot; href=&quot;javascript:void(0);&quot; tabindex=&quot;6000&quot;&gt;&lt;/a&gt;&lt;table datatable=&quot;0&quot; summary=&quot;&quot; width=&quot;100%&quot; align=&quot;center&quot; cellpadding=&quot;0&quot; cellspacing=&quot;0&quot; border=&quot;0&quot;&gt;&lt;tr valign=&quot;top&quot;&gt;&lt;td&gt;&lt;img src=&quot;images/spacer.gif&quot; width=&quot;1&quot; height=&quot;8&quot; alt=&quot;&quot;&gt;&lt;/td&gt;&lt;/tr&gt;&lt;/table&gt;&lt;span class=&quot;AppletStyle8&quot;&gt;&lt;form name=&quot;SWEForm6_0&quot; method=&quot;post&quot; action=&quot;/ecommunications_enu_nsm_aps05524a027/start.swe&quot; &gt;
&lt;div class=&quot;NotSelected&quot; id=&quot;a_6&quot;&gt;&lt;table datatable=&quot;0&quot; summary=&quot;&quot; width=&quot;100%&quot; cellspacing=&quot;0&quot; cellpadding=&quot;0&quot; border=&quot;0&quot; align=&quot;center&quot;&gt;&lt;tr class=&quot;AppletButtons&quot;&gt;&lt;td valign=&quot;bottom&quot;&gt;&lt;/td&gt;&lt;td valign=&quot;bottom&quot; width=&quot;100%&quot;&gt;&lt;table datatable=&quot;0&quot; summary=&quot;&quot; cellspacing=&quot;0&quot; cellpadding=&quot;3&quot; border=&quot;0&quot;&gt;&lt;tr&gt;&lt;td class=&quot;AppletTitle&quot;&gt;&lt;span id=s_6_1_11_0&gt;&amp;nbsp;&lt;/span&gt;&lt;/td&gt;&lt;/tr&gt;&lt;/table&gt;&lt;/td&gt;&lt;td align=&quot;right&quot; valign=&quot;bottom&quot;&gt;&lt;table datatable=&quot;0&quot; summary=&quot;&quot; cellspacing=&quot;0&quot; cellpadding=&quot;3&quot; border=&quot;0&quot;&gt;&lt;tr&gt;&lt;td&gt;&lt;table datatable=&quot;0&quot; summary=&quot;&quot; cellspacing=&quot;0&quot; cellpadding=&quot;2&quot; border=&quot;0&quot;&gt;&lt;tr class=&quot;AppletButtons&quot;&gt;&lt;td&gt;&lt;span id=s_6_1_4_0&gt;&amp;nbsp;&lt;/span&gt;&lt;/td&gt;&lt;/tr&gt;&lt;/table&gt;&lt;/td&gt;&lt;/tr&gt;&lt;/table&gt;&lt;/td&gt;&lt;/tr&gt;&lt;/table&gt;&lt;table datatable=&quot;0&quot; summary=&quot;&quot; width=&quot;100%&quot; cellpadding=&quot;0&quot; cellspacing=&quot;0&quot; border=&quot;0&quot;&gt;&lt;tr&gt;&lt;td class=&quot;AppletHIFormBorder&quot;&gt;&lt;span id=6_c_err style=&quot;display: none;&quot;&gt;&lt;table datatable=&quot;0&quot; summary=&quot;&quot; class=&quot;AppletBack&quot; width=&quot;100%&quot; cellpadding=&quot;4&quot; cellspacing=&quot;0&quot; border=&quot;0&quot;&gt;&lt;tr&gt;&lt;td class=&quot;error&quot;&gt;&lt;br&gt;&amp;nbsp;&lt;/td&gt;&lt;/tr&gt;&lt;/table&gt;&lt;/span&gt;&lt;span class=&quot;AppletBottom&quot;&gt;&lt;table datatable=&quot;0&quot; summary=&quot;&quot; width=&quot;100%&quot; cellspacing=&quot;0&quot; cellpadding=&quot;0&quot; border=&quot;0&quot;  align=&quot;center&quot;&gt;&lt;tr class=&quot;AppletButtons&quot;&gt;&lt;td class=&quot;AppletButtons&quot; align=&quot;right&quot;&gt;&lt;img src=&quot;images/spacer.gif&quot; width=&quot;6&quot; height=&quot;2&quot; alt=&quot;&quot;&gt;&lt;/td&gt;&lt;/tr&gt;&lt;/table&gt;&lt;/span&gt;&lt;/td&gt;&lt;/tr&gt;&lt;/table&gt;&lt;/div&gt;&lt;/form&gt;
&lt;/span&gt;&lt;a id=&quot;SWEBottomHidden6&quot; href=&quot;javascript:void(0);&quot; tabindex=&quot;6999&quot; onfocus=&quot;document.getElementById(&apos;SWETopHidden6&apos;).focus();&quot;&gt;&lt;/a&gt;&lt;/div&gt;&lt;a name=&quot;SWEApplet5&quot; id=&quot;SWEApplet5&quot; href=&quot;#SWEApplet5&quot; title=&quot;My Orders&quot;&gt;&lt;/a&gt;
&lt;div id=&apos;s_S_A5_div&apos;oncontextmenu=&apos;HandleContextMenu(&quot;CUT Order Entry - Order List Applet (CME Home\)&quot;)&apos; onclick=&apos;HandleAppletClick(&quot;CUT Order Entry - Order List Applet (CME Home\)&quot;)&apos;&gt;
&lt;a id=&quot;SWETopHidden5&quot; href=&quot;javascript:void(0);&quot; tabindex=&quot;7000&quot;&gt;&lt;/a&gt;&lt;table datatable=&quot;0&quot; summary=&quot;&quot; width=&quot;100%&quot; align=&quot;center&quot; cellpadding=&quot;0&quot; cellspacing=&quot;0&quot; border=&quot;0&quot;&gt;&lt;tr valign=&quot;top&quot;&gt;&lt;td&gt;&lt;img src=&quot;images/spacer.gif&quot; width=&quot;1&quot; height=&quot;8&quot; alt=&quot;&quot;&gt;&lt;/td&gt;&lt;/tr&gt;&lt;/table&gt;&lt;span class=&quot;AppletStyle8&quot;&gt;&lt;form name=&quot;SWEForm5_0&quot; method=&quot;post&quot; action=&quot;/ecommunications_enu_nsm_aps05524a027/start.swe&quot; &gt;
&lt;div class=&quot;NotSelected&quot; id=&quot;a_5&quot;&gt;&lt;table datatable=&quot;0&quot; summary=&quot;&quot; width=&quot;100%&quot; cellspacing=&quot;0&quot; cellpadding=&quot;0&quot; border=&quot;0&quot; align=&quot;center&quot;&gt;&lt;tr class=&quot;AppletButtons&quot;&gt;&lt;td valign=&quot;bottom&quot;&gt;&lt;/td&gt;&lt;td valign=&quot;bottom&quot; width=&quot;100%&quot;&gt;&lt;table datatable=&quot;0&quot; summary=&quot;&quot; cellspacing=&quot;0&quot; cellpadding=&quot;3&quot; border=&quot;0&quot;&gt;&lt;tr&gt;&lt;td class=&quot;AppletTitle&quot;&gt;My Orders&lt;/td&gt;&lt;/tr&gt;&lt;/table&gt;&lt;/td&gt;&lt;td align=&quot;right&quot; valign=&quot;bottom&quot;&gt;&lt;table datatable=&quot;0&quot; summary=&quot;&quot; cellspacing=&quot;0&quot; cellpadding=&quot;3&quot; border=&quot;0&quot;&gt;&lt;tr&gt;&lt;td&gt;&lt;table datatable=&quot;0&quot; summary=&quot;&quot; cellspacing=&quot;0&quot; cellpadding=&quot;2&quot; border=&quot;0&quot;&gt;&lt;tr class=&quot;AppletButtons&quot;&gt;&lt;td&gt;&lt;span id=s_5_1_4_0&gt;&amp;nbsp;&lt;/span&gt;&lt;/td&gt;&lt;td&gt;&lt;span id=s_5_1_2_0&gt;&amp;nbsp;&lt;/span&gt;&lt;/td&gt;&lt;/tr&gt;&lt;/table&gt;&lt;/td&gt;&lt;/tr&gt;&lt;/table&gt;&lt;/td&gt;&lt;/tr&gt;&lt;/table&gt;&lt;table datatable=&quot;0&quot; summary=&quot;&quot; width=&quot;100%&quot; cellpadding=&quot;0&quot; cellspacing=&quot;0&quot; border=&quot;0&quot;&gt;&lt;tr&gt;&lt;td class=&quot;AppletHIFormBorder&quot;&gt;&lt;span id=5_c_err style=&quot;display: none;&quot;&gt;&lt;table datatable=&quot;0&quot; summary=&quot;&quot; class=&quot;AppletBack&quot; width=&quot;100%&quot; cellpadding=&quot;4&quot; cellspacing=&quot;0&quot; border=&quot;0&quot;&gt;&lt;tr&gt;&lt;td class=&quot;error&quot;&gt;&lt;br&gt;&amp;nbsp;&lt;/td&gt;&lt;/tr&gt;&lt;/table&gt;&lt;/span&gt;&lt;div id=&quot;s_5_ld&quot; STYLE=&quot;height:124px&quot;&gt;&lt;div&gt;&lt;/div&gt;&lt;script&gt;SWEWriteObjectTag(this,&apos;&lt;object id=&quot;s_5_l&quot;  CLASSID=&quot;CLSID:a9967980-c623-4092-b952-fcf15f67b8a5&quot; WIDTH=100% HEIGHT=100%&gt;&lt;/OBJECT&gt;&apos;);&lt;/script&gt;&lt;/div&gt;&lt;span class=&quot;AppletBottom&quot;&gt;&lt;table datatable=&quot;0&quot; summary=&quot;&quot; width=&quot;100%&quot; cellspacing=&quot;0&quot; cellpadding=&quot;0&quot; border=&quot;0&quot;  align=&quot;center&quot;&gt;&lt;tr class=&quot;AppletButtons&quot;&gt;&lt;td class=&quot;AppletButtons&quot; align=&quot;right&quot;&gt;&lt;img src=&quot;images/spacer.gif&quot; width=&quot;6&quot; height=&quot;2&quot; alt=&quot;&quot;&gt;&lt;/td&gt;&lt;/tr&gt;&lt;/table&gt;&lt;/span&gt;&lt;/td&gt;&lt;/tr&gt;&lt;/table&gt;&lt;/div&gt;&lt;/form&gt;
&lt;/span&gt;&lt;a id=&quot;SWEBottomHidden5&quot; href=&quot;javascript:void(0);&quot; tabindex=&quot;7999&quot; onfocus=&quot;document.getElementById(&apos;SWETopHidden5&apos;).focus();&quot;&gt;&lt;/a&gt;&lt;/div&gt;&lt;/td&gt;&lt;td valign=&quot;top&quot; width=&quot;33%&quot;&gt;&lt;a name=&quot;SWEApplet7&quot; id=&quot;SWEApplet7&quot; href=&quot;#SWEApplet7&quot; title=&quot;My Analytics&quot;&gt;&lt;/a&gt;
&lt;div id=&apos;s_S_A7_div&apos;oncontextmenu=&apos;HandleContextMenu(&quot;Home Page Analytics Applet (WCC Home\)&quot;)&apos; onclick=&apos;HandleAppletClick(&quot;Home Page Analytics Applet (WCC Home\)&quot;)&apos;&gt;
&lt;a id=&quot;SWETopHidden7&quot; href=&quot;javascript:void(0);&quot; tabindex=&quot;13000&quot;&gt;&lt;/a&gt;&lt;table datatable=&quot;0&quot; summary=&quot;&quot; cellpadding=&quot;0&quot; cellspacing=&quot;0&quot; border=&quot;0&quot;&gt;&lt;tr&gt;&lt;td&gt;&lt;img src=&quot;images/spacer.gif&quot; width=&quot;1&quot; height=&quot;3&quot; alt=&quot;&quot;&gt;&lt;/td&gt;&lt;/tr&gt;&lt;/table&gt;&lt;table datatable=&quot;0&quot; summary=&quot;&quot; width=&quot;100%&quot; cellspacing=&quot;0&quot; cellpadding=&quot;0&quot; border=&quot;0&quot; align=&quot;center&quot;&gt;&lt;tr valign=&quot;top&quot;&gt;&lt;td class=&quot;AppletStyle1&quot;&gt;&lt;table datatable=&quot;0&quot; summary=&quot;&quot; width=&quot;100%&quot; cellspacing=&quot;0&quot; cellpadding=&quot;0&quot; border=&quot;0&quot; align=&quot;center&quot;&gt;&lt;tr class=&quot;AppletButtons&quot;&gt;&lt;td class=&quot;AppletTitle&quot; nowrap&gt;&lt;img src=&quot;images/spacer.gif&quot; width=&quot;6&quot; height=&quot;1&quot; alt=&quot;&quot;&gt;My Analytics&lt;/td&gt;&lt;td width=&quot;100%&quot; class=&quot;AppletTitle&quot; align=&quot;right&quot;&gt;&amp;nbsp;&lt;/td&gt;&lt;td nowrap valign=&quot;absmiddle&quot;&gt;&lt;table datatable=&quot;0&quot; summary=&quot;&quot; cellspacing=&quot;0&quot; cellpadding=&quot;2&quot; border=&quot;0&quot;&gt;&lt;tr class=&quot;AppletButtons&quot;&gt;&lt;td&gt;&lt;span id=s_7_1_7_0&gt;&amp;nbsp;&lt;/span&gt;&lt;/td&gt;&lt;td&gt;&lt;span id=s_7_1_3_0&gt;&amp;nbsp;&lt;/span&gt;&lt;/td&gt;&lt;/tr&gt;&lt;/table&gt;&lt;/td&gt;&lt;/tr&gt;&lt;/table&gt;&lt;table datatable=&quot;0&quot; summary=&quot;&quot; class=&quot;AppletBorder&quot; valign=&quot;top&quot; width=&quot;100%&quot; cellpadding=&quot;1&quot; cellspacing=&quot;0&quot; border=&quot;0&quot;&gt;&lt;tr&gt;&lt;td valign=&quot;top&quot;&gt;&lt;table datatable=&quot;0&quot; summary=&quot;&quot; valign=&quot;top&quot; width=&quot;100%&quot; cellpadding=&quot;3&quot; cellspacing=&quot;0&quot; border=&quot;0&quot;&gt;&lt;tr class=&quot;AppletBlank&quot;&gt;&lt;td valign=&quot;top&quot;&gt;&lt;span id=7_c_err style=&quot;display: none;&quot;&gt;&lt;table datatable=&quot;0&quot; summary=&quot;&quot; class=&quot;AppletBack&quot; width=&quot;100%&quot; cellpadding=&quot;4&quot; cellspacing=&quot;0&quot; border=&quot;0&quot;&gt;&lt;tr&gt;&lt;td class=&quot;error&quot;&gt;&lt;br&gt;&amp;nbsp;&lt;/td&gt;&lt;/tr&gt;&lt;/table&gt;&lt;/span&gt;&lt;table datatable=&quot;0&quot; summary=&quot;&quot; valign=&quot;top&quot; width=&quot;100%&quot;  cellpadding=&quot;2&quot; cellspacing=&quot;0&quot; border=&quot;0&quot;&gt;&lt;tr&gt;&lt;td class=&quot;Row2&quot;&gt;&lt;/td&gt;&lt;/tr&gt;&lt;tr&gt;&lt;td class=&quot;Row2&quot;&gt;&lt;/td&gt;&lt;/tr&gt;&lt;tr&gt;&lt;td class=&quot;Row2&quot;&gt;&lt;/td&gt;&lt;/tr&gt;&lt;tr&gt;&lt;td class=&quot;Row2&quot;&gt;&lt;/td&gt;&lt;/tr&gt;&lt;tr&gt;&lt;td class=&quot;Row2&quot;&gt;&lt;/td&gt;&lt;/tr&gt;&lt;tr&gt;&lt;td class=&quot;Row2&quot;&gt;&lt;/td&gt;&lt;/tr&gt;&lt;tr&gt;&lt;td class=&quot;Row2&quot;&gt;&lt;/td&gt;&lt;/tr&gt;&lt;tr&gt;&lt;td class=&quot;Row2&quot;&gt;&lt;/td&gt;&lt;/tr&gt;&lt;tr&gt;&lt;td class=&quot;Row2&quot;&gt;&lt;/td&gt;&lt;/tr&gt;&lt;tr&gt;&lt;td class=&quot;Row2&quot;&gt;&lt;/td&gt;&lt;/tr&gt;&lt;/table&gt;&lt;/td&gt;&lt;/tr&gt;&lt;/table&gt;&lt;/td&gt;&lt;/tr&gt;&lt;/table&gt;&lt;table datatable=&quot;0&quot; summary=&quot;&quot; width=&quot;100%&quot; cellspacing=&quot;0&quot; cellpadding=&quot;0&quot; border=&quot;0&quot; align=&quot;center&quot;&gt;&lt;tr&gt;&lt;td class=&quot;AppletBorder&quot;&gt;&lt;img src=&quot;images/spacer.gif&quot; width=&quot;1&quot; height=&quot;1&quot; alt=&quot;&quot;&gt;&lt;/td&gt;&lt;/tr&gt;&lt;/table&gt;&lt;/td&gt;&lt;/tr&gt;&lt;/table&gt;&lt;a id=&quot;SWEBottomHidden7&quot; href=&quot;javascript:void(0);&quot; tabindex=&quot;13999&quot; onfocus=&quot;document.getElementById(&apos;SWETopHidden7&apos;).focus();&quot;&gt;&lt;/a&gt;&lt;/div&gt;&lt;/td&gt;&lt;/tr&gt;&lt;/table&gt;&lt;script&gt;

SWEIsHighInteract = true; Top().SWEIsHighInteract = true;
var s_0 = new Array(&apos;SWEField&apos;,&apos;SWEFo&apos;,&apos;SWENeedContext&apos;,&apos;SWESP&apos;,&apos;SWERowIds&apos;,&apos;SWEMethod&apos;,&apos;SWECmd&apos;,&apos;SWENoHttpRedir&apos;,&apos;SWEVI&apos;,&apos;SWEPOC&apos;,&apos;SWESPNR&apos;,&apos;SWETargetView&apos;,&apos;SWESPNH&apos;,&apos;SWEH&apos;,&apos;SWEDIC&apos;,&apos;SWEReqRowId&apos;,&apos;SWEView&apos;,&apos;SWETVI&apos;,&apos;SWERowId&apos;,&apos;SWEC&apos;,&apos;SWEM&apos;,&apos;SWEBID&apos;,&apos;SWEW&apos;,&apos;SWESPa&apos;,&apos;SRN&apos;,&apos;SWEContainer&apos;,&apos;SWETS&apos;,&apos;SWETA&apos;,&apos;SWEApplet&apos;,&apos;SWEWN&apos;);
if (typeof(top._samePage) != &apos;undefined&apos; &amp;&amp; top._samePage!=&quot;&quot;) top._samePage = &quot;&quot;;
if (top.opener == null || typeof top.opener.swetop == &apos;unknown&apos; || typeof top.opener.swetop == &apos;undefined&apos;) top._swe._sweapp.S_App.SWECount = 4;
else top.opener.top._swe._sweapp.S_App.SWECount = 4;
g_bInitialized = true;

if(typeof(top._swescript)!=&apos;undefined&apos; &amp;&amp; top._swescript!=null)top._swescript.InitApplet(&quot;Layout Controls Applet&quot;,&quot;SWEApplet2&quot;,&quot;CUT Home Page View (CME)&quot;,1, this);
document.oncontextmenu = HandleContextMenu;
if(typeof(top._swescript)!=&apos;undefined&apos; &amp;&amp; top._swescript!=null)top._swescript.InitApplet(&quot;Salutation Applet (WCC Home)&quot;,&quot;SWEApplet1&quot;,&quot;CUT Home Page View (CME)&quot;,1, this);
c_h(&quot;s_0&quot;,s_0,new Array(&apos;&apos;,&apos;SWEForm1_0&apos;,&apos;true&apos;,&apos;false&apos;,&apos;&apos;,&apos;Refresh&apos;,&apos;InvokeMethod&apos;,&apos;false&apos;,&apos;&apos;,&apos;&apos;,&apos;&apos;,&apos;&apos;,&apos;&apos;,&apos;&apos;,&apos;false&apos;,&apos;0&apos;,&apos;CUT Home Page View (CME\)&apos;,&apos;&apos;,&apos;VRId-0&apos;,&apos;4&apos;,&apos;&apos;,&apos;-1&apos;,&apos;&apos;,&apos;&apos;,&apos;xK7T2pIB2ZOV15hwlQxQF5reKcoUB8VpMTZr7we8uAEb&apos;,&apos;&apos;,&apos;&apos;,&apos;&apos;,&apos;Salutation Applet (WCC Home\)&apos;,&apos;&apos;));
document.oncontextmenu = HandleContextMenu;
if(typeof(top._swescript)!=&apos;undefined&apos; &amp;&amp; top._swescript!=null)top._swescript.InitApplet(&quot;CUT Service Request List Applet (CME Home)&quot;,&quot;SWEApplet4&quot;,&quot;CUT Home Page View (CME)&quot;,1, this);
document.oncontextmenu = HandleContextMenu;
if(typeof(top._swescript)!=&apos;undefined&apos; &amp;&amp; top._swescript!=null)top._swescript.InitApplet(&quot;CUT Opportunity List Applet (CME Home)&quot;,&quot;SWEApplet3&quot;,&quot;CUT Home Page View (CME)&quot;,1, this);
document.oncontextmenu = HandleContextMenu;
if(typeof(top._swescript)!=&apos;undefined&apos; &amp;&amp; top._swescript!=null)top._swescript.InitApplet(&quot;CUT Activity List Applet (CME Home)&quot;,&quot;SWEApplet6&quot;,&quot;CUT Home Page View (CME)&quot;,1, this);
document.oncontextmenu = HandleContextMenu;
if(typeof(top._swescript)!=&apos;undefined&apos; &amp;&amp; top._swescript!=null)top._swescript.InitApplet(&quot;CUT Order Entry - Order List Applet (CME Home)&quot;,&quot;SWEApplet5&quot;,&quot;CUT Home Page View (CME)&quot;,1, this);
document.oncontextmenu = HandleContextMenu;
if(typeof(top._swescript)!=&apos;undefined&apos; &amp;&amp; top._swescript!=null)top._swescript.InitApplet(&quot;Home Page Analytics Applet (WCC Home)&quot;,&quot;SWEApplet7&quot;,&quot;CUT Home Page View (CME)&quot;,1, this);
document.oncontextmenu = HandleContextMenu;

&lt;/script&gt;
&lt;script for=window event=onunload&gt;
top._swe._sweapp.S_App.SetLayoutUnloaded(&quot;View&quot;, &quot;CUT Home Page View (CME)&quot;);
&lt;/script&gt;
&lt;script for=window event=onload&gt;
top._swe._sweapp.S_App.SetLayoutLoaded(&quot;View&quot;, &quot;CUT Home Page View (CME)&quot;, window, &quot;&quot;);
&lt;/script&gt;
&lt;/body&gt;&lt;/html&gt;</responseData>
  <responseFile class="java.lang.String"></responseFile>
  <cookies class="java.lang.String">_sn=GXmoeGkdwh1O45lrH7mMIZnLMWvqHkVWiQKqDOICOq1fi95anXYMaCRAX879ujDRD9kS4J75N4kGDX576Q2AKmwZPUBih-4NS80Pc1189OxasEbdAsHiEtIhcnCzZ0zWb5V6QpVraL0TTGU4ktkGZq374g8C0pUBRhKVASKeW21TgUW5eIkswq97I-.qG-kr; _srn=_srn; SWEUAID=SWEUAID</cookies>
  <method class="java.lang.String">GET</method>
  <queryString class="java.lang.String"></queryString>
  <java.net.URL>http://localhost:8080/ecommunications_enu_nsm_aps05524a027/start.swe?SWECmd=GetViewLayout&amp;SWEView=CUT+Home+Page+View+%28CME%29&amp;SWEVI=&amp;SWEVLC=3-2NTUN-318_Siebel%2BPower%2BCommunications_43%257c1592409810%257c0_0_23048_PATCHSET18PATCHSET18PATCHSET18_L&amp;SRN=xK7T2pIB2ZOV15hwlQxQF5reKcoUB8VpMTZr7we8uAEb</java.net.URL>
</httpSample>
<httpSample t="{{\d+}}" it="0" lt="{{\d+}}" ct="{{\d+}}" ts="{{\d+}}" s="true" lb="{{\d+}} /ecommunications_enu_nsm_aps05524a027/start.swe" rc="200" rm="OK" tn="Thread Group 1-1" dt="text" de="utf-8" by="4091" sby="865" sc="1" ec="0" ng="1" na="1" hn="{{.*?}}">
  <responseHeader class="java.lang.String">HTTP/1.1 200 OK
Connection: close
Server: Oracle-iPlanet-Web-Server/7.0
Date: Tue, 23 Jun 2020 13:13:29 GMT
Content-Language: en
Cache-Control: no-cache
Swerpc: true
Content-Type: text/html;charset=utf-8
Connection: close
Matched-Stub-Id: {{\w+-\w+-\w+-\w+-\w+}}
Vary: Accept-Encoding, User-Agent
</responseHeader>
  <requestHeader class="java.lang.String">Connection: close
Content-Type: application/x-www-form-urlencoded
DNT: 1
Accept-Encoding: deflate
Pragma: no-cache
User-Agent: Mozilla/4.0 (compatible; MSIE 7.0; Windows NT 6.3; WOW64; Trident/7.0; .NET4.0E; .NET4.0C; .NET CLR 3.5.30729; .NET CLR 2.0.50727; .NET CLR 3.0.30729)
Accept: text/html, image/gif, image/jpeg, *; q=.2, */*; q=.2
Content-Length: 177
Host: localhost:8080
</requestHeader>
  <responseData class="java.lang.String">@0`1`4`3``0`UC`1`Status`OK`SWEC`140`SRN`xK7T2pIB2ZOV15hwlQxQF5reKcoUB8VpMTZr7we8uAEb`2`0`ResultSet`0`PendingOrderCheck`N`ShowPendingOrderOnLogin`N`0`39`Notifications`0`2`0``0`OP`bn`bc`S_BC1`7`0``0`br`0`ArgsArray`22*Layout Controls Applet1*1`size`100`cr`0`OP`g`bc`S_BC1`type`SWEIRowSelection`7`0``0`br`0`ArgsArray`22*Layout Controls Applet12**AppletTitle1*?`size`100`cr`0`OP`g`bc`S_BC1`type`SWEIPrivFlds`7`0``0`br`0`ArgsArray`22*Layout Controls Applet1*01*11*11*11*21*11*31*01*41*11*51*11*61*11*71*11*81*11*91*12*101*12*111*02*121*02*131*02*141*02*151*02*161*02*171*02*181*02*191*12*201*02*211*02*221*02*231*12*241*02*251*12*261*02*271*12*281*02*291*02*301*02*311*02*321*12*331*02*341*12*351*02*361*02*371*02*381*02*391*02*401*02*411*12*421*12*431*12*441*0`size`100`cr`0`OP`g`bc`S_BC1`type`SWEICanInvokeMethod`7`0``0`br`0`ArgsArray`28*Salutation Applet (WCC Home)1*01*01*01*01*01*1`size`100`cr`0`OP`g`bc`S_BC1`type`SWEIRowSelection`7`0``0`br`0`ArgsArray`28*Salutation Applet (WCC Home)12**AppletTitle1*?9**Explorer1*?`size`100`cr`0`OP`g`bc`S_BC1`type`SWEIPrivFlds`7`0``0`br`0`ArgsArray`28*Salutation Applet (WCC Home)1*01*11*11*11*21*01*31*01*41*01*51*11*61*01*71*01*81*11*91*12*101*12*111*12*121*02*131*02*141*02*151*02*161*02*171*02*181*02*191*02*201*12*211*02*221*02*231*02*241*12*251*02*261*02*271*02*281*02*291*02*301*02*311*02*321*12*331*02*341*12*351*02*361*02*371*02*381*02*391*02*401*02*411*12*421*12*431*02*441*0`size`100`cr`0`OP`g`bc`S_BC1`type`SWEICanInvokeMethod`8`0``0`br`0`value`0`ar`0`state`activeRow`size`100`cr`5`OP`sc`bc`S_BC1`6`0``0`br`0`ar`0`size`100`cr`0`OP`nd`bc`S_BC1`7`0``0`bSelected`false`br`0`ar`0`size`100`cr`0`OP`ns`bc`S_BC1`8`0``0`br`0`value`2`ar`1`state`cr`size`100`cr`0`OP`sc`bc`S_BC1`6`0``0`br`0`ar`1`size`100`cr`0`OP`nar`bc`S_BC1`7`0``0`bSelected`true`br`0`ar`1`size`100`cr`0`OP`ns`bc`S_BC1`7`0``0`bSelected`false`br`0`ar`1`size`100`cr`0`OP`ns`bc`S_BC1`8`0``0`br`0`value`3`ar`2`state`cr`size`100`cr`0`OP`sc`bc`S_BC1`6`0``0`br`0`ar`2`size`100`cr`0`OP`nar`bc`S_BC1`7`0``0`bSelected`true`br`0`ar`2`size`100`cr`0`OP`ns`bc`S_BC1`7`0``0`bSelected`false`br`0`ar`2`size`100`cr`0`OP`ns`bc`S_BC1`8`0``0`br`0`value`4`ar`3`state`cr`size`100`cr`0`OP`sc`bc`S_BC1`6`0``0`br`0`ar`3`size`100`cr`0`OP`nar`bc`S_BC1`7`0``0`bSelected`true`br`0`ar`3`size`100`cr`0`OP`ns`bc`S_BC1`7`0``0`bSelected`false`br`0`ar`3`size`100`cr`0`OP`ns`bc`S_BC1`8`0``0`br`0`value`5`ar`4`state`cr`size`100`cr`0`OP`sc`bc`S_BC1`6`0``0`br`0`ar`4`size`100`cr`0`OP`nar`bc`S_BC1`7`0``0`bSelected`true`br`0`ar`4`size`100`cr`0`OP`ns`bc`S_BC1`7`0``0`bSelected`false`br`0`ar`4`size`100`cr`0`OP`ns`bc`S_BC1`8`0``0`br`0`value`6`ar`5`state`cr`size`100`cr`0`OP`sc`bc`S_BC1`6`0``0`br`0`ar`5`size`100`cr`0`OP`nar`bc`S_BC1`7`0``0`bSelected`true`br`0`ar`5`size`100`cr`0`OP`ns`bc`S_BC1`7`1``0`br`0`ar`5`size`100`index`6`cr`0`OP`iw`bc`S_BC1`1`0`FieldValues`0`ValueArray`0*`8`0``0`br`0`ar`5`size`100`index`6`cr`0`OP`dw`bc`S_BC1`nr`1`8`0``0`br`0`ArgsArray`22*Layout Controls Applet1*5`ar`5`size`100`cr`0`OP`g`bc`S_BC1`type`BegRow`2`0``0`OP`en`bc`S_BC1`2`0``0`OP`bn`bc`S_BC4`7`0``0`br`0`ArgsArray`46*CUT Order Entry - Order List Applet (CME Home)1*11*01*01*01*0`size`5`cr`4`OP`g`bc`S_BC4`type`SWEIRowSelection`2`0``0`OP`en`bc`S_BC4`2`0``0`OP`bn`bc`S_BC6`7`0``0`br`0`ArgsArray`37*Home Page Analytics Applet (WCC Home)1*1`size`10`cr`0`OP`g`bc`S_BC6`type`SWEIRowSelection`2`0``0`OP`en`bc`S_BC6`1`6`Command Manager`0`RefreshToolbar`true`7`0`StateToolBar`0`#35`true`#36`true`#17`true`#34`true`#8`false`#37`true`#38`true`0`1`StateExToolBar`0`1`0`#35`0`Checked`false`0`3`FlagsToolBar`0`3`0`#8`0`SWESP`true`SWEH`0`SWEW`0`3`0`#34`0`SWESP`true`SWEH`600`SWEW`800`3`0`#36`0`SWESP`true`SWEH`20`SWEW`380`3`0`State`0`#27`false`#26`false`#28`false`0`3`StateEx`0`0`0`#26`0`0`0`#27`0`1`0`#28`0`Checked`false`0`0`Flags`0`</responseData>
  <responseFile class="java.lang.String"></responseFile>
  <cookies class="java.lang.String">_sn=GXmoeGkdwh1O45lrH7mMIZnLMWvqHkVWiQKqDOICOq1fi95anXYMaCRAX879ujDRD9kS4J75N4kGDX576Q2AKmwZPUBih-4NS80Pc1189OxasEbdAsHiEtIhcnCzZ0zWb5V6QpVraL0TTGU4ktkGZq374g8C0pUBRhKVASKeW21TgUW5eIkswq97I-.qG-kr; _srn=_srn; SWEUAID=SWEUAID</cookies>
  <method class="java.lang.String">POST</method>
  <queryString class="java.lang.String">SWEC=139&amp;SWEMethod=ResetDashboard&amp;SWERPC=1&amp;SWECmd=InvokeMethod&amp;SRN=xK7T2pIB2ZOV15hwlQxQF5reKcoUB8VpMTZr7we8uAEb&amp;SWEIPS=%400*0*0*0*0*3*0*&amp;SWEService=Persistent+Customer+Dashboard</queryString>
  <java.net.URL>http://localhost:8080/ecommunications_enu_nsm_aps05524a027/start.swe</java.net.URL>
</httpSample>
<httpSample t="{{\d+}}" it="0" lt="{{\d+}}" ct="{{\d+}}" ts="{{\d+}}" s="true" lb="{{\d+}} /ecommunications_enu_nsm_aps05524a027/start.swe" rc="200" rm="OK" tn="Thread Group 1-1" dt="text" de="utf-8" by="862" sby="891" sc="1" ec="0" ng="1" na="1" hn="{{.*?}}">
  <responseHeader class="java.lang.String">HTTP/1.1 200 OK
Connection: close
Server: Oracle-iPlanet-Web-Server/7.0
Date: Tue, 23 Jun 2020 13:13:29 GMT
Content-Language: en
Cache-Control: no-cache
Swerpc: true
Content-Type: text/html;charset=utf-8
Connection: close
Matched-Stub-Id: {{\w+-\w+-\w+-\w+-\w+}}
Vary: Accept-Encoding, User-Agent
</responseHeader>
  <requestHeader class="java.lang.String">Connection: close
Content-Type: application/x-www-form-urlencoded
DNT: 1
Accept-Encoding: deflate
Pragma: no-cache
User-Agent: Mozilla/4.0 (compatible; MSIE 7.0; Windows NT 6.3; WOW64; Trident/7.0; .NET4.0E; .NET4.0C; .NET CLR 3.5.30729; .NET CLR 2.0.50727; .NET CLR 3.0.30729)
Accept: text/html, image/gif, image/jpeg, *; q=.2, */*; q=.2
Content-Length: 203
Host: localhost:8080
</requestHeader>
  <responseData class="java.lang.String">@0`1`4`2``0`UC`1`Status`OK`SWEC`141`SRN`xK7T2pIB2ZOV15hwlQxQF5reKcoUB8VpMTZr7we8uAEb`2`0`ResultSet`0`Error Msg``AccessAllowed`N`1`6`Command Manager`0`RefreshToolbar`true`7`0`StateToolBar`0`#35`true`#36`true`#17`true`#34`true`#8`false`#37`true`#38`true`0`1`StateExToolBar`0`1`0`#35`0`Checked`false`0`3`FlagsToolBar`0`3`0`#8`0`SWESP`true`SWEH`0`SWEW`0`3`0`#34`0`SWESP`true`SWEH`600`SWEW`800`3`0`#36`0`SWESP`true`SWEH`20`SWEW`380`3`0`State`0`#27`false`#26`false`#28`false`0`3`StateEx`0`0`0`#26`0`0`0`#27`0`1`0`#28`0`Checked`false`0`0`Flags`0`</responseData>
  <responseFile class="java.lang.String"></responseFile>
  <cookies class="java.lang.String">_sn=GXmoeGkdwh1O45lrH7mMIZnLMWvqHkVWiQKqDOICOq1fi95anXYMaCRAX879ujDRD9kS4J75N4kGDX576Q2AKmwZPUBih-4NS80Pc1189OxasEbdAsHiEtIhcnCzZ0zWb5V6QpVraL0TTGU4ktkGZq374g8C0pUBRhKVASKeW21TgUW5eIkswq97I-.qG-kr; _srn=_srn; SWEUAID=SWEUAID</cookies>
  <method class="java.lang.String">POST</method>
  <queryString class="java.lang.String">SWEC=140&amp;SWEMethod=DPResponsibilityCheck&amp;SWERPC=1&amp;SWECmd=InvokeMethod&amp;SRN=xK7T2pIB2ZOV15hwlQxQF5reKcoUB8VpMTZr7we8uAEb&amp;SWEIPS=%400*0*1*0*0*3*0*14*FunctionalArea15*BTSRDueReminder&amp;SWEService=BT+Validation</queryString>
  <java.net.URL>http://localhost:8080/ecommunications_enu_nsm_aps05524a027/start.swe</java.net.URL>
</httpSample>
<httpSample t="{{\d+}}" it="0" lt="{{\d+}}" ct="{{\d+}}" ts="{{\d+}}" s="true" lb="{{\d+}} /ecommunications_enu_nsm_aps05524a027/start.swe" rc="200" rm="OK" tn="Thread Group 1-1" dt="text" de="utf-8" by="1013" sby="1154" sc="1" ec="0" ng="1" na="1" hn="{{.*?}}">
  <responseHeader class="java.lang.String">HTTP/1.1 200 OK
Connection: close
Server: Oracle-iPlanet-Web-Server/7.0
Date: Tue, 23 Jun 2020 13:13:38 GMT
Content-Language: en
Cache-Control: no-cache
Swerpc: true
Content-Type: text/html;charset=utf-8
Connection: close
Matched-Stub-Id: {{\w+-\w+-\w+-\w+-\w+}}
Vary: Accept-Encoding, User-Agent
</responseHeader>
  <requestHeader class="java.lang.String">Connection: close
Content-Type: application/x-www-form-urlencoded
DNT: 1
Accept-Encoding: deflate
Pragma: no-cache
User-Agent: Mozilla/4.0 (compatible; MSIE 7.0; Windows NT 6.3; WOW64; Trident/7.0; .NET4.0E; .NET4.0C; .NET CLR 3.5.30729; .NET CLR 2.0.50727; .NET CLR 3.0.30729)
Accept: text/html, image/gif, image/jpeg, *; q=.2, */*; q=.2
Content-Length: 466
Host: localhost:8080
</requestHeader>
  <responseData class="java.lang.String">@0`1`4`2``0`UC`1`Status`OK`SWEC`142`SRN`xK7T2pIB2ZOV15hwlQxQF5reKcoUB8VpMTZr7we8uAEb`9`0`ResultSet`0`BTGenevaUpgrade``GenevaInvoiceWindow``BTGenevaProvision``ShockWindow``GenevaInvoiceImageWindowOpen``InvoiceImageWindowRef``InteractionId``ImageWindowOpen``DisputesInvoiceWindow``1`6`Command Manager`0`RefreshToolbar`true`7`0`StateToolBar`0`#35`true`#36`true`#17`true`#34`true`#8`false`#37`true`#38`true`0`1`StateExToolBar`0`1`0`#35`0`Checked`false`0`3`FlagsToolBar`0`3`0`#8`0`SWESP`true`SWEH`0`SWEW`0`3`0`#34`0`SWESP`true`SWEH`600`SWEW`800`3`0`#36`0`SWESP`true`SWEH`20`SWEW`380`3`0`State`0`#27`false`#26`false`#28`false`0`3`StateEx`0`0`0`#26`0`0`0`#27`0`1`0`#28`0`Checked`false`0`0`Flags`0`</responseData>
  <responseFile class="java.lang.String"></responseFile>
  <cookies class="java.lang.String">_sn=GXmoeGkdwh1O45lrH7mMIZnLMWvqHkVWiQKqDOICOq1fi95anXYMaCRAX879ujDRD9kS4J75N4kGDX576Q2AKmwZPUBih-4NS80Pc1189OxasEbdAsHiEtIhcnCzZ0zWb5V6QpVraL0TTGU4ktkGZq374g8C0pUBRhKVASKeW21TgUW5eIkswq97I-.qG-kr; _srn=_srn; SWEUAID=SWEUAID</cookies>
  <method class="java.lang.String">POST</method>
  <queryString class="java.lang.String">SWEC=141&amp;SWEMethod=GetProfileAttributes&amp;SWERPC=1&amp;SWEActiveApplet=Layout+Controls+Applet&amp;SWECmd=InvokeMethod&amp;SRN=xK7T2pIB2ZOV15hwlQxQF5reKcoUB8VpMTZr7we8uAEb&amp;SWEIPS=%400*0*9*0*0*3*0*19*GenevaInvoiceWindow0*15*ImageWindowOpen0*15*BTGenevaUpgrade0*17*BTGenevaProvision0*11*ShockWindow0*28*GenevaInvoiceImageWindowOpen0*21*InvoiceImageWindowRef0*21*DisputesInvoiceWindow0*13*InteractionId0*&amp;SWEActiveView=CUT+Home+Page+View+%28CME%29&amp;SWEService=BT+Set+Profile+Attributes</queryString>
  <java.net.URL>http://localhost:8080/ecommunications_enu_nsm_aps05524a027/start.swe</java.net.URL>
</httpSample>
<httpSample t="{{\d+}}" it="0" lt="{{\d+}}" ct="{{\d+}}" ts="{{\d+}}" s="true" lb="{{\d+}} /ecommunications_enu_nsm_aps05524a027/start.swe" rc="200" rm="OK" tn="Thread Group 1-1" dt="text" de="utf-8" by="843" sby="941" sc="1" ec="0" ng="1" na="1" hn="{{.*?}}">
  <responseHeader class="java.lang.String">HTTP/1.1 200 OK
Connection: close
Server: Oracle-iPlanet-Web-Server/7.0
Date: Tue, 23 Jun 2020 13:13:38 GMT
Content-Language: en
Cache-Control: no-cache
Swerpc: true
Content-Type: text/html;charset=utf-8
Connection: close
Matched-Stub-Id: {{\w+-\w+-\w+-\w+-\w+}}
Vary: Accept-Encoding, User-Agent
</responseHeader>
  <requestHeader class="java.lang.String">Connection: close
Content-Type: application/x-www-form-urlencoded
DNT: 1
Accept-Encoding: deflate
Pragma: no-cache
User-Agent: Mozilla/4.0 (compatible; MSIE 7.0; Windows NT 6.3; WOW64; Trident/7.0; .NET4.0E; .NET4.0C; .NET CLR 3.5.30729; .NET CLR 2.0.50727; .NET CLR 3.0.30729)
Accept: text/html, image/gif, image/jpeg, *; q=.2, */*; q=.2
Content-Length: 253
Host: localhost:8080
</requestHeader>
  <responseData class="java.lang.String">@0`1`4`2``0`UC`1`Status`OK`SWEC`143`SRN`xK7T2pIB2ZOV15hwlQxQF5reKcoUB8VpMTZr7we8uAEb`1`0`ResultSet`0`Count`0`1`6`Command Manager`0`RefreshToolbar`true`7`0`StateToolBar`0`#35`true`#36`true`#17`true`#34`true`#8`false`#37`true`#38`true`0`1`StateExToolBar`0`1`0`#35`0`Checked`false`0`3`FlagsToolBar`0`3`0`#8`0`SWESP`true`SWEH`0`SWEW`0`3`0`#34`0`SWESP`true`SWEH`600`SWEW`800`3`0`#36`0`SWESP`true`SWEH`20`SWEW`380`3`0`State`0`#27`false`#26`false`#28`false`0`3`StateEx`0`0`0`#26`0`0`0`#27`0`1`0`#28`0`Checked`false`0`0`Flags`0`</responseData>
  <responseFile class="java.lang.String"></responseFile>
  <cookies class="java.lang.String">_sn=GXmoeGkdwh1O45lrH7mMIZnLMWvqHkVWiQKqDOICOq1fi95anXYMaCRAX879ujDRD9kS4J75N4kGDX576Q2AKmwZPUBih-4NS80Pc1189OxasEbdAsHiEtIhcnCzZ0zWb5V6QpVraL0TTGU4ktkGZq374g8C0pUBRhKVASKeW21TgUW5eIkswq97I-.qG-kr; _srn=_srn; SWEUAID=SWEUAID</cookies>
  <method class="java.lang.String">POST</method>
  <queryString class="java.lang.String">SWEC=142&amp;SWEMethod=GetChangedEntityCount&amp;SWERPC=1&amp;SWEActiveApplet=Layout+Controls+Applet&amp;SWECmd=InvokeMethod&amp;SRN=xK7T2pIB2ZOV15hwlQxQF5reKcoUB8VpMTZr7we8uAEb&amp;SWEIPS=%400*0*0*0*0*3*0*&amp;SWEActiveView=CUT+Home+Page+View+%28CME%29&amp;SWEService=BT+Billing+State</queryString>
  <java.net.URL>http://localhost:8080/ecommunications_enu_nsm_aps05524a027/start.swe</java.net.URL>
</httpSample>
<httpSample t="{{\d+}}" it="0" lt="{{\d+}}" ct="{{\d+}}" ts="{{\d+}}" s="true" lb="{{\d+}} /ecommunications_enu_nsm_aps05524a027/start.swe" rc="200" rm="OK" tn="Thread Group 1-1" dt="text" de="utf-8" by="855" sby="957" sc="1" ec="0" ng="1" na="1" hn="{{.*?}}">
  <responseHeader class="java.lang.String">HTTP/1.1 200 OK
Connection: close
Server: Oracle-iPlanet-Web-Server/7.0
Date: Tue, 23 Jun 2020 13:13:38 GMT
Content-Language: en
Cache-Control: no-cache
Swerpc: true
Content-Type: text/html;charset=utf-8
Connection: close
Matched-Stub-Id: {{\w+-\w+-\w+-\w+-\w+}}
Vary: Accept-Encoding, User-Agent
</responseHeader>
  <requestHeader class="java.lang.String">Connection: close
Content-Type: application/x-www-form-urlencoded
DNT: 1
Accept-Encoding: deflate
Pragma: no-cache
User-Agent: Mozilla/4.0 (compatible; MSIE 7.0; Windows NT 6.3; WOW64; Trident/7.0; .NET4.0E; .NET4.0C; .NET CLR 3.5.30729; .NET CLR 2.0.50727; .NET CLR 3.0.30729)
Accept: text/html, image/gif, image/jpeg, *; q=.2, */*; q=.2
Content-Length: 269
Host: localhost:8080
</requestHeader>
  <responseData class="java.lang.String">@0`1`4`2``0`UC`1`Status`OK`SWEC`144`SRN`xK7T2pIB2ZOV15hwlQxQF5reKcoUB8VpMTZr7we8uAEb`1`0`ResultSet`0`BT Orders Pending`N`1`6`Command Manager`0`RefreshToolbar`true`7`0`StateToolBar`0`#35`true`#36`true`#17`true`#34`true`#8`false`#37`true`#38`true`0`1`StateExToolBar`0`1`0`#35`0`Checked`false`0`3`FlagsToolBar`0`3`0`#8`0`SWESP`true`SWEH`0`SWEW`0`3`0`#34`0`SWESP`true`SWEH`600`SWEW`800`3`0`#36`0`SWESP`true`SWEH`20`SWEW`380`3`0`State`0`#27`false`#26`false`#28`false`0`3`StateEx`0`0`0`#26`0`0`0`#27`0`1`0`#28`0`Checked`false`0`0`Flags`0`</responseData>
  <responseFile class="java.lang.String"></responseFile>
  <cookies class="java.lang.String">_sn=GXmoeGkdwh1O45lrH7mMIZnLMWvqHkVWiQKqDOICOq1fi95anXYMaCRAX879ujDRD9kS4J75N4kGDX576Q2AKmwZPUBih-4NS80Pc1189OxasEbdAsHiEtIhcnCzZ0zWb5V6QpVraL0TTGU4ktkGZq374g8C0pUBRhKVASKeW21TgUW5eIkswq97I-.qG-kr; _srn=_srn; SWEUAID=SWEUAID</cookies>
  <method class="java.lang.String">POST</method>
  <queryString class="java.lang.String">SWEC=143&amp;SWEMethod=BT+Check+Pending+Orders+Logoff&amp;SWERPC=1&amp;SWEActiveApplet=Layout+Controls+Applet&amp;SWECmd=InvokeMethod&amp;SRN=xK7T2pIB2ZOV15hwlQxQF5reKcoUB8VpMTZr7we8uAEb&amp;SWEIPS=%400*0*0*0*0*3*0*&amp;SWEActiveView=CUT+Home+Page+View+%28CME%29&amp;SWEService=BT+Check+Pending+Orders</queryString>
  <java.net.URL>http://localhost:8080/ecommunications_enu_nsm_aps05524a027/start.swe</java.net.URL>
</httpSample>
<httpSample t="{{\d+}}" it="0" lt="{{\d+}}" ct="{{\d+}}" ts="{{\d+}}" s="true" lb="{{\d+}} /ecommunications_enu_nsm_aps05524a027/start.swe" rc="200" rm="OK" tn="Thread Group 1-1" dt="text" de="utf-8" by="859" sby="927" sc="1" ec="0" ng="1" na="1" hn="{{.*?}}">
  <responseHeader class="java.lang.String">HTTP/1.1 200 OK
Connection: close
Server: Oracle-iPlanet-Web-Server/7.0
Date: Tue, 23 Jun 2020 13:13:38 GMT
Content-Language: en
Cache-Control: no-cache
Swerpc: true
Content-Type: text/html;charset=utf-8
Connection: close
Matched-Stub-Id: {{\w+-\w+-\w+-\w+-\w+}}
Vary: Accept-Encoding, User-Agent
</responseHeader>
  <requestHeader class="java.lang.String">Connection: close
Content-Type: application/x-www-form-urlencoded
DNT: 1
Accept-Encoding: deflate
Pragma: no-cache
User-Agent: Mozilla/4.0 (compatible; MSIE 7.0; Windows NT 6.3; WOW64; Trident/7.0; .NET4.0E; .NET4.0C; .NET CLR 3.5.30729; .NET CLR 2.0.50727; .NET CLR 3.0.30729)
Accept: text/html, image/gif, image/jpeg, *; q=.2, */*; q=.2
Content-Length: 239
Host: localhost:8080
</requestHeader>
  <responseData class="java.lang.String">@0`1`4`2``0`UC`1`Status`OK`SWEC`145`SRN`xK7T2pIB2ZOV15hwlQxQF5reKcoUB8VpMTZr7we8uAEb`2`0`ResultSet`0`ErrorText``Success`TRUE`1`6`Command Manager`0`RefreshToolbar`true`7`0`StateToolBar`0`#35`true`#36`true`#17`true`#34`true`#8`false`#37`true`#38`true`0`1`StateExToolBar`0`1`0`#35`0`Checked`false`0`3`FlagsToolBar`0`3`0`#8`0`SWESP`true`SWEH`0`SWEW`0`3`0`#34`0`SWESP`true`SWEH`600`SWEW`800`3`0`#36`0`SWESP`true`SWEH`20`SWEW`380`3`0`State`0`#27`false`#26`false`#28`false`0`3`StateEx`0`0`0`#26`0`0`0`#27`0`1`0`#28`0`Checked`false`0`0`Flags`0`</responseData>
  <responseFile class="java.lang.String"></responseFile>
  <cookies class="java.lang.String">_sn=GXmoeGkdwh1O45lrH7mMIZnLMWvqHkVWiQKqDOICOq1fi95anXYMaCRAX879ujDRD9kS4J75N4kGDX576Q2AKmwZPUBih-4NS80Pc1189OxasEbdAsHiEtIhcnCzZ0zWb5V6QpVraL0TTGU4ktkGZq374g8C0pUBRhKVASKeW21TgUW5eIkswq97I-.qG-kr; _srn=_srn; SWEUAID=SWEUAID</cookies>
  <method class="java.lang.String">POST</method>
  <queryString class="java.lang.String">SWEC=144&amp;SWEMethod=PreLogoutCheck&amp;SWERPC=1&amp;SWEActiveApplet=Layout+Controls+Applet&amp;SWECmd=InvokeMethod&amp;SRN=xK7T2pIB2ZOV15hwlQxQF5reKcoUB8VpMTZr7we8uAEb&amp;SWEIPS=%400*0*0*0*0*3*0*&amp;SWEActiveView=CUT+Home+Page+View+%28CME%29&amp;SWEService=BT+Action</queryString>
  <java.net.URL>http://localhost:8080/ecommunications_enu_nsm_aps05524a027/start.swe</java.net.URL>
</httpSample>
<httpSample t="{{\d+}}" it="0" lt="{{\d+}}" ct="{{\d+}}" ts="{{\d+}}" s="true" lb="{{\d+}} /ecommunications_enu_nsm_aps05524a027/start.swe" rc="200" rm="OK" tn="Thread Group 1-1" dt="text" de="utf-8" by="876" sby="938" sc="1" ec="0" ng="1" na="1" hn="{{.*?}}">
  <responseHeader class="java.lang.String">HTTP/1.1 200 OK
Connection: close
Server: Oracle-iPlanet-Web-Server/7.0
Date: Tue, 23 Jun 2020 13:13:38 GMT
Content-Language: en
Cache-Control: no-cache
Swerpc: true
Content-Type: text/html;charset=utf-8
Connection: close
Matched-Stub-Id: {{\w+-\w+-\w+-\w+-\w+}}
Vary: Accept-Encoding, User-Agent
</responseHeader>
  <requestHeader class="java.lang.String">Connection: close
Content-Type: application/x-www-form-urlencoded
DNT: 1
Accept-Encoding: deflate
Pragma: no-cache
User-Agent: Mozilla/4.0 (compatible; MSIE 7.0; Windows NT 6.3; WOW64; Trident/7.0; .NET4.0E; .NET4.0C; .NET CLR 3.5.30729; .NET CLR 2.0.50727; .NET CLR 3.0.30729)
Accept: text/html, image/gif, image/jpeg, *; q=.2, */*; q=.2
Content-Length: 250
Host: localhost:8080
</requestHeader>
  <responseData class="java.lang.String">@0`1`4`2``0`UC`1`Status`OK`SWEC`146`SRN`xK7T2pIB2ZOV15hwlQxQF5reKcoUB8VpMTZr7we8uAEb`3`0`ResultSet`0`CommonErrorText``ErrorText``Success`TRUE`1`6`Command Manager`0`RefreshToolbar`true`7`0`StateToolBar`0`#35`true`#36`true`#17`true`#34`true`#8`false`#37`true`#38`true`0`1`StateExToolBar`0`1`0`#35`0`Checked`false`0`3`FlagsToolBar`0`3`0`#8`0`SWESP`true`SWEH`0`SWEW`0`3`0`#34`0`SWESP`true`SWEH`600`SWEW`800`3`0`#36`0`SWESP`true`SWEH`20`SWEW`380`3`0`State`0`#27`false`#26`false`#28`false`0`3`StateEx`0`0`0`#26`0`0`0`#27`0`1`0`#28`0`Checked`false`0`0`Flags`0`</responseData>
  <responseFile class="java.lang.String"></responseFile>
  <cookies class="java.lang.String">_sn=GXmoeGkdwh1O45lrH7mMIZnLMWvqHkVWiQKqDOICOq1fi95anXYMaCRAX879ujDRD9kS4J75N4kGDX576Q2AKmwZPUBih-4NS80Pc1189OxasEbdAsHiEtIhcnCzZ0zWb5V6QpVraL0TTGU4ktkGZq374g8C0pUBRhKVASKeW21TgUW5eIkswq97I-.qG-kr; _srn=_srn; SWEUAID=SWEUAID</cookies>
  <method class="java.lang.String">POST</method>
  <queryString class="java.lang.String">SWEC=145&amp;SWEMethod=PreLogoutCheck&amp;SWERPC=1&amp;SWEActiveApplet=Layout+Controls+Applet&amp;SWECmd=InvokeMethod&amp;SRN=xK7T2pIB2ZOV15hwlQxQF5reKcoUB8VpMTZr7we8uAEb&amp;SWEIPS=%400*0*0*0*0*3*0*&amp;SWEActiveView=CUT+Home+Page+View+%28CME%29&amp;SWEService=BT+Service+Assurance</queryString>
  <java.net.URL>http://localhost:8080/ecommunications_enu_nsm_aps05524a027/start.swe</java.net.URL>
</httpSample>
<httpSample t="{{\d+}}" it="0" lt="{{\d+}}" ct="{{\d+}}" ts="{{\d+}}" s="true" lb="{{\d+}} /ecommunications_enu_nsm_aps05524a027/start.swe" rc="200" rm="OK" tn="Thread Group 1-1" dt="text" de="utf-8" by="2309" sby="905" sc="1" ec="0" ng="1" na="1" hn="{{.*?}}">
  <responseHeader class="java.lang.String">HTTP/1.1 200 OK
Connection: close
Server: Oracle-iPlanet-Web-Server/7.0
Date: Tue, 23 Jun 2020 13:13:38 GMT
Content-Language: en
Cache-Control: no-cache, must-revalidate, max-age=0
Pragma: no-cache
Content-Type: text/html;charset=utf-8
Set-Cookie: _sn=&quot;&quot;; Version=1; Max-Age=0; Expires=Thu, 1 Jan 1970 01:00:00 GMT; Path=/ecommunications_enu_nsm_aps05524a027/; HTTPOnly
Matched-Stub-Id: {{\w+-\w+-\w+-\w+-\w+}}
Vary: Accept-Encoding, User-Agent
Content-Encoding: gzip
</responseHeader>
  <requestHeader class="java.lang.String">Connection: close
Referer: http://localhost:8080/ecommunications_enu_nsm_aps05524a027/start.swe?SWECmd=Login&amp;SWEPL=1&amp;SRN=xK7T2pIB2ZOV15hwlQxQF5reKcoUB8VpMTZr7we8uAEb&amp;SWETS={{\d+}}
Accept-Language: en-GB
DNT: 1
Accept-Encoding: gzip, deflate
Accept: image/jpeg, application/x-ms-application, image/gif, application/xaml+xml, image/pjpeg, application/x-ms-xbap, */*
User-Agent: Mozilla/4.0 (compatible; MSIE 7.0; Windows NT 6.3; WOW64; Trident/7.0; .NET4.0E; .NET4.0C; .NET CLR 3.5.30729; .NET CLR 2.0.50727; .NET CLR 3.0.30729)
Host: localhost:8080
</requestHeader>
  <responseData class="java.lang.String">&lt;html &gt;&lt;head&gt;&lt;title&gt;oneView Client&lt;/title&gt;&lt;link href=&quot;files/main.css&quot; rel=&quot;stylesheet&quot;&gt;&lt;script language=&quot;javascript&quot; src=&quot;23048/scripts/login.js&quot;&gt;&lt;/script&gt;

&lt;script language=&quot;javascript&quot; src=&quot;23048/scripts/swecommon_top.js&quot;&gt;&lt;/script&gt; 
&lt;script language=&quot;javascript&quot; src=&quot;23048/scripts/swecommon.js&quot;&gt;&lt;/script&gt; 
&lt;script language=&quot;javascript&quot; src=&quot;23048/scripts/swecmn_hi_top.js&quot;&gt;&lt;/script&gt; 
&lt;script language=&quot;javascript&quot; src=&quot;23048/scripts/swecmn_hi.js&quot;&gt;&lt;/script&gt; 
&lt;/head&gt;&lt;body class=&quot;loginBody&quot; leftmargin=&quot;0&quot; topmargin=&quot;118&quot; marginwidth=&quot;0&quot; marginheight=&quot;118&quot; onunload=&quot;pwdcleaner()&quot;&gt;&lt;script&gt;
if(typeof(top._swescript)!=&apos;undefined&apos;&amp;&amp;top._swescript!=null) top._swescript.InitFrame(this);&lt;/script&gt;
&lt;table class=&quot;loginImage&quot; border=&quot;0&quot; cellpadding=&quot;0&quot; cellspacing=&quot;0&quot; align=&quot;center&quot;&gt;&lt;TR&gt;&lt;td class=loginFirstRow&gt;&lt;table cellspacing=0 cellpadding=0 border=0&gt;&lt;tr&gt;&lt;TD height=62 width=500&gt;&amp;nbsp;&lt;/TD&gt;&lt;TD height=62 width=17&gt;&amp;nbsp;&lt;/TD&gt;&lt;/tr&gt;&lt;/table&gt;&lt;/td&gt;&lt;/TR&gt;&lt;tr&gt;&lt;td class=loginSecondRow&gt;&lt;table cellspacing=0 cellpadding=0 border=0&gt;&lt;tr&gt;&lt;td rowspan=2 width=26 height=199&gt;&amp;nbsp;&lt;/td&gt;&lt;td height=50 width=391&gt;&amp;nbsp;&lt;/td&gt;&lt;td rowspan=2&gt;&lt;IMG height=199 width=272 src=&quot;images/globe77_d.gif&quot;&gt;&lt;/TD&gt;&lt;/tr&gt;&lt;tr&gt;&lt;td class=loginAppTitle valign=top&gt;oneView Client&amp;nbsp;&lt;/td&gt;&lt;/tr&gt;&lt;/table&gt;&lt;/td&gt;&lt;/tr&gt;&lt;tr&gt;&lt;td class=loginThirdRow&gt;&lt;IMG src=&quot;images/spacer.gif&quot;&gt;&lt;/td&gt;&lt;/tr&gt;&lt;form name=&quot;SWEEntryForm&quot; method=&quot;post&quot; action=&quot;/ecommunications_enu_nsm_aps05524a027/start.swe&quot; target=&apos;_top&apos;&gt;
&lt;tr&gt;&lt;td class=loginFourthRow&gt;&lt;table cellspacing=0 cellpadding=0 border=0&gt;&lt;tr&gt;&lt;td width=26 rowspan=2&gt;&amp;nbsp;&lt;/td&gt;&lt;td width=200 height=95 valign=bottom&gt;&lt;div class=loginCopy&gt;Copyright Â© 1994-2012, Oracle Corporation and/or its affiliates.&lt;br&gt;&lt;br&gt;All rights reserved. Oracle is a registered trademark of Oracle Corporation and/or its affiliates. Other names may be trademarks of their respective owners.&lt;br&gt;&lt;/div&gt;&lt;/td&gt;&lt;td width=60 rowspan=2&gt;&amp;nbsp;&lt;/td&gt;&lt;td rowspan=2&gt;&lt;table width=403 cellspacing=4 cellpadding=0 border=0&gt;&lt;tr&gt;&lt;td class=loginLabel&gt;User ID:&lt;/td&gt;&lt;td class=loginField&gt;&lt;input type=&quot;text&quot; name=&apos;SWEUserName&apos; value=&apos;&apos; tabindex=1 size=10 maxlength=100 title=&quot;&quot;  id=&apos;s_swepi_1&apos;&gt;&lt;/td&gt;&lt;td width=12 rowspan=2&gt;&amp;nbsp;&lt;/td&gt;&lt;td valign=middle rowspan=2&gt;&lt;a href=&apos;JavaScript:void(0)&apos; onclick=&apos;SWEExecuteLogin(document.SWEEntryForm,&quot;/ecommunications_enu_nsm_aps05524a027/start.swe&quot;,&quot;&quot;); return false;&apos;  tabindex=4 id=&apos;s_swepi_22&apos;&gt;&lt;IMG SRC=&quot;images/login77_d.gif&quot; border=&quot;0&quot; alt=&quot;Login&quot;&gt;&lt;/a&gt;&lt;/TD&gt;&lt;td width=54 rowspan=2&gt;&amp;nbsp;&lt;/td&gt;&lt;/tr&gt;&lt;tr&gt;&lt;td class=loginLabel&gt;Password:&lt;/td&gt;&lt;td class=loginField&gt;&lt;input type=password name=&apos;SWEPassword&apos; autocomplete = &quot;off&quot; tabindex=2 size=10 maxlength=100 title=&quot;&quot;  id=&apos;s_swepi_2&apos;&gt;&lt;/TD&gt;&lt;/tr&gt;&lt;tr&gt;&lt;td width=158&gt;&amp;nbsp;&lt;/td&gt;&lt;td colspan=4 class=loginText&gt;&amp;nbsp;&lt;/TD&gt;&lt;/tr&gt;&lt;/table&gt;&lt;/td&gt;&lt;/tr&gt;&lt;tr&gt;&lt;td width=200 height=20&gt;&amp;nbsp;&lt;/td&gt;&lt;/tr&gt;&lt;/table&gt;&lt;/td&gt;&lt;/tr&gt;&lt;span id=&apos;s_0&apos;&gt;&lt;/span&gt;&lt;/form&gt;
&lt;/table&gt;&lt;script&gt;

SWEIsHighInteract = true; Top().SWEIsHighInteract = true;
var s_0 = new Array(&apos;SWEFo&apos;,&apos;SWENeedContext&apos;,&apos;SWENoHttpRedir&apos;,&apos;SWECmd&apos;,&apos;W&apos;,&apos;SWESPNR&apos;,&apos;SWESPNH&apos;,&apos;SWEH&apos;,&apos;SWEC&apos;,&apos;SWEW&apos;,&apos;SWEBID&apos;,&apos;SRN&apos;,&apos;SWETS&apos;,&apos;SWEWN&apos;);
if (typeof(top._samePage) != &apos;undefined&apos; &amp;&amp; top._samePage!=&quot;&quot;) top._samePage = &quot;&quot;;

g_bInitialized = true;

if(typeof(Top()._swe)!=&quot;undefined&quot;){Top()._swe._sweapp.S_App.ProcessRPCInfo(&quot;@0`1`4`2``0`UC`1`Status`Completed`SWEC`147`SRN`xK7T2pIB2ZOV15hwlQxQF5reKcoUB8VpMTZr7we8uAEb`3`0`hui`0`n`NSM Login Page`hnact`top._swescript.SWETargetGotoURL(&amp;quot;/ecommunications_enu_nsm_aps05524a027/start.swe?SWEPage=NSM+Login+Page&amp;amp;SWENeedContext=false&amp;amp;SWECmd=GotoPage&amp;amp;SWEC=147&amp;amp;SRN=xK7T2pIB2ZOV15hwlQxQF5reKcoUB8VpMTZr7we8uAEb&amp;quot;, &amp;quot;_sweview&amp;quot;\)`hisp`1`1`6`Command Manager`0`RefreshToolbar`true`7`0`StateToolBar`0`#35`true`#36`true`#17`true`#34`true`#8`false`#37`true`#38`true`0`1`StateExToolBar`0`1`0`#35`0`Checked`false`0`3`FlagsToolBar`0`3`0`#8`0`SWESP`true`SWEH`0`SWEW`0`3`0`#34`0`SWESP`true`SWEH`600`SWEW`800`3`0`#36`0`SWESP`true`SWEH`20`SWEW`380`3`0`State`0`#27`false`#26`false`#28`false`0`3`StateEx`0`0`0`#26`0`0`0`#27`0`1`0`#28`0`Checked`false`0`0`Flags`0`&quot;);}

document.SWEEntryForm.SWEPassword.onkeypress = SWESubmitOnEnter;
c_h(&quot;s_0&quot;,s_0,new Array(&apos;SWEEntryForm&apos;,&apos;false&apos;,&apos;false&apos;,&apos;ExecuteLogin&apos;,&apos;t&apos;,&apos;&apos;,&apos;&apos;,&apos;&apos;,&apos;147&apos;,&apos;&apos;,&apos;-1&apos;,&apos;xK7T2pIB2ZOV15hwlQxQF5reKcoUB8VpMTZr7we8uAEb&apos;,&apos;&apos;,&apos;&apos;));
&lt;/script&gt;
&lt;script for=window event=onunload&gt;
if (Top() != top) App().SetLayoutUnloaded(&quot;PopupSI&quot;, &quot;&quot;);

&lt;/script&gt;
&lt;script for=window event=onload&gt;
if (Top() != top) App().SetLayoutLoaded(&quot;PopupSI&quot;, &quot;&quot;, window);

&lt;/script&gt;
&lt;script language=&quot;JavaScript&quot;&gt;userfocus()&lt;/script&gt;&lt;/body&gt;&lt;/html&gt;</responseData>
  <responseFile class="java.lang.String"></responseFile>
  <cookies class="java.lang.String">_sn=GXmoeGkdwh1O45lrH7mMIZnLMWvqHkVWiQKqDOICOq1fi95anXYMaCRAX879ujDRD9kS4J75N4kGDX576Q2AKmwZPUBih-4NS80Pc1189OxasEbdAsHiEtIhcnCzZ0zWb5V6QpVraL0TTGU4ktkGZq374g8C0pUBRhKVASKeW21TgUW5eIkswq97I-.qG-kr; _srn=_srn; SWEUAID=SWEUAID</cookies>
  <method class="java.lang.String">GET</method>
  <queryString class="java.lang.String"></queryString>
  <java.net.URL>http://localhost:8080/ecommunications_enu_nsm_aps05524a027/start.swe?SWECmd=Logoff&amp;SWETS={{\d+}}&amp;SWEPreLd=1</java.net.URL>
</httpSample>

</testResults>
